<?xml version="1.0" encoding="UTF-8"?>
<testsuite xmlns:xsi="http://www.w3.org/2001/XMLSchema-instance" xsi:noNamespaceSchemaLocation="https://maven.apache.org/surefire/maven-surefire-plugin/xsd/surefire-test-report-3.0.xsd" version="3.0" name="UI_Automation_Project.login.TestLoginWithReusableRunner" time="21.002" tests="1" errors="0" skipped="0" failures="0">
  <properties>
    <property name="java.specification.version" value="17"/>
    <property name="sun.cpu.isalist" value="amd64"/>
    <property name="sun.jnu.encoding" value="Cp1252"/>
    <property name="java.class.path" value="C:\Users\HarshvardhanNigaveka\OneDrive - Academian India Private Limited\Desktop\GitHubActions\karateUI\UI_Automation_Project\target\test-classes;C:\Users\HarshvardhanNigaveka\OneDrive - Academian India Private Limited\Desktop\GitHubActions\karateUI\UI_Automation_Project\target\classes;C:\Users\HarshvardhanNigaveka\.m2\repository\com\intuit\karate\karate-junit5\1.4.1\karate-junit5-1.4.1.jar;C:\Users\HarshvardhanNigaveka\.m2\repository\com\intuit\karate\karate-core\1.4.1\karate-core-1.4.1.jar;C:\Users\HarshvardhanNigaveka\.m2\repository\org\graalvm\js\js-scriptengine\22.3.3\js-scriptengine-22.3.3.jar;C:\Users\HarshvardhanNigaveka\.m2\repository\org\graalvm\sdk\graal-sdk\22.3.3\graal-sdk-22.3.3.jar;C:\Users\HarshvardhanNigaveka\.m2\repository\org\graalvm\js\js\22.3.3\js-22.3.3.jar;C:\Users\HarshvardhanNigaveka\.m2\repository\org\graalvm\regex\regex\22.3.3\regex-22.3.3.jar;C:\Users\HarshvardhanNigaveka\.m2\repository\org\graalvm\truffle\truffle-api\22.3.3\truffle-api-22.3.3.jar;C:\Users\HarshvardhanNigaveka\.m2\repository\com\ibm\icu\icu4j\71.1\icu4j-71.1.jar;C:\Users\HarshvardhanNigaveka\.m2\repository\org\thymeleaf\thymeleaf\3.1.2.RELEASE\thymeleaf-3.1.2.RELEASE.jar;C:\Users\HarshvardhanNigaveka\.m2\repository\ognl\ognl\3.3.4\ognl-3.3.4.jar;C:\Users\HarshvardhanNigaveka\.m2\repository\org\javassist\javassist\3.29.0-GA\javassist-3.29.0-GA.jar;C:\Users\HarshvardhanNigaveka\.m2\repository\org\attoparser\attoparser\2.0.7.RELEASE\attoparser-2.0.7.RELEASE.jar;C:\Users\HarshvardhanNigaveka\.m2\repository\org\unbescape\unbescape\1.1.6.RELEASE\unbescape-1.1.6.RELEASE.jar;C:\Users\HarshvardhanNigaveka\.m2\repository\org\slf4j\slf4j-api\2.0.7\slf4j-api-2.0.7.jar;C:\Users\HarshvardhanNigaveka\.m2\repository\com\linecorp\armeria\armeria\1.25.2\armeria-1.25.2.jar;C:\Users\HarshvardhanNigaveka\.m2\repository\com\fasterxml\jackson\core\jackson-core\2.15.2\jackson-core-2.15.2.jar;C:\Users\HarshvardhanNigaveka\.m2\repository\com\fasterxml\jackson\core\jackson-annotations\2.15.2\jackson-annotations-2.15.2.jar;C:\Users\HarshvardhanNigaveka\.m2\repository\com\fasterxml\jackson\core\jackson-databind\2.15.2\jackson-databind-2.15.2.jar;C:\Users\HarshvardhanNigaveka\.m2\repository\com\fasterxml\jackson\datatype\jackson-datatype-jdk8\2.15.2\jackson-datatype-jdk8-2.15.2.jar;C:\Users\HarshvardhanNigaveka\.m2\repository\com\fasterxml\jackson\datatype\jackson-datatype-jsr310\2.15.2\jackson-datatype-jsr310-2.15.2.jar;C:\Users\HarshvardhanNigaveka\.m2\repository\io\micrometer\micrometer-core\1.11.3\micrometer-core-1.11.3.jar;C:\Users\HarshvardhanNigaveka\.m2\repository\io\micrometer\micrometer-commons\1.11.3\micrometer-commons-1.11.3.jar;C:\Users\HarshvardhanNigaveka\.m2\repository\io\micrometer\micrometer-observation\1.11.3\micrometer-observation-1.11.3.jar;C:\Users\HarshvardhanNigaveka\.m2\repository\org\hdrhistogram\HdrHistogram\2.1.12\HdrHistogram-2.1.12.jar;C:\Users\HarshvardhanNigaveka\.m2\repository\org\latencyutils\LatencyUtils\2.0.3\LatencyUtils-2.0.3.jar;C:\Users\HarshvardhanNigaveka\.m2\repository\io\netty\netty-transport\4.1.96.Final\netty-transport-4.1.96.Final.jar;C:\Users\HarshvardhanNigaveka\.m2\repository\io\netty\netty-common\4.1.96.Final\netty-common-4.1.96.Final.jar;C:\Users\HarshvardhanNigaveka\.m2\repository\io\netty\netty-buffer\4.1.96.Final\netty-buffer-4.1.96.Final.jar;C:\Users\HarshvardhanNigaveka\.m2\repository\io\netty\netty-resolver\4.1.96.Final\netty-resolver-4.1.96.Final.jar;C:\Users\HarshvardhanNigaveka\.m2\repository\io\netty\netty-codec-haproxy\4.1.96.Final\netty-codec-haproxy-4.1.96.Final.jar;C:\Users\HarshvardhanNigaveka\.m2\repository\io\netty\netty-codec\4.1.96.Final\netty-codec-4.1.96.Final.jar;C:\Users\HarshvardhanNigaveka\.m2\repository\io\netty\netty-codec-http2\4.1.96.Final\netty-codec-http2-4.1.96.Final.jar;C:\Users\HarshvardhanNigaveka\.m2\repository\io\netty\netty-handler\4.1.96.Final\netty-handler-4.1.96.Final.jar;C:\Users\HarshvardhanNigaveka\.m2\repository\io\netty\netty-codec-http\4.1.96.Final\netty-codec-http-4.1.96.Final.jar;C:\Users\HarshvardhanNigaveka\.m2\repository\io\netty\netty-resolver-dns\4.1.96.Final\netty-resolver-dns-4.1.96.Final.jar;C:\Users\HarshvardhanNigaveka\.m2\repository\io\netty\netty-codec-dns\4.1.96.Final\netty-codec-dns-4.1.96.Final.jar;C:\Users\HarshvardhanNigaveka\.m2\repository\org\reactivestreams\reactive-streams\1.0.4\reactive-streams-1.0.4.jar;C:\Users\HarshvardhanNigaveka\.m2\repository\com\google\code\findbugs\jsr305\3.0.2\jsr305-3.0.2.jar;C:\Users\HarshvardhanNigaveka\.m2\repository\io\netty\netty-handler-proxy\4.1.96.Final\netty-handler-proxy-4.1.96.Final.jar;C:\Users\HarshvardhanNigaveka\.m2\repository\io\netty\netty-codec-socks\4.1.96.Final\netty-codec-socks-4.1.96.Final.jar;C:\Users\HarshvardhanNigaveka\.m2\repository\io\netty\netty-transport-native-unix-common\4.1.96.Final\netty-transport-native-unix-common-4.1.96.Final-linux-x86_64.jar;C:\Users\HarshvardhanNigaveka\.m2\repository\io\netty\netty-transport-native-epoll\4.1.96.Final\netty-transport-native-epoll-4.1.96.Final-linux-x86_64.jar;C:\Users\HarshvardhanNigaveka\.m2\repository\io\netty\netty-transport-native-unix-common\4.1.96.Final\netty-transport-native-unix-common-4.1.96.Final.jar;C:\Users\HarshvardhanNigaveka\.m2\repository\io\netty\netty-transport-classes-epoll\4.1.96.Final\netty-transport-classes-epoll-4.1.96.Final.jar;C:\Users\HarshvardhanNigaveka\.m2\repository\io\netty\netty-transport-native-unix-common\4.1.96.Final\netty-transport-native-unix-common-4.1.96.Final-linux-aarch_64.jar;C:\Users\HarshvardhanNigaveka\.m2\repository\io\netty\netty-transport-native-epoll\4.1.96.Final\netty-transport-native-epoll-4.1.96.Final-linux-aarch_64.jar;C:\Users\HarshvardhanNigaveka\.m2\repository\io\netty\netty-transport-native-unix-common\4.1.96.Final\netty-transport-native-unix-common-4.1.96.Final-osx-x86_64.jar;C:\Users\HarshvardhanNigaveka\.m2\repository\io\netty\netty-transport-native-kqueue\4.1.96.Final\netty-transport-native-kqueue-4.1.96.Final-osx-x86_64.jar;C:\Users\HarshvardhanNigaveka\.m2\repository\io\netty\netty-transport-classes-kqueue\4.1.96.Final\netty-transport-classes-kqueue-4.1.96.Final.jar;C:\Users\HarshvardhanNigaveka\.m2\repository\io\netty\netty-resolver-dns-native-macos\4.1.96.Final\netty-resolver-dns-native-macos-4.1.96.Final-osx-x86_64.jar;C:\Users\HarshvardhanNigaveka\.m2\repository\io\netty\netty-resolver-dns-classes-macos\4.1.96.Final\netty-resolver-dns-classes-macos-4.1.96.Final.jar;C:\Users\HarshvardhanNigaveka\.m2\repository\io\netty\netty-transport-native-unix-common\4.1.96.Final\netty-transport-native-unix-common-4.1.96.Final-osx-aarch_64.jar;C:\Users\HarshvardhanNigaveka\.m2\repository\io\netty\netty-transport-native-kqueue\4.1.96.Final\netty-transport-native-kqueue-4.1.96.Final-osx-aarch_64.jar;C:\Users\HarshvardhanNigaveka\.m2\repository\io\netty\netty-resolver-dns-native-macos\4.1.96.Final\netty-resolver-dns-native-macos-4.1.96.Final-osx-aarch_64.jar;C:\Users\HarshvardhanNigaveka\.m2\repository\io\netty\netty-tcnative-boringssl-static\2.0.61.Final\netty-tcnative-boringssl-static-2.0.61.Final-linux-x86_64.jar;C:\Users\HarshvardhanNigaveka\.m2\repository\io\netty\netty-tcnative-classes\2.0.61.Final\netty-tcnative-classes-2.0.61.Final.jar;C:\Users\HarshvardhanNigaveka\.m2\repository\io\netty\netty-tcnative-boringssl-static\2.0.61.Final\netty-tcnative-boringssl-static-2.0.61.Final-linux-aarch_64.jar;C:\Users\HarshvardhanNigaveka\.m2\repository\io\netty\netty-tcnative-boringssl-static\2.0.61.Final\netty-tcnative-boringssl-static-2.0.61.Final-osx-x86_64.jar;C:\Users\HarshvardhanNigaveka\.m2\repository\io\netty\netty-tcnative-boringssl-static\2.0.61.Final\netty-tcnative-boringssl-static-2.0.61.Final-osx-aarch_64.jar;C:\Users\HarshvardhanNigaveka\.m2\repository\io\netty\netty-tcnative-boringssl-static\2.0.61.Final\netty-tcnative-boringssl-static-2.0.61.Final-windows-x86_64.jar;C:\Users\HarshvardhanNigaveka\.m2\repository\com\aayushatharva\brotli4j\brotli4j\1.12.0\brotli4j-1.12.0.jar;C:\Users\HarshvardhanNigaveka\.m2\repository\com\aayushatharva\brotli4j\service\1.12.0\service-1.12.0.jar;C:\Users\HarshvardhanNigaveka\.m2\repository\com\aayushatharva\brotli4j\native-windows-x86_64\1.12.0\native-windows-x86_64-1.12.0.jar;C:\Users\HarshvardhanNigaveka\.m2\repository\org\apache\httpcomponents\httpclient\4.5.14\httpclient-4.5.14.jar;C:\Users\HarshvardhanNigaveka\.m2\repository\org\apache\httpcomponents\httpcore\4.4.16\httpcore-4.4.16.jar;C:\Users\HarshvardhanNigaveka\.m2\repository\commons-codec\commons-codec\1.16.0\commons-codec-1.16.0.jar;C:\Users\HarshvardhanNigaveka\.m2\repository\ch\qos\logback\logback-classic\1.4.11\logback-classic-1.4.11.jar;C:\Users\HarshvardhanNigaveka\.m2\repository\ch\qos\logback\logback-core\1.4.11\logback-core-1.4.11.jar;C:\Users\HarshvardhanNigaveka\.m2\repository\org\slf4j\jcl-over-slf4j\2.0.9\jcl-over-slf4j-2.0.9.jar;C:\Users\HarshvardhanNigaveka\.m2\repository\org\antlr\antlr4-runtime\4.11.1\antlr4-runtime-4.11.1.jar;C:\Users\HarshvardhanNigaveka\.m2\repository\com\jayway\jsonpath\json-path\2.8.0\json-path-2.8.0.jar;C:\Users\HarshvardhanNigaveka\.m2\repository\net\minidev\json-smart\2.4.10\json-smart-2.4.10.jar;C:\Users\HarshvardhanNigaveka\.m2\repository\net\minidev\accessors-smart\2.4.9\accessors-smart-2.4.9.jar;C:\Users\HarshvardhanNigaveka\.m2\repository\org\ow2\asm\asm\9.3\asm-9.3.jar;C:\Users\HarshvardhanNigaveka\.m2\repository\org\yaml\snakeyaml\2.0\snakeyaml-2.0.jar;C:\Users\HarshvardhanNigaveka\.m2\repository\de\siegmar\fastcsv\2.2.1\fastcsv-2.2.1.jar;C:\Users\HarshvardhanNigaveka\.m2\repository\info\picocli\picocli\4.7.1\picocli-4.7.1.jar;C:\Users\HarshvardhanNigaveka\.m2\repository\io\github\classgraph\classgraph\4.8.160\classgraph-4.8.160.jar;C:\Users\HarshvardhanNigaveka\.m2\repository\io\github\t12y\resemble\1.0.2\resemble-1.0.2.jar;C:\Users\HarshvardhanNigaveka\.m2\repository\io\github\t12y\ssim\1.0.0\ssim-1.0.0.jar;C:\Users\HarshvardhanNigaveka\.m2\repository\org\junit\jupiter\junit-jupiter-api\5.9.3\junit-jupiter-api-5.9.3.jar;C:\Users\HarshvardhanNigaveka\.m2\repository\org\opentest4j\opentest4j\1.2.0\opentest4j-1.2.0.jar;C:\Users\HarshvardhanNigaveka\.m2\repository\org\junit\platform\junit-platform-commons\1.9.3\junit-platform-commons-1.9.3.jar;C:\Users\HarshvardhanNigaveka\.m2\repository\org\apiguardian\apiguardian-api\1.1.2\apiguardian-api-1.1.2.jar;C:\Users\HarshvardhanNigaveka\.m2\repository\org\junit\jupiter\junit-jupiter-engine\5.9.3\junit-jupiter-engine-5.9.3.jar;C:\Users\HarshvardhanNigaveka\.m2\repository\org\junit\platform\junit-platform-engine\1.9.3\junit-platform-engine-1.9.3.jar;"/>
    <property name="java.vm.vendor" value="Oracle Corporation"/>
    <property name="sun.arch.data.model" value="64"/>
    <property name="user.variant" value=""/>
    <property name="java.vendor.url" value="https://java.oracle.com/"/>
    <property name="user.timezone" value="Asia/Calcutta"/>
    <property name="os.name" value="Windows 11"/>
    <property name="java.vm.specification.version" value="17"/>
    <property name="sun.java.launcher" value="SUN_STANDARD"/>
    <property name="user.country" value="IN"/>
    <property name="sun.boot.library.path" value="C:\Program Files\Java\jdk-17\bin"/>
    <property name="sun.java.command" value="C:\Users\HarshvardhanNigaveka\AppData\Local\Temp\surefire4060006427493766877\surefirebooter-20240619125032154_3.jar C:\Users\HarshvardhanNigaveka\AppData\Local\Temp\surefire4060006427493766877 2024-06-19T12-50-31_975-jvmRun1 surefire-20240619125032154_1tmp surefire_0-20240619125032154_2tmp"/>
    <property name="jdk.debug" value="release"/>
    <property name="surefire.test.class.path" value="C:\Users\HarshvardhanNigaveka\OneDrive - Academian India Private Limited\Desktop\GitHubActions\karateUI\UI_Automation_Project\target\test-classes;C:\Users\HarshvardhanNigaveka\OneDrive - Academian India Private Limited\Desktop\GitHubActions\karateUI\UI_Automation_Project\target\classes;C:\Users\HarshvardhanNigaveka\.m2\repository\com\intuit\karate\karate-junit5\1.4.1\karate-junit5-1.4.1.jar;C:\Users\HarshvardhanNigaveka\.m2\repository\com\intuit\karate\karate-core\1.4.1\karate-core-1.4.1.jar;C:\Users\HarshvardhanNigaveka\.m2\repository\org\graalvm\js\js-scriptengine\22.3.3\js-scriptengine-22.3.3.jar;C:\Users\HarshvardhanNigaveka\.m2\repository\org\graalvm\sdk\graal-sdk\22.3.3\graal-sdk-22.3.3.jar;C:\Users\HarshvardhanNigaveka\.m2\repository\org\graalvm\js\js\22.3.3\js-22.3.3.jar;C:\Users\HarshvardhanNigaveka\.m2\repository\org\graalvm\regex\regex\22.3.3\regex-22.3.3.jar;C:\Users\HarshvardhanNigaveka\.m2\repository\org\graalvm\truffle\truffle-api\22.3.3\truffle-api-22.3.3.jar;C:\Users\HarshvardhanNigaveka\.m2\repository\com\ibm\icu\icu4j\71.1\icu4j-71.1.jar;C:\Users\HarshvardhanNigaveka\.m2\repository\org\thymeleaf\thymeleaf\3.1.2.RELEASE\thymeleaf-3.1.2.RELEASE.jar;C:\Users\HarshvardhanNigaveka\.m2\repository\ognl\ognl\3.3.4\ognl-3.3.4.jar;C:\Users\HarshvardhanNigaveka\.m2\repository\org\javassist\javassist\3.29.0-GA\javassist-3.29.0-GA.jar;C:\Users\HarshvardhanNigaveka\.m2\repository\org\attoparser\attoparser\2.0.7.RELEASE\attoparser-2.0.7.RELEASE.jar;C:\Users\HarshvardhanNigaveka\.m2\repository\org\unbescape\unbescape\1.1.6.RELEASE\unbescape-1.1.6.RELEASE.jar;C:\Users\HarshvardhanNigaveka\.m2\repository\org\slf4j\slf4j-api\2.0.7\slf4j-api-2.0.7.jar;C:\Users\HarshvardhanNigaveka\.m2\repository\com\linecorp\armeria\armeria\1.25.2\armeria-1.25.2.jar;C:\Users\HarshvardhanNigaveka\.m2\repository\com\fasterxml\jackson\core\jackson-core\2.15.2\jackson-core-2.15.2.jar;C:\Users\HarshvardhanNigaveka\.m2\repository\com\fasterxml\jackson\core\jackson-annotations\2.15.2\jackson-annotations-2.15.2.jar;C:\Users\HarshvardhanNigaveka\.m2\repository\com\fasterxml\jackson\core\jackson-databind\2.15.2\jackson-databind-2.15.2.jar;C:\Users\HarshvardhanNigaveka\.m2\repository\com\fasterxml\jackson\datatype\jackson-datatype-jdk8\2.15.2\jackson-datatype-jdk8-2.15.2.jar;C:\Users\HarshvardhanNigaveka\.m2\repository\com\fasterxml\jackson\datatype\jackson-datatype-jsr310\2.15.2\jackson-datatype-jsr310-2.15.2.jar;C:\Users\HarshvardhanNigaveka\.m2\repository\io\micrometer\micrometer-core\1.11.3\micrometer-core-1.11.3.jar;C:\Users\HarshvardhanNigaveka\.m2\repository\io\micrometer\micrometer-commons\1.11.3\micrometer-commons-1.11.3.jar;C:\Users\HarshvardhanNigaveka\.m2\repository\io\micrometer\micrometer-observation\1.11.3\micrometer-observation-1.11.3.jar;C:\Users\HarshvardhanNigaveka\.m2\repository\org\hdrhistogram\HdrHistogram\2.1.12\HdrHistogram-2.1.12.jar;C:\Users\HarshvardhanNigaveka\.m2\repository\org\latencyutils\LatencyUtils\2.0.3\LatencyUtils-2.0.3.jar;C:\Users\HarshvardhanNigaveka\.m2\repository\io\netty\netty-transport\4.1.96.Final\netty-transport-4.1.96.Final.jar;C:\Users\HarshvardhanNigaveka\.m2\repository\io\netty\netty-common\4.1.96.Final\netty-common-4.1.96.Final.jar;C:\Users\HarshvardhanNigaveka\.m2\repository\io\netty\netty-buffer\4.1.96.Final\netty-buffer-4.1.96.Final.jar;C:\Users\HarshvardhanNigaveka\.m2\repository\io\netty\netty-resolver\4.1.96.Final\netty-resolver-4.1.96.Final.jar;C:\Users\HarshvardhanNigaveka\.m2\repository\io\netty\netty-codec-haproxy\4.1.96.Final\netty-codec-haproxy-4.1.96.Final.jar;C:\Users\HarshvardhanNigaveka\.m2\repository\io\netty\netty-codec\4.1.96.Final\netty-codec-4.1.96.Final.jar;C:\Users\HarshvardhanNigaveka\.m2\repository\io\netty\netty-codec-http2\4.1.96.Final\netty-codec-http2-4.1.96.Final.jar;C:\Users\HarshvardhanNigaveka\.m2\repository\io\netty\netty-handler\4.1.96.Final\netty-handler-4.1.96.Final.jar;C:\Users\HarshvardhanNigaveka\.m2\repository\io\netty\netty-codec-http\4.1.96.Final\netty-codec-http-4.1.96.Final.jar;C:\Users\HarshvardhanNigaveka\.m2\repository\io\netty\netty-resolver-dns\4.1.96.Final\netty-resolver-dns-4.1.96.Final.jar;C:\Users\HarshvardhanNigaveka\.m2\repository\io\netty\netty-codec-dns\4.1.96.Final\netty-codec-dns-4.1.96.Final.jar;C:\Users\HarshvardhanNigaveka\.m2\repository\org\reactivestreams\reactive-streams\1.0.4\reactive-streams-1.0.4.jar;C:\Users\HarshvardhanNigaveka\.m2\repository\com\google\code\findbugs\jsr305\3.0.2\jsr305-3.0.2.jar;C:\Users\HarshvardhanNigaveka\.m2\repository\io\netty\netty-handler-proxy\4.1.96.Final\netty-handler-proxy-4.1.96.Final.jar;C:\Users\HarshvardhanNigaveka\.m2\repository\io\netty\netty-codec-socks\4.1.96.Final\netty-codec-socks-4.1.96.Final.jar;C:\Users\HarshvardhanNigaveka\.m2\repository\io\netty\netty-transport-native-unix-common\4.1.96.Final\netty-transport-native-unix-common-4.1.96.Final-linux-x86_64.jar;C:\Users\HarshvardhanNigaveka\.m2\repository\io\netty\netty-transport-native-epoll\4.1.96.Final\netty-transport-native-epoll-4.1.96.Final-linux-x86_64.jar;C:\Users\HarshvardhanNigaveka\.m2\repository\io\netty\netty-transport-native-unix-common\4.1.96.Final\netty-transport-native-unix-common-4.1.96.Final.jar;C:\Users\HarshvardhanNigaveka\.m2\repository\io\netty\netty-transport-classes-epoll\4.1.96.Final\netty-transport-classes-epoll-4.1.96.Final.jar;C:\Users\HarshvardhanNigaveka\.m2\repository\io\netty\netty-transport-native-unix-common\4.1.96.Final\netty-transport-native-unix-common-4.1.96.Final-linux-aarch_64.jar;C:\Users\HarshvardhanNigaveka\.m2\repository\io\netty\netty-transport-native-epoll\4.1.96.Final\netty-transport-native-epoll-4.1.96.Final-linux-aarch_64.jar;C:\Users\HarshvardhanNigaveka\.m2\repository\io\netty\netty-transport-native-unix-common\4.1.96.Final\netty-transport-native-unix-common-4.1.96.Final-osx-x86_64.jar;C:\Users\HarshvardhanNigaveka\.m2\repository\io\netty\netty-transport-native-kqueue\4.1.96.Final\netty-transport-native-kqueue-4.1.96.Final-osx-x86_64.jar;C:\Users\HarshvardhanNigaveka\.m2\repository\io\netty\netty-transport-classes-kqueue\4.1.96.Final\netty-transport-classes-kqueue-4.1.96.Final.jar;C:\Users\HarshvardhanNigaveka\.m2\repository\io\netty\netty-resolver-dns-native-macos\4.1.96.Final\netty-resolver-dns-native-macos-4.1.96.Final-osx-x86_64.jar;C:\Users\HarshvardhanNigaveka\.m2\repository\io\netty\netty-resolver-dns-classes-macos\4.1.96.Final\netty-resolver-dns-classes-macos-4.1.96.Final.jar;C:\Users\HarshvardhanNigaveka\.m2\repository\io\netty\netty-transport-native-unix-common\4.1.96.Final\netty-transport-native-unix-common-4.1.96.Final-osx-aarch_64.jar;C:\Users\HarshvardhanNigaveka\.m2\repository\io\netty\netty-transport-native-kqueue\4.1.96.Final\netty-transport-native-kqueue-4.1.96.Final-osx-aarch_64.jar;C:\Users\HarshvardhanNigaveka\.m2\repository\io\netty\netty-resolver-dns-native-macos\4.1.96.Final\netty-resolver-dns-native-macos-4.1.96.Final-osx-aarch_64.jar;C:\Users\HarshvardhanNigaveka\.m2\repository\io\netty\netty-tcnative-boringssl-static\2.0.61.Final\netty-tcnative-boringssl-static-2.0.61.Final-linux-x86_64.jar;C:\Users\HarshvardhanNigaveka\.m2\repository\io\netty\netty-tcnative-classes\2.0.61.Final\netty-tcnative-classes-2.0.61.Final.jar;C:\Users\HarshvardhanNigaveka\.m2\repository\io\netty\netty-tcnative-boringssl-static\2.0.61.Final\netty-tcnative-boringssl-static-2.0.61.Final-linux-aarch_64.jar;C:\Users\HarshvardhanNigaveka\.m2\repository\io\netty\netty-tcnative-boringssl-static\2.0.61.Final\netty-tcnative-boringssl-static-2.0.61.Final-osx-x86_64.jar;C:\Users\HarshvardhanNigaveka\.m2\repository\io\netty\netty-tcnative-boringssl-static\2.0.61.Final\netty-tcnative-boringssl-static-2.0.61.Final-osx-aarch_64.jar;C:\Users\HarshvardhanNigaveka\.m2\repository\io\netty\netty-tcnative-boringssl-static\2.0.61.Final\netty-tcnative-boringssl-static-2.0.61.Final-windows-x86_64.jar;C:\Users\HarshvardhanNigaveka\.m2\repository\com\aayushatharva\brotli4j\brotli4j\1.12.0\brotli4j-1.12.0.jar;C:\Users\HarshvardhanNigaveka\.m2\repository\com\aayushatharva\brotli4j\service\1.12.0\service-1.12.0.jar;C:\Users\HarshvardhanNigaveka\.m2\repository\com\aayushatharva\brotli4j\native-windows-x86_64\1.12.0\native-windows-x86_64-1.12.0.jar;C:\Users\HarshvardhanNigaveka\.m2\repository\org\apache\httpcomponents\httpclient\4.5.14\httpclient-4.5.14.jar;C:\Users\HarshvardhanNigaveka\.m2\repository\org\apache\httpcomponents\httpcore\4.4.16\httpcore-4.4.16.jar;C:\Users\HarshvardhanNigaveka\.m2\repository\commons-codec\commons-codec\1.16.0\commons-codec-1.16.0.jar;C:\Users\HarshvardhanNigaveka\.m2\repository\ch\qos\logback\logback-classic\1.4.11\logback-classic-1.4.11.jar;C:\Users\HarshvardhanNigaveka\.m2\repository\ch\qos\logback\logback-core\1.4.11\logback-core-1.4.11.jar;C:\Users\HarshvardhanNigaveka\.m2\repository\org\slf4j\jcl-over-slf4j\2.0.9\jcl-over-slf4j-2.0.9.jar;C:\Users\HarshvardhanNigaveka\.m2\repository\org\antlr\antlr4-runtime\4.11.1\antlr4-runtime-4.11.1.jar;C:\Users\HarshvardhanNigaveka\.m2\repository\com\jayway\jsonpath\json-path\2.8.0\json-path-2.8.0.jar;C:\Users\HarshvardhanNigaveka\.m2\repository\net\minidev\json-smart\2.4.10\json-smart-2.4.10.jar;C:\Users\HarshvardhanNigaveka\.m2\repository\net\minidev\accessors-smart\2.4.9\accessors-smart-2.4.9.jar;C:\Users\HarshvardhanNigaveka\.m2\repository\org\ow2\asm\asm\9.3\asm-9.3.jar;C:\Users\HarshvardhanNigaveka\.m2\repository\org\yaml\snakeyaml\2.0\snakeyaml-2.0.jar;C:\Users\HarshvardhanNigaveka\.m2\repository\de\siegmar\fastcsv\2.2.1\fastcsv-2.2.1.jar;C:\Users\HarshvardhanNigaveka\.m2\repository\info\picocli\picocli\4.7.1\picocli-4.7.1.jar;C:\Users\HarshvardhanNigaveka\.m2\repository\io\github\classgraph\classgraph\4.8.160\classgraph-4.8.160.jar;C:\Users\HarshvardhanNigaveka\.m2\repository\io\github\t12y\resemble\1.0.2\resemble-1.0.2.jar;C:\Users\HarshvardhanNigaveka\.m2\repository\io\github\t12y\ssim\1.0.0\ssim-1.0.0.jar;C:\Users\HarshvardhanNigaveka\.m2\repository\org\junit\jupiter\junit-jupiter-api\5.9.3\junit-jupiter-api-5.9.3.jar;C:\Users\HarshvardhanNigaveka\.m2\repository\org\opentest4j\opentest4j\1.2.0\opentest4j-1.2.0.jar;C:\Users\HarshvardhanNigaveka\.m2\repository\org\junit\platform\junit-platform-commons\1.9.3\junit-platform-commons-1.9.3.jar;C:\Users\HarshvardhanNigaveka\.m2\repository\org\apiguardian\apiguardian-api\1.1.2\apiguardian-api-1.1.2.jar;C:\Users\HarshvardhanNigaveka\.m2\repository\org\junit\jupiter\junit-jupiter-engine\5.9.3\junit-jupiter-engine-5.9.3.jar;C:\Users\HarshvardhanNigaveka\.m2\repository\org\junit\platform\junit-platform-engine\1.9.3\junit-platform-engine-1.9.3.jar;"/>
    <property name="sun.cpu.endian" value="little"/>
    <property name="user.home" value="C:\Users\HarshvardhanNigaveka"/>
    <property name="user.language" value="en"/>
    <property name="java.specification.vendor" value="Oracle Corporation"/>
    <property name="java.version.date" value="2024-04-16"/>
    <property name="java.home" value="C:\Program Files\Java\jdk-17"/>
    <property name="file.separator" value="\"/>
    <property name="basedir" value="C:\Users\HarshvardhanNigaveka\OneDrive - Academian India Private Limited\Desktop\GitHubActions\karateUI\UI_Automation_Project"/>
    <property name="java.vm.compressedOopsMode" value="Zero based"/>
    <property name="line.separator" value="&#10;"/>
    <property name="java.vm.specification.vendor" value="Oracle Corporation"/>
    <property name="java.specification.name" value="Java Platform API Specification"/>
    <property name="surefire.real.class.path" value="C:\Users\HarshvardhanNigaveka\AppData\Local\Temp\surefire4060006427493766877\surefirebooter-20240619125032154_3.jar"/>
    <property name="user.script" value=""/>
    <property name="sun.management.compiler" value="HotSpot 64-Bit Tiered Compilers"/>
    <property name="java.runtime.version" value="17.0.11+7-LTS-207"/>
    <property name="user.name" value="HarshvardhanNigaveka"/>
    <property name="path.separator" value=";"/>
    <property name="os.version" value="10.0"/>
    <property name="java.runtime.name" value="Java(TM) SE Runtime Environment"/>
    <property name="file.encoding" value="Cp1252"/>
    <property name="java.vm.name" value="Java HotSpot(TM) 64-Bit Server VM"/>
    <property name="localRepository" value="C:\Users\HarshvardhanNigaveka\.m2\repository"/>
    <property name="java.vendor.url.bug" value="https://bugreport.java.com/bugreport/"/>
    <property name="java.io.tmpdir" value="C:\Users\HARSHV~1\AppData\Local\Temp\"/>
    <property name="java.version" value="17.0.11"/>
    <property name="user.dir" value="C:\Users\HarshvardhanNigaveka\OneDrive - Academian India Private Limited\Desktop\GitHubActions\karateUI\UI_Automation_Project"/>
    <property name="os.arch" value="amd64"/>
    <property name="java.vm.specification.name" value="Java Virtual Machine Specification"/>
    <property name="sun.os.patch.level" value=""/>
    <property name="native.encoding" value="Cp1252"/>
    <property name="java.library.path" value="C:\Program Files\Java\jdk-17\bin;C:\Windows\Sun\Java\bin;C:\Windows\system32;C:\Windows;C:\Program Files\Common Files\Oracle\Java\javapath;C:\Windows\system32;C:\Windows;C:\Windows\System32\Wbem;C:\Windows\System32\WindowsPowerShell\v1.0\;C:\Windows\System32\OpenSSH\;C:\Program Files\Java\jdk-17\bin;C:\apache-maven-3.9.7-bin\apache-maven-3.9.7\bin;C:\Users\HarshvardhanNigaveka\eclipse\java-2024-03\eclipse;C:\Users\HarshvardhanNigaveka\AppData\Local\Microsoft\WindowsApps;C:\Users\HarshvardhanNigaveka\AppData\Local\Programs\Git\cmd;C:\Users\HarshvardhanNigaveka\AppData\Local\Programs\Microsoft VS Code\bin;."/>
    <property name="java.vm.info" value="mixed mode, sharing"/>
    <property name="java.vendor" value="Oracle Corporation"/>
    <property name="java.vm.version" value="17.0.11+7-LTS-207"/>
    <property name="sun.io.unicode.encoding" value="UnicodeLittle"/>
    <property name="java.class.version" value="61.0"/>
  </properties>
  <testcase name="[1:8] Add products to cart" classname="UI_Automation_Project/login/loginUsingReusable" time="20.992">
    <system-out><![CDATA[12:54:23.974 [main] DEBUG com.intuit.karate.Suite -- [config] classpath:karate-config.js
12:54:23.986 [main] INFO com.intuit.karate -- karate.env system property was: null 
12:54:23.987 [main] INFO com.intuit.karate -- the browser set is: chromedriver, default: "chrome" 
12:54:23.991 [main] DEBUG com.jayway.jsonpath.internal.path.CompiledPath -- Evaluating path: $
12:54:23.994 [main] DEBUG com.jayway.jsonpath.internal.path.CompiledPath -- Evaluating path: $
12:54:23.994 [main] DEBUG com.jayway.jsonpath.internal.path.CompiledPath -- Evaluating path: $
12:54:23.996 [main] DEBUG com.intuit.karate.shell.Command -- found / verified free local port: 54317
12:54:23.996 [main] WARN com.intuit.karate.driver.DriverOptions -- preferred port 9222 not available, will use: 54317
12:54:23.997 [chrome_1718781863995] DEBUG com.intuit.karate.driver.chrome_1718781863995 -- command: [C:\Program Files\Google\Chrome\Application\chrome.exe, --remote-debugging-port=54317, --remote-allow-origins=*, --no-first-run, --user-data-dir=C:\Users\HarshvardhanNigaveka\OneDrive - Academian India Private Limited\Desktop\GitHubActions\karateUI\UI_Automation_Project\target\chrome_1718781863995, --disable-popup-blocking, --incognito], working dir: target\chrome_1718781863995
12:54:23.998 [main] DEBUG com.intuit.karate.driver.chrome_1718781863995 -- poll attempt #0 for port to be ready - localhost:54317
12:54:24.253 [main] DEBUG com.intuit.karate.driver.chrome_1718781863995 -- poll attempt #1 for port to be ready - localhost:54317
12:54:24.308 [chrome_1718781863995-out] DEBUG com.intuit.karate.driver.chrome_1718781863995 -- 
12:54:24.308 [chrome_1718781863995-out] DEBUG com.intuit.karate.driver.chrome_1718781863995 -- DevTools listening on ws://127.0.0.1:54317/devtools/browser/b6f863bf-2e1c-4f71-9c7f-237ce3a675a6
12:54:24.519 [main] DEBUG com.intuit.karate.driver.chrome_1718781863995 -- poll attempt #2 for port to be ready - localhost:54317
12:54:24.550 [main] DEBUG org.apache.http.client.protocol.RequestAddCookies -- CookieSpec selected: karate
12:54:24.550 [main] DEBUG org.apache.http.client.protocol.RequestAuthCache -- Auth cache not set in the context
12:54:24.550 [main] DEBUG com.intuit.karate -- request:
1 > GET http://localhost:54317/json
1 > Host: localhost:54317
1 > Connection: Keep-Alive
1 > User-Agent: Apache-HttpClient/4.5.14 (Java/17.0.11)
1 > Accept-Encoding: gzip,deflate


12:54:24.550 [main] DEBUG org.apache.http.impl.conn.PoolingHttpClientConnectionManager -- Connection request: [route: {}->http://localhost:54317][total available: 0; route allocated: 0 of 5; total allocated: 0 of 10]
12:54:24.551 [main] DEBUG org.apache.http.impl.conn.PoolingHttpClientConnectionManager -- Connection leased: [id: 26][route: {}->http://localhost:54317][total available: 0; route allocated: 1 of 5; total allocated: 1 of 10]
12:54:24.551 [main] DEBUG org.apache.http.impl.execchain.MainClientExec -- Opening connection {}->http://localhost:54317
12:54:24.551 [main] DEBUG org.apache.http.impl.conn.DefaultHttpClientConnectionOperator -- Connecting to localhost/127.0.0.1:54317
12:54:24.552 [main] DEBUG org.apache.http.impl.conn.DefaultHttpClientConnectionOperator -- Connection established 127.0.0.1:54321<->127.0.0.1:54317
12:54:24.552 [main] DEBUG org.apache.http.impl.conn.DefaultManagedHttpClientConnection -- http-outgoing-26: set socket timeout to 30000
12:54:24.552 [main] DEBUG org.apache.http.impl.execchain.MainClientExec -- Executing request GET /json HTTP/1.1
12:54:24.552 [main] DEBUG org.apache.http.impl.execchain.MainClientExec -- Target auth state: UNCHALLENGED
12:54:24.552 [main] DEBUG org.apache.http.impl.execchain.MainClientExec -- Proxy auth state: UNCHALLENGED
12:54:24.552 [main] DEBUG org.apache.http.headers -- http-outgoing-26 >> GET /json HTTP/1.1
12:54:24.552 [main] DEBUG org.apache.http.headers -- http-outgoing-26 >> Host: localhost:54317
12:54:24.552 [main] DEBUG org.apache.http.headers -- http-outgoing-26 >> Connection: Keep-Alive
12:54:24.552 [main] DEBUG org.apache.http.headers -- http-outgoing-26 >> User-Agent: Apache-HttpClient/4.5.14 (Java/17.0.11)
12:54:24.552 [main] DEBUG org.apache.http.headers -- http-outgoing-26 >> Accept-Encoding: gzip,deflate
12:54:24.553 [main] DEBUG org.apache.http.wire -- http-outgoing-26 >> "GET /json HTTP/1.1[\r][\n]"
12:54:24.553 [main] DEBUG org.apache.http.wire -- http-outgoing-26 >> "Host: localhost:54317[\r][\n]"
12:54:24.553 [main] DEBUG org.apache.http.wire -- http-outgoing-26 >> "Connection: Keep-Alive[\r][\n]"
12:54:24.553 [main] DEBUG org.apache.http.wire -- http-outgoing-26 >> "User-Agent: Apache-HttpClient/4.5.14 (Java/17.0.11)[\r][\n]"
12:54:24.553 [main] DEBUG org.apache.http.wire -- http-outgoing-26 >> "Accept-Encoding: gzip,deflate[\r][\n]"
12:54:24.553 [main] DEBUG org.apache.http.wire -- http-outgoing-26 >> "[\r][\n]"
12:54:24.553 [main] DEBUG org.apache.http.wire -- http-outgoing-26 << "HTTP/1.1 200 OK[\r][\n]"
12:54:24.553 [main] DEBUG org.apache.http.wire -- http-outgoing-26 << "Content-Security-Policy:frame-ancestors 'none'[\r][\n]"
12:54:24.553 [main] DEBUG org.apache.http.wire -- http-outgoing-26 << "Content-Length:1722[\r][\n]"
12:54:24.553 [main] DEBUG org.apache.http.wire -- http-outgoing-26 << "Content-Type:application/json; charset=UTF-8[\r][\n]"
12:54:24.553 [main] DEBUG org.apache.http.wire -- http-outgoing-26 << "[\r][\n]"
12:54:24.553 [main] DEBUG org.apache.http.wire -- http-outgoing-26 << "[ {[\r][\n]"
12:54:24.553 [main] DEBUG org.apache.http.wire -- http-outgoing-26 << "   "description": "",[\r][\n]"
12:54:24.553 [main] DEBUG org.apache.http.wire -- http-outgoing-26 << "   "devtoolsFrontendUrl": "/devtools/inspector.html?ws=localhost:54317/devtools/page/4DCA7F0173ABA26C94D7D5A187156FA3",[\r][\n]"
12:54:24.553 [main] DEBUG org.apache.http.wire -- http-outgoing-26 << "   "id": "4DCA7F0173ABA26C94D7D5A187156FA3",[\r][\n]"
12:54:24.553 [main] DEBUG org.apache.http.wire -- http-outgoing-26 << "   "title": "Google Network Speech",[\r][\n]"
12:54:24.553 [main] DEBUG org.apache.http.wire -- http-outgoing-26 << "   "type": "background_page",[\r][\n]"
12:54:24.553 [main] DEBUG org.apache.http.wire -- http-outgoing-26 << "   "url": "chrome-extension://neajdppkdcdipfabeoofebfddakdcjhd/_generated_background_page.html",[\r][\n]"
12:54:24.553 [main] DEBUG org.apache.http.wire -- http-outgoing-26 << "   "webSocketDebuggerUrl": "ws://localhost:54317/devtools/page/4DCA7F0173ABA26C94D7D5A187156FA3"[\r][\n]"
12:54:24.553 [main] DEBUG org.apache.http.wire -- http-outgoing-26 << "}, {[\r][\n]"
12:54:24.553 [main] DEBUG org.apache.http.wire -- http-outgoing-26 << "   "description": "",[\r][\n]"
12:54:24.553 [main] DEBUG org.apache.http.wire -- http-outgoing-26 << "   "devtoolsFrontendUrl": "/devtools/inspector.html?ws=localhost:54317/devtools/page/B67E678C33A1A804E348B101EEFEEDAA",[\r][\n]"
12:54:24.554 [main] DEBUG org.apache.http.wire -- http-outgoing-26 << "   "id": "B67E678C33A1A804E348B101EEFEEDAA",[\r][\n]"
12:54:24.554 [main] DEBUG org.apache.http.wire -- http-outgoing-26 << "   "title": "Google Hangouts",[\r][\n]"
12:54:24.554 [main] DEBUG org.apache.http.wire -- http-outgoing-26 << "   "type": "background_page",[\r][\n]"
12:54:24.554 [main] DEBUG org.apache.http.wire -- http-outgoing-26 << "   "url": "chrome-extension://nkeimhogjdpnpccoofpliimaahmaaome/background.html",[\r][\n]"
12:54:24.554 [main] DEBUG org.apache.http.wire -- http-outgoing-26 << "   "webSocketDebuggerUrl": "ws://localhost:54317/devtools/page/B67E678C33A1A804E348B101EEFEEDAA"[\r][\n]"
12:54:24.554 [main] DEBUG org.apache.http.wire -- http-outgoing-26 << "}, {[\r][\n]"
12:54:24.554 [main] DEBUG org.apache.http.wire -- http-outgoing-26 << "   "description": "",[\r][\n]"
12:54:24.554 [main] DEBUG org.apache.http.wire -- http-outgoing-26 << "   "devtoolsFrontendUrl": "/devtools/inspector.html?ws=localhost:54317/devtools/page/2EC591EDAAFBA4321671A7C38A40E1EF",[\r][\n]"
12:54:24.554 [main] DEBUG org.apache.http.wire -- http-outgoing-26 << "   "id": "2EC591EDAAFBA4321671A7C38A40E1EF",[\r][\n]"
12:54:24.554 [main] DEBUG org.apache.http.wire -- http-outgoing-26 << "   "title": "Google Hangouts",[\r][\n]"
12:54:24.554 [main] DEBUG org.apache.http.wire -- http-outgoing-26 << "   "type": "background_page",[\r][\n]"
12:54:24.554 [main] DEBUG org.apache.http.wire -- http-outgoing-26 << "   "url": "chrome-extension://nkeimhogjdpnpccoofpliimaahmaaome/background.html",[\r][\n]"
12:54:24.554 [main] DEBUG org.apache.http.wire -- http-outgoing-26 << "   "webSocketDebuggerUrl": "ws://localhost:54317/devtools/page/2EC591EDAAFBA4321671A7C38A40E1EF"[\r][\n]"
12:54:24.554 [main] DEBUG org.apache.http.wire -- http-outgoing-26 << "}, {[\r][\n]"
12:54:24.554 [main] DEBUG org.apache.http.wire -- http-outgoing-26 << "   "description": "",[\r][\n]"
12:54:24.554 [main] DEBUG org.apache.http.wire -- http-outgoing-26 << "   "devtoolsFrontendUrl": "/devtools/inspector.html?ws=localhost:54317/devtools/page/1F8E725DE33A7811B6E13FDA7DD8A462",[\r][\n]"
12:54:24.554 [main] DEBUG org.apache.http.wire -- http-outgoing-26 << "   "id": "1F8E725DE33A7811B6E13FDA7DD8A462",[\r][\n]"
12:54:24.554 [main] DEBUG org.apache.http.wire -- http-outgoing-26 << "   "title": "New Incognito Tab",[\r][\n]"
12:54:24.554 [main] DEBUG org.apache.http.wire -- http-outgoing-26 << "   "type": "page",[\r][\n]"
12:54:24.554 [main] DEBUG org.apache.http.wire -- http-outgoing-26 << "   "url": "chrome://newtab/",[\r][\n]"
12:54:24.554 [main] DEBUG org.apache.http.wire -- http-outgoing-26 << "   "webSocketDebuggerUrl": "ws://localhost:54317/devtools/page/1F8E725DE33A7811B6E13FDA7DD8A462"[\r][\n]"
12:54:24.554 [main] DEBUG org.apache.http.wire -- http-outgoing-26 << "} ][\r][\n]"
12:54:24.554 [main] DEBUG org.apache.http.headers -- http-outgoing-26 << HTTP/1.1 200 OK
12:54:24.554 [main] DEBUG org.apache.http.headers -- http-outgoing-26 << Content-Security-Policy:frame-ancestors 'none'
12:54:24.554 [main] DEBUG org.apache.http.headers -- http-outgoing-26 << Content-Length:1722
12:54:24.554 [main] DEBUG org.apache.http.headers -- http-outgoing-26 << Content-Type:application/json; charset=UTF-8
12:54:24.554 [main] DEBUG org.apache.http.impl.execchain.MainClientExec -- Connection can be kept alive indefinitely
12:54:24.554 [main] DEBUG org.apache.http.impl.conn.PoolingHttpClientConnectionManager -- Connection [id: 26][route: {}->http://localhost:54317] can be kept alive indefinitely
12:54:24.554 [main] DEBUG org.apache.http.impl.conn.DefaultManagedHttpClientConnection -- http-outgoing-26: set socket timeout to 0
12:54:24.554 [main] DEBUG org.apache.http.impl.conn.PoolingHttpClientConnectionManager -- Connection released: [id: 26][route: {}->http://localhost:54317][total available: 1; route allocated: 1 of 5; total allocated: 1 of 10]
12:54:24.554 [main] DEBUG org.apache.http.impl.conn.PoolingHttpClientConnectionManager -- Connection manager is shutting down
12:54:24.554 [main] DEBUG org.apache.http.impl.conn.DefaultManagedHttpClientConnection -- http-outgoing-26: Close connection
12:54:24.554 [main] DEBUG org.apache.http.impl.conn.PoolingHttpClientConnectionManager -- Connection manager shut down
12:54:24.555 [main] DEBUG com.intuit.karate -- response time in milliseconds: 4
1 < 200
1 < Content-Security-Policy: frame-ancestors 'none'
1 < Content-Length: 1722
1 < Content-Type: application/json; charset=UTF-8
[ {
   "description": "",
   "devtoolsFrontendUrl": "/devtools/inspector.html?ws=localhost:54317/devtools/page/4DCA7F0173ABA26C94D7D5A187156FA3",
   "id": "4DCA7F0173ABA26C94D7D5A187156FA3",
   "title": "Google Network Speech",
   "type": "background_page",
   "url": "chrome-extension://neajdppkdcdipfabeoofebfddakdcjhd/_generated_background_page.html",
   "webSocketDebuggerUrl": "ws://localhost:54317/devtools/page/4DCA7F0173ABA26C94D7D5A187156FA3"
}, {
   "description": "",
   "devtoolsFrontendUrl": "/devtools/inspector.html?ws=localhost:54317/devtools/page/B67E678C33A1A804E348B101EEFEEDAA",
   "id": "B67E678C33A1A804E348B101EEFEEDAA",
   "title": "Google Hangouts",
   "type": "background_page",
   "url": "chrome-extension://nkeimhogjdpnpccoofpliimaahmaaome/background.html",
   "webSocketDebuggerUrl": "ws://localhost:54317/devtools/page/B67E678C33A1A804E348B101EEFEEDAA"
}, {
   "description": "",
   "devtoolsFrontendUrl": "/devtools/inspector.html?ws=localhost:54317/devtools/page/2EC591EDAAFBA4321671A7C38A40E1EF",
   "id": "2EC591EDAAFBA4321671A7C38A40E1EF",
   "title": "Google Hangouts",
   "type": "background_page",
   "url": "chrome-extension://nkeimhogjdpnpccoofpliimaahmaaome/background.html",
   "webSocketDebuggerUrl": "ws://localhost:54317/devtools/page/2EC591EDAAFBA4321671A7C38A40E1EF"
}, {
   "description": "",
   "devtoolsFrontendUrl": "/devtools/inspector.html?ws=localhost:54317/devtools/page/1F8E725DE33A7811B6E13FDA7DD8A462",
   "id": "1F8E725DE33A7811B6E13FDA7DD8A462",
   "title": "New Incognito Tab",
   "type": "page",
   "url": "chrome://newtab/",
   "webSocketDebuggerUrl": "ws://localhost:54317/devtools/page/1F8E725DE33A7811B6E13FDA7DD8A462"
} ]


12:54:24.555 [main] DEBUG com.jayway.jsonpath.internal.path.CompiledPath -- Evaluating path: $
12:54:24.555 [main] DEBUG com.intuit.karate.shell.Command -- ready to accept http connections after 28 ms - http://localhost:54317/json
12:54:24.557 [main] DEBUG org.apache.http.client.protocol.RequestAddCookies -- CookieSpec selected: karate
12:54:24.557 [main] DEBUG org.apache.http.client.protocol.RequestAuthCache -- Auth cache not set in the context
12:54:24.557 [main] DEBUG com.intuit.karate -- request:
1 > GET http://localhost:54317/json
1 > Host: localhost:54317
1 > Connection: Keep-Alive
1 > User-Agent: Apache-HttpClient/4.5.14 (Java/17.0.11)
1 > Accept-Encoding: gzip,deflate


12:54:24.557 [main] DEBUG org.apache.http.impl.conn.PoolingHttpClientConnectionManager -- Connection request: [route: {}->http://localhost:54317][total available: 0; route allocated: 0 of 5; total allocated: 0 of 10]
12:54:24.557 [main] DEBUG org.apache.http.impl.conn.PoolingHttpClientConnectionManager -- Connection leased: [id: 27][route: {}->http://localhost:54317][total available: 0; route allocated: 1 of 5; total allocated: 1 of 10]
12:54:24.557 [main] DEBUG org.apache.http.impl.execchain.MainClientExec -- Opening connection {}->http://localhost:54317
12:54:24.557 [main] DEBUG org.apache.http.impl.conn.DefaultHttpClientConnectionOperator -- Connecting to localhost/127.0.0.1:54317
12:54:24.558 [main] DEBUG org.apache.http.impl.conn.DefaultHttpClientConnectionOperator -- Connection established 127.0.0.1:54322<->127.0.0.1:54317
12:54:24.558 [main] DEBUG org.apache.http.impl.conn.DefaultManagedHttpClientConnection -- http-outgoing-27: set socket timeout to 30000
12:54:24.558 [main] DEBUG org.apache.http.impl.execchain.MainClientExec -- Executing request GET /json HTTP/1.1
12:54:24.558 [main] DEBUG org.apache.http.impl.execchain.MainClientExec -- Target auth state: UNCHALLENGED
12:54:24.558 [main] DEBUG org.apache.http.impl.execchain.MainClientExec -- Proxy auth state: UNCHALLENGED
12:54:24.558 [main] DEBUG org.apache.http.headers -- http-outgoing-27 >> GET /json HTTP/1.1
12:54:24.558 [main] DEBUG org.apache.http.headers -- http-outgoing-27 >> Host: localhost:54317
12:54:24.558 [main] DEBUG org.apache.http.headers -- http-outgoing-27 >> Connection: Keep-Alive
12:54:24.558 [main] DEBUG org.apache.http.headers -- http-outgoing-27 >> User-Agent: Apache-HttpClient/4.5.14 (Java/17.0.11)
12:54:24.558 [main] DEBUG org.apache.http.headers -- http-outgoing-27 >> Accept-Encoding: gzip,deflate
12:54:24.558 [main] DEBUG org.apache.http.wire -- http-outgoing-27 >> "GET /json HTTP/1.1[\r][\n]"
12:54:24.558 [main] DEBUG org.apache.http.wire -- http-outgoing-27 >> "Host: localhost:54317[\r][\n]"
12:54:24.558 [main] DEBUG org.apache.http.wire -- http-outgoing-27 >> "Connection: Keep-Alive[\r][\n]"
12:54:24.558 [main] DEBUG org.apache.http.wire -- http-outgoing-27 >> "User-Agent: Apache-HttpClient/4.5.14 (Java/17.0.11)[\r][\n]"
12:54:24.558 [main] DEBUG org.apache.http.wire -- http-outgoing-27 >> "Accept-Encoding: gzip,deflate[\r][\n]"
12:54:24.558 [main] DEBUG org.apache.http.wire -- http-outgoing-27 >> "[\r][\n]"
12:54:24.573 [main] DEBUG org.apache.http.wire -- http-outgoing-27 << "HTTP/1.1 200 OK[\r][\n]"
12:54:24.573 [main] DEBUG org.apache.http.wire -- http-outgoing-27 << "Content-Security-Policy:frame-ancestors 'none'[\r][\n]"
12:54:24.573 [main] DEBUG org.apache.http.wire -- http-outgoing-27 << "Content-Length:1722[\r][\n]"
12:54:24.573 [main] DEBUG org.apache.http.wire -- http-outgoing-27 << "Content-Type:application/json; charset=UTF-8[\r][\n]"
12:54:24.573 [main] DEBUG org.apache.http.wire -- http-outgoing-27 << "[\r][\n]"
12:54:24.573 [main] DEBUG org.apache.http.wire -- http-outgoing-27 << "[ {[\r][\n]"
12:54:24.573 [main] DEBUG org.apache.http.wire -- http-outgoing-27 << "   "description": "",[\r][\n]"
12:54:24.573 [main] DEBUG org.apache.http.wire -- http-outgoing-27 << "   "devtoolsFrontendUrl": "/devtools/inspector.html?ws=localhost:54317/devtools/page/4DCA7F0173ABA26C94D7D5A187156FA3",[\r][\n]"
12:54:24.573 [main] DEBUG org.apache.http.wire -- http-outgoing-27 << "   "id": "4DCA7F0173ABA26C94D7D5A187156FA3",[\r][\n]"
12:54:24.573 [main] DEBUG org.apache.http.wire -- http-outgoing-27 << "   "title": "Google Network Speech",[\r][\n]"
12:54:24.573 [main] DEBUG org.apache.http.wire -- http-outgoing-27 << "   "type": "background_page",[\r][\n]"
12:54:24.573 [main] DEBUG org.apache.http.wire -- http-outgoing-27 << "   "url": "chrome-extension://neajdppkdcdipfabeoofebfddakdcjhd/_generated_background_page.html",[\r][\n]"
12:54:24.573 [main] DEBUG org.apache.http.wire -- http-outgoing-27 << "   "webSocketDebuggerUrl": "ws://localhost:54317/devtools/page/4DCA7F0173ABA26C94D7D5A187156FA3"[\r][\n]"
12:54:24.573 [main] DEBUG org.apache.http.wire -- http-outgoing-27 << "}, {[\r][\n]"
12:54:24.573 [main] DEBUG org.apache.http.wire -- http-outgoing-27 << "   "description": "",[\r][\n]"
12:54:24.573 [main] DEBUG org.apache.http.wire -- http-outgoing-27 << "   "devtoolsFrontendUrl": "/devtools/inspector.html?ws=localhost:54317/devtools/page/B67E678C33A1A804E348B101EEFEEDAA",[\r][\n]"
12:54:24.573 [main] DEBUG org.apache.http.wire -- http-outgoing-27 << "   "id": "B67E678C33A1A804E348B101EEFEEDAA",[\r][\n]"
12:54:24.573 [main] DEBUG org.apache.http.wire -- http-outgoing-27 << "   "title": "Google Hangouts",[\r][\n]"
12:54:24.573 [main] DEBUG org.apache.http.wire -- http-outgoing-27 << "   "type": "background_page",[\r][\n]"
12:54:24.573 [main] DEBUG org.apache.http.wire -- http-outgoing-27 << "   "url": "chrome-extension://nkeimhogjdpnpccoofpliimaahmaaome/background.html",[\r][\n]"
12:54:24.573 [main] DEBUG org.apache.http.wire -- http-outgoing-27 << "   "webSocketDebuggerUrl": "ws://localhost:54317/devtools/page/B67E678C33A1A804E348B101EEFEEDAA"[\r][\n]"
12:54:24.573 [main] DEBUG org.apache.http.wire -- http-outgoing-27 << "}, {[\r][\n]"
12:54:24.573 [main] DEBUG org.apache.http.wire -- http-outgoing-27 << "   "description": "",[\r][\n]"
12:54:24.573 [main] DEBUG org.apache.http.wire -- http-outgoing-27 << "   "devtoolsFrontendUrl": "/devtools/inspector.html?ws=localhost:54317/devtools/page/2EC591EDAAFBA4321671A7C38A40E1EF",[\r][\n]"
12:54:24.573 [main] DEBUG org.apache.http.wire -- http-outgoing-27 << "   "id": "2EC591EDAAFBA4321671A7C38A40E1EF",[\r][\n]"
12:54:24.573 [main] DEBUG org.apache.http.wire -- http-outgoing-27 << "   "title": "Google Hangouts",[\r][\n]"
12:54:24.573 [main] DEBUG org.apache.http.wire -- http-outgoing-27 << "   "type": "background_page",[\r][\n]"
12:54:24.573 [main] DEBUG org.apache.http.wire -- http-outgoing-27 << "   "url": "chrome-extension://nkeimhogjdpnpccoofpliimaahmaaome/background.html",[\r][\n]"
12:54:24.573 [main] DEBUG org.apache.http.wire -- http-outgoing-27 << "   "webSocketDebuggerUrl": "ws://localhost:54317/devtools/page/2EC591EDAAFBA4321671A7C38A40E1EF"[\r][\n]"
12:54:24.573 [main] DEBUG org.apache.http.wire -- http-outgoing-27 << "}, {[\r][\n]"
12:54:24.573 [main] DEBUG org.apache.http.wire -- http-outgoing-27 << "   "description": "",[\r][\n]"
12:54:24.573 [main] DEBUG org.apache.http.wire -- http-outgoing-27 << "   "devtoolsFrontendUrl": "/devtools/inspector.html?ws=localhost:54317/devtools/page/1F8E725DE33A7811B6E13FDA7DD8A462",[\r][\n]"
12:54:24.573 [main] DEBUG org.apache.http.wire -- http-outgoing-27 << "   "id": "1F8E725DE33A7811B6E13FDA7DD8A462",[\r][\n]"
12:54:24.573 [main] DEBUG org.apache.http.wire -- http-outgoing-27 << "   "title": "New Incognito Tab",[\r][\n]"
12:54:24.573 [main] DEBUG org.apache.http.wire -- http-outgoing-27 << "   "type": "page",[\r][\n]"
12:54:24.573 [main] DEBUG org.apache.http.wire -- http-outgoing-27 << "   "url": "chrome://newtab/",[\r][\n]"
12:54:24.573 [main] DEBUG org.apache.http.wire -- http-outgoing-27 << "   "webSocketDebuggerUrl": "ws://localhost:54317/devtools/page/1F8E725DE33A7811B6E13FDA7DD8A462"[\r][\n]"
12:54:24.573 [main] DEBUG org.apache.http.wire -- http-outgoing-27 << "} ][\r][\n]"
12:54:24.573 [main] DEBUG org.apache.http.headers -- http-outgoing-27 << HTTP/1.1 200 OK
12:54:24.573 [main] DEBUG org.apache.http.headers -- http-outgoing-27 << Content-Security-Policy:frame-ancestors 'none'
12:54:24.573 [main] DEBUG org.apache.http.headers -- http-outgoing-27 << Content-Length:1722
12:54:24.573 [main] DEBUG org.apache.http.headers -- http-outgoing-27 << Content-Type:application/json; charset=UTF-8
12:54:24.573 [main] DEBUG org.apache.http.impl.execchain.MainClientExec -- Connection can be kept alive indefinitely
12:54:24.574 [main] DEBUG org.apache.http.impl.conn.PoolingHttpClientConnectionManager -- Connection [id: 27][route: {}->http://localhost:54317] can be kept alive indefinitely
12:54:24.574 [main] DEBUG org.apache.http.impl.conn.DefaultManagedHttpClientConnection -- http-outgoing-27: set socket timeout to 0
12:54:24.574 [main] DEBUG org.apache.http.impl.conn.PoolingHttpClientConnectionManager -- Connection released: [id: 27][route: {}->http://localhost:54317][total available: 1; route allocated: 1 of 5; total allocated: 1 of 10]
12:54:24.574 [main] DEBUG org.apache.http.impl.conn.PoolingHttpClientConnectionManager -- Connection manager is shutting down
12:54:24.574 [main] DEBUG org.apache.http.impl.conn.DefaultManagedHttpClientConnection -- http-outgoing-27: Close connection
12:54:24.574 [main] DEBUG org.apache.http.impl.conn.PoolingHttpClientConnectionManager -- Connection manager shut down
12:54:24.574 [main] DEBUG com.intuit.karate -- response time in milliseconds: 17
1 < 200
1 < Content-Security-Policy: frame-ancestors 'none'
1 < Content-Length: 1722
1 < Content-Type: application/json; charset=UTF-8
[ {
   "description": "",
   "devtoolsFrontendUrl": "/devtools/inspector.html?ws=localhost:54317/devtools/page/4DCA7F0173ABA26C94D7D5A187156FA3",
   "id": "4DCA7F0173ABA26C94D7D5A187156FA3",
   "title": "Google Network Speech",
   "type": "background_page",
   "url": "chrome-extension://neajdppkdcdipfabeoofebfddakdcjhd/_generated_background_page.html",
   "webSocketDebuggerUrl": "ws://localhost:54317/devtools/page/4DCA7F0173ABA26C94D7D5A187156FA3"
}, {
   "description": "",
   "devtoolsFrontendUrl": "/devtools/inspector.html?ws=localhost:54317/devtools/page/B67E678C33A1A804E348B101EEFEEDAA",
   "id": "B67E678C33A1A804E348B101EEFEEDAA",
   "title": "Google Hangouts",
   "type": "background_page",
   "url": "chrome-extension://nkeimhogjdpnpccoofpliimaahmaaome/background.html",
   "webSocketDebuggerUrl": "ws://localhost:54317/devtools/page/B67E678C33A1A804E348B101EEFEEDAA"
}, {
   "description": "",
   "devtoolsFrontendUrl": "/devtools/inspector.html?ws=localhost:54317/devtools/page/2EC591EDAAFBA4321671A7C38A40E1EF",
   "id": "2EC591EDAAFBA4321671A7C38A40E1EF",
   "title": "Google Hangouts",
   "type": "background_page",
   "url": "chrome-extension://nkeimhogjdpnpccoofpliimaahmaaome/background.html",
   "webSocketDebuggerUrl": "ws://localhost:54317/devtools/page/2EC591EDAAFBA4321671A7C38A40E1EF"
}, {
   "description": "",
   "devtoolsFrontendUrl": "/devtools/inspector.html?ws=localhost:54317/devtools/page/1F8E725DE33A7811B6E13FDA7DD8A462",
   "id": "1F8E725DE33A7811B6E13FDA7DD8A462",
   "title": "New Incognito Tab",
   "type": "page",
   "url": "chrome://newtab/",
   "webSocketDebuggerUrl": "ws://localhost:54317/devtools/page/1F8E725DE33A7811B6E13FDA7DD8A462"
} ]


12:54:24.575 [main] DEBUG com.jayway.jsonpath.internal.path.CompiledPath -- Evaluating path: $
12:54:24.575 [main] DEBUG com.jayway.jsonpath.internal.path.CompiledPath -- Evaluating path: $
12:54:24.575 [main] DEBUG com.intuit.karate.driver.chrome_1718781863995 -- root frame id: 1F8E725DE33A7811B6E13FDA7DD8A462
12:54:24.645 [nioEventLoopGroup-15-1] DEBUG io.netty.handler.codec.http.websocketx.WebSocketClientHandshaker13 -- WebSocket version 13 client handshake key: M9nNsGQIaickVJrOgly1EQ==, expected response: 2yFi7j8w78zghOxGwvmjCJVC1MU=
12:54:24.649 [nioEventLoopGroup-15-1] DEBUG com.intuit.karate.http.WebSocketClientHandler -- websocket client connected
12:54:24.649 [main] DEBUG com.jayway.jsonpath.internal.path.CompiledPath -- Evaluating path: $['targetId']
12:54:24.649 [main] DEBUG com.jayway.jsonpath.internal.path.CompiledPath -- Evaluating path: $
12:54:24.649 [main] DEBUG com.jayway.jsonpath.internal.path.CompiledPath -- Evaluating path: $
12:54:24.649 [main] DEBUG com.jayway.jsonpath.internal.JsonContext -- Put path $ key targetId value {}
12:54:24.649 [main] DEBUG com.jayway.jsonpath.internal.path.CompiledPath -- Evaluating path: $
12:54:24.649 [main] DEBUG com.jayway.jsonpath.internal.JsonContext -- Put path $ key targetId value 1F8E725DE33A7811B6E13FDA7DD8A462
12:54:24.649 [main] DEBUG com.jayway.jsonpath.internal.path.CompiledPath -- Evaluating path: $['flatten']
12:54:24.649 [main] DEBUG com.jayway.jsonpath.internal.path.CompiledPath -- Evaluating path: $
12:54:24.649 [main] DEBUG com.jayway.jsonpath.internal.path.CompiledPath -- Evaluating path: $
12:54:24.649 [main] DEBUG com.jayway.jsonpath.internal.JsonContext -- Put path $ key flatten value {}
12:54:24.649 [main] DEBUG com.jayway.jsonpath.internal.path.CompiledPath -- Evaluating path: $
12:54:24.649 [main] DEBUG com.jayway.jsonpath.internal.JsonContext -- Put path $ key flatten value true
12:54:24.649 [main] DEBUG com.jayway.jsonpath.internal.path.CompiledPath -- Evaluating path: $
12:54:24.649 [main] DEBUG com.intuit.karate.driver.chrome_1718781863995 -- >> {"id":1,"method":"Target.attachToTarget","params":{"targetId":"1F8E725DE33A7811B6E13FDA7DD8A462","flatten":true}}
12:54:24.652 [nioEventLoopGroup-15-1] DEBUG com.intuit.karate.driver.chrome_1718781863995 -- << {"method":"Target.attachedToTarget","params":{"sessionId":"EE1621CCDA1EE4FD28EC2BCD46011587","targetInfo":{"targetId":"1F8E725DE33A7811B6E13FDA7DD8A462","type":"page","title":"New Incognito Tab","url":"chrome://newtab/","attached":true,"canAccessOpener":false,"browserContextId":"E121D443DA648CBF38628A13B1415A10"},"waitingForDebugger":false}}
12:54:24.652 [nioEventLoopGroup-15-1] DEBUG com.jayway.jsonpath.internal.path.CompiledPath -- Evaluating path: $
12:54:24.652 [nioEventLoopGroup-15-1] DEBUG com.jayway.jsonpath.internal.path.CompiledPath -- Evaluating path: $['targetInfo']['type']
12:54:24.652 [nioEventLoopGroup-15-1] DEBUG com.intuit.karate.driver.chrome_1718781863995 -- << {"id":1,"result":{"sessionId":"EE1621CCDA1EE4FD28EC2BCD46011587"}}
12:54:24.652 [nioEventLoopGroup-15-1] DEBUG com.jayway.jsonpath.internal.path.CompiledPath -- Evaluating path: $
12:54:24.652 [main] DEBUG com.jayway.jsonpath.internal.path.CompiledPath -- Evaluating path: $['sessionId']
12:54:24.652 [main] DEBUG com.jayway.jsonpath.internal.path.CompiledPath -- Evaluating path: $['targetId']
12:54:24.652 [main] DEBUG com.jayway.jsonpath.internal.path.CompiledPath -- Evaluating path: $
12:54:24.652 [main] DEBUG com.jayway.jsonpath.internal.path.CompiledPath -- Evaluating path: $
12:54:24.652 [main] DEBUG com.jayway.jsonpath.internal.JsonContext -- Put path $ key targetId value {}
12:54:24.652 [main] DEBUG com.jayway.jsonpath.internal.path.CompiledPath -- Evaluating path: $
12:54:24.652 [main] DEBUG com.jayway.jsonpath.internal.JsonContext -- Put path $ key targetId value 1F8E725DE33A7811B6E13FDA7DD8A462
12:54:24.652 [main] DEBUG com.jayway.jsonpath.internal.path.CompiledPath -- Evaluating path: $
12:54:24.652 [main] DEBUG com.intuit.karate.driver.chrome_1718781863995 -- >> {"id":2,"sessionId":"EE1621CCDA1EE4FD28EC2BCD46011587","method":"Target.activateTarget","params":{"targetId":"1F8E725DE33A7811B6E13FDA7DD8A462"}}
12:54:24.654 [nioEventLoopGroup-15-1] DEBUG com.intuit.karate.driver.chrome_1718781863995 -- << {"id":2,"result":{},"sessionId":"EE1621CCDA1EE4FD28EC2BCD46011587"}
12:54:24.654 [nioEventLoopGroup-15-1] DEBUG com.jayway.jsonpath.internal.path.CompiledPath -- Evaluating path: $
12:54:24.654 [main] DEBUG com.jayway.jsonpath.internal.path.CompiledPath -- Evaluating path: $['discover']
12:54:24.654 [main] DEBUG com.jayway.jsonpath.internal.path.CompiledPath -- Evaluating path: $
12:54:24.654 [main] DEBUG com.jayway.jsonpath.internal.path.CompiledPath -- Evaluating path: $
12:54:24.654 [main] DEBUG com.jayway.jsonpath.internal.JsonContext -- Put path $ key discover value {}
12:54:24.654 [main] DEBUG com.jayway.jsonpath.internal.path.CompiledPath -- Evaluating path: $
12:54:24.654 [main] DEBUG com.jayway.jsonpath.internal.JsonContext -- Put path $ key discover value true
12:54:24.654 [main] DEBUG com.jayway.jsonpath.internal.path.CompiledPath -- Evaluating path: $
12:54:24.654 [main] DEBUG com.intuit.karate.driver.chrome_1718781863995 -- >> {"id":3,"sessionId":"EE1621CCDA1EE4FD28EC2BCD46011587","method":"Target.setDiscoverTargets","params":{"discover":true}}
12:54:24.656 [nioEventLoopGroup-15-1] DEBUG com.intuit.karate.driver.chrome_1718781863995 -- << {"method":"Target.targetCreated","params":{"targetInfo":{"targetId":"1F8E725DE33A7811B6E13FDA7DD8A462","type":"page","title":"New Incognito Tab","url":"chrome://newtab/","attached":true,"canAccessOpener":false,"browserContextId":"E121D443DA648CBF38628A13B1415A10"}},"sessionId":"EE1621CCDA1EE4FD28EC2BCD46011587"}
12:54:24.656 [nioEventLoopGroup-15-1] DEBUG com.jayway.jsonpath.internal.path.CompiledPath -- Evaluating path: $
12:54:24.656 [nioEventLoopGroup-15-1] DEBUG com.intuit.karate.driver.chrome_1718781863995 -- << {"method":"Target.targetCreated","params":{"targetInfo":{"targetId":"2EC591EDAAFBA4321671A7C38A40E1EF","type":"background_page","title":"Google Hangouts","url":"chrome-extension://nkeimhogjdpnpccoofpliimaahmaaome/background.html","attached":false,"canAccessOpener":false,"browserContextId":"0E18C05461B5F23808D4443CE20F21E6"}},"sessionId":"EE1621CCDA1EE4FD28EC2BCD46011587"}
12:54:24.656 [nioEventLoopGroup-15-1] DEBUG com.jayway.jsonpath.internal.path.CompiledPath -- Evaluating path: $
12:54:24.656 [nioEventLoopGroup-15-1] DEBUG com.intuit.karate.driver.chrome_1718781863995 -- << {"method":"Target.targetCreated","params":{"targetInfo":{"targetId":"4DCA7F0173ABA26C94D7D5A187156FA3","type":"background_page","title":"Google Network Speech","url":"chrome-extension://neajdppkdcdipfabeoofebfddakdcjhd/_generated_background_page.html","attached":false,"canAccessOpener":false,"browserContextId":"0E18C05461B5F23808D4443CE20F21E6"}},"sessionId":"EE1621CCDA1EE4FD28EC2BCD46011587"}
12:54:24.656 [nioEventLoopGroup-15-1] DEBUG com.jayway.jsonpath.internal.path.CompiledPath -- Evaluating path: $
12:54:24.656 [nioEventLoopGroup-15-1] DEBUG com.intuit.karate.driver.chrome_1718781863995 -- << {"method":"Target.targetCreated","params":{"targetInfo":{"targetId":"B67E678C33A1A804E348B101EEFEEDAA","type":"background_page","title":"Google Hangouts","url":"chrome-extension://nkeimhogjdpnpccoofpliimaahmaaome/background.html","attached":false,"canAccessOpener":false,"browserContextId":"E121D443DA648CBF38628A13B1415A10"}},"sessionId":"EE1621CCDA1EE4FD28EC2BCD46011587"}
12:54:24.656 [nioEventLoopGroup-15-1] DEBUG com.jayway.jsonpath.internal.path.CompiledPath -- Evaluating path: $
12:54:24.656 [nioEventLoopGroup-15-1] DEBUG com.intuit.karate.driver.chrome_1718781863995 -- << {"id":3,"result":{},"sessionId":"EE1621CCDA1EE4FD28EC2BCD46011587"}
12:54:24.656 [nioEventLoopGroup-15-1] DEBUG com.jayway.jsonpath.internal.path.CompiledPath -- Evaluating path: $
12:54:24.656 [main] DEBUG com.intuit.karate.driver.chrome_1718781863995 -- >> {"id":4,"sessionId":"EE1621CCDA1EE4FD28EC2BCD46011587","method":"Page.enable"}
12:54:24.659 [nioEventLoopGroup-15-1] DEBUG com.intuit.karate.driver.chrome_1718781863995 -- << {"id":4,"result":{},"sessionId":"EE1621CCDA1EE4FD28EC2BCD46011587"}
12:54:24.659 [nioEventLoopGroup-15-1] DEBUG com.jayway.jsonpath.internal.path.CompiledPath -- Evaluating path: $
12:54:24.659 [main] DEBUG com.intuit.karate.driver.chrome_1718781863995 -- >> {"id":5,"sessionId":"EE1621CCDA1EE4FD28EC2BCD46011587","method":"Runtime.enable"}
12:54:24.661 [nioEventLoopGroup-15-1] DEBUG com.intuit.karate.driver.chrome_1718781863995 -- << {"method":"Runtime.executionContextCreated","params":{"context":{"id":1,"origin":"chrome://newtab","name":"","uniqueId":"-3610364853670349230.-2379309561889822557","auxData":{"isDefault":true,"type":"default","frameId":"1F8E725DE33A7811B6E13FDA7DD8A462"}}},"sessionId":"EE1621CCDA1EE4FD28EC2BCD46011587"}
12:54:24.661 [nioEventLoopGroup-15-1] DEBUG com.jayway.jsonpath.internal.path.CompiledPath -- Evaluating path: $
12:54:24.661 [nioEventLoopGroup-15-1] DEBUG com.jayway.jsonpath.internal.path.CompiledPath -- Evaluating path: $['context']['auxData']['frameId']
12:54:24.661 [nioEventLoopGroup-15-1] DEBUG com.jayway.jsonpath.internal.path.CompiledPath -- Evaluating path: $['context']['id']
12:54:24.661 [nioEventLoopGroup-15-1] DEBUG com.intuit.karate.driver.chrome_1718781863995 -- << {"id":5,"result":{},"sessionId":"EE1621CCDA1EE4FD28EC2BCD46011587"}
12:54:24.661 [nioEventLoopGroup-15-1] DEBUG com.jayway.jsonpath.internal.path.CompiledPath -- Evaluating path: $
12:54:24.661 [main] DEBUG com.jayway.jsonpath.internal.path.CompiledPath -- Evaluating path: $['targetId']
12:54:24.661 [main] DEBUG com.jayway.jsonpath.internal.path.CompiledPath -- Evaluating path: $
12:54:24.661 [main] DEBUG com.jayway.jsonpath.internal.path.CompiledPath -- Evaluating path: $
12:54:24.661 [main] DEBUG com.jayway.jsonpath.internal.JsonContext -- Put path $ key targetId value {}
12:54:24.661 [main] DEBUG com.jayway.jsonpath.internal.path.CompiledPath -- Evaluating path: $
12:54:24.661 [main] DEBUG com.jayway.jsonpath.internal.JsonContext -- Put path $ key targetId value 1F8E725DE33A7811B6E13FDA7DD8A462
12:54:24.661 [main] DEBUG com.jayway.jsonpath.internal.path.CompiledPath -- Evaluating path: $
12:54:24.661 [main] DEBUG com.intuit.karate.driver.chrome_1718781863995 -- >> {"id":6,"sessionId":"EE1621CCDA1EE4FD28EC2BCD46011587","method":"Browser.getWindowForTarget","params":{"targetId":"1F8E725DE33A7811B6E13FDA7DD8A462"}}
12:54:24.662 [nioEventLoopGroup-15-1] DEBUG com.intuit.karate.driver.chrome_1718781863995 -- << {"id":6,"result":{"windowId":362466628,"bounds":{"left":10,"top":10,"width":1050,"height":652,"windowState":"normal"}},"sessionId":"EE1621CCDA1EE4FD28EC2BCD46011587"}
12:54:24.662 [nioEventLoopGroup-15-1] DEBUG com.jayway.jsonpath.internal.path.CompiledPath -- Evaluating path: $
12:54:24.675 [nioEventLoopGroup-15-1] DEBUG com.intuit.karate.driver.chrome_1718781863995 -- << {"method":"Target.targetInfoChanged","params":{"targetInfo":{"targetId":"2EC591EDAAFBA4321671A7C38A40E1EF","type":"background_page","title":"Google Hangouts","url":"chrome-extension://nkeimhogjdpnpccoofpliimaahmaaome/background.html","attached":false,"canAccessOpener":false,"browserContextId":"0E18C05461B5F23808D4443CE20F21E6"}},"sessionId":"EE1621CCDA1EE4FD28EC2BCD46011587"}
12:54:24.676 [nioEventLoopGroup-15-1] DEBUG com.jayway.jsonpath.internal.path.CompiledPath -- Evaluating path: $
12:54:24.676 [nioEventLoopGroup-15-1] DEBUG com.jayway.jsonpath.internal.path.CompiledPath -- Evaluating path: $['targetInfo']['targetId']
12:54:24.688 [main] DEBUG com.jayway.jsonpath.internal.path.CompiledPath -- Evaluating path: $['url']
12:54:24.688 [main] DEBUG com.jayway.jsonpath.internal.path.CompiledPath -- Evaluating path: $
12:54:24.688 [main] DEBUG com.jayway.jsonpath.internal.path.CompiledPath -- Evaluating path: $
12:54:24.688 [main] DEBUG com.jayway.jsonpath.internal.JsonContext -- Put path $ key url value {}
12:54:24.688 [main] DEBUG com.jayway.jsonpath.internal.path.CompiledPath -- Evaluating path: $
12:54:24.688 [main] DEBUG com.jayway.jsonpath.internal.JsonContext -- Put path $ key url value https://www.saucedemo.com/
12:54:24.688 [main] DEBUG com.jayway.jsonpath.internal.path.CompiledPath -- Evaluating path: $
12:54:24.689 [main] DEBUG com.intuit.karate.driver.chrome_1718781863995 -- >> {"id":7,"sessionId":"EE1621CCDA1EE4FD28EC2BCD46011587","method":"Page.navigate","params":{"url":"https:\/\/www.saucedemo.com\/"}}
12:54:24.694 [nioEventLoopGroup-15-1] DEBUG com.intuit.karate.driver.chrome_1718781863995 -- << {"method":"Page.frameStartedLoading","params":{"frameId":"1F8E725DE33A7811B6E13FDA7DD8A462"},"sessionId":"EE1621CCDA1EE4FD28EC2BCD46011587"}
12:54:24.694 [nioEventLoopGroup-15-1] DEBUG com.jayway.jsonpath.internal.path.CompiledPath -- Evaluating path: $
12:54:24.694 [nioEventLoopGroup-15-1] DEBUG com.jayway.jsonpath.internal.path.CompiledPath -- Evaluating path: $['frameId']
12:54:24.708 [nioEventLoopGroup-15-1] DEBUG com.intuit.karate.driver.chrome_1718781863995 -- << {"method":"Target.targetInfoChanged","params":{"targetInfo":{"targetId":"B67E678C33A1A804E348B101EEFEEDAA","type":"background_page","title":"Google Hangouts","url":"chrome-extension://nkeimhogjdpnpccoofpliimaahmaaome/background.html","attached":false,"canAccessOpener":false,"browserContextId":"E121D443DA648CBF38628A13B1415A10"}},"sessionId":"EE1621CCDA1EE4FD28EC2BCD46011587"}
12:54:24.708 [nioEventLoopGroup-15-1] DEBUG com.jayway.jsonpath.internal.path.CompiledPath -- Evaluating path: $
12:54:24.709 [nioEventLoopGroup-15-1] DEBUG com.jayway.jsonpath.internal.path.CompiledPath -- Evaluating path: $['targetInfo']['targetId']
12:54:24.720 [nioEventLoopGroup-14-1] DEBUG io.netty.buffer.PoolThreadCache -- Freed 37 thread-local buffer(s) from thread: nioEventLoopGroup-14-1
12:54:24.787 [nioEventLoopGroup-15-1] DEBUG com.intuit.karate.driver.chrome_1718781863995 -- << {"method":"Target.targetInfoChanged","params":{"targetInfo":{"targetId":"4DCA7F0173ABA26C94D7D5A187156FA3","type":"background_page","title":"Google Network Speech","url":"chrome-extension://neajdppkdcdipfabeoofebfddakdcjhd/_generated_background_page.html","attached":false,"canAccessOpener":false,"browserContextId":"0E18C05461B5F23808D4443CE20F21E6"}},"sessionId":"EE1621CCDA1EE4FD28EC2BCD46011587"}
12:54:24.787 [nioEventLoopGroup-15-1] DEBUG com.jayway.jsonpath.internal.path.CompiledPath -- Evaluating path: $
12:54:24.787 [nioEventLoopGroup-15-1] DEBUG com.jayway.jsonpath.internal.path.CompiledPath -- Evaluating path: $['targetInfo']['targetId']
12:54:24.884 [nioEventLoopGroup-15-1] DEBUG com.intuit.karate.driver.chrome_1718781863995 -- << {"id":7,"result":{"frameId":"1F8E725DE33A7811B6E13FDA7DD8A462","loaderId":"E3BEC27DB30F878C54E6A62472866B10"},"sessionId":"EE1621CCDA1EE4FD28EC2BCD46011587"}
12:54:24.884 [nioEventLoopGroup-15-1] DEBUG com.jayway.jsonpath.internal.path.CompiledPath -- Evaluating path: $
12:54:24.890 [nioEventLoopGroup-15-1] DEBUG com.intuit.karate.driver.chrome_1718781863995 -- << {"method":"Runtime.executionContextsCleared","params":{},"sessionId":"EE1621CCDA1EE4FD28EC2BCD46011587"}
12:54:24.890 [nioEventLoopGroup-15-1] DEBUG com.jayway.jsonpath.internal.path.CompiledPath -- Evaluating path: $
12:54:24.900 [nioEventLoopGroup-15-1] DEBUG com.intuit.karate.driver.chrome_1718781863995 -- << {"method":"Target.targetInfoChanged","params":{"targetInfo":{"targetId":"1F8E725DE33A7811B6E13FDA7DD8A462","type":"page","title":"saucedemo.com","url":"https://www.saucedemo.com/","attached":true,"canAccessOpener":false,"browserContextId":"E121D443DA648CBF38628A13B1415A10"}},"sessionId":"EE1621CCDA1EE4FD28EC2BCD46011587"}
12:54:24.901 [nioEventLoopGroup-15-1] DEBUG com.jayway.jsonpath.internal.path.CompiledPath -- Evaluating path: $
12:54:24.901 [nioEventLoopGroup-15-1] DEBUG com.jayway.jsonpath.internal.path.CompiledPath -- Evaluating path: $['targetInfo']['targetId']
12:54:24.903 [nioEventLoopGroup-15-1] DEBUG com.intuit.karate.driver.chrome_1718781863995 -- << {"method":"Runtime.executionContextsCleared","params":{},"sessionId":"EE1621CCDA1EE4FD28EC2BCD46011587"}
12:54:24.903 [nioEventLoopGroup-15-1] DEBUG com.jayway.jsonpath.internal.path.CompiledPath -- Evaluating path: $
12:54:24.904 [nioEventLoopGroup-15-1] DEBUG com.intuit.karate.driver.chrome_1718781863995 -- << {"method":"Page.frameNavigated","params":{"frame":{"id":"1F8E725DE33A7811B6E13FDA7DD8A462","loaderId":"E3BEC27DB30F878C54E6A62472866B10","url":"https://www.saucedemo.com/","domainAndRegistry":"saucedemo.com","securityOrigin":"https://www.saucedemo.com","mimeType":"text/html","adFrameStatus":{"adFrameType":"none"},"secureContextType":"Secure","crossOriginIsolatedContextType":"NotIsolated","gatedAPIFeatures":[]},"type":"Navigation"},"sessionId":"EE1621CCDA1EE4FD28EC2BCD46011587"}
12:54:24.904 [nioEventLoopGroup-15-1] DEBUG com.jayway.jsonpath.internal.path.CompiledPath -- Evaluating path: $
12:54:24.904 [nioEventLoopGroup-15-1] DEBUG com.jayway.jsonpath.internal.path.CompiledPath -- Evaluating path: $['frame']['id']
12:54:24.904 [nioEventLoopGroup-15-1] DEBUG com.jayway.jsonpath.internal.path.CompiledPath -- Evaluating path: $['frame']['url']
12:54:24.904 [nioEventLoopGroup-15-1] DEBUG com.jayway.jsonpath.internal.path.CompiledPath -- Evaluating path: $['frame']['name']
12:54:24.904 [nioEventLoopGroup-15-1] DEBUG com.intuit.karate.driver.chrome_1718781863995 -- << {"method":"Runtime.executionContextCreated","params":{"context":{"id":1,"origin":"https://www.saucedemo.com","name":"","uniqueId":"2522445696647031204.1453306840415940200","auxData":{"isDefault":true,"type":"default","frameId":"1F8E725DE33A7811B6E13FDA7DD8A462"}}},"sessionId":"EE1621CCDA1EE4FD28EC2BCD46011587"}
12:54:24.904 [nioEventLoopGroup-15-1] DEBUG com.jayway.jsonpath.internal.path.CompiledPath -- Evaluating path: $
12:54:24.904 [nioEventLoopGroup-15-1] DEBUG com.jayway.jsonpath.internal.path.CompiledPath -- Evaluating path: $['context']['auxData']['frameId']
12:54:24.904 [nioEventLoopGroup-15-1] DEBUG com.jayway.jsonpath.internal.path.CompiledPath -- Evaluating path: $['context']['id']
12:54:25.190 [nioEventLoopGroup-15-1] DEBUG com.intuit.karate.driver.chrome_1718781863995 -- << {"method":"Page.domContentEventFired","params":{"timestamp":52943.701973},"sessionId":"EE1621CCDA1EE4FD28EC2BCD46011587"}
12:54:25.190 [nioEventLoopGroup-15-1] DEBUG com.jayway.jsonpath.internal.path.CompiledPath -- Evaluating path: $
12:54:25.342 [nioEventLoopGroup-15-1] DEBUG com.intuit.karate.driver.chrome_1718781863995 -- << {"method":"Target.targetCreated","params":{"targetInfo":{"targetId":"CAF0EB18FECCF3F7992181A20691A641","type":"service_worker","title":"Service Worker https://www.saucedemo.com/service-worker.js","url":"https://www.saucedemo.com/service-worker.js","attached":false,"canAccessOpener":false,"browserContextId":"E121D443DA648CBF38628A13B1415A10"}},"sessionId":"EE1621CCDA1EE4FD28EC2BCD46011587"}
12:54:25.342 [nioEventLoopGroup-15-1] DEBUG com.jayway.jsonpath.internal.path.CompiledPath -- Evaluating path: $
12:54:25.345 [nioEventLoopGroup-15-1] DEBUG com.intuit.karate.driver.chrome_1718781863995 -- << {"method":"Page.loadEventFired","params":{"timestamp":52943.853127},"sessionId":"EE1621CCDA1EE4FD28EC2BCD46011587"}
12:54:25.345 [nioEventLoopGroup-15-1] DEBUG com.jayway.jsonpath.internal.path.CompiledPath -- Evaluating path: $
12:54:25.345 [nioEventLoopGroup-15-1] DEBUG com.intuit.karate.driver.chrome_1718781863995 -- << {"method":"Page.frameStoppedLoading","params":{"frameId":"1F8E725DE33A7811B6E13FDA7DD8A462"},"sessionId":"EE1621CCDA1EE4FD28EC2BCD46011587"}
12:54:25.345 [nioEventLoopGroup-15-1] DEBUG com.jayway.jsonpath.internal.path.CompiledPath -- Evaluating path: $
12:54:25.345 [nioEventLoopGroup-15-1] DEBUG com.jayway.jsonpath.internal.path.CompiledPath -- Evaluating path: $['frameId']
12:54:25.623 [nioEventLoopGroup-15-1] DEBUG com.intuit.karate.driver.chrome_1718781863995 -- << {"method":"Runtime.consoleAPICalled","params":{"type":"log","args":[{"type":"string","value":"Content is cached for offline use."}],"executionContextId":1,"timestamp":1.718781865622362e+12,"stackTrace":{"callFrames":[{"functionName":"console.<computed>","scriptId":"6","url":"https://www.saucedemo.com/static/js/2.c39c1971.chunk.js","lineNumber":1,"columnNumber":117866},{"functionName":"a.onstatechange","scriptId":"7","url":"https://www.saucedemo.com/static/js/main.9e1f7694.chunk.js","lineNumber":0,"columnNumber":58432}]}},"sessionId":"EE1621CCDA1EE4FD28EC2BCD46011587"}
12:54:25.623 [nioEventLoopGroup-15-1] DEBUG com.jayway.jsonpath.internal.path.CompiledPath -- Evaluating path: $
12:54:25.623 [nioEventLoopGroup-15-1] DEBUG com.jayway.jsonpath.internal.path.CompiledPath -- Evaluating path: $['args'][*]['value']
12:54:25.624 [nioEventLoopGroup-15-1] DEBUG com.intuit.karate.driver.chrome_1718781863995 -- [console] Content is cached for offline use.
12:54:27.217 [main] INFO com.intuit.karate.core.FeatureRuntime -- classpath:UI_Automation_Project/login/Reusable.feature - call by tag at line 9: LogInSauceLabs
12:54:27.236 [main] DEBUG com.jayway.jsonpath.internal.path.CompiledPath -- Evaluating path: $
12:54:27.237 [main] DEBUG com.jayway.jsonpath.internal.path.CompiledPath -- Evaluating path: $
12:54:27.239 [main] DEBUG com.jayway.jsonpath.internal.path.CompiledPath -- Evaluating path: $['windowId']
12:54:27.240 [main] DEBUG com.jayway.jsonpath.internal.path.CompiledPath -- Evaluating path: $
12:54:27.240 [main] DEBUG com.jayway.jsonpath.internal.path.CompiledPath -- Evaluating path: $
12:54:27.240 [main] DEBUG com.jayway.jsonpath.internal.JsonContext -- Put path $ key windowId value {}
12:54:27.240 [main] DEBUG com.jayway.jsonpath.internal.path.CompiledPath -- Evaluating path: $
12:54:27.240 [main] DEBUG com.jayway.jsonpath.internal.JsonContext -- Put path $ key windowId value 362466628
12:54:27.240 [main] DEBUG com.jayway.jsonpath.internal.path.CompiledPath -- Evaluating path: $['bounds']
12:54:27.240 [main] DEBUG com.jayway.jsonpath.internal.path.CompiledPath -- Evaluating path: $
12:54:27.240 [main] DEBUG com.jayway.jsonpath.internal.path.CompiledPath -- Evaluating path: $
12:54:27.240 [main] DEBUG com.jayway.jsonpath.internal.JsonContext -- Put path $ key bounds value {}
12:54:27.240 [main] DEBUG com.jayway.jsonpath.internal.path.CompiledPath -- Evaluating path: $
12:54:27.240 [main] DEBUG com.jayway.jsonpath.internal.JsonContext -- Put path $ key bounds value {windowState=maximized}
12:54:27.240 [main] DEBUG com.jayway.jsonpath.internal.path.CompiledPath -- Evaluating path: $
12:54:27.240 [main] DEBUG com.intuit.karate.driver.chrome_1718781863995 -- >> {"id":8,"sessionId":"EE1621CCDA1EE4FD28EC2BCD46011587","method":"Browser.setWindowBounds","params":{"windowId":362466628,"bounds":{"windowState":"maximized"}}}
12:54:27.247 [nioEventLoopGroup-15-1] DEBUG com.intuit.karate.driver.chrome_1718781863995 -- << {"id":8,"result":{},"sessionId":"EE1621CCDA1EE4FD28EC2BCD46011587"}
12:54:27.247 [nioEventLoopGroup-15-1] DEBUG com.jayway.jsonpath.internal.path.CompiledPath -- Evaluating path: $
12:54:27.252 [nioEventLoopGroup-15-1] DEBUG com.intuit.karate.driver.chrome_1718781863995 -- << {"method":"Page.frameResized","params":{},"sessionId":"EE1621CCDA1EE4FD28EC2BCD46011587"}
12:54:27.252 [nioEventLoopGroup-15-1] DEBUG com.jayway.jsonpath.internal.path.CompiledPath -- Evaluating path: $
12:54:27.253 [nioEventLoopGroup-15-1] DEBUG com.intuit.karate.driver.chrome_1718781863995 -- << {"method":"Page.frameResized","params":{},"sessionId":"EE1621CCDA1EE4FD28EC2BCD46011587"}
12:54:27.253 [nioEventLoopGroup-15-1] DEBUG com.jayway.jsonpath.internal.path.CompiledPath -- Evaluating path: $
12:54:27.254 [main] DEBUG com.jayway.jsonpath.internal.path.CompiledPath -- Evaluating path: $['expression']
12:54:27.254 [main] DEBUG com.jayway.jsonpath.internal.path.CompiledPath -- Evaluating path: $
12:54:27.254 [main] DEBUG com.jayway.jsonpath.internal.path.CompiledPath -- Evaluating path: $
12:54:27.254 [main] DEBUG com.jayway.jsonpath.internal.JsonContext -- Put path $ key expression value {}
12:54:27.254 [main] DEBUG com.jayway.jsonpath.internal.path.CompiledPath -- Evaluating path: $
12:54:27.254 [main] DEBUG com.jayway.jsonpath.internal.JsonContext -- Put path $ key expression value document.location.href
12:54:27.254 [main] DEBUG com.jayway.jsonpath.internal.path.CompiledPath -- Evaluating path: $['returnByValue']
12:54:27.254 [main] DEBUG com.jayway.jsonpath.internal.path.CompiledPath -- Evaluating path: $
12:54:27.254 [main] DEBUG com.jayway.jsonpath.internal.path.CompiledPath -- Evaluating path: $
12:54:27.254 [main] DEBUG com.jayway.jsonpath.internal.JsonContext -- Put path $ key returnByValue value {}
12:54:27.254 [main] DEBUG com.jayway.jsonpath.internal.path.CompiledPath -- Evaluating path: $
12:54:27.254 [main] DEBUG com.jayway.jsonpath.internal.JsonContext -- Put path $ key returnByValue value true
12:54:27.254 [main] DEBUG com.jayway.jsonpath.internal.path.CompiledPath -- Evaluating path: $
12:54:27.254 [main] DEBUG com.intuit.karate.driver.chrome_1718781863995 -- >> {"id":9,"sessionId":"EE1621CCDA1EE4FD28EC2BCD46011587","method":"Runtime.evaluate","params":{"expression":"document.location.href","returnByValue":true}}
12:54:27.255 [nioEventLoopGroup-15-1] DEBUG com.intuit.karate.driver.chrome_1718781863995 -- << {"id":9,"result":{"result":{"type":"string","value":"https://www.saucedemo.com/"}},"sessionId":"EE1621CCDA1EE4FD28EC2BCD46011587"}
12:54:27.255 [nioEventLoopGroup-15-1] DEBUG com.jayway.jsonpath.internal.path.CompiledPath -- Evaluating path: $
12:54:27.258 [main] DEBUG com.jayway.jsonpath.internal.path.CompiledPath -- Evaluating path: $['expression']
12:54:27.258 [main] DEBUG com.jayway.jsonpath.internal.path.CompiledPath -- Evaluating path: $
12:54:27.258 [main] DEBUG com.jayway.jsonpath.internal.path.CompiledPath -- Evaluating path: $
12:54:27.258 [main] DEBUG com.jayway.jsonpath.internal.JsonContext -- Put path $ key expression value {}
12:54:27.258 [main] DEBUG com.jayway.jsonpath.internal.path.CompiledPath -- Evaluating path: $
12:54:27.258 [main] DEBUG com.jayway.jsonpath.internal.JsonContext -- Put path $ key expression value (document.evaluate("//*[@id='user-name']", document, null, 9, null).singleNodeValue != null)
12:54:27.258 [main] DEBUG com.jayway.jsonpath.internal.path.CompiledPath -- Evaluating path: $['returnByValue']
12:54:27.258 [main] DEBUG com.jayway.jsonpath.internal.path.CompiledPath -- Evaluating path: $
12:54:27.258 [main] DEBUG com.jayway.jsonpath.internal.path.CompiledPath -- Evaluating path: $
12:54:27.258 [main] DEBUG com.jayway.jsonpath.internal.JsonContext -- Put path $ key returnByValue value {}
12:54:27.258 [main] DEBUG com.jayway.jsonpath.internal.path.CompiledPath -- Evaluating path: $
12:54:27.258 [main] DEBUG com.jayway.jsonpath.internal.JsonContext -- Put path $ key returnByValue value true
12:54:27.258 [main] DEBUG com.jayway.jsonpath.internal.path.CompiledPath -- Evaluating path: $
12:54:27.258 [main] DEBUG com.intuit.karate.driver.chrome_1718781863995 -- >> {"id":10,"sessionId":"EE1621CCDA1EE4FD28EC2BCD46011587","method":"Runtime.evaluate","params":{"expression":"(document.evaluate(\"\/\/*[@id='user-name']\", document, null, 9, null).singleNodeValue != null)","returnByValue":true}}
12:54:27.260 [nioEventLoopGroup-15-1] DEBUG com.intuit.karate.driver.chrome_1718781863995 -- << {"id":10,"result":{"result":{"type":"boolean","value":true}},"sessionId":"EE1621CCDA1EE4FD28EC2BCD46011587"}
12:54:27.260 [nioEventLoopGroup-15-1] DEBUG com.jayway.jsonpath.internal.path.CompiledPath -- Evaluating path: $
12:54:27.268 [main] DEBUG com.jayway.jsonpath.internal.path.CompiledPath -- Evaluating path: $['expression']
12:54:27.268 [main] DEBUG com.jayway.jsonpath.internal.path.CompiledPath -- Evaluating path: $
12:54:27.268 [main] DEBUG com.jayway.jsonpath.internal.path.CompiledPath -- Evaluating path: $
12:54:27.268 [main] DEBUG com.jayway.jsonpath.internal.JsonContext -- Put path $ key expression value {}
12:54:27.268 [main] DEBUG com.jayway.jsonpath.internal.path.CompiledPath -- Evaluating path: $
12:54:27.268 [main] DEBUG com.jayway.jsonpath.internal.JsonContext -- Put path $ key expression value var e = document.evaluate("//*[@id='user-name']", document, null, 9, null).singleNodeValue; e.focus(); try { e.selectionStart = e.selectionEnd = e.value.length } catch(x) {}
12:54:27.268 [main] DEBUG com.jayway.jsonpath.internal.path.CompiledPath -- Evaluating path: $['returnByValue']
12:54:27.268 [main] DEBUG com.jayway.jsonpath.internal.path.CompiledPath -- Evaluating path: $
12:54:27.268 [main] DEBUG com.jayway.jsonpath.internal.path.CompiledPath -- Evaluating path: $
12:54:27.268 [main] DEBUG com.jayway.jsonpath.internal.JsonContext -- Put path $ key returnByValue value {}
12:54:27.268 [main] DEBUG com.jayway.jsonpath.internal.path.CompiledPath -- Evaluating path: $
12:54:27.268 [main] DEBUG com.jayway.jsonpath.internal.JsonContext -- Put path $ key returnByValue value true
12:54:27.268 [main] DEBUG com.jayway.jsonpath.internal.path.CompiledPath -- Evaluating path: $
12:54:27.268 [main] DEBUG com.intuit.karate.driver.chrome_1718781863995 -- >> {"id":11,"sessionId":"EE1621CCDA1EE4FD28EC2BCD46011587","method":"Runtime.evaluate","params":{"expression":"var e = document.evaluate(\"\/\/*[@id='user-name']\", document, null, 9, null).singleNodeValue; e.focus(); try { e.selectionStart = e.selectionEnd = e.value.length } catch(x) {}","returnByValue":true}}
12:54:27.280 [nioEventLoopGroup-15-1] DEBUG com.intuit.karate.driver.chrome_1718781863995 -- << {"id":11,"result":{"result":{"type":"number","value":0,"description":"0"}},"sessionId":"EE1621CCDA1EE4FD28EC2BCD46011587"}
12:54:27.281 [nioEventLoopGroup-15-1] DEBUG com.jayway.jsonpath.internal.path.CompiledPath -- Evaluating path: $
12:54:27.281 [main] DEBUG com.jayway.jsonpath.internal.path.CompiledPath -- Evaluating path: $['modifiers']
12:54:27.281 [main] DEBUG com.jayway.jsonpath.internal.path.CompiledPath -- Evaluating path: $
12:54:27.281 [main] DEBUG com.jayway.jsonpath.internal.path.CompiledPath -- Evaluating path: $
12:54:27.281 [main] DEBUG com.jayway.jsonpath.internal.JsonContext -- Put path $ key modifiers value {}
12:54:27.281 [main] DEBUG com.jayway.jsonpath.internal.path.CompiledPath -- Evaluating path: $
12:54:27.281 [main] DEBUG com.jayway.jsonpath.internal.JsonContext -- Put path $ key modifiers value 0
12:54:27.281 [main] DEBUG com.jayway.jsonpath.internal.path.CompiledPath -- Evaluating path: $['type']
12:54:27.281 [main] DEBUG com.jayway.jsonpath.internal.path.CompiledPath -- Evaluating path: $
12:54:27.281 [main] DEBUG com.jayway.jsonpath.internal.path.CompiledPath -- Evaluating path: $
12:54:27.281 [main] DEBUG com.jayway.jsonpath.internal.JsonContext -- Put path $ key type value {}
12:54:27.281 [main] DEBUG com.jayway.jsonpath.internal.path.CompiledPath -- Evaluating path: $
12:54:27.281 [main] DEBUG com.jayway.jsonpath.internal.JsonContext -- Put path $ key type value rawKeyDown
12:54:27.281 [main] DEBUG com.jayway.jsonpath.internal.path.CompiledPath -- Evaluating path: $['text']
12:54:27.281 [main] DEBUG com.jayway.jsonpath.internal.path.CompiledPath -- Evaluating path: $
12:54:27.281 [main] DEBUG com.jayway.jsonpath.internal.path.CompiledPath -- Evaluating path: $
12:54:27.281 [main] DEBUG com.jayway.jsonpath.internal.JsonContext -- Put path $ key text value {}
12:54:27.281 [main] DEBUG com.jayway.jsonpath.internal.path.CompiledPath -- Evaluating path: $
12:54:27.281 [main] DEBUG com.jayway.jsonpath.internal.JsonContext -- Put path $ key text value s
12:54:27.281 [main] DEBUG com.jayway.jsonpath.internal.path.CompiledPath -- Evaluating path: $['windowsVirtualKeyCode']
12:54:27.281 [main] DEBUG com.jayway.jsonpath.internal.path.CompiledPath -- Evaluating path: $
12:54:27.281 [main] DEBUG com.jayway.jsonpath.internal.path.CompiledPath -- Evaluating path: $
12:54:27.281 [main] DEBUG com.jayway.jsonpath.internal.JsonContext -- Put path $ key windowsVirtualKeyCode value {}
12:54:27.281 [main] DEBUG com.jayway.jsonpath.internal.path.CompiledPath -- Evaluating path: $
12:54:27.281 [main] DEBUG com.jayway.jsonpath.internal.JsonContext -- Put path $ key windowsVirtualKeyCode value 115
12:54:27.281 [main] DEBUG com.jayway.jsonpath.internal.path.CompiledPath -- Evaluating path: $
12:54:27.281 [main] DEBUG com.intuit.karate.driver.chrome_1718781863995 -- >> {"id":12,"sessionId":"EE1621CCDA1EE4FD28EC2BCD46011587","method":"Input.dispatchKeyEvent","params":{"modifiers":0,"type":"rawKeyDown","text":"s","windowsVirtualKeyCode":115}}
12:54:27.285 [nioEventLoopGroup-15-1] DEBUG com.intuit.karate.driver.chrome_1718781863995 -- << {"id":12,"result":{},"sessionId":"EE1621CCDA1EE4FD28EC2BCD46011587"}
12:54:27.285 [nioEventLoopGroup-15-1] DEBUG com.jayway.jsonpath.internal.path.CompiledPath -- Evaluating path: $
12:54:27.285 [main] DEBUG com.jayway.jsonpath.internal.path.CompiledPath -- Evaluating path: $['modifiers']
12:54:27.285 [main] DEBUG com.jayway.jsonpath.internal.path.CompiledPath -- Evaluating path: $
12:54:27.285 [main] DEBUG com.jayway.jsonpath.internal.path.CompiledPath -- Evaluating path: $
12:54:27.285 [main] DEBUG com.jayway.jsonpath.internal.JsonContext -- Put path $ key modifiers value {}
12:54:27.285 [main] DEBUG com.jayway.jsonpath.internal.path.CompiledPath -- Evaluating path: $
12:54:27.285 [main] DEBUG com.jayway.jsonpath.internal.JsonContext -- Put path $ key modifiers value 0
12:54:27.285 [main] DEBUG com.jayway.jsonpath.internal.path.CompiledPath -- Evaluating path: $['type']
12:54:27.285 [main] DEBUG com.jayway.jsonpath.internal.path.CompiledPath -- Evaluating path: $
12:54:27.285 [main] DEBUG com.jayway.jsonpath.internal.path.CompiledPath -- Evaluating path: $
12:54:27.285 [main] DEBUG com.jayway.jsonpath.internal.JsonContext -- Put path $ key type value {}
12:54:27.285 [main] DEBUG com.jayway.jsonpath.internal.path.CompiledPath -- Evaluating path: $
12:54:27.285 [main] DEBUG com.jayway.jsonpath.internal.JsonContext -- Put path $ key type value char
12:54:27.285 [main] DEBUG com.jayway.jsonpath.internal.path.CompiledPath -- Evaluating path: $['text']
12:54:27.285 [main] DEBUG com.jayway.jsonpath.internal.path.CompiledPath -- Evaluating path: $
12:54:27.285 [main] DEBUG com.jayway.jsonpath.internal.path.CompiledPath -- Evaluating path: $
12:54:27.285 [main] DEBUG com.jayway.jsonpath.internal.JsonContext -- Put path $ key text value {}
12:54:27.285 [main] DEBUG com.jayway.jsonpath.internal.path.CompiledPath -- Evaluating path: $
12:54:27.285 [main] DEBUG com.jayway.jsonpath.internal.JsonContext -- Put path $ key text value s
12:54:27.285 [main] DEBUG com.jayway.jsonpath.internal.path.CompiledPath -- Evaluating path: $['windowsVirtualKeyCode']
12:54:27.285 [main] DEBUG com.jayway.jsonpath.internal.path.CompiledPath -- Evaluating path: $
12:54:27.285 [main] DEBUG com.jayway.jsonpath.internal.path.CompiledPath -- Evaluating path: $
12:54:27.285 [main] DEBUG com.jayway.jsonpath.internal.JsonContext -- Put path $ key windowsVirtualKeyCode value {}
12:54:27.285 [main] DEBUG com.jayway.jsonpath.internal.path.CompiledPath -- Evaluating path: $
12:54:27.285 [main] DEBUG com.jayway.jsonpath.internal.JsonContext -- Put path $ key windowsVirtualKeyCode value 115
12:54:27.285 [main] DEBUG com.jayway.jsonpath.internal.path.CompiledPath -- Evaluating path: $
12:54:27.285 [main] DEBUG com.intuit.karate.driver.chrome_1718781863995 -- >> {"id":13,"sessionId":"EE1621CCDA1EE4FD28EC2BCD46011587","method":"Input.dispatchKeyEvent","params":{"modifiers":0,"type":"char","text":"s","windowsVirtualKeyCode":115}}
12:54:27.292 [nioEventLoopGroup-15-1] DEBUG com.intuit.karate.driver.chrome_1718781863995 -- << {"id":13,"result":{},"sessionId":"EE1621CCDA1EE4FD28EC2BCD46011587"}
12:54:27.292 [nioEventLoopGroup-15-1] DEBUG com.jayway.jsonpath.internal.path.CompiledPath -- Evaluating path: $
12:54:27.292 [main] DEBUG com.jayway.jsonpath.internal.path.CompiledPath -- Evaluating path: $['modifiers']
12:54:27.292 [main] DEBUG com.jayway.jsonpath.internal.path.CompiledPath -- Evaluating path: $
12:54:27.292 [main] DEBUG com.jayway.jsonpath.internal.path.CompiledPath -- Evaluating path: $
12:54:27.292 [main] DEBUG com.jayway.jsonpath.internal.JsonContext -- Put path $ key modifiers value {}
12:54:27.292 [main] DEBUG com.jayway.jsonpath.internal.path.CompiledPath -- Evaluating path: $
12:54:27.292 [main] DEBUG com.jayway.jsonpath.internal.JsonContext -- Put path $ key modifiers value 0
12:54:27.292 [main] DEBUG com.jayway.jsonpath.internal.path.CompiledPath -- Evaluating path: $['type']
12:54:27.292 [main] DEBUG com.jayway.jsonpath.internal.path.CompiledPath -- Evaluating path: $
12:54:27.292 [main] DEBUG com.jayway.jsonpath.internal.path.CompiledPath -- Evaluating path: $
12:54:27.292 [main] DEBUG com.jayway.jsonpath.internal.JsonContext -- Put path $ key type value {}
12:54:27.292 [main] DEBUG com.jayway.jsonpath.internal.path.CompiledPath -- Evaluating path: $
12:54:27.292 [main] DEBUG com.jayway.jsonpath.internal.JsonContext -- Put path $ key type value keyUp
12:54:27.292 [main] DEBUG com.jayway.jsonpath.internal.path.CompiledPath -- Evaluating path: $['text']
12:54:27.292 [main] DEBUG com.jayway.jsonpath.internal.path.CompiledPath -- Evaluating path: $
12:54:27.292 [main] DEBUG com.jayway.jsonpath.internal.path.CompiledPath -- Evaluating path: $
12:54:27.292 [main] DEBUG com.jayway.jsonpath.internal.JsonContext -- Put path $ key text value {}
12:54:27.292 [main] DEBUG com.jayway.jsonpath.internal.path.CompiledPath -- Evaluating path: $
12:54:27.292 [main] DEBUG com.jayway.jsonpath.internal.JsonContext -- Put path $ key text value s
12:54:27.292 [main] DEBUG com.jayway.jsonpath.internal.path.CompiledPath -- Evaluating path: $['windowsVirtualKeyCode']
12:54:27.292 [main] DEBUG com.jayway.jsonpath.internal.path.CompiledPath -- Evaluating path: $
12:54:27.292 [main] DEBUG com.jayway.jsonpath.internal.path.CompiledPath -- Evaluating path: $
12:54:27.292 [main] DEBUG com.jayway.jsonpath.internal.JsonContext -- Put path $ key windowsVirtualKeyCode value {}
12:54:27.292 [main] DEBUG com.jayway.jsonpath.internal.path.CompiledPath -- Evaluating path: $
12:54:27.292 [main] DEBUG com.jayway.jsonpath.internal.JsonContext -- Put path $ key windowsVirtualKeyCode value 115
12:54:27.292 [main] DEBUG com.jayway.jsonpath.internal.path.CompiledPath -- Evaluating path: $
12:54:27.292 [main] DEBUG com.intuit.karate.driver.chrome_1718781863995 -- >> {"id":14,"sessionId":"EE1621CCDA1EE4FD28EC2BCD46011587","method":"Input.dispatchKeyEvent","params":{"modifiers":0,"type":"keyUp","text":"s","windowsVirtualKeyCode":115}}
12:54:27.294 [nioEventLoopGroup-15-1] DEBUG com.intuit.karate.driver.chrome_1718781863995 -- << {"id":14,"result":{},"sessionId":"EE1621CCDA1EE4FD28EC2BCD46011587"}
12:54:27.294 [nioEventLoopGroup-15-1] DEBUG com.jayway.jsonpath.internal.path.CompiledPath -- Evaluating path: $
12:54:27.294 [main] DEBUG com.jayway.jsonpath.internal.path.CompiledPath -- Evaluating path: $['modifiers']
12:54:27.294 [main] DEBUG com.jayway.jsonpath.internal.path.CompiledPath -- Evaluating path: $
12:54:27.294 [main] DEBUG com.jayway.jsonpath.internal.path.CompiledPath -- Evaluating path: $
12:54:27.294 [main] DEBUG com.jayway.jsonpath.internal.JsonContext -- Put path $ key modifiers value {}
12:54:27.294 [main] DEBUG com.jayway.jsonpath.internal.path.CompiledPath -- Evaluating path: $
12:54:27.294 [main] DEBUG com.jayway.jsonpath.internal.JsonContext -- Put path $ key modifiers value 0
12:54:27.294 [main] DEBUG com.jayway.jsonpath.internal.path.CompiledPath -- Evaluating path: $['type']
12:54:27.294 [main] DEBUG com.jayway.jsonpath.internal.path.CompiledPath -- Evaluating path: $
12:54:27.294 [main] DEBUG com.jayway.jsonpath.internal.path.CompiledPath -- Evaluating path: $
12:54:27.294 [main] DEBUG com.jayway.jsonpath.internal.JsonContext -- Put path $ key type value {}
12:54:27.294 [main] DEBUG com.jayway.jsonpath.internal.path.CompiledPath -- Evaluating path: $
12:54:27.294 [main] DEBUG com.jayway.jsonpath.internal.JsonContext -- Put path $ key type value rawKeyDown
12:54:27.294 [main] DEBUG com.jayway.jsonpath.internal.path.CompiledPath -- Evaluating path: $['text']
12:54:27.294 [main] DEBUG com.jayway.jsonpath.internal.path.CompiledPath -- Evaluating path: $
12:54:27.294 [main] DEBUG com.jayway.jsonpath.internal.path.CompiledPath -- Evaluating path: $
12:54:27.294 [main] DEBUG com.jayway.jsonpath.internal.JsonContext -- Put path $ key text value {}
12:54:27.294 [main] DEBUG com.jayway.jsonpath.internal.path.CompiledPath -- Evaluating path: $
12:54:27.294 [main] DEBUG com.jayway.jsonpath.internal.JsonContext -- Put path $ key text value t
12:54:27.294 [main] DEBUG com.jayway.jsonpath.internal.path.CompiledPath -- Evaluating path: $['windowsVirtualKeyCode']
12:54:27.294 [main] DEBUG com.jayway.jsonpath.internal.path.CompiledPath -- Evaluating path: $
12:54:27.294 [main] DEBUG com.jayway.jsonpath.internal.path.CompiledPath -- Evaluating path: $
12:54:27.294 [main] DEBUG com.jayway.jsonpath.internal.JsonContext -- Put path $ key windowsVirtualKeyCode value {}
12:54:27.294 [main] DEBUG com.jayway.jsonpath.internal.path.CompiledPath -- Evaluating path: $
12:54:27.294 [main] DEBUG com.jayway.jsonpath.internal.JsonContext -- Put path $ key windowsVirtualKeyCode value 116
12:54:27.294 [main] DEBUG com.jayway.jsonpath.internal.path.CompiledPath -- Evaluating path: $
12:54:27.294 [main] DEBUG com.intuit.karate.driver.chrome_1718781863995 -- >> {"id":15,"sessionId":"EE1621CCDA1EE4FD28EC2BCD46011587","method":"Input.dispatchKeyEvent","params":{"modifiers":0,"type":"rawKeyDown","text":"t","windowsVirtualKeyCode":116}}
12:54:27.297 [nioEventLoopGroup-15-1] DEBUG com.intuit.karate.driver.chrome_1718781863995 -- << {"id":15,"result":{},"sessionId":"EE1621CCDA1EE4FD28EC2BCD46011587"}
12:54:27.297 [nioEventLoopGroup-15-1] DEBUG com.jayway.jsonpath.internal.path.CompiledPath -- Evaluating path: $
12:54:27.298 [main] DEBUG com.jayway.jsonpath.internal.path.CompiledPath -- Evaluating path: $['modifiers']
12:54:27.298 [main] DEBUG com.jayway.jsonpath.internal.path.CompiledPath -- Evaluating path: $
12:54:27.298 [main] DEBUG com.jayway.jsonpath.internal.path.CompiledPath -- Evaluating path: $
12:54:27.298 [main] DEBUG com.jayway.jsonpath.internal.JsonContext -- Put path $ key modifiers value {}
12:54:27.298 [main] DEBUG com.jayway.jsonpath.internal.path.CompiledPath -- Evaluating path: $
12:54:27.298 [main] DEBUG com.jayway.jsonpath.internal.JsonContext -- Put path $ key modifiers value 0
12:54:27.299 [main] DEBUG com.jayway.jsonpath.internal.path.CompiledPath -- Evaluating path: $['type']
12:54:27.299 [main] DEBUG com.jayway.jsonpath.internal.path.CompiledPath -- Evaluating path: $
12:54:27.299 [main] DEBUG com.jayway.jsonpath.internal.path.CompiledPath -- Evaluating path: $
12:54:27.299 [main] DEBUG com.jayway.jsonpath.internal.JsonContext -- Put path $ key type value {}
12:54:27.299 [main] DEBUG com.jayway.jsonpath.internal.path.CompiledPath -- Evaluating path: $
12:54:27.299 [main] DEBUG com.jayway.jsonpath.internal.JsonContext -- Put path $ key type value char
12:54:27.299 [main] DEBUG com.jayway.jsonpath.internal.path.CompiledPath -- Evaluating path: $['text']
12:54:27.299 [main] DEBUG com.jayway.jsonpath.internal.path.CompiledPath -- Evaluating path: $
12:54:27.299 [main] DEBUG com.jayway.jsonpath.internal.path.CompiledPath -- Evaluating path: $
12:54:27.299 [main] DEBUG com.jayway.jsonpath.internal.JsonContext -- Put path $ key text value {}
12:54:27.299 [main] DEBUG com.jayway.jsonpath.internal.path.CompiledPath -- Evaluating path: $
12:54:27.299 [main] DEBUG com.jayway.jsonpath.internal.JsonContext -- Put path $ key text value t
12:54:27.299 [main] DEBUG com.jayway.jsonpath.internal.path.CompiledPath -- Evaluating path: $['windowsVirtualKeyCode']
12:54:27.299 [main] DEBUG com.jayway.jsonpath.internal.path.CompiledPath -- Evaluating path: $
12:54:27.299 [main] DEBUG com.jayway.jsonpath.internal.path.CompiledPath -- Evaluating path: $
12:54:27.299 [main] DEBUG com.jayway.jsonpath.internal.JsonContext -- Put path $ key windowsVirtualKeyCode value {}
12:54:27.299 [main] DEBUG com.jayway.jsonpath.internal.path.CompiledPath -- Evaluating path: $
12:54:27.299 [main] DEBUG com.jayway.jsonpath.internal.JsonContext -- Put path $ key windowsVirtualKeyCode value 116
12:54:27.299 [main] DEBUG com.jayway.jsonpath.internal.path.CompiledPath -- Evaluating path: $
12:54:27.299 [main] DEBUG com.intuit.karate.driver.chrome_1718781863995 -- >> {"id":16,"sessionId":"EE1621CCDA1EE4FD28EC2BCD46011587","method":"Input.dispatchKeyEvent","params":{"modifiers":0,"type":"char","text":"t","windowsVirtualKeyCode":116}}
12:54:27.306 [nioEventLoopGroup-15-1] DEBUG com.intuit.karate.driver.chrome_1718781863995 -- << {"id":16,"result":{},"sessionId":"EE1621CCDA1EE4FD28EC2BCD46011587"}
12:54:27.306 [nioEventLoopGroup-15-1] DEBUG com.jayway.jsonpath.internal.path.CompiledPath -- Evaluating path: $
12:54:27.307 [main] DEBUG com.jayway.jsonpath.internal.path.CompiledPath -- Evaluating path: $['modifiers']
12:54:27.307 [main] DEBUG com.jayway.jsonpath.internal.path.CompiledPath -- Evaluating path: $
12:54:27.307 [main] DEBUG com.jayway.jsonpath.internal.path.CompiledPath -- Evaluating path: $
12:54:27.307 [main] DEBUG com.jayway.jsonpath.internal.JsonContext -- Put path $ key modifiers value {}
12:54:27.307 [main] DEBUG com.jayway.jsonpath.internal.path.CompiledPath -- Evaluating path: $
12:54:27.307 [main] DEBUG com.jayway.jsonpath.internal.JsonContext -- Put path $ key modifiers value 0
12:54:27.307 [main] DEBUG com.jayway.jsonpath.internal.path.CompiledPath -- Evaluating path: $['type']
12:54:27.307 [main] DEBUG com.jayway.jsonpath.internal.path.CompiledPath -- Evaluating path: $
12:54:27.307 [main] DEBUG com.jayway.jsonpath.internal.path.CompiledPath -- Evaluating path: $
12:54:27.307 [main] DEBUG com.jayway.jsonpath.internal.JsonContext -- Put path $ key type value {}
12:54:27.307 [main] DEBUG com.jayway.jsonpath.internal.path.CompiledPath -- Evaluating path: $
12:54:27.307 [main] DEBUG com.jayway.jsonpath.internal.JsonContext -- Put path $ key type value keyUp
12:54:27.307 [main] DEBUG com.jayway.jsonpath.internal.path.CompiledPath -- Evaluating path: $['text']
12:54:27.307 [main] DEBUG com.jayway.jsonpath.internal.path.CompiledPath -- Evaluating path: $
12:54:27.307 [main] DEBUG com.jayway.jsonpath.internal.path.CompiledPath -- Evaluating path: $
12:54:27.307 [main] DEBUG com.jayway.jsonpath.internal.JsonContext -- Put path $ key text value {}
12:54:27.307 [main] DEBUG com.jayway.jsonpath.internal.path.CompiledPath -- Evaluating path: $
12:54:27.307 [main] DEBUG com.jayway.jsonpath.internal.JsonContext -- Put path $ key text value t
12:54:27.307 [main] DEBUG com.jayway.jsonpath.internal.path.CompiledPath -- Evaluating path: $['windowsVirtualKeyCode']
12:54:27.307 [main] DEBUG com.jayway.jsonpath.internal.path.CompiledPath -- Evaluating path: $
12:54:27.307 [main] DEBUG com.jayway.jsonpath.internal.path.CompiledPath -- Evaluating path: $
12:54:27.307 [main] DEBUG com.jayway.jsonpath.internal.JsonContext -- Put path $ key windowsVirtualKeyCode value {}
12:54:27.307 [main] DEBUG com.jayway.jsonpath.internal.path.CompiledPath -- Evaluating path: $
12:54:27.307 [main] DEBUG com.jayway.jsonpath.internal.JsonContext -- Put path $ key windowsVirtualKeyCode value 116
12:54:27.307 [main] DEBUG com.jayway.jsonpath.internal.path.CompiledPath -- Evaluating path: $
12:54:27.307 [main] DEBUG com.intuit.karate.driver.chrome_1718781863995 -- >> {"id":17,"sessionId":"EE1621CCDA1EE4FD28EC2BCD46011587","method":"Input.dispatchKeyEvent","params":{"modifiers":0,"type":"keyUp","text":"t","windowsVirtualKeyCode":116}}
12:54:27.308 [nioEventLoopGroup-15-1] DEBUG com.intuit.karate.driver.chrome_1718781863995 -- << {"id":17,"result":{},"sessionId":"EE1621CCDA1EE4FD28EC2BCD46011587"}
12:54:27.308 [nioEventLoopGroup-15-1] DEBUG com.jayway.jsonpath.internal.path.CompiledPath -- Evaluating path: $
12:54:27.308 [main] DEBUG com.jayway.jsonpath.internal.path.CompiledPath -- Evaluating path: $['modifiers']
12:54:27.308 [main] DEBUG com.jayway.jsonpath.internal.path.CompiledPath -- Evaluating path: $
12:54:27.308 [main] DEBUG com.jayway.jsonpath.internal.path.CompiledPath -- Evaluating path: $
12:54:27.308 [main] DEBUG com.jayway.jsonpath.internal.JsonContext -- Put path $ key modifiers value {}
12:54:27.308 [main] DEBUG com.jayway.jsonpath.internal.path.CompiledPath -- Evaluating path: $
12:54:27.308 [main] DEBUG com.jayway.jsonpath.internal.JsonContext -- Put path $ key modifiers value 0
12:54:27.308 [main] DEBUG com.jayway.jsonpath.internal.path.CompiledPath -- Evaluating path: $['type']
12:54:27.308 [main] DEBUG com.jayway.jsonpath.internal.path.CompiledPath -- Evaluating path: $
12:54:27.308 [main] DEBUG com.jayway.jsonpath.internal.path.CompiledPath -- Evaluating path: $
12:54:27.308 [main] DEBUG com.jayway.jsonpath.internal.JsonContext -- Put path $ key type value {}
12:54:27.308 [main] DEBUG com.jayway.jsonpath.internal.path.CompiledPath -- Evaluating path: $
12:54:27.308 [main] DEBUG com.jayway.jsonpath.internal.JsonContext -- Put path $ key type value rawKeyDown
12:54:27.308 [main] DEBUG com.jayway.jsonpath.internal.path.CompiledPath -- Evaluating path: $['text']
12:54:27.308 [main] DEBUG com.jayway.jsonpath.internal.path.CompiledPath -- Evaluating path: $
12:54:27.308 [main] DEBUG com.jayway.jsonpath.internal.path.CompiledPath -- Evaluating path: $
12:54:27.308 [main] DEBUG com.jayway.jsonpath.internal.JsonContext -- Put path $ key text value {}
12:54:27.308 [main] DEBUG com.jayway.jsonpath.internal.path.CompiledPath -- Evaluating path: $
12:54:27.308 [main] DEBUG com.jayway.jsonpath.internal.JsonContext -- Put path $ key text value a
12:54:27.308 [main] DEBUG com.jayway.jsonpath.internal.path.CompiledPath -- Evaluating path: $['windowsVirtualKeyCode']
12:54:27.308 [main] DEBUG com.jayway.jsonpath.internal.path.CompiledPath -- Evaluating path: $
12:54:27.308 [main] DEBUG com.jayway.jsonpath.internal.path.CompiledPath -- Evaluating path: $
12:54:27.308 [main] DEBUG com.jayway.jsonpath.internal.JsonContext -- Put path $ key windowsVirtualKeyCode value {}
12:54:27.308 [main] DEBUG com.jayway.jsonpath.internal.path.CompiledPath -- Evaluating path: $
12:54:27.308 [main] DEBUG com.jayway.jsonpath.internal.JsonContext -- Put path $ key windowsVirtualKeyCode value 97
12:54:27.308 [main] DEBUG com.jayway.jsonpath.internal.path.CompiledPath -- Evaluating path: $
12:54:27.308 [main] DEBUG com.intuit.karate.driver.chrome_1718781863995 -- >> {"id":18,"sessionId":"EE1621CCDA1EE4FD28EC2BCD46011587","method":"Input.dispatchKeyEvent","params":{"modifiers":0,"type":"rawKeyDown","text":"a","windowsVirtualKeyCode":97}}
12:54:27.311 [nioEventLoopGroup-15-1] DEBUG com.intuit.karate.driver.chrome_1718781863995 -- << {"id":18,"result":{},"sessionId":"EE1621CCDA1EE4FD28EC2BCD46011587"}
12:54:27.311 [nioEventLoopGroup-15-1] DEBUG com.jayway.jsonpath.internal.path.CompiledPath -- Evaluating path: $
12:54:27.311 [main] DEBUG com.jayway.jsonpath.internal.path.CompiledPath -- Evaluating path: $['modifiers']
12:54:27.311 [main] DEBUG com.jayway.jsonpath.internal.path.CompiledPath -- Evaluating path: $
12:54:27.312 [main] DEBUG com.jayway.jsonpath.internal.path.CompiledPath -- Evaluating path: $
12:54:27.312 [main] DEBUG com.jayway.jsonpath.internal.JsonContext -- Put path $ key modifiers value {}
12:54:27.312 [main] DEBUG com.jayway.jsonpath.internal.path.CompiledPath -- Evaluating path: $
12:54:27.312 [main] DEBUG com.jayway.jsonpath.internal.JsonContext -- Put path $ key modifiers value 0
12:54:27.312 [main] DEBUG com.jayway.jsonpath.internal.path.CompiledPath -- Evaluating path: $['type']
12:54:27.312 [main] DEBUG com.jayway.jsonpath.internal.path.CompiledPath -- Evaluating path: $
12:54:27.312 [main] DEBUG com.jayway.jsonpath.internal.path.CompiledPath -- Evaluating path: $
12:54:27.312 [main] DEBUG com.jayway.jsonpath.internal.JsonContext -- Put path $ key type value {}
12:54:27.312 [main] DEBUG com.jayway.jsonpath.internal.path.CompiledPath -- Evaluating path: $
12:54:27.312 [main] DEBUG com.jayway.jsonpath.internal.JsonContext -- Put path $ key type value char
12:54:27.312 [main] DEBUG com.jayway.jsonpath.internal.path.CompiledPath -- Evaluating path: $['text']
12:54:27.312 [main] DEBUG com.jayway.jsonpath.internal.path.CompiledPath -- Evaluating path: $
12:54:27.312 [main] DEBUG com.jayway.jsonpath.internal.path.CompiledPath -- Evaluating path: $
12:54:27.312 [main] DEBUG com.jayway.jsonpath.internal.JsonContext -- Put path $ key text value {}
12:54:27.312 [main] DEBUG com.jayway.jsonpath.internal.path.CompiledPath -- Evaluating path: $
12:54:27.312 [main] DEBUG com.jayway.jsonpath.internal.JsonContext -- Put path $ key text value a
12:54:27.312 [main] DEBUG com.jayway.jsonpath.internal.path.CompiledPath -- Evaluating path: $['windowsVirtualKeyCode']
12:54:27.312 [main] DEBUG com.jayway.jsonpath.internal.path.CompiledPath -- Evaluating path: $
12:54:27.312 [main] DEBUG com.jayway.jsonpath.internal.path.CompiledPath -- Evaluating path: $
12:54:27.312 [main] DEBUG com.jayway.jsonpath.internal.JsonContext -- Put path $ key windowsVirtualKeyCode value {}
12:54:27.312 [main] DEBUG com.jayway.jsonpath.internal.path.CompiledPath -- Evaluating path: $
12:54:27.312 [main] DEBUG com.jayway.jsonpath.internal.JsonContext -- Put path $ key windowsVirtualKeyCode value 97
12:54:27.312 [main] DEBUG com.jayway.jsonpath.internal.path.CompiledPath -- Evaluating path: $
12:54:27.312 [main] DEBUG com.intuit.karate.driver.chrome_1718781863995 -- >> {"id":19,"sessionId":"EE1621CCDA1EE4FD28EC2BCD46011587","method":"Input.dispatchKeyEvent","params":{"modifiers":0,"type":"char","text":"a","windowsVirtualKeyCode":97}}
12:54:27.320 [nioEventLoopGroup-15-1] DEBUG com.intuit.karate.driver.chrome_1718781863995 -- << {"id":19,"result":{},"sessionId":"EE1621CCDA1EE4FD28EC2BCD46011587"}
12:54:27.320 [nioEventLoopGroup-15-1] DEBUG com.jayway.jsonpath.internal.path.CompiledPath -- Evaluating path: $
12:54:27.320 [main] DEBUG com.jayway.jsonpath.internal.path.CompiledPath -- Evaluating path: $['modifiers']
12:54:27.320 [main] DEBUG com.jayway.jsonpath.internal.path.CompiledPath -- Evaluating path: $
12:54:27.320 [main] DEBUG com.jayway.jsonpath.internal.path.CompiledPath -- Evaluating path: $
12:54:27.320 [main] DEBUG com.jayway.jsonpath.internal.JsonContext -- Put path $ key modifiers value {}
12:54:27.320 [main] DEBUG com.jayway.jsonpath.internal.path.CompiledPath -- Evaluating path: $
12:54:27.320 [main] DEBUG com.jayway.jsonpath.internal.JsonContext -- Put path $ key modifiers value 0
12:54:27.320 [main] DEBUG com.jayway.jsonpath.internal.path.CompiledPath -- Evaluating path: $['type']
12:54:27.320 [main] DEBUG com.jayway.jsonpath.internal.path.CompiledPath -- Evaluating path: $
12:54:27.320 [main] DEBUG com.jayway.jsonpath.internal.path.CompiledPath -- Evaluating path: $
12:54:27.320 [main] DEBUG com.jayway.jsonpath.internal.JsonContext -- Put path $ key type value {}
12:54:27.320 [main] DEBUG com.jayway.jsonpath.internal.path.CompiledPath -- Evaluating path: $
12:54:27.320 [main] DEBUG com.jayway.jsonpath.internal.JsonContext -- Put path $ key type value keyUp
12:54:27.320 [main] DEBUG com.jayway.jsonpath.internal.path.CompiledPath -- Evaluating path: $['text']
12:54:27.320 [main] DEBUG com.jayway.jsonpath.internal.path.CompiledPath -- Evaluating path: $
12:54:27.320 [main] DEBUG com.jayway.jsonpath.internal.path.CompiledPath -- Evaluating path: $
12:54:27.320 [main] DEBUG com.jayway.jsonpath.internal.JsonContext -- Put path $ key text value {}
12:54:27.320 [main] DEBUG com.jayway.jsonpath.internal.path.CompiledPath -- Evaluating path: $
12:54:27.320 [main] DEBUG com.jayway.jsonpath.internal.JsonContext -- Put path $ key text value a
12:54:27.320 [main] DEBUG com.jayway.jsonpath.internal.path.CompiledPath -- Evaluating path: $['windowsVirtualKeyCode']
12:54:27.320 [main] DEBUG com.jayway.jsonpath.internal.path.CompiledPath -- Evaluating path: $
12:54:27.320 [main] DEBUG com.jayway.jsonpath.internal.path.CompiledPath -- Evaluating path: $
12:54:27.320 [main] DEBUG com.jayway.jsonpath.internal.JsonContext -- Put path $ key windowsVirtualKeyCode value {}
12:54:27.320 [main] DEBUG com.jayway.jsonpath.internal.path.CompiledPath -- Evaluating path: $
12:54:27.320 [main] DEBUG com.jayway.jsonpath.internal.JsonContext -- Put path $ key windowsVirtualKeyCode value 97
12:54:27.320 [main] DEBUG com.jayway.jsonpath.internal.path.CompiledPath -- Evaluating path: $
12:54:27.320 [main] DEBUG com.intuit.karate.driver.chrome_1718781863995 -- >> {"id":20,"sessionId":"EE1621CCDA1EE4FD28EC2BCD46011587","method":"Input.dispatchKeyEvent","params":{"modifiers":0,"type":"keyUp","text":"a","windowsVirtualKeyCode":97}}
12:54:27.321 [nioEventLoopGroup-15-1] DEBUG com.intuit.karate.driver.chrome_1718781863995 -- << {"id":20,"result":{},"sessionId":"EE1621CCDA1EE4FD28EC2BCD46011587"}
12:54:27.321 [nioEventLoopGroup-15-1] DEBUG com.jayway.jsonpath.internal.path.CompiledPath -- Evaluating path: $
12:54:27.321 [main] DEBUG com.jayway.jsonpath.internal.path.CompiledPath -- Evaluating path: $['modifiers']
12:54:27.322 [main] DEBUG com.jayway.jsonpath.internal.path.CompiledPath -- Evaluating path: $
12:54:27.322 [main] DEBUG com.jayway.jsonpath.internal.path.CompiledPath -- Evaluating path: $
12:54:27.322 [main] DEBUG com.jayway.jsonpath.internal.JsonContext -- Put path $ key modifiers value {}
12:54:27.322 [main] DEBUG com.jayway.jsonpath.internal.path.CompiledPath -- Evaluating path: $
12:54:27.322 [main] DEBUG com.jayway.jsonpath.internal.JsonContext -- Put path $ key modifiers value 0
12:54:27.322 [main] DEBUG com.jayway.jsonpath.internal.path.CompiledPath -- Evaluating path: $['type']
12:54:27.322 [main] DEBUG com.jayway.jsonpath.internal.path.CompiledPath -- Evaluating path: $
12:54:27.322 [main] DEBUG com.jayway.jsonpath.internal.path.CompiledPath -- Evaluating path: $
12:54:27.322 [main] DEBUG com.jayway.jsonpath.internal.JsonContext -- Put path $ key type value {}
12:54:27.322 [main] DEBUG com.jayway.jsonpath.internal.path.CompiledPath -- Evaluating path: $
12:54:27.322 [main] DEBUG com.jayway.jsonpath.internal.JsonContext -- Put path $ key type value rawKeyDown
12:54:27.322 [main] DEBUG com.jayway.jsonpath.internal.path.CompiledPath -- Evaluating path: $['text']
12:54:27.322 [main] DEBUG com.jayway.jsonpath.internal.path.CompiledPath -- Evaluating path: $
12:54:27.322 [main] DEBUG com.jayway.jsonpath.internal.path.CompiledPath -- Evaluating path: $
12:54:27.322 [main] DEBUG com.jayway.jsonpath.internal.JsonContext -- Put path $ key text value {}
12:54:27.322 [main] DEBUG com.jayway.jsonpath.internal.path.CompiledPath -- Evaluating path: $
12:54:27.322 [main] DEBUG com.jayway.jsonpath.internal.JsonContext -- Put path $ key text value n
12:54:27.322 [main] DEBUG com.jayway.jsonpath.internal.path.CompiledPath -- Evaluating path: $['windowsVirtualKeyCode']
12:54:27.322 [main] DEBUG com.jayway.jsonpath.internal.path.CompiledPath -- Evaluating path: $
12:54:27.322 [main] DEBUG com.jayway.jsonpath.internal.path.CompiledPath -- Evaluating path: $
12:54:27.322 [main] DEBUG com.jayway.jsonpath.internal.JsonContext -- Put path $ key windowsVirtualKeyCode value {}
12:54:27.322 [main] DEBUG com.jayway.jsonpath.internal.path.CompiledPath -- Evaluating path: $
12:54:27.322 [main] DEBUG com.jayway.jsonpath.internal.JsonContext -- Put path $ key windowsVirtualKeyCode value 110
12:54:27.322 [main] DEBUG com.jayway.jsonpath.internal.path.CompiledPath -- Evaluating path: $
12:54:27.322 [main] DEBUG com.intuit.karate.driver.chrome_1718781863995 -- >> {"id":21,"sessionId":"EE1621CCDA1EE4FD28EC2BCD46011587","method":"Input.dispatchKeyEvent","params":{"modifiers":0,"type":"rawKeyDown","text":"n","windowsVirtualKeyCode":110}}
12:54:27.323 [nioEventLoopGroup-15-1] DEBUG com.intuit.karate.driver.chrome_1718781863995 -- << {"id":21,"result":{},"sessionId":"EE1621CCDA1EE4FD28EC2BCD46011587"}
12:54:27.323 [nioEventLoopGroup-15-1] DEBUG com.jayway.jsonpath.internal.path.CompiledPath -- Evaluating path: $
12:54:27.323 [main] DEBUG com.jayway.jsonpath.internal.path.CompiledPath -- Evaluating path: $['modifiers']
12:54:27.323 [main] DEBUG com.jayway.jsonpath.internal.path.CompiledPath -- Evaluating path: $
12:54:27.323 [main] DEBUG com.jayway.jsonpath.internal.path.CompiledPath -- Evaluating path: $
12:54:27.323 [main] DEBUG com.jayway.jsonpath.internal.JsonContext -- Put path $ key modifiers value {}
12:54:27.323 [main] DEBUG com.jayway.jsonpath.internal.path.CompiledPath -- Evaluating path: $
12:54:27.323 [main] DEBUG com.jayway.jsonpath.internal.JsonContext -- Put path $ key modifiers value 0
12:54:27.323 [main] DEBUG com.jayway.jsonpath.internal.path.CompiledPath -- Evaluating path: $['type']
12:54:27.323 [main] DEBUG com.jayway.jsonpath.internal.path.CompiledPath -- Evaluating path: $
12:54:27.323 [main] DEBUG com.jayway.jsonpath.internal.path.CompiledPath -- Evaluating path: $
12:54:27.323 [main] DEBUG com.jayway.jsonpath.internal.JsonContext -- Put path $ key type value {}
12:54:27.323 [main] DEBUG com.jayway.jsonpath.internal.path.CompiledPath -- Evaluating path: $
12:54:27.323 [main] DEBUG com.jayway.jsonpath.internal.JsonContext -- Put path $ key type value char
12:54:27.323 [main] DEBUG com.jayway.jsonpath.internal.path.CompiledPath -- Evaluating path: $['text']
12:54:27.323 [main] DEBUG com.jayway.jsonpath.internal.path.CompiledPath -- Evaluating path: $
12:54:27.323 [main] DEBUG com.jayway.jsonpath.internal.path.CompiledPath -- Evaluating path: $
12:54:27.323 [main] DEBUG com.jayway.jsonpath.internal.JsonContext -- Put path $ key text value {}
12:54:27.323 [main] DEBUG com.jayway.jsonpath.internal.path.CompiledPath -- Evaluating path: $
12:54:27.323 [main] DEBUG com.jayway.jsonpath.internal.JsonContext -- Put path $ key text value n
12:54:27.323 [main] DEBUG com.jayway.jsonpath.internal.path.CompiledPath -- Evaluating path: $['windowsVirtualKeyCode']
12:54:27.323 [main] DEBUG com.jayway.jsonpath.internal.path.CompiledPath -- Evaluating path: $
12:54:27.323 [main] DEBUG com.jayway.jsonpath.internal.path.CompiledPath -- Evaluating path: $
12:54:27.323 [main] DEBUG com.jayway.jsonpath.internal.JsonContext -- Put path $ key windowsVirtualKeyCode value {}
12:54:27.323 [main] DEBUG com.jayway.jsonpath.internal.path.CompiledPath -- Evaluating path: $
12:54:27.323 [main] DEBUG com.jayway.jsonpath.internal.JsonContext -- Put path $ key windowsVirtualKeyCode value 110
12:54:27.323 [main] DEBUG com.jayway.jsonpath.internal.path.CompiledPath -- Evaluating path: $
12:54:27.323 [main] DEBUG com.intuit.karate.driver.chrome_1718781863995 -- >> {"id":22,"sessionId":"EE1621CCDA1EE4FD28EC2BCD46011587","method":"Input.dispatchKeyEvent","params":{"modifiers":0,"type":"char","text":"n","windowsVirtualKeyCode":110}}
12:54:27.325 [nioEventLoopGroup-15-1] DEBUG com.intuit.karate.driver.chrome_1718781863995 -- << {"id":22,"result":{},"sessionId":"EE1621CCDA1EE4FD28EC2BCD46011587"}
12:54:27.326 [nioEventLoopGroup-15-1] DEBUG com.jayway.jsonpath.internal.path.CompiledPath -- Evaluating path: $
12:54:27.326 [main] DEBUG com.jayway.jsonpath.internal.path.CompiledPath -- Evaluating path: $['modifiers']
12:54:27.326 [main] DEBUG com.jayway.jsonpath.internal.path.CompiledPath -- Evaluating path: $
12:54:27.326 [main] DEBUG com.jayway.jsonpath.internal.path.CompiledPath -- Evaluating path: $
12:54:27.326 [main] DEBUG com.jayway.jsonpath.internal.JsonContext -- Put path $ key modifiers value {}
12:54:27.326 [main] DEBUG com.jayway.jsonpath.internal.path.CompiledPath -- Evaluating path: $
12:54:27.326 [main] DEBUG com.jayway.jsonpath.internal.JsonContext -- Put path $ key modifiers value 0
12:54:27.326 [main] DEBUG com.jayway.jsonpath.internal.path.CompiledPath -- Evaluating path: $['type']
12:54:27.326 [main] DEBUG com.jayway.jsonpath.internal.path.CompiledPath -- Evaluating path: $
12:54:27.326 [main] DEBUG com.jayway.jsonpath.internal.path.CompiledPath -- Evaluating path: $
12:54:27.326 [main] DEBUG com.jayway.jsonpath.internal.JsonContext -- Put path $ key type value {}
12:54:27.326 [main] DEBUG com.jayway.jsonpath.internal.path.CompiledPath -- Evaluating path: $
12:54:27.326 [main] DEBUG com.jayway.jsonpath.internal.JsonContext -- Put path $ key type value keyUp
12:54:27.326 [main] DEBUG com.jayway.jsonpath.internal.path.CompiledPath -- Evaluating path: $['text']
12:54:27.326 [main] DEBUG com.jayway.jsonpath.internal.path.CompiledPath -- Evaluating path: $
12:54:27.326 [main] DEBUG com.jayway.jsonpath.internal.path.CompiledPath -- Evaluating path: $
12:54:27.326 [main] DEBUG com.jayway.jsonpath.internal.JsonContext -- Put path $ key text value {}
12:54:27.326 [main] DEBUG com.jayway.jsonpath.internal.path.CompiledPath -- Evaluating path: $
12:54:27.326 [main] DEBUG com.jayway.jsonpath.internal.JsonContext -- Put path $ key text value n
12:54:27.326 [main] DEBUG com.jayway.jsonpath.internal.path.CompiledPath -- Evaluating path: $['windowsVirtualKeyCode']
12:54:27.326 [main] DEBUG com.jayway.jsonpath.internal.path.CompiledPath -- Evaluating path: $
12:54:27.326 [main] DEBUG com.jayway.jsonpath.internal.path.CompiledPath -- Evaluating path: $
12:54:27.326 [main] DEBUG com.jayway.jsonpath.internal.JsonContext -- Put path $ key windowsVirtualKeyCode value {}
12:54:27.326 [main] DEBUG com.jayway.jsonpath.internal.path.CompiledPath -- Evaluating path: $
12:54:27.326 [main] DEBUG com.jayway.jsonpath.internal.JsonContext -- Put path $ key windowsVirtualKeyCode value 110
12:54:27.326 [main] DEBUG com.jayway.jsonpath.internal.path.CompiledPath -- Evaluating path: $
12:54:27.326 [main] DEBUG com.intuit.karate.driver.chrome_1718781863995 -- >> {"id":23,"sessionId":"EE1621CCDA1EE4FD28EC2BCD46011587","method":"Input.dispatchKeyEvent","params":{"modifiers":0,"type":"keyUp","text":"n","windowsVirtualKeyCode":110}}
12:54:27.330 [nioEventLoopGroup-15-1] DEBUG com.intuit.karate.driver.chrome_1718781863995 -- << {"id":23,"result":{},"sessionId":"EE1621CCDA1EE4FD28EC2BCD46011587"}
12:54:27.330 [nioEventLoopGroup-15-1] DEBUG com.jayway.jsonpath.internal.path.CompiledPath -- Evaluating path: $
12:54:27.331 [main] DEBUG com.jayway.jsonpath.internal.path.CompiledPath -- Evaluating path: $['modifiers']
12:54:27.331 [main] DEBUG com.jayway.jsonpath.internal.path.CompiledPath -- Evaluating path: $
12:54:27.331 [main] DEBUG com.jayway.jsonpath.internal.path.CompiledPath -- Evaluating path: $
12:54:27.331 [main] DEBUG com.jayway.jsonpath.internal.JsonContext -- Put path $ key modifiers value {}
12:54:27.331 [main] DEBUG com.jayway.jsonpath.internal.path.CompiledPath -- Evaluating path: $
12:54:27.331 [main] DEBUG com.jayway.jsonpath.internal.JsonContext -- Put path $ key modifiers value 0
12:54:27.331 [main] DEBUG com.jayway.jsonpath.internal.path.CompiledPath -- Evaluating path: $['type']
12:54:27.331 [main] DEBUG com.jayway.jsonpath.internal.path.CompiledPath -- Evaluating path: $
12:54:27.331 [main] DEBUG com.jayway.jsonpath.internal.path.CompiledPath -- Evaluating path: $
12:54:27.331 [main] DEBUG com.jayway.jsonpath.internal.JsonContext -- Put path $ key type value {}
12:54:27.331 [main] DEBUG com.jayway.jsonpath.internal.path.CompiledPath -- Evaluating path: $
12:54:27.331 [main] DEBUG com.jayway.jsonpath.internal.JsonContext -- Put path $ key type value rawKeyDown
12:54:27.331 [main] DEBUG com.jayway.jsonpath.internal.path.CompiledPath -- Evaluating path: $['text']
12:54:27.331 [main] DEBUG com.jayway.jsonpath.internal.path.CompiledPath -- Evaluating path: $
12:54:27.331 [main] DEBUG com.jayway.jsonpath.internal.path.CompiledPath -- Evaluating path: $
12:54:27.331 [main] DEBUG com.jayway.jsonpath.internal.JsonContext -- Put path $ key text value {}
12:54:27.331 [main] DEBUG com.jayway.jsonpath.internal.path.CompiledPath -- Evaluating path: $
12:54:27.331 [main] DEBUG com.jayway.jsonpath.internal.JsonContext -- Put path $ key text value d
12:54:27.331 [main] DEBUG com.jayway.jsonpath.internal.path.CompiledPath -- Evaluating path: $['windowsVirtualKeyCode']
12:54:27.331 [main] DEBUG com.jayway.jsonpath.internal.path.CompiledPath -- Evaluating path: $
12:54:27.331 [main] DEBUG com.jayway.jsonpath.internal.path.CompiledPath -- Evaluating path: $
12:54:27.331 [main] DEBUG com.jayway.jsonpath.internal.JsonContext -- Put path $ key windowsVirtualKeyCode value {}
12:54:27.331 [main] DEBUG com.jayway.jsonpath.internal.path.CompiledPath -- Evaluating path: $
12:54:27.331 [main] DEBUG com.jayway.jsonpath.internal.JsonContext -- Put path $ key windowsVirtualKeyCode value 100
12:54:27.331 [main] DEBUG com.jayway.jsonpath.internal.path.CompiledPath -- Evaluating path: $
12:54:27.331 [main] DEBUG com.intuit.karate.driver.chrome_1718781863995 -- >> {"id":24,"sessionId":"EE1621CCDA1EE4FD28EC2BCD46011587","method":"Input.dispatchKeyEvent","params":{"modifiers":0,"type":"rawKeyDown","text":"d","windowsVirtualKeyCode":100}}
12:54:27.335 [nioEventLoopGroup-15-1] DEBUG com.intuit.karate.driver.chrome_1718781863995 -- << {"id":24,"result":{},"sessionId":"EE1621CCDA1EE4FD28EC2BCD46011587"}
12:54:27.335 [nioEventLoopGroup-15-1] DEBUG com.jayway.jsonpath.internal.path.CompiledPath -- Evaluating path: $
12:54:27.335 [main] DEBUG com.jayway.jsonpath.internal.path.CompiledPath -- Evaluating path: $['modifiers']
12:54:27.335 [main] DEBUG com.jayway.jsonpath.internal.path.CompiledPath -- Evaluating path: $
12:54:27.335 [main] DEBUG com.jayway.jsonpath.internal.path.CompiledPath -- Evaluating path: $
12:54:27.335 [main] DEBUG com.jayway.jsonpath.internal.JsonContext -- Put path $ key modifiers value {}
12:54:27.335 [main] DEBUG com.jayway.jsonpath.internal.path.CompiledPath -- Evaluating path: $
12:54:27.335 [main] DEBUG com.jayway.jsonpath.internal.JsonContext -- Put path $ key modifiers value 0
12:54:27.335 [main] DEBUG com.jayway.jsonpath.internal.path.CompiledPath -- Evaluating path: $['type']
12:54:27.335 [main] DEBUG com.jayway.jsonpath.internal.path.CompiledPath -- Evaluating path: $
12:54:27.335 [main] DEBUG com.jayway.jsonpath.internal.path.CompiledPath -- Evaluating path: $
12:54:27.335 [main] DEBUG com.jayway.jsonpath.internal.JsonContext -- Put path $ key type value {}
12:54:27.335 [main] DEBUG com.jayway.jsonpath.internal.path.CompiledPath -- Evaluating path: $
12:54:27.335 [main] DEBUG com.jayway.jsonpath.internal.JsonContext -- Put path $ key type value char
12:54:27.335 [main] DEBUG com.jayway.jsonpath.internal.path.CompiledPath -- Evaluating path: $['text']
12:54:27.335 [main] DEBUG com.jayway.jsonpath.internal.path.CompiledPath -- Evaluating path: $
12:54:27.335 [main] DEBUG com.jayway.jsonpath.internal.path.CompiledPath -- Evaluating path: $
12:54:27.335 [main] DEBUG com.jayway.jsonpath.internal.JsonContext -- Put path $ key text value {}
12:54:27.335 [main] DEBUG com.jayway.jsonpath.internal.path.CompiledPath -- Evaluating path: $
12:54:27.335 [main] DEBUG com.jayway.jsonpath.internal.JsonContext -- Put path $ key text value d
12:54:27.335 [main] DEBUG com.jayway.jsonpath.internal.path.CompiledPath -- Evaluating path: $['windowsVirtualKeyCode']
12:54:27.335 [main] DEBUG com.jayway.jsonpath.internal.path.CompiledPath -- Evaluating path: $
12:54:27.335 [main] DEBUG com.jayway.jsonpath.internal.path.CompiledPath -- Evaluating path: $
12:54:27.335 [main] DEBUG com.jayway.jsonpath.internal.JsonContext -- Put path $ key windowsVirtualKeyCode value {}
12:54:27.335 [main] DEBUG com.jayway.jsonpath.internal.path.CompiledPath -- Evaluating path: $
12:54:27.335 [main] DEBUG com.jayway.jsonpath.internal.JsonContext -- Put path $ key windowsVirtualKeyCode value 100
12:54:27.335 [main] DEBUG com.jayway.jsonpath.internal.path.CompiledPath -- Evaluating path: $
12:54:27.335 [main] DEBUG com.intuit.karate.driver.chrome_1718781863995 -- >> {"id":25,"sessionId":"EE1621CCDA1EE4FD28EC2BCD46011587","method":"Input.dispatchKeyEvent","params":{"modifiers":0,"type":"char","text":"d","windowsVirtualKeyCode":100}}
12:54:27.338 [nioEventLoopGroup-15-1] DEBUG com.intuit.karate.driver.chrome_1718781863995 -- << {"id":25,"result":{},"sessionId":"EE1621CCDA1EE4FD28EC2BCD46011587"}
12:54:27.338 [nioEventLoopGroup-15-1] DEBUG com.jayway.jsonpath.internal.path.CompiledPath -- Evaluating path: $
12:54:27.338 [main] DEBUG com.jayway.jsonpath.internal.path.CompiledPath -- Evaluating path: $['modifiers']
12:54:27.338 [main] DEBUG com.jayway.jsonpath.internal.path.CompiledPath -- Evaluating path: $
12:54:27.338 [main] DEBUG com.jayway.jsonpath.internal.path.CompiledPath -- Evaluating path: $
12:54:27.338 [main] DEBUG com.jayway.jsonpath.internal.JsonContext -- Put path $ key modifiers value {}
12:54:27.338 [main] DEBUG com.jayway.jsonpath.internal.path.CompiledPath -- Evaluating path: $
12:54:27.338 [main] DEBUG com.jayway.jsonpath.internal.JsonContext -- Put path $ key modifiers value 0
12:54:27.338 [main] DEBUG com.jayway.jsonpath.internal.path.CompiledPath -- Evaluating path: $['type']
12:54:27.338 [main] DEBUG com.jayway.jsonpath.internal.path.CompiledPath -- Evaluating path: $
12:54:27.338 [main] DEBUG com.jayway.jsonpath.internal.path.CompiledPath -- Evaluating path: $
12:54:27.338 [main] DEBUG com.jayway.jsonpath.internal.JsonContext -- Put path $ key type value {}
12:54:27.338 [main] DEBUG com.jayway.jsonpath.internal.path.CompiledPath -- Evaluating path: $
12:54:27.338 [main] DEBUG com.jayway.jsonpath.internal.JsonContext -- Put path $ key type value keyUp
12:54:27.338 [main] DEBUG com.jayway.jsonpath.internal.path.CompiledPath -- Evaluating path: $['text']
12:54:27.338 [main] DEBUG com.jayway.jsonpath.internal.path.CompiledPath -- Evaluating path: $
12:54:27.338 [main] DEBUG com.jayway.jsonpath.internal.path.CompiledPath -- Evaluating path: $
12:54:27.338 [main] DEBUG com.jayway.jsonpath.internal.JsonContext -- Put path $ key text value {}
12:54:27.338 [main] DEBUG com.jayway.jsonpath.internal.path.CompiledPath -- Evaluating path: $
12:54:27.338 [main] DEBUG com.jayway.jsonpath.internal.JsonContext -- Put path $ key text value d
12:54:27.338 [main] DEBUG com.jayway.jsonpath.internal.path.CompiledPath -- Evaluating path: $['windowsVirtualKeyCode']
12:54:27.338 [main] DEBUG com.jayway.jsonpath.internal.path.CompiledPath -- Evaluating path: $
12:54:27.338 [main] DEBUG com.jayway.jsonpath.internal.path.CompiledPath -- Evaluating path: $
12:54:27.338 [main] DEBUG com.jayway.jsonpath.internal.JsonContext -- Put path $ key windowsVirtualKeyCode value {}
12:54:27.338 [main] DEBUG com.jayway.jsonpath.internal.path.CompiledPath -- Evaluating path: $
12:54:27.338 [main] DEBUG com.jayway.jsonpath.internal.JsonContext -- Put path $ key windowsVirtualKeyCode value 100
12:54:27.338 [main] DEBUG com.jayway.jsonpath.internal.path.CompiledPath -- Evaluating path: $
12:54:27.338 [main] DEBUG com.intuit.karate.driver.chrome_1718781863995 -- >> {"id":26,"sessionId":"EE1621CCDA1EE4FD28EC2BCD46011587","method":"Input.dispatchKeyEvent","params":{"modifiers":0,"type":"keyUp","text":"d","windowsVirtualKeyCode":100}}
12:54:27.340 [nioEventLoopGroup-15-1] DEBUG com.intuit.karate.driver.chrome_1718781863995 -- << {"id":26,"result":{},"sessionId":"EE1621CCDA1EE4FD28EC2BCD46011587"}
12:54:27.340 [nioEventLoopGroup-15-1] DEBUG com.jayway.jsonpath.internal.path.CompiledPath -- Evaluating path: $
12:54:27.340 [main] DEBUG com.jayway.jsonpath.internal.path.CompiledPath -- Evaluating path: $['modifiers']
12:54:27.340 [main] DEBUG com.jayway.jsonpath.internal.path.CompiledPath -- Evaluating path: $
12:54:27.340 [main] DEBUG com.jayway.jsonpath.internal.path.CompiledPath -- Evaluating path: $
12:54:27.340 [main] DEBUG com.jayway.jsonpath.internal.JsonContext -- Put path $ key modifiers value {}
12:54:27.340 [main] DEBUG com.jayway.jsonpath.internal.path.CompiledPath -- Evaluating path: $
12:54:27.340 [main] DEBUG com.jayway.jsonpath.internal.JsonContext -- Put path $ key modifiers value 0
12:54:27.340 [main] DEBUG com.jayway.jsonpath.internal.path.CompiledPath -- Evaluating path: $['type']
12:54:27.340 [main] DEBUG com.jayway.jsonpath.internal.path.CompiledPath -- Evaluating path: $
12:54:27.340 [main] DEBUG com.jayway.jsonpath.internal.path.CompiledPath -- Evaluating path: $
12:54:27.340 [main] DEBUG com.jayway.jsonpath.internal.JsonContext -- Put path $ key type value {}
12:54:27.340 [main] DEBUG com.jayway.jsonpath.internal.path.CompiledPath -- Evaluating path: $
12:54:27.340 [main] DEBUG com.jayway.jsonpath.internal.JsonContext -- Put path $ key type value rawKeyDown
12:54:27.340 [main] DEBUG com.jayway.jsonpath.internal.path.CompiledPath -- Evaluating path: $['text']
12:54:27.340 [main] DEBUG com.jayway.jsonpath.internal.path.CompiledPath -- Evaluating path: $
12:54:27.340 [main] DEBUG com.jayway.jsonpath.internal.path.CompiledPath -- Evaluating path: $
12:54:27.340 [main] DEBUG com.jayway.jsonpath.internal.JsonContext -- Put path $ key text value {}
12:54:27.340 [main] DEBUG com.jayway.jsonpath.internal.path.CompiledPath -- Evaluating path: $
12:54:27.340 [main] DEBUG com.jayway.jsonpath.internal.JsonContext -- Put path $ key text value a
12:54:27.340 [main] DEBUG com.jayway.jsonpath.internal.path.CompiledPath -- Evaluating path: $['windowsVirtualKeyCode']
12:54:27.340 [main] DEBUG com.jayway.jsonpath.internal.path.CompiledPath -- Evaluating path: $
12:54:27.340 [main] DEBUG com.jayway.jsonpath.internal.path.CompiledPath -- Evaluating path: $
12:54:27.340 [main] DEBUG com.jayway.jsonpath.internal.JsonContext -- Put path $ key windowsVirtualKeyCode value {}
12:54:27.340 [main] DEBUG com.jayway.jsonpath.internal.path.CompiledPath -- Evaluating path: $
12:54:27.340 [main] DEBUG com.jayway.jsonpath.internal.JsonContext -- Put path $ key windowsVirtualKeyCode value 97
12:54:27.340 [main] DEBUG com.jayway.jsonpath.internal.path.CompiledPath -- Evaluating path: $
12:54:27.340 [main] DEBUG com.intuit.karate.driver.chrome_1718781863995 -- >> {"id":27,"sessionId":"EE1621CCDA1EE4FD28EC2BCD46011587","method":"Input.dispatchKeyEvent","params":{"modifiers":0,"type":"rawKeyDown","text":"a","windowsVirtualKeyCode":97}}
12:54:27.341 [nioEventLoopGroup-15-1] DEBUG com.intuit.karate.driver.chrome_1718781863995 -- << {"id":27,"result":{},"sessionId":"EE1621CCDA1EE4FD28EC2BCD46011587"}
12:54:27.341 [nioEventLoopGroup-15-1] DEBUG com.jayway.jsonpath.internal.path.CompiledPath -- Evaluating path: $
12:54:27.341 [main] DEBUG com.jayway.jsonpath.internal.path.CompiledPath -- Evaluating path: $['modifiers']
12:54:27.341 [main] DEBUG com.jayway.jsonpath.internal.path.CompiledPath -- Evaluating path: $
12:54:27.341 [main] DEBUG com.jayway.jsonpath.internal.path.CompiledPath -- Evaluating path: $
12:54:27.341 [main] DEBUG com.jayway.jsonpath.internal.JsonContext -- Put path $ key modifiers value {}
12:54:27.341 [main] DEBUG com.jayway.jsonpath.internal.path.CompiledPath -- Evaluating path: $
12:54:27.341 [main] DEBUG com.jayway.jsonpath.internal.JsonContext -- Put path $ key modifiers value 0
12:54:27.341 [main] DEBUG com.jayway.jsonpath.internal.path.CompiledPath -- Evaluating path: $['type']
12:54:27.341 [main] DEBUG com.jayway.jsonpath.internal.path.CompiledPath -- Evaluating path: $
12:54:27.341 [main] DEBUG com.jayway.jsonpath.internal.path.CompiledPath -- Evaluating path: $
12:54:27.341 [main] DEBUG com.jayway.jsonpath.internal.JsonContext -- Put path $ key type value {}
12:54:27.341 [main] DEBUG com.jayway.jsonpath.internal.path.CompiledPath -- Evaluating path: $
12:54:27.341 [main] DEBUG com.jayway.jsonpath.internal.JsonContext -- Put path $ key type value char
12:54:27.341 [main] DEBUG com.jayway.jsonpath.internal.path.CompiledPath -- Evaluating path: $['text']
12:54:27.341 [main] DEBUG com.jayway.jsonpath.internal.path.CompiledPath -- Evaluating path: $
12:54:27.341 [main] DEBUG com.jayway.jsonpath.internal.path.CompiledPath -- Evaluating path: $
12:54:27.341 [main] DEBUG com.jayway.jsonpath.internal.JsonContext -- Put path $ key text value {}
12:54:27.341 [main] DEBUG com.jayway.jsonpath.internal.path.CompiledPath -- Evaluating path: $
12:54:27.341 [main] DEBUG com.jayway.jsonpath.internal.JsonContext -- Put path $ key text value a
12:54:27.341 [main] DEBUG com.jayway.jsonpath.internal.path.CompiledPath -- Evaluating path: $['windowsVirtualKeyCode']
12:54:27.341 [main] DEBUG com.jayway.jsonpath.internal.path.CompiledPath -- Evaluating path: $
12:54:27.341 [main] DEBUG com.jayway.jsonpath.internal.path.CompiledPath -- Evaluating path: $
12:54:27.341 [main] DEBUG com.jayway.jsonpath.internal.JsonContext -- Put path $ key windowsVirtualKeyCode value {}
12:54:27.341 [main] DEBUG com.jayway.jsonpath.internal.path.CompiledPath -- Evaluating path: $
12:54:27.341 [main] DEBUG com.jayway.jsonpath.internal.JsonContext -- Put path $ key windowsVirtualKeyCode value 97
12:54:27.341 [main] DEBUG com.jayway.jsonpath.internal.path.CompiledPath -- Evaluating path: $
12:54:27.341 [main] DEBUG com.intuit.karate.driver.chrome_1718781863995 -- >> {"id":28,"sessionId":"EE1621CCDA1EE4FD28EC2BCD46011587","method":"Input.dispatchKeyEvent","params":{"modifiers":0,"type":"char","text":"a","windowsVirtualKeyCode":97}}
12:54:27.346 [nioEventLoopGroup-15-1] DEBUG com.intuit.karate.driver.chrome_1718781863995 -- << {"id":28,"result":{},"sessionId":"EE1621CCDA1EE4FD28EC2BCD46011587"}
12:54:27.346 [nioEventLoopGroup-15-1] DEBUG com.jayway.jsonpath.internal.path.CompiledPath -- Evaluating path: $
12:54:27.346 [main] DEBUG com.jayway.jsonpath.internal.path.CompiledPath -- Evaluating path: $['modifiers']
12:54:27.346 [main] DEBUG com.jayway.jsonpath.internal.path.CompiledPath -- Evaluating path: $
12:54:27.346 [main] DEBUG com.jayway.jsonpath.internal.path.CompiledPath -- Evaluating path: $
12:54:27.346 [main] DEBUG com.jayway.jsonpath.internal.JsonContext -- Put path $ key modifiers value {}
12:54:27.346 [main] DEBUG com.jayway.jsonpath.internal.path.CompiledPath -- Evaluating path: $
12:54:27.347 [main] DEBUG com.jayway.jsonpath.internal.JsonContext -- Put path $ key modifiers value 0
12:54:27.347 [main] DEBUG com.jayway.jsonpath.internal.path.CompiledPath -- Evaluating path: $['type']
12:54:27.347 [main] DEBUG com.jayway.jsonpath.internal.path.CompiledPath -- Evaluating path: $
12:54:27.347 [main] DEBUG com.jayway.jsonpath.internal.path.CompiledPath -- Evaluating path: $
12:54:27.347 [main] DEBUG com.jayway.jsonpath.internal.JsonContext -- Put path $ key type value {}
12:54:27.347 [main] DEBUG com.jayway.jsonpath.internal.path.CompiledPath -- Evaluating path: $
12:54:27.347 [main] DEBUG com.jayway.jsonpath.internal.JsonContext -- Put path $ key type value keyUp
12:54:27.347 [main] DEBUG com.jayway.jsonpath.internal.path.CompiledPath -- Evaluating path: $['text']
12:54:27.347 [main] DEBUG com.jayway.jsonpath.internal.path.CompiledPath -- Evaluating path: $
12:54:27.347 [main] DEBUG com.jayway.jsonpath.internal.path.CompiledPath -- Evaluating path: $
12:54:27.347 [main] DEBUG com.jayway.jsonpath.internal.JsonContext -- Put path $ key text value {}
12:54:27.347 [main] DEBUG com.jayway.jsonpath.internal.path.CompiledPath -- Evaluating path: $
12:54:27.347 [main] DEBUG com.jayway.jsonpath.internal.JsonContext -- Put path $ key text value a
12:54:27.347 [main] DEBUG com.jayway.jsonpath.internal.path.CompiledPath -- Evaluating path: $['windowsVirtualKeyCode']
12:54:27.347 [main] DEBUG com.jayway.jsonpath.internal.path.CompiledPath -- Evaluating path: $
12:54:27.347 [main] DEBUG com.jayway.jsonpath.internal.path.CompiledPath -- Evaluating path: $
12:54:27.347 [main] DEBUG com.jayway.jsonpath.internal.JsonContext -- Put path $ key windowsVirtualKeyCode value {}
12:54:27.347 [main] DEBUG com.jayway.jsonpath.internal.path.CompiledPath -- Evaluating path: $
12:54:27.347 [main] DEBUG com.jayway.jsonpath.internal.JsonContext -- Put path $ key windowsVirtualKeyCode value 97
12:54:27.347 [main] DEBUG com.jayway.jsonpath.internal.path.CompiledPath -- Evaluating path: $
12:54:27.347 [main] DEBUG com.intuit.karate.driver.chrome_1718781863995 -- >> {"id":29,"sessionId":"EE1621CCDA1EE4FD28EC2BCD46011587","method":"Input.dispatchKeyEvent","params":{"modifiers":0,"type":"keyUp","text":"a","windowsVirtualKeyCode":97}}
12:54:27.352 [nioEventLoopGroup-15-1] DEBUG com.intuit.karate.driver.chrome_1718781863995 -- << {"id":29,"result":{},"sessionId":"EE1621CCDA1EE4FD28EC2BCD46011587"}
12:54:27.353 [nioEventLoopGroup-15-1] DEBUG com.jayway.jsonpath.internal.path.CompiledPath -- Evaluating path: $
12:54:27.353 [main] DEBUG com.jayway.jsonpath.internal.path.CompiledPath -- Evaluating path: $['modifiers']
12:54:27.353 [main] DEBUG com.jayway.jsonpath.internal.path.CompiledPath -- Evaluating path: $
12:54:27.353 [main] DEBUG com.jayway.jsonpath.internal.path.CompiledPath -- Evaluating path: $
12:54:27.353 [main] DEBUG com.jayway.jsonpath.internal.JsonContext -- Put path $ key modifiers value {}
12:54:27.353 [main] DEBUG com.jayway.jsonpath.internal.path.CompiledPath -- Evaluating path: $
12:54:27.353 [main] DEBUG com.jayway.jsonpath.internal.JsonContext -- Put path $ key modifiers value 0
12:54:27.353 [main] DEBUG com.jayway.jsonpath.internal.path.CompiledPath -- Evaluating path: $['type']
12:54:27.353 [main] DEBUG com.jayway.jsonpath.internal.path.CompiledPath -- Evaluating path: $
12:54:27.353 [main] DEBUG com.jayway.jsonpath.internal.path.CompiledPath -- Evaluating path: $
12:54:27.353 [main] DEBUG com.jayway.jsonpath.internal.JsonContext -- Put path $ key type value {}
12:54:27.353 [main] DEBUG com.jayway.jsonpath.internal.path.CompiledPath -- Evaluating path: $
12:54:27.353 [main] DEBUG com.jayway.jsonpath.internal.JsonContext -- Put path $ key type value rawKeyDown
12:54:27.353 [main] DEBUG com.jayway.jsonpath.internal.path.CompiledPath -- Evaluating path: $['text']
12:54:27.353 [main] DEBUG com.jayway.jsonpath.internal.path.CompiledPath -- Evaluating path: $
12:54:27.353 [main] DEBUG com.jayway.jsonpath.internal.path.CompiledPath -- Evaluating path: $
12:54:27.353 [main] DEBUG com.jayway.jsonpath.internal.JsonContext -- Put path $ key text value {}
12:54:27.353 [main] DEBUG com.jayway.jsonpath.internal.path.CompiledPath -- Evaluating path: $
12:54:27.353 [main] DEBUG com.jayway.jsonpath.internal.JsonContext -- Put path $ key text value r
12:54:27.353 [main] DEBUG com.jayway.jsonpath.internal.path.CompiledPath -- Evaluating path: $['windowsVirtualKeyCode']
12:54:27.353 [main] DEBUG com.jayway.jsonpath.internal.path.CompiledPath -- Evaluating path: $
12:54:27.353 [main] DEBUG com.jayway.jsonpath.internal.path.CompiledPath -- Evaluating path: $
12:54:27.353 [main] DEBUG com.jayway.jsonpath.internal.JsonContext -- Put path $ key windowsVirtualKeyCode value {}
12:54:27.353 [main] DEBUG com.jayway.jsonpath.internal.path.CompiledPath -- Evaluating path: $
12:54:27.353 [main] DEBUG com.jayway.jsonpath.internal.JsonContext -- Put path $ key windowsVirtualKeyCode value 114
12:54:27.353 [main] DEBUG com.jayway.jsonpath.internal.path.CompiledPath -- Evaluating path: $
12:54:27.353 [main] DEBUG com.intuit.karate.driver.chrome_1718781863995 -- >> {"id":30,"sessionId":"EE1621CCDA1EE4FD28EC2BCD46011587","method":"Input.dispatchKeyEvent","params":{"modifiers":0,"type":"rawKeyDown","text":"r","windowsVirtualKeyCode":114}}
12:54:27.354 [nioEventLoopGroup-15-1] DEBUG com.intuit.karate.driver.chrome_1718781863995 -- << {"id":30,"result":{},"sessionId":"EE1621CCDA1EE4FD28EC2BCD46011587"}
12:54:27.355 [nioEventLoopGroup-15-1] DEBUG com.jayway.jsonpath.internal.path.CompiledPath -- Evaluating path: $
12:54:27.355 [main] DEBUG com.jayway.jsonpath.internal.path.CompiledPath -- Evaluating path: $['modifiers']
12:54:27.355 [main] DEBUG com.jayway.jsonpath.internal.path.CompiledPath -- Evaluating path: $
12:54:27.355 [main] DEBUG com.jayway.jsonpath.internal.path.CompiledPath -- Evaluating path: $
12:54:27.355 [main] DEBUG com.jayway.jsonpath.internal.JsonContext -- Put path $ key modifiers value {}
12:54:27.355 [main] DEBUG com.jayway.jsonpath.internal.path.CompiledPath -- Evaluating path: $
12:54:27.355 [main] DEBUG com.jayway.jsonpath.internal.JsonContext -- Put path $ key modifiers value 0
12:54:27.355 [main] DEBUG com.jayway.jsonpath.internal.path.CompiledPath -- Evaluating path: $['type']
12:54:27.355 [main] DEBUG com.jayway.jsonpath.internal.path.CompiledPath -- Evaluating path: $
12:54:27.355 [main] DEBUG com.jayway.jsonpath.internal.path.CompiledPath -- Evaluating path: $
12:54:27.355 [main] DEBUG com.jayway.jsonpath.internal.JsonContext -- Put path $ key type value {}
12:54:27.355 [main] DEBUG com.jayway.jsonpath.internal.path.CompiledPath -- Evaluating path: $
12:54:27.355 [main] DEBUG com.jayway.jsonpath.internal.JsonContext -- Put path $ key type value char
12:54:27.355 [main] DEBUG com.jayway.jsonpath.internal.path.CompiledPath -- Evaluating path: $['text']
12:54:27.355 [main] DEBUG com.jayway.jsonpath.internal.path.CompiledPath -- Evaluating path: $
12:54:27.355 [main] DEBUG com.jayway.jsonpath.internal.path.CompiledPath -- Evaluating path: $
12:54:27.355 [main] DEBUG com.jayway.jsonpath.internal.JsonContext -- Put path $ key text value {}
12:54:27.355 [main] DEBUG com.jayway.jsonpath.internal.path.CompiledPath -- Evaluating path: $
12:54:27.355 [main] DEBUG com.jayway.jsonpath.internal.JsonContext -- Put path $ key text value r
12:54:27.355 [main] DEBUG com.jayway.jsonpath.internal.path.CompiledPath -- Evaluating path: $['windowsVirtualKeyCode']
12:54:27.355 [main] DEBUG com.jayway.jsonpath.internal.path.CompiledPath -- Evaluating path: $
12:54:27.355 [main] DEBUG com.jayway.jsonpath.internal.path.CompiledPath -- Evaluating path: $
12:54:27.355 [main] DEBUG com.jayway.jsonpath.internal.JsonContext -- Put path $ key windowsVirtualKeyCode value {}
12:54:27.355 [main] DEBUG com.jayway.jsonpath.internal.path.CompiledPath -- Evaluating path: $
12:54:27.355 [main] DEBUG com.jayway.jsonpath.internal.JsonContext -- Put path $ key windowsVirtualKeyCode value 114
12:54:27.355 [main] DEBUG com.jayway.jsonpath.internal.path.CompiledPath -- Evaluating path: $
12:54:27.355 [main] DEBUG com.intuit.karate.driver.chrome_1718781863995 -- >> {"id":31,"sessionId":"EE1621CCDA1EE4FD28EC2BCD46011587","method":"Input.dispatchKeyEvent","params":{"modifiers":0,"type":"char","text":"r","windowsVirtualKeyCode":114}}
12:54:27.358 [nioEventLoopGroup-15-1] DEBUG com.intuit.karate.driver.chrome_1718781863995 -- << {"id":31,"result":{},"sessionId":"EE1621CCDA1EE4FD28EC2BCD46011587"}
12:54:27.358 [nioEventLoopGroup-15-1] DEBUG com.jayway.jsonpath.internal.path.CompiledPath -- Evaluating path: $
12:54:27.358 [main] DEBUG com.jayway.jsonpath.internal.path.CompiledPath -- Evaluating path: $['modifiers']
12:54:27.358 [main] DEBUG com.jayway.jsonpath.internal.path.CompiledPath -- Evaluating path: $
12:54:27.358 [main] DEBUG com.jayway.jsonpath.internal.path.CompiledPath -- Evaluating path: $
12:54:27.358 [main] DEBUG com.jayway.jsonpath.internal.JsonContext -- Put path $ key modifiers value {}
12:54:27.358 [main] DEBUG com.jayway.jsonpath.internal.path.CompiledPath -- Evaluating path: $
12:54:27.358 [main] DEBUG com.jayway.jsonpath.internal.JsonContext -- Put path $ key modifiers value 0
12:54:27.358 [main] DEBUG com.jayway.jsonpath.internal.path.CompiledPath -- Evaluating path: $['type']
12:54:27.358 [main] DEBUG com.jayway.jsonpath.internal.path.CompiledPath -- Evaluating path: $
12:54:27.358 [main] DEBUG com.jayway.jsonpath.internal.path.CompiledPath -- Evaluating path: $
12:54:27.358 [main] DEBUG com.jayway.jsonpath.internal.JsonContext -- Put path $ key type value {}
12:54:27.358 [main] DEBUG com.jayway.jsonpath.internal.path.CompiledPath -- Evaluating path: $
12:54:27.358 [main] DEBUG com.jayway.jsonpath.internal.JsonContext -- Put path $ key type value keyUp
12:54:27.358 [main] DEBUG com.jayway.jsonpath.internal.path.CompiledPath -- Evaluating path: $['text']
12:54:27.358 [main] DEBUG com.jayway.jsonpath.internal.path.CompiledPath -- Evaluating path: $
12:54:27.358 [main] DEBUG com.jayway.jsonpath.internal.path.CompiledPath -- Evaluating path: $
12:54:27.358 [main] DEBUG com.jayway.jsonpath.internal.JsonContext -- Put path $ key text value {}
12:54:27.358 [main] DEBUG com.jayway.jsonpath.internal.path.CompiledPath -- Evaluating path: $
12:54:27.358 [main] DEBUG com.jayway.jsonpath.internal.JsonContext -- Put path $ key text value r
12:54:27.358 [main] DEBUG com.jayway.jsonpath.internal.path.CompiledPath -- Evaluating path: $['windowsVirtualKeyCode']
12:54:27.358 [main] DEBUG com.jayway.jsonpath.internal.path.CompiledPath -- Evaluating path: $
12:54:27.358 [main] DEBUG com.jayway.jsonpath.internal.path.CompiledPath -- Evaluating path: $
12:54:27.358 [main] DEBUG com.jayway.jsonpath.internal.JsonContext -- Put path $ key windowsVirtualKeyCode value {}
12:54:27.358 [main] DEBUG com.jayway.jsonpath.internal.path.CompiledPath -- Evaluating path: $
12:54:27.358 [main] DEBUG com.jayway.jsonpath.internal.JsonContext -- Put path $ key windowsVirtualKeyCode value 114
12:54:27.358 [main] DEBUG com.jayway.jsonpath.internal.path.CompiledPath -- Evaluating path: $
12:54:27.358 [main] DEBUG com.intuit.karate.driver.chrome_1718781863995 -- >> {"id":32,"sessionId":"EE1621CCDA1EE4FD28EC2BCD46011587","method":"Input.dispatchKeyEvent","params":{"modifiers":0,"type":"keyUp","text":"r","windowsVirtualKeyCode":114}}
12:54:27.360 [nioEventLoopGroup-15-1] DEBUG com.intuit.karate.driver.chrome_1718781863995 -- << {"id":32,"result":{},"sessionId":"EE1621CCDA1EE4FD28EC2BCD46011587"}
12:54:27.360 [nioEventLoopGroup-15-1] DEBUG com.jayway.jsonpath.internal.path.CompiledPath -- Evaluating path: $
12:54:27.360 [main] DEBUG com.jayway.jsonpath.internal.path.CompiledPath -- Evaluating path: $['modifiers']
12:54:27.360 [main] DEBUG com.jayway.jsonpath.internal.path.CompiledPath -- Evaluating path: $
12:54:27.360 [main] DEBUG com.jayway.jsonpath.internal.path.CompiledPath -- Evaluating path: $
12:54:27.360 [main] DEBUG com.jayway.jsonpath.internal.JsonContext -- Put path $ key modifiers value {}
12:54:27.360 [main] DEBUG com.jayway.jsonpath.internal.path.CompiledPath -- Evaluating path: $
12:54:27.360 [main] DEBUG com.jayway.jsonpath.internal.JsonContext -- Put path $ key modifiers value 0
12:54:27.360 [main] DEBUG com.jayway.jsonpath.internal.path.CompiledPath -- Evaluating path: $['type']
12:54:27.360 [main] DEBUG com.jayway.jsonpath.internal.path.CompiledPath -- Evaluating path: $
12:54:27.360 [main] DEBUG com.jayway.jsonpath.internal.path.CompiledPath -- Evaluating path: $
12:54:27.360 [main] DEBUG com.jayway.jsonpath.internal.JsonContext -- Put path $ key type value {}
12:54:27.360 [main] DEBUG com.jayway.jsonpath.internal.path.CompiledPath -- Evaluating path: $
12:54:27.360 [main] DEBUG com.jayway.jsonpath.internal.JsonContext -- Put path $ key type value rawKeyDown
12:54:27.360 [main] DEBUG com.jayway.jsonpath.internal.path.CompiledPath -- Evaluating path: $['text']
12:54:27.360 [main] DEBUG com.jayway.jsonpath.internal.path.CompiledPath -- Evaluating path: $
12:54:27.360 [main] DEBUG com.jayway.jsonpath.internal.path.CompiledPath -- Evaluating path: $
12:54:27.360 [main] DEBUG com.jayway.jsonpath.internal.JsonContext -- Put path $ key text value {}
12:54:27.360 [main] DEBUG com.jayway.jsonpath.internal.path.CompiledPath -- Evaluating path: $
12:54:27.360 [main] DEBUG com.jayway.jsonpath.internal.JsonContext -- Put path $ key text value d
12:54:27.360 [main] DEBUG com.jayway.jsonpath.internal.path.CompiledPath -- Evaluating path: $['windowsVirtualKeyCode']
12:54:27.360 [main] DEBUG com.jayway.jsonpath.internal.path.CompiledPath -- Evaluating path: $
12:54:27.360 [main] DEBUG com.jayway.jsonpath.internal.path.CompiledPath -- Evaluating path: $
12:54:27.360 [main] DEBUG com.jayway.jsonpath.internal.JsonContext -- Put path $ key windowsVirtualKeyCode value {}
12:54:27.360 [main] DEBUG com.jayway.jsonpath.internal.path.CompiledPath -- Evaluating path: $
12:54:27.360 [main] DEBUG com.jayway.jsonpath.internal.JsonContext -- Put path $ key windowsVirtualKeyCode value 100
12:54:27.360 [main] DEBUG com.jayway.jsonpath.internal.path.CompiledPath -- Evaluating path: $
12:54:27.360 [main] DEBUG com.intuit.karate.driver.chrome_1718781863995 -- >> {"id":33,"sessionId":"EE1621CCDA1EE4FD28EC2BCD46011587","method":"Input.dispatchKeyEvent","params":{"modifiers":0,"type":"rawKeyDown","text":"d","windowsVirtualKeyCode":100}}
12:54:27.368 [nioEventLoopGroup-15-1] DEBUG com.intuit.karate.driver.chrome_1718781863995 -- << {"id":33,"result":{},"sessionId":"EE1621CCDA1EE4FD28EC2BCD46011587"}
12:54:27.368 [nioEventLoopGroup-15-1] DEBUG com.jayway.jsonpath.internal.path.CompiledPath -- Evaluating path: $
12:54:27.368 [main] DEBUG com.jayway.jsonpath.internal.path.CompiledPath -- Evaluating path: $['modifiers']
12:54:27.369 [main] DEBUG com.jayway.jsonpath.internal.path.CompiledPath -- Evaluating path: $
12:54:27.369 [main] DEBUG com.jayway.jsonpath.internal.path.CompiledPath -- Evaluating path: $
12:54:27.369 [main] DEBUG com.jayway.jsonpath.internal.JsonContext -- Put path $ key modifiers value {}
12:54:27.369 [main] DEBUG com.jayway.jsonpath.internal.path.CompiledPath -- Evaluating path: $
12:54:27.369 [main] DEBUG com.jayway.jsonpath.internal.JsonContext -- Put path $ key modifiers value 0
12:54:27.369 [main] DEBUG com.jayway.jsonpath.internal.path.CompiledPath -- Evaluating path: $['type']
12:54:27.369 [main] DEBUG com.jayway.jsonpath.internal.path.CompiledPath -- Evaluating path: $
12:54:27.369 [main] DEBUG com.jayway.jsonpath.internal.path.CompiledPath -- Evaluating path: $
12:54:27.369 [main] DEBUG com.jayway.jsonpath.internal.JsonContext -- Put path $ key type value {}
12:54:27.369 [main] DEBUG com.jayway.jsonpath.internal.path.CompiledPath -- Evaluating path: $
12:54:27.369 [main] DEBUG com.jayway.jsonpath.internal.JsonContext -- Put path $ key type value char
12:54:27.369 [main] DEBUG com.jayway.jsonpath.internal.path.CompiledPath -- Evaluating path: $['text']
12:54:27.369 [main] DEBUG com.jayway.jsonpath.internal.path.CompiledPath -- Evaluating path: $
12:54:27.369 [main] DEBUG com.jayway.jsonpath.internal.path.CompiledPath -- Evaluating path: $
12:54:27.369 [main] DEBUG com.jayway.jsonpath.internal.JsonContext -- Put path $ key text value {}
12:54:27.369 [main] DEBUG com.jayway.jsonpath.internal.path.CompiledPath -- Evaluating path: $
12:54:27.369 [main] DEBUG com.jayway.jsonpath.internal.JsonContext -- Put path $ key text value d
12:54:27.369 [main] DEBUG com.jayway.jsonpath.internal.path.CompiledPath -- Evaluating path: $['windowsVirtualKeyCode']
12:54:27.369 [main] DEBUG com.jayway.jsonpath.internal.path.CompiledPath -- Evaluating path: $
12:54:27.369 [main] DEBUG com.jayway.jsonpath.internal.path.CompiledPath -- Evaluating path: $
12:54:27.369 [main] DEBUG com.jayway.jsonpath.internal.JsonContext -- Put path $ key windowsVirtualKeyCode value {}
12:54:27.369 [main] DEBUG com.jayway.jsonpath.internal.path.CompiledPath -- Evaluating path: $
12:54:27.369 [main] DEBUG com.jayway.jsonpath.internal.JsonContext -- Put path $ key windowsVirtualKeyCode value 100
12:54:27.369 [main] DEBUG com.jayway.jsonpath.internal.path.CompiledPath -- Evaluating path: $
12:54:27.369 [main] DEBUG com.intuit.karate.driver.chrome_1718781863995 -- >> {"id":34,"sessionId":"EE1621CCDA1EE4FD28EC2BCD46011587","method":"Input.dispatchKeyEvent","params":{"modifiers":0,"type":"char","text":"d","windowsVirtualKeyCode":100}}
12:54:27.372 [nioEventLoopGroup-15-1] DEBUG com.intuit.karate.driver.chrome_1718781863995 -- << {"id":34,"result":{},"sessionId":"EE1621CCDA1EE4FD28EC2BCD46011587"}
12:54:27.372 [nioEventLoopGroup-15-1] DEBUG com.jayway.jsonpath.internal.path.CompiledPath -- Evaluating path: $
12:54:27.372 [main] DEBUG com.jayway.jsonpath.internal.path.CompiledPath -- Evaluating path: $['modifiers']
12:54:27.372 [main] DEBUG com.jayway.jsonpath.internal.path.CompiledPath -- Evaluating path: $
12:54:27.372 [main] DEBUG com.jayway.jsonpath.internal.path.CompiledPath -- Evaluating path: $
12:54:27.372 [main] DEBUG com.jayway.jsonpath.internal.JsonContext -- Put path $ key modifiers value {}
12:54:27.372 [main] DEBUG com.jayway.jsonpath.internal.path.CompiledPath -- Evaluating path: $
12:54:27.372 [main] DEBUG com.jayway.jsonpath.internal.JsonContext -- Put path $ key modifiers value 0
12:54:27.372 [main] DEBUG com.jayway.jsonpath.internal.path.CompiledPath -- Evaluating path: $['type']
12:54:27.372 [main] DEBUG com.jayway.jsonpath.internal.path.CompiledPath -- Evaluating path: $
12:54:27.372 [main] DEBUG com.jayway.jsonpath.internal.path.CompiledPath -- Evaluating path: $
12:54:27.372 [main] DEBUG com.jayway.jsonpath.internal.JsonContext -- Put path $ key type value {}
12:54:27.372 [main] DEBUG com.jayway.jsonpath.internal.path.CompiledPath -- Evaluating path: $
12:54:27.372 [main] DEBUG com.jayway.jsonpath.internal.JsonContext -- Put path $ key type value keyUp
12:54:27.372 [main] DEBUG com.jayway.jsonpath.internal.path.CompiledPath -- Evaluating path: $['text']
12:54:27.372 [main] DEBUG com.jayway.jsonpath.internal.path.CompiledPath -- Evaluating path: $
12:54:27.372 [main] DEBUG com.jayway.jsonpath.internal.path.CompiledPath -- Evaluating path: $
12:54:27.372 [main] DEBUG com.jayway.jsonpath.internal.JsonContext -- Put path $ key text value {}
12:54:27.372 [main] DEBUG com.jayway.jsonpath.internal.path.CompiledPath -- Evaluating path: $
12:54:27.372 [main] DEBUG com.jayway.jsonpath.internal.JsonContext -- Put path $ key text value d
12:54:27.372 [main] DEBUG com.jayway.jsonpath.internal.path.CompiledPath -- Evaluating path: $['windowsVirtualKeyCode']
12:54:27.372 [main] DEBUG com.jayway.jsonpath.internal.path.CompiledPath -- Evaluating path: $
12:54:27.372 [main] DEBUG com.jayway.jsonpath.internal.path.CompiledPath -- Evaluating path: $
12:54:27.372 [main] DEBUG com.jayway.jsonpath.internal.JsonContext -- Put path $ key windowsVirtualKeyCode value {}
12:54:27.372 [main] DEBUG com.jayway.jsonpath.internal.path.CompiledPath -- Evaluating path: $
12:54:27.372 [main] DEBUG com.jayway.jsonpath.internal.JsonContext -- Put path $ key windowsVirtualKeyCode value 100
12:54:27.372 [main] DEBUG com.jayway.jsonpath.internal.path.CompiledPath -- Evaluating path: $
12:54:27.372 [main] DEBUG com.intuit.karate.driver.chrome_1718781863995 -- >> {"id":35,"sessionId":"EE1621CCDA1EE4FD28EC2BCD46011587","method":"Input.dispatchKeyEvent","params":{"modifiers":0,"type":"keyUp","text":"d","windowsVirtualKeyCode":100}}
12:54:27.374 [nioEventLoopGroup-15-1] DEBUG com.intuit.karate.driver.chrome_1718781863995 -- << {"id":35,"result":{},"sessionId":"EE1621CCDA1EE4FD28EC2BCD46011587"}
12:54:27.374 [nioEventLoopGroup-15-1] DEBUG com.jayway.jsonpath.internal.path.CompiledPath -- Evaluating path: $
12:54:27.374 [main] DEBUG com.jayway.jsonpath.internal.path.CompiledPath -- Evaluating path: $['modifiers']
12:54:27.374 [main] DEBUG com.jayway.jsonpath.internal.path.CompiledPath -- Evaluating path: $
12:54:27.374 [main] DEBUG com.jayway.jsonpath.internal.path.CompiledPath -- Evaluating path: $
12:54:27.374 [main] DEBUG com.jayway.jsonpath.internal.JsonContext -- Put path $ key modifiers value {}
12:54:27.374 [main] DEBUG com.jayway.jsonpath.internal.path.CompiledPath -- Evaluating path: $
12:54:27.374 [main] DEBUG com.jayway.jsonpath.internal.JsonContext -- Put path $ key modifiers value 0
12:54:27.374 [main] DEBUG com.jayway.jsonpath.internal.path.CompiledPath -- Evaluating path: $['type']
12:54:27.374 [main] DEBUG com.jayway.jsonpath.internal.path.CompiledPath -- Evaluating path: $
12:54:27.374 [main] DEBUG com.jayway.jsonpath.internal.path.CompiledPath -- Evaluating path: $
12:54:27.374 [main] DEBUG com.jayway.jsonpath.internal.JsonContext -- Put path $ key type value {}
12:54:27.374 [main] DEBUG com.jayway.jsonpath.internal.path.CompiledPath -- Evaluating path: $
12:54:27.374 [main] DEBUG com.jayway.jsonpath.internal.JsonContext -- Put path $ key type value rawKeyDown
12:54:27.374 [main] DEBUG com.jayway.jsonpath.internal.path.CompiledPath -- Evaluating path: $['text']
12:54:27.374 [main] DEBUG com.jayway.jsonpath.internal.path.CompiledPath -- Evaluating path: $
12:54:27.374 [main] DEBUG com.jayway.jsonpath.internal.path.CompiledPath -- Evaluating path: $
12:54:27.374 [main] DEBUG com.jayway.jsonpath.internal.JsonContext -- Put path $ key text value {}
12:54:27.374 [main] DEBUG com.jayway.jsonpath.internal.path.CompiledPath -- Evaluating path: $
12:54:27.374 [main] DEBUG com.jayway.jsonpath.internal.JsonContext -- Put path $ key text value _
12:54:27.374 [main] DEBUG com.jayway.jsonpath.internal.path.CompiledPath -- Evaluating path: $['windowsVirtualKeyCode']
12:54:27.374 [main] DEBUG com.jayway.jsonpath.internal.path.CompiledPath -- Evaluating path: $
12:54:27.374 [main] DEBUG com.jayway.jsonpath.internal.path.CompiledPath -- Evaluating path: $
12:54:27.374 [main] DEBUG com.jayway.jsonpath.internal.JsonContext -- Put path $ key windowsVirtualKeyCode value {}
12:54:27.374 [main] DEBUG com.jayway.jsonpath.internal.path.CompiledPath -- Evaluating path: $
12:54:27.374 [main] DEBUG com.jayway.jsonpath.internal.JsonContext -- Put path $ key windowsVirtualKeyCode value 523
12:54:27.374 [main] DEBUG com.jayway.jsonpath.internal.path.CompiledPath -- Evaluating path: $
12:54:27.374 [main] DEBUG com.intuit.karate.driver.chrome_1718781863995 -- >> {"id":36,"sessionId":"EE1621CCDA1EE4FD28EC2BCD46011587","method":"Input.dispatchKeyEvent","params":{"modifiers":0,"type":"rawKeyDown","text":"_","windowsVirtualKeyCode":523}}
12:54:27.376 [nioEventLoopGroup-15-1] DEBUG com.intuit.karate.driver.chrome_1718781863995 -- << {"id":36,"result":{},"sessionId":"EE1621CCDA1EE4FD28EC2BCD46011587"}
12:54:27.376 [nioEventLoopGroup-15-1] DEBUG com.jayway.jsonpath.internal.path.CompiledPath -- Evaluating path: $
12:54:27.376 [main] DEBUG com.jayway.jsonpath.internal.path.CompiledPath -- Evaluating path: $['modifiers']
12:54:27.376 [main] DEBUG com.jayway.jsonpath.internal.path.CompiledPath -- Evaluating path: $
12:54:27.376 [main] DEBUG com.jayway.jsonpath.internal.path.CompiledPath -- Evaluating path: $
12:54:27.376 [main] DEBUG com.jayway.jsonpath.internal.JsonContext -- Put path $ key modifiers value {}
12:54:27.376 [main] DEBUG com.jayway.jsonpath.internal.path.CompiledPath -- Evaluating path: $
12:54:27.376 [main] DEBUG com.jayway.jsonpath.internal.JsonContext -- Put path $ key modifiers value 0
12:54:27.376 [main] DEBUG com.jayway.jsonpath.internal.path.CompiledPath -- Evaluating path: $['type']
12:54:27.376 [main] DEBUG com.jayway.jsonpath.internal.path.CompiledPath -- Evaluating path: $
12:54:27.376 [main] DEBUG com.jayway.jsonpath.internal.path.CompiledPath -- Evaluating path: $
12:54:27.376 [main] DEBUG com.jayway.jsonpath.internal.JsonContext -- Put path $ key type value {}
12:54:27.376 [main] DEBUG com.jayway.jsonpath.internal.path.CompiledPath -- Evaluating path: $
12:54:27.376 [main] DEBUG com.jayway.jsonpath.internal.JsonContext -- Put path $ key type value char
12:54:27.376 [main] DEBUG com.jayway.jsonpath.internal.path.CompiledPath -- Evaluating path: $['text']
12:54:27.376 [main] DEBUG com.jayway.jsonpath.internal.path.CompiledPath -- Evaluating path: $
12:54:27.376 [main] DEBUG com.jayway.jsonpath.internal.path.CompiledPath -- Evaluating path: $
12:54:27.376 [main] DEBUG com.jayway.jsonpath.internal.JsonContext -- Put path $ key text value {}
12:54:27.376 [main] DEBUG com.jayway.jsonpath.internal.path.CompiledPath -- Evaluating path: $
12:54:27.376 [main] DEBUG com.jayway.jsonpath.internal.JsonContext -- Put path $ key text value _
12:54:27.376 [main] DEBUG com.jayway.jsonpath.internal.path.CompiledPath -- Evaluating path: $['windowsVirtualKeyCode']
12:54:27.376 [main] DEBUG com.jayway.jsonpath.internal.path.CompiledPath -- Evaluating path: $
12:54:27.376 [main] DEBUG com.jayway.jsonpath.internal.path.CompiledPath -- Evaluating path: $
12:54:27.376 [main] DEBUG com.jayway.jsonpath.internal.JsonContext -- Put path $ key windowsVirtualKeyCode value {}
12:54:27.376 [main] DEBUG com.jayway.jsonpath.internal.path.CompiledPath -- Evaluating path: $
12:54:27.376 [main] DEBUG com.jayway.jsonpath.internal.JsonContext -- Put path $ key windowsVirtualKeyCode value 523
12:54:27.376 [main] DEBUG com.jayway.jsonpath.internal.path.CompiledPath -- Evaluating path: $
12:54:27.376 [main] DEBUG com.intuit.karate.driver.chrome_1718781863995 -- >> {"id":37,"sessionId":"EE1621CCDA1EE4FD28EC2BCD46011587","method":"Input.dispatchKeyEvent","params":{"modifiers":0,"type":"char","text":"_","windowsVirtualKeyCode":523}}
12:54:27.383 [nioEventLoopGroup-15-1] DEBUG com.intuit.karate.driver.chrome_1718781863995 -- << {"id":37,"result":{},"sessionId":"EE1621CCDA1EE4FD28EC2BCD46011587"}
12:54:27.384 [nioEventLoopGroup-15-1] DEBUG com.jayway.jsonpath.internal.path.CompiledPath -- Evaluating path: $
12:54:27.384 [main] DEBUG com.jayway.jsonpath.internal.path.CompiledPath -- Evaluating path: $['modifiers']
12:54:27.384 [main] DEBUG com.jayway.jsonpath.internal.path.CompiledPath -- Evaluating path: $
12:54:27.384 [main] DEBUG com.jayway.jsonpath.internal.path.CompiledPath -- Evaluating path: $
12:54:27.384 [main] DEBUG com.jayway.jsonpath.internal.JsonContext -- Put path $ key modifiers value {}
12:54:27.384 [main] DEBUG com.jayway.jsonpath.internal.path.CompiledPath -- Evaluating path: $
12:54:27.384 [main] DEBUG com.jayway.jsonpath.internal.JsonContext -- Put path $ key modifiers value 0
12:54:27.384 [main] DEBUG com.jayway.jsonpath.internal.path.CompiledPath -- Evaluating path: $['type']
12:54:27.384 [main] DEBUG com.jayway.jsonpath.internal.path.CompiledPath -- Evaluating path: $
12:54:27.384 [main] DEBUG com.jayway.jsonpath.internal.path.CompiledPath -- Evaluating path: $
12:54:27.384 [main] DEBUG com.jayway.jsonpath.internal.JsonContext -- Put path $ key type value {}
12:54:27.384 [main] DEBUG com.jayway.jsonpath.internal.path.CompiledPath -- Evaluating path: $
12:54:27.384 [main] DEBUG com.jayway.jsonpath.internal.JsonContext -- Put path $ key type value keyUp
12:54:27.384 [main] DEBUG com.jayway.jsonpath.internal.path.CompiledPath -- Evaluating path: $['text']
12:54:27.384 [main] DEBUG com.jayway.jsonpath.internal.path.CompiledPath -- Evaluating path: $
12:54:27.384 [main] DEBUG com.jayway.jsonpath.internal.path.CompiledPath -- Evaluating path: $
12:54:27.384 [main] DEBUG com.jayway.jsonpath.internal.JsonContext -- Put path $ key text value {}
12:54:27.384 [main] DEBUG com.jayway.jsonpath.internal.path.CompiledPath -- Evaluating path: $
12:54:27.384 [main] DEBUG com.jayway.jsonpath.internal.JsonContext -- Put path $ key text value _
12:54:27.384 [main] DEBUG com.jayway.jsonpath.internal.path.CompiledPath -- Evaluating path: $['windowsVirtualKeyCode']
12:54:27.384 [main] DEBUG com.jayway.jsonpath.internal.path.CompiledPath -- Evaluating path: $
12:54:27.384 [main] DEBUG com.jayway.jsonpath.internal.path.CompiledPath -- Evaluating path: $
12:54:27.384 [main] DEBUG com.jayway.jsonpath.internal.JsonContext -- Put path $ key windowsVirtualKeyCode value {}
12:54:27.384 [main] DEBUG com.jayway.jsonpath.internal.path.CompiledPath -- Evaluating path: $
12:54:27.384 [main] DEBUG com.jayway.jsonpath.internal.JsonContext -- Put path $ key windowsVirtualKeyCode value 523
12:54:27.384 [main] DEBUG com.jayway.jsonpath.internal.path.CompiledPath -- Evaluating path: $
12:54:27.384 [main] DEBUG com.intuit.karate.driver.chrome_1718781863995 -- >> {"id":38,"sessionId":"EE1621CCDA1EE4FD28EC2BCD46011587","method":"Input.dispatchKeyEvent","params":{"modifiers":0,"type":"keyUp","text":"_","windowsVirtualKeyCode":523}}
12:54:27.385 [nioEventLoopGroup-15-1] DEBUG com.intuit.karate.driver.chrome_1718781863995 -- << {"id":38,"result":{},"sessionId":"EE1621CCDA1EE4FD28EC2BCD46011587"}
12:54:27.385 [nioEventLoopGroup-15-1] DEBUG com.jayway.jsonpath.internal.path.CompiledPath -- Evaluating path: $
12:54:27.385 [main] DEBUG com.jayway.jsonpath.internal.path.CompiledPath -- Evaluating path: $['modifiers']
12:54:27.385 [main] DEBUG com.jayway.jsonpath.internal.path.CompiledPath -- Evaluating path: $
12:54:27.385 [main] DEBUG com.jayway.jsonpath.internal.path.CompiledPath -- Evaluating path: $
12:54:27.385 [main] DEBUG com.jayway.jsonpath.internal.JsonContext -- Put path $ key modifiers value {}
12:54:27.385 [main] DEBUG com.jayway.jsonpath.internal.path.CompiledPath -- Evaluating path: $
12:54:27.385 [main] DEBUG com.jayway.jsonpath.internal.JsonContext -- Put path $ key modifiers value 0
12:54:27.385 [main] DEBUG com.jayway.jsonpath.internal.path.CompiledPath -- Evaluating path: $['type']
12:54:27.385 [main] DEBUG com.jayway.jsonpath.internal.path.CompiledPath -- Evaluating path: $
12:54:27.385 [main] DEBUG com.jayway.jsonpath.internal.path.CompiledPath -- Evaluating path: $
12:54:27.386 [main] DEBUG com.jayway.jsonpath.internal.JsonContext -- Put path $ key type value {}
12:54:27.386 [main] DEBUG com.jayway.jsonpath.internal.path.CompiledPath -- Evaluating path: $
12:54:27.386 [main] DEBUG com.jayway.jsonpath.internal.JsonContext -- Put path $ key type value rawKeyDown
12:54:27.386 [main] DEBUG com.jayway.jsonpath.internal.path.CompiledPath -- Evaluating path: $['text']
12:54:27.386 [main] DEBUG com.jayway.jsonpath.internal.path.CompiledPath -- Evaluating path: $
12:54:27.386 [main] DEBUG com.jayway.jsonpath.internal.path.CompiledPath -- Evaluating path: $
12:54:27.386 [main] DEBUG com.jayway.jsonpath.internal.JsonContext -- Put path $ key text value {}
12:54:27.386 [main] DEBUG com.jayway.jsonpath.internal.path.CompiledPath -- Evaluating path: $
12:54:27.386 [main] DEBUG com.jayway.jsonpath.internal.JsonContext -- Put path $ key text value u
12:54:27.386 [main] DEBUG com.jayway.jsonpath.internal.path.CompiledPath -- Evaluating path: $['windowsVirtualKeyCode']
12:54:27.386 [main] DEBUG com.jayway.jsonpath.internal.path.CompiledPath -- Evaluating path: $
12:54:27.386 [main] DEBUG com.jayway.jsonpath.internal.path.CompiledPath -- Evaluating path: $
12:54:27.386 [main] DEBUG com.jayway.jsonpath.internal.JsonContext -- Put path $ key windowsVirtualKeyCode value {}
12:54:27.386 [main] DEBUG com.jayway.jsonpath.internal.path.CompiledPath -- Evaluating path: $
12:54:27.386 [main] DEBUG com.jayway.jsonpath.internal.JsonContext -- Put path $ key windowsVirtualKeyCode value 117
12:54:27.386 [main] DEBUG com.jayway.jsonpath.internal.path.CompiledPath -- Evaluating path: $
12:54:27.386 [main] DEBUG com.intuit.karate.driver.chrome_1718781863995 -- >> {"id":39,"sessionId":"EE1621CCDA1EE4FD28EC2BCD46011587","method":"Input.dispatchKeyEvent","params":{"modifiers":0,"type":"rawKeyDown","text":"u","windowsVirtualKeyCode":117}}
12:54:27.387 [nioEventLoopGroup-15-1] DEBUG com.intuit.karate.driver.chrome_1718781863995 -- << {"id":39,"result":{},"sessionId":"EE1621CCDA1EE4FD28EC2BCD46011587"}
12:54:27.387 [nioEventLoopGroup-15-1] DEBUG com.jayway.jsonpath.internal.path.CompiledPath -- Evaluating path: $
12:54:27.387 [main] DEBUG com.jayway.jsonpath.internal.path.CompiledPath -- Evaluating path: $['modifiers']
12:54:27.387 [main] DEBUG com.jayway.jsonpath.internal.path.CompiledPath -- Evaluating path: $
12:54:27.387 [main] DEBUG com.jayway.jsonpath.internal.path.CompiledPath -- Evaluating path: $
12:54:27.387 [main] DEBUG com.jayway.jsonpath.internal.JsonContext -- Put path $ key modifiers value {}
12:54:27.387 [main] DEBUG com.jayway.jsonpath.internal.path.CompiledPath -- Evaluating path: $
12:54:27.387 [main] DEBUG com.jayway.jsonpath.internal.JsonContext -- Put path $ key modifiers value 0
12:54:27.387 [main] DEBUG com.jayway.jsonpath.internal.path.CompiledPath -- Evaluating path: $['type']
12:54:27.387 [main] DEBUG com.jayway.jsonpath.internal.path.CompiledPath -- Evaluating path: $
12:54:27.387 [main] DEBUG com.jayway.jsonpath.internal.path.CompiledPath -- Evaluating path: $
12:54:27.387 [main] DEBUG com.jayway.jsonpath.internal.JsonContext -- Put path $ key type value {}
12:54:27.387 [main] DEBUG com.jayway.jsonpath.internal.path.CompiledPath -- Evaluating path: $
12:54:27.387 [main] DEBUG com.jayway.jsonpath.internal.JsonContext -- Put path $ key type value char
12:54:27.387 [main] DEBUG com.jayway.jsonpath.internal.path.CompiledPath -- Evaluating path: $['text']
12:54:27.387 [main] DEBUG com.jayway.jsonpath.internal.path.CompiledPath -- Evaluating path: $
12:54:27.387 [main] DEBUG com.jayway.jsonpath.internal.path.CompiledPath -- Evaluating path: $
12:54:27.387 [main] DEBUG com.jayway.jsonpath.internal.JsonContext -- Put path $ key text value {}
12:54:27.387 [main] DEBUG com.jayway.jsonpath.internal.path.CompiledPath -- Evaluating path: $
12:54:27.387 [main] DEBUG com.jayway.jsonpath.internal.JsonContext -- Put path $ key text value u
12:54:27.387 [main] DEBUG com.jayway.jsonpath.internal.path.CompiledPath -- Evaluating path: $['windowsVirtualKeyCode']
12:54:27.387 [main] DEBUG com.jayway.jsonpath.internal.path.CompiledPath -- Evaluating path: $
12:54:27.387 [main] DEBUG com.jayway.jsonpath.internal.path.CompiledPath -- Evaluating path: $
12:54:27.387 [main] DEBUG com.jayway.jsonpath.internal.JsonContext -- Put path $ key windowsVirtualKeyCode value {}
12:54:27.387 [main] DEBUG com.jayway.jsonpath.internal.path.CompiledPath -- Evaluating path: $
12:54:27.387 [main] DEBUG com.jayway.jsonpath.internal.JsonContext -- Put path $ key windowsVirtualKeyCode value 117
12:54:27.387 [main] DEBUG com.jayway.jsonpath.internal.path.CompiledPath -- Evaluating path: $
12:54:27.387 [main] DEBUG com.intuit.karate.driver.chrome_1718781863995 -- >> {"id":40,"sessionId":"EE1621CCDA1EE4FD28EC2BCD46011587","method":"Input.dispatchKeyEvent","params":{"modifiers":0,"type":"char","text":"u","windowsVirtualKeyCode":117}}
12:54:27.389 [nioEventLoopGroup-15-1] DEBUG com.intuit.karate.driver.chrome_1718781863995 -- << {"id":40,"result":{},"sessionId":"EE1621CCDA1EE4FD28EC2BCD46011587"}
12:54:27.390 [nioEventLoopGroup-15-1] DEBUG com.jayway.jsonpath.internal.path.CompiledPath -- Evaluating path: $
12:54:27.390 [main] DEBUG com.jayway.jsonpath.internal.path.CompiledPath -- Evaluating path: $['modifiers']
12:54:27.390 [main] DEBUG com.jayway.jsonpath.internal.path.CompiledPath -- Evaluating path: $
12:54:27.390 [main] DEBUG com.jayway.jsonpath.internal.path.CompiledPath -- Evaluating path: $
12:54:27.390 [main] DEBUG com.jayway.jsonpath.internal.JsonContext -- Put path $ key modifiers value {}
12:54:27.390 [main] DEBUG com.jayway.jsonpath.internal.path.CompiledPath -- Evaluating path: $
12:54:27.390 [main] DEBUG com.jayway.jsonpath.internal.JsonContext -- Put path $ key modifiers value 0
12:54:27.390 [main] DEBUG com.jayway.jsonpath.internal.path.CompiledPath -- Evaluating path: $['type']
12:54:27.390 [main] DEBUG com.jayway.jsonpath.internal.path.CompiledPath -- Evaluating path: $
12:54:27.390 [main] DEBUG com.jayway.jsonpath.internal.path.CompiledPath -- Evaluating path: $
12:54:27.390 [main] DEBUG com.jayway.jsonpath.internal.JsonContext -- Put path $ key type value {}
12:54:27.390 [main] DEBUG com.jayway.jsonpath.internal.path.CompiledPath -- Evaluating path: $
12:54:27.390 [main] DEBUG com.jayway.jsonpath.internal.JsonContext -- Put path $ key type value keyUp
12:54:27.390 [main] DEBUG com.jayway.jsonpath.internal.path.CompiledPath -- Evaluating path: $['text']
12:54:27.390 [main] DEBUG com.jayway.jsonpath.internal.path.CompiledPath -- Evaluating path: $
12:54:27.390 [main] DEBUG com.jayway.jsonpath.internal.path.CompiledPath -- Evaluating path: $
12:54:27.390 [main] DEBUG com.jayway.jsonpath.internal.JsonContext -- Put path $ key text value {}
12:54:27.390 [main] DEBUG com.jayway.jsonpath.internal.path.CompiledPath -- Evaluating path: $
12:54:27.390 [main] DEBUG com.jayway.jsonpath.internal.JsonContext -- Put path $ key text value u
12:54:27.390 [main] DEBUG com.jayway.jsonpath.internal.path.CompiledPath -- Evaluating path: $['windowsVirtualKeyCode']
12:54:27.390 [main] DEBUG com.jayway.jsonpath.internal.path.CompiledPath -- Evaluating path: $
12:54:27.390 [main] DEBUG com.jayway.jsonpath.internal.path.CompiledPath -- Evaluating path: $
12:54:27.390 [main] DEBUG com.jayway.jsonpath.internal.JsonContext -- Put path $ key windowsVirtualKeyCode value {}
12:54:27.390 [main] DEBUG com.jayway.jsonpath.internal.path.CompiledPath -- Evaluating path: $
12:54:27.390 [main] DEBUG com.jayway.jsonpath.internal.JsonContext -- Put path $ key windowsVirtualKeyCode value 117
12:54:27.390 [main] DEBUG com.jayway.jsonpath.internal.path.CompiledPath -- Evaluating path: $
12:54:27.390 [main] DEBUG com.intuit.karate.driver.chrome_1718781863995 -- >> {"id":41,"sessionId":"EE1621CCDA1EE4FD28EC2BCD46011587","method":"Input.dispatchKeyEvent","params":{"modifiers":0,"type":"keyUp","text":"u","windowsVirtualKeyCode":117}}
12:54:27.391 [nioEventLoopGroup-15-1] DEBUG com.intuit.karate.driver.chrome_1718781863995 -- << {"id":41,"result":{},"sessionId":"EE1621CCDA1EE4FD28EC2BCD46011587"}
12:54:27.391 [nioEventLoopGroup-15-1] DEBUG com.jayway.jsonpath.internal.path.CompiledPath -- Evaluating path: $
12:54:27.391 [main] DEBUG com.jayway.jsonpath.internal.path.CompiledPath -- Evaluating path: $['modifiers']
12:54:27.391 [main] DEBUG com.jayway.jsonpath.internal.path.CompiledPath -- Evaluating path: $
12:54:27.391 [main] DEBUG com.jayway.jsonpath.internal.path.CompiledPath -- Evaluating path: $
12:54:27.391 [main] DEBUG com.jayway.jsonpath.internal.JsonContext -- Put path $ key modifiers value {}
12:54:27.391 [main] DEBUG com.jayway.jsonpath.internal.path.CompiledPath -- Evaluating path: $
12:54:27.391 [main] DEBUG com.jayway.jsonpath.internal.JsonContext -- Put path $ key modifiers value 0
12:54:27.391 [main] DEBUG com.jayway.jsonpath.internal.path.CompiledPath -- Evaluating path: $['type']
12:54:27.391 [main] DEBUG com.jayway.jsonpath.internal.path.CompiledPath -- Evaluating path: $
12:54:27.391 [main] DEBUG com.jayway.jsonpath.internal.path.CompiledPath -- Evaluating path: $
12:54:27.391 [main] DEBUG com.jayway.jsonpath.internal.JsonContext -- Put path $ key type value {}
12:54:27.391 [main] DEBUG com.jayway.jsonpath.internal.path.CompiledPath -- Evaluating path: $
12:54:27.391 [main] DEBUG com.jayway.jsonpath.internal.JsonContext -- Put path $ key type value rawKeyDown
12:54:27.391 [main] DEBUG com.jayway.jsonpath.internal.path.CompiledPath -- Evaluating path: $['text']
12:54:27.391 [main] DEBUG com.jayway.jsonpath.internal.path.CompiledPath -- Evaluating path: $
12:54:27.391 [main] DEBUG com.jayway.jsonpath.internal.path.CompiledPath -- Evaluating path: $
12:54:27.391 [main] DEBUG com.jayway.jsonpath.internal.JsonContext -- Put path $ key text value {}
12:54:27.391 [main] DEBUG com.jayway.jsonpath.internal.path.CompiledPath -- Evaluating path: $
12:54:27.391 [main] DEBUG com.jayway.jsonpath.internal.JsonContext -- Put path $ key text value s
12:54:27.391 [main] DEBUG com.jayway.jsonpath.internal.path.CompiledPath -- Evaluating path: $['windowsVirtualKeyCode']
12:54:27.391 [main] DEBUG com.jayway.jsonpath.internal.path.CompiledPath -- Evaluating path: $
12:54:27.391 [main] DEBUG com.jayway.jsonpath.internal.path.CompiledPath -- Evaluating path: $
12:54:27.391 [main] DEBUG com.jayway.jsonpath.internal.JsonContext -- Put path $ key windowsVirtualKeyCode value {}
12:54:27.391 [main] DEBUG com.jayway.jsonpath.internal.path.CompiledPath -- Evaluating path: $
12:54:27.391 [main] DEBUG com.jayway.jsonpath.internal.JsonContext -- Put path $ key windowsVirtualKeyCode value 115
12:54:27.391 [main] DEBUG com.jayway.jsonpath.internal.path.CompiledPath -- Evaluating path: $
12:54:27.391 [main] DEBUG com.intuit.karate.driver.chrome_1718781863995 -- >> {"id":42,"sessionId":"EE1621CCDA1EE4FD28EC2BCD46011587","method":"Input.dispatchKeyEvent","params":{"modifiers":0,"type":"rawKeyDown","text":"s","windowsVirtualKeyCode":115}}
12:54:27.393 [nioEventLoopGroup-15-1] DEBUG com.intuit.karate.driver.chrome_1718781863995 -- << {"id":42,"result":{},"sessionId":"EE1621CCDA1EE4FD28EC2BCD46011587"}
12:54:27.393 [nioEventLoopGroup-15-1] DEBUG com.jayway.jsonpath.internal.path.CompiledPath -- Evaluating path: $
12:54:27.393 [main] DEBUG com.jayway.jsonpath.internal.path.CompiledPath -- Evaluating path: $['modifiers']
12:54:27.393 [main] DEBUG com.jayway.jsonpath.internal.path.CompiledPath -- Evaluating path: $
12:54:27.393 [main] DEBUG com.jayway.jsonpath.internal.path.CompiledPath -- Evaluating path: $
12:54:27.393 [main] DEBUG com.jayway.jsonpath.internal.JsonContext -- Put path $ key modifiers value {}
12:54:27.393 [main] DEBUG com.jayway.jsonpath.internal.path.CompiledPath -- Evaluating path: $
12:54:27.393 [main] DEBUG com.jayway.jsonpath.internal.JsonContext -- Put path $ key modifiers value 0
12:54:27.393 [main] DEBUG com.jayway.jsonpath.internal.path.CompiledPath -- Evaluating path: $['type']
12:54:27.393 [main] DEBUG com.jayway.jsonpath.internal.path.CompiledPath -- Evaluating path: $
12:54:27.393 [main] DEBUG com.jayway.jsonpath.internal.path.CompiledPath -- Evaluating path: $
12:54:27.393 [main] DEBUG com.jayway.jsonpath.internal.JsonContext -- Put path $ key type value {}
12:54:27.393 [main] DEBUG com.jayway.jsonpath.internal.path.CompiledPath -- Evaluating path: $
12:54:27.393 [main] DEBUG com.jayway.jsonpath.internal.JsonContext -- Put path $ key type value char
12:54:27.393 [main] DEBUG com.jayway.jsonpath.internal.path.CompiledPath -- Evaluating path: $['text']
12:54:27.393 [main] DEBUG com.jayway.jsonpath.internal.path.CompiledPath -- Evaluating path: $
12:54:27.393 [main] DEBUG com.jayway.jsonpath.internal.path.CompiledPath -- Evaluating path: $
12:54:27.393 [main] DEBUG com.jayway.jsonpath.internal.JsonContext -- Put path $ key text value {}
12:54:27.393 [main] DEBUG com.jayway.jsonpath.internal.path.CompiledPath -- Evaluating path: $
12:54:27.393 [main] DEBUG com.jayway.jsonpath.internal.JsonContext -- Put path $ key text value s
12:54:27.393 [main] DEBUG com.jayway.jsonpath.internal.path.CompiledPath -- Evaluating path: $['windowsVirtualKeyCode']
12:54:27.393 [main] DEBUG com.jayway.jsonpath.internal.path.CompiledPath -- Evaluating path: $
12:54:27.393 [main] DEBUG com.jayway.jsonpath.internal.path.CompiledPath -- Evaluating path: $
12:54:27.393 [main] DEBUG com.jayway.jsonpath.internal.JsonContext -- Put path $ key windowsVirtualKeyCode value {}
12:54:27.393 [main] DEBUG com.jayway.jsonpath.internal.path.CompiledPath -- Evaluating path: $
12:54:27.393 [main] DEBUG com.jayway.jsonpath.internal.JsonContext -- Put path $ key windowsVirtualKeyCode value 115
12:54:27.393 [main] DEBUG com.jayway.jsonpath.internal.path.CompiledPath -- Evaluating path: $
12:54:27.393 [main] DEBUG com.intuit.karate.driver.chrome_1718781863995 -- >> {"id":43,"sessionId":"EE1621CCDA1EE4FD28EC2BCD46011587","method":"Input.dispatchKeyEvent","params":{"modifiers":0,"type":"char","text":"s","windowsVirtualKeyCode":115}}
12:54:27.398 [nioEventLoopGroup-15-1] DEBUG com.intuit.karate.driver.chrome_1718781863995 -- << {"id":43,"result":{},"sessionId":"EE1621CCDA1EE4FD28EC2BCD46011587"}
12:54:27.398 [nioEventLoopGroup-15-1] DEBUG com.jayway.jsonpath.internal.path.CompiledPath -- Evaluating path: $
12:54:27.399 [main] DEBUG com.jayway.jsonpath.internal.path.CompiledPath -- Evaluating path: $['modifiers']
12:54:27.399 [main] DEBUG com.jayway.jsonpath.internal.path.CompiledPath -- Evaluating path: $
12:54:27.399 [main] DEBUG com.jayway.jsonpath.internal.path.CompiledPath -- Evaluating path: $
12:54:27.399 [main] DEBUG com.jayway.jsonpath.internal.JsonContext -- Put path $ key modifiers value {}
12:54:27.399 [main] DEBUG com.jayway.jsonpath.internal.path.CompiledPath -- Evaluating path: $
12:54:27.399 [main] DEBUG com.jayway.jsonpath.internal.JsonContext -- Put path $ key modifiers value 0
12:54:27.399 [main] DEBUG com.jayway.jsonpath.internal.path.CompiledPath -- Evaluating path: $['type']
12:54:27.399 [main] DEBUG com.jayway.jsonpath.internal.path.CompiledPath -- Evaluating path: $
12:54:27.399 [main] DEBUG com.jayway.jsonpath.internal.path.CompiledPath -- Evaluating path: $
12:54:27.399 [main] DEBUG com.jayway.jsonpath.internal.JsonContext -- Put path $ key type value {}
12:54:27.399 [main] DEBUG com.jayway.jsonpath.internal.path.CompiledPath -- Evaluating path: $
12:54:27.399 [main] DEBUG com.jayway.jsonpath.internal.JsonContext -- Put path $ key type value keyUp
12:54:27.399 [main] DEBUG com.jayway.jsonpath.internal.path.CompiledPath -- Evaluating path: $['text']
12:54:27.399 [main] DEBUG com.jayway.jsonpath.internal.path.CompiledPath -- Evaluating path: $
12:54:27.399 [main] DEBUG com.jayway.jsonpath.internal.path.CompiledPath -- Evaluating path: $
12:54:27.399 [main] DEBUG com.jayway.jsonpath.internal.JsonContext -- Put path $ key text value {}
12:54:27.399 [main] DEBUG com.jayway.jsonpath.internal.path.CompiledPath -- Evaluating path: $
12:54:27.399 [main] DEBUG com.jayway.jsonpath.internal.JsonContext -- Put path $ key text value s
12:54:27.399 [main] DEBUG com.jayway.jsonpath.internal.path.CompiledPath -- Evaluating path: $['windowsVirtualKeyCode']
12:54:27.399 [main] DEBUG com.jayway.jsonpath.internal.path.CompiledPath -- Evaluating path: $
12:54:27.399 [main] DEBUG com.jayway.jsonpath.internal.path.CompiledPath -- Evaluating path: $
12:54:27.399 [main] DEBUG com.jayway.jsonpath.internal.JsonContext -- Put path $ key windowsVirtualKeyCode value {}
12:54:27.399 [main] DEBUG com.jayway.jsonpath.internal.path.CompiledPath -- Evaluating path: $
12:54:27.399 [main] DEBUG com.jayway.jsonpath.internal.JsonContext -- Put path $ key windowsVirtualKeyCode value 115
12:54:27.399 [main] DEBUG com.jayway.jsonpath.internal.path.CompiledPath -- Evaluating path: $
12:54:27.399 [main] DEBUG com.intuit.karate.driver.chrome_1718781863995 -- >> {"id":44,"sessionId":"EE1621CCDA1EE4FD28EC2BCD46011587","method":"Input.dispatchKeyEvent","params":{"modifiers":0,"type":"keyUp","text":"s","windowsVirtualKeyCode":115}}
12:54:27.401 [nioEventLoopGroup-15-1] DEBUG com.intuit.karate.driver.chrome_1718781863995 -- << {"id":44,"result":{},"sessionId":"EE1621CCDA1EE4FD28EC2BCD46011587"}
12:54:27.401 [nioEventLoopGroup-15-1] DEBUG com.jayway.jsonpath.internal.path.CompiledPath -- Evaluating path: $
12:54:27.401 [main] DEBUG com.jayway.jsonpath.internal.path.CompiledPath -- Evaluating path: $['modifiers']
12:54:27.401 [main] DEBUG com.jayway.jsonpath.internal.path.CompiledPath -- Evaluating path: $
12:54:27.401 [main] DEBUG com.jayway.jsonpath.internal.path.CompiledPath -- Evaluating path: $
12:54:27.401 [main] DEBUG com.jayway.jsonpath.internal.JsonContext -- Put path $ key modifiers value {}
12:54:27.401 [main] DEBUG com.jayway.jsonpath.internal.path.CompiledPath -- Evaluating path: $
12:54:27.401 [main] DEBUG com.jayway.jsonpath.internal.JsonContext -- Put path $ key modifiers value 0
12:54:27.401 [main] DEBUG com.jayway.jsonpath.internal.path.CompiledPath -- Evaluating path: $['type']
12:54:27.401 [main] DEBUG com.jayway.jsonpath.internal.path.CompiledPath -- Evaluating path: $
12:54:27.401 [main] DEBUG com.jayway.jsonpath.internal.path.CompiledPath -- Evaluating path: $
12:54:27.401 [main] DEBUG com.jayway.jsonpath.internal.JsonContext -- Put path $ key type value {}
12:54:27.401 [main] DEBUG com.jayway.jsonpath.internal.path.CompiledPath -- Evaluating path: $
12:54:27.401 [main] DEBUG com.jayway.jsonpath.internal.JsonContext -- Put path $ key type value rawKeyDown
12:54:27.401 [main] DEBUG com.jayway.jsonpath.internal.path.CompiledPath -- Evaluating path: $['text']
12:54:27.401 [main] DEBUG com.jayway.jsonpath.internal.path.CompiledPath -- Evaluating path: $
12:54:27.401 [main] DEBUG com.jayway.jsonpath.internal.path.CompiledPath -- Evaluating path: $
12:54:27.401 [main] DEBUG com.jayway.jsonpath.internal.JsonContext -- Put path $ key text value {}
12:54:27.401 [main] DEBUG com.jayway.jsonpath.internal.path.CompiledPath -- Evaluating path: $
12:54:27.401 [main] DEBUG com.jayway.jsonpath.internal.JsonContext -- Put path $ key text value e
12:54:27.401 [main] DEBUG com.jayway.jsonpath.internal.path.CompiledPath -- Evaluating path: $['windowsVirtualKeyCode']
12:54:27.401 [main] DEBUG com.jayway.jsonpath.internal.path.CompiledPath -- Evaluating path: $
12:54:27.401 [main] DEBUG com.jayway.jsonpath.internal.path.CompiledPath -- Evaluating path: $
12:54:27.401 [main] DEBUG com.jayway.jsonpath.internal.JsonContext -- Put path $ key windowsVirtualKeyCode value {}
12:54:27.401 [main] DEBUG com.jayway.jsonpath.internal.path.CompiledPath -- Evaluating path: $
12:54:27.401 [main] DEBUG com.jayway.jsonpath.internal.JsonContext -- Put path $ key windowsVirtualKeyCode value 101
12:54:27.401 [main] DEBUG com.jayway.jsonpath.internal.path.CompiledPath -- Evaluating path: $
12:54:27.401 [main] DEBUG com.intuit.karate.driver.chrome_1718781863995 -- >> {"id":45,"sessionId":"EE1621CCDA1EE4FD28EC2BCD46011587","method":"Input.dispatchKeyEvent","params":{"modifiers":0,"type":"rawKeyDown","text":"e","windowsVirtualKeyCode":101}}
12:54:27.402 [nioEventLoopGroup-15-1] DEBUG com.intuit.karate.driver.chrome_1718781863995 -- << {"id":45,"result":{},"sessionId":"EE1621CCDA1EE4FD28EC2BCD46011587"}
12:54:27.402 [nioEventLoopGroup-15-1] DEBUG com.jayway.jsonpath.internal.path.CompiledPath -- Evaluating path: $
12:54:27.403 [main] DEBUG com.jayway.jsonpath.internal.path.CompiledPath -- Evaluating path: $['modifiers']
12:54:27.403 [main] DEBUG com.jayway.jsonpath.internal.path.CompiledPath -- Evaluating path: $
12:54:27.403 [main] DEBUG com.jayway.jsonpath.internal.path.CompiledPath -- Evaluating path: $
12:54:27.403 [main] DEBUG com.jayway.jsonpath.internal.JsonContext -- Put path $ key modifiers value {}
12:54:27.403 [main] DEBUG com.jayway.jsonpath.internal.path.CompiledPath -- Evaluating path: $
12:54:27.403 [main] DEBUG com.jayway.jsonpath.internal.JsonContext -- Put path $ key modifiers value 0
12:54:27.403 [main] DEBUG com.jayway.jsonpath.internal.path.CompiledPath -- Evaluating path: $['type']
12:54:27.403 [main] DEBUG com.jayway.jsonpath.internal.path.CompiledPath -- Evaluating path: $
12:54:27.403 [main] DEBUG com.jayway.jsonpath.internal.path.CompiledPath -- Evaluating path: $
12:54:27.403 [main] DEBUG com.jayway.jsonpath.internal.JsonContext -- Put path $ key type value {}
12:54:27.403 [main] DEBUG com.jayway.jsonpath.internal.path.CompiledPath -- Evaluating path: $
12:54:27.403 [main] DEBUG com.jayway.jsonpath.internal.JsonContext -- Put path $ key type value char
12:54:27.403 [main] DEBUG com.jayway.jsonpath.internal.path.CompiledPath -- Evaluating path: $['text']
12:54:27.403 [main] DEBUG com.jayway.jsonpath.internal.path.CompiledPath -- Evaluating path: $
12:54:27.403 [main] DEBUG com.jayway.jsonpath.internal.path.CompiledPath -- Evaluating path: $
12:54:27.403 [main] DEBUG com.jayway.jsonpath.internal.JsonContext -- Put path $ key text value {}
12:54:27.403 [main] DEBUG com.jayway.jsonpath.internal.path.CompiledPath -- Evaluating path: $
12:54:27.403 [main] DEBUG com.jayway.jsonpath.internal.JsonContext -- Put path $ key text value e
12:54:27.403 [main] DEBUG com.jayway.jsonpath.internal.path.CompiledPath -- Evaluating path: $['windowsVirtualKeyCode']
12:54:27.403 [main] DEBUG com.jayway.jsonpath.internal.path.CompiledPath -- Evaluating path: $
12:54:27.403 [main] DEBUG com.jayway.jsonpath.internal.path.CompiledPath -- Evaluating path: $
12:54:27.403 [main] DEBUG com.jayway.jsonpath.internal.JsonContext -- Put path $ key windowsVirtualKeyCode value {}
12:54:27.403 [main] DEBUG com.jayway.jsonpath.internal.path.CompiledPath -- Evaluating path: $
12:54:27.403 [main] DEBUG com.jayway.jsonpath.internal.JsonContext -- Put path $ key windowsVirtualKeyCode value 101
12:54:27.403 [main] DEBUG com.jayway.jsonpath.internal.path.CompiledPath -- Evaluating path: $
12:54:27.403 [main] DEBUG com.intuit.karate.driver.chrome_1718781863995 -- >> {"id":46,"sessionId":"EE1621CCDA1EE4FD28EC2BCD46011587","method":"Input.dispatchKeyEvent","params":{"modifiers":0,"type":"char","text":"e","windowsVirtualKeyCode":101}}
12:54:27.405 [nioEventLoopGroup-15-1] DEBUG com.intuit.karate.driver.chrome_1718781863995 -- << {"id":46,"result":{},"sessionId":"EE1621CCDA1EE4FD28EC2BCD46011587"}
12:54:27.405 [nioEventLoopGroup-15-1] DEBUG com.jayway.jsonpath.internal.path.CompiledPath -- Evaluating path: $
12:54:27.405 [main] DEBUG com.jayway.jsonpath.internal.path.CompiledPath -- Evaluating path: $['modifiers']
12:54:27.405 [main] DEBUG com.jayway.jsonpath.internal.path.CompiledPath -- Evaluating path: $
12:54:27.405 [main] DEBUG com.jayway.jsonpath.internal.path.CompiledPath -- Evaluating path: $
12:54:27.405 [main] DEBUG com.jayway.jsonpath.internal.JsonContext -- Put path $ key modifiers value {}
12:54:27.405 [main] DEBUG com.jayway.jsonpath.internal.path.CompiledPath -- Evaluating path: $
12:54:27.405 [main] DEBUG com.jayway.jsonpath.internal.JsonContext -- Put path $ key modifiers value 0
12:54:27.405 [main] DEBUG com.jayway.jsonpath.internal.path.CompiledPath -- Evaluating path: $['type']
12:54:27.405 [main] DEBUG com.jayway.jsonpath.internal.path.CompiledPath -- Evaluating path: $
12:54:27.405 [main] DEBUG com.jayway.jsonpath.internal.path.CompiledPath -- Evaluating path: $
12:54:27.405 [main] DEBUG com.jayway.jsonpath.internal.JsonContext -- Put path $ key type value {}
12:54:27.405 [main] DEBUG com.jayway.jsonpath.internal.path.CompiledPath -- Evaluating path: $
12:54:27.405 [main] DEBUG com.jayway.jsonpath.internal.JsonContext -- Put path $ key type value keyUp
12:54:27.405 [main] DEBUG com.jayway.jsonpath.internal.path.CompiledPath -- Evaluating path: $['text']
12:54:27.405 [main] DEBUG com.jayway.jsonpath.internal.path.CompiledPath -- Evaluating path: $
12:54:27.405 [main] DEBUG com.jayway.jsonpath.internal.path.CompiledPath -- Evaluating path: $
12:54:27.405 [main] DEBUG com.jayway.jsonpath.internal.JsonContext -- Put path $ key text value {}
12:54:27.405 [main] DEBUG com.jayway.jsonpath.internal.path.CompiledPath -- Evaluating path: $
12:54:27.405 [main] DEBUG com.jayway.jsonpath.internal.JsonContext -- Put path $ key text value e
12:54:27.405 [main] DEBUG com.jayway.jsonpath.internal.path.CompiledPath -- Evaluating path: $['windowsVirtualKeyCode']
12:54:27.405 [main] DEBUG com.jayway.jsonpath.internal.path.CompiledPath -- Evaluating path: $
12:54:27.405 [main] DEBUG com.jayway.jsonpath.internal.path.CompiledPath -- Evaluating path: $
12:54:27.405 [main] DEBUG com.jayway.jsonpath.internal.JsonContext -- Put path $ key windowsVirtualKeyCode value {}
12:54:27.405 [main] DEBUG com.jayway.jsonpath.internal.path.CompiledPath -- Evaluating path: $
12:54:27.405 [main] DEBUG com.jayway.jsonpath.internal.JsonContext -- Put path $ key windowsVirtualKeyCode value 101
12:54:27.405 [main] DEBUG com.jayway.jsonpath.internal.path.CompiledPath -- Evaluating path: $
12:54:27.405 [main] DEBUG com.intuit.karate.driver.chrome_1718781863995 -- >> {"id":47,"sessionId":"EE1621CCDA1EE4FD28EC2BCD46011587","method":"Input.dispatchKeyEvent","params":{"modifiers":0,"type":"keyUp","text":"e","windowsVirtualKeyCode":101}}
12:54:27.406 [nioEventLoopGroup-15-1] DEBUG com.intuit.karate.driver.chrome_1718781863995 -- << {"id":47,"result":{},"sessionId":"EE1621CCDA1EE4FD28EC2BCD46011587"}
12:54:27.406 [nioEventLoopGroup-15-1] DEBUG com.jayway.jsonpath.internal.path.CompiledPath -- Evaluating path: $
12:54:27.407 [main] DEBUG com.jayway.jsonpath.internal.path.CompiledPath -- Evaluating path: $['modifiers']
12:54:27.407 [main] DEBUG com.jayway.jsonpath.internal.path.CompiledPath -- Evaluating path: $
12:54:27.407 [main] DEBUG com.jayway.jsonpath.internal.path.CompiledPath -- Evaluating path: $
12:54:27.407 [main] DEBUG com.jayway.jsonpath.internal.JsonContext -- Put path $ key modifiers value {}
12:54:27.407 [main] DEBUG com.jayway.jsonpath.internal.path.CompiledPath -- Evaluating path: $
12:54:27.407 [main] DEBUG com.jayway.jsonpath.internal.JsonContext -- Put path $ key modifiers value 0
12:54:27.407 [main] DEBUG com.jayway.jsonpath.internal.path.CompiledPath -- Evaluating path: $['type']
12:54:27.407 [main] DEBUG com.jayway.jsonpath.internal.path.CompiledPath -- Evaluating path: $
12:54:27.407 [main] DEBUG com.jayway.jsonpath.internal.path.CompiledPath -- Evaluating path: $
12:54:27.407 [main] DEBUG com.jayway.jsonpath.internal.JsonContext -- Put path $ key type value {}
12:54:27.407 [main] DEBUG com.jayway.jsonpath.internal.path.CompiledPath -- Evaluating path: $
12:54:27.407 [main] DEBUG com.jayway.jsonpath.internal.JsonContext -- Put path $ key type value rawKeyDown
12:54:27.407 [main] DEBUG com.jayway.jsonpath.internal.path.CompiledPath -- Evaluating path: $['text']
12:54:27.407 [main] DEBUG com.jayway.jsonpath.internal.path.CompiledPath -- Evaluating path: $
12:54:27.407 [main] DEBUG com.jayway.jsonpath.internal.path.CompiledPath -- Evaluating path: $
12:54:27.407 [main] DEBUG com.jayway.jsonpath.internal.JsonContext -- Put path $ key text value {}
12:54:27.407 [main] DEBUG com.jayway.jsonpath.internal.path.CompiledPath -- Evaluating path: $
12:54:27.407 [main] DEBUG com.jayway.jsonpath.internal.JsonContext -- Put path $ key text value r
12:54:27.407 [main] DEBUG com.jayway.jsonpath.internal.path.CompiledPath -- Evaluating path: $['windowsVirtualKeyCode']
12:54:27.407 [main] DEBUG com.jayway.jsonpath.internal.path.CompiledPath -- Evaluating path: $
12:54:27.407 [main] DEBUG com.jayway.jsonpath.internal.path.CompiledPath -- Evaluating path: $
12:54:27.407 [main] DEBUG com.jayway.jsonpath.internal.JsonContext -- Put path $ key windowsVirtualKeyCode value {}
12:54:27.407 [main] DEBUG com.jayway.jsonpath.internal.path.CompiledPath -- Evaluating path: $
12:54:27.407 [main] DEBUG com.jayway.jsonpath.internal.JsonContext -- Put path $ key windowsVirtualKeyCode value 114
12:54:27.407 [main] DEBUG com.jayway.jsonpath.internal.path.CompiledPath -- Evaluating path: $
12:54:27.407 [main] DEBUG com.intuit.karate.driver.chrome_1718781863995 -- >> {"id":48,"sessionId":"EE1621CCDA1EE4FD28EC2BCD46011587","method":"Input.dispatchKeyEvent","params":{"modifiers":0,"type":"rawKeyDown","text":"r","windowsVirtualKeyCode":114}}
12:54:27.408 [nioEventLoopGroup-15-1] DEBUG com.intuit.karate.driver.chrome_1718781863995 -- << {"id":48,"result":{},"sessionId":"EE1621CCDA1EE4FD28EC2BCD46011587"}
12:54:27.408 [nioEventLoopGroup-15-1] DEBUG com.jayway.jsonpath.internal.path.CompiledPath -- Evaluating path: $
12:54:27.408 [main] DEBUG com.jayway.jsonpath.internal.path.CompiledPath -- Evaluating path: $['modifiers']
12:54:27.408 [main] DEBUG com.jayway.jsonpath.internal.path.CompiledPath -- Evaluating path: $
12:54:27.408 [main] DEBUG com.jayway.jsonpath.internal.path.CompiledPath -- Evaluating path: $
12:54:27.408 [main] DEBUG com.jayway.jsonpath.internal.JsonContext -- Put path $ key modifiers value {}
12:54:27.408 [main] DEBUG com.jayway.jsonpath.internal.path.CompiledPath -- Evaluating path: $
12:54:27.408 [main] DEBUG com.jayway.jsonpath.internal.JsonContext -- Put path $ key modifiers value 0
12:54:27.408 [main] DEBUG com.jayway.jsonpath.internal.path.CompiledPath -- Evaluating path: $['type']
12:54:27.408 [main] DEBUG com.jayway.jsonpath.internal.path.CompiledPath -- Evaluating path: $
12:54:27.408 [main] DEBUG com.jayway.jsonpath.internal.path.CompiledPath -- Evaluating path: $
12:54:27.408 [main] DEBUG com.jayway.jsonpath.internal.JsonContext -- Put path $ key type value {}
12:54:27.408 [main] DEBUG com.jayway.jsonpath.internal.path.CompiledPath -- Evaluating path: $
12:54:27.408 [main] DEBUG com.jayway.jsonpath.internal.JsonContext -- Put path $ key type value char
12:54:27.408 [main] DEBUG com.jayway.jsonpath.internal.path.CompiledPath -- Evaluating path: $['text']
12:54:27.408 [main] DEBUG com.jayway.jsonpath.internal.path.CompiledPath -- Evaluating path: $
12:54:27.408 [main] DEBUG com.jayway.jsonpath.internal.path.CompiledPath -- Evaluating path: $
12:54:27.408 [main] DEBUG com.jayway.jsonpath.internal.JsonContext -- Put path $ key text value {}
12:54:27.408 [main] DEBUG com.jayway.jsonpath.internal.path.CompiledPath -- Evaluating path: $
12:54:27.408 [main] DEBUG com.jayway.jsonpath.internal.JsonContext -- Put path $ key text value r
12:54:27.408 [main] DEBUG com.jayway.jsonpath.internal.path.CompiledPath -- Evaluating path: $['windowsVirtualKeyCode']
12:54:27.408 [main] DEBUG com.jayway.jsonpath.internal.path.CompiledPath -- Evaluating path: $
12:54:27.408 [main] DEBUG com.jayway.jsonpath.internal.path.CompiledPath -- Evaluating path: $
12:54:27.408 [main] DEBUG com.jayway.jsonpath.internal.JsonContext -- Put path $ key windowsVirtualKeyCode value {}
12:54:27.408 [main] DEBUG com.jayway.jsonpath.internal.path.CompiledPath -- Evaluating path: $
12:54:27.408 [main] DEBUG com.jayway.jsonpath.internal.JsonContext -- Put path $ key windowsVirtualKeyCode value 114
12:54:27.408 [main] DEBUG com.jayway.jsonpath.internal.path.CompiledPath -- Evaluating path: $
12:54:27.408 [main] DEBUG com.intuit.karate.driver.chrome_1718781863995 -- >> {"id":49,"sessionId":"EE1621CCDA1EE4FD28EC2BCD46011587","method":"Input.dispatchKeyEvent","params":{"modifiers":0,"type":"char","text":"r","windowsVirtualKeyCode":114}}
12:54:27.411 [nioEventLoopGroup-15-1] DEBUG com.intuit.karate.driver.chrome_1718781863995 -- << {"id":49,"result":{},"sessionId":"EE1621CCDA1EE4FD28EC2BCD46011587"}
12:54:27.411 [nioEventLoopGroup-15-1] DEBUG com.jayway.jsonpath.internal.path.CompiledPath -- Evaluating path: $
12:54:27.411 [main] DEBUG com.jayway.jsonpath.internal.path.CompiledPath -- Evaluating path: $['modifiers']
12:54:27.411 [main] DEBUG com.jayway.jsonpath.internal.path.CompiledPath -- Evaluating path: $
12:54:27.411 [main] DEBUG com.jayway.jsonpath.internal.path.CompiledPath -- Evaluating path: $
12:54:27.411 [main] DEBUG com.jayway.jsonpath.internal.JsonContext -- Put path $ key modifiers value {}
12:54:27.411 [main] DEBUG com.jayway.jsonpath.internal.path.CompiledPath -- Evaluating path: $
12:54:27.411 [main] DEBUG com.jayway.jsonpath.internal.JsonContext -- Put path $ key modifiers value 0
12:54:27.411 [main] DEBUG com.jayway.jsonpath.internal.path.CompiledPath -- Evaluating path: $['type']
12:54:27.411 [main] DEBUG com.jayway.jsonpath.internal.path.CompiledPath -- Evaluating path: $
12:54:27.411 [main] DEBUG com.jayway.jsonpath.internal.path.CompiledPath -- Evaluating path: $
12:54:27.411 [main] DEBUG com.jayway.jsonpath.internal.JsonContext -- Put path $ key type value {}
12:54:27.411 [main] DEBUG com.jayway.jsonpath.internal.path.CompiledPath -- Evaluating path: $
12:54:27.411 [main] DEBUG com.jayway.jsonpath.internal.JsonContext -- Put path $ key type value keyUp
12:54:27.411 [main] DEBUG com.jayway.jsonpath.internal.path.CompiledPath -- Evaluating path: $['text']
12:54:27.411 [main] DEBUG com.jayway.jsonpath.internal.path.CompiledPath -- Evaluating path: $
12:54:27.411 [main] DEBUG com.jayway.jsonpath.internal.path.CompiledPath -- Evaluating path: $
12:54:27.411 [main] DEBUG com.jayway.jsonpath.internal.JsonContext -- Put path $ key text value {}
12:54:27.411 [main] DEBUG com.jayway.jsonpath.internal.path.CompiledPath -- Evaluating path: $
12:54:27.411 [main] DEBUG com.jayway.jsonpath.internal.JsonContext -- Put path $ key text value r
12:54:27.411 [main] DEBUG com.jayway.jsonpath.internal.path.CompiledPath -- Evaluating path: $['windowsVirtualKeyCode']
12:54:27.411 [main] DEBUG com.jayway.jsonpath.internal.path.CompiledPath -- Evaluating path: $
12:54:27.411 [main] DEBUG com.jayway.jsonpath.internal.path.CompiledPath -- Evaluating path: $
12:54:27.411 [main] DEBUG com.jayway.jsonpath.internal.JsonContext -- Put path $ key windowsVirtualKeyCode value {}
12:54:27.411 [main] DEBUG com.jayway.jsonpath.internal.path.CompiledPath -- Evaluating path: $
12:54:27.411 [main] DEBUG com.jayway.jsonpath.internal.JsonContext -- Put path $ key windowsVirtualKeyCode value 114
12:54:27.411 [main] DEBUG com.jayway.jsonpath.internal.path.CompiledPath -- Evaluating path: $
12:54:27.411 [main] DEBUG com.intuit.karate.driver.chrome_1718781863995 -- >> {"id":50,"sessionId":"EE1621CCDA1EE4FD28EC2BCD46011587","method":"Input.dispatchKeyEvent","params":{"modifiers":0,"type":"keyUp","text":"r","windowsVirtualKeyCode":114}}
12:54:27.413 [nioEventLoopGroup-15-1] DEBUG com.intuit.karate.driver.chrome_1718781863995 -- << {"id":50,"result":{},"sessionId":"EE1621CCDA1EE4FD28EC2BCD46011587"}
12:54:27.414 [nioEventLoopGroup-15-1] DEBUG com.jayway.jsonpath.internal.path.CompiledPath -- Evaluating path: $
12:54:27.418 [main] DEBUG com.jayway.jsonpath.internal.path.CompiledPath -- Evaluating path: $['expression']
12:54:27.418 [main] DEBUG com.jayway.jsonpath.internal.path.CompiledPath -- Evaluating path: $
12:54:27.418 [main] DEBUG com.jayway.jsonpath.internal.path.CompiledPath -- Evaluating path: $
12:54:27.418 [main] DEBUG com.jayway.jsonpath.internal.JsonContext -- Put path $ key expression value {}
12:54:27.418 [main] DEBUG com.jayway.jsonpath.internal.path.CompiledPath -- Evaluating path: $
12:54:27.418 [main] DEBUG com.jayway.jsonpath.internal.JsonContext -- Put path $ key expression value var e = document.evaluate("//*[@id='password']", document, null, 9, null).singleNodeValue; e.focus(); try { e.selectionStart = e.selectionEnd = e.value.length } catch(x) {}
12:54:27.418 [main] DEBUG com.jayway.jsonpath.internal.path.CompiledPath -- Evaluating path: $['returnByValue']
12:54:27.418 [main] DEBUG com.jayway.jsonpath.internal.path.CompiledPath -- Evaluating path: $
12:54:27.418 [main] DEBUG com.jayway.jsonpath.internal.path.CompiledPath -- Evaluating path: $
12:54:27.418 [main] DEBUG com.jayway.jsonpath.internal.JsonContext -- Put path $ key returnByValue value {}
12:54:27.418 [main] DEBUG com.jayway.jsonpath.internal.path.CompiledPath -- Evaluating path: $
12:54:27.418 [main] DEBUG com.jayway.jsonpath.internal.JsonContext -- Put path $ key returnByValue value true
12:54:27.418 [main] DEBUG com.jayway.jsonpath.internal.path.CompiledPath -- Evaluating path: $
12:54:27.418 [main] DEBUG com.intuit.karate.driver.chrome_1718781863995 -- >> {"id":51,"sessionId":"EE1621CCDA1EE4FD28EC2BCD46011587","method":"Runtime.evaluate","params":{"expression":"var e = document.evaluate(\"\/\/*[@id='password']\", document, null, 9, null).singleNodeValue; e.focus(); try { e.selectionStart = e.selectionEnd = e.value.length } catch(x) {}","returnByValue":true}}
12:54:27.420 [nioEventLoopGroup-15-1] DEBUG com.intuit.karate.driver.chrome_1718781863995 -- << {"id":51,"result":{"result":{"type":"number","value":0,"description":"0"}},"sessionId":"EE1621CCDA1EE4FD28EC2BCD46011587"}
12:54:27.420 [nioEventLoopGroup-15-1] DEBUG com.jayway.jsonpath.internal.path.CompiledPath -- Evaluating path: $
12:54:27.421 [main] DEBUG com.jayway.jsonpath.internal.path.CompiledPath -- Evaluating path: $['modifiers']
12:54:27.421 [main] DEBUG com.jayway.jsonpath.internal.path.CompiledPath -- Evaluating path: $
12:54:27.421 [main] DEBUG com.jayway.jsonpath.internal.path.CompiledPath -- Evaluating path: $
12:54:27.421 [main] DEBUG com.jayway.jsonpath.internal.JsonContext -- Put path $ key modifiers value {}
12:54:27.421 [main] DEBUG com.jayway.jsonpath.internal.path.CompiledPath -- Evaluating path: $
12:54:27.421 [main] DEBUG com.jayway.jsonpath.internal.JsonContext -- Put path $ key modifiers value 0
12:54:27.421 [main] DEBUG com.jayway.jsonpath.internal.path.CompiledPath -- Evaluating path: $['type']
12:54:27.421 [main] DEBUG com.jayway.jsonpath.internal.path.CompiledPath -- Evaluating path: $
12:54:27.421 [main] DEBUG com.jayway.jsonpath.internal.path.CompiledPath -- Evaluating path: $
12:54:27.421 [main] DEBUG com.jayway.jsonpath.internal.JsonContext -- Put path $ key type value {}
12:54:27.421 [main] DEBUG com.jayway.jsonpath.internal.path.CompiledPath -- Evaluating path: $
12:54:27.421 [main] DEBUG com.jayway.jsonpath.internal.JsonContext -- Put path $ key type value rawKeyDown
12:54:27.421 [main] DEBUG com.jayway.jsonpath.internal.path.CompiledPath -- Evaluating path: $['text']
12:54:27.421 [main] DEBUG com.jayway.jsonpath.internal.path.CompiledPath -- Evaluating path: $
12:54:27.421 [main] DEBUG com.jayway.jsonpath.internal.path.CompiledPath -- Evaluating path: $
12:54:27.421 [main] DEBUG com.jayway.jsonpath.internal.JsonContext -- Put path $ key text value {}
12:54:27.421 [main] DEBUG com.jayway.jsonpath.internal.path.CompiledPath -- Evaluating path: $
12:54:27.421 [main] DEBUG com.jayway.jsonpath.internal.JsonContext -- Put path $ key text value s
12:54:27.421 [main] DEBUG com.jayway.jsonpath.internal.path.CompiledPath -- Evaluating path: $['windowsVirtualKeyCode']
12:54:27.421 [main] DEBUG com.jayway.jsonpath.internal.path.CompiledPath -- Evaluating path: $
12:54:27.421 [main] DEBUG com.jayway.jsonpath.internal.path.CompiledPath -- Evaluating path: $
12:54:27.421 [main] DEBUG com.jayway.jsonpath.internal.JsonContext -- Put path $ key windowsVirtualKeyCode value {}
12:54:27.421 [main] DEBUG com.jayway.jsonpath.internal.path.CompiledPath -- Evaluating path: $
12:54:27.421 [main] DEBUG com.jayway.jsonpath.internal.JsonContext -- Put path $ key windowsVirtualKeyCode value 115
12:54:27.421 [main] DEBUG com.jayway.jsonpath.internal.path.CompiledPath -- Evaluating path: $
12:54:27.421 [main] DEBUG com.intuit.karate.driver.chrome_1718781863995 -- >> {"id":52,"sessionId":"EE1621CCDA1EE4FD28EC2BCD46011587","method":"Input.dispatchKeyEvent","params":{"modifiers":0,"type":"rawKeyDown","text":"s","windowsVirtualKeyCode":115}}
12:54:27.422 [nioEventLoopGroup-15-1] DEBUG com.intuit.karate.driver.chrome_1718781863995 -- << {"id":52,"result":{},"sessionId":"EE1621CCDA1EE4FD28EC2BCD46011587"}
12:54:27.422 [nioEventLoopGroup-15-1] DEBUG com.jayway.jsonpath.internal.path.CompiledPath -- Evaluating path: $
12:54:27.422 [main] DEBUG com.jayway.jsonpath.internal.path.CompiledPath -- Evaluating path: $['modifiers']
12:54:27.422 [main] DEBUG com.jayway.jsonpath.internal.path.CompiledPath -- Evaluating path: $
12:54:27.422 [main] DEBUG com.jayway.jsonpath.internal.path.CompiledPath -- Evaluating path: $
12:54:27.422 [main] DEBUG com.jayway.jsonpath.internal.JsonContext -- Put path $ key modifiers value {}
12:54:27.422 [main] DEBUG com.jayway.jsonpath.internal.path.CompiledPath -- Evaluating path: $
12:54:27.422 [main] DEBUG com.jayway.jsonpath.internal.JsonContext -- Put path $ key modifiers value 0
12:54:27.422 [main] DEBUG com.jayway.jsonpath.internal.path.CompiledPath -- Evaluating path: $['type']
12:54:27.422 [main] DEBUG com.jayway.jsonpath.internal.path.CompiledPath -- Evaluating path: $
12:54:27.422 [main] DEBUG com.jayway.jsonpath.internal.path.CompiledPath -- Evaluating path: $
12:54:27.422 [main] DEBUG com.jayway.jsonpath.internal.JsonContext -- Put path $ key type value {}
12:54:27.422 [main] DEBUG com.jayway.jsonpath.internal.path.CompiledPath -- Evaluating path: $
12:54:27.422 [main] DEBUG com.jayway.jsonpath.internal.JsonContext -- Put path $ key type value char
12:54:27.422 [main] DEBUG com.jayway.jsonpath.internal.path.CompiledPath -- Evaluating path: $['text']
12:54:27.422 [main] DEBUG com.jayway.jsonpath.internal.path.CompiledPath -- Evaluating path: $
12:54:27.422 [main] DEBUG com.jayway.jsonpath.internal.path.CompiledPath -- Evaluating path: $
12:54:27.422 [main] DEBUG com.jayway.jsonpath.internal.JsonContext -- Put path $ key text value {}
12:54:27.422 [main] DEBUG com.jayway.jsonpath.internal.path.CompiledPath -- Evaluating path: $
12:54:27.422 [main] DEBUG com.jayway.jsonpath.internal.JsonContext -- Put path $ key text value s
12:54:27.422 [main] DEBUG com.jayway.jsonpath.internal.path.CompiledPath -- Evaluating path: $['windowsVirtualKeyCode']
12:54:27.422 [main] DEBUG com.jayway.jsonpath.internal.path.CompiledPath -- Evaluating path: $
12:54:27.422 [main] DEBUG com.jayway.jsonpath.internal.path.CompiledPath -- Evaluating path: $
12:54:27.422 [main] DEBUG com.jayway.jsonpath.internal.JsonContext -- Put path $ key windowsVirtualKeyCode value {}
12:54:27.422 [main] DEBUG com.jayway.jsonpath.internal.path.CompiledPath -- Evaluating path: $
12:54:27.422 [main] DEBUG com.jayway.jsonpath.internal.JsonContext -- Put path $ key windowsVirtualKeyCode value 115
12:54:27.422 [main] DEBUG com.jayway.jsonpath.internal.path.CompiledPath -- Evaluating path: $
12:54:27.422 [main] DEBUG com.intuit.karate.driver.chrome_1718781863995 -- >> {"id":53,"sessionId":"EE1621CCDA1EE4FD28EC2BCD46011587","method":"Input.dispatchKeyEvent","params":{"modifiers":0,"type":"char","text":"s","windowsVirtualKeyCode":115}}
12:54:27.425 [nioEventLoopGroup-15-1] DEBUG com.intuit.karate.driver.chrome_1718781863995 -- << {"id":53,"result":{},"sessionId":"EE1621CCDA1EE4FD28EC2BCD46011587"}
12:54:27.425 [nioEventLoopGroup-15-1] DEBUG com.jayway.jsonpath.internal.path.CompiledPath -- Evaluating path: $
12:54:27.425 [main] DEBUG com.jayway.jsonpath.internal.path.CompiledPath -- Evaluating path: $['modifiers']
12:54:27.425 [main] DEBUG com.jayway.jsonpath.internal.path.CompiledPath -- Evaluating path: $
12:54:27.425 [main] DEBUG com.jayway.jsonpath.internal.path.CompiledPath -- Evaluating path: $
12:54:27.425 [main] DEBUG com.jayway.jsonpath.internal.JsonContext -- Put path $ key modifiers value {}
12:54:27.425 [main] DEBUG com.jayway.jsonpath.internal.path.CompiledPath -- Evaluating path: $
12:54:27.425 [main] DEBUG com.jayway.jsonpath.internal.JsonContext -- Put path $ key modifiers value 0
12:54:27.425 [main] DEBUG com.jayway.jsonpath.internal.path.CompiledPath -- Evaluating path: $['type']
12:54:27.425 [main] DEBUG com.jayway.jsonpath.internal.path.CompiledPath -- Evaluating path: $
12:54:27.425 [main] DEBUG com.jayway.jsonpath.internal.path.CompiledPath -- Evaluating path: $
12:54:27.425 [main] DEBUG com.jayway.jsonpath.internal.JsonContext -- Put path $ key type value {}
12:54:27.425 [main] DEBUG com.jayway.jsonpath.internal.path.CompiledPath -- Evaluating path: $
12:54:27.425 [main] DEBUG com.jayway.jsonpath.internal.JsonContext -- Put path $ key type value keyUp
12:54:27.425 [main] DEBUG com.jayway.jsonpath.internal.path.CompiledPath -- Evaluating path: $['text']
12:54:27.425 [main] DEBUG com.jayway.jsonpath.internal.path.CompiledPath -- Evaluating path: $
12:54:27.425 [main] DEBUG com.jayway.jsonpath.internal.path.CompiledPath -- Evaluating path: $
12:54:27.425 [main] DEBUG com.jayway.jsonpath.internal.JsonContext -- Put path $ key text value {}
12:54:27.425 [main] DEBUG com.jayway.jsonpath.internal.path.CompiledPath -- Evaluating path: $
12:54:27.425 [main] DEBUG com.jayway.jsonpath.internal.JsonContext -- Put path $ key text value s
12:54:27.425 [main] DEBUG com.jayway.jsonpath.internal.path.CompiledPath -- Evaluating path: $['windowsVirtualKeyCode']
12:54:27.425 [main] DEBUG com.jayway.jsonpath.internal.path.CompiledPath -- Evaluating path: $
12:54:27.426 [main] DEBUG com.jayway.jsonpath.internal.path.CompiledPath -- Evaluating path: $
12:54:27.426 [main] DEBUG com.jayway.jsonpath.internal.JsonContext -- Put path $ key windowsVirtualKeyCode value {}
12:54:27.426 [main] DEBUG com.jayway.jsonpath.internal.path.CompiledPath -- Evaluating path: $
12:54:27.426 [main] DEBUG com.jayway.jsonpath.internal.JsonContext -- Put path $ key windowsVirtualKeyCode value 115
12:54:27.426 [main] DEBUG com.jayway.jsonpath.internal.path.CompiledPath -- Evaluating path: $
12:54:27.426 [main] DEBUG com.intuit.karate.driver.chrome_1718781863995 -- >> {"id":54,"sessionId":"EE1621CCDA1EE4FD28EC2BCD46011587","method":"Input.dispatchKeyEvent","params":{"modifiers":0,"type":"keyUp","text":"s","windowsVirtualKeyCode":115}}
12:54:27.428 [nioEventLoopGroup-15-1] DEBUG com.intuit.karate.driver.chrome_1718781863995 -- << {"id":54,"result":{},"sessionId":"EE1621CCDA1EE4FD28EC2BCD46011587"}
12:54:27.428 [nioEventLoopGroup-15-1] DEBUG com.jayway.jsonpath.internal.path.CompiledPath -- Evaluating path: $
12:54:27.428 [main] DEBUG com.jayway.jsonpath.internal.path.CompiledPath -- Evaluating path: $['modifiers']
12:54:27.428 [main] DEBUG com.jayway.jsonpath.internal.path.CompiledPath -- Evaluating path: $
12:54:27.428 [main] DEBUG com.jayway.jsonpath.internal.path.CompiledPath -- Evaluating path: $
12:54:27.428 [main] DEBUG com.jayway.jsonpath.internal.JsonContext -- Put path $ key modifiers value {}
12:54:27.428 [main] DEBUG com.jayway.jsonpath.internal.path.CompiledPath -- Evaluating path: $
12:54:27.428 [main] DEBUG com.jayway.jsonpath.internal.JsonContext -- Put path $ key modifiers value 0
12:54:27.428 [main] DEBUG com.jayway.jsonpath.internal.path.CompiledPath -- Evaluating path: $['type']
12:54:27.428 [main] DEBUG com.jayway.jsonpath.internal.path.CompiledPath -- Evaluating path: $
12:54:27.428 [main] DEBUG com.jayway.jsonpath.internal.path.CompiledPath -- Evaluating path: $
12:54:27.428 [main] DEBUG com.jayway.jsonpath.internal.JsonContext -- Put path $ key type value {}
12:54:27.428 [main] DEBUG com.jayway.jsonpath.internal.path.CompiledPath -- Evaluating path: $
12:54:27.428 [main] DEBUG com.jayway.jsonpath.internal.JsonContext -- Put path $ key type value rawKeyDown
12:54:27.428 [main] DEBUG com.jayway.jsonpath.internal.path.CompiledPath -- Evaluating path: $['text']
12:54:27.428 [main] DEBUG com.jayway.jsonpath.internal.path.CompiledPath -- Evaluating path: $
12:54:27.428 [main] DEBUG com.jayway.jsonpath.internal.path.CompiledPath -- Evaluating path: $
12:54:27.428 [main] DEBUG com.jayway.jsonpath.internal.JsonContext -- Put path $ key text value {}
12:54:27.428 [main] DEBUG com.jayway.jsonpath.internal.path.CompiledPath -- Evaluating path: $
12:54:27.428 [main] DEBUG com.jayway.jsonpath.internal.JsonContext -- Put path $ key text value e
12:54:27.428 [main] DEBUG com.jayway.jsonpath.internal.path.CompiledPath -- Evaluating path: $['windowsVirtualKeyCode']
12:54:27.428 [main] DEBUG com.jayway.jsonpath.internal.path.CompiledPath -- Evaluating path: $
12:54:27.428 [main] DEBUG com.jayway.jsonpath.internal.path.CompiledPath -- Evaluating path: $
12:54:27.428 [main] DEBUG com.jayway.jsonpath.internal.JsonContext -- Put path $ key windowsVirtualKeyCode value {}
12:54:27.428 [main] DEBUG com.jayway.jsonpath.internal.path.CompiledPath -- Evaluating path: $
12:54:27.428 [main] DEBUG com.jayway.jsonpath.internal.JsonContext -- Put path $ key windowsVirtualKeyCode value 101
12:54:27.428 [main] DEBUG com.jayway.jsonpath.internal.path.CompiledPath -- Evaluating path: $
12:54:27.428 [main] DEBUG com.intuit.karate.driver.chrome_1718781863995 -- >> {"id":55,"sessionId":"EE1621CCDA1EE4FD28EC2BCD46011587","method":"Input.dispatchKeyEvent","params":{"modifiers":0,"type":"rawKeyDown","text":"e","windowsVirtualKeyCode":101}}
12:54:27.431 [nioEventLoopGroup-15-1] DEBUG com.intuit.karate.driver.chrome_1718781863995 -- << {"id":55,"result":{},"sessionId":"EE1621CCDA1EE4FD28EC2BCD46011587"}
12:54:27.431 [nioEventLoopGroup-15-1] DEBUG com.jayway.jsonpath.internal.path.CompiledPath -- Evaluating path: $
12:54:27.431 [main] DEBUG com.jayway.jsonpath.internal.path.CompiledPath -- Evaluating path: $['modifiers']
12:54:27.431 [main] DEBUG com.jayway.jsonpath.internal.path.CompiledPath -- Evaluating path: $
12:54:27.431 [main] DEBUG com.jayway.jsonpath.internal.path.CompiledPath -- Evaluating path: $
12:54:27.431 [main] DEBUG com.jayway.jsonpath.internal.JsonContext -- Put path $ key modifiers value {}
12:54:27.431 [main] DEBUG com.jayway.jsonpath.internal.path.CompiledPath -- Evaluating path: $
12:54:27.431 [main] DEBUG com.jayway.jsonpath.internal.JsonContext -- Put path $ key modifiers value 0
12:54:27.431 [main] DEBUG com.jayway.jsonpath.internal.path.CompiledPath -- Evaluating path: $['type']
12:54:27.431 [main] DEBUG com.jayway.jsonpath.internal.path.CompiledPath -- Evaluating path: $
12:54:27.431 [main] DEBUG com.jayway.jsonpath.internal.path.CompiledPath -- Evaluating path: $
12:54:27.431 [main] DEBUG com.jayway.jsonpath.internal.JsonContext -- Put path $ key type value {}
12:54:27.431 [main] DEBUG com.jayway.jsonpath.internal.path.CompiledPath -- Evaluating path: $
12:54:27.431 [main] DEBUG com.jayway.jsonpath.internal.JsonContext -- Put path $ key type value char
12:54:27.431 [main] DEBUG com.jayway.jsonpath.internal.path.CompiledPath -- Evaluating path: $['text']
12:54:27.431 [main] DEBUG com.jayway.jsonpath.internal.path.CompiledPath -- Evaluating path: $
12:54:27.431 [main] DEBUG com.jayway.jsonpath.internal.path.CompiledPath -- Evaluating path: $
12:54:27.431 [main] DEBUG com.jayway.jsonpath.internal.JsonContext -- Put path $ key text value {}
12:54:27.431 [main] DEBUG com.jayway.jsonpath.internal.path.CompiledPath -- Evaluating path: $
12:54:27.431 [main] DEBUG com.jayway.jsonpath.internal.JsonContext -- Put path $ key text value e
12:54:27.432 [main] DEBUG com.jayway.jsonpath.internal.path.CompiledPath -- Evaluating path: $['windowsVirtualKeyCode']
12:54:27.432 [main] DEBUG com.jayway.jsonpath.internal.path.CompiledPath -- Evaluating path: $
12:54:27.432 [main] DEBUG com.jayway.jsonpath.internal.path.CompiledPath -- Evaluating path: $
12:54:27.432 [main] DEBUG com.jayway.jsonpath.internal.JsonContext -- Put path $ key windowsVirtualKeyCode value {}
12:54:27.432 [main] DEBUG com.jayway.jsonpath.internal.path.CompiledPath -- Evaluating path: $
12:54:27.432 [main] DEBUG com.jayway.jsonpath.internal.JsonContext -- Put path $ key windowsVirtualKeyCode value 101
12:54:27.432 [main] DEBUG com.jayway.jsonpath.internal.path.CompiledPath -- Evaluating path: $
12:54:27.432 [main] DEBUG com.intuit.karate.driver.chrome_1718781863995 -- >> {"id":56,"sessionId":"EE1621CCDA1EE4FD28EC2BCD46011587","method":"Input.dispatchKeyEvent","params":{"modifiers":0,"type":"char","text":"e","windowsVirtualKeyCode":101}}
12:54:27.436 [nioEventLoopGroup-15-1] DEBUG com.intuit.karate.driver.chrome_1718781863995 -- << {"id":56,"result":{},"sessionId":"EE1621CCDA1EE4FD28EC2BCD46011587"}
12:54:27.436 [nioEventLoopGroup-15-1] DEBUG com.jayway.jsonpath.internal.path.CompiledPath -- Evaluating path: $
12:54:27.436 [main] DEBUG com.jayway.jsonpath.internal.path.CompiledPath -- Evaluating path: $['modifiers']
12:54:27.436 [main] DEBUG com.jayway.jsonpath.internal.path.CompiledPath -- Evaluating path: $
12:54:27.436 [main] DEBUG com.jayway.jsonpath.internal.path.CompiledPath -- Evaluating path: $
12:54:27.436 [main] DEBUG com.jayway.jsonpath.internal.JsonContext -- Put path $ key modifiers value {}
12:54:27.436 [main] DEBUG com.jayway.jsonpath.internal.path.CompiledPath -- Evaluating path: $
12:54:27.436 [main] DEBUG com.jayway.jsonpath.internal.JsonContext -- Put path $ key modifiers value 0
12:54:27.436 [main] DEBUG com.jayway.jsonpath.internal.path.CompiledPath -- Evaluating path: $['type']
12:54:27.436 [main] DEBUG com.jayway.jsonpath.internal.path.CompiledPath -- Evaluating path: $
12:54:27.436 [main] DEBUG com.jayway.jsonpath.internal.path.CompiledPath -- Evaluating path: $
12:54:27.436 [main] DEBUG com.jayway.jsonpath.internal.JsonContext -- Put path $ key type value {}
12:54:27.436 [main] DEBUG com.jayway.jsonpath.internal.path.CompiledPath -- Evaluating path: $
12:54:27.436 [main] DEBUG com.jayway.jsonpath.internal.JsonContext -- Put path $ key type value keyUp
12:54:27.436 [main] DEBUG com.jayway.jsonpath.internal.path.CompiledPath -- Evaluating path: $['text']
12:54:27.436 [main] DEBUG com.jayway.jsonpath.internal.path.CompiledPath -- Evaluating path: $
12:54:27.436 [main] DEBUG com.jayway.jsonpath.internal.path.CompiledPath -- Evaluating path: $
12:54:27.436 [main] DEBUG com.jayway.jsonpath.internal.JsonContext -- Put path $ key text value {}
12:54:27.436 [main] DEBUG com.jayway.jsonpath.internal.path.CompiledPath -- Evaluating path: $
12:54:27.436 [main] DEBUG com.jayway.jsonpath.internal.JsonContext -- Put path $ key text value e
12:54:27.436 [main] DEBUG com.jayway.jsonpath.internal.path.CompiledPath -- Evaluating path: $['windowsVirtualKeyCode']
12:54:27.436 [main] DEBUG com.jayway.jsonpath.internal.path.CompiledPath -- Evaluating path: $
12:54:27.436 [main] DEBUG com.jayway.jsonpath.internal.path.CompiledPath -- Evaluating path: $
12:54:27.436 [main] DEBUG com.jayway.jsonpath.internal.JsonContext -- Put path $ key windowsVirtualKeyCode value {}
12:54:27.436 [main] DEBUG com.jayway.jsonpath.internal.path.CompiledPath -- Evaluating path: $
12:54:27.436 [main] DEBUG com.jayway.jsonpath.internal.JsonContext -- Put path $ key windowsVirtualKeyCode value 101
12:54:27.436 [main] DEBUG com.jayway.jsonpath.internal.path.CompiledPath -- Evaluating path: $
12:54:27.436 [main] DEBUG com.intuit.karate.driver.chrome_1718781863995 -- >> {"id":57,"sessionId":"EE1621CCDA1EE4FD28EC2BCD46011587","method":"Input.dispatchKeyEvent","params":{"modifiers":0,"type":"keyUp","text":"e","windowsVirtualKeyCode":101}}
12:54:27.437 [nioEventLoopGroup-15-1] DEBUG com.intuit.karate.driver.chrome_1718781863995 -- << {"id":57,"result":{},"sessionId":"EE1621CCDA1EE4FD28EC2BCD46011587"}
12:54:27.437 [nioEventLoopGroup-15-1] DEBUG com.jayway.jsonpath.internal.path.CompiledPath -- Evaluating path: $
12:54:27.437 [main] DEBUG com.jayway.jsonpath.internal.path.CompiledPath -- Evaluating path: $['modifiers']
12:54:27.437 [main] DEBUG com.jayway.jsonpath.internal.path.CompiledPath -- Evaluating path: $
12:54:27.438 [main] DEBUG com.jayway.jsonpath.internal.path.CompiledPath -- Evaluating path: $
12:54:27.438 [main] DEBUG com.jayway.jsonpath.internal.JsonContext -- Put path $ key modifiers value {}
12:54:27.438 [main] DEBUG com.jayway.jsonpath.internal.path.CompiledPath -- Evaluating path: $
12:54:27.438 [main] DEBUG com.jayway.jsonpath.internal.JsonContext -- Put path $ key modifiers value 0
12:54:27.438 [main] DEBUG com.jayway.jsonpath.internal.path.CompiledPath -- Evaluating path: $['type']
12:54:27.438 [main] DEBUG com.jayway.jsonpath.internal.path.CompiledPath -- Evaluating path: $
12:54:27.438 [main] DEBUG com.jayway.jsonpath.internal.path.CompiledPath -- Evaluating path: $
12:54:27.438 [main] DEBUG com.jayway.jsonpath.internal.JsonContext -- Put path $ key type value {}
12:54:27.438 [main] DEBUG com.jayway.jsonpath.internal.path.CompiledPath -- Evaluating path: $
12:54:27.438 [main] DEBUG com.jayway.jsonpath.internal.JsonContext -- Put path $ key type value rawKeyDown
12:54:27.438 [main] DEBUG com.jayway.jsonpath.internal.path.CompiledPath -- Evaluating path: $['text']
12:54:27.438 [main] DEBUG com.jayway.jsonpath.internal.path.CompiledPath -- Evaluating path: $
12:54:27.438 [main] DEBUG com.jayway.jsonpath.internal.path.CompiledPath -- Evaluating path: $
12:54:27.438 [main] DEBUG com.jayway.jsonpath.internal.JsonContext -- Put path $ key text value {}
12:54:27.438 [main] DEBUG com.jayway.jsonpath.internal.path.CompiledPath -- Evaluating path: $
12:54:27.438 [main] DEBUG com.jayway.jsonpath.internal.JsonContext -- Put path $ key text value c
12:54:27.438 [main] DEBUG com.jayway.jsonpath.internal.path.CompiledPath -- Evaluating path: $['windowsVirtualKeyCode']
12:54:27.438 [main] DEBUG com.jayway.jsonpath.internal.path.CompiledPath -- Evaluating path: $
12:54:27.438 [main] DEBUG com.jayway.jsonpath.internal.path.CompiledPath -- Evaluating path: $
12:54:27.438 [main] DEBUG com.jayway.jsonpath.internal.JsonContext -- Put path $ key windowsVirtualKeyCode value {}
12:54:27.438 [main] DEBUG com.jayway.jsonpath.internal.path.CompiledPath -- Evaluating path: $
12:54:27.438 [main] DEBUG com.jayway.jsonpath.internal.JsonContext -- Put path $ key windowsVirtualKeyCode value 99
12:54:27.438 [main] DEBUG com.jayway.jsonpath.internal.path.CompiledPath -- Evaluating path: $
12:54:27.438 [main] DEBUG com.intuit.karate.driver.chrome_1718781863995 -- >> {"id":58,"sessionId":"EE1621CCDA1EE4FD28EC2BCD46011587","method":"Input.dispatchKeyEvent","params":{"modifiers":0,"type":"rawKeyDown","text":"c","windowsVirtualKeyCode":99}}
12:54:27.439 [nioEventLoopGroup-15-1] DEBUG com.intuit.karate.driver.chrome_1718781863995 -- << {"id":58,"result":{},"sessionId":"EE1621CCDA1EE4FD28EC2BCD46011587"}
12:54:27.439 [nioEventLoopGroup-15-1] DEBUG com.jayway.jsonpath.internal.path.CompiledPath -- Evaluating path: $
12:54:27.439 [main] DEBUG com.jayway.jsonpath.internal.path.CompiledPath -- Evaluating path: $['modifiers']
12:54:27.439 [main] DEBUG com.jayway.jsonpath.internal.path.CompiledPath -- Evaluating path: $
12:54:27.439 [main] DEBUG com.jayway.jsonpath.internal.path.CompiledPath -- Evaluating path: $
12:54:27.439 [main] DEBUG com.jayway.jsonpath.internal.JsonContext -- Put path $ key modifiers value {}
12:54:27.439 [main] DEBUG com.jayway.jsonpath.internal.path.CompiledPath -- Evaluating path: $
12:54:27.439 [main] DEBUG com.jayway.jsonpath.internal.JsonContext -- Put path $ key modifiers value 0
12:54:27.439 [main] DEBUG com.jayway.jsonpath.internal.path.CompiledPath -- Evaluating path: $['type']
12:54:27.439 [main] DEBUG com.jayway.jsonpath.internal.path.CompiledPath -- Evaluating path: $
12:54:27.439 [main] DEBUG com.jayway.jsonpath.internal.path.CompiledPath -- Evaluating path: $
12:54:27.439 [main] DEBUG com.jayway.jsonpath.internal.JsonContext -- Put path $ key type value {}
12:54:27.439 [main] DEBUG com.jayway.jsonpath.internal.path.CompiledPath -- Evaluating path: $
12:54:27.439 [main] DEBUG com.jayway.jsonpath.internal.JsonContext -- Put path $ key type value char
12:54:27.439 [main] DEBUG com.jayway.jsonpath.internal.path.CompiledPath -- Evaluating path: $['text']
12:54:27.439 [main] DEBUG com.jayway.jsonpath.internal.path.CompiledPath -- Evaluating path: $
12:54:27.439 [main] DEBUG com.jayway.jsonpath.internal.path.CompiledPath -- Evaluating path: $
12:54:27.439 [main] DEBUG com.jayway.jsonpath.internal.JsonContext -- Put path $ key text value {}
12:54:27.439 [main] DEBUG com.jayway.jsonpath.internal.path.CompiledPath -- Evaluating path: $
12:54:27.439 [main] DEBUG com.jayway.jsonpath.internal.JsonContext -- Put path $ key text value c
12:54:27.439 [main] DEBUG com.jayway.jsonpath.internal.path.CompiledPath -- Evaluating path: $['windowsVirtualKeyCode']
12:54:27.439 [main] DEBUG com.jayway.jsonpath.internal.path.CompiledPath -- Evaluating path: $
12:54:27.439 [main] DEBUG com.jayway.jsonpath.internal.path.CompiledPath -- Evaluating path: $
12:54:27.439 [main] DEBUG com.jayway.jsonpath.internal.JsonContext -- Put path $ key windowsVirtualKeyCode value {}
12:54:27.439 [main] DEBUG com.jayway.jsonpath.internal.path.CompiledPath -- Evaluating path: $
12:54:27.439 [main] DEBUG com.jayway.jsonpath.internal.JsonContext -- Put path $ key windowsVirtualKeyCode value 99
12:54:27.439 [main] DEBUG com.jayway.jsonpath.internal.path.CompiledPath -- Evaluating path: $
12:54:27.439 [main] DEBUG com.intuit.karate.driver.chrome_1718781863995 -- >> {"id":59,"sessionId":"EE1621CCDA1EE4FD28EC2BCD46011587","method":"Input.dispatchKeyEvent","params":{"modifiers":0,"type":"char","text":"c","windowsVirtualKeyCode":99}}
12:54:27.441 [nioEventLoopGroup-15-1] DEBUG com.intuit.karate.driver.chrome_1718781863995 -- << {"id":59,"result":{},"sessionId":"EE1621CCDA1EE4FD28EC2BCD46011587"}
12:54:27.441 [nioEventLoopGroup-15-1] DEBUG com.jayway.jsonpath.internal.path.CompiledPath -- Evaluating path: $
12:54:27.441 [main] DEBUG com.jayway.jsonpath.internal.path.CompiledPath -- Evaluating path: $['modifiers']
12:54:27.441 [main] DEBUG com.jayway.jsonpath.internal.path.CompiledPath -- Evaluating path: $
12:54:27.441 [main] DEBUG com.jayway.jsonpath.internal.path.CompiledPath -- Evaluating path: $
12:54:27.441 [main] DEBUG com.jayway.jsonpath.internal.JsonContext -- Put path $ key modifiers value {}
12:54:27.441 [main] DEBUG com.jayway.jsonpath.internal.path.CompiledPath -- Evaluating path: $
12:54:27.441 [main] DEBUG com.jayway.jsonpath.internal.JsonContext -- Put path $ key modifiers value 0
12:54:27.441 [main] DEBUG com.jayway.jsonpath.internal.path.CompiledPath -- Evaluating path: $['type']
12:54:27.441 [main] DEBUG com.jayway.jsonpath.internal.path.CompiledPath -- Evaluating path: $
12:54:27.441 [main] DEBUG com.jayway.jsonpath.internal.path.CompiledPath -- Evaluating path: $
12:54:27.441 [main] DEBUG com.jayway.jsonpath.internal.JsonContext -- Put path $ key type value {}
12:54:27.441 [main] DEBUG com.jayway.jsonpath.internal.path.CompiledPath -- Evaluating path: $
12:54:27.441 [main] DEBUG com.jayway.jsonpath.internal.JsonContext -- Put path $ key type value keyUp
12:54:27.441 [main] DEBUG com.jayway.jsonpath.internal.path.CompiledPath -- Evaluating path: $['text']
12:54:27.441 [main] DEBUG com.jayway.jsonpath.internal.path.CompiledPath -- Evaluating path: $
12:54:27.441 [main] DEBUG com.jayway.jsonpath.internal.path.CompiledPath -- Evaluating path: $
12:54:27.441 [main] DEBUG com.jayway.jsonpath.internal.JsonContext -- Put path $ key text value {}
12:54:27.441 [main] DEBUG com.jayway.jsonpath.internal.path.CompiledPath -- Evaluating path: $
12:54:27.442 [main] DEBUG com.jayway.jsonpath.internal.JsonContext -- Put path $ key text value c
12:54:27.442 [main] DEBUG com.jayway.jsonpath.internal.path.CompiledPath -- Evaluating path: $['windowsVirtualKeyCode']
12:54:27.442 [main] DEBUG com.jayway.jsonpath.internal.path.CompiledPath -- Evaluating path: $
12:54:27.442 [main] DEBUG com.jayway.jsonpath.internal.path.CompiledPath -- Evaluating path: $
12:54:27.442 [main] DEBUG com.jayway.jsonpath.internal.JsonContext -- Put path $ key windowsVirtualKeyCode value {}
12:54:27.442 [main] DEBUG com.jayway.jsonpath.internal.path.CompiledPath -- Evaluating path: $
12:54:27.442 [main] DEBUG com.jayway.jsonpath.internal.JsonContext -- Put path $ key windowsVirtualKeyCode value 99
12:54:27.442 [main] DEBUG com.jayway.jsonpath.internal.path.CompiledPath -- Evaluating path: $
12:54:27.442 [main] DEBUG com.intuit.karate.driver.chrome_1718781863995 -- >> {"id":60,"sessionId":"EE1621CCDA1EE4FD28EC2BCD46011587","method":"Input.dispatchKeyEvent","params":{"modifiers":0,"type":"keyUp","text":"c","windowsVirtualKeyCode":99}}
12:54:27.443 [nioEventLoopGroup-15-1] DEBUG com.intuit.karate.driver.chrome_1718781863995 -- << {"id":60,"result":{},"sessionId":"EE1621CCDA1EE4FD28EC2BCD46011587"}
12:54:27.443 [nioEventLoopGroup-15-1] DEBUG com.jayway.jsonpath.internal.path.CompiledPath -- Evaluating path: $
12:54:27.443 [main] DEBUG com.jayway.jsonpath.internal.path.CompiledPath -- Evaluating path: $['modifiers']
12:54:27.443 [main] DEBUG com.jayway.jsonpath.internal.path.CompiledPath -- Evaluating path: $
12:54:27.443 [main] DEBUG com.jayway.jsonpath.internal.path.CompiledPath -- Evaluating path: $
12:54:27.443 [main] DEBUG com.jayway.jsonpath.internal.JsonContext -- Put path $ key modifiers value {}
12:54:27.443 [main] DEBUG com.jayway.jsonpath.internal.path.CompiledPath -- Evaluating path: $
12:54:27.443 [main] DEBUG com.jayway.jsonpath.internal.JsonContext -- Put path $ key modifiers value 0
12:54:27.443 [main] DEBUG com.jayway.jsonpath.internal.path.CompiledPath -- Evaluating path: $['type']
12:54:27.443 [main] DEBUG com.jayway.jsonpath.internal.path.CompiledPath -- Evaluating path: $
12:54:27.443 [main] DEBUG com.jayway.jsonpath.internal.path.CompiledPath -- Evaluating path: $
12:54:27.443 [main] DEBUG com.jayway.jsonpath.internal.JsonContext -- Put path $ key type value {}
12:54:27.443 [main] DEBUG com.jayway.jsonpath.internal.path.CompiledPath -- Evaluating path: $
12:54:27.443 [main] DEBUG com.jayway.jsonpath.internal.JsonContext -- Put path $ key type value rawKeyDown
12:54:27.443 [main] DEBUG com.jayway.jsonpath.internal.path.CompiledPath -- Evaluating path: $['text']
12:54:27.443 [main] DEBUG com.jayway.jsonpath.internal.path.CompiledPath -- Evaluating path: $
12:54:27.443 [main] DEBUG com.jayway.jsonpath.internal.path.CompiledPath -- Evaluating path: $
12:54:27.443 [main] DEBUG com.jayway.jsonpath.internal.JsonContext -- Put path $ key text value {}
12:54:27.443 [main] DEBUG com.jayway.jsonpath.internal.path.CompiledPath -- Evaluating path: $
12:54:27.443 [main] DEBUG com.jayway.jsonpath.internal.JsonContext -- Put path $ key text value r
12:54:27.443 [main] DEBUG com.jayway.jsonpath.internal.path.CompiledPath -- Evaluating path: $['windowsVirtualKeyCode']
12:54:27.443 [main] DEBUG com.jayway.jsonpath.internal.path.CompiledPath -- Evaluating path: $
12:54:27.443 [main] DEBUG com.jayway.jsonpath.internal.path.CompiledPath -- Evaluating path: $
12:54:27.443 [main] DEBUG com.jayway.jsonpath.internal.JsonContext -- Put path $ key windowsVirtualKeyCode value {}
12:54:27.443 [main] DEBUG com.jayway.jsonpath.internal.path.CompiledPath -- Evaluating path: $
12:54:27.443 [main] DEBUG com.jayway.jsonpath.internal.JsonContext -- Put path $ key windowsVirtualKeyCode value 114
12:54:27.443 [main] DEBUG com.jayway.jsonpath.internal.path.CompiledPath -- Evaluating path: $
12:54:27.443 [main] DEBUG com.intuit.karate.driver.chrome_1718781863995 -- >> {"id":61,"sessionId":"EE1621CCDA1EE4FD28EC2BCD46011587","method":"Input.dispatchKeyEvent","params":{"modifiers":0,"type":"rawKeyDown","text":"r","windowsVirtualKeyCode":114}}
12:54:27.445 [nioEventLoopGroup-15-1] DEBUG com.intuit.karate.driver.chrome_1718781863995 -- << {"id":61,"result":{},"sessionId":"EE1621CCDA1EE4FD28EC2BCD46011587"}
12:54:27.445 [nioEventLoopGroup-15-1] DEBUG com.jayway.jsonpath.internal.path.CompiledPath -- Evaluating path: $
12:54:27.445 [main] DEBUG com.jayway.jsonpath.internal.path.CompiledPath -- Evaluating path: $['modifiers']
12:54:27.445 [main] DEBUG com.jayway.jsonpath.internal.path.CompiledPath -- Evaluating path: $
12:54:27.445 [main] DEBUG com.jayway.jsonpath.internal.path.CompiledPath -- Evaluating path: $
12:54:27.445 [main] DEBUG com.jayway.jsonpath.internal.JsonContext -- Put path $ key modifiers value {}
12:54:27.445 [main] DEBUG com.jayway.jsonpath.internal.path.CompiledPath -- Evaluating path: $
12:54:27.445 [main] DEBUG com.jayway.jsonpath.internal.JsonContext -- Put path $ key modifiers value 0
12:54:27.445 [main] DEBUG com.jayway.jsonpath.internal.path.CompiledPath -- Evaluating path: $['type']
12:54:27.445 [main] DEBUG com.jayway.jsonpath.internal.path.CompiledPath -- Evaluating path: $
12:54:27.445 [main] DEBUG com.jayway.jsonpath.internal.path.CompiledPath -- Evaluating path: $
12:54:27.445 [main] DEBUG com.jayway.jsonpath.internal.JsonContext -- Put path $ key type value {}
12:54:27.445 [main] DEBUG com.jayway.jsonpath.internal.path.CompiledPath -- Evaluating path: $
12:54:27.445 [main] DEBUG com.jayway.jsonpath.internal.JsonContext -- Put path $ key type value char
12:54:27.445 [main] DEBUG com.jayway.jsonpath.internal.path.CompiledPath -- Evaluating path: $['text']
12:54:27.445 [main] DEBUG com.jayway.jsonpath.internal.path.CompiledPath -- Evaluating path: $
12:54:27.445 [main] DEBUG com.jayway.jsonpath.internal.path.CompiledPath -- Evaluating path: $
12:54:27.445 [main] DEBUG com.jayway.jsonpath.internal.JsonContext -- Put path $ key text value {}
12:54:27.445 [main] DEBUG com.jayway.jsonpath.internal.path.CompiledPath -- Evaluating path: $
12:54:27.445 [main] DEBUG com.jayway.jsonpath.internal.JsonContext -- Put path $ key text value r
12:54:27.445 [main] DEBUG com.jayway.jsonpath.internal.path.CompiledPath -- Evaluating path: $['windowsVirtualKeyCode']
12:54:27.445 [main] DEBUG com.jayway.jsonpath.internal.path.CompiledPath -- Evaluating path: $
12:54:27.445 [main] DEBUG com.jayway.jsonpath.internal.path.CompiledPath -- Evaluating path: $
12:54:27.445 [main] DEBUG com.jayway.jsonpath.internal.JsonContext -- Put path $ key windowsVirtualKeyCode value {}
12:54:27.445 [main] DEBUG com.jayway.jsonpath.internal.path.CompiledPath -- Evaluating path: $
12:54:27.445 [main] DEBUG com.jayway.jsonpath.internal.JsonContext -- Put path $ key windowsVirtualKeyCode value 114
12:54:27.445 [main] DEBUG com.jayway.jsonpath.internal.path.CompiledPath -- Evaluating path: $
12:54:27.445 [main] DEBUG com.intuit.karate.driver.chrome_1718781863995 -- >> {"id":62,"sessionId":"EE1621CCDA1EE4FD28EC2BCD46011587","method":"Input.dispatchKeyEvent","params":{"modifiers":0,"type":"char","text":"r","windowsVirtualKeyCode":114}}
12:54:27.451 [nioEventLoopGroup-15-1] DEBUG com.intuit.karate.driver.chrome_1718781863995 -- << {"id":62,"result":{},"sessionId":"EE1621CCDA1EE4FD28EC2BCD46011587"}
12:54:27.451 [nioEventLoopGroup-15-1] DEBUG com.jayway.jsonpath.internal.path.CompiledPath -- Evaluating path: $
12:54:27.452 [main] DEBUG com.jayway.jsonpath.internal.path.CompiledPath -- Evaluating path: $['modifiers']
12:54:27.452 [main] DEBUG com.jayway.jsonpath.internal.path.CompiledPath -- Evaluating path: $
12:54:27.452 [main] DEBUG com.jayway.jsonpath.internal.path.CompiledPath -- Evaluating path: $
12:54:27.452 [main] DEBUG com.jayway.jsonpath.internal.JsonContext -- Put path $ key modifiers value {}
12:54:27.452 [main] DEBUG com.jayway.jsonpath.internal.path.CompiledPath -- Evaluating path: $
12:54:27.452 [main] DEBUG com.jayway.jsonpath.internal.JsonContext -- Put path $ key modifiers value 0
12:54:27.452 [main] DEBUG com.jayway.jsonpath.internal.path.CompiledPath -- Evaluating path: $['type']
12:54:27.452 [main] DEBUG com.jayway.jsonpath.internal.path.CompiledPath -- Evaluating path: $
12:54:27.452 [main] DEBUG com.jayway.jsonpath.internal.path.CompiledPath -- Evaluating path: $
12:54:27.452 [main] DEBUG com.jayway.jsonpath.internal.JsonContext -- Put path $ key type value {}
12:54:27.452 [main] DEBUG com.jayway.jsonpath.internal.path.CompiledPath -- Evaluating path: $
12:54:27.452 [main] DEBUG com.jayway.jsonpath.internal.JsonContext -- Put path $ key type value keyUp
12:54:27.452 [main] DEBUG com.jayway.jsonpath.internal.path.CompiledPath -- Evaluating path: $['text']
12:54:27.452 [main] DEBUG com.jayway.jsonpath.internal.path.CompiledPath -- Evaluating path: $
12:54:27.452 [main] DEBUG com.jayway.jsonpath.internal.path.CompiledPath -- Evaluating path: $
12:54:27.452 [main] DEBUG com.jayway.jsonpath.internal.JsonContext -- Put path $ key text value {}
12:54:27.452 [main] DEBUG com.jayway.jsonpath.internal.path.CompiledPath -- Evaluating path: $
12:54:27.452 [main] DEBUG com.jayway.jsonpath.internal.JsonContext -- Put path $ key text value r
12:54:27.452 [main] DEBUG com.jayway.jsonpath.internal.path.CompiledPath -- Evaluating path: $['windowsVirtualKeyCode']
12:54:27.452 [main] DEBUG com.jayway.jsonpath.internal.path.CompiledPath -- Evaluating path: $
12:54:27.452 [main] DEBUG com.jayway.jsonpath.internal.path.CompiledPath -- Evaluating path: $
12:54:27.452 [main] DEBUG com.jayway.jsonpath.internal.JsonContext -- Put path $ key windowsVirtualKeyCode value {}
12:54:27.452 [main] DEBUG com.jayway.jsonpath.internal.path.CompiledPath -- Evaluating path: $
12:54:27.452 [main] DEBUG com.jayway.jsonpath.internal.JsonContext -- Put path $ key windowsVirtualKeyCode value 114
12:54:27.452 [main] DEBUG com.jayway.jsonpath.internal.path.CompiledPath -- Evaluating path: $
12:54:27.452 [main] DEBUG com.intuit.karate.driver.chrome_1718781863995 -- >> {"id":63,"sessionId":"EE1621CCDA1EE4FD28EC2BCD46011587","method":"Input.dispatchKeyEvent","params":{"modifiers":0,"type":"keyUp","text":"r","windowsVirtualKeyCode":114}}
12:54:27.456 [nioEventLoopGroup-15-1] DEBUG com.intuit.karate.driver.chrome_1718781863995 -- << {"id":63,"result":{},"sessionId":"EE1621CCDA1EE4FD28EC2BCD46011587"}
12:54:27.457 [nioEventLoopGroup-15-1] DEBUG com.jayway.jsonpath.internal.path.CompiledPath -- Evaluating path: $
12:54:27.457 [main] DEBUG com.jayway.jsonpath.internal.path.CompiledPath -- Evaluating path: $['modifiers']
12:54:27.457 [main] DEBUG com.jayway.jsonpath.internal.path.CompiledPath -- Evaluating path: $
12:54:27.457 [main] DEBUG com.jayway.jsonpath.internal.path.CompiledPath -- Evaluating path: $
12:54:27.457 [main] DEBUG com.jayway.jsonpath.internal.JsonContext -- Put path $ key modifiers value {}
12:54:27.457 [main] DEBUG com.jayway.jsonpath.internal.path.CompiledPath -- Evaluating path: $
12:54:27.457 [main] DEBUG com.jayway.jsonpath.internal.JsonContext -- Put path $ key modifiers value 0
12:54:27.457 [main] DEBUG com.jayway.jsonpath.internal.path.CompiledPath -- Evaluating path: $['type']
12:54:27.457 [main] DEBUG com.jayway.jsonpath.internal.path.CompiledPath -- Evaluating path: $
12:54:27.457 [main] DEBUG com.jayway.jsonpath.internal.path.CompiledPath -- Evaluating path: $
12:54:27.457 [main] DEBUG com.jayway.jsonpath.internal.JsonContext -- Put path $ key type value {}
12:54:27.457 [main] DEBUG com.jayway.jsonpath.internal.path.CompiledPath -- Evaluating path: $
12:54:27.457 [main] DEBUG com.jayway.jsonpath.internal.JsonContext -- Put path $ key type value rawKeyDown
12:54:27.457 [main] DEBUG com.jayway.jsonpath.internal.path.CompiledPath -- Evaluating path: $['text']
12:54:27.457 [main] DEBUG com.jayway.jsonpath.internal.path.CompiledPath -- Evaluating path: $
12:54:27.457 [main] DEBUG com.jayway.jsonpath.internal.path.CompiledPath -- Evaluating path: $
12:54:27.457 [main] DEBUG com.jayway.jsonpath.internal.JsonContext -- Put path $ key text value {}
12:54:27.457 [main] DEBUG com.jayway.jsonpath.internal.path.CompiledPath -- Evaluating path: $
12:54:27.457 [main] DEBUG com.jayway.jsonpath.internal.JsonContext -- Put path $ key text value e
12:54:27.457 [main] DEBUG com.jayway.jsonpath.internal.path.CompiledPath -- Evaluating path: $['windowsVirtualKeyCode']
12:54:27.457 [main] DEBUG com.jayway.jsonpath.internal.path.CompiledPath -- Evaluating path: $
12:54:27.457 [main] DEBUG com.jayway.jsonpath.internal.path.CompiledPath -- Evaluating path: $
12:54:27.457 [main] DEBUG com.jayway.jsonpath.internal.JsonContext -- Put path $ key windowsVirtualKeyCode value {}
12:54:27.457 [main] DEBUG com.jayway.jsonpath.internal.path.CompiledPath -- Evaluating path: $
12:54:27.457 [main] DEBUG com.jayway.jsonpath.internal.JsonContext -- Put path $ key windowsVirtualKeyCode value 101
12:54:27.457 [main] DEBUG com.jayway.jsonpath.internal.path.CompiledPath -- Evaluating path: $
12:54:27.457 [main] DEBUG com.intuit.karate.driver.chrome_1718781863995 -- >> {"id":64,"sessionId":"EE1621CCDA1EE4FD28EC2BCD46011587","method":"Input.dispatchKeyEvent","params":{"modifiers":0,"type":"rawKeyDown","text":"e","windowsVirtualKeyCode":101}}
12:54:27.458 [nioEventLoopGroup-15-1] DEBUG com.intuit.karate.driver.chrome_1718781863995 -- << {"id":64,"result":{},"sessionId":"EE1621CCDA1EE4FD28EC2BCD46011587"}
12:54:27.458 [nioEventLoopGroup-15-1] DEBUG com.jayway.jsonpath.internal.path.CompiledPath -- Evaluating path: $
12:54:27.458 [main] DEBUG com.jayway.jsonpath.internal.path.CompiledPath -- Evaluating path: $['modifiers']
12:54:27.458 [main] DEBUG com.jayway.jsonpath.internal.path.CompiledPath -- Evaluating path: $
12:54:27.458 [main] DEBUG com.jayway.jsonpath.internal.path.CompiledPath -- Evaluating path: $
12:54:27.458 [main] DEBUG com.jayway.jsonpath.internal.JsonContext -- Put path $ key modifiers value {}
12:54:27.458 [main] DEBUG com.jayway.jsonpath.internal.path.CompiledPath -- Evaluating path: $
12:54:27.458 [main] DEBUG com.jayway.jsonpath.internal.JsonContext -- Put path $ key modifiers value 0
12:54:27.458 [main] DEBUG com.jayway.jsonpath.internal.path.CompiledPath -- Evaluating path: $['type']
12:54:27.458 [main] DEBUG com.jayway.jsonpath.internal.path.CompiledPath -- Evaluating path: $
12:54:27.458 [main] DEBUG com.jayway.jsonpath.internal.path.CompiledPath -- Evaluating path: $
12:54:27.458 [main] DEBUG com.jayway.jsonpath.internal.JsonContext -- Put path $ key type value {}
12:54:27.458 [main] DEBUG com.jayway.jsonpath.internal.path.CompiledPath -- Evaluating path: $
12:54:27.458 [main] DEBUG com.jayway.jsonpath.internal.JsonContext -- Put path $ key type value char
12:54:27.458 [main] DEBUG com.jayway.jsonpath.internal.path.CompiledPath -- Evaluating path: $['text']
12:54:27.458 [main] DEBUG com.jayway.jsonpath.internal.path.CompiledPath -- Evaluating path: $
12:54:27.458 [main] DEBUG com.jayway.jsonpath.internal.path.CompiledPath -- Evaluating path: $
12:54:27.458 [main] DEBUG com.jayway.jsonpath.internal.JsonContext -- Put path $ key text value {}
12:54:27.458 [main] DEBUG com.jayway.jsonpath.internal.path.CompiledPath -- Evaluating path: $
12:54:27.458 [main] DEBUG com.jayway.jsonpath.internal.JsonContext -- Put path $ key text value e
12:54:27.458 [main] DEBUG com.jayway.jsonpath.internal.path.CompiledPath -- Evaluating path: $['windowsVirtualKeyCode']
12:54:27.458 [main] DEBUG com.jayway.jsonpath.internal.path.CompiledPath -- Evaluating path: $
12:54:27.458 [main] DEBUG com.jayway.jsonpath.internal.path.CompiledPath -- Evaluating path: $
12:54:27.458 [main] DEBUG com.jayway.jsonpath.internal.JsonContext -- Put path $ key windowsVirtualKeyCode value {}
12:54:27.458 [main] DEBUG com.jayway.jsonpath.internal.path.CompiledPath -- Evaluating path: $
12:54:27.458 [main] DEBUG com.jayway.jsonpath.internal.JsonContext -- Put path $ key windowsVirtualKeyCode value 101
12:54:27.458 [main] DEBUG com.jayway.jsonpath.internal.path.CompiledPath -- Evaluating path: $
12:54:27.458 [main] DEBUG com.intuit.karate.driver.chrome_1718781863995 -- >> {"id":65,"sessionId":"EE1621CCDA1EE4FD28EC2BCD46011587","method":"Input.dispatchKeyEvent","params":{"modifiers":0,"type":"char","text":"e","windowsVirtualKeyCode":101}}
12:54:27.462 [nioEventLoopGroup-15-1] DEBUG com.intuit.karate.driver.chrome_1718781863995 -- << {"id":65,"result":{},"sessionId":"EE1621CCDA1EE4FD28EC2BCD46011587"}
12:54:27.462 [nioEventLoopGroup-15-1] DEBUG com.jayway.jsonpath.internal.path.CompiledPath -- Evaluating path: $
12:54:27.462 [main] DEBUG com.jayway.jsonpath.internal.path.CompiledPath -- Evaluating path: $['modifiers']
12:54:27.462 [main] DEBUG com.jayway.jsonpath.internal.path.CompiledPath -- Evaluating path: $
12:54:27.462 [main] DEBUG com.jayway.jsonpath.internal.path.CompiledPath -- Evaluating path: $
12:54:27.462 [main] DEBUG com.jayway.jsonpath.internal.JsonContext -- Put path $ key modifiers value {}
12:54:27.462 [main] DEBUG com.jayway.jsonpath.internal.path.CompiledPath -- Evaluating path: $
12:54:27.462 [main] DEBUG com.jayway.jsonpath.internal.JsonContext -- Put path $ key modifiers value 0
12:54:27.462 [main] DEBUG com.jayway.jsonpath.internal.path.CompiledPath -- Evaluating path: $['type']
12:54:27.462 [main] DEBUG com.jayway.jsonpath.internal.path.CompiledPath -- Evaluating path: $
12:54:27.462 [main] DEBUG com.jayway.jsonpath.internal.path.CompiledPath -- Evaluating path: $
12:54:27.462 [main] DEBUG com.jayway.jsonpath.internal.JsonContext -- Put path $ key type value {}
12:54:27.462 [main] DEBUG com.jayway.jsonpath.internal.path.CompiledPath -- Evaluating path: $
12:54:27.462 [main] DEBUG com.jayway.jsonpath.internal.JsonContext -- Put path $ key type value keyUp
12:54:27.462 [main] DEBUG com.jayway.jsonpath.internal.path.CompiledPath -- Evaluating path: $['text']
12:54:27.462 [main] DEBUG com.jayway.jsonpath.internal.path.CompiledPath -- Evaluating path: $
12:54:27.462 [main] DEBUG com.jayway.jsonpath.internal.path.CompiledPath -- Evaluating path: $
12:54:27.462 [main] DEBUG com.jayway.jsonpath.internal.JsonContext -- Put path $ key text value {}
12:54:27.462 [main] DEBUG com.jayway.jsonpath.internal.path.CompiledPath -- Evaluating path: $
12:54:27.462 [main] DEBUG com.jayway.jsonpath.internal.JsonContext -- Put path $ key text value e
12:54:27.462 [main] DEBUG com.jayway.jsonpath.internal.path.CompiledPath -- Evaluating path: $['windowsVirtualKeyCode']
12:54:27.462 [main] DEBUG com.jayway.jsonpath.internal.path.CompiledPath -- Evaluating path: $
12:54:27.462 [main] DEBUG com.jayway.jsonpath.internal.path.CompiledPath -- Evaluating path: $
12:54:27.462 [main] DEBUG com.jayway.jsonpath.internal.JsonContext -- Put path $ key windowsVirtualKeyCode value {}
12:54:27.462 [main] DEBUG com.jayway.jsonpath.internal.path.CompiledPath -- Evaluating path: $
12:54:27.462 [main] DEBUG com.jayway.jsonpath.internal.JsonContext -- Put path $ key windowsVirtualKeyCode value 101
12:54:27.462 [main] DEBUG com.jayway.jsonpath.internal.path.CompiledPath -- Evaluating path: $
12:54:27.462 [main] DEBUG com.intuit.karate.driver.chrome_1718781863995 -- >> {"id":66,"sessionId":"EE1621CCDA1EE4FD28EC2BCD46011587","method":"Input.dispatchKeyEvent","params":{"modifiers":0,"type":"keyUp","text":"e","windowsVirtualKeyCode":101}}
12:54:27.466 [nioEventLoopGroup-15-1] DEBUG com.intuit.karate.driver.chrome_1718781863995 -- << {"id":66,"result":{},"sessionId":"EE1621CCDA1EE4FD28EC2BCD46011587"}
12:54:27.467 [nioEventLoopGroup-15-1] DEBUG com.jayway.jsonpath.internal.path.CompiledPath -- Evaluating path: $
12:54:27.467 [main] DEBUG com.jayway.jsonpath.internal.path.CompiledPath -- Evaluating path: $['modifiers']
12:54:27.467 [main] DEBUG com.jayway.jsonpath.internal.path.CompiledPath -- Evaluating path: $
12:54:27.467 [main] DEBUG com.jayway.jsonpath.internal.path.CompiledPath -- Evaluating path: $
12:54:27.467 [main] DEBUG com.jayway.jsonpath.internal.JsonContext -- Put path $ key modifiers value {}
12:54:27.467 [main] DEBUG com.jayway.jsonpath.internal.path.CompiledPath -- Evaluating path: $
12:54:27.467 [main] DEBUG com.jayway.jsonpath.internal.JsonContext -- Put path $ key modifiers value 0
12:54:27.467 [main] DEBUG com.jayway.jsonpath.internal.path.CompiledPath -- Evaluating path: $['type']
12:54:27.467 [main] DEBUG com.jayway.jsonpath.internal.path.CompiledPath -- Evaluating path: $
12:54:27.467 [main] DEBUG com.jayway.jsonpath.internal.path.CompiledPath -- Evaluating path: $
12:54:27.467 [main] DEBUG com.jayway.jsonpath.internal.JsonContext -- Put path $ key type value {}
12:54:27.467 [main] DEBUG com.jayway.jsonpath.internal.path.CompiledPath -- Evaluating path: $
12:54:27.467 [main] DEBUG com.jayway.jsonpath.internal.JsonContext -- Put path $ key type value rawKeyDown
12:54:27.467 [main] DEBUG com.jayway.jsonpath.internal.path.CompiledPath -- Evaluating path: $['text']
12:54:27.467 [main] DEBUG com.jayway.jsonpath.internal.path.CompiledPath -- Evaluating path: $
12:54:27.467 [main] DEBUG com.jayway.jsonpath.internal.path.CompiledPath -- Evaluating path: $
12:54:27.467 [main] DEBUG com.jayway.jsonpath.internal.JsonContext -- Put path $ key text value {}
12:54:27.467 [main] DEBUG com.jayway.jsonpath.internal.path.CompiledPath -- Evaluating path: $
12:54:27.467 [main] DEBUG com.jayway.jsonpath.internal.JsonContext -- Put path $ key text value t
12:54:27.467 [main] DEBUG com.jayway.jsonpath.internal.path.CompiledPath -- Evaluating path: $['windowsVirtualKeyCode']
12:54:27.467 [main] DEBUG com.jayway.jsonpath.internal.path.CompiledPath -- Evaluating path: $
12:54:27.467 [main] DEBUG com.jayway.jsonpath.internal.path.CompiledPath -- Evaluating path: $
12:54:27.467 [main] DEBUG com.jayway.jsonpath.internal.JsonContext -- Put path $ key windowsVirtualKeyCode value {}
12:54:27.467 [main] DEBUG com.jayway.jsonpath.internal.path.CompiledPath -- Evaluating path: $
12:54:27.467 [main] DEBUG com.jayway.jsonpath.internal.JsonContext -- Put path $ key windowsVirtualKeyCode value 116
12:54:27.467 [main] DEBUG com.jayway.jsonpath.internal.path.CompiledPath -- Evaluating path: $
12:54:27.467 [main] DEBUG com.intuit.karate.driver.chrome_1718781863995 -- >> {"id":67,"sessionId":"EE1621CCDA1EE4FD28EC2BCD46011587","method":"Input.dispatchKeyEvent","params":{"modifiers":0,"type":"rawKeyDown","text":"t","windowsVirtualKeyCode":116}}
12:54:27.469 [nioEventLoopGroup-15-1] DEBUG com.intuit.karate.driver.chrome_1718781863995 -- << {"id":67,"result":{},"sessionId":"EE1621CCDA1EE4FD28EC2BCD46011587"}
12:54:27.469 [nioEventLoopGroup-15-1] DEBUG com.jayway.jsonpath.internal.path.CompiledPath -- Evaluating path: $
12:54:27.469 [main] DEBUG com.jayway.jsonpath.internal.path.CompiledPath -- Evaluating path: $['modifiers']
12:54:27.469 [main] DEBUG com.jayway.jsonpath.internal.path.CompiledPath -- Evaluating path: $
12:54:27.469 [main] DEBUG com.jayway.jsonpath.internal.path.CompiledPath -- Evaluating path: $
12:54:27.469 [main] DEBUG com.jayway.jsonpath.internal.JsonContext -- Put path $ key modifiers value {}
12:54:27.469 [main] DEBUG com.jayway.jsonpath.internal.path.CompiledPath -- Evaluating path: $
12:54:27.469 [main] DEBUG com.jayway.jsonpath.internal.JsonContext -- Put path $ key modifiers value 0
12:54:27.469 [main] DEBUG com.jayway.jsonpath.internal.path.CompiledPath -- Evaluating path: $['type']
12:54:27.469 [main] DEBUG com.jayway.jsonpath.internal.path.CompiledPath -- Evaluating path: $
12:54:27.469 [main] DEBUG com.jayway.jsonpath.internal.path.CompiledPath -- Evaluating path: $
12:54:27.469 [main] DEBUG com.jayway.jsonpath.internal.JsonContext -- Put path $ key type value {}
12:54:27.469 [main] DEBUG com.jayway.jsonpath.internal.path.CompiledPath -- Evaluating path: $
12:54:27.469 [main] DEBUG com.jayway.jsonpath.internal.JsonContext -- Put path $ key type value char
12:54:27.469 [main] DEBUG com.jayway.jsonpath.internal.path.CompiledPath -- Evaluating path: $['text']
12:54:27.469 [main] DEBUG com.jayway.jsonpath.internal.path.CompiledPath -- Evaluating path: $
12:54:27.469 [main] DEBUG com.jayway.jsonpath.internal.path.CompiledPath -- Evaluating path: $
12:54:27.469 [main] DEBUG com.jayway.jsonpath.internal.JsonContext -- Put path $ key text value {}
12:54:27.469 [main] DEBUG com.jayway.jsonpath.internal.path.CompiledPath -- Evaluating path: $
12:54:27.469 [main] DEBUG com.jayway.jsonpath.internal.JsonContext -- Put path $ key text value t
12:54:27.469 [main] DEBUG com.jayway.jsonpath.internal.path.CompiledPath -- Evaluating path: $['windowsVirtualKeyCode']
12:54:27.469 [main] DEBUG com.jayway.jsonpath.internal.path.CompiledPath -- Evaluating path: $
12:54:27.469 [main] DEBUG com.jayway.jsonpath.internal.path.CompiledPath -- Evaluating path: $
12:54:27.469 [main] DEBUG com.jayway.jsonpath.internal.JsonContext -- Put path $ key windowsVirtualKeyCode value {}
12:54:27.469 [main] DEBUG com.jayway.jsonpath.internal.path.CompiledPath -- Evaluating path: $
12:54:27.469 [main] DEBUG com.jayway.jsonpath.internal.JsonContext -- Put path $ key windowsVirtualKeyCode value 116
12:54:27.469 [main] DEBUG com.jayway.jsonpath.internal.path.CompiledPath -- Evaluating path: $
12:54:27.469 [main] DEBUG com.intuit.karate.driver.chrome_1718781863995 -- >> {"id":68,"sessionId":"EE1621CCDA1EE4FD28EC2BCD46011587","method":"Input.dispatchKeyEvent","params":{"modifiers":0,"type":"char","text":"t","windowsVirtualKeyCode":116}}
12:54:27.472 [nioEventLoopGroup-15-1] DEBUG com.intuit.karate.driver.chrome_1718781863995 -- << {"id":68,"result":{},"sessionId":"EE1621CCDA1EE4FD28EC2BCD46011587"}
12:54:27.472 [nioEventLoopGroup-15-1] DEBUG com.jayway.jsonpath.internal.path.CompiledPath -- Evaluating path: $
12:54:27.473 [main] DEBUG com.jayway.jsonpath.internal.path.CompiledPath -- Evaluating path: $['modifiers']
12:54:27.473 [main] DEBUG com.jayway.jsonpath.internal.path.CompiledPath -- Evaluating path: $
12:54:27.473 [main] DEBUG com.jayway.jsonpath.internal.path.CompiledPath -- Evaluating path: $
12:54:27.473 [main] DEBUG com.jayway.jsonpath.internal.JsonContext -- Put path $ key modifiers value {}
12:54:27.473 [main] DEBUG com.jayway.jsonpath.internal.path.CompiledPath -- Evaluating path: $
12:54:27.473 [main] DEBUG com.jayway.jsonpath.internal.JsonContext -- Put path $ key modifiers value 0
12:54:27.473 [main] DEBUG com.jayway.jsonpath.internal.path.CompiledPath -- Evaluating path: $['type']
12:54:27.473 [main] DEBUG com.jayway.jsonpath.internal.path.CompiledPath -- Evaluating path: $
12:54:27.473 [main] DEBUG com.jayway.jsonpath.internal.path.CompiledPath -- Evaluating path: $
12:54:27.473 [main] DEBUG com.jayway.jsonpath.internal.JsonContext -- Put path $ key type value {}
12:54:27.473 [main] DEBUG com.jayway.jsonpath.internal.path.CompiledPath -- Evaluating path: $
12:54:27.473 [main] DEBUG com.jayway.jsonpath.internal.JsonContext -- Put path $ key type value keyUp
12:54:27.473 [main] DEBUG com.jayway.jsonpath.internal.path.CompiledPath -- Evaluating path: $['text']
12:54:27.473 [main] DEBUG com.jayway.jsonpath.internal.path.CompiledPath -- Evaluating path: $
12:54:27.473 [main] DEBUG com.jayway.jsonpath.internal.path.CompiledPath -- Evaluating path: $
12:54:27.473 [main] DEBUG com.jayway.jsonpath.internal.JsonContext -- Put path $ key text value {}
12:54:27.473 [main] DEBUG com.jayway.jsonpath.internal.path.CompiledPath -- Evaluating path: $
12:54:27.473 [main] DEBUG com.jayway.jsonpath.internal.JsonContext -- Put path $ key text value t
12:54:27.473 [main] DEBUG com.jayway.jsonpath.internal.path.CompiledPath -- Evaluating path: $['windowsVirtualKeyCode']
12:54:27.473 [main] DEBUG com.jayway.jsonpath.internal.path.CompiledPath -- Evaluating path: $
12:54:27.473 [main] DEBUG com.jayway.jsonpath.internal.path.CompiledPath -- Evaluating path: $
12:54:27.473 [main] DEBUG com.jayway.jsonpath.internal.JsonContext -- Put path $ key windowsVirtualKeyCode value {}
12:54:27.473 [main] DEBUG com.jayway.jsonpath.internal.path.CompiledPath -- Evaluating path: $
12:54:27.473 [main] DEBUG com.jayway.jsonpath.internal.JsonContext -- Put path $ key windowsVirtualKeyCode value 116
12:54:27.473 [main] DEBUG com.jayway.jsonpath.internal.path.CompiledPath -- Evaluating path: $
12:54:27.473 [main] DEBUG com.intuit.karate.driver.chrome_1718781863995 -- >> {"id":69,"sessionId":"EE1621CCDA1EE4FD28EC2BCD46011587","method":"Input.dispatchKeyEvent","params":{"modifiers":0,"type":"keyUp","text":"t","windowsVirtualKeyCode":116}}
12:54:27.474 [nioEventLoopGroup-15-1] DEBUG com.intuit.karate.driver.chrome_1718781863995 -- << {"id":69,"result":{},"sessionId":"EE1621CCDA1EE4FD28EC2BCD46011587"}
12:54:27.474 [nioEventLoopGroup-15-1] DEBUG com.jayway.jsonpath.internal.path.CompiledPath -- Evaluating path: $
12:54:27.474 [main] DEBUG com.jayway.jsonpath.internal.path.CompiledPath -- Evaluating path: $['modifiers']
12:54:27.474 [main] DEBUG com.jayway.jsonpath.internal.path.CompiledPath -- Evaluating path: $
12:54:27.474 [main] DEBUG com.jayway.jsonpath.internal.path.CompiledPath -- Evaluating path: $
12:54:27.474 [main] DEBUG com.jayway.jsonpath.internal.JsonContext -- Put path $ key modifiers value {}
12:54:27.474 [main] DEBUG com.jayway.jsonpath.internal.path.CompiledPath -- Evaluating path: $
12:54:27.474 [main] DEBUG com.jayway.jsonpath.internal.JsonContext -- Put path $ key modifiers value 0
12:54:27.474 [main] DEBUG com.jayway.jsonpath.internal.path.CompiledPath -- Evaluating path: $['type']
12:54:27.474 [main] DEBUG com.jayway.jsonpath.internal.path.CompiledPath -- Evaluating path: $
12:54:27.474 [main] DEBUG com.jayway.jsonpath.internal.path.CompiledPath -- Evaluating path: $
12:54:27.475 [main] DEBUG com.jayway.jsonpath.internal.JsonContext -- Put path $ key type value {}
12:54:27.475 [main] DEBUG com.jayway.jsonpath.internal.path.CompiledPath -- Evaluating path: $
12:54:27.475 [main] DEBUG com.jayway.jsonpath.internal.JsonContext -- Put path $ key type value rawKeyDown
12:54:27.475 [main] DEBUG com.jayway.jsonpath.internal.path.CompiledPath -- Evaluating path: $['text']
12:54:27.475 [main] DEBUG com.jayway.jsonpath.internal.path.CompiledPath -- Evaluating path: $
12:54:27.475 [main] DEBUG com.jayway.jsonpath.internal.path.CompiledPath -- Evaluating path: $
12:54:27.475 [main] DEBUG com.jayway.jsonpath.internal.JsonContext -- Put path $ key text value {}
12:54:27.475 [main] DEBUG com.jayway.jsonpath.internal.path.CompiledPath -- Evaluating path: $
12:54:27.475 [main] DEBUG com.jayway.jsonpath.internal.JsonContext -- Put path $ key text value _
12:54:27.475 [main] DEBUG com.jayway.jsonpath.internal.path.CompiledPath -- Evaluating path: $['windowsVirtualKeyCode']
12:54:27.475 [main] DEBUG com.jayway.jsonpath.internal.path.CompiledPath -- Evaluating path: $
12:54:27.475 [main] DEBUG com.jayway.jsonpath.internal.path.CompiledPath -- Evaluating path: $
12:54:27.475 [main] DEBUG com.jayway.jsonpath.internal.JsonContext -- Put path $ key windowsVirtualKeyCode value {}
12:54:27.475 [main] DEBUG com.jayway.jsonpath.internal.path.CompiledPath -- Evaluating path: $
12:54:27.475 [main] DEBUG com.jayway.jsonpath.internal.JsonContext -- Put path $ key windowsVirtualKeyCode value 523
12:54:27.475 [main] DEBUG com.jayway.jsonpath.internal.path.CompiledPath -- Evaluating path: $
12:54:27.475 [main] DEBUG com.intuit.karate.driver.chrome_1718781863995 -- >> {"id":70,"sessionId":"EE1621CCDA1EE4FD28EC2BCD46011587","method":"Input.dispatchKeyEvent","params":{"modifiers":0,"type":"rawKeyDown","text":"_","windowsVirtualKeyCode":523}}
12:54:27.476 [nioEventLoopGroup-15-1] DEBUG com.intuit.karate.driver.chrome_1718781863995 -- << {"id":70,"result":{},"sessionId":"EE1621CCDA1EE4FD28EC2BCD46011587"}
12:54:27.476 [nioEventLoopGroup-15-1] DEBUG com.jayway.jsonpath.internal.path.CompiledPath -- Evaluating path: $
12:54:27.477 [main] DEBUG com.jayway.jsonpath.internal.path.CompiledPath -- Evaluating path: $['modifiers']
12:54:27.478 [main] DEBUG com.jayway.jsonpath.internal.path.CompiledPath -- Evaluating path: $
12:54:27.478 [main] DEBUG com.jayway.jsonpath.internal.path.CompiledPath -- Evaluating path: $
12:54:27.478 [main] DEBUG com.jayway.jsonpath.internal.JsonContext -- Put path $ key modifiers value {}
12:54:27.478 [main] DEBUG com.jayway.jsonpath.internal.path.CompiledPath -- Evaluating path: $
12:54:27.478 [main] DEBUG com.jayway.jsonpath.internal.JsonContext -- Put path $ key modifiers value 0
12:54:27.478 [main] DEBUG com.jayway.jsonpath.internal.path.CompiledPath -- Evaluating path: $['type']
12:54:27.478 [main] DEBUG com.jayway.jsonpath.internal.path.CompiledPath -- Evaluating path: $
12:54:27.478 [main] DEBUG com.jayway.jsonpath.internal.path.CompiledPath -- Evaluating path: $
12:54:27.478 [main] DEBUG com.jayway.jsonpath.internal.JsonContext -- Put path $ key type value {}
12:54:27.478 [main] DEBUG com.jayway.jsonpath.internal.path.CompiledPath -- Evaluating path: $
12:54:27.478 [main] DEBUG com.jayway.jsonpath.internal.JsonContext -- Put path $ key type value char
12:54:27.478 [main] DEBUG com.jayway.jsonpath.internal.path.CompiledPath -- Evaluating path: $['text']
12:54:27.478 [main] DEBUG com.jayway.jsonpath.internal.path.CompiledPath -- Evaluating path: $
12:54:27.478 [main] DEBUG com.jayway.jsonpath.internal.path.CompiledPath -- Evaluating path: $
12:54:27.478 [main] DEBUG com.jayway.jsonpath.internal.JsonContext -- Put path $ key text value {}
12:54:27.478 [main] DEBUG com.jayway.jsonpath.internal.path.CompiledPath -- Evaluating path: $
12:54:27.478 [main] DEBUG com.jayway.jsonpath.internal.JsonContext -- Put path $ key text value _
12:54:27.478 [main] DEBUG com.jayway.jsonpath.internal.path.CompiledPath -- Evaluating path: $['windowsVirtualKeyCode']
12:54:27.478 [main] DEBUG com.jayway.jsonpath.internal.path.CompiledPath -- Evaluating path: $
12:54:27.478 [main] DEBUG com.jayway.jsonpath.internal.path.CompiledPath -- Evaluating path: $
12:54:27.478 [main] DEBUG com.jayway.jsonpath.internal.JsonContext -- Put path $ key windowsVirtualKeyCode value {}
12:54:27.478 [main] DEBUG com.jayway.jsonpath.internal.path.CompiledPath -- Evaluating path: $
12:54:27.478 [main] DEBUG com.jayway.jsonpath.internal.JsonContext -- Put path $ key windowsVirtualKeyCode value 523
12:54:27.478 [main] DEBUG com.jayway.jsonpath.internal.path.CompiledPath -- Evaluating path: $
12:54:27.478 [main] DEBUG com.intuit.karate.driver.chrome_1718781863995 -- >> {"id":71,"sessionId":"EE1621CCDA1EE4FD28EC2BCD46011587","method":"Input.dispatchKeyEvent","params":{"modifiers":0,"type":"char","text":"_","windowsVirtualKeyCode":523}}
12:54:27.484 [nioEventLoopGroup-15-1] DEBUG com.intuit.karate.driver.chrome_1718781863995 -- << {"id":71,"result":{},"sessionId":"EE1621CCDA1EE4FD28EC2BCD46011587"}
12:54:27.484 [nioEventLoopGroup-15-1] DEBUG com.jayway.jsonpath.internal.path.CompiledPath -- Evaluating path: $
12:54:27.484 [main] DEBUG com.jayway.jsonpath.internal.path.CompiledPath -- Evaluating path: $['modifiers']
12:54:27.484 [main] DEBUG com.jayway.jsonpath.internal.path.CompiledPath -- Evaluating path: $
12:54:27.484 [main] DEBUG com.jayway.jsonpath.internal.path.CompiledPath -- Evaluating path: $
12:54:27.484 [main] DEBUG com.jayway.jsonpath.internal.JsonContext -- Put path $ key modifiers value {}
12:54:27.484 [main] DEBUG com.jayway.jsonpath.internal.path.CompiledPath -- Evaluating path: $
12:54:27.484 [main] DEBUG com.jayway.jsonpath.internal.JsonContext -- Put path $ key modifiers value 0
12:54:27.484 [main] DEBUG com.jayway.jsonpath.internal.path.CompiledPath -- Evaluating path: $['type']
12:54:27.484 [main] DEBUG com.jayway.jsonpath.internal.path.CompiledPath -- Evaluating path: $
12:54:27.484 [main] DEBUG com.jayway.jsonpath.internal.path.CompiledPath -- Evaluating path: $
12:54:27.484 [main] DEBUG com.jayway.jsonpath.internal.JsonContext -- Put path $ key type value {}
12:54:27.484 [main] DEBUG com.jayway.jsonpath.internal.path.CompiledPath -- Evaluating path: $
12:54:27.484 [main] DEBUG com.jayway.jsonpath.internal.JsonContext -- Put path $ key type value keyUp
12:54:27.484 [main] DEBUG com.jayway.jsonpath.internal.path.CompiledPath -- Evaluating path: $['text']
12:54:27.484 [main] DEBUG com.jayway.jsonpath.internal.path.CompiledPath -- Evaluating path: $
12:54:27.484 [main] DEBUG com.jayway.jsonpath.internal.path.CompiledPath -- Evaluating path: $
12:54:27.484 [main] DEBUG com.jayway.jsonpath.internal.JsonContext -- Put path $ key text value {}
12:54:27.484 [main] DEBUG com.jayway.jsonpath.internal.path.CompiledPath -- Evaluating path: $
12:54:27.484 [main] DEBUG com.jayway.jsonpath.internal.JsonContext -- Put path $ key text value _
12:54:27.484 [main] DEBUG com.jayway.jsonpath.internal.path.CompiledPath -- Evaluating path: $['windowsVirtualKeyCode']
12:54:27.484 [main] DEBUG com.jayway.jsonpath.internal.path.CompiledPath -- Evaluating path: $
12:54:27.484 [main] DEBUG com.jayway.jsonpath.internal.path.CompiledPath -- Evaluating path: $
12:54:27.484 [main] DEBUG com.jayway.jsonpath.internal.JsonContext -- Put path $ key windowsVirtualKeyCode value {}
12:54:27.484 [main] DEBUG com.jayway.jsonpath.internal.path.CompiledPath -- Evaluating path: $
12:54:27.484 [main] DEBUG com.jayway.jsonpath.internal.JsonContext -- Put path $ key windowsVirtualKeyCode value 523
12:54:27.484 [main] DEBUG com.jayway.jsonpath.internal.path.CompiledPath -- Evaluating path: $
12:54:27.484 [main] DEBUG com.intuit.karate.driver.chrome_1718781863995 -- >> {"id":72,"sessionId":"EE1621CCDA1EE4FD28EC2BCD46011587","method":"Input.dispatchKeyEvent","params":{"modifiers":0,"type":"keyUp","text":"_","windowsVirtualKeyCode":523}}
12:54:27.486 [nioEventLoopGroup-15-1] DEBUG com.intuit.karate.driver.chrome_1718781863995 -- << {"id":72,"result":{},"sessionId":"EE1621CCDA1EE4FD28EC2BCD46011587"}
12:54:27.486 [nioEventLoopGroup-15-1] DEBUG com.jayway.jsonpath.internal.path.CompiledPath -- Evaluating path: $
12:54:27.486 [main] DEBUG com.jayway.jsonpath.internal.path.CompiledPath -- Evaluating path: $['modifiers']
12:54:27.486 [main] DEBUG com.jayway.jsonpath.internal.path.CompiledPath -- Evaluating path: $
12:54:27.486 [main] DEBUG com.jayway.jsonpath.internal.path.CompiledPath -- Evaluating path: $
12:54:27.486 [main] DEBUG com.jayway.jsonpath.internal.JsonContext -- Put path $ key modifiers value {}
12:54:27.486 [main] DEBUG com.jayway.jsonpath.internal.path.CompiledPath -- Evaluating path: $
12:54:27.486 [main] DEBUG com.jayway.jsonpath.internal.JsonContext -- Put path $ key modifiers value 0
12:54:27.486 [main] DEBUG com.jayway.jsonpath.internal.path.CompiledPath -- Evaluating path: $['type']
12:54:27.486 [main] DEBUG com.jayway.jsonpath.internal.path.CompiledPath -- Evaluating path: $
12:54:27.486 [main] DEBUG com.jayway.jsonpath.internal.path.CompiledPath -- Evaluating path: $
12:54:27.486 [main] DEBUG com.jayway.jsonpath.internal.JsonContext -- Put path $ key type value {}
12:54:27.486 [main] DEBUG com.jayway.jsonpath.internal.path.CompiledPath -- Evaluating path: $
12:54:27.486 [main] DEBUG com.jayway.jsonpath.internal.JsonContext -- Put path $ key type value rawKeyDown
12:54:27.486 [main] DEBUG com.jayway.jsonpath.internal.path.CompiledPath -- Evaluating path: $['text']
12:54:27.486 [main] DEBUG com.jayway.jsonpath.internal.path.CompiledPath -- Evaluating path: $
12:54:27.486 [main] DEBUG com.jayway.jsonpath.internal.path.CompiledPath -- Evaluating path: $
12:54:27.486 [main] DEBUG com.jayway.jsonpath.internal.JsonContext -- Put path $ key text value {}
12:54:27.486 [main] DEBUG com.jayway.jsonpath.internal.path.CompiledPath -- Evaluating path: $
12:54:27.486 [main] DEBUG com.jayway.jsonpath.internal.JsonContext -- Put path $ key text value s
12:54:27.486 [main] DEBUG com.jayway.jsonpath.internal.path.CompiledPath -- Evaluating path: $['windowsVirtualKeyCode']
12:54:27.486 [main] DEBUG com.jayway.jsonpath.internal.path.CompiledPath -- Evaluating path: $
12:54:27.486 [main] DEBUG com.jayway.jsonpath.internal.path.CompiledPath -- Evaluating path: $
12:54:27.486 [main] DEBUG com.jayway.jsonpath.internal.JsonContext -- Put path $ key windowsVirtualKeyCode value {}
12:54:27.486 [main] DEBUG com.jayway.jsonpath.internal.path.CompiledPath -- Evaluating path: $
12:54:27.486 [main] DEBUG com.jayway.jsonpath.internal.JsonContext -- Put path $ key windowsVirtualKeyCode value 115
12:54:27.486 [main] DEBUG com.jayway.jsonpath.internal.path.CompiledPath -- Evaluating path: $
12:54:27.486 [main] DEBUG com.intuit.karate.driver.chrome_1718781863995 -- >> {"id":73,"sessionId":"EE1621CCDA1EE4FD28EC2BCD46011587","method":"Input.dispatchKeyEvent","params":{"modifiers":0,"type":"rawKeyDown","text":"s","windowsVirtualKeyCode":115}}
12:54:27.487 [nioEventLoopGroup-15-1] DEBUG com.intuit.karate.driver.chrome_1718781863995 -- << {"id":73,"result":{},"sessionId":"EE1621CCDA1EE4FD28EC2BCD46011587"}
12:54:27.487 [nioEventLoopGroup-15-1] DEBUG com.jayway.jsonpath.internal.path.CompiledPath -- Evaluating path: $
12:54:27.487 [main] DEBUG com.jayway.jsonpath.internal.path.CompiledPath -- Evaluating path: $['modifiers']
12:54:27.487 [main] DEBUG com.jayway.jsonpath.internal.path.CompiledPath -- Evaluating path: $
12:54:27.487 [main] DEBUG com.jayway.jsonpath.internal.path.CompiledPath -- Evaluating path: $
12:54:27.487 [main] DEBUG com.jayway.jsonpath.internal.JsonContext -- Put path $ key modifiers value {}
12:54:27.487 [main] DEBUG com.jayway.jsonpath.internal.path.CompiledPath -- Evaluating path: $
12:54:27.487 [main] DEBUG com.jayway.jsonpath.internal.JsonContext -- Put path $ key modifiers value 0
12:54:27.487 [main] DEBUG com.jayway.jsonpath.internal.path.CompiledPath -- Evaluating path: $['type']
12:54:27.487 [main] DEBUG com.jayway.jsonpath.internal.path.CompiledPath -- Evaluating path: $
12:54:27.487 [main] DEBUG com.jayway.jsonpath.internal.path.CompiledPath -- Evaluating path: $
12:54:27.487 [main] DEBUG com.jayway.jsonpath.internal.JsonContext -- Put path $ key type value {}
12:54:27.487 [main] DEBUG com.jayway.jsonpath.internal.path.CompiledPath -- Evaluating path: $
12:54:27.487 [main] DEBUG com.jayway.jsonpath.internal.JsonContext -- Put path $ key type value char
12:54:27.487 [main] DEBUG com.jayway.jsonpath.internal.path.CompiledPath -- Evaluating path: $['text']
12:54:27.487 [main] DEBUG com.jayway.jsonpath.internal.path.CompiledPath -- Evaluating path: $
12:54:27.487 [main] DEBUG com.jayway.jsonpath.internal.path.CompiledPath -- Evaluating path: $
12:54:27.487 [main] DEBUG com.jayway.jsonpath.internal.JsonContext -- Put path $ key text value {}
12:54:27.487 [main] DEBUG com.jayway.jsonpath.internal.path.CompiledPath -- Evaluating path: $
12:54:27.487 [main] DEBUG com.jayway.jsonpath.internal.JsonContext -- Put path $ key text value s
12:54:27.488 [main] DEBUG com.jayway.jsonpath.internal.path.CompiledPath -- Evaluating path: $['windowsVirtualKeyCode']
12:54:27.488 [main] DEBUG com.jayway.jsonpath.internal.path.CompiledPath -- Evaluating path: $
12:54:27.488 [main] DEBUG com.jayway.jsonpath.internal.path.CompiledPath -- Evaluating path: $
12:54:27.488 [main] DEBUG com.jayway.jsonpath.internal.JsonContext -- Put path $ key windowsVirtualKeyCode value {}
12:54:27.488 [main] DEBUG com.jayway.jsonpath.internal.path.CompiledPath -- Evaluating path: $
12:54:27.488 [main] DEBUG com.jayway.jsonpath.internal.JsonContext -- Put path $ key windowsVirtualKeyCode value 115
12:54:27.488 [main] DEBUG com.jayway.jsonpath.internal.path.CompiledPath -- Evaluating path: $
12:54:27.488 [main] DEBUG com.intuit.karate.driver.chrome_1718781863995 -- >> {"id":74,"sessionId":"EE1621CCDA1EE4FD28EC2BCD46011587","method":"Input.dispatchKeyEvent","params":{"modifiers":0,"type":"char","text":"s","windowsVirtualKeyCode":115}}
12:54:27.490 [nioEventLoopGroup-15-1] DEBUG com.intuit.karate.driver.chrome_1718781863995 -- << {"id":74,"result":{},"sessionId":"EE1621CCDA1EE4FD28EC2BCD46011587"}
12:54:27.490 [nioEventLoopGroup-15-1] DEBUG com.jayway.jsonpath.internal.path.CompiledPath -- Evaluating path: $
12:54:27.490 [main] DEBUG com.jayway.jsonpath.internal.path.CompiledPath -- Evaluating path: $['modifiers']
12:54:27.490 [main] DEBUG com.jayway.jsonpath.internal.path.CompiledPath -- Evaluating path: $
12:54:27.490 [main] DEBUG com.jayway.jsonpath.internal.path.CompiledPath -- Evaluating path: $
12:54:27.490 [main] DEBUG com.jayway.jsonpath.internal.JsonContext -- Put path $ key modifiers value {}
12:54:27.490 [main] DEBUG com.jayway.jsonpath.internal.path.CompiledPath -- Evaluating path: $
12:54:27.490 [main] DEBUG com.jayway.jsonpath.internal.JsonContext -- Put path $ key modifiers value 0
12:54:27.490 [main] DEBUG com.jayway.jsonpath.internal.path.CompiledPath -- Evaluating path: $['type']
12:54:27.490 [main] DEBUG com.jayway.jsonpath.internal.path.CompiledPath -- Evaluating path: $
12:54:27.490 [main] DEBUG com.jayway.jsonpath.internal.path.CompiledPath -- Evaluating path: $
12:54:27.490 [main] DEBUG com.jayway.jsonpath.internal.JsonContext -- Put path $ key type value {}
12:54:27.490 [main] DEBUG com.jayway.jsonpath.internal.path.CompiledPath -- Evaluating path: $
12:54:27.490 [main] DEBUG com.jayway.jsonpath.internal.JsonContext -- Put path $ key type value keyUp
12:54:27.490 [main] DEBUG com.jayway.jsonpath.internal.path.CompiledPath -- Evaluating path: $['text']
12:54:27.490 [main] DEBUG com.jayway.jsonpath.internal.path.CompiledPath -- Evaluating path: $
12:54:27.490 [main] DEBUG com.jayway.jsonpath.internal.path.CompiledPath -- Evaluating path: $
12:54:27.490 [main] DEBUG com.jayway.jsonpath.internal.JsonContext -- Put path $ key text value {}
12:54:27.490 [main] DEBUG com.jayway.jsonpath.internal.path.CompiledPath -- Evaluating path: $
12:54:27.490 [main] DEBUG com.jayway.jsonpath.internal.JsonContext -- Put path $ key text value s
12:54:27.490 [main] DEBUG com.jayway.jsonpath.internal.path.CompiledPath -- Evaluating path: $['windowsVirtualKeyCode']
12:54:27.490 [main] DEBUG com.jayway.jsonpath.internal.path.CompiledPath -- Evaluating path: $
12:54:27.490 [main] DEBUG com.jayway.jsonpath.internal.path.CompiledPath -- Evaluating path: $
12:54:27.490 [main] DEBUG com.jayway.jsonpath.internal.JsonContext -- Put path $ key windowsVirtualKeyCode value {}
12:54:27.490 [main] DEBUG com.jayway.jsonpath.internal.path.CompiledPath -- Evaluating path: $
12:54:27.490 [main] DEBUG com.jayway.jsonpath.internal.JsonContext -- Put path $ key windowsVirtualKeyCode value 115
12:54:27.490 [main] DEBUG com.jayway.jsonpath.internal.path.CompiledPath -- Evaluating path: $
12:54:27.491 [main] DEBUG com.intuit.karate.driver.chrome_1718781863995 -- >> {"id":75,"sessionId":"EE1621CCDA1EE4FD28EC2BCD46011587","method":"Input.dispatchKeyEvent","params":{"modifiers":0,"type":"keyUp","text":"s","windowsVirtualKeyCode":115}}
12:54:27.492 [nioEventLoopGroup-15-1] DEBUG com.intuit.karate.driver.chrome_1718781863995 -- << {"id":75,"result":{},"sessionId":"EE1621CCDA1EE4FD28EC2BCD46011587"}
12:54:27.492 [nioEventLoopGroup-15-1] DEBUG com.jayway.jsonpath.internal.path.CompiledPath -- Evaluating path: $
12:54:27.493 [main] DEBUG com.jayway.jsonpath.internal.path.CompiledPath -- Evaluating path: $['modifiers']
12:54:27.493 [main] DEBUG com.jayway.jsonpath.internal.path.CompiledPath -- Evaluating path: $
12:54:27.493 [main] DEBUG com.jayway.jsonpath.internal.path.CompiledPath -- Evaluating path: $
12:54:27.493 [main] DEBUG com.jayway.jsonpath.internal.JsonContext -- Put path $ key modifiers value {}
12:54:27.493 [main] DEBUG com.jayway.jsonpath.internal.path.CompiledPath -- Evaluating path: $
12:54:27.493 [main] DEBUG com.jayway.jsonpath.internal.JsonContext -- Put path $ key modifiers value 0
12:54:27.493 [main] DEBUG com.jayway.jsonpath.internal.path.CompiledPath -- Evaluating path: $['type']
12:54:27.493 [main] DEBUG com.jayway.jsonpath.internal.path.CompiledPath -- Evaluating path: $
12:54:27.493 [main] DEBUG com.jayway.jsonpath.internal.path.CompiledPath -- Evaluating path: $
12:54:27.493 [main] DEBUG com.jayway.jsonpath.internal.JsonContext -- Put path $ key type value {}
12:54:27.493 [main] DEBUG com.jayway.jsonpath.internal.path.CompiledPath -- Evaluating path: $
12:54:27.493 [main] DEBUG com.jayway.jsonpath.internal.JsonContext -- Put path $ key type value rawKeyDown
12:54:27.493 [main] DEBUG com.jayway.jsonpath.internal.path.CompiledPath -- Evaluating path: $['text']
12:54:27.493 [main] DEBUG com.jayway.jsonpath.internal.path.CompiledPath -- Evaluating path: $
12:54:27.493 [main] DEBUG com.jayway.jsonpath.internal.path.CompiledPath -- Evaluating path: $
12:54:27.493 [main] DEBUG com.jayway.jsonpath.internal.JsonContext -- Put path $ key text value {}
12:54:27.493 [main] DEBUG com.jayway.jsonpath.internal.path.CompiledPath -- Evaluating path: $
12:54:27.493 [main] DEBUG com.jayway.jsonpath.internal.JsonContext -- Put path $ key text value a
12:54:27.493 [main] DEBUG com.jayway.jsonpath.internal.path.CompiledPath -- Evaluating path: $['windowsVirtualKeyCode']
12:54:27.493 [main] DEBUG com.jayway.jsonpath.internal.path.CompiledPath -- Evaluating path: $
12:54:27.493 [main] DEBUG com.jayway.jsonpath.internal.path.CompiledPath -- Evaluating path: $
12:54:27.493 [main] DEBUG com.jayway.jsonpath.internal.JsonContext -- Put path $ key windowsVirtualKeyCode value {}
12:54:27.493 [main] DEBUG com.jayway.jsonpath.internal.path.CompiledPath -- Evaluating path: $
12:54:27.493 [main] DEBUG com.jayway.jsonpath.internal.JsonContext -- Put path $ key windowsVirtualKeyCode value 97
12:54:27.493 [main] DEBUG com.jayway.jsonpath.internal.path.CompiledPath -- Evaluating path: $
12:54:27.493 [main] DEBUG com.intuit.karate.driver.chrome_1718781863995 -- >> {"id":76,"sessionId":"EE1621CCDA1EE4FD28EC2BCD46011587","method":"Input.dispatchKeyEvent","params":{"modifiers":0,"type":"rawKeyDown","text":"a","windowsVirtualKeyCode":97}}
12:54:27.496 [nioEventLoopGroup-15-1] DEBUG com.intuit.karate.driver.chrome_1718781863995 -- << {"id":76,"result":{},"sessionId":"EE1621CCDA1EE4FD28EC2BCD46011587"}
12:54:27.497 [nioEventLoopGroup-15-1] DEBUG com.jayway.jsonpath.internal.path.CompiledPath -- Evaluating path: $
12:54:27.497 [main] DEBUG com.jayway.jsonpath.internal.path.CompiledPath -- Evaluating path: $['modifiers']
12:54:27.497 [main] DEBUG com.jayway.jsonpath.internal.path.CompiledPath -- Evaluating path: $
12:54:27.497 [main] DEBUG com.jayway.jsonpath.internal.path.CompiledPath -- Evaluating path: $
12:54:27.497 [main] DEBUG com.jayway.jsonpath.internal.JsonContext -- Put path $ key modifiers value {}
12:54:27.497 [main] DEBUG com.jayway.jsonpath.internal.path.CompiledPath -- Evaluating path: $
12:54:27.497 [main] DEBUG com.jayway.jsonpath.internal.JsonContext -- Put path $ key modifiers value 0
12:54:27.497 [main] DEBUG com.jayway.jsonpath.internal.path.CompiledPath -- Evaluating path: $['type']
12:54:27.497 [main] DEBUG com.jayway.jsonpath.internal.path.CompiledPath -- Evaluating path: $
12:54:27.497 [main] DEBUG com.jayway.jsonpath.internal.path.CompiledPath -- Evaluating path: $
12:54:27.497 [main] DEBUG com.jayway.jsonpath.internal.JsonContext -- Put path $ key type value {}
12:54:27.497 [main] DEBUG com.jayway.jsonpath.internal.path.CompiledPath -- Evaluating path: $
12:54:27.497 [main] DEBUG com.jayway.jsonpath.internal.JsonContext -- Put path $ key type value char
12:54:27.497 [main] DEBUG com.jayway.jsonpath.internal.path.CompiledPath -- Evaluating path: $['text']
12:54:27.497 [main] DEBUG com.jayway.jsonpath.internal.path.CompiledPath -- Evaluating path: $
12:54:27.497 [main] DEBUG com.jayway.jsonpath.internal.path.CompiledPath -- Evaluating path: $
12:54:27.497 [main] DEBUG com.jayway.jsonpath.internal.JsonContext -- Put path $ key text value {}
12:54:27.497 [main] DEBUG com.jayway.jsonpath.internal.path.CompiledPath -- Evaluating path: $
12:54:27.497 [main] DEBUG com.jayway.jsonpath.internal.JsonContext -- Put path $ key text value a
12:54:27.497 [main] DEBUG com.jayway.jsonpath.internal.path.CompiledPath -- Evaluating path: $['windowsVirtualKeyCode']
12:54:27.497 [main] DEBUG com.jayway.jsonpath.internal.path.CompiledPath -- Evaluating path: $
12:54:27.497 [main] DEBUG com.jayway.jsonpath.internal.path.CompiledPath -- Evaluating path: $
12:54:27.497 [main] DEBUG com.jayway.jsonpath.internal.JsonContext -- Put path $ key windowsVirtualKeyCode value {}
12:54:27.497 [main] DEBUG com.jayway.jsonpath.internal.path.CompiledPath -- Evaluating path: $
12:54:27.497 [main] DEBUG com.jayway.jsonpath.internal.JsonContext -- Put path $ key windowsVirtualKeyCode value 97
12:54:27.497 [main] DEBUG com.jayway.jsonpath.internal.path.CompiledPath -- Evaluating path: $
12:54:27.497 [main] DEBUG com.intuit.karate.driver.chrome_1718781863995 -- >> {"id":77,"sessionId":"EE1621CCDA1EE4FD28EC2BCD46011587","method":"Input.dispatchKeyEvent","params":{"modifiers":0,"type":"char","text":"a","windowsVirtualKeyCode":97}}
12:54:27.502 [nioEventLoopGroup-15-1] DEBUG com.intuit.karate.driver.chrome_1718781863995 -- << {"id":77,"result":{},"sessionId":"EE1621CCDA1EE4FD28EC2BCD46011587"}
12:54:27.502 [nioEventLoopGroup-15-1] DEBUG com.jayway.jsonpath.internal.path.CompiledPath -- Evaluating path: $
12:54:27.502 [main] DEBUG com.jayway.jsonpath.internal.path.CompiledPath -- Evaluating path: $['modifiers']
12:54:27.503 [main] DEBUG com.jayway.jsonpath.internal.path.CompiledPath -- Evaluating path: $
12:54:27.503 [main] DEBUG com.jayway.jsonpath.internal.path.CompiledPath -- Evaluating path: $
12:54:27.503 [main] DEBUG com.jayway.jsonpath.internal.JsonContext -- Put path $ key modifiers value {}
12:54:27.503 [main] DEBUG com.jayway.jsonpath.internal.path.CompiledPath -- Evaluating path: $
12:54:27.503 [main] DEBUG com.jayway.jsonpath.internal.JsonContext -- Put path $ key modifiers value 0
12:54:27.503 [main] DEBUG com.jayway.jsonpath.internal.path.CompiledPath -- Evaluating path: $['type']
12:54:27.503 [main] DEBUG com.jayway.jsonpath.internal.path.CompiledPath -- Evaluating path: $
12:54:27.503 [main] DEBUG com.jayway.jsonpath.internal.path.CompiledPath -- Evaluating path: $
12:54:27.503 [main] DEBUG com.jayway.jsonpath.internal.JsonContext -- Put path $ key type value {}
12:54:27.503 [main] DEBUG com.jayway.jsonpath.internal.path.CompiledPath -- Evaluating path: $
12:54:27.503 [main] DEBUG com.jayway.jsonpath.internal.JsonContext -- Put path $ key type value keyUp
12:54:27.503 [main] DEBUG com.jayway.jsonpath.internal.path.CompiledPath -- Evaluating path: $['text']
12:54:27.503 [main] DEBUG com.jayway.jsonpath.internal.path.CompiledPath -- Evaluating path: $
12:54:27.503 [main] DEBUG com.jayway.jsonpath.internal.path.CompiledPath -- Evaluating path: $
12:54:27.503 [main] DEBUG com.jayway.jsonpath.internal.JsonContext -- Put path $ key text value {}
12:54:27.503 [main] DEBUG com.jayway.jsonpath.internal.path.CompiledPath -- Evaluating path: $
12:54:27.503 [main] DEBUG com.jayway.jsonpath.internal.JsonContext -- Put path $ key text value a
12:54:27.503 [main] DEBUG com.jayway.jsonpath.internal.path.CompiledPath -- Evaluating path: $['windowsVirtualKeyCode']
12:54:27.503 [main] DEBUG com.jayway.jsonpath.internal.path.CompiledPath -- Evaluating path: $
12:54:27.503 [main] DEBUG com.jayway.jsonpath.internal.path.CompiledPath -- Evaluating path: $
12:54:27.503 [main] DEBUG com.jayway.jsonpath.internal.JsonContext -- Put path $ key windowsVirtualKeyCode value {}
12:54:27.503 [main] DEBUG com.jayway.jsonpath.internal.path.CompiledPath -- Evaluating path: $
12:54:27.503 [main] DEBUG com.jayway.jsonpath.internal.JsonContext -- Put path $ key windowsVirtualKeyCode value 97
12:54:27.503 [main] DEBUG com.jayway.jsonpath.internal.path.CompiledPath -- Evaluating path: $
12:54:27.503 [main] DEBUG com.intuit.karate.driver.chrome_1718781863995 -- >> {"id":78,"sessionId":"EE1621CCDA1EE4FD28EC2BCD46011587","method":"Input.dispatchKeyEvent","params":{"modifiers":0,"type":"keyUp","text":"a","windowsVirtualKeyCode":97}}
12:54:27.504 [nioEventLoopGroup-15-1] DEBUG com.intuit.karate.driver.chrome_1718781863995 -- << {"id":78,"result":{},"sessionId":"EE1621CCDA1EE4FD28EC2BCD46011587"}
12:54:27.504 [nioEventLoopGroup-15-1] DEBUG com.jayway.jsonpath.internal.path.CompiledPath -- Evaluating path: $
12:54:27.504 [main] DEBUG com.jayway.jsonpath.internal.path.CompiledPath -- Evaluating path: $['modifiers']
12:54:27.504 [main] DEBUG com.jayway.jsonpath.internal.path.CompiledPath -- Evaluating path: $
12:54:27.504 [main] DEBUG com.jayway.jsonpath.internal.path.CompiledPath -- Evaluating path: $
12:54:27.504 [main] DEBUG com.jayway.jsonpath.internal.JsonContext -- Put path $ key modifiers value {}
12:54:27.504 [main] DEBUG com.jayway.jsonpath.internal.path.CompiledPath -- Evaluating path: $
12:54:27.504 [main] DEBUG com.jayway.jsonpath.internal.JsonContext -- Put path $ key modifiers value 0
12:54:27.504 [main] DEBUG com.jayway.jsonpath.internal.path.CompiledPath -- Evaluating path: $['type']
12:54:27.504 [main] DEBUG com.jayway.jsonpath.internal.path.CompiledPath -- Evaluating path: $
12:54:27.504 [main] DEBUG com.jayway.jsonpath.internal.path.CompiledPath -- Evaluating path: $
12:54:27.504 [main] DEBUG com.jayway.jsonpath.internal.JsonContext -- Put path $ key type value {}
12:54:27.504 [main] DEBUG com.jayway.jsonpath.internal.path.CompiledPath -- Evaluating path: $
12:54:27.504 [main] DEBUG com.jayway.jsonpath.internal.JsonContext -- Put path $ key type value rawKeyDown
12:54:27.504 [main] DEBUG com.jayway.jsonpath.internal.path.CompiledPath -- Evaluating path: $['text']
12:54:27.504 [main] DEBUG com.jayway.jsonpath.internal.path.CompiledPath -- Evaluating path: $
12:54:27.504 [main] DEBUG com.jayway.jsonpath.internal.path.CompiledPath -- Evaluating path: $
12:54:27.504 [main] DEBUG com.jayway.jsonpath.internal.JsonContext -- Put path $ key text value {}
12:54:27.504 [main] DEBUG com.jayway.jsonpath.internal.path.CompiledPath -- Evaluating path: $
12:54:27.504 [main] DEBUG com.jayway.jsonpath.internal.JsonContext -- Put path $ key text value u
12:54:27.504 [main] DEBUG com.jayway.jsonpath.internal.path.CompiledPath -- Evaluating path: $['windowsVirtualKeyCode']
12:54:27.504 [main] DEBUG com.jayway.jsonpath.internal.path.CompiledPath -- Evaluating path: $
12:54:27.504 [main] DEBUG com.jayway.jsonpath.internal.path.CompiledPath -- Evaluating path: $
12:54:27.504 [main] DEBUG com.jayway.jsonpath.internal.JsonContext -- Put path $ key windowsVirtualKeyCode value {}
12:54:27.504 [main] DEBUG com.jayway.jsonpath.internal.path.CompiledPath -- Evaluating path: $
12:54:27.504 [main] DEBUG com.jayway.jsonpath.internal.JsonContext -- Put path $ key windowsVirtualKeyCode value 117
12:54:27.504 [main] DEBUG com.jayway.jsonpath.internal.path.CompiledPath -- Evaluating path: $
12:54:27.504 [main] DEBUG com.intuit.karate.driver.chrome_1718781863995 -- >> {"id":79,"sessionId":"EE1621CCDA1EE4FD28EC2BCD46011587","method":"Input.dispatchKeyEvent","params":{"modifiers":0,"type":"rawKeyDown","text":"u","windowsVirtualKeyCode":117}}
12:54:27.506 [nioEventLoopGroup-15-1] DEBUG com.intuit.karate.driver.chrome_1718781863995 -- << {"id":79,"result":{},"sessionId":"EE1621CCDA1EE4FD28EC2BCD46011587"}
12:54:27.506 [nioEventLoopGroup-15-1] DEBUG com.jayway.jsonpath.internal.path.CompiledPath -- Evaluating path: $
12:54:27.506 [main] DEBUG com.jayway.jsonpath.internal.path.CompiledPath -- Evaluating path: $['modifiers']
12:54:27.506 [main] DEBUG com.jayway.jsonpath.internal.path.CompiledPath -- Evaluating path: $
12:54:27.506 [main] DEBUG com.jayway.jsonpath.internal.path.CompiledPath -- Evaluating path: $
12:54:27.506 [main] DEBUG com.jayway.jsonpath.internal.JsonContext -- Put path $ key modifiers value {}
12:54:27.506 [main] DEBUG com.jayway.jsonpath.internal.path.CompiledPath -- Evaluating path: $
12:54:27.506 [main] DEBUG com.jayway.jsonpath.internal.JsonContext -- Put path $ key modifiers value 0
12:54:27.506 [main] DEBUG com.jayway.jsonpath.internal.path.CompiledPath -- Evaluating path: $['type']
12:54:27.506 [main] DEBUG com.jayway.jsonpath.internal.path.CompiledPath -- Evaluating path: $
12:54:27.506 [main] DEBUG com.jayway.jsonpath.internal.path.CompiledPath -- Evaluating path: $
12:54:27.506 [main] DEBUG com.jayway.jsonpath.internal.JsonContext -- Put path $ key type value {}
12:54:27.506 [main] DEBUG com.jayway.jsonpath.internal.path.CompiledPath -- Evaluating path: $
12:54:27.506 [main] DEBUG com.jayway.jsonpath.internal.JsonContext -- Put path $ key type value char
12:54:27.506 [main] DEBUG com.jayway.jsonpath.internal.path.CompiledPath -- Evaluating path: $['text']
12:54:27.506 [main] DEBUG com.jayway.jsonpath.internal.path.CompiledPath -- Evaluating path: $
12:54:27.506 [main] DEBUG com.jayway.jsonpath.internal.path.CompiledPath -- Evaluating path: $
12:54:27.506 [main] DEBUG com.jayway.jsonpath.internal.JsonContext -- Put path $ key text value {}
12:54:27.506 [main] DEBUG com.jayway.jsonpath.internal.path.CompiledPath -- Evaluating path: $
12:54:27.506 [main] DEBUG com.jayway.jsonpath.internal.JsonContext -- Put path $ key text value u
12:54:27.506 [main] DEBUG com.jayway.jsonpath.internal.path.CompiledPath -- Evaluating path: $['windowsVirtualKeyCode']
12:54:27.506 [main] DEBUG com.jayway.jsonpath.internal.path.CompiledPath -- Evaluating path: $
12:54:27.506 [main] DEBUG com.jayway.jsonpath.internal.path.CompiledPath -- Evaluating path: $
12:54:27.506 [main] DEBUG com.jayway.jsonpath.internal.JsonContext -- Put path $ key windowsVirtualKeyCode value {}
12:54:27.506 [main] DEBUG com.jayway.jsonpath.internal.path.CompiledPath -- Evaluating path: $
12:54:27.506 [main] DEBUG com.jayway.jsonpath.internal.JsonContext -- Put path $ key windowsVirtualKeyCode value 117
12:54:27.506 [main] DEBUG com.jayway.jsonpath.internal.path.CompiledPath -- Evaluating path: $
12:54:27.506 [main] DEBUG com.intuit.karate.driver.chrome_1718781863995 -- >> {"id":80,"sessionId":"EE1621CCDA1EE4FD28EC2BCD46011587","method":"Input.dispatchKeyEvent","params":{"modifiers":0,"type":"char","text":"u","windowsVirtualKeyCode":117}}
12:54:27.509 [nioEventLoopGroup-15-1] DEBUG com.intuit.karate.driver.chrome_1718781863995 -- << {"id":80,"result":{},"sessionId":"EE1621CCDA1EE4FD28EC2BCD46011587"}
12:54:27.509 [nioEventLoopGroup-15-1] DEBUG com.jayway.jsonpath.internal.path.CompiledPath -- Evaluating path: $
12:54:27.509 [main] DEBUG com.jayway.jsonpath.internal.path.CompiledPath -- Evaluating path: $['modifiers']
12:54:27.509 [main] DEBUG com.jayway.jsonpath.internal.path.CompiledPath -- Evaluating path: $
12:54:27.509 [main] DEBUG com.jayway.jsonpath.internal.path.CompiledPath -- Evaluating path: $
12:54:27.509 [main] DEBUG com.jayway.jsonpath.internal.JsonContext -- Put path $ key modifiers value {}
12:54:27.509 [main] DEBUG com.jayway.jsonpath.internal.path.CompiledPath -- Evaluating path: $
12:54:27.509 [main] DEBUG com.jayway.jsonpath.internal.JsonContext -- Put path $ key modifiers value 0
12:54:27.509 [main] DEBUG com.jayway.jsonpath.internal.path.CompiledPath -- Evaluating path: $['type']
12:54:27.509 [main] DEBUG com.jayway.jsonpath.internal.path.CompiledPath -- Evaluating path: $
12:54:27.509 [main] DEBUG com.jayway.jsonpath.internal.path.CompiledPath -- Evaluating path: $
12:54:27.509 [main] DEBUG com.jayway.jsonpath.internal.JsonContext -- Put path $ key type value {}
12:54:27.509 [main] DEBUG com.jayway.jsonpath.internal.path.CompiledPath -- Evaluating path: $
12:54:27.509 [main] DEBUG com.jayway.jsonpath.internal.JsonContext -- Put path $ key type value keyUp
12:54:27.509 [main] DEBUG com.jayway.jsonpath.internal.path.CompiledPath -- Evaluating path: $['text']
12:54:27.509 [main] DEBUG com.jayway.jsonpath.internal.path.CompiledPath -- Evaluating path: $
12:54:27.509 [main] DEBUG com.jayway.jsonpath.internal.path.CompiledPath -- Evaluating path: $
12:54:27.509 [main] DEBUG com.jayway.jsonpath.internal.JsonContext -- Put path $ key text value {}
12:54:27.509 [main] DEBUG com.jayway.jsonpath.internal.path.CompiledPath -- Evaluating path: $
12:54:27.509 [main] DEBUG com.jayway.jsonpath.internal.JsonContext -- Put path $ key text value u
12:54:27.509 [main] DEBUG com.jayway.jsonpath.internal.path.CompiledPath -- Evaluating path: $['windowsVirtualKeyCode']
12:54:27.509 [main] DEBUG com.jayway.jsonpath.internal.path.CompiledPath -- Evaluating path: $
12:54:27.509 [main] DEBUG com.jayway.jsonpath.internal.path.CompiledPath -- Evaluating path: $
12:54:27.509 [main] DEBUG com.jayway.jsonpath.internal.JsonContext -- Put path $ key windowsVirtualKeyCode value {}
12:54:27.509 [main] DEBUG com.jayway.jsonpath.internal.path.CompiledPath -- Evaluating path: $
12:54:27.509 [main] DEBUG com.jayway.jsonpath.internal.JsonContext -- Put path $ key windowsVirtualKeyCode value 117
12:54:27.509 [main] DEBUG com.jayway.jsonpath.internal.path.CompiledPath -- Evaluating path: $
12:54:27.509 [main] DEBUG com.intuit.karate.driver.chrome_1718781863995 -- >> {"id":81,"sessionId":"EE1621CCDA1EE4FD28EC2BCD46011587","method":"Input.dispatchKeyEvent","params":{"modifiers":0,"type":"keyUp","text":"u","windowsVirtualKeyCode":117}}
12:54:27.512 [nioEventLoopGroup-15-1] DEBUG com.intuit.karate.driver.chrome_1718781863995 -- << {"id":81,"result":{},"sessionId":"EE1621CCDA1EE4FD28EC2BCD46011587"}
12:54:27.512 [nioEventLoopGroup-15-1] DEBUG com.jayway.jsonpath.internal.path.CompiledPath -- Evaluating path: $
12:54:27.512 [main] DEBUG com.jayway.jsonpath.internal.path.CompiledPath -- Evaluating path: $['modifiers']
12:54:27.512 [main] DEBUG com.jayway.jsonpath.internal.path.CompiledPath -- Evaluating path: $
12:54:27.512 [main] DEBUG com.jayway.jsonpath.internal.path.CompiledPath -- Evaluating path: $
12:54:27.512 [main] DEBUG com.jayway.jsonpath.internal.JsonContext -- Put path $ key modifiers value {}
12:54:27.512 [main] DEBUG com.jayway.jsonpath.internal.path.CompiledPath -- Evaluating path: $
12:54:27.512 [main] DEBUG com.jayway.jsonpath.internal.JsonContext -- Put path $ key modifiers value 0
12:54:27.512 [main] DEBUG com.jayway.jsonpath.internal.path.CompiledPath -- Evaluating path: $['type']
12:54:27.512 [main] DEBUG com.jayway.jsonpath.internal.path.CompiledPath -- Evaluating path: $
12:54:27.512 [main] DEBUG com.jayway.jsonpath.internal.path.CompiledPath -- Evaluating path: $
12:54:27.512 [main] DEBUG com.jayway.jsonpath.internal.JsonContext -- Put path $ key type value {}
12:54:27.512 [main] DEBUG com.jayway.jsonpath.internal.path.CompiledPath -- Evaluating path: $
12:54:27.512 [main] DEBUG com.jayway.jsonpath.internal.JsonContext -- Put path $ key type value rawKeyDown
12:54:27.512 [main] DEBUG com.jayway.jsonpath.internal.path.CompiledPath -- Evaluating path: $['text']
12:54:27.512 [main] DEBUG com.jayway.jsonpath.internal.path.CompiledPath -- Evaluating path: $
12:54:27.512 [main] DEBUG com.jayway.jsonpath.internal.path.CompiledPath -- Evaluating path: $
12:54:27.512 [main] DEBUG com.jayway.jsonpath.internal.JsonContext -- Put path $ key text value {}
12:54:27.512 [main] DEBUG com.jayway.jsonpath.internal.path.CompiledPath -- Evaluating path: $
12:54:27.512 [main] DEBUG com.jayway.jsonpath.internal.JsonContext -- Put path $ key text value c
12:54:27.512 [main] DEBUG com.jayway.jsonpath.internal.path.CompiledPath -- Evaluating path: $['windowsVirtualKeyCode']
12:54:27.512 [main] DEBUG com.jayway.jsonpath.internal.path.CompiledPath -- Evaluating path: $
12:54:27.512 [main] DEBUG com.jayway.jsonpath.internal.path.CompiledPath -- Evaluating path: $
12:54:27.512 [main] DEBUG com.jayway.jsonpath.internal.JsonContext -- Put path $ key windowsVirtualKeyCode value {}
12:54:27.512 [main] DEBUG com.jayway.jsonpath.internal.path.CompiledPath -- Evaluating path: $
12:54:27.512 [main] DEBUG com.jayway.jsonpath.internal.JsonContext -- Put path $ key windowsVirtualKeyCode value 99
12:54:27.512 [main] DEBUG com.jayway.jsonpath.internal.path.CompiledPath -- Evaluating path: $
12:54:27.512 [main] DEBUG com.intuit.karate.driver.chrome_1718781863995 -- >> {"id":82,"sessionId":"EE1621CCDA1EE4FD28EC2BCD46011587","method":"Input.dispatchKeyEvent","params":{"modifiers":0,"type":"rawKeyDown","text":"c","windowsVirtualKeyCode":99}}
12:54:27.515 [nioEventLoopGroup-15-1] DEBUG com.intuit.karate.driver.chrome_1718781863995 -- << {"id":82,"result":{},"sessionId":"EE1621CCDA1EE4FD28EC2BCD46011587"}
12:54:27.515 [nioEventLoopGroup-15-1] DEBUG com.jayway.jsonpath.internal.path.CompiledPath -- Evaluating path: $
12:54:27.515 [main] DEBUG com.jayway.jsonpath.internal.path.CompiledPath -- Evaluating path: $['modifiers']
12:54:27.516 [main] DEBUG com.jayway.jsonpath.internal.path.CompiledPath -- Evaluating path: $
12:54:27.516 [main] DEBUG com.jayway.jsonpath.internal.path.CompiledPath -- Evaluating path: $
12:54:27.516 [main] DEBUG com.jayway.jsonpath.internal.JsonContext -- Put path $ key modifiers value {}
12:54:27.516 [main] DEBUG com.jayway.jsonpath.internal.path.CompiledPath -- Evaluating path: $
12:54:27.516 [main] DEBUG com.jayway.jsonpath.internal.JsonContext -- Put path $ key modifiers value 0
12:54:27.516 [main] DEBUG com.jayway.jsonpath.internal.path.CompiledPath -- Evaluating path: $['type']
12:54:27.516 [main] DEBUG com.jayway.jsonpath.internal.path.CompiledPath -- Evaluating path: $
12:54:27.516 [main] DEBUG com.jayway.jsonpath.internal.path.CompiledPath -- Evaluating path: $
12:54:27.516 [main] DEBUG com.jayway.jsonpath.internal.JsonContext -- Put path $ key type value {}
12:54:27.516 [main] DEBUG com.jayway.jsonpath.internal.path.CompiledPath -- Evaluating path: $
12:54:27.516 [main] DEBUG com.jayway.jsonpath.internal.JsonContext -- Put path $ key type value char
12:54:27.516 [main] DEBUG com.jayway.jsonpath.internal.path.CompiledPath -- Evaluating path: $['text']
12:54:27.516 [main] DEBUG com.jayway.jsonpath.internal.path.CompiledPath -- Evaluating path: $
12:54:27.516 [main] DEBUG com.jayway.jsonpath.internal.path.CompiledPath -- Evaluating path: $
12:54:27.516 [main] DEBUG com.jayway.jsonpath.internal.JsonContext -- Put path $ key text value {}
12:54:27.516 [main] DEBUG com.jayway.jsonpath.internal.path.CompiledPath -- Evaluating path: $
12:54:27.516 [main] DEBUG com.jayway.jsonpath.internal.JsonContext -- Put path $ key text value c
12:54:27.516 [main] DEBUG com.jayway.jsonpath.internal.path.CompiledPath -- Evaluating path: $['windowsVirtualKeyCode']
12:54:27.516 [main] DEBUG com.jayway.jsonpath.internal.path.CompiledPath -- Evaluating path: $
12:54:27.516 [main] DEBUG com.jayway.jsonpath.internal.path.CompiledPath -- Evaluating path: $
12:54:27.516 [main] DEBUG com.jayway.jsonpath.internal.JsonContext -- Put path $ key windowsVirtualKeyCode value {}
12:54:27.516 [main] DEBUG com.jayway.jsonpath.internal.path.CompiledPath -- Evaluating path: $
12:54:27.516 [main] DEBUG com.jayway.jsonpath.internal.JsonContext -- Put path $ key windowsVirtualKeyCode value 99
12:54:27.516 [main] DEBUG com.jayway.jsonpath.internal.path.CompiledPath -- Evaluating path: $
12:54:27.516 [main] DEBUG com.intuit.karate.driver.chrome_1718781863995 -- >> {"id":83,"sessionId":"EE1621CCDA1EE4FD28EC2BCD46011587","method":"Input.dispatchKeyEvent","params":{"modifiers":0,"type":"char","text":"c","windowsVirtualKeyCode":99}}
12:54:27.520 [nioEventLoopGroup-15-1] DEBUG com.intuit.karate.driver.chrome_1718781863995 -- << {"id":83,"result":{},"sessionId":"EE1621CCDA1EE4FD28EC2BCD46011587"}
12:54:27.520 [nioEventLoopGroup-15-1] DEBUG com.jayway.jsonpath.internal.path.CompiledPath -- Evaluating path: $
12:54:27.520 [main] DEBUG com.jayway.jsonpath.internal.path.CompiledPath -- Evaluating path: $['modifiers']
12:54:27.520 [main] DEBUG com.jayway.jsonpath.internal.path.CompiledPath -- Evaluating path: $
12:54:27.520 [main] DEBUG com.jayway.jsonpath.internal.path.CompiledPath -- Evaluating path: $
12:54:27.520 [main] DEBUG com.jayway.jsonpath.internal.JsonContext -- Put path $ key modifiers value {}
12:54:27.520 [main] DEBUG com.jayway.jsonpath.internal.path.CompiledPath -- Evaluating path: $
12:54:27.520 [main] DEBUG com.jayway.jsonpath.internal.JsonContext -- Put path $ key modifiers value 0
12:54:27.520 [main] DEBUG com.jayway.jsonpath.internal.path.CompiledPath -- Evaluating path: $['type']
12:54:27.520 [main] DEBUG com.jayway.jsonpath.internal.path.CompiledPath -- Evaluating path: $
12:54:27.520 [main] DEBUG com.jayway.jsonpath.internal.path.CompiledPath -- Evaluating path: $
12:54:27.520 [main] DEBUG com.jayway.jsonpath.internal.JsonContext -- Put path $ key type value {}
12:54:27.520 [main] DEBUG com.jayway.jsonpath.internal.path.CompiledPath -- Evaluating path: $
12:54:27.520 [main] DEBUG com.jayway.jsonpath.internal.JsonContext -- Put path $ key type value keyUp
12:54:27.520 [main] DEBUG com.jayway.jsonpath.internal.path.CompiledPath -- Evaluating path: $['text']
12:54:27.520 [main] DEBUG com.jayway.jsonpath.internal.path.CompiledPath -- Evaluating path: $
12:54:27.520 [main] DEBUG com.jayway.jsonpath.internal.path.CompiledPath -- Evaluating path: $
12:54:27.520 [main] DEBUG com.jayway.jsonpath.internal.JsonContext -- Put path $ key text value {}
12:54:27.520 [main] DEBUG com.jayway.jsonpath.internal.path.CompiledPath -- Evaluating path: $
12:54:27.520 [main] DEBUG com.jayway.jsonpath.internal.JsonContext -- Put path $ key text value c
12:54:27.520 [main] DEBUG com.jayway.jsonpath.internal.path.CompiledPath -- Evaluating path: $['windowsVirtualKeyCode']
12:54:27.520 [main] DEBUG com.jayway.jsonpath.internal.path.CompiledPath -- Evaluating path: $
12:54:27.520 [main] DEBUG com.jayway.jsonpath.internal.path.CompiledPath -- Evaluating path: $
12:54:27.520 [main] DEBUG com.jayway.jsonpath.internal.JsonContext -- Put path $ key windowsVirtualKeyCode value {}
12:54:27.520 [main] DEBUG com.jayway.jsonpath.internal.path.CompiledPath -- Evaluating path: $
12:54:27.520 [main] DEBUG com.jayway.jsonpath.internal.JsonContext -- Put path $ key windowsVirtualKeyCode value 99
12:54:27.520 [main] DEBUG com.jayway.jsonpath.internal.path.CompiledPath -- Evaluating path: $
12:54:27.520 [main] DEBUG com.intuit.karate.driver.chrome_1718781863995 -- >> {"id":84,"sessionId":"EE1621CCDA1EE4FD28EC2BCD46011587","method":"Input.dispatchKeyEvent","params":{"modifiers":0,"type":"keyUp","text":"c","windowsVirtualKeyCode":99}}
12:54:27.521 [nioEventLoopGroup-15-1] DEBUG com.intuit.karate.driver.chrome_1718781863995 -- << {"id":84,"result":{},"sessionId":"EE1621CCDA1EE4FD28EC2BCD46011587"}
12:54:27.521 [nioEventLoopGroup-15-1] DEBUG com.jayway.jsonpath.internal.path.CompiledPath -- Evaluating path: $
12:54:27.521 [main] DEBUG com.jayway.jsonpath.internal.path.CompiledPath -- Evaluating path: $['modifiers']
12:54:27.521 [main] DEBUG com.jayway.jsonpath.internal.path.CompiledPath -- Evaluating path: $
12:54:27.521 [main] DEBUG com.jayway.jsonpath.internal.path.CompiledPath -- Evaluating path: $
12:54:27.521 [main] DEBUG com.jayway.jsonpath.internal.JsonContext -- Put path $ key modifiers value {}
12:54:27.521 [main] DEBUG com.jayway.jsonpath.internal.path.CompiledPath -- Evaluating path: $
12:54:27.521 [main] DEBUG com.jayway.jsonpath.internal.JsonContext -- Put path $ key modifiers value 0
12:54:27.521 [main] DEBUG com.jayway.jsonpath.internal.path.CompiledPath -- Evaluating path: $['type']
12:54:27.521 [main] DEBUG com.jayway.jsonpath.internal.path.CompiledPath -- Evaluating path: $
12:54:27.521 [main] DEBUG com.jayway.jsonpath.internal.path.CompiledPath -- Evaluating path: $
12:54:27.521 [main] DEBUG com.jayway.jsonpath.internal.JsonContext -- Put path $ key type value {}
12:54:27.521 [main] DEBUG com.jayway.jsonpath.internal.path.CompiledPath -- Evaluating path: $
12:54:27.521 [main] DEBUG com.jayway.jsonpath.internal.JsonContext -- Put path $ key type value rawKeyDown
12:54:27.521 [main] DEBUG com.jayway.jsonpath.internal.path.CompiledPath -- Evaluating path: $['text']
12:54:27.521 [main] DEBUG com.jayway.jsonpath.internal.path.CompiledPath -- Evaluating path: $
12:54:27.521 [main] DEBUG com.jayway.jsonpath.internal.path.CompiledPath -- Evaluating path: $
12:54:27.522 [main] DEBUG com.jayway.jsonpath.internal.JsonContext -- Put path $ key text value {}
12:54:27.522 [main] DEBUG com.jayway.jsonpath.internal.path.CompiledPath -- Evaluating path: $
12:54:27.522 [main] DEBUG com.jayway.jsonpath.internal.JsonContext -- Put path $ key text value e
12:54:27.522 [main] DEBUG com.jayway.jsonpath.internal.path.CompiledPath -- Evaluating path: $['windowsVirtualKeyCode']
12:54:27.522 [main] DEBUG com.jayway.jsonpath.internal.path.CompiledPath -- Evaluating path: $
12:54:27.522 [main] DEBUG com.jayway.jsonpath.internal.path.CompiledPath -- Evaluating path: $
12:54:27.522 [main] DEBUG com.jayway.jsonpath.internal.JsonContext -- Put path $ key windowsVirtualKeyCode value {}
12:54:27.522 [main] DEBUG com.jayway.jsonpath.internal.path.CompiledPath -- Evaluating path: $
12:54:27.522 [main] DEBUG com.jayway.jsonpath.internal.JsonContext -- Put path $ key windowsVirtualKeyCode value 101
12:54:27.522 [main] DEBUG com.jayway.jsonpath.internal.path.CompiledPath -- Evaluating path: $
12:54:27.522 [main] DEBUG com.intuit.karate.driver.chrome_1718781863995 -- >> {"id":85,"sessionId":"EE1621CCDA1EE4FD28EC2BCD46011587","method":"Input.dispatchKeyEvent","params":{"modifiers":0,"type":"rawKeyDown","text":"e","windowsVirtualKeyCode":101}}
12:54:27.523 [nioEventLoopGroup-15-1] DEBUG com.intuit.karate.driver.chrome_1718781863995 -- << {"id":85,"result":{},"sessionId":"EE1621CCDA1EE4FD28EC2BCD46011587"}
12:54:27.523 [nioEventLoopGroup-15-1] DEBUG com.jayway.jsonpath.internal.path.CompiledPath -- Evaluating path: $
12:54:27.523 [main] DEBUG com.jayway.jsonpath.internal.path.CompiledPath -- Evaluating path: $['modifiers']
12:54:27.523 [main] DEBUG com.jayway.jsonpath.internal.path.CompiledPath -- Evaluating path: $
12:54:27.523 [main] DEBUG com.jayway.jsonpath.internal.path.CompiledPath -- Evaluating path: $
12:54:27.523 [main] DEBUG com.jayway.jsonpath.internal.JsonContext -- Put path $ key modifiers value {}
12:54:27.523 [main] DEBUG com.jayway.jsonpath.internal.path.CompiledPath -- Evaluating path: $
12:54:27.523 [main] DEBUG com.jayway.jsonpath.internal.JsonContext -- Put path $ key modifiers value 0
12:54:27.523 [main] DEBUG com.jayway.jsonpath.internal.path.CompiledPath -- Evaluating path: $['type']
12:54:27.523 [main] DEBUG com.jayway.jsonpath.internal.path.CompiledPath -- Evaluating path: $
12:54:27.523 [main] DEBUG com.jayway.jsonpath.internal.path.CompiledPath -- Evaluating path: $
12:54:27.523 [main] DEBUG com.jayway.jsonpath.internal.JsonContext -- Put path $ key type value {}
12:54:27.523 [main] DEBUG com.jayway.jsonpath.internal.path.CompiledPath -- Evaluating path: $
12:54:27.523 [main] DEBUG com.jayway.jsonpath.internal.JsonContext -- Put path $ key type value char
12:54:27.523 [main] DEBUG com.jayway.jsonpath.internal.path.CompiledPath -- Evaluating path: $['text']
12:54:27.523 [main] DEBUG com.jayway.jsonpath.internal.path.CompiledPath -- Evaluating path: $
12:54:27.523 [main] DEBUG com.jayway.jsonpath.internal.path.CompiledPath -- Evaluating path: $
12:54:27.523 [main] DEBUG com.jayway.jsonpath.internal.JsonContext -- Put path $ key text value {}
12:54:27.523 [main] DEBUG com.jayway.jsonpath.internal.path.CompiledPath -- Evaluating path: $
12:54:27.523 [main] DEBUG com.jayway.jsonpath.internal.JsonContext -- Put path $ key text value e
12:54:27.523 [main] DEBUG com.jayway.jsonpath.internal.path.CompiledPath -- Evaluating path: $['windowsVirtualKeyCode']
12:54:27.523 [main] DEBUG com.jayway.jsonpath.internal.path.CompiledPath -- Evaluating path: $
12:54:27.523 [main] DEBUG com.jayway.jsonpath.internal.path.CompiledPath -- Evaluating path: $
12:54:27.523 [main] DEBUG com.jayway.jsonpath.internal.JsonContext -- Put path $ key windowsVirtualKeyCode value {}
12:54:27.523 [main] DEBUG com.jayway.jsonpath.internal.path.CompiledPath -- Evaluating path: $
12:54:27.523 [main] DEBUG com.jayway.jsonpath.internal.JsonContext -- Put path $ key windowsVirtualKeyCode value 101
12:54:27.523 [main] DEBUG com.jayway.jsonpath.internal.path.CompiledPath -- Evaluating path: $
12:54:27.523 [main] DEBUG com.intuit.karate.driver.chrome_1718781863995 -- >> {"id":86,"sessionId":"EE1621CCDA1EE4FD28EC2BCD46011587","method":"Input.dispatchKeyEvent","params":{"modifiers":0,"type":"char","text":"e","windowsVirtualKeyCode":101}}
12:54:27.526 [nioEventLoopGroup-15-1] DEBUG com.intuit.karate.driver.chrome_1718781863995 -- << {"id":86,"result":{},"sessionId":"EE1621CCDA1EE4FD28EC2BCD46011587"}
12:54:27.526 [nioEventLoopGroup-15-1] DEBUG com.jayway.jsonpath.internal.path.CompiledPath -- Evaluating path: $
12:54:27.526 [main] DEBUG com.jayway.jsonpath.internal.path.CompiledPath -- Evaluating path: $['modifiers']
12:54:27.526 [main] DEBUG com.jayway.jsonpath.internal.path.CompiledPath -- Evaluating path: $
12:54:27.526 [main] DEBUG com.jayway.jsonpath.internal.path.CompiledPath -- Evaluating path: $
12:54:27.526 [main] DEBUG com.jayway.jsonpath.internal.JsonContext -- Put path $ key modifiers value {}
12:54:27.526 [main] DEBUG com.jayway.jsonpath.internal.path.CompiledPath -- Evaluating path: $
12:54:27.526 [main] DEBUG com.jayway.jsonpath.internal.JsonContext -- Put path $ key modifiers value 0
12:54:27.526 [main] DEBUG com.jayway.jsonpath.internal.path.CompiledPath -- Evaluating path: $['type']
12:54:27.526 [main] DEBUG com.jayway.jsonpath.internal.path.CompiledPath -- Evaluating path: $
12:54:27.526 [main] DEBUG com.jayway.jsonpath.internal.path.CompiledPath -- Evaluating path: $
12:54:27.526 [main] DEBUG com.jayway.jsonpath.internal.JsonContext -- Put path $ key type value {}
12:54:27.526 [main] DEBUG com.jayway.jsonpath.internal.path.CompiledPath -- Evaluating path: $
12:54:27.526 [main] DEBUG com.jayway.jsonpath.internal.JsonContext -- Put path $ key type value keyUp
12:54:27.526 [main] DEBUG com.jayway.jsonpath.internal.path.CompiledPath -- Evaluating path: $['text']
12:54:27.526 [main] DEBUG com.jayway.jsonpath.internal.path.CompiledPath -- Evaluating path: $
12:54:27.526 [main] DEBUG com.jayway.jsonpath.internal.path.CompiledPath -- Evaluating path: $
12:54:27.526 [main] DEBUG com.jayway.jsonpath.internal.JsonContext -- Put path $ key text value {}
12:54:27.526 [main] DEBUG com.jayway.jsonpath.internal.path.CompiledPath -- Evaluating path: $
12:54:27.526 [main] DEBUG com.jayway.jsonpath.internal.JsonContext -- Put path $ key text value e
12:54:27.526 [main] DEBUG com.jayway.jsonpath.internal.path.CompiledPath -- Evaluating path: $['windowsVirtualKeyCode']
12:54:27.526 [main] DEBUG com.jayway.jsonpath.internal.path.CompiledPath -- Evaluating path: $
12:54:27.526 [main] DEBUG com.jayway.jsonpath.internal.path.CompiledPath -- Evaluating path: $
12:54:27.526 [main] DEBUG com.jayway.jsonpath.internal.JsonContext -- Put path $ key windowsVirtualKeyCode value {}
12:54:27.526 [main] DEBUG com.jayway.jsonpath.internal.path.CompiledPath -- Evaluating path: $
12:54:27.526 [main] DEBUG com.jayway.jsonpath.internal.JsonContext -- Put path $ key windowsVirtualKeyCode value 101
12:54:27.526 [main] DEBUG com.jayway.jsonpath.internal.path.CompiledPath -- Evaluating path: $
12:54:27.526 [main] DEBUG com.intuit.karate.driver.chrome_1718781863995 -- >> {"id":87,"sessionId":"EE1621CCDA1EE4FD28EC2BCD46011587","method":"Input.dispatchKeyEvent","params":{"modifiers":0,"type":"keyUp","text":"e","windowsVirtualKeyCode":101}}
12:54:27.530 [nioEventLoopGroup-15-1] DEBUG com.intuit.karate.driver.chrome_1718781863995 -- << {"id":87,"result":{},"sessionId":"EE1621CCDA1EE4FD28EC2BCD46011587"}
12:54:27.530 [nioEventLoopGroup-15-1] DEBUG com.jayway.jsonpath.internal.path.CompiledPath -- Evaluating path: $
12:54:27.532 [main] DEBUG com.jayway.jsonpath.internal.path.CompiledPath -- Evaluating path: $['expression']
12:54:27.532 [main] DEBUG com.jayway.jsonpath.internal.path.CompiledPath -- Evaluating path: $
12:54:27.532 [main] DEBUG com.jayway.jsonpath.internal.path.CompiledPath -- Evaluating path: $
12:54:27.532 [main] DEBUG com.jayway.jsonpath.internal.JsonContext -- Put path $ key expression value {}
12:54:27.532 [main] DEBUG com.jayway.jsonpath.internal.path.CompiledPath -- Evaluating path: $
12:54:27.532 [main] DEBUG com.jayway.jsonpath.internal.JsonContext -- Put path $ key expression value document.evaluate("//*[@id='login-button']", document, null, 9, null).singleNodeValue.click()
12:54:27.532 [main] DEBUG com.jayway.jsonpath.internal.path.CompiledPath -- Evaluating path: $['returnByValue']
12:54:27.532 [main] DEBUG com.jayway.jsonpath.internal.path.CompiledPath -- Evaluating path: $
12:54:27.532 [main] DEBUG com.jayway.jsonpath.internal.path.CompiledPath -- Evaluating path: $
12:54:27.532 [main] DEBUG com.jayway.jsonpath.internal.JsonContext -- Put path $ key returnByValue value {}
12:54:27.532 [main] DEBUG com.jayway.jsonpath.internal.path.CompiledPath -- Evaluating path: $
12:54:27.532 [main] DEBUG com.jayway.jsonpath.internal.JsonContext -- Put path $ key returnByValue value true
12:54:27.532 [main] DEBUG com.jayway.jsonpath.internal.path.CompiledPath -- Evaluating path: $
12:54:27.532 [main] DEBUG com.intuit.karate.driver.chrome_1718781863995 -- >> {"id":88,"sessionId":"EE1621CCDA1EE4FD28EC2BCD46011587","method":"Runtime.evaluate","params":{"expression":"document.evaluate(\"\/\/*[@id='login-button']\", document, null, 9, null).singleNodeValue.click()","returnByValue":true}}
12:54:27.537 [nioEventLoopGroup-15-1] DEBUG com.intuit.karate.driver.chrome_1718781863995 -- << {"method":"Page.frameStartedLoading","params":{"frameId":"1F8E725DE33A7811B6E13FDA7DD8A462"},"sessionId":"EE1621CCDA1EE4FD28EC2BCD46011587"}
12:54:27.538 [nioEventLoopGroup-15-1] DEBUG com.jayway.jsonpath.internal.path.CompiledPath -- Evaluating path: $
12:54:27.538 [nioEventLoopGroup-15-1] DEBUG com.jayway.jsonpath.internal.path.CompiledPath -- Evaluating path: $['frameId']
12:54:27.541 [nioEventLoopGroup-15-1] DEBUG com.intuit.karate.driver.chrome_1718781863995 -- << {"method":"Target.targetInfoChanged","params":{"targetInfo":{"targetId":"1F8E725DE33A7811B6E13FDA7DD8A462","type":"page","title":"Swag Labs","url":"https://www.saucedemo.com/inventory.html","attached":true,"canAccessOpener":false,"browserContextId":"E121D443DA648CBF38628A13B1415A10"}},"sessionId":"EE1621CCDA1EE4FD28EC2BCD46011587"}
12:54:27.541 [nioEventLoopGroup-15-1] DEBUG com.jayway.jsonpath.internal.path.CompiledPath -- Evaluating path: $
12:54:27.541 [nioEventLoopGroup-15-1] DEBUG com.jayway.jsonpath.internal.path.CompiledPath -- Evaluating path: $['targetInfo']['targetId']
12:54:27.541 [nioEventLoopGroup-15-1] DEBUG com.intuit.karate.driver.chrome_1718781863995 -- << {"method":"Page.navigatedWithinDocument","params":{"frameId":"1F8E725DE33A7811B6E13FDA7DD8A462","url":"https://www.saucedemo.com/inventory.html"},"sessionId":"EE1621CCDA1EE4FD28EC2BCD46011587"}
12:54:27.541 [nioEventLoopGroup-15-1] DEBUG com.jayway.jsonpath.internal.path.CompiledPath -- Evaluating path: $
12:54:27.543 [nioEventLoopGroup-15-1] DEBUG com.intuit.karate.driver.chrome_1718781863995 -- << {"method":"Page.frameStoppedLoading","params":{"frameId":"1F8E725DE33A7811B6E13FDA7DD8A462"},"sessionId":"EE1621CCDA1EE4FD28EC2BCD46011587"}
12:54:27.543 [nioEventLoopGroup-15-1] DEBUG com.jayway.jsonpath.internal.path.CompiledPath -- Evaluating path: $
12:54:27.543 [nioEventLoopGroup-15-1] DEBUG com.jayway.jsonpath.internal.path.CompiledPath -- Evaluating path: $['frameId']
12:54:27.558 [nioEventLoopGroup-15-1] DEBUG com.intuit.karate.driver.chrome_1718781863995 -- << {"id":88,"result":{"result":{"type":"undefined"}},"sessionId":"EE1621CCDA1EE4FD28EC2BCD46011587"}
12:54:27.559 [nioEventLoopGroup-15-1] DEBUG com.jayway.jsonpath.internal.path.CompiledPath -- Evaluating path: $
12:54:29.042 [nioEventLoopGroup-15-1] DEBUG com.intuit.karate.driver.chrome_1718781863995 -- << {"method":"Target.targetCreated","params":{"targetInfo":{"targetId":"096A9359AA131DD3AB751A33F3481D50","type":"app","title":"Chrome Web Store Payments","url":"","attached":false,"canAccessOpener":false,"browserContextId":"0E18C05461B5F23808D4443CE20F21E6"}},"sessionId":"EE1621CCDA1EE4FD28EC2BCD46011587"}
12:54:29.043 [nioEventLoopGroup-15-1] DEBUG com.jayway.jsonpath.internal.path.CompiledPath -- Evaluating path: $
12:54:29.124 [nioEventLoopGroup-15-1] DEBUG com.intuit.karate.driver.chrome_1718781863995 -- << {"method":"Target.targetInfoChanged","params":{"targetInfo":{"targetId":"096A9359AA131DD3AB751A33F3481D50","type":"background_page","title":"Chrome Web Store Payments","url":"chrome-extension://nmmhkkegccagdldgiimedpiccmgmieda/_generated_background_page.html","attached":false,"canAccessOpener":false,"browserContextId":"0E18C05461B5F23808D4443CE20F21E6"}},"sessionId":"EE1621CCDA1EE4FD28EC2BCD46011587"}
12:54:29.124 [nioEventLoopGroup-15-1] DEBUG com.jayway.jsonpath.internal.path.CompiledPath -- Evaluating path: $
12:54:29.124 [nioEventLoopGroup-15-1] DEBUG com.jayway.jsonpath.internal.path.CompiledPath -- Evaluating path: $['targetInfo']['targetId']
12:54:29.171 [nioEventLoopGroup-15-1] DEBUG com.intuit.karate.driver.chrome_1718781863995 -- << {"method":"Target.targetCreated","params":{"targetInfo":{"targetId":"AA14B9CB52D1DA5DD2DE52124B57F8AF","type":"service_worker","title":"Service Worker chrome-extension://ghbmnnjooekpmoecnnnilnnbdlolhkhi/service_worker_bin_prod.js","url":"chrome-extension://ghbmnnjooekpmoecnnnilnnbdlolhkhi/service_worker_bin_prod.js","attached":false,"canAccessOpener":false,"browserContextId":"0E18C05461B5F23808D4443CE20F21E6"}},"sessionId":"EE1621CCDA1EE4FD28EC2BCD46011587"}
12:54:29.171 [nioEventLoopGroup-15-1] DEBUG com.jayway.jsonpath.internal.path.CompiledPath -- Evaluating path: $
12:54:30.578 [main] DEBUG com.jayway.jsonpath.internal.path.CompiledPath -- Evaluating path: $['expression']
12:54:30.578 [main] DEBUG com.jayway.jsonpath.internal.path.CompiledPath -- Evaluating path: $
12:54:30.578 [main] DEBUG com.jayway.jsonpath.internal.path.CompiledPath -- Evaluating path: $
12:54:30.578 [main] DEBUG com.jayway.jsonpath.internal.JsonContext -- Put path $ key expression value {}
12:54:30.578 [main] DEBUG com.jayway.jsonpath.internal.path.CompiledPath -- Evaluating path: $
12:54:30.578 [main] DEBUG com.jayway.jsonpath.internal.JsonContext -- Put path $ key expression value (function(){ var fun = function(e){ var d = window.getComputedStyle(e).display; while(d == 'none'){ e = e.parentElement; d = window.getComputedStyle(e).display } e.scrollIntoView({block: 'center'}) }; var e = document.evaluate("//*[@id='item_5_title_link']", document, null, 9, null).singleNodeValue; return fun(e) })()
12:54:30.578 [main] DEBUG com.jayway.jsonpath.internal.path.CompiledPath -- Evaluating path: $['returnByValue']
12:54:30.578 [main] DEBUG com.jayway.jsonpath.internal.path.CompiledPath -- Evaluating path: $
12:54:30.578 [main] DEBUG com.jayway.jsonpath.internal.path.CompiledPath -- Evaluating path: $
12:54:30.578 [main] DEBUG com.jayway.jsonpath.internal.JsonContext -- Put path $ key returnByValue value {}
12:54:30.578 [main] DEBUG com.jayway.jsonpath.internal.path.CompiledPath -- Evaluating path: $
12:54:30.578 [main] DEBUG com.jayway.jsonpath.internal.JsonContext -- Put path $ key returnByValue value true
12:54:30.578 [main] DEBUG com.jayway.jsonpath.internal.path.CompiledPath -- Evaluating path: $
12:54:30.578 [main] DEBUG com.intuit.karate.driver.chrome_1718781863995 -- >> {"id":89,"sessionId":"EE1621CCDA1EE4FD28EC2BCD46011587","method":"Runtime.evaluate","params":{"expression":"(function(){ var fun = function(e){ var d = window.getComputedStyle(e).display; while(d == 'none'){ e = e.parentElement; d = window.getComputedStyle(e).display } e.scrollIntoView({block: 'center'}) }; var e = document.evaluate(\"\/\/*[@id='item_5_title_link']\", document, null, 9, null).singleNodeValue; return fun(e) })()","returnByValue":true}}
12:54:30.580 [nioEventLoopGroup-15-1] DEBUG com.intuit.karate.driver.chrome_1718781863995 -- << {"id":89,"result":{"result":{"type":"undefined"}},"sessionId":"EE1621CCDA1EE4FD28EC2BCD46011587"}
12:54:30.580 [nioEventLoopGroup-15-1] DEBUG com.jayway.jsonpath.internal.path.CompiledPath -- Evaluating path: $
12:54:32.591 [main] DEBUG com.jayway.jsonpath.internal.path.CompiledPath -- Evaluating path: $['expression']
12:54:32.591 [main] DEBUG com.jayway.jsonpath.internal.path.CompiledPath -- Evaluating path: $
12:54:32.591 [main] DEBUG com.jayway.jsonpath.internal.path.CompiledPath -- Evaluating path: $
12:54:32.591 [main] DEBUG com.jayway.jsonpath.internal.JsonContext -- Put path $ key expression value {}
12:54:32.591 [main] DEBUG com.jayway.jsonpath.internal.path.CompiledPath -- Evaluating path: $
12:54:32.591 [main] DEBUG com.jayway.jsonpath.internal.JsonContext -- Put path $ key expression value document.evaluate("//*[@id='item_5_title_link']", document, null, 9, null).singleNodeValue.click()
12:54:32.591 [main] DEBUG com.jayway.jsonpath.internal.path.CompiledPath -- Evaluating path: $['returnByValue']
12:54:32.591 [main] DEBUG com.jayway.jsonpath.internal.path.CompiledPath -- Evaluating path: $
12:54:32.591 [main] DEBUG com.jayway.jsonpath.internal.path.CompiledPath -- Evaluating path: $
12:54:32.591 [main] DEBUG com.jayway.jsonpath.internal.JsonContext -- Put path $ key returnByValue value {}
12:54:32.591 [main] DEBUG com.jayway.jsonpath.internal.path.CompiledPath -- Evaluating path: $
12:54:32.591 [main] DEBUG com.jayway.jsonpath.internal.JsonContext -- Put path $ key returnByValue value true
12:54:32.591 [main] DEBUG com.jayway.jsonpath.internal.path.CompiledPath -- Evaluating path: $
12:54:32.591 [main] DEBUG com.intuit.karate.driver.chrome_1718781863995 -- >> {"id":90,"sessionId":"EE1621CCDA1EE4FD28EC2BCD46011587","method":"Runtime.evaluate","params":{"expression":"document.evaluate(\"\/\/*[@id='item_5_title_link']\", document, null, 9, null).singleNodeValue.click()","returnByValue":true}}
12:54:32.606 [nioEventLoopGroup-15-1] DEBUG com.intuit.karate.driver.chrome_1718781863995 -- << {"method":"Page.frameStartedLoading","params":{"frameId":"1F8E725DE33A7811B6E13FDA7DD8A462"},"sessionId":"EE1621CCDA1EE4FD28EC2BCD46011587"}
12:54:32.607 [nioEventLoopGroup-15-1] DEBUG com.jayway.jsonpath.internal.path.CompiledPath -- Evaluating path: $
12:54:32.607 [nioEventLoopGroup-15-1] DEBUG com.jayway.jsonpath.internal.path.CompiledPath -- Evaluating path: $['frameId']
12:54:32.608 [nioEventLoopGroup-15-1] DEBUG com.intuit.karate.driver.chrome_1718781863995 -- << {"method":"Target.targetInfoChanged","params":{"targetInfo":{"targetId":"1F8E725DE33A7811B6E13FDA7DD8A462","type":"page","title":"Swag Labs","url":"https://www.saucedemo.com/inventory-item.html?id=5","attached":true,"canAccessOpener":false,"browserContextId":"E121D443DA648CBF38628A13B1415A10"}},"sessionId":"EE1621CCDA1EE4FD28EC2BCD46011587"}
12:54:32.608 [nioEventLoopGroup-15-1] DEBUG com.jayway.jsonpath.internal.path.CompiledPath -- Evaluating path: $
12:54:32.608 [nioEventLoopGroup-15-1] DEBUG com.jayway.jsonpath.internal.path.CompiledPath -- Evaluating path: $['targetInfo']['targetId']
12:54:32.608 [nioEventLoopGroup-15-1] DEBUG com.intuit.karate.driver.chrome_1718781863995 -- << {"method":"Page.navigatedWithinDocument","params":{"frameId":"1F8E725DE33A7811B6E13FDA7DD8A462","url":"https://www.saucedemo.com/inventory-item.html?id=5"},"sessionId":"EE1621CCDA1EE4FD28EC2BCD46011587"}
12:54:32.608 [nioEventLoopGroup-15-1] DEBUG com.jayway.jsonpath.internal.path.CompiledPath -- Evaluating path: $
12:54:32.608 [nioEventLoopGroup-15-1] DEBUG com.intuit.karate.driver.chrome_1718781863995 -- << {"method":"Page.frameStoppedLoading","params":{"frameId":"1F8E725DE33A7811B6E13FDA7DD8A462"},"sessionId":"EE1621CCDA1EE4FD28EC2BCD46011587"}
12:54:32.608 [nioEventLoopGroup-15-1] DEBUG com.jayway.jsonpath.internal.path.CompiledPath -- Evaluating path: $
12:54:32.608 [nioEventLoopGroup-15-1] DEBUG com.jayway.jsonpath.internal.path.CompiledPath -- Evaluating path: $['frameId']
12:54:32.608 [nioEventLoopGroup-15-1] DEBUG com.intuit.karate.driver.chrome_1718781863995 -- << {"id":90,"result":{"result":{"type":"undefined"}},"sessionId":"EE1621CCDA1EE4FD28EC2BCD46011587"}
12:54:32.608 [nioEventLoopGroup-15-1] DEBUG com.jayway.jsonpath.internal.path.CompiledPath -- Evaluating path: $
12:54:35.632 [main] DEBUG com.jayway.jsonpath.internal.path.CompiledPath -- Evaluating path: $['expression']
12:54:35.632 [main] DEBUG com.jayway.jsonpath.internal.path.CompiledPath -- Evaluating path: $
12:54:35.632 [main] DEBUG com.jayway.jsonpath.internal.path.CompiledPath -- Evaluating path: $
12:54:35.632 [main] DEBUG com.jayway.jsonpath.internal.JsonContext -- Put path $ key expression value {}
12:54:35.632 [main] DEBUG com.jayway.jsonpath.internal.path.CompiledPath -- Evaluating path: $
12:54:35.632 [main] DEBUG com.jayway.jsonpath.internal.JsonContext -- Put path $ key expression value document.evaluate("//*[@id='add-to-cart']", document, null, 9, null).singleNodeValue.click()
12:54:35.632 [main] DEBUG com.jayway.jsonpath.internal.path.CompiledPath -- Evaluating path: $['returnByValue']
12:54:35.632 [main] DEBUG com.jayway.jsonpath.internal.path.CompiledPath -- Evaluating path: $
12:54:35.632 [main] DEBUG com.jayway.jsonpath.internal.path.CompiledPath -- Evaluating path: $
12:54:35.632 [main] DEBUG com.jayway.jsonpath.internal.JsonContext -- Put path $ key returnByValue value {}
12:54:35.632 [main] DEBUG com.jayway.jsonpath.internal.path.CompiledPath -- Evaluating path: $
12:54:35.632 [main] DEBUG com.jayway.jsonpath.internal.JsonContext -- Put path $ key returnByValue value true
12:54:35.632 [main] DEBUG com.jayway.jsonpath.internal.path.CompiledPath -- Evaluating path: $
12:54:35.632 [main] DEBUG com.intuit.karate.driver.chrome_1718781863995 -- >> {"id":91,"sessionId":"EE1621CCDA1EE4FD28EC2BCD46011587","method":"Runtime.evaluate","params":{"expression":"document.evaluate(\"\/\/*[@id='add-to-cart']\", document, null, 9, null).singleNodeValue.click()","returnByValue":true}}
12:54:35.640 [nioEventLoopGroup-15-1] DEBUG com.intuit.karate.driver.chrome_1718781863995 -- << {"id":91,"result":{"result":{"type":"undefined"}},"sessionId":"EE1621CCDA1EE4FD28EC2BCD46011587"}
12:54:35.640 [nioEventLoopGroup-15-1] DEBUG com.jayway.jsonpath.internal.path.CompiledPath -- Evaluating path: $
12:54:38.641 [main] DEBUG com.jayway.jsonpath.internal.path.CompiledPath -- Evaluating path: $['expression']
12:54:38.641 [main] DEBUG com.jayway.jsonpath.internal.path.CompiledPath -- Evaluating path: $
12:54:38.641 [main] DEBUG com.jayway.jsonpath.internal.path.CompiledPath -- Evaluating path: $
12:54:38.641 [main] DEBUG com.jayway.jsonpath.internal.JsonContext -- Put path $ key expression value {}
12:54:38.641 [main] DEBUG com.jayway.jsonpath.internal.path.CompiledPath -- Evaluating path: $
12:54:38.641 [main] DEBUG com.jayway.jsonpath.internal.JsonContext -- Put path $ key expression value document.evaluate("//*[@id='shopping_cart_container']/a/span", document, null, 9, null).singleNodeValue['textContent']
12:54:38.641 [main] DEBUG com.jayway.jsonpath.internal.path.CompiledPath -- Evaluating path: $['returnByValue']
12:54:38.641 [main] DEBUG com.jayway.jsonpath.internal.path.CompiledPath -- Evaluating path: $
12:54:38.641 [main] DEBUG com.jayway.jsonpath.internal.path.CompiledPath -- Evaluating path: $
12:54:38.641 [main] DEBUG com.jayway.jsonpath.internal.JsonContext -- Put path $ key returnByValue value {}
12:54:38.641 [main] DEBUG com.jayway.jsonpath.internal.path.CompiledPath -- Evaluating path: $
12:54:38.641 [main] DEBUG com.jayway.jsonpath.internal.JsonContext -- Put path $ key returnByValue value true
12:54:38.641 [main] DEBUG com.jayway.jsonpath.internal.path.CompiledPath -- Evaluating path: $
12:54:38.641 [main] DEBUG com.intuit.karate.driver.chrome_1718781863995 -- >> {"id":92,"sessionId":"EE1621CCDA1EE4FD28EC2BCD46011587","method":"Runtime.evaluate","params":{"expression":"document.evaluate(\"\/\/*[@id='shopping_cart_container']\/a\/span\", document, null, 9, null).singleNodeValue['textContent']","returnByValue":true}}
12:54:38.641 [nioEventLoopGroup-15-1] DEBUG com.intuit.karate.driver.chrome_1718781863995 -- << {"id":92,"result":{"result":{"type":"string","value":"1"}},"sessionId":"EE1621CCDA1EE4FD28EC2BCD46011587"}
12:54:38.641 [nioEventLoopGroup-15-1] DEBUG com.jayway.jsonpath.internal.path.CompiledPath -- Evaluating path: $
12:54:38.971 [chrome_1718781863995-out] DEBUG com.intuit.karate.driver.chrome_1718781863995 -- Created TensorFlow Lite XNNPACK delegate for CPU.
12:54:39.712 [nioEventLoopGroup-15-1] DEBUG com.intuit.karate.driver.chrome_1718781863995 -- << {"method":"Target.targetDestroyed","params":{"targetId":"2EC591EDAAFBA4321671A7C38A40E1EF"},"sessionId":"EE1621CCDA1EE4FD28EC2BCD46011587"}
12:54:39.712 [nioEventLoopGroup-15-1] DEBUG com.jayway.jsonpath.internal.path.CompiledPath -- Evaluating path: $
12:54:39.743 [nioEventLoopGroup-15-1] DEBUG com.intuit.karate.driver.chrome_1718781863995 -- << {"method":"Target.targetDestroyed","params":{"targetId":"B67E678C33A1A804E348B101EEFEEDAA"},"sessionId":"EE1621CCDA1EE4FD28EC2BCD46011587"}
12:54:39.743 [nioEventLoopGroup-15-1] DEBUG com.jayway.jsonpath.internal.path.CompiledPath -- Evaluating path: $
12:54:39.822 [nioEventLoopGroup-15-1] DEBUG com.intuit.karate.driver.chrome_1718781863995 -- << {"method":"Target.targetDestroyed","params":{"targetId":"4DCA7F0173ABA26C94D7D5A187156FA3"},"sessionId":"EE1621CCDA1EE4FD28EC2BCD46011587"}
12:54:39.822 [nioEventLoopGroup-15-1] DEBUG com.jayway.jsonpath.internal.path.CompiledPath -- Evaluating path: $
12:54:41.665 [main] DEBUG com.jayway.jsonpath.internal.path.CompiledPath -- Evaluating path: $['targetId']
12:54:41.665 [main] DEBUG com.jayway.jsonpath.internal.path.CompiledPath -- Evaluating path: $
12:54:41.665 [main] DEBUG com.jayway.jsonpath.internal.path.CompiledPath -- Evaluating path: $
12:54:41.665 [main] DEBUG com.jayway.jsonpath.internal.JsonContext -- Put path $ key targetId value {}
12:54:41.665 [main] DEBUG com.jayway.jsonpath.internal.path.CompiledPath -- Evaluating path: $
12:54:41.665 [main] DEBUG com.jayway.jsonpath.internal.JsonContext -- Put path $ key targetId value 1F8E725DE33A7811B6E13FDA7DD8A462
12:54:41.665 [main] DEBUG com.jayway.jsonpath.internal.path.CompiledPath -- Evaluating path: $
12:54:41.665 [main] DEBUG com.intuit.karate.driver.chrome_1718781863995 -- >> {"id":93,"sessionId":"EE1621CCDA1EE4FD28EC2BCD46011587","method":"Target.closeTarget","params":{"targetId":"1F8E725DE33A7811B6E13FDA7DD8A462"}}
12:54:41.665 [nioEventLoopGroup-15-1] DEBUG com.intuit.karate.http.WebSocketClientHandler -- websocket closing
12:54:41.665 [nioEventLoopGroup-15-1] DEBUG com.intuit.karate.http.WebSocketClientHandler -- websocket client disconnected
12:54:41.743 [main] DEBUG com.intuit.karate.shell.Command -- closing command: chrome_1718781863995
12:54:41.743 [main] DEBUG com.jayway.jsonpath.internal.path.CompiledPath -- Evaluating path: $
12:54:41.743 [main] DEBUG com.jayway.jsonpath.internal.path.CompiledPath -- Evaluating path: $
12:54:41.758 [main] DEBUG org.thymeleaf.TemplateEngine -- [THYMELEAF] INITIALIZING TEMPLATE ENGINE
12:54:42.123 [main] DEBUG org.thymeleaf.TemplateEngine.CONFIG -- Initializing Thymeleaf Template engine configuration...
[THYMELEAF] TEMPLATE ENGINE CONFIGURATION:
[THYMELEAF] * Thymeleaf version: 3.1.2.RELEASE (built 2023-07-30T19:25:50+0000)
[THYMELEAF] * Cache Manager implementation: org.thymeleaf.cache.StandardCacheManager
[THYMELEAF] * Template resolvers:
[THYMELEAF]     * [1] com.intuit.karate.template.ResourceHtmlTemplateResolver
[THYMELEAF] * Message resolvers:
[THYMELEAF]     * org.thymeleaf.messageresolver.StandardMessageResolver
[THYMELEAF] * Link builders:
[THYMELEAF]     * org.thymeleaf.linkbuilder.StandardLinkBuilder
[THYMELEAF] * Dialect [1 of 2]: Standard (com.intuit.karate.template.KarateStandardDialect)
[THYMELEAF]     * Prefix: "th"
[THYMELEAF]     * Processors for Template Mode: HTML
[THYMELEAF]         * Element Tag Processors by [matching element and attribute name] [precedence]:
[THYMELEAF]             * [* {th:include,data-th-include}] [100]: org.thymeleaf.standard.processor.StandardIncludeTagProcessor
[THYMELEAF]             * [* {th:insert,data-th-insert}] [100]: org.thymeleaf.standard.processor.StandardInsertTagProcessor
[THYMELEAF]             * [* {th:replace,data-th-replace}] [100]: org.thymeleaf.standard.processor.StandardReplaceTagProcessor
[THYMELEAF]             * [* {th:each,data-th-each}] [200]: com.intuit.karate.template.KarateEachTagProcessor
[THYMELEAF]             * [* {th:switch,data-th-switch}] [250]: org.thymeleaf.standard.processor.StandardSwitchTagProcessor
[THYMELEAF]             * [* {th:case,data-th-case}] [275]: org.thymeleaf.standard.processor.StandardCaseTagProcessor
[THYMELEAF]             * [* {th:if,data-th-if}] [300]: org.thymeleaf.standard.processor.StandardIfTagProcessor
[THYMELEAF]             * [* {th:unless,data-th-unless}] [400]: org.thymeleaf.standard.processor.StandardUnlessTagProcessor
[THYMELEAF]             * [* {th:object,data-th-object}] [500]: org.thymeleaf.standard.processor.StandardObjectTagProcessor
[THYMELEAF]             * [* {th:with,data-th-with}] [600]: com.intuit.karate.template.KarateWithTagProcessor
[THYMELEAF]             * [* {th:attr,data-th-attr}] [700]: com.intuit.karate.template.KarateAttributeTagProcessor.KarateAttrTagProcessor
[THYMELEAF]             * [* {th:attrappend,data-th-attrappend}] [900]: com.intuit.karate.template.KarateAttributeTagProcessor.KarateAttrappendTagProcessor
[THYMELEAF]             * [* {th:attrprepend,data-th-attrprepend}] [900]: com.intuit.karate.template.KarateAttributeTagProcessor.KarateAttrprependTagProcessor
[THYMELEAF]             * [* {th:alt-title,data-th-alt-title}] [990]: org.thymeleaf.standard.processor.StandardAltTitleTagProcessor
[THYMELEAF]             * [* {th:lang-xmllang,data-th-lang-xmllang}] [990]: org.thymeleaf.standard.processor.StandardLangXmlLangTagProcessor
[THYMELEAF]             * [* {th:action,data-th-action}] [1000]: org.thymeleaf.standard.processor.StandardActionTagProcessor
[THYMELEAF]             * [* {th:reversed,data-th-reversed}] [1000]: org.thymeleaf.standard.processor.StandardConditionalFixedValueTagProcessor
[THYMELEAF]             * [* {th:selected,data-th-selected}] [1000]: org.thymeleaf.standard.processor.StandardConditionalFixedValueTagProcessor
[THYMELEAF]             * [* {th:pubdate,data-th-pubdate}] [1000]: org.thymeleaf.standard.processor.StandardConditionalFixedValueTagProcessor
[THYMELEAF]             * [* {th:controls,data-th-controls}] [1000]: org.thymeleaf.standard.processor.StandardConditionalFixedValueTagProcessor
[THYMELEAF]             * [* {th:required,data-th-required}] [1000]: org.thymeleaf.standard.processor.StandardConditionalFixedValueTagProcessor
[THYMELEAF]             * [* {th:seamless,data-th-seamless}] [1000]: org.thymeleaf.standard.processor.StandardConditionalFixedValueTagProcessor
[THYMELEAF]             * [* {th:novalidate,data-th-novalidate}] [1000]: org.thymeleaf.standard.processor.StandardConditionalFixedValueTagProcessor
[THYMELEAF]             * [* {th:defer,data-th-defer}] [1000]: org.thymeleaf.standard.processor.StandardConditionalFixedValueTagProcessor
[THYMELEAF]             * [* {th:readonly,data-th-readonly}] [1000]: org.thymeleaf.standard.processor.StandardConditionalFixedValueTagProcessor
[THYMELEAF]             * [* {th:checked,data-th-checked}] [1000]: org.thymeleaf.standard.processor.StandardConditionalFixedValueTagProcessor
[THYMELEAF]             * [* {th:default,data-th-default}] [1000]: org.thymeleaf.standard.processor.StandardConditionalFixedValueTagProcessor
[THYMELEAF]             * [* {th:hidden,data-th-hidden}] [1000]: org.thymeleaf.standard.processor.StandardConditionalFixedValueTagProcessor
[THYMELEAF]             * [* {th:declare,data-th-declare}] [1000]: org.thymeleaf.standard.processor.StandardConditionalFixedValueTagProcessor
[THYMELEAF]             * [* {th:formnovalidate,data-th-formnovalidate}] [1000]: org.thymeleaf.standard.processor.StandardConditionalFixedValueTagProcessor
[THYMELEAF]             * [* {th:nowrap,data-th-nowrap}] [1000]: org.thymeleaf.standard.processor.StandardConditionalFixedValueTagProcessor
[THYMELEAF]             * [* {th:scoped,data-th-scoped}] [1000]: org.thymeleaf.standard.processor.StandardConditionalFixedValueTagProcessor
[THYMELEAF]             * [* {th:disabled,data-th-disabled}] [1000]: org.thymeleaf.standard.processor.StandardConditionalFixedValueTagProcessor
[THYMELEAF]             * [* {th:autoplay,data-th-autoplay}] [1000]: org.thymeleaf.standard.processor.StandardConditionalFixedValueTagProcessor
[THYMELEAF]             * [* {th:open,data-th-open}] [1000]: org.thymeleaf.standard.processor.StandardConditionalFixedValueTagProcessor
[THYMELEAF]             * [* {th:ismap,data-th-ismap}] [1000]: org.thymeleaf.standard.processor.StandardConditionalFixedValueTagProcessor
[THYMELEAF]             * [* {th:multiple,data-th-multiple}] [1000]: org.thymeleaf.standard.processor.StandardConditionalFixedValueTagProcessor
[THYMELEAF]             * [* {th:loop,data-th-loop}] [1000]: org.thymeleaf.standard.processor.StandardConditionalFixedValueTagProcessor
[THYMELEAF]             * [* {th:autofocus,data-th-autofocus}] [1000]: org.thymeleaf.standard.processor.StandardConditionalFixedValueTagProcessor
[THYMELEAF]             * [* {th:async,data-th-async}] [1000]: org.thymeleaf.standard.processor.StandardConditionalFixedValueTagProcessor
[THYMELEAF]             * [* {th:onselect,data-th-onselect}] [1000]: org.thymeleaf.standard.processor.StandardDOMEventAttributeTagProcessor
[THYMELEAF]             * [* {th:onseeked,data-th-onseeked}] [1000]: org.thymeleaf.standard.processor.StandardDOMEventAttributeTagProcessor
[THYMELEAF]             * [* {th:onscroll,data-th-onscroll}] [1000]: org.thymeleaf.standard.processor.StandardDOMEventAttributeTagProcessor
[THYMELEAF]             * [* {th:onkeyup,data-th-onkeyup}] [1000]: org.thymeleaf.standard.processor.StandardDOMEventAttributeTagProcessor
[THYMELEAF]             * [* {th:ondrop,data-th-ondrop}] [1000]: org.thymeleaf.standard.processor.StandardDOMEventAttributeTagProcessor
[THYMELEAF]             * [* {th:onended,data-th-onended}] [1000]: org.thymeleaf.standard.processor.StandardDOMEventAttributeTagProcessor
[THYMELEAF]             * [* {th:onreadystatechange,data-th-onreadystatechange}] [1000]: org.thymeleaf.standard.processor.StandardDOMEventAttributeTagProcessor
[THYMELEAF]             * [* {th:onformchange,data-th-onformchange}] [1000]: org.thymeleaf.standard.processor.StandardDOMEventAttributeTagProcessor
[THYMELEAF]             * [* {th:onreset,data-th-onreset}] [1000]: org.thymeleaf.standard.processor.StandardDOMEventAttributeTagProcessor
[THYMELEAF]             * [* {th:onload,data-th-onload}] [1000]: org.thymeleaf.standard.processor.StandardDOMEventAttributeTagProcessor
[THYMELEAF]             * [* {th:onplay,data-th-onplay}] [1000]: org.thymeleaf.standard.processor.StandardDOMEventAttributeTagProcessor
[THYMELEAF]             * [* {th:ondragenter,data-th-ondragenter}] [1000]: org.thymeleaf.standard.processor.StandardDOMEventAttributeTagProcessor
[THYMELEAF]             * [* {th:ondragstart,data-th-ondragstart}] [1000]: org.thymeleaf.standard.processor.StandardDOMEventAttributeTagProcessor
[THYMELEAF]             * [* {th:onloadeddata,data-th-onloadeddata}] [1000]: org.thymeleaf.standard.processor.StandardDOMEventAttributeTagProcessor
[THYMELEAF]             * [* {th:onoffline,data-th-onoffline}] [1000]: org.thymeleaf.standard.processor.StandardDOMEventAttributeTagProcessor
[THYMELEAF]             * [* {th:onloadstart,data-th-onloadstart}] [1000]: org.thymeleaf.standard.processor.StandardDOMEventAttributeTagProcessor
[THYMELEAF]             * [* {th:onstalled,data-th-onstalled}] [1000]: org.thymeleaf.standard.processor.StandardDOMEventAttributeTagProcessor
[THYMELEAF]             * [* {th:ontimeupdate,data-th-ontimeupdate}] [1000]: org.thymeleaf.standard.processor.StandardDOMEventAttributeTagProcessor
[THYMELEAF]             * [* {th:ondragover,data-th-ondragover}] [1000]: org.thymeleaf.standard.processor.StandardDOMEventAttributeTagProcessor
[THYMELEAF]             * [* {th:onclick,data-th-onclick}] [1000]: org.thymeleaf.standard.processor.StandardDOMEventAttributeTagProcessor
[THYMELEAF]             * [* {th:onredo,data-th-onredo}] [1000]: org.thymeleaf.standard.processor.StandardDOMEventAttributeTagProcessor
[THYMELEAF]             * [* {th:oncontextmenu,data-th-oncontextmenu}] [1000]: org.thymeleaf.standard.processor.StandardDOMEventAttributeTagProcessor
[THYMELEAF]             * [* {th:ondrag,data-th-ondrag}] [1000]: org.thymeleaf.standard.processor.StandardDOMEventAttributeTagProcessor
[THYMELEAF]             * [* {th:ondragleave,data-th-ondragleave}] [1000]: org.thymeleaf.standard.processor.StandardDOMEventAttributeTagProcessor
[THYMELEAF]             * [* {th:onbeforeprint,data-th-onbeforeprint}] [1000]: org.thymeleaf.standard.processor.StandardDOMEventAttributeTagProcessor
[THYMELEAF]             * [* {th:onmousewheel,data-th-onmousewheel}] [1000]: org.thymeleaf.standard.processor.StandardDOMEventAttributeTagProcessor
[THYMELEAF]             * [* {th:onprogress,data-th-onprogress}] [1000]: org.thymeleaf.standard.processor.StandardDOMEventAttributeTagProcessor
[THYMELEAF]             * [* {th:onmouseup,data-th-onmouseup}] [1000]: org.thymeleaf.standard.processor.StandardDOMEventAttributeTagProcessor
[THYMELEAF]             * [* {th:onseeking,data-th-onseeking}] [1000]: org.thymeleaf.standard.processor.StandardDOMEventAttributeTagProcessor
[THYMELEAF]             * [* {th:onmousemove,data-th-onmousemove}] [1000]: org.thymeleaf.standard.processor.StandardDOMEventAttributeTagProcessor
[THYMELEAF]             * [* {th:onemptied,data-th-onemptied}] [1000]: org.thymeleaf.standard.processor.StandardDOMEventAttributeTagProcessor
[THYMELEAF]             * [* {th:onresize,data-th-onresize}] [1000]: org.thymeleaf.standard.processor.StandardDOMEventAttributeTagProcessor
[THYMELEAF]             * [* {th:onkeydown,data-th-onkeydown}] [1000]: org.thymeleaf.standard.processor.StandardDOMEventAttributeTagProcessor
[THYMELEAF]             * [* {th:onerror,data-th-onerror}] [1000]: org.thymeleaf.standard.processor.StandardDOMEventAttributeTagProcessor
[THYMELEAF]             * [* {th:onwaiting,data-th-onwaiting}] [1000]: org.thymeleaf.standard.processor.StandardDOMEventAttributeTagProcessor
[THYMELEAF]             * [* {th:onblur,data-th-onblur}] [1000]: org.thymeleaf.standard.processor.StandardDOMEventAttributeTagProcessor
[THYMELEAF]             * [* {th:ondblclick,data-th-ondblclick}] [1000]: org.thymeleaf.standard.processor.StandardDOMEventAttributeTagProcessor
[THYMELEAF]             * [* {th:onabort,data-th-onabort}] [1000]: org.thymeleaf.standard.processor.StandardDOMEventAttributeTagProcessor
[THYMELEAF]             * [* {th:onplaying,data-th-onplaying}] [1000]: org.thymeleaf.standard.processor.StandardDOMEventAttributeTagProcessor
[THYMELEAF]             * [* {th:onbeforeunload,data-th-onbeforeunload}] [1000]: org.thymeleaf.standard.processor.StandardDOMEventAttributeTagProcessor
[THYMELEAF]             * [* {th:onvolumechange,data-th-onvolumechange}] [1000]: org.thymeleaf.standard.processor.StandardDOMEventAttributeTagProcessor
[THYMELEAF]             * [* {th:onforminput,data-th-onforminput}] [1000]: org.thymeleaf.standard.processor.StandardDOMEventAttributeTagProcessor
[THYMELEAF]             * [* {th:oninput,data-th-oninput}] [1000]: org.thymeleaf.standard.processor.StandardDOMEventAttributeTagProcessor
[THYMELEAF]             * [* {th:ononline,data-th-ononline}] [1000]: org.thymeleaf.standard.processor.StandardDOMEventAttributeTagProcessor
[THYMELEAF]             * [* {th:oninvalid,data-th-oninvalid}] [1000]: org.thymeleaf.standard.processor.StandardDOMEventAttributeTagProcessor
[THYMELEAF]             * [* {th:onundo,data-th-onundo}] [1000]: org.thymeleaf.standard.processor.StandardDOMEventAttributeTagProcessor
[THYMELEAF]             * [* {th:onchange,data-th-onchange}] [1000]: org.thymeleaf.standard.processor.StandardDOMEventAttributeTagProcessor
[THYMELEAF]             * [* {th:oncanplaythrough,data-th-oncanplaythrough}] [1000]: org.thymeleaf.standard.processor.StandardDOMEventAttributeTagProcessor
[THYMELEAF]             * [* {th:onpause,data-th-onpause}] [1000]: org.thymeleaf.standard.processor.StandardDOMEventAttributeTagProcessor
[THYMELEAF]             * [* {th:onsubmit,data-th-onsubmit}] [1000]: org.thymeleaf.standard.processor.StandardDOMEventAttributeTagProcessor
[THYMELEAF]             * [* {th:ondragend,data-th-ondragend}] [1000]: org.thymeleaf.standard.processor.StandardDOMEventAttributeTagProcessor
[THYMELEAF]             * [* {th:onshow,data-th-onshow}] [1000]: org.thymeleaf.standard.processor.StandardDOMEventAttributeTagProcessor
[THYMELEAF]             * [* {th:onfocus,data-th-onfocus}] [1000]: org.thymeleaf.standard.processor.StandardDOMEventAttributeTagProcessor
[THYMELEAF]             * [* {th:onloadedmetadata,data-th-onloadedmetadata}] [1000]: org.thymeleaf.standard.processor.StandardDOMEventAttributeTagProcessor
[THYMELEAF]             * [* {th:onafterprint,data-th-onafterprint}] [1000]: org.thymeleaf.standard.processor.StandardDOMEventAttributeTagProcessor
[THYMELEAF]             * [* {th:onsuspend,data-th-onsuspend}] [1000]: org.thymeleaf.standard.processor.StandardDOMEventAttributeTagProcessor
[THYMELEAF]             * [* {th:onmousedown,data-th-onmousedown}] [1000]: org.thymeleaf.standard.processor.StandardDOMEventAttributeTagProcessor
[THYMELEAF]             * [* {th:onpopstate,data-th-onpopstate}] [1000]: org.thymeleaf.standard.processor.StandardDOMEventAttributeTagProcessor
[THYMELEAF]             * [* {th:onunload,data-th-onunload}] [1000]: org.thymeleaf.standard.processor.StandardDOMEventAttributeTagProcessor
[THYMELEAF]             * [* {th:oncanplay,data-th-oncanplay}] [1000]: org.thymeleaf.standard.processor.StandardDOMEventAttributeTagProcessor
[THYMELEAF]             * [* {th:onmouseout,data-th-onmouseout}] [1000]: org.thymeleaf.standard.processor.StandardDOMEventAttributeTagProcessor
[THYMELEAF]             * [* {th:ondurationchange,data-th-ondurationchange}] [1000]: org.thymeleaf.standard.processor.StandardDOMEventAttributeTagProcessor
[THYMELEAF]             * [* {th:onmessage,data-th-onmessage}] [1000]: org.thymeleaf.standard.processor.StandardDOMEventAttributeTagProcessor
[THYMELEAF]             * [* {th:onratechange,data-th-onratechange}] [1000]: org.thymeleaf.standard.processor.StandardDOMEventAttributeTagProcessor
[THYMELEAF]             * [* {th:onmouseover,data-th-onmouseover}] [1000]: org.thymeleaf.standard.processor.StandardDOMEventAttributeTagProcessor
[THYMELEAF]             * [* {th:onhashchange,data-th-onhashchange}] [1000]: org.thymeleaf.standard.processor.StandardDOMEventAttributeTagProcessor
[THYMELEAF]             * [* {th:onkeypress,data-th-onkeypress}] [1000]: org.thymeleaf.standard.processor.StandardDOMEventAttributeTagProcessor
[THYMELEAF]             * [* {th:onstorage,data-th-onstorage}] [1000]: org.thymeleaf.standard.processor.StandardDOMEventAttributeTagProcessor
[THYMELEAF]             * [* {th:href,data-th-href}] [1000]: org.thymeleaf.standard.processor.StandardHrefTagProcessor
[THYMELEAF]             * [* {th:inline,data-th-inline}] [1000]: org.thymeleaf.standard.processor.StandardInlineHTMLTagProcessor
[THYMELEAF]             * [* {th:method,data-th-method}] [1000]: org.thymeleaf.standard.processor.StandardMethodTagProcessor
[THYMELEAF]             * [* {th:name,data-th-name}] [1000]: org.thymeleaf.standard.processor.StandardNonRemovableAttributeTagProcessor
[THYMELEAF]             * [* {th:type,data-th-type}] [1000]: org.thymeleaf.standard.processor.StandardNonRemovableAttributeTagProcessor
[THYMELEAF]             * [* {th:cellpadding,data-th-cellpadding}] [1000]: org.thymeleaf.standard.processor.StandardRemovableAttributeTagProcessor
[THYMELEAF]             * [* {th:hspace,data-th-hspace}] [1000]: org.thymeleaf.standard.processor.StandardRemovableAttributeTagProcessor
[THYMELEAF]             * [* {th:align,data-th-align}] [1000]: org.thymeleaf.standard.processor.StandardRemovableAttributeTagProcessor
[THYMELEAF]             * [* {th:rel,data-th-rel}] [1000]: org.thymeleaf.standard.processor.StandardRemovableAttributeTagProcessor
[THYMELEAF]             * [* {th:title,data-th-title}] [1000]: org.thymeleaf.standard.processor.StandardRemovableAttributeTagProcessor
[THYMELEAF]             * [* {th:usemap,data-th-usemap}] [1000]: org.thymeleaf.standard.processor.StandardRemovableAttributeTagProcessor
[THYMELEAF]             * [* {th:contextmenu,data-th-contextmenu}] [1000]: org.thymeleaf.standard.processor.StandardRemovableAttributeTagProcessor
[THYMELEAF]             * [* {th:charset,data-th-charset}] [1000]: org.thymeleaf.standard.processor.StandardRemovableAttributeTagProcessor
[THYMELEAF]             * [* {th:span,data-th-span}] [1000]: org.thymeleaf.standard.processor.StandardRemovableAttributeTagProcessor
[THYMELEAF]             * [* {th:max,data-th-max}] [1000]: org.thymeleaf.standard.processor.StandardRemovableAttributeTagProcessor
[THYMELEAF]             * [* {th:data,data-th-data}] [1000]: org.thymeleaf.standard.processor.StandardRemovableAttributeTagProcessor
[THYMELEAF]             * [* {th:accesskey,data-th-accesskey}] [1000]: org.thymeleaf.standard.processor.StandardRemovableAttributeTagProcessor
[THYMELEAF]             * [* {th:formmethod,data-th-formmethod}] [1000]: org.thymeleaf.standard.processor.StandardRemovableAttributeTagProcessor
[THYMELEAF]             * [* {th:formtarget,data-th-formtarget}] [1000]: org.thymeleaf.standard.processor.StandardRemovableAttributeTagProcessor
[THYMELEAF]             * [* {th:codetype,data-th-codetype}] [1000]: org.thymeleaf.standard.processor.StandardRemovableAttributeTagProcessor
[THYMELEAF]             * [* {th:hreflang,data-th-hreflang}] [1000]: org.thymeleaf.standard.processor.StandardRemovableAttributeTagProcessor
[THYMELEAF]             * [* {th:wrap,data-th-wrap}] [1000]: org.thymeleaf.standard.processor.StandardRemovableAttributeTagProcessor
[THYMELEAF]             * [* {th:standby,data-th-standby}] [1000]: org.thymeleaf.standard.processor.StandardRemovableAttributeTagProcessor
[THYMELEAF]             * [* {th:archive,data-th-archive}] [1000]: org.thymeleaf.standard.processor.StandardRemovableAttributeTagProcessor
[THYMELEAF]             * [* {th:audio,data-th-audio}] [1000]: org.thymeleaf.standard.processor.StandardRemovableAttributeTagProcessor
[THYMELEAF]             * [* {th:colspan,data-th-colspan}] [1000]: org.thymeleaf.standard.processor.StandardRemovableAttributeTagProcessor
[THYMELEAF]             * [* {th:target,data-th-target}] [1000]: org.thymeleaf.standard.processor.StandardRemovableAttributeTagProcessor
[THYMELEAF]             * [* {th:keytype,data-th-keytype}] [1000]: org.thymeleaf.standard.processor.StandardRemovableAttributeTagProcessor
[THYMELEAF]             * [* {th:border,data-th-border}] [1000]: org.thymeleaf.standard.processor.StandardRemovableAttributeTagProcessor
[THYMELEAF]             * [* {th:compact,data-th-compact}] [1000]: org.thymeleaf.standard.processor.StandardRemovableAttributeTagProcessor
[THYMELEAF]             * [* {th:step,data-th-step}] [1000]: org.thymeleaf.standard.processor.StandardRemovableAttributeTagProcessor
[THYMELEAF]             * [* {th:srclang,data-th-srclang}] [1000]: org.thymeleaf.standard.processor.StandardRemovableAttributeTagProcessor
[THYMELEAF]             * [* {th:accept-charset,data-th-accept-charset}] [1000]: org.thymeleaf.standard.processor.StandardRemovableAttributeTagProcessor
[THYMELEAF]             * [* {th:http-equiv,data-th-http-equiv}] [1000]: org.thymeleaf.standard.processor.StandardRemovableAttributeTagProcessor
[THYMELEAF]             * [* {th:pattern,data-th-pattern}] [1000]: org.thymeleaf.standard.processor.StandardRemovableAttributeTagProcessor
[THYMELEAF]             * [* {th:valuetype,data-th-valuetype}] [1000]: org.thymeleaf.standard.processor.StandardRemovableAttributeTagProcessor
[THYMELEAF]             * [* {th:start,data-th-start}] [1000]: org.thymeleaf.standard.processor.StandardRemovableAttributeTagProcessor
[THYMELEAF]             * [* {th:label,data-th-label}] [1000]: org.thymeleaf.standard.processor.StandardRemovableAttributeTagProcessor
[THYMELEAF]             * [* {th:accept,data-th-accept}] [1000]: org.thymeleaf.standard.processor.StandardRemovableAttributeTagProcessor
[THYMELEAF]             * [* {th:background,data-th-background}] [1000]: org.thymeleaf.standard.processor.StandardRemovableAttributeTagProcessor
[THYMELEAF]             * [* {th:rev,data-th-rev}] [1000]: org.thymeleaf.standard.processor.StandardRemovableAttributeTagProcessor
[THYMELEAF]             * [* {th:content,data-th-content}] [1000]: org.thymeleaf.standard.processor.StandardRemovableAttributeTagProcessor
[THYMELEAF]             * [* {th:autocomplete,data-th-autocomplete}] [1000]: org.thymeleaf.standard.processor.StandardRemovableAttributeTagProcessor
[THYMELEAF]             * [* {th:optimum,data-th-optimum}] [1000]: org.thymeleaf.standard.processor.StandardRemovableAttributeTagProcessor
[THYMELEAF]             * [* {th:alt,data-th-alt}] [1000]: org.thymeleaf.standard.processor.StandardRemovableAttributeTagProcessor
[THYMELEAF]             * [* {th:list,data-th-list}] [1000]: org.thymeleaf.standard.processor.StandardRemovableAttributeTagProcessor
[THYMELEAF]             * [* {th:frameborder,data-th-frameborder}] [1000]: org.thymeleaf.standard.processor.StandardRemovableAttributeTagProcessor
[THYMELEAF]             * [* {th:formenctype,data-th-formenctype}] [1000]: org.thymeleaf.standard.processor.StandardRemovableAttributeTagProcessor
[THYMELEAF]             * [* {th:marginheight,data-th-marginheight}] [1000]: org.thymeleaf.standard.processor.StandardRemovableAttributeTagProcessor
[THYMELEAF]             * [* {th:maxlength,data-th-maxlength}] [1000]: org.thymeleaf.standard.processor.StandardRemovableAttributeTagProcessor
[THYMELEAF]             * [* {th:radiogroup,data-th-radiogroup}] [1000]: org.thymeleaf.standard.processor.StandardRemovableAttributeTagProcessor
[THYMELEAF]             * [* {th:media,data-th-media}] [1000]: org.thymeleaf.standard.processor.StandardRemovableAttributeTagProcessor
[THYMELEAF]             * [* {th:size,data-th-size}] [1000]: org.thymeleaf.standard.processor.StandardRemovableAttributeTagProcessor
[THYMELEAF]             * [* {th:marginwidth,data-th-marginwidth}] [1000]: org.thymeleaf.standard.processor.StandardRemovableAttributeTagProcessor
[THYMELEAF]             * [* {th:scrolling,data-th-scrolling}] [1000]: org.thymeleaf.standard.processor.StandardRemovableAttributeTagProcessor
[THYMELEAF]             * [* {th:classid,data-th-classid}] [1000]: org.thymeleaf.standard.processor.StandardRemovableAttributeTagProcessor
[THYMELEAF]             * [* {th:for,data-th-for}] [1000]: org.thymeleaf.standard.processor.StandardRemovableAttributeTagProcessor
[THYMELEAF]             * [* {th:dir,data-th-dir}] [1000]: org.thymeleaf.standard.processor.StandardRemovableAttributeTagProcessor
[THYMELEAF]             * [* {th:high,data-th-high}] [1000]: org.thymeleaf.standard.processor.StandardRemovableAttributeTagProcessor
[THYMELEAF]             * [* {th:style,data-th-style}] [1000]: org.thymeleaf.standard.processor.StandardRemovableAttributeTagProcessor
[THYMELEAF]             * [* {th:sandbox,data-th-sandbox}] [1000]: org.thymeleaf.standard.processor.StandardRemovableAttributeTagProcessor
[THYMELEAF]             * [* {th:rules,data-th-rules}] [1000]: org.thymeleaf.standard.processor.StandardRemovableAttributeTagProcessor
[THYMELEAF]             * [* {th:poster,data-th-poster}] [1000]: org.thymeleaf.standard.processor.StandardRemovableAttributeTagProcessor
[THYMELEAF]             * [* {th:headers,data-th-headers}] [1000]: org.thymeleaf.standard.processor.StandardRemovableAttributeTagProcessor
[THYMELEAF]             * [* {th:cols,data-th-cols}] [1000]: org.thymeleaf.standard.processor.StandardRemovableAttributeTagProcessor
[THYMELEAF]             * [* {th:placeholder,data-th-placeholder}] [1000]: org.thymeleaf.standard.processor.StandardRemovableAttributeTagProcessor
[THYMELEAF]             * [* {th:formaction,data-th-formaction}] [1000]: org.thymeleaf.standard.processor.StandardRemovableAttributeTagProcessor
[THYMELEAF]             * [* {th:dropzone,data-th-dropzone}] [1000]: org.thymeleaf.standard.processor.StandardRemovableAttributeTagProcessor
[THYMELEAF]             * [* {th:codebase,data-th-codebase}] [1000]: org.thymeleaf.standard.processor.StandardRemovableAttributeTagProcessor
[THYMELEAF]             * [* {th:form,data-th-form}] [1000]: org.thymeleaf.standard.processor.StandardRemovableAttributeTagProcessor
[THYMELEAF]             * [* {th:axis,data-th-axis}] [1000]: org.thymeleaf.standard.processor.StandardRemovableAttributeTagProcessor
[THYMELEAF]             * [* {th:challenge,data-th-challenge}] [1000]: org.thymeleaf.standard.processor.StandardRemovableAttributeTagProcessor
[THYMELEAF]             * [* {th:min,data-th-min}] [1000]: org.thymeleaf.standard.processor.StandardRemovableAttributeTagProcessor
[THYMELEAF]             * [* {th:tabindex,data-th-tabindex}] [1000]: org.thymeleaf.standard.processor.StandardRemovableAttributeTagProcessor
[THYMELEAF]             * [* {th:abbr,data-th-abbr}] [1000]: org.thymeleaf.standard.processor.StandardRemovableAttributeTagProcessor
[THYMELEAF]             * [* {th:bgcolor,data-th-bgcolor}] [1000]: org.thymeleaf.standard.processor.StandardRemovableAttributeTagProcessor
[THYMELEAF]             * [* {th:scope,data-th-scope}] [1000]: org.thymeleaf.standard.processor.StandardRemovableAttributeTagProcessor
[THYMELEAF]             * [* {th:low,data-th-low}] [1000]: org.thymeleaf.standard.processor.StandardRemovableAttributeTagProcessor
[THYMELEAF]             * [* {th:kind,data-th-kind}] [1000]: org.thymeleaf.standard.processor.StandardRemovableAttributeTagProcessor
[THYMELEAF]             * [* {th:sizes,data-th-sizes}] [1000]: org.thymeleaf.standard.processor.StandardRemovableAttributeTagProcessor
[THYMELEAF]             * [* {th:rows,data-th-rows}] [1000]: org.thymeleaf.standard.processor.StandardRemovableAttributeTagProcessor
[THYMELEAF]             * [* {th:manifest,data-th-manifest}] [1000]: org.thymeleaf.standard.processor.StandardRemovableAttributeTagProcessor
[THYMELEAF]             * [* {th:height,data-th-height}] [1000]: org.thymeleaf.standard.processor.StandardRemovableAttributeTagProcessor
[THYMELEAF]             * [* {th:cite,data-th-cite}] [1000]: org.thymeleaf.standard.processor.StandardRemovableAttributeTagProcessor
[THYMELEAF]             * [* {th:longdesc,data-th-longdesc}] [1000]: org.thymeleaf.standard.processor.StandardRemovableAttributeTagProcessor
[THYMELEAF]             * [* {th:spellcheck,data-th-spellcheck}] [1000]: org.thymeleaf.standard.processor.StandardRemovableAttributeTagProcessor
[THYMELEAF]             * [* {th:width,data-th-width}] [1000]: org.thymeleaf.standard.processor.StandardRemovableAttributeTagProcessor
[THYMELEAF]             * [* {th:id,data-th-id}] [1000]: org.thymeleaf.standard.processor.StandardRemovableAttributeTagProcessor
[THYMELEAF]             * [* {th:frame,data-th-frame}] [1000]: org.thymeleaf.standard.processor.StandardRemovableAttributeTagProcessor
[THYMELEAF]             * [* {th:class,data-th-class}] [1000]: org.thymeleaf.standard.processor.StandardRemovableAttributeTagProcessor
[THYMELEAF]             * [* {th:rowspan,data-th-rowspan}] [1000]: org.thymeleaf.standard.processor.StandardRemovableAttributeTagProcessor
[THYMELEAF]             * [* {th:cellspacing,data-th-cellspacing}] [1000]: org.thymeleaf.standard.processor.StandardRemovableAttributeTagProcessor
[THYMELEAF]             * [* {th:enctype,data-th-enctype}] [1000]: org.thymeleaf.standard.processor.StandardRemovableAttributeTagProcessor
[THYMELEAF]             * [* {th:icon,data-th-icon}] [1000]: org.thymeleaf.standard.processor.StandardRemovableAttributeTagProcessor
[THYMELEAF]             * [* {th:draggable,data-th-draggable}] [1000]: org.thymeleaf.standard.processor.StandardRemovableAttributeTagProcessor
[THYMELEAF]             * [* {th:contenteditable,data-th-contenteditable}] [1000]: org.thymeleaf.standard.processor.StandardRemovableAttributeTagProcessor
[THYMELEAF]             * [* {th:vspace,data-th-vspace}] [1000]: org.thymeleaf.standard.processor.StandardRemovableAttributeTagProcessor
[THYMELEAF]             * [* {th:scheme,data-th-scheme}] [1000]: org.thymeleaf.standard.processor.StandardRemovableAttributeTagProcessor
[THYMELEAF]             * [* {th:lang,data-th-lang}] [1000]: org.thymeleaf.standard.processor.StandardRemovableAttributeTagProcessor
[THYMELEAF]             * [* {th:preload,data-th-preload}] [1000]: org.thymeleaf.standard.processor.StandardRemovableAttributeTagProcessor
[THYMELEAF]             * [* {th:summary,data-th-summary}] [1000]: org.thymeleaf.standard.processor.StandardRemovableAttributeTagProcessor
[THYMELEAF]             * [* {th:datetime,data-th-datetime}] [1000]: org.thymeleaf.standard.processor.StandardRemovableAttributeTagProcessor
[THYMELEAF]             * [* {th:src,data-th-src}] [1000]: org.thymeleaf.standard.processor.StandardSrcTagProcessor
[THYMELEAF]             * [* {th:value,data-th-value}] [1000]: org.thymeleaf.standard.processor.StandardValueTagProcessor
[THYMELEAF]             * [* {th:xmlbase,data-th-xmlbase}] [1000]: org.thymeleaf.standard.processor.StandardXmlBaseTagProcessor
[THYMELEAF]             * [* {th:xmllang,data-th-xmllang}] [1000]: org.thymeleaf.standard.processor.StandardXmlLangTagProcessor
[THYMELEAF]             * [* {xmlns:th}] [1000]: org.thymeleaf.standard.processor.StandardXmlNsTagProcessor
[THYMELEAF]             * [* {th:xmlspace,data-th-xmlspace}] [1000]: org.thymeleaf.standard.processor.StandardXmlSpaceTagProcessor
[THYMELEAF]             * [* {th:classappend,data-th-classappend}] [1100]: org.thymeleaf.standard.processor.StandardClassappendTagProcessor
[THYMELEAF]             * [* {th:styleappend,data-th-styleappend}] [1100]: org.thymeleaf.standard.processor.StandardStyleappendTagProcessor
[THYMELEAF]             * [* {th:text,data-th-text}] [1300]: org.thymeleaf.standard.processor.StandardTextTagProcessor
[THYMELEAF]             * [* {th:utext,data-th-utext}] [1400]: org.thymeleaf.standard.processor.StandardUtextTagProcessor
[THYMELEAF]             * [* {th:fragment,data-th-fragment}] [1500]: org.thymeleaf.standard.processor.StandardFragmentTagProcessor
[THYMELEAF]             * [* {th:assert,data-th-assert}] [1550]: org.thymeleaf.standard.processor.StandardAssertTagProcessor
[THYMELEAF]             * [* {th:remove,data-th-remove}] [1600]: org.thymeleaf.standard.processor.StandardRemoveTagProcessor
[THYMELEAF]             * [* {th:ref,data-th-ref}] [10000]: org.thymeleaf.standard.processor.StandardRefAttributeTagProcessor
[THYMELEAF]             * [{th:block,th-block} *] [100000]: org.thymeleaf.standard.processor.StandardBlockTagProcessor
[THYMELEAF]             * [* th:*] [2147483647]: org.thymeleaf.standard.processor.StandardDefaultAttributesTagProcessor
[THYMELEAF]         * Text Processors by [precedence]:
[THYMELEAF]             * [1000]: org.thymeleaf.standard.processor.StandardInliningTextProcessor
[THYMELEAF]         * DOCTYPE Processors by [precedence]:
[THYMELEAF]             * [1000]: org.thymeleaf.standard.processor.StandardTranslationDocTypeProcessor
[THYMELEAF]         * CDATA Section Processors by [precedence]:
[THYMELEAF]             * [1000]: org.thymeleaf.standard.processor.StandardInliningCDATASectionProcessor
[THYMELEAF]         * Comment Processors by [precedence]:
[THYMELEAF]             * [1000]: org.thymeleaf.standard.processor.StandardInliningCommentProcessor
[THYMELEAF]             * [1100]: org.thymeleaf.standard.processor.StandardConditionalCommentProcessor
[THYMELEAF]     * Processors for Template Mode: XML
[THYMELEAF]         * Element Tag Processors by [matching element and attribute name] [precedence]:
[THYMELEAF]             * [* {th:include}] [100]: org.thymeleaf.standard.processor.StandardIncludeTagProcessor
[THYMELEAF]             * [* {th:insert}] [100]: org.thymeleaf.standard.processor.StandardInsertTagProcessor
[THYMELEAF]             * [* {th:replace}] [100]: org.thymeleaf.standard.processor.StandardReplaceTagProcessor
[THYMELEAF]             * [* {th:each}] [200]: com.intuit.karate.template.KarateEachTagProcessor
[THYMELEAF]             * [* {th:switch}] [250]: org.thymeleaf.standard.processor.StandardSwitchTagProcessor
[THYMELEAF]             * [* {th:case}] [275]: org.thymeleaf.standard.processor.StandardCaseTagProcessor
[THYMELEAF]             * [* {th:if}] [300]: org.thymeleaf.standard.processor.StandardIfTagProcessor
[THYMELEAF]             * [* {th:unless}] [400]: org.thymeleaf.standard.processor.StandardUnlessTagProcessor
[THYMELEAF]             * [* {th:object}] [500]: org.thymeleaf.standard.processor.StandardObjectTagProcessor
[THYMELEAF]             * [* {th:with}] [600]: com.intuit.karate.template.KarateWithTagProcessor
[THYMELEAF]             * [* {th:attr}] [700]: com.intuit.karate.template.KarateAttributeTagProcessor.KarateAttrTagProcessor
[THYMELEAF]             * [* {th:attrappend}] [900]: com.intuit.karate.template.KarateAttributeTagProcessor.KarateAttrappendTagProcessor
[THYMELEAF]             * [* {th:attrprepend}] [900]: com.intuit.karate.template.KarateAttributeTagProcessor.KarateAttrprependTagProcessor
[THYMELEAF]             * [* {th:inline}] [1000]: org.thymeleaf.standard.processor.StandardInlineXMLTagProcessor
[THYMELEAF]             * [* {xmlns:th}] [1000]: org.thymeleaf.standard.processor.StandardXmlNsTagProcessor
[THYMELEAF]             * [* {th:text}] [1300]: org.thymeleaf.standard.processor.StandardTextTagProcessor
[THYMELEAF]             * [* {th:utext}] [1400]: org.thymeleaf.standard.processor.StandardUtextTagProcessor
[THYMELEAF]             * [* {th:fragment}] [1500]: org.thymeleaf.standard.processor.StandardFragmentTagProcessor
[THYMELEAF]             * [* {th:assert}] [1550]: org.thymeleaf.standard.processor.StandardAssertTagProcessor
[THYMELEAF]             * [* {th:remove}] [1600]: org.thymeleaf.standard.processor.StandardRemoveTagProcessor
[THYMELEAF]             * [* {th:ref}] [10000]: org.thymeleaf.standard.processor.StandardRefAttributeTagProcessor
[THYMELEAF]             * [{th:block} *] [100000]: org.thymeleaf.standard.processor.StandardBlockTagProcessor
[THYMELEAF]             * [* th:*] [2147483647]: org.thymeleaf.standard.processor.StandardDefaultAttributesTagProcessor
[THYMELEAF]         * Text Processors by [precedence]:
[THYMELEAF]             * [1000]: org.thymeleaf.standard.processor.StandardInliningTextProcessor
[THYMELEAF]         * CDATA Section Processors by [precedence]:
[THYMELEAF]             * [1000]: org.thymeleaf.standard.processor.StandardInliningCDATASectionProcessor
[THYMELEAF]         * Comment Processors by [precedence]:
[THYMELEAF]             * [1000]: org.thymeleaf.standard.processor.StandardInliningCommentProcessor
[THYMELEAF]     * Processors for Template Mode: TEXT
[THYMELEAF]         * Element Tag Processors by [matching element and attribute name] [precedence]:
[THYMELEAF]             * [* {th:insert}] [100]: org.thymeleaf.standard.processor.StandardInsertTagProcessor
[THYMELEAF]             * [* {th:replace}] [100]: org.thymeleaf.standard.processor.StandardReplaceTagProcessor
[THYMELEAF]             * [* {th:each}] [200]: com.intuit.karate.template.KarateEachTagProcessor
[THYMELEAF]             * [* {th:switch}] [250]: org.thymeleaf.standard.processor.StandardSwitchTagProcessor
[THYMELEAF]             * [* {th:case}] [275]: org.thymeleaf.standard.processor.StandardCaseTagProcessor
[THYMELEAF]             * [* {th:if}] [300]: org.thymeleaf.standard.processor.StandardIfTagProcessor
[THYMELEAF]             * [* {th:unless}] [400]: org.thymeleaf.standard.processor.StandardUnlessTagProcessor
[THYMELEAF]             * [* {th:object}] [500]: org.thymeleaf.standard.processor.StandardObjectTagProcessor
[THYMELEAF]             * [* {th:with}] [600]: com.intuit.karate.template.KarateWithTagProcessor
[THYMELEAF]             * [* {th:inline}] [1000]: org.thymeleaf.standard.processor.StandardInlineTextualTagProcessor
[THYMELEAF]             * [* {th:text}] [1300]: org.thymeleaf.standard.processor.StandardTextTagProcessor
[THYMELEAF]             * [* {th:utext}] [1400]: org.thymeleaf.standard.processor.StandardUtextTagProcessor
[THYMELEAF]             * [* {th:assert}] [1550]: org.thymeleaf.standard.processor.StandardAssertTagProcessor
[THYMELEAF]             * [* {th:remove}] [1600]: org.thymeleaf.standard.processor.StandardRemoveTagProcessor
[THYMELEAF]             * [* 100000] [org.thymeleaf.standard.processor.StandardBlockTagProcessor]: {}
[THYMELEAF]             * [{th:block} *] [100000]: org.thymeleaf.standard.processor.StandardBlockTagProcessor
[THYMELEAF]         * Text Processors by [precedence]:
[THYMELEAF]             * [1000]: org.thymeleaf.standard.processor.StandardInliningTextProcessor
[THYMELEAF]     * Processors for Template Mode: JAVASCRIPT
[THYMELEAF]         * Element Tag Processors by [matching element and attribute name] [precedence]:
[THYMELEAF]             * [* {th:insert}] [100]: org.thymeleaf.standard.processor.StandardInsertTagProcessor
[THYMELEAF]             * [* {th:replace}] [100]: org.thymeleaf.standard.processor.StandardReplaceTagProcessor
[THYMELEAF]             * [* {th:each}] [200]: com.intuit.karate.template.KarateEachTagProcessor
[THYMELEAF]             * [* {th:switch}] [250]: org.thymeleaf.standard.processor.StandardSwitchTagProcessor
[THYMELEAF]             * [* {th:case}] [275]: org.thymeleaf.standard.processor.StandardCaseTagProcessor
[THYMELEAF]             * [* {th:if}] [300]: org.thymeleaf.standard.processor.StandardIfTagProcessor
[THYMELEAF]             * [* {th:unless}] [400]: org.thymeleaf.standard.processor.StandardUnlessTagProcessor
[THYMELEAF]             * [* {th:object}] [500]: org.thymeleaf.standard.processor.StandardObjectTagProcessor
[THYMELEAF]             * [* {th:with}] [600]: com.intuit.karate.template.KarateWithTagProcessor
[THYMELEAF]             * [* {th:inline}] [1000]: org.thymeleaf.standard.processor.StandardInlineTextualTagProcessor
[THYMELEAF]             * [* {th:text}] [1300]: org.thymeleaf.standard.processor.StandardTextTagProcessor
[THYMELEAF]             * [* {th:utext}] [1400]: org.thymeleaf.standard.processor.StandardUtextTagProcessor
[THYMELEAF]             * [* {th:assert}] [1550]: org.thymeleaf.standard.processor.StandardAssertTagProcessor
[THYMELEAF]             * [* {th:remove}] [1600]: org.thymeleaf.standard.processor.StandardRemoveTagProcessor
[THYMELEAF]             * [* 100000] [org.thymeleaf.standard.processor.StandardBlockTagProcessor]: {}
[THYMELEAF]             * [{th:block} *] [100000]: org.thymeleaf.standard.processor.StandardBlockTagProcessor
[THYMELEAF]         * Text Processors by [precedence]:
[THYMELEAF]             * [1000]: org.thymeleaf.standard.processor.StandardInliningTextProcessor
[THYMELEAF]     * Processors for Template Mode: CSS
[THYMELEAF]         * Element Tag Processors by [matching element and attribute name] [precedence]:
[THYMELEAF]             * [* {th:insert}] [100]: org.thymeleaf.standard.processor.StandardInsertTagProcessor
[THYMELEAF]             * [* {th:replace}] [100]: org.thymeleaf.standard.processor.StandardReplaceTagProcessor
[THYMELEAF]             * [* {th:each}] [200]: com.intuit.karate.template.KarateEachTagProcessor
[THYMELEAF]             * [* {th:switch}] [250]: org.thymeleaf.standard.processor.StandardSwitchTagProcessor
[THYMELEAF]             * [* {th:case}] [275]: org.thymeleaf.standard.processor.StandardCaseTagProcessor
[THYMELEAF]             * [* {th:if}] [300]: org.thymeleaf.standard.processor.StandardIfTagProcessor
[THYMELEAF]             * [* {th:unless}] [400]: org.thymeleaf.standard.processor.StandardUnlessTagProcessor
[THYMELEAF]             * [* {th:object}] [500]: org.thymeleaf.standard.processor.StandardObjectTagProcessor
[THYMELEAF]             * [* {th:with}] [600]: com.intuit.karate.template.KarateWithTagProcessor
[THYMELEAF]             * [* {th:inline}] [1000]: org.thymeleaf.standard.processor.StandardInlineTextualTagProcessor
[THYMELEAF]             * [* {th:text}] [1300]: org.thymeleaf.standard.processor.StandardTextTagProcessor
[THYMELEAF]             * [* {th:utext}] [1400]: org.thymeleaf.standard.processor.StandardUtextTagProcessor
[THYMELEAF]             * [* {th:assert}] [1550]: org.thymeleaf.standard.processor.StandardAssertTagProcessor
[THYMELEAF]             * [* {th:remove}] [1600]: org.thymeleaf.standard.processor.StandardRemoveTagProcessor
[THYMELEAF]             * [* 100000] [org.thymeleaf.standard.processor.StandardBlockTagProcessor]: {}
[THYMELEAF]             * [{th:block} *] [100000]: org.thymeleaf.standard.processor.StandardBlockTagProcessor
[THYMELEAF]         * Text Processors by [precedence]:
[THYMELEAF]             * [1000]: org.thymeleaf.standard.processor.StandardInliningTextProcessor
[THYMELEAF]     * Expression Objects:
[THYMELEAF]         * #ctx
[THYMELEAF]         * #root
[THYMELEAF]         * #vars
[THYMELEAF]         * #object
[THYMELEAF]         * #locale
[THYMELEAF]         * #conversions
[THYMELEAF]         * #uris
[THYMELEAF]         * #temporals
[THYMELEAF]         * #calendars
[THYMELEAF]         * #dates
[THYMELEAF]         * #bools
[THYMELEAF]         * #numbers
[THYMELEAF]         * #objects
[THYMELEAF]         * #strings
[THYMELEAF]         * #arrays
[THYMELEAF]         * #lists
[THYMELEAF]         * #sets
[THYMELEAF]         * #maps
[THYMELEAF]         * #aggregates
[THYMELEAF]         * #messages
[THYMELEAF]         * #ids
[THYMELEAF]         * #execInfo
[THYMELEAF]         * #request
[THYMELEAF]         * #response
[THYMELEAF]         * #session
[THYMELEAF]         * #servletContext
[THYMELEAF]     * Execution Attributes:
[THYMELEAF]         * "StandardExpressionParser": com.intuit.karate.template.KarateStandardDialect@5cd701e4
[THYMELEAF]         * "StandardJavaScriptSerializer": org.thymeleaf.standard.serializer.StandardJavaScriptSerializer@401b67a9
[THYMELEAF]         * "StandardCSSSerializer": org.thymeleaf.standard.serializer.StandardCSSSerializer@4e3ee457
[THYMELEAF]         * "StandardVariableExpressionEvaluator": com.intuit.karate.template.KarateStandardDialect@5cd701e4
[THYMELEAF]         * "StandardConversionService": org.thymeleaf.standard.expression.StandardConversionService@41b66d1
[THYMELEAF] * Dialect [2 of 2]: karate (com.intuit.karate.template.KarateScriptDialect)
[THYMELEAF]     * Prefix: "ka"
[THYMELEAF]     * Processors for Template Mode: HTML
[THYMELEAF]         * Element Tag Processors by [matching element and attribute name] [precedence]:
[THYMELEAF]             * [* {src}] [1000]: com.intuit.karate.template.KaScriptAttrProcessor
[THYMELEAF]         * Element Model Processors by [matching element and attribute name] [precedence]:
[THYMELEAF]             * [{script} {ka:scope,data-ka-scope}] [1000]: com.intuit.karate.template.KaScriptElemProcessor
[THYMELEAF]             * [* {ka:set,data-ka-set}] [1000]: com.intuit.karate.template.KaSetElemProcessor
[THYMELEAF] TEMPLATE ENGINE CONFIGURED OK
12:54:42.123 [main] DEBUG org.thymeleaf.TemplateEngine -- [THYMELEAF] TEMPLATE ENGINE INITIALIZED
12:54:43.757 [nioEventLoopGroup-15-1] DEBUG io.netty.buffer.PoolThreadCache -- Freed 35 thread-local buffer(s) from thread: nioEventLoopGroup-15-1
---------------------------------------------------------
feature: classpath:UI_Automation_Project/login/loginUsingReusable.feature
scenarios:  1 | passed:  1 | failed:  0 | time: 17.6866
---------------------------------------------------------

Karate version: 1.4.1
======================================================
elapsed:  19.84 | threads:    1 | thread time: 17.69 
features:     1 | skipped:    0 | efficiency: 0.89
scenarios:    1 | passed:     1 | failed: 0
======================================================
12:54:44.231 [main] DEBUG org.thymeleaf.TemplateEngine -- [THYMELEAF] INITIALIZING TEMPLATE ENGINE
12:54:44.294 [main] DEBUG org.thymeleaf.TemplateEngine.CONFIG -- Initializing Thymeleaf Template engine configuration...
[THYMELEAF] TEMPLATE ENGINE CONFIGURATION:
[THYMELEAF] * Thymeleaf version: 3.1.2.RELEASE (built 2023-07-30T19:25:50+0000)
[THYMELEAF] * Cache Manager implementation: org.thymeleaf.cache.StandardCacheManager
[THYMELEAF] * Template resolvers:
[THYMELEAF]     * [1] com.intuit.karate.template.ResourceHtmlTemplateResolver
[THYMELEAF] * Message resolvers:
[THYMELEAF]     * org.thymeleaf.messageresolver.StandardMessageResolver
[THYMELEAF] * Link builders:
[THYMELEAF]     * org.thymeleaf.linkbuilder.StandardLinkBuilder
[THYMELEAF] * Dialect [1 of 2]: Standard (com.intuit.karate.template.KarateStandardDialect)
[THYMELEAF]     * Prefix: "th"
[THYMELEAF]     * Processors for Template Mode: HTML
[THYMELEAF]         * Element Tag Processors by [matching element and attribute name] [precedence]:
[THYMELEAF]             * [* {th:include,data-th-include}] [100]: org.thymeleaf.standard.processor.StandardIncludeTagProcessor
[THYMELEAF]             * [* {th:insert,data-th-insert}] [100]: org.thymeleaf.standard.processor.StandardInsertTagProcessor
[THYMELEAF]             * [* {th:replace,data-th-replace}] [100]: org.thymeleaf.standard.processor.StandardReplaceTagProcessor
[THYMELEAF]             * [* {th:each,data-th-each}] [200]: com.intuit.karate.template.KarateEachTagProcessor
[THYMELEAF]             * [* {th:switch,data-th-switch}] [250]: org.thymeleaf.standard.processor.StandardSwitchTagProcessor
[THYMELEAF]             * [* {th:case,data-th-case}] [275]: org.thymeleaf.standard.processor.StandardCaseTagProcessor
[THYMELEAF]             * [* {th:if,data-th-if}] [300]: org.thymeleaf.standard.processor.StandardIfTagProcessor
[THYMELEAF]             * [* {th:unless,data-th-unless}] [400]: org.thymeleaf.standard.processor.StandardUnlessTagProcessor
[THYMELEAF]             * [* {th:object,data-th-object}] [500]: org.thymeleaf.standard.processor.StandardObjectTagProcessor
[THYMELEAF]             * [* {th:with,data-th-with}] [600]: com.intuit.karate.template.KarateWithTagProcessor
[THYMELEAF]             * [* {th:attr,data-th-attr}] [700]: com.intuit.karate.template.KarateAttributeTagProcessor.KarateAttrTagProcessor
[THYMELEAF]             * [* {th:attrappend,data-th-attrappend}] [900]: com.intuit.karate.template.KarateAttributeTagProcessor.KarateAttrappendTagProcessor
[THYMELEAF]             * [* {th:attrprepend,data-th-attrprepend}] [900]: com.intuit.karate.template.KarateAttributeTagProcessor.KarateAttrprependTagProcessor
[THYMELEAF]             * [* {th:alt-title,data-th-alt-title}] [990]: org.thymeleaf.standard.processor.StandardAltTitleTagProcessor
[THYMELEAF]             * [* {th:lang-xmllang,data-th-lang-xmllang}] [990]: org.thymeleaf.standard.processor.StandardLangXmlLangTagProcessor
[THYMELEAF]             * [* {th:action,data-th-action}] [1000]: org.thymeleaf.standard.processor.StandardActionTagProcessor
[THYMELEAF]             * [* {th:open,data-th-open}] [1000]: org.thymeleaf.standard.processor.StandardConditionalFixedValueTagProcessor
[THYMELEAF]             * [* {th:autofocus,data-th-autofocus}] [1000]: org.thymeleaf.standard.processor.StandardConditionalFixedValueTagProcessor
[THYMELEAF]             * [* {th:multiple,data-th-multiple}] [1000]: org.thymeleaf.standard.processor.StandardConditionalFixedValueTagProcessor
[THYMELEAF]             * [* {th:readonly,data-th-readonly}] [1000]: org.thymeleaf.standard.processor.StandardConditionalFixedValueTagProcessor
[THYMELEAF]             * [* {th:seamless,data-th-seamless}] [1000]: org.thymeleaf.standard.processor.StandardConditionalFixedValueTagProcessor
[THYMELEAF]             * [* {th:disabled,data-th-disabled}] [1000]: org.thymeleaf.standard.processor.StandardConditionalFixedValueTagProcessor
[THYMELEAF]             * [* {th:reversed,data-th-reversed}] [1000]: org.thymeleaf.standard.processor.StandardConditionalFixedValueTagProcessor
[THYMELEAF]             * [* {th:scoped,data-th-scoped}] [1000]: org.thymeleaf.standard.processor.StandardConditionalFixedValueTagProcessor
[THYMELEAF]             * [* {th:autoplay,data-th-autoplay}] [1000]: org.thymeleaf.standard.processor.StandardConditionalFixedValueTagProcessor
[THYMELEAF]             * [* {th:novalidate,data-th-novalidate}] [1000]: org.thymeleaf.standard.processor.StandardConditionalFixedValueTagProcessor
[THYMELEAF]             * [* {th:checked,data-th-checked}] [1000]: org.thymeleaf.standard.processor.StandardConditionalFixedValueTagProcessor
[THYMELEAF]             * [* {th:controls,data-th-controls}] [1000]: org.thymeleaf.standard.processor.StandardConditionalFixedValueTagProcessor
[THYMELEAF]             * [* {th:nowrap,data-th-nowrap}] [1000]: org.thymeleaf.standard.processor.StandardConditionalFixedValueTagProcessor
[THYMELEAF]             * [* {th:default,data-th-default}] [1000]: org.thymeleaf.standard.processor.StandardConditionalFixedValueTagProcessor
[THYMELEAF]             * [* {th:async,data-th-async}] [1000]: org.thymeleaf.standard.processor.StandardConditionalFixedValueTagProcessor
[THYMELEAF]             * [* {th:loop,data-th-loop}] [1000]: org.thymeleaf.standard.processor.StandardConditionalFixedValueTagProcessor
[THYMELEAF]             * [* {th:ismap,data-th-ismap}] [1000]: org.thymeleaf.standard.processor.StandardConditionalFixedValueTagProcessor
[THYMELEAF]             * [* {th:declare,data-th-declare}] [1000]: org.thymeleaf.standard.processor.StandardConditionalFixedValueTagProcessor
[THYMELEAF]             * [* {th:defer,data-th-defer}] [1000]: org.thymeleaf.standard.processor.StandardConditionalFixedValueTagProcessor
[THYMELEAF]             * [* {th:selected,data-th-selected}] [1000]: org.thymeleaf.standard.processor.StandardConditionalFixedValueTagProcessor
[THYMELEAF]             * [* {th:formnovalidate,data-th-formnovalidate}] [1000]: org.thymeleaf.standard.processor.StandardConditionalFixedValueTagProcessor
[THYMELEAF]             * [* {th:required,data-th-required}] [1000]: org.thymeleaf.standard.processor.StandardConditionalFixedValueTagProcessor
[THYMELEAF]             * [* {th:hidden,data-th-hidden}] [1000]: org.thymeleaf.standard.processor.StandardConditionalFixedValueTagProcessor
[THYMELEAF]             * [* {th:pubdate,data-th-pubdate}] [1000]: org.thymeleaf.standard.processor.StandardConditionalFixedValueTagProcessor
[THYMELEAF]             * [* {th:oninput,data-th-oninput}] [1000]: org.thymeleaf.standard.processor.StandardDOMEventAttributeTagProcessor
[THYMELEAF]             * [* {th:onundo,data-th-onundo}] [1000]: org.thymeleaf.standard.processor.StandardDOMEventAttributeTagProcessor
[THYMELEAF]             * [* {th:onvolumechange,data-th-onvolumechange}] [1000]: org.thymeleaf.standard.processor.StandardDOMEventAttributeTagProcessor
[THYMELEAF]             * [* {th:onchange,data-th-onchange}] [1000]: org.thymeleaf.standard.processor.StandardDOMEventAttributeTagProcessor
[THYMELEAF]             * [* {th:onformchange,data-th-onformchange}] [1000]: org.thymeleaf.standard.processor.StandardDOMEventAttributeTagProcessor
[THYMELEAF]             * [* {th:onhashchange,data-th-onhashchange}] [1000]: org.thymeleaf.standard.processor.StandardDOMEventAttributeTagProcessor
[THYMELEAF]             * [* {th:onselect,data-th-onselect}] [1000]: org.thymeleaf.standard.processor.StandardDOMEventAttributeTagProcessor
[THYMELEAF]             * [* {th:onmousemove,data-th-onmousemove}] [1000]: org.thymeleaf.standard.processor.StandardDOMEventAttributeTagProcessor
[THYMELEAF]             * [* {th:onkeypress,data-th-onkeypress}] [1000]: org.thymeleaf.standard.processor.StandardDOMEventAttributeTagProcessor
[THYMELEAF]             * [* {th:ononline,data-th-ononline}] [1000]: org.thymeleaf.standard.processor.StandardDOMEventAttributeTagProcessor
[THYMELEAF]             * [* {th:onpopstate,data-th-onpopstate}] [1000]: org.thymeleaf.standard.processor.StandardDOMEventAttributeTagProcessor
[THYMELEAF]             * [* {th:onmouseup,data-th-onmouseup}] [1000]: org.thymeleaf.standard.processor.StandardDOMEventAttributeTagProcessor
[THYMELEAF]             * [* {th:onloadeddata,data-th-onloadeddata}] [1000]: org.thymeleaf.standard.processor.StandardDOMEventAttributeTagProcessor
[THYMELEAF]             * [* {th:ondragleave,data-th-ondragleave}] [1000]: org.thymeleaf.standard.processor.StandardDOMEventAttributeTagProcessor
[THYMELEAF]             * [* {th:onunload,data-th-onunload}] [1000]: org.thymeleaf.standard.processor.StandardDOMEventAttributeTagProcessor
[THYMELEAF]             * [* {th:onoffline,data-th-onoffline}] [1000]: org.thymeleaf.standard.processor.StandardDOMEventAttributeTagProcessor
[THYMELEAF]             * [* {th:onmousewheel,data-th-onmousewheel}] [1000]: org.thymeleaf.standard.processor.StandardDOMEventAttributeTagProcessor
[THYMELEAF]             * [* {th:oncanplay,data-th-oncanplay}] [1000]: org.thymeleaf.standard.processor.StandardDOMEventAttributeTagProcessor
[THYMELEAF]             * [* {th:onseeking,data-th-onseeking}] [1000]: org.thymeleaf.standard.processor.StandardDOMEventAttributeTagProcessor
[THYMELEAF]             * [* {th:onreadystatechange,data-th-onreadystatechange}] [1000]: org.thymeleaf.standard.processor.StandardDOMEventAttributeTagProcessor
[THYMELEAF]             * [* {th:onshow,data-th-onshow}] [1000]: org.thymeleaf.standard.processor.StandardDOMEventAttributeTagProcessor
[THYMELEAF]             * [* {th:onkeyup,data-th-onkeyup}] [1000]: org.thymeleaf.standard.processor.StandardDOMEventAttributeTagProcessor
[THYMELEAF]             * [* {th:onload,data-th-onload}] [1000]: org.thymeleaf.standard.processor.StandardDOMEventAttributeTagProcessor
[THYMELEAF]             * [* {th:onmessage,data-th-onmessage}] [1000]: org.thymeleaf.standard.processor.StandardDOMEventAttributeTagProcessor
[THYMELEAF]             * [* {th:ondragend,data-th-ondragend}] [1000]: org.thymeleaf.standard.processor.StandardDOMEventAttributeTagProcessor
[THYMELEAF]             * [* {th:oncontextmenu,data-th-oncontextmenu}] [1000]: org.thymeleaf.standard.processor.StandardDOMEventAttributeTagProcessor
[THYMELEAF]             * [* {th:ondrop,data-th-ondrop}] [1000]: org.thymeleaf.standard.processor.StandardDOMEventAttributeTagProcessor
[THYMELEAF]             * [* {th:onbeforeprint,data-th-onbeforeprint}] [1000]: org.thymeleaf.standard.processor.StandardDOMEventAttributeTagProcessor
[THYMELEAF]             * [* {th:onmousedown,data-th-onmousedown}] [1000]: org.thymeleaf.standard.processor.StandardDOMEventAttributeTagProcessor
[THYMELEAF]             * [* {th:onplaying,data-th-onplaying}] [1000]: org.thymeleaf.standard.processor.StandardDOMEventAttributeTagProcessor
[THYMELEAF]             * [* {th:onplay,data-th-onplay}] [1000]: org.thymeleaf.standard.processor.StandardDOMEventAttributeTagProcessor
[THYMELEAF]             * [* {th:onratechange,data-th-onratechange}] [1000]: org.thymeleaf.standard.processor.StandardDOMEventAttributeTagProcessor
[THYMELEAF]             * [* {th:onforminput,data-th-onforminput}] [1000]: org.thymeleaf.standard.processor.StandardDOMEventAttributeTagProcessor
[THYMELEAF]             * [* {th:onclick,data-th-onclick}] [1000]: org.thymeleaf.standard.processor.StandardDOMEventAttributeTagProcessor
[THYMELEAF]             * [* {th:ondragstart,data-th-ondragstart}] [1000]: org.thymeleaf.standard.processor.StandardDOMEventAttributeTagProcessor
[THYMELEAF]             * [* {th:onblur,data-th-onblur}] [1000]: org.thymeleaf.standard.processor.StandardDOMEventAttributeTagProcessor
[THYMELEAF]             * [* {th:onsuspend,data-th-onsuspend}] [1000]: org.thymeleaf.standard.processor.StandardDOMEventAttributeTagProcessor
[THYMELEAF]             * [* {th:onresize,data-th-onresize}] [1000]: org.thymeleaf.standard.processor.StandardDOMEventAttributeTagProcessor
[THYMELEAF]             * [* {th:onmouseover,data-th-onmouseover}] [1000]: org.thymeleaf.standard.processor.StandardDOMEventAttributeTagProcessor
[THYMELEAF]             * [* {th:oninvalid,data-th-oninvalid}] [1000]: org.thymeleaf.standard.processor.StandardDOMEventAttributeTagProcessor
[THYMELEAF]             * [* {th:onloadedmetadata,data-th-onloadedmetadata}] [1000]: org.thymeleaf.standard.processor.StandardDOMEventAttributeTagProcessor
[THYMELEAF]             * [* {th:onafterprint,data-th-onafterprint}] [1000]: org.thymeleaf.standard.processor.StandardDOMEventAttributeTagProcessor
[THYMELEAF]             * [* {th:onscroll,data-th-onscroll}] [1000]: org.thymeleaf.standard.processor.StandardDOMEventAttributeTagProcessor
[THYMELEAF]             * [* {th:onwaiting,data-th-onwaiting}] [1000]: org.thymeleaf.standard.processor.StandardDOMEventAttributeTagProcessor
[THYMELEAF]             * [* {th:oncanplaythrough,data-th-oncanplaythrough}] [1000]: org.thymeleaf.standard.processor.StandardDOMEventAttributeTagProcessor
[THYMELEAF]             * [* {th:onstalled,data-th-onstalled}] [1000]: org.thymeleaf.standard.processor.StandardDOMEventAttributeTagProcessor
[THYMELEAF]             * [* {th:onprogress,data-th-onprogress}] [1000]: org.thymeleaf.standard.processor.StandardDOMEventAttributeTagProcessor
[THYMELEAF]             * [* {th:onkeydown,data-th-onkeydown}] [1000]: org.thymeleaf.standard.processor.StandardDOMEventAttributeTagProcessor
[THYMELEAF]             * [* {th:onemptied,data-th-onemptied}] [1000]: org.thymeleaf.standard.processor.StandardDOMEventAttributeTagProcessor
[THYMELEAF]             * [* {th:onloadstart,data-th-onloadstart}] [1000]: org.thymeleaf.standard.processor.StandardDOMEventAttributeTagProcessor
[THYMELEAF]             * [* {th:onstorage,data-th-onstorage}] [1000]: org.thymeleaf.standard.processor.StandardDOMEventAttributeTagProcessor
[THYMELEAF]             * [* {th:onsubmit,data-th-onsubmit}] [1000]: org.thymeleaf.standard.processor.StandardDOMEventAttributeTagProcessor
[THYMELEAF]             * [* {th:onerror,data-th-onerror}] [1000]: org.thymeleaf.standard.processor.StandardDOMEventAttributeTagProcessor
[THYMELEAF]             * [* {th:onseeked,data-th-onseeked}] [1000]: org.thymeleaf.standard.processor.StandardDOMEventAttributeTagProcessor
[THYMELEAF]             * [* {th:onended,data-th-onended}] [1000]: org.thymeleaf.standard.processor.StandardDOMEventAttributeTagProcessor
[THYMELEAF]             * [* {th:ondrag,data-th-ondrag}] [1000]: org.thymeleaf.standard.processor.StandardDOMEventAttributeTagProcessor
[THYMELEAF]             * [* {th:onabort,data-th-onabort}] [1000]: org.thymeleaf.standard.processor.StandardDOMEventAttributeTagProcessor
[THYMELEAF]             * [* {th:ontimeupdate,data-th-ontimeupdate}] [1000]: org.thymeleaf.standard.processor.StandardDOMEventAttributeTagProcessor
[THYMELEAF]             * [* {th:onredo,data-th-onredo}] [1000]: org.thymeleaf.standard.processor.StandardDOMEventAttributeTagProcessor
[THYMELEAF]             * [* {th:ondblclick,data-th-ondblclick}] [1000]: org.thymeleaf.standard.processor.StandardDOMEventAttributeTagProcessor
[THYMELEAF]             * [* {th:onbeforeunload,data-th-onbeforeunload}] [1000]: org.thymeleaf.standard.processor.StandardDOMEventAttributeTagProcessor
[THYMELEAF]             * [* {th:ondragover,data-th-ondragover}] [1000]: org.thymeleaf.standard.processor.StandardDOMEventAttributeTagProcessor
[THYMELEAF]             * [* {th:ondurationchange,data-th-ondurationchange}] [1000]: org.thymeleaf.standard.processor.StandardDOMEventAttributeTagProcessor
[THYMELEAF]             * [* {th:onpause,data-th-onpause}] [1000]: org.thymeleaf.standard.processor.StandardDOMEventAttributeTagProcessor
[THYMELEAF]             * [* {th:onmouseout,data-th-onmouseout}] [1000]: org.thymeleaf.standard.processor.StandardDOMEventAttributeTagProcessor
[THYMELEAF]             * [* {th:onreset,data-th-onreset}] [1000]: org.thymeleaf.standard.processor.StandardDOMEventAttributeTagProcessor
[THYMELEAF]             * [* {th:onfocus,data-th-onfocus}] [1000]: org.thymeleaf.standard.processor.StandardDOMEventAttributeTagProcessor
[THYMELEAF]             * [* {th:ondragenter,data-th-ondragenter}] [1000]: org.thymeleaf.standard.processor.StandardDOMEventAttributeTagProcessor
[THYMELEAF]             * [* {th:href,data-th-href}] [1000]: org.thymeleaf.standard.processor.StandardHrefTagProcessor
[THYMELEAF]             * [* {th:inline,data-th-inline}] [1000]: org.thymeleaf.standard.processor.StandardInlineHTMLTagProcessor
[THYMELEAF]             * [* {th:method,data-th-method}] [1000]: org.thymeleaf.standard.processor.StandardMethodTagProcessor
[THYMELEAF]             * [* {th:name,data-th-name}] [1000]: org.thymeleaf.standard.processor.StandardNonRemovableAttributeTagProcessor
[THYMELEAF]             * [* {th:type,data-th-type}] [1000]: org.thymeleaf.standard.processor.StandardNonRemovableAttributeTagProcessor
[THYMELEAF]             * [* {th:vspace,data-th-vspace}] [1000]: org.thymeleaf.standard.processor.StandardRemovableAttributeTagProcessor
[THYMELEAF]             * [* {th:contextmenu,data-th-contextmenu}] [1000]: org.thymeleaf.standard.processor.StandardRemovableAttributeTagProcessor
[THYMELEAF]             * [* {th:http-equiv,data-th-http-equiv}] [1000]: org.thymeleaf.standard.processor.StandardRemovableAttributeTagProcessor
[THYMELEAF]             * [* {th:id,data-th-id}] [1000]: org.thymeleaf.standard.processor.StandardRemovableAttributeTagProcessor
[THYMELEAF]             * [* {th:cellpadding,data-th-cellpadding}] [1000]: org.thymeleaf.standard.processor.StandardRemovableAttributeTagProcessor
[THYMELEAF]             * [* {th:wrap,data-th-wrap}] [1000]: org.thymeleaf.standard.processor.StandardRemovableAttributeTagProcessor
[THYMELEAF]             * [* {th:preload,data-th-preload}] [1000]: org.thymeleaf.standard.processor.StandardRemovableAttributeTagProcessor
[THYMELEAF]             * [* {th:align,data-th-align}] [1000]: org.thymeleaf.standard.processor.StandardRemovableAttributeTagProcessor
[THYMELEAF]             * [* {th:rel,data-th-rel}] [1000]: org.thymeleaf.standard.processor.StandardRemovableAttributeTagProcessor
[THYMELEAF]             * [* {th:class,data-th-class}] [1000]: org.thymeleaf.standard.processor.StandardRemovableAttributeTagProcessor
[THYMELEAF]             * [* {th:bgcolor,data-th-bgcolor}] [1000]: org.thymeleaf.standard.processor.StandardRemovableAttributeTagProcessor
[THYMELEAF]             * [* {th:data,data-th-data}] [1000]: org.thymeleaf.standard.processor.StandardRemovableAttributeTagProcessor
[THYMELEAF]             * [* {th:draggable,data-th-draggable}] [1000]: org.thymeleaf.standard.processor.StandardRemovableAttributeTagProcessor
[THYMELEAF]             * [* {th:kind,data-th-kind}] [1000]: org.thymeleaf.standard.processor.StandardRemovableAttributeTagProcessor
[THYMELEAF]             * [* {th:border,data-th-border}] [1000]: org.thymeleaf.standard.processor.StandardRemovableAttributeTagProcessor
[THYMELEAF]             * [* {th:abbr,data-th-abbr}] [1000]: org.thymeleaf.standard.processor.StandardRemovableAttributeTagProcessor
[THYMELEAF]             * [* {th:pattern,data-th-pattern}] [1000]: org.thymeleaf.standard.processor.StandardRemovableAttributeTagProcessor
[THYMELEAF]             * [* {th:accesskey,data-th-accesskey}] [1000]: org.thymeleaf.standard.processor.StandardRemovableAttributeTagProcessor
[THYMELEAF]             * [* {th:rev,data-th-rev}] [1000]: org.thymeleaf.standard.processor.StandardRemovableAttributeTagProcessor
[THYMELEAF]             * [* {th:charset,data-th-charset}] [1000]: org.thymeleaf.standard.processor.StandardRemovableAttributeTagProcessor
[THYMELEAF]             * [* {th:label,data-th-label}] [1000]: org.thymeleaf.standard.processor.StandardRemovableAttributeTagProcessor
[THYMELEAF]             * [* {th:scrolling,data-th-scrolling}] [1000]: org.thymeleaf.standard.processor.StandardRemovableAttributeTagProcessor
[THYMELEAF]             * [* {th:title,data-th-title}] [1000]: org.thymeleaf.standard.processor.StandardRemovableAttributeTagProcessor
[THYMELEAF]             * [* {th:datetime,data-th-datetime}] [1000]: org.thymeleaf.standard.processor.StandardRemovableAttributeTagProcessor
[THYMELEAF]             * [* {th:content,data-th-content}] [1000]: org.thymeleaf.standard.processor.StandardRemovableAttributeTagProcessor
[THYMELEAF]             * [* {th:accept,data-th-accept}] [1000]: org.thymeleaf.standard.processor.StandardRemovableAttributeTagProcessor
[THYMELEAF]             * [* {th:rows,data-th-rows}] [1000]: org.thymeleaf.standard.processor.StandardRemovableAttributeTagProcessor
[THYMELEAF]             * [* {th:autocomplete,data-th-autocomplete}] [1000]: org.thymeleaf.standard.processor.StandardRemovableAttributeTagProcessor
[THYMELEAF]             * [* {th:cite,data-th-cite}] [1000]: org.thymeleaf.standard.processor.StandardRemovableAttributeTagProcessor
[THYMELEAF]             * [* {th:spellcheck,data-th-spellcheck}] [1000]: org.thymeleaf.standard.processor.StandardRemovableAttributeTagProcessor
[THYMELEAF]             * [* {th:archive,data-th-archive}] [1000]: org.thymeleaf.standard.processor.StandardRemovableAttributeTagProcessor
[THYMELEAF]             * [* {th:rowspan,data-th-rowspan}] [1000]: org.thymeleaf.standard.processor.StandardRemovableAttributeTagProcessor
[THYMELEAF]             * [* {th:media,data-th-media}] [1000]: org.thymeleaf.standard.processor.StandardRemovableAttributeTagProcessor
[THYMELEAF]             * [* {th:sandbox,data-th-sandbox}] [1000]: org.thymeleaf.standard.processor.StandardRemovableAttributeTagProcessor
[THYMELEAF]             * [* {th:hspace,data-th-hspace}] [1000]: org.thymeleaf.standard.processor.StandardRemovableAttributeTagProcessor
[THYMELEAF]             * [* {th:maxlength,data-th-maxlength}] [1000]: org.thymeleaf.standard.processor.StandardRemovableAttributeTagProcessor
[THYMELEAF]             * [* {th:contenteditable,data-th-contenteditable}] [1000]: org.thymeleaf.standard.processor.StandardRemovableAttributeTagProcessor
[THYMELEAF]             * [* {th:height,data-th-height}] [1000]: org.thymeleaf.standard.processor.StandardRemovableAttributeTagProcessor
[THYMELEAF]             * [* {th:manifest,data-th-manifest}] [1000]: org.thymeleaf.standard.processor.StandardRemovableAttributeTagProcessor
[THYMELEAF]             * [* {th:low,data-th-low}] [1000]: org.thymeleaf.standard.processor.StandardRemovableAttributeTagProcessor
[THYMELEAF]             * [* {th:for,data-th-for}] [1000]: org.thymeleaf.standard.processor.StandardRemovableAttributeTagProcessor
[THYMELEAF]             * [* {th:standby,data-th-standby}] [1000]: org.thymeleaf.standard.processor.StandardRemovableAttributeTagProcessor
[THYMELEAF]             * [* {th:span,data-th-span}] [1000]: org.thymeleaf.standard.processor.StandardRemovableAttributeTagProcessor
[THYMELEAF]             * [* {th:poster,data-th-poster}] [1000]: org.thymeleaf.standard.processor.StandardRemovableAttributeTagProcessor
[THYMELEAF]             * [* {th:width,data-th-width}] [1000]: org.thymeleaf.standard.processor.StandardRemovableAttributeTagProcessor
[THYMELEAF]             * [* {th:cols,data-th-cols}] [1000]: org.thymeleaf.standard.processor.StandardRemovableAttributeTagProcessor
[THYMELEAF]             * [* {th:formaction,data-th-formaction}] [1000]: org.thymeleaf.standard.processor.StandardRemovableAttributeTagProcessor
[THYMELEAF]             * [* {th:list,data-th-list}] [1000]: org.thymeleaf.standard.processor.StandardRemovableAttributeTagProcessor
[THYMELEAF]             * [* {th:icon,data-th-icon}] [1000]: org.thymeleaf.standard.processor.StandardRemovableAttributeTagProcessor
[THYMELEAF]             * [* {th:start,data-th-start}] [1000]: org.thymeleaf.standard.processor.StandardRemovableAttributeTagProcessor
[THYMELEAF]             * [* {th:radiogroup,data-th-radiogroup}] [1000]: org.thymeleaf.standard.processor.StandardRemovableAttributeTagProcessor
[THYMELEAF]             * [* {th:sizes,data-th-sizes}] [1000]: org.thymeleaf.standard.processor.StandardRemovableAttributeTagProcessor
[THYMELEAF]             * [* {th:colspan,data-th-colspan}] [1000]: org.thymeleaf.standard.processor.StandardRemovableAttributeTagProcessor
[THYMELEAF]             * [* {th:compact,data-th-compact}] [1000]: org.thymeleaf.standard.processor.StandardRemovableAttributeTagProcessor
[THYMELEAF]             * [* {th:placeholder,data-th-placeholder}] [1000]: org.thymeleaf.standard.processor.StandardRemovableAttributeTagProcessor
[THYMELEAF]             * [* {th:srclang,data-th-srclang}] [1000]: org.thymeleaf.standard.processor.StandardRemovableAttributeTagProcessor
[THYMELEAF]             * [* {th:keytype,data-th-keytype}] [1000]: org.thymeleaf.standard.processor.StandardRemovableAttributeTagProcessor
[THYMELEAF]             * [* {th:summary,data-th-summary}] [1000]: org.thymeleaf.standard.processor.StandardRemovableAttributeTagProcessor
[THYMELEAF]             * [* {th:classid,data-th-classid}] [1000]: org.thymeleaf.standard.processor.StandardRemovableAttributeTagProcessor
[THYMELEAF]             * [* {th:marginwidth,data-th-marginwidth}] [1000]: org.thymeleaf.standard.processor.StandardRemovableAttributeTagProcessor
[THYMELEAF]             * [* {th:form,data-th-form}] [1000]: org.thymeleaf.standard.processor.StandardRemovableAttributeTagProcessor
[THYMELEAF]             * [* {th:scheme,data-th-scheme}] [1000]: org.thymeleaf.standard.processor.StandardRemovableAttributeTagProcessor
[THYMELEAF]             * [* {th:challenge,data-th-challenge}] [1000]: org.thymeleaf.standard.processor.StandardRemovableAttributeTagProcessor
[THYMELEAF]             * [* {th:dropzone,data-th-dropzone}] [1000]: org.thymeleaf.standard.processor.StandardRemovableAttributeTagProcessor
[THYMELEAF]             * [* {th:frameborder,data-th-frameborder}] [1000]: org.thymeleaf.standard.processor.StandardRemovableAttributeTagProcessor
[THYMELEAF]             * [* {th:formenctype,data-th-formenctype}] [1000]: org.thymeleaf.standard.processor.StandardRemovableAttributeTagProcessor
[THYMELEAF]             * [* {th:high,data-th-high}] [1000]: org.thymeleaf.standard.processor.StandardRemovableAttributeTagProcessor
[THYMELEAF]             * [* {th:optimum,data-th-optimum}] [1000]: org.thymeleaf.standard.processor.StandardRemovableAttributeTagProcessor
[THYMELEAF]             * [* {th:scope,data-th-scope}] [1000]: org.thymeleaf.standard.processor.StandardRemovableAttributeTagProcessor
[THYMELEAF]             * [* {th:formmethod,data-th-formmethod}] [1000]: org.thymeleaf.standard.processor.StandardRemovableAttributeTagProcessor
[THYMELEAF]             * [* {th:style,data-th-style}] [1000]: org.thymeleaf.standard.processor.StandardRemovableAttributeTagProcessor
[THYMELEAF]             * [* {th:codetype,data-th-codetype}] [1000]: org.thymeleaf.standard.processor.StandardRemovableAttributeTagProcessor
[THYMELEAF]             * [* {th:valuetype,data-th-valuetype}] [1000]: org.thymeleaf.standard.processor.StandardRemovableAttributeTagProcessor
[THYMELEAF]             * [* {th:usemap,data-th-usemap}] [1000]: org.thymeleaf.standard.processor.StandardRemovableAttributeTagProcessor
[THYMELEAF]             * [* {th:alt,data-th-alt}] [1000]: org.thymeleaf.standard.processor.StandardRemovableAttributeTagProcessor
[THYMELEAF]             * [* {th:size,data-th-size}] [1000]: org.thymeleaf.standard.processor.StandardRemovableAttributeTagProcessor
[THYMELEAF]             * [* {th:axis,data-th-axis}] [1000]: org.thymeleaf.standard.processor.StandardRemovableAttributeTagProcessor
[THYMELEAF]             * [* {th:formtarget,data-th-formtarget}] [1000]: org.thymeleaf.standard.processor.StandardRemovableAttributeTagProcessor
[THYMELEAF]             * [* {th:min,data-th-min}] [1000]: org.thymeleaf.standard.processor.StandardRemovableAttributeTagProcessor
[THYMELEAF]             * [* {th:dir,data-th-dir}] [1000]: org.thymeleaf.standard.processor.StandardRemovableAttributeTagProcessor
[THYMELEAF]             * [* {th:rules,data-th-rules}] [1000]: org.thymeleaf.standard.processor.StandardRemovableAttributeTagProcessor
[THYMELEAF]             * [* {th:accept-charset,data-th-accept-charset}] [1000]: org.thymeleaf.standard.processor.StandardRemovableAttributeTagProcessor
[THYMELEAF]             * [* {th:max,data-th-max}] [1000]: org.thymeleaf.standard.processor.StandardRemovableAttributeTagProcessor
[THYMELEAF]             * [* {th:target,data-th-target}] [1000]: org.thymeleaf.standard.processor.StandardRemovableAttributeTagProcessor
[THYMELEAF]             * [* {th:enctype,data-th-enctype}] [1000]: org.thymeleaf.standard.processor.StandardRemovableAttributeTagProcessor
[THYMELEAF]             * [* {th:tabindex,data-th-tabindex}] [1000]: org.thymeleaf.standard.processor.StandardRemovableAttributeTagProcessor
[THYMELEAF]             * [* {th:hreflang,data-th-hreflang}] [1000]: org.thymeleaf.standard.processor.StandardRemovableAttributeTagProcessor
[THYMELEAF]             * [* {th:background,data-th-background}] [1000]: org.thymeleaf.standard.processor.StandardRemovableAttributeTagProcessor
[THYMELEAF]             * [* {th:longdesc,data-th-longdesc}] [1000]: org.thymeleaf.standard.processor.StandardRemovableAttributeTagProcessor
[THYMELEAF]             * [* {th:marginheight,data-th-marginheight}] [1000]: org.thymeleaf.standard.processor.StandardRemovableAttributeTagProcessor
[THYMELEAF]             * [* {th:frame,data-th-frame}] [1000]: org.thymeleaf.standard.processor.StandardRemovableAttributeTagProcessor
[THYMELEAF]             * [* {th:cellspacing,data-th-cellspacing}] [1000]: org.thymeleaf.standard.processor.StandardRemovableAttributeTagProcessor
[THYMELEAF]             * [* {th:headers,data-th-headers}] [1000]: org.thymeleaf.standard.processor.StandardRemovableAttributeTagProcessor
[THYMELEAF]             * [* {th:audio,data-th-audio}] [1000]: org.thymeleaf.standard.processor.StandardRemovableAttributeTagProcessor
[THYMELEAF]             * [* {th:codebase,data-th-codebase}] [1000]: org.thymeleaf.standard.processor.StandardRemovableAttributeTagProcessor
[THYMELEAF]             * [* {th:step,data-th-step}] [1000]: org.thymeleaf.standard.processor.StandardRemovableAttributeTagProcessor
[THYMELEAF]             * [* {th:lang,data-th-lang}] [1000]: org.thymeleaf.standard.processor.StandardRemovableAttributeTagProcessor
[THYMELEAF]             * [* {th:src,data-th-src}] [1000]: org.thymeleaf.standard.processor.StandardSrcTagProcessor
[THYMELEAF]             * [* {th:value,data-th-value}] [1000]: org.thymeleaf.standard.processor.StandardValueTagProcessor
[THYMELEAF]             * [* {th:xmlbase,data-th-xmlbase}] [1000]: org.thymeleaf.standard.processor.StandardXmlBaseTagProcessor
[THYMELEAF]             * [* {th:xmllang,data-th-xmllang}] [1000]: org.thymeleaf.standard.processor.StandardXmlLangTagProcessor
[THYMELEAF]             * [* {xmlns:th}] [1000]: org.thymeleaf.standard.processor.StandardXmlNsTagProcessor
[THYMELEAF]             * [* {th:xmlspace,data-th-xmlspace}] [1000]: org.thymeleaf.standard.processor.StandardXmlSpaceTagProcessor
[THYMELEAF]             * [* {th:classappend,data-th-classappend}] [1100]: org.thymeleaf.standard.processor.StandardClassappendTagProcessor
[THYMELEAF]             * [* {th:styleappend,data-th-styleappend}] [1100]: org.thymeleaf.standard.processor.StandardStyleappendTagProcessor
[THYMELEAF]             * [* {th:text,data-th-text}] [1300]: org.thymeleaf.standard.processor.StandardTextTagProcessor
[THYMELEAF]             * [* {th:utext,data-th-utext}] [1400]: org.thymeleaf.standard.processor.StandardUtextTagProcessor
[THYMELEAF]             * [* {th:fragment,data-th-fragment}] [1500]: org.thymeleaf.standard.processor.StandardFragmentTagProcessor
[THYMELEAF]             * [* {th:assert,data-th-assert}] [1550]: org.thymeleaf.standard.processor.StandardAssertTagProcessor
[THYMELEAF]             * [* {th:remove,data-th-remove}] [1600]: org.thymeleaf.standard.processor.StandardRemoveTagProcessor
[THYMELEAF]             * [* {th:ref,data-th-ref}] [10000]: org.thymeleaf.standard.processor.StandardRefAttributeTagProcessor
[THYMELEAF]             * [{th:block,th-block} *] [100000]: org.thymeleaf.standard.processor.StandardBlockTagProcessor
[THYMELEAF]             * [* th:*] [2147483647]: org.thymeleaf.standard.processor.StandardDefaultAttributesTagProcessor
[THYMELEAF]         * Text Processors by [precedence]:
[THYMELEAF]             * [1000]: org.thymeleaf.standard.processor.StandardInliningTextProcessor
[THYMELEAF]         * DOCTYPE Processors by [precedence]:
[THYMELEAF]             * [1000]: org.thymeleaf.standard.processor.StandardTranslationDocTypeProcessor
[THYMELEAF]         * CDATA Section Processors by [precedence]:
[THYMELEAF]             * [1000]: org.thymeleaf.standard.processor.StandardInliningCDATASectionProcessor
[THYMELEAF]         * Comment Processors by [precedence]:
[THYMELEAF]             * [1000]: org.thymeleaf.standard.processor.StandardInliningCommentProcessor
[THYMELEAF]             * [1100]: org.thymeleaf.standard.processor.StandardConditionalCommentProcessor
[THYMELEAF]     * Processors for Template Mode: XML
[THYMELEAF]         * Element Tag Processors by [matching element and attribute name] [precedence]:
[THYMELEAF]             * [* {th:include}] [100]: org.thymeleaf.standard.processor.StandardIncludeTagProcessor
[THYMELEAF]             * [* {th:insert}] [100]: org.thymeleaf.standard.processor.StandardInsertTagProcessor
[THYMELEAF]             * [* {th:replace}] [100]: org.thymeleaf.standard.processor.StandardReplaceTagProcessor
[THYMELEAF]             * [* {th:each}] [200]: com.intuit.karate.template.KarateEachTagProcessor
[THYMELEAF]             * [* {th:switch}] [250]: org.thymeleaf.standard.processor.StandardSwitchTagProcessor
[THYMELEAF]             * [* {th:case}] [275]: org.thymeleaf.standard.processor.StandardCaseTagProcessor
[THYMELEAF]             * [* {th:if}] [300]: org.thymeleaf.standard.processor.StandardIfTagProcessor
[THYMELEAF]             * [* {th:unless}] [400]: org.thymeleaf.standard.processor.StandardUnlessTagProcessor
[THYMELEAF]             * [* {th:object}] [500]: org.thymeleaf.standard.processor.StandardObjectTagProcessor
[THYMELEAF]             * [* {th:with}] [600]: com.intuit.karate.template.KarateWithTagProcessor
[THYMELEAF]             * [* {th:attr}] [700]: com.intuit.karate.template.KarateAttributeTagProcessor.KarateAttrTagProcessor
[THYMELEAF]             * [* {th:attrappend}] [900]: com.intuit.karate.template.KarateAttributeTagProcessor.KarateAttrappendTagProcessor
[THYMELEAF]             * [* {th:attrprepend}] [900]: com.intuit.karate.template.KarateAttributeTagProcessor.KarateAttrprependTagProcessor
[THYMELEAF]             * [* {th:inline}] [1000]: org.thymeleaf.standard.processor.StandardInlineXMLTagProcessor
[THYMELEAF]             * [* {xmlns:th}] [1000]: org.thymeleaf.standard.processor.StandardXmlNsTagProcessor
[THYMELEAF]             * [* {th:text}] [1300]: org.thymeleaf.standard.processor.StandardTextTagProcessor
[THYMELEAF]             * [* {th:utext}] [1400]: org.thymeleaf.standard.processor.StandardUtextTagProcessor
[THYMELEAF]             * [* {th:fragment}] [1500]: org.thymeleaf.standard.processor.StandardFragmentTagProcessor
[THYMELEAF]             * [* {th:assert}] [1550]: org.thymeleaf.standard.processor.StandardAssertTagProcessor
[THYMELEAF]             * [* {th:remove}] [1600]: org.thymeleaf.standard.processor.StandardRemoveTagProcessor
[THYMELEAF]             * [* {th:ref}] [10000]: org.thymeleaf.standard.processor.StandardRefAttributeTagProcessor
[THYMELEAF]             * [{th:block} *] [100000]: org.thymeleaf.standard.processor.StandardBlockTagProcessor
[THYMELEAF]             * [* th:*] [2147483647]: org.thymeleaf.standard.processor.StandardDefaultAttributesTagProcessor
[THYMELEAF]         * Text Processors by [precedence]:
[THYMELEAF]             * [1000]: org.thymeleaf.standard.processor.StandardInliningTextProcessor
[THYMELEAF]         * CDATA Section Processors by [precedence]:
[THYMELEAF]             * [1000]: org.thymeleaf.standard.processor.StandardInliningCDATASectionProcessor
[THYMELEAF]         * Comment Processors by [precedence]:
[THYMELEAF]             * [1000]: org.thymeleaf.standard.processor.StandardInliningCommentProcessor
[THYMELEAF]     * Processors for Template Mode: TEXT
[THYMELEAF]         * Element Tag Processors by [matching element and attribute name] [precedence]:
[THYMELEAF]             * [* {th:insert}] [100]: org.thymeleaf.standard.processor.StandardInsertTagProcessor
[THYMELEAF]             * [* {th:replace}] [100]: org.thymeleaf.standard.processor.StandardReplaceTagProcessor
[THYMELEAF]             * [* {th:each}] [200]: com.intuit.karate.template.KarateEachTagProcessor
[THYMELEAF]             * [* {th:switch}] [250]: org.thymeleaf.standard.processor.StandardSwitchTagProcessor
[THYMELEAF]             * [* {th:case}] [275]: org.thymeleaf.standard.processor.StandardCaseTagProcessor
[THYMELEAF]             * [* {th:if}] [300]: org.thymeleaf.standard.processor.StandardIfTagProcessor
[THYMELEAF]             * [* {th:unless}] [400]: org.thymeleaf.standard.processor.StandardUnlessTagProcessor
[THYMELEAF]             * [* {th:object}] [500]: org.thymeleaf.standard.processor.StandardObjectTagProcessor
[THYMELEAF]             * [* {th:with}] [600]: com.intuit.karate.template.KarateWithTagProcessor
[THYMELEAF]             * [* {th:inline}] [1000]: org.thymeleaf.standard.processor.StandardInlineTextualTagProcessor
[THYMELEAF]             * [* {th:text}] [1300]: org.thymeleaf.standard.processor.StandardTextTagProcessor
[THYMELEAF]             * [* {th:utext}] [1400]: org.thymeleaf.standard.processor.StandardUtextTagProcessor
[THYMELEAF]             * [* {th:assert}] [1550]: org.thymeleaf.standard.processor.StandardAssertTagProcessor
[THYMELEAF]             * [* {th:remove}] [1600]: org.thymeleaf.standard.processor.StandardRemoveTagProcessor
[THYMELEAF]             * [{th:block} *] [100000]: org.thymeleaf.standard.processor.StandardBlockTagProcessor
[THYMELEAF]             * [* 100000] [org.thymeleaf.standard.processor.StandardBlockTagProcessor]: {}
[THYMELEAF]         * Text Processors by [precedence]:
[THYMELEAF]             * [1000]: org.thymeleaf.standard.processor.StandardInliningTextProcessor
[THYMELEAF]     * Processors for Template Mode: JAVASCRIPT
[THYMELEAF]         * Element Tag Processors by [matching element and attribute name] [precedence]:
[THYMELEAF]             * [* {th:insert}] [100]: org.thymeleaf.standard.processor.StandardInsertTagProcessor
[THYMELEAF]             * [* {th:replace}] [100]: org.thymeleaf.standard.processor.StandardReplaceTagProcessor
[THYMELEAF]             * [* {th:each}] [200]: com.intuit.karate.template.KarateEachTagProcessor
[THYMELEAF]             * [* {th:switch}] [250]: org.thymeleaf.standard.processor.StandardSwitchTagProcessor
[THYMELEAF]             * [* {th:case}] [275]: org.thymeleaf.standard.processor.StandardCaseTagProcessor
[THYMELEAF]             * [* {th:if}] [300]: org.thymeleaf.standard.processor.StandardIfTagProcessor
[THYMELEAF]             * [* {th:unless}] [400]: org.thymeleaf.standard.processor.StandardUnlessTagProcessor
[THYMELEAF]             * [* {th:object}] [500]: org.thymeleaf.standard.processor.StandardObjectTagProcessor
[THYMELEAF]             * [* {th:with}] [600]: com.intuit.karate.template.KarateWithTagProcessor
[THYMELEAF]             * [* {th:inline}] [1000]: org.thymeleaf.standard.processor.StandardInlineTextualTagProcessor
[THYMELEAF]             * [* {th:text}] [1300]: org.thymeleaf.standard.processor.StandardTextTagProcessor
[THYMELEAF]             * [* {th:utext}] [1400]: org.thymeleaf.standard.processor.StandardUtextTagProcessor
[THYMELEAF]             * [* {th:assert}] [1550]: org.thymeleaf.standard.processor.StandardAssertTagProcessor
[THYMELEAF]             * [* {th:remove}] [1600]: org.thymeleaf.standard.processor.StandardRemoveTagProcessor
[THYMELEAF]             * [{th:block} *] [100000]: org.thymeleaf.standard.processor.StandardBlockTagProcessor
[THYMELEAF]             * [* 100000] [org.thymeleaf.standard.processor.StandardBlockTagProcessor]: {}
[THYMELEAF]         * Text Processors by [precedence]:
[THYMELEAF]             * [1000]: org.thymeleaf.standard.processor.StandardInliningTextProcessor
[THYMELEAF]     * Processors for Template Mode: CSS
[THYMELEAF]         * Element Tag Processors by [matching element and attribute name] [precedence]:
[THYMELEAF]             * [* {th:insert}] [100]: org.thymeleaf.standard.processor.StandardInsertTagProcessor
[THYMELEAF]             * [* {th:replace}] [100]: org.thymeleaf.standard.processor.StandardReplaceTagProcessor
[THYMELEAF]             * [* {th:each}] [200]: com.intuit.karate.template.KarateEachTagProcessor
[THYMELEAF]             * [* {th:switch}] [250]: org.thymeleaf.standard.processor.StandardSwitchTagProcessor
[THYMELEAF]             * [* {th:case}] [275]: org.thymeleaf.standard.processor.StandardCaseTagProcessor
[THYMELEAF]             * [* {th:if}] [300]: org.thymeleaf.standard.processor.StandardIfTagProcessor
[THYMELEAF]             * [* {th:unless}] [400]: org.thymeleaf.standard.processor.StandardUnlessTagProcessor
[THYMELEAF]             * [* {th:object}] [500]: org.thymeleaf.standard.processor.StandardObjectTagProcessor
[THYMELEAF]             * [* {th:with}] [600]: com.intuit.karate.template.KarateWithTagProcessor
[THYMELEAF]             * [* {th:inline}] [1000]: org.thymeleaf.standard.processor.StandardInlineTextualTagProcessor
[THYMELEAF]             * [* {th:text}] [1300]: org.thymeleaf.standard.processor.StandardTextTagProcessor
[THYMELEAF]             * [* {th:utext}] [1400]: org.thymeleaf.standard.processor.StandardUtextTagProcessor
[THYMELEAF]             * [* {th:assert}] [1550]: org.thymeleaf.standard.processor.StandardAssertTagProcessor
[THYMELEAF]             * [* {th:remove}] [1600]: org.thymeleaf.standard.processor.StandardRemoveTagProcessor
[THYMELEAF]             * [{th:block} *] [100000]: org.thymeleaf.standard.processor.StandardBlockTagProcessor
[THYMELEAF]             * [* 100000] [org.thymeleaf.standard.processor.StandardBlockTagProcessor]: {}
[THYMELEAF]         * Text Processors by [precedence]:
[THYMELEAF]             * [1000]: org.thymeleaf.standard.processor.StandardInliningTextProcessor
[THYMELEAF]     * Expression Objects:
[THYMELEAF]         * #ctx
[THYMELEAF]         * #root
[THYMELEAF]         * #vars
[THYMELEAF]         * #object
[THYMELEAF]         * #locale
[THYMELEAF]         * #conversions
[THYMELEAF]         * #uris
[THYMELEAF]         * #temporals
[THYMELEAF]         * #calendars
[THYMELEAF]         * #dates
[THYMELEAF]         * #bools
[THYMELEAF]         * #numbers
[THYMELEAF]         * #objects
[THYMELEAF]         * #strings
[THYMELEAF]         * #arrays
[THYMELEAF]         * #lists
[THYMELEAF]         * #sets
[THYMELEAF]         * #maps
[THYMELEAF]         * #aggregates
[THYMELEAF]         * #messages
[THYMELEAF]         * #ids
[THYMELEAF]         * #execInfo
[THYMELEAF]         * #request
[THYMELEAF]         * #response
[THYMELEAF]         * #session
[THYMELEAF]         * #servletContext
[THYMELEAF]     * Execution Attributes:
[THYMELEAF]         * "StandardExpressionParser": com.intuit.karate.template.KarateStandardDialect@33568e26
[THYMELEAF]         * "StandardJavaScriptSerializer": org.thymeleaf.standard.serializer.StandardJavaScriptSerializer@5db04bd2
[THYMELEAF]         * "StandardCSSSerializer": org.thymeleaf.standard.serializer.StandardCSSSerializer@6f921e32
[THYMELEAF]         * "StandardVariableExpressionEvaluator": com.intuit.karate.template.KarateStandardDialect@33568e26
[THYMELEAF]         * "StandardConversionService": org.thymeleaf.standard.expression.StandardConversionService@31c5304f
[THYMELEAF] * Dialect [2 of 2]: karate (com.intuit.karate.template.KarateScriptDialect)
[THYMELEAF]     * Prefix: "ka"
[THYMELEAF]     * Processors for Template Mode: HTML
[THYMELEAF]         * Element Tag Processors by [matching element and attribute name] [precedence]:
[THYMELEAF]             * [* {src}] [1000]: com.intuit.karate.template.KaScriptAttrProcessor
[THYMELEAF]         * Element Model Processors by [matching element and attribute name] [precedence]:
[THYMELEAF]             * [{script} {ka:scope,data-ka-scope}] [1000]: com.intuit.karate.template.KaScriptElemProcessor
[THYMELEAF]             * [* {ka:set,data-ka-set}] [1000]: com.intuit.karate.template.KaSetElemProcessor
[THYMELEAF] TEMPLATE ENGINE CONFIGURED OK
12:54:44.294 [main] DEBUG org.thymeleaf.TemplateEngine -- [THYMELEAF] TEMPLATE ENGINE INITIALIZED
12:54:44.419 [main] DEBUG org.thymeleaf.TemplateEngine -- [THYMELEAF] INITIALIZING TEMPLATE ENGINE
12:54:44.563 [main] DEBUG org.thymeleaf.TemplateEngine.CONFIG -- Initializing Thymeleaf Template engine configuration...
[THYMELEAF] TEMPLATE ENGINE CONFIGURATION:
[THYMELEAF] * Thymeleaf version: 3.1.2.RELEASE (built 2023-07-30T19:25:50+0000)
[THYMELEAF] * Cache Manager implementation: org.thymeleaf.cache.StandardCacheManager
[THYMELEAF] * Template resolvers:
[THYMELEAF]     * [1] com.intuit.karate.template.ResourceHtmlTemplateResolver
[THYMELEAF] * Message resolvers:
[THYMELEAF]     * org.thymeleaf.messageresolver.StandardMessageResolver
[THYMELEAF] * Link builders:
[THYMELEAF]     * org.thymeleaf.linkbuilder.StandardLinkBuilder
[THYMELEAF] * Dialect [1 of 2]: Standard (com.intuit.karate.template.KarateStandardDialect)
[THYMELEAF]     * Prefix: "th"
[THYMELEAF]     * Processors for Template Mode: HTML
[THYMELEAF]         * Element Tag Processors by [matching element and attribute name] [precedence]:
[THYMELEAF]             * [* {th:include,data-th-include}] [100]: org.thymeleaf.standard.processor.StandardIncludeTagProcessor
[THYMELEAF]             * [* {th:insert,data-th-insert}] [100]: org.thymeleaf.standard.processor.StandardInsertTagProcessor
[THYMELEAF]             * [* {th:replace,data-th-replace}] [100]: org.thymeleaf.standard.processor.StandardReplaceTagProcessor
[THYMELEAF]             * [* {th:each,data-th-each}] [200]: com.intuit.karate.template.KarateEachTagProcessor
[THYMELEAF]             * [* {th:switch,data-th-switch}] [250]: org.thymeleaf.standard.processor.StandardSwitchTagProcessor
[THYMELEAF]             * [* {th:case,data-th-case}] [275]: org.thymeleaf.standard.processor.StandardCaseTagProcessor
[THYMELEAF]             * [* {th:if,data-th-if}] [300]: org.thymeleaf.standard.processor.StandardIfTagProcessor
[THYMELEAF]             * [* {th:unless,data-th-unless}] [400]: org.thymeleaf.standard.processor.StandardUnlessTagProcessor
[THYMELEAF]             * [* {th:object,data-th-object}] [500]: org.thymeleaf.standard.processor.StandardObjectTagProcessor
[THYMELEAF]             * [* {th:with,data-th-with}] [600]: com.intuit.karate.template.KarateWithTagProcessor
[THYMELEAF]             * [* {th:attr,data-th-attr}] [700]: com.intuit.karate.template.KarateAttributeTagProcessor.KarateAttrTagProcessor
[THYMELEAF]             * [* {th:attrappend,data-th-attrappend}] [900]: com.intuit.karate.template.KarateAttributeTagProcessor.KarateAttrappendTagProcessor
[THYMELEAF]             * [* {th:attrprepend,data-th-attrprepend}] [900]: com.intuit.karate.template.KarateAttributeTagProcessor.KarateAttrprependTagProcessor
[THYMELEAF]             * [* {th:alt-title,data-th-alt-title}] [990]: org.thymeleaf.standard.processor.StandardAltTitleTagProcessor
[THYMELEAF]             * [* {th:lang-xmllang,data-th-lang-xmllang}] [990]: org.thymeleaf.standard.processor.StandardLangXmlLangTagProcessor
[THYMELEAF]             * [* {th:action,data-th-action}] [1000]: org.thymeleaf.standard.processor.StandardActionTagProcessor
[THYMELEAF]             * [* {th:autofocus,data-th-autofocus}] [1000]: org.thymeleaf.standard.processor.StandardConditionalFixedValueTagProcessor
[THYMELEAF]             * [* {th:open,data-th-open}] [1000]: org.thymeleaf.standard.processor.StandardConditionalFixedValueTagProcessor
[THYMELEAF]             * [* {th:selected,data-th-selected}] [1000]: org.thymeleaf.standard.processor.StandardConditionalFixedValueTagProcessor
[THYMELEAF]             * [* {th:nowrap,data-th-nowrap}] [1000]: org.thymeleaf.standard.processor.StandardConditionalFixedValueTagProcessor
[THYMELEAF]             * [* {th:novalidate,data-th-novalidate}] [1000]: org.thymeleaf.standard.processor.StandardConditionalFixedValueTagProcessor
[THYMELEAF]             * [* {th:default,data-th-default}] [1000]: org.thymeleaf.standard.processor.StandardConditionalFixedValueTagProcessor
[THYMELEAF]             * [* {th:pubdate,data-th-pubdate}] [1000]: org.thymeleaf.standard.processor.StandardConditionalFixedValueTagProcessor
[THYMELEAF]             * [* {th:controls,data-th-controls}] [1000]: org.thymeleaf.standard.processor.StandardConditionalFixedValueTagProcessor
[THYMELEAF]             * [* {th:async,data-th-async}] [1000]: org.thymeleaf.standard.processor.StandardConditionalFixedValueTagProcessor
[THYMELEAF]             * [* {th:readonly,data-th-readonly}] [1000]: org.thymeleaf.standard.processor.StandardConditionalFixedValueTagProcessor
[THYMELEAF]             * [* {th:ismap,data-th-ismap}] [1000]: org.thymeleaf.standard.processor.StandardConditionalFixedValueTagProcessor
[THYMELEAF]             * [* {th:required,data-th-required}] [1000]: org.thymeleaf.standard.processor.StandardConditionalFixedValueTagProcessor
[THYMELEAF]             * [* {th:hidden,data-th-hidden}] [1000]: org.thymeleaf.standard.processor.StandardConditionalFixedValueTagProcessor
[THYMELEAF]             * [* {th:loop,data-th-loop}] [1000]: org.thymeleaf.standard.processor.StandardConditionalFixedValueTagProcessor
[THYMELEAF]             * [* {th:scoped,data-th-scoped}] [1000]: org.thymeleaf.standard.processor.StandardConditionalFixedValueTagProcessor
[THYMELEAF]             * [* {th:reversed,data-th-reversed}] [1000]: org.thymeleaf.standard.processor.StandardConditionalFixedValueTagProcessor
[THYMELEAF]             * [* {th:autoplay,data-th-autoplay}] [1000]: org.thymeleaf.standard.processor.StandardConditionalFixedValueTagProcessor
[THYMELEAF]             * [* {th:formnovalidate,data-th-formnovalidate}] [1000]: org.thymeleaf.standard.processor.StandardConditionalFixedValueTagProcessor
[THYMELEAF]             * [* {th:defer,data-th-defer}] [1000]: org.thymeleaf.standard.processor.StandardConditionalFixedValueTagProcessor
[THYMELEAF]             * [* {th:seamless,data-th-seamless}] [1000]: org.thymeleaf.standard.processor.StandardConditionalFixedValueTagProcessor
[THYMELEAF]             * [* {th:disabled,data-th-disabled}] [1000]: org.thymeleaf.standard.processor.StandardConditionalFixedValueTagProcessor
[THYMELEAF]             * [* {th:checked,data-th-checked}] [1000]: org.thymeleaf.standard.processor.StandardConditionalFixedValueTagProcessor
[THYMELEAF]             * [* {th:multiple,data-th-multiple}] [1000]: org.thymeleaf.standard.processor.StandardConditionalFixedValueTagProcessor
[THYMELEAF]             * [* {th:declare,data-th-declare}] [1000]: org.thymeleaf.standard.processor.StandardConditionalFixedValueTagProcessor
[THYMELEAF]             * [* {th:ondragenter,data-th-ondragenter}] [1000]: org.thymeleaf.standard.processor.StandardDOMEventAttributeTagProcessor
[THYMELEAF]             * [* {th:onplaying,data-th-onplaying}] [1000]: org.thymeleaf.standard.processor.StandardDOMEventAttributeTagProcessor
[THYMELEAF]             * [* {th:onscroll,data-th-onscroll}] [1000]: org.thymeleaf.standard.processor.StandardDOMEventAttributeTagProcessor
[THYMELEAF]             * [* {th:onbeforeprint,data-th-onbeforeprint}] [1000]: org.thymeleaf.standard.processor.StandardDOMEventAttributeTagProcessor
[THYMELEAF]             * [* {th:onoffline,data-th-onoffline}] [1000]: org.thymeleaf.standard.processor.StandardDOMEventAttributeTagProcessor
[THYMELEAF]             * [* {th:ondragover,data-th-ondragover}] [1000]: org.thymeleaf.standard.processor.StandardDOMEventAttributeTagProcessor
[THYMELEAF]             * [* {th:onseeking,data-th-onseeking}] [1000]: org.thymeleaf.standard.processor.StandardDOMEventAttributeTagProcessor
[THYMELEAF]             * [* {th:onprogress,data-th-onprogress}] [1000]: org.thymeleaf.standard.processor.StandardDOMEventAttributeTagProcessor
[THYMELEAF]             * [* {th:onload,data-th-onload}] [1000]: org.thymeleaf.standard.processor.StandardDOMEventAttributeTagProcessor
[THYMELEAF]             * [* {th:onloadeddata,data-th-onloadeddata}] [1000]: org.thymeleaf.standard.processor.StandardDOMEventAttributeTagProcessor
[THYMELEAF]             * [* {th:onreset,data-th-onreset}] [1000]: org.thymeleaf.standard.processor.StandardDOMEventAttributeTagProcessor
[THYMELEAF]             * [* {th:onblur,data-th-onblur}] [1000]: org.thymeleaf.standard.processor.StandardDOMEventAttributeTagProcessor
[THYMELEAF]             * [* {th:ondragleave,data-th-ondragleave}] [1000]: org.thymeleaf.standard.processor.StandardDOMEventAttributeTagProcessor
[THYMELEAF]             * [* {th:oncanplaythrough,data-th-oncanplaythrough}] [1000]: org.thymeleaf.standard.processor.StandardDOMEventAttributeTagProcessor
[THYMELEAF]             * [* {th:onmessage,data-th-onmessage}] [1000]: org.thymeleaf.standard.processor.StandardDOMEventAttributeTagProcessor
[THYMELEAF]             * [* {th:onselect,data-th-onselect}] [1000]: org.thymeleaf.standard.processor.StandardDOMEventAttributeTagProcessor
[THYMELEAF]             * [* {th:onkeyup,data-th-onkeyup}] [1000]: org.thymeleaf.standard.processor.StandardDOMEventAttributeTagProcessor
[THYMELEAF]             * [* {th:onerror,data-th-onerror}] [1000]: org.thymeleaf.standard.processor.StandardDOMEventAttributeTagProcessor
[THYMELEAF]             * [* {th:onstalled,data-th-onstalled}] [1000]: org.thymeleaf.standard.processor.StandardDOMEventAttributeTagProcessor
[THYMELEAF]             * [* {th:onvolumechange,data-th-onvolumechange}] [1000]: org.thymeleaf.standard.processor.StandardDOMEventAttributeTagProcessor
[THYMELEAF]             * [* {th:onreadystatechange,data-th-onreadystatechange}] [1000]: org.thymeleaf.standard.processor.StandardDOMEventAttributeTagProcessor
[THYMELEAF]             * [* {th:ondblclick,data-th-ondblclick}] [1000]: org.thymeleaf.standard.processor.StandardDOMEventAttributeTagProcessor
[THYMELEAF]             * [* {th:onundo,data-th-onundo}] [1000]: org.thymeleaf.standard.processor.StandardDOMEventAttributeTagProcessor
[THYMELEAF]             * [* {th:onafterprint,data-th-onafterprint}] [1000]: org.thymeleaf.standard.processor.StandardDOMEventAttributeTagProcessor
[THYMELEAF]             * [* {th:onclick,data-th-onclick}] [1000]: org.thymeleaf.standard.processor.StandardDOMEventAttributeTagProcessor
[THYMELEAF]             * [* {th:onpopstate,data-th-onpopstate}] [1000]: org.thymeleaf.standard.processor.StandardDOMEventAttributeTagProcessor
[THYMELEAF]             * [* {th:ondragend,data-th-ondragend}] [1000]: org.thymeleaf.standard.processor.StandardDOMEventAttributeTagProcessor
[THYMELEAF]             * [* {th:onmouseout,data-th-onmouseout}] [1000]: org.thymeleaf.standard.processor.StandardDOMEventAttributeTagProcessor
[THYMELEAF]             * [* {th:onplay,data-th-onplay}] [1000]: org.thymeleaf.standard.processor.StandardDOMEventAttributeTagProcessor
[THYMELEAF]             * [* {th:ondrag,data-th-ondrag}] [1000]: org.thymeleaf.standard.processor.StandardDOMEventAttributeTagProcessor
[THYMELEAF]             * [* {th:ondurationchange,data-th-ondurationchange}] [1000]: org.thymeleaf.standard.processor.StandardDOMEventAttributeTagProcessor
[THYMELEAF]             * [* {th:onhashchange,data-th-onhashchange}] [1000]: org.thymeleaf.standard.processor.StandardDOMEventAttributeTagProcessor
[THYMELEAF]             * [* {th:oncontextmenu,data-th-oncontextmenu}] [1000]: org.thymeleaf.standard.processor.StandardDOMEventAttributeTagProcessor
[THYMELEAF]             * [* {th:onseeked,data-th-onseeked}] [1000]: org.thymeleaf.standard.processor.StandardDOMEventAttributeTagProcessor
[THYMELEAF]             * [* {th:onresize,data-th-onresize}] [1000]: org.thymeleaf.standard.processor.StandardDOMEventAttributeTagProcessor
[THYMELEAF]             * [* {th:onshow,data-th-onshow}] [1000]: org.thymeleaf.standard.processor.StandardDOMEventAttributeTagProcessor
[THYMELEAF]             * [* {th:onsubmit,data-th-onsubmit}] [1000]: org.thymeleaf.standard.processor.StandardDOMEventAttributeTagProcessor
[THYMELEAF]             * [* {th:oninput,data-th-oninput}] [1000]: org.thymeleaf.standard.processor.StandardDOMEventAttributeTagProcessor
[THYMELEAF]             * [* {th:onunload,data-th-onunload}] [1000]: org.thymeleaf.standard.processor.StandardDOMEventAttributeTagProcessor
[THYMELEAF]             * [* {th:onmouseover,data-th-onmouseover}] [1000]: org.thymeleaf.standard.processor.StandardDOMEventAttributeTagProcessor
[THYMELEAF]             * [* {th:oncanplay,data-th-oncanplay}] [1000]: org.thymeleaf.standard.processor.StandardDOMEventAttributeTagProcessor
[THYMELEAF]             * [* {th:ontimeupdate,data-th-ontimeupdate}] [1000]: org.thymeleaf.standard.processor.StandardDOMEventAttributeTagProcessor
[THYMELEAF]             * [* {th:onabort,data-th-onabort}] [1000]: org.thymeleaf.standard.processor.StandardDOMEventAttributeTagProcessor
[THYMELEAF]             * [* {th:onloadstart,data-th-onloadstart}] [1000]: org.thymeleaf.standard.processor.StandardDOMEventAttributeTagProcessor
[THYMELEAF]             * [* {th:onfocus,data-th-onfocus}] [1000]: org.thymeleaf.standard.processor.StandardDOMEventAttributeTagProcessor
[THYMELEAF]             * [* {th:onforminput,data-th-onforminput}] [1000]: org.thymeleaf.standard.processor.StandardDOMEventAttributeTagProcessor
[THYMELEAF]             * [* {th:onkeypress,data-th-onkeypress}] [1000]: org.thymeleaf.standard.processor.StandardDOMEventAttributeTagProcessor
[THYMELEAF]             * [* {th:ondragstart,data-th-ondragstart}] [1000]: org.thymeleaf.standard.processor.StandardDOMEventAttributeTagProcessor
[THYMELEAF]             * [* {th:onmouseup,data-th-onmouseup}] [1000]: org.thymeleaf.standard.processor.StandardDOMEventAttributeTagProcessor
[THYMELEAF]             * [* {th:onformchange,data-th-onformchange}] [1000]: org.thymeleaf.standard.processor.StandardDOMEventAttributeTagProcessor
[THYMELEAF]             * [* {th:onsuspend,data-th-onsuspend}] [1000]: org.thymeleaf.standard.processor.StandardDOMEventAttributeTagProcessor
[THYMELEAF]             * [* {th:onratechange,data-th-onratechange}] [1000]: org.thymeleaf.standard.processor.StandardDOMEventAttributeTagProcessor
[THYMELEAF]             * [* {th:ononline,data-th-ononline}] [1000]: org.thymeleaf.standard.processor.StandardDOMEventAttributeTagProcessor
[THYMELEAF]             * [* {th:onemptied,data-th-onemptied}] [1000]: org.thymeleaf.standard.processor.StandardDOMEventAttributeTagProcessor
[THYMELEAF]             * [* {th:onstorage,data-th-onstorage}] [1000]: org.thymeleaf.standard.processor.StandardDOMEventAttributeTagProcessor
[THYMELEAF]             * [* {th:onchange,data-th-onchange}] [1000]: org.thymeleaf.standard.processor.StandardDOMEventAttributeTagProcessor
[THYMELEAF]             * [* {th:onmousewheel,data-th-onmousewheel}] [1000]: org.thymeleaf.standard.processor.StandardDOMEventAttributeTagProcessor
[THYMELEAF]             * [* {th:onbeforeunload,data-th-onbeforeunload}] [1000]: org.thymeleaf.standard.processor.StandardDOMEventAttributeTagProcessor
[THYMELEAF]             * [* {th:onended,data-th-onended}] [1000]: org.thymeleaf.standard.processor.StandardDOMEventAttributeTagProcessor
[THYMELEAF]             * [* {th:onredo,data-th-onredo}] [1000]: org.thymeleaf.standard.processor.StandardDOMEventAttributeTagProcessor
[THYMELEAF]             * [* {th:onpause,data-th-onpause}] [1000]: org.thymeleaf.standard.processor.StandardDOMEventAttributeTagProcessor
[THYMELEAF]             * [* {th:onwaiting,data-th-onwaiting}] [1000]: org.thymeleaf.standard.processor.StandardDOMEventAttributeTagProcessor
[THYMELEAF]             * [* {th:onkeydown,data-th-onkeydown}] [1000]: org.thymeleaf.standard.processor.StandardDOMEventAttributeTagProcessor
[THYMELEAF]             * [* {th:onloadedmetadata,data-th-onloadedmetadata}] [1000]: org.thymeleaf.standard.processor.StandardDOMEventAttributeTagProcessor
[THYMELEAF]             * [* {th:oninvalid,data-th-oninvalid}] [1000]: org.thymeleaf.standard.processor.StandardDOMEventAttributeTagProcessor
[THYMELEAF]             * [* {th:onmousemove,data-th-onmousemove}] [1000]: org.thymeleaf.standard.processor.StandardDOMEventAttributeTagProcessor
[THYMELEAF]             * [* {th:onmousedown,data-th-onmousedown}] [1000]: org.thymeleaf.standard.processor.StandardDOMEventAttributeTagProcessor
[THYMELEAF]             * [* {th:ondrop,data-th-ondrop}] [1000]: org.thymeleaf.standard.processor.StandardDOMEventAttributeTagProcessor
[THYMELEAF]             * [* {th:href,data-th-href}] [1000]: org.thymeleaf.standard.processor.StandardHrefTagProcessor
[THYMELEAF]             * [* {th:inline,data-th-inline}] [1000]: org.thymeleaf.standard.processor.StandardInlineHTMLTagProcessor
[THYMELEAF]             * [* {th:method,data-th-method}] [1000]: org.thymeleaf.standard.processor.StandardMethodTagProcessor
[THYMELEAF]             * [* {th:type,data-th-type}] [1000]: org.thymeleaf.standard.processor.StandardNonRemovableAttributeTagProcessor
[THYMELEAF]             * [* {th:name,data-th-name}] [1000]: org.thymeleaf.standard.processor.StandardNonRemovableAttributeTagProcessor
[THYMELEAF]             * [* {th:marginheight,data-th-marginheight}] [1000]: org.thymeleaf.standard.processor.StandardRemovableAttributeTagProcessor
[THYMELEAF]             * [* {th:formmethod,data-th-formmethod}] [1000]: org.thymeleaf.standard.processor.StandardRemovableAttributeTagProcessor
[THYMELEAF]             * [* {th:longdesc,data-th-longdesc}] [1000]: org.thymeleaf.standard.processor.StandardRemovableAttributeTagProcessor
[THYMELEAF]             * [* {th:poster,data-th-poster}] [1000]: org.thymeleaf.standard.processor.StandardRemovableAttributeTagProcessor
[THYMELEAF]             * [* {th:dir,data-th-dir}] [1000]: org.thymeleaf.standard.processor.StandardRemovableAttributeTagProcessor
[THYMELEAF]             * [* {th:list,data-th-list}] [1000]: org.thymeleaf.standard.processor.StandardRemovableAttributeTagProcessor
[THYMELEAF]             * [* {th:datetime,data-th-datetime}] [1000]: org.thymeleaf.standard.processor.StandardRemovableAttributeTagProcessor
[THYMELEAF]             * [* {th:min,data-th-min}] [1000]: org.thymeleaf.standard.processor.StandardRemovableAttributeTagProcessor
[THYMELEAF]             * [* {th:audio,data-th-audio}] [1000]: org.thymeleaf.standard.processor.StandardRemovableAttributeTagProcessor
[THYMELEAF]             * [* {th:kind,data-th-kind}] [1000]: org.thymeleaf.standard.processor.StandardRemovableAttributeTagProcessor
[THYMELEAF]             * [* {th:width,data-th-width}] [1000]: org.thymeleaf.standard.processor.StandardRemovableAttributeTagProcessor
[THYMELEAF]             * [* {th:scrolling,data-th-scrolling}] [1000]: org.thymeleaf.standard.processor.StandardRemovableAttributeTagProcessor
[THYMELEAF]             * [* {th:cols,data-th-cols}] [1000]: org.thymeleaf.standard.processor.StandardRemovableAttributeTagProcessor
[THYMELEAF]             * [* {th:charset,data-th-charset}] [1000]: org.thymeleaf.standard.processor.StandardRemovableAttributeTagProcessor
[THYMELEAF]             * [* {th:keytype,data-th-keytype}] [1000]: org.thymeleaf.standard.processor.StandardRemovableAttributeTagProcessor
[THYMELEAF]             * [* {th:accept-charset,data-th-accept-charset}] [1000]: org.thymeleaf.standard.processor.StandardRemovableAttributeTagProcessor
[THYMELEAF]             * [* {th:bgcolor,data-th-bgcolor}] [1000]: org.thymeleaf.standard.processor.StandardRemovableAttributeTagProcessor
[THYMELEAF]             * [* {th:label,data-th-label}] [1000]: org.thymeleaf.standard.processor.StandardRemovableAttributeTagProcessor
[THYMELEAF]             * [* {th:sizes,data-th-sizes}] [1000]: org.thymeleaf.standard.processor.StandardRemovableAttributeTagProcessor
[THYMELEAF]             * [* {th:autocomplete,data-th-autocomplete}] [1000]: org.thymeleaf.standard.processor.StandardRemovableAttributeTagProcessor
[THYMELEAF]             * [* {th:content,data-th-content}] [1000]: org.thymeleaf.standard.processor.StandardRemovableAttributeTagProcessor
[THYMELEAF]             * [* {th:formaction,data-th-formaction}] [1000]: org.thymeleaf.standard.processor.StandardRemovableAttributeTagProcessor
[THYMELEAF]             * [* {th:height,data-th-height}] [1000]: org.thymeleaf.standard.processor.StandardRemovableAttributeTagProcessor
[THYMELEAF]             * [* {th:pattern,data-th-pattern}] [1000]: org.thymeleaf.standard.processor.StandardRemovableAttributeTagProcessor
[THYMELEAF]             * [* {th:http-equiv,data-th-http-equiv}] [1000]: org.thymeleaf.standard.processor.StandardRemovableAttributeTagProcessor
[THYMELEAF]             * [* {th:class,data-th-class}] [1000]: org.thymeleaf.standard.processor.StandardRemovableAttributeTagProcessor
[THYMELEAF]             * [* {th:codebase,data-th-codebase}] [1000]: org.thymeleaf.standard.processor.StandardRemovableAttributeTagProcessor
[THYMELEAF]             * [* {th:form,data-th-form}] [1000]: org.thymeleaf.standard.processor.StandardRemovableAttributeTagProcessor
[THYMELEAF]             * [* {th:span,data-th-span}] [1000]: org.thymeleaf.standard.processor.StandardRemovableAttributeTagProcessor
[THYMELEAF]             * [* {th:srclang,data-th-srclang}] [1000]: org.thymeleaf.standard.processor.StandardRemovableAttributeTagProcessor
[THYMELEAF]             * [* {th:wrap,data-th-wrap}] [1000]: org.thymeleaf.standard.processor.StandardRemovableAttributeTagProcessor
[THYMELEAF]             * [* {th:border,data-th-border}] [1000]: org.thymeleaf.standard.processor.StandardRemovableAttributeTagProcessor
[THYMELEAF]             * [* {th:colspan,data-th-colspan}] [1000]: org.thymeleaf.standard.processor.StandardRemovableAttributeTagProcessor
[THYMELEAF]             * [* {th:contenteditable,data-th-contenteditable}] [1000]: org.thymeleaf.standard.processor.StandardRemovableAttributeTagProcessor
[THYMELEAF]             * [* {th:vspace,data-th-vspace}] [1000]: org.thymeleaf.standard.processor.StandardRemovableAttributeTagProcessor
[THYMELEAF]             * [* {th:style,data-th-style}] [1000]: org.thymeleaf.standard.processor.StandardRemovableAttributeTagProcessor
[THYMELEAF]             * [* {th:cellspacing,data-th-cellspacing}] [1000]: org.thymeleaf.standard.processor.StandardRemovableAttributeTagProcessor
[THYMELEAF]             * [* {th:cellpadding,data-th-cellpadding}] [1000]: org.thymeleaf.standard.processor.StandardRemovableAttributeTagProcessor
[THYMELEAF]             * [* {th:compact,data-th-compact}] [1000]: org.thymeleaf.standard.processor.StandardRemovableAttributeTagProcessor
[THYMELEAF]             * [* {th:size,data-th-size}] [1000]: org.thymeleaf.standard.processor.StandardRemovableAttributeTagProcessor
[THYMELEAF]             * [* {th:align,data-th-align}] [1000]: org.thymeleaf.standard.processor.StandardRemovableAttributeTagProcessor
[THYMELEAF]             * [* {th:alt,data-th-alt}] [1000]: org.thymeleaf.standard.processor.StandardRemovableAttributeTagProcessor
[THYMELEAF]             * [* {th:tabindex,data-th-tabindex}] [1000]: org.thymeleaf.standard.processor.StandardRemovableAttributeTagProcessor
[THYMELEAF]             * [* {th:dropzone,data-th-dropzone}] [1000]: org.thymeleaf.standard.processor.StandardRemovableAttributeTagProcessor
[THYMELEAF]             * [* {th:formtarget,data-th-formtarget}] [1000]: org.thymeleaf.standard.processor.StandardRemovableAttributeTagProcessor
[THYMELEAF]             * [* {th:manifest,data-th-manifest}] [1000]: org.thymeleaf.standard.processor.StandardRemovableAttributeTagProcessor
[THYMELEAF]             * [* {th:summary,data-th-summary}] [1000]: org.thymeleaf.standard.processor.StandardRemovableAttributeTagProcessor
[THYMELEAF]             * [* {th:accept,data-th-accept}] [1000]: org.thymeleaf.standard.processor.StandardRemovableAttributeTagProcessor
[THYMELEAF]             * [* {th:rows,data-th-rows}] [1000]: org.thymeleaf.standard.processor.StandardRemovableAttributeTagProcessor
[THYMELEAF]             * [* {th:high,data-th-high}] [1000]: org.thymeleaf.standard.processor.StandardRemovableAttributeTagProcessor
[THYMELEAF]             * [* {th:frame,data-th-frame}] [1000]: org.thymeleaf.standard.processor.StandardRemovableAttributeTagProcessor
[THYMELEAF]             * [* {th:data,data-th-data}] [1000]: org.thymeleaf.standard.processor.StandardRemovableAttributeTagProcessor
[THYMELEAF]             * [* {th:background,data-th-background}] [1000]: org.thymeleaf.standard.processor.StandardRemovableAttributeTagProcessor
[THYMELEAF]             * [* {th:usemap,data-th-usemap}] [1000]: org.thymeleaf.standard.processor.StandardRemovableAttributeTagProcessor
[THYMELEAF]             * [* {th:axis,data-th-axis}] [1000]: org.thymeleaf.standard.processor.StandardRemovableAttributeTagProcessor
[THYMELEAF]             * [* {th:contextmenu,data-th-contextmenu}] [1000]: org.thymeleaf.standard.processor.StandardRemovableAttributeTagProcessor
[THYMELEAF]             * [* {th:enctype,data-th-enctype}] [1000]: org.thymeleaf.standard.processor.StandardRemovableAttributeTagProcessor
[THYMELEAF]             * [* {th:icon,data-th-icon}] [1000]: org.thymeleaf.standard.processor.StandardRemovableAttributeTagProcessor
[THYMELEAF]             * [* {th:cite,data-th-cite}] [1000]: org.thymeleaf.standard.processor.StandardRemovableAttributeTagProcessor
[THYMELEAF]             * [* {th:hspace,data-th-hspace}] [1000]: org.thymeleaf.standard.processor.StandardRemovableAttributeTagProcessor
[THYMELEAF]             * [* {th:start,data-th-start}] [1000]: org.thymeleaf.standard.processor.StandardRemovableAttributeTagProcessor
[THYMELEAF]             * [* {th:placeholder,data-th-placeholder}] [1000]: org.thymeleaf.standard.processor.StandardRemovableAttributeTagProcessor
[THYMELEAF]             * [* {th:target,data-th-target}] [1000]: org.thymeleaf.standard.processor.StandardRemovableAttributeTagProcessor
[THYMELEAF]             * [* {th:low,data-th-low}] [1000]: org.thymeleaf.standard.processor.StandardRemovableAttributeTagProcessor
[THYMELEAF]             * [* {th:hreflang,data-th-hreflang}] [1000]: org.thymeleaf.standard.processor.StandardRemovableAttributeTagProcessor
[THYMELEAF]             * [* {th:lang,data-th-lang}] [1000]: org.thymeleaf.standard.processor.StandardRemovableAttributeTagProcessor
[THYMELEAF]             * [* {th:formenctype,data-th-formenctype}] [1000]: org.thymeleaf.standard.processor.StandardRemovableAttributeTagProcessor
[THYMELEAF]             * [* {th:rel,data-th-rel}] [1000]: org.thymeleaf.standard.processor.StandardRemovableAttributeTagProcessor
[THYMELEAF]             * [* {th:preload,data-th-preload}] [1000]: org.thymeleaf.standard.processor.StandardRemovableAttributeTagProcessor
[THYMELEAF]             * [* {th:optimum,data-th-optimum}] [1000]: org.thymeleaf.standard.processor.StandardRemovableAttributeTagProcessor
[THYMELEAF]             * [* {th:abbr,data-th-abbr}] [1000]: org.thymeleaf.standard.processor.StandardRemovableAttributeTagProcessor
[THYMELEAF]             * [* {th:id,data-th-id}] [1000]: org.thymeleaf.standard.processor.StandardRemovableAttributeTagProcessor
[THYMELEAF]             * [* {th:sandbox,data-th-sandbox}] [1000]: org.thymeleaf.standard.processor.StandardRemovableAttributeTagProcessor
[THYMELEAF]             * [* {th:rev,data-th-rev}] [1000]: org.thymeleaf.standard.processor.StandardRemovableAttributeTagProcessor
[THYMELEAF]             * [* {th:scope,data-th-scope}] [1000]: org.thymeleaf.standard.processor.StandardRemovableAttributeTagProcessor
[THYMELEAF]             * [* {th:accesskey,data-th-accesskey}] [1000]: org.thymeleaf.standard.processor.StandardRemovableAttributeTagProcessor
[THYMELEAF]             * [* {th:rules,data-th-rules}] [1000]: org.thymeleaf.standard.processor.StandardRemovableAttributeTagProcessor
[THYMELEAF]             * [* {th:draggable,data-th-draggable}] [1000]: org.thymeleaf.standard.processor.StandardRemovableAttributeTagProcessor
[THYMELEAF]             * [* {th:codetype,data-th-codetype}] [1000]: org.thymeleaf.standard.processor.StandardRemovableAttributeTagProcessor
[THYMELEAF]             * [* {th:spellcheck,data-th-spellcheck}] [1000]: org.thymeleaf.standard.processor.StandardRemovableAttributeTagProcessor
[THYMELEAF]             * [* {th:scheme,data-th-scheme}] [1000]: org.thymeleaf.standard.processor.StandardRemovableAttributeTagProcessor
[THYMELEAF]             * [* {th:maxlength,data-th-maxlength}] [1000]: org.thymeleaf.standard.processor.StandardRemovableAttributeTagProcessor
[THYMELEAF]             * [* {th:marginwidth,data-th-marginwidth}] [1000]: org.thymeleaf.standard.processor.StandardRemovableAttributeTagProcessor
[THYMELEAF]             * [* {th:headers,data-th-headers}] [1000]: org.thymeleaf.standard.processor.StandardRemovableAttributeTagProcessor
[THYMELEAF]             * [* {th:classid,data-th-classid}] [1000]: org.thymeleaf.standard.processor.StandardRemovableAttributeTagProcessor
[THYMELEAF]             * [* {th:radiogroup,data-th-radiogroup}] [1000]: org.thymeleaf.standard.processor.StandardRemovableAttributeTagProcessor
[THYMELEAF]             * [* {th:for,data-th-for}] [1000]: org.thymeleaf.standard.processor.StandardRemovableAttributeTagProcessor
[THYMELEAF]             * [* {th:standby,data-th-standby}] [1000]: org.thymeleaf.standard.processor.StandardRemovableAttributeTagProcessor
[THYMELEAF]             * [* {th:archive,data-th-archive}] [1000]: org.thymeleaf.standard.processor.StandardRemovableAttributeTagProcessor
[THYMELEAF]             * [* {th:title,data-th-title}] [1000]: org.thymeleaf.standard.processor.StandardRemovableAttributeTagProcessor
[THYMELEAF]             * [* {th:valuetype,data-th-valuetype}] [1000]: org.thymeleaf.standard.processor.StandardRemovableAttributeTagProcessor
[THYMELEAF]             * [* {th:challenge,data-th-challenge}] [1000]: org.thymeleaf.standard.processor.StandardRemovableAttributeTagProcessor
[THYMELEAF]             * [* {th:media,data-th-media}] [1000]: org.thymeleaf.standard.processor.StandardRemovableAttributeTagProcessor
[THYMELEAF]             * [* {th:frameborder,data-th-frameborder}] [1000]: org.thymeleaf.standard.processor.StandardRemovableAttributeTagProcessor
[THYMELEAF]             * [* {th:step,data-th-step}] [1000]: org.thymeleaf.standard.processor.StandardRemovableAttributeTagProcessor
[THYMELEAF]             * [* {th:max,data-th-max}] [1000]: org.thymeleaf.standard.processor.StandardRemovableAttributeTagProcessor
[THYMELEAF]             * [* {th:rowspan,data-th-rowspan}] [1000]: org.thymeleaf.standard.processor.StandardRemovableAttributeTagProcessor
[THYMELEAF]             * [* {th:src,data-th-src}] [1000]: org.thymeleaf.standard.processor.StandardSrcTagProcessor
[THYMELEAF]             * [* {th:value,data-th-value}] [1000]: org.thymeleaf.standard.processor.StandardValueTagProcessor
[THYMELEAF]             * [* {th:xmlbase,data-th-xmlbase}] [1000]: org.thymeleaf.standard.processor.StandardXmlBaseTagProcessor
[THYMELEAF]             * [* {th:xmllang,data-th-xmllang}] [1000]: org.thymeleaf.standard.processor.StandardXmlLangTagProcessor
[THYMELEAF]             * [* {xmlns:th}] [1000]: org.thymeleaf.standard.processor.StandardXmlNsTagProcessor
[THYMELEAF]             * [* {th:xmlspace,data-th-xmlspace}] [1000]: org.thymeleaf.standard.processor.StandardXmlSpaceTagProcessor
[THYMELEAF]             * [* {th:classappend,data-th-classappend}] [1100]: org.thymeleaf.standard.processor.StandardClassappendTagProcessor
[THYMELEAF]             * [* {th:styleappend,data-th-styleappend}] [1100]: org.thymeleaf.standard.processor.StandardStyleappendTagProcessor
[THYMELEAF]             * [* {th:text,data-th-text}] [1300]: org.thymeleaf.standard.processor.StandardTextTagProcessor
[THYMELEAF]             * [* {th:utext,data-th-utext}] [1400]: org.thymeleaf.standard.processor.StandardUtextTagProcessor
[THYMELEAF]             * [* {th:fragment,data-th-fragment}] [1500]: org.thymeleaf.standard.processor.StandardFragmentTagProcessor
[THYMELEAF]             * [* {th:assert,data-th-assert}] [1550]: org.thymeleaf.standard.processor.StandardAssertTagProcessor
[THYMELEAF]             * [* {th:remove,data-th-remove}] [1600]: org.thymeleaf.standard.processor.StandardRemoveTagProcessor
[THYMELEAF]             * [* {th:ref,data-th-ref}] [10000]: org.thymeleaf.standard.processor.StandardRefAttributeTagProcessor
[THYMELEAF]             * [{th:block,th-block} *] [100000]: org.thymeleaf.standard.processor.StandardBlockTagProcessor
[THYMELEAF]             * [* th:*] [2147483647]: org.thymeleaf.standard.processor.StandardDefaultAttributesTagProcessor
[THYMELEAF]         * Text Processors by [precedence]:
[THYMELEAF]             * [1000]: org.thymeleaf.standard.processor.StandardInliningTextProcessor
[THYMELEAF]         * DOCTYPE Processors by [precedence]:
[THYMELEAF]             * [1000]: org.thymeleaf.standard.processor.StandardTranslationDocTypeProcessor
[THYMELEAF]         * CDATA Section Processors by [precedence]:
[THYMELEAF]             * [1000]: org.thymeleaf.standard.processor.StandardInliningCDATASectionProcessor
[THYMELEAF]         * Comment Processors by [precedence]:
[THYMELEAF]             * [1000]: org.thymeleaf.standard.processor.StandardInliningCommentProcessor
[THYMELEAF]             * [1100]: org.thymeleaf.standard.processor.StandardConditionalCommentProcessor
[THYMELEAF]     * Processors for Template Mode: XML
[THYMELEAF]         * Element Tag Processors by [matching element and attribute name] [precedence]:
[THYMELEAF]             * [* {th:include}] [100]: org.thymeleaf.standard.processor.StandardIncludeTagProcessor
[THYMELEAF]             * [* {th:insert}] [100]: org.thymeleaf.standard.processor.StandardInsertTagProcessor
[THYMELEAF]             * [* {th:replace}] [100]: org.thymeleaf.standard.processor.StandardReplaceTagProcessor
[THYMELEAF]             * [* {th:each}] [200]: com.intuit.karate.template.KarateEachTagProcessor
[THYMELEAF]             * [* {th:switch}] [250]: org.thymeleaf.standard.processor.StandardSwitchTagProcessor
[THYMELEAF]             * [* {th:case}] [275]: org.thymeleaf.standard.processor.StandardCaseTagProcessor
[THYMELEAF]             * [* {th:if}] [300]: org.thymeleaf.standard.processor.StandardIfTagProcessor
[THYMELEAF]             * [* {th:unless}] [400]: org.thymeleaf.standard.processor.StandardUnlessTagProcessor
[THYMELEAF]             * [* {th:object}] [500]: org.thymeleaf.standard.processor.StandardObjectTagProcessor
[THYMELEAF]             * [* {th:with}] [600]: com.intuit.karate.template.KarateWithTagProcessor
[THYMELEAF]             * [* {th:attr}] [700]: com.intuit.karate.template.KarateAttributeTagProcessor.KarateAttrTagProcessor
[THYMELEAF]             * [* {th:attrappend}] [900]: com.intuit.karate.template.KarateAttributeTagProcessor.KarateAttrappendTagProcessor
[THYMELEAF]             * [* {th:attrprepend}] [900]: com.intuit.karate.template.KarateAttributeTagProcessor.KarateAttrprependTagProcessor
[THYMELEAF]             * [* {th:inline}] [1000]: org.thymeleaf.standard.processor.StandardInlineXMLTagProcessor
[THYMELEAF]             * [* {xmlns:th}] [1000]: org.thymeleaf.standard.processor.StandardXmlNsTagProcessor
[THYMELEAF]             * [* {th:text}] [1300]: org.thymeleaf.standard.processor.StandardTextTagProcessor
[THYMELEAF]             * [* {th:utext}] [1400]: org.thymeleaf.standard.processor.StandardUtextTagProcessor
[THYMELEAF]             * [* {th:fragment}] [1500]: org.thymeleaf.standard.processor.StandardFragmentTagProcessor
[THYMELEAF]             * [* {th:assert}] [1550]: org.thymeleaf.standard.processor.StandardAssertTagProcessor
[THYMELEAF]             * [* {th:remove}] [1600]: org.thymeleaf.standard.processor.StandardRemoveTagProcessor
[THYMELEAF]             * [* {th:ref}] [10000]: org.thymeleaf.standard.processor.StandardRefAttributeTagProcessor
[THYMELEAF]             * [{th:block} *] [100000]: org.thymeleaf.standard.processor.StandardBlockTagProcessor
[THYMELEAF]             * [* th:*] [2147483647]: org.thymeleaf.standard.processor.StandardDefaultAttributesTagProcessor
[THYMELEAF]         * Text Processors by [precedence]:
[THYMELEAF]             * [1000]: org.thymeleaf.standard.processor.StandardInliningTextProcessor
[THYMELEAF]         * CDATA Section Processors by [precedence]:
[THYMELEAF]             * [1000]: org.thymeleaf.standard.processor.StandardInliningCDATASectionProcessor
[THYMELEAF]         * Comment Processors by [precedence]:
[THYMELEAF]             * [1000]: org.thymeleaf.standard.processor.StandardInliningCommentProcessor
[THYMELEAF]     * Processors for Template Mode: TEXT
[THYMELEAF]         * Element Tag Processors by [matching element and attribute name] [precedence]:
[THYMELEAF]             * [* {th:insert}] [100]: org.thymeleaf.standard.processor.StandardInsertTagProcessor
[THYMELEAF]             * [* {th:replace}] [100]: org.thymeleaf.standard.processor.StandardReplaceTagProcessor
[THYMELEAF]             * [* {th:each}] [200]: com.intuit.karate.template.KarateEachTagProcessor
[THYMELEAF]             * [* {th:switch}] [250]: org.thymeleaf.standard.processor.StandardSwitchTagProcessor
[THYMELEAF]             * [* {th:case}] [275]: org.thymeleaf.standard.processor.StandardCaseTagProcessor
[THYMELEAF]             * [* {th:if}] [300]: org.thymeleaf.standard.processor.StandardIfTagProcessor
[THYMELEAF]             * [* {th:unless}] [400]: org.thymeleaf.standard.processor.StandardUnlessTagProcessor
[THYMELEAF]             * [* {th:object}] [500]: org.thymeleaf.standard.processor.StandardObjectTagProcessor
[THYMELEAF]             * [* {th:with}] [600]: com.intuit.karate.template.KarateWithTagProcessor
[THYMELEAF]             * [* {th:inline}] [1000]: org.thymeleaf.standard.processor.StandardInlineTextualTagProcessor
[THYMELEAF]             * [* {th:text}] [1300]: org.thymeleaf.standard.processor.StandardTextTagProcessor
[THYMELEAF]             * [* {th:utext}] [1400]: org.thymeleaf.standard.processor.StandardUtextTagProcessor
[THYMELEAF]             * [* {th:assert}] [1550]: org.thymeleaf.standard.processor.StandardAssertTagProcessor
[THYMELEAF]             * [* {th:remove}] [1600]: org.thymeleaf.standard.processor.StandardRemoveTagProcessor
[THYMELEAF]             * [{th:block} *] [100000]: org.thymeleaf.standard.processor.StandardBlockTagProcessor
[THYMELEAF]             * [* 100000] [org.thymeleaf.standard.processor.StandardBlockTagProcessor]: {}
[THYMELEAF]         * Text Processors by [precedence]:
[THYMELEAF]             * [1000]: org.thymeleaf.standard.processor.StandardInliningTextProcessor
[THYMELEAF]     * Processors for Template Mode: JAVASCRIPT
[THYMELEAF]         * Element Tag Processors by [matching element and attribute name] [precedence]:
[THYMELEAF]             * [* {th:insert}] [100]: org.thymeleaf.standard.processor.StandardInsertTagProcessor
[THYMELEAF]             * [* {th:replace}] [100]: org.thymeleaf.standard.processor.StandardReplaceTagProcessor
[THYMELEAF]             * [* {th:each}] [200]: com.intuit.karate.template.KarateEachTagProcessor
[THYMELEAF]             * [* {th:switch}] [250]: org.thymeleaf.standard.processor.StandardSwitchTagProcessor
[THYMELEAF]             * [* {th:case}] [275]: org.thymeleaf.standard.processor.StandardCaseTagProcessor
[THYMELEAF]             * [* {th:if}] [300]: org.thymeleaf.standard.processor.StandardIfTagProcessor
[THYMELEAF]             * [* {th:unless}] [400]: org.thymeleaf.standard.processor.StandardUnlessTagProcessor
[THYMELEAF]             * [* {th:object}] [500]: org.thymeleaf.standard.processor.StandardObjectTagProcessor
[THYMELEAF]             * [* {th:with}] [600]: com.intuit.karate.template.KarateWithTagProcessor
[THYMELEAF]             * [* {th:inline}] [1000]: org.thymeleaf.standard.processor.StandardInlineTextualTagProcessor
[THYMELEAF]             * [* {th:text}] [1300]: org.thymeleaf.standard.processor.StandardTextTagProcessor
[THYMELEAF]             * [* {th:utext}] [1400]: org.thymeleaf.standard.processor.StandardUtextTagProcessor
[THYMELEAF]             * [* {th:assert}] [1550]: org.thymeleaf.standard.processor.StandardAssertTagProcessor
[THYMELEAF]             * [* {th:remove}] [1600]: org.thymeleaf.standard.processor.StandardRemoveTagProcessor
[THYMELEAF]             * [{th:block} *] [100000]: org.thymeleaf.standard.processor.StandardBlockTagProcessor
[THYMELEAF]             * [* 100000] [org.thymeleaf.standard.processor.StandardBlockTagProcessor]: {}
[THYMELEAF]         * Text Processors by [precedence]:
[THYMELEAF]             * [1000]: org.thymeleaf.standard.processor.StandardInliningTextProcessor
[THYMELEAF]     * Processors for Template Mode: CSS
[THYMELEAF]         * Element Tag Processors by [matching element and attribute name] [precedence]:
[THYMELEAF]             * [* {th:insert}] [100]: org.thymeleaf.standard.processor.StandardInsertTagProcessor
[THYMELEAF]             * [* {th:replace}] [100]: org.thymeleaf.standard.processor.StandardReplaceTagProcessor
[THYMELEAF]             * [* {th:each}] [200]: com.intuit.karate.template.KarateEachTagProcessor
[THYMELEAF]             * [* {th:switch}] [250]: org.thymeleaf.standard.processor.StandardSwitchTagProcessor
[THYMELEAF]             * [* {th:case}] [275]: org.thymeleaf.standard.processor.StandardCaseTagProcessor
[THYMELEAF]             * [* {th:if}] [300]: org.thymeleaf.standard.processor.StandardIfTagProcessor
[THYMELEAF]             * [* {th:unless}] [400]: org.thymeleaf.standard.processor.StandardUnlessTagProcessor
[THYMELEAF]             * [* {th:object}] [500]: org.thymeleaf.standard.processor.StandardObjectTagProcessor
[THYMELEAF]             * [* {th:with}] [600]: com.intuit.karate.template.KarateWithTagProcessor
[THYMELEAF]             * [* {th:inline}] [1000]: org.thymeleaf.standard.processor.StandardInlineTextualTagProcessor
[THYMELEAF]             * [* {th:text}] [1300]: org.thymeleaf.standard.processor.StandardTextTagProcessor
[THYMELEAF]             * [* {th:utext}] [1400]: org.thymeleaf.standard.processor.StandardUtextTagProcessor
[THYMELEAF]             * [* {th:assert}] [1550]: org.thymeleaf.standard.processor.StandardAssertTagProcessor
[THYMELEAF]             * [* {th:remove}] [1600]: org.thymeleaf.standard.processor.StandardRemoveTagProcessor
[THYMELEAF]             * [* 100000] [org.thymeleaf.standard.processor.StandardBlockTagProcessor]: {}
[THYMELEAF]             * [{th:block} *] [100000]: org.thymeleaf.standard.processor.StandardBlockTagProcessor
[THYMELEAF]         * Text Processors by [precedence]:
[THYMELEAF]             * [1000]: org.thymeleaf.standard.processor.StandardInliningTextProcessor
[THYMELEAF]     * Expression Objects:
[THYMELEAF]         * #ctx
[THYMELEAF]         * #root
[THYMELEAF]         * #vars
[THYMELEAF]         * #object
[THYMELEAF]         * #locale
[THYMELEAF]         * #conversions
[THYMELEAF]         * #uris
[THYMELEAF]         * #temporals
[THYMELEAF]         * #calendars
[THYMELEAF]         * #dates
[THYMELEAF]         * #bools
[THYMELEAF]         * #numbers
[THYMELEAF]         * #objects
[THYMELEAF]         * #strings
[THYMELEAF]         * #arrays
[THYMELEAF]         * #lists
[THYMELEAF]         * #sets
[THYMELEAF]         * #maps
[THYMELEAF]         * #aggregates
[THYMELEAF]         * #messages
[THYMELEAF]         * #ids
[THYMELEAF]         * #execInfo
[THYMELEAF]         * #request
[THYMELEAF]         * #response
[THYMELEAF]         * #session
[THYMELEAF]         * #servletContext
[THYMELEAF]     * Execution Attributes:
[THYMELEAF]         * "StandardExpressionParser": com.intuit.karate.template.KarateStandardDialect@2d3111a1
[THYMELEAF]         * "StandardJavaScriptSerializer": org.thymeleaf.standard.serializer.StandardJavaScriptSerializer@2435c6ae
[THYMELEAF]         * "StandardCSSSerializer": org.thymeleaf.standard.serializer.StandardCSSSerializer@574f9e36
[THYMELEAF]         * "StandardVariableExpressionEvaluator": com.intuit.karate.template.KarateStandardDialect@2d3111a1
[THYMELEAF]         * "StandardConversionService": org.thymeleaf.standard.expression.StandardConversionService@77db231c
[THYMELEAF] * Dialect [2 of 2]: karate (com.intuit.karate.template.KarateScriptDialect)
[THYMELEAF]     * Prefix: "ka"
[THYMELEAF]     * Processors for Template Mode: HTML
[THYMELEAF]         * Element Tag Processors by [matching element and attribute name] [precedence]:
[THYMELEAF]             * [* {src}] [1000]: com.intuit.karate.template.KaScriptAttrProcessor
[THYMELEAF]         * Element Model Processors by [matching element and attribute name] [precedence]:
[THYMELEAF]             * [{script} {ka:scope,data-ka-scope}] [1000]: com.intuit.karate.template.KaScriptElemProcessor
[THYMELEAF]             * [* {ka:set,data-ka-set}] [1000]: com.intuit.karate.template.KaSetElemProcessor
[THYMELEAF] TEMPLATE ENGINE CONFIGURED OK
12:54:44.563 [main] DEBUG org.thymeleaf.TemplateEngine -- [THYMELEAF] TEMPLATE ENGINE INITIALIZED
12:54:44.702 [main] DEBUG org.thymeleaf.TemplateEngine -- [THYMELEAF] INITIALIZING TEMPLATE ENGINE
12:54:44.718 [main] DEBUG org.thymeleaf.TemplateEngine.CONFIG -- Initializing Thymeleaf Template engine configuration...
[THYMELEAF] TEMPLATE ENGINE CONFIGURATION:
[THYMELEAF] * Thymeleaf version: 3.1.2.RELEASE (built 2023-07-30T19:25:50+0000)
[THYMELEAF] * Cache Manager implementation: org.thymeleaf.cache.StandardCacheManager
[THYMELEAF] * Template resolvers:
[THYMELEAF]     * [1] com.intuit.karate.template.ResourceHtmlTemplateResolver
[THYMELEAF] * Message resolvers:
[THYMELEAF]     * org.thymeleaf.messageresolver.StandardMessageResolver
[THYMELEAF] * Link builders:
[THYMELEAF]     * org.thymeleaf.linkbuilder.StandardLinkBuilder
[THYMELEAF] * Dialect [1 of 2]: Standard (com.intuit.karate.template.KarateStandardDialect)
[THYMELEAF]     * Prefix: "th"
[THYMELEAF]     * Processors for Template Mode: HTML
[THYMELEAF]         * Element Tag Processors by [matching element and attribute name] [precedence]:
[THYMELEAF]             * [* {th:include,data-th-include}] [100]: org.thymeleaf.standard.processor.StandardIncludeTagProcessor
[THYMELEAF]             * [* {th:insert,data-th-insert}] [100]: org.thymeleaf.standard.processor.StandardInsertTagProcessor
[THYMELEAF]             * [* {th:replace,data-th-replace}] [100]: org.thymeleaf.standard.processor.StandardReplaceTagProcessor
[THYMELEAF]             * [* {th:each,data-th-each}] [200]: com.intuit.karate.template.KarateEachTagProcessor
[THYMELEAF]             * [* {th:switch,data-th-switch}] [250]: org.thymeleaf.standard.processor.StandardSwitchTagProcessor
[THYMELEAF]             * [* {th:case,data-th-case}] [275]: org.thymeleaf.standard.processor.StandardCaseTagProcessor
[THYMELEAF]             * [* {th:if,data-th-if}] [300]: org.thymeleaf.standard.processor.StandardIfTagProcessor
[THYMELEAF]             * [* {th:unless,data-th-unless}] [400]: org.thymeleaf.standard.processor.StandardUnlessTagProcessor
[THYMELEAF]             * [* {th:object,data-th-object}] [500]: org.thymeleaf.standard.processor.StandardObjectTagProcessor
[THYMELEAF]             * [* {th:with,data-th-with}] [600]: com.intuit.karate.template.KarateWithTagProcessor
[THYMELEAF]             * [* {th:attr,data-th-attr}] [700]: com.intuit.karate.template.KarateAttributeTagProcessor.KarateAttrTagProcessor
[THYMELEAF]             * [* {th:attrappend,data-th-attrappend}] [900]: com.intuit.karate.template.KarateAttributeTagProcessor.KarateAttrappendTagProcessor
[THYMELEAF]             * [* {th:attrprepend,data-th-attrprepend}] [900]: com.intuit.karate.template.KarateAttributeTagProcessor.KarateAttrprependTagProcessor
[THYMELEAF]             * [* {th:alt-title,data-th-alt-title}] [990]: org.thymeleaf.standard.processor.StandardAltTitleTagProcessor
[THYMELEAF]             * [* {th:lang-xmllang,data-th-lang-xmllang}] [990]: org.thymeleaf.standard.processor.StandardLangXmlLangTagProcessor
[THYMELEAF]             * [* {th:action,data-th-action}] [1000]: org.thymeleaf.standard.processor.StandardActionTagProcessor
[THYMELEAF]             * [* {th:async,data-th-async}] [1000]: org.thymeleaf.standard.processor.StandardConditionalFixedValueTagProcessor
[THYMELEAF]             * [* {th:nowrap,data-th-nowrap}] [1000]: org.thymeleaf.standard.processor.StandardConditionalFixedValueTagProcessor
[THYMELEAF]             * [* {th:open,data-th-open}] [1000]: org.thymeleaf.standard.processor.StandardConditionalFixedValueTagProcessor
[THYMELEAF]             * [* {th:defer,data-th-defer}] [1000]: org.thymeleaf.standard.processor.StandardConditionalFixedValueTagProcessor
[THYMELEAF]             * [* {th:selected,data-th-selected}] [1000]: org.thymeleaf.standard.processor.StandardConditionalFixedValueTagProcessor
[THYMELEAF]             * [* {th:pubdate,data-th-pubdate}] [1000]: org.thymeleaf.standard.processor.StandardConditionalFixedValueTagProcessor
[THYMELEAF]             * [* {th:ismap,data-th-ismap}] [1000]: org.thymeleaf.standard.processor.StandardConditionalFixedValueTagProcessor
[THYMELEAF]             * [* {th:disabled,data-th-disabled}] [1000]: org.thymeleaf.standard.processor.StandardConditionalFixedValueTagProcessor
[THYMELEAF]             * [* {th:seamless,data-th-seamless}] [1000]: org.thymeleaf.standard.processor.StandardConditionalFixedValueTagProcessor
[THYMELEAF]             * [* {th:novalidate,data-th-novalidate}] [1000]: org.thymeleaf.standard.processor.StandardConditionalFixedValueTagProcessor
[THYMELEAF]             * [* {th:autoplay,data-th-autoplay}] [1000]: org.thymeleaf.standard.processor.StandardConditionalFixedValueTagProcessor
[THYMELEAF]             * [* {th:loop,data-th-loop}] [1000]: org.thymeleaf.standard.processor.StandardConditionalFixedValueTagProcessor
[THYMELEAF]             * [* {th:controls,data-th-controls}] [1000]: org.thymeleaf.standard.processor.StandardConditionalFixedValueTagProcessor
[THYMELEAF]             * [* {th:readonly,data-th-readonly}] [1000]: org.thymeleaf.standard.processor.StandardConditionalFixedValueTagProcessor
[THYMELEAF]             * [* {th:scoped,data-th-scoped}] [1000]: org.thymeleaf.standard.processor.StandardConditionalFixedValueTagProcessor
[THYMELEAF]             * [* {th:autofocus,data-th-autofocus}] [1000]: org.thymeleaf.standard.processor.StandardConditionalFixedValueTagProcessor
[THYMELEAF]             * [* {th:formnovalidate,data-th-formnovalidate}] [1000]: org.thymeleaf.standard.processor.StandardConditionalFixedValueTagProcessor
[THYMELEAF]             * [* {th:checked,data-th-checked}] [1000]: org.thymeleaf.standard.processor.StandardConditionalFixedValueTagProcessor
[THYMELEAF]             * [* {th:declare,data-th-declare}] [1000]: org.thymeleaf.standard.processor.StandardConditionalFixedValueTagProcessor
[THYMELEAF]             * [* {th:default,data-th-default}] [1000]: org.thymeleaf.standard.processor.StandardConditionalFixedValueTagProcessor
[THYMELEAF]             * [* {th:multiple,data-th-multiple}] [1000]: org.thymeleaf.standard.processor.StandardConditionalFixedValueTagProcessor
[THYMELEAF]             * [* {th:hidden,data-th-hidden}] [1000]: org.thymeleaf.standard.processor.StandardConditionalFixedValueTagProcessor
[THYMELEAF]             * [* {th:reversed,data-th-reversed}] [1000]: org.thymeleaf.standard.processor.StandardConditionalFixedValueTagProcessor
[THYMELEAF]             * [* {th:required,data-th-required}] [1000]: org.thymeleaf.standard.processor.StandardConditionalFixedValueTagProcessor
[THYMELEAF]             * [* {th:onerror,data-th-onerror}] [1000]: org.thymeleaf.standard.processor.StandardDOMEventAttributeTagProcessor
[THYMELEAF]             * [* {th:onpopstate,data-th-onpopstate}] [1000]: org.thymeleaf.standard.processor.StandardDOMEventAttributeTagProcessor
[THYMELEAF]             * [* {th:oncontextmenu,data-th-oncontextmenu}] [1000]: org.thymeleaf.standard.processor.StandardDOMEventAttributeTagProcessor
[THYMELEAF]             * [* {th:oninvalid,data-th-oninvalid}] [1000]: org.thymeleaf.standard.processor.StandardDOMEventAttributeTagProcessor
[THYMELEAF]             * [* {th:ondragenter,data-th-ondragenter}] [1000]: org.thymeleaf.standard.processor.StandardDOMEventAttributeTagProcessor
[THYMELEAF]             * [* {th:ondblclick,data-th-ondblclick}] [1000]: org.thymeleaf.standard.processor.StandardDOMEventAttributeTagProcessor
[THYMELEAF]             * [* {th:onstorage,data-th-onstorage}] [1000]: org.thymeleaf.standard.processor.StandardDOMEventAttributeTagProcessor
[THYMELEAF]             * [* {th:ondragstart,data-th-ondragstart}] [1000]: org.thymeleaf.standard.processor.StandardDOMEventAttributeTagProcessor
[THYMELEAF]             * [* {th:onkeyup,data-th-onkeyup}] [1000]: org.thymeleaf.standard.processor.StandardDOMEventAttributeTagProcessor
[THYMELEAF]             * [* {th:onselect,data-th-onselect}] [1000]: org.thymeleaf.standard.processor.StandardDOMEventAttributeTagProcessor
[THYMELEAF]             * [* {th:onmessage,data-th-onmessage}] [1000]: org.thymeleaf.standard.processor.StandardDOMEventAttributeTagProcessor
[THYMELEAF]             * [* {th:onredo,data-th-onredo}] [1000]: org.thymeleaf.standard.processor.StandardDOMEventAttributeTagProcessor
[THYMELEAF]             * [* {th:onsubmit,data-th-onsubmit}] [1000]: org.thymeleaf.standard.processor.StandardDOMEventAttributeTagProcessor
[THYMELEAF]             * [* {th:onbeforeprint,data-th-onbeforeprint}] [1000]: org.thymeleaf.standard.processor.StandardDOMEventAttributeTagProcessor
[THYMELEAF]             * [* {th:onfocus,data-th-onfocus}] [1000]: org.thymeleaf.standard.processor.StandardDOMEventAttributeTagProcessor
[THYMELEAF]             * [* {th:onresize,data-th-onresize}] [1000]: org.thymeleaf.standard.processor.StandardDOMEventAttributeTagProcessor
[THYMELEAF]             * [* {th:onscroll,data-th-onscroll}] [1000]: org.thymeleaf.standard.processor.StandardDOMEventAttributeTagProcessor
[THYMELEAF]             * [* {th:onabort,data-th-onabort}] [1000]: org.thymeleaf.standard.processor.StandardDOMEventAttributeTagProcessor
[THYMELEAF]             * [* {th:oncanplay,data-th-oncanplay}] [1000]: org.thymeleaf.standard.processor.StandardDOMEventAttributeTagProcessor
[THYMELEAF]             * [* {th:onplaying,data-th-onplaying}] [1000]: org.thymeleaf.standard.processor.StandardDOMEventAttributeTagProcessor
[THYMELEAF]             * [* {th:onbeforeunload,data-th-onbeforeunload}] [1000]: org.thymeleaf.standard.processor.StandardDOMEventAttributeTagProcessor
[THYMELEAF]             * [* {th:onplay,data-th-onplay}] [1000]: org.thymeleaf.standard.processor.StandardDOMEventAttributeTagProcessor
[THYMELEAF]             * [* {th:oninput,data-th-oninput}] [1000]: org.thymeleaf.standard.processor.StandardDOMEventAttributeTagProcessor
[THYMELEAF]             * [* {th:onvolumechange,data-th-onvolumechange}] [1000]: org.thymeleaf.standard.processor.StandardDOMEventAttributeTagProcessor
[THYMELEAF]             * [* {th:onoffline,data-th-onoffline}] [1000]: org.thymeleaf.standard.processor.StandardDOMEventAttributeTagProcessor
[THYMELEAF]             * [* {th:onseeked,data-th-onseeked}] [1000]: org.thymeleaf.standard.processor.StandardDOMEventAttributeTagProcessor
[THYMELEAF]             * [* {th:onundo,data-th-onundo}] [1000]: org.thymeleaf.standard.processor.StandardDOMEventAttributeTagProcessor
[THYMELEAF]             * [* {th:onafterprint,data-th-onafterprint}] [1000]: org.thymeleaf.standard.processor.StandardDOMEventAttributeTagProcessor
[THYMELEAF]             * [* {th:onchange,data-th-onchange}] [1000]: org.thymeleaf.standard.processor.StandardDOMEventAttributeTagProcessor
[THYMELEAF]             * [* {th:onloadeddata,data-th-onloadeddata}] [1000]: org.thymeleaf.standard.processor.StandardDOMEventAttributeTagProcessor
[THYMELEAF]             * [* {th:ondrop,data-th-ondrop}] [1000]: org.thymeleaf.standard.processor.StandardDOMEventAttributeTagProcessor
[THYMELEAF]             * [* {th:onmousewheel,data-th-onmousewheel}] [1000]: org.thymeleaf.standard.processor.StandardDOMEventAttributeTagProcessor
[THYMELEAF]             * [* {th:onreadystatechange,data-th-onreadystatechange}] [1000]: org.thymeleaf.standard.processor.StandardDOMEventAttributeTagProcessor
[THYMELEAF]             * [* {th:onemptied,data-th-onemptied}] [1000]: org.thymeleaf.standard.processor.StandardDOMEventAttributeTagProcessor
[THYMELEAF]             * [* {th:onmouseout,data-th-onmouseout}] [1000]: org.thymeleaf.standard.processor.StandardDOMEventAttributeTagProcessor
[THYMELEAF]             * [* {th:ononline,data-th-ononline}] [1000]: org.thymeleaf.standard.processor.StandardDOMEventAttributeTagProcessor
[THYMELEAF]             * [* {th:onblur,data-th-onblur}] [1000]: org.thymeleaf.standard.processor.StandardDOMEventAttributeTagProcessor
[THYMELEAF]             * [* {th:onratechange,data-th-onratechange}] [1000]: org.thymeleaf.standard.processor.StandardDOMEventAttributeTagProcessor
[THYMELEAF]             * [* {th:onclick,data-th-onclick}] [1000]: org.thymeleaf.standard.processor.StandardDOMEventAttributeTagProcessor
[THYMELEAF]             * [* {th:onloadedmetadata,data-th-onloadedmetadata}] [1000]: org.thymeleaf.standard.processor.StandardDOMEventAttributeTagProcessor
[THYMELEAF]             * [* {th:onloadstart,data-th-onloadstart}] [1000]: org.thymeleaf.standard.processor.StandardDOMEventAttributeTagProcessor
[THYMELEAF]             * [* {th:oncanplaythrough,data-th-oncanplaythrough}] [1000]: org.thymeleaf.standard.processor.StandardDOMEventAttributeTagProcessor
[THYMELEAF]             * [* {th:onhashchange,data-th-onhashchange}] [1000]: org.thymeleaf.standard.processor.StandardDOMEventAttributeTagProcessor
[THYMELEAF]             * [* {th:onformchange,data-th-onformchange}] [1000]: org.thymeleaf.standard.processor.StandardDOMEventAttributeTagProcessor
[THYMELEAF]             * [* {th:onshow,data-th-onshow}] [1000]: org.thymeleaf.standard.processor.StandardDOMEventAttributeTagProcessor
[THYMELEAF]             * [* {th:ontimeupdate,data-th-ontimeupdate}] [1000]: org.thymeleaf.standard.processor.StandardDOMEventAttributeTagProcessor
[THYMELEAF]             * [* {th:onforminput,data-th-onforminput}] [1000]: org.thymeleaf.standard.processor.StandardDOMEventAttributeTagProcessor
[THYMELEAF]             * [* {th:onload,data-th-onload}] [1000]: org.thymeleaf.standard.processor.StandardDOMEventAttributeTagProcessor
[THYMELEAF]             * [* {th:onreset,data-th-onreset}] [1000]: org.thymeleaf.standard.processor.StandardDOMEventAttributeTagProcessor
[THYMELEAF]             * [* {th:onkeypress,data-th-onkeypress}] [1000]: org.thymeleaf.standard.processor.StandardDOMEventAttributeTagProcessor
[THYMELEAF]             * [* {th:ondragend,data-th-ondragend}] [1000]: org.thymeleaf.standard.processor.StandardDOMEventAttributeTagProcessor
[THYMELEAF]             * [* {th:onkeydown,data-th-onkeydown}] [1000]: org.thymeleaf.standard.processor.StandardDOMEventAttributeTagProcessor
[THYMELEAF]             * [* {th:ondurationchange,data-th-ondurationchange}] [1000]: org.thymeleaf.standard.processor.StandardDOMEventAttributeTagProcessor
[THYMELEAF]             * [* {th:ondragover,data-th-ondragover}] [1000]: org.thymeleaf.standard.processor.StandardDOMEventAttributeTagProcessor
[THYMELEAF]             * [* {th:onmousemove,data-th-onmousemove}] [1000]: org.thymeleaf.standard.processor.StandardDOMEventAttributeTagProcessor
[THYMELEAF]             * [* {th:onsuspend,data-th-onsuspend}] [1000]: org.thymeleaf.standard.processor.StandardDOMEventAttributeTagProcessor
[THYMELEAF]             * [* {th:onmouseup,data-th-onmouseup}] [1000]: org.thymeleaf.standard.processor.StandardDOMEventAttributeTagProcessor
[THYMELEAF]             * [* {th:onended,data-th-onended}] [1000]: org.thymeleaf.standard.processor.StandardDOMEventAttributeTagProcessor
[THYMELEAF]             * [* {th:onpause,data-th-onpause}] [1000]: org.thymeleaf.standard.processor.StandardDOMEventAttributeTagProcessor
[THYMELEAF]             * [* {th:onmouseover,data-th-onmouseover}] [1000]: org.thymeleaf.standard.processor.StandardDOMEventAttributeTagProcessor
[THYMELEAF]             * [* {th:onmousedown,data-th-onmousedown}] [1000]: org.thymeleaf.standard.processor.StandardDOMEventAttributeTagProcessor
[THYMELEAF]             * [* {th:onseeking,data-th-onseeking}] [1000]: org.thymeleaf.standard.processor.StandardDOMEventAttributeTagProcessor
[THYMELEAF]             * [* {th:ondrag,data-th-ondrag}] [1000]: org.thymeleaf.standard.processor.StandardDOMEventAttributeTagProcessor
[THYMELEAF]             * [* {th:onwaiting,data-th-onwaiting}] [1000]: org.thymeleaf.standard.processor.StandardDOMEventAttributeTagProcessor
[THYMELEAF]             * [* {th:onunload,data-th-onunload}] [1000]: org.thymeleaf.standard.processor.StandardDOMEventAttributeTagProcessor
[THYMELEAF]             * [* {th:ondragleave,data-th-ondragleave}] [1000]: org.thymeleaf.standard.processor.StandardDOMEventAttributeTagProcessor
[THYMELEAF]             * [* {th:onprogress,data-th-onprogress}] [1000]: org.thymeleaf.standard.processor.StandardDOMEventAttributeTagProcessor
[THYMELEAF]             * [* {th:onstalled,data-th-onstalled}] [1000]: org.thymeleaf.standard.processor.StandardDOMEventAttributeTagProcessor
[THYMELEAF]             * [* {th:href,data-th-href}] [1000]: org.thymeleaf.standard.processor.StandardHrefTagProcessor
[THYMELEAF]             * [* {th:inline,data-th-inline}] [1000]: org.thymeleaf.standard.processor.StandardInlineHTMLTagProcessor
[THYMELEAF]             * [* {th:method,data-th-method}] [1000]: org.thymeleaf.standard.processor.StandardMethodTagProcessor
[THYMELEAF]             * [* {th:name,data-th-name}] [1000]: org.thymeleaf.standard.processor.StandardNonRemovableAttributeTagProcessor
[THYMELEAF]             * [* {th:type,data-th-type}] [1000]: org.thymeleaf.standard.processor.StandardNonRemovableAttributeTagProcessor
[THYMELEAF]             * [* {th:formenctype,data-th-formenctype}] [1000]: org.thymeleaf.standard.processor.StandardRemovableAttributeTagProcessor
[THYMELEAF]             * [* {th:contenteditable,data-th-contenteditable}] [1000]: org.thymeleaf.standard.processor.StandardRemovableAttributeTagProcessor
[THYMELEAF]             * [* {th:step,data-th-step}] [1000]: org.thymeleaf.standard.processor.StandardRemovableAttributeTagProcessor
[THYMELEAF]             * [* {th:summary,data-th-summary}] [1000]: org.thymeleaf.standard.processor.StandardRemovableAttributeTagProcessor
[THYMELEAF]             * [* {th:headers,data-th-headers}] [1000]: org.thymeleaf.standard.processor.StandardRemovableAttributeTagProcessor
[THYMELEAF]             * [* {th:charset,data-th-charset}] [1000]: org.thymeleaf.standard.processor.StandardRemovableAttributeTagProcessor
[THYMELEAF]             * [* {th:high,data-th-high}] [1000]: org.thymeleaf.standard.processor.StandardRemovableAttributeTagProcessor
[THYMELEAF]             * [* {th:start,data-th-start}] [1000]: org.thymeleaf.standard.processor.StandardRemovableAttributeTagProcessor
[THYMELEAF]             * [* {th:datetime,data-th-datetime}] [1000]: org.thymeleaf.standard.processor.StandardRemovableAttributeTagProcessor
[THYMELEAF]             * [* {th:compact,data-th-compact}] [1000]: org.thymeleaf.standard.processor.StandardRemovableAttributeTagProcessor
[THYMELEAF]             * [* {th:alt,data-th-alt}] [1000]: org.thymeleaf.standard.processor.StandardRemovableAttributeTagProcessor
[THYMELEAF]             * [* {th:cellpadding,data-th-cellpadding}] [1000]: org.thymeleaf.standard.processor.StandardRemovableAttributeTagProcessor
[THYMELEAF]             * [* {th:style,data-th-style}] [1000]: org.thymeleaf.standard.processor.StandardRemovableAttributeTagProcessor
[THYMELEAF]             * [* {th:formaction,data-th-formaction}] [1000]: org.thymeleaf.standard.processor.StandardRemovableAttributeTagProcessor
[THYMELEAF]             * [* {th:keytype,data-th-keytype}] [1000]: org.thymeleaf.standard.processor.StandardRemovableAttributeTagProcessor
[THYMELEAF]             * [* {th:axis,data-th-axis}] [1000]: org.thymeleaf.standard.processor.StandardRemovableAttributeTagProcessor
[THYMELEAF]             * [* {th:srclang,data-th-srclang}] [1000]: org.thymeleaf.standard.processor.StandardRemovableAttributeTagProcessor
[THYMELEAF]             * [* {th:span,data-th-span}] [1000]: org.thymeleaf.standard.processor.StandardRemovableAttributeTagProcessor
[THYMELEAF]             * [* {th:hspace,data-th-hspace}] [1000]: org.thymeleaf.standard.processor.StandardRemovableAttributeTagProcessor
[THYMELEAF]             * [* {th:background,data-th-background}] [1000]: org.thymeleaf.standard.processor.StandardRemovableAttributeTagProcessor
[THYMELEAF]             * [* {th:icon,data-th-icon}] [1000]: org.thymeleaf.standard.processor.StandardRemovableAttributeTagProcessor
[THYMELEAF]             * [* {th:wrap,data-th-wrap}] [1000]: org.thymeleaf.standard.processor.StandardRemovableAttributeTagProcessor
[THYMELEAF]             * [* {th:optimum,data-th-optimum}] [1000]: org.thymeleaf.standard.processor.StandardRemovableAttributeTagProcessor
[THYMELEAF]             * [* {th:list,data-th-list}] [1000]: org.thymeleaf.standard.processor.StandardRemovableAttributeTagProcessor
[THYMELEAF]             * [* {th:border,data-th-border}] [1000]: org.thymeleaf.standard.processor.StandardRemovableAttributeTagProcessor
[THYMELEAF]             * [* {th:rules,data-th-rules}] [1000]: org.thymeleaf.standard.processor.StandardRemovableAttributeTagProcessor
[THYMELEAF]             * [* {th:radiogroup,data-th-radiogroup}] [1000]: org.thymeleaf.standard.processor.StandardRemovableAttributeTagProcessor
[THYMELEAF]             * [* {th:poster,data-th-poster}] [1000]: org.thymeleaf.standard.processor.StandardRemovableAttributeTagProcessor
[THYMELEAF]             * [* {th:vspace,data-th-vspace}] [1000]: org.thymeleaf.standard.processor.StandardRemovableAttributeTagProcessor
[THYMELEAF]             * [* {th:hreflang,data-th-hreflang}] [1000]: org.thymeleaf.standard.processor.StandardRemovableAttributeTagProcessor
[THYMELEAF]             * [* {th:classid,data-th-classid}] [1000]: org.thymeleaf.standard.processor.StandardRemovableAttributeTagProcessor
[THYMELEAF]             * [* {th:marginwidth,data-th-marginwidth}] [1000]: org.thymeleaf.standard.processor.StandardRemovableAttributeTagProcessor
[THYMELEAF]             * [* {th:kind,data-th-kind}] [1000]: org.thymeleaf.standard.processor.StandardRemovableAttributeTagProcessor
[THYMELEAF]             * [* {th:low,data-th-low}] [1000]: org.thymeleaf.standard.processor.StandardRemovableAttributeTagProcessor
[THYMELEAF]             * [* {th:accesskey,data-th-accesskey}] [1000]: org.thymeleaf.standard.processor.StandardRemovableAttributeTagProcessor
[THYMELEAF]             * [* {th:id,data-th-id}] [1000]: org.thymeleaf.standard.processor.StandardRemovableAttributeTagProcessor
[THYMELEAF]             * [* {th:placeholder,data-th-placeholder}] [1000]: org.thymeleaf.standard.processor.StandardRemovableAttributeTagProcessor
[THYMELEAF]             * [* {th:dir,data-th-dir}] [1000]: org.thymeleaf.standard.processor.StandardRemovableAttributeTagProcessor
[THYMELEAF]             * [* {th:rev,data-th-rev}] [1000]: org.thymeleaf.standard.processor.StandardRemovableAttributeTagProcessor
[THYMELEAF]             * [* {th:cols,data-th-cols}] [1000]: org.thymeleaf.standard.processor.StandardRemovableAttributeTagProcessor
[THYMELEAF]             * [* {th:http-equiv,data-th-http-equiv}] [1000]: org.thymeleaf.standard.processor.StandardRemovableAttributeTagProcessor
[THYMELEAF]             * [* {th:challenge,data-th-challenge}] [1000]: org.thymeleaf.standard.processor.StandardRemovableAttributeTagProcessor
[THYMELEAF]             * [* {th:rel,data-th-rel}] [1000]: org.thymeleaf.standard.processor.StandardRemovableAttributeTagProcessor
[THYMELEAF]             * [* {th:sizes,data-th-sizes}] [1000]: org.thymeleaf.standard.processor.StandardRemovableAttributeTagProcessor
[THYMELEAF]             * [* {th:manifest,data-th-manifest}] [1000]: org.thymeleaf.standard.processor.StandardRemovableAttributeTagProcessor
[THYMELEAF]             * [* {th:longdesc,data-th-longdesc}] [1000]: org.thymeleaf.standard.processor.StandardRemovableAttributeTagProcessor
[THYMELEAF]             * [* {th:draggable,data-th-draggable}] [1000]: org.thymeleaf.standard.processor.StandardRemovableAttributeTagProcessor
[THYMELEAF]             * [* {th:frame,data-th-frame}] [1000]: org.thymeleaf.standard.processor.StandardRemovableAttributeTagProcessor
[THYMELEAF]             * [* {th:lang,data-th-lang}] [1000]: org.thymeleaf.standard.processor.StandardRemovableAttributeTagProcessor
[THYMELEAF]             * [* {th:min,data-th-min}] [1000]: org.thymeleaf.standard.processor.StandardRemovableAttributeTagProcessor
[THYMELEAF]             * [* {th:align,data-th-align}] [1000]: org.thymeleaf.standard.processor.StandardRemovableAttributeTagProcessor
[THYMELEAF]             * [* {th:formmethod,data-th-formmethod}] [1000]: org.thymeleaf.standard.processor.StandardRemovableAttributeTagProcessor
[THYMELEAF]             * [* {th:label,data-th-label}] [1000]: org.thymeleaf.standard.processor.StandardRemovableAttributeTagProcessor
[THYMELEAF]             * [* {th:cellspacing,data-th-cellspacing}] [1000]: org.thymeleaf.standard.processor.StandardRemovableAttributeTagProcessor
[THYMELEAF]             * [* {th:scrolling,data-th-scrolling}] [1000]: org.thymeleaf.standard.processor.StandardRemovableAttributeTagProcessor
[THYMELEAF]             * [* {th:target,data-th-target}] [1000]: org.thymeleaf.standard.processor.StandardRemovableAttributeTagProcessor
[THYMELEAF]             * [* {th:sandbox,data-th-sandbox}] [1000]: org.thymeleaf.standard.processor.StandardRemovableAttributeTagProcessor
[THYMELEAF]             * [* {th:codetype,data-th-codetype}] [1000]: org.thymeleaf.standard.processor.StandardRemovableAttributeTagProcessor
[THYMELEAF]             * [* {th:size,data-th-size}] [1000]: org.thymeleaf.standard.processor.StandardRemovableAttributeTagProcessor
[THYMELEAF]             * [* {th:bgcolor,data-th-bgcolor}] [1000]: org.thymeleaf.standard.processor.StandardRemovableAttributeTagProcessor
[THYMELEAF]             * [* {th:formtarget,data-th-formtarget}] [1000]: org.thymeleaf.standard.processor.StandardRemovableAttributeTagProcessor
[THYMELEAF]             * [* {th:media,data-th-media}] [1000]: org.thymeleaf.standard.processor.StandardRemovableAttributeTagProcessor
[THYMELEAF]             * [* {th:for,data-th-for}] [1000]: org.thymeleaf.standard.processor.StandardRemovableAttributeTagProcessor
[THYMELEAF]             * [* {th:codebase,data-th-codebase}] [1000]: org.thymeleaf.standard.processor.StandardRemovableAttributeTagProcessor
[THYMELEAF]             * [* {th:form,data-th-form}] [1000]: org.thymeleaf.standard.processor.StandardRemovableAttributeTagProcessor
[THYMELEAF]             * [* {th:cite,data-th-cite}] [1000]: org.thymeleaf.standard.processor.StandardRemovableAttributeTagProcessor
[THYMELEAF]             * [* {th:colspan,data-th-colspan}] [1000]: org.thymeleaf.standard.processor.StandardRemovableAttributeTagProcessor
[THYMELEAF]             * [* {th:width,data-th-width}] [1000]: org.thymeleaf.standard.processor.StandardRemovableAttributeTagProcessor
[THYMELEAF]             * [* {th:frameborder,data-th-frameborder}] [1000]: org.thymeleaf.standard.processor.StandardRemovableAttributeTagProcessor
[THYMELEAF]             * [* {th:accept-charset,data-th-accept-charset}] [1000]: org.thymeleaf.standard.processor.StandardRemovableAttributeTagProcessor
[THYMELEAF]             * [* {th:data,data-th-data}] [1000]: org.thymeleaf.standard.processor.StandardRemovableAttributeTagProcessor
[THYMELEAF]             * [* {th:usemap,data-th-usemap}] [1000]: org.thymeleaf.standard.processor.StandardRemovableAttributeTagProcessor
[THYMELEAF]             * [* {th:rowspan,data-th-rowspan}] [1000]: org.thymeleaf.standard.processor.StandardRemovableAttributeTagProcessor
[THYMELEAF]             * [* {th:valuetype,data-th-valuetype}] [1000]: org.thymeleaf.standard.processor.StandardRemovableAttributeTagProcessor
[THYMELEAF]             * [* {th:autocomplete,data-th-autocomplete}] [1000]: org.thymeleaf.standard.processor.StandardRemovableAttributeTagProcessor
[THYMELEAF]             * [* {th:scope,data-th-scope}] [1000]: org.thymeleaf.standard.processor.StandardRemovableAttributeTagProcessor
[THYMELEAF]             * [* {th:title,data-th-title}] [1000]: org.thymeleaf.standard.processor.StandardRemovableAttributeTagProcessor
[THYMELEAF]             * [* {th:scheme,data-th-scheme}] [1000]: org.thymeleaf.standard.processor.StandardRemovableAttributeTagProcessor
[THYMELEAF]             * [* {th:class,data-th-class}] [1000]: org.thymeleaf.standard.processor.StandardRemovableAttributeTagProcessor
[THYMELEAF]             * [* {th:maxlength,data-th-maxlength}] [1000]: org.thymeleaf.standard.processor.StandardRemovableAttributeTagProcessor
[THYMELEAF]             * [* {th:tabindex,data-th-tabindex}] [1000]: org.thymeleaf.standard.processor.StandardRemovableAttributeTagProcessor
[THYMELEAF]             * [* {th:content,data-th-content}] [1000]: org.thymeleaf.standard.processor.StandardRemovableAttributeTagProcessor
[THYMELEAF]             * [* {th:audio,data-th-audio}] [1000]: org.thymeleaf.standard.processor.StandardRemovableAttributeTagProcessor
[THYMELEAF]             * [* {th:contextmenu,data-th-contextmenu}] [1000]: org.thymeleaf.standard.processor.StandardRemovableAttributeTagProcessor
[THYMELEAF]             * [* {th:standby,data-th-standby}] [1000]: org.thymeleaf.standard.processor.StandardRemovableAttributeTagProcessor
[THYMELEAF]             * [* {th:pattern,data-th-pattern}] [1000]: org.thymeleaf.standard.processor.StandardRemovableAttributeTagProcessor
[THYMELEAF]             * [* {th:archive,data-th-archive}] [1000]: org.thymeleaf.standard.processor.StandardRemovableAttributeTagProcessor
[THYMELEAF]             * [* {th:spellcheck,data-th-spellcheck}] [1000]: org.thymeleaf.standard.processor.StandardRemovableAttributeTagProcessor
[THYMELEAF]             * [* {th:abbr,data-th-abbr}] [1000]: org.thymeleaf.standard.processor.StandardRemovableAttributeTagProcessor
[THYMELEAF]             * [* {th:height,data-th-height}] [1000]: org.thymeleaf.standard.processor.StandardRemovableAttributeTagProcessor
[THYMELEAF]             * [* {th:accept,data-th-accept}] [1000]: org.thymeleaf.standard.processor.StandardRemovableAttributeTagProcessor
[THYMELEAF]             * [* {th:enctype,data-th-enctype}] [1000]: org.thymeleaf.standard.processor.StandardRemovableAttributeTagProcessor
[THYMELEAF]             * [* {th:max,data-th-max}] [1000]: org.thymeleaf.standard.processor.StandardRemovableAttributeTagProcessor
[THYMELEAF]             * [* {th:rows,data-th-rows}] [1000]: org.thymeleaf.standard.processor.StandardRemovableAttributeTagProcessor
[THYMELEAF]             * [* {th:preload,data-th-preload}] [1000]: org.thymeleaf.standard.processor.StandardRemovableAttributeTagProcessor
[THYMELEAF]             * [* {th:marginheight,data-th-marginheight}] [1000]: org.thymeleaf.standard.processor.StandardRemovableAttributeTagProcessor
[THYMELEAF]             * [* {th:dropzone,data-th-dropzone}] [1000]: org.thymeleaf.standard.processor.StandardRemovableAttributeTagProcessor
[THYMELEAF]             * [* {th:src,data-th-src}] [1000]: org.thymeleaf.standard.processor.StandardSrcTagProcessor
[THYMELEAF]             * [* {th:value,data-th-value}] [1000]: org.thymeleaf.standard.processor.StandardValueTagProcessor
[THYMELEAF]             * [* {th:xmlbase,data-th-xmlbase}] [1000]: org.thymeleaf.standard.processor.StandardXmlBaseTagProcessor
[THYMELEAF]             * [* {th:xmllang,data-th-xmllang}] [1000]: org.thymeleaf.standard.processor.StandardXmlLangTagProcessor
[THYMELEAF]             * [* {xmlns:th}] [1000]: org.thymeleaf.standard.processor.StandardXmlNsTagProcessor
[THYMELEAF]             * [* {th:xmlspace,data-th-xmlspace}] [1000]: org.thymeleaf.standard.processor.StandardXmlSpaceTagProcessor
[THYMELEAF]             * [* {th:classappend,data-th-classappend}] [1100]: org.thymeleaf.standard.processor.StandardClassappendTagProcessor
[THYMELEAF]             * [* {th:styleappend,data-th-styleappend}] [1100]: org.thymeleaf.standard.processor.StandardStyleappendTagProcessor
[THYMELEAF]             * [* {th:text,data-th-text}] [1300]: org.thymeleaf.standard.processor.StandardTextTagProcessor
[THYMELEAF]             * [* {th:utext,data-th-utext}] [1400]: org.thymeleaf.standard.processor.StandardUtextTagProcessor
[THYMELEAF]             * [* {th:fragment,data-th-fragment}] [1500]: org.thymeleaf.standard.processor.StandardFragmentTagProcessor
[THYMELEAF]             * [* {th:assert,data-th-assert}] [1550]: org.thymeleaf.standard.processor.StandardAssertTagProcessor
[THYMELEAF]             * [* {th:remove,data-th-remove}] [1600]: org.thymeleaf.standard.processor.StandardRemoveTagProcessor
[THYMELEAF]             * [* {th:ref,data-th-ref}] [10000]: org.thymeleaf.standard.processor.StandardRefAttributeTagProcessor
[THYMELEAF]             * [{th:block,th-block} *] [100000]: org.thymeleaf.standard.processor.StandardBlockTagProcessor
[THYMELEAF]             * [* th:*] [2147483647]: org.thymeleaf.standard.processor.StandardDefaultAttributesTagProcessor
[THYMELEAF]         * Text Processors by [precedence]:
[THYMELEAF]             * [1000]: org.thymeleaf.standard.processor.StandardInliningTextProcessor
[THYMELEAF]         * DOCTYPE Processors by [precedence]:
[THYMELEAF]             * [1000]: org.thymeleaf.standard.processor.StandardTranslationDocTypeProcessor
[THYMELEAF]         * CDATA Section Processors by [precedence]:
[THYMELEAF]             * [1000]: org.thymeleaf.standard.processor.StandardInliningCDATASectionProcessor
[THYMELEAF]         * Comment Processors by [precedence]:
[THYMELEAF]             * [1000]: org.thymeleaf.standard.processor.StandardInliningCommentProcessor
[THYMELEAF]             * [1100]: org.thymeleaf.standard.processor.StandardConditionalCommentProcessor
[THYMELEAF]     * Processors for Template Mode: XML
[THYMELEAF]         * Element Tag Processors by [matching element and attribute name] [precedence]:
[THYMELEAF]             * [* {th:include}] [100]: org.thymeleaf.standard.processor.StandardIncludeTagProcessor
[THYMELEAF]             * [* {th:insert}] [100]: org.thymeleaf.standard.processor.StandardInsertTagProcessor
[THYMELEAF]             * [* {th:replace}] [100]: org.thymeleaf.standard.processor.StandardReplaceTagProcessor
[THYMELEAF]             * [* {th:each}] [200]: com.intuit.karate.template.KarateEachTagProcessor
[THYMELEAF]             * [* {th:switch}] [250]: org.thymeleaf.standard.processor.StandardSwitchTagProcessor
[THYMELEAF]             * [* {th:case}] [275]: org.thymeleaf.standard.processor.StandardCaseTagProcessor
[THYMELEAF]             * [* {th:if}] [300]: org.thymeleaf.standard.processor.StandardIfTagProcessor
[THYMELEAF]             * [* {th:unless}] [400]: org.thymeleaf.standard.processor.StandardUnlessTagProcessor
[THYMELEAF]             * [* {th:object}] [500]: org.thymeleaf.standard.processor.StandardObjectTagProcessor
[THYMELEAF]             * [* {th:with}] [600]: com.intuit.karate.template.KarateWithTagProcessor
[THYMELEAF]             * [* {th:attr}] [700]: com.intuit.karate.template.KarateAttributeTagProcessor.KarateAttrTagProcessor
[THYMELEAF]             * [* {th:attrappend}] [900]: com.intuit.karate.template.KarateAttributeTagProcessor.KarateAttrappendTagProcessor
[THYMELEAF]             * [* {th:attrprepend}] [900]: com.intuit.karate.template.KarateAttributeTagProcessor.KarateAttrprependTagProcessor
[THYMELEAF]             * [* {th:inline}] [1000]: org.thymeleaf.standard.processor.StandardInlineXMLTagProcessor
[THYMELEAF]             * [* {xmlns:th}] [1000]: org.thymeleaf.standard.processor.StandardXmlNsTagProcessor
[THYMELEAF]             * [* {th:text}] [1300]: org.thymeleaf.standard.processor.StandardTextTagProcessor
[THYMELEAF]             * [* {th:utext}] [1400]: org.thymeleaf.standard.processor.StandardUtextTagProcessor
[THYMELEAF]             * [* {th:fragment}] [1500]: org.thymeleaf.standard.processor.StandardFragmentTagProcessor
[THYMELEAF]             * [* {th:assert}] [1550]: org.thymeleaf.standard.processor.StandardAssertTagProcessor
[THYMELEAF]             * [* {th:remove}] [1600]: org.thymeleaf.standard.processor.StandardRemoveTagProcessor
[THYMELEAF]             * [* {th:ref}] [10000]: org.thymeleaf.standard.processor.StandardRefAttributeTagProcessor
[THYMELEAF]             * [{th:block} *] [100000]: org.thymeleaf.standard.processor.StandardBlockTagProcessor
[THYMELEAF]             * [* th:*] [2147483647]: org.thymeleaf.standard.processor.StandardDefaultAttributesTagProcessor
[THYMELEAF]         * Text Processors by [precedence]:
[THYMELEAF]             * [1000]: org.thymeleaf.standard.processor.StandardInliningTextProcessor
[THYMELEAF]         * CDATA Section Processors by [precedence]:
[THYMELEAF]             * [1000]: org.thymeleaf.standard.processor.StandardInliningCDATASectionProcessor
[THYMELEAF]         * Comment Processors by [precedence]:
[THYMELEAF]             * [1000]: org.thymeleaf.standard.processor.StandardInliningCommentProcessor
[THYMELEAF]     * Processors for Template Mode: TEXT
[THYMELEAF]         * Element Tag Processors by [matching element and attribute name] [precedence]:
[THYMELEAF]             * [* {th:insert}] [100]: org.thymeleaf.standard.processor.StandardInsertTagProcessor
[THYMELEAF]             * [* {th:replace}] [100]: org.thymeleaf.standard.processor.StandardReplaceTagProcessor
[THYMELEAF]             * [* {th:each}] [200]: com.intuit.karate.template.KarateEachTagProcessor
[THYMELEAF]             * [* {th:switch}] [250]: org.thymeleaf.standard.processor.StandardSwitchTagProcessor
[THYMELEAF]             * [* {th:case}] [275]: org.thymeleaf.standard.processor.StandardCaseTagProcessor
[THYMELEAF]             * [* {th:if}] [300]: org.thymeleaf.standard.processor.StandardIfTagProcessor
[THYMELEAF]             * [* {th:unless}] [400]: org.thymeleaf.standard.processor.StandardUnlessTagProcessor
[THYMELEAF]             * [* {th:object}] [500]: org.thymeleaf.standard.processor.StandardObjectTagProcessor
[THYMELEAF]             * [* {th:with}] [600]: com.intuit.karate.template.KarateWithTagProcessor
[THYMELEAF]             * [* {th:inline}] [1000]: org.thymeleaf.standard.processor.StandardInlineTextualTagProcessor
[THYMELEAF]             * [* {th:text}] [1300]: org.thymeleaf.standard.processor.StandardTextTagProcessor
[THYMELEAF]             * [* {th:utext}] [1400]: org.thymeleaf.standard.processor.StandardUtextTagProcessor
[THYMELEAF]             * [* {th:assert}] [1550]: org.thymeleaf.standard.processor.StandardAssertTagProcessor
[THYMELEAF]             * [* {th:remove}] [1600]: org.thymeleaf.standard.processor.StandardRemoveTagProcessor
[THYMELEAF]             * [* 100000] [org.thymeleaf.standard.processor.StandardBlockTagProcessor]: {}
[THYMELEAF]             * [{th:block} *] [100000]: org.thymeleaf.standard.processor.StandardBlockTagProcessor
[THYMELEAF]         * Text Processors by [precedence]:
[THYMELEAF]             * [1000]: org.thymeleaf.standard.processor.StandardInliningTextProcessor
[THYMELEAF]     * Processors for Template Mode: JAVASCRIPT
[THYMELEAF]         * Element Tag Processors by [matching element and attribute name] [precedence]:
[THYMELEAF]             * [* {th:insert}] [100]: org.thymeleaf.standard.processor.StandardInsertTagProcessor
[THYMELEAF]             * [* {th:replace}] [100]: org.thymeleaf.standard.processor.StandardReplaceTagProcessor
[THYMELEAF]             * [* {th:each}] [200]: com.intuit.karate.template.KarateEachTagProcessor
[THYMELEAF]             * [* {th:switch}] [250]: org.thymeleaf.standard.processor.StandardSwitchTagProcessor
[THYMELEAF]             * [* {th:case}] [275]: org.thymeleaf.standard.processor.StandardCaseTagProcessor
[THYMELEAF]             * [* {th:if}] [300]: org.thymeleaf.standard.processor.StandardIfTagProcessor
[THYMELEAF]             * [* {th:unless}] [400]: org.thymeleaf.standard.processor.StandardUnlessTagProcessor
[THYMELEAF]             * [* {th:object}] [500]: org.thymeleaf.standard.processor.StandardObjectTagProcessor
[THYMELEAF]             * [* {th:with}] [600]: com.intuit.karate.template.KarateWithTagProcessor
[THYMELEAF]             * [* {th:inline}] [1000]: org.thymeleaf.standard.processor.StandardInlineTextualTagProcessor
[THYMELEAF]             * [* {th:text}] [1300]: org.thymeleaf.standard.processor.StandardTextTagProcessor
[THYMELEAF]             * [* {th:utext}] [1400]: org.thymeleaf.standard.processor.StandardUtextTagProcessor
[THYMELEAF]             * [* {th:assert}] [1550]: org.thymeleaf.standard.processor.StandardAssertTagProcessor
[THYMELEAF]             * [* {th:remove}] [1600]: org.thymeleaf.standard.processor.StandardRemoveTagProcessor
[THYMELEAF]             * [* 100000] [org.thymeleaf.standard.processor.StandardBlockTagProcessor]: {}
[THYMELEAF]             * [{th:block} *] [100000]: org.thymeleaf.standard.processor.StandardBlockTagProcessor
[THYMELEAF]         * Text Processors by [precedence]:
[THYMELEAF]             * [1000]: org.thymeleaf.standard.processor.StandardInliningTextProcessor
[THYMELEAF]     * Processors for Template Mode: CSS
[THYMELEAF]         * Element Tag Processors by [matching element and attribute name] [precedence]:
[THYMELEAF]             * [* {th:insert}] [100]: org.thymeleaf.standard.processor.StandardInsertTagProcessor
[THYMELEAF]             * [* {th:replace}] [100]: org.thymeleaf.standard.processor.StandardReplaceTagProcessor
[THYMELEAF]             * [* {th:each}] [200]: com.intuit.karate.template.KarateEachTagProcessor
[THYMELEAF]             * [* {th:switch}] [250]: org.thymeleaf.standard.processor.StandardSwitchTagProcessor
[THYMELEAF]             * [* {th:case}] [275]: org.thymeleaf.standard.processor.StandardCaseTagProcessor
[THYMELEAF]             * [* {th:if}] [300]: org.thymeleaf.standard.processor.StandardIfTagProcessor
[THYMELEAF]             * [* {th:unless}] [400]: org.thymeleaf.standard.processor.StandardUnlessTagProcessor
[THYMELEAF]             * [* {th:object}] [500]: org.thymeleaf.standard.processor.StandardObjectTagProcessor
[THYMELEAF]             * [* {th:with}] [600]: com.intuit.karate.template.KarateWithTagProcessor
[THYMELEAF]             * [* {th:inline}] [1000]: org.thymeleaf.standard.processor.StandardInlineTextualTagProcessor
[THYMELEAF]             * [* {th:text}] [1300]: org.thymeleaf.standard.processor.StandardTextTagProcessor
[THYMELEAF]             * [* {th:utext}] [1400]: org.thymeleaf.standard.processor.StandardUtextTagProcessor
[THYMELEAF]             * [* {th:assert}] [1550]: org.thymeleaf.standard.processor.StandardAssertTagProcessor
[THYMELEAF]             * [* {th:remove}] [1600]: org.thymeleaf.standard.processor.StandardRemoveTagProcessor
[THYMELEAF]             * [{th:block} *] [100000]: org.thymeleaf.standard.processor.StandardBlockTagProcessor
[THYMELEAF]             * [* 100000] [org.thymeleaf.standard.processor.StandardBlockTagProcessor]: {}
[THYMELEAF]         * Text Processors by [precedence]:
[THYMELEAF]             * [1000]: org.thymeleaf.standard.processor.StandardInliningTextProcessor
[THYMELEAF]     * Expression Objects:
[THYMELEAF]         * #ctx
[THYMELEAF]         * #root
[THYMELEAF]         * #vars
[THYMELEAF]         * #object
[THYMELEAF]         * #locale
[THYMELEAF]         * #conversions
[THYMELEAF]         * #uris
[THYMELEAF]         * #temporals
[THYMELEAF]         * #calendars
[THYMELEAF]         * #dates
[THYMELEAF]         * #bools
[THYMELEAF]         * #numbers
[THYMELEAF]         * #objects
[THYMELEAF]         * #strings
[THYMELEAF]         * #arrays
[THYMELEAF]         * #lists
[THYMELEAF]         * #sets
[THYMELEAF]         * #maps
[THYMELEAF]         * #aggregates
[THYMELEAF]         * #messages
[THYMELEAF]         * #ids
[THYMELEAF]         * #execInfo
[THYMELEAF]         * #request
[THYMELEAF]         * #response
[THYMELEAF]         * #session
[THYMELEAF]         * #servletContext
[THYMELEAF]     * Execution Attributes:
[THYMELEAF]         * "StandardExpressionParser": com.intuit.karate.template.KarateStandardDialect@7b54a0a4
[THYMELEAF]         * "StandardJavaScriptSerializer": org.thymeleaf.standard.serializer.StandardJavaScriptSerializer@1ee6434
[THYMELEAF]         * "StandardCSSSerializer": org.thymeleaf.standard.serializer.StandardCSSSerializer@71d78cac
[THYMELEAF]         * "StandardVariableExpressionEvaluator": com.intuit.karate.template.KarateStandardDialect@7b54a0a4
[THYMELEAF]         * "StandardConversionService": org.thymeleaf.standard.expression.StandardConversionService@550f522b
[THYMELEAF] * Dialect [2 of 2]: karate (com.intuit.karate.template.KarateScriptDialect)
[THYMELEAF]     * Prefix: "ka"
[THYMELEAF]     * Processors for Template Mode: HTML
[THYMELEAF]         * Element Tag Processors by [matching element and attribute name] [precedence]:
[THYMELEAF]             * [* {src}] [1000]: com.intuit.karate.template.KaScriptAttrProcessor
[THYMELEAF]         * Element Model Processors by [matching element and attribute name] [precedence]:
[THYMELEAF]             * [{script} {ka:scope,data-ka-scope}] [1000]: com.intuit.karate.template.KaScriptElemProcessor
[THYMELEAF]             * [* {ka:set,data-ka-set}] [1000]: com.intuit.karate.template.KaSetElemProcessor
[THYMELEAF] TEMPLATE ENGINE CONFIGURED OK
12:54:44.938 [main] DEBUG org.thymeleaf.TemplateEngine -- [THYMELEAF] TEMPLATE ENGINE INITIALIZED

HTML report: (paste into browser to view) | Karate version: 1.4.1
file:///C:/Users/HarshvardhanNigaveka/OneDrive%20-%20Academian%20India%20Private%20Limited/Desktop/GitHubActions/karateUI/UI_Automation_Project/target/karate-reports/karate-summary.html
===================================================================

]]></system-out>
  </testcase>
</testsuite>