<?xml version="1.0" encoding="UTF-8"?>
<testsuite xmlns:xsi="http://www.w3.org/2001/XMLSchema-instance" xsi:noNamespaceSchemaLocation="https://maven.apache.org/surefire/maven-surefire-plugin/xsd/surefire-test-report-3.0.xsd" version="3.0" name="UI_Automation_Project.login.TestLoginRunner" time="231.041" tests="13" errors="0" skipped="0" failures="3">
  <properties>
    <property name="java.specification.version" value="17"/>
    <property name="sun.cpu.isalist" value="amd64"/>
    <property name="sun.jnu.encoding" value="Cp1252"/>
    <property name="java.class.path" value="C:\Users\HarshvardhanNigaveka\OneDrive - Academian India Private Limited\Desktop\GitHubActions\karateUI\UI_Automation_Project\target\test-classes;C:\Users\HarshvardhanNigaveka\OneDrive - Academian India Private Limited\Desktop\GitHubActions\karateUI\UI_Automation_Project\target\classes;C:\Users\HarshvardhanNigaveka\.m2\repository\com\intuit\karate\karate-junit5\1.4.1\karate-junit5-1.4.1.jar;C:\Users\HarshvardhanNigaveka\.m2\repository\com\intuit\karate\karate-core\1.4.1\karate-core-1.4.1.jar;C:\Users\HarshvardhanNigaveka\.m2\repository\org\graalvm\js\js-scriptengine\22.3.3\js-scriptengine-22.3.3.jar;C:\Users\HarshvardhanNigaveka\.m2\repository\org\graalvm\sdk\graal-sdk\22.3.3\graal-sdk-22.3.3.jar;C:\Users\HarshvardhanNigaveka\.m2\repository\org\graalvm\js\js\22.3.3\js-22.3.3.jar;C:\Users\HarshvardhanNigaveka\.m2\repository\org\graalvm\regex\regex\22.3.3\regex-22.3.3.jar;C:\Users\HarshvardhanNigaveka\.m2\repository\org\graalvm\truffle\truffle-api\22.3.3\truffle-api-22.3.3.jar;C:\Users\HarshvardhanNigaveka\.m2\repository\com\ibm\icu\icu4j\71.1\icu4j-71.1.jar;C:\Users\HarshvardhanNigaveka\.m2\repository\org\thymeleaf\thymeleaf\3.1.2.RELEASE\thymeleaf-3.1.2.RELEASE.jar;C:\Users\HarshvardhanNigaveka\.m2\repository\ognl\ognl\3.3.4\ognl-3.3.4.jar;C:\Users\HarshvardhanNigaveka\.m2\repository\org\javassist\javassist\3.29.0-GA\javassist-3.29.0-GA.jar;C:\Users\HarshvardhanNigaveka\.m2\repository\org\attoparser\attoparser\2.0.7.RELEASE\attoparser-2.0.7.RELEASE.jar;C:\Users\HarshvardhanNigaveka\.m2\repository\org\unbescape\unbescape\1.1.6.RELEASE\unbescape-1.1.6.RELEASE.jar;C:\Users\HarshvardhanNigaveka\.m2\repository\org\slf4j\slf4j-api\2.0.7\slf4j-api-2.0.7.jar;C:\Users\HarshvardhanNigaveka\.m2\repository\com\linecorp\armeria\armeria\1.25.2\armeria-1.25.2.jar;C:\Users\HarshvardhanNigaveka\.m2\repository\com\fasterxml\jackson\core\jackson-core\2.15.2\jackson-core-2.15.2.jar;C:\Users\HarshvardhanNigaveka\.m2\repository\com\fasterxml\jackson\core\jackson-annotations\2.15.2\jackson-annotations-2.15.2.jar;C:\Users\HarshvardhanNigaveka\.m2\repository\com\fasterxml\jackson\core\jackson-databind\2.15.2\jackson-databind-2.15.2.jar;C:\Users\HarshvardhanNigaveka\.m2\repository\com\fasterxml\jackson\datatype\jackson-datatype-jdk8\2.15.2\jackson-datatype-jdk8-2.15.2.jar;C:\Users\HarshvardhanNigaveka\.m2\repository\com\fasterxml\jackson\datatype\jackson-datatype-jsr310\2.15.2\jackson-datatype-jsr310-2.15.2.jar;C:\Users\HarshvardhanNigaveka\.m2\repository\io\micrometer\micrometer-core\1.11.3\micrometer-core-1.11.3.jar;C:\Users\HarshvardhanNigaveka\.m2\repository\io\micrometer\micrometer-commons\1.11.3\micrometer-commons-1.11.3.jar;C:\Users\HarshvardhanNigaveka\.m2\repository\io\micrometer\micrometer-observation\1.11.3\micrometer-observation-1.11.3.jar;C:\Users\HarshvardhanNigaveka\.m2\repository\org\hdrhistogram\HdrHistogram\2.1.12\HdrHistogram-2.1.12.jar;C:\Users\HarshvardhanNigaveka\.m2\repository\org\latencyutils\LatencyUtils\2.0.3\LatencyUtils-2.0.3.jar;C:\Users\HarshvardhanNigaveka\.m2\repository\io\netty\netty-transport\4.1.96.Final\netty-transport-4.1.96.Final.jar;C:\Users\HarshvardhanNigaveka\.m2\repository\io\netty\netty-common\4.1.96.Final\netty-common-4.1.96.Final.jar;C:\Users\HarshvardhanNigaveka\.m2\repository\io\netty\netty-buffer\4.1.96.Final\netty-buffer-4.1.96.Final.jar;C:\Users\HarshvardhanNigaveka\.m2\repository\io\netty\netty-resolver\4.1.96.Final\netty-resolver-4.1.96.Final.jar;C:\Users\HarshvardhanNigaveka\.m2\repository\io\netty\netty-codec-haproxy\4.1.96.Final\netty-codec-haproxy-4.1.96.Final.jar;C:\Users\HarshvardhanNigaveka\.m2\repository\io\netty\netty-codec\4.1.96.Final\netty-codec-4.1.96.Final.jar;C:\Users\HarshvardhanNigaveka\.m2\repository\io\netty\netty-codec-http2\4.1.96.Final\netty-codec-http2-4.1.96.Final.jar;C:\Users\HarshvardhanNigaveka\.m2\repository\io\netty\netty-handler\4.1.96.Final\netty-handler-4.1.96.Final.jar;C:\Users\HarshvardhanNigaveka\.m2\repository\io\netty\netty-codec-http\4.1.96.Final\netty-codec-http-4.1.96.Final.jar;C:\Users\HarshvardhanNigaveka\.m2\repository\io\netty\netty-resolver-dns\4.1.96.Final\netty-resolver-dns-4.1.96.Final.jar;C:\Users\HarshvardhanNigaveka\.m2\repository\io\netty\netty-codec-dns\4.1.96.Final\netty-codec-dns-4.1.96.Final.jar;C:\Users\HarshvardhanNigaveka\.m2\repository\org\reactivestreams\reactive-streams\1.0.4\reactive-streams-1.0.4.jar;C:\Users\HarshvardhanNigaveka\.m2\repository\com\google\code\findbugs\jsr305\3.0.2\jsr305-3.0.2.jar;C:\Users\HarshvardhanNigaveka\.m2\repository\io\netty\netty-handler-proxy\4.1.96.Final\netty-handler-proxy-4.1.96.Final.jar;C:\Users\HarshvardhanNigaveka\.m2\repository\io\netty\netty-codec-socks\4.1.96.Final\netty-codec-socks-4.1.96.Final.jar;C:\Users\HarshvardhanNigaveka\.m2\repository\io\netty\netty-transport-native-unix-common\4.1.96.Final\netty-transport-native-unix-common-4.1.96.Final-linux-x86_64.jar;C:\Users\HarshvardhanNigaveka\.m2\repository\io\netty\netty-transport-native-epoll\4.1.96.Final\netty-transport-native-epoll-4.1.96.Final-linux-x86_64.jar;C:\Users\HarshvardhanNigaveka\.m2\repository\io\netty\netty-transport-native-unix-common\4.1.96.Final\netty-transport-native-unix-common-4.1.96.Final.jar;C:\Users\HarshvardhanNigaveka\.m2\repository\io\netty\netty-transport-classes-epoll\4.1.96.Final\netty-transport-classes-epoll-4.1.96.Final.jar;C:\Users\HarshvardhanNigaveka\.m2\repository\io\netty\netty-transport-native-unix-common\4.1.96.Final\netty-transport-native-unix-common-4.1.96.Final-linux-aarch_64.jar;C:\Users\HarshvardhanNigaveka\.m2\repository\io\netty\netty-transport-native-epoll\4.1.96.Final\netty-transport-native-epoll-4.1.96.Final-linux-aarch_64.jar;C:\Users\HarshvardhanNigaveka\.m2\repository\io\netty\netty-transport-native-unix-common\4.1.96.Final\netty-transport-native-unix-common-4.1.96.Final-osx-x86_64.jar;C:\Users\HarshvardhanNigaveka\.m2\repository\io\netty\netty-transport-native-kqueue\4.1.96.Final\netty-transport-native-kqueue-4.1.96.Final-osx-x86_64.jar;C:\Users\HarshvardhanNigaveka\.m2\repository\io\netty\netty-transport-classes-kqueue\4.1.96.Final\netty-transport-classes-kqueue-4.1.96.Final.jar;C:\Users\HarshvardhanNigaveka\.m2\repository\io\netty\netty-resolver-dns-native-macos\4.1.96.Final\netty-resolver-dns-native-macos-4.1.96.Final-osx-x86_64.jar;C:\Users\HarshvardhanNigaveka\.m2\repository\io\netty\netty-resolver-dns-classes-macos\4.1.96.Final\netty-resolver-dns-classes-macos-4.1.96.Final.jar;C:\Users\HarshvardhanNigaveka\.m2\repository\io\netty\netty-transport-native-unix-common\4.1.96.Final\netty-transport-native-unix-common-4.1.96.Final-osx-aarch_64.jar;C:\Users\HarshvardhanNigaveka\.m2\repository\io\netty\netty-transport-native-kqueue\4.1.96.Final\netty-transport-native-kqueue-4.1.96.Final-osx-aarch_64.jar;C:\Users\HarshvardhanNigaveka\.m2\repository\io\netty\netty-resolver-dns-native-macos\4.1.96.Final\netty-resolver-dns-native-macos-4.1.96.Final-osx-aarch_64.jar;C:\Users\HarshvardhanNigaveka\.m2\repository\io\netty\netty-tcnative-boringssl-static\2.0.61.Final\netty-tcnative-boringssl-static-2.0.61.Final-linux-x86_64.jar;C:\Users\HarshvardhanNigaveka\.m2\repository\io\netty\netty-tcnative-classes\2.0.61.Final\netty-tcnative-classes-2.0.61.Final.jar;C:\Users\HarshvardhanNigaveka\.m2\repository\io\netty\netty-tcnative-boringssl-static\2.0.61.Final\netty-tcnative-boringssl-static-2.0.61.Final-linux-aarch_64.jar;C:\Users\HarshvardhanNigaveka\.m2\repository\io\netty\netty-tcnative-boringssl-static\2.0.61.Final\netty-tcnative-boringssl-static-2.0.61.Final-osx-x86_64.jar;C:\Users\HarshvardhanNigaveka\.m2\repository\io\netty\netty-tcnative-boringssl-static\2.0.61.Final\netty-tcnative-boringssl-static-2.0.61.Final-osx-aarch_64.jar;C:\Users\HarshvardhanNigaveka\.m2\repository\io\netty\netty-tcnative-boringssl-static\2.0.61.Final\netty-tcnative-boringssl-static-2.0.61.Final-windows-x86_64.jar;C:\Users\HarshvardhanNigaveka\.m2\repository\com\aayushatharva\brotli4j\brotli4j\1.12.0\brotli4j-1.12.0.jar;C:\Users\HarshvardhanNigaveka\.m2\repository\com\aayushatharva\brotli4j\service\1.12.0\service-1.12.0.jar;C:\Users\HarshvardhanNigaveka\.m2\repository\com\aayushatharva\brotli4j\native-windows-x86_64\1.12.0\native-windows-x86_64-1.12.0.jar;C:\Users\HarshvardhanNigaveka\.m2\repository\org\apache\httpcomponents\httpclient\4.5.14\httpclient-4.5.14.jar;C:\Users\HarshvardhanNigaveka\.m2\repository\org\apache\httpcomponents\httpcore\4.4.16\httpcore-4.4.16.jar;C:\Users\HarshvardhanNigaveka\.m2\repository\commons-codec\commons-codec\1.16.0\commons-codec-1.16.0.jar;C:\Users\HarshvardhanNigaveka\.m2\repository\ch\qos\logback\logback-classic\1.4.11\logback-classic-1.4.11.jar;C:\Users\HarshvardhanNigaveka\.m2\repository\ch\qos\logback\logback-core\1.4.11\logback-core-1.4.11.jar;C:\Users\HarshvardhanNigaveka\.m2\repository\org\slf4j\jcl-over-slf4j\2.0.9\jcl-over-slf4j-2.0.9.jar;C:\Users\HarshvardhanNigaveka\.m2\repository\org\antlr\antlr4-runtime\4.11.1\antlr4-runtime-4.11.1.jar;C:\Users\HarshvardhanNigaveka\.m2\repository\com\jayway\jsonpath\json-path\2.8.0\json-path-2.8.0.jar;C:\Users\HarshvardhanNigaveka\.m2\repository\net\minidev\json-smart\2.4.10\json-smart-2.4.10.jar;C:\Users\HarshvardhanNigaveka\.m2\repository\net\minidev\accessors-smart\2.4.9\accessors-smart-2.4.9.jar;C:\Users\HarshvardhanNigaveka\.m2\repository\org\ow2\asm\asm\9.3\asm-9.3.jar;C:\Users\HarshvardhanNigaveka\.m2\repository\org\yaml\snakeyaml\2.0\snakeyaml-2.0.jar;C:\Users\HarshvardhanNigaveka\.m2\repository\de\siegmar\fastcsv\2.2.1\fastcsv-2.2.1.jar;C:\Users\HarshvardhanNigaveka\.m2\repository\info\picocli\picocli\4.7.1\picocli-4.7.1.jar;C:\Users\HarshvardhanNigaveka\.m2\repository\io\github\classgraph\classgraph\4.8.160\classgraph-4.8.160.jar;C:\Users\HarshvardhanNigaveka\.m2\repository\io\github\t12y\resemble\1.0.2\resemble-1.0.2.jar;C:\Users\HarshvardhanNigaveka\.m2\repository\io\github\t12y\ssim\1.0.0\ssim-1.0.0.jar;C:\Users\HarshvardhanNigaveka\.m2\repository\org\junit\jupiter\junit-jupiter-api\5.9.3\junit-jupiter-api-5.9.3.jar;C:\Users\HarshvardhanNigaveka\.m2\repository\org\opentest4j\opentest4j\1.2.0\opentest4j-1.2.0.jar;C:\Users\HarshvardhanNigaveka\.m2\repository\org\junit\platform\junit-platform-commons\1.9.3\junit-platform-commons-1.9.3.jar;C:\Users\HarshvardhanNigaveka\.m2\repository\org\apiguardian\apiguardian-api\1.1.2\apiguardian-api-1.1.2.jar;C:\Users\HarshvardhanNigaveka\.m2\repository\org\junit\jupiter\junit-jupiter-engine\5.9.3\junit-jupiter-engine-5.9.3.jar;C:\Users\HarshvardhanNigaveka\.m2\repository\org\junit\platform\junit-platform-engine\1.9.3\junit-platform-engine-1.9.3.jar;"/>
    <property name="java.vm.vendor" value="Oracle Corporation"/>
    <property name="sun.arch.data.model" value="64"/>
    <property name="user.variant" value=""/>
    <property name="java.vendor.url" value="https://java.oracle.com/"/>
    <property name="user.timezone" value="Asia/Calcutta"/>
    <property name="os.name" value="Windows 11"/>
    <property name="java.vm.specification.version" value="17"/>
    <property name="sun.java.launcher" value="SUN_STANDARD"/>
    <property name="user.country" value="IN"/>
    <property name="sun.boot.library.path" value="C:\Program Files\Java\jdk-17\bin"/>
    <property name="sun.java.command" value="C:\Users\HarshvardhanNigaveka\AppData\Local\Temp\surefire4060006427493766877\surefirebooter-20240619125032154_3.jar C:\Users\HarshvardhanNigaveka\AppData\Local\Temp\surefire4060006427493766877 2024-06-19T12-50-31_975-jvmRun1 surefire-20240619125032154_1tmp surefire_0-20240619125032154_2tmp"/>
    <property name="jdk.debug" value="release"/>
    <property name="surefire.test.class.path" value="C:\Users\HarshvardhanNigaveka\OneDrive - Academian India Private Limited\Desktop\GitHubActions\karateUI\UI_Automation_Project\target\test-classes;C:\Users\HarshvardhanNigaveka\OneDrive - Academian India Private Limited\Desktop\GitHubActions\karateUI\UI_Automation_Project\target\classes;C:\Users\HarshvardhanNigaveka\.m2\repository\com\intuit\karate\karate-junit5\1.4.1\karate-junit5-1.4.1.jar;C:\Users\HarshvardhanNigaveka\.m2\repository\com\intuit\karate\karate-core\1.4.1\karate-core-1.4.1.jar;C:\Users\HarshvardhanNigaveka\.m2\repository\org\graalvm\js\js-scriptengine\22.3.3\js-scriptengine-22.3.3.jar;C:\Users\HarshvardhanNigaveka\.m2\repository\org\graalvm\sdk\graal-sdk\22.3.3\graal-sdk-22.3.3.jar;C:\Users\HarshvardhanNigaveka\.m2\repository\org\graalvm\js\js\22.3.3\js-22.3.3.jar;C:\Users\HarshvardhanNigaveka\.m2\repository\org\graalvm\regex\regex\22.3.3\regex-22.3.3.jar;C:\Users\HarshvardhanNigaveka\.m2\repository\org\graalvm\truffle\truffle-api\22.3.3\truffle-api-22.3.3.jar;C:\Users\HarshvardhanNigaveka\.m2\repository\com\ibm\icu\icu4j\71.1\icu4j-71.1.jar;C:\Users\HarshvardhanNigaveka\.m2\repository\org\thymeleaf\thymeleaf\3.1.2.RELEASE\thymeleaf-3.1.2.RELEASE.jar;C:\Users\HarshvardhanNigaveka\.m2\repository\ognl\ognl\3.3.4\ognl-3.3.4.jar;C:\Users\HarshvardhanNigaveka\.m2\repository\org\javassist\javassist\3.29.0-GA\javassist-3.29.0-GA.jar;C:\Users\HarshvardhanNigaveka\.m2\repository\org\attoparser\attoparser\2.0.7.RELEASE\attoparser-2.0.7.RELEASE.jar;C:\Users\HarshvardhanNigaveka\.m2\repository\org\unbescape\unbescape\1.1.6.RELEASE\unbescape-1.1.6.RELEASE.jar;C:\Users\HarshvardhanNigaveka\.m2\repository\org\slf4j\slf4j-api\2.0.7\slf4j-api-2.0.7.jar;C:\Users\HarshvardhanNigaveka\.m2\repository\com\linecorp\armeria\armeria\1.25.2\armeria-1.25.2.jar;C:\Users\HarshvardhanNigaveka\.m2\repository\com\fasterxml\jackson\core\jackson-core\2.15.2\jackson-core-2.15.2.jar;C:\Users\HarshvardhanNigaveka\.m2\repository\com\fasterxml\jackson\core\jackson-annotations\2.15.2\jackson-annotations-2.15.2.jar;C:\Users\HarshvardhanNigaveka\.m2\repository\com\fasterxml\jackson\core\jackson-databind\2.15.2\jackson-databind-2.15.2.jar;C:\Users\HarshvardhanNigaveka\.m2\repository\com\fasterxml\jackson\datatype\jackson-datatype-jdk8\2.15.2\jackson-datatype-jdk8-2.15.2.jar;C:\Users\HarshvardhanNigaveka\.m2\repository\com\fasterxml\jackson\datatype\jackson-datatype-jsr310\2.15.2\jackson-datatype-jsr310-2.15.2.jar;C:\Users\HarshvardhanNigaveka\.m2\repository\io\micrometer\micrometer-core\1.11.3\micrometer-core-1.11.3.jar;C:\Users\HarshvardhanNigaveka\.m2\repository\io\micrometer\micrometer-commons\1.11.3\micrometer-commons-1.11.3.jar;C:\Users\HarshvardhanNigaveka\.m2\repository\io\micrometer\micrometer-observation\1.11.3\micrometer-observation-1.11.3.jar;C:\Users\HarshvardhanNigaveka\.m2\repository\org\hdrhistogram\HdrHistogram\2.1.12\HdrHistogram-2.1.12.jar;C:\Users\HarshvardhanNigaveka\.m2\repository\org\latencyutils\LatencyUtils\2.0.3\LatencyUtils-2.0.3.jar;C:\Users\HarshvardhanNigaveka\.m2\repository\io\netty\netty-transport\4.1.96.Final\netty-transport-4.1.96.Final.jar;C:\Users\HarshvardhanNigaveka\.m2\repository\io\netty\netty-common\4.1.96.Final\netty-common-4.1.96.Final.jar;C:\Users\HarshvardhanNigaveka\.m2\repository\io\netty\netty-buffer\4.1.96.Final\netty-buffer-4.1.96.Final.jar;C:\Users\HarshvardhanNigaveka\.m2\repository\io\netty\netty-resolver\4.1.96.Final\netty-resolver-4.1.96.Final.jar;C:\Users\HarshvardhanNigaveka\.m2\repository\io\netty\netty-codec-haproxy\4.1.96.Final\netty-codec-haproxy-4.1.96.Final.jar;C:\Users\HarshvardhanNigaveka\.m2\repository\io\netty\netty-codec\4.1.96.Final\netty-codec-4.1.96.Final.jar;C:\Users\HarshvardhanNigaveka\.m2\repository\io\netty\netty-codec-http2\4.1.96.Final\netty-codec-http2-4.1.96.Final.jar;C:\Users\HarshvardhanNigaveka\.m2\repository\io\netty\netty-handler\4.1.96.Final\netty-handler-4.1.96.Final.jar;C:\Users\HarshvardhanNigaveka\.m2\repository\io\netty\netty-codec-http\4.1.96.Final\netty-codec-http-4.1.96.Final.jar;C:\Users\HarshvardhanNigaveka\.m2\repository\io\netty\netty-resolver-dns\4.1.96.Final\netty-resolver-dns-4.1.96.Final.jar;C:\Users\HarshvardhanNigaveka\.m2\repository\io\netty\netty-codec-dns\4.1.96.Final\netty-codec-dns-4.1.96.Final.jar;C:\Users\HarshvardhanNigaveka\.m2\repository\org\reactivestreams\reactive-streams\1.0.4\reactive-streams-1.0.4.jar;C:\Users\HarshvardhanNigaveka\.m2\repository\com\google\code\findbugs\jsr305\3.0.2\jsr305-3.0.2.jar;C:\Users\HarshvardhanNigaveka\.m2\repository\io\netty\netty-handler-proxy\4.1.96.Final\netty-handler-proxy-4.1.96.Final.jar;C:\Users\HarshvardhanNigaveka\.m2\repository\io\netty\netty-codec-socks\4.1.96.Final\netty-codec-socks-4.1.96.Final.jar;C:\Users\HarshvardhanNigaveka\.m2\repository\io\netty\netty-transport-native-unix-common\4.1.96.Final\netty-transport-native-unix-common-4.1.96.Final-linux-x86_64.jar;C:\Users\HarshvardhanNigaveka\.m2\repository\io\netty\netty-transport-native-epoll\4.1.96.Final\netty-transport-native-epoll-4.1.96.Final-linux-x86_64.jar;C:\Users\HarshvardhanNigaveka\.m2\repository\io\netty\netty-transport-native-unix-common\4.1.96.Final\netty-transport-native-unix-common-4.1.96.Final.jar;C:\Users\HarshvardhanNigaveka\.m2\repository\io\netty\netty-transport-classes-epoll\4.1.96.Final\netty-transport-classes-epoll-4.1.96.Final.jar;C:\Users\HarshvardhanNigaveka\.m2\repository\io\netty\netty-transport-native-unix-common\4.1.96.Final\netty-transport-native-unix-common-4.1.96.Final-linux-aarch_64.jar;C:\Users\HarshvardhanNigaveka\.m2\repository\io\netty\netty-transport-native-epoll\4.1.96.Final\netty-transport-native-epoll-4.1.96.Final-linux-aarch_64.jar;C:\Users\HarshvardhanNigaveka\.m2\repository\io\netty\netty-transport-native-unix-common\4.1.96.Final\netty-transport-native-unix-common-4.1.96.Final-osx-x86_64.jar;C:\Users\HarshvardhanNigaveka\.m2\repository\io\netty\netty-transport-native-kqueue\4.1.96.Final\netty-transport-native-kqueue-4.1.96.Final-osx-x86_64.jar;C:\Users\HarshvardhanNigaveka\.m2\repository\io\netty\netty-transport-classes-kqueue\4.1.96.Final\netty-transport-classes-kqueue-4.1.96.Final.jar;C:\Users\HarshvardhanNigaveka\.m2\repository\io\netty\netty-resolver-dns-native-macos\4.1.96.Final\netty-resolver-dns-native-macos-4.1.96.Final-osx-x86_64.jar;C:\Users\HarshvardhanNigaveka\.m2\repository\io\netty\netty-resolver-dns-classes-macos\4.1.96.Final\netty-resolver-dns-classes-macos-4.1.96.Final.jar;C:\Users\HarshvardhanNigaveka\.m2\repository\io\netty\netty-transport-native-unix-common\4.1.96.Final\netty-transport-native-unix-common-4.1.96.Final-osx-aarch_64.jar;C:\Users\HarshvardhanNigaveka\.m2\repository\io\netty\netty-transport-native-kqueue\4.1.96.Final\netty-transport-native-kqueue-4.1.96.Final-osx-aarch_64.jar;C:\Users\HarshvardhanNigaveka\.m2\repository\io\netty\netty-resolver-dns-native-macos\4.1.96.Final\netty-resolver-dns-native-macos-4.1.96.Final-osx-aarch_64.jar;C:\Users\HarshvardhanNigaveka\.m2\repository\io\netty\netty-tcnative-boringssl-static\2.0.61.Final\netty-tcnative-boringssl-static-2.0.61.Final-linux-x86_64.jar;C:\Users\HarshvardhanNigaveka\.m2\repository\io\netty\netty-tcnative-classes\2.0.61.Final\netty-tcnative-classes-2.0.61.Final.jar;C:\Users\HarshvardhanNigaveka\.m2\repository\io\netty\netty-tcnative-boringssl-static\2.0.61.Final\netty-tcnative-boringssl-static-2.0.61.Final-linux-aarch_64.jar;C:\Users\HarshvardhanNigaveka\.m2\repository\io\netty\netty-tcnative-boringssl-static\2.0.61.Final\netty-tcnative-boringssl-static-2.0.61.Final-osx-x86_64.jar;C:\Users\HarshvardhanNigaveka\.m2\repository\io\netty\netty-tcnative-boringssl-static\2.0.61.Final\netty-tcnative-boringssl-static-2.0.61.Final-osx-aarch_64.jar;C:\Users\HarshvardhanNigaveka\.m2\repository\io\netty\netty-tcnative-boringssl-static\2.0.61.Final\netty-tcnative-boringssl-static-2.0.61.Final-windows-x86_64.jar;C:\Users\HarshvardhanNigaveka\.m2\repository\com\aayushatharva\brotli4j\brotli4j\1.12.0\brotli4j-1.12.0.jar;C:\Users\HarshvardhanNigaveka\.m2\repository\com\aayushatharva\brotli4j\service\1.12.0\service-1.12.0.jar;C:\Users\HarshvardhanNigaveka\.m2\repository\com\aayushatharva\brotli4j\native-windows-x86_64\1.12.0\native-windows-x86_64-1.12.0.jar;C:\Users\HarshvardhanNigaveka\.m2\repository\org\apache\httpcomponents\httpclient\4.5.14\httpclient-4.5.14.jar;C:\Users\HarshvardhanNigaveka\.m2\repository\org\apache\httpcomponents\httpcore\4.4.16\httpcore-4.4.16.jar;C:\Users\HarshvardhanNigaveka\.m2\repository\commons-codec\commons-codec\1.16.0\commons-codec-1.16.0.jar;C:\Users\HarshvardhanNigaveka\.m2\repository\ch\qos\logback\logback-classic\1.4.11\logback-classic-1.4.11.jar;C:\Users\HarshvardhanNigaveka\.m2\repository\ch\qos\logback\logback-core\1.4.11\logback-core-1.4.11.jar;C:\Users\HarshvardhanNigaveka\.m2\repository\org\slf4j\jcl-over-slf4j\2.0.9\jcl-over-slf4j-2.0.9.jar;C:\Users\HarshvardhanNigaveka\.m2\repository\org\antlr\antlr4-runtime\4.11.1\antlr4-runtime-4.11.1.jar;C:\Users\HarshvardhanNigaveka\.m2\repository\com\jayway\jsonpath\json-path\2.8.0\json-path-2.8.0.jar;C:\Users\HarshvardhanNigaveka\.m2\repository\net\minidev\json-smart\2.4.10\json-smart-2.4.10.jar;C:\Users\HarshvardhanNigaveka\.m2\repository\net\minidev\accessors-smart\2.4.9\accessors-smart-2.4.9.jar;C:\Users\HarshvardhanNigaveka\.m2\repository\org\ow2\asm\asm\9.3\asm-9.3.jar;C:\Users\HarshvardhanNigaveka\.m2\repository\org\yaml\snakeyaml\2.0\snakeyaml-2.0.jar;C:\Users\HarshvardhanNigaveka\.m2\repository\de\siegmar\fastcsv\2.2.1\fastcsv-2.2.1.jar;C:\Users\HarshvardhanNigaveka\.m2\repository\info\picocli\picocli\4.7.1\picocli-4.7.1.jar;C:\Users\HarshvardhanNigaveka\.m2\repository\io\github\classgraph\classgraph\4.8.160\classgraph-4.8.160.jar;C:\Users\HarshvardhanNigaveka\.m2\repository\io\github\t12y\resemble\1.0.2\resemble-1.0.2.jar;C:\Users\HarshvardhanNigaveka\.m2\repository\io\github\t12y\ssim\1.0.0\ssim-1.0.0.jar;C:\Users\HarshvardhanNigaveka\.m2\repository\org\junit\jupiter\junit-jupiter-api\5.9.3\junit-jupiter-api-5.9.3.jar;C:\Users\HarshvardhanNigaveka\.m2\repository\org\opentest4j\opentest4j\1.2.0\opentest4j-1.2.0.jar;C:\Users\HarshvardhanNigaveka\.m2\repository\org\junit\platform\junit-platform-commons\1.9.3\junit-platform-commons-1.9.3.jar;C:\Users\HarshvardhanNigaveka\.m2\repository\org\apiguardian\apiguardian-api\1.1.2\apiguardian-api-1.1.2.jar;C:\Users\HarshvardhanNigaveka\.m2\repository\org\junit\jupiter\junit-jupiter-engine\5.9.3\junit-jupiter-engine-5.9.3.jar;C:\Users\HarshvardhanNigaveka\.m2\repository\org\junit\platform\junit-platform-engine\1.9.3\junit-platform-engine-1.9.3.jar;"/>
    <property name="sun.cpu.endian" value="little"/>
    <property name="user.home" value="C:\Users\HarshvardhanNigaveka"/>
    <property name="user.language" value="en"/>
    <property name="java.specification.vendor" value="Oracle Corporation"/>
    <property name="java.version.date" value="2024-04-16"/>
    <property name="java.home" value="C:\Program Files\Java\jdk-17"/>
    <property name="file.separator" value="\"/>
    <property name="basedir" value="C:\Users\HarshvardhanNigaveka\OneDrive - Academian India Private Limited\Desktop\GitHubActions\karateUI\UI_Automation_Project"/>
    <property name="java.vm.compressedOopsMode" value="Zero based"/>
    <property name="line.separator" value="&#10;"/>
    <property name="java.vm.specification.vendor" value="Oracle Corporation"/>
    <property name="java.specification.name" value="Java Platform API Specification"/>
    <property name="surefire.real.class.path" value="C:\Users\HarshvardhanNigaveka\AppData\Local\Temp\surefire4060006427493766877\surefirebooter-20240619125032154_3.jar"/>
    <property name="user.script" value=""/>
    <property name="sun.management.compiler" value="HotSpot 64-Bit Tiered Compilers"/>
    <property name="java.runtime.version" value="17.0.11+7-LTS-207"/>
    <property name="user.name" value="HarshvardhanNigaveka"/>
    <property name="path.separator" value=";"/>
    <property name="os.version" value="10.0"/>
    <property name="java.runtime.name" value="Java(TM) SE Runtime Environment"/>
    <property name="file.encoding" value="Cp1252"/>
    <property name="java.vm.name" value="Java HotSpot(TM) 64-Bit Server VM"/>
    <property name="localRepository" value="C:\Users\HarshvardhanNigaveka\.m2\repository"/>
    <property name="java.vendor.url.bug" value="https://bugreport.java.com/bugreport/"/>
    <property name="java.io.tmpdir" value="C:\Users\HARSHV~1\AppData\Local\Temp\"/>
    <property name="java.version" value="17.0.11"/>
    <property name="user.dir" value="C:\Users\HarshvardhanNigaveka\OneDrive - Academian India Private Limited\Desktop\GitHubActions\karateUI\UI_Automation_Project"/>
    <property name="os.arch" value="amd64"/>
    <property name="java.vm.specification.name" value="Java Virtual Machine Specification"/>
    <property name="sun.os.patch.level" value=""/>
    <property name="native.encoding" value="Cp1252"/>
    <property name="java.library.path" value="C:\Program Files\Java\jdk-17\bin;C:\Windows\Sun\Java\bin;C:\Windows\system32;C:\Windows;C:\Program Files\Common Files\Oracle\Java\javapath;C:\Windows\system32;C:\Windows;C:\Windows\System32\Wbem;C:\Windows\System32\WindowsPowerShell\v1.0\;C:\Windows\System32\OpenSSH\;C:\Program Files\Java\jdk-17\bin;C:\apache-maven-3.9.7-bin\apache-maven-3.9.7\bin;C:\Users\HarshvardhanNigaveka\eclipse\java-2024-03\eclipse;C:\Users\HarshvardhanNigaveka\AppData\Local\Microsoft\WindowsApps;C:\Users\HarshvardhanNigaveka\AppData\Local\Programs\Git\cmd;C:\Users\HarshvardhanNigaveka\AppData\Local\Programs\Microsoft VS Code\bin;."/>
    <property name="java.vm.info" value="mixed mode, sharing"/>
    <property name="java.vendor" value="Oracle Corporation"/>
    <property name="java.vm.version" value="17.0.11+7-LTS-207"/>
    <property name="sun.io.unicode.encoding" value="UnicodeLittle"/>
    <property name="java.class.version" value="61.0"/>
  </properties>
  <testcase name="[1:9] Login with valid login credentials using standard user" classname="UI_Automation_Project/login/login" time="16.287">
    <system-out><![CDATA[12:50:33.678 [main] DEBUG com.intuit.karate.Suite -- [config] classpath:karate-config.js
12:50:34.771 [main] INFO com.intuit.karate -- karate.env system property was: null 
12:50:34.771 [main] INFO com.intuit.karate -- the browser set is: chromedriver, default: "chrome" 
12:50:34.817 [main] DEBUG com.jayway.jsonpath.internal.path.CompiledPath -- Evaluating path: $
12:50:34.833 [main] DEBUG com.jayway.jsonpath.internal.path.CompiledPath -- Evaluating path: $
12:50:34.833 [main] WARN com.intuit.karate -- type was null, defaulting to 'chrome'
12:50:34.849 [main] DEBUG com.intuit.karate.shell.Command -- found / verified free local port: 9222
12:50:34.865 [chrome_1718781634841] DEBUG com.intuit.karate.driver.chrome_1718781634841 -- command: [C:\Program Files\Google\Chrome\Application\chrome.exe, --remote-debugging-port=9222, --remote-allow-origins=*, --no-first-run, --user-data-dir=C:\Users\HarshvardhanNigaveka\OneDrive - Academian India Private Limited\Desktop\GitHubActions\karateUI\UI_Automation_Project\target\chrome_1718781634841, --disable-popup-blocking], working dir: target\chrome_1718781634841
12:50:34.882 [main] DEBUG com.intuit.karate.driver.chrome_1718781634841 -- poll attempt #0 for port to be ready - localhost:9222
12:50:35.151 [main] DEBUG com.intuit.karate.driver.chrome_1718781634841 -- poll attempt #1 for port to be ready - localhost:9222
12:50:35.201 [chrome_1718781634841-out] DEBUG com.intuit.karate.driver.chrome_1718781634841 -- 
12:50:35.201 [chrome_1718781634841-out] DEBUG com.intuit.karate.driver.chrome_1718781634841 -- DevTools listening on ws://127.0.0.1:9222/devtools/browser/2576f09c-017d-4488-a90d-64792e9eceb0
12:50:35.412 [main] DEBUG com.intuit.karate.driver.chrome_1718781634841 -- poll attempt #2 for port to be ready - localhost:9222
12:50:36.155 [main] DEBUG org.apache.http.client.protocol.RequestAddCookies -- CookieSpec selected: karate
12:50:36.171 [main] DEBUG org.apache.http.client.protocol.RequestAuthCache -- Auth cache not set in the context
12:50:36.171 [main] DEBUG com.intuit.karate -- request:
1 > GET http://localhost:9222/json
1 > Host: localhost:9222
1 > Connection: Keep-Alive
1 > User-Agent: Apache-HttpClient/4.5.14 (Java/17.0.11)
1 > Accept-Encoding: gzip,deflate


12:50:36.171 [main] DEBUG org.apache.http.impl.conn.PoolingHttpClientConnectionManager -- Connection request: [route: {}->http://localhost:9222][total available: 0; route allocated: 0 of 5; total allocated: 0 of 10]
12:50:36.195 [main] DEBUG org.apache.http.impl.conn.PoolingHttpClientConnectionManager -- Connection leased: [id: 0][route: {}->http://localhost:9222][total available: 0; route allocated: 1 of 5; total allocated: 1 of 10]
12:50:36.195 [main] DEBUG org.apache.http.impl.execchain.MainClientExec -- Opening connection {}->http://localhost:9222
12:50:36.204 [main] DEBUG org.apache.http.impl.conn.DefaultHttpClientConnectionOperator -- Connecting to localhost/127.0.0.1:9222
12:50:36.204 [main] DEBUG org.apache.http.impl.conn.DefaultHttpClientConnectionOperator -- Connection established 127.0.0.1:53812<->127.0.0.1:9222
12:50:36.204 [main] DEBUG org.apache.http.impl.conn.DefaultManagedHttpClientConnection -- http-outgoing-0: set socket timeout to 30000
12:50:36.204 [main] DEBUG org.apache.http.impl.execchain.MainClientExec -- Executing request GET /json HTTP/1.1
12:50:36.204 [main] DEBUG org.apache.http.impl.execchain.MainClientExec -- Target auth state: UNCHALLENGED
12:50:36.204 [main] DEBUG org.apache.http.impl.execchain.MainClientExec -- Proxy auth state: UNCHALLENGED
12:50:36.204 [main] DEBUG org.apache.http.headers -- http-outgoing-0 >> GET /json HTTP/1.1
12:50:36.204 [main] DEBUG org.apache.http.headers -- http-outgoing-0 >> Host: localhost:9222
12:50:36.204 [main] DEBUG org.apache.http.headers -- http-outgoing-0 >> Connection: Keep-Alive
12:50:36.204 [main] DEBUG org.apache.http.headers -- http-outgoing-0 >> User-Agent: Apache-HttpClient/4.5.14 (Java/17.0.11)
12:50:36.204 [main] DEBUG org.apache.http.headers -- http-outgoing-0 >> Accept-Encoding: gzip,deflate
12:50:36.204 [main] DEBUG org.apache.http.wire -- http-outgoing-0 >> "GET /json HTTP/1.1[\r][\n]"
12:50:36.204 [main] DEBUG org.apache.http.wire -- http-outgoing-0 >> "Host: localhost:9222[\r][\n]"
12:50:36.204 [main] DEBUG org.apache.http.wire -- http-outgoing-0 >> "Connection: Keep-Alive[\r][\n]"
12:50:36.204 [main] DEBUG org.apache.http.wire -- http-outgoing-0 >> "User-Agent: Apache-HttpClient/4.5.14 (Java/17.0.11)[\r][\n]"
12:50:36.204 [main] DEBUG org.apache.http.wire -- http-outgoing-0 >> "Accept-Encoding: gzip,deflate[\r][\n]"
12:50:36.204 [main] DEBUG org.apache.http.wire -- http-outgoing-0 >> "[\r][\n]"
12:50:36.204 [main] DEBUG org.apache.http.wire -- http-outgoing-0 << "HTTP/1.1 200 OK[\r][\n]"
12:50:36.204 [main] DEBUG org.apache.http.wire -- http-outgoing-0 << "Content-Security-Policy:frame-ancestors 'none'[\r][\n]"
12:50:36.204 [main] DEBUG org.apache.http.wire -- http-outgoing-0 << "Content-Length:1787[\r][\n]"
12:50:36.204 [main] DEBUG org.apache.http.wire -- http-outgoing-0 << "Content-Type:application/json; charset=UTF-8[\r][\n]"
12:50:36.204 [main] DEBUG org.apache.http.wire -- http-outgoing-0 << "[\r][\n]"
12:50:36.204 [main] DEBUG org.apache.http.wire -- http-outgoing-0 << "[ {[\r][\n]"
12:50:36.204 [main] DEBUG org.apache.http.wire -- http-outgoing-0 << "   "description": "",[\r][\n]"
12:50:36.204 [main] DEBUG org.apache.http.wire -- http-outgoing-0 << "   "devtoolsFrontendUrl": "/devtools/inspector.html?ws=localhost:9222/devtools/page/C0BF0D35E7DA75A50D726DCF80EE2329",[\r][\n]"
12:50:36.204 [main] DEBUG org.apache.http.wire -- http-outgoing-0 << "   "id": "C0BF0D35E7DA75A50D726DCF80EE2329",[\r][\n]"
12:50:36.204 [main] DEBUG org.apache.http.wire -- http-outgoing-0 << "   "title": "Google Network Speech",[\r][\n]"
12:50:36.204 [main] DEBUG org.apache.http.wire -- http-outgoing-0 << "   "type": "background_page",[\r][\n]"
12:50:36.204 [main] DEBUG org.apache.http.wire -- http-outgoing-0 << "   "url": "chrome-extension://neajdppkdcdipfabeoofebfddakdcjhd/_generated_background_page.html",[\r][\n]"
12:50:36.204 [main] DEBUG org.apache.http.wire -- http-outgoing-0 << "   "webSocketDebuggerUrl": "ws://localhost:9222/devtools/page/C0BF0D35E7DA75A50D726DCF80EE2329"[\r][\n]"
12:50:36.204 [main] DEBUG org.apache.http.wire -- http-outgoing-0 << "}, {[\r][\n]"
12:50:36.204 [main] DEBUG org.apache.http.wire -- http-outgoing-0 << "   "description": "",[\r][\n]"
12:50:36.204 [main] DEBUG org.apache.http.wire -- http-outgoing-0 << "   "devtoolsFrontendUrl": "/devtools/inspector.html?ws=localhost:9222/devtools/page/51945A5EBC772661705AF1501711EF6C",[\r][\n]"
12:50:36.204 [main] DEBUG org.apache.http.wire -- http-outgoing-0 << "   "id": "51945A5EBC772661705AF1501711EF6C",[\r][\n]"
12:50:36.204 [main] DEBUG org.apache.http.wire -- http-outgoing-0 << "   "title": "Google Hangouts",[\r][\n]"
12:50:36.204 [main] DEBUG org.apache.http.wire -- http-outgoing-0 << "   "type": "background_page",[\r][\n]"
12:50:36.204 [main] DEBUG org.apache.http.wire -- http-outgoing-0 << "   "url": "chrome-extension://nkeimhogjdpnpccoofpliimaahmaaome/background.html",[\r][\n]"
12:50:36.204 [main] DEBUG org.apache.http.wire -- http-outgoing-0 << "   "webSocketDebuggerUrl": "ws://localhost:9222/devtools/page/51945A5EBC772661705AF1501711EF6C"[\r][\n]"
12:50:36.204 [main] DEBUG org.apache.http.wire -- http-outgoing-0 << "}, {[\r][\n]"
12:50:36.204 [main] DEBUG org.apache.http.wire -- http-outgoing-0 << "   "description": "",[\r][\n]"
12:50:36.204 [main] DEBUG org.apache.http.wire -- http-outgoing-0 << "   "devtoolsFrontendUrl": "/devtools/inspector.html?ws=localhost:9222/devtools/page/D6FF537DD9B4BA0976EBF39525B06618",[\r][\n]"
12:50:36.204 [main] DEBUG org.apache.http.wire -- http-outgoing-0 << "   "id": "D6FF537DD9B4BA0976EBF39525B06618",[\r][\n]"
12:50:36.204 [main] DEBUG org.apache.http.wire -- http-outgoing-0 << "   "title": "New Tab",[\r][\n]"
12:50:36.204 [main] DEBUG org.apache.http.wire -- http-outgoing-0 << "   "type": "page",[\r][\n]"
12:50:36.204 [main] DEBUG org.apache.http.wire -- http-outgoing-0 << "   "url": "chrome://newtab/",[\r][\n]"
12:50:36.204 [main] DEBUG org.apache.http.wire -- http-outgoing-0 << "   "webSocketDebuggerUrl": "ws://localhost:9222/devtools/page/D6FF537DD9B4BA0976EBF39525B06618"[\r][\n]"
12:50:36.204 [main] DEBUG org.apache.http.wire -- http-outgoing-0 << "}, {[\r][\n]"
12:50:36.204 [main] DEBUG org.apache.http.wire -- http-outgoing-0 << "   "description": "",[\r][\n]"
12:50:36.204 [main] DEBUG org.apache.http.wire -- http-outgoing-0 << "   "devtoolsFrontendUrl": "/devtools/inspector.html?ws=localhost:9222/devtools/page/883D0FCD94DFDDD191434D5F11380FF0",[\r][\n]"
12:50:36.204 [main] DEBUG org.apache.http.wire -- http-outgoing-0 << "   "id": "883D0FCD94DFDDD191434D5F11380FF0",[\r][\n]"
12:50:36.204 [main] DEBUG org.apache.http.wire -- http-outgoing-0 << "   "parentId": "D6FF537DD9B4BA0976EBF39525B06618",[\r][\n]"
12:50:36.204 [main] DEBUG org.apache.http.wire -- http-outgoing-0 << "   "title": "chrome-untrusted://new-tab-page/one-google-bar?paramsencoded=",[\r][\n]"
12:50:36.204 [main] DEBUG org.apache.http.wire -- http-outgoing-0 << "   "type": "iframe",[\r][\n]"
12:50:36.204 [main] DEBUG org.apache.http.wire -- http-outgoing-0 << "   "url": "chrome-untrusted://new-tab-page/one-google-bar?paramsencoded=",[\r][\n]"
12:50:36.204 [main] DEBUG org.apache.http.wire -- http-outgoing-0 << "   "webSocketDebuggerUrl": "ws://localhost:9222/devtools/page/883D0FCD94DFDDD191434D5F11380FF0"[\r][\n]"
12:50:36.204 [main] DEBUG org.apache.http.wire -- http-outgoing-0 << "} ][\r][\n]"
12:50:36.204 [main] DEBUG org.apache.http.headers -- http-outgoing-0 << HTTP/1.1 200 OK
12:50:36.204 [main] DEBUG org.apache.http.headers -- http-outgoing-0 << Content-Security-Policy:frame-ancestors 'none'
12:50:36.204 [main] DEBUG org.apache.http.headers -- http-outgoing-0 << Content-Length:1787
12:50:36.204 [main] DEBUG org.apache.http.headers -- http-outgoing-0 << Content-Type:application/json; charset=UTF-8
12:50:36.217 [main] DEBUG org.apache.http.impl.execchain.MainClientExec -- Connection can be kept alive indefinitely
12:50:36.217 [main] DEBUG org.apache.http.impl.conn.PoolingHttpClientConnectionManager -- Connection [id: 0][route: {}->http://localhost:9222] can be kept alive indefinitely
12:50:36.217 [main] DEBUG org.apache.http.impl.conn.DefaultManagedHttpClientConnection -- http-outgoing-0: set socket timeout to 0
12:50:36.217 [main] DEBUG org.apache.http.impl.conn.PoolingHttpClientConnectionManager -- Connection released: [id: 0][route: {}->http://localhost:9222][total available: 1; route allocated: 1 of 5; total allocated: 1 of 10]
12:50:36.217 [main] DEBUG org.apache.http.impl.conn.PoolingHttpClientConnectionManager -- Connection manager is shutting down
12:50:36.217 [main] DEBUG org.apache.http.impl.conn.DefaultManagedHttpClientConnection -- http-outgoing-0: Close connection
12:50:36.217 [main] DEBUG org.apache.http.impl.conn.PoolingHttpClientConnectionManager -- Connection manager shut down
12:50:36.217 [main] DEBUG com.intuit.karate -- response time in milliseconds: 46
1 < 200
1 < Content-Security-Policy: frame-ancestors 'none'
1 < Content-Length: 1787
1 < Content-Type: application/json; charset=UTF-8
[ {
   "description": "",
   "devtoolsFrontendUrl": "/devtools/inspector.html?ws=localhost:9222/devtools/page/C0BF0D35E7DA75A50D726DCF80EE2329",
   "id": "C0BF0D35E7DA75A50D726DCF80EE2329",
   "title": "Google Network Speech",
   "type": "background_page",
   "url": "chrome-extension://neajdppkdcdipfabeoofebfddakdcjhd/_generated_background_page.html",
   "webSocketDebuggerUrl": "ws://localhost:9222/devtools/page/C0BF0D35E7DA75A50D726DCF80EE2329"
}, {
   "description": "",
   "devtoolsFrontendUrl": "/devtools/inspector.html?ws=localhost:9222/devtools/page/51945A5EBC772661705AF1501711EF6C",
   "id": "51945A5EBC772661705AF1501711EF6C",
   "title": "Google Hangouts",
   "type": "background_page",
   "url": "chrome-extension://nkeimhogjdpnpccoofpliimaahmaaome/background.html",
   "webSocketDebuggerUrl": "ws://localhost:9222/devtools/page/51945A5EBC772661705AF1501711EF6C"
}, {
   "description": "",
   "devtoolsFrontendUrl": "/devtools/inspector.html?ws=localhost:9222/devtools/page/D6FF537DD9B4BA0976EBF39525B06618",
   "id": "D6FF537DD9B4BA0976EBF39525B06618",
   "title": "New Tab",
   "type": "page",
   "url": "chrome://newtab/",
   "webSocketDebuggerUrl": "ws://localhost:9222/devtools/page/D6FF537DD9B4BA0976EBF39525B06618"
}, {
   "description": "",
   "devtoolsFrontendUrl": "/devtools/inspector.html?ws=localhost:9222/devtools/page/883D0FCD94DFDDD191434D5F11380FF0",
   "id": "883D0FCD94DFDDD191434D5F11380FF0",
   "parentId": "D6FF537DD9B4BA0976EBF39525B06618",
   "title": "chrome-untrusted://new-tab-page/one-google-bar?paramsencoded=",
   "type": "iframe",
   "url": "chrome-untrusted://new-tab-page/one-google-bar?paramsencoded=",
   "webSocketDebuggerUrl": "ws://localhost:9222/devtools/page/883D0FCD94DFDDD191434D5F11380FF0"
} ]


12:50:36.239 [main] DEBUG com.jayway.jsonpath.internal.path.CompiledPath -- Evaluating path: $
12:50:36.239 [main] DEBUG com.intuit.karate.shell.Command -- ready to accept http connections after 797 ms - http://localhost:9222/json
12:50:36.239 [main] DEBUG org.apache.http.client.protocol.RequestAddCookies -- CookieSpec selected: karate
12:50:36.242 [main] DEBUG org.apache.http.client.protocol.RequestAuthCache -- Auth cache not set in the context
12:50:36.242 [main] DEBUG com.intuit.karate -- request:
1 > GET http://localhost:9222/json
1 > Host: localhost:9222
1 > Connection: Keep-Alive
1 > User-Agent: Apache-HttpClient/4.5.14 (Java/17.0.11)
1 > Accept-Encoding: gzip,deflate


12:50:36.242 [main] DEBUG org.apache.http.impl.conn.PoolingHttpClientConnectionManager -- Connection request: [route: {}->http://localhost:9222][total available: 0; route allocated: 0 of 5; total allocated: 0 of 10]
12:50:36.242 [main] DEBUG org.apache.http.impl.conn.PoolingHttpClientConnectionManager -- Connection leased: [id: 1][route: {}->http://localhost:9222][total available: 0; route allocated: 1 of 5; total allocated: 1 of 10]
12:50:36.242 [main] DEBUG org.apache.http.impl.execchain.MainClientExec -- Opening connection {}->http://localhost:9222
12:50:36.242 [main] DEBUG org.apache.http.impl.conn.DefaultHttpClientConnectionOperator -- Connecting to localhost/127.0.0.1:9222
12:50:36.242 [main] DEBUG org.apache.http.impl.conn.DefaultHttpClientConnectionOperator -- Connection established 127.0.0.1:53817<->127.0.0.1:9222
12:50:36.242 [main] DEBUG org.apache.http.impl.conn.DefaultManagedHttpClientConnection -- http-outgoing-1: set socket timeout to 30000
12:50:36.242 [main] DEBUG org.apache.http.impl.execchain.MainClientExec -- Executing request GET /json HTTP/1.1
12:50:36.242 [main] DEBUG org.apache.http.impl.execchain.MainClientExec -- Target auth state: UNCHALLENGED
12:50:36.242 [main] DEBUG org.apache.http.impl.execchain.MainClientExec -- Proxy auth state: UNCHALLENGED
12:50:36.242 [main] DEBUG org.apache.http.headers -- http-outgoing-1 >> GET /json HTTP/1.1
12:50:36.242 [main] DEBUG org.apache.http.headers -- http-outgoing-1 >> Host: localhost:9222
12:50:36.242 [main] DEBUG org.apache.http.headers -- http-outgoing-1 >> Connection: Keep-Alive
12:50:36.242 [main] DEBUG org.apache.http.headers -- http-outgoing-1 >> User-Agent: Apache-HttpClient/4.5.14 (Java/17.0.11)
12:50:36.242 [main] DEBUG org.apache.http.headers -- http-outgoing-1 >> Accept-Encoding: gzip,deflate
12:50:36.242 [main] DEBUG org.apache.http.wire -- http-outgoing-1 >> "GET /json HTTP/1.1[\r][\n]"
12:50:36.242 [main] DEBUG org.apache.http.wire -- http-outgoing-1 >> "Host: localhost:9222[\r][\n]"
12:50:36.242 [main] DEBUG org.apache.http.wire -- http-outgoing-1 >> "Connection: Keep-Alive[\r][\n]"
12:50:36.242 [main] DEBUG org.apache.http.wire -- http-outgoing-1 >> "User-Agent: Apache-HttpClient/4.5.14 (Java/17.0.11)[\r][\n]"
12:50:36.242 [main] DEBUG org.apache.http.wire -- http-outgoing-1 >> "Accept-Encoding: gzip,deflate[\r][\n]"
12:50:36.242 [main] DEBUG org.apache.http.wire -- http-outgoing-1 >> "[\r][\n]"
12:50:36.247 [main] DEBUG org.apache.http.wire -- http-outgoing-1 << "HTTP/1.1 200 OK[\r][\n]"
12:50:36.247 [main] DEBUG org.apache.http.wire -- http-outgoing-1 << "Content-Security-Policy:frame-ancestors 'none'[\r][\n]"
12:50:36.247 [main] DEBUG org.apache.http.wire -- http-outgoing-1 << "Content-Length:1787[\r][\n]"
12:50:36.247 [main] DEBUG org.apache.http.wire -- http-outgoing-1 << "Content-Type:application/json; charset=UTF-8[\r][\n]"
12:50:36.247 [main] DEBUG org.apache.http.wire -- http-outgoing-1 << "[\r][\n]"
12:50:36.247 [main] DEBUG org.apache.http.wire -- http-outgoing-1 << "[ {[\r][\n]"
12:50:36.247 [main] DEBUG org.apache.http.wire -- http-outgoing-1 << "   "description": "",[\r][\n]"
12:50:36.247 [main] DEBUG org.apache.http.wire -- http-outgoing-1 << "   "devtoolsFrontendUrl": "/devtools/inspector.html?ws=localhost:9222/devtools/page/C0BF0D35E7DA75A50D726DCF80EE2329",[\r][\n]"
12:50:36.247 [main] DEBUG org.apache.http.wire -- http-outgoing-1 << "   "id": "C0BF0D35E7DA75A50D726DCF80EE2329",[\r][\n]"
12:50:36.247 [main] DEBUG org.apache.http.wire -- http-outgoing-1 << "   "title": "Google Network Speech",[\r][\n]"
12:50:36.247 [main] DEBUG org.apache.http.wire -- http-outgoing-1 << "   "type": "background_page",[\r][\n]"
12:50:36.247 [main] DEBUG org.apache.http.wire -- http-outgoing-1 << "   "url": "chrome-extension://neajdppkdcdipfabeoofebfddakdcjhd/_generated_background_page.html",[\r][\n]"
12:50:36.247 [main] DEBUG org.apache.http.wire -- http-outgoing-1 << "   "webSocketDebuggerUrl": "ws://localhost:9222/devtools/page/C0BF0D35E7DA75A50D726DCF80EE2329"[\r][\n]"
12:50:36.247 [main] DEBUG org.apache.http.wire -- http-outgoing-1 << "}, {[\r][\n]"
12:50:36.247 [main] DEBUG org.apache.http.wire -- http-outgoing-1 << "   "description": "",[\r][\n]"
12:50:36.247 [main] DEBUG org.apache.http.wire -- http-outgoing-1 << "   "devtoolsFrontendUrl": "/devtools/inspector.html?ws=localhost:9222/devtools/page/51945A5EBC772661705AF1501711EF6C",[\r][\n]"
12:50:36.247 [main] DEBUG org.apache.http.wire -- http-outgoing-1 << "   "id": "51945A5EBC772661705AF1501711EF6C",[\r][\n]"
12:50:36.247 [main] DEBUG org.apache.http.wire -- http-outgoing-1 << "   "title": "Google Hangouts",[\r][\n]"
12:50:36.247 [main] DEBUG org.apache.http.wire -- http-outgoing-1 << "   "type": "background_page",[\r][\n]"
12:50:36.247 [main] DEBUG org.apache.http.wire -- http-outgoing-1 << "   "url": "chrome-extension://nkeimhogjdpnpccoofpliimaahmaaome/background.html",[\r][\n]"
12:50:36.247 [main] DEBUG org.apache.http.wire -- http-outgoing-1 << "   "webSocketDebuggerUrl": "ws://localhost:9222/devtools/page/51945A5EBC772661705AF1501711EF6C"[\r][\n]"
12:50:36.247 [main] DEBUG org.apache.http.wire -- http-outgoing-1 << "}, {[\r][\n]"
12:50:36.247 [main] DEBUG org.apache.http.wire -- http-outgoing-1 << "   "description": "",[\r][\n]"
12:50:36.247 [main] DEBUG org.apache.http.wire -- http-outgoing-1 << "   "devtoolsFrontendUrl": "/devtools/inspector.html?ws=localhost:9222/devtools/page/D6FF537DD9B4BA0976EBF39525B06618",[\r][\n]"
12:50:36.247 [main] DEBUG org.apache.http.wire -- http-outgoing-1 << "   "id": "D6FF537DD9B4BA0976EBF39525B06618",[\r][\n]"
12:50:36.247 [main] DEBUG org.apache.http.wire -- http-outgoing-1 << "   "title": "New Tab",[\r][\n]"
12:50:36.247 [main] DEBUG org.apache.http.wire -- http-outgoing-1 << "   "type": "page",[\r][\n]"
12:50:36.247 [main] DEBUG org.apache.http.wire -- http-outgoing-1 << "   "url": "chrome://newtab/",[\r][\n]"
12:50:36.247 [main] DEBUG org.apache.http.wire -- http-outgoing-1 << "   "webSocketDebuggerUrl": "ws://localhost:9222/devtools/page/D6FF537DD9B4BA0976EBF39525B06618"[\r][\n]"
12:50:36.247 [main] DEBUG org.apache.http.wire -- http-outgoing-1 << "}, {[\r][\n]"
12:50:36.247 [main] DEBUG org.apache.http.wire -- http-outgoing-1 << "   "description": "",[\r][\n]"
12:50:36.247 [main] DEBUG org.apache.http.wire -- http-outgoing-1 << "   "devtoolsFrontendUrl": "/devtools/inspector.html?ws=localhost:9222/devtools/page/883D0FCD94DFDDD191434D5F11380FF0",[\r][\n]"
12:50:36.247 [main] DEBUG org.apache.http.wire -- http-outgoing-1 << "   "id": "883D0FCD94DFDDD191434D5F11380FF0",[\r][\n]"
12:50:36.247 [main] DEBUG org.apache.http.wire -- http-outgoing-1 << "   "parentId": "D6FF537DD9B4BA0976EBF39525B06618",[\r][\n]"
12:50:36.247 [main] DEBUG org.apache.http.wire -- http-outgoing-1 << "   "title": "chrome-untrusted://new-tab-page/one-google-bar?paramsencoded=",[\r][\n]"
12:50:36.247 [main] DEBUG org.apache.http.wire -- http-outgoing-1 << "   "type": "iframe",[\r][\n]"
12:50:36.247 [main] DEBUG org.apache.http.wire -- http-outgoing-1 << "   "url": "chrome-untrusted://new-tab-page/one-google-bar?paramsencoded=",[\r][\n]"
12:50:36.247 [main] DEBUG org.apache.http.wire -- http-outgoing-1 << "   "webSocketDebuggerUrl": "ws://localhost:9222/devtools/page/883D0FCD94DFDDD191434D5F11380FF0"[\r][\n]"
12:50:36.247 [main] DEBUG org.apache.http.wire -- http-outgoing-1 << "} ][\r][\n]"
12:50:36.247 [main] DEBUG org.apache.http.headers -- http-outgoing-1 << HTTP/1.1 200 OK
12:50:36.247 [main] DEBUG org.apache.http.headers -- http-outgoing-1 << Content-Security-Policy:frame-ancestors 'none'
12:50:36.247 [main] DEBUG org.apache.http.headers -- http-outgoing-1 << Content-Length:1787
12:50:36.247 [main] DEBUG org.apache.http.headers -- http-outgoing-1 << Content-Type:application/json; charset=UTF-8
12:50:36.247 [main] DEBUG org.apache.http.impl.execchain.MainClientExec -- Connection can be kept alive indefinitely
12:50:36.247 [main] DEBUG org.apache.http.impl.conn.PoolingHttpClientConnectionManager -- Connection [id: 1][route: {}->http://localhost:9222] can be kept alive indefinitely
12:50:36.247 [main] DEBUG org.apache.http.impl.conn.DefaultManagedHttpClientConnection -- http-outgoing-1: set socket timeout to 0
12:50:36.247 [main] DEBUG org.apache.http.impl.conn.PoolingHttpClientConnectionManager -- Connection released: [id: 1][route: {}->http://localhost:9222][total available: 1; route allocated: 1 of 5; total allocated: 1 of 10]
12:50:36.247 [main] DEBUG org.apache.http.impl.conn.PoolingHttpClientConnectionManager -- Connection manager is shutting down
12:50:36.247 [main] DEBUG org.apache.http.impl.conn.DefaultManagedHttpClientConnection -- http-outgoing-1: Close connection
12:50:36.247 [main] DEBUG org.apache.http.impl.conn.PoolingHttpClientConnectionManager -- Connection manager shut down
12:50:36.255 [main] DEBUG com.intuit.karate -- response time in milliseconds: 5
1 < 200
1 < Content-Security-Policy: frame-ancestors 'none'
1 < Content-Length: 1787
1 < Content-Type: application/json; charset=UTF-8
[ {
   "description": "",
   "devtoolsFrontendUrl": "/devtools/inspector.html?ws=localhost:9222/devtools/page/C0BF0D35E7DA75A50D726DCF80EE2329",
   "id": "C0BF0D35E7DA75A50D726DCF80EE2329",
   "title": "Google Network Speech",
   "type": "background_page",
   "url": "chrome-extension://neajdppkdcdipfabeoofebfddakdcjhd/_generated_background_page.html",
   "webSocketDebuggerUrl": "ws://localhost:9222/devtools/page/C0BF0D35E7DA75A50D726DCF80EE2329"
}, {
   "description": "",
   "devtoolsFrontendUrl": "/devtools/inspector.html?ws=localhost:9222/devtools/page/51945A5EBC772661705AF1501711EF6C",
   "id": "51945A5EBC772661705AF1501711EF6C",
   "title": "Google Hangouts",
   "type": "background_page",
   "url": "chrome-extension://nkeimhogjdpnpccoofpliimaahmaaome/background.html",
   "webSocketDebuggerUrl": "ws://localhost:9222/devtools/page/51945A5EBC772661705AF1501711EF6C"
}, {
   "description": "",
   "devtoolsFrontendUrl": "/devtools/inspector.html?ws=localhost:9222/devtools/page/D6FF537DD9B4BA0976EBF39525B06618",
   "id": "D6FF537DD9B4BA0976EBF39525B06618",
   "title": "New Tab",
   "type": "page",
   "url": "chrome://newtab/",
   "webSocketDebuggerUrl": "ws://localhost:9222/devtools/page/D6FF537DD9B4BA0976EBF39525B06618"
}, {
   "description": "",
   "devtoolsFrontendUrl": "/devtools/inspector.html?ws=localhost:9222/devtools/page/883D0FCD94DFDDD191434D5F11380FF0",
   "id": "883D0FCD94DFDDD191434D5F11380FF0",
   "parentId": "D6FF537DD9B4BA0976EBF39525B06618",
   "title": "chrome-untrusted://new-tab-page/one-google-bar?paramsencoded=",
   "type": "iframe",
   "url": "chrome-untrusted://new-tab-page/one-google-bar?paramsencoded=",
   "webSocketDebuggerUrl": "ws://localhost:9222/devtools/page/883D0FCD94DFDDD191434D5F11380FF0"
} ]


12:50:36.255 [main] DEBUG com.jayway.jsonpath.internal.path.CompiledPath -- Evaluating path: $
12:50:36.255 [main] DEBUG com.jayway.jsonpath.internal.path.CompiledPath -- Evaluating path: $
12:50:36.263 [main] DEBUG com.intuit.karate.driver.chrome_1718781634841 -- root frame id: D6FF537DD9B4BA0976EBF39525B06618
12:50:36.289 [main] DEBUG io.netty.util.internal.logging.InternalLoggerFactory -- Using SLF4J as the default logging framework
12:50:36.289 [main] DEBUG io.netty.channel.MultithreadEventLoopGroup -- -Dio.netty.eventLoopThreads: 24
12:50:36.306 [main] DEBUG io.netty.util.concurrent.GlobalEventExecutor -- -Dio.netty.globalEventExecutor.quietPeriodSeconds: 1
12:50:36.325 [main] DEBUG io.netty.util.internal.InternalThreadLocalMap -- -Dio.netty.threadLocalMap.stringBuilder.initialSize: 1024
12:50:36.325 [main] DEBUG io.netty.util.internal.InternalThreadLocalMap -- -Dio.netty.threadLocalMap.stringBuilder.maxSize: 4096
12:50:36.404 [main] DEBUG io.netty.util.internal.PlatformDependent0 -- -Dio.netty.noUnsafe: false
12:50:36.412 [main] DEBUG io.netty.util.internal.PlatformDependent0 -- Java version: 17
12:50:36.412 [main] DEBUG io.netty.util.internal.PlatformDependent0 -- sun.misc.Unsafe.theUnsafe: available
12:50:36.412 [main] DEBUG io.netty.util.internal.PlatformDependent0 -- sun.misc.Unsafe.copyMemory: available
12:50:36.412 [main] DEBUG io.netty.util.internal.PlatformDependent0 -- sun.misc.Unsafe.storeFence: available
12:50:36.420 [main] DEBUG io.netty.util.internal.PlatformDependent0 -- java.nio.Buffer.address: available
12:50:36.420 [main] DEBUG io.netty.util.internal.PlatformDependent0 -- direct buffer constructor: unavailable: Reflective setAccessible(true) disabled
12:50:36.420 [main] DEBUG io.netty.util.internal.PlatformDependent0 -- java.nio.Bits.unaligned: available, true
12:50:36.420 [main] DEBUG io.netty.util.internal.PlatformDependent0 -- jdk.internal.misc.Unsafe.allocateUninitializedArray(int): unavailable: class io.netty.util.internal.PlatformDependent0$7 cannot access class jdk.internal.misc.Unsafe (in module java.base) because module java.base does not export jdk.internal.misc to unnamed module @5fdba6f9
12:50:36.428 [main] DEBUG io.netty.util.internal.PlatformDependent0 -- java.nio.DirectByteBuffer.<init>(long, {int,long}): unavailable
12:50:36.428 [main] DEBUG io.netty.util.internal.PlatformDependent -- sun.misc.Unsafe: available
12:50:36.428 [main] DEBUG io.netty.util.internal.PlatformDependent -- maxDirectMemory: 4213178368 bytes (maybe)
12:50:36.436 [main] DEBUG io.netty.util.internal.PlatformDependent -- -Dio.netty.tmpdir: C:\Users\HARSHV~1\AppData\Local\Temp (java.io.tmpdir)
12:50:36.436 [main] DEBUG io.netty.util.internal.PlatformDependent -- -Dio.netty.bitMode: 64 (sun.arch.data.model)
12:50:36.436 [main] DEBUG io.netty.util.internal.PlatformDependent -- Platform: Windows
12:50:36.436 [main] DEBUG io.netty.util.internal.PlatformDependent -- -Dio.netty.maxDirectMemory: -1 bytes
12:50:36.436 [main] DEBUG io.netty.util.internal.PlatformDependent -- -Dio.netty.uninitializedArrayAllocationThreshold: -1
12:50:36.436 [main] DEBUG io.netty.util.internal.CleanerJava9 -- java.nio.ByteBuffer.cleaner(): available
12:50:36.436 [main] DEBUG io.netty.util.internal.PlatformDependent -- -Dio.netty.noPreferDirect: false
12:50:36.442 [main] DEBUG io.netty.channel.nio.NioEventLoop -- -Dio.netty.noKeySetOptimization: false
12:50:36.442 [main] DEBUG io.netty.channel.nio.NioEventLoop -- -Dio.netty.selectorAutoRebuildThreshold: 512
12:50:36.453 [main] DEBUG io.netty.util.internal.PlatformDependent -- org.jctools-core.MpscChunkedArrayQueue: available
12:50:36.571 [main] DEBUG io.netty.channel.DefaultChannelId -- -Dio.netty.processId: 14776 (auto-detected)
12:50:36.571 [main] DEBUG io.netty.util.NetUtil -- -Djava.net.preferIPv4Stack: false
12:50:36.571 [main] DEBUG io.netty.util.NetUtil -- -Djava.net.preferIPv6Addresses: false
12:50:36.587 [main] DEBUG io.netty.util.NetUtilInitializations -- Loopback interface: lo (Software Loopback Interface 1, 127.0.0.1)
12:50:36.587 [main] DEBUG io.netty.util.NetUtil -- Failed to get SOMAXCONN from sysctl and file \proc\sys\net\core\somaxconn. Default: 200
12:50:36.602 [main] DEBUG io.netty.channel.DefaultChannelId -- -Dio.netty.machineId: d4:f3:2d:ff:fe:5a:54:ce (auto-detected)
12:50:36.618 [main] DEBUG io.netty.util.ResourceLeakDetector -- -Dio.netty.leakDetection.level: simple
12:50:36.618 [main] DEBUG io.netty.util.ResourceLeakDetector -- -Dio.netty.leakDetection.targetRecords: 4
12:50:36.634 [main] DEBUG io.netty.buffer.PooledByteBufAllocator -- -Dio.netty.allocator.numHeapArenas: 24
12:50:36.634 [main] DEBUG io.netty.buffer.PooledByteBufAllocator -- -Dio.netty.allocator.numDirectArenas: 24
12:50:36.634 [main] DEBUG io.netty.buffer.PooledByteBufAllocator -- -Dio.netty.allocator.pageSize: 8192
12:50:36.634 [main] DEBUG io.netty.buffer.PooledByteBufAllocator -- -Dio.netty.allocator.maxOrder: 9
12:50:36.634 [main] DEBUG io.netty.buffer.PooledByteBufAllocator -- -Dio.netty.allocator.chunkSize: 4194304
12:50:36.634 [main] DEBUG io.netty.buffer.PooledByteBufAllocator -- -Dio.netty.allocator.smallCacheSize: 256
12:50:36.634 [main] DEBUG io.netty.buffer.PooledByteBufAllocator -- -Dio.netty.allocator.normalCacheSize: 64
12:50:36.634 [main] DEBUG io.netty.buffer.PooledByteBufAllocator -- -Dio.netty.allocator.maxCachedBufferCapacity: 32768
12:50:36.634 [main] DEBUG io.netty.buffer.PooledByteBufAllocator -- -Dio.netty.allocator.cacheTrimInterval: 8192
12:50:36.634 [main] DEBUG io.netty.buffer.PooledByteBufAllocator -- -Dio.netty.allocator.cacheTrimIntervalMillis: 0
12:50:36.634 [main] DEBUG io.netty.buffer.PooledByteBufAllocator -- -Dio.netty.allocator.useCacheForAllThreads: false
12:50:36.634 [main] DEBUG io.netty.buffer.PooledByteBufAllocator -- -Dio.netty.allocator.maxCachedByteBuffersPerChunk: 1023
12:50:36.643 [main] DEBUG io.netty.buffer.ByteBufUtil -- -Dio.netty.allocator.type: pooled
12:50:36.643 [main] DEBUG io.netty.buffer.ByteBufUtil -- -Dio.netty.threadLocalDirectBufferSize: 0
12:50:36.643 [main] DEBUG io.netty.buffer.ByteBufUtil -- -Dio.netty.maxThreadLocalCharBufferSize: 16384
12:50:36.715 [nioEventLoopGroup-2-1] DEBUG io.netty.buffer.AbstractByteBuf -- -Dio.netty.buffer.checkAccessible: true
12:50:36.715 [nioEventLoopGroup-2-1] DEBUG io.netty.buffer.AbstractByteBuf -- -Dio.netty.buffer.checkBounds: true
12:50:36.715 [nioEventLoopGroup-2-1] DEBUG io.netty.util.ResourceLeakDetectorFactory -- Loaded default ResourceLeakDetector: io.netty.util.ResourceLeakDetector@4e3242f8
12:50:36.747 [nioEventLoopGroup-2-1] DEBUG io.netty.handler.codec.compression.ZlibCodecFactory -- -Dio.netty.noJdkZlibDecoder: false
12:50:36.747 [nioEventLoopGroup-2-1] DEBUG io.netty.handler.codec.compression.ZlibCodecFactory -- -Dio.netty.noJdkZlibEncoder: false
12:50:36.755 [nioEventLoopGroup-2-1] DEBUG io.netty.handler.codec.http.websocketx.WebSocketClientHandshaker13 -- WebSocket version 13 client handshake key: uTjh9HzTkjSFrhPwHtGJ+A==, expected response: T3QX9wC2Lak+/HCrWGYbvH3Idhg=
12:50:36.772 [nioEventLoopGroup-2-1] DEBUG io.netty.util.Recycler -- -Dio.netty.recycler.maxCapacityPerThread: 4096
12:50:36.772 [nioEventLoopGroup-2-1] DEBUG io.netty.util.Recycler -- -Dio.netty.recycler.ratio: 8
12:50:36.772 [nioEventLoopGroup-2-1] DEBUG io.netty.util.Recycler -- -Dio.netty.recycler.chunkSize: 32
12:50:36.772 [nioEventLoopGroup-2-1] DEBUG io.netty.util.Recycler -- -Dio.netty.recycler.blocking: false
12:50:36.772 [nioEventLoopGroup-2-1] DEBUG io.netty.util.Recycler -- -Dio.netty.recycler.batchFastThreadLocalOnly: true
12:50:36.788 [nioEventLoopGroup-2-1] DEBUG com.intuit.karate.http.WebSocketClientHandler -- websocket client connected
12:50:36.803 [main] DEBUG com.jayway.jsonpath.internal.path.CompiledPath -- Evaluating path: $['targetId']
12:50:36.803 [main] DEBUG com.jayway.jsonpath.internal.path.CompiledPath -- Evaluating path: $
12:50:36.803 [main] DEBUG com.jayway.jsonpath.internal.path.CompiledPath -- Evaluating path: $
12:50:36.803 [main] DEBUG com.jayway.jsonpath.internal.JsonContext -- Put path $ key targetId value {}
12:50:36.803 [main] DEBUG com.jayway.jsonpath.internal.path.CompiledPath -- Evaluating path: $
12:50:36.803 [main] DEBUG com.jayway.jsonpath.internal.JsonContext -- Put path $ key targetId value D6FF537DD9B4BA0976EBF39525B06618
12:50:36.803 [main] DEBUG com.jayway.jsonpath.internal.path.CompiledPath -- Evaluating path: $['flatten']
12:50:36.803 [main] DEBUG com.jayway.jsonpath.internal.path.CompiledPath -- Evaluating path: $
12:50:36.803 [main] DEBUG com.jayway.jsonpath.internal.path.CompiledPath -- Evaluating path: $
12:50:36.803 [main] DEBUG com.jayway.jsonpath.internal.JsonContext -- Put path $ key flatten value {}
12:50:36.803 [main] DEBUG com.jayway.jsonpath.internal.path.CompiledPath -- Evaluating path: $
12:50:36.803 [main] DEBUG com.jayway.jsonpath.internal.JsonContext -- Put path $ key flatten value true
12:50:36.803 [main] DEBUG com.jayway.jsonpath.internal.path.CompiledPath -- Evaluating path: $
12:50:36.803 [main] DEBUG com.intuit.karate.driver.chrome_1718781634841 -- >> {"id":1,"method":"Target.attachToTarget","params":{"targetId":"D6FF537DD9B4BA0976EBF39525B06618","flatten":true}}
12:50:36.803 [nioEventLoopGroup-2-1] DEBUG io.netty.handler.codec.compression.JdkZlibEncoder -- -Dio.netty.jdkzlib.encoder.maxInitialOutputBufferSize=65536
12:50:36.803 [nioEventLoopGroup-2-1] DEBUG io.netty.handler.codec.compression.JdkZlibEncoder -- -Dio.netty.jdkzlib.encoder.maxInputBufferSize=65536
12:50:36.828 [nioEventLoopGroup-2-1] DEBUG com.intuit.karate.driver.chrome_1718781634841 -- << {"method":"Target.attachedToTarget","params":{"sessionId":"100CDC760D17220B271422C858A4FE9E","targetInfo":{"targetId":"D6FF537DD9B4BA0976EBF39525B06618","type":"page","title":"New Tab","url":"chrome://newtab/","attached":true,"canAccessOpener":false,"browserContextId":"6A9996F17B714396A34DFA4423565005"},"waitingForDebugger":false}}
12:50:36.828 [nioEventLoopGroup-2-1] DEBUG com.jayway.jsonpath.internal.path.CompiledPath -- Evaluating path: $
12:50:36.828 [nioEventLoopGroup-2-1] DEBUG com.jayway.jsonpath.internal.path.CompiledPath -- Evaluating path: $['targetInfo']['type']
12:50:36.831 [nioEventLoopGroup-2-1] DEBUG com.intuit.karate.driver.chrome_1718781634841 -- << {"id":1,"result":{"sessionId":"100CDC760D17220B271422C858A4FE9E"}}
12:50:36.831 [nioEventLoopGroup-2-1] DEBUG com.jayway.jsonpath.internal.path.CompiledPath -- Evaluating path: $
12:50:36.831 [main] DEBUG com.jayway.jsonpath.internal.path.CompiledPath -- Evaluating path: $['sessionId']
12:50:36.836 [main] DEBUG com.jayway.jsonpath.internal.path.CompiledPath -- Evaluating path: $['targetId']
12:50:36.836 [main] DEBUG com.jayway.jsonpath.internal.path.CompiledPath -- Evaluating path: $
12:50:36.836 [main] DEBUG com.jayway.jsonpath.internal.path.CompiledPath -- Evaluating path: $
12:50:36.836 [main] DEBUG com.jayway.jsonpath.internal.JsonContext -- Put path $ key targetId value {}
12:50:36.836 [main] DEBUG com.jayway.jsonpath.internal.path.CompiledPath -- Evaluating path: $
12:50:36.836 [main] DEBUG com.jayway.jsonpath.internal.JsonContext -- Put path $ key targetId value D6FF537DD9B4BA0976EBF39525B06618
12:50:36.836 [main] DEBUG com.jayway.jsonpath.internal.path.CompiledPath -- Evaluating path: $
12:50:36.836 [main] DEBUG com.intuit.karate.driver.chrome_1718781634841 -- >> {"id":2,"sessionId":"100CDC760D17220B271422C858A4FE9E","method":"Target.activateTarget","params":{"targetId":"D6FF537DD9B4BA0976EBF39525B06618"}}
12:50:36.843 [nioEventLoopGroup-2-1] DEBUG com.intuit.karate.driver.chrome_1718781634841 -- << {"id":2,"result":{},"sessionId":"100CDC760D17220B271422C858A4FE9E"}
12:50:36.843 [nioEventLoopGroup-2-1] DEBUG com.jayway.jsonpath.internal.path.CompiledPath -- Evaluating path: $
12:50:36.848 [main] DEBUG com.jayway.jsonpath.internal.path.CompiledPath -- Evaluating path: $['discover']
12:50:36.848 [main] DEBUG com.jayway.jsonpath.internal.path.CompiledPath -- Evaluating path: $
12:50:36.848 [main] DEBUG com.jayway.jsonpath.internal.path.CompiledPath -- Evaluating path: $
12:50:36.848 [main] DEBUG com.jayway.jsonpath.internal.JsonContext -- Put path $ key discover value {}
12:50:36.848 [main] DEBUG com.jayway.jsonpath.internal.path.CompiledPath -- Evaluating path: $
12:50:36.848 [main] DEBUG com.jayway.jsonpath.internal.JsonContext -- Put path $ key discover value true
12:50:36.848 [main] DEBUG com.jayway.jsonpath.internal.path.CompiledPath -- Evaluating path: $
12:50:36.848 [main] DEBUG com.intuit.karate.driver.chrome_1718781634841 -- >> {"id":3,"sessionId":"100CDC760D17220B271422C858A4FE9E","method":"Target.setDiscoverTargets","params":{"discover":true}}
12:50:36.854 [nioEventLoopGroup-2-1] DEBUG com.intuit.karate.driver.chrome_1718781634841 -- << {"method":"Target.targetCreated","params":{"targetInfo":{"targetId":"51945A5EBC772661705AF1501711EF6C","type":"background_page","title":"Google Hangouts","url":"chrome-extension://nkeimhogjdpnpccoofpliimaahmaaome/background.html","attached":false,"canAccessOpener":false,"browserContextId":"6A9996F17B714396A34DFA4423565005"}},"sessionId":"100CDC760D17220B271422C858A4FE9E"}
12:50:36.854 [nioEventLoopGroup-2-1] DEBUG com.jayway.jsonpath.internal.path.CompiledPath -- Evaluating path: $
12:50:36.854 [nioEventLoopGroup-2-1] DEBUG com.intuit.karate.driver.chrome_1718781634841 -- << {"method":"Target.targetCreated","params":{"targetInfo":{"targetId":"883D0FCD94DFDDD191434D5F11380FF0","type":"iframe","title":"chrome-untrusted://new-tab-page/one-google-bar?paramsencoded=","url":"chrome-untrusted://new-tab-page/one-google-bar?paramsencoded=","attached":false,"canAccessOpener":false,"browserContextId":"6A9996F17B714396A34DFA4423565005"}},"sessionId":"100CDC760D17220B271422C858A4FE9E"}
12:50:36.854 [nioEventLoopGroup-2-1] DEBUG com.jayway.jsonpath.internal.path.CompiledPath -- Evaluating path: $
12:50:36.854 [nioEventLoopGroup-2-1] DEBUG com.intuit.karate.driver.chrome_1718781634841 -- << {"method":"Target.targetCreated","params":{"targetInfo":{"targetId":"C0BF0D35E7DA75A50D726DCF80EE2329","type":"background_page","title":"Google Network Speech","url":"chrome-extension://neajdppkdcdipfabeoofebfddakdcjhd/_generated_background_page.html","attached":false,"canAccessOpener":false,"browserContextId":"6A9996F17B714396A34DFA4423565005"}},"sessionId":"100CDC760D17220B271422C858A4FE9E"}
12:50:36.854 [nioEventLoopGroup-2-1] DEBUG com.jayway.jsonpath.internal.path.CompiledPath -- Evaluating path: $
12:50:36.854 [nioEventLoopGroup-2-1] DEBUG com.intuit.karate.driver.chrome_1718781634841 -- << {"method":"Target.targetCreated","params":{"targetInfo":{"targetId":"D6FF537DD9B4BA0976EBF39525B06618","type":"page","title":"New Tab","url":"chrome://newtab/","attached":true,"canAccessOpener":false,"browserContextId":"6A9996F17B714396A34DFA4423565005"}},"sessionId":"100CDC760D17220B271422C858A4FE9E"}
12:50:36.854 [nioEventLoopGroup-2-1] DEBUG com.jayway.jsonpath.internal.path.CompiledPath -- Evaluating path: $
12:50:36.854 [nioEventLoopGroup-2-1] DEBUG com.intuit.karate.driver.chrome_1718781634841 -- << {"id":3,"result":{},"sessionId":"100CDC760D17220B271422C858A4FE9E"}
12:50:36.854 [nioEventLoopGroup-2-1] DEBUG com.jayway.jsonpath.internal.path.CompiledPath -- Evaluating path: $
12:50:36.854 [main] DEBUG com.intuit.karate.driver.chrome_1718781634841 -- >> {"id":4,"sessionId":"100CDC760D17220B271422C858A4FE9E","method":"Page.enable"}
12:50:36.861 [nioEventLoopGroup-2-1] DEBUG com.intuit.karate.driver.chrome_1718781634841 -- << {"id":4,"result":{},"sessionId":"100CDC760D17220B271422C858A4FE9E"}
12:50:36.861 [nioEventLoopGroup-2-1] DEBUG com.jayway.jsonpath.internal.path.CompiledPath -- Evaluating path: $
12:50:36.861 [main] DEBUG com.intuit.karate.driver.chrome_1718781634841 -- >> {"id":5,"sessionId":"100CDC760D17220B271422C858A4FE9E","method":"Runtime.enable"}
12:50:36.869 [nioEventLoopGroup-2-1] DEBUG com.intuit.karate.driver.chrome_1718781634841 -- << {"method":"Runtime.executionContextCreated","params":{"context":{"id":2,"origin":"chrome://new-tab-page","name":"","uniqueId":"-6262964290762553689.3490864304996287388","auxData":{"isDefault":true,"type":"default","frameId":"B06827FD02538751FFAFCEBB073A7901"}}},"sessionId":"100CDC760D17220B271422C858A4FE9E"}
12:50:36.869 [nioEventLoopGroup-2-1] DEBUG com.jayway.jsonpath.internal.path.CompiledPath -- Evaluating path: $
12:50:36.869 [nioEventLoopGroup-2-1] DEBUG com.jayway.jsonpath.internal.path.CompiledPath -- Evaluating path: $['context']['auxData']['frameId']
12:50:36.869 [nioEventLoopGroup-2-1] DEBUG com.jayway.jsonpath.internal.path.CompiledPath -- Evaluating path: $['context']['id']
12:50:36.869 [nioEventLoopGroup-2-1] DEBUG com.intuit.karate.driver.chrome_1718781634841 -- << {"method":"Runtime.executionContextCreated","params":{"context":{"id":1,"origin":"chrome://new-tab-page","name":"","uniqueId":"3951624945621798987.-4704543567374806806","auxData":{"isDefault":true,"type":"default","frameId":"D6FF537DD9B4BA0976EBF39525B06618"}}},"sessionId":"100CDC760D17220B271422C858A4FE9E"}
12:50:36.869 [nioEventLoopGroup-2-1] DEBUG com.jayway.jsonpath.internal.path.CompiledPath -- Evaluating path: $
12:50:36.869 [nioEventLoopGroup-2-1] DEBUG com.jayway.jsonpath.internal.path.CompiledPath -- Evaluating path: $['context']['auxData']['frameId']
12:50:36.869 [nioEventLoopGroup-2-1] DEBUG com.jayway.jsonpath.internal.path.CompiledPath -- Evaluating path: $['context']['id']
12:50:36.869 [nioEventLoopGroup-2-1] DEBUG com.intuit.karate.driver.chrome_1718781634841 -- << {"id":5,"result":{},"sessionId":"100CDC760D17220B271422C858A4FE9E"}
12:50:36.877 [nioEventLoopGroup-2-1] DEBUG com.jayway.jsonpath.internal.path.CompiledPath -- Evaluating path: $
12:50:36.877 [main] DEBUG com.jayway.jsonpath.internal.path.CompiledPath -- Evaluating path: $['targetId']
12:50:36.877 [main] DEBUG com.jayway.jsonpath.internal.path.CompiledPath -- Evaluating path: $
12:50:36.877 [main] DEBUG com.jayway.jsonpath.internal.path.CompiledPath -- Evaluating path: $
12:50:36.877 [main] DEBUG com.jayway.jsonpath.internal.JsonContext -- Put path $ key targetId value {}
12:50:36.877 [main] DEBUG com.jayway.jsonpath.internal.path.CompiledPath -- Evaluating path: $
12:50:36.877 [main] DEBUG com.jayway.jsonpath.internal.JsonContext -- Put path $ key targetId value D6FF537DD9B4BA0976EBF39525B06618
12:50:36.877 [main] DEBUG com.jayway.jsonpath.internal.path.CompiledPath -- Evaluating path: $
12:50:36.877 [main] DEBUG com.intuit.karate.driver.chrome_1718781634841 -- >> {"id":6,"sessionId":"100CDC760D17220B271422C858A4FE9E","method":"Browser.getWindowForTarget","params":{"targetId":"D6FF537DD9B4BA0976EBF39525B06618"}}
12:50:36.883 [nioEventLoopGroup-2-1] DEBUG com.intuit.karate.driver.chrome_1718781634841 -- << {"id":6,"result":{"windowId":517266836,"bounds":{"left":10,"top":10,"width":1050,"height":652,"windowState":"normal"}},"sessionId":"100CDC760D17220B271422C858A4FE9E"}
12:50:36.883 [nioEventLoopGroup-2-1] DEBUG com.jayway.jsonpath.internal.path.CompiledPath -- Evaluating path: $
12:50:36.949 [main] DEBUG com.jayway.jsonpath.internal.path.CompiledPath -- Evaluating path: $['url']
12:50:36.949 [main] DEBUG com.jayway.jsonpath.internal.path.CompiledPath -- Evaluating path: $
12:50:36.949 [main] DEBUG com.jayway.jsonpath.internal.path.CompiledPath -- Evaluating path: $
12:50:36.949 [main] DEBUG com.jayway.jsonpath.internal.JsonContext -- Put path $ key url value {}
12:50:36.949 [main] DEBUG com.jayway.jsonpath.internal.path.CompiledPath -- Evaluating path: $
12:50:36.949 [main] DEBUG com.jayway.jsonpath.internal.JsonContext -- Put path $ key url value https://www.saucedemo.com/
12:50:36.949 [main] DEBUG com.jayway.jsonpath.internal.path.CompiledPath -- Evaluating path: $
12:50:36.949 [main] DEBUG com.intuit.karate.driver.chrome_1718781634841 -- >> {"id":7,"sessionId":"100CDC760D17220B271422C858A4FE9E","method":"Page.navigate","params":{"url":"https:\/\/www.saucedemo.com\/"}}
12:50:36.949 [nioEventLoopGroup-2-1] DEBUG com.intuit.karate.driver.chrome_1718781634841 -- << {"method":"Page.frameStartedLoading","params":{"frameId":"D6FF537DD9B4BA0976EBF39525B06618"},"sessionId":"100CDC760D17220B271422C858A4FE9E"}
12:50:36.949 [nioEventLoopGroup-2-1] DEBUG com.jayway.jsonpath.internal.path.CompiledPath -- Evaluating path: $
12:50:36.949 [nioEventLoopGroup-2-1] DEBUG com.jayway.jsonpath.internal.path.CompiledPath -- Evaluating path: $['frameId']
12:50:37.088 [nioEventLoopGroup-2-1] DEBUG com.intuit.karate.driver.chrome_1718781634841 -- << {"id":7,"result":{"frameId":"D6FF537DD9B4BA0976EBF39525B06618","loaderId":"EDC924B6A9751B183736F3F838680015"},"sessionId":"100CDC760D17220B271422C858A4FE9E"}
12:50:37.093 [nioEventLoopGroup-2-1] DEBUG com.jayway.jsonpath.internal.path.CompiledPath -- Evaluating path: $
12:50:37.093 [nioEventLoopGroup-2-1] DEBUG com.intuit.karate.driver.chrome_1718781634841 -- << {"method":"Runtime.executionContextsCleared","params":{},"sessionId":"100CDC760D17220B271422C858A4FE9E"}
12:50:37.093 [nioEventLoopGroup-2-1] DEBUG com.jayway.jsonpath.internal.path.CompiledPath -- Evaluating path: $
12:50:37.105 [nioEventLoopGroup-2-1] DEBUG com.intuit.karate.driver.chrome_1718781634841 -- << {"method":"Target.targetInfoChanged","params":{"targetInfo":{"targetId":"D6FF537DD9B4BA0976EBF39525B06618","type":"page","title":"saucedemo.com","url":"https://www.saucedemo.com/","attached":true,"canAccessOpener":false,"browserContextId":"6A9996F17B714396A34DFA4423565005"}},"sessionId":"100CDC760D17220B271422C858A4FE9E"}
12:50:37.105 [nioEventLoopGroup-2-1] DEBUG com.jayway.jsonpath.internal.path.CompiledPath -- Evaluating path: $
12:50:37.105 [nioEventLoopGroup-2-1] DEBUG com.jayway.jsonpath.internal.path.CompiledPath -- Evaluating path: $['targetInfo']['targetId']
12:50:37.105 [nioEventLoopGroup-2-1] DEBUG com.intuit.karate.driver.chrome_1718781634841 -- << {"method":"Runtime.executionContextsCleared","params":{},"sessionId":"100CDC760D17220B271422C858A4FE9E"}
12:50:37.105 [nioEventLoopGroup-2-1] DEBUG com.jayway.jsonpath.internal.path.CompiledPath -- Evaluating path: $
12:50:37.105 [nioEventLoopGroup-2-1] DEBUG com.intuit.karate.driver.chrome_1718781634841 -- << {"method":"Page.frameNavigated","params":{"frame":{"id":"D6FF537DD9B4BA0976EBF39525B06618","loaderId":"EDC924B6A9751B183736F3F838680015","url":"https://www.saucedemo.com/","domainAndRegistry":"saucedemo.com","securityOrigin":"https://www.saucedemo.com","mimeType":"text/html","adFrameStatus":{"adFrameType":"none"},"secureContextType":"Secure","crossOriginIsolatedContextType":"NotIsolated","gatedAPIFeatures":[]},"type":"Navigation"},"sessionId":"100CDC760D17220B271422C858A4FE9E"}
12:50:37.105 [nioEventLoopGroup-2-1] DEBUG com.jayway.jsonpath.internal.path.CompiledPath -- Evaluating path: $
12:50:37.105 [nioEventLoopGroup-2-1] DEBUG com.jayway.jsonpath.internal.path.CompiledPath -- Evaluating path: $['frame']['id']
12:50:37.105 [nioEventLoopGroup-2-1] DEBUG com.jayway.jsonpath.internal.path.CompiledPath -- Evaluating path: $['frame']['url']
12:50:37.105 [nioEventLoopGroup-2-1] DEBUG com.jayway.jsonpath.internal.path.CompiledPath -- Evaluating path: $['frame']['name']
12:50:37.110 [nioEventLoopGroup-2-1] DEBUG com.intuit.karate.driver.chrome_1718781634841 -- << {"method":"Runtime.executionContextCreated","params":{"context":{"id":1,"origin":"https://www.saucedemo.com","name":"","uniqueId":"-3772688113741801745.4043222804328615568","auxData":{"isDefault":true,"type":"default","frameId":"D6FF537DD9B4BA0976EBF39525B06618"}}},"sessionId":"100CDC760D17220B271422C858A4FE9E"}
12:50:37.110 [nioEventLoopGroup-2-1] DEBUG com.jayway.jsonpath.internal.path.CompiledPath -- Evaluating path: $
12:50:37.110 [nioEventLoopGroup-2-1] DEBUG com.jayway.jsonpath.internal.path.CompiledPath -- Evaluating path: $['context']['auxData']['frameId']
12:50:37.110 [nioEventLoopGroup-2-1] DEBUG com.jayway.jsonpath.internal.path.CompiledPath -- Evaluating path: $['context']['id']
12:50:37.130 [nioEventLoopGroup-2-1] DEBUG com.intuit.karate.driver.chrome_1718781634841 -- << {"method":"Page.frameDetached","params":{"frameId":"883D0FCD94DFDDD191434D5F11380FF0","reason":"remove"},"sessionId":"100CDC760D17220B271422C858A4FE9E"}
12:50:37.130 [nioEventLoopGroup-2-1] DEBUG com.jayway.jsonpath.internal.path.CompiledPath -- Evaluating path: $
12:50:37.132 [nioEventLoopGroup-2-1] DEBUG com.intuit.karate.driver.chrome_1718781634841 -- << {"method":"Target.targetDestroyed","params":{"targetId":"883D0FCD94DFDDD191434D5F11380FF0"},"sessionId":"100CDC760D17220B271422C858A4FE9E"}
12:50:37.132 [nioEventLoopGroup-2-1] DEBUG com.jayway.jsonpath.internal.path.CompiledPath -- Evaluating path: $
12:50:37.369 [nioEventLoopGroup-2-1] DEBUG com.intuit.karate.driver.chrome_1718781634841 -- << {"method":"Page.domContentEventFired","params":{"timestamp":52715.884276},"sessionId":"100CDC760D17220B271422C858A4FE9E"}
12:50:37.369 [nioEventLoopGroup-2-1] DEBUG com.jayway.jsonpath.internal.path.CompiledPath -- Evaluating path: $
12:50:37.382 [main] DEBUG com.jayway.jsonpath.internal.path.CompiledPath -- Evaluating path: $['expression']
12:50:37.382 [main] DEBUG com.jayway.jsonpath.internal.path.CompiledPath -- Evaluating path: $
12:50:37.382 [main] DEBUG com.jayway.jsonpath.internal.path.CompiledPath -- Evaluating path: $
12:50:37.382 [main] DEBUG com.jayway.jsonpath.internal.JsonContext -- Put path $ key expression value {}
12:50:37.382 [main] DEBUG com.jayway.jsonpath.internal.path.CompiledPath -- Evaluating path: $
12:50:37.382 [main] DEBUG com.jayway.jsonpath.internal.JsonContext -- Put path $ key expression value var e = document.evaluate("//*[@id='user-name']", document, null, 9, null).singleNodeValue; e.focus(); try { e.selectionStart = e.selectionEnd = e.value.length } catch(x) {}
12:50:37.382 [main] DEBUG com.jayway.jsonpath.internal.path.CompiledPath -- Evaluating path: $['returnByValue']
12:50:37.382 [main] DEBUG com.jayway.jsonpath.internal.path.CompiledPath -- Evaluating path: $
12:50:37.382 [main] DEBUG com.jayway.jsonpath.internal.path.CompiledPath -- Evaluating path: $
12:50:37.382 [main] DEBUG com.jayway.jsonpath.internal.JsonContext -- Put path $ key returnByValue value {}
12:50:37.382 [main] DEBUG com.jayway.jsonpath.internal.path.CompiledPath -- Evaluating path: $
12:50:37.382 [main] DEBUG com.jayway.jsonpath.internal.JsonContext -- Put path $ key returnByValue value true
12:50:37.382 [main] DEBUG com.jayway.jsonpath.internal.path.CompiledPath -- Evaluating path: $
12:50:37.382 [main] DEBUG com.intuit.karate.driver.chrome_1718781634841 -- >> {"id":8,"sessionId":"100CDC760D17220B271422C858A4FE9E","method":"Runtime.evaluate","params":{"expression":"var e = document.evaluate(\"\/\/*[@id='user-name']\", document, null, 9, null).singleNodeValue; e.focus(); try { e.selectionStart = e.selectionEnd = e.value.length } catch(x) {}","returnByValue":true}}
12:50:37.382 [nioEventLoopGroup-2-1] DEBUG com.intuit.karate.driver.chrome_1718781634841 -- << {"id":8,"result":{"result":{"type":"number","value":0,"description":"0"}},"sessionId":"100CDC760D17220B271422C858A4FE9E"}
12:50:37.382 [nioEventLoopGroup-2-1] DEBUG com.jayway.jsonpath.internal.path.CompiledPath -- Evaluating path: $
12:50:37.389 [main] DEBUG com.jayway.jsonpath.internal.path.CompiledPath -- Evaluating path: $['modifiers']
12:50:37.389 [main] DEBUG com.jayway.jsonpath.internal.path.CompiledPath -- Evaluating path: $
12:50:37.389 [main] DEBUG com.jayway.jsonpath.internal.path.CompiledPath -- Evaluating path: $
12:50:37.389 [main] DEBUG com.jayway.jsonpath.internal.JsonContext -- Put path $ key modifiers value {}
12:50:37.389 [main] DEBUG com.jayway.jsonpath.internal.path.CompiledPath -- Evaluating path: $
12:50:37.389 [main] DEBUG com.jayway.jsonpath.internal.JsonContext -- Put path $ key modifiers value 0
12:50:37.389 [main] DEBUG com.jayway.jsonpath.internal.path.CompiledPath -- Evaluating path: $['type']
12:50:37.389 [main] DEBUG com.jayway.jsonpath.internal.path.CompiledPath -- Evaluating path: $
12:50:37.389 [main] DEBUG com.jayway.jsonpath.internal.path.CompiledPath -- Evaluating path: $
12:50:37.389 [main] DEBUG com.jayway.jsonpath.internal.JsonContext -- Put path $ key type value {}
12:50:37.389 [main] DEBUG com.jayway.jsonpath.internal.path.CompiledPath -- Evaluating path: $
12:50:37.389 [main] DEBUG com.jayway.jsonpath.internal.JsonContext -- Put path $ key type value rawKeyDown
12:50:37.389 [main] DEBUG com.jayway.jsonpath.internal.path.CompiledPath -- Evaluating path: $['text']
12:50:37.389 [main] DEBUG com.jayway.jsonpath.internal.path.CompiledPath -- Evaluating path: $
12:50:37.389 [main] DEBUG com.jayway.jsonpath.internal.path.CompiledPath -- Evaluating path: $
12:50:37.389 [main] DEBUG com.jayway.jsonpath.internal.JsonContext -- Put path $ key text value {}
12:50:37.389 [main] DEBUG com.jayway.jsonpath.internal.path.CompiledPath -- Evaluating path: $
12:50:37.389 [main] DEBUG com.jayway.jsonpath.internal.JsonContext -- Put path $ key text value s
12:50:37.389 [main] DEBUG com.jayway.jsonpath.internal.path.CompiledPath -- Evaluating path: $['windowsVirtualKeyCode']
12:50:37.389 [main] DEBUG com.jayway.jsonpath.internal.path.CompiledPath -- Evaluating path: $
12:50:37.389 [main] DEBUG com.jayway.jsonpath.internal.path.CompiledPath -- Evaluating path: $
12:50:37.389 [main] DEBUG com.jayway.jsonpath.internal.JsonContext -- Put path $ key windowsVirtualKeyCode value {}
12:50:37.389 [main] DEBUG com.jayway.jsonpath.internal.path.CompiledPath -- Evaluating path: $
12:50:37.389 [main] DEBUG com.jayway.jsonpath.internal.JsonContext -- Put path $ key windowsVirtualKeyCode value 115
12:50:37.389 [main] DEBUG com.jayway.jsonpath.internal.path.CompiledPath -- Evaluating path: $
12:50:37.389 [main] DEBUG com.intuit.karate.driver.chrome_1718781634841 -- >> {"id":9,"sessionId":"100CDC760D17220B271422C858A4FE9E","method":"Input.dispatchKeyEvent","params":{"modifiers":0,"type":"rawKeyDown","text":"s","windowsVirtualKeyCode":115}}
12:50:37.394 [nioEventLoopGroup-2-1] DEBUG com.intuit.karate.driver.chrome_1718781634841 -- << {"id":9,"result":{},"sessionId":"100CDC760D17220B271422C858A4FE9E"}
12:50:37.394 [nioEventLoopGroup-2-1] DEBUG com.jayway.jsonpath.internal.path.CompiledPath -- Evaluating path: $
12:50:37.394 [main] DEBUG com.jayway.jsonpath.internal.path.CompiledPath -- Evaluating path: $['modifiers']
12:50:37.394 [main] DEBUG com.jayway.jsonpath.internal.path.CompiledPath -- Evaluating path: $
12:50:37.394 [main] DEBUG com.jayway.jsonpath.internal.path.CompiledPath -- Evaluating path: $
12:50:37.394 [main] DEBUG com.jayway.jsonpath.internal.JsonContext -- Put path $ key modifiers value {}
12:50:37.394 [main] DEBUG com.jayway.jsonpath.internal.path.CompiledPath -- Evaluating path: $
12:50:37.394 [main] DEBUG com.jayway.jsonpath.internal.JsonContext -- Put path $ key modifiers value 0
12:50:37.394 [main] DEBUG com.jayway.jsonpath.internal.path.CompiledPath -- Evaluating path: $['type']
12:50:37.394 [main] DEBUG com.jayway.jsonpath.internal.path.CompiledPath -- Evaluating path: $
12:50:37.394 [main] DEBUG com.jayway.jsonpath.internal.path.CompiledPath -- Evaluating path: $
12:50:37.394 [main] DEBUG com.jayway.jsonpath.internal.JsonContext -- Put path $ key type value {}
12:50:37.394 [main] DEBUG com.jayway.jsonpath.internal.path.CompiledPath -- Evaluating path: $
12:50:37.394 [main] DEBUG com.jayway.jsonpath.internal.JsonContext -- Put path $ key type value char
12:50:37.394 [main] DEBUG com.jayway.jsonpath.internal.path.CompiledPath -- Evaluating path: $['text']
12:50:37.394 [main] DEBUG com.jayway.jsonpath.internal.path.CompiledPath -- Evaluating path: $
12:50:37.394 [main] DEBUG com.jayway.jsonpath.internal.path.CompiledPath -- Evaluating path: $
12:50:37.394 [main] DEBUG com.jayway.jsonpath.internal.JsonContext -- Put path $ key text value {}
12:50:37.394 [main] DEBUG com.jayway.jsonpath.internal.path.CompiledPath -- Evaluating path: $
12:50:37.394 [main] DEBUG com.jayway.jsonpath.internal.JsonContext -- Put path $ key text value s
12:50:37.394 [main] DEBUG com.jayway.jsonpath.internal.path.CompiledPath -- Evaluating path: $['windowsVirtualKeyCode']
12:50:37.394 [main] DEBUG com.jayway.jsonpath.internal.path.CompiledPath -- Evaluating path: $
12:50:37.394 [main] DEBUG com.jayway.jsonpath.internal.path.CompiledPath -- Evaluating path: $
12:50:37.394 [main] DEBUG com.jayway.jsonpath.internal.JsonContext -- Put path $ key windowsVirtualKeyCode value {}
12:50:37.394 [main] DEBUG com.jayway.jsonpath.internal.path.CompiledPath -- Evaluating path: $
12:50:37.394 [main] DEBUG com.jayway.jsonpath.internal.JsonContext -- Put path $ key windowsVirtualKeyCode value 115
12:50:37.394 [main] DEBUG com.jayway.jsonpath.internal.path.CompiledPath -- Evaluating path: $
12:50:37.394 [main] DEBUG com.intuit.karate.driver.chrome_1718781634841 -- >> {"id":10,"sessionId":"100CDC760D17220B271422C858A4FE9E","method":"Input.dispatchKeyEvent","params":{"modifiers":0,"type":"char","text":"s","windowsVirtualKeyCode":115}}
12:50:37.397 [nioEventLoopGroup-2-1] DEBUG com.intuit.karate.driver.chrome_1718781634841 -- << {"id":10,"result":{},"sessionId":"100CDC760D17220B271422C858A4FE9E"}
12:50:37.397 [nioEventLoopGroup-2-1] DEBUG com.jayway.jsonpath.internal.path.CompiledPath -- Evaluating path: $
12:50:37.404 [main] DEBUG com.jayway.jsonpath.internal.path.CompiledPath -- Evaluating path: $['modifiers']
12:50:37.404 [main] DEBUG com.jayway.jsonpath.internal.path.CompiledPath -- Evaluating path: $
12:50:37.404 [main] DEBUG com.jayway.jsonpath.internal.path.CompiledPath -- Evaluating path: $
12:50:37.404 [main] DEBUG com.jayway.jsonpath.internal.JsonContext -- Put path $ key modifiers value {}
12:50:37.404 [main] DEBUG com.jayway.jsonpath.internal.path.CompiledPath -- Evaluating path: $
12:50:37.404 [main] DEBUG com.jayway.jsonpath.internal.JsonContext -- Put path $ key modifiers value 0
12:50:37.404 [main] DEBUG com.jayway.jsonpath.internal.path.CompiledPath -- Evaluating path: $['type']
12:50:37.404 [main] DEBUG com.jayway.jsonpath.internal.path.CompiledPath -- Evaluating path: $
12:50:37.404 [main] DEBUG com.jayway.jsonpath.internal.path.CompiledPath -- Evaluating path: $
12:50:37.404 [main] DEBUG com.jayway.jsonpath.internal.JsonContext -- Put path $ key type value {}
12:50:37.404 [main] DEBUG com.jayway.jsonpath.internal.path.CompiledPath -- Evaluating path: $
12:50:37.404 [main] DEBUG com.jayway.jsonpath.internal.JsonContext -- Put path $ key type value keyUp
12:50:37.404 [main] DEBUG com.jayway.jsonpath.internal.path.CompiledPath -- Evaluating path: $['text']
12:50:37.404 [main] DEBUG com.jayway.jsonpath.internal.path.CompiledPath -- Evaluating path: $
12:50:37.404 [main] DEBUG com.jayway.jsonpath.internal.path.CompiledPath -- Evaluating path: $
12:50:37.404 [main] DEBUG com.jayway.jsonpath.internal.JsonContext -- Put path $ key text value {}
12:50:37.404 [main] DEBUG com.jayway.jsonpath.internal.path.CompiledPath -- Evaluating path: $
12:50:37.404 [main] DEBUG com.jayway.jsonpath.internal.JsonContext -- Put path $ key text value s
12:50:37.404 [main] DEBUG com.jayway.jsonpath.internal.path.CompiledPath -- Evaluating path: $['windowsVirtualKeyCode']
12:50:37.404 [main] DEBUG com.jayway.jsonpath.internal.path.CompiledPath -- Evaluating path: $
12:50:37.404 [main] DEBUG com.jayway.jsonpath.internal.path.CompiledPath -- Evaluating path: $
12:50:37.404 [main] DEBUG com.jayway.jsonpath.internal.JsonContext -- Put path $ key windowsVirtualKeyCode value {}
12:50:37.406 [main] DEBUG com.jayway.jsonpath.internal.path.CompiledPath -- Evaluating path: $
12:50:37.406 [main] DEBUG com.jayway.jsonpath.internal.JsonContext -- Put path $ key windowsVirtualKeyCode value 115
12:50:37.406 [main] DEBUG com.jayway.jsonpath.internal.path.CompiledPath -- Evaluating path: $
12:50:37.406 [main] DEBUG com.intuit.karate.driver.chrome_1718781634841 -- >> {"id":11,"sessionId":"100CDC760D17220B271422C858A4FE9E","method":"Input.dispatchKeyEvent","params":{"modifiers":0,"type":"keyUp","text":"s","windowsVirtualKeyCode":115}}
12:50:37.411 [nioEventLoopGroup-2-1] DEBUG com.intuit.karate.driver.chrome_1718781634841 -- << {"id":11,"result":{},"sessionId":"100CDC760D17220B271422C858A4FE9E"}
12:50:37.411 [nioEventLoopGroup-2-1] DEBUG com.jayway.jsonpath.internal.path.CompiledPath -- Evaluating path: $
12:50:37.411 [main] DEBUG com.jayway.jsonpath.internal.path.CompiledPath -- Evaluating path: $['modifiers']
12:50:37.411 [main] DEBUG com.jayway.jsonpath.internal.path.CompiledPath -- Evaluating path: $
12:50:37.411 [main] DEBUG com.jayway.jsonpath.internal.path.CompiledPath -- Evaluating path: $
12:50:37.411 [main] DEBUG com.jayway.jsonpath.internal.JsonContext -- Put path $ key modifiers value {}
12:50:37.411 [main] DEBUG com.jayway.jsonpath.internal.path.CompiledPath -- Evaluating path: $
12:50:37.411 [main] DEBUG com.jayway.jsonpath.internal.JsonContext -- Put path $ key modifiers value 0
12:50:37.411 [main] DEBUG com.jayway.jsonpath.internal.path.CompiledPath -- Evaluating path: $['type']
12:50:37.411 [main] DEBUG com.jayway.jsonpath.internal.path.CompiledPath -- Evaluating path: $
12:50:37.411 [main] DEBUG com.jayway.jsonpath.internal.path.CompiledPath -- Evaluating path: $
12:50:37.411 [main] DEBUG com.jayway.jsonpath.internal.JsonContext -- Put path $ key type value {}
12:50:37.411 [main] DEBUG com.jayway.jsonpath.internal.path.CompiledPath -- Evaluating path: $
12:50:37.411 [main] DEBUG com.jayway.jsonpath.internal.JsonContext -- Put path $ key type value rawKeyDown
12:50:37.411 [main] DEBUG com.jayway.jsonpath.internal.path.CompiledPath -- Evaluating path: $['text']
12:50:37.411 [main] DEBUG com.jayway.jsonpath.internal.path.CompiledPath -- Evaluating path: $
12:50:37.411 [main] DEBUG com.jayway.jsonpath.internal.path.CompiledPath -- Evaluating path: $
12:50:37.411 [main] DEBUG com.jayway.jsonpath.internal.JsonContext -- Put path $ key text value {}
12:50:37.411 [main] DEBUG com.jayway.jsonpath.internal.path.CompiledPath -- Evaluating path: $
12:50:37.411 [main] DEBUG com.jayway.jsonpath.internal.JsonContext -- Put path $ key text value t
12:50:37.411 [main] DEBUG com.jayway.jsonpath.internal.path.CompiledPath -- Evaluating path: $['windowsVirtualKeyCode']
12:50:37.411 [main] DEBUG com.jayway.jsonpath.internal.path.CompiledPath -- Evaluating path: $
12:50:37.411 [main] DEBUG com.jayway.jsonpath.internal.path.CompiledPath -- Evaluating path: $
12:50:37.411 [main] DEBUG com.jayway.jsonpath.internal.JsonContext -- Put path $ key windowsVirtualKeyCode value {}
12:50:37.411 [main] DEBUG com.jayway.jsonpath.internal.path.CompiledPath -- Evaluating path: $
12:50:37.411 [main] DEBUG com.jayway.jsonpath.internal.JsonContext -- Put path $ key windowsVirtualKeyCode value 116
12:50:37.411 [main] DEBUG com.jayway.jsonpath.internal.path.CompiledPath -- Evaluating path: $
12:50:37.411 [main] DEBUG com.intuit.karate.driver.chrome_1718781634841 -- >> {"id":12,"sessionId":"100CDC760D17220B271422C858A4FE9E","method":"Input.dispatchKeyEvent","params":{"modifiers":0,"type":"rawKeyDown","text":"t","windowsVirtualKeyCode":116}}
12:50:37.415 [nioEventLoopGroup-2-1] DEBUG com.intuit.karate.driver.chrome_1718781634841 -- << {"id":12,"result":{},"sessionId":"100CDC760D17220B271422C858A4FE9E"}
12:50:37.415 [nioEventLoopGroup-2-1] DEBUG com.jayway.jsonpath.internal.path.CompiledPath -- Evaluating path: $
12:50:37.415 [main] DEBUG com.jayway.jsonpath.internal.path.CompiledPath -- Evaluating path: $['modifiers']
12:50:37.415 [main] DEBUG com.jayway.jsonpath.internal.path.CompiledPath -- Evaluating path: $
12:50:37.415 [main] DEBUG com.jayway.jsonpath.internal.path.CompiledPath -- Evaluating path: $
12:50:37.415 [main] DEBUG com.jayway.jsonpath.internal.JsonContext -- Put path $ key modifiers value {}
12:50:37.415 [main] DEBUG com.jayway.jsonpath.internal.path.CompiledPath -- Evaluating path: $
12:50:37.415 [main] DEBUG com.jayway.jsonpath.internal.JsonContext -- Put path $ key modifiers value 0
12:50:37.415 [main] DEBUG com.jayway.jsonpath.internal.path.CompiledPath -- Evaluating path: $['type']
12:50:37.415 [main] DEBUG com.jayway.jsonpath.internal.path.CompiledPath -- Evaluating path: $
12:50:37.415 [main] DEBUG com.jayway.jsonpath.internal.path.CompiledPath -- Evaluating path: $
12:50:37.415 [main] DEBUG com.jayway.jsonpath.internal.JsonContext -- Put path $ key type value {}
12:50:37.415 [main] DEBUG com.jayway.jsonpath.internal.path.CompiledPath -- Evaluating path: $
12:50:37.421 [main] DEBUG com.jayway.jsonpath.internal.JsonContext -- Put path $ key type value char
12:50:37.421 [main] DEBUG com.jayway.jsonpath.internal.path.CompiledPath -- Evaluating path: $['text']
12:50:37.421 [main] DEBUG com.jayway.jsonpath.internal.path.CompiledPath -- Evaluating path: $
12:50:37.421 [main] DEBUG com.jayway.jsonpath.internal.path.CompiledPath -- Evaluating path: $
12:50:37.421 [main] DEBUG com.jayway.jsonpath.internal.JsonContext -- Put path $ key text value {}
12:50:37.421 [main] DEBUG com.jayway.jsonpath.internal.path.CompiledPath -- Evaluating path: $
12:50:37.421 [main] DEBUG com.jayway.jsonpath.internal.JsonContext -- Put path $ key text value t
12:50:37.421 [main] DEBUG com.jayway.jsonpath.internal.path.CompiledPath -- Evaluating path: $['windowsVirtualKeyCode']
12:50:37.421 [main] DEBUG com.jayway.jsonpath.internal.path.CompiledPath -- Evaluating path: $
12:50:37.421 [main] DEBUG com.jayway.jsonpath.internal.path.CompiledPath -- Evaluating path: $
12:50:37.421 [main] DEBUG com.jayway.jsonpath.internal.JsonContext -- Put path $ key windowsVirtualKeyCode value {}
12:50:37.421 [main] DEBUG com.jayway.jsonpath.internal.path.CompiledPath -- Evaluating path: $
12:50:37.421 [main] DEBUG com.jayway.jsonpath.internal.JsonContext -- Put path $ key windowsVirtualKeyCode value 116
12:50:37.421 [main] DEBUG com.jayway.jsonpath.internal.path.CompiledPath -- Evaluating path: $
12:50:37.421 [main] DEBUG com.intuit.karate.driver.chrome_1718781634841 -- >> {"id":13,"sessionId":"100CDC760D17220B271422C858A4FE9E","method":"Input.dispatchKeyEvent","params":{"modifiers":0,"type":"char","text":"t","windowsVirtualKeyCode":116}}
12:50:37.429 [nioEventLoopGroup-2-1] DEBUG com.intuit.karate.driver.chrome_1718781634841 -- << {"id":13,"result":{},"sessionId":"100CDC760D17220B271422C858A4FE9E"}
12:50:37.429 [nioEventLoopGroup-2-1] DEBUG com.jayway.jsonpath.internal.path.CompiledPath -- Evaluating path: $
12:50:37.429 [main] DEBUG com.jayway.jsonpath.internal.path.CompiledPath -- Evaluating path: $['modifiers']
12:50:37.429 [main] DEBUG com.jayway.jsonpath.internal.path.CompiledPath -- Evaluating path: $
12:50:37.429 [main] DEBUG com.jayway.jsonpath.internal.path.CompiledPath -- Evaluating path: $
12:50:37.429 [main] DEBUG com.jayway.jsonpath.internal.JsonContext -- Put path $ key modifiers value {}
12:50:37.429 [main] DEBUG com.jayway.jsonpath.internal.path.CompiledPath -- Evaluating path: $
12:50:37.429 [main] DEBUG com.jayway.jsonpath.internal.JsonContext -- Put path $ key modifiers value 0
12:50:37.429 [main] DEBUG com.jayway.jsonpath.internal.path.CompiledPath -- Evaluating path: $['type']
12:50:37.429 [main] DEBUG com.jayway.jsonpath.internal.path.CompiledPath -- Evaluating path: $
12:50:37.429 [main] DEBUG com.jayway.jsonpath.internal.path.CompiledPath -- Evaluating path: $
12:50:37.429 [main] DEBUG com.jayway.jsonpath.internal.JsonContext -- Put path $ key type value {}
12:50:37.429 [main] DEBUG com.jayway.jsonpath.internal.path.CompiledPath -- Evaluating path: $
12:50:37.429 [main] DEBUG com.jayway.jsonpath.internal.JsonContext -- Put path $ key type value keyUp
12:50:37.429 [main] DEBUG com.jayway.jsonpath.internal.path.CompiledPath -- Evaluating path: $['text']
12:50:37.429 [main] DEBUG com.jayway.jsonpath.internal.path.CompiledPath -- Evaluating path: $
12:50:37.429 [main] DEBUG com.jayway.jsonpath.internal.path.CompiledPath -- Evaluating path: $
12:50:37.429 [main] DEBUG com.jayway.jsonpath.internal.JsonContext -- Put path $ key text value {}
12:50:37.429 [main] DEBUG com.jayway.jsonpath.internal.path.CompiledPath -- Evaluating path: $
12:50:37.429 [main] DEBUG com.jayway.jsonpath.internal.JsonContext -- Put path $ key text value t
12:50:37.431 [main] DEBUG com.jayway.jsonpath.internal.path.CompiledPath -- Evaluating path: $['windowsVirtualKeyCode']
12:50:37.431 [main] DEBUG com.jayway.jsonpath.internal.path.CompiledPath -- Evaluating path: $
12:50:37.431 [main] DEBUG com.jayway.jsonpath.internal.path.CompiledPath -- Evaluating path: $
12:50:37.431 [main] DEBUG com.jayway.jsonpath.internal.JsonContext -- Put path $ key windowsVirtualKeyCode value {}
12:50:37.431 [main] DEBUG com.jayway.jsonpath.internal.path.CompiledPath -- Evaluating path: $
12:50:37.431 [main] DEBUG com.jayway.jsonpath.internal.JsonContext -- Put path $ key windowsVirtualKeyCode value 116
12:50:37.431 [main] DEBUG com.jayway.jsonpath.internal.path.CompiledPath -- Evaluating path: $
12:50:37.431 [main] DEBUG com.intuit.karate.driver.chrome_1718781634841 -- >> {"id":14,"sessionId":"100CDC760D17220B271422C858A4FE9E","method":"Input.dispatchKeyEvent","params":{"modifiers":0,"type":"keyUp","text":"t","windowsVirtualKeyCode":116}}
12:50:37.455 [nioEventLoopGroup-2-1] DEBUG com.intuit.karate.driver.chrome_1718781634841 -- << {"id":14,"result":{},"sessionId":"100CDC760D17220B271422C858A4FE9E"}
12:50:37.455 [nioEventLoopGroup-2-1] DEBUG com.jayway.jsonpath.internal.path.CompiledPath -- Evaluating path: $
12:50:37.455 [main] DEBUG com.jayway.jsonpath.internal.path.CompiledPath -- Evaluating path: $['modifiers']
12:50:37.455 [main] DEBUG com.jayway.jsonpath.internal.path.CompiledPath -- Evaluating path: $
12:50:37.455 [main] DEBUG com.jayway.jsonpath.internal.path.CompiledPath -- Evaluating path: $
12:50:37.455 [main] DEBUG com.jayway.jsonpath.internal.JsonContext -- Put path $ key modifiers value {}
12:50:37.455 [main] DEBUG com.jayway.jsonpath.internal.path.CompiledPath -- Evaluating path: $
12:50:37.455 [main] DEBUG com.jayway.jsonpath.internal.JsonContext -- Put path $ key modifiers value 0
12:50:37.455 [main] DEBUG com.jayway.jsonpath.internal.path.CompiledPath -- Evaluating path: $['type']
12:50:37.455 [main] DEBUG com.jayway.jsonpath.internal.path.CompiledPath -- Evaluating path: $
12:50:37.457 [main] DEBUG com.jayway.jsonpath.internal.path.CompiledPath -- Evaluating path: $
12:50:37.457 [main] DEBUG com.jayway.jsonpath.internal.JsonContext -- Put path $ key type value {}
12:50:37.457 [main] DEBUG com.jayway.jsonpath.internal.path.CompiledPath -- Evaluating path: $
12:50:37.457 [main] DEBUG com.jayway.jsonpath.internal.JsonContext -- Put path $ key type value rawKeyDown
12:50:37.457 [main] DEBUG com.jayway.jsonpath.internal.path.CompiledPath -- Evaluating path: $['text']
12:50:37.457 [main] DEBUG com.jayway.jsonpath.internal.path.CompiledPath -- Evaluating path: $
12:50:37.459 [main] DEBUG com.jayway.jsonpath.internal.path.CompiledPath -- Evaluating path: $
12:50:37.459 [main] DEBUG com.jayway.jsonpath.internal.JsonContext -- Put path $ key text value {}
12:50:37.459 [main] DEBUG com.jayway.jsonpath.internal.path.CompiledPath -- Evaluating path: $
12:50:37.459 [main] DEBUG com.jayway.jsonpath.internal.JsonContext -- Put path $ key text value a
12:50:37.459 [main] DEBUG com.jayway.jsonpath.internal.path.CompiledPath -- Evaluating path: $['windowsVirtualKeyCode']
12:50:37.459 [main] DEBUG com.jayway.jsonpath.internal.path.CompiledPath -- Evaluating path: $
12:50:37.459 [main] DEBUG com.jayway.jsonpath.internal.path.CompiledPath -- Evaluating path: $
12:50:37.459 [main] DEBUG com.jayway.jsonpath.internal.JsonContext -- Put path $ key windowsVirtualKeyCode value {}
12:50:37.459 [main] DEBUG com.jayway.jsonpath.internal.path.CompiledPath -- Evaluating path: $
12:50:37.459 [main] DEBUG com.jayway.jsonpath.internal.JsonContext -- Put path $ key windowsVirtualKeyCode value 97
12:50:37.459 [main] DEBUG com.jayway.jsonpath.internal.path.CompiledPath -- Evaluating path: $
12:50:37.459 [main] DEBUG com.intuit.karate.driver.chrome_1718781634841 -- >> {"id":15,"sessionId":"100CDC760D17220B271422C858A4FE9E","method":"Input.dispatchKeyEvent","params":{"modifiers":0,"type":"rawKeyDown","text":"a","windowsVirtualKeyCode":97}}
12:50:37.472 [nioEventLoopGroup-2-1] DEBUG com.intuit.karate.driver.chrome_1718781634841 -- << {"id":15,"result":{},"sessionId":"100CDC760D17220B271422C858A4FE9E"}
12:50:37.472 [nioEventLoopGroup-2-1] DEBUG com.jayway.jsonpath.internal.path.CompiledPath -- Evaluating path: $
12:50:37.472 [main] DEBUG com.jayway.jsonpath.internal.path.CompiledPath -- Evaluating path: $['modifiers']
12:50:37.472 [main] DEBUG com.jayway.jsonpath.internal.path.CompiledPath -- Evaluating path: $
12:50:37.472 [main] DEBUG com.jayway.jsonpath.internal.path.CompiledPath -- Evaluating path: $
12:50:37.472 [main] DEBUG com.jayway.jsonpath.internal.JsonContext -- Put path $ key modifiers value {}
12:50:37.472 [main] DEBUG com.jayway.jsonpath.internal.path.CompiledPath -- Evaluating path: $
12:50:37.472 [main] DEBUG com.jayway.jsonpath.internal.JsonContext -- Put path $ key modifiers value 0
12:50:37.472 [main] DEBUG com.jayway.jsonpath.internal.path.CompiledPath -- Evaluating path: $['type']
12:50:37.472 [main] DEBUG com.jayway.jsonpath.internal.path.CompiledPath -- Evaluating path: $
12:50:37.472 [main] DEBUG com.jayway.jsonpath.internal.path.CompiledPath -- Evaluating path: $
12:50:37.472 [main] DEBUG com.jayway.jsonpath.internal.JsonContext -- Put path $ key type value {}
12:50:37.472 [main] DEBUG com.jayway.jsonpath.internal.path.CompiledPath -- Evaluating path: $
12:50:37.472 [nioEventLoopGroup-2-1] DEBUG com.intuit.karate.driver.chrome_1718781634841 -- << {"method":"Page.loadEventFired","params":{"timestamp":52715.970647},"sessionId":"100CDC760D17220B271422C858A4FE9E"}
12:50:37.472 [nioEventLoopGroup-2-1] DEBUG com.jayway.jsonpath.internal.path.CompiledPath -- Evaluating path: $
12:50:37.472 [main] DEBUG com.jayway.jsonpath.internal.JsonContext -- Put path $ key type value char
12:50:37.472 [main] DEBUG com.jayway.jsonpath.internal.path.CompiledPath -- Evaluating path: $['text']
12:50:37.481 [nioEventLoopGroup-2-1] DEBUG com.intuit.karate.driver.chrome_1718781634841 -- << {"method":"Page.frameStoppedLoading","params":{"frameId":"D6FF537DD9B4BA0976EBF39525B06618"},"sessionId":"100CDC760D17220B271422C858A4FE9E"}
12:50:37.481 [nioEventLoopGroup-2-1] DEBUG com.jayway.jsonpath.internal.path.CompiledPath -- Evaluating path: $
12:50:37.481 [nioEventLoopGroup-2-1] DEBUG com.jayway.jsonpath.internal.path.CompiledPath -- Evaluating path: $['frameId']
12:50:37.481 [main] DEBUG com.jayway.jsonpath.internal.path.CompiledPath -- Evaluating path: $
12:50:37.481 [main] DEBUG com.jayway.jsonpath.internal.path.CompiledPath -- Evaluating path: $
12:50:37.481 [main] DEBUG com.jayway.jsonpath.internal.JsonContext -- Put path $ key text value {}
12:50:37.481 [nioEventLoopGroup-2-1] DEBUG com.intuit.karate.driver.chrome_1718781634841 -- << {"method":"Target.targetCreated","params":{"targetInfo":{"targetId":"0D0B05C7C11BE75860AA03F99B928F0E","type":"service_worker","title":"Service Worker https://www.saucedemo.com/service-worker.js","url":"https://www.saucedemo.com/service-worker.js","attached":false,"canAccessOpener":false,"browserContextId":"6A9996F17B714396A34DFA4423565005"}},"sessionId":"100CDC760D17220B271422C858A4FE9E"}
12:50:37.481 [main] DEBUG com.jayway.jsonpath.internal.path.CompiledPath -- Evaluating path: $
12:50:37.481 [main] DEBUG com.jayway.jsonpath.internal.JsonContext -- Put path $ key text value a
12:50:37.481 [nioEventLoopGroup-2-1] DEBUG com.jayway.jsonpath.internal.path.CompiledPath -- Evaluating path: $
12:50:37.481 [main] DEBUG com.jayway.jsonpath.internal.path.CompiledPath -- Evaluating path: $['windowsVirtualKeyCode']
12:50:37.481 [main] DEBUG com.jayway.jsonpath.internal.path.CompiledPath -- Evaluating path: $
12:50:37.481 [main] DEBUG com.jayway.jsonpath.internal.path.CompiledPath -- Evaluating path: $
12:50:37.481 [main] DEBUG com.jayway.jsonpath.internal.JsonContext -- Put path $ key windowsVirtualKeyCode value {}
12:50:37.481 [main] DEBUG com.jayway.jsonpath.internal.path.CompiledPath -- Evaluating path: $
12:50:37.481 [main] DEBUG com.jayway.jsonpath.internal.JsonContext -- Put path $ key windowsVirtualKeyCode value 97
12:50:37.481 [main] DEBUG com.jayway.jsonpath.internal.path.CompiledPath -- Evaluating path: $
12:50:37.481 [main] DEBUG com.intuit.karate.driver.chrome_1718781634841 -- >> {"id":16,"sessionId":"100CDC760D17220B271422C858A4FE9E","method":"Input.dispatchKeyEvent","params":{"modifiers":0,"type":"char","text":"a","windowsVirtualKeyCode":97}}
12:50:37.485 [nioEventLoopGroup-2-1] DEBUG com.intuit.karate.driver.chrome_1718781634841 -- << {"id":16,"result":{},"sessionId":"100CDC760D17220B271422C858A4FE9E"}
12:50:37.492 [nioEventLoopGroup-2-1] DEBUG com.jayway.jsonpath.internal.path.CompiledPath -- Evaluating path: $
12:50:37.492 [main] DEBUG com.jayway.jsonpath.internal.path.CompiledPath -- Evaluating path: $['modifiers']
12:50:37.492 [main] DEBUG com.jayway.jsonpath.internal.path.CompiledPath -- Evaluating path: $
12:50:37.492 [main] DEBUG com.jayway.jsonpath.internal.path.CompiledPath -- Evaluating path: $
12:50:37.492 [main] DEBUG com.jayway.jsonpath.internal.JsonContext -- Put path $ key modifiers value {}
12:50:37.492 [main] DEBUG com.jayway.jsonpath.internal.path.CompiledPath -- Evaluating path: $
12:50:37.492 [main] DEBUG com.jayway.jsonpath.internal.JsonContext -- Put path $ key modifiers value 0
12:50:37.492 [main] DEBUG com.jayway.jsonpath.internal.path.CompiledPath -- Evaluating path: $['type']
12:50:37.492 [main] DEBUG com.jayway.jsonpath.internal.path.CompiledPath -- Evaluating path: $
12:50:37.492 [main] DEBUG com.jayway.jsonpath.internal.path.CompiledPath -- Evaluating path: $
12:50:37.492 [main] DEBUG com.jayway.jsonpath.internal.JsonContext -- Put path $ key type value {}
12:50:37.492 [main] DEBUG com.jayway.jsonpath.internal.path.CompiledPath -- Evaluating path: $
12:50:37.492 [main] DEBUG com.jayway.jsonpath.internal.JsonContext -- Put path $ key type value keyUp
12:50:37.492 [main] DEBUG com.jayway.jsonpath.internal.path.CompiledPath -- Evaluating path: $['text']
12:50:37.492 [main] DEBUG com.jayway.jsonpath.internal.path.CompiledPath -- Evaluating path: $
12:50:37.492 [main] DEBUG com.jayway.jsonpath.internal.path.CompiledPath -- Evaluating path: $
12:50:37.492 [main] DEBUG com.jayway.jsonpath.internal.JsonContext -- Put path $ key text value {}
12:50:37.492 [main] DEBUG com.jayway.jsonpath.internal.path.CompiledPath -- Evaluating path: $
12:50:37.492 [main] DEBUG com.jayway.jsonpath.internal.JsonContext -- Put path $ key text value a
12:50:37.492 [main] DEBUG com.jayway.jsonpath.internal.path.CompiledPath -- Evaluating path: $['windowsVirtualKeyCode']
12:50:37.492 [main] DEBUG com.jayway.jsonpath.internal.path.CompiledPath -- Evaluating path: $
12:50:37.492 [main] DEBUG com.jayway.jsonpath.internal.path.CompiledPath -- Evaluating path: $
12:50:37.492 [main] DEBUG com.jayway.jsonpath.internal.JsonContext -- Put path $ key windowsVirtualKeyCode value {}
12:50:37.492 [main] DEBUG com.jayway.jsonpath.internal.path.CompiledPath -- Evaluating path: $
12:50:37.492 [main] DEBUG com.jayway.jsonpath.internal.JsonContext -- Put path $ key windowsVirtualKeyCode value 97
12:50:37.492 [main] DEBUG com.jayway.jsonpath.internal.path.CompiledPath -- Evaluating path: $
12:50:37.492 [main] DEBUG com.intuit.karate.driver.chrome_1718781634841 -- >> {"id":17,"sessionId":"100CDC760D17220B271422C858A4FE9E","method":"Input.dispatchKeyEvent","params":{"modifiers":0,"type":"keyUp","text":"a","windowsVirtualKeyCode":97}}
12:50:37.492 [nioEventLoopGroup-2-1] DEBUG com.intuit.karate.driver.chrome_1718781634841 -- << {"id":17,"result":{},"sessionId":"100CDC760D17220B271422C858A4FE9E"}
12:50:37.492 [nioEventLoopGroup-2-1] DEBUG com.jayway.jsonpath.internal.path.CompiledPath -- Evaluating path: $
12:50:37.492 [main] DEBUG com.jayway.jsonpath.internal.path.CompiledPath -- Evaluating path: $['modifiers']
12:50:37.492 [main] DEBUG com.jayway.jsonpath.internal.path.CompiledPath -- Evaluating path: $
12:50:37.492 [main] DEBUG com.jayway.jsonpath.internal.path.CompiledPath -- Evaluating path: $
12:50:37.492 [main] DEBUG com.jayway.jsonpath.internal.JsonContext -- Put path $ key modifiers value {}
12:50:37.492 [main] DEBUG com.jayway.jsonpath.internal.path.CompiledPath -- Evaluating path: $
12:50:37.492 [main] DEBUG com.jayway.jsonpath.internal.JsonContext -- Put path $ key modifiers value 0
12:50:37.492 [main] DEBUG com.jayway.jsonpath.internal.path.CompiledPath -- Evaluating path: $['type']
12:50:37.492 [main] DEBUG com.jayway.jsonpath.internal.path.CompiledPath -- Evaluating path: $
12:50:37.492 [main] DEBUG com.jayway.jsonpath.internal.path.CompiledPath -- Evaluating path: $
12:50:37.492 [main] DEBUG com.jayway.jsonpath.internal.JsonContext -- Put path $ key type value {}
12:50:37.492 [main] DEBUG com.jayway.jsonpath.internal.path.CompiledPath -- Evaluating path: $
12:50:37.492 [main] DEBUG com.jayway.jsonpath.internal.JsonContext -- Put path $ key type value rawKeyDown
12:50:37.492 [main] DEBUG com.jayway.jsonpath.internal.path.CompiledPath -- Evaluating path: $['text']
12:50:37.498 [main] DEBUG com.jayway.jsonpath.internal.path.CompiledPath -- Evaluating path: $
12:50:37.498 [main] DEBUG com.jayway.jsonpath.internal.path.CompiledPath -- Evaluating path: $
12:50:37.498 [main] DEBUG com.jayway.jsonpath.internal.JsonContext -- Put path $ key text value {}
12:50:37.498 [main] DEBUG com.jayway.jsonpath.internal.path.CompiledPath -- Evaluating path: $
12:50:37.498 [main] DEBUG com.jayway.jsonpath.internal.JsonContext -- Put path $ key text value n
12:50:37.498 [main] DEBUG com.jayway.jsonpath.internal.path.CompiledPath -- Evaluating path: $['windowsVirtualKeyCode']
12:50:37.498 [main] DEBUG com.jayway.jsonpath.internal.path.CompiledPath -- Evaluating path: $
12:50:37.498 [main] DEBUG com.jayway.jsonpath.internal.path.CompiledPath -- Evaluating path: $
12:50:37.498 [main] DEBUG com.jayway.jsonpath.internal.JsonContext -- Put path $ key windowsVirtualKeyCode value {}
12:50:37.498 [main] DEBUG com.jayway.jsonpath.internal.path.CompiledPath -- Evaluating path: $
12:50:37.498 [main] DEBUG com.jayway.jsonpath.internal.JsonContext -- Put path $ key windowsVirtualKeyCode value 110
12:50:37.498 [main] DEBUG com.jayway.jsonpath.internal.path.CompiledPath -- Evaluating path: $
12:50:37.498 [main] DEBUG com.intuit.karate.driver.chrome_1718781634841 -- >> {"id":18,"sessionId":"100CDC760D17220B271422C858A4FE9E","method":"Input.dispatchKeyEvent","params":{"modifiers":0,"type":"rawKeyDown","text":"n","windowsVirtualKeyCode":110}}
12:50:37.498 [nioEventLoopGroup-2-1] DEBUG com.intuit.karate.driver.chrome_1718781634841 -- << {"id":18,"result":{},"sessionId":"100CDC760D17220B271422C858A4FE9E"}
12:50:37.498 [nioEventLoopGroup-2-1] DEBUG com.jayway.jsonpath.internal.path.CompiledPath -- Evaluating path: $
12:50:37.498 [main] DEBUG com.jayway.jsonpath.internal.path.CompiledPath -- Evaluating path: $['modifiers']
12:50:37.498 [main] DEBUG com.jayway.jsonpath.internal.path.CompiledPath -- Evaluating path: $
12:50:37.506 [main] DEBUG com.jayway.jsonpath.internal.path.CompiledPath -- Evaluating path: $
12:50:37.506 [main] DEBUG com.jayway.jsonpath.internal.JsonContext -- Put path $ key modifiers value {}
12:50:37.506 [main] DEBUG com.jayway.jsonpath.internal.path.CompiledPath -- Evaluating path: $
12:50:37.506 [main] DEBUG com.jayway.jsonpath.internal.JsonContext -- Put path $ key modifiers value 0
12:50:37.506 [main] DEBUG com.jayway.jsonpath.internal.path.CompiledPath -- Evaluating path: $['type']
12:50:37.506 [main] DEBUG com.jayway.jsonpath.internal.path.CompiledPath -- Evaluating path: $
12:50:37.506 [main] DEBUG com.jayway.jsonpath.internal.path.CompiledPath -- Evaluating path: $
12:50:37.506 [main] DEBUG com.jayway.jsonpath.internal.JsonContext -- Put path $ key type value {}
12:50:37.506 [main] DEBUG com.jayway.jsonpath.internal.path.CompiledPath -- Evaluating path: $
12:50:37.506 [main] DEBUG com.jayway.jsonpath.internal.JsonContext -- Put path $ key type value char
12:50:37.506 [main] DEBUG com.jayway.jsonpath.internal.path.CompiledPath -- Evaluating path: $['text']
12:50:37.506 [main] DEBUG com.jayway.jsonpath.internal.path.CompiledPath -- Evaluating path: $
12:50:37.506 [main] DEBUG com.jayway.jsonpath.internal.path.CompiledPath -- Evaluating path: $
12:50:37.506 [main] DEBUG com.jayway.jsonpath.internal.JsonContext -- Put path $ key text value {}
12:50:37.506 [main] DEBUG com.jayway.jsonpath.internal.path.CompiledPath -- Evaluating path: $
12:50:37.506 [main] DEBUG com.jayway.jsonpath.internal.JsonContext -- Put path $ key text value n
12:50:37.506 [main] DEBUG com.jayway.jsonpath.internal.path.CompiledPath -- Evaluating path: $['windowsVirtualKeyCode']
12:50:37.506 [main] DEBUG com.jayway.jsonpath.internal.path.CompiledPath -- Evaluating path: $
12:50:37.506 [main] DEBUG com.jayway.jsonpath.internal.path.CompiledPath -- Evaluating path: $
12:50:37.506 [main] DEBUG com.jayway.jsonpath.internal.JsonContext -- Put path $ key windowsVirtualKeyCode value {}
12:50:37.506 [main] DEBUG com.jayway.jsonpath.internal.path.CompiledPath -- Evaluating path: $
12:50:37.506 [main] DEBUG com.jayway.jsonpath.internal.JsonContext -- Put path $ key windowsVirtualKeyCode value 110
12:50:37.506 [main] DEBUG com.jayway.jsonpath.internal.path.CompiledPath -- Evaluating path: $
12:50:37.506 [main] DEBUG com.intuit.karate.driver.chrome_1718781634841 -- >> {"id":19,"sessionId":"100CDC760D17220B271422C858A4FE9E","method":"Input.dispatchKeyEvent","params":{"modifiers":0,"type":"char","text":"n","windowsVirtualKeyCode":110}}
12:50:37.515 [nioEventLoopGroup-2-1] DEBUG com.intuit.karate.driver.chrome_1718781634841 -- << {"id":19,"result":{},"sessionId":"100CDC760D17220B271422C858A4FE9E"}
12:50:37.515 [nioEventLoopGroup-2-1] DEBUG com.jayway.jsonpath.internal.path.CompiledPath -- Evaluating path: $
12:50:37.515 [main] DEBUG com.jayway.jsonpath.internal.path.CompiledPath -- Evaluating path: $['modifiers']
12:50:37.515 [main] DEBUG com.jayway.jsonpath.internal.path.CompiledPath -- Evaluating path: $
12:50:37.515 [main] DEBUG com.jayway.jsonpath.internal.path.CompiledPath -- Evaluating path: $
12:50:37.515 [main] DEBUG com.jayway.jsonpath.internal.JsonContext -- Put path $ key modifiers value {}
12:50:37.515 [main] DEBUG com.jayway.jsonpath.internal.path.CompiledPath -- Evaluating path: $
12:50:37.515 [main] DEBUG com.jayway.jsonpath.internal.JsonContext -- Put path $ key modifiers value 0
12:50:37.515 [main] DEBUG com.jayway.jsonpath.internal.path.CompiledPath -- Evaluating path: $['type']
12:50:37.515 [main] DEBUG com.jayway.jsonpath.internal.path.CompiledPath -- Evaluating path: $
12:50:37.515 [main] DEBUG com.jayway.jsonpath.internal.path.CompiledPath -- Evaluating path: $
12:50:37.515 [main] DEBUG com.jayway.jsonpath.internal.JsonContext -- Put path $ key type value {}
12:50:37.515 [main] DEBUG com.jayway.jsonpath.internal.path.CompiledPath -- Evaluating path: $
12:50:37.515 [main] DEBUG com.jayway.jsonpath.internal.JsonContext -- Put path $ key type value keyUp
12:50:37.515 [main] DEBUG com.jayway.jsonpath.internal.path.CompiledPath -- Evaluating path: $['text']
12:50:37.515 [main] DEBUG com.jayway.jsonpath.internal.path.CompiledPath -- Evaluating path: $
12:50:37.515 [main] DEBUG com.jayway.jsonpath.internal.path.CompiledPath -- Evaluating path: $
12:50:37.515 [main] DEBUG com.jayway.jsonpath.internal.JsonContext -- Put path $ key text value {}
12:50:37.515 [main] DEBUG com.jayway.jsonpath.internal.path.CompiledPath -- Evaluating path: $
12:50:37.515 [main] DEBUG com.jayway.jsonpath.internal.JsonContext -- Put path $ key text value n
12:50:37.515 [main] DEBUG com.jayway.jsonpath.internal.path.CompiledPath -- Evaluating path: $['windowsVirtualKeyCode']
12:50:37.515 [main] DEBUG com.jayway.jsonpath.internal.path.CompiledPath -- Evaluating path: $
12:50:37.515 [main] DEBUG com.jayway.jsonpath.internal.path.CompiledPath -- Evaluating path: $
12:50:37.515 [main] DEBUG com.jayway.jsonpath.internal.JsonContext -- Put path $ key windowsVirtualKeyCode value {}
12:50:37.515 [main] DEBUG com.jayway.jsonpath.internal.path.CompiledPath -- Evaluating path: $
12:50:37.515 [main] DEBUG com.jayway.jsonpath.internal.JsonContext -- Put path $ key windowsVirtualKeyCode value 110
12:50:37.515 [main] DEBUG com.jayway.jsonpath.internal.path.CompiledPath -- Evaluating path: $
12:50:37.515 [main] DEBUG com.intuit.karate.driver.chrome_1718781634841 -- >> {"id":20,"sessionId":"100CDC760D17220B271422C858A4FE9E","method":"Input.dispatchKeyEvent","params":{"modifiers":0,"type":"keyUp","text":"n","windowsVirtualKeyCode":110}}
12:50:37.524 [nioEventLoopGroup-2-1] DEBUG com.intuit.karate.driver.chrome_1718781634841 -- << {"id":20,"result":{},"sessionId":"100CDC760D17220B271422C858A4FE9E"}
12:50:37.524 [nioEventLoopGroup-2-1] DEBUG com.jayway.jsonpath.internal.path.CompiledPath -- Evaluating path: $
12:50:37.524 [main] DEBUG com.jayway.jsonpath.internal.path.CompiledPath -- Evaluating path: $['modifiers']
12:50:37.524 [main] DEBUG com.jayway.jsonpath.internal.path.CompiledPath -- Evaluating path: $
12:50:37.524 [main] DEBUG com.jayway.jsonpath.internal.path.CompiledPath -- Evaluating path: $
12:50:37.524 [main] DEBUG com.jayway.jsonpath.internal.JsonContext -- Put path $ key modifiers value {}
12:50:37.524 [main] DEBUG com.jayway.jsonpath.internal.path.CompiledPath -- Evaluating path: $
12:50:37.524 [main] DEBUG com.jayway.jsonpath.internal.JsonContext -- Put path $ key modifiers value 0
12:50:37.524 [main] DEBUG com.jayway.jsonpath.internal.path.CompiledPath -- Evaluating path: $['type']
12:50:37.524 [main] DEBUG com.jayway.jsonpath.internal.path.CompiledPath -- Evaluating path: $
12:50:37.524 [main] DEBUG com.jayway.jsonpath.internal.path.CompiledPath -- Evaluating path: $
12:50:37.524 [main] DEBUG com.jayway.jsonpath.internal.JsonContext -- Put path $ key type value {}
12:50:37.524 [main] DEBUG com.jayway.jsonpath.internal.path.CompiledPath -- Evaluating path: $
12:50:37.524 [main] DEBUG com.jayway.jsonpath.internal.JsonContext -- Put path $ key type value rawKeyDown
12:50:37.524 [main] DEBUG com.jayway.jsonpath.internal.path.CompiledPath -- Evaluating path: $['text']
12:50:37.524 [main] DEBUG com.jayway.jsonpath.internal.path.CompiledPath -- Evaluating path: $
12:50:37.524 [main] DEBUG com.jayway.jsonpath.internal.path.CompiledPath -- Evaluating path: $
12:50:37.524 [main] DEBUG com.jayway.jsonpath.internal.JsonContext -- Put path $ key text value {}
12:50:37.524 [main] DEBUG com.jayway.jsonpath.internal.path.CompiledPath -- Evaluating path: $
12:50:37.524 [main] DEBUG com.jayway.jsonpath.internal.JsonContext -- Put path $ key text value d
12:50:37.524 [main] DEBUG com.jayway.jsonpath.internal.path.CompiledPath -- Evaluating path: $['windowsVirtualKeyCode']
12:50:37.524 [main] DEBUG com.jayway.jsonpath.internal.path.CompiledPath -- Evaluating path: $
12:50:37.524 [main] DEBUG com.jayway.jsonpath.internal.path.CompiledPath -- Evaluating path: $
12:50:37.524 [main] DEBUG com.jayway.jsonpath.internal.JsonContext -- Put path $ key windowsVirtualKeyCode value {}
12:50:37.524 [main] DEBUG com.jayway.jsonpath.internal.path.CompiledPath -- Evaluating path: $
12:50:37.524 [main] DEBUG com.jayway.jsonpath.internal.JsonContext -- Put path $ key windowsVirtualKeyCode value 100
12:50:37.524 [main] DEBUG com.jayway.jsonpath.internal.path.CompiledPath -- Evaluating path: $
12:50:37.524 [main] DEBUG com.intuit.karate.driver.chrome_1718781634841 -- >> {"id":21,"sessionId":"100CDC760D17220B271422C858A4FE9E","method":"Input.dispatchKeyEvent","params":{"modifiers":0,"type":"rawKeyDown","text":"d","windowsVirtualKeyCode":100}}
12:50:37.532 [nioEventLoopGroup-2-1] DEBUG com.intuit.karate.driver.chrome_1718781634841 -- << {"id":21,"result":{},"sessionId":"100CDC760D17220B271422C858A4FE9E"}
12:50:37.532 [nioEventLoopGroup-2-1] DEBUG com.jayway.jsonpath.internal.path.CompiledPath -- Evaluating path: $
12:50:37.532 [main] DEBUG com.jayway.jsonpath.internal.path.CompiledPath -- Evaluating path: $['modifiers']
12:50:37.532 [main] DEBUG com.jayway.jsonpath.internal.path.CompiledPath -- Evaluating path: $
12:50:37.532 [main] DEBUG com.jayway.jsonpath.internal.path.CompiledPath -- Evaluating path: $
12:50:37.532 [main] DEBUG com.jayway.jsonpath.internal.JsonContext -- Put path $ key modifiers value {}
12:50:37.532 [main] DEBUG com.jayway.jsonpath.internal.path.CompiledPath -- Evaluating path: $
12:50:37.532 [main] DEBUG com.jayway.jsonpath.internal.JsonContext -- Put path $ key modifiers value 0
12:50:37.532 [main] DEBUG com.jayway.jsonpath.internal.path.CompiledPath -- Evaluating path: $['type']
12:50:37.532 [main] DEBUG com.jayway.jsonpath.internal.path.CompiledPath -- Evaluating path: $
12:50:37.532 [main] DEBUG com.jayway.jsonpath.internal.path.CompiledPath -- Evaluating path: $
12:50:37.532 [main] DEBUG com.jayway.jsonpath.internal.JsonContext -- Put path $ key type value {}
12:50:37.532 [main] DEBUG com.jayway.jsonpath.internal.path.CompiledPath -- Evaluating path: $
12:50:37.532 [main] DEBUG com.jayway.jsonpath.internal.JsonContext -- Put path $ key type value char
12:50:37.532 [main] DEBUG com.jayway.jsonpath.internal.path.CompiledPath -- Evaluating path: $['text']
12:50:37.532 [main] DEBUG com.jayway.jsonpath.internal.path.CompiledPath -- Evaluating path: $
12:50:37.532 [main] DEBUG com.jayway.jsonpath.internal.path.CompiledPath -- Evaluating path: $
12:50:37.532 [main] DEBUG com.jayway.jsonpath.internal.JsonContext -- Put path $ key text value {}
12:50:37.532 [main] DEBUG com.jayway.jsonpath.internal.path.CompiledPath -- Evaluating path: $
12:50:37.532 [main] DEBUG com.jayway.jsonpath.internal.JsonContext -- Put path $ key text value d
12:50:37.532 [main] DEBUG com.jayway.jsonpath.internal.path.CompiledPath -- Evaluating path: $['windowsVirtualKeyCode']
12:50:37.532 [main] DEBUG com.jayway.jsonpath.internal.path.CompiledPath -- Evaluating path: $
12:50:37.532 [main] DEBUG com.jayway.jsonpath.internal.path.CompiledPath -- Evaluating path: $
12:50:37.532 [main] DEBUG com.jayway.jsonpath.internal.JsonContext -- Put path $ key windowsVirtualKeyCode value {}
12:50:37.532 [main] DEBUG com.jayway.jsonpath.internal.path.CompiledPath -- Evaluating path: $
12:50:37.532 [main] DEBUG com.jayway.jsonpath.internal.JsonContext -- Put path $ key windowsVirtualKeyCode value 100
12:50:37.532 [main] DEBUG com.jayway.jsonpath.internal.path.CompiledPath -- Evaluating path: $
12:50:37.532 [main] DEBUG com.intuit.karate.driver.chrome_1718781634841 -- >> {"id":22,"sessionId":"100CDC760D17220B271422C858A4FE9E","method":"Input.dispatchKeyEvent","params":{"modifiers":0,"type":"char","text":"d","windowsVirtualKeyCode":100}}
12:50:37.542 [nioEventLoopGroup-2-1] DEBUG com.intuit.karate.driver.chrome_1718781634841 -- << {"id":22,"result":{},"sessionId":"100CDC760D17220B271422C858A4FE9E"}
12:50:37.542 [nioEventLoopGroup-2-1] DEBUG com.jayway.jsonpath.internal.path.CompiledPath -- Evaluating path: $
12:50:37.542 [main] DEBUG com.jayway.jsonpath.internal.path.CompiledPath -- Evaluating path: $['modifiers']
12:50:37.542 [main] DEBUG com.jayway.jsonpath.internal.path.CompiledPath -- Evaluating path: $
12:50:37.542 [main] DEBUG com.jayway.jsonpath.internal.path.CompiledPath -- Evaluating path: $
12:50:37.542 [main] DEBUG com.jayway.jsonpath.internal.JsonContext -- Put path $ key modifiers value {}
12:50:37.542 [main] DEBUG com.jayway.jsonpath.internal.path.CompiledPath -- Evaluating path: $
12:50:37.542 [main] DEBUG com.jayway.jsonpath.internal.JsonContext -- Put path $ key modifiers value 0
12:50:37.542 [main] DEBUG com.jayway.jsonpath.internal.path.CompiledPath -- Evaluating path: $['type']
12:50:37.542 [main] DEBUG com.jayway.jsonpath.internal.path.CompiledPath -- Evaluating path: $
12:50:37.542 [main] DEBUG com.jayway.jsonpath.internal.path.CompiledPath -- Evaluating path: $
12:50:37.542 [main] DEBUG com.jayway.jsonpath.internal.JsonContext -- Put path $ key type value {}
12:50:37.542 [main] DEBUG com.jayway.jsonpath.internal.path.CompiledPath -- Evaluating path: $
12:50:37.542 [main] DEBUG com.jayway.jsonpath.internal.JsonContext -- Put path $ key type value keyUp
12:50:37.542 [main] DEBUG com.jayway.jsonpath.internal.path.CompiledPath -- Evaluating path: $['text']
12:50:37.542 [main] DEBUG com.jayway.jsonpath.internal.path.CompiledPath -- Evaluating path: $
12:50:37.544 [main] DEBUG com.jayway.jsonpath.internal.path.CompiledPath -- Evaluating path: $
12:50:37.544 [main] DEBUG com.jayway.jsonpath.internal.JsonContext -- Put path $ key text value {}
12:50:37.544 [main] DEBUG com.jayway.jsonpath.internal.path.CompiledPath -- Evaluating path: $
12:50:37.544 [main] DEBUG com.jayway.jsonpath.internal.JsonContext -- Put path $ key text value d
12:50:37.544 [main] DEBUG com.jayway.jsonpath.internal.path.CompiledPath -- Evaluating path: $['windowsVirtualKeyCode']
12:50:37.544 [main] DEBUG com.jayway.jsonpath.internal.path.CompiledPath -- Evaluating path: $
12:50:37.544 [main] DEBUG com.jayway.jsonpath.internal.path.CompiledPath -- Evaluating path: $
12:50:37.544 [main] DEBUG com.jayway.jsonpath.internal.JsonContext -- Put path $ key windowsVirtualKeyCode value {}
12:50:37.544 [main] DEBUG com.jayway.jsonpath.internal.path.CompiledPath -- Evaluating path: $
12:50:37.544 [main] DEBUG com.jayway.jsonpath.internal.JsonContext -- Put path $ key windowsVirtualKeyCode value 100
12:50:37.544 [main] DEBUG com.jayway.jsonpath.internal.path.CompiledPath -- Evaluating path: $
12:50:37.544 [main] DEBUG com.intuit.karate.driver.chrome_1718781634841 -- >> {"id":23,"sessionId":"100CDC760D17220B271422C858A4FE9E","method":"Input.dispatchKeyEvent","params":{"modifiers":0,"type":"keyUp","text":"d","windowsVirtualKeyCode":100}}
12:50:37.548 [nioEventLoopGroup-2-1] DEBUG com.intuit.karate.driver.chrome_1718781634841 -- << {"id":23,"result":{},"sessionId":"100CDC760D17220B271422C858A4FE9E"}
12:50:37.548 [nioEventLoopGroup-2-1] DEBUG com.jayway.jsonpath.internal.path.CompiledPath -- Evaluating path: $
12:50:37.548 [main] DEBUG com.jayway.jsonpath.internal.path.CompiledPath -- Evaluating path: $['modifiers']
12:50:37.548 [main] DEBUG com.jayway.jsonpath.internal.path.CompiledPath -- Evaluating path: $
12:50:37.548 [main] DEBUG com.jayway.jsonpath.internal.path.CompiledPath -- Evaluating path: $
12:50:37.548 [main] DEBUG com.jayway.jsonpath.internal.JsonContext -- Put path $ key modifiers value {}
12:50:37.548 [main] DEBUG com.jayway.jsonpath.internal.path.CompiledPath -- Evaluating path: $
12:50:37.548 [main] DEBUG com.jayway.jsonpath.internal.JsonContext -- Put path $ key modifiers value 0
12:50:37.548 [main] DEBUG com.jayway.jsonpath.internal.path.CompiledPath -- Evaluating path: $['type']
12:50:37.548 [main] DEBUG com.jayway.jsonpath.internal.path.CompiledPath -- Evaluating path: $
12:50:37.548 [main] DEBUG com.jayway.jsonpath.internal.path.CompiledPath -- Evaluating path: $
12:50:37.548 [main] DEBUG com.jayway.jsonpath.internal.JsonContext -- Put path $ key type value {}
12:50:37.548 [main] DEBUG com.jayway.jsonpath.internal.path.CompiledPath -- Evaluating path: $
12:50:37.548 [main] DEBUG com.jayway.jsonpath.internal.JsonContext -- Put path $ key type value rawKeyDown
12:50:37.548 [main] DEBUG com.jayway.jsonpath.internal.path.CompiledPath -- Evaluating path: $['text']
12:50:37.548 [main] DEBUG com.jayway.jsonpath.internal.path.CompiledPath -- Evaluating path: $
12:50:37.548 [main] DEBUG com.jayway.jsonpath.internal.path.CompiledPath -- Evaluating path: $
12:50:37.548 [main] DEBUG com.jayway.jsonpath.internal.JsonContext -- Put path $ key text value {}
12:50:37.548 [main] DEBUG com.jayway.jsonpath.internal.path.CompiledPath -- Evaluating path: $
12:50:37.548 [main] DEBUG com.jayway.jsonpath.internal.JsonContext -- Put path $ key text value a
12:50:37.548 [main] DEBUG com.jayway.jsonpath.internal.path.CompiledPath -- Evaluating path: $['windowsVirtualKeyCode']
12:50:37.548 [main] DEBUG com.jayway.jsonpath.internal.path.CompiledPath -- Evaluating path: $
12:50:37.548 [main] DEBUG com.jayway.jsonpath.internal.path.CompiledPath -- Evaluating path: $
12:50:37.548 [main] DEBUG com.jayway.jsonpath.internal.JsonContext -- Put path $ key windowsVirtualKeyCode value {}
12:50:37.548 [main] DEBUG com.jayway.jsonpath.internal.path.CompiledPath -- Evaluating path: $
12:50:37.548 [main] DEBUG com.jayway.jsonpath.internal.JsonContext -- Put path $ key windowsVirtualKeyCode value 97
12:50:37.548 [main] DEBUG com.jayway.jsonpath.internal.path.CompiledPath -- Evaluating path: $
12:50:37.548 [main] DEBUG com.intuit.karate.driver.chrome_1718781634841 -- >> {"id":24,"sessionId":"100CDC760D17220B271422C858A4FE9E","method":"Input.dispatchKeyEvent","params":{"modifiers":0,"type":"rawKeyDown","text":"a","windowsVirtualKeyCode":97}}
12:50:37.548 [nioEventLoopGroup-2-1] DEBUG com.intuit.karate.driver.chrome_1718781634841 -- << {"id":24,"result":{},"sessionId":"100CDC760D17220B271422C858A4FE9E"}
12:50:37.556 [nioEventLoopGroup-2-1] DEBUG com.jayway.jsonpath.internal.path.CompiledPath -- Evaluating path: $
12:50:37.556 [main] DEBUG com.jayway.jsonpath.internal.path.CompiledPath -- Evaluating path: $['modifiers']
12:50:37.556 [main] DEBUG com.jayway.jsonpath.internal.path.CompiledPath -- Evaluating path: $
12:50:37.556 [main] DEBUG com.jayway.jsonpath.internal.path.CompiledPath -- Evaluating path: $
12:50:37.556 [main] DEBUG com.jayway.jsonpath.internal.JsonContext -- Put path $ key modifiers value {}
12:50:37.556 [main] DEBUG com.jayway.jsonpath.internal.path.CompiledPath -- Evaluating path: $
12:50:37.556 [main] DEBUG com.jayway.jsonpath.internal.JsonContext -- Put path $ key modifiers value 0
12:50:37.556 [main] DEBUG com.jayway.jsonpath.internal.path.CompiledPath -- Evaluating path: $['type']
12:50:37.556 [main] DEBUG com.jayway.jsonpath.internal.path.CompiledPath -- Evaluating path: $
12:50:37.556 [main] DEBUG com.jayway.jsonpath.internal.path.CompiledPath -- Evaluating path: $
12:50:37.556 [main] DEBUG com.jayway.jsonpath.internal.JsonContext -- Put path $ key type value {}
12:50:37.556 [main] DEBUG com.jayway.jsonpath.internal.path.CompiledPath -- Evaluating path: $
12:50:37.556 [main] DEBUG com.jayway.jsonpath.internal.JsonContext -- Put path $ key type value char
12:50:37.556 [main] DEBUG com.jayway.jsonpath.internal.path.CompiledPath -- Evaluating path: $['text']
12:50:37.556 [main] DEBUG com.jayway.jsonpath.internal.path.CompiledPath -- Evaluating path: $
12:50:37.556 [main] DEBUG com.jayway.jsonpath.internal.path.CompiledPath -- Evaluating path: $
12:50:37.556 [main] DEBUG com.jayway.jsonpath.internal.JsonContext -- Put path $ key text value {}
12:50:37.556 [main] DEBUG com.jayway.jsonpath.internal.path.CompiledPath -- Evaluating path: $
12:50:37.556 [main] DEBUG com.jayway.jsonpath.internal.JsonContext -- Put path $ key text value a
12:50:37.556 [main] DEBUG com.jayway.jsonpath.internal.path.CompiledPath -- Evaluating path: $['windowsVirtualKeyCode']
12:50:37.556 [main] DEBUG com.jayway.jsonpath.internal.path.CompiledPath -- Evaluating path: $
12:50:37.556 [main] DEBUG com.jayway.jsonpath.internal.path.CompiledPath -- Evaluating path: $
12:50:37.556 [main] DEBUG com.jayway.jsonpath.internal.JsonContext -- Put path $ key windowsVirtualKeyCode value {}
12:50:37.556 [main] DEBUG com.jayway.jsonpath.internal.path.CompiledPath -- Evaluating path: $
12:50:37.556 [main] DEBUG com.jayway.jsonpath.internal.JsonContext -- Put path $ key windowsVirtualKeyCode value 97
12:50:37.556 [main] DEBUG com.jayway.jsonpath.internal.path.CompiledPath -- Evaluating path: $
12:50:37.556 [main] DEBUG com.intuit.karate.driver.chrome_1718781634841 -- >> {"id":25,"sessionId":"100CDC760D17220B271422C858A4FE9E","method":"Input.dispatchKeyEvent","params":{"modifiers":0,"type":"char","text":"a","windowsVirtualKeyCode":97}}
12:50:37.565 [nioEventLoopGroup-2-1] DEBUG com.intuit.karate.driver.chrome_1718781634841 -- << {"id":25,"result":{},"sessionId":"100CDC760D17220B271422C858A4FE9E"}
12:50:37.565 [nioEventLoopGroup-2-1] DEBUG com.jayway.jsonpath.internal.path.CompiledPath -- Evaluating path: $
12:50:37.565 [main] DEBUG com.jayway.jsonpath.internal.path.CompiledPath -- Evaluating path: $['modifiers']
12:50:37.565 [main] DEBUG com.jayway.jsonpath.internal.path.CompiledPath -- Evaluating path: $
12:50:37.565 [main] DEBUG com.jayway.jsonpath.internal.path.CompiledPath -- Evaluating path: $
12:50:37.565 [main] DEBUG com.jayway.jsonpath.internal.JsonContext -- Put path $ key modifiers value {}
12:50:37.565 [main] DEBUG com.jayway.jsonpath.internal.path.CompiledPath -- Evaluating path: $
12:50:37.565 [main] DEBUG com.jayway.jsonpath.internal.JsonContext -- Put path $ key modifiers value 0
12:50:37.565 [main] DEBUG com.jayway.jsonpath.internal.path.CompiledPath -- Evaluating path: $['type']
12:50:37.565 [main] DEBUG com.jayway.jsonpath.internal.path.CompiledPath -- Evaluating path: $
12:50:37.565 [main] DEBUG com.jayway.jsonpath.internal.path.CompiledPath -- Evaluating path: $
12:50:37.565 [main] DEBUG com.jayway.jsonpath.internal.JsonContext -- Put path $ key type value {}
12:50:37.565 [main] DEBUG com.jayway.jsonpath.internal.path.CompiledPath -- Evaluating path: $
12:50:37.565 [main] DEBUG com.jayway.jsonpath.internal.JsonContext -- Put path $ key type value keyUp
12:50:37.565 [main] DEBUG com.jayway.jsonpath.internal.path.CompiledPath -- Evaluating path: $['text']
12:50:37.565 [main] DEBUG com.jayway.jsonpath.internal.path.CompiledPath -- Evaluating path: $
12:50:37.565 [main] DEBUG com.jayway.jsonpath.internal.path.CompiledPath -- Evaluating path: $
12:50:37.565 [main] DEBUG com.jayway.jsonpath.internal.JsonContext -- Put path $ key text value {}
12:50:37.565 [main] DEBUG com.jayway.jsonpath.internal.path.CompiledPath -- Evaluating path: $
12:50:37.565 [main] DEBUG com.jayway.jsonpath.internal.JsonContext -- Put path $ key text value a
12:50:37.565 [main] DEBUG com.jayway.jsonpath.internal.path.CompiledPath -- Evaluating path: $['windowsVirtualKeyCode']
12:50:37.565 [main] DEBUG com.jayway.jsonpath.internal.path.CompiledPath -- Evaluating path: $
12:50:37.565 [main] DEBUG com.jayway.jsonpath.internal.path.CompiledPath -- Evaluating path: $
12:50:37.565 [main] DEBUG com.jayway.jsonpath.internal.JsonContext -- Put path $ key windowsVirtualKeyCode value {}
12:50:37.565 [main] DEBUG com.jayway.jsonpath.internal.path.CompiledPath -- Evaluating path: $
12:50:37.565 [main] DEBUG com.jayway.jsonpath.internal.JsonContext -- Put path $ key windowsVirtualKeyCode value 97
12:50:37.565 [main] DEBUG com.jayway.jsonpath.internal.path.CompiledPath -- Evaluating path: $
12:50:37.565 [main] DEBUG com.intuit.karate.driver.chrome_1718781634841 -- >> {"id":26,"sessionId":"100CDC760D17220B271422C858A4FE9E","method":"Input.dispatchKeyEvent","params":{"modifiers":0,"type":"keyUp","text":"a","windowsVirtualKeyCode":97}}
12:50:37.572 [nioEventLoopGroup-2-1] DEBUG com.intuit.karate.driver.chrome_1718781634841 -- << {"id":26,"result":{},"sessionId":"100CDC760D17220B271422C858A4FE9E"}
12:50:37.572 [nioEventLoopGroup-2-1] DEBUG com.jayway.jsonpath.internal.path.CompiledPath -- Evaluating path: $
12:50:37.572 [main] DEBUG com.jayway.jsonpath.internal.path.CompiledPath -- Evaluating path: $['modifiers']
12:50:37.572 [main] DEBUG com.jayway.jsonpath.internal.path.CompiledPath -- Evaluating path: $
12:50:37.572 [main] DEBUG com.jayway.jsonpath.internal.path.CompiledPath -- Evaluating path: $
12:50:37.572 [main] DEBUG com.jayway.jsonpath.internal.JsonContext -- Put path $ key modifiers value {}
12:50:37.572 [main] DEBUG com.jayway.jsonpath.internal.path.CompiledPath -- Evaluating path: $
12:50:37.572 [main] DEBUG com.jayway.jsonpath.internal.JsonContext -- Put path $ key modifiers value 0
12:50:37.572 [main] DEBUG com.jayway.jsonpath.internal.path.CompiledPath -- Evaluating path: $['type']
12:50:37.572 [main] DEBUG com.jayway.jsonpath.internal.path.CompiledPath -- Evaluating path: $
12:50:37.572 [main] DEBUG com.jayway.jsonpath.internal.path.CompiledPath -- Evaluating path: $
12:50:37.572 [main] DEBUG com.jayway.jsonpath.internal.JsonContext -- Put path $ key type value {}
12:50:37.572 [main] DEBUG com.jayway.jsonpath.internal.path.CompiledPath -- Evaluating path: $
12:50:37.572 [main] DEBUG com.jayway.jsonpath.internal.JsonContext -- Put path $ key type value rawKeyDown
12:50:37.572 [main] DEBUG com.jayway.jsonpath.internal.path.CompiledPath -- Evaluating path: $['text']
12:50:37.572 [main] DEBUG com.jayway.jsonpath.internal.path.CompiledPath -- Evaluating path: $
12:50:37.572 [main] DEBUG com.jayway.jsonpath.internal.path.CompiledPath -- Evaluating path: $
12:50:37.572 [main] DEBUG com.jayway.jsonpath.internal.JsonContext -- Put path $ key text value {}
12:50:37.572 [main] DEBUG com.jayway.jsonpath.internal.path.CompiledPath -- Evaluating path: $
12:50:37.572 [main] DEBUG com.jayway.jsonpath.internal.JsonContext -- Put path $ key text value r
12:50:37.572 [main] DEBUG com.jayway.jsonpath.internal.path.CompiledPath -- Evaluating path: $['windowsVirtualKeyCode']
12:50:37.572 [main] DEBUG com.jayway.jsonpath.internal.path.CompiledPath -- Evaluating path: $
12:50:37.572 [main] DEBUG com.jayway.jsonpath.internal.path.CompiledPath -- Evaluating path: $
12:50:37.572 [main] DEBUG com.jayway.jsonpath.internal.JsonContext -- Put path $ key windowsVirtualKeyCode value {}
12:50:37.572 [main] DEBUG com.jayway.jsonpath.internal.path.CompiledPath -- Evaluating path: $
12:50:37.572 [main] DEBUG com.jayway.jsonpath.internal.JsonContext -- Put path $ key windowsVirtualKeyCode value 114
12:50:37.572 [main] DEBUG com.jayway.jsonpath.internal.path.CompiledPath -- Evaluating path: $
12:50:37.572 [main] DEBUG com.intuit.karate.driver.chrome_1718781634841 -- >> {"id":27,"sessionId":"100CDC760D17220B271422C858A4FE9E","method":"Input.dispatchKeyEvent","params":{"modifiers":0,"type":"rawKeyDown","text":"r","windowsVirtualKeyCode":114}}
12:50:37.577 [nioEventLoopGroup-2-1] DEBUG com.intuit.karate.driver.chrome_1718781634841 -- << {"id":27,"result":{},"sessionId":"100CDC760D17220B271422C858A4FE9E"}
12:50:37.577 [nioEventLoopGroup-2-1] DEBUG com.jayway.jsonpath.internal.path.CompiledPath -- Evaluating path: $
12:50:37.581 [main] DEBUG com.jayway.jsonpath.internal.path.CompiledPath -- Evaluating path: $['modifiers']
12:50:37.581 [main] DEBUG com.jayway.jsonpath.internal.path.CompiledPath -- Evaluating path: $
12:50:37.581 [main] DEBUG com.jayway.jsonpath.internal.path.CompiledPath -- Evaluating path: $
12:50:37.581 [main] DEBUG com.jayway.jsonpath.internal.JsonContext -- Put path $ key modifiers value {}
12:50:37.581 [main] DEBUG com.jayway.jsonpath.internal.path.CompiledPath -- Evaluating path: $
12:50:37.581 [main] DEBUG com.jayway.jsonpath.internal.JsonContext -- Put path $ key modifiers value 0
12:50:37.581 [main] DEBUG com.jayway.jsonpath.internal.path.CompiledPath -- Evaluating path: $['type']
12:50:37.581 [main] DEBUG com.jayway.jsonpath.internal.path.CompiledPath -- Evaluating path: $
12:50:37.581 [main] DEBUG com.jayway.jsonpath.internal.path.CompiledPath -- Evaluating path: $
12:50:37.581 [main] DEBUG com.jayway.jsonpath.internal.JsonContext -- Put path $ key type value {}
12:50:37.581 [main] DEBUG com.jayway.jsonpath.internal.path.CompiledPath -- Evaluating path: $
12:50:37.581 [main] DEBUG com.jayway.jsonpath.internal.JsonContext -- Put path $ key type value char
12:50:37.581 [main] DEBUG com.jayway.jsonpath.internal.path.CompiledPath -- Evaluating path: $['text']
12:50:37.581 [main] DEBUG com.jayway.jsonpath.internal.path.CompiledPath -- Evaluating path: $
12:50:37.581 [main] DEBUG com.jayway.jsonpath.internal.path.CompiledPath -- Evaluating path: $
12:50:37.581 [main] DEBUG com.jayway.jsonpath.internal.JsonContext -- Put path $ key text value {}
12:50:37.581 [main] DEBUG com.jayway.jsonpath.internal.path.CompiledPath -- Evaluating path: $
12:50:37.581 [main] DEBUG com.jayway.jsonpath.internal.JsonContext -- Put path $ key text value r
12:50:37.581 [main] DEBUG com.jayway.jsonpath.internal.path.CompiledPath -- Evaluating path: $['windowsVirtualKeyCode']
12:50:37.581 [main] DEBUG com.jayway.jsonpath.internal.path.CompiledPath -- Evaluating path: $
12:50:37.581 [main] DEBUG com.jayway.jsonpath.internal.path.CompiledPath -- Evaluating path: $
12:50:37.581 [main] DEBUG com.jayway.jsonpath.internal.JsonContext -- Put path $ key windowsVirtualKeyCode value {}
12:50:37.581 [main] DEBUG com.jayway.jsonpath.internal.path.CompiledPath -- Evaluating path: $
12:50:37.581 [main] DEBUG com.jayway.jsonpath.internal.JsonContext -- Put path $ key windowsVirtualKeyCode value 114
12:50:37.581 [main] DEBUG com.jayway.jsonpath.internal.path.CompiledPath -- Evaluating path: $
12:50:37.584 [main] DEBUG com.intuit.karate.driver.chrome_1718781634841 -- >> {"id":28,"sessionId":"100CDC760D17220B271422C858A4FE9E","method":"Input.dispatchKeyEvent","params":{"modifiers":0,"type":"char","text":"r","windowsVirtualKeyCode":114}}
12:50:37.587 [nioEventLoopGroup-2-1] DEBUG com.intuit.karate.driver.chrome_1718781634841 -- << {"id":28,"result":{},"sessionId":"100CDC760D17220B271422C858A4FE9E"}
12:50:37.587 [nioEventLoopGroup-2-1] DEBUG com.jayway.jsonpath.internal.path.CompiledPath -- Evaluating path: $
12:50:37.587 [main] DEBUG com.jayway.jsonpath.internal.path.CompiledPath -- Evaluating path: $['modifiers']
12:50:37.587 [main] DEBUG com.jayway.jsonpath.internal.path.CompiledPath -- Evaluating path: $
12:50:37.587 [main] DEBUG com.jayway.jsonpath.internal.path.CompiledPath -- Evaluating path: $
12:50:37.587 [main] DEBUG com.jayway.jsonpath.internal.JsonContext -- Put path $ key modifiers value {}
12:50:37.587 [main] DEBUG com.jayway.jsonpath.internal.path.CompiledPath -- Evaluating path: $
12:50:37.587 [main] DEBUG com.jayway.jsonpath.internal.JsonContext -- Put path $ key modifiers value 0
12:50:37.587 [main] DEBUG com.jayway.jsonpath.internal.path.CompiledPath -- Evaluating path: $['type']
12:50:37.587 [main] DEBUG com.jayway.jsonpath.internal.path.CompiledPath -- Evaluating path: $
12:50:37.587 [main] DEBUG com.jayway.jsonpath.internal.path.CompiledPath -- Evaluating path: $
12:50:37.587 [main] DEBUG com.jayway.jsonpath.internal.JsonContext -- Put path $ key type value {}
12:50:37.587 [main] DEBUG com.jayway.jsonpath.internal.path.CompiledPath -- Evaluating path: $
12:50:37.587 [main] DEBUG com.jayway.jsonpath.internal.JsonContext -- Put path $ key type value keyUp
12:50:37.587 [main] DEBUG com.jayway.jsonpath.internal.path.CompiledPath -- Evaluating path: $['text']
12:50:37.587 [main] DEBUG com.jayway.jsonpath.internal.path.CompiledPath -- Evaluating path: $
12:50:37.587 [main] DEBUG com.jayway.jsonpath.internal.path.CompiledPath -- Evaluating path: $
12:50:37.587 [main] DEBUG com.jayway.jsonpath.internal.JsonContext -- Put path $ key text value {}
12:50:37.587 [main] DEBUG com.jayway.jsonpath.internal.path.CompiledPath -- Evaluating path: $
12:50:37.587 [main] DEBUG com.jayway.jsonpath.internal.JsonContext -- Put path $ key text value r
12:50:37.587 [main] DEBUG com.jayway.jsonpath.internal.path.CompiledPath -- Evaluating path: $['windowsVirtualKeyCode']
12:50:37.587 [main] DEBUG com.jayway.jsonpath.internal.path.CompiledPath -- Evaluating path: $
12:50:37.587 [main] DEBUG com.jayway.jsonpath.internal.path.CompiledPath -- Evaluating path: $
12:50:37.587 [main] DEBUG com.jayway.jsonpath.internal.JsonContext -- Put path $ key windowsVirtualKeyCode value {}
12:50:37.587 [main] DEBUG com.jayway.jsonpath.internal.path.CompiledPath -- Evaluating path: $
12:50:37.587 [main] DEBUG com.jayway.jsonpath.internal.JsonContext -- Put path $ key windowsVirtualKeyCode value 114
12:50:37.587 [main] DEBUG com.jayway.jsonpath.internal.path.CompiledPath -- Evaluating path: $
12:50:37.587 [main] DEBUG com.intuit.karate.driver.chrome_1718781634841 -- >> {"id":29,"sessionId":"100CDC760D17220B271422C858A4FE9E","method":"Input.dispatchKeyEvent","params":{"modifiers":0,"type":"keyUp","text":"r","windowsVirtualKeyCode":114}}
12:50:37.594 [nioEventLoopGroup-2-1] DEBUG com.intuit.karate.driver.chrome_1718781634841 -- << {"id":29,"result":{},"sessionId":"100CDC760D17220B271422C858A4FE9E"}
12:50:37.594 [nioEventLoopGroup-2-1] DEBUG com.jayway.jsonpath.internal.path.CompiledPath -- Evaluating path: $
12:50:37.594 [main] DEBUG com.jayway.jsonpath.internal.path.CompiledPath -- Evaluating path: $['modifiers']
12:50:37.594 [main] DEBUG com.jayway.jsonpath.internal.path.CompiledPath -- Evaluating path: $
12:50:37.594 [main] DEBUG com.jayway.jsonpath.internal.path.CompiledPath -- Evaluating path: $
12:50:37.594 [main] DEBUG com.jayway.jsonpath.internal.JsonContext -- Put path $ key modifiers value {}
12:50:37.594 [main] DEBUG com.jayway.jsonpath.internal.path.CompiledPath -- Evaluating path: $
12:50:37.594 [main] DEBUG com.jayway.jsonpath.internal.JsonContext -- Put path $ key modifiers value 0
12:50:37.594 [main] DEBUG com.jayway.jsonpath.internal.path.CompiledPath -- Evaluating path: $['type']
12:50:37.594 [main] DEBUG com.jayway.jsonpath.internal.path.CompiledPath -- Evaluating path: $
12:50:37.594 [main] DEBUG com.jayway.jsonpath.internal.path.CompiledPath -- Evaluating path: $
12:50:37.594 [main] DEBUG com.jayway.jsonpath.internal.JsonContext -- Put path $ key type value {}
12:50:37.594 [main] DEBUG com.jayway.jsonpath.internal.path.CompiledPath -- Evaluating path: $
12:50:37.594 [main] DEBUG com.jayway.jsonpath.internal.JsonContext -- Put path $ key type value rawKeyDown
12:50:37.594 [main] DEBUG com.jayway.jsonpath.internal.path.CompiledPath -- Evaluating path: $['text']
12:50:37.594 [main] DEBUG com.jayway.jsonpath.internal.path.CompiledPath -- Evaluating path: $
12:50:37.594 [main] DEBUG com.jayway.jsonpath.internal.path.CompiledPath -- Evaluating path: $
12:50:37.594 [main] DEBUG com.jayway.jsonpath.internal.JsonContext -- Put path $ key text value {}
12:50:37.594 [main] DEBUG com.jayway.jsonpath.internal.path.CompiledPath -- Evaluating path: $
12:50:37.594 [main] DEBUG com.jayway.jsonpath.internal.JsonContext -- Put path $ key text value d
12:50:37.594 [main] DEBUG com.jayway.jsonpath.internal.path.CompiledPath -- Evaluating path: $['windowsVirtualKeyCode']
12:50:37.594 [main] DEBUG com.jayway.jsonpath.internal.path.CompiledPath -- Evaluating path: $
12:50:37.594 [main] DEBUG com.jayway.jsonpath.internal.path.CompiledPath -- Evaluating path: $
12:50:37.594 [main] DEBUG com.jayway.jsonpath.internal.JsonContext -- Put path $ key windowsVirtualKeyCode value {}
12:50:37.594 [main] DEBUG com.jayway.jsonpath.internal.path.CompiledPath -- Evaluating path: $
12:50:37.594 [main] DEBUG com.jayway.jsonpath.internal.JsonContext -- Put path $ key windowsVirtualKeyCode value 100
12:50:37.594 [main] DEBUG com.jayway.jsonpath.internal.path.CompiledPath -- Evaluating path: $
12:50:37.594 [main] DEBUG com.intuit.karate.driver.chrome_1718781634841 -- >> {"id":30,"sessionId":"100CDC760D17220B271422C858A4FE9E","method":"Input.dispatchKeyEvent","params":{"modifiers":0,"type":"rawKeyDown","text":"d","windowsVirtualKeyCode":100}}
12:50:37.598 [nioEventLoopGroup-2-1] DEBUG com.intuit.karate.driver.chrome_1718781634841 -- << {"id":30,"result":{},"sessionId":"100CDC760D17220B271422C858A4FE9E"}
12:50:37.598 [nioEventLoopGroup-2-1] DEBUG com.jayway.jsonpath.internal.path.CompiledPath -- Evaluating path: $
12:50:37.598 [main] DEBUG com.jayway.jsonpath.internal.path.CompiledPath -- Evaluating path: $['modifiers']
12:50:37.598 [main] DEBUG com.jayway.jsonpath.internal.path.CompiledPath -- Evaluating path: $
12:50:37.598 [main] DEBUG com.jayway.jsonpath.internal.path.CompiledPath -- Evaluating path: $
12:50:37.598 [main] DEBUG com.jayway.jsonpath.internal.JsonContext -- Put path $ key modifiers value {}
12:50:37.598 [main] DEBUG com.jayway.jsonpath.internal.path.CompiledPath -- Evaluating path: $
12:50:37.598 [main] DEBUG com.jayway.jsonpath.internal.JsonContext -- Put path $ key modifiers value 0
12:50:37.598 [main] DEBUG com.jayway.jsonpath.internal.path.CompiledPath -- Evaluating path: $['type']
12:50:37.598 [main] DEBUG com.jayway.jsonpath.internal.path.CompiledPath -- Evaluating path: $
12:50:37.598 [main] DEBUG com.jayway.jsonpath.internal.path.CompiledPath -- Evaluating path: $
12:50:37.598 [main] DEBUG com.jayway.jsonpath.internal.JsonContext -- Put path $ key type value {}
12:50:37.598 [main] DEBUG com.jayway.jsonpath.internal.path.CompiledPath -- Evaluating path: $
12:50:37.598 [main] DEBUG com.jayway.jsonpath.internal.JsonContext -- Put path $ key type value char
12:50:37.598 [main] DEBUG com.jayway.jsonpath.internal.path.CompiledPath -- Evaluating path: $['text']
12:50:37.598 [main] DEBUG com.jayway.jsonpath.internal.path.CompiledPath -- Evaluating path: $
12:50:37.598 [main] DEBUG com.jayway.jsonpath.internal.path.CompiledPath -- Evaluating path: $
12:50:37.598 [main] DEBUG com.jayway.jsonpath.internal.JsonContext -- Put path $ key text value {}
12:50:37.598 [main] DEBUG com.jayway.jsonpath.internal.path.CompiledPath -- Evaluating path: $
12:50:37.598 [main] DEBUG com.jayway.jsonpath.internal.JsonContext -- Put path $ key text value d
12:50:37.598 [main] DEBUG com.jayway.jsonpath.internal.path.CompiledPath -- Evaluating path: $['windowsVirtualKeyCode']
12:50:37.598 [main] DEBUG com.jayway.jsonpath.internal.path.CompiledPath -- Evaluating path: $
12:50:37.598 [main] DEBUG com.jayway.jsonpath.internal.path.CompiledPath -- Evaluating path: $
12:50:37.598 [main] DEBUG com.jayway.jsonpath.internal.JsonContext -- Put path $ key windowsVirtualKeyCode value {}
12:50:37.598 [main] DEBUG com.jayway.jsonpath.internal.path.CompiledPath -- Evaluating path: $
12:50:37.598 [main] DEBUG com.jayway.jsonpath.internal.JsonContext -- Put path $ key windowsVirtualKeyCode value 100
12:50:37.598 [main] DEBUG com.jayway.jsonpath.internal.path.CompiledPath -- Evaluating path: $
12:50:37.598 [main] DEBUG com.intuit.karate.driver.chrome_1718781634841 -- >> {"id":31,"sessionId":"100CDC760D17220B271422C858A4FE9E","method":"Input.dispatchKeyEvent","params":{"modifiers":0,"type":"char","text":"d","windowsVirtualKeyCode":100}}
12:50:37.609 [nioEventLoopGroup-2-1] DEBUG com.intuit.karate.driver.chrome_1718781634841 -- << {"id":31,"result":{},"sessionId":"100CDC760D17220B271422C858A4FE9E"}
12:50:37.609 [nioEventLoopGroup-2-1] DEBUG com.jayway.jsonpath.internal.path.CompiledPath -- Evaluating path: $
12:50:37.610 [main] DEBUG com.jayway.jsonpath.internal.path.CompiledPath -- Evaluating path: $['modifiers']
12:50:37.610 [main] DEBUG com.jayway.jsonpath.internal.path.CompiledPath -- Evaluating path: $
12:50:37.610 [main] DEBUG com.jayway.jsonpath.internal.path.CompiledPath -- Evaluating path: $
12:50:37.610 [main] DEBUG com.jayway.jsonpath.internal.JsonContext -- Put path $ key modifiers value {}
12:50:37.610 [main] DEBUG com.jayway.jsonpath.internal.path.CompiledPath -- Evaluating path: $
12:50:37.610 [main] DEBUG com.jayway.jsonpath.internal.JsonContext -- Put path $ key modifiers value 0
12:50:37.610 [main] DEBUG com.jayway.jsonpath.internal.path.CompiledPath -- Evaluating path: $['type']
12:50:37.610 [main] DEBUG com.jayway.jsonpath.internal.path.CompiledPath -- Evaluating path: $
12:50:37.610 [main] DEBUG com.jayway.jsonpath.internal.path.CompiledPath -- Evaluating path: $
12:50:37.610 [main] DEBUG com.jayway.jsonpath.internal.JsonContext -- Put path $ key type value {}
12:50:37.610 [main] DEBUG com.jayway.jsonpath.internal.path.CompiledPath -- Evaluating path: $
12:50:37.610 [main] DEBUG com.jayway.jsonpath.internal.JsonContext -- Put path $ key type value keyUp
12:50:37.610 [main] DEBUG com.jayway.jsonpath.internal.path.CompiledPath -- Evaluating path: $['text']
12:50:37.610 [main] DEBUG com.jayway.jsonpath.internal.path.CompiledPath -- Evaluating path: $
12:50:37.610 [main] DEBUG com.jayway.jsonpath.internal.path.CompiledPath -- Evaluating path: $
12:50:37.610 [main] DEBUG com.jayway.jsonpath.internal.JsonContext -- Put path $ key text value {}
12:50:37.610 [main] DEBUG com.jayway.jsonpath.internal.path.CompiledPath -- Evaluating path: $
12:50:37.610 [main] DEBUG com.jayway.jsonpath.internal.JsonContext -- Put path $ key text value d
12:50:37.610 [main] DEBUG com.jayway.jsonpath.internal.path.CompiledPath -- Evaluating path: $['windowsVirtualKeyCode']
12:50:37.610 [main] DEBUG com.jayway.jsonpath.internal.path.CompiledPath -- Evaluating path: $
12:50:37.610 [main] DEBUG com.jayway.jsonpath.internal.path.CompiledPath -- Evaluating path: $
12:50:37.610 [main] DEBUG com.jayway.jsonpath.internal.JsonContext -- Put path $ key windowsVirtualKeyCode value {}
12:50:37.610 [main] DEBUG com.jayway.jsonpath.internal.path.CompiledPath -- Evaluating path: $
12:50:37.610 [main] DEBUG com.jayway.jsonpath.internal.JsonContext -- Put path $ key windowsVirtualKeyCode value 100
12:50:37.610 [main] DEBUG com.jayway.jsonpath.internal.path.CompiledPath -- Evaluating path: $
12:50:37.610 [main] DEBUG com.intuit.karate.driver.chrome_1718781634841 -- >> {"id":32,"sessionId":"100CDC760D17220B271422C858A4FE9E","method":"Input.dispatchKeyEvent","params":{"modifiers":0,"type":"keyUp","text":"d","windowsVirtualKeyCode":100}}
12:50:37.610 [nioEventLoopGroup-2-1] DEBUG com.intuit.karate.driver.chrome_1718781634841 -- << {"method":"Target.targetDestroyed","params":{"targetId":"0D0B05C7C11BE75860AA03F99B928F0E"},"sessionId":"100CDC760D17220B271422C858A4FE9E"}
12:50:37.610 [nioEventLoopGroup-2-1] DEBUG com.jayway.jsonpath.internal.path.CompiledPath -- Evaluating path: $
12:50:37.615 [nioEventLoopGroup-2-1] DEBUG com.intuit.karate.driver.chrome_1718781634841 -- << {"id":32,"result":{},"sessionId":"100CDC760D17220B271422C858A4FE9E"}
12:50:37.615 [nioEventLoopGroup-2-1] DEBUG com.jayway.jsonpath.internal.path.CompiledPath -- Evaluating path: $
12:50:37.615 [main] DEBUG com.jayway.jsonpath.internal.path.CompiledPath -- Evaluating path: $['modifiers']
12:50:37.615 [main] DEBUG com.jayway.jsonpath.internal.path.CompiledPath -- Evaluating path: $
12:50:37.615 [main] DEBUG com.jayway.jsonpath.internal.path.CompiledPath -- Evaluating path: $
12:50:37.615 [main] DEBUG com.jayway.jsonpath.internal.JsonContext -- Put path $ key modifiers value {}
12:50:37.615 [main] DEBUG com.jayway.jsonpath.internal.path.CompiledPath -- Evaluating path: $
12:50:37.615 [main] DEBUG com.jayway.jsonpath.internal.JsonContext -- Put path $ key modifiers value 0
12:50:37.615 [main] DEBUG com.jayway.jsonpath.internal.path.CompiledPath -- Evaluating path: $['type']
12:50:37.615 [main] DEBUG com.jayway.jsonpath.internal.path.CompiledPath -- Evaluating path: $
12:50:37.615 [main] DEBUG com.jayway.jsonpath.internal.path.CompiledPath -- Evaluating path: $
12:50:37.615 [main] DEBUG com.jayway.jsonpath.internal.JsonContext -- Put path $ key type value {}
12:50:37.615 [main] DEBUG com.jayway.jsonpath.internal.path.CompiledPath -- Evaluating path: $
12:50:37.615 [main] DEBUG com.jayway.jsonpath.internal.JsonContext -- Put path $ key type value rawKeyDown
12:50:37.615 [main] DEBUG com.jayway.jsonpath.internal.path.CompiledPath -- Evaluating path: $['text']
12:50:37.615 [main] DEBUG com.jayway.jsonpath.internal.path.CompiledPath -- Evaluating path: $
12:50:37.615 [main] DEBUG com.jayway.jsonpath.internal.path.CompiledPath -- Evaluating path: $
12:50:37.615 [main] DEBUG com.jayway.jsonpath.internal.JsonContext -- Put path $ key text value {}
12:50:37.615 [main] DEBUG com.jayway.jsonpath.internal.path.CompiledPath -- Evaluating path: $
12:50:37.615 [main] DEBUG com.jayway.jsonpath.internal.JsonContext -- Put path $ key text value _
12:50:37.615 [main] DEBUG com.jayway.jsonpath.internal.path.CompiledPath -- Evaluating path: $['windowsVirtualKeyCode']
12:50:37.615 [main] DEBUG com.jayway.jsonpath.internal.path.CompiledPath -- Evaluating path: $
12:50:37.615 [main] DEBUG com.jayway.jsonpath.internal.path.CompiledPath -- Evaluating path: $
12:50:37.615 [main] DEBUG com.jayway.jsonpath.internal.JsonContext -- Put path $ key windowsVirtualKeyCode value {}
12:50:37.615 [main] DEBUG com.jayway.jsonpath.internal.path.CompiledPath -- Evaluating path: $
12:50:37.615 [main] DEBUG com.jayway.jsonpath.internal.JsonContext -- Put path $ key windowsVirtualKeyCode value 523
12:50:37.615 [main] DEBUG com.jayway.jsonpath.internal.path.CompiledPath -- Evaluating path: $
12:50:37.615 [main] DEBUG com.intuit.karate.driver.chrome_1718781634841 -- >> {"id":33,"sessionId":"100CDC760D17220B271422C858A4FE9E","method":"Input.dispatchKeyEvent","params":{"modifiers":0,"type":"rawKeyDown","text":"_","windowsVirtualKeyCode":523}}
12:50:37.615 [nioEventLoopGroup-2-1] DEBUG com.intuit.karate.driver.chrome_1718781634841 -- << {"id":33,"result":{},"sessionId":"100CDC760D17220B271422C858A4FE9E"}
12:50:37.615 [nioEventLoopGroup-2-1] DEBUG com.jayway.jsonpath.internal.path.CompiledPath -- Evaluating path: $
12:50:37.615 [main] DEBUG com.jayway.jsonpath.internal.path.CompiledPath -- Evaluating path: $['modifiers']
12:50:37.615 [main] DEBUG com.jayway.jsonpath.internal.path.CompiledPath -- Evaluating path: $
12:50:37.615 [main] DEBUG com.jayway.jsonpath.internal.path.CompiledPath -- Evaluating path: $
12:50:37.615 [main] DEBUG com.jayway.jsonpath.internal.JsonContext -- Put path $ key modifiers value {}
12:50:37.615 [main] DEBUG com.jayway.jsonpath.internal.path.CompiledPath -- Evaluating path: $
12:50:37.615 [main] DEBUG com.jayway.jsonpath.internal.JsonContext -- Put path $ key modifiers value 0
12:50:37.615 [main] DEBUG com.jayway.jsonpath.internal.path.CompiledPath -- Evaluating path: $['type']
12:50:37.615 [main] DEBUG com.jayway.jsonpath.internal.path.CompiledPath -- Evaluating path: $
12:50:37.615 [main] DEBUG com.jayway.jsonpath.internal.path.CompiledPath -- Evaluating path: $
12:50:37.615 [main] DEBUG com.jayway.jsonpath.internal.JsonContext -- Put path $ key type value {}
12:50:37.615 [main] DEBUG com.jayway.jsonpath.internal.path.CompiledPath -- Evaluating path: $
12:50:37.615 [main] DEBUG com.jayway.jsonpath.internal.JsonContext -- Put path $ key type value char
12:50:37.615 [main] DEBUG com.jayway.jsonpath.internal.path.CompiledPath -- Evaluating path: $['text']
12:50:37.615 [main] DEBUG com.jayway.jsonpath.internal.path.CompiledPath -- Evaluating path: $
12:50:37.615 [main] DEBUG com.jayway.jsonpath.internal.path.CompiledPath -- Evaluating path: $
12:50:37.615 [main] DEBUG com.jayway.jsonpath.internal.JsonContext -- Put path $ key text value {}
12:50:37.615 [main] DEBUG com.jayway.jsonpath.internal.path.CompiledPath -- Evaluating path: $
12:50:37.615 [main] DEBUG com.jayway.jsonpath.internal.JsonContext -- Put path $ key text value _
12:50:37.615 [main] DEBUG com.jayway.jsonpath.internal.path.CompiledPath -- Evaluating path: $['windowsVirtualKeyCode']
12:50:37.623 [main] DEBUG com.jayway.jsonpath.internal.path.CompiledPath -- Evaluating path: $
12:50:37.623 [main] DEBUG com.jayway.jsonpath.internal.path.CompiledPath -- Evaluating path: $
12:50:37.623 [main] DEBUG com.jayway.jsonpath.internal.JsonContext -- Put path $ key windowsVirtualKeyCode value {}
12:50:37.623 [main] DEBUG com.jayway.jsonpath.internal.path.CompiledPath -- Evaluating path: $
12:50:37.623 [main] DEBUG com.jayway.jsonpath.internal.JsonContext -- Put path $ key windowsVirtualKeyCode value 523
12:50:37.623 [main] DEBUG com.jayway.jsonpath.internal.path.CompiledPath -- Evaluating path: $
12:50:37.623 [main] DEBUG com.intuit.karate.driver.chrome_1718781634841 -- >> {"id":34,"sessionId":"100CDC760D17220B271422C858A4FE9E","method":"Input.dispatchKeyEvent","params":{"modifiers":0,"type":"char","text":"_","windowsVirtualKeyCode":523}}
12:50:37.629 [nioEventLoopGroup-2-1] DEBUG com.intuit.karate.driver.chrome_1718781634841 -- << {"id":34,"result":{},"sessionId":"100CDC760D17220B271422C858A4FE9E"}
12:50:37.630 [nioEventLoopGroup-2-1] DEBUG com.jayway.jsonpath.internal.path.CompiledPath -- Evaluating path: $
12:50:37.630 [main] DEBUG com.jayway.jsonpath.internal.path.CompiledPath -- Evaluating path: $['modifiers']
12:50:37.630 [main] DEBUG com.jayway.jsonpath.internal.path.CompiledPath -- Evaluating path: $
12:50:37.630 [main] DEBUG com.jayway.jsonpath.internal.path.CompiledPath -- Evaluating path: $
12:50:37.630 [main] DEBUG com.jayway.jsonpath.internal.JsonContext -- Put path $ key modifiers value {}
12:50:37.630 [main] DEBUG com.jayway.jsonpath.internal.path.CompiledPath -- Evaluating path: $
12:50:37.630 [main] DEBUG com.jayway.jsonpath.internal.JsonContext -- Put path $ key modifiers value 0
12:50:37.632 [main] DEBUG com.jayway.jsonpath.internal.path.CompiledPath -- Evaluating path: $['type']
12:50:37.632 [main] DEBUG com.jayway.jsonpath.internal.path.CompiledPath -- Evaluating path: $
12:50:37.632 [main] DEBUG com.jayway.jsonpath.internal.path.CompiledPath -- Evaluating path: $
12:50:37.632 [main] DEBUG com.jayway.jsonpath.internal.JsonContext -- Put path $ key type value {}
12:50:37.632 [main] DEBUG com.jayway.jsonpath.internal.path.CompiledPath -- Evaluating path: $
12:50:37.632 [main] DEBUG com.jayway.jsonpath.internal.JsonContext -- Put path $ key type value keyUp
12:50:37.632 [main] DEBUG com.jayway.jsonpath.internal.path.CompiledPath -- Evaluating path: $['text']
12:50:37.632 [main] DEBUG com.jayway.jsonpath.internal.path.CompiledPath -- Evaluating path: $
12:50:37.632 [main] DEBUG com.jayway.jsonpath.internal.path.CompiledPath -- Evaluating path: $
12:50:37.632 [main] DEBUG com.jayway.jsonpath.internal.JsonContext -- Put path $ key text value {}
12:50:37.632 [main] DEBUG com.jayway.jsonpath.internal.path.CompiledPath -- Evaluating path: $
12:50:37.632 [main] DEBUG com.jayway.jsonpath.internal.JsonContext -- Put path $ key text value _
12:50:37.632 [main] DEBUG com.jayway.jsonpath.internal.path.CompiledPath -- Evaluating path: $['windowsVirtualKeyCode']
12:50:37.632 [main] DEBUG com.jayway.jsonpath.internal.path.CompiledPath -- Evaluating path: $
12:50:37.632 [main] DEBUG com.jayway.jsonpath.internal.path.CompiledPath -- Evaluating path: $
12:50:37.632 [main] DEBUG com.jayway.jsonpath.internal.JsonContext -- Put path $ key windowsVirtualKeyCode value {}
12:50:37.632 [main] DEBUG com.jayway.jsonpath.internal.path.CompiledPath -- Evaluating path: $
12:50:37.632 [main] DEBUG com.jayway.jsonpath.internal.JsonContext -- Put path $ key windowsVirtualKeyCode value 523
12:50:37.632 [main] DEBUG com.jayway.jsonpath.internal.path.CompiledPath -- Evaluating path: $
12:50:37.632 [main] DEBUG com.intuit.karate.driver.chrome_1718781634841 -- >> {"id":35,"sessionId":"100CDC760D17220B271422C858A4FE9E","method":"Input.dispatchKeyEvent","params":{"modifiers":0,"type":"keyUp","text":"_","windowsVirtualKeyCode":523}}
12:50:37.632 [nioEventLoopGroup-2-1] DEBUG com.intuit.karate.driver.chrome_1718781634841 -- << {"id":35,"result":{},"sessionId":"100CDC760D17220B271422C858A4FE9E"}
12:50:37.632 [nioEventLoopGroup-2-1] DEBUG com.jayway.jsonpath.internal.path.CompiledPath -- Evaluating path: $
12:50:37.632 [main] DEBUG com.jayway.jsonpath.internal.path.CompiledPath -- Evaluating path: $['modifiers']
12:50:37.632 [main] DEBUG com.jayway.jsonpath.internal.path.CompiledPath -- Evaluating path: $
12:50:37.632 [main] DEBUG com.jayway.jsonpath.internal.path.CompiledPath -- Evaluating path: $
12:50:37.632 [main] DEBUG com.jayway.jsonpath.internal.JsonContext -- Put path $ key modifiers value {}
12:50:37.632 [main] DEBUG com.jayway.jsonpath.internal.path.CompiledPath -- Evaluating path: $
12:50:37.632 [main] DEBUG com.jayway.jsonpath.internal.JsonContext -- Put path $ key modifiers value 0
12:50:37.632 [main] DEBUG com.jayway.jsonpath.internal.path.CompiledPath -- Evaluating path: $['type']
12:50:37.632 [main] DEBUG com.jayway.jsonpath.internal.path.CompiledPath -- Evaluating path: $
12:50:37.632 [main] DEBUG com.jayway.jsonpath.internal.path.CompiledPath -- Evaluating path: $
12:50:37.632 [main] DEBUG com.jayway.jsonpath.internal.JsonContext -- Put path $ key type value {}
12:50:37.632 [main] DEBUG com.jayway.jsonpath.internal.path.CompiledPath -- Evaluating path: $
12:50:37.632 [main] DEBUG com.jayway.jsonpath.internal.JsonContext -- Put path $ key type value rawKeyDown
12:50:37.632 [main] DEBUG com.jayway.jsonpath.internal.path.CompiledPath -- Evaluating path: $['text']
12:50:37.632 [main] DEBUG com.jayway.jsonpath.internal.path.CompiledPath -- Evaluating path: $
12:50:37.632 [main] DEBUG com.jayway.jsonpath.internal.path.CompiledPath -- Evaluating path: $
12:50:37.632 [main] DEBUG com.jayway.jsonpath.internal.JsonContext -- Put path $ key text value {}
12:50:37.632 [main] DEBUG com.jayway.jsonpath.internal.path.CompiledPath -- Evaluating path: $
12:50:37.632 [main] DEBUG com.jayway.jsonpath.internal.JsonContext -- Put path $ key text value u
12:50:37.632 [main] DEBUG com.jayway.jsonpath.internal.path.CompiledPath -- Evaluating path: $['windowsVirtualKeyCode']
12:50:37.632 [main] DEBUG com.jayway.jsonpath.internal.path.CompiledPath -- Evaluating path: $
12:50:37.632 [main] DEBUG com.jayway.jsonpath.internal.path.CompiledPath -- Evaluating path: $
12:50:37.632 [main] DEBUG com.jayway.jsonpath.internal.JsonContext -- Put path $ key windowsVirtualKeyCode value {}
12:50:37.632 [main] DEBUG com.jayway.jsonpath.internal.path.CompiledPath -- Evaluating path: $
12:50:37.632 [main] DEBUG com.jayway.jsonpath.internal.JsonContext -- Put path $ key windowsVirtualKeyCode value 117
12:50:37.632 [main] DEBUG com.jayway.jsonpath.internal.path.CompiledPath -- Evaluating path: $
12:50:37.632 [main] DEBUG com.intuit.karate.driver.chrome_1718781634841 -- >> {"id":36,"sessionId":"100CDC760D17220B271422C858A4FE9E","method":"Input.dispatchKeyEvent","params":{"modifiers":0,"type":"rawKeyDown","text":"u","windowsVirtualKeyCode":117}}
12:50:37.640 [nioEventLoopGroup-2-1] DEBUG com.intuit.karate.driver.chrome_1718781634841 -- << {"id":36,"result":{},"sessionId":"100CDC760D17220B271422C858A4FE9E"}
12:50:37.640 [nioEventLoopGroup-2-1] DEBUG com.jayway.jsonpath.internal.path.CompiledPath -- Evaluating path: $
12:50:37.640 [main] DEBUG com.jayway.jsonpath.internal.path.CompiledPath -- Evaluating path: $['modifiers']
12:50:37.640 [main] DEBUG com.jayway.jsonpath.internal.path.CompiledPath -- Evaluating path: $
12:50:37.640 [main] DEBUG com.jayway.jsonpath.internal.path.CompiledPath -- Evaluating path: $
12:50:37.640 [main] DEBUG com.jayway.jsonpath.internal.JsonContext -- Put path $ key modifiers value {}
12:50:37.640 [main] DEBUG com.jayway.jsonpath.internal.path.CompiledPath -- Evaluating path: $
12:50:37.640 [main] DEBUG com.jayway.jsonpath.internal.JsonContext -- Put path $ key modifiers value 0
12:50:37.640 [main] DEBUG com.jayway.jsonpath.internal.path.CompiledPath -- Evaluating path: $['type']
12:50:37.640 [main] DEBUG com.jayway.jsonpath.internal.path.CompiledPath -- Evaluating path: $
12:50:37.640 [main] DEBUG com.jayway.jsonpath.internal.path.CompiledPath -- Evaluating path: $
12:50:37.640 [main] DEBUG com.jayway.jsonpath.internal.JsonContext -- Put path $ key type value {}
12:50:37.640 [main] DEBUG com.jayway.jsonpath.internal.path.CompiledPath -- Evaluating path: $
12:50:37.640 [main] DEBUG com.jayway.jsonpath.internal.JsonContext -- Put path $ key type value char
12:50:37.640 [main] DEBUG com.jayway.jsonpath.internal.path.CompiledPath -- Evaluating path: $['text']
12:50:37.640 [main] DEBUG com.jayway.jsonpath.internal.path.CompiledPath -- Evaluating path: $
12:50:37.640 [main] DEBUG com.jayway.jsonpath.internal.path.CompiledPath -- Evaluating path: $
12:50:37.640 [main] DEBUG com.jayway.jsonpath.internal.JsonContext -- Put path $ key text value {}
12:50:37.644 [main] DEBUG com.jayway.jsonpath.internal.path.CompiledPath -- Evaluating path: $
12:50:37.644 [main] DEBUG com.jayway.jsonpath.internal.JsonContext -- Put path $ key text value u
12:50:37.644 [main] DEBUG com.jayway.jsonpath.internal.path.CompiledPath -- Evaluating path: $['windowsVirtualKeyCode']
12:50:37.644 [main] DEBUG com.jayway.jsonpath.internal.path.CompiledPath -- Evaluating path: $
12:50:37.644 [main] DEBUG com.jayway.jsonpath.internal.path.CompiledPath -- Evaluating path: $
12:50:37.644 [main] DEBUG com.jayway.jsonpath.internal.JsonContext -- Put path $ key windowsVirtualKeyCode value {}
12:50:37.644 [main] DEBUG com.jayway.jsonpath.internal.path.CompiledPath -- Evaluating path: $
12:50:37.644 [main] DEBUG com.jayway.jsonpath.internal.JsonContext -- Put path $ key windowsVirtualKeyCode value 117
12:50:37.644 [main] DEBUG com.jayway.jsonpath.internal.path.CompiledPath -- Evaluating path: $
12:50:37.644 [main] DEBUG com.intuit.karate.driver.chrome_1718781634841 -- >> {"id":37,"sessionId":"100CDC760D17220B271422C858A4FE9E","method":"Input.dispatchKeyEvent","params":{"modifiers":0,"type":"char","text":"u","windowsVirtualKeyCode":117}}
12:50:37.647 [nioEventLoopGroup-2-1] DEBUG com.intuit.karate.driver.chrome_1718781634841 -- << {"id":37,"result":{},"sessionId":"100CDC760D17220B271422C858A4FE9E"}
12:50:37.647 [nioEventLoopGroup-2-1] DEBUG com.jayway.jsonpath.internal.path.CompiledPath -- Evaluating path: $
12:50:37.647 [main] DEBUG com.jayway.jsonpath.internal.path.CompiledPath -- Evaluating path: $['modifiers']
12:50:37.647 [main] DEBUG com.jayway.jsonpath.internal.path.CompiledPath -- Evaluating path: $
12:50:37.647 [main] DEBUG com.jayway.jsonpath.internal.path.CompiledPath -- Evaluating path: $
12:50:37.647 [main] DEBUG com.jayway.jsonpath.internal.JsonContext -- Put path $ key modifiers value {}
12:50:37.647 [main] DEBUG com.jayway.jsonpath.internal.path.CompiledPath -- Evaluating path: $
12:50:37.647 [main] DEBUG com.jayway.jsonpath.internal.JsonContext -- Put path $ key modifiers value 0
12:50:37.647 [main] DEBUG com.jayway.jsonpath.internal.path.CompiledPath -- Evaluating path: $['type']
12:50:37.647 [main] DEBUG com.jayway.jsonpath.internal.path.CompiledPath -- Evaluating path: $
12:50:37.647 [main] DEBUG com.jayway.jsonpath.internal.path.CompiledPath -- Evaluating path: $
12:50:37.647 [main] DEBUG com.jayway.jsonpath.internal.JsonContext -- Put path $ key type value {}
12:50:37.647 [main] DEBUG com.jayway.jsonpath.internal.path.CompiledPath -- Evaluating path: $
12:50:37.647 [main] DEBUG com.jayway.jsonpath.internal.JsonContext -- Put path $ key type value keyUp
12:50:37.647 [main] DEBUG com.jayway.jsonpath.internal.path.CompiledPath -- Evaluating path: $['text']
12:50:37.647 [main] DEBUG com.jayway.jsonpath.internal.path.CompiledPath -- Evaluating path: $
12:50:37.647 [main] DEBUG com.jayway.jsonpath.internal.path.CompiledPath -- Evaluating path: $
12:50:37.647 [main] DEBUG com.jayway.jsonpath.internal.JsonContext -- Put path $ key text value {}
12:50:37.647 [main] DEBUG com.jayway.jsonpath.internal.path.CompiledPath -- Evaluating path: $
12:50:37.647 [main] DEBUG com.jayway.jsonpath.internal.JsonContext -- Put path $ key text value u
12:50:37.655 [main] DEBUG com.jayway.jsonpath.internal.path.CompiledPath -- Evaluating path: $['windowsVirtualKeyCode']
12:50:37.655 [main] DEBUG com.jayway.jsonpath.internal.path.CompiledPath -- Evaluating path: $
12:50:37.655 [main] DEBUG com.jayway.jsonpath.internal.path.CompiledPath -- Evaluating path: $
12:50:37.655 [main] DEBUG com.jayway.jsonpath.internal.JsonContext -- Put path $ key windowsVirtualKeyCode value {}
12:50:37.655 [main] DEBUG com.jayway.jsonpath.internal.path.CompiledPath -- Evaluating path: $
12:50:37.655 [main] DEBUG com.jayway.jsonpath.internal.JsonContext -- Put path $ key windowsVirtualKeyCode value 117
12:50:37.655 [main] DEBUG com.jayway.jsonpath.internal.path.CompiledPath -- Evaluating path: $
12:50:37.655 [main] DEBUG com.intuit.karate.driver.chrome_1718781634841 -- >> {"id":38,"sessionId":"100CDC760D17220B271422C858A4FE9E","method":"Input.dispatchKeyEvent","params":{"modifiers":0,"type":"keyUp","text":"u","windowsVirtualKeyCode":117}}
12:50:37.655 [nioEventLoopGroup-2-1] DEBUG com.intuit.karate.driver.chrome_1718781634841 -- << {"id":38,"result":{},"sessionId":"100CDC760D17220B271422C858A4FE9E"}
12:50:37.655 [nioEventLoopGroup-2-1] DEBUG com.jayway.jsonpath.internal.path.CompiledPath -- Evaluating path: $
12:50:37.655 [main] DEBUG com.jayway.jsonpath.internal.path.CompiledPath -- Evaluating path: $['modifiers']
12:50:37.655 [main] DEBUG com.jayway.jsonpath.internal.path.CompiledPath -- Evaluating path: $
12:50:37.655 [main] DEBUG com.jayway.jsonpath.internal.path.CompiledPath -- Evaluating path: $
12:50:37.655 [main] DEBUG com.jayway.jsonpath.internal.JsonContext -- Put path $ key modifiers value {}
12:50:37.655 [main] DEBUG com.jayway.jsonpath.internal.path.CompiledPath -- Evaluating path: $
12:50:37.660 [main] DEBUG com.jayway.jsonpath.internal.JsonContext -- Put path $ key modifiers value 0
12:50:37.660 [main] DEBUG com.jayway.jsonpath.internal.path.CompiledPath -- Evaluating path: $['type']
12:50:37.660 [main] DEBUG com.jayway.jsonpath.internal.path.CompiledPath -- Evaluating path: $
12:50:37.660 [main] DEBUG com.jayway.jsonpath.internal.path.CompiledPath -- Evaluating path: $
12:50:37.660 [main] DEBUG com.jayway.jsonpath.internal.JsonContext -- Put path $ key type value {}
12:50:37.660 [main] DEBUG com.jayway.jsonpath.internal.path.CompiledPath -- Evaluating path: $
12:50:37.660 [main] DEBUG com.jayway.jsonpath.internal.JsonContext -- Put path $ key type value rawKeyDown
12:50:37.660 [main] DEBUG com.jayway.jsonpath.internal.path.CompiledPath -- Evaluating path: $['text']
12:50:37.660 [main] DEBUG com.jayway.jsonpath.internal.path.CompiledPath -- Evaluating path: $
12:50:37.660 [main] DEBUG com.jayway.jsonpath.internal.path.CompiledPath -- Evaluating path: $
12:50:37.660 [main] DEBUG com.jayway.jsonpath.internal.JsonContext -- Put path $ key text value {}
12:50:37.660 [main] DEBUG com.jayway.jsonpath.internal.path.CompiledPath -- Evaluating path: $
12:50:37.660 [main] DEBUG com.jayway.jsonpath.internal.JsonContext -- Put path $ key text value s
12:50:37.660 [main] DEBUG com.jayway.jsonpath.internal.path.CompiledPath -- Evaluating path: $['windowsVirtualKeyCode']
12:50:37.660 [main] DEBUG com.jayway.jsonpath.internal.path.CompiledPath -- Evaluating path: $
12:50:37.660 [main] DEBUG com.jayway.jsonpath.internal.path.CompiledPath -- Evaluating path: $
12:50:37.660 [main] DEBUG com.jayway.jsonpath.internal.JsonContext -- Put path $ key windowsVirtualKeyCode value {}
12:50:37.660 [main] DEBUG com.jayway.jsonpath.internal.path.CompiledPath -- Evaluating path: $
12:50:37.660 [main] DEBUG com.jayway.jsonpath.internal.JsonContext -- Put path $ key windowsVirtualKeyCode value 115
12:50:37.660 [main] DEBUG com.jayway.jsonpath.internal.path.CompiledPath -- Evaluating path: $
12:50:37.660 [main] DEBUG com.intuit.karate.driver.chrome_1718781634841 -- >> {"id":39,"sessionId":"100CDC760D17220B271422C858A4FE9E","method":"Input.dispatchKeyEvent","params":{"modifiers":0,"type":"rawKeyDown","text":"s","windowsVirtualKeyCode":115}}
12:50:37.665 [nioEventLoopGroup-2-1] DEBUG com.intuit.karate.driver.chrome_1718781634841 -- << {"id":39,"result":{},"sessionId":"100CDC760D17220B271422C858A4FE9E"}
12:50:37.665 [nioEventLoopGroup-2-1] DEBUG com.jayway.jsonpath.internal.path.CompiledPath -- Evaluating path: $
12:50:37.665 [main] DEBUG com.jayway.jsonpath.internal.path.CompiledPath -- Evaluating path: $['modifiers']
12:50:37.665 [main] DEBUG com.jayway.jsonpath.internal.path.CompiledPath -- Evaluating path: $
12:50:37.665 [main] DEBUG com.jayway.jsonpath.internal.path.CompiledPath -- Evaluating path: $
12:50:37.665 [main] DEBUG com.jayway.jsonpath.internal.JsonContext -- Put path $ key modifiers value {}
12:50:37.665 [main] DEBUG com.jayway.jsonpath.internal.path.CompiledPath -- Evaluating path: $
12:50:37.665 [main] DEBUG com.jayway.jsonpath.internal.JsonContext -- Put path $ key modifiers value 0
12:50:37.665 [main] DEBUG com.jayway.jsonpath.internal.path.CompiledPath -- Evaluating path: $['type']
12:50:37.665 [main] DEBUG com.jayway.jsonpath.internal.path.CompiledPath -- Evaluating path: $
12:50:37.665 [main] DEBUG com.jayway.jsonpath.internal.path.CompiledPath -- Evaluating path: $
12:50:37.665 [main] DEBUG com.jayway.jsonpath.internal.JsonContext -- Put path $ key type value {}
12:50:37.665 [main] DEBUG com.jayway.jsonpath.internal.path.CompiledPath -- Evaluating path: $
12:50:37.665 [main] DEBUG com.jayway.jsonpath.internal.JsonContext -- Put path $ key type value char
12:50:37.665 [main] DEBUG com.jayway.jsonpath.internal.path.CompiledPath -- Evaluating path: $['text']
12:50:37.665 [main] DEBUG com.jayway.jsonpath.internal.path.CompiledPath -- Evaluating path: $
12:50:37.665 [main] DEBUG com.jayway.jsonpath.internal.path.CompiledPath -- Evaluating path: $
12:50:37.665 [main] DEBUG com.jayway.jsonpath.internal.JsonContext -- Put path $ key text value {}
12:50:37.665 [main] DEBUG com.jayway.jsonpath.internal.path.CompiledPath -- Evaluating path: $
12:50:37.665 [main] DEBUG com.jayway.jsonpath.internal.JsonContext -- Put path $ key text value s
12:50:37.665 [main] DEBUG com.jayway.jsonpath.internal.path.CompiledPath -- Evaluating path: $['windowsVirtualKeyCode']
12:50:37.665 [main] DEBUG com.jayway.jsonpath.internal.path.CompiledPath -- Evaluating path: $
12:50:37.665 [main] DEBUG com.jayway.jsonpath.internal.path.CompiledPath -- Evaluating path: $
12:50:37.665 [main] DEBUG com.jayway.jsonpath.internal.JsonContext -- Put path $ key windowsVirtualKeyCode value {}
12:50:37.665 [main] DEBUG com.jayway.jsonpath.internal.path.CompiledPath -- Evaluating path: $
12:50:37.665 [main] DEBUG com.jayway.jsonpath.internal.JsonContext -- Put path $ key windowsVirtualKeyCode value 115
12:50:37.665 [main] DEBUG com.jayway.jsonpath.internal.path.CompiledPath -- Evaluating path: $
12:50:37.665 [main] DEBUG com.intuit.karate.driver.chrome_1718781634841 -- >> {"id":40,"sessionId":"100CDC760D17220B271422C858A4FE9E","method":"Input.dispatchKeyEvent","params":{"modifiers":0,"type":"char","text":"s","windowsVirtualKeyCode":115}}
12:50:37.676 [nioEventLoopGroup-2-1] DEBUG com.intuit.karate.driver.chrome_1718781634841 -- << {"id":40,"result":{},"sessionId":"100CDC760D17220B271422C858A4FE9E"}
12:50:37.676 [nioEventLoopGroup-2-1] DEBUG com.jayway.jsonpath.internal.path.CompiledPath -- Evaluating path: $
12:50:37.676 [main] DEBUG com.jayway.jsonpath.internal.path.CompiledPath -- Evaluating path: $['modifiers']
12:50:37.676 [main] DEBUG com.jayway.jsonpath.internal.path.CompiledPath -- Evaluating path: $
12:50:37.676 [main] DEBUG com.jayway.jsonpath.internal.path.CompiledPath -- Evaluating path: $
12:50:37.676 [main] DEBUG com.jayway.jsonpath.internal.JsonContext -- Put path $ key modifiers value {}
12:50:37.676 [main] DEBUG com.jayway.jsonpath.internal.path.CompiledPath -- Evaluating path: $
12:50:37.676 [main] DEBUG com.jayway.jsonpath.internal.JsonContext -- Put path $ key modifiers value 0
12:50:37.676 [main] DEBUG com.jayway.jsonpath.internal.path.CompiledPath -- Evaluating path: $['type']
12:50:37.676 [main] DEBUG com.jayway.jsonpath.internal.path.CompiledPath -- Evaluating path: $
12:50:37.676 [main] DEBUG com.jayway.jsonpath.internal.path.CompiledPath -- Evaluating path: $
12:50:37.676 [main] DEBUG com.jayway.jsonpath.internal.JsonContext -- Put path $ key type value {}
12:50:37.676 [main] DEBUG com.jayway.jsonpath.internal.path.CompiledPath -- Evaluating path: $
12:50:37.676 [main] DEBUG com.jayway.jsonpath.internal.JsonContext -- Put path $ key type value keyUp
12:50:37.676 [main] DEBUG com.jayway.jsonpath.internal.path.CompiledPath -- Evaluating path: $['text']
12:50:37.676 [main] DEBUG com.jayway.jsonpath.internal.path.CompiledPath -- Evaluating path: $
12:50:37.676 [main] DEBUG com.jayway.jsonpath.internal.path.CompiledPath -- Evaluating path: $
12:50:37.676 [main] DEBUG com.jayway.jsonpath.internal.JsonContext -- Put path $ key text value {}
12:50:37.676 [main] DEBUG com.jayway.jsonpath.internal.path.CompiledPath -- Evaluating path: $
12:50:37.676 [main] DEBUG com.jayway.jsonpath.internal.JsonContext -- Put path $ key text value s
12:50:37.676 [main] DEBUG com.jayway.jsonpath.internal.path.CompiledPath -- Evaluating path: $['windowsVirtualKeyCode']
12:50:37.676 [main] DEBUG com.jayway.jsonpath.internal.path.CompiledPath -- Evaluating path: $
12:50:37.676 [main] DEBUG com.jayway.jsonpath.internal.path.CompiledPath -- Evaluating path: $
12:50:37.676 [main] DEBUG com.jayway.jsonpath.internal.JsonContext -- Put path $ key windowsVirtualKeyCode value {}
12:50:37.676 [main] DEBUG com.jayway.jsonpath.internal.path.CompiledPath -- Evaluating path: $
12:50:37.676 [main] DEBUG com.jayway.jsonpath.internal.JsonContext -- Put path $ key windowsVirtualKeyCode value 115
12:50:37.676 [main] DEBUG com.jayway.jsonpath.internal.path.CompiledPath -- Evaluating path: $
12:50:37.676 [main] DEBUG com.intuit.karate.driver.chrome_1718781634841 -- >> {"id":41,"sessionId":"100CDC760D17220B271422C858A4FE9E","method":"Input.dispatchKeyEvent","params":{"modifiers":0,"type":"keyUp","text":"s","windowsVirtualKeyCode":115}}
12:50:37.681 [nioEventLoopGroup-2-1] DEBUG com.intuit.karate.driver.chrome_1718781634841 -- << {"id":41,"result":{},"sessionId":"100CDC760D17220B271422C858A4FE9E"}
12:50:37.681 [nioEventLoopGroup-2-1] DEBUG com.jayway.jsonpath.internal.path.CompiledPath -- Evaluating path: $
12:50:37.681 [main] DEBUG com.jayway.jsonpath.internal.path.CompiledPath -- Evaluating path: $['modifiers']
12:50:37.681 [main] DEBUG com.jayway.jsonpath.internal.path.CompiledPath -- Evaluating path: $
12:50:37.681 [main] DEBUG com.jayway.jsonpath.internal.path.CompiledPath -- Evaluating path: $
12:50:37.681 [main] DEBUG com.jayway.jsonpath.internal.JsonContext -- Put path $ key modifiers value {}
12:50:37.681 [main] DEBUG com.jayway.jsonpath.internal.path.CompiledPath -- Evaluating path: $
12:50:37.681 [main] DEBUG com.jayway.jsonpath.internal.JsonContext -- Put path $ key modifiers value 0
12:50:37.681 [main] DEBUG com.jayway.jsonpath.internal.path.CompiledPath -- Evaluating path: $['type']
12:50:37.681 [main] DEBUG com.jayway.jsonpath.internal.path.CompiledPath -- Evaluating path: $
12:50:37.681 [main] DEBUG com.jayway.jsonpath.internal.path.CompiledPath -- Evaluating path: $
12:50:37.681 [main] DEBUG com.jayway.jsonpath.internal.JsonContext -- Put path $ key type value {}
12:50:37.681 [main] DEBUG com.jayway.jsonpath.internal.path.CompiledPath -- Evaluating path: $
12:50:37.681 [main] DEBUG com.jayway.jsonpath.internal.JsonContext -- Put path $ key type value rawKeyDown
12:50:37.681 [main] DEBUG com.jayway.jsonpath.internal.path.CompiledPath -- Evaluating path: $['text']
12:50:37.681 [main] DEBUG com.jayway.jsonpath.internal.path.CompiledPath -- Evaluating path: $
12:50:37.681 [main] DEBUG com.jayway.jsonpath.internal.path.CompiledPath -- Evaluating path: $
12:50:37.681 [main] DEBUG com.jayway.jsonpath.internal.JsonContext -- Put path $ key text value {}
12:50:37.681 [main] DEBUG com.jayway.jsonpath.internal.path.CompiledPath -- Evaluating path: $
12:50:37.681 [main] DEBUG com.jayway.jsonpath.internal.JsonContext -- Put path $ key text value e
12:50:37.681 [main] DEBUG com.jayway.jsonpath.internal.path.CompiledPath -- Evaluating path: $['windowsVirtualKeyCode']
12:50:37.681 [main] DEBUG com.jayway.jsonpath.internal.path.CompiledPath -- Evaluating path: $
12:50:37.681 [main] DEBUG com.jayway.jsonpath.internal.path.CompiledPath -- Evaluating path: $
12:50:37.681 [main] DEBUG com.jayway.jsonpath.internal.JsonContext -- Put path $ key windowsVirtualKeyCode value {}
12:50:37.681 [main] DEBUG com.jayway.jsonpath.internal.path.CompiledPath -- Evaluating path: $
12:50:37.681 [main] DEBUG com.jayway.jsonpath.internal.JsonContext -- Put path $ key windowsVirtualKeyCode value 101
12:50:37.681 [main] DEBUG com.jayway.jsonpath.internal.path.CompiledPath -- Evaluating path: $
12:50:37.681 [main] DEBUG com.intuit.karate.driver.chrome_1718781634841 -- >> {"id":42,"sessionId":"100CDC760D17220B271422C858A4FE9E","method":"Input.dispatchKeyEvent","params":{"modifiers":0,"type":"rawKeyDown","text":"e","windowsVirtualKeyCode":101}}
12:50:37.690 [nioEventLoopGroup-2-1] DEBUG com.intuit.karate.driver.chrome_1718781634841 -- << {"id":42,"result":{},"sessionId":"100CDC760D17220B271422C858A4FE9E"}
12:50:37.690 [nioEventLoopGroup-2-1] DEBUG com.jayway.jsonpath.internal.path.CompiledPath -- Evaluating path: $
12:50:37.690 [main] DEBUG com.jayway.jsonpath.internal.path.CompiledPath -- Evaluating path: $['modifiers']
12:50:37.690 [main] DEBUG com.jayway.jsonpath.internal.path.CompiledPath -- Evaluating path: $
12:50:37.690 [main] DEBUG com.jayway.jsonpath.internal.path.CompiledPath -- Evaluating path: $
12:50:37.690 [main] DEBUG com.jayway.jsonpath.internal.JsonContext -- Put path $ key modifiers value {}
12:50:37.690 [main] DEBUG com.jayway.jsonpath.internal.path.CompiledPath -- Evaluating path: $
12:50:37.690 [main] DEBUG com.jayway.jsonpath.internal.JsonContext -- Put path $ key modifiers value 0
12:50:37.690 [main] DEBUG com.jayway.jsonpath.internal.path.CompiledPath -- Evaluating path: $['type']
12:50:37.690 [main] DEBUG com.jayway.jsonpath.internal.path.CompiledPath -- Evaluating path: $
12:50:37.690 [main] DEBUG com.jayway.jsonpath.internal.path.CompiledPath -- Evaluating path: $
12:50:37.690 [main] DEBUG com.jayway.jsonpath.internal.JsonContext -- Put path $ key type value {}
12:50:37.690 [main] DEBUG com.jayway.jsonpath.internal.path.CompiledPath -- Evaluating path: $
12:50:37.690 [main] DEBUG com.jayway.jsonpath.internal.JsonContext -- Put path $ key type value char
12:50:37.690 [main] DEBUG com.jayway.jsonpath.internal.path.CompiledPath -- Evaluating path: $['text']
12:50:37.690 [main] DEBUG com.jayway.jsonpath.internal.path.CompiledPath -- Evaluating path: $
12:50:37.690 [main] DEBUG com.jayway.jsonpath.internal.path.CompiledPath -- Evaluating path: $
12:50:37.690 [main] DEBUG com.jayway.jsonpath.internal.JsonContext -- Put path $ key text value {}
12:50:37.690 [main] DEBUG com.jayway.jsonpath.internal.path.CompiledPath -- Evaluating path: $
12:50:37.690 [main] DEBUG com.jayway.jsonpath.internal.JsonContext -- Put path $ key text value e
12:50:37.690 [main] DEBUG com.jayway.jsonpath.internal.path.CompiledPath -- Evaluating path: $['windowsVirtualKeyCode']
12:50:37.690 [main] DEBUG com.jayway.jsonpath.internal.path.CompiledPath -- Evaluating path: $
12:50:37.690 [main] DEBUG com.jayway.jsonpath.internal.path.CompiledPath -- Evaluating path: $
12:50:37.690 [main] DEBUG com.jayway.jsonpath.internal.JsonContext -- Put path $ key windowsVirtualKeyCode value {}
12:50:37.690 [main] DEBUG com.jayway.jsonpath.internal.path.CompiledPath -- Evaluating path: $
12:50:37.690 [main] DEBUG com.jayway.jsonpath.internal.JsonContext -- Put path $ key windowsVirtualKeyCode value 101
12:50:37.690 [main] DEBUG com.jayway.jsonpath.internal.path.CompiledPath -- Evaluating path: $
12:50:37.690 [main] DEBUG com.intuit.karate.driver.chrome_1718781634841 -- >> {"id":43,"sessionId":"100CDC760D17220B271422C858A4FE9E","method":"Input.dispatchKeyEvent","params":{"modifiers":0,"type":"char","text":"e","windowsVirtualKeyCode":101}}
12:50:37.696 [nioEventLoopGroup-2-1] DEBUG com.intuit.karate.driver.chrome_1718781634841 -- << {"id":43,"result":{},"sessionId":"100CDC760D17220B271422C858A4FE9E"}
12:50:37.696 [nioEventLoopGroup-2-1] DEBUG com.jayway.jsonpath.internal.path.CompiledPath -- Evaluating path: $
12:50:37.696 [main] DEBUG com.jayway.jsonpath.internal.path.CompiledPath -- Evaluating path: $['modifiers']
12:50:37.696 [main] DEBUG com.jayway.jsonpath.internal.path.CompiledPath -- Evaluating path: $
12:50:37.696 [main] DEBUG com.jayway.jsonpath.internal.path.CompiledPath -- Evaluating path: $
12:50:37.696 [main] DEBUG com.jayway.jsonpath.internal.JsonContext -- Put path $ key modifiers value {}
12:50:37.696 [main] DEBUG com.jayway.jsonpath.internal.path.CompiledPath -- Evaluating path: $
12:50:37.696 [main] DEBUG com.jayway.jsonpath.internal.JsonContext -- Put path $ key modifiers value 0
12:50:37.696 [main] DEBUG com.jayway.jsonpath.internal.path.CompiledPath -- Evaluating path: $['type']
12:50:37.696 [main] DEBUG com.jayway.jsonpath.internal.path.CompiledPath -- Evaluating path: $
12:50:37.696 [main] DEBUG com.jayway.jsonpath.internal.path.CompiledPath -- Evaluating path: $
12:50:37.696 [main] DEBUG com.jayway.jsonpath.internal.JsonContext -- Put path $ key type value {}
12:50:37.696 [main] DEBUG com.jayway.jsonpath.internal.path.CompiledPath -- Evaluating path: $
12:50:37.696 [main] DEBUG com.jayway.jsonpath.internal.JsonContext -- Put path $ key type value keyUp
12:50:37.696 [main] DEBUG com.jayway.jsonpath.internal.path.CompiledPath -- Evaluating path: $['text']
12:50:37.696 [main] DEBUG com.jayway.jsonpath.internal.path.CompiledPath -- Evaluating path: $
12:50:37.696 [main] DEBUG com.jayway.jsonpath.internal.path.CompiledPath -- Evaluating path: $
12:50:37.696 [main] DEBUG com.jayway.jsonpath.internal.JsonContext -- Put path $ key text value {}
12:50:37.696 [main] DEBUG com.jayway.jsonpath.internal.path.CompiledPath -- Evaluating path: $
12:50:37.696 [main] DEBUG com.jayway.jsonpath.internal.JsonContext -- Put path $ key text value e
12:50:37.696 [main] DEBUG com.jayway.jsonpath.internal.path.CompiledPath -- Evaluating path: $['windowsVirtualKeyCode']
12:50:37.696 [main] DEBUG com.jayway.jsonpath.internal.path.CompiledPath -- Evaluating path: $
12:50:37.696 [main] DEBUG com.jayway.jsonpath.internal.path.CompiledPath -- Evaluating path: $
12:50:37.696 [main] DEBUG com.jayway.jsonpath.internal.JsonContext -- Put path $ key windowsVirtualKeyCode value {}
12:50:37.696 [main] DEBUG com.jayway.jsonpath.internal.path.CompiledPath -- Evaluating path: $
12:50:37.696 [main] DEBUG com.jayway.jsonpath.internal.JsonContext -- Put path $ key windowsVirtualKeyCode value 101
12:50:37.696 [main] DEBUG com.jayway.jsonpath.internal.path.CompiledPath -- Evaluating path: $
12:50:37.696 [main] DEBUG com.intuit.karate.driver.chrome_1718781634841 -- >> {"id":44,"sessionId":"100CDC760D17220B271422C858A4FE9E","method":"Input.dispatchKeyEvent","params":{"modifiers":0,"type":"keyUp","text":"e","windowsVirtualKeyCode":101}}
12:50:37.698 [nioEventLoopGroup-2-1] DEBUG com.intuit.karate.driver.chrome_1718781634841 -- << {"id":44,"result":{},"sessionId":"100CDC760D17220B271422C858A4FE9E"}
12:50:37.698 [nioEventLoopGroup-2-1] DEBUG com.jayway.jsonpath.internal.path.CompiledPath -- Evaluating path: $
12:50:37.698 [main] DEBUG com.jayway.jsonpath.internal.path.CompiledPath -- Evaluating path: $['modifiers']
12:50:37.698 [main] DEBUG com.jayway.jsonpath.internal.path.CompiledPath -- Evaluating path: $
12:50:37.698 [main] DEBUG com.jayway.jsonpath.internal.path.CompiledPath -- Evaluating path: $
12:50:37.698 [main] DEBUG com.jayway.jsonpath.internal.JsonContext -- Put path $ key modifiers value {}
12:50:37.698 [main] DEBUG com.jayway.jsonpath.internal.path.CompiledPath -- Evaluating path: $
12:50:37.698 [main] DEBUG com.jayway.jsonpath.internal.JsonContext -- Put path $ key modifiers value 0
12:50:37.698 [main] DEBUG com.jayway.jsonpath.internal.path.CompiledPath -- Evaluating path: $['type']
12:50:37.698 [main] DEBUG com.jayway.jsonpath.internal.path.CompiledPath -- Evaluating path: $
12:50:37.698 [main] DEBUG com.jayway.jsonpath.internal.path.CompiledPath -- Evaluating path: $
12:50:37.698 [main] DEBUG com.jayway.jsonpath.internal.JsonContext -- Put path $ key type value {}
12:50:37.698 [main] DEBUG com.jayway.jsonpath.internal.path.CompiledPath -- Evaluating path: $
12:50:37.698 [main] DEBUG com.jayway.jsonpath.internal.JsonContext -- Put path $ key type value rawKeyDown
12:50:37.698 [main] DEBUG com.jayway.jsonpath.internal.path.CompiledPath -- Evaluating path: $['text']
12:50:37.698 [main] DEBUG com.jayway.jsonpath.internal.path.CompiledPath -- Evaluating path: $
12:50:37.698 [main] DEBUG com.jayway.jsonpath.internal.path.CompiledPath -- Evaluating path: $
12:50:37.698 [main] DEBUG com.jayway.jsonpath.internal.JsonContext -- Put path $ key text value {}
12:50:37.698 [main] DEBUG com.jayway.jsonpath.internal.path.CompiledPath -- Evaluating path: $
12:50:37.698 [main] DEBUG com.jayway.jsonpath.internal.JsonContext -- Put path $ key text value r
12:50:37.698 [main] DEBUG com.jayway.jsonpath.internal.path.CompiledPath -- Evaluating path: $['windowsVirtualKeyCode']
12:50:37.698 [main] DEBUG com.jayway.jsonpath.internal.path.CompiledPath -- Evaluating path: $
12:50:37.698 [main] DEBUG com.jayway.jsonpath.internal.path.CompiledPath -- Evaluating path: $
12:50:37.698 [main] DEBUG com.jayway.jsonpath.internal.JsonContext -- Put path $ key windowsVirtualKeyCode value {}
12:50:37.698 [main] DEBUG com.jayway.jsonpath.internal.path.CompiledPath -- Evaluating path: $
12:50:37.698 [main] DEBUG com.jayway.jsonpath.internal.JsonContext -- Put path $ key windowsVirtualKeyCode value 114
12:50:37.698 [main] DEBUG com.jayway.jsonpath.internal.path.CompiledPath -- Evaluating path: $
12:50:37.698 [main] DEBUG com.intuit.karate.driver.chrome_1718781634841 -- >> {"id":45,"sessionId":"100CDC760D17220B271422C858A4FE9E","method":"Input.dispatchKeyEvent","params":{"modifiers":0,"type":"rawKeyDown","text":"r","windowsVirtualKeyCode":114}}
12:50:37.709 [nioEventLoopGroup-2-1] DEBUG com.intuit.karate.driver.chrome_1718781634841 -- << {"id":45,"result":{},"sessionId":"100CDC760D17220B271422C858A4FE9E"}
12:50:37.709 [nioEventLoopGroup-2-1] DEBUG com.jayway.jsonpath.internal.path.CompiledPath -- Evaluating path: $
12:50:37.709 [main] DEBUG com.jayway.jsonpath.internal.path.CompiledPath -- Evaluating path: $['modifiers']
12:50:37.709 [main] DEBUG com.jayway.jsonpath.internal.path.CompiledPath -- Evaluating path: $
12:50:37.709 [main] DEBUG com.jayway.jsonpath.internal.path.CompiledPath -- Evaluating path: $
12:50:37.709 [main] DEBUG com.jayway.jsonpath.internal.JsonContext -- Put path $ key modifiers value {}
12:50:37.709 [main] DEBUG com.jayway.jsonpath.internal.path.CompiledPath -- Evaluating path: $
12:50:37.709 [main] DEBUG com.jayway.jsonpath.internal.JsonContext -- Put path $ key modifiers value 0
12:50:37.709 [main] DEBUG com.jayway.jsonpath.internal.path.CompiledPath -- Evaluating path: $['type']
12:50:37.709 [main] DEBUG com.jayway.jsonpath.internal.path.CompiledPath -- Evaluating path: $
12:50:37.709 [main] DEBUG com.jayway.jsonpath.internal.path.CompiledPath -- Evaluating path: $
12:50:37.709 [main] DEBUG com.jayway.jsonpath.internal.JsonContext -- Put path $ key type value {}
12:50:37.709 [main] DEBUG com.jayway.jsonpath.internal.path.CompiledPath -- Evaluating path: $
12:50:37.709 [main] DEBUG com.jayway.jsonpath.internal.JsonContext -- Put path $ key type value char
12:50:37.709 [main] DEBUG com.jayway.jsonpath.internal.path.CompiledPath -- Evaluating path: $['text']
12:50:37.709 [main] DEBUG com.jayway.jsonpath.internal.path.CompiledPath -- Evaluating path: $
12:50:37.709 [main] DEBUG com.jayway.jsonpath.internal.path.CompiledPath -- Evaluating path: $
12:50:37.709 [main] DEBUG com.jayway.jsonpath.internal.JsonContext -- Put path $ key text value {}
12:50:37.709 [main] DEBUG com.jayway.jsonpath.internal.path.CompiledPath -- Evaluating path: $
12:50:37.709 [main] DEBUG com.jayway.jsonpath.internal.JsonContext -- Put path $ key text value r
12:50:37.709 [main] DEBUG com.jayway.jsonpath.internal.path.CompiledPath -- Evaluating path: $['windowsVirtualKeyCode']
12:50:37.709 [main] DEBUG com.jayway.jsonpath.internal.path.CompiledPath -- Evaluating path: $
12:50:37.709 [main] DEBUG com.jayway.jsonpath.internal.path.CompiledPath -- Evaluating path: $
12:50:37.709 [main] DEBUG com.jayway.jsonpath.internal.JsonContext -- Put path $ key windowsVirtualKeyCode value {}
12:50:37.709 [main] DEBUG com.jayway.jsonpath.internal.path.CompiledPath -- Evaluating path: $
12:50:37.709 [main] DEBUG com.jayway.jsonpath.internal.JsonContext -- Put path $ key windowsVirtualKeyCode value 114
12:50:37.709 [main] DEBUG com.jayway.jsonpath.internal.path.CompiledPath -- Evaluating path: $
12:50:37.709 [main] DEBUG com.intuit.karate.driver.chrome_1718781634841 -- >> {"id":46,"sessionId":"100CDC760D17220B271422C858A4FE9E","method":"Input.dispatchKeyEvent","params":{"modifiers":0,"type":"char","text":"r","windowsVirtualKeyCode":114}}
12:50:37.714 [nioEventLoopGroup-2-1] DEBUG com.intuit.karate.driver.chrome_1718781634841 -- << {"id":46,"result":{},"sessionId":"100CDC760D17220B271422C858A4FE9E"}
12:50:37.714 [nioEventLoopGroup-2-1] DEBUG com.jayway.jsonpath.internal.path.CompiledPath -- Evaluating path: $
12:50:37.714 [main] DEBUG com.jayway.jsonpath.internal.path.CompiledPath -- Evaluating path: $['modifiers']
12:50:37.714 [main] DEBUG com.jayway.jsonpath.internal.path.CompiledPath -- Evaluating path: $
12:50:37.714 [main] DEBUG com.jayway.jsonpath.internal.path.CompiledPath -- Evaluating path: $
12:50:37.714 [main] DEBUG com.jayway.jsonpath.internal.JsonContext -- Put path $ key modifiers value {}
12:50:37.714 [main] DEBUG com.jayway.jsonpath.internal.path.CompiledPath -- Evaluating path: $
12:50:37.714 [main] DEBUG com.jayway.jsonpath.internal.JsonContext -- Put path $ key modifiers value 0
12:50:37.714 [main] DEBUG com.jayway.jsonpath.internal.path.CompiledPath -- Evaluating path: $['type']
12:50:37.714 [main] DEBUG com.jayway.jsonpath.internal.path.CompiledPath -- Evaluating path: $
12:50:37.714 [main] DEBUG com.jayway.jsonpath.internal.path.CompiledPath -- Evaluating path: $
12:50:37.714 [main] DEBUG com.jayway.jsonpath.internal.JsonContext -- Put path $ key type value {}
12:50:37.714 [main] DEBUG com.jayway.jsonpath.internal.path.CompiledPath -- Evaluating path: $
12:50:37.714 [main] DEBUG com.jayway.jsonpath.internal.JsonContext -- Put path $ key type value keyUp
12:50:37.714 [main] DEBUG com.jayway.jsonpath.internal.path.CompiledPath -- Evaluating path: $['text']
12:50:37.714 [main] DEBUG com.jayway.jsonpath.internal.path.CompiledPath -- Evaluating path: $
12:50:37.714 [main] DEBUG com.jayway.jsonpath.internal.path.CompiledPath -- Evaluating path: $
12:50:37.714 [main] DEBUG com.jayway.jsonpath.internal.JsonContext -- Put path $ key text value {}
12:50:37.714 [main] DEBUG com.jayway.jsonpath.internal.path.CompiledPath -- Evaluating path: $
12:50:37.714 [main] DEBUG com.jayway.jsonpath.internal.JsonContext -- Put path $ key text value r
12:50:37.714 [main] DEBUG com.jayway.jsonpath.internal.path.CompiledPath -- Evaluating path: $['windowsVirtualKeyCode']
12:50:37.714 [main] DEBUG com.jayway.jsonpath.internal.path.CompiledPath -- Evaluating path: $
12:50:37.714 [main] DEBUG com.jayway.jsonpath.internal.path.CompiledPath -- Evaluating path: $
12:50:37.714 [main] DEBUG com.jayway.jsonpath.internal.JsonContext -- Put path $ key windowsVirtualKeyCode value {}
12:50:37.714 [main] DEBUG com.jayway.jsonpath.internal.path.CompiledPath -- Evaluating path: $
12:50:37.714 [main] DEBUG com.jayway.jsonpath.internal.JsonContext -- Put path $ key windowsVirtualKeyCode value 114
12:50:37.714 [main] DEBUG com.jayway.jsonpath.internal.path.CompiledPath -- Evaluating path: $
12:50:37.714 [main] DEBUG com.intuit.karate.driver.chrome_1718781634841 -- >> {"id":47,"sessionId":"100CDC760D17220B271422C858A4FE9E","method":"Input.dispatchKeyEvent","params":{"modifiers":0,"type":"keyUp","text":"r","windowsVirtualKeyCode":114}}
12:50:37.723 [nioEventLoopGroup-2-1] DEBUG com.intuit.karate.driver.chrome_1718781634841 -- << {"id":47,"result":{},"sessionId":"100CDC760D17220B271422C858A4FE9E"}
12:50:37.723 [nioEventLoopGroup-2-1] DEBUG com.jayway.jsonpath.internal.path.CompiledPath -- Evaluating path: $
12:50:40.750 [main] DEBUG com.jayway.jsonpath.internal.path.CompiledPath -- Evaluating path: $['expression']
12:50:40.750 [main] DEBUG com.jayway.jsonpath.internal.path.CompiledPath -- Evaluating path: $
12:50:40.750 [main] DEBUG com.jayway.jsonpath.internal.path.CompiledPath -- Evaluating path: $
12:50:40.750 [main] DEBUG com.jayway.jsonpath.internal.JsonContext -- Put path $ key expression value {}
12:50:40.750 [main] DEBUG com.jayway.jsonpath.internal.path.CompiledPath -- Evaluating path: $
12:50:40.750 [main] DEBUG com.jayway.jsonpath.internal.JsonContext -- Put path $ key expression value var e = document.evaluate("//*[@id='password']", document, null, 9, null).singleNodeValue; e.focus(); try { e.selectionStart = e.selectionEnd = e.value.length } catch(x) {}
12:50:40.750 [main] DEBUG com.jayway.jsonpath.internal.path.CompiledPath -- Evaluating path: $['returnByValue']
12:50:40.750 [main] DEBUG com.jayway.jsonpath.internal.path.CompiledPath -- Evaluating path: $
12:50:40.750 [main] DEBUG com.jayway.jsonpath.internal.path.CompiledPath -- Evaluating path: $
12:50:40.750 [main] DEBUG com.jayway.jsonpath.internal.JsonContext -- Put path $ key returnByValue value {}
12:50:40.750 [main] DEBUG com.jayway.jsonpath.internal.path.CompiledPath -- Evaluating path: $
12:50:40.750 [main] DEBUG com.jayway.jsonpath.internal.JsonContext -- Put path $ key returnByValue value true
12:50:40.750 [main] DEBUG com.jayway.jsonpath.internal.path.CompiledPath -- Evaluating path: $
12:50:40.750 [main] DEBUG com.intuit.karate.driver.chrome_1718781634841 -- >> {"id":48,"sessionId":"100CDC760D17220B271422C858A4FE9E","method":"Runtime.evaluate","params":{"expression":"var e = document.evaluate(\"\/\/*[@id='password']\", document, null, 9, null).singleNodeValue; e.focus(); try { e.selectionStart = e.selectionEnd = e.value.length } catch(x) {}","returnByValue":true}}
12:50:40.755 [nioEventLoopGroup-2-1] DEBUG com.intuit.karate.driver.chrome_1718781634841 -- << {"id":48,"result":{"result":{"type":"number","value":0,"description":"0"}},"sessionId":"100CDC760D17220B271422C858A4FE9E"}
12:50:40.755 [nioEventLoopGroup-2-1] DEBUG com.jayway.jsonpath.internal.path.CompiledPath -- Evaluating path: $
12:50:40.756 [main] DEBUG com.jayway.jsonpath.internal.path.CompiledPath -- Evaluating path: $['modifiers']
12:50:40.756 [main] DEBUG com.jayway.jsonpath.internal.path.CompiledPath -- Evaluating path: $
12:50:40.756 [main] DEBUG com.jayway.jsonpath.internal.path.CompiledPath -- Evaluating path: $
12:50:40.756 [main] DEBUG com.jayway.jsonpath.internal.JsonContext -- Put path $ key modifiers value {}
12:50:40.756 [main] DEBUG com.jayway.jsonpath.internal.path.CompiledPath -- Evaluating path: $
12:50:40.756 [main] DEBUG com.jayway.jsonpath.internal.JsonContext -- Put path $ key modifiers value 0
12:50:40.756 [main] DEBUG com.jayway.jsonpath.internal.path.CompiledPath -- Evaluating path: $['type']
12:50:40.756 [main] DEBUG com.jayway.jsonpath.internal.path.CompiledPath -- Evaluating path: $
12:50:40.756 [main] DEBUG com.jayway.jsonpath.internal.path.CompiledPath -- Evaluating path: $
12:50:40.756 [main] DEBUG com.jayway.jsonpath.internal.JsonContext -- Put path $ key type value {}
12:50:40.756 [main] DEBUG com.jayway.jsonpath.internal.path.CompiledPath -- Evaluating path: $
12:50:40.756 [main] DEBUG com.jayway.jsonpath.internal.JsonContext -- Put path $ key type value rawKeyDown
12:50:40.756 [main] DEBUG com.jayway.jsonpath.internal.path.CompiledPath -- Evaluating path: $['text']
12:50:40.756 [main] DEBUG com.jayway.jsonpath.internal.path.CompiledPath -- Evaluating path: $
12:50:40.756 [main] DEBUG com.jayway.jsonpath.internal.path.CompiledPath -- Evaluating path: $
12:50:40.756 [main] DEBUG com.jayway.jsonpath.internal.JsonContext -- Put path $ key text value {}
12:50:40.756 [main] DEBUG com.jayway.jsonpath.internal.path.CompiledPath -- Evaluating path: $
12:50:40.756 [main] DEBUG com.jayway.jsonpath.internal.JsonContext -- Put path $ key text value s
12:50:40.756 [main] DEBUG com.jayway.jsonpath.internal.path.CompiledPath -- Evaluating path: $['windowsVirtualKeyCode']
12:50:40.756 [main] DEBUG com.jayway.jsonpath.internal.path.CompiledPath -- Evaluating path: $
12:50:40.756 [main] DEBUG com.jayway.jsonpath.internal.path.CompiledPath -- Evaluating path: $
12:50:40.756 [main] DEBUG com.jayway.jsonpath.internal.JsonContext -- Put path $ key windowsVirtualKeyCode value {}
12:50:40.756 [main] DEBUG com.jayway.jsonpath.internal.path.CompiledPath -- Evaluating path: $
12:50:40.756 [main] DEBUG com.jayway.jsonpath.internal.JsonContext -- Put path $ key windowsVirtualKeyCode value 115
12:50:40.756 [main] DEBUG com.jayway.jsonpath.internal.path.CompiledPath -- Evaluating path: $
12:50:40.756 [main] DEBUG com.intuit.karate.driver.chrome_1718781634841 -- >> {"id":49,"sessionId":"100CDC760D17220B271422C858A4FE9E","method":"Input.dispatchKeyEvent","params":{"modifiers":0,"type":"rawKeyDown","text":"s","windowsVirtualKeyCode":115}}
12:50:40.756 [nioEventLoopGroup-2-1] DEBUG com.intuit.karate.driver.chrome_1718781634841 -- << {"id":49,"result":{},"sessionId":"100CDC760D17220B271422C858A4FE9E"}
12:50:40.759 [nioEventLoopGroup-2-1] DEBUG com.jayway.jsonpath.internal.path.CompiledPath -- Evaluating path: $
12:50:40.759 [main] DEBUG com.jayway.jsonpath.internal.path.CompiledPath -- Evaluating path: $['modifiers']
12:50:40.759 [main] DEBUG com.jayway.jsonpath.internal.path.CompiledPath -- Evaluating path: $
12:50:40.759 [main] DEBUG com.jayway.jsonpath.internal.path.CompiledPath -- Evaluating path: $
12:50:40.759 [main] DEBUG com.jayway.jsonpath.internal.JsonContext -- Put path $ key modifiers value {}
12:50:40.759 [main] DEBUG com.jayway.jsonpath.internal.path.CompiledPath -- Evaluating path: $
12:50:40.759 [main] DEBUG com.jayway.jsonpath.internal.JsonContext -- Put path $ key modifiers value 0
12:50:40.759 [main] DEBUG com.jayway.jsonpath.internal.path.CompiledPath -- Evaluating path: $['type']
12:50:40.759 [main] DEBUG com.jayway.jsonpath.internal.path.CompiledPath -- Evaluating path: $
12:50:40.759 [main] DEBUG com.jayway.jsonpath.internal.path.CompiledPath -- Evaluating path: $
12:50:40.759 [main] DEBUG com.jayway.jsonpath.internal.JsonContext -- Put path $ key type value {}
12:50:40.759 [main] DEBUG com.jayway.jsonpath.internal.path.CompiledPath -- Evaluating path: $
12:50:40.759 [main] DEBUG com.jayway.jsonpath.internal.JsonContext -- Put path $ key type value char
12:50:40.759 [main] DEBUG com.jayway.jsonpath.internal.path.CompiledPath -- Evaluating path: $['text']
12:50:40.759 [main] DEBUG com.jayway.jsonpath.internal.path.CompiledPath -- Evaluating path: $
12:50:40.759 [main] DEBUG com.jayway.jsonpath.internal.path.CompiledPath -- Evaluating path: $
12:50:40.759 [main] DEBUG com.jayway.jsonpath.internal.JsonContext -- Put path $ key text value {}
12:50:40.759 [main] DEBUG com.jayway.jsonpath.internal.path.CompiledPath -- Evaluating path: $
12:50:40.759 [main] DEBUG com.jayway.jsonpath.internal.JsonContext -- Put path $ key text value s
12:50:40.759 [main] DEBUG com.jayway.jsonpath.internal.path.CompiledPath -- Evaluating path: $['windowsVirtualKeyCode']
12:50:40.759 [main] DEBUG com.jayway.jsonpath.internal.path.CompiledPath -- Evaluating path: $
12:50:40.759 [main] DEBUG com.jayway.jsonpath.internal.path.CompiledPath -- Evaluating path: $
12:50:40.759 [main] DEBUG com.jayway.jsonpath.internal.JsonContext -- Put path $ key windowsVirtualKeyCode value {}
12:50:40.760 [main] DEBUG com.jayway.jsonpath.internal.path.CompiledPath -- Evaluating path: $
12:50:40.760 [main] DEBUG com.jayway.jsonpath.internal.JsonContext -- Put path $ key windowsVirtualKeyCode value 115
12:50:40.760 [main] DEBUG com.jayway.jsonpath.internal.path.CompiledPath -- Evaluating path: $
12:50:40.760 [main] DEBUG com.intuit.karate.driver.chrome_1718781634841 -- >> {"id":50,"sessionId":"100CDC760D17220B271422C858A4FE9E","method":"Input.dispatchKeyEvent","params":{"modifiers":0,"type":"char","text":"s","windowsVirtualKeyCode":115}}
12:50:40.760 [nioEventLoopGroup-2-1] DEBUG com.intuit.karate.driver.chrome_1718781634841 -- << {"id":50,"result":{},"sessionId":"100CDC760D17220B271422C858A4FE9E"}
12:50:40.760 [nioEventLoopGroup-2-1] DEBUG com.jayway.jsonpath.internal.path.CompiledPath -- Evaluating path: $
12:50:40.760 [main] DEBUG com.jayway.jsonpath.internal.path.CompiledPath -- Evaluating path: $['modifiers']
12:50:40.760 [main] DEBUG com.jayway.jsonpath.internal.path.CompiledPath -- Evaluating path: $
12:50:40.760 [main] DEBUG com.jayway.jsonpath.internal.path.CompiledPath -- Evaluating path: $
12:50:40.760 [main] DEBUG com.jayway.jsonpath.internal.JsonContext -- Put path $ key modifiers value {}
12:50:40.760 [main] DEBUG com.jayway.jsonpath.internal.path.CompiledPath -- Evaluating path: $
12:50:40.760 [main] DEBUG com.jayway.jsonpath.internal.JsonContext -- Put path $ key modifiers value 0
12:50:40.760 [main] DEBUG com.jayway.jsonpath.internal.path.CompiledPath -- Evaluating path: $['type']
12:50:40.760 [main] DEBUG com.jayway.jsonpath.internal.path.CompiledPath -- Evaluating path: $
12:50:40.760 [main] DEBUG com.jayway.jsonpath.internal.path.CompiledPath -- Evaluating path: $
12:50:40.760 [main] DEBUG com.jayway.jsonpath.internal.JsonContext -- Put path $ key type value {}
12:50:40.760 [main] DEBUG com.jayway.jsonpath.internal.path.CompiledPath -- Evaluating path: $
12:50:40.760 [main] DEBUG com.jayway.jsonpath.internal.JsonContext -- Put path $ key type value keyUp
12:50:40.760 [main] DEBUG com.jayway.jsonpath.internal.path.CompiledPath -- Evaluating path: $['text']
12:50:40.760 [main] DEBUG com.jayway.jsonpath.internal.path.CompiledPath -- Evaluating path: $
12:50:40.760 [main] DEBUG com.jayway.jsonpath.internal.path.CompiledPath -- Evaluating path: $
12:50:40.760 [main] DEBUG com.jayway.jsonpath.internal.JsonContext -- Put path $ key text value {}
12:50:40.760 [main] DEBUG com.jayway.jsonpath.internal.path.CompiledPath -- Evaluating path: $
12:50:40.760 [main] DEBUG com.jayway.jsonpath.internal.JsonContext -- Put path $ key text value s
12:50:40.760 [main] DEBUG com.jayway.jsonpath.internal.path.CompiledPath -- Evaluating path: $['windowsVirtualKeyCode']
12:50:40.760 [main] DEBUG com.jayway.jsonpath.internal.path.CompiledPath -- Evaluating path: $
12:50:40.760 [main] DEBUG com.jayway.jsonpath.internal.path.CompiledPath -- Evaluating path: $
12:50:40.764 [main] DEBUG com.jayway.jsonpath.internal.JsonContext -- Put path $ key windowsVirtualKeyCode value {}
12:50:40.764 [main] DEBUG com.jayway.jsonpath.internal.path.CompiledPath -- Evaluating path: $
12:50:40.764 [main] DEBUG com.jayway.jsonpath.internal.JsonContext -- Put path $ key windowsVirtualKeyCode value 115
12:50:40.764 [main] DEBUG com.jayway.jsonpath.internal.path.CompiledPath -- Evaluating path: $
12:50:40.764 [main] DEBUG com.intuit.karate.driver.chrome_1718781634841 -- >> {"id":51,"sessionId":"100CDC760D17220B271422C858A4FE9E","method":"Input.dispatchKeyEvent","params":{"modifiers":0,"type":"keyUp","text":"s","windowsVirtualKeyCode":115}}
12:50:40.766 [nioEventLoopGroup-2-1] DEBUG com.intuit.karate.driver.chrome_1718781634841 -- << {"id":51,"result":{},"sessionId":"100CDC760D17220B271422C858A4FE9E"}
12:50:40.766 [nioEventLoopGroup-2-1] DEBUG com.jayway.jsonpath.internal.path.CompiledPath -- Evaluating path: $
12:50:40.766 [main] DEBUG com.jayway.jsonpath.internal.path.CompiledPath -- Evaluating path: $['modifiers']
12:50:40.766 [main] DEBUG com.jayway.jsonpath.internal.path.CompiledPath -- Evaluating path: $
12:50:40.766 [main] DEBUG com.jayway.jsonpath.internal.path.CompiledPath -- Evaluating path: $
12:50:40.766 [main] DEBUG com.jayway.jsonpath.internal.JsonContext -- Put path $ key modifiers value {}
12:50:40.766 [main] DEBUG com.jayway.jsonpath.internal.path.CompiledPath -- Evaluating path: $
12:50:40.766 [main] DEBUG com.jayway.jsonpath.internal.JsonContext -- Put path $ key modifiers value 0
12:50:40.766 [main] DEBUG com.jayway.jsonpath.internal.path.CompiledPath -- Evaluating path: $['type']
12:50:40.766 [main] DEBUG com.jayway.jsonpath.internal.path.CompiledPath -- Evaluating path: $
12:50:40.766 [main] DEBUG com.jayway.jsonpath.internal.path.CompiledPath -- Evaluating path: $
12:50:40.766 [main] DEBUG com.jayway.jsonpath.internal.JsonContext -- Put path $ key type value {}
12:50:40.766 [main] DEBUG com.jayway.jsonpath.internal.path.CompiledPath -- Evaluating path: $
12:50:40.766 [main] DEBUG com.jayway.jsonpath.internal.JsonContext -- Put path $ key type value rawKeyDown
12:50:40.766 [main] DEBUG com.jayway.jsonpath.internal.path.CompiledPath -- Evaluating path: $['text']
12:50:40.766 [main] DEBUG com.jayway.jsonpath.internal.path.CompiledPath -- Evaluating path: $
12:50:40.766 [main] DEBUG com.jayway.jsonpath.internal.path.CompiledPath -- Evaluating path: $
12:50:40.766 [main] DEBUG com.jayway.jsonpath.internal.JsonContext -- Put path $ key text value {}
12:50:40.766 [main] DEBUG com.jayway.jsonpath.internal.path.CompiledPath -- Evaluating path: $
12:50:40.766 [main] DEBUG com.jayway.jsonpath.internal.JsonContext -- Put path $ key text value e
12:50:40.766 [main] DEBUG com.jayway.jsonpath.internal.path.CompiledPath -- Evaluating path: $['windowsVirtualKeyCode']
12:50:40.766 [main] DEBUG com.jayway.jsonpath.internal.path.CompiledPath -- Evaluating path: $
12:50:40.766 [main] DEBUG com.jayway.jsonpath.internal.path.CompiledPath -- Evaluating path: $
12:50:40.766 [main] DEBUG com.jayway.jsonpath.internal.JsonContext -- Put path $ key windowsVirtualKeyCode value {}
12:50:40.766 [main] DEBUG com.jayway.jsonpath.internal.path.CompiledPath -- Evaluating path: $
12:50:40.766 [main] DEBUG com.jayway.jsonpath.internal.JsonContext -- Put path $ key windowsVirtualKeyCode value 101
12:50:40.766 [main] DEBUG com.jayway.jsonpath.internal.path.CompiledPath -- Evaluating path: $
12:50:40.766 [main] DEBUG com.intuit.karate.driver.chrome_1718781634841 -- >> {"id":52,"sessionId":"100CDC760D17220B271422C858A4FE9E","method":"Input.dispatchKeyEvent","params":{"modifiers":0,"type":"rawKeyDown","text":"e","windowsVirtualKeyCode":101}}
12:50:40.770 [nioEventLoopGroup-2-1] DEBUG com.intuit.karate.driver.chrome_1718781634841 -- << {"id":52,"result":{},"sessionId":"100CDC760D17220B271422C858A4FE9E"}
12:50:40.770 [nioEventLoopGroup-2-1] DEBUG com.jayway.jsonpath.internal.path.CompiledPath -- Evaluating path: $
12:50:40.770 [main] DEBUG com.jayway.jsonpath.internal.path.CompiledPath -- Evaluating path: $['modifiers']
12:50:40.770 [main] DEBUG com.jayway.jsonpath.internal.path.CompiledPath -- Evaluating path: $
12:50:40.770 [main] DEBUG com.jayway.jsonpath.internal.path.CompiledPath -- Evaluating path: $
12:50:40.770 [main] DEBUG com.jayway.jsonpath.internal.JsonContext -- Put path $ key modifiers value {}
12:50:40.770 [main] DEBUG com.jayway.jsonpath.internal.path.CompiledPath -- Evaluating path: $
12:50:40.770 [main] DEBUG com.jayway.jsonpath.internal.JsonContext -- Put path $ key modifiers value 0
12:50:40.770 [main] DEBUG com.jayway.jsonpath.internal.path.CompiledPath -- Evaluating path: $['type']
12:50:40.770 [main] DEBUG com.jayway.jsonpath.internal.path.CompiledPath -- Evaluating path: $
12:50:40.770 [main] DEBUG com.jayway.jsonpath.internal.path.CompiledPath -- Evaluating path: $
12:50:40.770 [main] DEBUG com.jayway.jsonpath.internal.JsonContext -- Put path $ key type value {}
12:50:40.770 [main] DEBUG com.jayway.jsonpath.internal.path.CompiledPath -- Evaluating path: $
12:50:40.770 [main] DEBUG com.jayway.jsonpath.internal.JsonContext -- Put path $ key type value char
12:50:40.770 [main] DEBUG com.jayway.jsonpath.internal.path.CompiledPath -- Evaluating path: $['text']
12:50:40.770 [main] DEBUG com.jayway.jsonpath.internal.path.CompiledPath -- Evaluating path: $
12:50:40.770 [main] DEBUG com.jayway.jsonpath.internal.path.CompiledPath -- Evaluating path: $
12:50:40.770 [main] DEBUG com.jayway.jsonpath.internal.JsonContext -- Put path $ key text value {}
12:50:40.770 [main] DEBUG com.jayway.jsonpath.internal.path.CompiledPath -- Evaluating path: $
12:50:40.770 [main] DEBUG com.jayway.jsonpath.internal.JsonContext -- Put path $ key text value e
12:50:40.770 [main] DEBUG com.jayway.jsonpath.internal.path.CompiledPath -- Evaluating path: $['windowsVirtualKeyCode']
12:50:40.770 [main] DEBUG com.jayway.jsonpath.internal.path.CompiledPath -- Evaluating path: $
12:50:40.770 [main] DEBUG com.jayway.jsonpath.internal.path.CompiledPath -- Evaluating path: $
12:50:40.770 [main] DEBUG com.jayway.jsonpath.internal.JsonContext -- Put path $ key windowsVirtualKeyCode value {}
12:50:40.770 [main] DEBUG com.jayway.jsonpath.internal.path.CompiledPath -- Evaluating path: $
12:50:40.770 [main] DEBUG com.jayway.jsonpath.internal.JsonContext -- Put path $ key windowsVirtualKeyCode value 101
12:50:40.770 [main] DEBUG com.jayway.jsonpath.internal.path.CompiledPath -- Evaluating path: $
12:50:40.770 [main] DEBUG com.intuit.karate.driver.chrome_1718781634841 -- >> {"id":53,"sessionId":"100CDC760D17220B271422C858A4FE9E","method":"Input.dispatchKeyEvent","params":{"modifiers":0,"type":"char","text":"e","windowsVirtualKeyCode":101}}
12:50:40.770 [nioEventLoopGroup-2-1] DEBUG com.intuit.karate.driver.chrome_1718781634841 -- << {"id":53,"result":{},"sessionId":"100CDC760D17220B271422C858A4FE9E"}
12:50:40.770 [nioEventLoopGroup-2-1] DEBUG com.jayway.jsonpath.internal.path.CompiledPath -- Evaluating path: $
12:50:40.770 [main] DEBUG com.jayway.jsonpath.internal.path.CompiledPath -- Evaluating path: $['modifiers']
12:50:40.770 [main] DEBUG com.jayway.jsonpath.internal.path.CompiledPath -- Evaluating path: $
12:50:40.770 [main] DEBUG com.jayway.jsonpath.internal.path.CompiledPath -- Evaluating path: $
12:50:40.770 [main] DEBUG com.jayway.jsonpath.internal.JsonContext -- Put path $ key modifiers value {}
12:50:40.770 [main] DEBUG com.jayway.jsonpath.internal.path.CompiledPath -- Evaluating path: $
12:50:40.770 [main] DEBUG com.jayway.jsonpath.internal.JsonContext -- Put path $ key modifiers value 0
12:50:40.770 [main] DEBUG com.jayway.jsonpath.internal.path.CompiledPath -- Evaluating path: $['type']
12:50:40.770 [main] DEBUG com.jayway.jsonpath.internal.path.CompiledPath -- Evaluating path: $
12:50:40.770 [main] DEBUG com.jayway.jsonpath.internal.path.CompiledPath -- Evaluating path: $
12:50:40.770 [main] DEBUG com.jayway.jsonpath.internal.JsonContext -- Put path $ key type value {}
12:50:40.770 [main] DEBUG com.jayway.jsonpath.internal.path.CompiledPath -- Evaluating path: $
12:50:40.770 [main] DEBUG com.jayway.jsonpath.internal.JsonContext -- Put path $ key type value keyUp
12:50:40.770 [main] DEBUG com.jayway.jsonpath.internal.path.CompiledPath -- Evaluating path: $['text']
12:50:40.770 [main] DEBUG com.jayway.jsonpath.internal.path.CompiledPath -- Evaluating path: $
12:50:40.770 [main] DEBUG com.jayway.jsonpath.internal.path.CompiledPath -- Evaluating path: $
12:50:40.770 [main] DEBUG com.jayway.jsonpath.internal.JsonContext -- Put path $ key text value {}
12:50:40.770 [main] DEBUG com.jayway.jsonpath.internal.path.CompiledPath -- Evaluating path: $
12:50:40.770 [main] DEBUG com.jayway.jsonpath.internal.JsonContext -- Put path $ key text value e
12:50:40.770 [main] DEBUG com.jayway.jsonpath.internal.path.CompiledPath -- Evaluating path: $['windowsVirtualKeyCode']
12:50:40.770 [main] DEBUG com.jayway.jsonpath.internal.path.CompiledPath -- Evaluating path: $
12:50:40.770 [main] DEBUG com.jayway.jsonpath.internal.path.CompiledPath -- Evaluating path: $
12:50:40.770 [main] DEBUG com.jayway.jsonpath.internal.JsonContext -- Put path $ key windowsVirtualKeyCode value {}
12:50:40.770 [main] DEBUG com.jayway.jsonpath.internal.path.CompiledPath -- Evaluating path: $
12:50:40.770 [main] DEBUG com.jayway.jsonpath.internal.JsonContext -- Put path $ key windowsVirtualKeyCode value 101
12:50:40.770 [main] DEBUG com.jayway.jsonpath.internal.path.CompiledPath -- Evaluating path: $
12:50:40.770 [main] DEBUG com.intuit.karate.driver.chrome_1718781634841 -- >> {"id":54,"sessionId":"100CDC760D17220B271422C858A4FE9E","method":"Input.dispatchKeyEvent","params":{"modifiers":0,"type":"keyUp","text":"e","windowsVirtualKeyCode":101}}
12:50:40.770 [nioEventLoopGroup-2-1] DEBUG com.intuit.karate.driver.chrome_1718781634841 -- << {"id":54,"result":{},"sessionId":"100CDC760D17220B271422C858A4FE9E"}
12:50:40.770 [nioEventLoopGroup-2-1] DEBUG com.jayway.jsonpath.internal.path.CompiledPath -- Evaluating path: $
12:50:40.770 [main] DEBUG com.jayway.jsonpath.internal.path.CompiledPath -- Evaluating path: $['modifiers']
12:50:40.770 [main] DEBUG com.jayway.jsonpath.internal.path.CompiledPath -- Evaluating path: $
12:50:40.770 [main] DEBUG com.jayway.jsonpath.internal.path.CompiledPath -- Evaluating path: $
12:50:40.770 [main] DEBUG com.jayway.jsonpath.internal.JsonContext -- Put path $ key modifiers value {}
12:50:40.770 [main] DEBUG com.jayway.jsonpath.internal.path.CompiledPath -- Evaluating path: $
12:50:40.770 [main] DEBUG com.jayway.jsonpath.internal.JsonContext -- Put path $ key modifiers value 0
12:50:40.770 [main] DEBUG com.jayway.jsonpath.internal.path.CompiledPath -- Evaluating path: $['type']
12:50:40.770 [main] DEBUG com.jayway.jsonpath.internal.path.CompiledPath -- Evaluating path: $
12:50:40.770 [main] DEBUG com.jayway.jsonpath.internal.path.CompiledPath -- Evaluating path: $
12:50:40.770 [main] DEBUG com.jayway.jsonpath.internal.JsonContext -- Put path $ key type value {}
12:50:40.770 [main] DEBUG com.jayway.jsonpath.internal.path.CompiledPath -- Evaluating path: $
12:50:40.770 [main] DEBUG com.jayway.jsonpath.internal.JsonContext -- Put path $ key type value rawKeyDown
12:50:40.770 [main] DEBUG com.jayway.jsonpath.internal.path.CompiledPath -- Evaluating path: $['text']
12:50:40.770 [main] DEBUG com.jayway.jsonpath.internal.path.CompiledPath -- Evaluating path: $
12:50:40.770 [main] DEBUG com.jayway.jsonpath.internal.path.CompiledPath -- Evaluating path: $
12:50:40.770 [main] DEBUG com.jayway.jsonpath.internal.JsonContext -- Put path $ key text value {}
12:50:40.770 [main] DEBUG com.jayway.jsonpath.internal.path.CompiledPath -- Evaluating path: $
12:50:40.770 [main] DEBUG com.jayway.jsonpath.internal.JsonContext -- Put path $ key text value c
12:50:40.770 [main] DEBUG com.jayway.jsonpath.internal.path.CompiledPath -- Evaluating path: $['windowsVirtualKeyCode']
12:50:40.770 [main] DEBUG com.jayway.jsonpath.internal.path.CompiledPath -- Evaluating path: $
12:50:40.770 [main] DEBUG com.jayway.jsonpath.internal.path.CompiledPath -- Evaluating path: $
12:50:40.770 [main] DEBUG com.jayway.jsonpath.internal.JsonContext -- Put path $ key windowsVirtualKeyCode value {}
12:50:40.770 [main] DEBUG com.jayway.jsonpath.internal.path.CompiledPath -- Evaluating path: $
12:50:40.770 [main] DEBUG com.jayway.jsonpath.internal.JsonContext -- Put path $ key windowsVirtualKeyCode value 99
12:50:40.770 [main] DEBUG com.jayway.jsonpath.internal.path.CompiledPath -- Evaluating path: $
12:50:40.770 [main] DEBUG com.intuit.karate.driver.chrome_1718781634841 -- >> {"id":55,"sessionId":"100CDC760D17220B271422C858A4FE9E","method":"Input.dispatchKeyEvent","params":{"modifiers":0,"type":"rawKeyDown","text":"c","windowsVirtualKeyCode":99}}
12:50:40.779 [nioEventLoopGroup-2-1] DEBUG com.intuit.karate.driver.chrome_1718781634841 -- << {"id":55,"result":{},"sessionId":"100CDC760D17220B271422C858A4FE9E"}
12:50:40.779 [nioEventLoopGroup-2-1] DEBUG com.jayway.jsonpath.internal.path.CompiledPath -- Evaluating path: $
12:50:40.779 [main] DEBUG com.jayway.jsonpath.internal.path.CompiledPath -- Evaluating path: $['modifiers']
12:50:40.779 [main] DEBUG com.jayway.jsonpath.internal.path.CompiledPath -- Evaluating path: $
12:50:40.779 [main] DEBUG com.jayway.jsonpath.internal.path.CompiledPath -- Evaluating path: $
12:50:40.779 [main] DEBUG com.jayway.jsonpath.internal.JsonContext -- Put path $ key modifiers value {}
12:50:40.779 [main] DEBUG com.jayway.jsonpath.internal.path.CompiledPath -- Evaluating path: $
12:50:40.779 [main] DEBUG com.jayway.jsonpath.internal.JsonContext -- Put path $ key modifiers value 0
12:50:40.779 [main] DEBUG com.jayway.jsonpath.internal.path.CompiledPath -- Evaluating path: $['type']
12:50:40.779 [main] DEBUG com.jayway.jsonpath.internal.path.CompiledPath -- Evaluating path: $
12:50:40.779 [main] DEBUG com.jayway.jsonpath.internal.path.CompiledPath -- Evaluating path: $
12:50:40.779 [main] DEBUG com.jayway.jsonpath.internal.JsonContext -- Put path $ key type value {}
12:50:40.779 [main] DEBUG com.jayway.jsonpath.internal.path.CompiledPath -- Evaluating path: $
12:50:40.779 [main] DEBUG com.jayway.jsonpath.internal.JsonContext -- Put path $ key type value char
12:50:40.779 [main] DEBUG com.jayway.jsonpath.internal.path.CompiledPath -- Evaluating path: $['text']
12:50:40.779 [main] DEBUG com.jayway.jsonpath.internal.path.CompiledPath -- Evaluating path: $
12:50:40.779 [main] DEBUG com.jayway.jsonpath.internal.path.CompiledPath -- Evaluating path: $
12:50:40.779 [main] DEBUG com.jayway.jsonpath.internal.JsonContext -- Put path $ key text value {}
12:50:40.779 [main] DEBUG com.jayway.jsonpath.internal.path.CompiledPath -- Evaluating path: $
12:50:40.779 [main] DEBUG com.jayway.jsonpath.internal.JsonContext -- Put path $ key text value c
12:50:40.779 [main] DEBUG com.jayway.jsonpath.internal.path.CompiledPath -- Evaluating path: $['windowsVirtualKeyCode']
12:50:40.779 [main] DEBUG com.jayway.jsonpath.internal.path.CompiledPath -- Evaluating path: $
12:50:40.779 [main] DEBUG com.jayway.jsonpath.internal.path.CompiledPath -- Evaluating path: $
12:50:40.779 [main] DEBUG com.jayway.jsonpath.internal.JsonContext -- Put path $ key windowsVirtualKeyCode value {}
12:50:40.779 [main] DEBUG com.jayway.jsonpath.internal.path.CompiledPath -- Evaluating path: $
12:50:40.779 [main] DEBUG com.jayway.jsonpath.internal.JsonContext -- Put path $ key windowsVirtualKeyCode value 99
12:50:40.779 [main] DEBUG com.jayway.jsonpath.internal.path.CompiledPath -- Evaluating path: $
12:50:40.779 [main] DEBUG com.intuit.karate.driver.chrome_1718781634841 -- >> {"id":56,"sessionId":"100CDC760D17220B271422C858A4FE9E","method":"Input.dispatchKeyEvent","params":{"modifiers":0,"type":"char","text":"c","windowsVirtualKeyCode":99}}
12:50:40.785 [nioEventLoopGroup-2-1] DEBUG com.intuit.karate.driver.chrome_1718781634841 -- << {"id":56,"result":{},"sessionId":"100CDC760D17220B271422C858A4FE9E"}
12:50:40.785 [nioEventLoopGroup-2-1] DEBUG com.jayway.jsonpath.internal.path.CompiledPath -- Evaluating path: $
12:50:40.785 [main] DEBUG com.jayway.jsonpath.internal.path.CompiledPath -- Evaluating path: $['modifiers']
12:50:40.785 [main] DEBUG com.jayway.jsonpath.internal.path.CompiledPath -- Evaluating path: $
12:50:40.785 [main] DEBUG com.jayway.jsonpath.internal.path.CompiledPath -- Evaluating path: $
12:50:40.785 [main] DEBUG com.jayway.jsonpath.internal.JsonContext -- Put path $ key modifiers value {}
12:50:40.785 [main] DEBUG com.jayway.jsonpath.internal.path.CompiledPath -- Evaluating path: $
12:50:40.785 [main] DEBUG com.jayway.jsonpath.internal.JsonContext -- Put path $ key modifiers value 0
12:50:40.785 [main] DEBUG com.jayway.jsonpath.internal.path.CompiledPath -- Evaluating path: $['type']
12:50:40.785 [main] DEBUG com.jayway.jsonpath.internal.path.CompiledPath -- Evaluating path: $
12:50:40.785 [main] DEBUG com.jayway.jsonpath.internal.path.CompiledPath -- Evaluating path: $
12:50:40.785 [main] DEBUG com.jayway.jsonpath.internal.JsonContext -- Put path $ key type value {}
12:50:40.785 [main] DEBUG com.jayway.jsonpath.internal.path.CompiledPath -- Evaluating path: $
12:50:40.785 [main] DEBUG com.jayway.jsonpath.internal.JsonContext -- Put path $ key type value keyUp
12:50:40.785 [main] DEBUG com.jayway.jsonpath.internal.path.CompiledPath -- Evaluating path: $['text']
12:50:40.785 [main] DEBUG com.jayway.jsonpath.internal.path.CompiledPath -- Evaluating path: $
12:50:40.785 [main] DEBUG com.jayway.jsonpath.internal.path.CompiledPath -- Evaluating path: $
12:50:40.785 [main] DEBUG com.jayway.jsonpath.internal.JsonContext -- Put path $ key text value {}
12:50:40.785 [main] DEBUG com.jayway.jsonpath.internal.path.CompiledPath -- Evaluating path: $
12:50:40.785 [main] DEBUG com.jayway.jsonpath.internal.JsonContext -- Put path $ key text value c
12:50:40.785 [main] DEBUG com.jayway.jsonpath.internal.path.CompiledPath -- Evaluating path: $['windowsVirtualKeyCode']
12:50:40.785 [main] DEBUG com.jayway.jsonpath.internal.path.CompiledPath -- Evaluating path: $
12:50:40.785 [main] DEBUG com.jayway.jsonpath.internal.path.CompiledPath -- Evaluating path: $
12:50:40.785 [main] DEBUG com.jayway.jsonpath.internal.JsonContext -- Put path $ key windowsVirtualKeyCode value {}
12:50:40.785 [main] DEBUG com.jayway.jsonpath.internal.path.CompiledPath -- Evaluating path: $
12:50:40.785 [main] DEBUG com.jayway.jsonpath.internal.JsonContext -- Put path $ key windowsVirtualKeyCode value 99
12:50:40.785 [main] DEBUG com.jayway.jsonpath.internal.path.CompiledPath -- Evaluating path: $
12:50:40.785 [main] DEBUG com.intuit.karate.driver.chrome_1718781634841 -- >> {"id":57,"sessionId":"100CDC760D17220B271422C858A4FE9E","method":"Input.dispatchKeyEvent","params":{"modifiers":0,"type":"keyUp","text":"c","windowsVirtualKeyCode":99}}
12:50:40.787 [nioEventLoopGroup-2-1] DEBUG com.intuit.karate.driver.chrome_1718781634841 -- << {"id":57,"result":{},"sessionId":"100CDC760D17220B271422C858A4FE9E"}
12:50:40.787 [nioEventLoopGroup-2-1] DEBUG com.jayway.jsonpath.internal.path.CompiledPath -- Evaluating path: $
12:50:40.787 [main] DEBUG com.jayway.jsonpath.internal.path.CompiledPath -- Evaluating path: $['modifiers']
12:50:40.787 [main] DEBUG com.jayway.jsonpath.internal.path.CompiledPath -- Evaluating path: $
12:50:40.787 [main] DEBUG com.jayway.jsonpath.internal.path.CompiledPath -- Evaluating path: $
12:50:40.787 [main] DEBUG com.jayway.jsonpath.internal.JsonContext -- Put path $ key modifiers value {}
12:50:40.787 [main] DEBUG com.jayway.jsonpath.internal.path.CompiledPath -- Evaluating path: $
12:50:40.787 [main] DEBUG com.jayway.jsonpath.internal.JsonContext -- Put path $ key modifiers value 0
12:50:40.787 [main] DEBUG com.jayway.jsonpath.internal.path.CompiledPath -- Evaluating path: $['type']
12:50:40.787 [main] DEBUG com.jayway.jsonpath.internal.path.CompiledPath -- Evaluating path: $
12:50:40.787 [main] DEBUG com.jayway.jsonpath.internal.path.CompiledPath -- Evaluating path: $
12:50:40.787 [main] DEBUG com.jayway.jsonpath.internal.JsonContext -- Put path $ key type value {}
12:50:40.787 [main] DEBUG com.jayway.jsonpath.internal.path.CompiledPath -- Evaluating path: $
12:50:40.787 [main] DEBUG com.jayway.jsonpath.internal.JsonContext -- Put path $ key type value rawKeyDown
12:50:40.787 [main] DEBUG com.jayway.jsonpath.internal.path.CompiledPath -- Evaluating path: $['text']
12:50:40.787 [main] DEBUG com.jayway.jsonpath.internal.path.CompiledPath -- Evaluating path: $
12:50:40.787 [main] DEBUG com.jayway.jsonpath.internal.path.CompiledPath -- Evaluating path: $
12:50:40.787 [main] DEBUG com.jayway.jsonpath.internal.JsonContext -- Put path $ key text value {}
12:50:40.787 [main] DEBUG com.jayway.jsonpath.internal.path.CompiledPath -- Evaluating path: $
12:50:40.787 [main] DEBUG com.jayway.jsonpath.internal.JsonContext -- Put path $ key text value r
12:50:40.787 [main] DEBUG com.jayway.jsonpath.internal.path.CompiledPath -- Evaluating path: $['windowsVirtualKeyCode']
12:50:40.787 [main] DEBUG com.jayway.jsonpath.internal.path.CompiledPath -- Evaluating path: $
12:50:40.787 [main] DEBUG com.jayway.jsonpath.internal.path.CompiledPath -- Evaluating path: $
12:50:40.787 [main] DEBUG com.jayway.jsonpath.internal.JsonContext -- Put path $ key windowsVirtualKeyCode value {}
12:50:40.787 [main] DEBUG com.jayway.jsonpath.internal.path.CompiledPath -- Evaluating path: $
12:50:40.787 [main] DEBUG com.jayway.jsonpath.internal.JsonContext -- Put path $ key windowsVirtualKeyCode value 114
12:50:40.787 [main] DEBUG com.jayway.jsonpath.internal.path.CompiledPath -- Evaluating path: $
12:50:40.787 [main] DEBUG com.intuit.karate.driver.chrome_1718781634841 -- >> {"id":58,"sessionId":"100CDC760D17220B271422C858A4FE9E","method":"Input.dispatchKeyEvent","params":{"modifiers":0,"type":"rawKeyDown","text":"r","windowsVirtualKeyCode":114}}
12:50:40.789 [nioEventLoopGroup-2-1] DEBUG com.intuit.karate.driver.chrome_1718781634841 -- << {"id":58,"result":{},"sessionId":"100CDC760D17220B271422C858A4FE9E"}
12:50:40.789 [nioEventLoopGroup-2-1] DEBUG com.jayway.jsonpath.internal.path.CompiledPath -- Evaluating path: $
12:50:40.789 [main] DEBUG com.jayway.jsonpath.internal.path.CompiledPath -- Evaluating path: $['modifiers']
12:50:40.789 [main] DEBUG com.jayway.jsonpath.internal.path.CompiledPath -- Evaluating path: $
12:50:40.789 [main] DEBUG com.jayway.jsonpath.internal.path.CompiledPath -- Evaluating path: $
12:50:40.789 [main] DEBUG com.jayway.jsonpath.internal.JsonContext -- Put path $ key modifiers value {}
12:50:40.789 [main] DEBUG com.jayway.jsonpath.internal.path.CompiledPath -- Evaluating path: $
12:50:40.789 [main] DEBUG com.jayway.jsonpath.internal.JsonContext -- Put path $ key modifiers value 0
12:50:40.789 [main] DEBUG com.jayway.jsonpath.internal.path.CompiledPath -- Evaluating path: $['type']
12:50:40.789 [main] DEBUG com.jayway.jsonpath.internal.path.CompiledPath -- Evaluating path: $
12:50:40.789 [main] DEBUG com.jayway.jsonpath.internal.path.CompiledPath -- Evaluating path: $
12:50:40.789 [main] DEBUG com.jayway.jsonpath.internal.JsonContext -- Put path $ key type value {}
12:50:40.789 [main] DEBUG com.jayway.jsonpath.internal.path.CompiledPath -- Evaluating path: $
12:50:40.789 [main] DEBUG com.jayway.jsonpath.internal.JsonContext -- Put path $ key type value char
12:50:40.789 [main] DEBUG com.jayway.jsonpath.internal.path.CompiledPath -- Evaluating path: $['text']
12:50:40.789 [main] DEBUG com.jayway.jsonpath.internal.path.CompiledPath -- Evaluating path: $
12:50:40.789 [main] DEBUG com.jayway.jsonpath.internal.path.CompiledPath -- Evaluating path: $
12:50:40.789 [main] DEBUG com.jayway.jsonpath.internal.JsonContext -- Put path $ key text value {}
12:50:40.789 [main] DEBUG com.jayway.jsonpath.internal.path.CompiledPath -- Evaluating path: $
12:50:40.789 [main] DEBUG com.jayway.jsonpath.internal.JsonContext -- Put path $ key text value r
12:50:40.789 [main] DEBUG com.jayway.jsonpath.internal.path.CompiledPath -- Evaluating path: $['windowsVirtualKeyCode']
12:50:40.789 [main] DEBUG com.jayway.jsonpath.internal.path.CompiledPath -- Evaluating path: $
12:50:40.789 [main] DEBUG com.jayway.jsonpath.internal.path.CompiledPath -- Evaluating path: $
12:50:40.789 [main] DEBUG com.jayway.jsonpath.internal.JsonContext -- Put path $ key windowsVirtualKeyCode value {}
12:50:40.789 [main] DEBUG com.jayway.jsonpath.internal.path.CompiledPath -- Evaluating path: $
12:50:40.789 [main] DEBUG com.jayway.jsonpath.internal.JsonContext -- Put path $ key windowsVirtualKeyCode value 114
12:50:40.789 [main] DEBUG com.jayway.jsonpath.internal.path.CompiledPath -- Evaluating path: $
12:50:40.789 [main] DEBUG com.intuit.karate.driver.chrome_1718781634841 -- >> {"id":59,"sessionId":"100CDC760D17220B271422C858A4FE9E","method":"Input.dispatchKeyEvent","params":{"modifiers":0,"type":"char","text":"r","windowsVirtualKeyCode":114}}
12:50:40.792 [nioEventLoopGroup-2-1] DEBUG com.intuit.karate.driver.chrome_1718781634841 -- << {"id":59,"result":{},"sessionId":"100CDC760D17220B271422C858A4FE9E"}
12:50:40.792 [nioEventLoopGroup-2-1] DEBUG com.jayway.jsonpath.internal.path.CompiledPath -- Evaluating path: $
12:50:40.792 [main] DEBUG com.jayway.jsonpath.internal.path.CompiledPath -- Evaluating path: $['modifiers']
12:50:40.792 [main] DEBUG com.jayway.jsonpath.internal.path.CompiledPath -- Evaluating path: $
12:50:40.792 [main] DEBUG com.jayway.jsonpath.internal.path.CompiledPath -- Evaluating path: $
12:50:40.792 [main] DEBUG com.jayway.jsonpath.internal.JsonContext -- Put path $ key modifiers value {}
12:50:40.792 [main] DEBUG com.jayway.jsonpath.internal.path.CompiledPath -- Evaluating path: $
12:50:40.792 [main] DEBUG com.jayway.jsonpath.internal.JsonContext -- Put path $ key modifiers value 0
12:50:40.792 [main] DEBUG com.jayway.jsonpath.internal.path.CompiledPath -- Evaluating path: $['type']
12:50:40.792 [main] DEBUG com.jayway.jsonpath.internal.path.CompiledPath -- Evaluating path: $
12:50:40.792 [main] DEBUG com.jayway.jsonpath.internal.path.CompiledPath -- Evaluating path: $
12:50:40.792 [main] DEBUG com.jayway.jsonpath.internal.JsonContext -- Put path $ key type value {}
12:50:40.792 [main] DEBUG com.jayway.jsonpath.internal.path.CompiledPath -- Evaluating path: $
12:50:40.792 [main] DEBUG com.jayway.jsonpath.internal.JsonContext -- Put path $ key type value keyUp
12:50:40.792 [main] DEBUG com.jayway.jsonpath.internal.path.CompiledPath -- Evaluating path: $['text']
12:50:40.792 [main] DEBUG com.jayway.jsonpath.internal.path.CompiledPath -- Evaluating path: $
12:50:40.792 [main] DEBUG com.jayway.jsonpath.internal.path.CompiledPath -- Evaluating path: $
12:50:40.792 [main] DEBUG com.jayway.jsonpath.internal.JsonContext -- Put path $ key text value {}
12:50:40.792 [main] DEBUG com.jayway.jsonpath.internal.path.CompiledPath -- Evaluating path: $
12:50:40.792 [main] DEBUG com.jayway.jsonpath.internal.JsonContext -- Put path $ key text value r
12:50:40.792 [main] DEBUG com.jayway.jsonpath.internal.path.CompiledPath -- Evaluating path: $['windowsVirtualKeyCode']
12:50:40.792 [main] DEBUG com.jayway.jsonpath.internal.path.CompiledPath -- Evaluating path: $
12:50:40.792 [main] DEBUG com.jayway.jsonpath.internal.path.CompiledPath -- Evaluating path: $
12:50:40.792 [main] DEBUG com.jayway.jsonpath.internal.JsonContext -- Put path $ key windowsVirtualKeyCode value {}
12:50:40.792 [main] DEBUG com.jayway.jsonpath.internal.path.CompiledPath -- Evaluating path: $
12:50:40.792 [main] DEBUG com.jayway.jsonpath.internal.JsonContext -- Put path $ key windowsVirtualKeyCode value 114
12:50:40.792 [main] DEBUG com.jayway.jsonpath.internal.path.CompiledPath -- Evaluating path: $
12:50:40.792 [main] DEBUG com.intuit.karate.driver.chrome_1718781634841 -- >> {"id":60,"sessionId":"100CDC760D17220B271422C858A4FE9E","method":"Input.dispatchKeyEvent","params":{"modifiers":0,"type":"keyUp","text":"r","windowsVirtualKeyCode":114}}
12:50:40.793 [nioEventLoopGroup-2-1] DEBUG com.intuit.karate.driver.chrome_1718781634841 -- << {"id":60,"result":{},"sessionId":"100CDC760D17220B271422C858A4FE9E"}
12:50:40.793 [nioEventLoopGroup-2-1] DEBUG com.jayway.jsonpath.internal.path.CompiledPath -- Evaluating path: $
12:50:40.793 [main] DEBUG com.jayway.jsonpath.internal.path.CompiledPath -- Evaluating path: $['modifiers']
12:50:40.793 [main] DEBUG com.jayway.jsonpath.internal.path.CompiledPath -- Evaluating path: $
12:50:40.793 [main] DEBUG com.jayway.jsonpath.internal.path.CompiledPath -- Evaluating path: $
12:50:40.793 [main] DEBUG com.jayway.jsonpath.internal.JsonContext -- Put path $ key modifiers value {}
12:50:40.793 [main] DEBUG com.jayway.jsonpath.internal.path.CompiledPath -- Evaluating path: $
12:50:40.793 [main] DEBUG com.jayway.jsonpath.internal.JsonContext -- Put path $ key modifiers value 0
12:50:40.793 [main] DEBUG com.jayway.jsonpath.internal.path.CompiledPath -- Evaluating path: $['type']
12:50:40.793 [main] DEBUG com.jayway.jsonpath.internal.path.CompiledPath -- Evaluating path: $
12:50:40.793 [main] DEBUG com.jayway.jsonpath.internal.path.CompiledPath -- Evaluating path: $
12:50:40.793 [main] DEBUG com.jayway.jsonpath.internal.JsonContext -- Put path $ key type value {}
12:50:40.793 [main] DEBUG com.jayway.jsonpath.internal.path.CompiledPath -- Evaluating path: $
12:50:40.793 [main] DEBUG com.jayway.jsonpath.internal.JsonContext -- Put path $ key type value rawKeyDown
12:50:40.793 [main] DEBUG com.jayway.jsonpath.internal.path.CompiledPath -- Evaluating path: $['text']
12:50:40.793 [main] DEBUG com.jayway.jsonpath.internal.path.CompiledPath -- Evaluating path: $
12:50:40.793 [main] DEBUG com.jayway.jsonpath.internal.path.CompiledPath -- Evaluating path: $
12:50:40.793 [main] DEBUG com.jayway.jsonpath.internal.JsonContext -- Put path $ key text value {}
12:50:40.793 [main] DEBUG com.jayway.jsonpath.internal.path.CompiledPath -- Evaluating path: $
12:50:40.793 [main] DEBUG com.jayway.jsonpath.internal.JsonContext -- Put path $ key text value e
12:50:40.793 [main] DEBUG com.jayway.jsonpath.internal.path.CompiledPath -- Evaluating path: $['windowsVirtualKeyCode']
12:50:40.793 [main] DEBUG com.jayway.jsonpath.internal.path.CompiledPath -- Evaluating path: $
12:50:40.793 [main] DEBUG com.jayway.jsonpath.internal.path.CompiledPath -- Evaluating path: $
12:50:40.793 [main] DEBUG com.jayway.jsonpath.internal.JsonContext -- Put path $ key windowsVirtualKeyCode value {}
12:50:40.793 [main] DEBUG com.jayway.jsonpath.internal.path.CompiledPath -- Evaluating path: $
12:50:40.793 [main] DEBUG com.jayway.jsonpath.internal.JsonContext -- Put path $ key windowsVirtualKeyCode value 101
12:50:40.793 [main] DEBUG com.jayway.jsonpath.internal.path.CompiledPath -- Evaluating path: $
12:50:40.793 [main] DEBUG com.intuit.karate.driver.chrome_1718781634841 -- >> {"id":61,"sessionId":"100CDC760D17220B271422C858A4FE9E","method":"Input.dispatchKeyEvent","params":{"modifiers":0,"type":"rawKeyDown","text":"e","windowsVirtualKeyCode":101}}
12:50:40.795 [nioEventLoopGroup-2-1] DEBUG com.intuit.karate.driver.chrome_1718781634841 -- << {"id":61,"result":{},"sessionId":"100CDC760D17220B271422C858A4FE9E"}
12:50:40.795 [nioEventLoopGroup-2-1] DEBUG com.jayway.jsonpath.internal.path.CompiledPath -- Evaluating path: $
12:50:40.795 [main] DEBUG com.jayway.jsonpath.internal.path.CompiledPath -- Evaluating path: $['modifiers']
12:50:40.795 [main] DEBUG com.jayway.jsonpath.internal.path.CompiledPath -- Evaluating path: $
12:50:40.795 [main] DEBUG com.jayway.jsonpath.internal.path.CompiledPath -- Evaluating path: $
12:50:40.795 [main] DEBUG com.jayway.jsonpath.internal.JsonContext -- Put path $ key modifiers value {}
12:50:40.795 [main] DEBUG com.jayway.jsonpath.internal.path.CompiledPath -- Evaluating path: $
12:50:40.795 [main] DEBUG com.jayway.jsonpath.internal.JsonContext -- Put path $ key modifiers value 0
12:50:40.795 [main] DEBUG com.jayway.jsonpath.internal.path.CompiledPath -- Evaluating path: $['type']
12:50:40.795 [main] DEBUG com.jayway.jsonpath.internal.path.CompiledPath -- Evaluating path: $
12:50:40.795 [main] DEBUG com.jayway.jsonpath.internal.path.CompiledPath -- Evaluating path: $
12:50:40.795 [main] DEBUG com.jayway.jsonpath.internal.JsonContext -- Put path $ key type value {}
12:50:40.795 [main] DEBUG com.jayway.jsonpath.internal.path.CompiledPath -- Evaluating path: $
12:50:40.795 [main] DEBUG com.jayway.jsonpath.internal.JsonContext -- Put path $ key type value char
12:50:40.795 [main] DEBUG com.jayway.jsonpath.internal.path.CompiledPath -- Evaluating path: $['text']
12:50:40.795 [main] DEBUG com.jayway.jsonpath.internal.path.CompiledPath -- Evaluating path: $
12:50:40.795 [main] DEBUG com.jayway.jsonpath.internal.path.CompiledPath -- Evaluating path: $
12:50:40.795 [main] DEBUG com.jayway.jsonpath.internal.JsonContext -- Put path $ key text value {}
12:50:40.795 [main] DEBUG com.jayway.jsonpath.internal.path.CompiledPath -- Evaluating path: $
12:50:40.795 [main] DEBUG com.jayway.jsonpath.internal.JsonContext -- Put path $ key text value e
12:50:40.795 [main] DEBUG com.jayway.jsonpath.internal.path.CompiledPath -- Evaluating path: $['windowsVirtualKeyCode']
12:50:40.795 [main] DEBUG com.jayway.jsonpath.internal.path.CompiledPath -- Evaluating path: $
12:50:40.795 [main] DEBUG com.jayway.jsonpath.internal.path.CompiledPath -- Evaluating path: $
12:50:40.795 [main] DEBUG com.jayway.jsonpath.internal.JsonContext -- Put path $ key windowsVirtualKeyCode value {}
12:50:40.795 [main] DEBUG com.jayway.jsonpath.internal.path.CompiledPath -- Evaluating path: $
12:50:40.795 [main] DEBUG com.jayway.jsonpath.internal.JsonContext -- Put path $ key windowsVirtualKeyCode value 101
12:50:40.795 [main] DEBUG com.jayway.jsonpath.internal.path.CompiledPath -- Evaluating path: $
12:50:40.795 [main] DEBUG com.intuit.karate.driver.chrome_1718781634841 -- >> {"id":62,"sessionId":"100CDC760D17220B271422C858A4FE9E","method":"Input.dispatchKeyEvent","params":{"modifiers":0,"type":"char","text":"e","windowsVirtualKeyCode":101}}
12:50:40.799 [nioEventLoopGroup-2-1] DEBUG com.intuit.karate.driver.chrome_1718781634841 -- << {"id":62,"result":{},"sessionId":"100CDC760D17220B271422C858A4FE9E"}
12:50:40.799 [nioEventLoopGroup-2-1] DEBUG com.jayway.jsonpath.internal.path.CompiledPath -- Evaluating path: $
12:50:40.801 [main] DEBUG com.jayway.jsonpath.internal.path.CompiledPath -- Evaluating path: $['modifiers']
12:50:40.801 [main] DEBUG com.jayway.jsonpath.internal.path.CompiledPath -- Evaluating path: $
12:50:40.801 [main] DEBUG com.jayway.jsonpath.internal.path.CompiledPath -- Evaluating path: $
12:50:40.801 [main] DEBUG com.jayway.jsonpath.internal.JsonContext -- Put path $ key modifiers value {}
12:50:40.801 [main] DEBUG com.jayway.jsonpath.internal.path.CompiledPath -- Evaluating path: $
12:50:40.801 [main] DEBUG com.jayway.jsonpath.internal.JsonContext -- Put path $ key modifiers value 0
12:50:40.802 [main] DEBUG com.jayway.jsonpath.internal.path.CompiledPath -- Evaluating path: $['type']
12:50:40.802 [main] DEBUG com.jayway.jsonpath.internal.path.CompiledPath -- Evaluating path: $
12:50:40.802 [main] DEBUG com.jayway.jsonpath.internal.path.CompiledPath -- Evaluating path: $
12:50:40.802 [main] DEBUG com.jayway.jsonpath.internal.JsonContext -- Put path $ key type value {}
12:50:40.802 [main] DEBUG com.jayway.jsonpath.internal.path.CompiledPath -- Evaluating path: $
12:50:40.802 [main] DEBUG com.jayway.jsonpath.internal.JsonContext -- Put path $ key type value keyUp
12:50:40.802 [main] DEBUG com.jayway.jsonpath.internal.path.CompiledPath -- Evaluating path: $['text']
12:50:40.802 [main] DEBUG com.jayway.jsonpath.internal.path.CompiledPath -- Evaluating path: $
12:50:40.802 [main] DEBUG com.jayway.jsonpath.internal.path.CompiledPath -- Evaluating path: $
12:50:40.802 [main] DEBUG com.jayway.jsonpath.internal.JsonContext -- Put path $ key text value {}
12:50:40.802 [main] DEBUG com.jayway.jsonpath.internal.path.CompiledPath -- Evaluating path: $
12:50:40.802 [main] DEBUG com.jayway.jsonpath.internal.JsonContext -- Put path $ key text value e
12:50:40.802 [main] DEBUG com.jayway.jsonpath.internal.path.CompiledPath -- Evaluating path: $['windowsVirtualKeyCode']
12:50:40.802 [main] DEBUG com.jayway.jsonpath.internal.path.CompiledPath -- Evaluating path: $
12:50:40.802 [main] DEBUG com.jayway.jsonpath.internal.path.CompiledPath -- Evaluating path: $
12:50:40.802 [main] DEBUG com.jayway.jsonpath.internal.JsonContext -- Put path $ key windowsVirtualKeyCode value {}
12:50:40.802 [main] DEBUG com.jayway.jsonpath.internal.path.CompiledPath -- Evaluating path: $
12:50:40.802 [main] DEBUG com.jayway.jsonpath.internal.JsonContext -- Put path $ key windowsVirtualKeyCode value 101
12:50:40.802 [main] DEBUG com.jayway.jsonpath.internal.path.CompiledPath -- Evaluating path: $
12:50:40.802 [main] DEBUG com.intuit.karate.driver.chrome_1718781634841 -- >> {"id":63,"sessionId":"100CDC760D17220B271422C858A4FE9E","method":"Input.dispatchKeyEvent","params":{"modifiers":0,"type":"keyUp","text":"e","windowsVirtualKeyCode":101}}
12:50:40.803 [nioEventLoopGroup-2-1] DEBUG com.intuit.karate.driver.chrome_1718781634841 -- << {"id":63,"result":{},"sessionId":"100CDC760D17220B271422C858A4FE9E"}
12:50:40.803 [nioEventLoopGroup-2-1] DEBUG com.jayway.jsonpath.internal.path.CompiledPath -- Evaluating path: $
12:50:40.803 [main] DEBUG com.jayway.jsonpath.internal.path.CompiledPath -- Evaluating path: $['modifiers']
12:50:40.803 [main] DEBUG com.jayway.jsonpath.internal.path.CompiledPath -- Evaluating path: $
12:50:40.803 [main] DEBUG com.jayway.jsonpath.internal.path.CompiledPath -- Evaluating path: $
12:50:40.803 [main] DEBUG com.jayway.jsonpath.internal.JsonContext -- Put path $ key modifiers value {}
12:50:40.803 [main] DEBUG com.jayway.jsonpath.internal.path.CompiledPath -- Evaluating path: $
12:50:40.803 [main] DEBUG com.jayway.jsonpath.internal.JsonContext -- Put path $ key modifiers value 0
12:50:40.803 [main] DEBUG com.jayway.jsonpath.internal.path.CompiledPath -- Evaluating path: $['type']
12:50:40.803 [main] DEBUG com.jayway.jsonpath.internal.path.CompiledPath -- Evaluating path: $
12:50:40.803 [main] DEBUG com.jayway.jsonpath.internal.path.CompiledPath -- Evaluating path: $
12:50:40.803 [main] DEBUG com.jayway.jsonpath.internal.JsonContext -- Put path $ key type value {}
12:50:40.803 [main] DEBUG com.jayway.jsonpath.internal.path.CompiledPath -- Evaluating path: $
12:50:40.803 [main] DEBUG com.jayway.jsonpath.internal.JsonContext -- Put path $ key type value rawKeyDown
12:50:40.803 [main] DEBUG com.jayway.jsonpath.internal.path.CompiledPath -- Evaluating path: $['text']
12:50:40.803 [main] DEBUG com.jayway.jsonpath.internal.path.CompiledPath -- Evaluating path: $
12:50:40.803 [main] DEBUG com.jayway.jsonpath.internal.path.CompiledPath -- Evaluating path: $
12:50:40.803 [main] DEBUG com.jayway.jsonpath.internal.JsonContext -- Put path $ key text value {}
12:50:40.803 [main] DEBUG com.jayway.jsonpath.internal.path.CompiledPath -- Evaluating path: $
12:50:40.803 [main] DEBUG com.jayway.jsonpath.internal.JsonContext -- Put path $ key text value t
12:50:40.803 [main] DEBUG com.jayway.jsonpath.internal.path.CompiledPath -- Evaluating path: $['windowsVirtualKeyCode']
12:50:40.803 [main] DEBUG com.jayway.jsonpath.internal.path.CompiledPath -- Evaluating path: $
12:50:40.803 [main] DEBUG com.jayway.jsonpath.internal.path.CompiledPath -- Evaluating path: $
12:50:40.803 [main] DEBUG com.jayway.jsonpath.internal.JsonContext -- Put path $ key windowsVirtualKeyCode value {}
12:50:40.803 [main] DEBUG com.jayway.jsonpath.internal.path.CompiledPath -- Evaluating path: $
12:50:40.803 [main] DEBUG com.jayway.jsonpath.internal.JsonContext -- Put path $ key windowsVirtualKeyCode value 116
12:50:40.803 [main] DEBUG com.jayway.jsonpath.internal.path.CompiledPath -- Evaluating path: $
12:50:40.803 [main] DEBUG com.intuit.karate.driver.chrome_1718781634841 -- >> {"id":64,"sessionId":"100CDC760D17220B271422C858A4FE9E","method":"Input.dispatchKeyEvent","params":{"modifiers":0,"type":"rawKeyDown","text":"t","windowsVirtualKeyCode":116}}
12:50:40.805 [nioEventLoopGroup-2-1] DEBUG com.intuit.karate.driver.chrome_1718781634841 -- << {"id":64,"result":{},"sessionId":"100CDC760D17220B271422C858A4FE9E"}
12:50:40.805 [nioEventLoopGroup-2-1] DEBUG com.jayway.jsonpath.internal.path.CompiledPath -- Evaluating path: $
12:50:40.805 [main] DEBUG com.jayway.jsonpath.internal.path.CompiledPath -- Evaluating path: $['modifiers']
12:50:40.805 [main] DEBUG com.jayway.jsonpath.internal.path.CompiledPath -- Evaluating path: $
12:50:40.805 [main] DEBUG com.jayway.jsonpath.internal.path.CompiledPath -- Evaluating path: $
12:50:40.805 [main] DEBUG com.jayway.jsonpath.internal.JsonContext -- Put path $ key modifiers value {}
12:50:40.805 [main] DEBUG com.jayway.jsonpath.internal.path.CompiledPath -- Evaluating path: $
12:50:40.809 [main] DEBUG com.jayway.jsonpath.internal.JsonContext -- Put path $ key modifiers value 0
12:50:40.810 [main] DEBUG com.jayway.jsonpath.internal.path.CompiledPath -- Evaluating path: $['type']
12:50:40.810 [main] DEBUG com.jayway.jsonpath.internal.path.CompiledPath -- Evaluating path: $
12:50:40.810 [main] DEBUG com.jayway.jsonpath.internal.path.CompiledPath -- Evaluating path: $
12:50:40.810 [main] DEBUG com.jayway.jsonpath.internal.JsonContext -- Put path $ key type value {}
12:50:40.810 [main] DEBUG com.jayway.jsonpath.internal.path.CompiledPath -- Evaluating path: $
12:50:40.810 [main] DEBUG com.jayway.jsonpath.internal.JsonContext -- Put path $ key type value char
12:50:40.810 [main] DEBUG com.jayway.jsonpath.internal.path.CompiledPath -- Evaluating path: $['text']
12:50:40.810 [main] DEBUG com.jayway.jsonpath.internal.path.CompiledPath -- Evaluating path: $
12:50:40.810 [main] DEBUG com.jayway.jsonpath.internal.path.CompiledPath -- Evaluating path: $
12:50:40.810 [main] DEBUG com.jayway.jsonpath.internal.JsonContext -- Put path $ key text value {}
12:50:40.810 [main] DEBUG com.jayway.jsonpath.internal.path.CompiledPath -- Evaluating path: $
12:50:40.810 [main] DEBUG com.jayway.jsonpath.internal.JsonContext -- Put path $ key text value t
12:50:40.810 [main] DEBUG com.jayway.jsonpath.internal.path.CompiledPath -- Evaluating path: $['windowsVirtualKeyCode']
12:50:40.810 [main] DEBUG com.jayway.jsonpath.internal.path.CompiledPath -- Evaluating path: $
12:50:40.810 [main] DEBUG com.jayway.jsonpath.internal.path.CompiledPath -- Evaluating path: $
12:50:40.810 [main] DEBUG com.jayway.jsonpath.internal.JsonContext -- Put path $ key windowsVirtualKeyCode value {}
12:50:40.810 [main] DEBUG com.jayway.jsonpath.internal.path.CompiledPath -- Evaluating path: $
12:50:40.810 [main] DEBUG com.jayway.jsonpath.internal.JsonContext -- Put path $ key windowsVirtualKeyCode value 116
12:50:40.810 [main] DEBUG com.jayway.jsonpath.internal.path.CompiledPath -- Evaluating path: $
12:50:40.810 [main] DEBUG com.intuit.karate.driver.chrome_1718781634841 -- >> {"id":65,"sessionId":"100CDC760D17220B271422C858A4FE9E","method":"Input.dispatchKeyEvent","params":{"modifiers":0,"type":"char","text":"t","windowsVirtualKeyCode":116}}
12:50:40.810 [nioEventLoopGroup-2-1] DEBUG com.intuit.karate.driver.chrome_1718781634841 -- << {"id":65,"result":{},"sessionId":"100CDC760D17220B271422C858A4FE9E"}
12:50:40.810 [nioEventLoopGroup-2-1] DEBUG com.jayway.jsonpath.internal.path.CompiledPath -- Evaluating path: $
12:50:40.810 [main] DEBUG com.jayway.jsonpath.internal.path.CompiledPath -- Evaluating path: $['modifiers']
12:50:40.810 [main] DEBUG com.jayway.jsonpath.internal.path.CompiledPath -- Evaluating path: $
12:50:40.810 [main] DEBUG com.jayway.jsonpath.internal.path.CompiledPath -- Evaluating path: $
12:50:40.810 [main] DEBUG com.jayway.jsonpath.internal.JsonContext -- Put path $ key modifiers value {}
12:50:40.810 [main] DEBUG com.jayway.jsonpath.internal.path.CompiledPath -- Evaluating path: $
12:50:40.810 [main] DEBUG com.jayway.jsonpath.internal.JsonContext -- Put path $ key modifiers value 0
12:50:40.810 [main] DEBUG com.jayway.jsonpath.internal.path.CompiledPath -- Evaluating path: $['type']
12:50:40.810 [main] DEBUG com.jayway.jsonpath.internal.path.CompiledPath -- Evaluating path: $
12:50:40.810 [main] DEBUG com.jayway.jsonpath.internal.path.CompiledPath -- Evaluating path: $
12:50:40.810 [main] DEBUG com.jayway.jsonpath.internal.JsonContext -- Put path $ key type value {}
12:50:40.810 [main] DEBUG com.jayway.jsonpath.internal.path.CompiledPath -- Evaluating path: $
12:50:40.810 [main] DEBUG com.jayway.jsonpath.internal.JsonContext -- Put path $ key type value keyUp
12:50:40.810 [main] DEBUG com.jayway.jsonpath.internal.path.CompiledPath -- Evaluating path: $['text']
12:50:40.810 [main] DEBUG com.jayway.jsonpath.internal.path.CompiledPath -- Evaluating path: $
12:50:40.810 [main] DEBUG com.jayway.jsonpath.internal.path.CompiledPath -- Evaluating path: $
12:50:40.810 [main] DEBUG com.jayway.jsonpath.internal.JsonContext -- Put path $ key text value {}
12:50:40.810 [main] DEBUG com.jayway.jsonpath.internal.path.CompiledPath -- Evaluating path: $
12:50:40.810 [main] DEBUG com.jayway.jsonpath.internal.JsonContext -- Put path $ key text value t
12:50:40.810 [main] DEBUG com.jayway.jsonpath.internal.path.CompiledPath -- Evaluating path: $['windowsVirtualKeyCode']
12:50:40.810 [main] DEBUG com.jayway.jsonpath.internal.path.CompiledPath -- Evaluating path: $
12:50:40.810 [main] DEBUG com.jayway.jsonpath.internal.path.CompiledPath -- Evaluating path: $
12:50:40.810 [main] DEBUG com.jayway.jsonpath.internal.JsonContext -- Put path $ key windowsVirtualKeyCode value {}
12:50:40.810 [main] DEBUG com.jayway.jsonpath.internal.path.CompiledPath -- Evaluating path: $
12:50:40.810 [main] DEBUG com.jayway.jsonpath.internal.JsonContext -- Put path $ key windowsVirtualKeyCode value 116
12:50:40.810 [main] DEBUG com.jayway.jsonpath.internal.path.CompiledPath -- Evaluating path: $
12:50:40.810 [main] DEBUG com.intuit.karate.driver.chrome_1718781634841 -- >> {"id":66,"sessionId":"100CDC760D17220B271422C858A4FE9E","method":"Input.dispatchKeyEvent","params":{"modifiers":0,"type":"keyUp","text":"t","windowsVirtualKeyCode":116}}
12:50:40.818 [nioEventLoopGroup-2-1] DEBUG com.intuit.karate.driver.chrome_1718781634841 -- << {"id":66,"result":{},"sessionId":"100CDC760D17220B271422C858A4FE9E"}
12:50:40.819 [nioEventLoopGroup-2-1] DEBUG com.jayway.jsonpath.internal.path.CompiledPath -- Evaluating path: $
12:50:40.819 [main] DEBUG com.jayway.jsonpath.internal.path.CompiledPath -- Evaluating path: $['modifiers']
12:50:40.819 [main] DEBUG com.jayway.jsonpath.internal.path.CompiledPath -- Evaluating path: $
12:50:40.819 [main] DEBUG com.jayway.jsonpath.internal.path.CompiledPath -- Evaluating path: $
12:50:40.819 [main] DEBUG com.jayway.jsonpath.internal.JsonContext -- Put path $ key modifiers value {}
12:50:40.819 [main] DEBUG com.jayway.jsonpath.internal.path.CompiledPath -- Evaluating path: $
12:50:40.819 [main] DEBUG com.jayway.jsonpath.internal.JsonContext -- Put path $ key modifiers value 0
12:50:40.819 [main] DEBUG com.jayway.jsonpath.internal.path.CompiledPath -- Evaluating path: $['type']
12:50:40.819 [main] DEBUG com.jayway.jsonpath.internal.path.CompiledPath -- Evaluating path: $
12:50:40.819 [main] DEBUG com.jayway.jsonpath.internal.path.CompiledPath -- Evaluating path: $
12:50:40.819 [main] DEBUG com.jayway.jsonpath.internal.JsonContext -- Put path $ key type value {}
12:50:40.819 [main] DEBUG com.jayway.jsonpath.internal.path.CompiledPath -- Evaluating path: $
12:50:40.819 [main] DEBUG com.jayway.jsonpath.internal.JsonContext -- Put path $ key type value rawKeyDown
12:50:40.819 [main] DEBUG com.jayway.jsonpath.internal.path.CompiledPath -- Evaluating path: $['text']
12:50:40.819 [main] DEBUG com.jayway.jsonpath.internal.path.CompiledPath -- Evaluating path: $
12:50:40.819 [main] DEBUG com.jayway.jsonpath.internal.path.CompiledPath -- Evaluating path: $
12:50:40.819 [main] DEBUG com.jayway.jsonpath.internal.JsonContext -- Put path $ key text value {}
12:50:40.819 [main] DEBUG com.jayway.jsonpath.internal.path.CompiledPath -- Evaluating path: $
12:50:40.819 [main] DEBUG com.jayway.jsonpath.internal.JsonContext -- Put path $ key text value _
12:50:40.819 [main] DEBUG com.jayway.jsonpath.internal.path.CompiledPath -- Evaluating path: $['windowsVirtualKeyCode']
12:50:40.819 [main] DEBUG com.jayway.jsonpath.internal.path.CompiledPath -- Evaluating path: $
12:50:40.819 [main] DEBUG com.jayway.jsonpath.internal.path.CompiledPath -- Evaluating path: $
12:50:40.819 [main] DEBUG com.jayway.jsonpath.internal.JsonContext -- Put path $ key windowsVirtualKeyCode value {}
12:50:40.819 [main] DEBUG com.jayway.jsonpath.internal.path.CompiledPath -- Evaluating path: $
12:50:40.819 [main] DEBUG com.jayway.jsonpath.internal.JsonContext -- Put path $ key windowsVirtualKeyCode value 523
12:50:40.819 [main] DEBUG com.jayway.jsonpath.internal.path.CompiledPath -- Evaluating path: $
12:50:40.819 [main] DEBUG com.intuit.karate.driver.chrome_1718781634841 -- >> {"id":67,"sessionId":"100CDC760D17220B271422C858A4FE9E","method":"Input.dispatchKeyEvent","params":{"modifiers":0,"type":"rawKeyDown","text":"_","windowsVirtualKeyCode":523}}
12:50:40.819 [nioEventLoopGroup-2-1] DEBUG com.intuit.karate.driver.chrome_1718781634841 -- << {"id":67,"result":{},"sessionId":"100CDC760D17220B271422C858A4FE9E"}
12:50:40.819 [nioEventLoopGroup-2-1] DEBUG com.jayway.jsonpath.internal.path.CompiledPath -- Evaluating path: $
12:50:40.819 [main] DEBUG com.jayway.jsonpath.internal.path.CompiledPath -- Evaluating path: $['modifiers']
12:50:40.819 [main] DEBUG com.jayway.jsonpath.internal.path.CompiledPath -- Evaluating path: $
12:50:40.819 [main] DEBUG com.jayway.jsonpath.internal.path.CompiledPath -- Evaluating path: $
12:50:40.819 [main] DEBUG com.jayway.jsonpath.internal.JsonContext -- Put path $ key modifiers value {}
12:50:40.819 [main] DEBUG com.jayway.jsonpath.internal.path.CompiledPath -- Evaluating path: $
12:50:40.819 [main] DEBUG com.jayway.jsonpath.internal.JsonContext -- Put path $ key modifiers value 0
12:50:40.824 [main] DEBUG com.jayway.jsonpath.internal.path.CompiledPath -- Evaluating path: $['type']
12:50:40.824 [main] DEBUG com.jayway.jsonpath.internal.path.CompiledPath -- Evaluating path: $
12:50:40.824 [main] DEBUG com.jayway.jsonpath.internal.path.CompiledPath -- Evaluating path: $
12:50:40.824 [main] DEBUG com.jayway.jsonpath.internal.JsonContext -- Put path $ key type value {}
12:50:40.824 [main] DEBUG com.jayway.jsonpath.internal.path.CompiledPath -- Evaluating path: $
12:50:40.824 [main] DEBUG com.jayway.jsonpath.internal.JsonContext -- Put path $ key type value char
12:50:40.824 [main] DEBUG com.jayway.jsonpath.internal.path.CompiledPath -- Evaluating path: $['text']
12:50:40.824 [main] DEBUG com.jayway.jsonpath.internal.path.CompiledPath -- Evaluating path: $
12:50:40.824 [main] DEBUG com.jayway.jsonpath.internal.path.CompiledPath -- Evaluating path: $
12:50:40.824 [main] DEBUG com.jayway.jsonpath.internal.JsonContext -- Put path $ key text value {}
12:50:40.824 [main] DEBUG com.jayway.jsonpath.internal.path.CompiledPath -- Evaluating path: $
12:50:40.824 [main] DEBUG com.jayway.jsonpath.internal.JsonContext -- Put path $ key text value _
12:50:40.824 [main] DEBUG com.jayway.jsonpath.internal.path.CompiledPath -- Evaluating path: $['windowsVirtualKeyCode']
12:50:40.824 [main] DEBUG com.jayway.jsonpath.internal.path.CompiledPath -- Evaluating path: $
12:50:40.824 [main] DEBUG com.jayway.jsonpath.internal.path.CompiledPath -- Evaluating path: $
12:50:40.824 [main] DEBUG com.jayway.jsonpath.internal.JsonContext -- Put path $ key windowsVirtualKeyCode value {}
12:50:40.824 [main] DEBUG com.jayway.jsonpath.internal.path.CompiledPath -- Evaluating path: $
12:50:40.824 [main] DEBUG com.jayway.jsonpath.internal.JsonContext -- Put path $ key windowsVirtualKeyCode value 523
12:50:40.824 [main] DEBUG com.jayway.jsonpath.internal.path.CompiledPath -- Evaluating path: $
12:50:40.824 [main] DEBUG com.intuit.karate.driver.chrome_1718781634841 -- >> {"id":68,"sessionId":"100CDC760D17220B271422C858A4FE9E","method":"Input.dispatchKeyEvent","params":{"modifiers":0,"type":"char","text":"_","windowsVirtualKeyCode":523}}
12:50:40.824 [nioEventLoopGroup-2-1] DEBUG com.intuit.karate.driver.chrome_1718781634841 -- << {"id":68,"result":{},"sessionId":"100CDC760D17220B271422C858A4FE9E"}
12:50:40.824 [nioEventLoopGroup-2-1] DEBUG com.jayway.jsonpath.internal.path.CompiledPath -- Evaluating path: $
12:50:40.824 [main] DEBUG com.jayway.jsonpath.internal.path.CompiledPath -- Evaluating path: $['modifiers']
12:50:40.824 [main] DEBUG com.jayway.jsonpath.internal.path.CompiledPath -- Evaluating path: $
12:50:40.824 [main] DEBUG com.jayway.jsonpath.internal.path.CompiledPath -- Evaluating path: $
12:50:40.824 [main] DEBUG com.jayway.jsonpath.internal.JsonContext -- Put path $ key modifiers value {}
12:50:40.824 [main] DEBUG com.jayway.jsonpath.internal.path.CompiledPath -- Evaluating path: $
12:50:40.824 [main] DEBUG com.jayway.jsonpath.internal.JsonContext -- Put path $ key modifiers value 0
12:50:40.824 [main] DEBUG com.jayway.jsonpath.internal.path.CompiledPath -- Evaluating path: $['type']
12:50:40.824 [main] DEBUG com.jayway.jsonpath.internal.path.CompiledPath -- Evaluating path: $
12:50:40.824 [main] DEBUG com.jayway.jsonpath.internal.path.CompiledPath -- Evaluating path: $
12:50:40.824 [main] DEBUG com.jayway.jsonpath.internal.JsonContext -- Put path $ key type value {}
12:50:40.824 [main] DEBUG com.jayway.jsonpath.internal.path.CompiledPath -- Evaluating path: $
12:50:40.824 [main] DEBUG com.jayway.jsonpath.internal.JsonContext -- Put path $ key type value keyUp
12:50:40.824 [main] DEBUG com.jayway.jsonpath.internal.path.CompiledPath -- Evaluating path: $['text']
12:50:40.824 [main] DEBUG com.jayway.jsonpath.internal.path.CompiledPath -- Evaluating path: $
12:50:40.824 [main] DEBUG com.jayway.jsonpath.internal.path.CompiledPath -- Evaluating path: $
12:50:40.824 [main] DEBUG com.jayway.jsonpath.internal.JsonContext -- Put path $ key text value {}
12:50:40.824 [main] DEBUG com.jayway.jsonpath.internal.path.CompiledPath -- Evaluating path: $
12:50:40.824 [main] DEBUG com.jayway.jsonpath.internal.JsonContext -- Put path $ key text value _
12:50:40.824 [main] DEBUG com.jayway.jsonpath.internal.path.CompiledPath -- Evaluating path: $['windowsVirtualKeyCode']
12:50:40.824 [main] DEBUG com.jayway.jsonpath.internal.path.CompiledPath -- Evaluating path: $
12:50:40.824 [main] DEBUG com.jayway.jsonpath.internal.path.CompiledPath -- Evaluating path: $
12:50:40.824 [main] DEBUG com.jayway.jsonpath.internal.JsonContext -- Put path $ key windowsVirtualKeyCode value {}
12:50:40.824 [main] DEBUG com.jayway.jsonpath.internal.path.CompiledPath -- Evaluating path: $
12:50:40.824 [main] DEBUG com.jayway.jsonpath.internal.JsonContext -- Put path $ key windowsVirtualKeyCode value 523
12:50:40.824 [main] DEBUG com.jayway.jsonpath.internal.path.CompiledPath -- Evaluating path: $
12:50:40.824 [main] DEBUG com.intuit.karate.driver.chrome_1718781634841 -- >> {"id":69,"sessionId":"100CDC760D17220B271422C858A4FE9E","method":"Input.dispatchKeyEvent","params":{"modifiers":0,"type":"keyUp","text":"_","windowsVirtualKeyCode":523}}
12:50:40.831 [nioEventLoopGroup-2-1] DEBUG com.intuit.karate.driver.chrome_1718781634841 -- << {"id":69,"result":{},"sessionId":"100CDC760D17220B271422C858A4FE9E"}
12:50:40.831 [nioEventLoopGroup-2-1] DEBUG com.jayway.jsonpath.internal.path.CompiledPath -- Evaluating path: $
12:50:40.831 [main] DEBUG com.jayway.jsonpath.internal.path.CompiledPath -- Evaluating path: $['modifiers']
12:50:40.831 [main] DEBUG com.jayway.jsonpath.internal.path.CompiledPath -- Evaluating path: $
12:50:40.831 [main] DEBUG com.jayway.jsonpath.internal.path.CompiledPath -- Evaluating path: $
12:50:40.831 [main] DEBUG com.jayway.jsonpath.internal.JsonContext -- Put path $ key modifiers value {}
12:50:40.831 [main] DEBUG com.jayway.jsonpath.internal.path.CompiledPath -- Evaluating path: $
12:50:40.831 [main] DEBUG com.jayway.jsonpath.internal.JsonContext -- Put path $ key modifiers value 0
12:50:40.831 [main] DEBUG com.jayway.jsonpath.internal.path.CompiledPath -- Evaluating path: $['type']
12:50:40.831 [main] DEBUG com.jayway.jsonpath.internal.path.CompiledPath -- Evaluating path: $
12:50:40.831 [main] DEBUG com.jayway.jsonpath.internal.path.CompiledPath -- Evaluating path: $
12:50:40.831 [main] DEBUG com.jayway.jsonpath.internal.JsonContext -- Put path $ key type value {}
12:50:40.831 [main] DEBUG com.jayway.jsonpath.internal.path.CompiledPath -- Evaluating path: $
12:50:40.831 [main] DEBUG com.jayway.jsonpath.internal.JsonContext -- Put path $ key type value rawKeyDown
12:50:40.831 [main] DEBUG com.jayway.jsonpath.internal.path.CompiledPath -- Evaluating path: $['text']
12:50:40.831 [main] DEBUG com.jayway.jsonpath.internal.path.CompiledPath -- Evaluating path: $
12:50:40.831 [main] DEBUG com.jayway.jsonpath.internal.path.CompiledPath -- Evaluating path: $
12:50:40.831 [main] DEBUG com.jayway.jsonpath.internal.JsonContext -- Put path $ key text value {}
12:50:40.831 [main] DEBUG com.jayway.jsonpath.internal.path.CompiledPath -- Evaluating path: $
12:50:40.831 [main] DEBUG com.jayway.jsonpath.internal.JsonContext -- Put path $ key text value s
12:50:40.831 [main] DEBUG com.jayway.jsonpath.internal.path.CompiledPath -- Evaluating path: $['windowsVirtualKeyCode']
12:50:40.831 [main] DEBUG com.jayway.jsonpath.internal.path.CompiledPath -- Evaluating path: $
12:50:40.831 [main] DEBUG com.jayway.jsonpath.internal.path.CompiledPath -- Evaluating path: $
12:50:40.831 [main] DEBUG com.jayway.jsonpath.internal.JsonContext -- Put path $ key windowsVirtualKeyCode value {}
12:50:40.831 [main] DEBUG com.jayway.jsonpath.internal.path.CompiledPath -- Evaluating path: $
12:50:40.831 [main] DEBUG com.jayway.jsonpath.internal.JsonContext -- Put path $ key windowsVirtualKeyCode value 115
12:50:40.831 [main] DEBUG com.jayway.jsonpath.internal.path.CompiledPath -- Evaluating path: $
12:50:40.831 [main] DEBUG com.intuit.karate.driver.chrome_1718781634841 -- >> {"id":70,"sessionId":"100CDC760D17220B271422C858A4FE9E","method":"Input.dispatchKeyEvent","params":{"modifiers":0,"type":"rawKeyDown","text":"s","windowsVirtualKeyCode":115}}
12:50:40.833 [nioEventLoopGroup-2-1] DEBUG com.intuit.karate.driver.chrome_1718781634841 -- << {"id":70,"result":{},"sessionId":"100CDC760D17220B271422C858A4FE9E"}
12:50:40.833 [nioEventLoopGroup-2-1] DEBUG com.jayway.jsonpath.internal.path.CompiledPath -- Evaluating path: $
12:50:40.833 [main] DEBUG com.jayway.jsonpath.internal.path.CompiledPath -- Evaluating path: $['modifiers']
12:50:40.833 [main] DEBUG com.jayway.jsonpath.internal.path.CompiledPath -- Evaluating path: $
12:50:40.833 [main] DEBUG com.jayway.jsonpath.internal.path.CompiledPath -- Evaluating path: $
12:50:40.833 [main] DEBUG com.jayway.jsonpath.internal.JsonContext -- Put path $ key modifiers value {}
12:50:40.833 [main] DEBUG com.jayway.jsonpath.internal.path.CompiledPath -- Evaluating path: $
12:50:40.833 [main] DEBUG com.jayway.jsonpath.internal.JsonContext -- Put path $ key modifiers value 0
12:50:40.833 [main] DEBUG com.jayway.jsonpath.internal.path.CompiledPath -- Evaluating path: $['type']
12:50:40.833 [main] DEBUG com.jayway.jsonpath.internal.path.CompiledPath -- Evaluating path: $
12:50:40.833 [main] DEBUG com.jayway.jsonpath.internal.path.CompiledPath -- Evaluating path: $
12:50:40.833 [main] DEBUG com.jayway.jsonpath.internal.JsonContext -- Put path $ key type value {}
12:50:40.833 [main] DEBUG com.jayway.jsonpath.internal.path.CompiledPath -- Evaluating path: $
12:50:40.833 [main] DEBUG com.jayway.jsonpath.internal.JsonContext -- Put path $ key type value char
12:50:40.833 [main] DEBUG com.jayway.jsonpath.internal.path.CompiledPath -- Evaluating path: $['text']
12:50:40.833 [main] DEBUG com.jayway.jsonpath.internal.path.CompiledPath -- Evaluating path: $
12:50:40.833 [main] DEBUG com.jayway.jsonpath.internal.path.CompiledPath -- Evaluating path: $
12:50:40.833 [main] DEBUG com.jayway.jsonpath.internal.JsonContext -- Put path $ key text value {}
12:50:40.833 [main] DEBUG com.jayway.jsonpath.internal.path.CompiledPath -- Evaluating path: $
12:50:40.833 [main] DEBUG com.jayway.jsonpath.internal.JsonContext -- Put path $ key text value s
12:50:40.833 [main] DEBUG com.jayway.jsonpath.internal.path.CompiledPath -- Evaluating path: $['windowsVirtualKeyCode']
12:50:40.833 [main] DEBUG com.jayway.jsonpath.internal.path.CompiledPath -- Evaluating path: $
12:50:40.833 [main] DEBUG com.jayway.jsonpath.internal.path.CompiledPath -- Evaluating path: $
12:50:40.833 [main] DEBUG com.jayway.jsonpath.internal.JsonContext -- Put path $ key windowsVirtualKeyCode value {}
12:50:40.833 [main] DEBUG com.jayway.jsonpath.internal.path.CompiledPath -- Evaluating path: $
12:50:40.833 [main] DEBUG com.jayway.jsonpath.internal.JsonContext -- Put path $ key windowsVirtualKeyCode value 115
12:50:40.833 [main] DEBUG com.jayway.jsonpath.internal.path.CompiledPath -- Evaluating path: $
12:50:40.833 [main] DEBUG com.intuit.karate.driver.chrome_1718781634841 -- >> {"id":71,"sessionId":"100CDC760D17220B271422C858A4FE9E","method":"Input.dispatchKeyEvent","params":{"modifiers":0,"type":"char","text":"s","windowsVirtualKeyCode":115}}
12:50:40.839 [nioEventLoopGroup-2-1] DEBUG com.intuit.karate.driver.chrome_1718781634841 -- << {"id":71,"result":{},"sessionId":"100CDC760D17220B271422C858A4FE9E"}
12:50:40.839 [nioEventLoopGroup-2-1] DEBUG com.jayway.jsonpath.internal.path.CompiledPath -- Evaluating path: $
12:50:40.839 [main] DEBUG com.jayway.jsonpath.internal.path.CompiledPath -- Evaluating path: $['modifiers']
12:50:40.839 [main] DEBUG com.jayway.jsonpath.internal.path.CompiledPath -- Evaluating path: $
12:50:40.839 [main] DEBUG com.jayway.jsonpath.internal.path.CompiledPath -- Evaluating path: $
12:50:40.839 [main] DEBUG com.jayway.jsonpath.internal.JsonContext -- Put path $ key modifiers value {}
12:50:40.839 [main] DEBUG com.jayway.jsonpath.internal.path.CompiledPath -- Evaluating path: $
12:50:40.839 [main] DEBUG com.jayway.jsonpath.internal.JsonContext -- Put path $ key modifiers value 0
12:50:40.839 [main] DEBUG com.jayway.jsonpath.internal.path.CompiledPath -- Evaluating path: $['type']
12:50:40.839 [main] DEBUG com.jayway.jsonpath.internal.path.CompiledPath -- Evaluating path: $
12:50:40.839 [main] DEBUG com.jayway.jsonpath.internal.path.CompiledPath -- Evaluating path: $
12:50:40.839 [main] DEBUG com.jayway.jsonpath.internal.JsonContext -- Put path $ key type value {}
12:50:40.839 [main] DEBUG com.jayway.jsonpath.internal.path.CompiledPath -- Evaluating path: $
12:50:40.839 [main] DEBUG com.jayway.jsonpath.internal.JsonContext -- Put path $ key type value keyUp
12:50:40.839 [main] DEBUG com.jayway.jsonpath.internal.path.CompiledPath -- Evaluating path: $['text']
12:50:40.839 [main] DEBUG com.jayway.jsonpath.internal.path.CompiledPath -- Evaluating path: $
12:50:40.839 [main] DEBUG com.jayway.jsonpath.internal.path.CompiledPath -- Evaluating path: $
12:50:40.839 [main] DEBUG com.jayway.jsonpath.internal.JsonContext -- Put path $ key text value {}
12:50:40.839 [main] DEBUG com.jayway.jsonpath.internal.path.CompiledPath -- Evaluating path: $
12:50:40.839 [main] DEBUG com.jayway.jsonpath.internal.JsonContext -- Put path $ key text value s
12:50:40.839 [main] DEBUG com.jayway.jsonpath.internal.path.CompiledPath -- Evaluating path: $['windowsVirtualKeyCode']
12:50:40.839 [main] DEBUG com.jayway.jsonpath.internal.path.CompiledPath -- Evaluating path: $
12:50:40.839 [main] DEBUG com.jayway.jsonpath.internal.path.CompiledPath -- Evaluating path: $
12:50:40.839 [main] DEBUG com.jayway.jsonpath.internal.JsonContext -- Put path $ key windowsVirtualKeyCode value {}
12:50:40.839 [main] DEBUG com.jayway.jsonpath.internal.path.CompiledPath -- Evaluating path: $
12:50:40.839 [main] DEBUG com.jayway.jsonpath.internal.JsonContext -- Put path $ key windowsVirtualKeyCode value 115
12:50:40.839 [main] DEBUG com.jayway.jsonpath.internal.path.CompiledPath -- Evaluating path: $
12:50:40.839 [main] DEBUG com.intuit.karate.driver.chrome_1718781634841 -- >> {"id":72,"sessionId":"100CDC760D17220B271422C858A4FE9E","method":"Input.dispatchKeyEvent","params":{"modifiers":0,"type":"keyUp","text":"s","windowsVirtualKeyCode":115}}
12:50:40.839 [nioEventLoopGroup-2-1] DEBUG com.intuit.karate.driver.chrome_1718781634841 -- << {"id":72,"result":{},"sessionId":"100CDC760D17220B271422C858A4FE9E"}
12:50:40.839 [nioEventLoopGroup-2-1] DEBUG com.jayway.jsonpath.internal.path.CompiledPath -- Evaluating path: $
12:50:40.839 [main] DEBUG com.jayway.jsonpath.internal.path.CompiledPath -- Evaluating path: $['modifiers']
12:50:40.839 [main] DEBUG com.jayway.jsonpath.internal.path.CompiledPath -- Evaluating path: $
12:50:40.839 [main] DEBUG com.jayway.jsonpath.internal.path.CompiledPath -- Evaluating path: $
12:50:40.839 [main] DEBUG com.jayway.jsonpath.internal.JsonContext -- Put path $ key modifiers value {}
12:50:40.839 [main] DEBUG com.jayway.jsonpath.internal.path.CompiledPath -- Evaluating path: $
12:50:40.839 [main] DEBUG com.jayway.jsonpath.internal.JsonContext -- Put path $ key modifiers value 0
12:50:40.839 [main] DEBUG com.jayway.jsonpath.internal.path.CompiledPath -- Evaluating path: $['type']
12:50:40.839 [main] DEBUG com.jayway.jsonpath.internal.path.CompiledPath -- Evaluating path: $
12:50:40.839 [main] DEBUG com.jayway.jsonpath.internal.path.CompiledPath -- Evaluating path: $
12:50:40.839 [main] DEBUG com.jayway.jsonpath.internal.JsonContext -- Put path $ key type value {}
12:50:40.839 [main] DEBUG com.jayway.jsonpath.internal.path.CompiledPath -- Evaluating path: $
12:50:40.839 [main] DEBUG com.jayway.jsonpath.internal.JsonContext -- Put path $ key type value rawKeyDown
12:50:40.839 [main] DEBUG com.jayway.jsonpath.internal.path.CompiledPath -- Evaluating path: $['text']
12:50:40.839 [main] DEBUG com.jayway.jsonpath.internal.path.CompiledPath -- Evaluating path: $
12:50:40.839 [main] DEBUG com.jayway.jsonpath.internal.path.CompiledPath -- Evaluating path: $
12:50:40.839 [main] DEBUG com.jayway.jsonpath.internal.JsonContext -- Put path $ key text value {}
12:50:40.839 [main] DEBUG com.jayway.jsonpath.internal.path.CompiledPath -- Evaluating path: $
12:50:40.839 [main] DEBUG com.jayway.jsonpath.internal.JsonContext -- Put path $ key text value a
12:50:40.839 [main] DEBUG com.jayway.jsonpath.internal.path.CompiledPath -- Evaluating path: $['windowsVirtualKeyCode']
12:50:40.839 [main] DEBUG com.jayway.jsonpath.internal.path.CompiledPath -- Evaluating path: $
12:50:40.839 [main] DEBUG com.jayway.jsonpath.internal.path.CompiledPath -- Evaluating path: $
12:50:40.839 [main] DEBUG com.jayway.jsonpath.internal.JsonContext -- Put path $ key windowsVirtualKeyCode value {}
12:50:40.839 [main] DEBUG com.jayway.jsonpath.internal.path.CompiledPath -- Evaluating path: $
12:50:40.839 [main] DEBUG com.jayway.jsonpath.internal.JsonContext -- Put path $ key windowsVirtualKeyCode value 97
12:50:40.839 [main] DEBUG com.jayway.jsonpath.internal.path.CompiledPath -- Evaluating path: $
12:50:40.839 [main] DEBUG com.intuit.karate.driver.chrome_1718781634841 -- >> {"id":73,"sessionId":"100CDC760D17220B271422C858A4FE9E","method":"Input.dispatchKeyEvent","params":{"modifiers":0,"type":"rawKeyDown","text":"a","windowsVirtualKeyCode":97}}
12:50:40.845 [nioEventLoopGroup-2-1] DEBUG com.intuit.karate.driver.chrome_1718781634841 -- << {"id":73,"result":{},"sessionId":"100CDC760D17220B271422C858A4FE9E"}
12:50:40.845 [nioEventLoopGroup-2-1] DEBUG com.jayway.jsonpath.internal.path.CompiledPath -- Evaluating path: $
12:50:40.845 [main] DEBUG com.jayway.jsonpath.internal.path.CompiledPath -- Evaluating path: $['modifiers']
12:50:40.845 [main] DEBUG com.jayway.jsonpath.internal.path.CompiledPath -- Evaluating path: $
12:50:40.845 [main] DEBUG com.jayway.jsonpath.internal.path.CompiledPath -- Evaluating path: $
12:50:40.845 [main] DEBUG com.jayway.jsonpath.internal.JsonContext -- Put path $ key modifiers value {}
12:50:40.845 [main] DEBUG com.jayway.jsonpath.internal.path.CompiledPath -- Evaluating path: $
12:50:40.845 [main] DEBUG com.jayway.jsonpath.internal.JsonContext -- Put path $ key modifiers value 0
12:50:40.845 [main] DEBUG com.jayway.jsonpath.internal.path.CompiledPath -- Evaluating path: $['type']
12:50:40.845 [main] DEBUG com.jayway.jsonpath.internal.path.CompiledPath -- Evaluating path: $
12:50:40.845 [main] DEBUG com.jayway.jsonpath.internal.path.CompiledPath -- Evaluating path: $
12:50:40.845 [main] DEBUG com.jayway.jsonpath.internal.JsonContext -- Put path $ key type value {}
12:50:40.845 [main] DEBUG com.jayway.jsonpath.internal.path.CompiledPath -- Evaluating path: $
12:50:40.845 [main] DEBUG com.jayway.jsonpath.internal.JsonContext -- Put path $ key type value char
12:50:40.845 [main] DEBUG com.jayway.jsonpath.internal.path.CompiledPath -- Evaluating path: $['text']
12:50:40.845 [main] DEBUG com.jayway.jsonpath.internal.path.CompiledPath -- Evaluating path: $
12:50:40.845 [main] DEBUG com.jayway.jsonpath.internal.path.CompiledPath -- Evaluating path: $
12:50:40.845 [main] DEBUG com.jayway.jsonpath.internal.JsonContext -- Put path $ key text value {}
12:50:40.845 [main] DEBUG com.jayway.jsonpath.internal.path.CompiledPath -- Evaluating path: $
12:50:40.845 [main] DEBUG com.jayway.jsonpath.internal.JsonContext -- Put path $ key text value a
12:50:40.845 [main] DEBUG com.jayway.jsonpath.internal.path.CompiledPath -- Evaluating path: $['windowsVirtualKeyCode']
12:50:40.845 [main] DEBUG com.jayway.jsonpath.internal.path.CompiledPath -- Evaluating path: $
12:50:40.845 [main] DEBUG com.jayway.jsonpath.internal.path.CompiledPath -- Evaluating path: $
12:50:40.845 [main] DEBUG com.jayway.jsonpath.internal.JsonContext -- Put path $ key windowsVirtualKeyCode value {}
12:50:40.845 [main] DEBUG com.jayway.jsonpath.internal.path.CompiledPath -- Evaluating path: $
12:50:40.845 [main] DEBUG com.jayway.jsonpath.internal.JsonContext -- Put path $ key windowsVirtualKeyCode value 97
12:50:40.845 [main] DEBUG com.jayway.jsonpath.internal.path.CompiledPath -- Evaluating path: $
12:50:40.845 [main] DEBUG com.intuit.karate.driver.chrome_1718781634841 -- >> {"id":74,"sessionId":"100CDC760D17220B271422C858A4FE9E","method":"Input.dispatchKeyEvent","params":{"modifiers":0,"type":"char","text":"a","windowsVirtualKeyCode":97}}
12:50:40.849 [nioEventLoopGroup-2-1] DEBUG com.intuit.karate.driver.chrome_1718781634841 -- << {"id":74,"result":{},"sessionId":"100CDC760D17220B271422C858A4FE9E"}
12:50:40.849 [nioEventLoopGroup-2-1] DEBUG com.jayway.jsonpath.internal.path.CompiledPath -- Evaluating path: $
12:50:40.849 [main] DEBUG com.jayway.jsonpath.internal.path.CompiledPath -- Evaluating path: $['modifiers']
12:50:40.849 [main] DEBUG com.jayway.jsonpath.internal.path.CompiledPath -- Evaluating path: $
12:50:40.849 [main] DEBUG com.jayway.jsonpath.internal.path.CompiledPath -- Evaluating path: $
12:50:40.849 [main] DEBUG com.jayway.jsonpath.internal.JsonContext -- Put path $ key modifiers value {}
12:50:40.849 [main] DEBUG com.jayway.jsonpath.internal.path.CompiledPath -- Evaluating path: $
12:50:40.849 [main] DEBUG com.jayway.jsonpath.internal.JsonContext -- Put path $ key modifiers value 0
12:50:40.849 [main] DEBUG com.jayway.jsonpath.internal.path.CompiledPath -- Evaluating path: $['type']
12:50:40.849 [main] DEBUG com.jayway.jsonpath.internal.path.CompiledPath -- Evaluating path: $
12:50:40.849 [main] DEBUG com.jayway.jsonpath.internal.path.CompiledPath -- Evaluating path: $
12:50:40.849 [main] DEBUG com.jayway.jsonpath.internal.JsonContext -- Put path $ key type value {}
12:50:40.849 [main] DEBUG com.jayway.jsonpath.internal.path.CompiledPath -- Evaluating path: $
12:50:40.849 [main] DEBUG com.jayway.jsonpath.internal.JsonContext -- Put path $ key type value keyUp
12:50:40.849 [main] DEBUG com.jayway.jsonpath.internal.path.CompiledPath -- Evaluating path: $['text']
12:50:40.849 [main] DEBUG com.jayway.jsonpath.internal.path.CompiledPath -- Evaluating path: $
12:50:40.849 [main] DEBUG com.jayway.jsonpath.internal.path.CompiledPath -- Evaluating path: $
12:50:40.849 [main] DEBUG com.jayway.jsonpath.internal.JsonContext -- Put path $ key text value {}
12:50:40.849 [main] DEBUG com.jayway.jsonpath.internal.path.CompiledPath -- Evaluating path: $
12:50:40.849 [main] DEBUG com.jayway.jsonpath.internal.JsonContext -- Put path $ key text value a
12:50:40.849 [main] DEBUG com.jayway.jsonpath.internal.path.CompiledPath -- Evaluating path: $['windowsVirtualKeyCode']
12:50:40.849 [main] DEBUG com.jayway.jsonpath.internal.path.CompiledPath -- Evaluating path: $
12:50:40.849 [main] DEBUG com.jayway.jsonpath.internal.path.CompiledPath -- Evaluating path: $
12:50:40.849 [main] DEBUG com.jayway.jsonpath.internal.JsonContext -- Put path $ key windowsVirtualKeyCode value {}
12:50:40.849 [main] DEBUG com.jayway.jsonpath.internal.path.CompiledPath -- Evaluating path: $
12:50:40.849 [main] DEBUG com.jayway.jsonpath.internal.JsonContext -- Put path $ key windowsVirtualKeyCode value 97
12:50:40.849 [main] DEBUG com.jayway.jsonpath.internal.path.CompiledPath -- Evaluating path: $
12:50:40.849 [main] DEBUG com.intuit.karate.driver.chrome_1718781634841 -- >> {"id":75,"sessionId":"100CDC760D17220B271422C858A4FE9E","method":"Input.dispatchKeyEvent","params":{"modifiers":0,"type":"keyUp","text":"a","windowsVirtualKeyCode":97}}
12:50:40.853 [nioEventLoopGroup-2-1] DEBUG com.intuit.karate.driver.chrome_1718781634841 -- << {"id":75,"result":{},"sessionId":"100CDC760D17220B271422C858A4FE9E"}
12:50:40.853 [nioEventLoopGroup-2-1] DEBUG com.jayway.jsonpath.internal.path.CompiledPath -- Evaluating path: $
12:50:40.853 [main] DEBUG com.jayway.jsonpath.internal.path.CompiledPath -- Evaluating path: $['modifiers']
12:50:40.853 [main] DEBUG com.jayway.jsonpath.internal.path.CompiledPath -- Evaluating path: $
12:50:40.853 [main] DEBUG com.jayway.jsonpath.internal.path.CompiledPath -- Evaluating path: $
12:50:40.853 [main] DEBUG com.jayway.jsonpath.internal.JsonContext -- Put path $ key modifiers value {}
12:50:40.853 [main] DEBUG com.jayway.jsonpath.internal.path.CompiledPath -- Evaluating path: $
12:50:40.853 [main] DEBUG com.jayway.jsonpath.internal.JsonContext -- Put path $ key modifiers value 0
12:50:40.853 [main] DEBUG com.jayway.jsonpath.internal.path.CompiledPath -- Evaluating path: $['type']
12:50:40.853 [main] DEBUG com.jayway.jsonpath.internal.path.CompiledPath -- Evaluating path: $
12:50:40.853 [main] DEBUG com.jayway.jsonpath.internal.path.CompiledPath -- Evaluating path: $
12:50:40.853 [main] DEBUG com.jayway.jsonpath.internal.JsonContext -- Put path $ key type value {}
12:50:40.853 [main] DEBUG com.jayway.jsonpath.internal.path.CompiledPath -- Evaluating path: $
12:50:40.853 [main] DEBUG com.jayway.jsonpath.internal.JsonContext -- Put path $ key type value rawKeyDown
12:50:40.853 [main] DEBUG com.jayway.jsonpath.internal.path.CompiledPath -- Evaluating path: $['text']
12:50:40.853 [main] DEBUG com.jayway.jsonpath.internal.path.CompiledPath -- Evaluating path: $
12:50:40.853 [main] DEBUG com.jayway.jsonpath.internal.path.CompiledPath -- Evaluating path: $
12:50:40.853 [main] DEBUG com.jayway.jsonpath.internal.JsonContext -- Put path $ key text value {}
12:50:40.853 [main] DEBUG com.jayway.jsonpath.internal.path.CompiledPath -- Evaluating path: $
12:50:40.853 [main] DEBUG com.jayway.jsonpath.internal.JsonContext -- Put path $ key text value u
12:50:40.853 [main] DEBUG com.jayway.jsonpath.internal.path.CompiledPath -- Evaluating path: $['windowsVirtualKeyCode']
12:50:40.853 [main] DEBUG com.jayway.jsonpath.internal.path.CompiledPath -- Evaluating path: $
12:50:40.853 [main] DEBUG com.jayway.jsonpath.internal.path.CompiledPath -- Evaluating path: $
12:50:40.853 [main] DEBUG com.jayway.jsonpath.internal.JsonContext -- Put path $ key windowsVirtualKeyCode value {}
12:50:40.853 [main] DEBUG com.jayway.jsonpath.internal.path.CompiledPath -- Evaluating path: $
12:50:40.853 [main] DEBUG com.jayway.jsonpath.internal.JsonContext -- Put path $ key windowsVirtualKeyCode value 117
12:50:40.853 [main] DEBUG com.jayway.jsonpath.internal.path.CompiledPath -- Evaluating path: $
12:50:40.853 [main] DEBUG com.intuit.karate.driver.chrome_1718781634841 -- >> {"id":76,"sessionId":"100CDC760D17220B271422C858A4FE9E","method":"Input.dispatchKeyEvent","params":{"modifiers":0,"type":"rawKeyDown","text":"u","windowsVirtualKeyCode":117}}
12:50:40.853 [nioEventLoopGroup-2-1] DEBUG com.intuit.karate.driver.chrome_1718781634841 -- << {"id":76,"result":{},"sessionId":"100CDC760D17220B271422C858A4FE9E"}
12:50:40.853 [nioEventLoopGroup-2-1] DEBUG com.jayway.jsonpath.internal.path.CompiledPath -- Evaluating path: $
12:50:40.853 [main] DEBUG com.jayway.jsonpath.internal.path.CompiledPath -- Evaluating path: $['modifiers']
12:50:40.853 [main] DEBUG com.jayway.jsonpath.internal.path.CompiledPath -- Evaluating path: $
12:50:40.853 [main] DEBUG com.jayway.jsonpath.internal.path.CompiledPath -- Evaluating path: $
12:50:40.853 [main] DEBUG com.jayway.jsonpath.internal.JsonContext -- Put path $ key modifiers value {}
12:50:40.853 [main] DEBUG com.jayway.jsonpath.internal.path.CompiledPath -- Evaluating path: $
12:50:40.853 [main] DEBUG com.jayway.jsonpath.internal.JsonContext -- Put path $ key modifiers value 0
12:50:40.853 [main] DEBUG com.jayway.jsonpath.internal.path.CompiledPath -- Evaluating path: $['type']
12:50:40.853 [main] DEBUG com.jayway.jsonpath.internal.path.CompiledPath -- Evaluating path: $
12:50:40.853 [main] DEBUG com.jayway.jsonpath.internal.path.CompiledPath -- Evaluating path: $
12:50:40.853 [main] DEBUG com.jayway.jsonpath.internal.JsonContext -- Put path $ key type value {}
12:50:40.853 [main] DEBUG com.jayway.jsonpath.internal.path.CompiledPath -- Evaluating path: $
12:50:40.853 [main] DEBUG com.jayway.jsonpath.internal.JsonContext -- Put path $ key type value char
12:50:40.853 [main] DEBUG com.jayway.jsonpath.internal.path.CompiledPath -- Evaluating path: $['text']
12:50:40.853 [main] DEBUG com.jayway.jsonpath.internal.path.CompiledPath -- Evaluating path: $
12:50:40.853 [main] DEBUG com.jayway.jsonpath.internal.path.CompiledPath -- Evaluating path: $
12:50:40.853 [main] DEBUG com.jayway.jsonpath.internal.JsonContext -- Put path $ key text value {}
12:50:40.853 [main] DEBUG com.jayway.jsonpath.internal.path.CompiledPath -- Evaluating path: $
12:50:40.853 [main] DEBUG com.jayway.jsonpath.internal.JsonContext -- Put path $ key text value u
12:50:40.853 [main] DEBUG com.jayway.jsonpath.internal.path.CompiledPath -- Evaluating path: $['windowsVirtualKeyCode']
12:50:40.853 [main] DEBUG com.jayway.jsonpath.internal.path.CompiledPath -- Evaluating path: $
12:50:40.853 [main] DEBUG com.jayway.jsonpath.internal.path.CompiledPath -- Evaluating path: $
12:50:40.853 [main] DEBUG com.jayway.jsonpath.internal.JsonContext -- Put path $ key windowsVirtualKeyCode value {}
12:50:40.853 [main] DEBUG com.jayway.jsonpath.internal.path.CompiledPath -- Evaluating path: $
12:50:40.853 [main] DEBUG com.jayway.jsonpath.internal.JsonContext -- Put path $ key windowsVirtualKeyCode value 117
12:50:40.853 [main] DEBUG com.jayway.jsonpath.internal.path.CompiledPath -- Evaluating path: $
12:50:40.853 [main] DEBUG com.intuit.karate.driver.chrome_1718781634841 -- >> {"id":77,"sessionId":"100CDC760D17220B271422C858A4FE9E","method":"Input.dispatchKeyEvent","params":{"modifiers":0,"type":"char","text":"u","windowsVirtualKeyCode":117}}
12:50:40.860 [nioEventLoopGroup-2-1] DEBUG com.intuit.karate.driver.chrome_1718781634841 -- << {"id":77,"result":{},"sessionId":"100CDC760D17220B271422C858A4FE9E"}
12:50:40.860 [nioEventLoopGroup-2-1] DEBUG com.jayway.jsonpath.internal.path.CompiledPath -- Evaluating path: $
12:50:40.860 [main] DEBUG com.jayway.jsonpath.internal.path.CompiledPath -- Evaluating path: $['modifiers']
12:50:40.860 [main] DEBUG com.jayway.jsonpath.internal.path.CompiledPath -- Evaluating path: $
12:50:40.860 [main] DEBUG com.jayway.jsonpath.internal.path.CompiledPath -- Evaluating path: $
12:50:40.860 [main] DEBUG com.jayway.jsonpath.internal.JsonContext -- Put path $ key modifiers value {}
12:50:40.860 [main] DEBUG com.jayway.jsonpath.internal.path.CompiledPath -- Evaluating path: $
12:50:40.860 [main] DEBUG com.jayway.jsonpath.internal.JsonContext -- Put path $ key modifiers value 0
12:50:40.860 [main] DEBUG com.jayway.jsonpath.internal.path.CompiledPath -- Evaluating path: $['type']
12:50:40.860 [main] DEBUG com.jayway.jsonpath.internal.path.CompiledPath -- Evaluating path: $
12:50:40.860 [main] DEBUG com.jayway.jsonpath.internal.path.CompiledPath -- Evaluating path: $
12:50:40.860 [main] DEBUG com.jayway.jsonpath.internal.JsonContext -- Put path $ key type value {}
12:50:40.860 [main] DEBUG com.jayway.jsonpath.internal.path.CompiledPath -- Evaluating path: $
12:50:40.860 [main] DEBUG com.jayway.jsonpath.internal.JsonContext -- Put path $ key type value keyUp
12:50:40.860 [main] DEBUG com.jayway.jsonpath.internal.path.CompiledPath -- Evaluating path: $['text']
12:50:40.860 [main] DEBUG com.jayway.jsonpath.internal.path.CompiledPath -- Evaluating path: $
12:50:40.860 [main] DEBUG com.jayway.jsonpath.internal.path.CompiledPath -- Evaluating path: $
12:50:40.860 [main] DEBUG com.jayway.jsonpath.internal.JsonContext -- Put path $ key text value {}
12:50:40.860 [main] DEBUG com.jayway.jsonpath.internal.path.CompiledPath -- Evaluating path: $
12:50:40.860 [main] DEBUG com.jayway.jsonpath.internal.JsonContext -- Put path $ key text value u
12:50:40.860 [main] DEBUG com.jayway.jsonpath.internal.path.CompiledPath -- Evaluating path: $['windowsVirtualKeyCode']
12:50:40.860 [main] DEBUG com.jayway.jsonpath.internal.path.CompiledPath -- Evaluating path: $
12:50:40.860 [main] DEBUG com.jayway.jsonpath.internal.path.CompiledPath -- Evaluating path: $
12:50:40.860 [main] DEBUG com.jayway.jsonpath.internal.JsonContext -- Put path $ key windowsVirtualKeyCode value {}
12:50:40.860 [main] DEBUG com.jayway.jsonpath.internal.path.CompiledPath -- Evaluating path: $
12:50:40.860 [main] DEBUG com.jayway.jsonpath.internal.JsonContext -- Put path $ key windowsVirtualKeyCode value 117
12:50:40.860 [main] DEBUG com.jayway.jsonpath.internal.path.CompiledPath -- Evaluating path: $
12:50:40.860 [main] DEBUG com.intuit.karate.driver.chrome_1718781634841 -- >> {"id":78,"sessionId":"100CDC760D17220B271422C858A4FE9E","method":"Input.dispatchKeyEvent","params":{"modifiers":0,"type":"keyUp","text":"u","windowsVirtualKeyCode":117}}
12:50:40.865 [nioEventLoopGroup-2-1] DEBUG com.intuit.karate.driver.chrome_1718781634841 -- << {"id":78,"result":{},"sessionId":"100CDC760D17220B271422C858A4FE9E"}
12:50:40.865 [nioEventLoopGroup-2-1] DEBUG com.jayway.jsonpath.internal.path.CompiledPath -- Evaluating path: $
12:50:40.865 [main] DEBUG com.jayway.jsonpath.internal.path.CompiledPath -- Evaluating path: $['modifiers']
12:50:40.865 [main] DEBUG com.jayway.jsonpath.internal.path.CompiledPath -- Evaluating path: $
12:50:40.865 [main] DEBUG com.jayway.jsonpath.internal.path.CompiledPath -- Evaluating path: $
12:50:40.865 [main] DEBUG com.jayway.jsonpath.internal.JsonContext -- Put path $ key modifiers value {}
12:50:40.865 [main] DEBUG com.jayway.jsonpath.internal.path.CompiledPath -- Evaluating path: $
12:50:40.865 [main] DEBUG com.jayway.jsonpath.internal.JsonContext -- Put path $ key modifiers value 0
12:50:40.865 [main] DEBUG com.jayway.jsonpath.internal.path.CompiledPath -- Evaluating path: $['type']
12:50:40.865 [main] DEBUG com.jayway.jsonpath.internal.path.CompiledPath -- Evaluating path: $
12:50:40.865 [main] DEBUG com.jayway.jsonpath.internal.path.CompiledPath -- Evaluating path: $
12:50:40.865 [main] DEBUG com.jayway.jsonpath.internal.JsonContext -- Put path $ key type value {}
12:50:40.865 [main] DEBUG com.jayway.jsonpath.internal.path.CompiledPath -- Evaluating path: $
12:50:40.865 [main] DEBUG com.jayway.jsonpath.internal.JsonContext -- Put path $ key type value rawKeyDown
12:50:40.865 [main] DEBUG com.jayway.jsonpath.internal.path.CompiledPath -- Evaluating path: $['text']
12:50:40.865 [main] DEBUG com.jayway.jsonpath.internal.path.CompiledPath -- Evaluating path: $
12:50:40.865 [main] DEBUG com.jayway.jsonpath.internal.path.CompiledPath -- Evaluating path: $
12:50:40.865 [main] DEBUG com.jayway.jsonpath.internal.JsonContext -- Put path $ key text value {}
12:50:40.865 [main] DEBUG com.jayway.jsonpath.internal.path.CompiledPath -- Evaluating path: $
12:50:40.865 [main] DEBUG com.jayway.jsonpath.internal.JsonContext -- Put path $ key text value c
12:50:40.865 [main] DEBUG com.jayway.jsonpath.internal.path.CompiledPath -- Evaluating path: $['windowsVirtualKeyCode']
12:50:40.865 [main] DEBUG com.jayway.jsonpath.internal.path.CompiledPath -- Evaluating path: $
12:50:40.865 [main] DEBUG com.jayway.jsonpath.internal.path.CompiledPath -- Evaluating path: $
12:50:40.865 [main] DEBUG com.jayway.jsonpath.internal.JsonContext -- Put path $ key windowsVirtualKeyCode value {}
12:50:40.865 [main] DEBUG com.jayway.jsonpath.internal.path.CompiledPath -- Evaluating path: $
12:50:40.865 [main] DEBUG com.jayway.jsonpath.internal.JsonContext -- Put path $ key windowsVirtualKeyCode value 99
12:50:40.865 [main] DEBUG com.jayway.jsonpath.internal.path.CompiledPath -- Evaluating path: $
12:50:40.865 [main] DEBUG com.intuit.karate.driver.chrome_1718781634841 -- >> {"id":79,"sessionId":"100CDC760D17220B271422C858A4FE9E","method":"Input.dispatchKeyEvent","params":{"modifiers":0,"type":"rawKeyDown","text":"c","windowsVirtualKeyCode":99}}
12:50:40.869 [nioEventLoopGroup-2-1] DEBUG com.intuit.karate.driver.chrome_1718781634841 -- << {"id":79,"result":{},"sessionId":"100CDC760D17220B271422C858A4FE9E"}
12:50:40.869 [nioEventLoopGroup-2-1] DEBUG com.jayway.jsonpath.internal.path.CompiledPath -- Evaluating path: $
12:50:40.869 [main] DEBUG com.jayway.jsonpath.internal.path.CompiledPath -- Evaluating path: $['modifiers']
12:50:40.869 [main] DEBUG com.jayway.jsonpath.internal.path.CompiledPath -- Evaluating path: $
12:50:40.869 [main] DEBUG com.jayway.jsonpath.internal.path.CompiledPath -- Evaluating path: $
12:50:40.869 [main] DEBUG com.jayway.jsonpath.internal.JsonContext -- Put path $ key modifiers value {}
12:50:40.869 [main] DEBUG com.jayway.jsonpath.internal.path.CompiledPath -- Evaluating path: $
12:50:40.869 [main] DEBUG com.jayway.jsonpath.internal.JsonContext -- Put path $ key modifiers value 0
12:50:40.869 [main] DEBUG com.jayway.jsonpath.internal.path.CompiledPath -- Evaluating path: $['type']
12:50:40.869 [main] DEBUG com.jayway.jsonpath.internal.path.CompiledPath -- Evaluating path: $
12:50:40.869 [main] DEBUG com.jayway.jsonpath.internal.path.CompiledPath -- Evaluating path: $
12:50:40.869 [main] DEBUG com.jayway.jsonpath.internal.JsonContext -- Put path $ key type value {}
12:50:40.869 [main] DEBUG com.jayway.jsonpath.internal.path.CompiledPath -- Evaluating path: $
12:50:40.869 [main] DEBUG com.jayway.jsonpath.internal.JsonContext -- Put path $ key type value char
12:50:40.869 [main] DEBUG com.jayway.jsonpath.internal.path.CompiledPath -- Evaluating path: $['text']
12:50:40.869 [main] DEBUG com.jayway.jsonpath.internal.path.CompiledPath -- Evaluating path: $
12:50:40.869 [main] DEBUG com.jayway.jsonpath.internal.path.CompiledPath -- Evaluating path: $
12:50:40.869 [main] DEBUG com.jayway.jsonpath.internal.JsonContext -- Put path $ key text value {}
12:50:40.869 [main] DEBUG com.jayway.jsonpath.internal.path.CompiledPath -- Evaluating path: $
12:50:40.869 [main] DEBUG com.jayway.jsonpath.internal.JsonContext -- Put path $ key text value c
12:50:40.869 [main] DEBUG com.jayway.jsonpath.internal.path.CompiledPath -- Evaluating path: $['windowsVirtualKeyCode']
12:50:40.869 [main] DEBUG com.jayway.jsonpath.internal.path.CompiledPath -- Evaluating path: $
12:50:40.869 [main] DEBUG com.jayway.jsonpath.internal.path.CompiledPath -- Evaluating path: $
12:50:40.869 [main] DEBUG com.jayway.jsonpath.internal.JsonContext -- Put path $ key windowsVirtualKeyCode value {}
12:50:40.869 [main] DEBUG com.jayway.jsonpath.internal.path.CompiledPath -- Evaluating path: $
12:50:40.869 [main] DEBUG com.jayway.jsonpath.internal.JsonContext -- Put path $ key windowsVirtualKeyCode value 99
12:50:40.869 [main] DEBUG com.jayway.jsonpath.internal.path.CompiledPath -- Evaluating path: $
12:50:40.869 [main] DEBUG com.intuit.karate.driver.chrome_1718781634841 -- >> {"id":80,"sessionId":"100CDC760D17220B271422C858A4FE9E","method":"Input.dispatchKeyEvent","params":{"modifiers":0,"type":"char","text":"c","windowsVirtualKeyCode":99}}
12:50:40.869 [nioEventLoopGroup-2-1] DEBUG com.intuit.karate.driver.chrome_1718781634841 -- << {"id":80,"result":{},"sessionId":"100CDC760D17220B271422C858A4FE9E"}
12:50:40.869 [nioEventLoopGroup-2-1] DEBUG com.jayway.jsonpath.internal.path.CompiledPath -- Evaluating path: $
12:50:40.869 [main] DEBUG com.jayway.jsonpath.internal.path.CompiledPath -- Evaluating path: $['modifiers']
12:50:40.869 [main] DEBUG com.jayway.jsonpath.internal.path.CompiledPath -- Evaluating path: $
12:50:40.869 [main] DEBUG com.jayway.jsonpath.internal.path.CompiledPath -- Evaluating path: $
12:50:40.869 [main] DEBUG com.jayway.jsonpath.internal.JsonContext -- Put path $ key modifiers value {}
12:50:40.869 [main] DEBUG com.jayway.jsonpath.internal.path.CompiledPath -- Evaluating path: $
12:50:40.869 [main] DEBUG com.jayway.jsonpath.internal.JsonContext -- Put path $ key modifiers value 0
12:50:40.869 [main] DEBUG com.jayway.jsonpath.internal.path.CompiledPath -- Evaluating path: $['type']
12:50:40.869 [main] DEBUG com.jayway.jsonpath.internal.path.CompiledPath -- Evaluating path: $
12:50:40.869 [main] DEBUG com.jayway.jsonpath.internal.path.CompiledPath -- Evaluating path: $
12:50:40.869 [main] DEBUG com.jayway.jsonpath.internal.JsonContext -- Put path $ key type value {}
12:50:40.869 [main] DEBUG com.jayway.jsonpath.internal.path.CompiledPath -- Evaluating path: $
12:50:40.869 [main] DEBUG com.jayway.jsonpath.internal.JsonContext -- Put path $ key type value keyUp
12:50:40.869 [main] DEBUG com.jayway.jsonpath.internal.path.CompiledPath -- Evaluating path: $['text']
12:50:40.869 [main] DEBUG com.jayway.jsonpath.internal.path.CompiledPath -- Evaluating path: $
12:50:40.869 [main] DEBUG com.jayway.jsonpath.internal.path.CompiledPath -- Evaluating path: $
12:50:40.869 [main] DEBUG com.jayway.jsonpath.internal.JsonContext -- Put path $ key text value {}
12:50:40.869 [main] DEBUG com.jayway.jsonpath.internal.path.CompiledPath -- Evaluating path: $
12:50:40.869 [main] DEBUG com.jayway.jsonpath.internal.JsonContext -- Put path $ key text value c
12:50:40.869 [main] DEBUG com.jayway.jsonpath.internal.path.CompiledPath -- Evaluating path: $['windowsVirtualKeyCode']
12:50:40.869 [main] DEBUG com.jayway.jsonpath.internal.path.CompiledPath -- Evaluating path: $
12:50:40.869 [main] DEBUG com.jayway.jsonpath.internal.path.CompiledPath -- Evaluating path: $
12:50:40.869 [main] DEBUG com.jayway.jsonpath.internal.JsonContext -- Put path $ key windowsVirtualKeyCode value {}
12:50:40.869 [main] DEBUG com.jayway.jsonpath.internal.path.CompiledPath -- Evaluating path: $
12:50:40.869 [main] DEBUG com.jayway.jsonpath.internal.JsonContext -- Put path $ key windowsVirtualKeyCode value 99
12:50:40.869 [main] DEBUG com.jayway.jsonpath.internal.path.CompiledPath -- Evaluating path: $
12:50:40.869 [main] DEBUG com.intuit.karate.driver.chrome_1718781634841 -- >> {"id":81,"sessionId":"100CDC760D17220B271422C858A4FE9E","method":"Input.dispatchKeyEvent","params":{"modifiers":0,"type":"keyUp","text":"c","windowsVirtualKeyCode":99}}
12:50:40.869 [nioEventLoopGroup-2-1] DEBUG com.intuit.karate.driver.chrome_1718781634841 -- << {"id":81,"result":{},"sessionId":"100CDC760D17220B271422C858A4FE9E"}
12:50:40.869 [nioEventLoopGroup-2-1] DEBUG com.jayway.jsonpath.internal.path.CompiledPath -- Evaluating path: $
12:50:40.869 [main] DEBUG com.jayway.jsonpath.internal.path.CompiledPath -- Evaluating path: $['modifiers']
12:50:40.869 [main] DEBUG com.jayway.jsonpath.internal.path.CompiledPath -- Evaluating path: $
12:50:40.869 [main] DEBUG com.jayway.jsonpath.internal.path.CompiledPath -- Evaluating path: $
12:50:40.869 [main] DEBUG com.jayway.jsonpath.internal.JsonContext -- Put path $ key modifiers value {}
12:50:40.869 [main] DEBUG com.jayway.jsonpath.internal.path.CompiledPath -- Evaluating path: $
12:50:40.869 [main] DEBUG com.jayway.jsonpath.internal.JsonContext -- Put path $ key modifiers value 0
12:50:40.869 [main] DEBUG com.jayway.jsonpath.internal.path.CompiledPath -- Evaluating path: $['type']
12:50:40.869 [main] DEBUG com.jayway.jsonpath.internal.path.CompiledPath -- Evaluating path: $
12:50:40.869 [main] DEBUG com.jayway.jsonpath.internal.path.CompiledPath -- Evaluating path: $
12:50:40.869 [main] DEBUG com.jayway.jsonpath.internal.JsonContext -- Put path $ key type value {}
12:50:40.869 [main] DEBUG com.jayway.jsonpath.internal.path.CompiledPath -- Evaluating path: $
12:50:40.869 [main] DEBUG com.jayway.jsonpath.internal.JsonContext -- Put path $ key type value rawKeyDown
12:50:40.869 [main] DEBUG com.jayway.jsonpath.internal.path.CompiledPath -- Evaluating path: $['text']
12:50:40.869 [main] DEBUG com.jayway.jsonpath.internal.path.CompiledPath -- Evaluating path: $
12:50:40.869 [main] DEBUG com.jayway.jsonpath.internal.path.CompiledPath -- Evaluating path: $
12:50:40.869 [main] DEBUG com.jayway.jsonpath.internal.JsonContext -- Put path $ key text value {}
12:50:40.869 [main] DEBUG com.jayway.jsonpath.internal.path.CompiledPath -- Evaluating path: $
12:50:40.869 [main] DEBUG com.jayway.jsonpath.internal.JsonContext -- Put path $ key text value e
12:50:40.869 [main] DEBUG com.jayway.jsonpath.internal.path.CompiledPath -- Evaluating path: $['windowsVirtualKeyCode']
12:50:40.869 [main] DEBUG com.jayway.jsonpath.internal.path.CompiledPath -- Evaluating path: $
12:50:40.869 [main] DEBUG com.jayway.jsonpath.internal.path.CompiledPath -- Evaluating path: $
12:50:40.869 [main] DEBUG com.jayway.jsonpath.internal.JsonContext -- Put path $ key windowsVirtualKeyCode value {}
12:50:40.869 [main] DEBUG com.jayway.jsonpath.internal.path.CompiledPath -- Evaluating path: $
12:50:40.869 [main] DEBUG com.jayway.jsonpath.internal.JsonContext -- Put path $ key windowsVirtualKeyCode value 101
12:50:40.869 [main] DEBUG com.jayway.jsonpath.internal.path.CompiledPath -- Evaluating path: $
12:50:40.869 [main] DEBUG com.intuit.karate.driver.chrome_1718781634841 -- >> {"id":82,"sessionId":"100CDC760D17220B271422C858A4FE9E","method":"Input.dispatchKeyEvent","params":{"modifiers":0,"type":"rawKeyDown","text":"e","windowsVirtualKeyCode":101}}
12:50:40.869 [nioEventLoopGroup-2-1] DEBUG com.intuit.karate.driver.chrome_1718781634841 -- << {"id":82,"result":{},"sessionId":"100CDC760D17220B271422C858A4FE9E"}
12:50:40.869 [nioEventLoopGroup-2-1] DEBUG com.jayway.jsonpath.internal.path.CompiledPath -- Evaluating path: $
12:50:40.869 [main] DEBUG com.jayway.jsonpath.internal.path.CompiledPath -- Evaluating path: $['modifiers']
12:50:40.869 [main] DEBUG com.jayway.jsonpath.internal.path.CompiledPath -- Evaluating path: $
12:50:40.869 [main] DEBUG com.jayway.jsonpath.internal.path.CompiledPath -- Evaluating path: $
12:50:40.869 [main] DEBUG com.jayway.jsonpath.internal.JsonContext -- Put path $ key modifiers value {}
12:50:40.869 [main] DEBUG com.jayway.jsonpath.internal.path.CompiledPath -- Evaluating path: $
12:50:40.869 [main] DEBUG com.jayway.jsonpath.internal.JsonContext -- Put path $ key modifiers value 0
12:50:40.869 [main] DEBUG com.jayway.jsonpath.internal.path.CompiledPath -- Evaluating path: $['type']
12:50:40.869 [main] DEBUG com.jayway.jsonpath.internal.path.CompiledPath -- Evaluating path: $
12:50:40.869 [main] DEBUG com.jayway.jsonpath.internal.path.CompiledPath -- Evaluating path: $
12:50:40.869 [main] DEBUG com.jayway.jsonpath.internal.JsonContext -- Put path $ key type value {}
12:50:40.869 [main] DEBUG com.jayway.jsonpath.internal.path.CompiledPath -- Evaluating path: $
12:50:40.869 [main] DEBUG com.jayway.jsonpath.internal.JsonContext -- Put path $ key type value char
12:50:40.869 [main] DEBUG com.jayway.jsonpath.internal.path.CompiledPath -- Evaluating path: $['text']
12:50:40.869 [main] DEBUG com.jayway.jsonpath.internal.path.CompiledPath -- Evaluating path: $
12:50:40.869 [main] DEBUG com.jayway.jsonpath.internal.path.CompiledPath -- Evaluating path: $
12:50:40.869 [main] DEBUG com.jayway.jsonpath.internal.JsonContext -- Put path $ key text value {}
12:50:40.869 [main] DEBUG com.jayway.jsonpath.internal.path.CompiledPath -- Evaluating path: $
12:50:40.869 [main] DEBUG com.jayway.jsonpath.internal.JsonContext -- Put path $ key text value e
12:50:40.879 [main] DEBUG com.jayway.jsonpath.internal.path.CompiledPath -- Evaluating path: $['windowsVirtualKeyCode']
12:50:40.879 [main] DEBUG com.jayway.jsonpath.internal.path.CompiledPath -- Evaluating path: $
12:50:40.879 [main] DEBUG com.jayway.jsonpath.internal.path.CompiledPath -- Evaluating path: $
12:50:40.879 [main] DEBUG com.jayway.jsonpath.internal.JsonContext -- Put path $ key windowsVirtualKeyCode value {}
12:50:40.879 [main] DEBUG com.jayway.jsonpath.internal.path.CompiledPath -- Evaluating path: $
12:50:40.879 [main] DEBUG com.jayway.jsonpath.internal.JsonContext -- Put path $ key windowsVirtualKeyCode value 101
12:50:40.879 [main] DEBUG com.jayway.jsonpath.internal.path.CompiledPath -- Evaluating path: $
12:50:40.879 [main] DEBUG com.intuit.karate.driver.chrome_1718781634841 -- >> {"id":83,"sessionId":"100CDC760D17220B271422C858A4FE9E","method":"Input.dispatchKeyEvent","params":{"modifiers":0,"type":"char","text":"e","windowsVirtualKeyCode":101}}
12:50:40.881 [nioEventLoopGroup-2-1] DEBUG com.intuit.karate.driver.chrome_1718781634841 -- << {"id":83,"result":{},"sessionId":"100CDC760D17220B271422C858A4FE9E"}
12:50:40.881 [nioEventLoopGroup-2-1] DEBUG com.jayway.jsonpath.internal.path.CompiledPath -- Evaluating path: $
12:50:40.881 [main] DEBUG com.jayway.jsonpath.internal.path.CompiledPath -- Evaluating path: $['modifiers']
12:50:40.881 [main] DEBUG com.jayway.jsonpath.internal.path.CompiledPath -- Evaluating path: $
12:50:40.881 [main] DEBUG com.jayway.jsonpath.internal.path.CompiledPath -- Evaluating path: $
12:50:40.881 [main] DEBUG com.jayway.jsonpath.internal.JsonContext -- Put path $ key modifiers value {}
12:50:40.881 [main] DEBUG com.jayway.jsonpath.internal.path.CompiledPath -- Evaluating path: $
12:50:40.881 [main] DEBUG com.jayway.jsonpath.internal.JsonContext -- Put path $ key modifiers value 0
12:50:40.881 [main] DEBUG com.jayway.jsonpath.internal.path.CompiledPath -- Evaluating path: $['type']
12:50:40.884 [main] DEBUG com.jayway.jsonpath.internal.path.CompiledPath -- Evaluating path: $
12:50:40.884 [main] DEBUG com.jayway.jsonpath.internal.path.CompiledPath -- Evaluating path: $
12:50:40.884 [main] DEBUG com.jayway.jsonpath.internal.JsonContext -- Put path $ key type value {}
12:50:40.884 [main] DEBUG com.jayway.jsonpath.internal.path.CompiledPath -- Evaluating path: $
12:50:40.884 [main] DEBUG com.jayway.jsonpath.internal.JsonContext -- Put path $ key type value keyUp
12:50:40.884 [main] DEBUG com.jayway.jsonpath.internal.path.CompiledPath -- Evaluating path: $['text']
12:50:40.884 [main] DEBUG com.jayway.jsonpath.internal.path.CompiledPath -- Evaluating path: $
12:50:40.884 [main] DEBUG com.jayway.jsonpath.internal.path.CompiledPath -- Evaluating path: $
12:50:40.884 [main] DEBUG com.jayway.jsonpath.internal.JsonContext -- Put path $ key text value {}
12:50:40.884 [main] DEBUG com.jayway.jsonpath.internal.path.CompiledPath -- Evaluating path: $
12:50:40.884 [main] DEBUG com.jayway.jsonpath.internal.JsonContext -- Put path $ key text value e
12:50:40.884 [main] DEBUG com.jayway.jsonpath.internal.path.CompiledPath -- Evaluating path: $['windowsVirtualKeyCode']
12:50:40.884 [main] DEBUG com.jayway.jsonpath.internal.path.CompiledPath -- Evaluating path: $
12:50:40.884 [main] DEBUG com.jayway.jsonpath.internal.path.CompiledPath -- Evaluating path: $
12:50:40.884 [main] DEBUG com.jayway.jsonpath.internal.JsonContext -- Put path $ key windowsVirtualKeyCode value {}
12:50:40.884 [main] DEBUG com.jayway.jsonpath.internal.path.CompiledPath -- Evaluating path: $
12:50:40.884 [main] DEBUG com.jayway.jsonpath.internal.JsonContext -- Put path $ key windowsVirtualKeyCode value 101
12:50:40.884 [main] DEBUG com.jayway.jsonpath.internal.path.CompiledPath -- Evaluating path: $
12:50:40.884 [main] DEBUG com.intuit.karate.driver.chrome_1718781634841 -- >> {"id":84,"sessionId":"100CDC760D17220B271422C858A4FE9E","method":"Input.dispatchKeyEvent","params":{"modifiers":0,"type":"keyUp","text":"e","windowsVirtualKeyCode":101}}
12:50:40.884 [nioEventLoopGroup-2-1] DEBUG com.intuit.karate.driver.chrome_1718781634841 -- << {"id":84,"result":{},"sessionId":"100CDC760D17220B271422C858A4FE9E"}
12:50:40.884 [nioEventLoopGroup-2-1] DEBUG com.jayway.jsonpath.internal.path.CompiledPath -- Evaluating path: $
12:50:42.544 [nioEventLoopGroup-2-1] DEBUG com.intuit.karate.driver.chrome_1718781634841 -- << {"method":"Target.targetCreated","params":{"targetInfo":{"targetId":"B7DDF5286CB559FFB0E98FC6921F8135","type":"app","title":"Chrome Web Store Payments","url":"","attached":false,"canAccessOpener":false,"browserContextId":"6A9996F17B714396A34DFA4423565005"}},"sessionId":"100CDC760D17220B271422C858A4FE9E"}
12:50:42.544 [nioEventLoopGroup-2-1] DEBUG com.jayway.jsonpath.internal.path.CompiledPath -- Evaluating path: $
12:50:42.643 [nioEventLoopGroup-2-1] DEBUG com.intuit.karate.driver.chrome_1718781634841 -- << {"method":"Target.targetInfoChanged","params":{"targetInfo":{"targetId":"B7DDF5286CB559FFB0E98FC6921F8135","type":"background_page","title":"Chrome Web Store Payments","url":"chrome-extension://nmmhkkegccagdldgiimedpiccmgmieda/_generated_background_page.html","attached":false,"canAccessOpener":false,"browserContextId":"6A9996F17B714396A34DFA4423565005"}},"sessionId":"100CDC760D17220B271422C858A4FE9E"}
12:50:42.643 [nioEventLoopGroup-2-1] DEBUG com.jayway.jsonpath.internal.path.CompiledPath -- Evaluating path: $
12:50:42.643 [nioEventLoopGroup-2-1] DEBUG com.jayway.jsonpath.internal.path.CompiledPath -- Evaluating path: $['targetInfo']['targetId']
12:50:43.463 [nioEventLoopGroup-2-1] DEBUG com.intuit.karate.driver.chrome_1718781634841 -- << {"method":"Target.targetCreated","params":{"targetInfo":{"targetId":"435C046F03D4CACD63504AEB84CF8979","type":"service_worker","title":"Service Worker chrome-extension://ghbmnnjooekpmoecnnnilnnbdlolhkhi/service_worker_bin_prod.js","url":"chrome-extension://ghbmnnjooekpmoecnnnilnnbdlolhkhi/service_worker_bin_prod.js","attached":false,"canAccessOpener":false,"browserContextId":"6A9996F17B714396A34DFA4423565005"}},"sessionId":"100CDC760D17220B271422C858A4FE9E"}
12:50:43.463 [nioEventLoopGroup-2-1] DEBUG com.jayway.jsonpath.internal.path.CompiledPath -- Evaluating path: $
12:50:43.890 [main] DEBUG com.jayway.jsonpath.internal.path.CompiledPath -- Evaluating path: $['expression']
12:50:43.890 [main] DEBUG com.jayway.jsonpath.internal.path.CompiledPath -- Evaluating path: $
12:50:43.890 [main] DEBUG com.jayway.jsonpath.internal.path.CompiledPath -- Evaluating path: $
12:50:43.890 [main] DEBUG com.jayway.jsonpath.internal.JsonContext -- Put path $ key expression value {}
12:50:43.890 [main] DEBUG com.jayway.jsonpath.internal.path.CompiledPath -- Evaluating path: $
12:50:43.890 [main] DEBUG com.jayway.jsonpath.internal.JsonContext -- Put path $ key expression value document.evaluate("//*[@id='login-button']", document, null, 9, null).singleNodeValue.click()
12:50:43.890 [main] DEBUG com.jayway.jsonpath.internal.path.CompiledPath -- Evaluating path: $['returnByValue']
12:50:43.890 [main] DEBUG com.jayway.jsonpath.internal.path.CompiledPath -- Evaluating path: $
12:50:43.890 [main] DEBUG com.jayway.jsonpath.internal.path.CompiledPath -- Evaluating path: $
12:50:43.890 [main] DEBUG com.jayway.jsonpath.internal.JsonContext -- Put path $ key returnByValue value {}
12:50:43.890 [main] DEBUG com.jayway.jsonpath.internal.path.CompiledPath -- Evaluating path: $
12:50:43.890 [main] DEBUG com.jayway.jsonpath.internal.JsonContext -- Put path $ key returnByValue value true
12:50:43.890 [main] DEBUG com.jayway.jsonpath.internal.path.CompiledPath -- Evaluating path: $
12:50:43.890 [main] DEBUG com.intuit.karate.driver.chrome_1718781634841 -- >> {"id":85,"sessionId":"100CDC760D17220B271422C858A4FE9E","method":"Runtime.evaluate","params":{"expression":"document.evaluate(\"\/\/*[@id='login-button']\", document, null, 9, null).singleNodeValue.click()","returnByValue":true}}
12:50:43.890 [nioEventLoopGroup-2-1] DEBUG com.intuit.karate.driver.chrome_1718781634841 -- << {"method":"Page.frameStartedLoading","params":{"frameId":"D6FF537DD9B4BA0976EBF39525B06618"},"sessionId":"100CDC760D17220B271422C858A4FE9E"}
12:50:43.890 [nioEventLoopGroup-2-1] DEBUG com.jayway.jsonpath.internal.path.CompiledPath -- Evaluating path: $
12:50:43.890 [nioEventLoopGroup-2-1] DEBUG com.jayway.jsonpath.internal.path.CompiledPath -- Evaluating path: $['frameId']
12:50:43.890 [nioEventLoopGroup-2-1] DEBUG com.intuit.karate.driver.chrome_1718781634841 -- << {"method":"Target.targetInfoChanged","params":{"targetInfo":{"targetId":"D6FF537DD9B4BA0976EBF39525B06618","type":"page","title":"Swag Labs","url":"https://www.saucedemo.com/inventory.html","attached":true,"canAccessOpener":false,"browserContextId":"6A9996F17B714396A34DFA4423565005"}},"sessionId":"100CDC760D17220B271422C858A4FE9E"}
12:50:43.890 [nioEventLoopGroup-2-1] DEBUG com.jayway.jsonpath.internal.path.CompiledPath -- Evaluating path: $
12:50:43.890 [nioEventLoopGroup-2-1] DEBUG com.jayway.jsonpath.internal.path.CompiledPath -- Evaluating path: $['targetInfo']['targetId']
12:50:43.890 [nioEventLoopGroup-2-1] DEBUG com.intuit.karate.driver.chrome_1718781634841 -- << {"method":"Page.navigatedWithinDocument","params":{"frameId":"D6FF537DD9B4BA0976EBF39525B06618","url":"https://www.saucedemo.com/inventory.html"},"sessionId":"100CDC760D17220B271422C858A4FE9E"}
12:50:43.890 [nioEventLoopGroup-2-1] DEBUG com.jayway.jsonpath.internal.path.CompiledPath -- Evaluating path: $
12:50:43.890 [nioEventLoopGroup-2-1] DEBUG com.intuit.karate.driver.chrome_1718781634841 -- << {"method":"Page.frameStoppedLoading","params":{"frameId":"D6FF537DD9B4BA0976EBF39525B06618"},"sessionId":"100CDC760D17220B271422C858A4FE9E"}
12:50:43.890 [nioEventLoopGroup-2-1] DEBUG com.jayway.jsonpath.internal.path.CompiledPath -- Evaluating path: $
12:50:43.890 [nioEventLoopGroup-2-1] DEBUG com.jayway.jsonpath.internal.path.CompiledPath -- Evaluating path: $['frameId']
12:50:43.930 [nioEventLoopGroup-2-1] DEBUG com.intuit.karate.driver.chrome_1718781634841 -- << {"id":85,"result":{"result":{"type":"undefined"}},"sessionId":"100CDC760D17220B271422C858A4FE9E"}
12:50:43.930 [nioEventLoopGroup-2-1] DEBUG com.jayway.jsonpath.internal.path.CompiledPath -- Evaluating path: $
12:50:46.940 [main] DEBUG com.jayway.jsonpath.internal.path.CompiledPath -- Evaluating path: $['expression']
12:50:46.940 [main] DEBUG com.jayway.jsonpath.internal.path.CompiledPath -- Evaluating path: $
12:50:46.940 [main] DEBUG com.jayway.jsonpath.internal.path.CompiledPath -- Evaluating path: $
12:50:46.940 [main] DEBUG com.jayway.jsonpath.internal.JsonContext -- Put path $ key expression value {}
12:50:46.940 [main] DEBUG com.jayway.jsonpath.internal.path.CompiledPath -- Evaluating path: $
12:50:46.940 [main] DEBUG com.jayway.jsonpath.internal.JsonContext -- Put path $ key expression value document.title
12:50:46.940 [main] DEBUG com.jayway.jsonpath.internal.path.CompiledPath -- Evaluating path: $['returnByValue']
12:50:46.940 [main] DEBUG com.jayway.jsonpath.internal.path.CompiledPath -- Evaluating path: $
12:50:46.940 [main] DEBUG com.jayway.jsonpath.internal.path.CompiledPath -- Evaluating path: $
12:50:46.940 [main] DEBUG com.jayway.jsonpath.internal.JsonContext -- Put path $ key returnByValue value {}
12:50:46.940 [main] DEBUG com.jayway.jsonpath.internal.path.CompiledPath -- Evaluating path: $
12:50:46.940 [main] DEBUG com.jayway.jsonpath.internal.JsonContext -- Put path $ key returnByValue value true
12:50:46.940 [main] DEBUG com.jayway.jsonpath.internal.path.CompiledPath -- Evaluating path: $
12:50:46.940 [main] DEBUG com.intuit.karate.driver.chrome_1718781634841 -- >> {"id":86,"sessionId":"100CDC760D17220B271422C858A4FE9E","method":"Runtime.evaluate","params":{"expression":"document.title","returnByValue":true}}
12:50:46.940 [nioEventLoopGroup-2-1] DEBUG com.intuit.karate.driver.chrome_1718781634841 -- << {"id":86,"result":{"result":{"type":"string","value":"Swag Labs"}},"sessionId":"100CDC760D17220B271422C858A4FE9E"}
12:50:46.940 [nioEventLoopGroup-2-1] DEBUG com.jayway.jsonpath.internal.path.CompiledPath -- Evaluating path: $
12:50:46.955 [main] DEBUG com.jayway.jsonpath.internal.path.CompiledPath -- Evaluating path: $['expression']
12:50:46.955 [main] DEBUG com.jayway.jsonpath.internal.path.CompiledPath -- Evaluating path: $
12:50:46.955 [main] DEBUG com.jayway.jsonpath.internal.path.CompiledPath -- Evaluating path: $
12:50:46.955 [main] DEBUG com.jayway.jsonpath.internal.JsonContext -- Put path $ key expression value {}
12:50:46.955 [main] DEBUG com.jayway.jsonpath.internal.path.CompiledPath -- Evaluating path: $
12:50:46.955 [main] DEBUG com.jayway.jsonpath.internal.JsonContext -- Put path $ key expression value document.location.href
12:50:46.955 [main] DEBUG com.jayway.jsonpath.internal.path.CompiledPath -- Evaluating path: $['returnByValue']
12:50:46.955 [main] DEBUG com.jayway.jsonpath.internal.path.CompiledPath -- Evaluating path: $
12:50:46.955 [main] DEBUG com.jayway.jsonpath.internal.path.CompiledPath -- Evaluating path: $
12:50:46.955 [main] DEBUG com.jayway.jsonpath.internal.JsonContext -- Put path $ key returnByValue value {}
12:50:46.955 [main] DEBUG com.jayway.jsonpath.internal.path.CompiledPath -- Evaluating path: $
12:50:46.955 [main] DEBUG com.jayway.jsonpath.internal.JsonContext -- Put path $ key returnByValue value true
12:50:46.955 [main] DEBUG com.jayway.jsonpath.internal.path.CompiledPath -- Evaluating path: $
12:50:46.955 [main] DEBUG com.intuit.karate.driver.chrome_1718781634841 -- >> {"id":87,"sessionId":"100CDC760D17220B271422C858A4FE9E","method":"Runtime.evaluate","params":{"expression":"document.location.href","returnByValue":true}}
12:50:46.968 [nioEventLoopGroup-2-1] DEBUG com.intuit.karate.driver.chrome_1718781634841 -- << {"id":87,"result":{"result":{"type":"string","value":"https://www.saucedemo.com/inventory.html"}},"sessionId":"100CDC760D17220B271422C858A4FE9E"}
12:50:46.968 [nioEventLoopGroup-2-1] DEBUG com.jayway.jsonpath.internal.path.CompiledPath -- Evaluating path: $
12:50:49.975 [main] DEBUG com.jayway.jsonpath.internal.path.CompiledPath -- Evaluating path: $['targetId']
12:50:49.975 [main] DEBUG com.jayway.jsonpath.internal.path.CompiledPath -- Evaluating path: $
12:50:49.975 [main] DEBUG com.jayway.jsonpath.internal.path.CompiledPath -- Evaluating path: $
12:50:49.975 [main] DEBUG com.jayway.jsonpath.internal.JsonContext -- Put path $ key targetId value {}
12:50:49.975 [main] DEBUG com.jayway.jsonpath.internal.path.CompiledPath -- Evaluating path: $
12:50:49.975 [main] DEBUG com.jayway.jsonpath.internal.JsonContext -- Put path $ key targetId value D6FF537DD9B4BA0976EBF39525B06618
12:50:49.975 [main] DEBUG com.jayway.jsonpath.internal.path.CompiledPath -- Evaluating path: $
12:50:49.975 [main] DEBUG com.intuit.karate.driver.chrome_1718781634841 -- >> {"id":88,"sessionId":"100CDC760D17220B271422C858A4FE9E","method":"Target.closeTarget","params":{"targetId":"D6FF537DD9B4BA0976EBF39525B06618"}}
12:50:49.977 [nioEventLoopGroup-2-1] DEBUG com.intuit.karate.http.WebSocketClientHandler -- websocket closing
12:50:49.977 [nioEventLoopGroup-2-1] DEBUG com.intuit.karate.http.WebSocketClientHandler -- websocket client disconnected
12:50:49.986 [main] DEBUG com.intuit.karate.shell.Command -- closing command: chrome_1718781634841
]]></system-out>
  </testcase>
  <testcase name="[2.1:35] Login using csv file" classname="UI_Automation_Project/login/login" time="13.698">
    <system-out><![CDATA[12:50:50.025 [main] INFO com.intuit.karate -- karate.env system property was: null 
12:50:50.032 [main] INFO com.intuit.karate -- the browser set is: chromedriver, default: "chrome" 
12:50:50.037 [main] DEBUG com.jayway.jsonpath.internal.path.CompiledPath -- Evaluating path: $
12:50:50.048 [main] DEBUG com.jayway.jsonpath.internal.path.CompiledPath -- Evaluating path: $
12:50:50.048 [main] WARN com.intuit.karate -- type was null, defaulting to 'chrome'
12:50:50.048 [main] DEBUG com.intuit.karate.shell.Command -- found / verified free local port: 53849
12:50:50.048 [main] WARN com.intuit.karate.driver.DriverOptions -- preferred port 9222 not available, will use: 53849
12:50:50.056 [main] DEBUG com.intuit.karate.driver.chrome_1718781650048 -- poll attempt #0 for port to be ready - localhost:53849
12:50:50.057 [chrome_1718781650048] DEBUG com.intuit.karate.driver.chrome_1718781650048 -- command: [C:\Program Files\Google\Chrome\Application\chrome.exe, --remote-debugging-port=53849, --remote-allow-origins=*, --no-first-run, --user-data-dir=C:\Users\HarshvardhanNigaveka\OneDrive - Academian India Private Limited\Desktop\GitHubActions\karateUI\UI_Automation_Project\target\chrome_1718781650048, --disable-popup-blocking], working dir: target\chrome_1718781650048
12:50:50.297 [chrome_1718781650048-out] DEBUG com.intuit.karate.driver.chrome_1718781650048 -- 
12:50:50.313 [chrome_1718781650048-out] DEBUG com.intuit.karate.driver.chrome_1718781650048 -- DevTools listening on ws://127.0.0.1:53849/devtools/browser/b880f8b7-ee83-4223-815c-815fda05f569
12:50:50.313 [main] DEBUG com.intuit.karate.driver.chrome_1718781650048 -- poll attempt #1 for port to be ready - localhost:53849
12:50:50.344 [main] DEBUG org.apache.http.client.protocol.RequestAddCookies -- CookieSpec selected: karate
12:50:50.344 [main] DEBUG org.apache.http.client.protocol.RequestAuthCache -- Auth cache not set in the context
12:50:50.344 [main] DEBUG com.intuit.karate -- request:
1 > GET http://localhost:53849/json
1 > Host: localhost:53849
1 > Connection: Keep-Alive
1 > User-Agent: Apache-HttpClient/4.5.14 (Java/17.0.11)
1 > Accept-Encoding: gzip,deflate


12:50:50.344 [main] DEBUG org.apache.http.impl.conn.PoolingHttpClientConnectionManager -- Connection request: [route: {}->http://localhost:53849][total available: 0; route allocated: 0 of 5; total allocated: 0 of 10]
12:50:50.344 [main] DEBUG org.apache.http.impl.conn.PoolingHttpClientConnectionManager -- Connection leased: [id: 2][route: {}->http://localhost:53849][total available: 0; route allocated: 1 of 5; total allocated: 1 of 10]
12:50:50.344 [main] DEBUG org.apache.http.impl.execchain.MainClientExec -- Opening connection {}->http://localhost:53849
12:50:50.344 [main] DEBUG org.apache.http.impl.conn.DefaultHttpClientConnectionOperator -- Connecting to localhost/127.0.0.1:53849
12:50:50.344 [main] DEBUG org.apache.http.impl.conn.DefaultHttpClientConnectionOperator -- Connection established 127.0.0.1:53852<->127.0.0.1:53849
12:50:50.344 [main] DEBUG org.apache.http.impl.conn.DefaultManagedHttpClientConnection -- http-outgoing-2: set socket timeout to 30000
12:50:50.344 [main] DEBUG org.apache.http.impl.execchain.MainClientExec -- Executing request GET /json HTTP/1.1
12:50:50.344 [main] DEBUG org.apache.http.impl.execchain.MainClientExec -- Target auth state: UNCHALLENGED
12:50:50.344 [main] DEBUG org.apache.http.impl.execchain.MainClientExec -- Proxy auth state: UNCHALLENGED
12:50:50.344 [main] DEBUG org.apache.http.headers -- http-outgoing-2 >> GET /json HTTP/1.1
12:50:50.344 [main] DEBUG org.apache.http.headers -- http-outgoing-2 >> Host: localhost:53849
12:50:50.344 [main] DEBUG org.apache.http.headers -- http-outgoing-2 >> Connection: Keep-Alive
12:50:50.344 [main] DEBUG org.apache.http.headers -- http-outgoing-2 >> User-Agent: Apache-HttpClient/4.5.14 (Java/17.0.11)
12:50:50.344 [main] DEBUG org.apache.http.headers -- http-outgoing-2 >> Accept-Encoding: gzip,deflate
12:50:50.344 [main] DEBUG org.apache.http.wire -- http-outgoing-2 >> "GET /json HTTP/1.1[\r][\n]"
12:50:50.344 [main] DEBUG org.apache.http.wire -- http-outgoing-2 >> "Host: localhost:53849[\r][\n]"
12:50:50.344 [main] DEBUG org.apache.http.wire -- http-outgoing-2 >> "Connection: Keep-Alive[\r][\n]"
12:50:50.344 [main] DEBUG org.apache.http.wire -- http-outgoing-2 >> "User-Agent: Apache-HttpClient/4.5.14 (Java/17.0.11)[\r][\n]"
12:50:50.344 [main] DEBUG org.apache.http.wire -- http-outgoing-2 >> "Accept-Encoding: gzip,deflate[\r][\n]"
12:50:50.344 [main] DEBUG org.apache.http.wire -- http-outgoing-2 >> "[\r][\n]"
12:50:50.452 [main] DEBUG org.apache.http.wire -- http-outgoing-2 << "HTTP/1.1 200 OK[\r][\n]"
12:50:50.452 [main] DEBUG org.apache.http.wire -- http-outgoing-2 << "Content-Security-Policy:frame-ancestors 'none'[\r][\n]"
12:50:50.452 [main] DEBUG org.apache.http.wire -- http-outgoing-2 << "Content-Length:1123[\r][\n]"
12:50:50.452 [main] DEBUG org.apache.http.wire -- http-outgoing-2 << "Content-Type:application/json; charset=UTF-8[\r][\n]"
12:50:50.452 [main] DEBUG org.apache.http.wire -- http-outgoing-2 << "[\r][\n]"
12:50:50.452 [main] DEBUG org.apache.http.wire -- http-outgoing-2 << "[ {[\r][\n]"
12:50:50.452 [main] DEBUG org.apache.http.wire -- http-outgoing-2 << "   "description": "",[\r][\n]"
12:50:50.452 [main] DEBUG org.apache.http.wire -- http-outgoing-2 << "   "devtoolsFrontendUrl": "/devtools/inspector.html?ws=localhost:53849/devtools/page/E4BF4C9A52B43BB3BFB8330D261B51FC",[\r][\n]"
12:50:50.452 [main] DEBUG org.apache.http.wire -- http-outgoing-2 << "   "id": "E4BF4C9A52B43BB3BFB8330D261B51FC",[\r][\n]"
12:50:50.452 [main] DEBUG org.apache.http.wire -- http-outgoing-2 << "   "title": "Google Network Speech",[\r][\n]"
12:50:50.452 [main] DEBUG org.apache.http.wire -- http-outgoing-2 << "   "type": "background_page",[\r][\n]"
12:50:50.452 [main] DEBUG org.apache.http.wire -- http-outgoing-2 << "   "url": "",[\r][\n]"
12:50:50.452 [main] DEBUG org.apache.http.wire -- http-outgoing-2 << "   "webSocketDebuggerUrl": "ws://localhost:53849/devtools/page/E4BF4C9A52B43BB3BFB8330D261B51FC"[\r][\n]"
12:50:50.452 [main] DEBUG org.apache.http.wire -- http-outgoing-2 << "}, {[\r][\n]"
12:50:50.452 [main] DEBUG org.apache.http.wire -- http-outgoing-2 << "   "description": "",[\r][\n]"
12:50:50.452 [main] DEBUG org.apache.http.wire -- http-outgoing-2 << "   "devtoolsFrontendUrl": "/devtools/inspector.html?ws=localhost:53849/devtools/page/F937BCDDBC144B1096C5CA617F4152DC",[\r][\n]"
12:50:50.452 [main] DEBUG org.apache.http.wire -- http-outgoing-2 << "   "id": "F937BCDDBC144B1096C5CA617F4152DC",[\r][\n]"
12:50:50.452 [main] DEBUG org.apache.http.wire -- http-outgoing-2 << "   "title": "Google Hangouts",[\r][\n]"
12:50:50.452 [main] DEBUG org.apache.http.wire -- http-outgoing-2 << "   "type": "background_page",[\r][\n]"
12:50:50.452 [main] DEBUG org.apache.http.wire -- http-outgoing-2 << "   "url": "",[\r][\n]"
12:50:50.452 [main] DEBUG org.apache.http.wire -- http-outgoing-2 << "   "webSocketDebuggerUrl": "ws://localhost:53849/devtools/page/F937BCDDBC144B1096C5CA617F4152DC"[\r][\n]"
12:50:50.452 [main] DEBUG org.apache.http.wire -- http-outgoing-2 << "}, {[\r][\n]"
12:50:50.452 [main] DEBUG org.apache.http.wire -- http-outgoing-2 << "   "description": "",[\r][\n]"
12:50:50.452 [main] DEBUG org.apache.http.wire -- http-outgoing-2 << "   "devtoolsFrontendUrl": "/devtools/inspector.html?ws=localhost:53849/devtools/page/C354FA478ED6413FDBE4BB079DF697AF",[\r][\n]"
12:50:50.452 [main] DEBUG org.apache.http.wire -- http-outgoing-2 << "   "id": "C354FA478ED6413FDBE4BB079DF697AF",[\r][\n]"
12:50:50.452 [main] DEBUG org.apache.http.wire -- http-outgoing-2 << "   "title": "New Tab",[\r][\n]"
12:50:50.452 [main] DEBUG org.apache.http.wire -- http-outgoing-2 << "   "type": "page",[\r][\n]"
12:50:50.452 [main] DEBUG org.apache.http.wire -- http-outgoing-2 << "   "url": "chrome://newtab/",[\r][\n]"
12:50:50.452 [main] DEBUG org.apache.http.wire -- http-outgoing-2 << "   "webSocketDebuggerUrl": "ws://localhost:53849/devtools/page/C354FA478ED6413FDBE4BB079DF697AF"[\r][\n]"
12:50:50.452 [main] DEBUG org.apache.http.wire -- http-outgoing-2 << "} ][\r][\n]"
12:50:50.452 [main] DEBUG org.apache.http.headers -- http-outgoing-2 << HTTP/1.1 200 OK
12:50:50.452 [main] DEBUG org.apache.http.headers -- http-outgoing-2 << Content-Security-Policy:frame-ancestors 'none'
12:50:50.452 [main] DEBUG org.apache.http.headers -- http-outgoing-2 << Content-Length:1123
12:50:50.452 [main] DEBUG org.apache.http.headers -- http-outgoing-2 << Content-Type:application/json; charset=UTF-8
12:50:50.452 [main] DEBUG org.apache.http.impl.execchain.MainClientExec -- Connection can be kept alive indefinitely
12:50:50.452 [main] DEBUG org.apache.http.impl.conn.PoolingHttpClientConnectionManager -- Connection [id: 2][route: {}->http://localhost:53849] can be kept alive indefinitely
12:50:50.452 [main] DEBUG org.apache.http.impl.conn.DefaultManagedHttpClientConnection -- http-outgoing-2: set socket timeout to 0
12:50:50.452 [main] DEBUG org.apache.http.impl.conn.PoolingHttpClientConnectionManager -- Connection released: [id: 2][route: {}->http://localhost:53849][total available: 1; route allocated: 1 of 5; total allocated: 1 of 10]
12:50:50.452 [main] DEBUG org.apache.http.impl.conn.PoolingHttpClientConnectionManager -- Connection manager is shutting down
12:50:50.452 [main] DEBUG org.apache.http.impl.conn.DefaultManagedHttpClientConnection -- http-outgoing-2: Close connection
12:50:50.452 [main] DEBUG org.apache.http.impl.conn.PoolingHttpClientConnectionManager -- Connection manager shut down
12:50:50.452 [main] DEBUG com.intuit.karate -- response time in milliseconds: 108
1 < 200
1 < Content-Security-Policy: frame-ancestors 'none'
1 < Content-Length: 1123
1 < Content-Type: application/json; charset=UTF-8
[ {
   "description": "",
   "devtoolsFrontendUrl": "/devtools/inspector.html?ws=localhost:53849/devtools/page/E4BF4C9A52B43BB3BFB8330D261B51FC",
   "id": "E4BF4C9A52B43BB3BFB8330D261B51FC",
   "title": "Google Network Speech",
   "type": "background_page",
   "url": "",
   "webSocketDebuggerUrl": "ws://localhost:53849/devtools/page/E4BF4C9A52B43BB3BFB8330D261B51FC"
}, {
   "description": "",
   "devtoolsFrontendUrl": "/devtools/inspector.html?ws=localhost:53849/devtools/page/F937BCDDBC144B1096C5CA617F4152DC",
   "id": "F937BCDDBC144B1096C5CA617F4152DC",
   "title": "Google Hangouts",
   "type": "background_page",
   "url": "",
   "webSocketDebuggerUrl": "ws://localhost:53849/devtools/page/F937BCDDBC144B1096C5CA617F4152DC"
}, {
   "description": "",
   "devtoolsFrontendUrl": "/devtools/inspector.html?ws=localhost:53849/devtools/page/C354FA478ED6413FDBE4BB079DF697AF",
   "id": "C354FA478ED6413FDBE4BB079DF697AF",
   "title": "New Tab",
   "type": "page",
   "url": "chrome://newtab/",
   "webSocketDebuggerUrl": "ws://localhost:53849/devtools/page/C354FA478ED6413FDBE4BB079DF697AF"
} ]


12:50:50.452 [main] DEBUG com.jayway.jsonpath.internal.path.CompiledPath -- Evaluating path: $
12:50:50.452 [main] DEBUG com.intuit.karate.shell.Command -- ready to accept http connections after 123 ms - http://localhost:53849/json
12:50:50.463 [main] DEBUG org.apache.http.client.protocol.RequestAddCookies -- CookieSpec selected: karate
12:50:50.463 [main] DEBUG org.apache.http.client.protocol.RequestAuthCache -- Auth cache not set in the context
12:50:50.463 [main] DEBUG com.intuit.karate -- request:
1 > GET http://localhost:53849/json
1 > Host: localhost:53849
1 > Connection: Keep-Alive
1 > User-Agent: Apache-HttpClient/4.5.14 (Java/17.0.11)
1 > Accept-Encoding: gzip,deflate


12:50:50.463 [main] DEBUG org.apache.http.impl.conn.PoolingHttpClientConnectionManager -- Connection request: [route: {}->http://localhost:53849][total available: 0; route allocated: 0 of 5; total allocated: 0 of 10]
12:50:50.463 [main] DEBUG org.apache.http.impl.conn.PoolingHttpClientConnectionManager -- Connection leased: [id: 3][route: {}->http://localhost:53849][total available: 0; route allocated: 1 of 5; total allocated: 1 of 10]
12:50:50.463 [main] DEBUG org.apache.http.impl.execchain.MainClientExec -- Opening connection {}->http://localhost:53849
12:50:50.464 [main] DEBUG org.apache.http.impl.conn.DefaultHttpClientConnectionOperator -- Connecting to localhost/127.0.0.1:53849
12:50:50.464 [main] DEBUG org.apache.http.impl.conn.DefaultHttpClientConnectionOperator -- Connection established 127.0.0.1:53853<->127.0.0.1:53849
12:50:50.464 [main] DEBUG org.apache.http.impl.conn.DefaultManagedHttpClientConnection -- http-outgoing-3: set socket timeout to 30000
12:50:50.464 [main] DEBUG org.apache.http.impl.execchain.MainClientExec -- Executing request GET /json HTTP/1.1
12:50:50.464 [main] DEBUG org.apache.http.impl.execchain.MainClientExec -- Target auth state: UNCHALLENGED
12:50:50.464 [main] DEBUG org.apache.http.impl.execchain.MainClientExec -- Proxy auth state: UNCHALLENGED
12:50:50.464 [main] DEBUG org.apache.http.headers -- http-outgoing-3 >> GET /json HTTP/1.1
12:50:50.464 [main] DEBUG org.apache.http.headers -- http-outgoing-3 >> Host: localhost:53849
12:50:50.464 [main] DEBUG org.apache.http.headers -- http-outgoing-3 >> Connection: Keep-Alive
12:50:50.464 [main] DEBUG org.apache.http.headers -- http-outgoing-3 >> User-Agent: Apache-HttpClient/4.5.14 (Java/17.0.11)
12:50:50.464 [main] DEBUG org.apache.http.headers -- http-outgoing-3 >> Accept-Encoding: gzip,deflate
12:50:50.464 [main] DEBUG org.apache.http.wire -- http-outgoing-3 >> "GET /json HTTP/1.1[\r][\n]"
12:50:50.464 [main] DEBUG org.apache.http.wire -- http-outgoing-3 >> "Host: localhost:53849[\r][\n]"
12:50:50.464 [main] DEBUG org.apache.http.wire -- http-outgoing-3 >> "Connection: Keep-Alive[\r][\n]"
12:50:50.464 [main] DEBUG org.apache.http.wire -- http-outgoing-3 >> "User-Agent: Apache-HttpClient/4.5.14 (Java/17.0.11)[\r][\n]"
12:50:50.464 [main] DEBUG org.apache.http.wire -- http-outgoing-3 >> "Accept-Encoding: gzip,deflate[\r][\n]"
12:50:50.464 [main] DEBUG org.apache.http.wire -- http-outgoing-3 >> "[\r][\n]"
12:50:50.472 [main] DEBUG org.apache.http.wire -- http-outgoing-3 << "HTTP/1.1 200 OK[\r][\n]"
12:50:50.472 [main] DEBUG org.apache.http.wire -- http-outgoing-3 << "Content-Security-Policy:frame-ancestors 'none'[\r][\n]"
12:50:50.472 [main] DEBUG org.apache.http.wire -- http-outgoing-3 << "Content-Length:1190[\r][\n]"
12:50:50.472 [main] DEBUG org.apache.http.wire -- http-outgoing-3 << "Content-Type:application/json; charset=UTF-8[\r][\n]"
12:50:50.472 [main] DEBUG org.apache.http.wire -- http-outgoing-3 << "[\r][\n]"
12:50:50.472 [main] DEBUG org.apache.http.wire -- http-outgoing-3 << "[ {[\r][\n]"
12:50:50.472 [main] DEBUG org.apache.http.wire -- http-outgoing-3 << "   "description": "",[\r][\n]"
12:50:50.472 [main] DEBUG org.apache.http.wire -- http-outgoing-3 << "   "devtoolsFrontendUrl": "/devtools/inspector.html?ws=localhost:53849/devtools/page/E4BF4C9A52B43BB3BFB8330D261B51FC",[\r][\n]"
12:50:50.472 [main] DEBUG org.apache.http.wire -- http-outgoing-3 << "   "id": "E4BF4C9A52B43BB3BFB8330D261B51FC",[\r][\n]"
12:50:50.472 [main] DEBUG org.apache.http.wire -- http-outgoing-3 << "   "title": "Google Network Speech",[\r][\n]"
12:50:50.472 [main] DEBUG org.apache.http.wire -- http-outgoing-3 << "   "type": "background_page",[\r][\n]"
12:50:50.472 [main] DEBUG org.apache.http.wire -- http-outgoing-3 << "   "url": "",[\r][\n]"
12:50:50.472 [main] DEBUG org.apache.http.wire -- http-outgoing-3 << "   "webSocketDebuggerUrl": "ws://localhost:53849/devtools/page/E4BF4C9A52B43BB3BFB8330D261B51FC"[\r][\n]"
12:50:50.472 [main] DEBUG org.apache.http.wire -- http-outgoing-3 << "}, {[\r][\n]"
12:50:50.472 [main] DEBUG org.apache.http.wire -- http-outgoing-3 << "   "description": "",[\r][\n]"
12:50:50.472 [main] DEBUG org.apache.http.wire -- http-outgoing-3 << "   "devtoolsFrontendUrl": "/devtools/inspector.html?ws=localhost:53849/devtools/page/F937BCDDBC144B1096C5CA617F4152DC",[\r][\n]"
12:50:50.472 [main] DEBUG org.apache.http.wire -- http-outgoing-3 << "   "id": "F937BCDDBC144B1096C5CA617F4152DC",[\r][\n]"
12:50:50.472 [main] DEBUG org.apache.http.wire -- http-outgoing-3 << "   "title": "Google Hangouts",[\r][\n]"
12:50:50.472 [main] DEBUG org.apache.http.wire -- http-outgoing-3 << "   "type": "background_page",[\r][\n]"
12:50:50.472 [main] DEBUG org.apache.http.wire -- http-outgoing-3 << "   "url": "chrome-extension://nkeimhogjdpnpccoofpliimaahmaaome/background.html",[\r][\n]"
12:50:50.472 [main] DEBUG org.apache.http.wire -- http-outgoing-3 << "   "webSocketDebuggerUrl": "ws://localhost:53849/devtools/page/F937BCDDBC144B1096C5CA617F4152DC"[\r][\n]"
12:50:50.472 [main] DEBUG org.apache.http.wire -- http-outgoing-3 << "}, {[\r][\n]"
12:50:50.472 [main] DEBUG org.apache.http.wire -- http-outgoing-3 << "   "description": "",[\r][\n]"
12:50:50.472 [main] DEBUG org.apache.http.wire -- http-outgoing-3 << "   "devtoolsFrontendUrl": "/devtools/inspector.html?ws=localhost:53849/devtools/page/C354FA478ED6413FDBE4BB079DF697AF",[\r][\n]"
12:50:50.472 [main] DEBUG org.apache.http.wire -- http-outgoing-3 << "   "id": "C354FA478ED6413FDBE4BB079DF697AF",[\r][\n]"
12:50:50.472 [main] DEBUG org.apache.http.wire -- http-outgoing-3 << "   "title": "New Tab",[\r][\n]"
12:50:50.472 [main] DEBUG org.apache.http.wire -- http-outgoing-3 << "   "type": "page",[\r][\n]"
12:50:50.472 [main] DEBUG org.apache.http.wire -- http-outgoing-3 << "   "url": "chrome://newtab/",[\r][\n]"
12:50:50.472 [main] DEBUG org.apache.http.wire -- http-outgoing-3 << "   "webSocketDebuggerUrl": "ws://localhost:53849/devtools/page/C354FA478ED6413FDBE4BB079DF697AF"[\r][\n]"
12:50:50.472 [main] DEBUG org.apache.http.wire -- http-outgoing-3 << "} ][\r][\n]"
12:50:50.472 [main] DEBUG org.apache.http.headers -- http-outgoing-3 << HTTP/1.1 200 OK
12:50:50.472 [main] DEBUG org.apache.http.headers -- http-outgoing-3 << Content-Security-Policy:frame-ancestors 'none'
12:50:50.472 [main] DEBUG org.apache.http.headers -- http-outgoing-3 << Content-Length:1190
12:50:50.472 [main] DEBUG org.apache.http.headers -- http-outgoing-3 << Content-Type:application/json; charset=UTF-8
12:50:50.472 [main] DEBUG org.apache.http.impl.execchain.MainClientExec -- Connection can be kept alive indefinitely
12:50:50.472 [main] DEBUG org.apache.http.impl.conn.PoolingHttpClientConnectionManager -- Connection [id: 3][route: {}->http://localhost:53849] can be kept alive indefinitely
12:50:50.472 [main] DEBUG org.apache.http.impl.conn.DefaultManagedHttpClientConnection -- http-outgoing-3: set socket timeout to 0
12:50:50.472 [main] DEBUG org.apache.http.impl.conn.PoolingHttpClientConnectionManager -- Connection released: [id: 3][route: {}->http://localhost:53849][total available: 1; route allocated: 1 of 5; total allocated: 1 of 10]
12:50:50.472 [main] DEBUG org.apache.http.impl.conn.PoolingHttpClientConnectionManager -- Connection manager is shutting down
12:50:50.472 [main] DEBUG org.apache.http.impl.conn.DefaultManagedHttpClientConnection -- http-outgoing-3: Close connection
12:50:50.479 [main] DEBUG org.apache.http.impl.conn.PoolingHttpClientConnectionManager -- Connection manager shut down
12:50:50.479 [main] DEBUG com.intuit.karate -- response time in milliseconds: 9
1 < 200
1 < Content-Security-Policy: frame-ancestors 'none'
1 < Content-Length: 1190
1 < Content-Type: application/json; charset=UTF-8
[ {
   "description": "",
   "devtoolsFrontendUrl": "/devtools/inspector.html?ws=localhost:53849/devtools/page/E4BF4C9A52B43BB3BFB8330D261B51FC",
   "id": "E4BF4C9A52B43BB3BFB8330D261B51FC",
   "title": "Google Network Speech",
   "type": "background_page",
   "url": "",
   "webSocketDebuggerUrl": "ws://localhost:53849/devtools/page/E4BF4C9A52B43BB3BFB8330D261B51FC"
}, {
   "description": "",
   "devtoolsFrontendUrl": "/devtools/inspector.html?ws=localhost:53849/devtools/page/F937BCDDBC144B1096C5CA617F4152DC",
   "id": "F937BCDDBC144B1096C5CA617F4152DC",
   "title": "Google Hangouts",
   "type": "background_page",
   "url": "chrome-extension://nkeimhogjdpnpccoofpliimaahmaaome/background.html",
   "webSocketDebuggerUrl": "ws://localhost:53849/devtools/page/F937BCDDBC144B1096C5CA617F4152DC"
}, {
   "description": "",
   "devtoolsFrontendUrl": "/devtools/inspector.html?ws=localhost:53849/devtools/page/C354FA478ED6413FDBE4BB079DF697AF",
   "id": "C354FA478ED6413FDBE4BB079DF697AF",
   "title": "New Tab",
   "type": "page",
   "url": "chrome://newtab/",
   "webSocketDebuggerUrl": "ws://localhost:53849/devtools/page/C354FA478ED6413FDBE4BB079DF697AF"
} ]


12:50:50.479 [main] DEBUG com.jayway.jsonpath.internal.path.CompiledPath -- Evaluating path: $
12:50:50.481 [main] DEBUG com.jayway.jsonpath.internal.path.CompiledPath -- Evaluating path: $
12:50:50.481 [main] DEBUG com.intuit.karate.driver.chrome_1718781650048 -- root frame id: C354FA478ED6413FDBE4BB079DF697AF
12:50:50.589 [nioEventLoopGroup-3-1] DEBUG io.netty.handler.codec.http.websocketx.WebSocketClientHandshaker13 -- WebSocket version 13 client handshake key: im+Ms2A9yksGTREvIv1Wzg==, expected response: zhDTk6ZH8qO3dIEH+e76/6laqNI=
12:50:50.605 [nioEventLoopGroup-3-1] DEBUG com.intuit.karate.http.WebSocketClientHandler -- websocket client connected
12:50:50.605 [main] DEBUG com.jayway.jsonpath.internal.path.CompiledPath -- Evaluating path: $['targetId']
12:50:50.605 [main] DEBUG com.jayway.jsonpath.internal.path.CompiledPath -- Evaluating path: $
12:50:50.605 [main] DEBUG com.jayway.jsonpath.internal.path.CompiledPath -- Evaluating path: $
12:50:50.605 [main] DEBUG com.jayway.jsonpath.internal.JsonContext -- Put path $ key targetId value {}
12:50:50.605 [main] DEBUG com.jayway.jsonpath.internal.path.CompiledPath -- Evaluating path: $
12:50:50.605 [main] DEBUG com.jayway.jsonpath.internal.JsonContext -- Put path $ key targetId value C354FA478ED6413FDBE4BB079DF697AF
12:50:50.605 [main] DEBUG com.jayway.jsonpath.internal.path.CompiledPath -- Evaluating path: $['flatten']
12:50:50.605 [main] DEBUG com.jayway.jsonpath.internal.path.CompiledPath -- Evaluating path: $
12:50:50.605 [main] DEBUG com.jayway.jsonpath.internal.path.CompiledPath -- Evaluating path: $
12:50:50.605 [main] DEBUG com.jayway.jsonpath.internal.JsonContext -- Put path $ key flatten value {}
12:50:50.605 [main] DEBUG com.jayway.jsonpath.internal.path.CompiledPath -- Evaluating path: $
12:50:50.605 [main] DEBUG com.jayway.jsonpath.internal.JsonContext -- Put path $ key flatten value true
12:50:50.605 [main] DEBUG com.jayway.jsonpath.internal.path.CompiledPath -- Evaluating path: $
12:50:50.605 [main] DEBUG com.intuit.karate.driver.chrome_1718781650048 -- >> {"id":1,"method":"Target.attachToTarget","params":{"targetId":"C354FA478ED6413FDBE4BB079DF697AF","flatten":true}}
12:50:50.612 [nioEventLoopGroup-3-1] DEBUG com.intuit.karate.driver.chrome_1718781650048 -- << {"method":"Target.attachedToTarget","params":{"sessionId":"063E9AB1F8E8EB3E0A9A7C1CEC826B8C","targetInfo":{"targetId":"C354FA478ED6413FDBE4BB079DF697AF","type":"page","title":"New Tab","url":"chrome://newtab/","attached":true,"canAccessOpener":false,"browserContextId":"886D23BF3E53E0023BB6460B3978E4EA"},"waitingForDebugger":false}}
12:50:50.612 [nioEventLoopGroup-3-1] DEBUG com.jayway.jsonpath.internal.path.CompiledPath -- Evaluating path: $
12:50:50.612 [nioEventLoopGroup-3-1] DEBUG com.jayway.jsonpath.internal.path.CompiledPath -- Evaluating path: $['targetInfo']['type']
12:50:50.612 [nioEventLoopGroup-3-1] DEBUG com.intuit.karate.driver.chrome_1718781650048 -- << {"id":1,"result":{"sessionId":"063E9AB1F8E8EB3E0A9A7C1CEC826B8C"}}
12:50:50.612 [nioEventLoopGroup-3-1] DEBUG com.jayway.jsonpath.internal.path.CompiledPath -- Evaluating path: $
12:50:50.612 [main] DEBUG com.jayway.jsonpath.internal.path.CompiledPath -- Evaluating path: $['sessionId']
12:50:50.612 [main] DEBUG com.jayway.jsonpath.internal.path.CompiledPath -- Evaluating path: $['targetId']
12:50:50.612 [main] DEBUG com.jayway.jsonpath.internal.path.CompiledPath -- Evaluating path: $
12:50:50.612 [main] DEBUG com.jayway.jsonpath.internal.path.CompiledPath -- Evaluating path: $
12:50:50.612 [main] DEBUG com.jayway.jsonpath.internal.JsonContext -- Put path $ key targetId value {}
12:50:50.612 [main] DEBUG com.jayway.jsonpath.internal.path.CompiledPath -- Evaluating path: $
12:50:50.612 [main] DEBUG com.jayway.jsonpath.internal.JsonContext -- Put path $ key targetId value C354FA478ED6413FDBE4BB079DF697AF
12:50:50.612 [main] DEBUG com.jayway.jsonpath.internal.path.CompiledPath -- Evaluating path: $
12:50:50.612 [main] DEBUG com.intuit.karate.driver.chrome_1718781650048 -- >> {"id":2,"sessionId":"063E9AB1F8E8EB3E0A9A7C1CEC826B8C","method":"Target.activateTarget","params":{"targetId":"C354FA478ED6413FDBE4BB079DF697AF"}}
12:50:50.612 [nioEventLoopGroup-3-1] DEBUG com.intuit.karate.driver.chrome_1718781650048 -- << {"id":2,"result":{},"sessionId":"063E9AB1F8E8EB3E0A9A7C1CEC826B8C"}
12:50:50.612 [nioEventLoopGroup-3-1] DEBUG com.jayway.jsonpath.internal.path.CompiledPath -- Evaluating path: $
12:50:50.612 [main] DEBUG com.jayway.jsonpath.internal.path.CompiledPath -- Evaluating path: $['discover']
12:50:50.612 [main] DEBUG com.jayway.jsonpath.internal.path.CompiledPath -- Evaluating path: $
12:50:50.612 [main] DEBUG com.jayway.jsonpath.internal.path.CompiledPath -- Evaluating path: $
12:50:50.620 [main] DEBUG com.jayway.jsonpath.internal.JsonContext -- Put path $ key discover value {}
12:50:50.620 [main] DEBUG com.jayway.jsonpath.internal.path.CompiledPath -- Evaluating path: $
12:50:50.620 [main] DEBUG com.jayway.jsonpath.internal.JsonContext -- Put path $ key discover value true
12:50:50.620 [main] DEBUG com.jayway.jsonpath.internal.path.CompiledPath -- Evaluating path: $
12:50:50.620 [main] DEBUG com.intuit.karate.driver.chrome_1718781650048 -- >> {"id":3,"sessionId":"063E9AB1F8E8EB3E0A9A7C1CEC826B8C","method":"Target.setDiscoverTargets","params":{"discover":true}}
12:50:50.620 [nioEventLoopGroup-3-1] DEBUG com.intuit.karate.driver.chrome_1718781650048 -- << {"method":"Target.targetCreated","params":{"targetInfo":{"targetId":"C354FA478ED6413FDBE4BB079DF697AF","type":"page","title":"New Tab","url":"chrome://newtab/","attached":true,"canAccessOpener":false,"browserContextId":"886D23BF3E53E0023BB6460B3978E4EA"}},"sessionId":"063E9AB1F8E8EB3E0A9A7C1CEC826B8C"}
12:50:50.624 [nioEventLoopGroup-3-1] DEBUG com.jayway.jsonpath.internal.path.CompiledPath -- Evaluating path: $
12:50:50.624 [nioEventLoopGroup-3-1] DEBUG com.intuit.karate.driver.chrome_1718781650048 -- << {"method":"Target.targetCreated","params":{"targetInfo":{"targetId":"E4BF4C9A52B43BB3BFB8330D261B51FC","type":"background_page","title":"Google Network Speech","url":"chrome-extension://neajdppkdcdipfabeoofebfddakdcjhd/_generated_background_page.html","attached":false,"canAccessOpener":false,"browserContextId":"886D23BF3E53E0023BB6460B3978E4EA"}},"sessionId":"063E9AB1F8E8EB3E0A9A7C1CEC826B8C"}
12:50:50.624 [nioEventLoopGroup-3-1] DEBUG com.jayway.jsonpath.internal.path.CompiledPath -- Evaluating path: $
12:50:50.624 [nioEventLoopGroup-3-1] DEBUG com.intuit.karate.driver.chrome_1718781650048 -- << {"method":"Target.targetCreated","params":{"targetInfo":{"targetId":"F937BCDDBC144B1096C5CA617F4152DC","type":"background_page","title":"Google Hangouts","url":"chrome-extension://nkeimhogjdpnpccoofpliimaahmaaome/background.html","attached":false,"canAccessOpener":false,"browserContextId":"886D23BF3E53E0023BB6460B3978E4EA"}},"sessionId":"063E9AB1F8E8EB3E0A9A7C1CEC826B8C"}
12:50:50.624 [nioEventLoopGroup-3-1] DEBUG com.jayway.jsonpath.internal.path.CompiledPath -- Evaluating path: $
12:50:50.624 [nioEventLoopGroup-3-1] DEBUG com.intuit.karate.driver.chrome_1718781650048 -- << {"id":3,"result":{},"sessionId":"063E9AB1F8E8EB3E0A9A7C1CEC826B8C"}
12:50:50.624 [nioEventLoopGroup-3-1] DEBUG com.jayway.jsonpath.internal.path.CompiledPath -- Evaluating path: $
12:50:50.624 [main] DEBUG com.intuit.karate.driver.chrome_1718781650048 -- >> {"id":4,"sessionId":"063E9AB1F8E8EB3E0A9A7C1CEC826B8C","method":"Page.enable"}
12:50:50.653 [nioEventLoopGroup-3-1] DEBUG com.intuit.karate.driver.chrome_1718781650048 -- << {"id":4,"result":{},"sessionId":"063E9AB1F8E8EB3E0A9A7C1CEC826B8C"}
12:50:50.653 [nioEventLoopGroup-3-1] DEBUG com.jayway.jsonpath.internal.path.CompiledPath -- Evaluating path: $
12:50:50.653 [main] DEBUG com.intuit.karate.driver.chrome_1718781650048 -- >> {"id":5,"sessionId":"063E9AB1F8E8EB3E0A9A7C1CEC826B8C","method":"Runtime.enable"}
12:50:50.661 [nioEventLoopGroup-3-1] DEBUG com.intuit.karate.driver.chrome_1718781650048 -- << {"method":"Target.targetInfoChanged","params":{"targetInfo":{"targetId":"F937BCDDBC144B1096C5CA617F4152DC","type":"background_page","title":"Google Hangouts","url":"chrome-extension://nkeimhogjdpnpccoofpliimaahmaaome/background.html","attached":false,"canAccessOpener":false,"browserContextId":"886D23BF3E53E0023BB6460B3978E4EA"}},"sessionId":"063E9AB1F8E8EB3E0A9A7C1CEC826B8C"}
12:50:50.661 [nioEventLoopGroup-3-1] DEBUG com.jayway.jsonpath.internal.path.CompiledPath -- Evaluating path: $
12:50:50.661 [nioEventLoopGroup-3-1] DEBUG com.jayway.jsonpath.internal.path.CompiledPath -- Evaluating path: $['targetInfo']['targetId']
12:50:50.661 [nioEventLoopGroup-3-1] DEBUG com.intuit.karate.driver.chrome_1718781650048 -- << {"method":"Runtime.executionContextCreated","params":{"context":{"id":2,"origin":"chrome://new-tab-page","name":"","uniqueId":"6017201147172714581.2487229035824487537","auxData":{"isDefault":true,"type":"default","frameId":"B13125CE36CA11A720ABE81DA07DF928"}}},"sessionId":"063E9AB1F8E8EB3E0A9A7C1CEC826B8C"}
12:50:50.661 [nioEventLoopGroup-3-1] DEBUG com.jayway.jsonpath.internal.path.CompiledPath -- Evaluating path: $
12:50:50.661 [nioEventLoopGroup-3-1] DEBUG com.jayway.jsonpath.internal.path.CompiledPath -- Evaluating path: $['context']['auxData']['frameId']
12:50:50.661 [nioEventLoopGroup-3-1] DEBUG com.jayway.jsonpath.internal.path.CompiledPath -- Evaluating path: $['context']['id']
12:50:50.661 [nioEventLoopGroup-3-1] DEBUG com.intuit.karate.driver.chrome_1718781650048 -- << {"method":"Runtime.executionContextCreated","params":{"context":{"id":1,"origin":"chrome://new-tab-page","name":"","uniqueId":"-7426348940906530620.-1783387694981669154","auxData":{"isDefault":true,"type":"default","frameId":"C354FA478ED6413FDBE4BB079DF697AF"}}},"sessionId":"063E9AB1F8E8EB3E0A9A7C1CEC826B8C"}
12:50:50.661 [nioEventLoopGroup-3-1] DEBUG com.jayway.jsonpath.internal.path.CompiledPath -- Evaluating path: $
12:50:50.661 [nioEventLoopGroup-3-1] DEBUG com.jayway.jsonpath.internal.path.CompiledPath -- Evaluating path: $['context']['auxData']['frameId']
12:50:50.661 [nioEventLoopGroup-3-1] DEBUG com.jayway.jsonpath.internal.path.CompiledPath -- Evaluating path: $['context']['id']
12:50:50.661 [nioEventLoopGroup-3-1] DEBUG com.intuit.karate.driver.chrome_1718781650048 -- << {"id":5,"result":{},"sessionId":"063E9AB1F8E8EB3E0A9A7C1CEC826B8C"}
12:50:50.661 [nioEventLoopGroup-3-1] DEBUG com.jayway.jsonpath.internal.path.CompiledPath -- Evaluating path: $
12:50:50.661 [main] DEBUG com.jayway.jsonpath.internal.path.CompiledPath -- Evaluating path: $['targetId']
12:50:50.661 [main] DEBUG com.jayway.jsonpath.internal.path.CompiledPath -- Evaluating path: $
12:50:50.661 [main] DEBUG com.jayway.jsonpath.internal.path.CompiledPath -- Evaluating path: $
12:50:50.661 [main] DEBUG com.jayway.jsonpath.internal.JsonContext -- Put path $ key targetId value {}
12:50:50.661 [main] DEBUG com.jayway.jsonpath.internal.path.CompiledPath -- Evaluating path: $
12:50:50.661 [main] DEBUG com.jayway.jsonpath.internal.JsonContext -- Put path $ key targetId value C354FA478ED6413FDBE4BB079DF697AF
12:50:50.661 [main] DEBUG com.jayway.jsonpath.internal.path.CompiledPath -- Evaluating path: $
12:50:50.661 [main] DEBUG com.intuit.karate.driver.chrome_1718781650048 -- >> {"id":6,"sessionId":"063E9AB1F8E8EB3E0A9A7C1CEC826B8C","method":"Browser.getWindowForTarget","params":{"targetId":"C354FA478ED6413FDBE4BB079DF697AF"}}
12:50:50.670 [nioEventLoopGroup-3-1] DEBUG com.intuit.karate.driver.chrome_1718781650048 -- << {"id":6,"result":{"windowId":132347299,"bounds":{"left":10,"top":10,"width":1050,"height":652,"windowState":"normal"}},"sessionId":"063E9AB1F8E8EB3E0A9A7C1CEC826B8C"}
12:50:50.670 [nioEventLoopGroup-3-1] DEBUG com.jayway.jsonpath.internal.path.CompiledPath -- Evaluating path: $
12:50:50.714 [nioEventLoopGroup-3-1] DEBUG com.intuit.karate.driver.chrome_1718781650048 -- << {"method":"Target.targetInfoChanged","params":{"targetInfo":{"targetId":"E4BF4C9A52B43BB3BFB8330D261B51FC","type":"background_page","title":"Google Network Speech","url":"chrome-extension://neajdppkdcdipfabeoofebfddakdcjhd/_generated_background_page.html","attached":false,"canAccessOpener":false,"browserContextId":"886D23BF3E53E0023BB6460B3978E4EA"}},"sessionId":"063E9AB1F8E8EB3E0A9A7C1CEC826B8C"}
12:50:50.714 [nioEventLoopGroup-3-1] DEBUG com.jayway.jsonpath.internal.path.CompiledPath -- Evaluating path: $
12:50:50.714 [nioEventLoopGroup-3-1] DEBUG com.jayway.jsonpath.internal.path.CompiledPath -- Evaluating path: $['targetInfo']['targetId']
12:50:50.763 [nioEventLoopGroup-3-1] DEBUG com.intuit.karate.driver.chrome_1718781650048 -- << {"method":"Page.domContentEventFired","params":{"timestamp":52729.26579},"sessionId":"063E9AB1F8E8EB3E0A9A7C1CEC826B8C"}
12:50:50.763 [nioEventLoopGroup-3-1] DEBUG com.jayway.jsonpath.internal.path.CompiledPath -- Evaluating path: $
12:50:50.786 [nioEventLoopGroup-3-1] DEBUG com.intuit.karate.driver.chrome_1718781650048 -- << {"method":"Page.loadEventFired","params":{"timestamp":52729.291043},"sessionId":"063E9AB1F8E8EB3E0A9A7C1CEC826B8C"}
12:50:50.786 [nioEventLoopGroup-3-1] DEBUG com.jayway.jsonpath.internal.path.CompiledPath -- Evaluating path: $
12:50:50.786 [nioEventLoopGroup-3-1] DEBUG com.intuit.karate.driver.chrome_1718781650048 -- << {"method":"Page.frameStoppedLoading","params":{"frameId":"C354FA478ED6413FDBE4BB079DF697AF"},"sessionId":"063E9AB1F8E8EB3E0A9A7C1CEC826B8C"}
12:50:50.786 [nioEventLoopGroup-3-1] DEBUG com.jayway.jsonpath.internal.path.CompiledPath -- Evaluating path: $
12:50:50.786 [nioEventLoopGroup-3-1] DEBUG com.jayway.jsonpath.internal.path.CompiledPath -- Evaluating path: $['frameId']
12:50:50.803 [nioEventLoopGroup-3-1] DEBUG com.intuit.karate.driver.chrome_1718781650048 -- << {"method":"Page.frameAttached","params":{"frameId":"FCD556C4CF8E23C9752D11CD3B403283","parentFrameId":"C354FA478ED6413FDBE4BB079DF697AF","stack":{"callFrames":[{"functionName":"__createAndInsertInstance","scriptId":"15","url":"chrome://resources/polymer/v3_0/polymer/polymer_bundled.min.js","lineNumber":0,"columnNumber":63594},{"functionName":"__ensureInstance","scriptId":"15","url":"chrome://resources/polymer/v3_0/polymer/polymer_bundled.min.js","lineNumber":0,"columnNumber":62645},{"functionName":"__render","scriptId":"15","url":"chrome://resources/polymer/v3_0/polymer/polymer_bundled.min.js","lineNumber":0,"columnNumber":62729},{"functionName":"","scriptId":"15","url":"chrome://resources/polymer/v3_0/polymer/polymer_bundled.min.js","lineNumber":0,"columnNumber":61709},{"functionName":"","scriptId":"15","url":"chrome://resources/polymer/v3_0/polymer/polymer_bundled.min.js","lineNumber":0,"columnNumber":1381},{"functionName":"","scriptId":"15","url":"chrome://resources/polymer/v3_0/polymer/polymer_bundled.min ...
12:50:50.803 [nioEventLoopGroup-3-1] DEBUG com.jayway.jsonpath.internal.path.CompiledPath -- Evaluating path: $
12:50:50.808 [nioEventLoopGroup-3-1] DEBUG com.intuit.karate.driver.chrome_1718781650048 -- << {"method":"Page.frameStartedLoading","params":{"frameId":"FCD556C4CF8E23C9752D11CD3B403283"},"sessionId":"063E9AB1F8E8EB3E0A9A7C1CEC826B8C"}
12:50:50.808 [nioEventLoopGroup-3-1] DEBUG com.jayway.jsonpath.internal.path.CompiledPath -- Evaluating path: $
12:50:50.808 [nioEventLoopGroup-3-1] DEBUG com.jayway.jsonpath.internal.path.CompiledPath -- Evaluating path: $['frameId']
12:50:50.832 [main] DEBUG com.jayway.jsonpath.internal.path.CompiledPath -- Evaluating path: $['url']
12:50:50.843 [main] DEBUG com.jayway.jsonpath.internal.path.CompiledPath -- Evaluating path: $
12:50:50.843 [main] DEBUG com.jayway.jsonpath.internal.path.CompiledPath -- Evaluating path: $
12:50:50.843 [main] DEBUG com.jayway.jsonpath.internal.JsonContext -- Put path $ key url value {}
12:50:50.843 [main] DEBUG com.jayway.jsonpath.internal.path.CompiledPath -- Evaluating path: $
12:50:50.843 [main] DEBUG com.jayway.jsonpath.internal.JsonContext -- Put path $ key url value https://www.saucedemo.com/
12:50:50.843 [main] DEBUG com.jayway.jsonpath.internal.path.CompiledPath -- Evaluating path: $
12:50:50.843 [main] DEBUG com.intuit.karate.driver.chrome_1718781650048 -- >> {"id":7,"sessionId":"063E9AB1F8E8EB3E0A9A7C1CEC826B8C","method":"Page.navigate","params":{"url":"https:\/\/www.saucedemo.com\/"}}
12:50:50.849 [nioEventLoopGroup-3-1] DEBUG com.intuit.karate.driver.chrome_1718781650048 -- << {"method":"Page.frameStartedLoading","params":{"frameId":"C354FA478ED6413FDBE4BB079DF697AF"},"sessionId":"063E9AB1F8E8EB3E0A9A7C1CEC826B8C"}
12:50:50.849 [nioEventLoopGroup-3-1] DEBUG com.jayway.jsonpath.internal.path.CompiledPath -- Evaluating path: $
12:50:50.849 [nioEventLoopGroup-3-1] DEBUG com.jayway.jsonpath.internal.path.CompiledPath -- Evaluating path: $['frameId']
12:50:51.020 [nioEventLoopGroup-3-1] DEBUG com.intuit.karate.driver.chrome_1718781650048 -- << {"id":7,"result":{"frameId":"C354FA478ED6413FDBE4BB079DF697AF","loaderId":"254B45BCEA5ACBC97619B0EF40B8A2B4"},"sessionId":"063E9AB1F8E8EB3E0A9A7C1CEC826B8C"}
12:50:51.020 [nioEventLoopGroup-3-1] DEBUG com.jayway.jsonpath.internal.path.CompiledPath -- Evaluating path: $
12:50:51.031 [nioEventLoopGroup-3-1] DEBUG com.intuit.karate.driver.chrome_1718781650048 -- << {"method":"Runtime.executionContextsCleared","params":{},"sessionId":"063E9AB1F8E8EB3E0A9A7C1CEC826B8C"}
12:50:51.031 [nioEventLoopGroup-3-1] DEBUG com.jayway.jsonpath.internal.path.CompiledPath -- Evaluating path: $
12:50:51.036 [nioEventLoopGroup-3-1] DEBUG com.intuit.karate.driver.chrome_1718781650048 -- << {"method":"Page.frameStoppedLoading","params":{"frameId":"FCD556C4CF8E23C9752D11CD3B403283"},"sessionId":"063E9AB1F8E8EB3E0A9A7C1CEC826B8C"}
12:50:51.036 [nioEventLoopGroup-3-1] DEBUG com.jayway.jsonpath.internal.path.CompiledPath -- Evaluating path: $
12:50:51.036 [nioEventLoopGroup-3-1] DEBUG com.jayway.jsonpath.internal.path.CompiledPath -- Evaluating path: $['frameId']
12:50:51.045 [nioEventLoopGroup-3-1] DEBUG com.intuit.karate.driver.chrome_1718781650048 -- << {"method":"Target.targetInfoChanged","params":{"targetInfo":{"targetId":"C354FA478ED6413FDBE4BB079DF697AF","type":"page","title":"saucedemo.com","url":"https://www.saucedemo.com/","attached":true,"canAccessOpener":false,"browserContextId":"886D23BF3E53E0023BB6460B3978E4EA"}},"sessionId":"063E9AB1F8E8EB3E0A9A7C1CEC826B8C"}
12:50:51.045 [nioEventLoopGroup-3-1] DEBUG com.jayway.jsonpath.internal.path.CompiledPath -- Evaluating path: $
12:50:51.045 [nioEventLoopGroup-3-1] DEBUG com.jayway.jsonpath.internal.path.CompiledPath -- Evaluating path: $['targetInfo']['targetId']
12:50:51.045 [nioEventLoopGroup-3-1] DEBUG com.intuit.karate.driver.chrome_1718781650048 -- << {"method":"Runtime.executionContextsCleared","params":{},"sessionId":"063E9AB1F8E8EB3E0A9A7C1CEC826B8C"}
12:50:51.045 [nioEventLoopGroup-3-1] DEBUG com.jayway.jsonpath.internal.path.CompiledPath -- Evaluating path: $
12:50:51.045 [nioEventLoopGroup-3-1] DEBUG com.intuit.karate.driver.chrome_1718781650048 -- << {"method":"Page.frameNavigated","params":{"frame":{"id":"C354FA478ED6413FDBE4BB079DF697AF","loaderId":"254B45BCEA5ACBC97619B0EF40B8A2B4","url":"https://www.saucedemo.com/","domainAndRegistry":"saucedemo.com","securityOrigin":"https://www.saucedemo.com","mimeType":"text/html","adFrameStatus":{"adFrameType":"none"},"secureContextType":"Secure","crossOriginIsolatedContextType":"NotIsolated","gatedAPIFeatures":[]},"type":"Navigation"},"sessionId":"063E9AB1F8E8EB3E0A9A7C1CEC826B8C"}
12:50:51.045 [nioEventLoopGroup-3-1] DEBUG com.jayway.jsonpath.internal.path.CompiledPath -- Evaluating path: $
12:50:51.045 [nioEventLoopGroup-3-1] DEBUG com.jayway.jsonpath.internal.path.CompiledPath -- Evaluating path: $['frame']['id']
12:50:51.045 [nioEventLoopGroup-3-1] DEBUG com.jayway.jsonpath.internal.path.CompiledPath -- Evaluating path: $['frame']['url']
12:50:51.045 [nioEventLoopGroup-3-1] DEBUG com.jayway.jsonpath.internal.path.CompiledPath -- Evaluating path: $['frame']['name']
12:50:51.045 [nioEventLoopGroup-3-1] DEBUG com.intuit.karate.driver.chrome_1718781650048 -- << {"method":"Runtime.executionContextCreated","params":{"context":{"id":1,"origin":"https://www.saucedemo.com","name":"","uniqueId":"8797552307038432691.2427385314451111125","auxData":{"isDefault":true,"type":"default","frameId":"C354FA478ED6413FDBE4BB079DF697AF"}}},"sessionId":"063E9AB1F8E8EB3E0A9A7C1CEC826B8C"}
12:50:51.045 [nioEventLoopGroup-3-1] DEBUG com.jayway.jsonpath.internal.path.CompiledPath -- Evaluating path: $
12:50:51.045 [nioEventLoopGroup-3-1] DEBUG com.jayway.jsonpath.internal.path.CompiledPath -- Evaluating path: $['context']['auxData']['frameId']
12:50:51.045 [nioEventLoopGroup-3-1] DEBUG com.jayway.jsonpath.internal.path.CompiledPath -- Evaluating path: $['context']['id']
12:50:51.300 [nioEventLoopGroup-3-1] DEBUG com.intuit.karate.driver.chrome_1718781650048 -- << {"method":"Page.domContentEventFired","params":{"timestamp":52729.813667},"sessionId":"063E9AB1F8E8EB3E0A9A7C1CEC826B8C"}
12:50:51.300 [nioEventLoopGroup-3-1] DEBUG com.jayway.jsonpath.internal.path.CompiledPath -- Evaluating path: $
12:50:51.300 [main] DEBUG com.jayway.jsonpath.internal.path.CompiledPath -- Evaluating path: $['expression']
12:50:51.300 [main] DEBUG com.jayway.jsonpath.internal.path.CompiledPath -- Evaluating path: $
12:50:51.300 [main] DEBUG com.jayway.jsonpath.internal.path.CompiledPath -- Evaluating path: $
12:50:51.300 [main] DEBUG com.jayway.jsonpath.internal.JsonContext -- Put path $ key expression value {}
12:50:51.300 [main] DEBUG com.jayway.jsonpath.internal.path.CompiledPath -- Evaluating path: $
12:50:51.300 [main] DEBUG com.jayway.jsonpath.internal.JsonContext -- Put path $ key expression value var e = document.evaluate("//*[@id='user-name']", document, null, 9, null).singleNodeValue; e.focus(); try { e.selectionStart = e.selectionEnd = e.value.length } catch(x) {}
12:50:51.300 [main] DEBUG com.jayway.jsonpath.internal.path.CompiledPath -- Evaluating path: $['returnByValue']
12:50:51.300 [main] DEBUG com.jayway.jsonpath.internal.path.CompiledPath -- Evaluating path: $
12:50:51.300 [main] DEBUG com.jayway.jsonpath.internal.path.CompiledPath -- Evaluating path: $
12:50:51.300 [main] DEBUG com.jayway.jsonpath.internal.JsonContext -- Put path $ key returnByValue value {}
12:50:51.300 [main] DEBUG com.jayway.jsonpath.internal.path.CompiledPath -- Evaluating path: $
12:50:51.300 [main] DEBUG com.jayway.jsonpath.internal.JsonContext -- Put path $ key returnByValue value true
12:50:51.300 [main] DEBUG com.jayway.jsonpath.internal.path.CompiledPath -- Evaluating path: $
12:50:51.300 [main] DEBUG com.intuit.karate.driver.chrome_1718781650048 -- >> {"id":8,"sessionId":"063E9AB1F8E8EB3E0A9A7C1CEC826B8C","method":"Runtime.evaluate","params":{"expression":"var e = document.evaluate(\"\/\/*[@id='user-name']\", document, null, 9, null).singleNodeValue; e.focus(); try { e.selectionStart = e.selectionEnd = e.value.length } catch(x) {}","returnByValue":true}}
12:50:51.300 [nioEventLoopGroup-3-1] DEBUG com.intuit.karate.driver.chrome_1718781650048 -- << {"id":8,"result":{"result":{"type":"number","value":0,"description":"0"}},"sessionId":"063E9AB1F8E8EB3E0A9A7C1CEC826B8C"}
12:50:51.300 [nioEventLoopGroup-3-1] DEBUG com.jayway.jsonpath.internal.path.CompiledPath -- Evaluating path: $
12:50:51.300 [main] DEBUG com.jayway.jsonpath.internal.path.CompiledPath -- Evaluating path: $['modifiers']
12:50:51.300 [main] DEBUG com.jayway.jsonpath.internal.path.CompiledPath -- Evaluating path: $
12:50:51.300 [main] DEBUG com.jayway.jsonpath.internal.path.CompiledPath -- Evaluating path: $
12:50:51.300 [main] DEBUG com.jayway.jsonpath.internal.JsonContext -- Put path $ key modifiers value {}
12:50:51.300 [main] DEBUG com.jayway.jsonpath.internal.path.CompiledPath -- Evaluating path: $
12:50:51.300 [main] DEBUG com.jayway.jsonpath.internal.JsonContext -- Put path $ key modifiers value 0
12:50:51.300 [main] DEBUG com.jayway.jsonpath.internal.path.CompiledPath -- Evaluating path: $['type']
12:50:51.300 [main] DEBUG com.jayway.jsonpath.internal.path.CompiledPath -- Evaluating path: $
12:50:51.300 [main] DEBUG com.jayway.jsonpath.internal.path.CompiledPath -- Evaluating path: $
12:50:51.300 [main] DEBUG com.jayway.jsonpath.internal.JsonContext -- Put path $ key type value {}
12:50:51.300 [main] DEBUG com.jayway.jsonpath.internal.path.CompiledPath -- Evaluating path: $
12:50:51.300 [main] DEBUG com.jayway.jsonpath.internal.JsonContext -- Put path $ key type value rawKeyDown
12:50:51.308 [main] DEBUG com.jayway.jsonpath.internal.path.CompiledPath -- Evaluating path: $['text']
12:50:51.308 [main] DEBUG com.jayway.jsonpath.internal.path.CompiledPath -- Evaluating path: $
12:50:51.308 [main] DEBUG com.jayway.jsonpath.internal.path.CompiledPath -- Evaluating path: $
12:50:51.308 [main] DEBUG com.jayway.jsonpath.internal.JsonContext -- Put path $ key text value {}
12:50:51.308 [main] DEBUG com.jayway.jsonpath.internal.path.CompiledPath -- Evaluating path: $
12:50:51.308 [main] DEBUG com.jayway.jsonpath.internal.JsonContext -- Put path $ key text value s
12:50:51.308 [main] DEBUG com.jayway.jsonpath.internal.path.CompiledPath -- Evaluating path: $['windowsVirtualKeyCode']
12:50:51.308 [main] DEBUG com.jayway.jsonpath.internal.path.CompiledPath -- Evaluating path: $
12:50:51.308 [main] DEBUG com.jayway.jsonpath.internal.path.CompiledPath -- Evaluating path: $
12:50:51.308 [main] DEBUG com.jayway.jsonpath.internal.JsonContext -- Put path $ key windowsVirtualKeyCode value {}
12:50:51.308 [main] DEBUG com.jayway.jsonpath.internal.path.CompiledPath -- Evaluating path: $
12:50:51.308 [main] DEBUG com.jayway.jsonpath.internal.JsonContext -- Put path $ key windowsVirtualKeyCode value 115
12:50:51.308 [main] DEBUG com.jayway.jsonpath.internal.path.CompiledPath -- Evaluating path: $
12:50:51.308 [main] DEBUG com.intuit.karate.driver.chrome_1718781650048 -- >> {"id":9,"sessionId":"063E9AB1F8E8EB3E0A9A7C1CEC826B8C","method":"Input.dispatchKeyEvent","params":{"modifiers":0,"type":"rawKeyDown","text":"s","windowsVirtualKeyCode":115}}
12:50:51.308 [nioEventLoopGroup-3-1] DEBUG com.intuit.karate.driver.chrome_1718781650048 -- << {"id":9,"result":{},"sessionId":"063E9AB1F8E8EB3E0A9A7C1CEC826B8C"}
12:50:51.308 [nioEventLoopGroup-3-1] DEBUG com.jayway.jsonpath.internal.path.CompiledPath -- Evaluating path: $
12:50:51.308 [main] DEBUG com.jayway.jsonpath.internal.path.CompiledPath -- Evaluating path: $['modifiers']
12:50:51.308 [main] DEBUG com.jayway.jsonpath.internal.path.CompiledPath -- Evaluating path: $
12:50:51.308 [main] DEBUG com.jayway.jsonpath.internal.path.CompiledPath -- Evaluating path: $
12:50:51.308 [main] DEBUG com.jayway.jsonpath.internal.JsonContext -- Put path $ key modifiers value {}
12:50:51.308 [main] DEBUG com.jayway.jsonpath.internal.path.CompiledPath -- Evaluating path: $
12:50:51.308 [main] DEBUG com.jayway.jsonpath.internal.JsonContext -- Put path $ key modifiers value 0
12:50:51.308 [main] DEBUG com.jayway.jsonpath.internal.path.CompiledPath -- Evaluating path: $['type']
12:50:51.308 [main] DEBUG com.jayway.jsonpath.internal.path.CompiledPath -- Evaluating path: $
12:50:51.308 [main] DEBUG com.jayway.jsonpath.internal.path.CompiledPath -- Evaluating path: $
12:50:51.308 [main] DEBUG com.jayway.jsonpath.internal.JsonContext -- Put path $ key type value {}
12:50:51.308 [main] DEBUG com.jayway.jsonpath.internal.path.CompiledPath -- Evaluating path: $
12:50:51.308 [main] DEBUG com.jayway.jsonpath.internal.JsonContext -- Put path $ key type value char
12:50:51.308 [main] DEBUG com.jayway.jsonpath.internal.path.CompiledPath -- Evaluating path: $['text']
12:50:51.308 [main] DEBUG com.jayway.jsonpath.internal.path.CompiledPath -- Evaluating path: $
12:50:51.308 [main] DEBUG com.jayway.jsonpath.internal.path.CompiledPath -- Evaluating path: $
12:50:51.308 [main] DEBUG com.jayway.jsonpath.internal.JsonContext -- Put path $ key text value {}
12:50:51.308 [main] DEBUG com.jayway.jsonpath.internal.path.CompiledPath -- Evaluating path: $
12:50:51.308 [main] DEBUG com.jayway.jsonpath.internal.JsonContext -- Put path $ key text value s
12:50:51.308 [main] DEBUG com.jayway.jsonpath.internal.path.CompiledPath -- Evaluating path: $['windowsVirtualKeyCode']
12:50:51.308 [main] DEBUG com.jayway.jsonpath.internal.path.CompiledPath -- Evaluating path: $
12:50:51.308 [main] DEBUG com.jayway.jsonpath.internal.path.CompiledPath -- Evaluating path: $
12:50:51.308 [main] DEBUG com.jayway.jsonpath.internal.JsonContext -- Put path $ key windowsVirtualKeyCode value {}
12:50:51.308 [main] DEBUG com.jayway.jsonpath.internal.path.CompiledPath -- Evaluating path: $
12:50:51.308 [main] DEBUG com.jayway.jsonpath.internal.JsonContext -- Put path $ key windowsVirtualKeyCode value 115
12:50:51.308 [main] DEBUG com.jayway.jsonpath.internal.path.CompiledPath -- Evaluating path: $
12:50:51.308 [main] DEBUG com.intuit.karate.driver.chrome_1718781650048 -- >> {"id":10,"sessionId":"063E9AB1F8E8EB3E0A9A7C1CEC826B8C","method":"Input.dispatchKeyEvent","params":{"modifiers":0,"type":"char","text":"s","windowsVirtualKeyCode":115}}
12:50:51.316 [nioEventLoopGroup-3-1] DEBUG com.intuit.karate.driver.chrome_1718781650048 -- << {"id":10,"result":{},"sessionId":"063E9AB1F8E8EB3E0A9A7C1CEC826B8C"}
12:50:51.316 [nioEventLoopGroup-3-1] DEBUG com.jayway.jsonpath.internal.path.CompiledPath -- Evaluating path: $
12:50:51.316 [main] DEBUG com.jayway.jsonpath.internal.path.CompiledPath -- Evaluating path: $['modifiers']
12:50:51.316 [main] DEBUG com.jayway.jsonpath.internal.path.CompiledPath -- Evaluating path: $
12:50:51.316 [main] DEBUG com.jayway.jsonpath.internal.path.CompiledPath -- Evaluating path: $
12:50:51.316 [main] DEBUG com.jayway.jsonpath.internal.JsonContext -- Put path $ key modifiers value {}
12:50:51.316 [main] DEBUG com.jayway.jsonpath.internal.path.CompiledPath -- Evaluating path: $
12:50:51.316 [main] DEBUG com.jayway.jsonpath.internal.JsonContext -- Put path $ key modifiers value 0
12:50:51.316 [main] DEBUG com.jayway.jsonpath.internal.path.CompiledPath -- Evaluating path: $['type']
12:50:51.316 [main] DEBUG com.jayway.jsonpath.internal.path.CompiledPath -- Evaluating path: $
12:50:51.316 [main] DEBUG com.jayway.jsonpath.internal.path.CompiledPath -- Evaluating path: $
12:50:51.316 [main] DEBUG com.jayway.jsonpath.internal.JsonContext -- Put path $ key type value {}
12:50:51.316 [main] DEBUG com.jayway.jsonpath.internal.path.CompiledPath -- Evaluating path: $
12:50:51.318 [main] DEBUG com.jayway.jsonpath.internal.JsonContext -- Put path $ key type value keyUp
12:50:51.318 [main] DEBUG com.jayway.jsonpath.internal.path.CompiledPath -- Evaluating path: $['text']
12:50:51.318 [main] DEBUG com.jayway.jsonpath.internal.path.CompiledPath -- Evaluating path: $
12:50:51.318 [main] DEBUG com.jayway.jsonpath.internal.path.CompiledPath -- Evaluating path: $
12:50:51.318 [main] DEBUG com.jayway.jsonpath.internal.JsonContext -- Put path $ key text value {}
12:50:51.318 [main] DEBUG com.jayway.jsonpath.internal.path.CompiledPath -- Evaluating path: $
12:50:51.318 [main] DEBUG com.jayway.jsonpath.internal.JsonContext -- Put path $ key text value s
12:50:51.318 [main] DEBUG com.jayway.jsonpath.internal.path.CompiledPath -- Evaluating path: $['windowsVirtualKeyCode']
12:50:51.318 [main] DEBUG com.jayway.jsonpath.internal.path.CompiledPath -- Evaluating path: $
12:50:51.318 [main] DEBUG com.jayway.jsonpath.internal.path.CompiledPath -- Evaluating path: $
12:50:51.318 [main] DEBUG com.jayway.jsonpath.internal.JsonContext -- Put path $ key windowsVirtualKeyCode value {}
12:50:51.318 [main] DEBUG com.jayway.jsonpath.internal.path.CompiledPath -- Evaluating path: $
12:50:51.318 [main] DEBUG com.jayway.jsonpath.internal.JsonContext -- Put path $ key windowsVirtualKeyCode value 115
12:50:51.318 [main] DEBUG com.jayway.jsonpath.internal.path.CompiledPath -- Evaluating path: $
12:50:51.318 [main] DEBUG com.intuit.karate.driver.chrome_1718781650048 -- >> {"id":11,"sessionId":"063E9AB1F8E8EB3E0A9A7C1CEC826B8C","method":"Input.dispatchKeyEvent","params":{"modifiers":0,"type":"keyUp","text":"s","windowsVirtualKeyCode":115}}
12:50:51.318 [nioEventLoopGroup-3-1] DEBUG com.intuit.karate.driver.chrome_1718781650048 -- << {"id":11,"result":{},"sessionId":"063E9AB1F8E8EB3E0A9A7C1CEC826B8C"}
12:50:51.318 [nioEventLoopGroup-3-1] DEBUG com.jayway.jsonpath.internal.path.CompiledPath -- Evaluating path: $
12:50:51.318 [main] DEBUG com.jayway.jsonpath.internal.path.CompiledPath -- Evaluating path: $['modifiers']
12:50:51.318 [main] DEBUG com.jayway.jsonpath.internal.path.CompiledPath -- Evaluating path: $
12:50:51.318 [main] DEBUG com.jayway.jsonpath.internal.path.CompiledPath -- Evaluating path: $
12:50:51.318 [main] DEBUG com.jayway.jsonpath.internal.JsonContext -- Put path $ key modifiers value {}
12:50:51.318 [main] DEBUG com.jayway.jsonpath.internal.path.CompiledPath -- Evaluating path: $
12:50:51.318 [main] DEBUG com.jayway.jsonpath.internal.JsonContext -- Put path $ key modifiers value 0
12:50:51.318 [main] DEBUG com.jayway.jsonpath.internal.path.CompiledPath -- Evaluating path: $['type']
12:50:51.318 [main] DEBUG com.jayway.jsonpath.internal.path.CompiledPath -- Evaluating path: $
12:50:51.318 [main] DEBUG com.jayway.jsonpath.internal.path.CompiledPath -- Evaluating path: $
12:50:51.318 [main] DEBUG com.jayway.jsonpath.internal.JsonContext -- Put path $ key type value {}
12:50:51.318 [main] DEBUG com.jayway.jsonpath.internal.path.CompiledPath -- Evaluating path: $
12:50:51.318 [main] DEBUG com.jayway.jsonpath.internal.JsonContext -- Put path $ key type value rawKeyDown
12:50:51.318 [main] DEBUG com.jayway.jsonpath.internal.path.CompiledPath -- Evaluating path: $['text']
12:50:51.318 [main] DEBUG com.jayway.jsonpath.internal.path.CompiledPath -- Evaluating path: $
12:50:51.318 [main] DEBUG com.jayway.jsonpath.internal.path.CompiledPath -- Evaluating path: $
12:50:51.318 [main] DEBUG com.jayway.jsonpath.internal.JsonContext -- Put path $ key text value {}
12:50:51.318 [main] DEBUG com.jayway.jsonpath.internal.path.CompiledPath -- Evaluating path: $
12:50:51.318 [main] DEBUG com.jayway.jsonpath.internal.JsonContext -- Put path $ key text value t
12:50:51.318 [main] DEBUG com.jayway.jsonpath.internal.path.CompiledPath -- Evaluating path: $['windowsVirtualKeyCode']
12:50:51.318 [main] DEBUG com.jayway.jsonpath.internal.path.CompiledPath -- Evaluating path: $
12:50:51.318 [main] DEBUG com.jayway.jsonpath.internal.path.CompiledPath -- Evaluating path: $
12:50:51.318 [main] DEBUG com.jayway.jsonpath.internal.JsonContext -- Put path $ key windowsVirtualKeyCode value {}
12:50:51.318 [main] DEBUG com.jayway.jsonpath.internal.path.CompiledPath -- Evaluating path: $
12:50:51.318 [main] DEBUG com.jayway.jsonpath.internal.JsonContext -- Put path $ key windowsVirtualKeyCode value 116
12:50:51.318 [main] DEBUG com.jayway.jsonpath.internal.path.CompiledPath -- Evaluating path: $
12:50:51.318 [main] DEBUG com.intuit.karate.driver.chrome_1718781650048 -- >> {"id":12,"sessionId":"063E9AB1F8E8EB3E0A9A7C1CEC826B8C","method":"Input.dispatchKeyEvent","params":{"modifiers":0,"type":"rawKeyDown","text":"t","windowsVirtualKeyCode":116}}
12:50:51.322 [nioEventLoopGroup-3-1] DEBUG com.intuit.karate.driver.chrome_1718781650048 -- << {"id":12,"result":{},"sessionId":"063E9AB1F8E8EB3E0A9A7C1CEC826B8C"}
12:50:51.322 [nioEventLoopGroup-3-1] DEBUG com.jayway.jsonpath.internal.path.CompiledPath -- Evaluating path: $
12:50:51.322 [main] DEBUG com.jayway.jsonpath.internal.path.CompiledPath -- Evaluating path: $['modifiers']
12:50:51.322 [main] DEBUG com.jayway.jsonpath.internal.path.CompiledPath -- Evaluating path: $
12:50:51.322 [main] DEBUG com.jayway.jsonpath.internal.path.CompiledPath -- Evaluating path: $
12:50:51.322 [main] DEBUG com.jayway.jsonpath.internal.JsonContext -- Put path $ key modifiers value {}
12:50:51.322 [main] DEBUG com.jayway.jsonpath.internal.path.CompiledPath -- Evaluating path: $
12:50:51.322 [main] DEBUG com.jayway.jsonpath.internal.JsonContext -- Put path $ key modifiers value 0
12:50:51.322 [main] DEBUG com.jayway.jsonpath.internal.path.CompiledPath -- Evaluating path: $['type']
12:50:51.322 [main] DEBUG com.jayway.jsonpath.internal.path.CompiledPath -- Evaluating path: $
12:50:51.322 [main] DEBUG com.jayway.jsonpath.internal.path.CompiledPath -- Evaluating path: $
12:50:51.322 [main] DEBUG com.jayway.jsonpath.internal.JsonContext -- Put path $ key type value {}
12:50:51.322 [main] DEBUG com.jayway.jsonpath.internal.path.CompiledPath -- Evaluating path: $
12:50:51.322 [main] DEBUG com.jayway.jsonpath.internal.JsonContext -- Put path $ key type value char
12:50:51.322 [main] DEBUG com.jayway.jsonpath.internal.path.CompiledPath -- Evaluating path: $['text']
12:50:51.322 [main] DEBUG com.jayway.jsonpath.internal.path.CompiledPath -- Evaluating path: $
12:50:51.322 [main] DEBUG com.jayway.jsonpath.internal.path.CompiledPath -- Evaluating path: $
12:50:51.322 [main] DEBUG com.jayway.jsonpath.internal.JsonContext -- Put path $ key text value {}
12:50:51.322 [main] DEBUG com.jayway.jsonpath.internal.path.CompiledPath -- Evaluating path: $
12:50:51.322 [main] DEBUG com.jayway.jsonpath.internal.JsonContext -- Put path $ key text value t
12:50:51.322 [main] DEBUG com.jayway.jsonpath.internal.path.CompiledPath -- Evaluating path: $['windowsVirtualKeyCode']
12:50:51.322 [main] DEBUG com.jayway.jsonpath.internal.path.CompiledPath -- Evaluating path: $
12:50:51.322 [main] DEBUG com.jayway.jsonpath.internal.path.CompiledPath -- Evaluating path: $
12:50:51.322 [main] DEBUG com.jayway.jsonpath.internal.JsonContext -- Put path $ key windowsVirtualKeyCode value {}
12:50:51.322 [main] DEBUG com.jayway.jsonpath.internal.path.CompiledPath -- Evaluating path: $
12:50:51.322 [main] DEBUG com.jayway.jsonpath.internal.JsonContext -- Put path $ key windowsVirtualKeyCode value 116
12:50:51.322 [main] DEBUG com.jayway.jsonpath.internal.path.CompiledPath -- Evaluating path: $
12:50:51.322 [main] DEBUG com.intuit.karate.driver.chrome_1718781650048 -- >> {"id":13,"sessionId":"063E9AB1F8E8EB3E0A9A7C1CEC826B8C","method":"Input.dispatchKeyEvent","params":{"modifiers":0,"type":"char","text":"t","windowsVirtualKeyCode":116}}
12:50:51.325 [nioEventLoopGroup-3-1] DEBUG com.intuit.karate.driver.chrome_1718781650048 -- << {"id":13,"result":{},"sessionId":"063E9AB1F8E8EB3E0A9A7C1CEC826B8C"}
12:50:51.325 [nioEventLoopGroup-3-1] DEBUG com.jayway.jsonpath.internal.path.CompiledPath -- Evaluating path: $
12:50:51.325 [main] DEBUG com.jayway.jsonpath.internal.path.CompiledPath -- Evaluating path: $['modifiers']
12:50:51.325 [main] DEBUG com.jayway.jsonpath.internal.path.CompiledPath -- Evaluating path: $
12:50:51.325 [main] DEBUG com.jayway.jsonpath.internal.path.CompiledPath -- Evaluating path: $
12:50:51.325 [main] DEBUG com.jayway.jsonpath.internal.JsonContext -- Put path $ key modifiers value {}
12:50:51.325 [main] DEBUG com.jayway.jsonpath.internal.path.CompiledPath -- Evaluating path: $
12:50:51.325 [main] DEBUG com.jayway.jsonpath.internal.JsonContext -- Put path $ key modifiers value 0
12:50:51.325 [main] DEBUG com.jayway.jsonpath.internal.path.CompiledPath -- Evaluating path: $['type']
12:50:51.325 [main] DEBUG com.jayway.jsonpath.internal.path.CompiledPath -- Evaluating path: $
12:50:51.325 [main] DEBUG com.jayway.jsonpath.internal.path.CompiledPath -- Evaluating path: $
12:50:51.325 [main] DEBUG com.jayway.jsonpath.internal.JsonContext -- Put path $ key type value {}
12:50:51.325 [main] DEBUG com.jayway.jsonpath.internal.path.CompiledPath -- Evaluating path: $
12:50:51.325 [main] DEBUG com.jayway.jsonpath.internal.JsonContext -- Put path $ key type value keyUp
12:50:51.325 [main] DEBUG com.jayway.jsonpath.internal.path.CompiledPath -- Evaluating path: $['text']
12:50:51.325 [main] DEBUG com.jayway.jsonpath.internal.path.CompiledPath -- Evaluating path: $
12:50:51.325 [main] DEBUG com.jayway.jsonpath.internal.path.CompiledPath -- Evaluating path: $
12:50:51.325 [main] DEBUG com.jayway.jsonpath.internal.JsonContext -- Put path $ key text value {}
12:50:51.325 [main] DEBUG com.jayway.jsonpath.internal.path.CompiledPath -- Evaluating path: $
12:50:51.325 [main] DEBUG com.jayway.jsonpath.internal.JsonContext -- Put path $ key text value t
12:50:51.325 [main] DEBUG com.jayway.jsonpath.internal.path.CompiledPath -- Evaluating path: $['windowsVirtualKeyCode']
12:50:51.325 [main] DEBUG com.jayway.jsonpath.internal.path.CompiledPath -- Evaluating path: $
12:50:51.325 [main] DEBUG com.jayway.jsonpath.internal.path.CompiledPath -- Evaluating path: $
12:50:51.325 [main] DEBUG com.jayway.jsonpath.internal.JsonContext -- Put path $ key windowsVirtualKeyCode value {}
12:50:51.325 [main] DEBUG com.jayway.jsonpath.internal.path.CompiledPath -- Evaluating path: $
12:50:51.325 [main] DEBUG com.jayway.jsonpath.internal.JsonContext -- Put path $ key windowsVirtualKeyCode value 116
12:50:51.325 [main] DEBUG com.jayway.jsonpath.internal.path.CompiledPath -- Evaluating path: $
12:50:51.325 [main] DEBUG com.intuit.karate.driver.chrome_1718781650048 -- >> {"id":14,"sessionId":"063E9AB1F8E8EB3E0A9A7C1CEC826B8C","method":"Input.dispatchKeyEvent","params":{"modifiers":0,"type":"keyUp","text":"t","windowsVirtualKeyCode":116}}
12:50:51.325 [nioEventLoopGroup-3-1] DEBUG com.intuit.karate.driver.chrome_1718781650048 -- << {"id":14,"result":{},"sessionId":"063E9AB1F8E8EB3E0A9A7C1CEC826B8C"}
12:50:51.325 [nioEventLoopGroup-3-1] DEBUG com.jayway.jsonpath.internal.path.CompiledPath -- Evaluating path: $
12:50:51.325 [main] DEBUG com.jayway.jsonpath.internal.path.CompiledPath -- Evaluating path: $['modifiers']
12:50:51.325 [main] DEBUG com.jayway.jsonpath.internal.path.CompiledPath -- Evaluating path: $
12:50:51.325 [main] DEBUG com.jayway.jsonpath.internal.path.CompiledPath -- Evaluating path: $
12:50:51.325 [main] DEBUG com.jayway.jsonpath.internal.JsonContext -- Put path $ key modifiers value {}
12:50:51.325 [main] DEBUG com.jayway.jsonpath.internal.path.CompiledPath -- Evaluating path: $
12:50:51.325 [main] DEBUG com.jayway.jsonpath.internal.JsonContext -- Put path $ key modifiers value 0
12:50:51.325 [main] DEBUG com.jayway.jsonpath.internal.path.CompiledPath -- Evaluating path: $['type']
12:50:51.325 [main] DEBUG com.jayway.jsonpath.internal.path.CompiledPath -- Evaluating path: $
12:50:51.325 [main] DEBUG com.jayway.jsonpath.internal.path.CompiledPath -- Evaluating path: $
12:50:51.325 [main] DEBUG com.jayway.jsonpath.internal.JsonContext -- Put path $ key type value {}
12:50:51.325 [main] DEBUG com.jayway.jsonpath.internal.path.CompiledPath -- Evaluating path: $
12:50:51.325 [main] DEBUG com.jayway.jsonpath.internal.JsonContext -- Put path $ key type value rawKeyDown
12:50:51.325 [main] DEBUG com.jayway.jsonpath.internal.path.CompiledPath -- Evaluating path: $['text']
12:50:51.325 [main] DEBUG com.jayway.jsonpath.internal.path.CompiledPath -- Evaluating path: $
12:50:51.325 [main] DEBUG com.jayway.jsonpath.internal.path.CompiledPath -- Evaluating path: $
12:50:51.325 [main] DEBUG com.jayway.jsonpath.internal.JsonContext -- Put path $ key text value {}
12:50:51.325 [main] DEBUG com.jayway.jsonpath.internal.path.CompiledPath -- Evaluating path: $
12:50:51.325 [main] DEBUG com.jayway.jsonpath.internal.JsonContext -- Put path $ key text value a
12:50:51.325 [main] DEBUG com.jayway.jsonpath.internal.path.CompiledPath -- Evaluating path: $['windowsVirtualKeyCode']
12:50:51.325 [main] DEBUG com.jayway.jsonpath.internal.path.CompiledPath -- Evaluating path: $
12:50:51.325 [main] DEBUG com.jayway.jsonpath.internal.path.CompiledPath -- Evaluating path: $
12:50:51.325 [main] DEBUG com.jayway.jsonpath.internal.JsonContext -- Put path $ key windowsVirtualKeyCode value {}
12:50:51.325 [main] DEBUG com.jayway.jsonpath.internal.path.CompiledPath -- Evaluating path: $
12:50:51.325 [main] DEBUG com.jayway.jsonpath.internal.JsonContext -- Put path $ key windowsVirtualKeyCode value 97
12:50:51.325 [main] DEBUG com.jayway.jsonpath.internal.path.CompiledPath -- Evaluating path: $
12:50:51.325 [main] DEBUG com.intuit.karate.driver.chrome_1718781650048 -- >> {"id":15,"sessionId":"063E9AB1F8E8EB3E0A9A7C1CEC826B8C","method":"Input.dispatchKeyEvent","params":{"modifiers":0,"type":"rawKeyDown","text":"a","windowsVirtualKeyCode":97}}
12:50:51.331 [nioEventLoopGroup-3-1] DEBUG com.intuit.karate.driver.chrome_1718781650048 -- << {"id":15,"result":{},"sessionId":"063E9AB1F8E8EB3E0A9A7C1CEC826B8C"}
12:50:51.331 [nioEventLoopGroup-3-1] DEBUG com.jayway.jsonpath.internal.path.CompiledPath -- Evaluating path: $
12:50:51.331 [main] DEBUG com.jayway.jsonpath.internal.path.CompiledPath -- Evaluating path: $['modifiers']
12:50:51.331 [main] DEBUG com.jayway.jsonpath.internal.path.CompiledPath -- Evaluating path: $
12:50:51.331 [main] DEBUG com.jayway.jsonpath.internal.path.CompiledPath -- Evaluating path: $
12:50:51.331 [main] DEBUG com.jayway.jsonpath.internal.JsonContext -- Put path $ key modifiers value {}
12:50:51.331 [main] DEBUG com.jayway.jsonpath.internal.path.CompiledPath -- Evaluating path: $
12:50:51.331 [main] DEBUG com.jayway.jsonpath.internal.JsonContext -- Put path $ key modifiers value 0
12:50:51.331 [main] DEBUG com.jayway.jsonpath.internal.path.CompiledPath -- Evaluating path: $['type']
12:50:51.331 [main] DEBUG com.jayway.jsonpath.internal.path.CompiledPath -- Evaluating path: $
12:50:51.331 [main] DEBUG com.jayway.jsonpath.internal.path.CompiledPath -- Evaluating path: $
12:50:51.331 [main] DEBUG com.jayway.jsonpath.internal.JsonContext -- Put path $ key type value {}
12:50:51.331 [main] DEBUG com.jayway.jsonpath.internal.path.CompiledPath -- Evaluating path: $
12:50:51.331 [main] DEBUG com.jayway.jsonpath.internal.JsonContext -- Put path $ key type value char
12:50:51.331 [main] DEBUG com.jayway.jsonpath.internal.path.CompiledPath -- Evaluating path: $['text']
12:50:51.331 [main] DEBUG com.jayway.jsonpath.internal.path.CompiledPath -- Evaluating path: $
12:50:51.331 [main] DEBUG com.jayway.jsonpath.internal.path.CompiledPath -- Evaluating path: $
12:50:51.331 [main] DEBUG com.jayway.jsonpath.internal.JsonContext -- Put path $ key text value {}
12:50:51.331 [main] DEBUG com.jayway.jsonpath.internal.path.CompiledPath -- Evaluating path: $
12:50:51.331 [main] DEBUG com.jayway.jsonpath.internal.JsonContext -- Put path $ key text value a
12:50:51.331 [main] DEBUG com.jayway.jsonpath.internal.path.CompiledPath -- Evaluating path: $['windowsVirtualKeyCode']
12:50:51.331 [main] DEBUG com.jayway.jsonpath.internal.path.CompiledPath -- Evaluating path: $
12:50:51.331 [main] DEBUG com.jayway.jsonpath.internal.path.CompiledPath -- Evaluating path: $
12:50:51.331 [main] DEBUG com.jayway.jsonpath.internal.JsonContext -- Put path $ key windowsVirtualKeyCode value {}
12:50:51.331 [main] DEBUG com.jayway.jsonpath.internal.path.CompiledPath -- Evaluating path: $
12:50:51.331 [main] DEBUG com.jayway.jsonpath.internal.JsonContext -- Put path $ key windowsVirtualKeyCode value 97
12:50:51.331 [main] DEBUG com.jayway.jsonpath.internal.path.CompiledPath -- Evaluating path: $
12:50:51.331 [main] DEBUG com.intuit.karate.driver.chrome_1718781650048 -- >> {"id":16,"sessionId":"063E9AB1F8E8EB3E0A9A7C1CEC826B8C","method":"Input.dispatchKeyEvent","params":{"modifiers":0,"type":"char","text":"a","windowsVirtualKeyCode":97}}
12:50:51.331 [nioEventLoopGroup-3-1] DEBUG com.intuit.karate.driver.chrome_1718781650048 -- << {"id":16,"result":{},"sessionId":"063E9AB1F8E8EB3E0A9A7C1CEC826B8C"}
12:50:51.331 [nioEventLoopGroup-3-1] DEBUG com.jayway.jsonpath.internal.path.CompiledPath -- Evaluating path: $
12:50:51.331 [main] DEBUG com.jayway.jsonpath.internal.path.CompiledPath -- Evaluating path: $['modifiers']
12:50:51.331 [main] DEBUG com.jayway.jsonpath.internal.path.CompiledPath -- Evaluating path: $
12:50:51.331 [main] DEBUG com.jayway.jsonpath.internal.path.CompiledPath -- Evaluating path: $
12:50:51.331 [main] DEBUG com.jayway.jsonpath.internal.JsonContext -- Put path $ key modifiers value {}
12:50:51.331 [main] DEBUG com.jayway.jsonpath.internal.path.CompiledPath -- Evaluating path: $
12:50:51.331 [main] DEBUG com.jayway.jsonpath.internal.JsonContext -- Put path $ key modifiers value 0
12:50:51.331 [main] DEBUG com.jayway.jsonpath.internal.path.CompiledPath -- Evaluating path: $['type']
12:50:51.331 [main] DEBUG com.jayway.jsonpath.internal.path.CompiledPath -- Evaluating path: $
12:50:51.331 [main] DEBUG com.jayway.jsonpath.internal.path.CompiledPath -- Evaluating path: $
12:50:51.331 [main] DEBUG com.jayway.jsonpath.internal.JsonContext -- Put path $ key type value {}
12:50:51.331 [main] DEBUG com.jayway.jsonpath.internal.path.CompiledPath -- Evaluating path: $
12:50:51.331 [main] DEBUG com.jayway.jsonpath.internal.JsonContext -- Put path $ key type value keyUp
12:50:51.331 [main] DEBUG com.jayway.jsonpath.internal.path.CompiledPath -- Evaluating path: $['text']
12:50:51.331 [main] DEBUG com.jayway.jsonpath.internal.path.CompiledPath -- Evaluating path: $
12:50:51.331 [main] DEBUG com.jayway.jsonpath.internal.path.CompiledPath -- Evaluating path: $
12:50:51.331 [main] DEBUG com.jayway.jsonpath.internal.JsonContext -- Put path $ key text value {}
12:50:51.331 [main] DEBUG com.jayway.jsonpath.internal.path.CompiledPath -- Evaluating path: $
12:50:51.331 [main] DEBUG com.jayway.jsonpath.internal.JsonContext -- Put path $ key text value a
12:50:51.331 [main] DEBUG com.jayway.jsonpath.internal.path.CompiledPath -- Evaluating path: $['windowsVirtualKeyCode']
12:50:51.331 [main] DEBUG com.jayway.jsonpath.internal.path.CompiledPath -- Evaluating path: $
12:50:51.331 [main] DEBUG com.jayway.jsonpath.internal.path.CompiledPath -- Evaluating path: $
12:50:51.331 [main] DEBUG com.jayway.jsonpath.internal.JsonContext -- Put path $ key windowsVirtualKeyCode value {}
12:50:51.331 [main] DEBUG com.jayway.jsonpath.internal.path.CompiledPath -- Evaluating path: $
12:50:51.331 [main] DEBUG com.jayway.jsonpath.internal.JsonContext -- Put path $ key windowsVirtualKeyCode value 97
12:50:51.331 [main] DEBUG com.jayway.jsonpath.internal.path.CompiledPath -- Evaluating path: $
12:50:51.331 [main] DEBUG com.intuit.karate.driver.chrome_1718781650048 -- >> {"id":17,"sessionId":"063E9AB1F8E8EB3E0A9A7C1CEC826B8C","method":"Input.dispatchKeyEvent","params":{"modifiers":0,"type":"keyUp","text":"a","windowsVirtualKeyCode":97}}
12:50:51.331 [nioEventLoopGroup-3-1] DEBUG com.intuit.karate.driver.chrome_1718781650048 -- << {"id":17,"result":{},"sessionId":"063E9AB1F8E8EB3E0A9A7C1CEC826B8C"}
12:50:51.331 [nioEventLoopGroup-3-1] DEBUG com.jayway.jsonpath.internal.path.CompiledPath -- Evaluating path: $
12:50:51.331 [main] DEBUG com.jayway.jsonpath.internal.path.CompiledPath -- Evaluating path: $['modifiers']
12:50:51.331 [main] DEBUG com.jayway.jsonpath.internal.path.CompiledPath -- Evaluating path: $
12:50:51.331 [main] DEBUG com.jayway.jsonpath.internal.path.CompiledPath -- Evaluating path: $
12:50:51.341 [main] DEBUG com.jayway.jsonpath.internal.JsonContext -- Put path $ key modifiers value {}
12:50:51.341 [main] DEBUG com.jayway.jsonpath.internal.path.CompiledPath -- Evaluating path: $
12:50:51.341 [main] DEBUG com.jayway.jsonpath.internal.JsonContext -- Put path $ key modifiers value 0
12:50:51.341 [main] DEBUG com.jayway.jsonpath.internal.path.CompiledPath -- Evaluating path: $['type']
12:50:51.341 [main] DEBUG com.jayway.jsonpath.internal.path.CompiledPath -- Evaluating path: $
12:50:51.341 [main] DEBUG com.jayway.jsonpath.internal.path.CompiledPath -- Evaluating path: $
12:50:51.341 [main] DEBUG com.jayway.jsonpath.internal.JsonContext -- Put path $ key type value {}
12:50:51.341 [main] DEBUG com.jayway.jsonpath.internal.path.CompiledPath -- Evaluating path: $
12:50:51.341 [main] DEBUG com.jayway.jsonpath.internal.JsonContext -- Put path $ key type value rawKeyDown
12:50:51.341 [main] DEBUG com.jayway.jsonpath.internal.path.CompiledPath -- Evaluating path: $['text']
12:50:51.341 [main] DEBUG com.jayway.jsonpath.internal.path.CompiledPath -- Evaluating path: $
12:50:51.341 [main] DEBUG com.jayway.jsonpath.internal.path.CompiledPath -- Evaluating path: $
12:50:51.341 [main] DEBUG com.jayway.jsonpath.internal.JsonContext -- Put path $ key text value {}
12:50:51.341 [main] DEBUG com.jayway.jsonpath.internal.path.CompiledPath -- Evaluating path: $
12:50:51.341 [main] DEBUG com.jayway.jsonpath.internal.JsonContext -- Put path $ key text value n
12:50:51.341 [main] DEBUG com.jayway.jsonpath.internal.path.CompiledPath -- Evaluating path: $['windowsVirtualKeyCode']
12:50:51.341 [main] DEBUG com.jayway.jsonpath.internal.path.CompiledPath -- Evaluating path: $
12:50:51.341 [main] DEBUG com.jayway.jsonpath.internal.path.CompiledPath -- Evaluating path: $
12:50:51.341 [main] DEBUG com.jayway.jsonpath.internal.JsonContext -- Put path $ key windowsVirtualKeyCode value {}
12:50:51.341 [main] DEBUG com.jayway.jsonpath.internal.path.CompiledPath -- Evaluating path: $
12:50:51.341 [main] DEBUG com.jayway.jsonpath.internal.JsonContext -- Put path $ key windowsVirtualKeyCode value 110
12:50:51.341 [main] DEBUG com.jayway.jsonpath.internal.path.CompiledPath -- Evaluating path: $
12:50:51.341 [main] DEBUG com.intuit.karate.driver.chrome_1718781650048 -- >> {"id":18,"sessionId":"063E9AB1F8E8EB3E0A9A7C1CEC826B8C","method":"Input.dispatchKeyEvent","params":{"modifiers":0,"type":"rawKeyDown","text":"n","windowsVirtualKeyCode":110}}
12:50:51.341 [nioEventLoopGroup-3-1] DEBUG com.intuit.karate.driver.chrome_1718781650048 -- << {"id":18,"result":{},"sessionId":"063E9AB1F8E8EB3E0A9A7C1CEC826B8C"}
12:50:51.341 [nioEventLoopGroup-3-1] DEBUG com.jayway.jsonpath.internal.path.CompiledPath -- Evaluating path: $
12:50:51.341 [main] DEBUG com.jayway.jsonpath.internal.path.CompiledPath -- Evaluating path: $['modifiers']
12:50:51.341 [main] DEBUG com.jayway.jsonpath.internal.path.CompiledPath -- Evaluating path: $
12:50:51.341 [main] DEBUG com.jayway.jsonpath.internal.path.CompiledPath -- Evaluating path: $
12:50:51.341 [main] DEBUG com.jayway.jsonpath.internal.JsonContext -- Put path $ key modifiers value {}
12:50:51.341 [main] DEBUG com.jayway.jsonpath.internal.path.CompiledPath -- Evaluating path: $
12:50:51.341 [main] DEBUG com.jayway.jsonpath.internal.JsonContext -- Put path $ key modifiers value 0
12:50:51.341 [main] DEBUG com.jayway.jsonpath.internal.path.CompiledPath -- Evaluating path: $['type']
12:50:51.341 [main] DEBUG com.jayway.jsonpath.internal.path.CompiledPath -- Evaluating path: $
12:50:51.341 [main] DEBUG com.jayway.jsonpath.internal.path.CompiledPath -- Evaluating path: $
12:50:51.341 [main] DEBUG com.jayway.jsonpath.internal.JsonContext -- Put path $ key type value {}
12:50:51.341 [main] DEBUG com.jayway.jsonpath.internal.path.CompiledPath -- Evaluating path: $
12:50:51.341 [main] DEBUG com.jayway.jsonpath.internal.JsonContext -- Put path $ key type value char
12:50:51.341 [main] DEBUG com.jayway.jsonpath.internal.path.CompiledPath -- Evaluating path: $['text']
12:50:51.341 [main] DEBUG com.jayway.jsonpath.internal.path.CompiledPath -- Evaluating path: $
12:50:51.341 [main] DEBUG com.jayway.jsonpath.internal.path.CompiledPath -- Evaluating path: $
12:50:51.341 [main] DEBUG com.jayway.jsonpath.internal.JsonContext -- Put path $ key text value {}
12:50:51.341 [main] DEBUG com.jayway.jsonpath.internal.path.CompiledPath -- Evaluating path: $
12:50:51.341 [main] DEBUG com.jayway.jsonpath.internal.JsonContext -- Put path $ key text value n
12:50:51.341 [main] DEBUG com.jayway.jsonpath.internal.path.CompiledPath -- Evaluating path: $['windowsVirtualKeyCode']
12:50:51.341 [main] DEBUG com.jayway.jsonpath.internal.path.CompiledPath -- Evaluating path: $
12:50:51.341 [main] DEBUG com.jayway.jsonpath.internal.path.CompiledPath -- Evaluating path: $
12:50:51.341 [main] DEBUG com.jayway.jsonpath.internal.JsonContext -- Put path $ key windowsVirtualKeyCode value {}
12:50:51.341 [main] DEBUG com.jayway.jsonpath.internal.path.CompiledPath -- Evaluating path: $
12:50:51.341 [main] DEBUG com.jayway.jsonpath.internal.JsonContext -- Put path $ key windowsVirtualKeyCode value 110
12:50:51.341 [main] DEBUG com.jayway.jsonpath.internal.path.CompiledPath -- Evaluating path: $
12:50:51.341 [main] DEBUG com.intuit.karate.driver.chrome_1718781650048 -- >> {"id":19,"sessionId":"063E9AB1F8E8EB3E0A9A7C1CEC826B8C","method":"Input.dispatchKeyEvent","params":{"modifiers":0,"type":"char","text":"n","windowsVirtualKeyCode":110}}
12:50:51.341 [nioEventLoopGroup-3-1] DEBUG com.intuit.karate.driver.chrome_1718781650048 -- << {"id":19,"result":{},"sessionId":"063E9AB1F8E8EB3E0A9A7C1CEC826B8C"}
12:50:51.341 [nioEventLoopGroup-3-1] DEBUG com.jayway.jsonpath.internal.path.CompiledPath -- Evaluating path: $
12:50:51.341 [main] DEBUG com.jayway.jsonpath.internal.path.CompiledPath -- Evaluating path: $['modifiers']
12:50:51.341 [main] DEBUG com.jayway.jsonpath.internal.path.CompiledPath -- Evaluating path: $
12:50:51.341 [main] DEBUG com.jayway.jsonpath.internal.path.CompiledPath -- Evaluating path: $
12:50:51.341 [main] DEBUG com.jayway.jsonpath.internal.JsonContext -- Put path $ key modifiers value {}
12:50:51.341 [main] DEBUG com.jayway.jsonpath.internal.path.CompiledPath -- Evaluating path: $
12:50:51.341 [main] DEBUG com.jayway.jsonpath.internal.JsonContext -- Put path $ key modifiers value 0
12:50:51.341 [main] DEBUG com.jayway.jsonpath.internal.path.CompiledPath -- Evaluating path: $['type']
12:50:51.341 [main] DEBUG com.jayway.jsonpath.internal.path.CompiledPath -- Evaluating path: $
12:50:51.341 [main] DEBUG com.jayway.jsonpath.internal.path.CompiledPath -- Evaluating path: $
12:50:51.341 [main] DEBUG com.jayway.jsonpath.internal.JsonContext -- Put path $ key type value {}
12:50:51.341 [main] DEBUG com.jayway.jsonpath.internal.path.CompiledPath -- Evaluating path: $
12:50:51.341 [main] DEBUG com.jayway.jsonpath.internal.JsonContext -- Put path $ key type value keyUp
12:50:51.341 [main] DEBUG com.jayway.jsonpath.internal.path.CompiledPath -- Evaluating path: $['text']
12:50:51.341 [main] DEBUG com.jayway.jsonpath.internal.path.CompiledPath -- Evaluating path: $
12:50:51.341 [main] DEBUG com.jayway.jsonpath.internal.path.CompiledPath -- Evaluating path: $
12:50:51.341 [main] DEBUG com.jayway.jsonpath.internal.JsonContext -- Put path $ key text value {}
12:50:51.341 [main] DEBUG com.jayway.jsonpath.internal.path.CompiledPath -- Evaluating path: $
12:50:51.341 [main] DEBUG com.jayway.jsonpath.internal.JsonContext -- Put path $ key text value n
12:50:51.341 [main] DEBUG com.jayway.jsonpath.internal.path.CompiledPath -- Evaluating path: $['windowsVirtualKeyCode']
12:50:51.341 [main] DEBUG com.jayway.jsonpath.internal.path.CompiledPath -- Evaluating path: $
12:50:51.341 [main] DEBUG com.jayway.jsonpath.internal.path.CompiledPath -- Evaluating path: $
12:50:51.341 [main] DEBUG com.jayway.jsonpath.internal.JsonContext -- Put path $ key windowsVirtualKeyCode value {}
12:50:51.341 [main] DEBUG com.jayway.jsonpath.internal.path.CompiledPath -- Evaluating path: $
12:50:51.341 [main] DEBUG com.jayway.jsonpath.internal.JsonContext -- Put path $ key windowsVirtualKeyCode value 110
12:50:51.341 [main] DEBUG com.jayway.jsonpath.internal.path.CompiledPath -- Evaluating path: $
12:50:51.341 [main] DEBUG com.intuit.karate.driver.chrome_1718781650048 -- >> {"id":20,"sessionId":"063E9AB1F8E8EB3E0A9A7C1CEC826B8C","method":"Input.dispatchKeyEvent","params":{"modifiers":0,"type":"keyUp","text":"n","windowsVirtualKeyCode":110}}
12:50:51.359 [nioEventLoopGroup-3-1] DEBUG com.intuit.karate.driver.chrome_1718781650048 -- << {"id":20,"result":{},"sessionId":"063E9AB1F8E8EB3E0A9A7C1CEC826B8C"}
12:50:51.359 [nioEventLoopGroup-3-1] DEBUG com.jayway.jsonpath.internal.path.CompiledPath -- Evaluating path: $
12:50:51.359 [main] DEBUG com.jayway.jsonpath.internal.path.CompiledPath -- Evaluating path: $['modifiers']
12:50:51.359 [main] DEBUG com.jayway.jsonpath.internal.path.CompiledPath -- Evaluating path: $
12:50:51.359 [main] DEBUG com.jayway.jsonpath.internal.path.CompiledPath -- Evaluating path: $
12:50:51.359 [main] DEBUG com.jayway.jsonpath.internal.JsonContext -- Put path $ key modifiers value {}
12:50:51.359 [main] DEBUG com.jayway.jsonpath.internal.path.CompiledPath -- Evaluating path: $
12:50:51.359 [main] DEBUG com.jayway.jsonpath.internal.JsonContext -- Put path $ key modifiers value 0
12:50:51.359 [main] DEBUG com.jayway.jsonpath.internal.path.CompiledPath -- Evaluating path: $['type']
12:50:51.359 [main] DEBUG com.jayway.jsonpath.internal.path.CompiledPath -- Evaluating path: $
12:50:51.359 [main] DEBUG com.jayway.jsonpath.internal.path.CompiledPath -- Evaluating path: $
12:50:51.359 [main] DEBUG com.jayway.jsonpath.internal.JsonContext -- Put path $ key type value {}
12:50:51.359 [main] DEBUG com.jayway.jsonpath.internal.path.CompiledPath -- Evaluating path: $
12:50:51.359 [main] DEBUG com.jayway.jsonpath.internal.JsonContext -- Put path $ key type value rawKeyDown
12:50:51.359 [main] DEBUG com.jayway.jsonpath.internal.path.CompiledPath -- Evaluating path: $['text']
12:50:51.359 [main] DEBUG com.jayway.jsonpath.internal.path.CompiledPath -- Evaluating path: $
12:50:51.359 [main] DEBUG com.jayway.jsonpath.internal.path.CompiledPath -- Evaluating path: $
12:50:51.359 [main] DEBUG com.jayway.jsonpath.internal.JsonContext -- Put path $ key text value {}
12:50:51.359 [main] DEBUG com.jayway.jsonpath.internal.path.CompiledPath -- Evaluating path: $
12:50:51.359 [main] DEBUG com.jayway.jsonpath.internal.JsonContext -- Put path $ key text value d
12:50:51.359 [main] DEBUG com.jayway.jsonpath.internal.path.CompiledPath -- Evaluating path: $['windowsVirtualKeyCode']
12:50:51.359 [main] DEBUG com.jayway.jsonpath.internal.path.CompiledPath -- Evaluating path: $
12:50:51.359 [main] DEBUG com.jayway.jsonpath.internal.path.CompiledPath -- Evaluating path: $
12:50:51.359 [main] DEBUG com.jayway.jsonpath.internal.JsonContext -- Put path $ key windowsVirtualKeyCode value {}
12:50:51.359 [main] DEBUG com.jayway.jsonpath.internal.path.CompiledPath -- Evaluating path: $
12:50:51.359 [main] DEBUG com.jayway.jsonpath.internal.JsonContext -- Put path $ key windowsVirtualKeyCode value 100
12:50:51.359 [main] DEBUG com.jayway.jsonpath.internal.path.CompiledPath -- Evaluating path: $
12:50:51.359 [main] DEBUG com.intuit.karate.driver.chrome_1718781650048 -- >> {"id":21,"sessionId":"063E9AB1F8E8EB3E0A9A7C1CEC826B8C","method":"Input.dispatchKeyEvent","params":{"modifiers":0,"type":"rawKeyDown","text":"d","windowsVirtualKeyCode":100}}
12:50:51.387 [nioEventLoopGroup-3-1] DEBUG com.intuit.karate.driver.chrome_1718781650048 -- << {"id":21,"result":{},"sessionId":"063E9AB1F8E8EB3E0A9A7C1CEC826B8C"}
12:50:51.387 [nioEventLoopGroup-3-1] DEBUG com.jayway.jsonpath.internal.path.CompiledPath -- Evaluating path: $
12:50:51.387 [main] DEBUG com.jayway.jsonpath.internal.path.CompiledPath -- Evaluating path: $['modifiers']
12:50:51.387 [main] DEBUG com.jayway.jsonpath.internal.path.CompiledPath -- Evaluating path: $
12:50:51.387 [nioEventLoopGroup-3-1] DEBUG com.intuit.karate.driver.chrome_1718781650048 -- << {"method":"Page.loadEventFired","params":{"timestamp":52729.894378},"sessionId":"063E9AB1F8E8EB3E0A9A7C1CEC826B8C"}
12:50:51.387 [main] DEBUG com.jayway.jsonpath.internal.path.CompiledPath -- Evaluating path: $
12:50:51.387 [main] DEBUG com.jayway.jsonpath.internal.JsonContext -- Put path $ key modifiers value {}
12:50:51.387 [main] DEBUG com.jayway.jsonpath.internal.path.CompiledPath -- Evaluating path: $
12:50:51.387 [main] DEBUG com.jayway.jsonpath.internal.JsonContext -- Put path $ key modifiers value 0
12:50:51.387 [nioEventLoopGroup-3-1] DEBUG com.jayway.jsonpath.internal.path.CompiledPath -- Evaluating path: $
12:50:51.387 [main] DEBUG com.jayway.jsonpath.internal.path.CompiledPath -- Evaluating path: $['type']
12:50:51.387 [main] DEBUG com.jayway.jsonpath.internal.path.CompiledPath -- Evaluating path: $
12:50:51.387 [main] DEBUG com.jayway.jsonpath.internal.path.CompiledPath -- Evaluating path: $
12:50:51.387 [main] DEBUG com.jayway.jsonpath.internal.JsonContext -- Put path $ key type value {}
12:50:51.387 [main] DEBUG com.jayway.jsonpath.internal.path.CompiledPath -- Evaluating path: $
12:50:51.387 [main] DEBUG com.jayway.jsonpath.internal.JsonContext -- Put path $ key type value char
12:50:51.387 [main] DEBUG com.jayway.jsonpath.internal.path.CompiledPath -- Evaluating path: $['text']
12:50:51.387 [main] DEBUG com.jayway.jsonpath.internal.path.CompiledPath -- Evaluating path: $
12:50:51.387 [main] DEBUG com.jayway.jsonpath.internal.path.CompiledPath -- Evaluating path: $
12:50:51.387 [main] DEBUG com.jayway.jsonpath.internal.JsonContext -- Put path $ key text value {}
12:50:51.387 [main] DEBUG com.jayway.jsonpath.internal.path.CompiledPath -- Evaluating path: $
12:50:51.387 [main] DEBUG com.jayway.jsonpath.internal.JsonContext -- Put path $ key text value d
12:50:51.387 [main] DEBUG com.jayway.jsonpath.internal.path.CompiledPath -- Evaluating path: $['windowsVirtualKeyCode']
12:50:51.387 [main] DEBUG com.jayway.jsonpath.internal.path.CompiledPath -- Evaluating path: $
12:50:51.387 [main] DEBUG com.jayway.jsonpath.internal.path.CompiledPath -- Evaluating path: $
12:50:51.387 [main] DEBUG com.jayway.jsonpath.internal.JsonContext -- Put path $ key windowsVirtualKeyCode value {}
12:50:51.387 [main] DEBUG com.jayway.jsonpath.internal.path.CompiledPath -- Evaluating path: $
12:50:51.387 [main] DEBUG com.jayway.jsonpath.internal.JsonContext -- Put path $ key windowsVirtualKeyCode value 100
12:50:51.387 [main] DEBUG com.jayway.jsonpath.internal.path.CompiledPath -- Evaluating path: $
12:50:51.387 [main] DEBUG com.intuit.karate.driver.chrome_1718781650048 -- >> {"id":22,"sessionId":"063E9AB1F8E8EB3E0A9A7C1CEC826B8C","method":"Input.dispatchKeyEvent","params":{"modifiers":0,"type":"char","text":"d","windowsVirtualKeyCode":100}}
12:50:51.387 [nioEventLoopGroup-3-1] DEBUG com.intuit.karate.driver.chrome_1718781650048 -- << {"method":"Page.frameStoppedLoading","params":{"frameId":"C354FA478ED6413FDBE4BB079DF697AF"},"sessionId":"063E9AB1F8E8EB3E0A9A7C1CEC826B8C"}
12:50:51.387 [nioEventLoopGroup-3-1] DEBUG com.jayway.jsonpath.internal.path.CompiledPath -- Evaluating path: $
12:50:51.387 [nioEventLoopGroup-3-1] DEBUG com.jayway.jsonpath.internal.path.CompiledPath -- Evaluating path: $['frameId']
12:50:51.387 [nioEventLoopGroup-3-1] DEBUG com.intuit.karate.driver.chrome_1718781650048 -- << {"method":"Target.targetCreated","params":{"targetInfo":{"targetId":"4830A032B848AE36664B3298C2843441","type":"service_worker","title":"Service Worker https://www.saucedemo.com/service-worker.js","url":"https://www.saucedemo.com/service-worker.js","attached":false,"canAccessOpener":false,"browserContextId":"886D23BF3E53E0023BB6460B3978E4EA"}},"sessionId":"063E9AB1F8E8EB3E0A9A7C1CEC826B8C"}
12:50:51.387 [nioEventLoopGroup-3-1] DEBUG com.jayway.jsonpath.internal.path.CompiledPath -- Evaluating path: $
12:50:51.393 [nioEventLoopGroup-3-1] DEBUG com.intuit.karate.driver.chrome_1718781650048 -- << {"id":22,"result":{},"sessionId":"063E9AB1F8E8EB3E0A9A7C1CEC826B8C"}
12:50:51.393 [nioEventLoopGroup-3-1] DEBUG com.jayway.jsonpath.internal.path.CompiledPath -- Evaluating path: $
12:50:51.393 [main] DEBUG com.jayway.jsonpath.internal.path.CompiledPath -- Evaluating path: $['modifiers']
12:50:51.393 [main] DEBUG com.jayway.jsonpath.internal.path.CompiledPath -- Evaluating path: $
12:50:51.393 [main] DEBUG com.jayway.jsonpath.internal.path.CompiledPath -- Evaluating path: $
12:50:51.393 [main] DEBUG com.jayway.jsonpath.internal.JsonContext -- Put path $ key modifiers value {}
12:50:51.393 [main] DEBUG com.jayway.jsonpath.internal.path.CompiledPath -- Evaluating path: $
12:50:51.393 [main] DEBUG com.jayway.jsonpath.internal.JsonContext -- Put path $ key modifiers value 0
12:50:51.393 [main] DEBUG com.jayway.jsonpath.internal.path.CompiledPath -- Evaluating path: $['type']
12:50:51.393 [main] DEBUG com.jayway.jsonpath.internal.path.CompiledPath -- Evaluating path: $
12:50:51.393 [main] DEBUG com.jayway.jsonpath.internal.path.CompiledPath -- Evaluating path: $
12:50:51.393 [main] DEBUG com.jayway.jsonpath.internal.JsonContext -- Put path $ key type value {}
12:50:51.393 [main] DEBUG com.jayway.jsonpath.internal.path.CompiledPath -- Evaluating path: $
12:50:51.393 [main] DEBUG com.jayway.jsonpath.internal.JsonContext -- Put path $ key type value keyUp
12:50:51.393 [main] DEBUG com.jayway.jsonpath.internal.path.CompiledPath -- Evaluating path: $['text']
12:50:51.393 [main] DEBUG com.jayway.jsonpath.internal.path.CompiledPath -- Evaluating path: $
12:50:51.393 [main] DEBUG com.jayway.jsonpath.internal.path.CompiledPath -- Evaluating path: $
12:50:51.393 [main] DEBUG com.jayway.jsonpath.internal.JsonContext -- Put path $ key text value {}
12:50:51.393 [main] DEBUG com.jayway.jsonpath.internal.path.CompiledPath -- Evaluating path: $
12:50:51.393 [main] DEBUG com.jayway.jsonpath.internal.JsonContext -- Put path $ key text value d
12:50:51.393 [main] DEBUG com.jayway.jsonpath.internal.path.CompiledPath -- Evaluating path: $['windowsVirtualKeyCode']
12:50:51.393 [main] DEBUG com.jayway.jsonpath.internal.path.CompiledPath -- Evaluating path: $
12:50:51.393 [main] DEBUG com.jayway.jsonpath.internal.path.CompiledPath -- Evaluating path: $
12:50:51.393 [main] DEBUG com.jayway.jsonpath.internal.JsonContext -- Put path $ key windowsVirtualKeyCode value {}
12:50:51.393 [main] DEBUG com.jayway.jsonpath.internal.path.CompiledPath -- Evaluating path: $
12:50:51.393 [main] DEBUG com.jayway.jsonpath.internal.JsonContext -- Put path $ key windowsVirtualKeyCode value 100
12:50:51.393 [main] DEBUG com.jayway.jsonpath.internal.path.CompiledPath -- Evaluating path: $
12:50:51.393 [main] DEBUG com.intuit.karate.driver.chrome_1718781650048 -- >> {"id":23,"sessionId":"063E9AB1F8E8EB3E0A9A7C1CEC826B8C","method":"Input.dispatchKeyEvent","params":{"modifiers":0,"type":"keyUp","text":"d","windowsVirtualKeyCode":100}}
12:50:51.398 [nioEventLoopGroup-3-1] DEBUG com.intuit.karate.driver.chrome_1718781650048 -- << {"id":23,"result":{},"sessionId":"063E9AB1F8E8EB3E0A9A7C1CEC826B8C"}
12:50:51.398 [nioEventLoopGroup-3-1] DEBUG com.jayway.jsonpath.internal.path.CompiledPath -- Evaluating path: $
12:50:51.404 [main] DEBUG com.jayway.jsonpath.internal.path.CompiledPath -- Evaluating path: $['modifiers']
12:50:51.404 [main] DEBUG com.jayway.jsonpath.internal.path.CompiledPath -- Evaluating path: $
12:50:51.404 [main] DEBUG com.jayway.jsonpath.internal.path.CompiledPath -- Evaluating path: $
12:50:51.404 [main] DEBUG com.jayway.jsonpath.internal.JsonContext -- Put path $ key modifiers value {}
12:50:51.404 [main] DEBUG com.jayway.jsonpath.internal.path.CompiledPath -- Evaluating path: $
12:50:51.404 [main] DEBUG com.jayway.jsonpath.internal.JsonContext -- Put path $ key modifiers value 0
12:50:51.404 [main] DEBUG com.jayway.jsonpath.internal.path.CompiledPath -- Evaluating path: $['type']
12:50:51.404 [main] DEBUG com.jayway.jsonpath.internal.path.CompiledPath -- Evaluating path: $
12:50:51.404 [main] DEBUG com.jayway.jsonpath.internal.path.CompiledPath -- Evaluating path: $
12:50:51.404 [main] DEBUG com.jayway.jsonpath.internal.JsonContext -- Put path $ key type value {}
12:50:51.404 [main] DEBUG com.jayway.jsonpath.internal.path.CompiledPath -- Evaluating path: $
12:50:51.404 [main] DEBUG com.jayway.jsonpath.internal.JsonContext -- Put path $ key type value rawKeyDown
12:50:51.404 [main] DEBUG com.jayway.jsonpath.internal.path.CompiledPath -- Evaluating path: $['text']
12:50:51.404 [main] DEBUG com.jayway.jsonpath.internal.path.CompiledPath -- Evaluating path: $
12:50:51.404 [main] DEBUG com.jayway.jsonpath.internal.path.CompiledPath -- Evaluating path: $
12:50:51.404 [main] DEBUG com.jayway.jsonpath.internal.JsonContext -- Put path $ key text value {}
12:50:51.404 [main] DEBUG com.jayway.jsonpath.internal.path.CompiledPath -- Evaluating path: $
12:50:51.404 [main] DEBUG com.jayway.jsonpath.internal.JsonContext -- Put path $ key text value a
12:50:51.404 [main] DEBUG com.jayway.jsonpath.internal.path.CompiledPath -- Evaluating path: $['windowsVirtualKeyCode']
12:50:51.404 [main] DEBUG com.jayway.jsonpath.internal.path.CompiledPath -- Evaluating path: $
12:50:51.404 [main] DEBUG com.jayway.jsonpath.internal.path.CompiledPath -- Evaluating path: $
12:50:51.404 [main] DEBUG com.jayway.jsonpath.internal.JsonContext -- Put path $ key windowsVirtualKeyCode value {}
12:50:51.404 [main] DEBUG com.jayway.jsonpath.internal.path.CompiledPath -- Evaluating path: $
12:50:51.404 [main] DEBUG com.jayway.jsonpath.internal.JsonContext -- Put path $ key windowsVirtualKeyCode value 97
12:50:51.404 [main] DEBUG com.jayway.jsonpath.internal.path.CompiledPath -- Evaluating path: $
12:50:51.404 [main] DEBUG com.intuit.karate.driver.chrome_1718781650048 -- >> {"id":24,"sessionId":"063E9AB1F8E8EB3E0A9A7C1CEC826B8C","method":"Input.dispatchKeyEvent","params":{"modifiers":0,"type":"rawKeyDown","text":"a","windowsVirtualKeyCode":97}}
12:50:51.405 [nioEventLoopGroup-3-1] DEBUG com.intuit.karate.driver.chrome_1718781650048 -- << {"id":24,"result":{},"sessionId":"063E9AB1F8E8EB3E0A9A7C1CEC826B8C"}
12:50:51.405 [nioEventLoopGroup-3-1] DEBUG com.jayway.jsonpath.internal.path.CompiledPath -- Evaluating path: $
12:50:51.405 [main] DEBUG com.jayway.jsonpath.internal.path.CompiledPath -- Evaluating path: $['modifiers']
12:50:51.405 [main] DEBUG com.jayway.jsonpath.internal.path.CompiledPath -- Evaluating path: $
12:50:51.405 [main] DEBUG com.jayway.jsonpath.internal.path.CompiledPath -- Evaluating path: $
12:50:51.405 [main] DEBUG com.jayway.jsonpath.internal.JsonContext -- Put path $ key modifiers value {}
12:50:51.405 [main] DEBUG com.jayway.jsonpath.internal.path.CompiledPath -- Evaluating path: $
12:50:51.405 [main] DEBUG com.jayway.jsonpath.internal.JsonContext -- Put path $ key modifiers value 0
12:50:51.405 [main] DEBUG com.jayway.jsonpath.internal.path.CompiledPath -- Evaluating path: $['type']
12:50:51.405 [main] DEBUG com.jayway.jsonpath.internal.path.CompiledPath -- Evaluating path: $
12:50:51.405 [main] DEBUG com.jayway.jsonpath.internal.path.CompiledPath -- Evaluating path: $
12:50:51.405 [main] DEBUG com.jayway.jsonpath.internal.JsonContext -- Put path $ key type value {}
12:50:51.405 [main] DEBUG com.jayway.jsonpath.internal.path.CompiledPath -- Evaluating path: $
12:50:51.405 [main] DEBUG com.jayway.jsonpath.internal.JsonContext -- Put path $ key type value char
12:50:51.405 [main] DEBUG com.jayway.jsonpath.internal.path.CompiledPath -- Evaluating path: $['text']
12:50:51.405 [main] DEBUG com.jayway.jsonpath.internal.path.CompiledPath -- Evaluating path: $
12:50:51.405 [main] DEBUG com.jayway.jsonpath.internal.path.CompiledPath -- Evaluating path: $
12:50:51.405 [main] DEBUG com.jayway.jsonpath.internal.JsonContext -- Put path $ key text value {}
12:50:51.405 [main] DEBUG com.jayway.jsonpath.internal.path.CompiledPath -- Evaluating path: $
12:50:51.405 [main] DEBUG com.jayway.jsonpath.internal.JsonContext -- Put path $ key text value a
12:50:51.405 [main] DEBUG com.jayway.jsonpath.internal.path.CompiledPath -- Evaluating path: $['windowsVirtualKeyCode']
12:50:51.405 [main] DEBUG com.jayway.jsonpath.internal.path.CompiledPath -- Evaluating path: $
12:50:51.405 [main] DEBUG com.jayway.jsonpath.internal.path.CompiledPath -- Evaluating path: $
12:50:51.405 [main] DEBUG com.jayway.jsonpath.internal.JsonContext -- Put path $ key windowsVirtualKeyCode value {}
12:50:51.405 [main] DEBUG com.jayway.jsonpath.internal.path.CompiledPath -- Evaluating path: $
12:50:51.405 [main] DEBUG com.jayway.jsonpath.internal.JsonContext -- Put path $ key windowsVirtualKeyCode value 97
12:50:51.405 [main] DEBUG com.jayway.jsonpath.internal.path.CompiledPath -- Evaluating path: $
12:50:51.405 [main] DEBUG com.intuit.karate.driver.chrome_1718781650048 -- >> {"id":25,"sessionId":"063E9AB1F8E8EB3E0A9A7C1CEC826B8C","method":"Input.dispatchKeyEvent","params":{"modifiers":0,"type":"char","text":"a","windowsVirtualKeyCode":97}}
12:50:51.405 [nioEventLoopGroup-3-1] DEBUG com.intuit.karate.driver.chrome_1718781650048 -- << {"id":25,"result":{},"sessionId":"063E9AB1F8E8EB3E0A9A7C1CEC826B8C"}
12:50:51.405 [nioEventLoopGroup-3-1] DEBUG com.jayway.jsonpath.internal.path.CompiledPath -- Evaluating path: $
12:50:51.405 [main] DEBUG com.jayway.jsonpath.internal.path.CompiledPath -- Evaluating path: $['modifiers']
12:50:51.405 [main] DEBUG com.jayway.jsonpath.internal.path.CompiledPath -- Evaluating path: $
12:50:51.405 [main] DEBUG com.jayway.jsonpath.internal.path.CompiledPath -- Evaluating path: $
12:50:51.405 [main] DEBUG com.jayway.jsonpath.internal.JsonContext -- Put path $ key modifiers value {}
12:50:51.405 [main] DEBUG com.jayway.jsonpath.internal.path.CompiledPath -- Evaluating path: $
12:50:51.405 [main] DEBUG com.jayway.jsonpath.internal.JsonContext -- Put path $ key modifiers value 0
12:50:51.405 [main] DEBUG com.jayway.jsonpath.internal.path.CompiledPath -- Evaluating path: $['type']
12:50:51.405 [main] DEBUG com.jayway.jsonpath.internal.path.CompiledPath -- Evaluating path: $
12:50:51.405 [main] DEBUG com.jayway.jsonpath.internal.path.CompiledPath -- Evaluating path: $
12:50:51.405 [main] DEBUG com.jayway.jsonpath.internal.JsonContext -- Put path $ key type value {}
12:50:51.405 [main] DEBUG com.jayway.jsonpath.internal.path.CompiledPath -- Evaluating path: $
12:50:51.405 [main] DEBUG com.jayway.jsonpath.internal.JsonContext -- Put path $ key type value keyUp
12:50:51.405 [main] DEBUG com.jayway.jsonpath.internal.path.CompiledPath -- Evaluating path: $['text']
12:50:51.405 [main] DEBUG com.jayway.jsonpath.internal.path.CompiledPath -- Evaluating path: $
12:50:51.405 [main] DEBUG com.jayway.jsonpath.internal.path.CompiledPath -- Evaluating path: $
12:50:51.405 [main] DEBUG com.jayway.jsonpath.internal.JsonContext -- Put path $ key text value {}
12:50:51.405 [main] DEBUG com.jayway.jsonpath.internal.path.CompiledPath -- Evaluating path: $
12:50:51.405 [main] DEBUG com.jayway.jsonpath.internal.JsonContext -- Put path $ key text value a
12:50:51.405 [main] DEBUG com.jayway.jsonpath.internal.path.CompiledPath -- Evaluating path: $['windowsVirtualKeyCode']
12:50:51.405 [main] DEBUG com.jayway.jsonpath.internal.path.CompiledPath -- Evaluating path: $
12:50:51.405 [main] DEBUG com.jayway.jsonpath.internal.path.CompiledPath -- Evaluating path: $
12:50:51.405 [main] DEBUG com.jayway.jsonpath.internal.JsonContext -- Put path $ key windowsVirtualKeyCode value {}
12:50:51.405 [main] DEBUG com.jayway.jsonpath.internal.path.CompiledPath -- Evaluating path: $
12:50:51.405 [main] DEBUG com.jayway.jsonpath.internal.JsonContext -- Put path $ key windowsVirtualKeyCode value 97
12:50:51.405 [main] DEBUG com.jayway.jsonpath.internal.path.CompiledPath -- Evaluating path: $
12:50:51.405 [main] DEBUG com.intuit.karate.driver.chrome_1718781650048 -- >> {"id":26,"sessionId":"063E9AB1F8E8EB3E0A9A7C1CEC826B8C","method":"Input.dispatchKeyEvent","params":{"modifiers":0,"type":"keyUp","text":"a","windowsVirtualKeyCode":97}}
12:50:51.414 [nioEventLoopGroup-3-1] DEBUG com.intuit.karate.driver.chrome_1718781650048 -- << {"id":26,"result":{},"sessionId":"063E9AB1F8E8EB3E0A9A7C1CEC826B8C"}
12:50:51.414 [nioEventLoopGroup-3-1] DEBUG com.jayway.jsonpath.internal.path.CompiledPath -- Evaluating path: $
12:50:51.414 [main] DEBUG com.jayway.jsonpath.internal.path.CompiledPath -- Evaluating path: $['modifiers']
12:50:51.414 [main] DEBUG com.jayway.jsonpath.internal.path.CompiledPath -- Evaluating path: $
12:50:51.414 [main] DEBUG com.jayway.jsonpath.internal.path.CompiledPath -- Evaluating path: $
12:50:51.414 [main] DEBUG com.jayway.jsonpath.internal.JsonContext -- Put path $ key modifiers value {}
12:50:51.414 [main] DEBUG com.jayway.jsonpath.internal.path.CompiledPath -- Evaluating path: $
12:50:51.414 [main] DEBUG com.jayway.jsonpath.internal.JsonContext -- Put path $ key modifiers value 0
12:50:51.414 [main] DEBUG com.jayway.jsonpath.internal.path.CompiledPath -- Evaluating path: $['type']
12:50:51.414 [main] DEBUG com.jayway.jsonpath.internal.path.CompiledPath -- Evaluating path: $
12:50:51.414 [main] DEBUG com.jayway.jsonpath.internal.path.CompiledPath -- Evaluating path: $
12:50:51.414 [main] DEBUG com.jayway.jsonpath.internal.JsonContext -- Put path $ key type value {}
12:50:51.414 [main] DEBUG com.jayway.jsonpath.internal.path.CompiledPath -- Evaluating path: $
12:50:51.414 [main] DEBUG com.jayway.jsonpath.internal.JsonContext -- Put path $ key type value rawKeyDown
12:50:51.414 [main] DEBUG com.jayway.jsonpath.internal.path.CompiledPath -- Evaluating path: $['text']
12:50:51.414 [main] DEBUG com.jayway.jsonpath.internal.path.CompiledPath -- Evaluating path: $
12:50:51.414 [main] DEBUG com.jayway.jsonpath.internal.path.CompiledPath -- Evaluating path: $
12:50:51.414 [main] DEBUG com.jayway.jsonpath.internal.JsonContext -- Put path $ key text value {}
12:50:51.414 [main] DEBUG com.jayway.jsonpath.internal.path.CompiledPath -- Evaluating path: $
12:50:51.414 [main] DEBUG com.jayway.jsonpath.internal.JsonContext -- Put path $ key text value r
12:50:51.414 [main] DEBUG com.jayway.jsonpath.internal.path.CompiledPath -- Evaluating path: $['windowsVirtualKeyCode']
12:50:51.414 [main] DEBUG com.jayway.jsonpath.internal.path.CompiledPath -- Evaluating path: $
12:50:51.414 [main] DEBUG com.jayway.jsonpath.internal.path.CompiledPath -- Evaluating path: $
12:50:51.414 [main] DEBUG com.jayway.jsonpath.internal.JsonContext -- Put path $ key windowsVirtualKeyCode value {}
12:50:51.414 [main] DEBUG com.jayway.jsonpath.internal.path.CompiledPath -- Evaluating path: $
12:50:51.414 [main] DEBUG com.jayway.jsonpath.internal.JsonContext -- Put path $ key windowsVirtualKeyCode value 114
12:50:51.414 [main] DEBUG com.jayway.jsonpath.internal.path.CompiledPath -- Evaluating path: $
12:50:51.414 [main] DEBUG com.intuit.karate.driver.chrome_1718781650048 -- >> {"id":27,"sessionId":"063E9AB1F8E8EB3E0A9A7C1CEC826B8C","method":"Input.dispatchKeyEvent","params":{"modifiers":0,"type":"rawKeyDown","text":"r","windowsVirtualKeyCode":114}}
12:50:51.418 [nioEventLoopGroup-3-1] DEBUG com.intuit.karate.driver.chrome_1718781650048 -- << {"id":27,"result":{},"sessionId":"063E9AB1F8E8EB3E0A9A7C1CEC826B8C"}
12:50:51.418 [nioEventLoopGroup-3-1] DEBUG com.jayway.jsonpath.internal.path.CompiledPath -- Evaluating path: $
12:50:51.418 [main] DEBUG com.jayway.jsonpath.internal.path.CompiledPath -- Evaluating path: $['modifiers']
12:50:51.418 [main] DEBUG com.jayway.jsonpath.internal.path.CompiledPath -- Evaluating path: $
12:50:51.418 [main] DEBUG com.jayway.jsonpath.internal.path.CompiledPath -- Evaluating path: $
12:50:51.418 [main] DEBUG com.jayway.jsonpath.internal.JsonContext -- Put path $ key modifiers value {}
12:50:51.418 [main] DEBUG com.jayway.jsonpath.internal.path.CompiledPath -- Evaluating path: $
12:50:51.418 [main] DEBUG com.jayway.jsonpath.internal.JsonContext -- Put path $ key modifiers value 0
12:50:51.418 [main] DEBUG com.jayway.jsonpath.internal.path.CompiledPath -- Evaluating path: $['type']
12:50:51.418 [main] DEBUG com.jayway.jsonpath.internal.path.CompiledPath -- Evaluating path: $
12:50:51.418 [main] DEBUG com.jayway.jsonpath.internal.path.CompiledPath -- Evaluating path: $
12:50:51.418 [main] DEBUG com.jayway.jsonpath.internal.JsonContext -- Put path $ key type value {}
12:50:51.418 [main] DEBUG com.jayway.jsonpath.internal.path.CompiledPath -- Evaluating path: $
12:50:51.418 [main] DEBUG com.jayway.jsonpath.internal.JsonContext -- Put path $ key type value char
12:50:51.418 [main] DEBUG com.jayway.jsonpath.internal.path.CompiledPath -- Evaluating path: $['text']
12:50:51.418 [main] DEBUG com.jayway.jsonpath.internal.path.CompiledPath -- Evaluating path: $
12:50:51.418 [main] DEBUG com.jayway.jsonpath.internal.path.CompiledPath -- Evaluating path: $
12:50:51.418 [main] DEBUG com.jayway.jsonpath.internal.JsonContext -- Put path $ key text value {}
12:50:51.418 [main] DEBUG com.jayway.jsonpath.internal.path.CompiledPath -- Evaluating path: $
12:50:51.418 [main] DEBUG com.jayway.jsonpath.internal.JsonContext -- Put path $ key text value r
12:50:51.418 [main] DEBUG com.jayway.jsonpath.internal.path.CompiledPath -- Evaluating path: $['windowsVirtualKeyCode']
12:50:51.418 [main] DEBUG com.jayway.jsonpath.internal.path.CompiledPath -- Evaluating path: $
12:50:51.418 [main] DEBUG com.jayway.jsonpath.internal.path.CompiledPath -- Evaluating path: $
12:50:51.418 [main] DEBUG com.jayway.jsonpath.internal.JsonContext -- Put path $ key windowsVirtualKeyCode value {}
12:50:51.418 [main] DEBUG com.jayway.jsonpath.internal.path.CompiledPath -- Evaluating path: $
12:50:51.418 [main] DEBUG com.jayway.jsonpath.internal.JsonContext -- Put path $ key windowsVirtualKeyCode value 114
12:50:51.418 [main] DEBUG com.jayway.jsonpath.internal.path.CompiledPath -- Evaluating path: $
12:50:51.418 [main] DEBUG com.intuit.karate.driver.chrome_1718781650048 -- >> {"id":28,"sessionId":"063E9AB1F8E8EB3E0A9A7C1CEC826B8C","method":"Input.dispatchKeyEvent","params":{"modifiers":0,"type":"char","text":"r","windowsVirtualKeyCode":114}}
12:50:51.418 [nioEventLoopGroup-3-1] DEBUG com.intuit.karate.driver.chrome_1718781650048 -- << {"id":28,"result":{},"sessionId":"063E9AB1F8E8EB3E0A9A7C1CEC826B8C"}
12:50:51.418 [nioEventLoopGroup-3-1] DEBUG com.jayway.jsonpath.internal.path.CompiledPath -- Evaluating path: $
12:50:51.418 [main] DEBUG com.jayway.jsonpath.internal.path.CompiledPath -- Evaluating path: $['modifiers']
12:50:51.418 [main] DEBUG com.jayway.jsonpath.internal.path.CompiledPath -- Evaluating path: $
12:50:51.418 [main] DEBUG com.jayway.jsonpath.internal.path.CompiledPath -- Evaluating path: $
12:50:51.418 [main] DEBUG com.jayway.jsonpath.internal.JsonContext -- Put path $ key modifiers value {}
12:50:51.418 [main] DEBUG com.jayway.jsonpath.internal.path.CompiledPath -- Evaluating path: $
12:50:51.418 [main] DEBUG com.jayway.jsonpath.internal.JsonContext -- Put path $ key modifiers value 0
12:50:51.418 [main] DEBUG com.jayway.jsonpath.internal.path.CompiledPath -- Evaluating path: $['type']
12:50:51.418 [main] DEBUG com.jayway.jsonpath.internal.path.CompiledPath -- Evaluating path: $
12:50:51.418 [main] DEBUG com.jayway.jsonpath.internal.path.CompiledPath -- Evaluating path: $
12:50:51.418 [main] DEBUG com.jayway.jsonpath.internal.JsonContext -- Put path $ key type value {}
12:50:51.418 [main] DEBUG com.jayway.jsonpath.internal.path.CompiledPath -- Evaluating path: $
12:50:51.418 [main] DEBUG com.jayway.jsonpath.internal.JsonContext -- Put path $ key type value keyUp
12:50:51.418 [main] DEBUG com.jayway.jsonpath.internal.path.CompiledPath -- Evaluating path: $['text']
12:50:51.418 [main] DEBUG com.jayway.jsonpath.internal.path.CompiledPath -- Evaluating path: $
12:50:51.418 [main] DEBUG com.jayway.jsonpath.internal.path.CompiledPath -- Evaluating path: $
12:50:51.418 [main] DEBUG com.jayway.jsonpath.internal.JsonContext -- Put path $ key text value {}
12:50:51.418 [main] DEBUG com.jayway.jsonpath.internal.path.CompiledPath -- Evaluating path: $
12:50:51.418 [main] DEBUG com.jayway.jsonpath.internal.JsonContext -- Put path $ key text value r
12:50:51.418 [main] DEBUG com.jayway.jsonpath.internal.path.CompiledPath -- Evaluating path: $['windowsVirtualKeyCode']
12:50:51.418 [main] DEBUG com.jayway.jsonpath.internal.path.CompiledPath -- Evaluating path: $
12:50:51.418 [main] DEBUG com.jayway.jsonpath.internal.path.CompiledPath -- Evaluating path: $
12:50:51.418 [main] DEBUG com.jayway.jsonpath.internal.JsonContext -- Put path $ key windowsVirtualKeyCode value {}
12:50:51.418 [main] DEBUG com.jayway.jsonpath.internal.path.CompiledPath -- Evaluating path: $
12:50:51.418 [main] DEBUG com.jayway.jsonpath.internal.JsonContext -- Put path $ key windowsVirtualKeyCode value 114
12:50:51.418 [main] DEBUG com.jayway.jsonpath.internal.path.CompiledPath -- Evaluating path: $
12:50:51.418 [main] DEBUG com.intuit.karate.driver.chrome_1718781650048 -- >> {"id":29,"sessionId":"063E9AB1F8E8EB3E0A9A7C1CEC826B8C","method":"Input.dispatchKeyEvent","params":{"modifiers":0,"type":"keyUp","text":"r","windowsVirtualKeyCode":114}}
12:50:51.418 [nioEventLoopGroup-3-1] DEBUG com.intuit.karate.driver.chrome_1718781650048 -- << {"id":29,"result":{},"sessionId":"063E9AB1F8E8EB3E0A9A7C1CEC826B8C"}
12:50:51.418 [nioEventLoopGroup-3-1] DEBUG com.jayway.jsonpath.internal.path.CompiledPath -- Evaluating path: $
12:50:51.418 [main] DEBUG com.jayway.jsonpath.internal.path.CompiledPath -- Evaluating path: $['modifiers']
12:50:51.418 [main] DEBUG com.jayway.jsonpath.internal.path.CompiledPath -- Evaluating path: $
12:50:51.418 [main] DEBUG com.jayway.jsonpath.internal.path.CompiledPath -- Evaluating path: $
12:50:51.418 [main] DEBUG com.jayway.jsonpath.internal.JsonContext -- Put path $ key modifiers value {}
12:50:51.418 [main] DEBUG com.jayway.jsonpath.internal.path.CompiledPath -- Evaluating path: $
12:50:51.418 [main] DEBUG com.jayway.jsonpath.internal.JsonContext -- Put path $ key modifiers value 0
12:50:51.418 [main] DEBUG com.jayway.jsonpath.internal.path.CompiledPath -- Evaluating path: $['type']
12:50:51.418 [main] DEBUG com.jayway.jsonpath.internal.path.CompiledPath -- Evaluating path: $
12:50:51.418 [main] DEBUG com.jayway.jsonpath.internal.path.CompiledPath -- Evaluating path: $
12:50:51.418 [main] DEBUG com.jayway.jsonpath.internal.JsonContext -- Put path $ key type value {}
12:50:51.418 [main] DEBUG com.jayway.jsonpath.internal.path.CompiledPath -- Evaluating path: $
12:50:51.418 [main] DEBUG com.jayway.jsonpath.internal.JsonContext -- Put path $ key type value rawKeyDown
12:50:51.418 [main] DEBUG com.jayway.jsonpath.internal.path.CompiledPath -- Evaluating path: $['text']
12:50:51.418 [main] DEBUG com.jayway.jsonpath.internal.path.CompiledPath -- Evaluating path: $
12:50:51.418 [main] DEBUG com.jayway.jsonpath.internal.path.CompiledPath -- Evaluating path: $
12:50:51.418 [main] DEBUG com.jayway.jsonpath.internal.JsonContext -- Put path $ key text value {}
12:50:51.418 [main] DEBUG com.jayway.jsonpath.internal.path.CompiledPath -- Evaluating path: $
12:50:51.418 [main] DEBUG com.jayway.jsonpath.internal.JsonContext -- Put path $ key text value d
12:50:51.418 [main] DEBUG com.jayway.jsonpath.internal.path.CompiledPath -- Evaluating path: $['windowsVirtualKeyCode']
12:50:51.418 [main] DEBUG com.jayway.jsonpath.internal.path.CompiledPath -- Evaluating path: $
12:50:51.418 [main] DEBUG com.jayway.jsonpath.internal.path.CompiledPath -- Evaluating path: $
12:50:51.418 [main] DEBUG com.jayway.jsonpath.internal.JsonContext -- Put path $ key windowsVirtualKeyCode value {}
12:50:51.418 [main] DEBUG com.jayway.jsonpath.internal.path.CompiledPath -- Evaluating path: $
12:50:51.418 [main] DEBUG com.jayway.jsonpath.internal.JsonContext -- Put path $ key windowsVirtualKeyCode value 100
12:50:51.418 [main] DEBUG com.jayway.jsonpath.internal.path.CompiledPath -- Evaluating path: $
12:50:51.418 [main] DEBUG com.intuit.karate.driver.chrome_1718781650048 -- >> {"id":30,"sessionId":"063E9AB1F8E8EB3E0A9A7C1CEC826B8C","method":"Input.dispatchKeyEvent","params":{"modifiers":0,"type":"rawKeyDown","text":"d","windowsVirtualKeyCode":100}}
12:50:51.418 [nioEventLoopGroup-3-1] DEBUG com.intuit.karate.driver.chrome_1718781650048 -- << {"id":30,"result":{},"sessionId":"063E9AB1F8E8EB3E0A9A7C1CEC826B8C"}
12:50:51.418 [nioEventLoopGroup-3-1] DEBUG com.jayway.jsonpath.internal.path.CompiledPath -- Evaluating path: $
12:50:51.418 [main] DEBUG com.jayway.jsonpath.internal.path.CompiledPath -- Evaluating path: $['modifiers']
12:50:51.418 [main] DEBUG com.jayway.jsonpath.internal.path.CompiledPath -- Evaluating path: $
12:50:51.418 [main] DEBUG com.jayway.jsonpath.internal.path.CompiledPath -- Evaluating path: $
12:50:51.418 [main] DEBUG com.jayway.jsonpath.internal.JsonContext -- Put path $ key modifiers value {}
12:50:51.418 [main] DEBUG com.jayway.jsonpath.internal.path.CompiledPath -- Evaluating path: $
12:50:51.418 [main] DEBUG com.jayway.jsonpath.internal.JsonContext -- Put path $ key modifiers value 0
12:50:51.418 [main] DEBUG com.jayway.jsonpath.internal.path.CompiledPath -- Evaluating path: $['type']
12:50:51.418 [main] DEBUG com.jayway.jsonpath.internal.path.CompiledPath -- Evaluating path: $
12:50:51.418 [main] DEBUG com.jayway.jsonpath.internal.path.CompiledPath -- Evaluating path: $
12:50:51.418 [main] DEBUG com.jayway.jsonpath.internal.JsonContext -- Put path $ key type value {}
12:50:51.418 [main] DEBUG com.jayway.jsonpath.internal.path.CompiledPath -- Evaluating path: $
12:50:51.418 [main] DEBUG com.jayway.jsonpath.internal.JsonContext -- Put path $ key type value char
12:50:51.418 [main] DEBUG com.jayway.jsonpath.internal.path.CompiledPath -- Evaluating path: $['text']
12:50:51.418 [main] DEBUG com.jayway.jsonpath.internal.path.CompiledPath -- Evaluating path: $
12:50:51.418 [main] DEBUG com.jayway.jsonpath.internal.path.CompiledPath -- Evaluating path: $
12:50:51.418 [main] DEBUG com.jayway.jsonpath.internal.JsonContext -- Put path $ key text value {}
12:50:51.418 [main] DEBUG com.jayway.jsonpath.internal.path.CompiledPath -- Evaluating path: $
12:50:51.418 [main] DEBUG com.jayway.jsonpath.internal.JsonContext -- Put path $ key text value d
12:50:51.418 [main] DEBUG com.jayway.jsonpath.internal.path.CompiledPath -- Evaluating path: $['windowsVirtualKeyCode']
12:50:51.418 [main] DEBUG com.jayway.jsonpath.internal.path.CompiledPath -- Evaluating path: $
12:50:51.418 [main] DEBUG com.jayway.jsonpath.internal.path.CompiledPath -- Evaluating path: $
12:50:51.418 [main] DEBUG com.jayway.jsonpath.internal.JsonContext -- Put path $ key windowsVirtualKeyCode value {}
12:50:51.418 [main] DEBUG com.jayway.jsonpath.internal.path.CompiledPath -- Evaluating path: $
12:50:51.418 [main] DEBUG com.jayway.jsonpath.internal.JsonContext -- Put path $ key windowsVirtualKeyCode value 100
12:50:51.418 [main] DEBUG com.jayway.jsonpath.internal.path.CompiledPath -- Evaluating path: $
12:50:51.418 [main] DEBUG com.intuit.karate.driver.chrome_1718781650048 -- >> {"id":31,"sessionId":"063E9AB1F8E8EB3E0A9A7C1CEC826B8C","method":"Input.dispatchKeyEvent","params":{"modifiers":0,"type":"char","text":"d","windowsVirtualKeyCode":100}}
12:50:51.431 [nioEventLoopGroup-3-1] DEBUG com.intuit.karate.driver.chrome_1718781650048 -- << {"id":31,"result":{},"sessionId":"063E9AB1F8E8EB3E0A9A7C1CEC826B8C"}
12:50:51.431 [nioEventLoopGroup-3-1] DEBUG com.jayway.jsonpath.internal.path.CompiledPath -- Evaluating path: $
12:50:51.431 [main] DEBUG com.jayway.jsonpath.internal.path.CompiledPath -- Evaluating path: $['modifiers']
12:50:51.431 [main] DEBUG com.jayway.jsonpath.internal.path.CompiledPath -- Evaluating path: $
12:50:51.431 [main] DEBUG com.jayway.jsonpath.internal.path.CompiledPath -- Evaluating path: $
12:50:51.431 [main] DEBUG com.jayway.jsonpath.internal.JsonContext -- Put path $ key modifiers value {}
12:50:51.431 [main] DEBUG com.jayway.jsonpath.internal.path.CompiledPath -- Evaluating path: $
12:50:51.431 [main] DEBUG com.jayway.jsonpath.internal.JsonContext -- Put path $ key modifiers value 0
12:50:51.431 [main] DEBUG com.jayway.jsonpath.internal.path.CompiledPath -- Evaluating path: $['type']
12:50:51.431 [main] DEBUG com.jayway.jsonpath.internal.path.CompiledPath -- Evaluating path: $
12:50:51.431 [main] DEBUG com.jayway.jsonpath.internal.path.CompiledPath -- Evaluating path: $
12:50:51.431 [main] DEBUG com.jayway.jsonpath.internal.JsonContext -- Put path $ key type value {}
12:50:51.431 [main] DEBUG com.jayway.jsonpath.internal.path.CompiledPath -- Evaluating path: $
12:50:51.431 [main] DEBUG com.jayway.jsonpath.internal.JsonContext -- Put path $ key type value keyUp
12:50:51.431 [main] DEBUG com.jayway.jsonpath.internal.path.CompiledPath -- Evaluating path: $['text']
12:50:51.431 [main] DEBUG com.jayway.jsonpath.internal.path.CompiledPath -- Evaluating path: $
12:50:51.431 [main] DEBUG com.jayway.jsonpath.internal.path.CompiledPath -- Evaluating path: $
12:50:51.431 [main] DEBUG com.jayway.jsonpath.internal.JsonContext -- Put path $ key text value {}
12:50:51.431 [main] DEBUG com.jayway.jsonpath.internal.path.CompiledPath -- Evaluating path: $
12:50:51.431 [main] DEBUG com.jayway.jsonpath.internal.JsonContext -- Put path $ key text value d
12:50:51.431 [main] DEBUG com.jayway.jsonpath.internal.path.CompiledPath -- Evaluating path: $['windowsVirtualKeyCode']
12:50:51.431 [main] DEBUG com.jayway.jsonpath.internal.path.CompiledPath -- Evaluating path: $
12:50:51.431 [main] DEBUG com.jayway.jsonpath.internal.path.CompiledPath -- Evaluating path: $
12:50:51.431 [main] DEBUG com.jayway.jsonpath.internal.JsonContext -- Put path $ key windowsVirtualKeyCode value {}
12:50:51.431 [main] DEBUG com.jayway.jsonpath.internal.path.CompiledPath -- Evaluating path: $
12:50:51.431 [main] DEBUG com.jayway.jsonpath.internal.JsonContext -- Put path $ key windowsVirtualKeyCode value 100
12:50:51.431 [main] DEBUG com.jayway.jsonpath.internal.path.CompiledPath -- Evaluating path: $
12:50:51.431 [main] DEBUG com.intuit.karate.driver.chrome_1718781650048 -- >> {"id":32,"sessionId":"063E9AB1F8E8EB3E0A9A7C1CEC826B8C","method":"Input.dispatchKeyEvent","params":{"modifiers":0,"type":"keyUp","text":"d","windowsVirtualKeyCode":100}}
12:50:51.434 [nioEventLoopGroup-3-1] DEBUG com.intuit.karate.driver.chrome_1718781650048 -- << {"id":32,"result":{},"sessionId":"063E9AB1F8E8EB3E0A9A7C1CEC826B8C"}
12:50:51.434 [nioEventLoopGroup-3-1] DEBUG com.jayway.jsonpath.internal.path.CompiledPath -- Evaluating path: $
12:50:51.434 [main] DEBUG com.jayway.jsonpath.internal.path.CompiledPath -- Evaluating path: $['modifiers']
12:50:51.434 [main] DEBUG com.jayway.jsonpath.internal.path.CompiledPath -- Evaluating path: $
12:50:51.434 [main] DEBUG com.jayway.jsonpath.internal.path.CompiledPath -- Evaluating path: $
12:50:51.434 [main] DEBUG com.jayway.jsonpath.internal.JsonContext -- Put path $ key modifiers value {}
12:50:51.434 [main] DEBUG com.jayway.jsonpath.internal.path.CompiledPath -- Evaluating path: $
12:50:51.434 [main] DEBUG com.jayway.jsonpath.internal.JsonContext -- Put path $ key modifiers value 0
12:50:51.434 [main] DEBUG com.jayway.jsonpath.internal.path.CompiledPath -- Evaluating path: $['type']
12:50:51.434 [main] DEBUG com.jayway.jsonpath.internal.path.CompiledPath -- Evaluating path: $
12:50:51.434 [main] DEBUG com.jayway.jsonpath.internal.path.CompiledPath -- Evaluating path: $
12:50:51.434 [main] DEBUG com.jayway.jsonpath.internal.JsonContext -- Put path $ key type value {}
12:50:51.434 [main] DEBUG com.jayway.jsonpath.internal.path.CompiledPath -- Evaluating path: $
12:50:51.434 [main] DEBUG com.jayway.jsonpath.internal.JsonContext -- Put path $ key type value rawKeyDown
12:50:51.434 [main] DEBUG com.jayway.jsonpath.internal.path.CompiledPath -- Evaluating path: $['text']
12:50:51.434 [main] DEBUG com.jayway.jsonpath.internal.path.CompiledPath -- Evaluating path: $
12:50:51.434 [main] DEBUG com.jayway.jsonpath.internal.path.CompiledPath -- Evaluating path: $
12:50:51.434 [main] DEBUG com.jayway.jsonpath.internal.JsonContext -- Put path $ key text value {}
12:50:51.434 [main] DEBUG com.jayway.jsonpath.internal.path.CompiledPath -- Evaluating path: $
12:50:51.434 [main] DEBUG com.jayway.jsonpath.internal.JsonContext -- Put path $ key text value _
12:50:51.434 [main] DEBUG com.jayway.jsonpath.internal.path.CompiledPath -- Evaluating path: $['windowsVirtualKeyCode']
12:50:51.434 [main] DEBUG com.jayway.jsonpath.internal.path.CompiledPath -- Evaluating path: $
12:50:51.434 [main] DEBUG com.jayway.jsonpath.internal.path.CompiledPath -- Evaluating path: $
12:50:51.434 [main] DEBUG com.jayway.jsonpath.internal.JsonContext -- Put path $ key windowsVirtualKeyCode value {}
12:50:51.434 [main] DEBUG com.jayway.jsonpath.internal.path.CompiledPath -- Evaluating path: $
12:50:51.434 [main] DEBUG com.jayway.jsonpath.internal.JsonContext -- Put path $ key windowsVirtualKeyCode value 523
12:50:51.434 [main] DEBUG com.jayway.jsonpath.internal.path.CompiledPath -- Evaluating path: $
12:50:51.434 [main] DEBUG com.intuit.karate.driver.chrome_1718781650048 -- >> {"id":33,"sessionId":"063E9AB1F8E8EB3E0A9A7C1CEC826B8C","method":"Input.dispatchKeyEvent","params":{"modifiers":0,"type":"rawKeyDown","text":"_","windowsVirtualKeyCode":523}}
12:50:51.434 [nioEventLoopGroup-3-1] DEBUG com.intuit.karate.driver.chrome_1718781650048 -- << {"id":33,"result":{},"sessionId":"063E9AB1F8E8EB3E0A9A7C1CEC826B8C"}
12:50:51.434 [nioEventLoopGroup-3-1] DEBUG com.jayway.jsonpath.internal.path.CompiledPath -- Evaluating path: $
12:50:51.434 [main] DEBUG com.jayway.jsonpath.internal.path.CompiledPath -- Evaluating path: $['modifiers']
12:50:51.434 [main] DEBUG com.jayway.jsonpath.internal.path.CompiledPath -- Evaluating path: $
12:50:51.434 [main] DEBUG com.jayway.jsonpath.internal.path.CompiledPath -- Evaluating path: $
12:50:51.434 [main] DEBUG com.jayway.jsonpath.internal.JsonContext -- Put path $ key modifiers value {}
12:50:51.434 [main] DEBUG com.jayway.jsonpath.internal.path.CompiledPath -- Evaluating path: $
12:50:51.434 [main] DEBUG com.jayway.jsonpath.internal.JsonContext -- Put path $ key modifiers value 0
12:50:51.434 [main] DEBUG com.jayway.jsonpath.internal.path.CompiledPath -- Evaluating path: $['type']
12:50:51.434 [main] DEBUG com.jayway.jsonpath.internal.path.CompiledPath -- Evaluating path: $
12:50:51.434 [main] DEBUG com.jayway.jsonpath.internal.path.CompiledPath -- Evaluating path: $
12:50:51.434 [main] DEBUG com.jayway.jsonpath.internal.JsonContext -- Put path $ key type value {}
12:50:51.434 [main] DEBUG com.jayway.jsonpath.internal.path.CompiledPath -- Evaluating path: $
12:50:51.434 [main] DEBUG com.jayway.jsonpath.internal.JsonContext -- Put path $ key type value char
12:50:51.434 [main] DEBUG com.jayway.jsonpath.internal.path.CompiledPath -- Evaluating path: $['text']
12:50:51.434 [main] DEBUG com.jayway.jsonpath.internal.path.CompiledPath -- Evaluating path: $
12:50:51.434 [main] DEBUG com.jayway.jsonpath.internal.path.CompiledPath -- Evaluating path: $
12:50:51.434 [main] DEBUG com.jayway.jsonpath.internal.JsonContext -- Put path $ key text value {}
12:50:51.434 [main] DEBUG com.jayway.jsonpath.internal.path.CompiledPath -- Evaluating path: $
12:50:51.434 [main] DEBUG com.jayway.jsonpath.internal.JsonContext -- Put path $ key text value _
12:50:51.434 [main] DEBUG com.jayway.jsonpath.internal.path.CompiledPath -- Evaluating path: $['windowsVirtualKeyCode']
12:50:51.434 [main] DEBUG com.jayway.jsonpath.internal.path.CompiledPath -- Evaluating path: $
12:50:51.434 [main] DEBUG com.jayway.jsonpath.internal.path.CompiledPath -- Evaluating path: $
12:50:51.434 [main] DEBUG com.jayway.jsonpath.internal.JsonContext -- Put path $ key windowsVirtualKeyCode value {}
12:50:51.434 [main] DEBUG com.jayway.jsonpath.internal.path.CompiledPath -- Evaluating path: $
12:50:51.434 [main] DEBUG com.jayway.jsonpath.internal.JsonContext -- Put path $ key windowsVirtualKeyCode value 523
12:50:51.434 [main] DEBUG com.jayway.jsonpath.internal.path.CompiledPath -- Evaluating path: $
12:50:51.434 [main] DEBUG com.intuit.karate.driver.chrome_1718781650048 -- >> {"id":34,"sessionId":"063E9AB1F8E8EB3E0A9A7C1CEC826B8C","method":"Input.dispatchKeyEvent","params":{"modifiers":0,"type":"char","text":"_","windowsVirtualKeyCode":523}}
12:50:51.434 [nioEventLoopGroup-3-1] DEBUG com.intuit.karate.driver.chrome_1718781650048 -- << {"id":34,"result":{},"sessionId":"063E9AB1F8E8EB3E0A9A7C1CEC826B8C"}
12:50:51.434 [nioEventLoopGroup-3-1] DEBUG com.jayway.jsonpath.internal.path.CompiledPath -- Evaluating path: $
12:50:51.446 [main] DEBUG com.jayway.jsonpath.internal.path.CompiledPath -- Evaluating path: $['modifiers']
12:50:51.446 [main] DEBUG com.jayway.jsonpath.internal.path.CompiledPath -- Evaluating path: $
12:50:51.446 [main] DEBUG com.jayway.jsonpath.internal.path.CompiledPath -- Evaluating path: $
12:50:51.446 [main] DEBUG com.jayway.jsonpath.internal.JsonContext -- Put path $ key modifiers value {}
12:50:51.446 [main] DEBUG com.jayway.jsonpath.internal.path.CompiledPath -- Evaluating path: $
12:50:51.446 [main] DEBUG com.jayway.jsonpath.internal.JsonContext -- Put path $ key modifiers value 0
12:50:51.446 [main] DEBUG com.jayway.jsonpath.internal.path.CompiledPath -- Evaluating path: $['type']
12:50:51.446 [main] DEBUG com.jayway.jsonpath.internal.path.CompiledPath -- Evaluating path: $
12:50:51.446 [main] DEBUG com.jayway.jsonpath.internal.path.CompiledPath -- Evaluating path: $
12:50:51.446 [main] DEBUG com.jayway.jsonpath.internal.JsonContext -- Put path $ key type value {}
12:50:51.446 [main] DEBUG com.jayway.jsonpath.internal.path.CompiledPath -- Evaluating path: $
12:50:51.446 [main] DEBUG com.jayway.jsonpath.internal.JsonContext -- Put path $ key type value keyUp
12:50:51.446 [main] DEBUG com.jayway.jsonpath.internal.path.CompiledPath -- Evaluating path: $['text']
12:50:51.446 [main] DEBUG com.jayway.jsonpath.internal.path.CompiledPath -- Evaluating path: $
12:50:51.446 [main] DEBUG com.jayway.jsonpath.internal.path.CompiledPath -- Evaluating path: $
12:50:51.446 [main] DEBUG com.jayway.jsonpath.internal.JsonContext -- Put path $ key text value {}
12:50:51.446 [main] DEBUG com.jayway.jsonpath.internal.path.CompiledPath -- Evaluating path: $
12:50:51.446 [main] DEBUG com.jayway.jsonpath.internal.JsonContext -- Put path $ key text value _
12:50:51.446 [main] DEBUG com.jayway.jsonpath.internal.path.CompiledPath -- Evaluating path: $['windowsVirtualKeyCode']
12:50:51.446 [main] DEBUG com.jayway.jsonpath.internal.path.CompiledPath -- Evaluating path: $
12:50:51.446 [main] DEBUG com.jayway.jsonpath.internal.path.CompiledPath -- Evaluating path: $
12:50:51.446 [main] DEBUG com.jayway.jsonpath.internal.JsonContext -- Put path $ key windowsVirtualKeyCode value {}
12:50:51.446 [main] DEBUG com.jayway.jsonpath.internal.path.CompiledPath -- Evaluating path: $
12:50:51.446 [main] DEBUG com.jayway.jsonpath.internal.JsonContext -- Put path $ key windowsVirtualKeyCode value 523
12:50:51.446 [main] DEBUG com.jayway.jsonpath.internal.path.CompiledPath -- Evaluating path: $
12:50:51.446 [main] DEBUG com.intuit.karate.driver.chrome_1718781650048 -- >> {"id":35,"sessionId":"063E9AB1F8E8EB3E0A9A7C1CEC826B8C","method":"Input.dispatchKeyEvent","params":{"modifiers":0,"type":"keyUp","text":"_","windowsVirtualKeyCode":523}}
12:50:51.448 [nioEventLoopGroup-3-1] DEBUG com.intuit.karate.driver.chrome_1718781650048 -- << {"method":"Target.targetDestroyed","params":{"targetId":"4830A032B848AE36664B3298C2843441"},"sessionId":"063E9AB1F8E8EB3E0A9A7C1CEC826B8C"}
12:50:51.448 [nioEventLoopGroup-3-1] DEBUG com.jayway.jsonpath.internal.path.CompiledPath -- Evaluating path: $
12:50:51.448 [nioEventLoopGroup-3-1] DEBUG com.intuit.karate.driver.chrome_1718781650048 -- << {"id":35,"result":{},"sessionId":"063E9AB1F8E8EB3E0A9A7C1CEC826B8C"}
12:50:51.448 [nioEventLoopGroup-3-1] DEBUG com.jayway.jsonpath.internal.path.CompiledPath -- Evaluating path: $
12:50:51.448 [main] DEBUG com.jayway.jsonpath.internal.path.CompiledPath -- Evaluating path: $['modifiers']
12:50:51.448 [main] DEBUG com.jayway.jsonpath.internal.path.CompiledPath -- Evaluating path: $
12:50:51.448 [main] DEBUG com.jayway.jsonpath.internal.path.CompiledPath -- Evaluating path: $
12:50:51.448 [main] DEBUG com.jayway.jsonpath.internal.JsonContext -- Put path $ key modifiers value {}
12:50:51.448 [main] DEBUG com.jayway.jsonpath.internal.path.CompiledPath -- Evaluating path: $
12:50:51.448 [main] DEBUG com.jayway.jsonpath.internal.JsonContext -- Put path $ key modifiers value 0
12:50:51.448 [main] DEBUG com.jayway.jsonpath.internal.path.CompiledPath -- Evaluating path: $['type']
12:50:51.448 [main] DEBUG com.jayway.jsonpath.internal.path.CompiledPath -- Evaluating path: $
12:50:51.448 [main] DEBUG com.jayway.jsonpath.internal.path.CompiledPath -- Evaluating path: $
12:50:51.448 [main] DEBUG com.jayway.jsonpath.internal.JsonContext -- Put path $ key type value {}
12:50:51.448 [main] DEBUG com.jayway.jsonpath.internal.path.CompiledPath -- Evaluating path: $
12:50:51.448 [main] DEBUG com.jayway.jsonpath.internal.JsonContext -- Put path $ key type value rawKeyDown
12:50:51.448 [main] DEBUG com.jayway.jsonpath.internal.path.CompiledPath -- Evaluating path: $['text']
12:50:51.448 [main] DEBUG com.jayway.jsonpath.internal.path.CompiledPath -- Evaluating path: $
12:50:51.448 [main] DEBUG com.jayway.jsonpath.internal.path.CompiledPath -- Evaluating path: $
12:50:51.448 [main] DEBUG com.jayway.jsonpath.internal.JsonContext -- Put path $ key text value {}
12:50:51.448 [main] DEBUG com.jayway.jsonpath.internal.path.CompiledPath -- Evaluating path: $
12:50:51.448 [main] DEBUG com.jayway.jsonpath.internal.JsonContext -- Put path $ key text value u
12:50:51.448 [main] DEBUG com.jayway.jsonpath.internal.path.CompiledPath -- Evaluating path: $['windowsVirtualKeyCode']
12:50:51.448 [main] DEBUG com.jayway.jsonpath.internal.path.CompiledPath -- Evaluating path: $
12:50:51.448 [main] DEBUG com.jayway.jsonpath.internal.path.CompiledPath -- Evaluating path: $
12:50:51.448 [main] DEBUG com.jayway.jsonpath.internal.JsonContext -- Put path $ key windowsVirtualKeyCode value {}
12:50:51.448 [main] DEBUG com.jayway.jsonpath.internal.path.CompiledPath -- Evaluating path: $
12:50:51.448 [main] DEBUG com.jayway.jsonpath.internal.JsonContext -- Put path $ key windowsVirtualKeyCode value 117
12:50:51.448 [main] DEBUG com.jayway.jsonpath.internal.path.CompiledPath -- Evaluating path: $
12:50:51.448 [main] DEBUG com.intuit.karate.driver.chrome_1718781650048 -- >> {"id":36,"sessionId":"063E9AB1F8E8EB3E0A9A7C1CEC826B8C","method":"Input.dispatchKeyEvent","params":{"modifiers":0,"type":"rawKeyDown","text":"u","windowsVirtualKeyCode":117}}
12:50:51.448 [nioEventLoopGroup-3-1] DEBUG com.intuit.karate.driver.chrome_1718781650048 -- << {"id":36,"result":{},"sessionId":"063E9AB1F8E8EB3E0A9A7C1CEC826B8C"}
12:50:51.448 [nioEventLoopGroup-3-1] DEBUG com.jayway.jsonpath.internal.path.CompiledPath -- Evaluating path: $
12:50:51.448 [main] DEBUG com.jayway.jsonpath.internal.path.CompiledPath -- Evaluating path: $['modifiers']
12:50:51.448 [main] DEBUG com.jayway.jsonpath.internal.path.CompiledPath -- Evaluating path: $
12:50:51.448 [main] DEBUG com.jayway.jsonpath.internal.path.CompiledPath -- Evaluating path: $
12:50:51.448 [main] DEBUG com.jayway.jsonpath.internal.JsonContext -- Put path $ key modifiers value {}
12:50:51.448 [main] DEBUG com.jayway.jsonpath.internal.path.CompiledPath -- Evaluating path: $
12:50:51.448 [main] DEBUG com.jayway.jsonpath.internal.JsonContext -- Put path $ key modifiers value 0
12:50:51.448 [main] DEBUG com.jayway.jsonpath.internal.path.CompiledPath -- Evaluating path: $['type']
12:50:51.448 [main] DEBUG com.jayway.jsonpath.internal.path.CompiledPath -- Evaluating path: $
12:50:51.448 [main] DEBUG com.jayway.jsonpath.internal.path.CompiledPath -- Evaluating path: $
12:50:51.448 [main] DEBUG com.jayway.jsonpath.internal.JsonContext -- Put path $ key type value {}
12:50:51.448 [main] DEBUG com.jayway.jsonpath.internal.path.CompiledPath -- Evaluating path: $
12:50:51.448 [main] DEBUG com.jayway.jsonpath.internal.JsonContext -- Put path $ key type value char
12:50:51.448 [main] DEBUG com.jayway.jsonpath.internal.path.CompiledPath -- Evaluating path: $['text']
12:50:51.448 [main] DEBUG com.jayway.jsonpath.internal.path.CompiledPath -- Evaluating path: $
12:50:51.448 [main] DEBUG com.jayway.jsonpath.internal.path.CompiledPath -- Evaluating path: $
12:50:51.448 [main] DEBUG com.jayway.jsonpath.internal.JsonContext -- Put path $ key text value {}
12:50:51.448 [main] DEBUG com.jayway.jsonpath.internal.path.CompiledPath -- Evaluating path: $
12:50:51.448 [main] DEBUG com.jayway.jsonpath.internal.JsonContext -- Put path $ key text value u
12:50:51.448 [main] DEBUG com.jayway.jsonpath.internal.path.CompiledPath -- Evaluating path: $['windowsVirtualKeyCode']
12:50:51.448 [main] DEBUG com.jayway.jsonpath.internal.path.CompiledPath -- Evaluating path: $
12:50:51.448 [main] DEBUG com.jayway.jsonpath.internal.path.CompiledPath -- Evaluating path: $
12:50:51.448 [main] DEBUG com.jayway.jsonpath.internal.JsonContext -- Put path $ key windowsVirtualKeyCode value {}
12:50:51.448 [main] DEBUG com.jayway.jsonpath.internal.path.CompiledPath -- Evaluating path: $
12:50:51.448 [main] DEBUG com.jayway.jsonpath.internal.JsonContext -- Put path $ key windowsVirtualKeyCode value 117
12:50:51.448 [main] DEBUG com.jayway.jsonpath.internal.path.CompiledPath -- Evaluating path: $
12:50:51.448 [main] DEBUG com.intuit.karate.driver.chrome_1718781650048 -- >> {"id":37,"sessionId":"063E9AB1F8E8EB3E0A9A7C1CEC826B8C","method":"Input.dispatchKeyEvent","params":{"modifiers":0,"type":"char","text":"u","windowsVirtualKeyCode":117}}
12:50:51.454 [nioEventLoopGroup-3-1] DEBUG com.intuit.karate.driver.chrome_1718781650048 -- << {"id":37,"result":{},"sessionId":"063E9AB1F8E8EB3E0A9A7C1CEC826B8C"}
12:50:51.454 [nioEventLoopGroup-3-1] DEBUG com.jayway.jsonpath.internal.path.CompiledPath -- Evaluating path: $
12:50:51.454 [main] DEBUG com.jayway.jsonpath.internal.path.CompiledPath -- Evaluating path: $['modifiers']
12:50:51.454 [main] DEBUG com.jayway.jsonpath.internal.path.CompiledPath -- Evaluating path: $
12:50:51.454 [main] DEBUG com.jayway.jsonpath.internal.path.CompiledPath -- Evaluating path: $
12:50:51.454 [main] DEBUG com.jayway.jsonpath.internal.JsonContext -- Put path $ key modifiers value {}
12:50:51.454 [main] DEBUG com.jayway.jsonpath.internal.path.CompiledPath -- Evaluating path: $
12:50:51.454 [main] DEBUG com.jayway.jsonpath.internal.JsonContext -- Put path $ key modifiers value 0
12:50:51.454 [main] DEBUG com.jayway.jsonpath.internal.path.CompiledPath -- Evaluating path: $['type']
12:50:51.454 [main] DEBUG com.jayway.jsonpath.internal.path.CompiledPath -- Evaluating path: $
12:50:51.454 [main] DEBUG com.jayway.jsonpath.internal.path.CompiledPath -- Evaluating path: $
12:50:51.454 [main] DEBUG com.jayway.jsonpath.internal.JsonContext -- Put path $ key type value {}
12:50:51.454 [main] DEBUG com.jayway.jsonpath.internal.path.CompiledPath -- Evaluating path: $
12:50:51.454 [main] DEBUG com.jayway.jsonpath.internal.JsonContext -- Put path $ key type value keyUp
12:50:51.454 [main] DEBUG com.jayway.jsonpath.internal.path.CompiledPath -- Evaluating path: $['text']
12:50:51.454 [main] DEBUG com.jayway.jsonpath.internal.path.CompiledPath -- Evaluating path: $
12:50:51.454 [main] DEBUG com.jayway.jsonpath.internal.path.CompiledPath -- Evaluating path: $
12:50:51.454 [main] DEBUG com.jayway.jsonpath.internal.JsonContext -- Put path $ key text value {}
12:50:51.454 [main] DEBUG com.jayway.jsonpath.internal.path.CompiledPath -- Evaluating path: $
12:50:51.454 [main] DEBUG com.jayway.jsonpath.internal.JsonContext -- Put path $ key text value u
12:50:51.454 [main] DEBUG com.jayway.jsonpath.internal.path.CompiledPath -- Evaluating path: $['windowsVirtualKeyCode']
12:50:51.454 [main] DEBUG com.jayway.jsonpath.internal.path.CompiledPath -- Evaluating path: $
12:50:51.454 [main] DEBUG com.jayway.jsonpath.internal.path.CompiledPath -- Evaluating path: $
12:50:51.454 [main] DEBUG com.jayway.jsonpath.internal.JsonContext -- Put path $ key windowsVirtualKeyCode value {}
12:50:51.454 [main] DEBUG com.jayway.jsonpath.internal.path.CompiledPath -- Evaluating path: $
12:50:51.454 [main] DEBUG com.jayway.jsonpath.internal.JsonContext -- Put path $ key windowsVirtualKeyCode value 117
12:50:51.454 [main] DEBUG com.jayway.jsonpath.internal.path.CompiledPath -- Evaluating path: $
12:50:51.454 [main] DEBUG com.intuit.karate.driver.chrome_1718781650048 -- >> {"id":38,"sessionId":"063E9AB1F8E8EB3E0A9A7C1CEC826B8C","method":"Input.dispatchKeyEvent","params":{"modifiers":0,"type":"keyUp","text":"u","windowsVirtualKeyCode":117}}
12:50:51.454 [nioEventLoopGroup-3-1] DEBUG com.intuit.karate.driver.chrome_1718781650048 -- << {"id":38,"result":{},"sessionId":"063E9AB1F8E8EB3E0A9A7C1CEC826B8C"}
12:50:51.454 [nioEventLoopGroup-3-1] DEBUG com.jayway.jsonpath.internal.path.CompiledPath -- Evaluating path: $
12:50:51.454 [main] DEBUG com.jayway.jsonpath.internal.path.CompiledPath -- Evaluating path: $['modifiers']
12:50:51.454 [main] DEBUG com.jayway.jsonpath.internal.path.CompiledPath -- Evaluating path: $
12:50:51.454 [main] DEBUG com.jayway.jsonpath.internal.path.CompiledPath -- Evaluating path: $
12:50:51.454 [main] DEBUG com.jayway.jsonpath.internal.JsonContext -- Put path $ key modifiers value {}
12:50:51.454 [main] DEBUG com.jayway.jsonpath.internal.path.CompiledPath -- Evaluating path: $
12:50:51.454 [main] DEBUG com.jayway.jsonpath.internal.JsonContext -- Put path $ key modifiers value 0
12:50:51.454 [main] DEBUG com.jayway.jsonpath.internal.path.CompiledPath -- Evaluating path: $['type']
12:50:51.454 [main] DEBUG com.jayway.jsonpath.internal.path.CompiledPath -- Evaluating path: $
12:50:51.454 [main] DEBUG com.jayway.jsonpath.internal.path.CompiledPath -- Evaluating path: $
12:50:51.454 [main] DEBUG com.jayway.jsonpath.internal.JsonContext -- Put path $ key type value {}
12:50:51.454 [main] DEBUG com.jayway.jsonpath.internal.path.CompiledPath -- Evaluating path: $
12:50:51.454 [main] DEBUG com.jayway.jsonpath.internal.JsonContext -- Put path $ key type value rawKeyDown
12:50:51.454 [main] DEBUG com.jayway.jsonpath.internal.path.CompiledPath -- Evaluating path: $['text']
12:50:51.454 [main] DEBUG com.jayway.jsonpath.internal.path.CompiledPath -- Evaluating path: $
12:50:51.454 [main] DEBUG com.jayway.jsonpath.internal.path.CompiledPath -- Evaluating path: $
12:50:51.454 [main] DEBUG com.jayway.jsonpath.internal.JsonContext -- Put path $ key text value {}
12:50:51.454 [main] DEBUG com.jayway.jsonpath.internal.path.CompiledPath -- Evaluating path: $
12:50:51.454 [main] DEBUG com.jayway.jsonpath.internal.JsonContext -- Put path $ key text value s
12:50:51.454 [main] DEBUG com.jayway.jsonpath.internal.path.CompiledPath -- Evaluating path: $['windowsVirtualKeyCode']
12:50:51.454 [main] DEBUG com.jayway.jsonpath.internal.path.CompiledPath -- Evaluating path: $
12:50:51.454 [main] DEBUG com.jayway.jsonpath.internal.path.CompiledPath -- Evaluating path: $
12:50:51.454 [main] DEBUG com.jayway.jsonpath.internal.JsonContext -- Put path $ key windowsVirtualKeyCode value {}
12:50:51.454 [main] DEBUG com.jayway.jsonpath.internal.path.CompiledPath -- Evaluating path: $
12:50:51.454 [main] DEBUG com.jayway.jsonpath.internal.JsonContext -- Put path $ key windowsVirtualKeyCode value 115
12:50:51.454 [main] DEBUG com.jayway.jsonpath.internal.path.CompiledPath -- Evaluating path: $
12:50:51.454 [main] DEBUG com.intuit.karate.driver.chrome_1718781650048 -- >> {"id":39,"sessionId":"063E9AB1F8E8EB3E0A9A7C1CEC826B8C","method":"Input.dispatchKeyEvent","params":{"modifiers":0,"type":"rawKeyDown","text":"s","windowsVirtualKeyCode":115}}
12:50:51.462 [nioEventLoopGroup-3-1] DEBUG com.intuit.karate.driver.chrome_1718781650048 -- << {"id":39,"result":{},"sessionId":"063E9AB1F8E8EB3E0A9A7C1CEC826B8C"}
12:50:51.462 [nioEventLoopGroup-3-1] DEBUG com.jayway.jsonpath.internal.path.CompiledPath -- Evaluating path: $
12:50:51.462 [main] DEBUG com.jayway.jsonpath.internal.path.CompiledPath -- Evaluating path: $['modifiers']
12:50:51.462 [main] DEBUG com.jayway.jsonpath.internal.path.CompiledPath -- Evaluating path: $
12:50:51.462 [main] DEBUG com.jayway.jsonpath.internal.path.CompiledPath -- Evaluating path: $
12:50:51.462 [main] DEBUG com.jayway.jsonpath.internal.JsonContext -- Put path $ key modifiers value {}
12:50:51.462 [main] DEBUG com.jayway.jsonpath.internal.path.CompiledPath -- Evaluating path: $
12:50:51.462 [main] DEBUG com.jayway.jsonpath.internal.JsonContext -- Put path $ key modifiers value 0
12:50:51.462 [main] DEBUG com.jayway.jsonpath.internal.path.CompiledPath -- Evaluating path: $['type']
12:50:51.462 [main] DEBUG com.jayway.jsonpath.internal.path.CompiledPath -- Evaluating path: $
12:50:51.462 [main] DEBUG com.jayway.jsonpath.internal.path.CompiledPath -- Evaluating path: $
12:50:51.462 [main] DEBUG com.jayway.jsonpath.internal.JsonContext -- Put path $ key type value {}
12:50:51.462 [main] DEBUG com.jayway.jsonpath.internal.path.CompiledPath -- Evaluating path: $
12:50:51.462 [main] DEBUG com.jayway.jsonpath.internal.JsonContext -- Put path $ key type value char
12:50:51.462 [main] DEBUG com.jayway.jsonpath.internal.path.CompiledPath -- Evaluating path: $['text']
12:50:51.462 [main] DEBUG com.jayway.jsonpath.internal.path.CompiledPath -- Evaluating path: $
12:50:51.462 [main] DEBUG com.jayway.jsonpath.internal.path.CompiledPath -- Evaluating path: $
12:50:51.462 [main] DEBUG com.jayway.jsonpath.internal.JsonContext -- Put path $ key text value {}
12:50:51.462 [main] DEBUG com.jayway.jsonpath.internal.path.CompiledPath -- Evaluating path: $
12:50:51.462 [main] DEBUG com.jayway.jsonpath.internal.JsonContext -- Put path $ key text value s
12:50:51.462 [main] DEBUG com.jayway.jsonpath.internal.path.CompiledPath -- Evaluating path: $['windowsVirtualKeyCode']
12:50:51.462 [main] DEBUG com.jayway.jsonpath.internal.path.CompiledPath -- Evaluating path: $
12:50:51.462 [main] DEBUG com.jayway.jsonpath.internal.path.CompiledPath -- Evaluating path: $
12:50:51.462 [main] DEBUG com.jayway.jsonpath.internal.JsonContext -- Put path $ key windowsVirtualKeyCode value {}
12:50:51.462 [main] DEBUG com.jayway.jsonpath.internal.path.CompiledPath -- Evaluating path: $
12:50:51.462 [main] DEBUG com.jayway.jsonpath.internal.JsonContext -- Put path $ key windowsVirtualKeyCode value 115
12:50:51.462 [main] DEBUG com.jayway.jsonpath.internal.path.CompiledPath -- Evaluating path: $
12:50:51.464 [main] DEBUG com.intuit.karate.driver.chrome_1718781650048 -- >> {"id":40,"sessionId":"063E9AB1F8E8EB3E0A9A7C1CEC826B8C","method":"Input.dispatchKeyEvent","params":{"modifiers":0,"type":"char","text":"s","windowsVirtualKeyCode":115}}
12:50:51.464 [nioEventLoopGroup-3-1] DEBUG com.intuit.karate.driver.chrome_1718781650048 -- << {"id":40,"result":{},"sessionId":"063E9AB1F8E8EB3E0A9A7C1CEC826B8C"}
12:50:51.464 [nioEventLoopGroup-3-1] DEBUG com.jayway.jsonpath.internal.path.CompiledPath -- Evaluating path: $
12:50:51.464 [main] DEBUG com.jayway.jsonpath.internal.path.CompiledPath -- Evaluating path: $['modifiers']
12:50:51.464 [main] DEBUG com.jayway.jsonpath.internal.path.CompiledPath -- Evaluating path: $
12:50:51.464 [main] DEBUG com.jayway.jsonpath.internal.path.CompiledPath -- Evaluating path: $
12:50:51.464 [main] DEBUG com.jayway.jsonpath.internal.JsonContext -- Put path $ key modifiers value {}
12:50:51.464 [main] DEBUG com.jayway.jsonpath.internal.path.CompiledPath -- Evaluating path: $
12:50:51.464 [main] DEBUG com.jayway.jsonpath.internal.JsonContext -- Put path $ key modifiers value 0
12:50:51.464 [main] DEBUG com.jayway.jsonpath.internal.path.CompiledPath -- Evaluating path: $['type']
12:50:51.464 [main] DEBUG com.jayway.jsonpath.internal.path.CompiledPath -- Evaluating path: $
12:50:51.464 [main] DEBUG com.jayway.jsonpath.internal.path.CompiledPath -- Evaluating path: $
12:50:51.464 [main] DEBUG com.jayway.jsonpath.internal.JsonContext -- Put path $ key type value {}
12:50:51.464 [main] DEBUG com.jayway.jsonpath.internal.path.CompiledPath -- Evaluating path: $
12:50:51.464 [main] DEBUG com.jayway.jsonpath.internal.JsonContext -- Put path $ key type value keyUp
12:50:51.464 [main] DEBUG com.jayway.jsonpath.internal.path.CompiledPath -- Evaluating path: $['text']
12:50:51.464 [main] DEBUG com.jayway.jsonpath.internal.path.CompiledPath -- Evaluating path: $
12:50:51.464 [main] DEBUG com.jayway.jsonpath.internal.path.CompiledPath -- Evaluating path: $
12:50:51.464 [main] DEBUG com.jayway.jsonpath.internal.JsonContext -- Put path $ key text value {}
12:50:51.464 [main] DEBUG com.jayway.jsonpath.internal.path.CompiledPath -- Evaluating path: $
12:50:51.464 [main] DEBUG com.jayway.jsonpath.internal.JsonContext -- Put path $ key text value s
12:50:51.464 [main] DEBUG com.jayway.jsonpath.internal.path.CompiledPath -- Evaluating path: $['windowsVirtualKeyCode']
12:50:51.464 [main] DEBUG com.jayway.jsonpath.internal.path.CompiledPath -- Evaluating path: $
12:50:51.464 [main] DEBUG com.jayway.jsonpath.internal.path.CompiledPath -- Evaluating path: $
12:50:51.464 [main] DEBUG com.jayway.jsonpath.internal.JsonContext -- Put path $ key windowsVirtualKeyCode value {}
12:50:51.464 [main] DEBUG com.jayway.jsonpath.internal.path.CompiledPath -- Evaluating path: $
12:50:51.464 [main] DEBUG com.jayway.jsonpath.internal.JsonContext -- Put path $ key windowsVirtualKeyCode value 115
12:50:51.464 [main] DEBUG com.jayway.jsonpath.internal.path.CompiledPath -- Evaluating path: $
12:50:51.464 [main] DEBUG com.intuit.karate.driver.chrome_1718781650048 -- >> {"id":41,"sessionId":"063E9AB1F8E8EB3E0A9A7C1CEC826B8C","method":"Input.dispatchKeyEvent","params":{"modifiers":0,"type":"keyUp","text":"s","windowsVirtualKeyCode":115}}
12:50:51.471 [nioEventLoopGroup-3-1] DEBUG com.intuit.karate.driver.chrome_1718781650048 -- << {"id":41,"result":{},"sessionId":"063E9AB1F8E8EB3E0A9A7C1CEC826B8C"}
12:50:51.471 [nioEventLoopGroup-3-1] DEBUG com.jayway.jsonpath.internal.path.CompiledPath -- Evaluating path: $
12:50:51.471 [main] DEBUG com.jayway.jsonpath.internal.path.CompiledPath -- Evaluating path: $['modifiers']
12:50:51.473 [main] DEBUG com.jayway.jsonpath.internal.path.CompiledPath -- Evaluating path: $
12:50:51.473 [main] DEBUG com.jayway.jsonpath.internal.path.CompiledPath -- Evaluating path: $
12:50:51.473 [main] DEBUG com.jayway.jsonpath.internal.JsonContext -- Put path $ key modifiers value {}
12:50:51.473 [main] DEBUG com.jayway.jsonpath.internal.path.CompiledPath -- Evaluating path: $
12:50:51.473 [main] DEBUG com.jayway.jsonpath.internal.JsonContext -- Put path $ key modifiers value 0
12:50:51.473 [main] DEBUG com.jayway.jsonpath.internal.path.CompiledPath -- Evaluating path: $['type']
12:50:51.473 [main] DEBUG com.jayway.jsonpath.internal.path.CompiledPath -- Evaluating path: $
12:50:51.473 [main] DEBUG com.jayway.jsonpath.internal.path.CompiledPath -- Evaluating path: $
12:50:51.473 [main] DEBUG com.jayway.jsonpath.internal.JsonContext -- Put path $ key type value {}
12:50:51.473 [main] DEBUG com.jayway.jsonpath.internal.path.CompiledPath -- Evaluating path: $
12:50:51.473 [main] DEBUG com.jayway.jsonpath.internal.JsonContext -- Put path $ key type value rawKeyDown
12:50:51.473 [main] DEBUG com.jayway.jsonpath.internal.path.CompiledPath -- Evaluating path: $['text']
12:50:51.473 [main] DEBUG com.jayway.jsonpath.internal.path.CompiledPath -- Evaluating path: $
12:50:51.473 [main] DEBUG com.jayway.jsonpath.internal.path.CompiledPath -- Evaluating path: $
12:50:51.473 [main] DEBUG com.jayway.jsonpath.internal.JsonContext -- Put path $ key text value {}
12:50:51.473 [main] DEBUG com.jayway.jsonpath.internal.path.CompiledPath -- Evaluating path: $
12:50:51.473 [main] DEBUG com.jayway.jsonpath.internal.JsonContext -- Put path $ key text value e
12:50:51.473 [main] DEBUG com.jayway.jsonpath.internal.path.CompiledPath -- Evaluating path: $['windowsVirtualKeyCode']
12:50:51.473 [main] DEBUG com.jayway.jsonpath.internal.path.CompiledPath -- Evaluating path: $
12:50:51.473 [main] DEBUG com.jayway.jsonpath.internal.path.CompiledPath -- Evaluating path: $
12:50:51.473 [main] DEBUG com.jayway.jsonpath.internal.JsonContext -- Put path $ key windowsVirtualKeyCode value {}
12:50:51.473 [main] DEBUG com.jayway.jsonpath.internal.path.CompiledPath -- Evaluating path: $
12:50:51.473 [main] DEBUG com.jayway.jsonpath.internal.JsonContext -- Put path $ key windowsVirtualKeyCode value 101
12:50:51.473 [main] DEBUG com.jayway.jsonpath.internal.path.CompiledPath -- Evaluating path: $
12:50:51.473 [main] DEBUG com.intuit.karate.driver.chrome_1718781650048 -- >> {"id":42,"sessionId":"063E9AB1F8E8EB3E0A9A7C1CEC826B8C","method":"Input.dispatchKeyEvent","params":{"modifiers":0,"type":"rawKeyDown","text":"e","windowsVirtualKeyCode":101}}
12:50:51.473 [nioEventLoopGroup-3-1] DEBUG com.intuit.karate.driver.chrome_1718781650048 -- << {"id":42,"result":{},"sessionId":"063E9AB1F8E8EB3E0A9A7C1CEC826B8C"}
12:50:51.473 [nioEventLoopGroup-3-1] DEBUG com.jayway.jsonpath.internal.path.CompiledPath -- Evaluating path: $
12:50:51.473 [main] DEBUG com.jayway.jsonpath.internal.path.CompiledPath -- Evaluating path: $['modifiers']
12:50:51.473 [main] DEBUG com.jayway.jsonpath.internal.path.CompiledPath -- Evaluating path: $
12:50:51.473 [main] DEBUG com.jayway.jsonpath.internal.path.CompiledPath -- Evaluating path: $
12:50:51.473 [main] DEBUG com.jayway.jsonpath.internal.JsonContext -- Put path $ key modifiers value {}
12:50:51.473 [main] DEBUG com.jayway.jsonpath.internal.path.CompiledPath -- Evaluating path: $
12:50:51.473 [main] DEBUG com.jayway.jsonpath.internal.JsonContext -- Put path $ key modifiers value 0
12:50:51.473 [main] DEBUG com.jayway.jsonpath.internal.path.CompiledPath -- Evaluating path: $['type']
12:50:51.473 [main] DEBUG com.jayway.jsonpath.internal.path.CompiledPath -- Evaluating path: $
12:50:51.473 [main] DEBUG com.jayway.jsonpath.internal.path.CompiledPath -- Evaluating path: $
12:50:51.473 [main] DEBUG com.jayway.jsonpath.internal.JsonContext -- Put path $ key type value {}
12:50:51.473 [main] DEBUG com.jayway.jsonpath.internal.path.CompiledPath -- Evaluating path: $
12:50:51.473 [main] DEBUG com.jayway.jsonpath.internal.JsonContext -- Put path $ key type value char
12:50:51.473 [main] DEBUG com.jayway.jsonpath.internal.path.CompiledPath -- Evaluating path: $['text']
12:50:51.473 [main] DEBUG com.jayway.jsonpath.internal.path.CompiledPath -- Evaluating path: $
12:50:51.473 [main] DEBUG com.jayway.jsonpath.internal.path.CompiledPath -- Evaluating path: $
12:50:51.473 [main] DEBUG com.jayway.jsonpath.internal.JsonContext -- Put path $ key text value {}
12:50:51.473 [main] DEBUG com.jayway.jsonpath.internal.path.CompiledPath -- Evaluating path: $
12:50:51.473 [main] DEBUG com.jayway.jsonpath.internal.JsonContext -- Put path $ key text value e
12:50:51.473 [main] DEBUG com.jayway.jsonpath.internal.path.CompiledPath -- Evaluating path: $['windowsVirtualKeyCode']
12:50:51.473 [main] DEBUG com.jayway.jsonpath.internal.path.CompiledPath -- Evaluating path: $
12:50:51.473 [main] DEBUG com.jayway.jsonpath.internal.path.CompiledPath -- Evaluating path: $
12:50:51.473 [main] DEBUG com.jayway.jsonpath.internal.JsonContext -- Put path $ key windowsVirtualKeyCode value {}
12:50:51.473 [main] DEBUG com.jayway.jsonpath.internal.path.CompiledPath -- Evaluating path: $
12:50:51.473 [main] DEBUG com.jayway.jsonpath.internal.JsonContext -- Put path $ key windowsVirtualKeyCode value 101
12:50:51.473 [main] DEBUG com.jayway.jsonpath.internal.path.CompiledPath -- Evaluating path: $
12:50:51.473 [main] DEBUG com.intuit.karate.driver.chrome_1718781650048 -- >> {"id":43,"sessionId":"063E9AB1F8E8EB3E0A9A7C1CEC826B8C","method":"Input.dispatchKeyEvent","params":{"modifiers":0,"type":"char","text":"e","windowsVirtualKeyCode":101}}
12:50:51.473 [nioEventLoopGroup-3-1] DEBUG com.intuit.karate.driver.chrome_1718781650048 -- << {"id":43,"result":{},"sessionId":"063E9AB1F8E8EB3E0A9A7C1CEC826B8C"}
12:50:51.481 [nioEventLoopGroup-3-1] DEBUG com.jayway.jsonpath.internal.path.CompiledPath -- Evaluating path: $
12:50:51.481 [main] DEBUG com.jayway.jsonpath.internal.path.CompiledPath -- Evaluating path: $['modifiers']
12:50:51.481 [main] DEBUG com.jayway.jsonpath.internal.path.CompiledPath -- Evaluating path: $
12:50:51.481 [main] DEBUG com.jayway.jsonpath.internal.path.CompiledPath -- Evaluating path: $
12:50:51.481 [main] DEBUG com.jayway.jsonpath.internal.JsonContext -- Put path $ key modifiers value {}
12:50:51.481 [main] DEBUG com.jayway.jsonpath.internal.path.CompiledPath -- Evaluating path: $
12:50:51.481 [main] DEBUG com.jayway.jsonpath.internal.JsonContext -- Put path $ key modifiers value 0
12:50:51.481 [main] DEBUG com.jayway.jsonpath.internal.path.CompiledPath -- Evaluating path: $['type']
12:50:51.481 [main] DEBUG com.jayway.jsonpath.internal.path.CompiledPath -- Evaluating path: $
12:50:51.481 [main] DEBUG com.jayway.jsonpath.internal.path.CompiledPath -- Evaluating path: $
12:50:51.481 [main] DEBUG com.jayway.jsonpath.internal.JsonContext -- Put path $ key type value {}
12:50:51.481 [main] DEBUG com.jayway.jsonpath.internal.path.CompiledPath -- Evaluating path: $
12:50:51.481 [main] DEBUG com.jayway.jsonpath.internal.JsonContext -- Put path $ key type value keyUp
12:50:51.481 [main] DEBUG com.jayway.jsonpath.internal.path.CompiledPath -- Evaluating path: $['text']
12:50:51.481 [main] DEBUG com.jayway.jsonpath.internal.path.CompiledPath -- Evaluating path: $
12:50:51.481 [main] DEBUG com.jayway.jsonpath.internal.path.CompiledPath -- Evaluating path: $
12:50:51.481 [main] DEBUG com.jayway.jsonpath.internal.JsonContext -- Put path $ key text value {}
12:50:51.481 [main] DEBUG com.jayway.jsonpath.internal.path.CompiledPath -- Evaluating path: $
12:50:51.481 [main] DEBUG com.jayway.jsonpath.internal.JsonContext -- Put path $ key text value e
12:50:51.481 [main] DEBUG com.jayway.jsonpath.internal.path.CompiledPath -- Evaluating path: $['windowsVirtualKeyCode']
12:50:51.481 [main] DEBUG com.jayway.jsonpath.internal.path.CompiledPath -- Evaluating path: $
12:50:51.481 [main] DEBUG com.jayway.jsonpath.internal.path.CompiledPath -- Evaluating path: $
12:50:51.481 [main] DEBUG com.jayway.jsonpath.internal.JsonContext -- Put path $ key windowsVirtualKeyCode value {}
12:50:51.481 [main] DEBUG com.jayway.jsonpath.internal.path.CompiledPath -- Evaluating path: $
12:50:51.481 [main] DEBUG com.jayway.jsonpath.internal.JsonContext -- Put path $ key windowsVirtualKeyCode value 101
12:50:51.481 [main] DEBUG com.jayway.jsonpath.internal.path.CompiledPath -- Evaluating path: $
12:50:51.481 [main] DEBUG com.intuit.karate.driver.chrome_1718781650048 -- >> {"id":44,"sessionId":"063E9AB1F8E8EB3E0A9A7C1CEC826B8C","method":"Input.dispatchKeyEvent","params":{"modifiers":0,"type":"keyUp","text":"e","windowsVirtualKeyCode":101}}
12:50:51.481 [nioEventLoopGroup-3-1] DEBUG com.intuit.karate.driver.chrome_1718781650048 -- << {"id":44,"result":{},"sessionId":"063E9AB1F8E8EB3E0A9A7C1CEC826B8C"}
12:50:51.485 [nioEventLoopGroup-3-1] DEBUG com.jayway.jsonpath.internal.path.CompiledPath -- Evaluating path: $
12:50:51.485 [main] DEBUG com.jayway.jsonpath.internal.path.CompiledPath -- Evaluating path: $['modifiers']
12:50:51.485 [main] DEBUG com.jayway.jsonpath.internal.path.CompiledPath -- Evaluating path: $
12:50:51.485 [main] DEBUG com.jayway.jsonpath.internal.path.CompiledPath -- Evaluating path: $
12:50:51.485 [main] DEBUG com.jayway.jsonpath.internal.JsonContext -- Put path $ key modifiers value {}
12:50:51.485 [main] DEBUG com.jayway.jsonpath.internal.path.CompiledPath -- Evaluating path: $
12:50:51.485 [main] DEBUG com.jayway.jsonpath.internal.JsonContext -- Put path $ key modifiers value 0
12:50:51.485 [main] DEBUG com.jayway.jsonpath.internal.path.CompiledPath -- Evaluating path: $['type']
12:50:51.485 [main] DEBUG com.jayway.jsonpath.internal.path.CompiledPath -- Evaluating path: $
12:50:51.485 [main] DEBUG com.jayway.jsonpath.internal.path.CompiledPath -- Evaluating path: $
12:50:51.485 [main] DEBUG com.jayway.jsonpath.internal.JsonContext -- Put path $ key type value {}
12:50:51.485 [main] DEBUG com.jayway.jsonpath.internal.path.CompiledPath -- Evaluating path: $
12:50:51.485 [main] DEBUG com.jayway.jsonpath.internal.JsonContext -- Put path $ key type value rawKeyDown
12:50:51.485 [main] DEBUG com.jayway.jsonpath.internal.path.CompiledPath -- Evaluating path: $['text']
12:50:51.485 [main] DEBUG com.jayway.jsonpath.internal.path.CompiledPath -- Evaluating path: $
12:50:51.485 [main] DEBUG com.jayway.jsonpath.internal.path.CompiledPath -- Evaluating path: $
12:50:51.485 [main] DEBUG com.jayway.jsonpath.internal.JsonContext -- Put path $ key text value {}
12:50:51.485 [main] DEBUG com.jayway.jsonpath.internal.path.CompiledPath -- Evaluating path: $
12:50:51.485 [main] DEBUG com.jayway.jsonpath.internal.JsonContext -- Put path $ key text value r
12:50:51.485 [main] DEBUG com.jayway.jsonpath.internal.path.CompiledPath -- Evaluating path: $['windowsVirtualKeyCode']
12:50:51.485 [main] DEBUG com.jayway.jsonpath.internal.path.CompiledPath -- Evaluating path: $
12:50:51.485 [main] DEBUG com.jayway.jsonpath.internal.path.CompiledPath -- Evaluating path: $
12:50:51.485 [main] DEBUG com.jayway.jsonpath.internal.JsonContext -- Put path $ key windowsVirtualKeyCode value {}
12:50:51.485 [main] DEBUG com.jayway.jsonpath.internal.path.CompiledPath -- Evaluating path: $
12:50:51.485 [main] DEBUG com.jayway.jsonpath.internal.JsonContext -- Put path $ key windowsVirtualKeyCode value 114
12:50:51.485 [main] DEBUG com.jayway.jsonpath.internal.path.CompiledPath -- Evaluating path: $
12:50:51.485 [main] DEBUG com.intuit.karate.driver.chrome_1718781650048 -- >> {"id":45,"sessionId":"063E9AB1F8E8EB3E0A9A7C1CEC826B8C","method":"Input.dispatchKeyEvent","params":{"modifiers":0,"type":"rawKeyDown","text":"r","windowsVirtualKeyCode":114}}
12:50:51.485 [nioEventLoopGroup-3-1] DEBUG com.intuit.karate.driver.chrome_1718781650048 -- << {"id":45,"result":{},"sessionId":"063E9AB1F8E8EB3E0A9A7C1CEC826B8C"}
12:50:51.485 [nioEventLoopGroup-3-1] DEBUG com.jayway.jsonpath.internal.path.CompiledPath -- Evaluating path: $
12:50:51.485 [main] DEBUG com.jayway.jsonpath.internal.path.CompiledPath -- Evaluating path: $['modifiers']
12:50:51.485 [main] DEBUG com.jayway.jsonpath.internal.path.CompiledPath -- Evaluating path: $
12:50:51.485 [main] DEBUG com.jayway.jsonpath.internal.path.CompiledPath -- Evaluating path: $
12:50:51.485 [main] DEBUG com.jayway.jsonpath.internal.JsonContext -- Put path $ key modifiers value {}
12:50:51.485 [main] DEBUG com.jayway.jsonpath.internal.path.CompiledPath -- Evaluating path: $
12:50:51.485 [main] DEBUG com.jayway.jsonpath.internal.JsonContext -- Put path $ key modifiers value 0
12:50:51.485 [main] DEBUG com.jayway.jsonpath.internal.path.CompiledPath -- Evaluating path: $['type']
12:50:51.485 [main] DEBUG com.jayway.jsonpath.internal.path.CompiledPath -- Evaluating path: $
12:50:51.485 [main] DEBUG com.jayway.jsonpath.internal.path.CompiledPath -- Evaluating path: $
12:50:51.485 [main] DEBUG com.jayway.jsonpath.internal.JsonContext -- Put path $ key type value {}
12:50:51.485 [main] DEBUG com.jayway.jsonpath.internal.path.CompiledPath -- Evaluating path: $
12:50:51.485 [main] DEBUG com.jayway.jsonpath.internal.JsonContext -- Put path $ key type value char
12:50:51.485 [main] DEBUG com.jayway.jsonpath.internal.path.CompiledPath -- Evaluating path: $['text']
12:50:51.485 [main] DEBUG com.jayway.jsonpath.internal.path.CompiledPath -- Evaluating path: $
12:50:51.485 [main] DEBUG com.jayway.jsonpath.internal.path.CompiledPath -- Evaluating path: $
12:50:51.485 [main] DEBUG com.jayway.jsonpath.internal.JsonContext -- Put path $ key text value {}
12:50:51.485 [main] DEBUG com.jayway.jsonpath.internal.path.CompiledPath -- Evaluating path: $
12:50:51.485 [main] DEBUG com.jayway.jsonpath.internal.JsonContext -- Put path $ key text value r
12:50:51.485 [main] DEBUG com.jayway.jsonpath.internal.path.CompiledPath -- Evaluating path: $['windowsVirtualKeyCode']
12:50:51.485 [main] DEBUG com.jayway.jsonpath.internal.path.CompiledPath -- Evaluating path: $
12:50:51.485 [main] DEBUG com.jayway.jsonpath.internal.path.CompiledPath -- Evaluating path: $
12:50:51.485 [main] DEBUG com.jayway.jsonpath.internal.JsonContext -- Put path $ key windowsVirtualKeyCode value {}
12:50:51.485 [main] DEBUG com.jayway.jsonpath.internal.path.CompiledPath -- Evaluating path: $
12:50:51.485 [main] DEBUG com.jayway.jsonpath.internal.JsonContext -- Put path $ key windowsVirtualKeyCode value 114
12:50:51.485 [main] DEBUG com.jayway.jsonpath.internal.path.CompiledPath -- Evaluating path: $
12:50:51.485 [main] DEBUG com.intuit.karate.driver.chrome_1718781650048 -- >> {"id":46,"sessionId":"063E9AB1F8E8EB3E0A9A7C1CEC826B8C","method":"Input.dispatchKeyEvent","params":{"modifiers":0,"type":"char","text":"r","windowsVirtualKeyCode":114}}
12:50:51.485 [nioEventLoopGroup-3-1] DEBUG com.intuit.karate.driver.chrome_1718781650048 -- << {"id":46,"result":{},"sessionId":"063E9AB1F8E8EB3E0A9A7C1CEC826B8C"}
12:50:51.485 [nioEventLoopGroup-3-1] DEBUG com.jayway.jsonpath.internal.path.CompiledPath -- Evaluating path: $
12:50:51.485 [main] DEBUG com.jayway.jsonpath.internal.path.CompiledPath -- Evaluating path: $['modifiers']
12:50:51.485 [main] DEBUG com.jayway.jsonpath.internal.path.CompiledPath -- Evaluating path: $
12:50:51.485 [main] DEBUG com.jayway.jsonpath.internal.path.CompiledPath -- Evaluating path: $
12:50:51.485 [main] DEBUG com.jayway.jsonpath.internal.JsonContext -- Put path $ key modifiers value {}
12:50:51.485 [main] DEBUG com.jayway.jsonpath.internal.path.CompiledPath -- Evaluating path: $
12:50:51.485 [main] DEBUG com.jayway.jsonpath.internal.JsonContext -- Put path $ key modifiers value 0
12:50:51.485 [main] DEBUG com.jayway.jsonpath.internal.path.CompiledPath -- Evaluating path: $['type']
12:50:51.485 [main] DEBUG com.jayway.jsonpath.internal.path.CompiledPath -- Evaluating path: $
12:50:51.485 [main] DEBUG com.jayway.jsonpath.internal.path.CompiledPath -- Evaluating path: $
12:50:51.485 [main] DEBUG com.jayway.jsonpath.internal.JsonContext -- Put path $ key type value {}
12:50:51.485 [main] DEBUG com.jayway.jsonpath.internal.path.CompiledPath -- Evaluating path: $
12:50:51.485 [main] DEBUG com.jayway.jsonpath.internal.JsonContext -- Put path $ key type value keyUp
12:50:51.485 [main] DEBUG com.jayway.jsonpath.internal.path.CompiledPath -- Evaluating path: $['text']
12:50:51.485 [main] DEBUG com.jayway.jsonpath.internal.path.CompiledPath -- Evaluating path: $
12:50:51.485 [main] DEBUG com.jayway.jsonpath.internal.path.CompiledPath -- Evaluating path: $
12:50:51.485 [main] DEBUG com.jayway.jsonpath.internal.JsonContext -- Put path $ key text value {}
12:50:51.485 [main] DEBUG com.jayway.jsonpath.internal.path.CompiledPath -- Evaluating path: $
12:50:51.485 [main] DEBUG com.jayway.jsonpath.internal.JsonContext -- Put path $ key text value r
12:50:51.485 [main] DEBUG com.jayway.jsonpath.internal.path.CompiledPath -- Evaluating path: $['windowsVirtualKeyCode']
12:50:51.485 [main] DEBUG com.jayway.jsonpath.internal.path.CompiledPath -- Evaluating path: $
12:50:51.485 [main] DEBUG com.jayway.jsonpath.internal.path.CompiledPath -- Evaluating path: $
12:50:51.485 [main] DEBUG com.jayway.jsonpath.internal.JsonContext -- Put path $ key windowsVirtualKeyCode value {}
12:50:51.485 [main] DEBUG com.jayway.jsonpath.internal.path.CompiledPath -- Evaluating path: $
12:50:51.485 [main] DEBUG com.jayway.jsonpath.internal.JsonContext -- Put path $ key windowsVirtualKeyCode value 114
12:50:51.485 [main] DEBUG com.jayway.jsonpath.internal.path.CompiledPath -- Evaluating path: $
12:50:51.485 [main] DEBUG com.intuit.karate.driver.chrome_1718781650048 -- >> {"id":47,"sessionId":"063E9AB1F8E8EB3E0A9A7C1CEC826B8C","method":"Input.dispatchKeyEvent","params":{"modifiers":0,"type":"keyUp","text":"r","windowsVirtualKeyCode":114}}
12:50:51.485 [nioEventLoopGroup-3-1] DEBUG com.intuit.karate.driver.chrome_1718781650048 -- << {"id":47,"result":{},"sessionId":"063E9AB1F8E8EB3E0A9A7C1CEC826B8C"}
12:50:51.485 [nioEventLoopGroup-3-1] DEBUG com.jayway.jsonpath.internal.path.CompiledPath -- Evaluating path: $
12:50:51.625 [chrome_1718781634841] WARN com.intuit.karate.shell.Command -- exit code was non-zero: 1 - [C:\Program Files\Google\Chrome\Application\chrome.exe, --remote-debugging-port=9222, --remote-allow-origins=*, --no-first-run, --user-data-dir=C:\Users\HarshvardhanNigaveka\OneDrive - Academian India Private Limited\Desktop\GitHubActions\karateUI\UI_Automation_Project\target\chrome_1718781634841, --disable-popup-blocking] working dir: target\chrome_1718781634841
12:50:52.005 [nioEventLoopGroup-2-1] DEBUG io.netty.buffer.PoolThreadCache -- Freed 34 thread-local buffer(s) from thread: nioEventLoopGroup-2-1
12:50:54.504 [main] DEBUG com.jayway.jsonpath.internal.path.CompiledPath -- Evaluating path: $['expression']
12:50:54.504 [main] DEBUG com.jayway.jsonpath.internal.path.CompiledPath -- Evaluating path: $
12:50:54.504 [main] DEBUG com.jayway.jsonpath.internal.path.CompiledPath -- Evaluating path: $
12:50:54.504 [main] DEBUG com.jayway.jsonpath.internal.JsonContext -- Put path $ key expression value {}
12:50:54.504 [main] DEBUG com.jayway.jsonpath.internal.path.CompiledPath -- Evaluating path: $
12:50:54.504 [main] DEBUG com.jayway.jsonpath.internal.JsonContext -- Put path $ key expression value var e = document.evaluate("//*[@id='password']", document, null, 9, null).singleNodeValue; e.focus(); try { e.selectionStart = e.selectionEnd = e.value.length } catch(x) {}
12:50:54.504 [main] DEBUG com.jayway.jsonpath.internal.path.CompiledPath -- Evaluating path: $['returnByValue']
12:50:54.504 [main] DEBUG com.jayway.jsonpath.internal.path.CompiledPath -- Evaluating path: $
12:50:54.504 [main] DEBUG com.jayway.jsonpath.internal.path.CompiledPath -- Evaluating path: $
12:50:54.504 [main] DEBUG com.jayway.jsonpath.internal.JsonContext -- Put path $ key returnByValue value {}
12:50:54.504 [main] DEBUG com.jayway.jsonpath.internal.path.CompiledPath -- Evaluating path: $
12:50:54.504 [main] DEBUG com.jayway.jsonpath.internal.JsonContext -- Put path $ key returnByValue value true
12:50:54.504 [main] DEBUG com.jayway.jsonpath.internal.path.CompiledPath -- Evaluating path: $
12:50:54.504 [main] DEBUG com.intuit.karate.driver.chrome_1718781650048 -- >> {"id":48,"sessionId":"063E9AB1F8E8EB3E0A9A7C1CEC826B8C","method":"Runtime.evaluate","params":{"expression":"var e = document.evaluate(\"\/\/*[@id='password']\", document, null, 9, null).singleNodeValue; e.focus(); try { e.selectionStart = e.selectionEnd = e.value.length } catch(x) {}","returnByValue":true}}
12:50:54.509 [nioEventLoopGroup-3-1] DEBUG com.intuit.karate.driver.chrome_1718781650048 -- << {"id":48,"result":{"result":{"type":"number","value":0,"description":"0"}},"sessionId":"063E9AB1F8E8EB3E0A9A7C1CEC826B8C"}
12:50:54.509 [nioEventLoopGroup-3-1] DEBUG com.jayway.jsonpath.internal.path.CompiledPath -- Evaluating path: $
12:50:54.510 [main] DEBUG com.jayway.jsonpath.internal.path.CompiledPath -- Evaluating path: $['modifiers']
12:50:54.510 [main] DEBUG com.jayway.jsonpath.internal.path.CompiledPath -- Evaluating path: $
12:50:54.511 [main] DEBUG com.jayway.jsonpath.internal.path.CompiledPath -- Evaluating path: $
12:50:54.511 [main] DEBUG com.jayway.jsonpath.internal.JsonContext -- Put path $ key modifiers value {}
12:50:54.511 [main] DEBUG com.jayway.jsonpath.internal.path.CompiledPath -- Evaluating path: $
12:50:54.511 [main] DEBUG com.jayway.jsonpath.internal.JsonContext -- Put path $ key modifiers value 0
12:50:54.511 [main] DEBUG com.jayway.jsonpath.internal.path.CompiledPath -- Evaluating path: $['type']
12:50:54.511 [main] DEBUG com.jayway.jsonpath.internal.path.CompiledPath -- Evaluating path: $
12:50:54.511 [main] DEBUG com.jayway.jsonpath.internal.path.CompiledPath -- Evaluating path: $
12:50:54.511 [main] DEBUG com.jayway.jsonpath.internal.JsonContext -- Put path $ key type value {}
12:50:54.511 [main] DEBUG com.jayway.jsonpath.internal.path.CompiledPath -- Evaluating path: $
12:50:54.511 [main] DEBUG com.jayway.jsonpath.internal.JsonContext -- Put path $ key type value rawKeyDown
12:50:54.511 [main] DEBUG com.jayway.jsonpath.internal.path.CompiledPath -- Evaluating path: $['text']
12:50:54.511 [main] DEBUG com.jayway.jsonpath.internal.path.CompiledPath -- Evaluating path: $
12:50:54.511 [main] DEBUG com.jayway.jsonpath.internal.path.CompiledPath -- Evaluating path: $
12:50:54.511 [main] DEBUG com.jayway.jsonpath.internal.JsonContext -- Put path $ key text value {}
12:50:54.511 [main] DEBUG com.jayway.jsonpath.internal.path.CompiledPath -- Evaluating path: $
12:50:54.511 [main] DEBUG com.jayway.jsonpath.internal.JsonContext -- Put path $ key text value s
12:50:54.511 [main] DEBUG com.jayway.jsonpath.internal.path.CompiledPath -- Evaluating path: $['windowsVirtualKeyCode']
12:50:54.511 [main] DEBUG com.jayway.jsonpath.internal.path.CompiledPath -- Evaluating path: $
12:50:54.511 [main] DEBUG com.jayway.jsonpath.internal.path.CompiledPath -- Evaluating path: $
12:50:54.511 [main] DEBUG com.jayway.jsonpath.internal.JsonContext -- Put path $ key windowsVirtualKeyCode value {}
12:50:54.511 [main] DEBUG com.jayway.jsonpath.internal.path.CompiledPath -- Evaluating path: $
12:50:54.511 [main] DEBUG com.jayway.jsonpath.internal.JsonContext -- Put path $ key windowsVirtualKeyCode value 115
12:50:54.511 [main] DEBUG com.jayway.jsonpath.internal.path.CompiledPath -- Evaluating path: $
12:50:54.511 [main] DEBUG com.intuit.karate.driver.chrome_1718781650048 -- >> {"id":49,"sessionId":"063E9AB1F8E8EB3E0A9A7C1CEC826B8C","method":"Input.dispatchKeyEvent","params":{"modifiers":0,"type":"rawKeyDown","text":"s","windowsVirtualKeyCode":115}}
12:50:54.511 [nioEventLoopGroup-3-1] DEBUG com.intuit.karate.driver.chrome_1718781650048 -- << {"id":49,"result":{},"sessionId":"063E9AB1F8E8EB3E0A9A7C1CEC826B8C"}
12:50:54.511 [nioEventLoopGroup-3-1] DEBUG com.jayway.jsonpath.internal.path.CompiledPath -- Evaluating path: $
12:50:54.511 [main] DEBUG com.jayway.jsonpath.internal.path.CompiledPath -- Evaluating path: $['modifiers']
12:50:54.511 [main] DEBUG com.jayway.jsonpath.internal.path.CompiledPath -- Evaluating path: $
12:50:54.511 [main] DEBUG com.jayway.jsonpath.internal.path.CompiledPath -- Evaluating path: $
12:50:54.511 [main] DEBUG com.jayway.jsonpath.internal.JsonContext -- Put path $ key modifiers value {}
12:50:54.511 [main] DEBUG com.jayway.jsonpath.internal.path.CompiledPath -- Evaluating path: $
12:50:54.511 [main] DEBUG com.jayway.jsonpath.internal.JsonContext -- Put path $ key modifiers value 0
12:50:54.511 [main] DEBUG com.jayway.jsonpath.internal.path.CompiledPath -- Evaluating path: $['type']
12:50:54.511 [main] DEBUG com.jayway.jsonpath.internal.path.CompiledPath -- Evaluating path: $
12:50:54.511 [main] DEBUG com.jayway.jsonpath.internal.path.CompiledPath -- Evaluating path: $
12:50:54.511 [main] DEBUG com.jayway.jsonpath.internal.JsonContext -- Put path $ key type value {}
12:50:54.511 [main] DEBUG com.jayway.jsonpath.internal.path.CompiledPath -- Evaluating path: $
12:50:54.511 [main] DEBUG com.jayway.jsonpath.internal.JsonContext -- Put path $ key type value char
12:50:54.511 [main] DEBUG com.jayway.jsonpath.internal.path.CompiledPath -- Evaluating path: $['text']
12:50:54.511 [main] DEBUG com.jayway.jsonpath.internal.path.CompiledPath -- Evaluating path: $
12:50:54.511 [main] DEBUG com.jayway.jsonpath.internal.path.CompiledPath -- Evaluating path: $
12:50:54.511 [main] DEBUG com.jayway.jsonpath.internal.JsonContext -- Put path $ key text value {}
12:50:54.511 [main] DEBUG com.jayway.jsonpath.internal.path.CompiledPath -- Evaluating path: $
12:50:54.511 [main] DEBUG com.jayway.jsonpath.internal.JsonContext -- Put path $ key text value s
12:50:54.511 [main] DEBUG com.jayway.jsonpath.internal.path.CompiledPath -- Evaluating path: $['windowsVirtualKeyCode']
12:50:54.511 [main] DEBUG com.jayway.jsonpath.internal.path.CompiledPath -- Evaluating path: $
12:50:54.511 [main] DEBUG com.jayway.jsonpath.internal.path.CompiledPath -- Evaluating path: $
12:50:54.511 [main] DEBUG com.jayway.jsonpath.internal.JsonContext -- Put path $ key windowsVirtualKeyCode value {}
12:50:54.511 [main] DEBUG com.jayway.jsonpath.internal.path.CompiledPath -- Evaluating path: $
12:50:54.511 [main] DEBUG com.jayway.jsonpath.internal.JsonContext -- Put path $ key windowsVirtualKeyCode value 115
12:50:54.511 [main] DEBUG com.jayway.jsonpath.internal.path.CompiledPath -- Evaluating path: $
12:50:54.511 [main] DEBUG com.intuit.karate.driver.chrome_1718781650048 -- >> {"id":50,"sessionId":"063E9AB1F8E8EB3E0A9A7C1CEC826B8C","method":"Input.dispatchKeyEvent","params":{"modifiers":0,"type":"char","text":"s","windowsVirtualKeyCode":115}}
12:50:54.514 [nioEventLoopGroup-3-1] DEBUG com.intuit.karate.driver.chrome_1718781650048 -- << {"id":50,"result":{},"sessionId":"063E9AB1F8E8EB3E0A9A7C1CEC826B8C"}
12:50:54.514 [nioEventLoopGroup-3-1] DEBUG com.jayway.jsonpath.internal.path.CompiledPath -- Evaluating path: $
12:50:54.517 [main] DEBUG com.jayway.jsonpath.internal.path.CompiledPath -- Evaluating path: $['modifiers']
12:50:54.517 [main] DEBUG com.jayway.jsonpath.internal.path.CompiledPath -- Evaluating path: $
12:50:54.517 [main] DEBUG com.jayway.jsonpath.internal.path.CompiledPath -- Evaluating path: $
12:50:54.517 [main] DEBUG com.jayway.jsonpath.internal.JsonContext -- Put path $ key modifiers value {}
12:50:54.517 [main] DEBUG com.jayway.jsonpath.internal.path.CompiledPath -- Evaluating path: $
12:50:54.517 [main] DEBUG com.jayway.jsonpath.internal.JsonContext -- Put path $ key modifiers value 0
12:50:54.517 [main] DEBUG com.jayway.jsonpath.internal.path.CompiledPath -- Evaluating path: $['type']
12:50:54.517 [main] DEBUG com.jayway.jsonpath.internal.path.CompiledPath -- Evaluating path: $
12:50:54.517 [main] DEBUG com.jayway.jsonpath.internal.path.CompiledPath -- Evaluating path: $
12:50:54.517 [main] DEBUG com.jayway.jsonpath.internal.JsonContext -- Put path $ key type value {}
12:50:54.517 [main] DEBUG com.jayway.jsonpath.internal.path.CompiledPath -- Evaluating path: $
12:50:54.517 [main] DEBUG com.jayway.jsonpath.internal.JsonContext -- Put path $ key type value keyUp
12:50:54.517 [main] DEBUG com.jayway.jsonpath.internal.path.CompiledPath -- Evaluating path: $['text']
12:50:54.517 [main] DEBUG com.jayway.jsonpath.internal.path.CompiledPath -- Evaluating path: $
12:50:54.517 [main] DEBUG com.jayway.jsonpath.internal.path.CompiledPath -- Evaluating path: $
12:50:54.517 [main] DEBUG com.jayway.jsonpath.internal.JsonContext -- Put path $ key text value {}
12:50:54.517 [main] DEBUG com.jayway.jsonpath.internal.path.CompiledPath -- Evaluating path: $
12:50:54.517 [main] DEBUG com.jayway.jsonpath.internal.JsonContext -- Put path $ key text value s
12:50:54.517 [main] DEBUG com.jayway.jsonpath.internal.path.CompiledPath -- Evaluating path: $['windowsVirtualKeyCode']
12:50:54.517 [main] DEBUG com.jayway.jsonpath.internal.path.CompiledPath -- Evaluating path: $
12:50:54.517 [main] DEBUG com.jayway.jsonpath.internal.path.CompiledPath -- Evaluating path: $
12:50:54.517 [main] DEBUG com.jayway.jsonpath.internal.JsonContext -- Put path $ key windowsVirtualKeyCode value {}
12:50:54.517 [main] DEBUG com.jayway.jsonpath.internal.path.CompiledPath -- Evaluating path: $
12:50:54.517 [main] DEBUG com.jayway.jsonpath.internal.JsonContext -- Put path $ key windowsVirtualKeyCode value 115
12:50:54.517 [main] DEBUG com.jayway.jsonpath.internal.path.CompiledPath -- Evaluating path: $
12:50:54.517 [main] DEBUG com.intuit.karate.driver.chrome_1718781650048 -- >> {"id":51,"sessionId":"063E9AB1F8E8EB3E0A9A7C1CEC826B8C","method":"Input.dispatchKeyEvent","params":{"modifiers":0,"type":"keyUp","text":"s","windowsVirtualKeyCode":115}}
12:50:54.517 [nioEventLoopGroup-3-1] DEBUG com.intuit.karate.driver.chrome_1718781650048 -- << {"id":51,"result":{},"sessionId":"063E9AB1F8E8EB3E0A9A7C1CEC826B8C"}
12:50:54.517 [nioEventLoopGroup-3-1] DEBUG com.jayway.jsonpath.internal.path.CompiledPath -- Evaluating path: $
12:50:54.517 [main] DEBUG com.jayway.jsonpath.internal.path.CompiledPath -- Evaluating path: $['modifiers']
12:50:54.517 [main] DEBUG com.jayway.jsonpath.internal.path.CompiledPath -- Evaluating path: $
12:50:54.517 [main] DEBUG com.jayway.jsonpath.internal.path.CompiledPath -- Evaluating path: $
12:50:54.517 [main] DEBUG com.jayway.jsonpath.internal.JsonContext -- Put path $ key modifiers value {}
12:50:54.517 [main] DEBUG com.jayway.jsonpath.internal.path.CompiledPath -- Evaluating path: $
12:50:54.517 [main] DEBUG com.jayway.jsonpath.internal.JsonContext -- Put path $ key modifiers value 0
12:50:54.517 [main] DEBUG com.jayway.jsonpath.internal.path.CompiledPath -- Evaluating path: $['type']
12:50:54.517 [main] DEBUG com.jayway.jsonpath.internal.path.CompiledPath -- Evaluating path: $
12:50:54.517 [main] DEBUG com.jayway.jsonpath.internal.path.CompiledPath -- Evaluating path: $
12:50:54.517 [main] DEBUG com.jayway.jsonpath.internal.JsonContext -- Put path $ key type value {}
12:50:54.517 [main] DEBUG com.jayway.jsonpath.internal.path.CompiledPath -- Evaluating path: $
12:50:54.517 [main] DEBUG com.jayway.jsonpath.internal.JsonContext -- Put path $ key type value rawKeyDown
12:50:54.517 [main] DEBUG com.jayway.jsonpath.internal.path.CompiledPath -- Evaluating path: $['text']
12:50:54.517 [main] DEBUG com.jayway.jsonpath.internal.path.CompiledPath -- Evaluating path: $
12:50:54.517 [main] DEBUG com.jayway.jsonpath.internal.path.CompiledPath -- Evaluating path: $
12:50:54.517 [main] DEBUG com.jayway.jsonpath.internal.JsonContext -- Put path $ key text value {}
12:50:54.517 [main] DEBUG com.jayway.jsonpath.internal.path.CompiledPath -- Evaluating path: $
12:50:54.517 [main] DEBUG com.jayway.jsonpath.internal.JsonContext -- Put path $ key text value e
12:50:54.517 [main] DEBUG com.jayway.jsonpath.internal.path.CompiledPath -- Evaluating path: $['windowsVirtualKeyCode']
12:50:54.517 [main] DEBUG com.jayway.jsonpath.internal.path.CompiledPath -- Evaluating path: $
12:50:54.517 [main] DEBUG com.jayway.jsonpath.internal.path.CompiledPath -- Evaluating path: $
12:50:54.517 [main] DEBUG com.jayway.jsonpath.internal.JsonContext -- Put path $ key windowsVirtualKeyCode value {}
12:50:54.517 [main] DEBUG com.jayway.jsonpath.internal.path.CompiledPath -- Evaluating path: $
12:50:54.517 [main] DEBUG com.jayway.jsonpath.internal.JsonContext -- Put path $ key windowsVirtualKeyCode value 101
12:50:54.517 [main] DEBUG com.jayway.jsonpath.internal.path.CompiledPath -- Evaluating path: $
12:50:54.517 [main] DEBUG com.intuit.karate.driver.chrome_1718781650048 -- >> {"id":52,"sessionId":"063E9AB1F8E8EB3E0A9A7C1CEC826B8C","method":"Input.dispatchKeyEvent","params":{"modifiers":0,"type":"rawKeyDown","text":"e","windowsVirtualKeyCode":101}}
12:50:54.517 [nioEventLoopGroup-3-1] DEBUG com.intuit.karate.driver.chrome_1718781650048 -- << {"id":52,"result":{},"sessionId":"063E9AB1F8E8EB3E0A9A7C1CEC826B8C"}
12:50:54.517 [nioEventLoopGroup-3-1] DEBUG com.jayway.jsonpath.internal.path.CompiledPath -- Evaluating path: $
12:50:54.517 [main] DEBUG com.jayway.jsonpath.internal.path.CompiledPath -- Evaluating path: $['modifiers']
12:50:54.517 [main] DEBUG com.jayway.jsonpath.internal.path.CompiledPath -- Evaluating path: $
12:50:54.517 [main] DEBUG com.jayway.jsonpath.internal.path.CompiledPath -- Evaluating path: $
12:50:54.517 [main] DEBUG com.jayway.jsonpath.internal.JsonContext -- Put path $ key modifiers value {}
12:50:54.517 [main] DEBUG com.jayway.jsonpath.internal.path.CompiledPath -- Evaluating path: $
12:50:54.517 [main] DEBUG com.jayway.jsonpath.internal.JsonContext -- Put path $ key modifiers value 0
12:50:54.517 [main] DEBUG com.jayway.jsonpath.internal.path.CompiledPath -- Evaluating path: $['type']
12:50:54.517 [main] DEBUG com.jayway.jsonpath.internal.path.CompiledPath -- Evaluating path: $
12:50:54.517 [main] DEBUG com.jayway.jsonpath.internal.path.CompiledPath -- Evaluating path: $
12:50:54.517 [main] DEBUG com.jayway.jsonpath.internal.JsonContext -- Put path $ key type value {}
12:50:54.517 [main] DEBUG com.jayway.jsonpath.internal.path.CompiledPath -- Evaluating path: $
12:50:54.517 [main] DEBUG com.jayway.jsonpath.internal.JsonContext -- Put path $ key type value char
12:50:54.517 [main] DEBUG com.jayway.jsonpath.internal.path.CompiledPath -- Evaluating path: $['text']
12:50:54.517 [main] DEBUG com.jayway.jsonpath.internal.path.CompiledPath -- Evaluating path: $
12:50:54.517 [main] DEBUG com.jayway.jsonpath.internal.path.CompiledPath -- Evaluating path: $
12:50:54.517 [main] DEBUG com.jayway.jsonpath.internal.JsonContext -- Put path $ key text value {}
12:50:54.517 [main] DEBUG com.jayway.jsonpath.internal.path.CompiledPath -- Evaluating path: $
12:50:54.517 [main] DEBUG com.jayway.jsonpath.internal.JsonContext -- Put path $ key text value e
12:50:54.517 [main] DEBUG com.jayway.jsonpath.internal.path.CompiledPath -- Evaluating path: $['windowsVirtualKeyCode']
12:50:54.517 [main] DEBUG com.jayway.jsonpath.internal.path.CompiledPath -- Evaluating path: $
12:50:54.517 [main] DEBUG com.jayway.jsonpath.internal.path.CompiledPath -- Evaluating path: $
12:50:54.517 [main] DEBUG com.jayway.jsonpath.internal.JsonContext -- Put path $ key windowsVirtualKeyCode value {}
12:50:54.517 [main] DEBUG com.jayway.jsonpath.internal.path.CompiledPath -- Evaluating path: $
12:50:54.517 [main] DEBUG com.jayway.jsonpath.internal.JsonContext -- Put path $ key windowsVirtualKeyCode value 101
12:50:54.517 [main] DEBUG com.jayway.jsonpath.internal.path.CompiledPath -- Evaluating path: $
12:50:54.517 [main] DEBUG com.intuit.karate.driver.chrome_1718781650048 -- >> {"id":53,"sessionId":"063E9AB1F8E8EB3E0A9A7C1CEC826B8C","method":"Input.dispatchKeyEvent","params":{"modifiers":0,"type":"char","text":"e","windowsVirtualKeyCode":101}}
12:50:54.517 [nioEventLoopGroup-3-1] DEBUG com.intuit.karate.driver.chrome_1718781650048 -- << {"id":53,"result":{},"sessionId":"063E9AB1F8E8EB3E0A9A7C1CEC826B8C"}
12:50:54.517 [nioEventLoopGroup-3-1] DEBUG com.jayway.jsonpath.internal.path.CompiledPath -- Evaluating path: $
12:50:54.517 [main] DEBUG com.jayway.jsonpath.internal.path.CompiledPath -- Evaluating path: $['modifiers']
12:50:54.517 [main] DEBUG com.jayway.jsonpath.internal.path.CompiledPath -- Evaluating path: $
12:50:54.517 [main] DEBUG com.jayway.jsonpath.internal.path.CompiledPath -- Evaluating path: $
12:50:54.517 [main] DEBUG com.jayway.jsonpath.internal.JsonContext -- Put path $ key modifiers value {}
12:50:54.517 [main] DEBUG com.jayway.jsonpath.internal.path.CompiledPath -- Evaluating path: $
12:50:54.517 [main] DEBUG com.jayway.jsonpath.internal.JsonContext -- Put path $ key modifiers value 0
12:50:54.517 [main] DEBUG com.jayway.jsonpath.internal.path.CompiledPath -- Evaluating path: $['type']
12:50:54.517 [main] DEBUG com.jayway.jsonpath.internal.path.CompiledPath -- Evaluating path: $
12:50:54.517 [main] DEBUG com.jayway.jsonpath.internal.path.CompiledPath -- Evaluating path: $
12:50:54.517 [main] DEBUG com.jayway.jsonpath.internal.JsonContext -- Put path $ key type value {}
12:50:54.517 [main] DEBUG com.jayway.jsonpath.internal.path.CompiledPath -- Evaluating path: $
12:50:54.517 [main] DEBUG com.jayway.jsonpath.internal.JsonContext -- Put path $ key type value keyUp
12:50:54.517 [main] DEBUG com.jayway.jsonpath.internal.path.CompiledPath -- Evaluating path: $['text']
12:50:54.517 [main] DEBUG com.jayway.jsonpath.internal.path.CompiledPath -- Evaluating path: $
12:50:54.517 [main] DEBUG com.jayway.jsonpath.internal.path.CompiledPath -- Evaluating path: $
12:50:54.517 [main] DEBUG com.jayway.jsonpath.internal.JsonContext -- Put path $ key text value {}
12:50:54.517 [main] DEBUG com.jayway.jsonpath.internal.path.CompiledPath -- Evaluating path: $
12:50:54.517 [main] DEBUG com.jayway.jsonpath.internal.JsonContext -- Put path $ key text value e
12:50:54.517 [main] DEBUG com.jayway.jsonpath.internal.path.CompiledPath -- Evaluating path: $['windowsVirtualKeyCode']
12:50:54.517 [main] DEBUG com.jayway.jsonpath.internal.path.CompiledPath -- Evaluating path: $
12:50:54.517 [main] DEBUG com.jayway.jsonpath.internal.path.CompiledPath -- Evaluating path: $
12:50:54.517 [main] DEBUG com.jayway.jsonpath.internal.JsonContext -- Put path $ key windowsVirtualKeyCode value {}
12:50:54.517 [main] DEBUG com.jayway.jsonpath.internal.path.CompiledPath -- Evaluating path: $
12:50:54.517 [main] DEBUG com.jayway.jsonpath.internal.JsonContext -- Put path $ key windowsVirtualKeyCode value 101
12:50:54.517 [main] DEBUG com.jayway.jsonpath.internal.path.CompiledPath -- Evaluating path: $
12:50:54.517 [main] DEBUG com.intuit.karate.driver.chrome_1718781650048 -- >> {"id":54,"sessionId":"063E9AB1F8E8EB3E0A9A7C1CEC826B8C","method":"Input.dispatchKeyEvent","params":{"modifiers":0,"type":"keyUp","text":"e","windowsVirtualKeyCode":101}}
12:50:54.517 [nioEventLoopGroup-3-1] DEBUG com.intuit.karate.driver.chrome_1718781650048 -- << {"id":54,"result":{},"sessionId":"063E9AB1F8E8EB3E0A9A7C1CEC826B8C"}
12:50:54.517 [nioEventLoopGroup-3-1] DEBUG com.jayway.jsonpath.internal.path.CompiledPath -- Evaluating path: $
12:50:54.517 [main] DEBUG com.jayway.jsonpath.internal.path.CompiledPath -- Evaluating path: $['modifiers']
12:50:54.517 [main] DEBUG com.jayway.jsonpath.internal.path.CompiledPath -- Evaluating path: $
12:50:54.517 [main] DEBUG com.jayway.jsonpath.internal.path.CompiledPath -- Evaluating path: $
12:50:54.517 [main] DEBUG com.jayway.jsonpath.internal.JsonContext -- Put path $ key modifiers value {}
12:50:54.517 [main] DEBUG com.jayway.jsonpath.internal.path.CompiledPath -- Evaluating path: $
12:50:54.517 [main] DEBUG com.jayway.jsonpath.internal.JsonContext -- Put path $ key modifiers value 0
12:50:54.517 [main] DEBUG com.jayway.jsonpath.internal.path.CompiledPath -- Evaluating path: $['type']
12:50:54.517 [main] DEBUG com.jayway.jsonpath.internal.path.CompiledPath -- Evaluating path: $
12:50:54.517 [main] DEBUG com.jayway.jsonpath.internal.path.CompiledPath -- Evaluating path: $
12:50:54.517 [main] DEBUG com.jayway.jsonpath.internal.JsonContext -- Put path $ key type value {}
12:50:54.517 [main] DEBUG com.jayway.jsonpath.internal.path.CompiledPath -- Evaluating path: $
12:50:54.517 [main] DEBUG com.jayway.jsonpath.internal.JsonContext -- Put path $ key type value rawKeyDown
12:50:54.517 [main] DEBUG com.jayway.jsonpath.internal.path.CompiledPath -- Evaluating path: $['text']
12:50:54.517 [main] DEBUG com.jayway.jsonpath.internal.path.CompiledPath -- Evaluating path: $
12:50:54.517 [main] DEBUG com.jayway.jsonpath.internal.path.CompiledPath -- Evaluating path: $
12:50:54.517 [main] DEBUG com.jayway.jsonpath.internal.JsonContext -- Put path $ key text value {}
12:50:54.517 [main] DEBUG com.jayway.jsonpath.internal.path.CompiledPath -- Evaluating path: $
12:50:54.517 [main] DEBUG com.jayway.jsonpath.internal.JsonContext -- Put path $ key text value c
12:50:54.517 [main] DEBUG com.jayway.jsonpath.internal.path.CompiledPath -- Evaluating path: $['windowsVirtualKeyCode']
12:50:54.517 [main] DEBUG com.jayway.jsonpath.internal.path.CompiledPath -- Evaluating path: $
12:50:54.517 [main] DEBUG com.jayway.jsonpath.internal.path.CompiledPath -- Evaluating path: $
12:50:54.517 [main] DEBUG com.jayway.jsonpath.internal.JsonContext -- Put path $ key windowsVirtualKeyCode value {}
12:50:54.517 [main] DEBUG com.jayway.jsonpath.internal.path.CompiledPath -- Evaluating path: $
12:50:54.517 [main] DEBUG com.jayway.jsonpath.internal.JsonContext -- Put path $ key windowsVirtualKeyCode value 99
12:50:54.517 [main] DEBUG com.jayway.jsonpath.internal.path.CompiledPath -- Evaluating path: $
12:50:54.517 [main] DEBUG com.intuit.karate.driver.chrome_1718781650048 -- >> {"id":55,"sessionId":"063E9AB1F8E8EB3E0A9A7C1CEC826B8C","method":"Input.dispatchKeyEvent","params":{"modifiers":0,"type":"rawKeyDown","text":"c","windowsVirtualKeyCode":99}}
12:50:54.517 [nioEventLoopGroup-3-1] DEBUG com.intuit.karate.driver.chrome_1718781650048 -- << {"id":55,"result":{},"sessionId":"063E9AB1F8E8EB3E0A9A7C1CEC826B8C"}
12:50:54.517 [nioEventLoopGroup-3-1] DEBUG com.jayway.jsonpath.internal.path.CompiledPath -- Evaluating path: $
12:50:54.517 [main] DEBUG com.jayway.jsonpath.internal.path.CompiledPath -- Evaluating path: $['modifiers']
12:50:54.517 [main] DEBUG com.jayway.jsonpath.internal.path.CompiledPath -- Evaluating path: $
12:50:54.517 [main] DEBUG com.jayway.jsonpath.internal.path.CompiledPath -- Evaluating path: $
12:50:54.517 [main] DEBUG com.jayway.jsonpath.internal.JsonContext -- Put path $ key modifiers value {}
12:50:54.517 [main] DEBUG com.jayway.jsonpath.internal.path.CompiledPath -- Evaluating path: $
12:50:54.517 [main] DEBUG com.jayway.jsonpath.internal.JsonContext -- Put path $ key modifiers value 0
12:50:54.517 [main] DEBUG com.jayway.jsonpath.internal.path.CompiledPath -- Evaluating path: $['type']
12:50:54.517 [main] DEBUG com.jayway.jsonpath.internal.path.CompiledPath -- Evaluating path: $
12:50:54.517 [main] DEBUG com.jayway.jsonpath.internal.path.CompiledPath -- Evaluating path: $
12:50:54.517 [main] DEBUG com.jayway.jsonpath.internal.JsonContext -- Put path $ key type value {}
12:50:54.517 [main] DEBUG com.jayway.jsonpath.internal.path.CompiledPath -- Evaluating path: $
12:50:54.517 [main] DEBUG com.jayway.jsonpath.internal.JsonContext -- Put path $ key type value char
12:50:54.517 [main] DEBUG com.jayway.jsonpath.internal.path.CompiledPath -- Evaluating path: $['text']
12:50:54.517 [main] DEBUG com.jayway.jsonpath.internal.path.CompiledPath -- Evaluating path: $
12:50:54.517 [main] DEBUG com.jayway.jsonpath.internal.path.CompiledPath -- Evaluating path: $
12:50:54.517 [main] DEBUG com.jayway.jsonpath.internal.JsonContext -- Put path $ key text value {}
12:50:54.517 [main] DEBUG com.jayway.jsonpath.internal.path.CompiledPath -- Evaluating path: $
12:50:54.517 [main] DEBUG com.jayway.jsonpath.internal.JsonContext -- Put path $ key text value c
12:50:54.517 [main] DEBUG com.jayway.jsonpath.internal.path.CompiledPath -- Evaluating path: $['windowsVirtualKeyCode']
12:50:54.517 [main] DEBUG com.jayway.jsonpath.internal.path.CompiledPath -- Evaluating path: $
12:50:54.517 [main] DEBUG com.jayway.jsonpath.internal.path.CompiledPath -- Evaluating path: $
12:50:54.517 [main] DEBUG com.jayway.jsonpath.internal.JsonContext -- Put path $ key windowsVirtualKeyCode value {}
12:50:54.517 [main] DEBUG com.jayway.jsonpath.internal.path.CompiledPath -- Evaluating path: $
12:50:54.517 [main] DEBUG com.jayway.jsonpath.internal.JsonContext -- Put path $ key windowsVirtualKeyCode value 99
12:50:54.517 [main] DEBUG com.jayway.jsonpath.internal.path.CompiledPath -- Evaluating path: $
12:50:54.517 [main] DEBUG com.intuit.karate.driver.chrome_1718781650048 -- >> {"id":56,"sessionId":"063E9AB1F8E8EB3E0A9A7C1CEC826B8C","method":"Input.dispatchKeyEvent","params":{"modifiers":0,"type":"char","text":"c","windowsVirtualKeyCode":99}}
12:50:54.517 [nioEventLoopGroup-3-1] DEBUG com.intuit.karate.driver.chrome_1718781650048 -- << {"id":56,"result":{},"sessionId":"063E9AB1F8E8EB3E0A9A7C1CEC826B8C"}
12:50:54.517 [nioEventLoopGroup-3-1] DEBUG com.jayway.jsonpath.internal.path.CompiledPath -- Evaluating path: $
12:50:54.517 [main] DEBUG com.jayway.jsonpath.internal.path.CompiledPath -- Evaluating path: $['modifiers']
12:50:54.517 [main] DEBUG com.jayway.jsonpath.internal.path.CompiledPath -- Evaluating path: $
12:50:54.517 [main] DEBUG com.jayway.jsonpath.internal.path.CompiledPath -- Evaluating path: $
12:50:54.517 [main] DEBUG com.jayway.jsonpath.internal.JsonContext -- Put path $ key modifiers value {}
12:50:54.517 [main] DEBUG com.jayway.jsonpath.internal.path.CompiledPath -- Evaluating path: $
12:50:54.517 [main] DEBUG com.jayway.jsonpath.internal.JsonContext -- Put path $ key modifiers value 0
12:50:54.517 [main] DEBUG com.jayway.jsonpath.internal.path.CompiledPath -- Evaluating path: $['type']
12:50:54.517 [main] DEBUG com.jayway.jsonpath.internal.path.CompiledPath -- Evaluating path: $
12:50:54.517 [main] DEBUG com.jayway.jsonpath.internal.path.CompiledPath -- Evaluating path: $
12:50:54.517 [main] DEBUG com.jayway.jsonpath.internal.JsonContext -- Put path $ key type value {}
12:50:54.517 [main] DEBUG com.jayway.jsonpath.internal.path.CompiledPath -- Evaluating path: $
12:50:54.517 [main] DEBUG com.jayway.jsonpath.internal.JsonContext -- Put path $ key type value keyUp
12:50:54.517 [main] DEBUG com.jayway.jsonpath.internal.path.CompiledPath -- Evaluating path: $['text']
12:50:54.517 [main] DEBUG com.jayway.jsonpath.internal.path.CompiledPath -- Evaluating path: $
12:50:54.517 [main] DEBUG com.jayway.jsonpath.internal.path.CompiledPath -- Evaluating path: $
12:50:54.517 [main] DEBUG com.jayway.jsonpath.internal.JsonContext -- Put path $ key text value {}
12:50:54.517 [main] DEBUG com.jayway.jsonpath.internal.path.CompiledPath -- Evaluating path: $
12:50:54.517 [main] DEBUG com.jayway.jsonpath.internal.JsonContext -- Put path $ key text value c
12:50:54.517 [main] DEBUG com.jayway.jsonpath.internal.path.CompiledPath -- Evaluating path: $['windowsVirtualKeyCode']
12:50:54.517 [main] DEBUG com.jayway.jsonpath.internal.path.CompiledPath -- Evaluating path: $
12:50:54.517 [main] DEBUG com.jayway.jsonpath.internal.path.CompiledPath -- Evaluating path: $
12:50:54.517 [main] DEBUG com.jayway.jsonpath.internal.JsonContext -- Put path $ key windowsVirtualKeyCode value {}
12:50:54.517 [main] DEBUG com.jayway.jsonpath.internal.path.CompiledPath -- Evaluating path: $
12:50:54.517 [main] DEBUG com.jayway.jsonpath.internal.JsonContext -- Put path $ key windowsVirtualKeyCode value 99
12:50:54.517 [main] DEBUG com.jayway.jsonpath.internal.path.CompiledPath -- Evaluating path: $
12:50:54.517 [main] DEBUG com.intuit.karate.driver.chrome_1718781650048 -- >> {"id":57,"sessionId":"063E9AB1F8E8EB3E0A9A7C1CEC826B8C","method":"Input.dispatchKeyEvent","params":{"modifiers":0,"type":"keyUp","text":"c","windowsVirtualKeyCode":99}}
12:50:54.531 [nioEventLoopGroup-3-1] DEBUG com.intuit.karate.driver.chrome_1718781650048 -- << {"id":57,"result":{},"sessionId":"063E9AB1F8E8EB3E0A9A7C1CEC826B8C"}
12:50:54.531 [nioEventLoopGroup-3-1] DEBUG com.jayway.jsonpath.internal.path.CompiledPath -- Evaluating path: $
12:50:54.531 [main] DEBUG com.jayway.jsonpath.internal.path.CompiledPath -- Evaluating path: $['modifiers']
12:50:54.531 [main] DEBUG com.jayway.jsonpath.internal.path.CompiledPath -- Evaluating path: $
12:50:54.531 [main] DEBUG com.jayway.jsonpath.internal.path.CompiledPath -- Evaluating path: $
12:50:54.531 [main] DEBUG com.jayway.jsonpath.internal.JsonContext -- Put path $ key modifiers value {}
12:50:54.531 [main] DEBUG com.jayway.jsonpath.internal.path.CompiledPath -- Evaluating path: $
12:50:54.531 [main] DEBUG com.jayway.jsonpath.internal.JsonContext -- Put path $ key modifiers value 0
12:50:54.531 [main] DEBUG com.jayway.jsonpath.internal.path.CompiledPath -- Evaluating path: $['type']
12:50:54.531 [main] DEBUG com.jayway.jsonpath.internal.path.CompiledPath -- Evaluating path: $
12:50:54.531 [main] DEBUG com.jayway.jsonpath.internal.path.CompiledPath -- Evaluating path: $
12:50:54.531 [main] DEBUG com.jayway.jsonpath.internal.JsonContext -- Put path $ key type value {}
12:50:54.531 [main] DEBUG com.jayway.jsonpath.internal.path.CompiledPath -- Evaluating path: $
12:50:54.531 [main] DEBUG com.jayway.jsonpath.internal.JsonContext -- Put path $ key type value rawKeyDown
12:50:54.531 [main] DEBUG com.jayway.jsonpath.internal.path.CompiledPath -- Evaluating path: $['text']
12:50:54.531 [main] DEBUG com.jayway.jsonpath.internal.path.CompiledPath -- Evaluating path: $
12:50:54.531 [main] DEBUG com.jayway.jsonpath.internal.path.CompiledPath -- Evaluating path: $
12:50:54.531 [main] DEBUG com.jayway.jsonpath.internal.JsonContext -- Put path $ key text value {}
12:50:54.531 [main] DEBUG com.jayway.jsonpath.internal.path.CompiledPath -- Evaluating path: $
12:50:54.531 [main] DEBUG com.jayway.jsonpath.internal.JsonContext -- Put path $ key text value r
12:50:54.531 [main] DEBUG com.jayway.jsonpath.internal.path.CompiledPath -- Evaluating path: $['windowsVirtualKeyCode']
12:50:54.531 [main] DEBUG com.jayway.jsonpath.internal.path.CompiledPath -- Evaluating path: $
12:50:54.531 [main] DEBUG com.jayway.jsonpath.internal.path.CompiledPath -- Evaluating path: $
12:50:54.531 [main] DEBUG com.jayway.jsonpath.internal.JsonContext -- Put path $ key windowsVirtualKeyCode value {}
12:50:54.531 [main] DEBUG com.jayway.jsonpath.internal.path.CompiledPath -- Evaluating path: $
12:50:54.531 [main] DEBUG com.jayway.jsonpath.internal.JsonContext -- Put path $ key windowsVirtualKeyCode value 114
12:50:54.531 [main] DEBUG com.jayway.jsonpath.internal.path.CompiledPath -- Evaluating path: $
12:50:54.531 [main] DEBUG com.intuit.karate.driver.chrome_1718781650048 -- >> {"id":58,"sessionId":"063E9AB1F8E8EB3E0A9A7C1CEC826B8C","method":"Input.dispatchKeyEvent","params":{"modifiers":0,"type":"rawKeyDown","text":"r","windowsVirtualKeyCode":114}}
12:50:54.532 [nioEventLoopGroup-3-1] DEBUG com.intuit.karate.driver.chrome_1718781650048 -- << {"id":58,"result":{},"sessionId":"063E9AB1F8E8EB3E0A9A7C1CEC826B8C"}
12:50:54.532 [nioEventLoopGroup-3-1] DEBUG com.jayway.jsonpath.internal.path.CompiledPath -- Evaluating path: $
12:50:54.532 [main] DEBUG com.jayway.jsonpath.internal.path.CompiledPath -- Evaluating path: $['modifiers']
12:50:54.532 [main] DEBUG com.jayway.jsonpath.internal.path.CompiledPath -- Evaluating path: $
12:50:54.532 [main] DEBUG com.jayway.jsonpath.internal.path.CompiledPath -- Evaluating path: $
12:50:54.532 [main] DEBUG com.jayway.jsonpath.internal.JsonContext -- Put path $ key modifiers value {}
12:50:54.532 [main] DEBUG com.jayway.jsonpath.internal.path.CompiledPath -- Evaluating path: $
12:50:54.532 [main] DEBUG com.jayway.jsonpath.internal.JsonContext -- Put path $ key modifiers value 0
12:50:54.532 [main] DEBUG com.jayway.jsonpath.internal.path.CompiledPath -- Evaluating path: $['type']
12:50:54.532 [main] DEBUG com.jayway.jsonpath.internal.path.CompiledPath -- Evaluating path: $
12:50:54.532 [main] DEBUG com.jayway.jsonpath.internal.path.CompiledPath -- Evaluating path: $
12:50:54.532 [main] DEBUG com.jayway.jsonpath.internal.JsonContext -- Put path $ key type value {}
12:50:54.532 [main] DEBUG com.jayway.jsonpath.internal.path.CompiledPath -- Evaluating path: $
12:50:54.532 [main] DEBUG com.jayway.jsonpath.internal.JsonContext -- Put path $ key type value char
12:50:54.532 [main] DEBUG com.jayway.jsonpath.internal.path.CompiledPath -- Evaluating path: $['text']
12:50:54.532 [main] DEBUG com.jayway.jsonpath.internal.path.CompiledPath -- Evaluating path: $
12:50:54.532 [main] DEBUG com.jayway.jsonpath.internal.path.CompiledPath -- Evaluating path: $
12:50:54.532 [main] DEBUG com.jayway.jsonpath.internal.JsonContext -- Put path $ key text value {}
12:50:54.532 [main] DEBUG com.jayway.jsonpath.internal.path.CompiledPath -- Evaluating path: $
12:50:54.532 [main] DEBUG com.jayway.jsonpath.internal.JsonContext -- Put path $ key text value r
12:50:54.532 [main] DEBUG com.jayway.jsonpath.internal.path.CompiledPath -- Evaluating path: $['windowsVirtualKeyCode']
12:50:54.532 [main] DEBUG com.jayway.jsonpath.internal.path.CompiledPath -- Evaluating path: $
12:50:54.532 [main] DEBUG com.jayway.jsonpath.internal.path.CompiledPath -- Evaluating path: $
12:50:54.532 [main] DEBUG com.jayway.jsonpath.internal.JsonContext -- Put path $ key windowsVirtualKeyCode value {}
12:50:54.532 [main] DEBUG com.jayway.jsonpath.internal.path.CompiledPath -- Evaluating path: $
12:50:54.532 [main] DEBUG com.jayway.jsonpath.internal.JsonContext -- Put path $ key windowsVirtualKeyCode value 114
12:50:54.532 [main] DEBUG com.jayway.jsonpath.internal.path.CompiledPath -- Evaluating path: $
12:50:54.532 [main] DEBUG com.intuit.karate.driver.chrome_1718781650048 -- >> {"id":59,"sessionId":"063E9AB1F8E8EB3E0A9A7C1CEC826B8C","method":"Input.dispatchKeyEvent","params":{"modifiers":0,"type":"char","text":"r","windowsVirtualKeyCode":114}}
12:50:54.536 [nioEventLoopGroup-3-1] DEBUG com.intuit.karate.driver.chrome_1718781650048 -- << {"id":59,"result":{},"sessionId":"063E9AB1F8E8EB3E0A9A7C1CEC826B8C"}
12:50:54.536 [nioEventLoopGroup-3-1] DEBUG com.jayway.jsonpath.internal.path.CompiledPath -- Evaluating path: $
12:50:54.536 [main] DEBUG com.jayway.jsonpath.internal.path.CompiledPath -- Evaluating path: $['modifiers']
12:50:54.536 [main] DEBUG com.jayway.jsonpath.internal.path.CompiledPath -- Evaluating path: $
12:50:54.536 [main] DEBUG com.jayway.jsonpath.internal.path.CompiledPath -- Evaluating path: $
12:50:54.536 [main] DEBUG com.jayway.jsonpath.internal.JsonContext -- Put path $ key modifiers value {}
12:50:54.536 [main] DEBUG com.jayway.jsonpath.internal.path.CompiledPath -- Evaluating path: $
12:50:54.536 [main] DEBUG com.jayway.jsonpath.internal.JsonContext -- Put path $ key modifiers value 0
12:50:54.536 [main] DEBUG com.jayway.jsonpath.internal.path.CompiledPath -- Evaluating path: $['type']
12:50:54.536 [main] DEBUG com.jayway.jsonpath.internal.path.CompiledPath -- Evaluating path: $
12:50:54.536 [main] DEBUG com.jayway.jsonpath.internal.path.CompiledPath -- Evaluating path: $
12:50:54.536 [main] DEBUG com.jayway.jsonpath.internal.JsonContext -- Put path $ key type value {}
12:50:54.536 [main] DEBUG com.jayway.jsonpath.internal.path.CompiledPath -- Evaluating path: $
12:50:54.536 [main] DEBUG com.jayway.jsonpath.internal.JsonContext -- Put path $ key type value keyUp
12:50:54.536 [main] DEBUG com.jayway.jsonpath.internal.path.CompiledPath -- Evaluating path: $['text']
12:50:54.536 [main] DEBUG com.jayway.jsonpath.internal.path.CompiledPath -- Evaluating path: $
12:50:54.536 [main] DEBUG com.jayway.jsonpath.internal.path.CompiledPath -- Evaluating path: $
12:50:54.536 [main] DEBUG com.jayway.jsonpath.internal.JsonContext -- Put path $ key text value {}
12:50:54.536 [main] DEBUG com.jayway.jsonpath.internal.path.CompiledPath -- Evaluating path: $
12:50:54.536 [main] DEBUG com.jayway.jsonpath.internal.JsonContext -- Put path $ key text value r
12:50:54.536 [main] DEBUG com.jayway.jsonpath.internal.path.CompiledPath -- Evaluating path: $['windowsVirtualKeyCode']
12:50:54.536 [main] DEBUG com.jayway.jsonpath.internal.path.CompiledPath -- Evaluating path: $
12:50:54.536 [main] DEBUG com.jayway.jsonpath.internal.path.CompiledPath -- Evaluating path: $
12:50:54.536 [main] DEBUG com.jayway.jsonpath.internal.JsonContext -- Put path $ key windowsVirtualKeyCode value {}
12:50:54.536 [main] DEBUG com.jayway.jsonpath.internal.path.CompiledPath -- Evaluating path: $
12:50:54.536 [main] DEBUG com.jayway.jsonpath.internal.JsonContext -- Put path $ key windowsVirtualKeyCode value 114
12:50:54.536 [main] DEBUG com.jayway.jsonpath.internal.path.CompiledPath -- Evaluating path: $
12:50:54.536 [main] DEBUG com.intuit.karate.driver.chrome_1718781650048 -- >> {"id":60,"sessionId":"063E9AB1F8E8EB3E0A9A7C1CEC826B8C","method":"Input.dispatchKeyEvent","params":{"modifiers":0,"type":"keyUp","text":"r","windowsVirtualKeyCode":114}}
12:50:54.538 [nioEventLoopGroup-3-1] DEBUG com.intuit.karate.driver.chrome_1718781650048 -- << {"id":60,"result":{},"sessionId":"063E9AB1F8E8EB3E0A9A7C1CEC826B8C"}
12:50:54.538 [nioEventLoopGroup-3-1] DEBUG com.jayway.jsonpath.internal.path.CompiledPath -- Evaluating path: $
12:50:54.538 [main] DEBUG com.jayway.jsonpath.internal.path.CompiledPath -- Evaluating path: $['modifiers']
12:50:54.538 [main] DEBUG com.jayway.jsonpath.internal.path.CompiledPath -- Evaluating path: $
12:50:54.538 [main] DEBUG com.jayway.jsonpath.internal.path.CompiledPath -- Evaluating path: $
12:50:54.538 [main] DEBUG com.jayway.jsonpath.internal.JsonContext -- Put path $ key modifiers value {}
12:50:54.538 [main] DEBUG com.jayway.jsonpath.internal.path.CompiledPath -- Evaluating path: $
12:50:54.538 [main] DEBUG com.jayway.jsonpath.internal.JsonContext -- Put path $ key modifiers value 0
12:50:54.538 [main] DEBUG com.jayway.jsonpath.internal.path.CompiledPath -- Evaluating path: $['type']
12:50:54.538 [main] DEBUG com.jayway.jsonpath.internal.path.CompiledPath -- Evaluating path: $
12:50:54.538 [main] DEBUG com.jayway.jsonpath.internal.path.CompiledPath -- Evaluating path: $
12:50:54.538 [main] DEBUG com.jayway.jsonpath.internal.JsonContext -- Put path $ key type value {}
12:50:54.538 [main] DEBUG com.jayway.jsonpath.internal.path.CompiledPath -- Evaluating path: $
12:50:54.538 [main] DEBUG com.jayway.jsonpath.internal.JsonContext -- Put path $ key type value rawKeyDown
12:50:54.538 [main] DEBUG com.jayway.jsonpath.internal.path.CompiledPath -- Evaluating path: $['text']
12:50:54.538 [main] DEBUG com.jayway.jsonpath.internal.path.CompiledPath -- Evaluating path: $
12:50:54.538 [main] DEBUG com.jayway.jsonpath.internal.path.CompiledPath -- Evaluating path: $
12:50:54.538 [main] DEBUG com.jayway.jsonpath.internal.JsonContext -- Put path $ key text value {}
12:50:54.538 [main] DEBUG com.jayway.jsonpath.internal.path.CompiledPath -- Evaluating path: $
12:50:54.538 [main] DEBUG com.jayway.jsonpath.internal.JsonContext -- Put path $ key text value e
12:50:54.538 [main] DEBUG com.jayway.jsonpath.internal.path.CompiledPath -- Evaluating path: $['windowsVirtualKeyCode']
12:50:54.538 [main] DEBUG com.jayway.jsonpath.internal.path.CompiledPath -- Evaluating path: $
12:50:54.538 [main] DEBUG com.jayway.jsonpath.internal.path.CompiledPath -- Evaluating path: $
12:50:54.538 [main] DEBUG com.jayway.jsonpath.internal.JsonContext -- Put path $ key windowsVirtualKeyCode value {}
12:50:54.538 [main] DEBUG com.jayway.jsonpath.internal.path.CompiledPath -- Evaluating path: $
12:50:54.538 [main] DEBUG com.jayway.jsonpath.internal.JsonContext -- Put path $ key windowsVirtualKeyCode value 101
12:50:54.538 [main] DEBUG com.jayway.jsonpath.internal.path.CompiledPath -- Evaluating path: $
12:50:54.538 [main] DEBUG com.intuit.karate.driver.chrome_1718781650048 -- >> {"id":61,"sessionId":"063E9AB1F8E8EB3E0A9A7C1CEC826B8C","method":"Input.dispatchKeyEvent","params":{"modifiers":0,"type":"rawKeyDown","text":"e","windowsVirtualKeyCode":101}}
12:50:54.540 [nioEventLoopGroup-3-1] DEBUG com.intuit.karate.driver.chrome_1718781650048 -- << {"id":61,"result":{},"sessionId":"063E9AB1F8E8EB3E0A9A7C1CEC826B8C"}
12:50:54.540 [nioEventLoopGroup-3-1] DEBUG com.jayway.jsonpath.internal.path.CompiledPath -- Evaluating path: $
12:50:54.540 [main] DEBUG com.jayway.jsonpath.internal.path.CompiledPath -- Evaluating path: $['modifiers']
12:50:54.540 [main] DEBUG com.jayway.jsonpath.internal.path.CompiledPath -- Evaluating path: $
12:50:54.540 [main] DEBUG com.jayway.jsonpath.internal.path.CompiledPath -- Evaluating path: $
12:50:54.540 [main] DEBUG com.jayway.jsonpath.internal.JsonContext -- Put path $ key modifiers value {}
12:50:54.540 [main] DEBUG com.jayway.jsonpath.internal.path.CompiledPath -- Evaluating path: $
12:50:54.540 [main] DEBUG com.jayway.jsonpath.internal.JsonContext -- Put path $ key modifiers value 0
12:50:54.540 [main] DEBUG com.jayway.jsonpath.internal.path.CompiledPath -- Evaluating path: $['type']
12:50:54.540 [main] DEBUG com.jayway.jsonpath.internal.path.CompiledPath -- Evaluating path: $
12:50:54.540 [main] DEBUG com.jayway.jsonpath.internal.path.CompiledPath -- Evaluating path: $
12:50:54.540 [main] DEBUG com.jayway.jsonpath.internal.JsonContext -- Put path $ key type value {}
12:50:54.540 [main] DEBUG com.jayway.jsonpath.internal.path.CompiledPath -- Evaluating path: $
12:50:54.540 [main] DEBUG com.jayway.jsonpath.internal.JsonContext -- Put path $ key type value char
12:50:54.540 [main] DEBUG com.jayway.jsonpath.internal.path.CompiledPath -- Evaluating path: $['text']
12:50:54.540 [main] DEBUG com.jayway.jsonpath.internal.path.CompiledPath -- Evaluating path: $
12:50:54.540 [main] DEBUG com.jayway.jsonpath.internal.path.CompiledPath -- Evaluating path: $
12:50:54.540 [main] DEBUG com.jayway.jsonpath.internal.JsonContext -- Put path $ key text value {}
12:50:54.540 [main] DEBUG com.jayway.jsonpath.internal.path.CompiledPath -- Evaluating path: $
12:50:54.540 [main] DEBUG com.jayway.jsonpath.internal.JsonContext -- Put path $ key text value e
12:50:54.540 [main] DEBUG com.jayway.jsonpath.internal.path.CompiledPath -- Evaluating path: $['windowsVirtualKeyCode']
12:50:54.540 [main] DEBUG com.jayway.jsonpath.internal.path.CompiledPath -- Evaluating path: $
12:50:54.540 [main] DEBUG com.jayway.jsonpath.internal.path.CompiledPath -- Evaluating path: $
12:50:54.540 [main] DEBUG com.jayway.jsonpath.internal.JsonContext -- Put path $ key windowsVirtualKeyCode value {}
12:50:54.540 [main] DEBUG com.jayway.jsonpath.internal.path.CompiledPath -- Evaluating path: $
12:50:54.540 [main] DEBUG com.jayway.jsonpath.internal.JsonContext -- Put path $ key windowsVirtualKeyCode value 101
12:50:54.540 [main] DEBUG com.jayway.jsonpath.internal.path.CompiledPath -- Evaluating path: $
12:50:54.540 [main] DEBUG com.intuit.karate.driver.chrome_1718781650048 -- >> {"id":62,"sessionId":"063E9AB1F8E8EB3E0A9A7C1CEC826B8C","method":"Input.dispatchKeyEvent","params":{"modifiers":0,"type":"char","text":"e","windowsVirtualKeyCode":101}}
12:50:54.543 [nioEventLoopGroup-3-1] DEBUG com.intuit.karate.driver.chrome_1718781650048 -- << {"id":62,"result":{},"sessionId":"063E9AB1F8E8EB3E0A9A7C1CEC826B8C"}
12:50:54.543 [nioEventLoopGroup-3-1] DEBUG com.jayway.jsonpath.internal.path.CompiledPath -- Evaluating path: $
12:50:54.543 [main] DEBUG com.jayway.jsonpath.internal.path.CompiledPath -- Evaluating path: $['modifiers']
12:50:54.543 [main] DEBUG com.jayway.jsonpath.internal.path.CompiledPath -- Evaluating path: $
12:50:54.543 [main] DEBUG com.jayway.jsonpath.internal.path.CompiledPath -- Evaluating path: $
12:50:54.543 [main] DEBUG com.jayway.jsonpath.internal.JsonContext -- Put path $ key modifiers value {}
12:50:54.543 [main] DEBUG com.jayway.jsonpath.internal.path.CompiledPath -- Evaluating path: $
12:50:54.543 [main] DEBUG com.jayway.jsonpath.internal.JsonContext -- Put path $ key modifiers value 0
12:50:54.543 [main] DEBUG com.jayway.jsonpath.internal.path.CompiledPath -- Evaluating path: $['type']
12:50:54.543 [main] DEBUG com.jayway.jsonpath.internal.path.CompiledPath -- Evaluating path: $
12:50:54.543 [main] DEBUG com.jayway.jsonpath.internal.path.CompiledPath -- Evaluating path: $
12:50:54.543 [main] DEBUG com.jayway.jsonpath.internal.JsonContext -- Put path $ key type value {}
12:50:54.543 [main] DEBUG com.jayway.jsonpath.internal.path.CompiledPath -- Evaluating path: $
12:50:54.543 [main] DEBUG com.jayway.jsonpath.internal.JsonContext -- Put path $ key type value keyUp
12:50:54.543 [main] DEBUG com.jayway.jsonpath.internal.path.CompiledPath -- Evaluating path: $['text']
12:50:54.543 [main] DEBUG com.jayway.jsonpath.internal.path.CompiledPath -- Evaluating path: $
12:50:54.543 [main] DEBUG com.jayway.jsonpath.internal.path.CompiledPath -- Evaluating path: $
12:50:54.543 [main] DEBUG com.jayway.jsonpath.internal.JsonContext -- Put path $ key text value {}
12:50:54.543 [main] DEBUG com.jayway.jsonpath.internal.path.CompiledPath -- Evaluating path: $
12:50:54.543 [main] DEBUG com.jayway.jsonpath.internal.JsonContext -- Put path $ key text value e
12:50:54.543 [main] DEBUG com.jayway.jsonpath.internal.path.CompiledPath -- Evaluating path: $['windowsVirtualKeyCode']
12:50:54.543 [main] DEBUG com.jayway.jsonpath.internal.path.CompiledPath -- Evaluating path: $
12:50:54.543 [main] DEBUG com.jayway.jsonpath.internal.path.CompiledPath -- Evaluating path: $
12:50:54.543 [main] DEBUG com.jayway.jsonpath.internal.JsonContext -- Put path $ key windowsVirtualKeyCode value {}
12:50:54.543 [main] DEBUG com.jayway.jsonpath.internal.path.CompiledPath -- Evaluating path: $
12:50:54.543 [main] DEBUG com.jayway.jsonpath.internal.JsonContext -- Put path $ key windowsVirtualKeyCode value 101
12:50:54.543 [main] DEBUG com.jayway.jsonpath.internal.path.CompiledPath -- Evaluating path: $
12:50:54.543 [main] DEBUG com.intuit.karate.driver.chrome_1718781650048 -- >> {"id":63,"sessionId":"063E9AB1F8E8EB3E0A9A7C1CEC826B8C","method":"Input.dispatchKeyEvent","params":{"modifiers":0,"type":"keyUp","text":"e","windowsVirtualKeyCode":101}}
12:50:54.544 [nioEventLoopGroup-3-1] DEBUG com.intuit.karate.driver.chrome_1718781650048 -- << {"id":63,"result":{},"sessionId":"063E9AB1F8E8EB3E0A9A7C1CEC826B8C"}
12:50:54.544 [nioEventLoopGroup-3-1] DEBUG com.jayway.jsonpath.internal.path.CompiledPath -- Evaluating path: $
12:50:54.544 [main] DEBUG com.jayway.jsonpath.internal.path.CompiledPath -- Evaluating path: $['modifiers']
12:50:54.544 [main] DEBUG com.jayway.jsonpath.internal.path.CompiledPath -- Evaluating path: $
12:50:54.544 [main] DEBUG com.jayway.jsonpath.internal.path.CompiledPath -- Evaluating path: $
12:50:54.544 [main] DEBUG com.jayway.jsonpath.internal.JsonContext -- Put path $ key modifiers value {}
12:50:54.544 [main] DEBUG com.jayway.jsonpath.internal.path.CompiledPath -- Evaluating path: $
12:50:54.544 [main] DEBUG com.jayway.jsonpath.internal.JsonContext -- Put path $ key modifiers value 0
12:50:54.544 [main] DEBUG com.jayway.jsonpath.internal.path.CompiledPath -- Evaluating path: $['type']
12:50:54.544 [main] DEBUG com.jayway.jsonpath.internal.path.CompiledPath -- Evaluating path: $
12:50:54.544 [main] DEBUG com.jayway.jsonpath.internal.path.CompiledPath -- Evaluating path: $
12:50:54.544 [main] DEBUG com.jayway.jsonpath.internal.JsonContext -- Put path $ key type value {}
12:50:54.544 [main] DEBUG com.jayway.jsonpath.internal.path.CompiledPath -- Evaluating path: $
12:50:54.544 [main] DEBUG com.jayway.jsonpath.internal.JsonContext -- Put path $ key type value rawKeyDown
12:50:54.544 [main] DEBUG com.jayway.jsonpath.internal.path.CompiledPath -- Evaluating path: $['text']
12:50:54.544 [main] DEBUG com.jayway.jsonpath.internal.path.CompiledPath -- Evaluating path: $
12:50:54.544 [main] DEBUG com.jayway.jsonpath.internal.path.CompiledPath -- Evaluating path: $
12:50:54.544 [main] DEBUG com.jayway.jsonpath.internal.JsonContext -- Put path $ key text value {}
12:50:54.544 [main] DEBUG com.jayway.jsonpath.internal.path.CompiledPath -- Evaluating path: $
12:50:54.544 [main] DEBUG com.jayway.jsonpath.internal.JsonContext -- Put path $ key text value t
12:50:54.544 [main] DEBUG com.jayway.jsonpath.internal.path.CompiledPath -- Evaluating path: $['windowsVirtualKeyCode']
12:50:54.544 [main] DEBUG com.jayway.jsonpath.internal.path.CompiledPath -- Evaluating path: $
12:50:54.544 [main] DEBUG com.jayway.jsonpath.internal.path.CompiledPath -- Evaluating path: $
12:50:54.544 [main] DEBUG com.jayway.jsonpath.internal.JsonContext -- Put path $ key windowsVirtualKeyCode value {}
12:50:54.544 [main] DEBUG com.jayway.jsonpath.internal.path.CompiledPath -- Evaluating path: $
12:50:54.544 [main] DEBUG com.jayway.jsonpath.internal.JsonContext -- Put path $ key windowsVirtualKeyCode value 116
12:50:54.544 [main] DEBUG com.jayway.jsonpath.internal.path.CompiledPath -- Evaluating path: $
12:50:54.544 [main] DEBUG com.intuit.karate.driver.chrome_1718781650048 -- >> {"id":64,"sessionId":"063E9AB1F8E8EB3E0A9A7C1CEC826B8C","method":"Input.dispatchKeyEvent","params":{"modifiers":0,"type":"rawKeyDown","text":"t","windowsVirtualKeyCode":116}}
12:50:54.545 [nioEventLoopGroup-3-1] DEBUG com.intuit.karate.driver.chrome_1718781650048 -- << {"id":64,"result":{},"sessionId":"063E9AB1F8E8EB3E0A9A7C1CEC826B8C"}
12:50:54.545 [nioEventLoopGroup-3-1] DEBUG com.jayway.jsonpath.internal.path.CompiledPath -- Evaluating path: $
12:50:54.545 [main] DEBUG com.jayway.jsonpath.internal.path.CompiledPath -- Evaluating path: $['modifiers']
12:50:54.545 [main] DEBUG com.jayway.jsonpath.internal.path.CompiledPath -- Evaluating path: $
12:50:54.545 [main] DEBUG com.jayway.jsonpath.internal.path.CompiledPath -- Evaluating path: $
12:50:54.545 [main] DEBUG com.jayway.jsonpath.internal.JsonContext -- Put path $ key modifiers value {}
12:50:54.545 [main] DEBUG com.jayway.jsonpath.internal.path.CompiledPath -- Evaluating path: $
12:50:54.545 [main] DEBUG com.jayway.jsonpath.internal.JsonContext -- Put path $ key modifiers value 0
12:50:54.545 [main] DEBUG com.jayway.jsonpath.internal.path.CompiledPath -- Evaluating path: $['type']
12:50:54.545 [main] DEBUG com.jayway.jsonpath.internal.path.CompiledPath -- Evaluating path: $
12:50:54.545 [main] DEBUG com.jayway.jsonpath.internal.path.CompiledPath -- Evaluating path: $
12:50:54.545 [main] DEBUG com.jayway.jsonpath.internal.JsonContext -- Put path $ key type value {}
12:50:54.545 [main] DEBUG com.jayway.jsonpath.internal.path.CompiledPath -- Evaluating path: $
12:50:54.545 [main] DEBUG com.jayway.jsonpath.internal.JsonContext -- Put path $ key type value char
12:50:54.545 [main] DEBUG com.jayway.jsonpath.internal.path.CompiledPath -- Evaluating path: $['text']
12:50:54.545 [main] DEBUG com.jayway.jsonpath.internal.path.CompiledPath -- Evaluating path: $
12:50:54.545 [main] DEBUG com.jayway.jsonpath.internal.path.CompiledPath -- Evaluating path: $
12:50:54.545 [main] DEBUG com.jayway.jsonpath.internal.JsonContext -- Put path $ key text value {}
12:50:54.545 [main] DEBUG com.jayway.jsonpath.internal.path.CompiledPath -- Evaluating path: $
12:50:54.545 [main] DEBUG com.jayway.jsonpath.internal.JsonContext -- Put path $ key text value t
12:50:54.545 [main] DEBUG com.jayway.jsonpath.internal.path.CompiledPath -- Evaluating path: $['windowsVirtualKeyCode']
12:50:54.545 [main] DEBUG com.jayway.jsonpath.internal.path.CompiledPath -- Evaluating path: $
12:50:54.545 [main] DEBUG com.jayway.jsonpath.internal.path.CompiledPath -- Evaluating path: $
12:50:54.545 [main] DEBUG com.jayway.jsonpath.internal.JsonContext -- Put path $ key windowsVirtualKeyCode value {}
12:50:54.545 [main] DEBUG com.jayway.jsonpath.internal.path.CompiledPath -- Evaluating path: $
12:50:54.545 [main] DEBUG com.jayway.jsonpath.internal.JsonContext -- Put path $ key windowsVirtualKeyCode value 116
12:50:54.545 [main] DEBUG com.jayway.jsonpath.internal.path.CompiledPath -- Evaluating path: $
12:50:54.545 [main] DEBUG com.intuit.karate.driver.chrome_1718781650048 -- >> {"id":65,"sessionId":"063E9AB1F8E8EB3E0A9A7C1CEC826B8C","method":"Input.dispatchKeyEvent","params":{"modifiers":0,"type":"char","text":"t","windowsVirtualKeyCode":116}}
12:50:54.550 [nioEventLoopGroup-3-1] DEBUG com.intuit.karate.driver.chrome_1718781650048 -- << {"id":65,"result":{},"sessionId":"063E9AB1F8E8EB3E0A9A7C1CEC826B8C"}
12:50:54.550 [nioEventLoopGroup-3-1] DEBUG com.jayway.jsonpath.internal.path.CompiledPath -- Evaluating path: $
12:50:54.550 [main] DEBUG com.jayway.jsonpath.internal.path.CompiledPath -- Evaluating path: $['modifiers']
12:50:54.550 [main] DEBUG com.jayway.jsonpath.internal.path.CompiledPath -- Evaluating path: $
12:50:54.550 [main] DEBUG com.jayway.jsonpath.internal.path.CompiledPath -- Evaluating path: $
12:50:54.550 [main] DEBUG com.jayway.jsonpath.internal.JsonContext -- Put path $ key modifiers value {}
12:50:54.550 [main] DEBUG com.jayway.jsonpath.internal.path.CompiledPath -- Evaluating path: $
12:50:54.550 [main] DEBUG com.jayway.jsonpath.internal.JsonContext -- Put path $ key modifiers value 0
12:50:54.550 [main] DEBUG com.jayway.jsonpath.internal.path.CompiledPath -- Evaluating path: $['type']
12:50:54.550 [main] DEBUG com.jayway.jsonpath.internal.path.CompiledPath -- Evaluating path: $
12:50:54.550 [main] DEBUG com.jayway.jsonpath.internal.path.CompiledPath -- Evaluating path: $
12:50:54.550 [main] DEBUG com.jayway.jsonpath.internal.JsonContext -- Put path $ key type value {}
12:50:54.550 [main] DEBUG com.jayway.jsonpath.internal.path.CompiledPath -- Evaluating path: $
12:50:54.550 [main] DEBUG com.jayway.jsonpath.internal.JsonContext -- Put path $ key type value keyUp
12:50:54.550 [main] DEBUG com.jayway.jsonpath.internal.path.CompiledPath -- Evaluating path: $['text']
12:50:54.550 [main] DEBUG com.jayway.jsonpath.internal.path.CompiledPath -- Evaluating path: $
12:50:54.550 [main] DEBUG com.jayway.jsonpath.internal.path.CompiledPath -- Evaluating path: $
12:50:54.550 [main] DEBUG com.jayway.jsonpath.internal.JsonContext -- Put path $ key text value {}
12:50:54.550 [main] DEBUG com.jayway.jsonpath.internal.path.CompiledPath -- Evaluating path: $
12:50:54.550 [main] DEBUG com.jayway.jsonpath.internal.JsonContext -- Put path $ key text value t
12:50:54.550 [main] DEBUG com.jayway.jsonpath.internal.path.CompiledPath -- Evaluating path: $['windowsVirtualKeyCode']
12:50:54.550 [main] DEBUG com.jayway.jsonpath.internal.path.CompiledPath -- Evaluating path: $
12:50:54.550 [main] DEBUG com.jayway.jsonpath.internal.path.CompiledPath -- Evaluating path: $
12:50:54.550 [main] DEBUG com.jayway.jsonpath.internal.JsonContext -- Put path $ key windowsVirtualKeyCode value {}
12:50:54.550 [main] DEBUG com.jayway.jsonpath.internal.path.CompiledPath -- Evaluating path: $
12:50:54.550 [main] DEBUG com.jayway.jsonpath.internal.JsonContext -- Put path $ key windowsVirtualKeyCode value 116
12:50:54.550 [main] DEBUG com.jayway.jsonpath.internal.path.CompiledPath -- Evaluating path: $
12:50:54.550 [main] DEBUG com.intuit.karate.driver.chrome_1718781650048 -- >> {"id":66,"sessionId":"063E9AB1F8E8EB3E0A9A7C1CEC826B8C","method":"Input.dispatchKeyEvent","params":{"modifiers":0,"type":"keyUp","text":"t","windowsVirtualKeyCode":116}}
12:50:54.550 [nioEventLoopGroup-3-1] DEBUG com.intuit.karate.driver.chrome_1718781650048 -- << {"id":66,"result":{},"sessionId":"063E9AB1F8E8EB3E0A9A7C1CEC826B8C"}
12:50:54.550 [nioEventLoopGroup-3-1] DEBUG com.jayway.jsonpath.internal.path.CompiledPath -- Evaluating path: $
12:50:54.550 [main] DEBUG com.jayway.jsonpath.internal.path.CompiledPath -- Evaluating path: $['modifiers']
12:50:54.550 [main] DEBUG com.jayway.jsonpath.internal.path.CompiledPath -- Evaluating path: $
12:50:54.550 [main] DEBUG com.jayway.jsonpath.internal.path.CompiledPath -- Evaluating path: $
12:50:54.550 [main] DEBUG com.jayway.jsonpath.internal.JsonContext -- Put path $ key modifiers value {}
12:50:54.550 [main] DEBUG com.jayway.jsonpath.internal.path.CompiledPath -- Evaluating path: $
12:50:54.550 [main] DEBUG com.jayway.jsonpath.internal.JsonContext -- Put path $ key modifiers value 0
12:50:54.550 [main] DEBUG com.jayway.jsonpath.internal.path.CompiledPath -- Evaluating path: $['type']
12:50:54.550 [main] DEBUG com.jayway.jsonpath.internal.path.CompiledPath -- Evaluating path: $
12:50:54.550 [main] DEBUG com.jayway.jsonpath.internal.path.CompiledPath -- Evaluating path: $
12:50:54.550 [main] DEBUG com.jayway.jsonpath.internal.JsonContext -- Put path $ key type value {}
12:50:54.550 [main] DEBUG com.jayway.jsonpath.internal.path.CompiledPath -- Evaluating path: $
12:50:54.550 [main] DEBUG com.jayway.jsonpath.internal.JsonContext -- Put path $ key type value rawKeyDown
12:50:54.550 [main] DEBUG com.jayway.jsonpath.internal.path.CompiledPath -- Evaluating path: $['text']
12:50:54.550 [main] DEBUG com.jayway.jsonpath.internal.path.CompiledPath -- Evaluating path: $
12:50:54.550 [main] DEBUG com.jayway.jsonpath.internal.path.CompiledPath -- Evaluating path: $
12:50:54.550 [main] DEBUG com.jayway.jsonpath.internal.JsonContext -- Put path $ key text value {}
12:50:54.550 [main] DEBUG com.jayway.jsonpath.internal.path.CompiledPath -- Evaluating path: $
12:50:54.550 [main] DEBUG com.jayway.jsonpath.internal.JsonContext -- Put path $ key text value _
12:50:54.550 [main] DEBUG com.jayway.jsonpath.internal.path.CompiledPath -- Evaluating path: $['windowsVirtualKeyCode']
12:50:54.550 [main] DEBUG com.jayway.jsonpath.internal.path.CompiledPath -- Evaluating path: $
12:50:54.550 [main] DEBUG com.jayway.jsonpath.internal.path.CompiledPath -- Evaluating path: $
12:50:54.550 [main] DEBUG com.jayway.jsonpath.internal.JsonContext -- Put path $ key windowsVirtualKeyCode value {}
12:50:54.550 [main] DEBUG com.jayway.jsonpath.internal.path.CompiledPath -- Evaluating path: $
12:50:54.550 [main] DEBUG com.jayway.jsonpath.internal.JsonContext -- Put path $ key windowsVirtualKeyCode value 523
12:50:54.550 [main] DEBUG com.jayway.jsonpath.internal.path.CompiledPath -- Evaluating path: $
12:50:54.550 [main] DEBUG com.intuit.karate.driver.chrome_1718781650048 -- >> {"id":67,"sessionId":"063E9AB1F8E8EB3E0A9A7C1CEC826B8C","method":"Input.dispatchKeyEvent","params":{"modifiers":0,"type":"rawKeyDown","text":"_","windowsVirtualKeyCode":523}}
12:50:54.550 [nioEventLoopGroup-3-1] DEBUG com.intuit.karate.driver.chrome_1718781650048 -- << {"id":67,"result":{},"sessionId":"063E9AB1F8E8EB3E0A9A7C1CEC826B8C"}
12:50:54.550 [nioEventLoopGroup-3-1] DEBUG com.jayway.jsonpath.internal.path.CompiledPath -- Evaluating path: $
12:50:54.550 [main] DEBUG com.jayway.jsonpath.internal.path.CompiledPath -- Evaluating path: $['modifiers']
12:50:54.550 [main] DEBUG com.jayway.jsonpath.internal.path.CompiledPath -- Evaluating path: $
12:50:54.550 [main] DEBUG com.jayway.jsonpath.internal.path.CompiledPath -- Evaluating path: $
12:50:54.550 [main] DEBUG com.jayway.jsonpath.internal.JsonContext -- Put path $ key modifiers value {}
12:50:54.550 [main] DEBUG com.jayway.jsonpath.internal.path.CompiledPath -- Evaluating path: $
12:50:54.550 [main] DEBUG com.jayway.jsonpath.internal.JsonContext -- Put path $ key modifiers value 0
12:50:54.550 [main] DEBUG com.jayway.jsonpath.internal.path.CompiledPath -- Evaluating path: $['type']
12:50:54.550 [main] DEBUG com.jayway.jsonpath.internal.path.CompiledPath -- Evaluating path: $
12:50:54.550 [main] DEBUG com.jayway.jsonpath.internal.path.CompiledPath -- Evaluating path: $
12:50:54.550 [main] DEBUG com.jayway.jsonpath.internal.JsonContext -- Put path $ key type value {}
12:50:54.550 [main] DEBUG com.jayway.jsonpath.internal.path.CompiledPath -- Evaluating path: $
12:50:54.550 [main] DEBUG com.jayway.jsonpath.internal.JsonContext -- Put path $ key type value char
12:50:54.550 [main] DEBUG com.jayway.jsonpath.internal.path.CompiledPath -- Evaluating path: $['text']
12:50:54.550 [main] DEBUG com.jayway.jsonpath.internal.path.CompiledPath -- Evaluating path: $
12:50:54.550 [main] DEBUG com.jayway.jsonpath.internal.path.CompiledPath -- Evaluating path: $
12:50:54.550 [main] DEBUG com.jayway.jsonpath.internal.JsonContext -- Put path $ key text value {}
12:50:54.550 [main] DEBUG com.jayway.jsonpath.internal.path.CompiledPath -- Evaluating path: $
12:50:54.550 [main] DEBUG com.jayway.jsonpath.internal.JsonContext -- Put path $ key text value _
12:50:54.550 [main] DEBUG com.jayway.jsonpath.internal.path.CompiledPath -- Evaluating path: $['windowsVirtualKeyCode']
12:50:54.550 [main] DEBUG com.jayway.jsonpath.internal.path.CompiledPath -- Evaluating path: $
12:50:54.550 [main] DEBUG com.jayway.jsonpath.internal.path.CompiledPath -- Evaluating path: $
12:50:54.550 [main] DEBUG com.jayway.jsonpath.internal.JsonContext -- Put path $ key windowsVirtualKeyCode value {}
12:50:54.550 [main] DEBUG com.jayway.jsonpath.internal.path.CompiledPath -- Evaluating path: $
12:50:54.550 [main] DEBUG com.jayway.jsonpath.internal.JsonContext -- Put path $ key windowsVirtualKeyCode value 523
12:50:54.550 [main] DEBUG com.jayway.jsonpath.internal.path.CompiledPath -- Evaluating path: $
12:50:54.550 [main] DEBUG com.intuit.karate.driver.chrome_1718781650048 -- >> {"id":68,"sessionId":"063E9AB1F8E8EB3E0A9A7C1CEC826B8C","method":"Input.dispatchKeyEvent","params":{"modifiers":0,"type":"char","text":"_","windowsVirtualKeyCode":523}}
12:50:54.557 [nioEventLoopGroup-3-1] DEBUG com.intuit.karate.driver.chrome_1718781650048 -- << {"id":68,"result":{},"sessionId":"063E9AB1F8E8EB3E0A9A7C1CEC826B8C"}
12:50:54.557 [nioEventLoopGroup-3-1] DEBUG com.jayway.jsonpath.internal.path.CompiledPath -- Evaluating path: $
12:50:54.557 [main] DEBUG com.jayway.jsonpath.internal.path.CompiledPath -- Evaluating path: $['modifiers']
12:50:54.557 [main] DEBUG com.jayway.jsonpath.internal.path.CompiledPath -- Evaluating path: $
12:50:54.557 [main] DEBUG com.jayway.jsonpath.internal.path.CompiledPath -- Evaluating path: $
12:50:54.557 [main] DEBUG com.jayway.jsonpath.internal.JsonContext -- Put path $ key modifiers value {}
12:50:54.557 [main] DEBUG com.jayway.jsonpath.internal.path.CompiledPath -- Evaluating path: $
12:50:54.557 [main] DEBUG com.jayway.jsonpath.internal.JsonContext -- Put path $ key modifiers value 0
12:50:54.557 [main] DEBUG com.jayway.jsonpath.internal.path.CompiledPath -- Evaluating path: $['type']
12:50:54.557 [main] DEBUG com.jayway.jsonpath.internal.path.CompiledPath -- Evaluating path: $
12:50:54.557 [main] DEBUG com.jayway.jsonpath.internal.path.CompiledPath -- Evaluating path: $
12:50:54.557 [main] DEBUG com.jayway.jsonpath.internal.JsonContext -- Put path $ key type value {}
12:50:54.557 [main] DEBUG com.jayway.jsonpath.internal.path.CompiledPath -- Evaluating path: $
12:50:54.557 [main] DEBUG com.jayway.jsonpath.internal.JsonContext -- Put path $ key type value keyUp
12:50:54.557 [main] DEBUG com.jayway.jsonpath.internal.path.CompiledPath -- Evaluating path: $['text']
12:50:54.557 [main] DEBUG com.jayway.jsonpath.internal.path.CompiledPath -- Evaluating path: $
12:50:54.557 [main] DEBUG com.jayway.jsonpath.internal.path.CompiledPath -- Evaluating path: $
12:50:54.557 [main] DEBUG com.jayway.jsonpath.internal.JsonContext -- Put path $ key text value {}
12:50:54.557 [main] DEBUG com.jayway.jsonpath.internal.path.CompiledPath -- Evaluating path: $
12:50:54.557 [main] DEBUG com.jayway.jsonpath.internal.JsonContext -- Put path $ key text value _
12:50:54.557 [main] DEBUG com.jayway.jsonpath.internal.path.CompiledPath -- Evaluating path: $['windowsVirtualKeyCode']
12:50:54.557 [main] DEBUG com.jayway.jsonpath.internal.path.CompiledPath -- Evaluating path: $
12:50:54.557 [main] DEBUG com.jayway.jsonpath.internal.path.CompiledPath -- Evaluating path: $
12:50:54.557 [main] DEBUG com.jayway.jsonpath.internal.JsonContext -- Put path $ key windowsVirtualKeyCode value {}
12:50:54.557 [main] DEBUG com.jayway.jsonpath.internal.path.CompiledPath -- Evaluating path: $
12:50:54.557 [main] DEBUG com.jayway.jsonpath.internal.JsonContext -- Put path $ key windowsVirtualKeyCode value 523
12:50:54.557 [main] DEBUG com.jayway.jsonpath.internal.path.CompiledPath -- Evaluating path: $
12:50:54.557 [main] DEBUG com.intuit.karate.driver.chrome_1718781650048 -- >> {"id":69,"sessionId":"063E9AB1F8E8EB3E0A9A7C1CEC826B8C","method":"Input.dispatchKeyEvent","params":{"modifiers":0,"type":"keyUp","text":"_","windowsVirtualKeyCode":523}}
12:50:54.557 [nioEventLoopGroup-3-1] DEBUG com.intuit.karate.driver.chrome_1718781650048 -- << {"id":69,"result":{},"sessionId":"063E9AB1F8E8EB3E0A9A7C1CEC826B8C"}
12:50:54.557 [nioEventLoopGroup-3-1] DEBUG com.jayway.jsonpath.internal.path.CompiledPath -- Evaluating path: $
12:50:54.557 [main] DEBUG com.jayway.jsonpath.internal.path.CompiledPath -- Evaluating path: $['modifiers']
12:50:54.557 [main] DEBUG com.jayway.jsonpath.internal.path.CompiledPath -- Evaluating path: $
12:50:54.557 [main] DEBUG com.jayway.jsonpath.internal.path.CompiledPath -- Evaluating path: $
12:50:54.557 [main] DEBUG com.jayway.jsonpath.internal.JsonContext -- Put path $ key modifiers value {}
12:50:54.557 [main] DEBUG com.jayway.jsonpath.internal.path.CompiledPath -- Evaluating path: $
12:50:54.557 [main] DEBUG com.jayway.jsonpath.internal.JsonContext -- Put path $ key modifiers value 0
12:50:54.557 [main] DEBUG com.jayway.jsonpath.internal.path.CompiledPath -- Evaluating path: $['type']
12:50:54.557 [main] DEBUG com.jayway.jsonpath.internal.path.CompiledPath -- Evaluating path: $
12:50:54.557 [main] DEBUG com.jayway.jsonpath.internal.path.CompiledPath -- Evaluating path: $
12:50:54.557 [main] DEBUG com.jayway.jsonpath.internal.JsonContext -- Put path $ key type value {}
12:50:54.557 [main] DEBUG com.jayway.jsonpath.internal.path.CompiledPath -- Evaluating path: $
12:50:54.557 [main] DEBUG com.jayway.jsonpath.internal.JsonContext -- Put path $ key type value rawKeyDown
12:50:54.557 [main] DEBUG com.jayway.jsonpath.internal.path.CompiledPath -- Evaluating path: $['text']
12:50:54.557 [main] DEBUG com.jayway.jsonpath.internal.path.CompiledPath -- Evaluating path: $
12:50:54.557 [main] DEBUG com.jayway.jsonpath.internal.path.CompiledPath -- Evaluating path: $
12:50:54.557 [main] DEBUG com.jayway.jsonpath.internal.JsonContext -- Put path $ key text value {}
12:50:54.557 [main] DEBUG com.jayway.jsonpath.internal.path.CompiledPath -- Evaluating path: $
12:50:54.557 [main] DEBUG com.jayway.jsonpath.internal.JsonContext -- Put path $ key text value s
12:50:54.557 [main] DEBUG com.jayway.jsonpath.internal.path.CompiledPath -- Evaluating path: $['windowsVirtualKeyCode']
12:50:54.557 [main] DEBUG com.jayway.jsonpath.internal.path.CompiledPath -- Evaluating path: $
12:50:54.557 [main] DEBUG com.jayway.jsonpath.internal.path.CompiledPath -- Evaluating path: $
12:50:54.557 [main] DEBUG com.jayway.jsonpath.internal.JsonContext -- Put path $ key windowsVirtualKeyCode value {}
12:50:54.557 [main] DEBUG com.jayway.jsonpath.internal.path.CompiledPath -- Evaluating path: $
12:50:54.557 [main] DEBUG com.jayway.jsonpath.internal.JsonContext -- Put path $ key windowsVirtualKeyCode value 115
12:50:54.557 [main] DEBUG com.jayway.jsonpath.internal.path.CompiledPath -- Evaluating path: $
12:50:54.557 [main] DEBUG com.intuit.karate.driver.chrome_1718781650048 -- >> {"id":70,"sessionId":"063E9AB1F8E8EB3E0A9A7C1CEC826B8C","method":"Input.dispatchKeyEvent","params":{"modifiers":0,"type":"rawKeyDown","text":"s","windowsVirtualKeyCode":115}}
12:50:54.557 [nioEventLoopGroup-3-1] DEBUG com.intuit.karate.driver.chrome_1718781650048 -- << {"id":70,"result":{},"sessionId":"063E9AB1F8E8EB3E0A9A7C1CEC826B8C"}
12:50:54.557 [nioEventLoopGroup-3-1] DEBUG com.jayway.jsonpath.internal.path.CompiledPath -- Evaluating path: $
12:50:54.557 [main] DEBUG com.jayway.jsonpath.internal.path.CompiledPath -- Evaluating path: $['modifiers']
12:50:54.557 [main] DEBUG com.jayway.jsonpath.internal.path.CompiledPath -- Evaluating path: $
12:50:54.557 [main] DEBUG com.jayway.jsonpath.internal.path.CompiledPath -- Evaluating path: $
12:50:54.557 [main] DEBUG com.jayway.jsonpath.internal.JsonContext -- Put path $ key modifiers value {}
12:50:54.557 [main] DEBUG com.jayway.jsonpath.internal.path.CompiledPath -- Evaluating path: $
12:50:54.557 [main] DEBUG com.jayway.jsonpath.internal.JsonContext -- Put path $ key modifiers value 0
12:50:54.557 [main] DEBUG com.jayway.jsonpath.internal.path.CompiledPath -- Evaluating path: $['type']
12:50:54.557 [main] DEBUG com.jayway.jsonpath.internal.path.CompiledPath -- Evaluating path: $
12:50:54.557 [main] DEBUG com.jayway.jsonpath.internal.path.CompiledPath -- Evaluating path: $
12:50:54.557 [main] DEBUG com.jayway.jsonpath.internal.JsonContext -- Put path $ key type value {}
12:50:54.557 [main] DEBUG com.jayway.jsonpath.internal.path.CompiledPath -- Evaluating path: $
12:50:54.557 [main] DEBUG com.jayway.jsonpath.internal.JsonContext -- Put path $ key type value char
12:50:54.557 [main] DEBUG com.jayway.jsonpath.internal.path.CompiledPath -- Evaluating path: $['text']
12:50:54.557 [main] DEBUG com.jayway.jsonpath.internal.path.CompiledPath -- Evaluating path: $
12:50:54.557 [main] DEBUG com.jayway.jsonpath.internal.path.CompiledPath -- Evaluating path: $
12:50:54.557 [main] DEBUG com.jayway.jsonpath.internal.JsonContext -- Put path $ key text value {}
12:50:54.557 [main] DEBUG com.jayway.jsonpath.internal.path.CompiledPath -- Evaluating path: $
12:50:54.557 [main] DEBUG com.jayway.jsonpath.internal.JsonContext -- Put path $ key text value s
12:50:54.557 [main] DEBUG com.jayway.jsonpath.internal.path.CompiledPath -- Evaluating path: $['windowsVirtualKeyCode']
12:50:54.557 [main] DEBUG com.jayway.jsonpath.internal.path.CompiledPath -- Evaluating path: $
12:50:54.557 [main] DEBUG com.jayway.jsonpath.internal.path.CompiledPath -- Evaluating path: $
12:50:54.557 [main] DEBUG com.jayway.jsonpath.internal.JsonContext -- Put path $ key windowsVirtualKeyCode value {}
12:50:54.557 [main] DEBUG com.jayway.jsonpath.internal.path.CompiledPath -- Evaluating path: $
12:50:54.557 [main] DEBUG com.jayway.jsonpath.internal.JsonContext -- Put path $ key windowsVirtualKeyCode value 115
12:50:54.557 [main] DEBUG com.jayway.jsonpath.internal.path.CompiledPath -- Evaluating path: $
12:50:54.557 [main] DEBUG com.intuit.karate.driver.chrome_1718781650048 -- >> {"id":71,"sessionId":"063E9AB1F8E8EB3E0A9A7C1CEC826B8C","method":"Input.dispatchKeyEvent","params":{"modifiers":0,"type":"char","text":"s","windowsVirtualKeyCode":115}}
12:50:54.564 [nioEventLoopGroup-3-1] DEBUG com.intuit.karate.driver.chrome_1718781650048 -- << {"id":71,"result":{},"sessionId":"063E9AB1F8E8EB3E0A9A7C1CEC826B8C"}
12:50:54.564 [nioEventLoopGroup-3-1] DEBUG com.jayway.jsonpath.internal.path.CompiledPath -- Evaluating path: $
12:50:54.564 [main] DEBUG com.jayway.jsonpath.internal.path.CompiledPath -- Evaluating path: $['modifiers']
12:50:54.564 [main] DEBUG com.jayway.jsonpath.internal.path.CompiledPath -- Evaluating path: $
12:50:54.564 [main] DEBUG com.jayway.jsonpath.internal.path.CompiledPath -- Evaluating path: $
12:50:54.564 [main] DEBUG com.jayway.jsonpath.internal.JsonContext -- Put path $ key modifiers value {}
12:50:54.564 [main] DEBUG com.jayway.jsonpath.internal.path.CompiledPath -- Evaluating path: $
12:50:54.564 [main] DEBUG com.jayway.jsonpath.internal.JsonContext -- Put path $ key modifiers value 0
12:50:54.564 [main] DEBUG com.jayway.jsonpath.internal.path.CompiledPath -- Evaluating path: $['type']
12:50:54.564 [main] DEBUG com.jayway.jsonpath.internal.path.CompiledPath -- Evaluating path: $
12:50:54.564 [main] DEBUG com.jayway.jsonpath.internal.path.CompiledPath -- Evaluating path: $
12:50:54.564 [main] DEBUG com.jayway.jsonpath.internal.JsonContext -- Put path $ key type value {}
12:50:54.564 [main] DEBUG com.jayway.jsonpath.internal.path.CompiledPath -- Evaluating path: $
12:50:54.564 [main] DEBUG com.jayway.jsonpath.internal.JsonContext -- Put path $ key type value keyUp
12:50:54.564 [main] DEBUG com.jayway.jsonpath.internal.path.CompiledPath -- Evaluating path: $['text']
12:50:54.564 [main] DEBUG com.jayway.jsonpath.internal.path.CompiledPath -- Evaluating path: $
12:50:54.564 [main] DEBUG com.jayway.jsonpath.internal.path.CompiledPath -- Evaluating path: $
12:50:54.564 [main] DEBUG com.jayway.jsonpath.internal.JsonContext -- Put path $ key text value {}
12:50:54.564 [main] DEBUG com.jayway.jsonpath.internal.path.CompiledPath -- Evaluating path: $
12:50:54.564 [main] DEBUG com.jayway.jsonpath.internal.JsonContext -- Put path $ key text value s
12:50:54.564 [main] DEBUG com.jayway.jsonpath.internal.path.CompiledPath -- Evaluating path: $['windowsVirtualKeyCode']
12:50:54.564 [main] DEBUG com.jayway.jsonpath.internal.path.CompiledPath -- Evaluating path: $
12:50:54.564 [main] DEBUG com.jayway.jsonpath.internal.path.CompiledPath -- Evaluating path: $
12:50:54.564 [main] DEBUG com.jayway.jsonpath.internal.JsonContext -- Put path $ key windowsVirtualKeyCode value {}
12:50:54.564 [main] DEBUG com.jayway.jsonpath.internal.path.CompiledPath -- Evaluating path: $
12:50:54.564 [main] DEBUG com.jayway.jsonpath.internal.JsonContext -- Put path $ key windowsVirtualKeyCode value 115
12:50:54.564 [main] DEBUG com.jayway.jsonpath.internal.path.CompiledPath -- Evaluating path: $
12:50:54.564 [main] DEBUG com.intuit.karate.driver.chrome_1718781650048 -- >> {"id":72,"sessionId":"063E9AB1F8E8EB3E0A9A7C1CEC826B8C","method":"Input.dispatchKeyEvent","params":{"modifiers":0,"type":"keyUp","text":"s","windowsVirtualKeyCode":115}}
12:50:54.568 [nioEventLoopGroup-3-1] DEBUG com.intuit.karate.driver.chrome_1718781650048 -- << {"id":72,"result":{},"sessionId":"063E9AB1F8E8EB3E0A9A7C1CEC826B8C"}
12:50:54.568 [nioEventLoopGroup-3-1] DEBUG com.jayway.jsonpath.internal.path.CompiledPath -- Evaluating path: $
12:50:54.568 [main] DEBUG com.jayway.jsonpath.internal.path.CompiledPath -- Evaluating path: $['modifiers']
12:50:54.568 [main] DEBUG com.jayway.jsonpath.internal.path.CompiledPath -- Evaluating path: $
12:50:54.568 [main] DEBUG com.jayway.jsonpath.internal.path.CompiledPath -- Evaluating path: $
12:50:54.568 [main] DEBUG com.jayway.jsonpath.internal.JsonContext -- Put path $ key modifiers value {}
12:50:54.568 [main] DEBUG com.jayway.jsonpath.internal.path.CompiledPath -- Evaluating path: $
12:50:54.568 [main] DEBUG com.jayway.jsonpath.internal.JsonContext -- Put path $ key modifiers value 0
12:50:54.568 [main] DEBUG com.jayway.jsonpath.internal.path.CompiledPath -- Evaluating path: $['type']
12:50:54.568 [main] DEBUG com.jayway.jsonpath.internal.path.CompiledPath -- Evaluating path: $
12:50:54.568 [main] DEBUG com.jayway.jsonpath.internal.path.CompiledPath -- Evaluating path: $
12:50:54.568 [main] DEBUG com.jayway.jsonpath.internal.JsonContext -- Put path $ key type value {}
12:50:54.568 [main] DEBUG com.jayway.jsonpath.internal.path.CompiledPath -- Evaluating path: $
12:50:54.568 [main] DEBUG com.jayway.jsonpath.internal.JsonContext -- Put path $ key type value rawKeyDown
12:50:54.568 [main] DEBUG com.jayway.jsonpath.internal.path.CompiledPath -- Evaluating path: $['text']
12:50:54.568 [main] DEBUG com.jayway.jsonpath.internal.path.CompiledPath -- Evaluating path: $
12:50:54.568 [main] DEBUG com.jayway.jsonpath.internal.path.CompiledPath -- Evaluating path: $
12:50:54.568 [main] DEBUG com.jayway.jsonpath.internal.JsonContext -- Put path $ key text value {}
12:50:54.568 [main] DEBUG com.jayway.jsonpath.internal.path.CompiledPath -- Evaluating path: $
12:50:54.568 [main] DEBUG com.jayway.jsonpath.internal.JsonContext -- Put path $ key text value a
12:50:54.568 [main] DEBUG com.jayway.jsonpath.internal.path.CompiledPath -- Evaluating path: $['windowsVirtualKeyCode']
12:50:54.568 [main] DEBUG com.jayway.jsonpath.internal.path.CompiledPath -- Evaluating path: $
12:50:54.568 [main] DEBUG com.jayway.jsonpath.internal.path.CompiledPath -- Evaluating path: $
12:50:54.568 [main] DEBUG com.jayway.jsonpath.internal.JsonContext -- Put path $ key windowsVirtualKeyCode value {}
12:50:54.568 [main] DEBUG com.jayway.jsonpath.internal.path.CompiledPath -- Evaluating path: $
12:50:54.568 [main] DEBUG com.jayway.jsonpath.internal.JsonContext -- Put path $ key windowsVirtualKeyCode value 97
12:50:54.568 [main] DEBUG com.jayway.jsonpath.internal.path.CompiledPath -- Evaluating path: $
12:50:54.568 [main] DEBUG com.intuit.karate.driver.chrome_1718781650048 -- >> {"id":73,"sessionId":"063E9AB1F8E8EB3E0A9A7C1CEC826B8C","method":"Input.dispatchKeyEvent","params":{"modifiers":0,"type":"rawKeyDown","text":"a","windowsVirtualKeyCode":97}}
12:50:54.568 [nioEventLoopGroup-3-1] DEBUG com.intuit.karate.driver.chrome_1718781650048 -- << {"id":73,"result":{},"sessionId":"063E9AB1F8E8EB3E0A9A7C1CEC826B8C"}
12:50:54.568 [nioEventLoopGroup-3-1] DEBUG com.jayway.jsonpath.internal.path.CompiledPath -- Evaluating path: $
12:50:54.568 [main] DEBUG com.jayway.jsonpath.internal.path.CompiledPath -- Evaluating path: $['modifiers']
12:50:54.568 [main] DEBUG com.jayway.jsonpath.internal.path.CompiledPath -- Evaluating path: $
12:50:54.568 [main] DEBUG com.jayway.jsonpath.internal.path.CompiledPath -- Evaluating path: $
12:50:54.568 [main] DEBUG com.jayway.jsonpath.internal.JsonContext -- Put path $ key modifiers value {}
12:50:54.568 [main] DEBUG com.jayway.jsonpath.internal.path.CompiledPath -- Evaluating path: $
12:50:54.568 [main] DEBUG com.jayway.jsonpath.internal.JsonContext -- Put path $ key modifiers value 0
12:50:54.568 [main] DEBUG com.jayway.jsonpath.internal.path.CompiledPath -- Evaluating path: $['type']
12:50:54.568 [main] DEBUG com.jayway.jsonpath.internal.path.CompiledPath -- Evaluating path: $
12:50:54.568 [main] DEBUG com.jayway.jsonpath.internal.path.CompiledPath -- Evaluating path: $
12:50:54.568 [main] DEBUG com.jayway.jsonpath.internal.JsonContext -- Put path $ key type value {}
12:50:54.568 [main] DEBUG com.jayway.jsonpath.internal.path.CompiledPath -- Evaluating path: $
12:50:54.568 [main] DEBUG com.jayway.jsonpath.internal.JsonContext -- Put path $ key type value char
12:50:54.568 [main] DEBUG com.jayway.jsonpath.internal.path.CompiledPath -- Evaluating path: $['text']
12:50:54.568 [main] DEBUG com.jayway.jsonpath.internal.path.CompiledPath -- Evaluating path: $
12:50:54.568 [main] DEBUG com.jayway.jsonpath.internal.path.CompiledPath -- Evaluating path: $
12:50:54.568 [main] DEBUG com.jayway.jsonpath.internal.JsonContext -- Put path $ key text value {}
12:50:54.568 [main] DEBUG com.jayway.jsonpath.internal.path.CompiledPath -- Evaluating path: $
12:50:54.568 [main] DEBUG com.jayway.jsonpath.internal.JsonContext -- Put path $ key text value a
12:50:54.568 [main] DEBUG com.jayway.jsonpath.internal.path.CompiledPath -- Evaluating path: $['windowsVirtualKeyCode']
12:50:54.568 [main] DEBUG com.jayway.jsonpath.internal.path.CompiledPath -- Evaluating path: $
12:50:54.568 [main] DEBUG com.jayway.jsonpath.internal.path.CompiledPath -- Evaluating path: $
12:50:54.568 [main] DEBUG com.jayway.jsonpath.internal.JsonContext -- Put path $ key windowsVirtualKeyCode value {}
12:50:54.568 [main] DEBUG com.jayway.jsonpath.internal.path.CompiledPath -- Evaluating path: $
12:50:54.568 [main] DEBUG com.jayway.jsonpath.internal.JsonContext -- Put path $ key windowsVirtualKeyCode value 97
12:50:54.568 [main] DEBUG com.jayway.jsonpath.internal.path.CompiledPath -- Evaluating path: $
12:50:54.568 [main] DEBUG com.intuit.karate.driver.chrome_1718781650048 -- >> {"id":74,"sessionId":"063E9AB1F8E8EB3E0A9A7C1CEC826B8C","method":"Input.dispatchKeyEvent","params":{"modifiers":0,"type":"char","text":"a","windowsVirtualKeyCode":97}}
12:50:54.568 [nioEventLoopGroup-3-1] DEBUG com.intuit.karate.driver.chrome_1718781650048 -- << {"id":74,"result":{},"sessionId":"063E9AB1F8E8EB3E0A9A7C1CEC826B8C"}
12:50:54.568 [nioEventLoopGroup-3-1] DEBUG com.jayway.jsonpath.internal.path.CompiledPath -- Evaluating path: $
12:50:54.568 [main] DEBUG com.jayway.jsonpath.internal.path.CompiledPath -- Evaluating path: $['modifiers']
12:50:54.568 [main] DEBUG com.jayway.jsonpath.internal.path.CompiledPath -- Evaluating path: $
12:50:54.568 [main] DEBUG com.jayway.jsonpath.internal.path.CompiledPath -- Evaluating path: $
12:50:54.568 [main] DEBUG com.jayway.jsonpath.internal.JsonContext -- Put path $ key modifiers value {}
12:50:54.568 [main] DEBUG com.jayway.jsonpath.internal.path.CompiledPath -- Evaluating path: $
12:50:54.568 [main] DEBUG com.jayway.jsonpath.internal.JsonContext -- Put path $ key modifiers value 0
12:50:54.568 [main] DEBUG com.jayway.jsonpath.internal.path.CompiledPath -- Evaluating path: $['type']
12:50:54.568 [main] DEBUG com.jayway.jsonpath.internal.path.CompiledPath -- Evaluating path: $
12:50:54.568 [main] DEBUG com.jayway.jsonpath.internal.path.CompiledPath -- Evaluating path: $
12:50:54.568 [main] DEBUG com.jayway.jsonpath.internal.JsonContext -- Put path $ key type value {}
12:50:54.568 [main] DEBUG com.jayway.jsonpath.internal.path.CompiledPath -- Evaluating path: $
12:50:54.568 [main] DEBUG com.jayway.jsonpath.internal.JsonContext -- Put path $ key type value keyUp
12:50:54.568 [main] DEBUG com.jayway.jsonpath.internal.path.CompiledPath -- Evaluating path: $['text']
12:50:54.568 [main] DEBUG com.jayway.jsonpath.internal.path.CompiledPath -- Evaluating path: $
12:50:54.568 [main] DEBUG com.jayway.jsonpath.internal.path.CompiledPath -- Evaluating path: $
12:50:54.568 [main] DEBUG com.jayway.jsonpath.internal.JsonContext -- Put path $ key text value {}
12:50:54.568 [main] DEBUG com.jayway.jsonpath.internal.path.CompiledPath -- Evaluating path: $
12:50:54.568 [main] DEBUG com.jayway.jsonpath.internal.JsonContext -- Put path $ key text value a
12:50:54.568 [main] DEBUG com.jayway.jsonpath.internal.path.CompiledPath -- Evaluating path: $['windowsVirtualKeyCode']
12:50:54.568 [main] DEBUG com.jayway.jsonpath.internal.path.CompiledPath -- Evaluating path: $
12:50:54.568 [main] DEBUG com.jayway.jsonpath.internal.path.CompiledPath -- Evaluating path: $
12:50:54.568 [main] DEBUG com.jayway.jsonpath.internal.JsonContext -- Put path $ key windowsVirtualKeyCode value {}
12:50:54.568 [main] DEBUG com.jayway.jsonpath.internal.path.CompiledPath -- Evaluating path: $
12:50:54.568 [main] DEBUG com.jayway.jsonpath.internal.JsonContext -- Put path $ key windowsVirtualKeyCode value 97
12:50:54.568 [main] DEBUG com.jayway.jsonpath.internal.path.CompiledPath -- Evaluating path: $
12:50:54.568 [main] DEBUG com.intuit.karate.driver.chrome_1718781650048 -- >> {"id":75,"sessionId":"063E9AB1F8E8EB3E0A9A7C1CEC826B8C","method":"Input.dispatchKeyEvent","params":{"modifiers":0,"type":"keyUp","text":"a","windowsVirtualKeyCode":97}}
12:50:54.578 [nioEventLoopGroup-3-1] DEBUG com.intuit.karate.driver.chrome_1718781650048 -- << {"id":75,"result":{},"sessionId":"063E9AB1F8E8EB3E0A9A7C1CEC826B8C"}
12:50:54.578 [nioEventLoopGroup-3-1] DEBUG com.jayway.jsonpath.internal.path.CompiledPath -- Evaluating path: $
12:50:54.578 [main] DEBUG com.jayway.jsonpath.internal.path.CompiledPath -- Evaluating path: $['modifiers']
12:50:54.578 [main] DEBUG com.jayway.jsonpath.internal.path.CompiledPath -- Evaluating path: $
12:50:54.578 [main] DEBUG com.jayway.jsonpath.internal.path.CompiledPath -- Evaluating path: $
12:50:54.578 [main] DEBUG com.jayway.jsonpath.internal.JsonContext -- Put path $ key modifiers value {}
12:50:54.578 [main] DEBUG com.jayway.jsonpath.internal.path.CompiledPath -- Evaluating path: $
12:50:54.578 [main] DEBUG com.jayway.jsonpath.internal.JsonContext -- Put path $ key modifiers value 0
12:50:54.578 [main] DEBUG com.jayway.jsonpath.internal.path.CompiledPath -- Evaluating path: $['type']
12:50:54.578 [main] DEBUG com.jayway.jsonpath.internal.path.CompiledPath -- Evaluating path: $
12:50:54.578 [main] DEBUG com.jayway.jsonpath.internal.path.CompiledPath -- Evaluating path: $
12:50:54.578 [main] DEBUG com.jayway.jsonpath.internal.JsonContext -- Put path $ key type value {}
12:50:54.578 [main] DEBUG com.jayway.jsonpath.internal.path.CompiledPath -- Evaluating path: $
12:50:54.578 [main] DEBUG com.jayway.jsonpath.internal.JsonContext -- Put path $ key type value rawKeyDown
12:50:54.578 [main] DEBUG com.jayway.jsonpath.internal.path.CompiledPath -- Evaluating path: $['text']
12:50:54.578 [main] DEBUG com.jayway.jsonpath.internal.path.CompiledPath -- Evaluating path: $
12:50:54.578 [main] DEBUG com.jayway.jsonpath.internal.path.CompiledPath -- Evaluating path: $
12:50:54.578 [main] DEBUG com.jayway.jsonpath.internal.JsonContext -- Put path $ key text value {}
12:50:54.578 [main] DEBUG com.jayway.jsonpath.internal.path.CompiledPath -- Evaluating path: $
12:50:54.578 [main] DEBUG com.jayway.jsonpath.internal.JsonContext -- Put path $ key text value u
12:50:54.578 [main] DEBUG com.jayway.jsonpath.internal.path.CompiledPath -- Evaluating path: $['windowsVirtualKeyCode']
12:50:54.578 [main] DEBUG com.jayway.jsonpath.internal.path.CompiledPath -- Evaluating path: $
12:50:54.578 [main] DEBUG com.jayway.jsonpath.internal.path.CompiledPath -- Evaluating path: $
12:50:54.578 [main] DEBUG com.jayway.jsonpath.internal.JsonContext -- Put path $ key windowsVirtualKeyCode value {}
12:50:54.578 [main] DEBUG com.jayway.jsonpath.internal.path.CompiledPath -- Evaluating path: $
12:50:54.578 [main] DEBUG com.jayway.jsonpath.internal.JsonContext -- Put path $ key windowsVirtualKeyCode value 117
12:50:54.578 [main] DEBUG com.jayway.jsonpath.internal.path.CompiledPath -- Evaluating path: $
12:50:54.578 [main] DEBUG com.intuit.karate.driver.chrome_1718781650048 -- >> {"id":76,"sessionId":"063E9AB1F8E8EB3E0A9A7C1CEC826B8C","method":"Input.dispatchKeyEvent","params":{"modifiers":0,"type":"rawKeyDown","text":"u","windowsVirtualKeyCode":117}}
12:50:54.581 [nioEventLoopGroup-3-1] DEBUG com.intuit.karate.driver.chrome_1718781650048 -- << {"id":76,"result":{},"sessionId":"063E9AB1F8E8EB3E0A9A7C1CEC826B8C"}
12:50:54.581 [nioEventLoopGroup-3-1] DEBUG com.jayway.jsonpath.internal.path.CompiledPath -- Evaluating path: $
12:50:54.581 [main] DEBUG com.jayway.jsonpath.internal.path.CompiledPath -- Evaluating path: $['modifiers']
12:50:54.581 [main] DEBUG com.jayway.jsonpath.internal.path.CompiledPath -- Evaluating path: $
12:50:54.581 [main] DEBUG com.jayway.jsonpath.internal.path.CompiledPath -- Evaluating path: $
12:50:54.581 [main] DEBUG com.jayway.jsonpath.internal.JsonContext -- Put path $ key modifiers value {}
12:50:54.581 [main] DEBUG com.jayway.jsonpath.internal.path.CompiledPath -- Evaluating path: $
12:50:54.581 [main] DEBUG com.jayway.jsonpath.internal.JsonContext -- Put path $ key modifiers value 0
12:50:54.581 [main] DEBUG com.jayway.jsonpath.internal.path.CompiledPath -- Evaluating path: $['type']
12:50:54.581 [main] DEBUG com.jayway.jsonpath.internal.path.CompiledPath -- Evaluating path: $
12:50:54.581 [main] DEBUG com.jayway.jsonpath.internal.path.CompiledPath -- Evaluating path: $
12:50:54.581 [main] DEBUG com.jayway.jsonpath.internal.JsonContext -- Put path $ key type value {}
12:50:54.581 [main] DEBUG com.jayway.jsonpath.internal.path.CompiledPath -- Evaluating path: $
12:50:54.581 [main] DEBUG com.jayway.jsonpath.internal.JsonContext -- Put path $ key type value char
12:50:54.581 [main] DEBUG com.jayway.jsonpath.internal.path.CompiledPath -- Evaluating path: $['text']
12:50:54.581 [main] DEBUG com.jayway.jsonpath.internal.path.CompiledPath -- Evaluating path: $
12:50:54.581 [main] DEBUG com.jayway.jsonpath.internal.path.CompiledPath -- Evaluating path: $
12:50:54.581 [main] DEBUG com.jayway.jsonpath.internal.JsonContext -- Put path $ key text value {}
12:50:54.581 [main] DEBUG com.jayway.jsonpath.internal.path.CompiledPath -- Evaluating path: $
12:50:54.581 [main] DEBUG com.jayway.jsonpath.internal.JsonContext -- Put path $ key text value u
12:50:54.581 [main] DEBUG com.jayway.jsonpath.internal.path.CompiledPath -- Evaluating path: $['windowsVirtualKeyCode']
12:50:54.581 [main] DEBUG com.jayway.jsonpath.internal.path.CompiledPath -- Evaluating path: $
12:50:54.581 [main] DEBUG com.jayway.jsonpath.internal.path.CompiledPath -- Evaluating path: $
12:50:54.581 [main] DEBUG com.jayway.jsonpath.internal.JsonContext -- Put path $ key windowsVirtualKeyCode value {}
12:50:54.581 [main] DEBUG com.jayway.jsonpath.internal.path.CompiledPath -- Evaluating path: $
12:50:54.581 [main] DEBUG com.jayway.jsonpath.internal.JsonContext -- Put path $ key windowsVirtualKeyCode value 117
12:50:54.581 [main] DEBUG com.jayway.jsonpath.internal.path.CompiledPath -- Evaluating path: $
12:50:54.584 [main] DEBUG com.intuit.karate.driver.chrome_1718781650048 -- >> {"id":77,"sessionId":"063E9AB1F8E8EB3E0A9A7C1CEC826B8C","method":"Input.dispatchKeyEvent","params":{"modifiers":0,"type":"char","text":"u","windowsVirtualKeyCode":117}}
12:50:54.584 [nioEventLoopGroup-3-1] DEBUG com.intuit.karate.driver.chrome_1718781650048 -- << {"id":77,"result":{},"sessionId":"063E9AB1F8E8EB3E0A9A7C1CEC826B8C"}
12:50:54.584 [nioEventLoopGroup-3-1] DEBUG com.jayway.jsonpath.internal.path.CompiledPath -- Evaluating path: $
12:50:54.584 [main] DEBUG com.jayway.jsonpath.internal.path.CompiledPath -- Evaluating path: $['modifiers']
12:50:54.584 [main] DEBUG com.jayway.jsonpath.internal.path.CompiledPath -- Evaluating path: $
12:50:54.584 [main] DEBUG com.jayway.jsonpath.internal.path.CompiledPath -- Evaluating path: $
12:50:54.584 [main] DEBUG com.jayway.jsonpath.internal.JsonContext -- Put path $ key modifiers value {}
12:50:54.584 [main] DEBUG com.jayway.jsonpath.internal.path.CompiledPath -- Evaluating path: $
12:50:54.584 [main] DEBUG com.jayway.jsonpath.internal.JsonContext -- Put path $ key modifiers value 0
12:50:54.584 [main] DEBUG com.jayway.jsonpath.internal.path.CompiledPath -- Evaluating path: $['type']
12:50:54.584 [main] DEBUG com.jayway.jsonpath.internal.path.CompiledPath -- Evaluating path: $
12:50:54.584 [main] DEBUG com.jayway.jsonpath.internal.path.CompiledPath -- Evaluating path: $
12:50:54.584 [main] DEBUG com.jayway.jsonpath.internal.JsonContext -- Put path $ key type value {}
12:50:54.584 [main] DEBUG com.jayway.jsonpath.internal.path.CompiledPath -- Evaluating path: $
12:50:54.584 [main] DEBUG com.jayway.jsonpath.internal.JsonContext -- Put path $ key type value keyUp
12:50:54.584 [main] DEBUG com.jayway.jsonpath.internal.path.CompiledPath -- Evaluating path: $['text']
12:50:54.584 [main] DEBUG com.jayway.jsonpath.internal.path.CompiledPath -- Evaluating path: $
12:50:54.584 [main] DEBUG com.jayway.jsonpath.internal.path.CompiledPath -- Evaluating path: $
12:50:54.584 [main] DEBUG com.jayway.jsonpath.internal.JsonContext -- Put path $ key text value {}
12:50:54.584 [main] DEBUG com.jayway.jsonpath.internal.path.CompiledPath -- Evaluating path: $
12:50:54.584 [main] DEBUG com.jayway.jsonpath.internal.JsonContext -- Put path $ key text value u
12:50:54.584 [main] DEBUG com.jayway.jsonpath.internal.path.CompiledPath -- Evaluating path: $['windowsVirtualKeyCode']
12:50:54.584 [main] DEBUG com.jayway.jsonpath.internal.path.CompiledPath -- Evaluating path: $
12:50:54.584 [main] DEBUG com.jayway.jsonpath.internal.path.CompiledPath -- Evaluating path: $
12:50:54.584 [main] DEBUG com.jayway.jsonpath.internal.JsonContext -- Put path $ key windowsVirtualKeyCode value {}
12:50:54.584 [main] DEBUG com.jayway.jsonpath.internal.path.CompiledPath -- Evaluating path: $
12:50:54.584 [main] DEBUG com.jayway.jsonpath.internal.JsonContext -- Put path $ key windowsVirtualKeyCode value 117
12:50:54.584 [main] DEBUG com.jayway.jsonpath.internal.path.CompiledPath -- Evaluating path: $
12:50:54.584 [main] DEBUG com.intuit.karate.driver.chrome_1718781650048 -- >> {"id":78,"sessionId":"063E9AB1F8E8EB3E0A9A7C1CEC826B8C","method":"Input.dispatchKeyEvent","params":{"modifiers":0,"type":"keyUp","text":"u","windowsVirtualKeyCode":117}}
12:50:54.584 [nioEventLoopGroup-3-1] DEBUG com.intuit.karate.driver.chrome_1718781650048 -- << {"id":78,"result":{},"sessionId":"063E9AB1F8E8EB3E0A9A7C1CEC826B8C"}
12:50:54.584 [nioEventLoopGroup-3-1] DEBUG com.jayway.jsonpath.internal.path.CompiledPath -- Evaluating path: $
12:50:54.584 [main] DEBUG com.jayway.jsonpath.internal.path.CompiledPath -- Evaluating path: $['modifiers']
12:50:54.584 [main] DEBUG com.jayway.jsonpath.internal.path.CompiledPath -- Evaluating path: $
12:50:54.584 [main] DEBUG com.jayway.jsonpath.internal.path.CompiledPath -- Evaluating path: $
12:50:54.584 [main] DEBUG com.jayway.jsonpath.internal.JsonContext -- Put path $ key modifiers value {}
12:50:54.584 [main] DEBUG com.jayway.jsonpath.internal.path.CompiledPath -- Evaluating path: $
12:50:54.584 [main] DEBUG com.jayway.jsonpath.internal.JsonContext -- Put path $ key modifiers value 0
12:50:54.584 [main] DEBUG com.jayway.jsonpath.internal.path.CompiledPath -- Evaluating path: $['type']
12:50:54.584 [main] DEBUG com.jayway.jsonpath.internal.path.CompiledPath -- Evaluating path: $
12:50:54.584 [main] DEBUG com.jayway.jsonpath.internal.path.CompiledPath -- Evaluating path: $
12:50:54.584 [main] DEBUG com.jayway.jsonpath.internal.JsonContext -- Put path $ key type value {}
12:50:54.584 [main] DEBUG com.jayway.jsonpath.internal.path.CompiledPath -- Evaluating path: $
12:50:54.584 [main] DEBUG com.jayway.jsonpath.internal.JsonContext -- Put path $ key type value rawKeyDown
12:50:54.584 [main] DEBUG com.jayway.jsonpath.internal.path.CompiledPath -- Evaluating path: $['text']
12:50:54.584 [main] DEBUG com.jayway.jsonpath.internal.path.CompiledPath -- Evaluating path: $
12:50:54.584 [main] DEBUG com.jayway.jsonpath.internal.path.CompiledPath -- Evaluating path: $
12:50:54.584 [main] DEBUG com.jayway.jsonpath.internal.JsonContext -- Put path $ key text value {}
12:50:54.584 [main] DEBUG com.jayway.jsonpath.internal.path.CompiledPath -- Evaluating path: $
12:50:54.584 [main] DEBUG com.jayway.jsonpath.internal.JsonContext -- Put path $ key text value c
12:50:54.584 [main] DEBUG com.jayway.jsonpath.internal.path.CompiledPath -- Evaluating path: $['windowsVirtualKeyCode']
12:50:54.584 [main] DEBUG com.jayway.jsonpath.internal.path.CompiledPath -- Evaluating path: $
12:50:54.584 [main] DEBUG com.jayway.jsonpath.internal.path.CompiledPath -- Evaluating path: $
12:50:54.584 [main] DEBUG com.jayway.jsonpath.internal.JsonContext -- Put path $ key windowsVirtualKeyCode value {}
12:50:54.584 [main] DEBUG com.jayway.jsonpath.internal.path.CompiledPath -- Evaluating path: $
12:50:54.584 [main] DEBUG com.jayway.jsonpath.internal.JsonContext -- Put path $ key windowsVirtualKeyCode value 99
12:50:54.584 [main] DEBUG com.jayway.jsonpath.internal.path.CompiledPath -- Evaluating path: $
12:50:54.584 [main] DEBUG com.intuit.karate.driver.chrome_1718781650048 -- >> {"id":79,"sessionId":"063E9AB1F8E8EB3E0A9A7C1CEC826B8C","method":"Input.dispatchKeyEvent","params":{"modifiers":0,"type":"rawKeyDown","text":"c","windowsVirtualKeyCode":99}}
12:50:54.584 [nioEventLoopGroup-3-1] DEBUG com.intuit.karate.driver.chrome_1718781650048 -- << {"id":79,"result":{},"sessionId":"063E9AB1F8E8EB3E0A9A7C1CEC826B8C"}
12:50:54.584 [nioEventLoopGroup-3-1] DEBUG com.jayway.jsonpath.internal.path.CompiledPath -- Evaluating path: $
12:50:54.584 [main] DEBUG com.jayway.jsonpath.internal.path.CompiledPath -- Evaluating path: $['modifiers']
12:50:54.584 [main] DEBUG com.jayway.jsonpath.internal.path.CompiledPath -- Evaluating path: $
12:50:54.584 [main] DEBUG com.jayway.jsonpath.internal.path.CompiledPath -- Evaluating path: $
12:50:54.584 [main] DEBUG com.jayway.jsonpath.internal.JsonContext -- Put path $ key modifiers value {}
12:50:54.584 [main] DEBUG com.jayway.jsonpath.internal.path.CompiledPath -- Evaluating path: $
12:50:54.584 [main] DEBUG com.jayway.jsonpath.internal.JsonContext -- Put path $ key modifiers value 0
12:50:54.584 [main] DEBUG com.jayway.jsonpath.internal.path.CompiledPath -- Evaluating path: $['type']
12:50:54.584 [main] DEBUG com.jayway.jsonpath.internal.path.CompiledPath -- Evaluating path: $
12:50:54.584 [main] DEBUG com.jayway.jsonpath.internal.path.CompiledPath -- Evaluating path: $
12:50:54.584 [main] DEBUG com.jayway.jsonpath.internal.JsonContext -- Put path $ key type value {}
12:50:54.584 [main] DEBUG com.jayway.jsonpath.internal.path.CompiledPath -- Evaluating path: $
12:50:54.584 [main] DEBUG com.jayway.jsonpath.internal.JsonContext -- Put path $ key type value char
12:50:54.584 [main] DEBUG com.jayway.jsonpath.internal.path.CompiledPath -- Evaluating path: $['text']
12:50:54.584 [main] DEBUG com.jayway.jsonpath.internal.path.CompiledPath -- Evaluating path: $
12:50:54.584 [main] DEBUG com.jayway.jsonpath.internal.path.CompiledPath -- Evaluating path: $
12:50:54.584 [main] DEBUG com.jayway.jsonpath.internal.JsonContext -- Put path $ key text value {}
12:50:54.584 [main] DEBUG com.jayway.jsonpath.internal.path.CompiledPath -- Evaluating path: $
12:50:54.584 [main] DEBUG com.jayway.jsonpath.internal.JsonContext -- Put path $ key text value c
12:50:54.584 [main] DEBUG com.jayway.jsonpath.internal.path.CompiledPath -- Evaluating path: $['windowsVirtualKeyCode']
12:50:54.584 [main] DEBUG com.jayway.jsonpath.internal.path.CompiledPath -- Evaluating path: $
12:50:54.584 [main] DEBUG com.jayway.jsonpath.internal.path.CompiledPath -- Evaluating path: $
12:50:54.584 [main] DEBUG com.jayway.jsonpath.internal.JsonContext -- Put path $ key windowsVirtualKeyCode value {}
12:50:54.584 [main] DEBUG com.jayway.jsonpath.internal.path.CompiledPath -- Evaluating path: $
12:50:54.584 [main] DEBUG com.jayway.jsonpath.internal.JsonContext -- Put path $ key windowsVirtualKeyCode value 99
12:50:54.584 [main] DEBUG com.jayway.jsonpath.internal.path.CompiledPath -- Evaluating path: $
12:50:54.584 [main] DEBUG com.intuit.karate.driver.chrome_1718781650048 -- >> {"id":80,"sessionId":"063E9AB1F8E8EB3E0A9A7C1CEC826B8C","method":"Input.dispatchKeyEvent","params":{"modifiers":0,"type":"char","text":"c","windowsVirtualKeyCode":99}}
12:50:54.592 [nioEventLoopGroup-3-1] DEBUG com.intuit.karate.driver.chrome_1718781650048 -- << {"id":80,"result":{},"sessionId":"063E9AB1F8E8EB3E0A9A7C1CEC826B8C"}
12:50:54.592 [nioEventLoopGroup-3-1] DEBUG com.jayway.jsonpath.internal.path.CompiledPath -- Evaluating path: $
12:50:54.592 [main] DEBUG com.jayway.jsonpath.internal.path.CompiledPath -- Evaluating path: $['modifiers']
12:50:54.592 [main] DEBUG com.jayway.jsonpath.internal.path.CompiledPath -- Evaluating path: $
12:50:54.592 [main] DEBUG com.jayway.jsonpath.internal.path.CompiledPath -- Evaluating path: $
12:50:54.592 [main] DEBUG com.jayway.jsonpath.internal.JsonContext -- Put path $ key modifiers value {}
12:50:54.592 [main] DEBUG com.jayway.jsonpath.internal.path.CompiledPath -- Evaluating path: $
12:50:54.592 [main] DEBUG com.jayway.jsonpath.internal.JsonContext -- Put path $ key modifiers value 0
12:50:54.592 [main] DEBUG com.jayway.jsonpath.internal.path.CompiledPath -- Evaluating path: $['type']
12:50:54.592 [main] DEBUG com.jayway.jsonpath.internal.path.CompiledPath -- Evaluating path: $
12:50:54.592 [main] DEBUG com.jayway.jsonpath.internal.path.CompiledPath -- Evaluating path: $
12:50:54.592 [main] DEBUG com.jayway.jsonpath.internal.JsonContext -- Put path $ key type value {}
12:50:54.592 [main] DEBUG com.jayway.jsonpath.internal.path.CompiledPath -- Evaluating path: $
12:50:54.592 [main] DEBUG com.jayway.jsonpath.internal.JsonContext -- Put path $ key type value keyUp
12:50:54.592 [main] DEBUG com.jayway.jsonpath.internal.path.CompiledPath -- Evaluating path: $['text']
12:50:54.592 [main] DEBUG com.jayway.jsonpath.internal.path.CompiledPath -- Evaluating path: $
12:50:54.592 [main] DEBUG com.jayway.jsonpath.internal.path.CompiledPath -- Evaluating path: $
12:50:54.592 [main] DEBUG com.jayway.jsonpath.internal.JsonContext -- Put path $ key text value {}
12:50:54.592 [main] DEBUG com.jayway.jsonpath.internal.path.CompiledPath -- Evaluating path: $
12:50:54.592 [main] DEBUG com.jayway.jsonpath.internal.JsonContext -- Put path $ key text value c
12:50:54.592 [main] DEBUG com.jayway.jsonpath.internal.path.CompiledPath -- Evaluating path: $['windowsVirtualKeyCode']
12:50:54.592 [main] DEBUG com.jayway.jsonpath.internal.path.CompiledPath -- Evaluating path: $
12:50:54.592 [main] DEBUG com.jayway.jsonpath.internal.path.CompiledPath -- Evaluating path: $
12:50:54.592 [main] DEBUG com.jayway.jsonpath.internal.JsonContext -- Put path $ key windowsVirtualKeyCode value {}
12:50:54.592 [main] DEBUG com.jayway.jsonpath.internal.path.CompiledPath -- Evaluating path: $
12:50:54.592 [main] DEBUG com.jayway.jsonpath.internal.JsonContext -- Put path $ key windowsVirtualKeyCode value 99
12:50:54.592 [main] DEBUG com.jayway.jsonpath.internal.path.CompiledPath -- Evaluating path: $
12:50:54.592 [main] DEBUG com.intuit.karate.driver.chrome_1718781650048 -- >> {"id":81,"sessionId":"063E9AB1F8E8EB3E0A9A7C1CEC826B8C","method":"Input.dispatchKeyEvent","params":{"modifiers":0,"type":"keyUp","text":"c","windowsVirtualKeyCode":99}}
12:50:54.592 [nioEventLoopGroup-3-1] DEBUG com.intuit.karate.driver.chrome_1718781650048 -- << {"id":81,"result":{},"sessionId":"063E9AB1F8E8EB3E0A9A7C1CEC826B8C"}
12:50:54.592 [nioEventLoopGroup-3-1] DEBUG com.jayway.jsonpath.internal.path.CompiledPath -- Evaluating path: $
12:50:54.592 [main] DEBUG com.jayway.jsonpath.internal.path.CompiledPath -- Evaluating path: $['modifiers']
12:50:54.592 [main] DEBUG com.jayway.jsonpath.internal.path.CompiledPath -- Evaluating path: $
12:50:54.592 [main] DEBUG com.jayway.jsonpath.internal.path.CompiledPath -- Evaluating path: $
12:50:54.592 [main] DEBUG com.jayway.jsonpath.internal.JsonContext -- Put path $ key modifiers value {}
12:50:54.592 [main] DEBUG com.jayway.jsonpath.internal.path.CompiledPath -- Evaluating path: $
12:50:54.592 [main] DEBUG com.jayway.jsonpath.internal.JsonContext -- Put path $ key modifiers value 0
12:50:54.592 [main] DEBUG com.jayway.jsonpath.internal.path.CompiledPath -- Evaluating path: $['type']
12:50:54.592 [main] DEBUG com.jayway.jsonpath.internal.path.CompiledPath -- Evaluating path: $
12:50:54.592 [main] DEBUG com.jayway.jsonpath.internal.path.CompiledPath -- Evaluating path: $
12:50:54.592 [main] DEBUG com.jayway.jsonpath.internal.JsonContext -- Put path $ key type value {}
12:50:54.592 [main] DEBUG com.jayway.jsonpath.internal.path.CompiledPath -- Evaluating path: $
12:50:54.592 [main] DEBUG com.jayway.jsonpath.internal.JsonContext -- Put path $ key type value rawKeyDown
12:50:54.592 [main] DEBUG com.jayway.jsonpath.internal.path.CompiledPath -- Evaluating path: $['text']
12:50:54.592 [main] DEBUG com.jayway.jsonpath.internal.path.CompiledPath -- Evaluating path: $
12:50:54.592 [main] DEBUG com.jayway.jsonpath.internal.path.CompiledPath -- Evaluating path: $
12:50:54.592 [main] DEBUG com.jayway.jsonpath.internal.JsonContext -- Put path $ key text value {}
12:50:54.592 [main] DEBUG com.jayway.jsonpath.internal.path.CompiledPath -- Evaluating path: $
12:50:54.592 [main] DEBUG com.jayway.jsonpath.internal.JsonContext -- Put path $ key text value e
12:50:54.592 [main] DEBUG com.jayway.jsonpath.internal.path.CompiledPath -- Evaluating path: $['windowsVirtualKeyCode']
12:50:54.592 [main] DEBUG com.jayway.jsonpath.internal.path.CompiledPath -- Evaluating path: $
12:50:54.592 [main] DEBUG com.jayway.jsonpath.internal.path.CompiledPath -- Evaluating path: $
12:50:54.592 [main] DEBUG com.jayway.jsonpath.internal.JsonContext -- Put path $ key windowsVirtualKeyCode value {}
12:50:54.592 [main] DEBUG com.jayway.jsonpath.internal.path.CompiledPath -- Evaluating path: $
12:50:54.592 [main] DEBUG com.jayway.jsonpath.internal.JsonContext -- Put path $ key windowsVirtualKeyCode value 101
12:50:54.592 [main] DEBUG com.jayway.jsonpath.internal.path.CompiledPath -- Evaluating path: $
12:50:54.592 [main] DEBUG com.intuit.karate.driver.chrome_1718781650048 -- >> {"id":82,"sessionId":"063E9AB1F8E8EB3E0A9A7C1CEC826B8C","method":"Input.dispatchKeyEvent","params":{"modifiers":0,"type":"rawKeyDown","text":"e","windowsVirtualKeyCode":101}}
12:50:54.598 [nioEventLoopGroup-3-1] DEBUG com.intuit.karate.driver.chrome_1718781650048 -- << {"id":82,"result":{},"sessionId":"063E9AB1F8E8EB3E0A9A7C1CEC826B8C"}
12:50:54.598 [nioEventLoopGroup-3-1] DEBUG com.jayway.jsonpath.internal.path.CompiledPath -- Evaluating path: $
12:50:54.598 [main] DEBUG com.jayway.jsonpath.internal.path.CompiledPath -- Evaluating path: $['modifiers']
12:50:54.598 [main] DEBUG com.jayway.jsonpath.internal.path.CompiledPath -- Evaluating path: $
12:50:54.598 [main] DEBUG com.jayway.jsonpath.internal.path.CompiledPath -- Evaluating path: $
12:50:54.598 [main] DEBUG com.jayway.jsonpath.internal.JsonContext -- Put path $ key modifiers value {}
12:50:54.598 [main] DEBUG com.jayway.jsonpath.internal.path.CompiledPath -- Evaluating path: $
12:50:54.598 [main] DEBUG com.jayway.jsonpath.internal.JsonContext -- Put path $ key modifiers value 0
12:50:54.598 [main] DEBUG com.jayway.jsonpath.internal.path.CompiledPath -- Evaluating path: $['type']
12:50:54.598 [main] DEBUG com.jayway.jsonpath.internal.path.CompiledPath -- Evaluating path: $
12:50:54.598 [main] DEBUG com.jayway.jsonpath.internal.path.CompiledPath -- Evaluating path: $
12:50:54.598 [main] DEBUG com.jayway.jsonpath.internal.JsonContext -- Put path $ key type value {}
12:50:54.598 [main] DEBUG com.jayway.jsonpath.internal.path.CompiledPath -- Evaluating path: $
12:50:54.598 [main] DEBUG com.jayway.jsonpath.internal.JsonContext -- Put path $ key type value char
12:50:54.598 [main] DEBUG com.jayway.jsonpath.internal.path.CompiledPath -- Evaluating path: $['text']
12:50:54.598 [main] DEBUG com.jayway.jsonpath.internal.path.CompiledPath -- Evaluating path: $
12:50:54.598 [main] DEBUG com.jayway.jsonpath.internal.path.CompiledPath -- Evaluating path: $
12:50:54.598 [main] DEBUG com.jayway.jsonpath.internal.JsonContext -- Put path $ key text value {}
12:50:54.598 [main] DEBUG com.jayway.jsonpath.internal.path.CompiledPath -- Evaluating path: $
12:50:54.598 [main] DEBUG com.jayway.jsonpath.internal.JsonContext -- Put path $ key text value e
12:50:54.598 [main] DEBUG com.jayway.jsonpath.internal.path.CompiledPath -- Evaluating path: $['windowsVirtualKeyCode']
12:50:54.598 [main] DEBUG com.jayway.jsonpath.internal.path.CompiledPath -- Evaluating path: $
12:50:54.598 [main] DEBUG com.jayway.jsonpath.internal.path.CompiledPath -- Evaluating path: $
12:50:54.598 [main] DEBUG com.jayway.jsonpath.internal.JsonContext -- Put path $ key windowsVirtualKeyCode value {}
12:50:54.598 [main] DEBUG com.jayway.jsonpath.internal.path.CompiledPath -- Evaluating path: $
12:50:54.598 [main] DEBUG com.jayway.jsonpath.internal.JsonContext -- Put path $ key windowsVirtualKeyCode value 101
12:50:54.598 [main] DEBUG com.jayway.jsonpath.internal.path.CompiledPath -- Evaluating path: $
12:50:54.598 [main] DEBUG com.intuit.karate.driver.chrome_1718781650048 -- >> {"id":83,"sessionId":"063E9AB1F8E8EB3E0A9A7C1CEC826B8C","method":"Input.dispatchKeyEvent","params":{"modifiers":0,"type":"char","text":"e","windowsVirtualKeyCode":101}}
12:50:54.601 [nioEventLoopGroup-3-1] DEBUG com.intuit.karate.driver.chrome_1718781650048 -- << {"id":83,"result":{},"sessionId":"063E9AB1F8E8EB3E0A9A7C1CEC826B8C"}
12:50:54.601 [nioEventLoopGroup-3-1] DEBUG com.jayway.jsonpath.internal.path.CompiledPath -- Evaluating path: $
12:50:54.601 [main] DEBUG com.jayway.jsonpath.internal.path.CompiledPath -- Evaluating path: $['modifiers']
12:50:54.601 [main] DEBUG com.jayway.jsonpath.internal.path.CompiledPath -- Evaluating path: $
12:50:54.601 [main] DEBUG com.jayway.jsonpath.internal.path.CompiledPath -- Evaluating path: $
12:50:54.601 [main] DEBUG com.jayway.jsonpath.internal.JsonContext -- Put path $ key modifiers value {}
12:50:54.601 [main] DEBUG com.jayway.jsonpath.internal.path.CompiledPath -- Evaluating path: $
12:50:54.601 [main] DEBUG com.jayway.jsonpath.internal.JsonContext -- Put path $ key modifiers value 0
12:50:54.601 [main] DEBUG com.jayway.jsonpath.internal.path.CompiledPath -- Evaluating path: $['type']
12:50:54.601 [main] DEBUG com.jayway.jsonpath.internal.path.CompiledPath -- Evaluating path: $
12:50:54.601 [main] DEBUG com.jayway.jsonpath.internal.path.CompiledPath -- Evaluating path: $
12:50:54.601 [main] DEBUG com.jayway.jsonpath.internal.JsonContext -- Put path $ key type value {}
12:50:54.601 [main] DEBUG com.jayway.jsonpath.internal.path.CompiledPath -- Evaluating path: $
12:50:54.601 [main] DEBUG com.jayway.jsonpath.internal.JsonContext -- Put path $ key type value keyUp
12:50:54.601 [main] DEBUG com.jayway.jsonpath.internal.path.CompiledPath -- Evaluating path: $['text']
12:50:54.601 [main] DEBUG com.jayway.jsonpath.internal.path.CompiledPath -- Evaluating path: $
12:50:54.601 [main] DEBUG com.jayway.jsonpath.internal.path.CompiledPath -- Evaluating path: $
12:50:54.601 [main] DEBUG com.jayway.jsonpath.internal.JsonContext -- Put path $ key text value {}
12:50:54.601 [main] DEBUG com.jayway.jsonpath.internal.path.CompiledPath -- Evaluating path: $
12:50:54.601 [main] DEBUG com.jayway.jsonpath.internal.JsonContext -- Put path $ key text value e
12:50:54.601 [main] DEBUG com.jayway.jsonpath.internal.path.CompiledPath -- Evaluating path: $['windowsVirtualKeyCode']
12:50:54.601 [main] DEBUG com.jayway.jsonpath.internal.path.CompiledPath -- Evaluating path: $
12:50:54.601 [main] DEBUG com.jayway.jsonpath.internal.path.CompiledPath -- Evaluating path: $
12:50:54.601 [main] DEBUG com.jayway.jsonpath.internal.JsonContext -- Put path $ key windowsVirtualKeyCode value {}
12:50:54.601 [main] DEBUG com.jayway.jsonpath.internal.path.CompiledPath -- Evaluating path: $
12:50:54.601 [main] DEBUG com.jayway.jsonpath.internal.JsonContext -- Put path $ key windowsVirtualKeyCode value 101
12:50:54.601 [main] DEBUG com.jayway.jsonpath.internal.path.CompiledPath -- Evaluating path: $
12:50:54.601 [main] DEBUG com.intuit.karate.driver.chrome_1718781650048 -- >> {"id":84,"sessionId":"063E9AB1F8E8EB3E0A9A7C1CEC826B8C","method":"Input.dispatchKeyEvent","params":{"modifiers":0,"type":"keyUp","text":"e","windowsVirtualKeyCode":101}}
12:50:54.601 [nioEventLoopGroup-3-1] DEBUG com.intuit.karate.driver.chrome_1718781650048 -- << {"id":84,"result":{},"sessionId":"063E9AB1F8E8EB3E0A9A7C1CEC826B8C"}
12:50:54.601 [nioEventLoopGroup-3-1] DEBUG com.jayway.jsonpath.internal.path.CompiledPath -- Evaluating path: $
12:50:57.616 [main] DEBUG com.jayway.jsonpath.internal.path.CompiledPath -- Evaluating path: $['expression']
12:50:57.616 [main] DEBUG com.jayway.jsonpath.internal.path.CompiledPath -- Evaluating path: $
12:50:57.616 [main] DEBUG com.jayway.jsonpath.internal.path.CompiledPath -- Evaluating path: $
12:50:57.616 [main] DEBUG com.jayway.jsonpath.internal.JsonContext -- Put path $ key expression value {}
12:50:57.616 [main] DEBUG com.jayway.jsonpath.internal.path.CompiledPath -- Evaluating path: $
12:50:57.616 [main] DEBUG com.jayway.jsonpath.internal.JsonContext -- Put path $ key expression value document.evaluate("//*[@id='login-button']", document, null, 9, null).singleNodeValue.click()
12:50:57.616 [main] DEBUG com.jayway.jsonpath.internal.path.CompiledPath -- Evaluating path: $['returnByValue']
12:50:57.616 [main] DEBUG com.jayway.jsonpath.internal.path.CompiledPath -- Evaluating path: $
12:50:57.616 [main] DEBUG com.jayway.jsonpath.internal.path.CompiledPath -- Evaluating path: $
12:50:57.616 [main] DEBUG com.jayway.jsonpath.internal.JsonContext -- Put path $ key returnByValue value {}
12:50:57.616 [main] DEBUG com.jayway.jsonpath.internal.path.CompiledPath -- Evaluating path: $
12:50:57.616 [main] DEBUG com.jayway.jsonpath.internal.JsonContext -- Put path $ key returnByValue value true
12:50:57.616 [main] DEBUG com.jayway.jsonpath.internal.path.CompiledPath -- Evaluating path: $
12:50:57.616 [main] DEBUG com.intuit.karate.driver.chrome_1718781650048 -- >> {"id":85,"sessionId":"063E9AB1F8E8EB3E0A9A7C1CEC826B8C","method":"Runtime.evaluate","params":{"expression":"document.evaluate(\"\/\/*[@id='login-button']\", document, null, 9, null).singleNodeValue.click()","returnByValue":true}}
12:50:57.646 [nioEventLoopGroup-3-1] DEBUG com.intuit.karate.driver.chrome_1718781650048 -- << {"method":"Page.frameStartedLoading","params":{"frameId":"C354FA478ED6413FDBE4BB079DF697AF"},"sessionId":"063E9AB1F8E8EB3E0A9A7C1CEC826B8C"}
12:50:57.646 [nioEventLoopGroup-3-1] DEBUG com.jayway.jsonpath.internal.path.CompiledPath -- Evaluating path: $
12:50:57.646 [nioEventLoopGroup-3-1] DEBUG com.jayway.jsonpath.internal.path.CompiledPath -- Evaluating path: $['frameId']
12:50:57.646 [nioEventLoopGroup-3-1] DEBUG com.intuit.karate.driver.chrome_1718781650048 -- << {"method":"Target.targetInfoChanged","params":{"targetInfo":{"targetId":"C354FA478ED6413FDBE4BB079DF697AF","type":"page","title":"Swag Labs","url":"https://www.saucedemo.com/inventory.html","attached":true,"canAccessOpener":false,"browserContextId":"886D23BF3E53E0023BB6460B3978E4EA"}},"sessionId":"063E9AB1F8E8EB3E0A9A7C1CEC826B8C"}
12:50:57.646 [nioEventLoopGroup-3-1] DEBUG com.jayway.jsonpath.internal.path.CompiledPath -- Evaluating path: $
12:50:57.646 [nioEventLoopGroup-3-1] DEBUG com.jayway.jsonpath.internal.path.CompiledPath -- Evaluating path: $['targetInfo']['targetId']
12:50:57.650 [nioEventLoopGroup-3-1] DEBUG com.intuit.karate.driver.chrome_1718781650048 -- << {"method":"Page.navigatedWithinDocument","params":{"frameId":"C354FA478ED6413FDBE4BB079DF697AF","url":"https://www.saucedemo.com/inventory.html"},"sessionId":"063E9AB1F8E8EB3E0A9A7C1CEC826B8C"}
12:50:57.650 [nioEventLoopGroup-3-1] DEBUG com.jayway.jsonpath.internal.path.CompiledPath -- Evaluating path: $
12:50:57.650 [nioEventLoopGroup-3-1] DEBUG com.intuit.karate.driver.chrome_1718781650048 -- << {"method":"Page.frameStoppedLoading","params":{"frameId":"C354FA478ED6413FDBE4BB079DF697AF"},"sessionId":"063E9AB1F8E8EB3E0A9A7C1CEC826B8C"}
12:50:57.650 [nioEventLoopGroup-3-1] DEBUG com.jayway.jsonpath.internal.path.CompiledPath -- Evaluating path: $
12:50:57.650 [nioEventLoopGroup-3-1] DEBUG com.jayway.jsonpath.internal.path.CompiledPath -- Evaluating path: $['frameId']
12:50:57.650 [nioEventLoopGroup-3-1] DEBUG com.intuit.karate.driver.chrome_1718781650048 -- << {"id":85,"result":{"result":{"type":"undefined"}},"sessionId":"063E9AB1F8E8EB3E0A9A7C1CEC826B8C"}
12:50:57.650 [nioEventLoopGroup-3-1] DEBUG com.jayway.jsonpath.internal.path.CompiledPath -- Evaluating path: $
12:50:58.199 [nioEventLoopGroup-3-1] DEBUG com.intuit.karate.driver.chrome_1718781650048 -- << {"method":"Target.targetCreated","params":{"targetInfo":{"targetId":"4F34B197FC4F29ACA0C401CAFBE7CFFD","type":"app","title":"Chrome Web Store Payments","url":"","attached":false,"canAccessOpener":false,"browserContextId":"886D23BF3E53E0023BB6460B3978E4EA"}},"sessionId":"063E9AB1F8E8EB3E0A9A7C1CEC826B8C"}
12:50:58.199 [nioEventLoopGroup-3-1] DEBUG com.jayway.jsonpath.internal.path.CompiledPath -- Evaluating path: $
12:50:58.319 [nioEventLoopGroup-3-1] DEBUG com.intuit.karate.driver.chrome_1718781650048 -- << {"method":"Target.targetInfoChanged","params":{"targetInfo":{"targetId":"4F34B197FC4F29ACA0C401CAFBE7CFFD","type":"background_page","title":"Chrome Web Store Payments","url":"chrome-extension://nmmhkkegccagdldgiimedpiccmgmieda/_generated_background_page.html","attached":false,"canAccessOpener":false,"browserContextId":"886D23BF3E53E0023BB6460B3978E4EA"}},"sessionId":"063E9AB1F8E8EB3E0A9A7C1CEC826B8C"}
12:50:58.319 [nioEventLoopGroup-3-1] DEBUG com.jayway.jsonpath.internal.path.CompiledPath -- Evaluating path: $
12:50:58.319 [nioEventLoopGroup-3-1] DEBUG com.jayway.jsonpath.internal.path.CompiledPath -- Evaluating path: $['targetInfo']['targetId']
12:50:59.310 [nioEventLoopGroup-3-1] DEBUG com.intuit.karate.driver.chrome_1718781650048 -- << {"method":"Target.targetCreated","params":{"targetInfo":{"targetId":"9C0E0A687B84D5560B3B1A37EE98DF5A","type":"service_worker","title":"Service Worker chrome-extension://ghbmnnjooekpmoecnnnilnnbdlolhkhi/service_worker_bin_prod.js","url":"chrome-extension://ghbmnnjooekpmoecnnnilnnbdlolhkhi/service_worker_bin_prod.js","attached":false,"canAccessOpener":false,"browserContextId":"886D23BF3E53E0023BB6460B3978E4EA"}},"sessionId":"063E9AB1F8E8EB3E0A9A7C1CEC826B8C"}
12:50:59.310 [nioEventLoopGroup-3-1] DEBUG com.jayway.jsonpath.internal.path.CompiledPath -- Evaluating path: $
12:51:00.688 [main] DEBUG com.jayway.jsonpath.internal.path.CompiledPath -- Evaluating path: $['expression']
12:51:00.688 [main] DEBUG com.jayway.jsonpath.internal.path.CompiledPath -- Evaluating path: $
12:51:00.688 [main] DEBUG com.jayway.jsonpath.internal.path.CompiledPath -- Evaluating path: $
12:51:00.688 [main] DEBUG com.jayway.jsonpath.internal.JsonContext -- Put path $ key expression value {}
12:51:00.688 [main] DEBUG com.jayway.jsonpath.internal.path.CompiledPath -- Evaluating path: $
12:51:00.688 [main] DEBUG com.jayway.jsonpath.internal.JsonContext -- Put path $ key expression value document.title
12:51:00.688 [main] DEBUG com.jayway.jsonpath.internal.path.CompiledPath -- Evaluating path: $['returnByValue']
12:51:00.688 [main] DEBUG com.jayway.jsonpath.internal.path.CompiledPath -- Evaluating path: $
12:51:00.688 [main] DEBUG com.jayway.jsonpath.internal.path.CompiledPath -- Evaluating path: $
12:51:00.688 [main] DEBUG com.jayway.jsonpath.internal.JsonContext -- Put path $ key returnByValue value {}
12:51:00.688 [main] DEBUG com.jayway.jsonpath.internal.path.CompiledPath -- Evaluating path: $
12:51:00.688 [main] DEBUG com.jayway.jsonpath.internal.JsonContext -- Put path $ key returnByValue value true
12:51:00.688 [main] DEBUG com.jayway.jsonpath.internal.path.CompiledPath -- Evaluating path: $
12:51:00.688 [main] DEBUG com.intuit.karate.driver.chrome_1718781650048 -- >> {"id":86,"sessionId":"063E9AB1F8E8EB3E0A9A7C1CEC826B8C","method":"Runtime.evaluate","params":{"expression":"document.title","returnByValue":true}}
12:51:00.693 [nioEventLoopGroup-3-1] DEBUG com.intuit.karate.driver.chrome_1718781650048 -- << {"id":86,"result":{"result":{"type":"string","value":"Swag Labs"}},"sessionId":"063E9AB1F8E8EB3E0A9A7C1CEC826B8C"}
12:51:00.693 [nioEventLoopGroup-3-1] DEBUG com.jayway.jsonpath.internal.path.CompiledPath -- Evaluating path: $
12:51:00.693 [main] DEBUG com.jayway.jsonpath.internal.path.CompiledPath -- Evaluating path: $['expression']
12:51:00.693 [main] DEBUG com.jayway.jsonpath.internal.path.CompiledPath -- Evaluating path: $
12:51:00.693 [main] DEBUG com.jayway.jsonpath.internal.path.CompiledPath -- Evaluating path: $
12:51:00.693 [main] DEBUG com.jayway.jsonpath.internal.JsonContext -- Put path $ key expression value {}
12:51:00.693 [main] DEBUG com.jayway.jsonpath.internal.path.CompiledPath -- Evaluating path: $
12:51:00.693 [main] DEBUG com.jayway.jsonpath.internal.JsonContext -- Put path $ key expression value document.location.href
12:51:00.693 [main] DEBUG com.jayway.jsonpath.internal.path.CompiledPath -- Evaluating path: $['returnByValue']
12:51:00.693 [main] DEBUG com.jayway.jsonpath.internal.path.CompiledPath -- Evaluating path: $
12:51:00.693 [main] DEBUG com.jayway.jsonpath.internal.path.CompiledPath -- Evaluating path: $
12:51:00.693 [main] DEBUG com.jayway.jsonpath.internal.JsonContext -- Put path $ key returnByValue value {}
12:51:00.693 [main] DEBUG com.jayway.jsonpath.internal.path.CompiledPath -- Evaluating path: $
12:51:00.693 [main] DEBUG com.jayway.jsonpath.internal.JsonContext -- Put path $ key returnByValue value true
12:51:00.693 [main] DEBUG com.jayway.jsonpath.internal.path.CompiledPath -- Evaluating path: $
12:51:00.693 [main] DEBUG com.intuit.karate.driver.chrome_1718781650048 -- >> {"id":87,"sessionId":"063E9AB1F8E8EB3E0A9A7C1CEC826B8C","method":"Runtime.evaluate","params":{"expression":"document.location.href","returnByValue":true}}
12:51:00.695 [nioEventLoopGroup-3-1] DEBUG com.intuit.karate.driver.chrome_1718781650048 -- << {"id":87,"result":{"result":{"type":"string","value":"https://www.saucedemo.com/inventory.html"}},"sessionId":"063E9AB1F8E8EB3E0A9A7C1CEC826B8C"}
12:51:00.695 [nioEventLoopGroup-3-1] DEBUG com.jayway.jsonpath.internal.path.CompiledPath -- Evaluating path: $
12:51:03.705 [main] DEBUG com.jayway.jsonpath.internal.path.CompiledPath -- Evaluating path: $['targetId']
12:51:03.705 [main] DEBUG com.jayway.jsonpath.internal.path.CompiledPath -- Evaluating path: $
12:51:03.706 [main] DEBUG com.jayway.jsonpath.internal.path.CompiledPath -- Evaluating path: $
12:51:03.706 [main] DEBUG com.jayway.jsonpath.internal.JsonContext -- Put path $ key targetId value {}
12:51:03.706 [main] DEBUG com.jayway.jsonpath.internal.path.CompiledPath -- Evaluating path: $
12:51:03.706 [main] DEBUG com.jayway.jsonpath.internal.JsonContext -- Put path $ key targetId value C354FA478ED6413FDBE4BB079DF697AF
12:51:03.706 [main] DEBUG com.jayway.jsonpath.internal.path.CompiledPath -- Evaluating path: $
12:51:03.706 [main] DEBUG com.intuit.karate.driver.chrome_1718781650048 -- >> {"id":88,"sessionId":"063E9AB1F8E8EB3E0A9A7C1CEC826B8C","method":"Target.closeTarget","params":{"targetId":"C354FA478ED6413FDBE4BB079DF697AF"}}
12:51:03.706 [nioEventLoopGroup-3-1] DEBUG com.intuit.karate.http.WebSocketClientHandler -- websocket closing
12:51:03.706 [nioEventLoopGroup-3-1] DEBUG com.intuit.karate.http.WebSocketClientHandler -- websocket client disconnected
12:51:03.710 [main] DEBUG com.intuit.karate.shell.Command -- closing command: chrome_1718781650048
]]></system-out>
  </testcase>
  <testcase name="[2.2:35] Login using csv file" classname="UI_Automation_Project/login/login" time="16.3">
    <system-out><![CDATA[12:51:03.717 [main] INFO com.intuit.karate -- karate.env system property was: null 
12:51:03.717 [main] INFO com.intuit.karate -- the browser set is: chromedriver, default: "chrome" 
12:51:03.717 [main] DEBUG com.jayway.jsonpath.internal.path.CompiledPath -- Evaluating path: $
12:51:03.717 [main] DEBUG com.jayway.jsonpath.internal.path.CompiledPath -- Evaluating path: $
12:51:03.717 [main] WARN com.intuit.karate -- type was null, defaulting to 'chrome'
12:51:03.717 [main] DEBUG com.intuit.karate.shell.Command -- found / verified free local port: 53889
12:51:03.723 [main] WARN com.intuit.karate.driver.DriverOptions -- preferred port 9222 not available, will use: 53889
12:51:03.723 [main] DEBUG com.intuit.karate.driver.chrome_1718781663717 -- poll attempt #0 for port to be ready - localhost:53889
12:51:03.737 [chrome_1718781663717] DEBUG com.intuit.karate.driver.chrome_1718781663717 -- command: [C:\Program Files\Google\Chrome\Application\chrome.exe, --remote-debugging-port=53889, --remote-allow-origins=*, --no-first-run, --user-data-dir=C:\Users\HarshvardhanNigaveka\OneDrive - Academian India Private Limited\Desktop\GitHubActions\karateUI\UI_Automation_Project\target\chrome_1718781663717, --disable-popup-blocking], working dir: target\chrome_1718781663717
12:51:03.984 [main] DEBUG com.intuit.karate.driver.chrome_1718781663717 -- poll attempt #1 for port to be ready - localhost:53889
12:51:04.167 [chrome_1718781663717-out] DEBUG com.intuit.karate.driver.chrome_1718781663717 -- 
12:51:04.167 [chrome_1718781663717-out] DEBUG com.intuit.karate.driver.chrome_1718781663717 -- DevTools listening on ws://127.0.0.1:53889/devtools/browser/e707dc7b-c72c-4392-bb11-d0da3c519221
12:51:04.246 [main] DEBUG com.intuit.karate.driver.chrome_1718781663717 -- poll attempt #2 for port to be ready - localhost:53889
12:51:04.264 [main] DEBUG org.apache.http.client.protocol.RequestAddCookies -- CookieSpec selected: karate
12:51:04.264 [main] DEBUG org.apache.http.client.protocol.RequestAuthCache -- Auth cache not set in the context
12:51:04.264 [main] DEBUG com.intuit.karate -- request:
1 > GET http://localhost:53889/json
1 > Host: localhost:53889
1 > Connection: Keep-Alive
1 > User-Agent: Apache-HttpClient/4.5.14 (Java/17.0.11)
1 > Accept-Encoding: gzip,deflate


12:51:04.264 [main] DEBUG org.apache.http.impl.conn.PoolingHttpClientConnectionManager -- Connection request: [route: {}->http://localhost:53889][total available: 0; route allocated: 0 of 5; total allocated: 0 of 10]
12:51:04.264 [main] DEBUG org.apache.http.impl.conn.PoolingHttpClientConnectionManager -- Connection leased: [id: 4][route: {}->http://localhost:53889][total available: 0; route allocated: 1 of 5; total allocated: 1 of 10]
12:51:04.264 [main] DEBUG org.apache.http.impl.execchain.MainClientExec -- Opening connection {}->http://localhost:53889
12:51:04.264 [main] DEBUG org.apache.http.impl.conn.DefaultHttpClientConnectionOperator -- Connecting to localhost/127.0.0.1:53889
12:51:04.266 [main] DEBUG org.apache.http.impl.conn.DefaultHttpClientConnectionOperator -- Connection established 127.0.0.1:53893<->127.0.0.1:53889
12:51:04.266 [main] DEBUG org.apache.http.impl.conn.DefaultManagedHttpClientConnection -- http-outgoing-4: set socket timeout to 30000
12:51:04.266 [main] DEBUG org.apache.http.impl.execchain.MainClientExec -- Executing request GET /json HTTP/1.1
12:51:04.266 [main] DEBUG org.apache.http.impl.execchain.MainClientExec -- Target auth state: UNCHALLENGED
12:51:04.266 [main] DEBUG org.apache.http.impl.execchain.MainClientExec -- Proxy auth state: UNCHALLENGED
12:51:04.266 [main] DEBUG org.apache.http.headers -- http-outgoing-4 >> GET /json HTTP/1.1
12:51:04.266 [main] DEBUG org.apache.http.headers -- http-outgoing-4 >> Host: localhost:53889
12:51:04.266 [main] DEBUG org.apache.http.headers -- http-outgoing-4 >> Connection: Keep-Alive
12:51:04.266 [main] DEBUG org.apache.http.headers -- http-outgoing-4 >> User-Agent: Apache-HttpClient/4.5.14 (Java/17.0.11)
12:51:04.266 [main] DEBUG org.apache.http.headers -- http-outgoing-4 >> Accept-Encoding: gzip,deflate
12:51:04.266 [main] DEBUG org.apache.http.wire -- http-outgoing-4 >> "GET /json HTTP/1.1[\r][\n]"
12:51:04.266 [main] DEBUG org.apache.http.wire -- http-outgoing-4 >> "Host: localhost:53889[\r][\n]"
12:51:04.266 [main] DEBUG org.apache.http.wire -- http-outgoing-4 >> "Connection: Keep-Alive[\r][\n]"
12:51:04.266 [main] DEBUG org.apache.http.wire -- http-outgoing-4 >> "User-Agent: Apache-HttpClient/4.5.14 (Java/17.0.11)[\r][\n]"
12:51:04.266 [main] DEBUG org.apache.http.wire -- http-outgoing-4 >> "Accept-Encoding: gzip,deflate[\r][\n]"
12:51:04.266 [main] DEBUG org.apache.http.wire -- http-outgoing-4 >> "[\r][\n]"
12:51:04.266 [main] DEBUG org.apache.http.wire -- http-outgoing-4 << "HTTP/1.1 200 OK[\r][\n]"
12:51:04.266 [main] DEBUG org.apache.http.wire -- http-outgoing-4 << "Content-Security-Policy:frame-ancestors 'none'[\r][\n]"
12:51:04.266 [main] DEBUG org.apache.http.wire -- http-outgoing-4 << "Content-Length:1273[\r][\n]"
12:51:04.266 [main] DEBUG org.apache.http.wire -- http-outgoing-4 << "Content-Type:application/json; charset=UTF-8[\r][\n]"
12:51:04.266 [main] DEBUG org.apache.http.wire -- http-outgoing-4 << "[\r][\n]"
12:51:04.266 [main] DEBUG org.apache.http.wire -- http-outgoing-4 << "[ {[\r][\n]"
12:51:04.266 [main] DEBUG org.apache.http.wire -- http-outgoing-4 << "   "description": "",[\r][\n]"
12:51:04.266 [main] DEBUG org.apache.http.wire -- http-outgoing-4 << "   "devtoolsFrontendUrl": "/devtools/inspector.html?ws=localhost:53889/devtools/page/547F26613173793DB61D5075930A4751",[\r][\n]"
12:51:04.266 [main] DEBUG org.apache.http.wire -- http-outgoing-4 << "   "id": "547F26613173793DB61D5075930A4751",[\r][\n]"
12:51:04.266 [main] DEBUG org.apache.http.wire -- http-outgoing-4 << "   "title": "Google Network Speech",[\r][\n]"
12:51:04.266 [main] DEBUG org.apache.http.wire -- http-outgoing-4 << "   "type": "background_page",[\r][\n]"
12:51:04.266 [main] DEBUG org.apache.http.wire -- http-outgoing-4 << "   "url": "chrome-extension://neajdppkdcdipfabeoofebfddakdcjhd/_generated_background_page.html",[\r][\n]"
12:51:04.266 [main] DEBUG org.apache.http.wire -- http-outgoing-4 << "   "webSocketDebuggerUrl": "ws://localhost:53889/devtools/page/547F26613173793DB61D5075930A4751"[\r][\n]"
12:51:04.266 [main] DEBUG org.apache.http.wire -- http-outgoing-4 << "}, {[\r][\n]"
12:51:04.266 [main] DEBUG org.apache.http.wire -- http-outgoing-4 << "   "description": "",[\r][\n]"
12:51:04.266 [main] DEBUG org.apache.http.wire -- http-outgoing-4 << "   "devtoolsFrontendUrl": "/devtools/inspector.html?ws=localhost:53889/devtools/page/6A6F031AD1B637E38D520705C7007683",[\r][\n]"
12:51:04.266 [main] DEBUG org.apache.http.wire -- http-outgoing-4 << "   "id": "6A6F031AD1B637E38D520705C7007683",[\r][\n]"
12:51:04.266 [main] DEBUG org.apache.http.wire -- http-outgoing-4 << "   "title": "Google Hangouts",[\r][\n]"
12:51:04.266 [main] DEBUG org.apache.http.wire -- http-outgoing-4 << "   "type": "background_page",[\r][\n]"
12:51:04.266 [main] DEBUG org.apache.http.wire -- http-outgoing-4 << "   "url": "chrome-extension://nkeimhogjdpnpccoofpliimaahmaaome/background.html",[\r][\n]"
12:51:04.266 [main] DEBUG org.apache.http.wire -- http-outgoing-4 << "   "webSocketDebuggerUrl": "ws://localhost:53889/devtools/page/6A6F031AD1B637E38D520705C7007683"[\r][\n]"
12:51:04.266 [main] DEBUG org.apache.http.wire -- http-outgoing-4 << "}, {[\r][\n]"
12:51:04.266 [main] DEBUG org.apache.http.wire -- http-outgoing-4 << "   "description": "",[\r][\n]"
12:51:04.266 [main] DEBUG org.apache.http.wire -- http-outgoing-4 << "   "devtoolsFrontendUrl": "/devtools/inspector.html?ws=localhost:53889/devtools/page/216D74C20570AF5E5F911D9BFC8B27DE",[\r][\n]"
12:51:04.266 [main] DEBUG org.apache.http.wire -- http-outgoing-4 << "   "id": "216D74C20570AF5E5F911D9BFC8B27DE",[\r][\n]"
12:51:04.266 [main] DEBUG org.apache.http.wire -- http-outgoing-4 << "   "title": "New Tab",[\r][\n]"
12:51:04.266 [main] DEBUG org.apache.http.wire -- http-outgoing-4 << "   "type": "page",[\r][\n]"
12:51:04.266 [main] DEBUG org.apache.http.wire -- http-outgoing-4 << "   "url": "chrome://newtab/",[\r][\n]"
12:51:04.266 [main] DEBUG org.apache.http.wire -- http-outgoing-4 << "   "webSocketDebuggerUrl": "ws://localhost:53889/devtools/page/216D74C20570AF5E5F911D9BFC8B27DE"[\r][\n]"
12:51:04.266 [main] DEBUG org.apache.http.wire -- http-outgoing-4 << "} ][\r][\n]"
12:51:04.266 [main] DEBUG org.apache.http.headers -- http-outgoing-4 << HTTP/1.1 200 OK
12:51:04.266 [main] DEBUG org.apache.http.headers -- http-outgoing-4 << Content-Security-Policy:frame-ancestors 'none'
12:51:04.266 [main] DEBUG org.apache.http.headers -- http-outgoing-4 << Content-Length:1273
12:51:04.266 [main] DEBUG org.apache.http.headers -- http-outgoing-4 << Content-Type:application/json; charset=UTF-8
12:51:04.266 [main] DEBUG org.apache.http.impl.execchain.MainClientExec -- Connection can be kept alive indefinitely
12:51:04.266 [main] DEBUG org.apache.http.impl.conn.PoolingHttpClientConnectionManager -- Connection [id: 4][route: {}->http://localhost:53889] can be kept alive indefinitely
12:51:04.266 [main] DEBUG org.apache.http.impl.conn.DefaultManagedHttpClientConnection -- http-outgoing-4: set socket timeout to 0
12:51:04.266 [main] DEBUG org.apache.http.impl.conn.PoolingHttpClientConnectionManager -- Connection released: [id: 4][route: {}->http://localhost:53889][total available: 1; route allocated: 1 of 5; total allocated: 1 of 10]
12:51:04.266 [main] DEBUG org.apache.http.impl.conn.PoolingHttpClientConnectionManager -- Connection manager is shutting down
12:51:04.266 [main] DEBUG org.apache.http.impl.conn.DefaultManagedHttpClientConnection -- http-outgoing-4: Close connection
12:51:04.266 [main] DEBUG org.apache.http.impl.conn.PoolingHttpClientConnectionManager -- Connection manager shut down
12:51:04.266 [main] DEBUG com.intuit.karate -- response time in milliseconds: 2
1 < 200
1 < Content-Security-Policy: frame-ancestors 'none'
1 < Content-Length: 1273
1 < Content-Type: application/json; charset=UTF-8
[ {
   "description": "",
   "devtoolsFrontendUrl": "/devtools/inspector.html?ws=localhost:53889/devtools/page/547F26613173793DB61D5075930A4751",
   "id": "547F26613173793DB61D5075930A4751",
   "title": "Google Network Speech",
   "type": "background_page",
   "url": "chrome-extension://neajdppkdcdipfabeoofebfddakdcjhd/_generated_background_page.html",
   "webSocketDebuggerUrl": "ws://localhost:53889/devtools/page/547F26613173793DB61D5075930A4751"
}, {
   "description": "",
   "devtoolsFrontendUrl": "/devtools/inspector.html?ws=localhost:53889/devtools/page/6A6F031AD1B637E38D520705C7007683",
   "id": "6A6F031AD1B637E38D520705C7007683",
   "title": "Google Hangouts",
   "type": "background_page",
   "url": "chrome-extension://nkeimhogjdpnpccoofpliimaahmaaome/background.html",
   "webSocketDebuggerUrl": "ws://localhost:53889/devtools/page/6A6F031AD1B637E38D520705C7007683"
}, {
   "description": "",
   "devtoolsFrontendUrl": "/devtools/inspector.html?ws=localhost:53889/devtools/page/216D74C20570AF5E5F911D9BFC8B27DE",
   "id": "216D74C20570AF5E5F911D9BFC8B27DE",
   "title": "New Tab",
   "type": "page",
   "url": "chrome://newtab/",
   "webSocketDebuggerUrl": "ws://localhost:53889/devtools/page/216D74C20570AF5E5F911D9BFC8B27DE"
} ]


12:51:04.266 [main] DEBUG com.jayway.jsonpath.internal.path.CompiledPath -- Evaluating path: $
12:51:04.266 [main] DEBUG com.intuit.karate.shell.Command -- ready to accept http connections after 12 ms - http://localhost:53889/json
12:51:04.266 [main] DEBUG org.apache.http.client.protocol.RequestAddCookies -- CookieSpec selected: karate
12:51:04.266 [main] DEBUG org.apache.http.client.protocol.RequestAuthCache -- Auth cache not set in the context
12:51:04.266 [main] DEBUG com.intuit.karate -- request:
1 > GET http://localhost:53889/json
1 > Host: localhost:53889
1 > Connection: Keep-Alive
1 > User-Agent: Apache-HttpClient/4.5.14 (Java/17.0.11)
1 > Accept-Encoding: gzip,deflate


12:51:04.266 [main] DEBUG org.apache.http.impl.conn.PoolingHttpClientConnectionManager -- Connection request: [route: {}->http://localhost:53889][total available: 0; route allocated: 0 of 5; total allocated: 0 of 10]
12:51:04.266 [main] DEBUG org.apache.http.impl.conn.PoolingHttpClientConnectionManager -- Connection leased: [id: 5][route: {}->http://localhost:53889][total available: 0; route allocated: 1 of 5; total allocated: 1 of 10]
12:51:04.266 [main] DEBUG org.apache.http.impl.execchain.MainClientExec -- Opening connection {}->http://localhost:53889
12:51:04.266 [main] DEBUG org.apache.http.impl.conn.DefaultHttpClientConnectionOperator -- Connecting to localhost/127.0.0.1:53889
12:51:04.266 [main] DEBUG org.apache.http.impl.conn.DefaultHttpClientConnectionOperator -- Connection established 127.0.0.1:53894<->127.0.0.1:53889
12:51:04.266 [main] DEBUG org.apache.http.impl.conn.DefaultManagedHttpClientConnection -- http-outgoing-5: set socket timeout to 30000
12:51:04.266 [main] DEBUG org.apache.http.impl.execchain.MainClientExec -- Executing request GET /json HTTP/1.1
12:51:04.266 [main] DEBUG org.apache.http.impl.execchain.MainClientExec -- Target auth state: UNCHALLENGED
12:51:04.266 [main] DEBUG org.apache.http.impl.execchain.MainClientExec -- Proxy auth state: UNCHALLENGED
12:51:04.266 [main] DEBUG org.apache.http.headers -- http-outgoing-5 >> GET /json HTTP/1.1
12:51:04.266 [main] DEBUG org.apache.http.headers -- http-outgoing-5 >> Host: localhost:53889
12:51:04.266 [main] DEBUG org.apache.http.headers -- http-outgoing-5 >> Connection: Keep-Alive
12:51:04.266 [main] DEBUG org.apache.http.headers -- http-outgoing-5 >> User-Agent: Apache-HttpClient/4.5.14 (Java/17.0.11)
12:51:04.266 [main] DEBUG org.apache.http.headers -- http-outgoing-5 >> Accept-Encoding: gzip,deflate
12:51:04.266 [main] DEBUG org.apache.http.wire -- http-outgoing-5 >> "GET /json HTTP/1.1[\r][\n]"
12:51:04.266 [main] DEBUG org.apache.http.wire -- http-outgoing-5 >> "Host: localhost:53889[\r][\n]"
12:51:04.266 [main] DEBUG org.apache.http.wire -- http-outgoing-5 >> "Connection: Keep-Alive[\r][\n]"
12:51:04.266 [main] DEBUG org.apache.http.wire -- http-outgoing-5 >> "User-Agent: Apache-HttpClient/4.5.14 (Java/17.0.11)[\r][\n]"
12:51:04.266 [main] DEBUG org.apache.http.wire -- http-outgoing-5 >> "Accept-Encoding: gzip,deflate[\r][\n]"
12:51:04.266 [main] DEBUG org.apache.http.wire -- http-outgoing-5 >> "[\r][\n]"
12:51:04.266 [main] DEBUG org.apache.http.wire -- http-outgoing-5 << "HTTP/1.1 200 OK[\r][\n]"
12:51:04.266 [main] DEBUG org.apache.http.wire -- http-outgoing-5 << "Content-Security-Policy:frame-ancestors 'none'[\r][\n]"
12:51:04.266 [main] DEBUG org.apache.http.wire -- http-outgoing-5 << "Content-Length:1273[\r][\n]"
12:51:04.266 [main] DEBUG org.apache.http.wire -- http-outgoing-5 << "Content-Type:application/json; charset=UTF-8[\r][\n]"
12:51:04.266 [main] DEBUG org.apache.http.wire -- http-outgoing-5 << "[\r][\n]"
12:51:04.266 [main] DEBUG org.apache.http.wire -- http-outgoing-5 << "[ {[\r][\n]"
12:51:04.266 [main] DEBUG org.apache.http.wire -- http-outgoing-5 << "   "description": "",[\r][\n]"
12:51:04.266 [main] DEBUG org.apache.http.wire -- http-outgoing-5 << "   "devtoolsFrontendUrl": "/devtools/inspector.html?ws=localhost:53889/devtools/page/547F26613173793DB61D5075930A4751",[\r][\n]"
12:51:04.266 [main] DEBUG org.apache.http.wire -- http-outgoing-5 << "   "id": "547F26613173793DB61D5075930A4751",[\r][\n]"
12:51:04.266 [main] DEBUG org.apache.http.wire -- http-outgoing-5 << "   "title": "Google Network Speech",[\r][\n]"
12:51:04.266 [main] DEBUG org.apache.http.wire -- http-outgoing-5 << "   "type": "background_page",[\r][\n]"
12:51:04.266 [main] DEBUG org.apache.http.wire -- http-outgoing-5 << "   "url": "chrome-extension://neajdppkdcdipfabeoofebfddakdcjhd/_generated_background_page.html",[\r][\n]"
12:51:04.266 [main] DEBUG org.apache.http.wire -- http-outgoing-5 << "   "webSocketDebuggerUrl": "ws://localhost:53889/devtools/page/547F26613173793DB61D5075930A4751"[\r][\n]"
12:51:04.266 [main] DEBUG org.apache.http.wire -- http-outgoing-5 << "}, {[\r][\n]"
12:51:04.266 [main] DEBUG org.apache.http.wire -- http-outgoing-5 << "   "description": "",[\r][\n]"
12:51:04.266 [main] DEBUG org.apache.http.wire -- http-outgoing-5 << "   "devtoolsFrontendUrl": "/devtools/inspector.html?ws=localhost:53889/devtools/page/6A6F031AD1B637E38D520705C7007683",[\r][\n]"
12:51:04.266 [main] DEBUG org.apache.http.wire -- http-outgoing-5 << "   "id": "6A6F031AD1B637E38D520705C7007683",[\r][\n]"
12:51:04.266 [main] DEBUG org.apache.http.wire -- http-outgoing-5 << "   "title": "Google Hangouts",[\r][\n]"
12:51:04.266 [main] DEBUG org.apache.http.wire -- http-outgoing-5 << "   "type": "background_page",[\r][\n]"
12:51:04.266 [main] DEBUG org.apache.http.wire -- http-outgoing-5 << "   "url": "chrome-extension://nkeimhogjdpnpccoofpliimaahmaaome/background.html",[\r][\n]"
12:51:04.266 [main] DEBUG org.apache.http.wire -- http-outgoing-5 << "   "webSocketDebuggerUrl": "ws://localhost:53889/devtools/page/6A6F031AD1B637E38D520705C7007683"[\r][\n]"
12:51:04.266 [main] DEBUG org.apache.http.wire -- http-outgoing-5 << "}, {[\r][\n]"
12:51:04.266 [main] DEBUG org.apache.http.wire -- http-outgoing-5 << "   "description": "",[\r][\n]"
12:51:04.266 [main] DEBUG org.apache.http.wire -- http-outgoing-5 << "   "devtoolsFrontendUrl": "/devtools/inspector.html?ws=localhost:53889/devtools/page/216D74C20570AF5E5F911D9BFC8B27DE",[\r][\n]"
12:51:04.266 [main] DEBUG org.apache.http.wire -- http-outgoing-5 << "   "id": "216D74C20570AF5E5F911D9BFC8B27DE",[\r][\n]"
12:51:04.266 [main] DEBUG org.apache.http.wire -- http-outgoing-5 << "   "title": "New Tab",[\r][\n]"
12:51:04.266 [main] DEBUG org.apache.http.wire -- http-outgoing-5 << "   "type": "page",[\r][\n]"
12:51:04.266 [main] DEBUG org.apache.http.wire -- http-outgoing-5 << "   "url": "chrome://newtab/",[\r][\n]"
12:51:04.266 [main] DEBUG org.apache.http.wire -- http-outgoing-5 << "   "webSocketDebuggerUrl": "ws://localhost:53889/devtools/page/216D74C20570AF5E5F911D9BFC8B27DE"[\r][\n]"
12:51:04.266 [main] DEBUG org.apache.http.wire -- http-outgoing-5 << "} ][\r][\n]"
12:51:04.266 [main] DEBUG org.apache.http.headers -- http-outgoing-5 << HTTP/1.1 200 OK
12:51:04.266 [main] DEBUG org.apache.http.headers -- http-outgoing-5 << Content-Security-Policy:frame-ancestors 'none'
12:51:04.266 [main] DEBUG org.apache.http.headers -- http-outgoing-5 << Content-Length:1273
12:51:04.266 [main] DEBUG org.apache.http.headers -- http-outgoing-5 << Content-Type:application/json; charset=UTF-8
12:51:04.266 [main] DEBUG org.apache.http.impl.execchain.MainClientExec -- Connection can be kept alive indefinitely
12:51:04.266 [main] DEBUG org.apache.http.impl.conn.PoolingHttpClientConnectionManager -- Connection [id: 5][route: {}->http://localhost:53889] can be kept alive indefinitely
12:51:04.266 [main] DEBUG org.apache.http.impl.conn.DefaultManagedHttpClientConnection -- http-outgoing-5: set socket timeout to 0
12:51:04.266 [main] DEBUG org.apache.http.impl.conn.PoolingHttpClientConnectionManager -- Connection released: [id: 5][route: {}->http://localhost:53889][total available: 1; route allocated: 1 of 5; total allocated: 1 of 10]
12:51:04.266 [main] DEBUG org.apache.http.impl.conn.PoolingHttpClientConnectionManager -- Connection manager is shutting down
12:51:04.266 [main] DEBUG org.apache.http.impl.conn.DefaultManagedHttpClientConnection -- http-outgoing-5: Close connection
12:51:04.266 [main] DEBUG org.apache.http.impl.conn.PoolingHttpClientConnectionManager -- Connection manager shut down
12:51:04.266 [main] DEBUG com.intuit.karate -- response time in milliseconds: 0
1 < 200
1 < Content-Security-Policy: frame-ancestors 'none'
1 < Content-Length: 1273
1 < Content-Type: application/json; charset=UTF-8
[ {
   "description": "",
   "devtoolsFrontendUrl": "/devtools/inspector.html?ws=localhost:53889/devtools/page/547F26613173793DB61D5075930A4751",
   "id": "547F26613173793DB61D5075930A4751",
   "title": "Google Network Speech",
   "type": "background_page",
   "url": "chrome-extension://neajdppkdcdipfabeoofebfddakdcjhd/_generated_background_page.html",
   "webSocketDebuggerUrl": "ws://localhost:53889/devtools/page/547F26613173793DB61D5075930A4751"
}, {
   "description": "",
   "devtoolsFrontendUrl": "/devtools/inspector.html?ws=localhost:53889/devtools/page/6A6F031AD1B637E38D520705C7007683",
   "id": "6A6F031AD1B637E38D520705C7007683",
   "title": "Google Hangouts",
   "type": "background_page",
   "url": "chrome-extension://nkeimhogjdpnpccoofpliimaahmaaome/background.html",
   "webSocketDebuggerUrl": "ws://localhost:53889/devtools/page/6A6F031AD1B637E38D520705C7007683"
}, {
   "description": "",
   "devtoolsFrontendUrl": "/devtools/inspector.html?ws=localhost:53889/devtools/page/216D74C20570AF5E5F911D9BFC8B27DE",
   "id": "216D74C20570AF5E5F911D9BFC8B27DE",
   "title": "New Tab",
   "type": "page",
   "url": "chrome://newtab/",
   "webSocketDebuggerUrl": "ws://localhost:53889/devtools/page/216D74C20570AF5E5F911D9BFC8B27DE"
} ]


12:51:04.266 [main] DEBUG com.jayway.jsonpath.internal.path.CompiledPath -- Evaluating path: $
12:51:04.266 [main] DEBUG com.jayway.jsonpath.internal.path.CompiledPath -- Evaluating path: $
12:51:04.266 [main] DEBUG com.intuit.karate.driver.chrome_1718781663717 -- root frame id: 216D74C20570AF5E5F911D9BFC8B27DE
12:51:04.354 [nioEventLoopGroup-4-1] DEBUG io.netty.handler.codec.http.websocketx.WebSocketClientHandshaker13 -- WebSocket version 13 client handshake key: cuFXzkl+11AEcoPoWtRl8Q==, expected response: X1DwCWLIlg2VK8S2eJbYBJID7U8=
12:51:04.364 [nioEventLoopGroup-4-1] DEBUG com.intuit.karate.http.WebSocketClientHandler -- websocket client connected
12:51:04.364 [main] DEBUG com.jayway.jsonpath.internal.path.CompiledPath -- Evaluating path: $['targetId']
12:51:04.364 [main] DEBUG com.jayway.jsonpath.internal.path.CompiledPath -- Evaluating path: $
12:51:04.364 [main] DEBUG com.jayway.jsonpath.internal.path.CompiledPath -- Evaluating path: $
12:51:04.364 [main] DEBUG com.jayway.jsonpath.internal.JsonContext -- Put path $ key targetId value {}
12:51:04.364 [main] DEBUG com.jayway.jsonpath.internal.path.CompiledPath -- Evaluating path: $
12:51:04.364 [main] DEBUG com.jayway.jsonpath.internal.JsonContext -- Put path $ key targetId value 216D74C20570AF5E5F911D9BFC8B27DE
12:51:04.364 [main] DEBUG com.jayway.jsonpath.internal.path.CompiledPath -- Evaluating path: $['flatten']
12:51:04.364 [main] DEBUG com.jayway.jsonpath.internal.path.CompiledPath -- Evaluating path: $
12:51:04.364 [main] DEBUG com.jayway.jsonpath.internal.path.CompiledPath -- Evaluating path: $
12:51:04.364 [main] DEBUG com.jayway.jsonpath.internal.JsonContext -- Put path $ key flatten value {}
12:51:04.364 [main] DEBUG com.jayway.jsonpath.internal.path.CompiledPath -- Evaluating path: $
12:51:04.364 [main] DEBUG com.jayway.jsonpath.internal.JsonContext -- Put path $ key flatten value true
12:51:04.364 [main] DEBUG com.jayway.jsonpath.internal.path.CompiledPath -- Evaluating path: $
12:51:04.364 [main] DEBUG com.intuit.karate.driver.chrome_1718781663717 -- >> {"id":1,"method":"Target.attachToTarget","params":{"targetId":"216D74C20570AF5E5F911D9BFC8B27DE","flatten":true}}
12:51:04.371 [nioEventLoopGroup-4-1] DEBUG com.intuit.karate.driver.chrome_1718781663717 -- << {"method":"Target.attachedToTarget","params":{"sessionId":"DF311E9B96F1C738196F27B3E1342D45","targetInfo":{"targetId":"216D74C20570AF5E5F911D9BFC8B27DE","type":"page","title":"New Tab","url":"chrome://newtab/","attached":true,"canAccessOpener":false,"browserContextId":"87094718ADAEBBB0CC614F1DE6E9F2D2"},"waitingForDebugger":false}}
12:51:04.371 [nioEventLoopGroup-4-1] DEBUG com.jayway.jsonpath.internal.path.CompiledPath -- Evaluating path: $
12:51:04.371 [nioEventLoopGroup-4-1] DEBUG com.jayway.jsonpath.internal.path.CompiledPath -- Evaluating path: $['targetInfo']['type']
12:51:04.371 [nioEventLoopGroup-4-1] DEBUG com.intuit.karate.driver.chrome_1718781663717 -- << {"id":1,"result":{"sessionId":"DF311E9B96F1C738196F27B3E1342D45"}}
12:51:04.371 [nioEventLoopGroup-4-1] DEBUG com.jayway.jsonpath.internal.path.CompiledPath -- Evaluating path: $
12:51:04.371 [main] DEBUG com.jayway.jsonpath.internal.path.CompiledPath -- Evaluating path: $['sessionId']
12:51:04.371 [main] DEBUG com.jayway.jsonpath.internal.path.CompiledPath -- Evaluating path: $['targetId']
12:51:04.371 [main] DEBUG com.jayway.jsonpath.internal.path.CompiledPath -- Evaluating path: $
12:51:04.371 [main] DEBUG com.jayway.jsonpath.internal.path.CompiledPath -- Evaluating path: $
12:51:04.371 [main] DEBUG com.jayway.jsonpath.internal.JsonContext -- Put path $ key targetId value {}
12:51:04.371 [main] DEBUG com.jayway.jsonpath.internal.path.CompiledPath -- Evaluating path: $
12:51:04.371 [main] DEBUG com.jayway.jsonpath.internal.JsonContext -- Put path $ key targetId value 216D74C20570AF5E5F911D9BFC8B27DE
12:51:04.371 [main] DEBUG com.jayway.jsonpath.internal.path.CompiledPath -- Evaluating path: $
12:51:04.371 [main] DEBUG com.intuit.karate.driver.chrome_1718781663717 -- >> {"id":2,"sessionId":"DF311E9B96F1C738196F27B3E1342D45","method":"Target.activateTarget","params":{"targetId":"216D74C20570AF5E5F911D9BFC8B27DE"}}
12:51:04.371 [nioEventLoopGroup-4-1] DEBUG com.intuit.karate.driver.chrome_1718781663717 -- << {"id":2,"result":{},"sessionId":"DF311E9B96F1C738196F27B3E1342D45"}
12:51:04.371 [nioEventLoopGroup-4-1] DEBUG com.jayway.jsonpath.internal.path.CompiledPath -- Evaluating path: $
12:51:04.371 [main] DEBUG com.jayway.jsonpath.internal.path.CompiledPath -- Evaluating path: $['discover']
12:51:04.371 [main] DEBUG com.jayway.jsonpath.internal.path.CompiledPath -- Evaluating path: $
12:51:04.371 [main] DEBUG com.jayway.jsonpath.internal.path.CompiledPath -- Evaluating path: $
12:51:04.371 [main] DEBUG com.jayway.jsonpath.internal.JsonContext -- Put path $ key discover value {}
12:51:04.371 [main] DEBUG com.jayway.jsonpath.internal.path.CompiledPath -- Evaluating path: $
12:51:04.371 [main] DEBUG com.jayway.jsonpath.internal.JsonContext -- Put path $ key discover value true
12:51:04.371 [main] DEBUG com.jayway.jsonpath.internal.path.CompiledPath -- Evaluating path: $
12:51:04.371 [main] DEBUG com.intuit.karate.driver.chrome_1718781663717 -- >> {"id":3,"sessionId":"DF311E9B96F1C738196F27B3E1342D45","method":"Target.setDiscoverTargets","params":{"discover":true}}
12:51:04.371 [nioEventLoopGroup-4-1] DEBUG com.intuit.karate.driver.chrome_1718781663717 -- << {"method":"Target.targetCreated","params":{"targetInfo":{"targetId":"216D74C20570AF5E5F911D9BFC8B27DE","type":"page","title":"New Tab","url":"chrome://newtab/","attached":true,"canAccessOpener":false,"browserContextId":"87094718ADAEBBB0CC614F1DE6E9F2D2"}},"sessionId":"DF311E9B96F1C738196F27B3E1342D45"}
12:51:04.371 [nioEventLoopGroup-4-1] DEBUG com.jayway.jsonpath.internal.path.CompiledPath -- Evaluating path: $
12:51:04.371 [nioEventLoopGroup-4-1] DEBUG com.intuit.karate.driver.chrome_1718781663717 -- << {"method":"Target.targetCreated","params":{"targetInfo":{"targetId":"547F26613173793DB61D5075930A4751","type":"background_page","title":"Google Network Speech","url":"chrome-extension://neajdppkdcdipfabeoofebfddakdcjhd/_generated_background_page.html","attached":false,"canAccessOpener":false,"browserContextId":"87094718ADAEBBB0CC614F1DE6E9F2D2"}},"sessionId":"DF311E9B96F1C738196F27B3E1342D45"}
12:51:04.371 [nioEventLoopGroup-4-1] DEBUG com.jayway.jsonpath.internal.path.CompiledPath -- Evaluating path: $
12:51:04.371 [nioEventLoopGroup-4-1] DEBUG com.intuit.karate.driver.chrome_1718781663717 -- << {"method":"Target.targetCreated","params":{"targetInfo":{"targetId":"6A6F031AD1B637E38D520705C7007683","type":"background_page","title":"Google Hangouts","url":"chrome-extension://nkeimhogjdpnpccoofpliimaahmaaome/background.html","attached":false,"canAccessOpener":false,"browserContextId":"87094718ADAEBBB0CC614F1DE6E9F2D2"}},"sessionId":"DF311E9B96F1C738196F27B3E1342D45"}
12:51:04.371 [nioEventLoopGroup-4-1] DEBUG com.jayway.jsonpath.internal.path.CompiledPath -- Evaluating path: $
12:51:04.371 [nioEventLoopGroup-4-1] DEBUG com.intuit.karate.driver.chrome_1718781663717 -- << {"id":3,"result":{},"sessionId":"DF311E9B96F1C738196F27B3E1342D45"}
12:51:04.371 [nioEventLoopGroup-4-1] DEBUG com.jayway.jsonpath.internal.path.CompiledPath -- Evaluating path: $
12:51:04.371 [main] DEBUG com.intuit.karate.driver.chrome_1718781663717 -- >> {"id":4,"sessionId":"DF311E9B96F1C738196F27B3E1342D45","method":"Page.enable"}
12:51:04.387 [nioEventLoopGroup-4-1] DEBUG com.intuit.karate.driver.chrome_1718781663717 -- << {"id":4,"result":{},"sessionId":"DF311E9B96F1C738196F27B3E1342D45"}
12:51:04.387 [nioEventLoopGroup-4-1] DEBUG com.jayway.jsonpath.internal.path.CompiledPath -- Evaluating path: $
12:51:04.387 [main] DEBUG com.intuit.karate.driver.chrome_1718781663717 -- >> {"id":5,"sessionId":"DF311E9B96F1C738196F27B3E1342D45","method":"Runtime.enable"}
12:51:04.393 [nioEventLoopGroup-4-1] DEBUG com.intuit.karate.driver.chrome_1718781663717 -- << {"method":"Runtime.executionContextCreated","params":{"context":{"id":2,"origin":"chrome://new-tab-page","name":"","uniqueId":"-4674358136872533048.-8843149624545688380","auxData":{"isDefault":true,"type":"default","frameId":"C8DE959CFA5914C696C2CFE7C2AA56FF"}}},"sessionId":"DF311E9B96F1C738196F27B3E1342D45"}
12:51:04.393 [nioEventLoopGroup-4-1] DEBUG com.jayway.jsonpath.internal.path.CompiledPath -- Evaluating path: $
12:51:04.393 [nioEventLoopGroup-4-1] DEBUG com.jayway.jsonpath.internal.path.CompiledPath -- Evaluating path: $['context']['auxData']['frameId']
12:51:04.393 [nioEventLoopGroup-4-1] DEBUG com.jayway.jsonpath.internal.path.CompiledPath -- Evaluating path: $['context']['id']
12:51:04.393 [nioEventLoopGroup-4-1] DEBUG com.intuit.karate.driver.chrome_1718781663717 -- << {"method":"Runtime.executionContextCreated","params":{"context":{"id":1,"origin":"chrome://new-tab-page","name":"","uniqueId":"7727519701986018141.-312200081628800606","auxData":{"isDefault":true,"type":"default","frameId":"216D74C20570AF5E5F911D9BFC8B27DE"}}},"sessionId":"DF311E9B96F1C738196F27B3E1342D45"}
12:51:04.393 [nioEventLoopGroup-4-1] DEBUG com.jayway.jsonpath.internal.path.CompiledPath -- Evaluating path: $
12:51:04.393 [nioEventLoopGroup-4-1] DEBUG com.jayway.jsonpath.internal.path.CompiledPath -- Evaluating path: $['context']['auxData']['frameId']
12:51:04.393 [nioEventLoopGroup-4-1] DEBUG com.jayway.jsonpath.internal.path.CompiledPath -- Evaluating path: $['context']['id']
12:51:04.393 [nioEventLoopGroup-4-1] DEBUG com.intuit.karate.driver.chrome_1718781663717 -- << {"id":5,"result":{},"sessionId":"DF311E9B96F1C738196F27B3E1342D45"}
12:51:04.393 [nioEventLoopGroup-4-1] DEBUG com.jayway.jsonpath.internal.path.CompiledPath -- Evaluating path: $
12:51:04.393 [main] DEBUG com.jayway.jsonpath.internal.path.CompiledPath -- Evaluating path: $['targetId']
12:51:04.393 [main] DEBUG com.jayway.jsonpath.internal.path.CompiledPath -- Evaluating path: $
12:51:04.395 [main] DEBUG com.jayway.jsonpath.internal.path.CompiledPath -- Evaluating path: $
12:51:04.395 [main] DEBUG com.jayway.jsonpath.internal.JsonContext -- Put path $ key targetId value {}
12:51:04.395 [main] DEBUG com.jayway.jsonpath.internal.path.CompiledPath -- Evaluating path: $
12:51:04.395 [main] DEBUG com.jayway.jsonpath.internal.JsonContext -- Put path $ key targetId value 216D74C20570AF5E5F911D9BFC8B27DE
12:51:04.395 [main] DEBUG com.jayway.jsonpath.internal.path.CompiledPath -- Evaluating path: $
12:51:04.395 [main] DEBUG com.intuit.karate.driver.chrome_1718781663717 -- >> {"id":6,"sessionId":"DF311E9B96F1C738196F27B3E1342D45","method":"Browser.getWindowForTarget","params":{"targetId":"216D74C20570AF5E5F911D9BFC8B27DE"}}
12:51:04.395 [nioEventLoopGroup-4-1] DEBUG com.intuit.karate.driver.chrome_1718781663717 -- << {"id":6,"result":{"windowId":1859671156,"bounds":{"left":10,"top":10,"width":1050,"height":652,"windowState":"normal"}},"sessionId":"DF311E9B96F1C738196F27B3E1342D45"}
12:51:04.395 [nioEventLoopGroup-4-1] DEBUG com.jayway.jsonpath.internal.path.CompiledPath -- Evaluating path: $
12:51:04.411 [main] DEBUG com.jayway.jsonpath.internal.path.CompiledPath -- Evaluating path: $['url']
12:51:04.411 [main] DEBUG com.jayway.jsonpath.internal.path.CompiledPath -- Evaluating path: $
12:51:04.411 [main] DEBUG com.jayway.jsonpath.internal.path.CompiledPath -- Evaluating path: $
12:51:04.411 [main] DEBUG com.jayway.jsonpath.internal.JsonContext -- Put path $ key url value {}
12:51:04.411 [main] DEBUG com.jayway.jsonpath.internal.path.CompiledPath -- Evaluating path: $
12:51:04.411 [main] DEBUG com.jayway.jsonpath.internal.JsonContext -- Put path $ key url value https://www.saucedemo.com/
12:51:04.411 [main] DEBUG com.jayway.jsonpath.internal.path.CompiledPath -- Evaluating path: $
12:51:04.411 [main] DEBUG com.intuit.karate.driver.chrome_1718781663717 -- >> {"id":7,"sessionId":"DF311E9B96F1C738196F27B3E1342D45","method":"Page.navigate","params":{"url":"https:\/\/www.saucedemo.com\/"}}
12:51:04.419 [nioEventLoopGroup-4-1] DEBUG com.intuit.karate.driver.chrome_1718781663717 -- << {"method":"Page.frameStartedLoading","params":{"frameId":"216D74C20570AF5E5F911D9BFC8B27DE"},"sessionId":"DF311E9B96F1C738196F27B3E1342D45"}
12:51:04.419 [nioEventLoopGroup-4-1] DEBUG com.jayway.jsonpath.internal.path.CompiledPath -- Evaluating path: $
12:51:04.419 [nioEventLoopGroup-4-1] DEBUG com.jayway.jsonpath.internal.path.CompiledPath -- Evaluating path: $['frameId']
12:51:04.483 [nioEventLoopGroup-4-1] DEBUG com.intuit.karate.driver.chrome_1718781663717 -- << {"method":"Page.domContentEventFired","params":{"timestamp":52742.988051},"sessionId":"DF311E9B96F1C738196F27B3E1342D45"}
12:51:04.483 [nioEventLoopGroup-4-1] DEBUG com.jayway.jsonpath.internal.path.CompiledPath -- Evaluating path: $
12:51:04.491 [main] DEBUG com.jayway.jsonpath.internal.path.CompiledPath -- Evaluating path: $['expression']
12:51:04.491 [main] DEBUG com.jayway.jsonpath.internal.path.CompiledPath -- Evaluating path: $
12:51:04.491 [main] DEBUG com.jayway.jsonpath.internal.path.CompiledPath -- Evaluating path: $
12:51:04.491 [main] DEBUG com.jayway.jsonpath.internal.JsonContext -- Put path $ key expression value {}
12:51:04.491 [main] DEBUG com.jayway.jsonpath.internal.path.CompiledPath -- Evaluating path: $
12:51:04.491 [main] DEBUG com.jayway.jsonpath.internal.JsonContext -- Put path $ key expression value var e = document.evaluate("//*[@id='user-name']", document, null, 9, null).singleNodeValue; e.focus(); try { e.selectionStart = e.selectionEnd = e.value.length } catch(x) {}
12:51:04.491 [main] DEBUG com.jayway.jsonpath.internal.path.CompiledPath -- Evaluating path: $['returnByValue']
12:51:04.491 [main] DEBUG com.jayway.jsonpath.internal.path.CompiledPath -- Evaluating path: $
12:51:04.491 [main] DEBUG com.jayway.jsonpath.internal.path.CompiledPath -- Evaluating path: $
12:51:04.491 [main] DEBUG com.jayway.jsonpath.internal.JsonContext -- Put path $ key returnByValue value {}
12:51:04.491 [main] DEBUG com.jayway.jsonpath.internal.path.CompiledPath -- Evaluating path: $
12:51:04.491 [main] DEBUG com.jayway.jsonpath.internal.JsonContext -- Put path $ key returnByValue value true
12:51:04.491 [main] DEBUG com.jayway.jsonpath.internal.path.CompiledPath -- Evaluating path: $
12:51:04.491 [main] DEBUG com.intuit.karate.driver.chrome_1718781663717 -- >> {"id":8,"sessionId":"DF311E9B96F1C738196F27B3E1342D45","method":"Runtime.evaluate","params":{"expression":"var e = document.evaluate(\"\/\/*[@id='user-name']\", document, null, 9, null).singleNodeValue; e.focus(); try { e.selectionStart = e.selectionEnd = e.value.length } catch(x) {}","returnByValue":true}}
12:51:04.508 [nioEventLoopGroup-4-1] DEBUG com.intuit.karate.driver.chrome_1718781663717 -- << {"method":"Page.loadEventFired","params":{"timestamp":52743.019479},"sessionId":"DF311E9B96F1C738196F27B3E1342D45"}
12:51:04.508 [nioEventLoopGroup-4-1] DEBUG com.jayway.jsonpath.internal.path.CompiledPath -- Evaluating path: $
12:51:04.508 [nioEventLoopGroup-4-1] DEBUG com.intuit.karate.driver.chrome_1718781663717 -- << {"method":"Page.frameStartedLoading","params":{"frameId":"216D74C20570AF5E5F911D9BFC8B27DE"},"sessionId":"DF311E9B96F1C738196F27B3E1342D45"}
12:51:04.508 [nioEventLoopGroup-4-1] DEBUG com.jayway.jsonpath.internal.path.CompiledPath -- Evaluating path: $
12:51:04.508 [nioEventLoopGroup-4-1] DEBUG com.jayway.jsonpath.internal.path.CompiledPath -- Evaluating path: $['frameId']
12:51:04.548 [nioEventLoopGroup-4-1] DEBUG com.intuit.karate.driver.chrome_1718781663717 -- << {"method":"Page.frameAttached","params":{"frameId":"06AA268EC40E742534E1778B64154AFB","parentFrameId":"216D74C20570AF5E5F911D9BFC8B27DE","stack":{"callFrames":[{"functionName":"__createAndInsertInstance","scriptId":"10","url":"chrome://resources/polymer/v3_0/polymer/polymer_bundled.min.js","lineNumber":0,"columnNumber":63594},{"functionName":"__ensureInstance","scriptId":"10","url":"chrome://resources/polymer/v3_0/polymer/polymer_bundled.min.js","lineNumber":0,"columnNumber":62645},{"functionName":"__render","scriptId":"10","url":"chrome://resources/polymer/v3_0/polymer/polymer_bundled.min.js","lineNumber":0,"columnNumber":62729},{"functionName":"","scriptId":"10","url":"chrome://resources/polymer/v3_0/polymer/polymer_bundled.min.js","lineNumber":0,"columnNumber":61709},{"functionName":"","scriptId":"10","url":"chrome://resources/polymer/v3_0/polymer/polymer_bundled.min.js","lineNumber":0,"columnNumber":1381},{"functionName":"","scriptId":"10","url":"chrome://resources/polymer/v3_0/polymer/polymer_bundled.min ...
12:51:04.548 [nioEventLoopGroup-4-1] DEBUG com.jayway.jsonpath.internal.path.CompiledPath -- Evaluating path: $
12:51:04.548 [nioEventLoopGroup-4-1] DEBUG com.intuit.karate.driver.chrome_1718781663717 -- << {"method":"Page.frameStartedLoading","params":{"frameId":"06AA268EC40E742534E1778B64154AFB"},"sessionId":"DF311E9B96F1C738196F27B3E1342D45"}
12:51:04.548 [nioEventLoopGroup-4-1] DEBUG com.jayway.jsonpath.internal.path.CompiledPath -- Evaluating path: $
12:51:04.548 [nioEventLoopGroup-4-1] DEBUG com.jayway.jsonpath.internal.path.CompiledPath -- Evaluating path: $['frameId']
12:51:04.588 [nioEventLoopGroup-4-1] DEBUG com.intuit.karate.driver.chrome_1718781663717 -- << {"id":7,"result":{"frameId":"216D74C20570AF5E5F911D9BFC8B27DE","loaderId":"F79E9A3A6AADCAF570F3C4A33F2BF023"},"sessionId":"DF311E9B96F1C738196F27B3E1342D45"}
12:51:04.593 [nioEventLoopGroup-4-1] DEBUG com.jayway.jsonpath.internal.path.CompiledPath -- Evaluating path: $
12:51:04.593 [nioEventLoopGroup-4-1] DEBUG com.intuit.karate.driver.chrome_1718781663717 -- << {"method":"Runtime.executionContextsCleared","params":{},"sessionId":"DF311E9B96F1C738196F27B3E1342D45"}
12:51:04.593 [nioEventLoopGroup-4-1] DEBUG com.jayway.jsonpath.internal.path.CompiledPath -- Evaluating path: $
12:51:04.593 [nioEventLoopGroup-4-1] DEBUG com.intuit.karate.driver.chrome_1718781663717 -- << {"method":"Page.frameStoppedLoading","params":{"frameId":"06AA268EC40E742534E1778B64154AFB"},"sessionId":"DF311E9B96F1C738196F27B3E1342D45"}
12:51:04.593 [nioEventLoopGroup-4-1] DEBUG com.jayway.jsonpath.internal.path.CompiledPath -- Evaluating path: $
12:51:04.593 [nioEventLoopGroup-4-1] DEBUG com.jayway.jsonpath.internal.path.CompiledPath -- Evaluating path: $['frameId']
12:51:04.601 [nioEventLoopGroup-4-1] DEBUG com.intuit.karate.driver.chrome_1718781663717 -- << {"method":"Target.targetInfoChanged","params":{"targetInfo":{"targetId":"216D74C20570AF5E5F911D9BFC8B27DE","type":"page","title":"saucedemo.com","url":"https://www.saucedemo.com/","attached":true,"canAccessOpener":false,"browserContextId":"87094718ADAEBBB0CC614F1DE6E9F2D2"}},"sessionId":"DF311E9B96F1C738196F27B3E1342D45"}
12:51:04.601 [nioEventLoopGroup-4-1] DEBUG com.jayway.jsonpath.internal.path.CompiledPath -- Evaluating path: $
12:51:04.601 [nioEventLoopGroup-4-1] DEBUG com.jayway.jsonpath.internal.path.CompiledPath -- Evaluating path: $['targetInfo']['targetId']
12:51:04.601 [nioEventLoopGroup-4-1] DEBUG com.intuit.karate.driver.chrome_1718781663717 -- << {"method":"Runtime.executionContextsCleared","params":{},"sessionId":"DF311E9B96F1C738196F27B3E1342D45"}
12:51:04.601 [nioEventLoopGroup-4-1] DEBUG com.jayway.jsonpath.internal.path.CompiledPath -- Evaluating path: $
12:51:04.601 [nioEventLoopGroup-4-1] DEBUG com.intuit.karate.driver.chrome_1718781663717 -- << {"method":"Page.frameNavigated","params":{"frame":{"id":"216D74C20570AF5E5F911D9BFC8B27DE","loaderId":"F79E9A3A6AADCAF570F3C4A33F2BF023","url":"https://www.saucedemo.com/","domainAndRegistry":"saucedemo.com","securityOrigin":"https://www.saucedemo.com","mimeType":"text/html","adFrameStatus":{"adFrameType":"none"},"secureContextType":"Secure","crossOriginIsolatedContextType":"NotIsolated","gatedAPIFeatures":[]},"type":"Navigation"},"sessionId":"DF311E9B96F1C738196F27B3E1342D45"}
12:51:04.601 [nioEventLoopGroup-4-1] DEBUG com.jayway.jsonpath.internal.path.CompiledPath -- Evaluating path: $
12:51:04.601 [nioEventLoopGroup-4-1] DEBUG com.jayway.jsonpath.internal.path.CompiledPath -- Evaluating path: $['frame']['id']
12:51:04.601 [nioEventLoopGroup-4-1] DEBUG com.jayway.jsonpath.internal.path.CompiledPath -- Evaluating path: $['frame']['url']
12:51:04.601 [nioEventLoopGroup-4-1] DEBUG com.jayway.jsonpath.internal.path.CompiledPath -- Evaluating path: $['frame']['name']
12:51:04.601 [nioEventLoopGroup-4-1] DEBUG com.intuit.karate.driver.chrome_1718781663717 -- << {"method":"Runtime.executionContextCreated","params":{"context":{"id":1,"origin":"https://www.saucedemo.com","name":"","uniqueId":"-7437858913183435758.8838103648119132240","auxData":{"isDefault":true,"type":"default","frameId":"216D74C20570AF5E5F911D9BFC8B27DE"}}},"sessionId":"DF311E9B96F1C738196F27B3E1342D45"}
12:51:04.601 [nioEventLoopGroup-4-1] DEBUG com.jayway.jsonpath.internal.path.CompiledPath -- Evaluating path: $
12:51:04.601 [nioEventLoopGroup-4-1] DEBUG com.jayway.jsonpath.internal.path.CompiledPath -- Evaluating path: $['context']['auxData']['frameId']
12:51:04.601 [nioEventLoopGroup-4-1] DEBUG com.jayway.jsonpath.internal.path.CompiledPath -- Evaluating path: $['context']['id']
12:51:04.699 [nioEventLoopGroup-4-1] DEBUG com.intuit.karate.driver.chrome_1718781663717 -- << {"id":8,"result":{"result":{"type":"object","subtype":"error","className":"TypeError","description":"TypeError: Cannot read properties of null (reading 'focus')\n    at <anonymous>:1:95","objectId":"-79599471683279865.1.1"},"exceptionDetails":{"exceptionId":1,"text":"Uncaught","lineNumber":0,"columnNumber":94,"scriptId":"6","stackTrace":{"callFrames":[{"functionName":"","scriptId":"6","url":"","lineNumber":0,"columnNumber":94}]},"exception":{"type":"object","subtype":"error","className":"TypeError","description":"TypeError: Cannot read properties of null (reading 'focus')\n    at <anonymous>:1:95","objectId":"-79599471683279865.1.2"}}},"sessionId":"DF311E9B96F1C738196F27B3E1342D45"}
12:51:04.699 [nioEventLoopGroup-4-1] DEBUG com.jayway.jsonpath.internal.path.CompiledPath -- Evaluating path: $
12:51:04.699 [nioEventLoopGroup-4-1] WARN com.intuit.karate.driver.chrome_1718781663717 -- devtools error: [id: 8, sessionId: DF311E9B96F1C738196F27B3E1342D45, result: [type: MAP, value: {type=object, subtype=error, className=TypeError, description=TypeError: Cannot read properties of null (reading 'focus')
    at <anonymous>:1:95, objectId=-79599471683279865.1.1}]]
12:51:04.699 [main] WARN com.intuit.karate.driver.chrome_1718781663717 -- js eval failed once:var e = document.evaluate("//*[@id='user-name']", document, null, 9, null).singleNodeValue; e.focus(); try { e.selectionStart = e.selectionEnd = e.value.length } catch(x) {}, error: [type: MAP, value: {type=object, subtype=error, className=TypeError, description=TypeError: Cannot read properties of null (reading 'focus')
    at <anonymous>:1:95, objectId=-79599471683279865.1.1}]
12:51:04.914 [nioEventLoopGroup-4-1] DEBUG com.intuit.karate.driver.chrome_1718781663717 -- << {"method":"Page.domContentEventFired","params":{"timestamp":52743.425313},"sessionId":"DF311E9B96F1C738196F27B3E1342D45"}
12:51:04.914 [nioEventLoopGroup-4-1] DEBUG com.jayway.jsonpath.internal.path.CompiledPath -- Evaluating path: $
12:51:05.000 [nioEventLoopGroup-4-1] DEBUG com.intuit.karate.driver.chrome_1718781663717 -- << {"method":"Target.targetCreated","params":{"targetInfo":{"targetId":"A7BECCC39FDBA49ECAD85F107306AEC8","type":"service_worker","title":"Service Worker https://www.saucedemo.com/service-worker.js","url":"https://www.saucedemo.com/service-worker.js","attached":false,"canAccessOpener":false,"browserContextId":"87094718ADAEBBB0CC614F1DE6E9F2D2"}},"sessionId":"DF311E9B96F1C738196F27B3E1342D45"}
12:51:05.000 [nioEventLoopGroup-4-1] DEBUG com.jayway.jsonpath.internal.path.CompiledPath -- Evaluating path: $
12:51:05.000 [nioEventLoopGroup-4-1] DEBUG com.intuit.karate.driver.chrome_1718781663717 -- << {"method":"Page.loadEventFired","params":{"timestamp":52743.507483},"sessionId":"DF311E9B96F1C738196F27B3E1342D45"}
12:51:05.000 [nioEventLoopGroup-4-1] DEBUG com.jayway.jsonpath.internal.path.CompiledPath -- Evaluating path: $
12:51:05.000 [nioEventLoopGroup-4-1] DEBUG com.intuit.karate.driver.chrome_1718781663717 -- << {"method":"Page.frameStoppedLoading","params":{"frameId":"216D74C20570AF5E5F911D9BFC8B27DE"},"sessionId":"DF311E9B96F1C738196F27B3E1342D45"}
12:51:05.000 [nioEventLoopGroup-4-1] DEBUG com.jayway.jsonpath.internal.path.CompiledPath -- Evaluating path: $
12:51:05.000 [nioEventLoopGroup-4-1] DEBUG com.jayway.jsonpath.internal.path.CompiledPath -- Evaluating path: $['frameId']
12:51:05.010 [chrome_1718781650048] WARN com.intuit.karate.shell.Command -- exit code was non-zero: 1 - [C:\Program Files\Google\Chrome\Application\chrome.exe, --remote-debugging-port=53849, --remote-allow-origins=*, --no-first-run, --user-data-dir=C:\Users\HarshvardhanNigaveka\OneDrive - Academian India Private Limited\Desktop\GitHubActions\karateUI\UI_Automation_Project\target\chrome_1718781650048, --disable-popup-blocking] working dir: target\chrome_1718781650048
12:51:05.066 [nioEventLoopGroup-4-1] DEBUG com.intuit.karate.driver.chrome_1718781663717 -- << {"method":"Target.targetDestroyed","params":{"targetId":"A7BECCC39FDBA49ECAD85F107306AEC8"},"sessionId":"DF311E9B96F1C738196F27B3E1342D45"}
12:51:05.066 [nioEventLoopGroup-4-1] DEBUG com.jayway.jsonpath.internal.path.CompiledPath -- Evaluating path: $
12:51:05.750 [nioEventLoopGroup-3-1] DEBUG io.netty.buffer.PoolThreadCache -- Freed 35 thread-local buffer(s) from thread: nioEventLoopGroup-3-1
12:51:07.714 [main] DEBUG com.jayway.jsonpath.internal.path.CompiledPath -- Evaluating path: $['expression']
12:51:07.714 [main] DEBUG com.jayway.jsonpath.internal.path.CompiledPath -- Evaluating path: $
12:51:07.714 [main] DEBUG com.jayway.jsonpath.internal.path.CompiledPath -- Evaluating path: $
12:51:07.714 [main] DEBUG com.jayway.jsonpath.internal.JsonContext -- Put path $ key expression value {}
12:51:07.714 [main] DEBUG com.jayway.jsonpath.internal.path.CompiledPath -- Evaluating path: $
12:51:07.714 [main] DEBUG com.jayway.jsonpath.internal.JsonContext -- Put path $ key expression value var e = document.evaluate("//*[@id='user-name']", document, null, 9, null).singleNodeValue; e.focus(); try { e.selectionStart = e.selectionEnd = e.value.length } catch(x) {}
12:51:07.714 [main] DEBUG com.jayway.jsonpath.internal.path.CompiledPath -- Evaluating path: $['returnByValue']
12:51:07.714 [main] DEBUG com.jayway.jsonpath.internal.path.CompiledPath -- Evaluating path: $
12:51:07.714 [main] DEBUG com.jayway.jsonpath.internal.path.CompiledPath -- Evaluating path: $
12:51:07.714 [main] DEBUG com.jayway.jsonpath.internal.JsonContext -- Put path $ key returnByValue value {}
12:51:07.714 [main] DEBUG com.jayway.jsonpath.internal.path.CompiledPath -- Evaluating path: $
12:51:07.714 [main] DEBUG com.jayway.jsonpath.internal.JsonContext -- Put path $ key returnByValue value true
12:51:07.714 [main] DEBUG com.jayway.jsonpath.internal.path.CompiledPath -- Evaluating path: $
12:51:07.714 [main] DEBUG com.intuit.karate.driver.chrome_1718781663717 -- >> {"id":9,"sessionId":"DF311E9B96F1C738196F27B3E1342D45","method":"Runtime.evaluate","params":{"expression":"var e = document.evaluate(\"\/\/*[@id='user-name']\", document, null, 9, null).singleNodeValue; e.focus(); try { e.selectionStart = e.selectionEnd = e.value.length } catch(x) {}","returnByValue":true}}
12:51:07.716 [nioEventLoopGroup-4-1] DEBUG com.intuit.karate.driver.chrome_1718781663717 -- << {"id":9,"result":{"result":{"type":"number","value":0,"description":"0"}},"sessionId":"DF311E9B96F1C738196F27B3E1342D45"}
12:51:07.716 [nioEventLoopGroup-4-1] DEBUG com.jayway.jsonpath.internal.path.CompiledPath -- Evaluating path: $
12:51:07.716 [main] DEBUG com.jayway.jsonpath.internal.path.CompiledPath -- Evaluating path: $['modifiers']
12:51:07.716 [main] DEBUG com.jayway.jsonpath.internal.path.CompiledPath -- Evaluating path: $
12:51:07.716 [main] DEBUG com.jayway.jsonpath.internal.path.CompiledPath -- Evaluating path: $
12:51:07.716 [main] DEBUG com.jayway.jsonpath.internal.JsonContext -- Put path $ key modifiers value {}
12:51:07.716 [main] DEBUG com.jayway.jsonpath.internal.path.CompiledPath -- Evaluating path: $
12:51:07.716 [main] DEBUG com.jayway.jsonpath.internal.JsonContext -- Put path $ key modifiers value 0
12:51:07.716 [main] DEBUG com.jayway.jsonpath.internal.path.CompiledPath -- Evaluating path: $['type']
12:51:07.716 [main] DEBUG com.jayway.jsonpath.internal.path.CompiledPath -- Evaluating path: $
12:51:07.716 [main] DEBUG com.jayway.jsonpath.internal.path.CompiledPath -- Evaluating path: $
12:51:07.716 [main] DEBUG com.jayway.jsonpath.internal.JsonContext -- Put path $ key type value {}
12:51:07.716 [main] DEBUG com.jayway.jsonpath.internal.path.CompiledPath -- Evaluating path: $
12:51:07.716 [main] DEBUG com.jayway.jsonpath.internal.JsonContext -- Put path $ key type value rawKeyDown
12:51:07.716 [main] DEBUG com.jayway.jsonpath.internal.path.CompiledPath -- Evaluating path: $['text']
12:51:07.716 [main] DEBUG com.jayway.jsonpath.internal.path.CompiledPath -- Evaluating path: $
12:51:07.716 [main] DEBUG com.jayway.jsonpath.internal.path.CompiledPath -- Evaluating path: $
12:51:07.716 [main] DEBUG com.jayway.jsonpath.internal.JsonContext -- Put path $ key text value {}
12:51:07.716 [main] DEBUG com.jayway.jsonpath.internal.path.CompiledPath -- Evaluating path: $
12:51:07.716 [main] DEBUG com.jayway.jsonpath.internal.JsonContext -- Put path $ key text value p
12:51:07.716 [main] DEBUG com.jayway.jsonpath.internal.path.CompiledPath -- Evaluating path: $['windowsVirtualKeyCode']
12:51:07.716 [main] DEBUG com.jayway.jsonpath.internal.path.CompiledPath -- Evaluating path: $
12:51:07.716 [main] DEBUG com.jayway.jsonpath.internal.path.CompiledPath -- Evaluating path: $
12:51:07.716 [main] DEBUG com.jayway.jsonpath.internal.JsonContext -- Put path $ key windowsVirtualKeyCode value {}
12:51:07.716 [main] DEBUG com.jayway.jsonpath.internal.path.CompiledPath -- Evaluating path: $
12:51:07.716 [main] DEBUG com.jayway.jsonpath.internal.JsonContext -- Put path $ key windowsVirtualKeyCode value 112
12:51:07.716 [main] DEBUG com.jayway.jsonpath.internal.path.CompiledPath -- Evaluating path: $
12:51:07.716 [main] DEBUG com.intuit.karate.driver.chrome_1718781663717 -- >> {"id":10,"sessionId":"DF311E9B96F1C738196F27B3E1342D45","method":"Input.dispatchKeyEvent","params":{"modifiers":0,"type":"rawKeyDown","text":"p","windowsVirtualKeyCode":112}}
12:51:07.718 [nioEventLoopGroup-4-1] DEBUG com.intuit.karate.driver.chrome_1718781663717 -- << {"id":10,"result":{},"sessionId":"DF311E9B96F1C738196F27B3E1342D45"}
12:51:07.718 [nioEventLoopGroup-4-1] DEBUG com.jayway.jsonpath.internal.path.CompiledPath -- Evaluating path: $
12:51:07.718 [main] DEBUG com.jayway.jsonpath.internal.path.CompiledPath -- Evaluating path: $['modifiers']
12:51:07.718 [main] DEBUG com.jayway.jsonpath.internal.path.CompiledPath -- Evaluating path: $
12:51:07.718 [main] DEBUG com.jayway.jsonpath.internal.path.CompiledPath -- Evaluating path: $
12:51:07.718 [main] DEBUG com.jayway.jsonpath.internal.JsonContext -- Put path $ key modifiers value {}
12:51:07.718 [main] DEBUG com.jayway.jsonpath.internal.path.CompiledPath -- Evaluating path: $
12:51:07.718 [main] DEBUG com.jayway.jsonpath.internal.JsonContext -- Put path $ key modifiers value 0
12:51:07.718 [main] DEBUG com.jayway.jsonpath.internal.path.CompiledPath -- Evaluating path: $['type']
12:51:07.718 [main] DEBUG com.jayway.jsonpath.internal.path.CompiledPath -- Evaluating path: $
12:51:07.718 [main] DEBUG com.jayway.jsonpath.internal.path.CompiledPath -- Evaluating path: $
12:51:07.718 [main] DEBUG com.jayway.jsonpath.internal.JsonContext -- Put path $ key type value {}
12:51:07.718 [main] DEBUG com.jayway.jsonpath.internal.path.CompiledPath -- Evaluating path: $
12:51:07.718 [main] DEBUG com.jayway.jsonpath.internal.JsonContext -- Put path $ key type value char
12:51:07.718 [main] DEBUG com.jayway.jsonpath.internal.path.CompiledPath -- Evaluating path: $['text']
12:51:07.718 [main] DEBUG com.jayway.jsonpath.internal.path.CompiledPath -- Evaluating path: $
12:51:07.718 [main] DEBUG com.jayway.jsonpath.internal.path.CompiledPath -- Evaluating path: $
12:51:07.718 [main] DEBUG com.jayway.jsonpath.internal.JsonContext -- Put path $ key text value {}
12:51:07.718 [main] DEBUG com.jayway.jsonpath.internal.path.CompiledPath -- Evaluating path: $
12:51:07.718 [main] DEBUG com.jayway.jsonpath.internal.JsonContext -- Put path $ key text value p
12:51:07.718 [main] DEBUG com.jayway.jsonpath.internal.path.CompiledPath -- Evaluating path: $['windowsVirtualKeyCode']
12:51:07.718 [main] DEBUG com.jayway.jsonpath.internal.path.CompiledPath -- Evaluating path: $
12:51:07.718 [main] DEBUG com.jayway.jsonpath.internal.path.CompiledPath -- Evaluating path: $
12:51:07.718 [main] DEBUG com.jayway.jsonpath.internal.JsonContext -- Put path $ key windowsVirtualKeyCode value {}
12:51:07.718 [main] DEBUG com.jayway.jsonpath.internal.path.CompiledPath -- Evaluating path: $
12:51:07.718 [main] DEBUG com.jayway.jsonpath.internal.JsonContext -- Put path $ key windowsVirtualKeyCode value 112
12:51:07.718 [main] DEBUG com.jayway.jsonpath.internal.path.CompiledPath -- Evaluating path: $
12:51:07.718 [main] DEBUG com.intuit.karate.driver.chrome_1718781663717 -- >> {"id":11,"sessionId":"DF311E9B96F1C738196F27B3E1342D45","method":"Input.dispatchKeyEvent","params":{"modifiers":0,"type":"char","text":"p","windowsVirtualKeyCode":112}}
12:51:07.721 [nioEventLoopGroup-4-1] DEBUG com.intuit.karate.driver.chrome_1718781663717 -- << {"id":11,"result":{},"sessionId":"DF311E9B96F1C738196F27B3E1342D45"}
12:51:07.721 [nioEventLoopGroup-4-1] DEBUG com.jayway.jsonpath.internal.path.CompiledPath -- Evaluating path: $
12:51:07.721 [main] DEBUG com.jayway.jsonpath.internal.path.CompiledPath -- Evaluating path: $['modifiers']
12:51:07.721 [main] DEBUG com.jayway.jsonpath.internal.path.CompiledPath -- Evaluating path: $
12:51:07.721 [main] DEBUG com.jayway.jsonpath.internal.path.CompiledPath -- Evaluating path: $
12:51:07.721 [main] DEBUG com.jayway.jsonpath.internal.JsonContext -- Put path $ key modifiers value {}
12:51:07.721 [main] DEBUG com.jayway.jsonpath.internal.path.CompiledPath -- Evaluating path: $
12:51:07.721 [main] DEBUG com.jayway.jsonpath.internal.JsonContext -- Put path $ key modifiers value 0
12:51:07.721 [main] DEBUG com.jayway.jsonpath.internal.path.CompiledPath -- Evaluating path: $['type']
12:51:07.721 [main] DEBUG com.jayway.jsonpath.internal.path.CompiledPath -- Evaluating path: $
12:51:07.721 [main] DEBUG com.jayway.jsonpath.internal.path.CompiledPath -- Evaluating path: $
12:51:07.721 [main] DEBUG com.jayway.jsonpath.internal.JsonContext -- Put path $ key type value {}
12:51:07.721 [main] DEBUG com.jayway.jsonpath.internal.path.CompiledPath -- Evaluating path: $
12:51:07.721 [main] DEBUG com.jayway.jsonpath.internal.JsonContext -- Put path $ key type value keyUp
12:51:07.721 [main] DEBUG com.jayway.jsonpath.internal.path.CompiledPath -- Evaluating path: $['text']
12:51:07.721 [main] DEBUG com.jayway.jsonpath.internal.path.CompiledPath -- Evaluating path: $
12:51:07.721 [main] DEBUG com.jayway.jsonpath.internal.path.CompiledPath -- Evaluating path: $
12:51:07.721 [main] DEBUG com.jayway.jsonpath.internal.JsonContext -- Put path $ key text value {}
12:51:07.721 [main] DEBUG com.jayway.jsonpath.internal.path.CompiledPath -- Evaluating path: $
12:51:07.721 [main] DEBUG com.jayway.jsonpath.internal.JsonContext -- Put path $ key text value p
12:51:07.721 [main] DEBUG com.jayway.jsonpath.internal.path.CompiledPath -- Evaluating path: $['windowsVirtualKeyCode']
12:51:07.721 [main] DEBUG com.jayway.jsonpath.internal.path.CompiledPath -- Evaluating path: $
12:51:07.721 [main] DEBUG com.jayway.jsonpath.internal.path.CompiledPath -- Evaluating path: $
12:51:07.721 [main] DEBUG com.jayway.jsonpath.internal.JsonContext -- Put path $ key windowsVirtualKeyCode value {}
12:51:07.721 [main] DEBUG com.jayway.jsonpath.internal.path.CompiledPath -- Evaluating path: $
12:51:07.721 [main] DEBUG com.jayway.jsonpath.internal.JsonContext -- Put path $ key windowsVirtualKeyCode value 112
12:51:07.721 [main] DEBUG com.jayway.jsonpath.internal.path.CompiledPath -- Evaluating path: $
12:51:07.721 [main] DEBUG com.intuit.karate.driver.chrome_1718781663717 -- >> {"id":12,"sessionId":"DF311E9B96F1C738196F27B3E1342D45","method":"Input.dispatchKeyEvent","params":{"modifiers":0,"type":"keyUp","text":"p","windowsVirtualKeyCode":112}}
12:51:07.723 [nioEventLoopGroup-4-1] DEBUG com.intuit.karate.driver.chrome_1718781663717 -- << {"id":12,"result":{},"sessionId":"DF311E9B96F1C738196F27B3E1342D45"}
12:51:07.723 [nioEventLoopGroup-4-1] DEBUG com.jayway.jsonpath.internal.path.CompiledPath -- Evaluating path: $
12:51:07.723 [main] DEBUG com.jayway.jsonpath.internal.path.CompiledPath -- Evaluating path: $['modifiers']
12:51:07.723 [main] DEBUG com.jayway.jsonpath.internal.path.CompiledPath -- Evaluating path: $
12:51:07.723 [main] DEBUG com.jayway.jsonpath.internal.path.CompiledPath -- Evaluating path: $
12:51:07.723 [main] DEBUG com.jayway.jsonpath.internal.JsonContext -- Put path $ key modifiers value {}
12:51:07.723 [main] DEBUG com.jayway.jsonpath.internal.path.CompiledPath -- Evaluating path: $
12:51:07.723 [main] DEBUG com.jayway.jsonpath.internal.JsonContext -- Put path $ key modifiers value 0
12:51:07.723 [main] DEBUG com.jayway.jsonpath.internal.path.CompiledPath -- Evaluating path: $['type']
12:51:07.723 [main] DEBUG com.jayway.jsonpath.internal.path.CompiledPath -- Evaluating path: $
12:51:07.723 [main] DEBUG com.jayway.jsonpath.internal.path.CompiledPath -- Evaluating path: $
12:51:07.723 [main] DEBUG com.jayway.jsonpath.internal.JsonContext -- Put path $ key type value {}
12:51:07.723 [main] DEBUG com.jayway.jsonpath.internal.path.CompiledPath -- Evaluating path: $
12:51:07.723 [main] DEBUG com.jayway.jsonpath.internal.JsonContext -- Put path $ key type value rawKeyDown
12:51:07.723 [main] DEBUG com.jayway.jsonpath.internal.path.CompiledPath -- Evaluating path: $['text']
12:51:07.723 [main] DEBUG com.jayway.jsonpath.internal.path.CompiledPath -- Evaluating path: $
12:51:07.723 [main] DEBUG com.jayway.jsonpath.internal.path.CompiledPath -- Evaluating path: $
12:51:07.723 [main] DEBUG com.jayway.jsonpath.internal.JsonContext -- Put path $ key text value {}
12:51:07.723 [main] DEBUG com.jayway.jsonpath.internal.path.CompiledPath -- Evaluating path: $
12:51:07.723 [main] DEBUG com.jayway.jsonpath.internal.JsonContext -- Put path $ key text value r
12:51:07.723 [main] DEBUG com.jayway.jsonpath.internal.path.CompiledPath -- Evaluating path: $['windowsVirtualKeyCode']
12:51:07.723 [main] DEBUG com.jayway.jsonpath.internal.path.CompiledPath -- Evaluating path: $
12:51:07.723 [main] DEBUG com.jayway.jsonpath.internal.path.CompiledPath -- Evaluating path: $
12:51:07.723 [main] DEBUG com.jayway.jsonpath.internal.JsonContext -- Put path $ key windowsVirtualKeyCode value {}
12:51:07.723 [main] DEBUG com.jayway.jsonpath.internal.path.CompiledPath -- Evaluating path: $
12:51:07.723 [main] DEBUG com.jayway.jsonpath.internal.JsonContext -- Put path $ key windowsVirtualKeyCode value 114
12:51:07.723 [main] DEBUG com.jayway.jsonpath.internal.path.CompiledPath -- Evaluating path: $
12:51:07.723 [main] DEBUG com.intuit.karate.driver.chrome_1718781663717 -- >> {"id":13,"sessionId":"DF311E9B96F1C738196F27B3E1342D45","method":"Input.dispatchKeyEvent","params":{"modifiers":0,"type":"rawKeyDown","text":"r","windowsVirtualKeyCode":114}}
12:51:07.726 [nioEventLoopGroup-4-1] DEBUG com.intuit.karate.driver.chrome_1718781663717 -- << {"id":13,"result":{},"sessionId":"DF311E9B96F1C738196F27B3E1342D45"}
12:51:07.726 [nioEventLoopGroup-4-1] DEBUG com.jayway.jsonpath.internal.path.CompiledPath -- Evaluating path: $
12:51:07.726 [main] DEBUG com.jayway.jsonpath.internal.path.CompiledPath -- Evaluating path: $['modifiers']
12:51:07.726 [main] DEBUG com.jayway.jsonpath.internal.path.CompiledPath -- Evaluating path: $
12:51:07.726 [main] DEBUG com.jayway.jsonpath.internal.path.CompiledPath -- Evaluating path: $
12:51:07.726 [main] DEBUG com.jayway.jsonpath.internal.JsonContext -- Put path $ key modifiers value {}
12:51:07.726 [main] DEBUG com.jayway.jsonpath.internal.path.CompiledPath -- Evaluating path: $
12:51:07.726 [main] DEBUG com.jayway.jsonpath.internal.JsonContext -- Put path $ key modifiers value 0
12:51:07.726 [main] DEBUG com.jayway.jsonpath.internal.path.CompiledPath -- Evaluating path: $['type']
12:51:07.726 [main] DEBUG com.jayway.jsonpath.internal.path.CompiledPath -- Evaluating path: $
12:51:07.726 [main] DEBUG com.jayway.jsonpath.internal.path.CompiledPath -- Evaluating path: $
12:51:07.726 [main] DEBUG com.jayway.jsonpath.internal.JsonContext -- Put path $ key type value {}
12:51:07.726 [main] DEBUG com.jayway.jsonpath.internal.path.CompiledPath -- Evaluating path: $
12:51:07.726 [main] DEBUG com.jayway.jsonpath.internal.JsonContext -- Put path $ key type value char
12:51:07.726 [main] DEBUG com.jayway.jsonpath.internal.path.CompiledPath -- Evaluating path: $['text']
12:51:07.726 [main] DEBUG com.jayway.jsonpath.internal.path.CompiledPath -- Evaluating path: $
12:51:07.726 [main] DEBUG com.jayway.jsonpath.internal.path.CompiledPath -- Evaluating path: $
12:51:07.726 [main] DEBUG com.jayway.jsonpath.internal.JsonContext -- Put path $ key text value {}
12:51:07.726 [main] DEBUG com.jayway.jsonpath.internal.path.CompiledPath -- Evaluating path: $
12:51:07.726 [main] DEBUG com.jayway.jsonpath.internal.JsonContext -- Put path $ key text value r
12:51:07.726 [main] DEBUG com.jayway.jsonpath.internal.path.CompiledPath -- Evaluating path: $['windowsVirtualKeyCode']
12:51:07.726 [main] DEBUG com.jayway.jsonpath.internal.path.CompiledPath -- Evaluating path: $
12:51:07.726 [main] DEBUG com.jayway.jsonpath.internal.path.CompiledPath -- Evaluating path: $
12:51:07.726 [main] DEBUG com.jayway.jsonpath.internal.JsonContext -- Put path $ key windowsVirtualKeyCode value {}
12:51:07.726 [main] DEBUG com.jayway.jsonpath.internal.path.CompiledPath -- Evaluating path: $
12:51:07.726 [main] DEBUG com.jayway.jsonpath.internal.JsonContext -- Put path $ key windowsVirtualKeyCode value 114
12:51:07.726 [main] DEBUG com.jayway.jsonpath.internal.path.CompiledPath -- Evaluating path: $
12:51:07.726 [main] DEBUG com.intuit.karate.driver.chrome_1718781663717 -- >> {"id":14,"sessionId":"DF311E9B96F1C738196F27B3E1342D45","method":"Input.dispatchKeyEvent","params":{"modifiers":0,"type":"char","text":"r","windowsVirtualKeyCode":114}}
12:51:07.728 [nioEventLoopGroup-4-1] DEBUG com.intuit.karate.driver.chrome_1718781663717 -- << {"id":14,"result":{},"sessionId":"DF311E9B96F1C738196F27B3E1342D45"}
12:51:07.728 [nioEventLoopGroup-4-1] DEBUG com.jayway.jsonpath.internal.path.CompiledPath -- Evaluating path: $
12:51:07.728 [main] DEBUG com.jayway.jsonpath.internal.path.CompiledPath -- Evaluating path: $['modifiers']
12:51:07.728 [main] DEBUG com.jayway.jsonpath.internal.path.CompiledPath -- Evaluating path: $
12:51:07.728 [main] DEBUG com.jayway.jsonpath.internal.path.CompiledPath -- Evaluating path: $
12:51:07.728 [main] DEBUG com.jayway.jsonpath.internal.JsonContext -- Put path $ key modifiers value {}
12:51:07.728 [main] DEBUG com.jayway.jsonpath.internal.path.CompiledPath -- Evaluating path: $
12:51:07.728 [main] DEBUG com.jayway.jsonpath.internal.JsonContext -- Put path $ key modifiers value 0
12:51:07.728 [main] DEBUG com.jayway.jsonpath.internal.path.CompiledPath -- Evaluating path: $['type']
12:51:07.728 [main] DEBUG com.jayway.jsonpath.internal.path.CompiledPath -- Evaluating path: $
12:51:07.728 [main] DEBUG com.jayway.jsonpath.internal.path.CompiledPath -- Evaluating path: $
12:51:07.728 [main] DEBUG com.jayway.jsonpath.internal.JsonContext -- Put path $ key type value {}
12:51:07.728 [main] DEBUG com.jayway.jsonpath.internal.path.CompiledPath -- Evaluating path: $
12:51:07.728 [main] DEBUG com.jayway.jsonpath.internal.JsonContext -- Put path $ key type value keyUp
12:51:07.728 [main] DEBUG com.jayway.jsonpath.internal.path.CompiledPath -- Evaluating path: $['text']
12:51:07.728 [main] DEBUG com.jayway.jsonpath.internal.path.CompiledPath -- Evaluating path: $
12:51:07.728 [main] DEBUG com.jayway.jsonpath.internal.path.CompiledPath -- Evaluating path: $
12:51:07.728 [main] DEBUG com.jayway.jsonpath.internal.JsonContext -- Put path $ key text value {}
12:51:07.728 [main] DEBUG com.jayway.jsonpath.internal.path.CompiledPath -- Evaluating path: $
12:51:07.728 [main] DEBUG com.jayway.jsonpath.internal.JsonContext -- Put path $ key text value r
12:51:07.728 [main] DEBUG com.jayway.jsonpath.internal.path.CompiledPath -- Evaluating path: $['windowsVirtualKeyCode']
12:51:07.728 [main] DEBUG com.jayway.jsonpath.internal.path.CompiledPath -- Evaluating path: $
12:51:07.728 [main] DEBUG com.jayway.jsonpath.internal.path.CompiledPath -- Evaluating path: $
12:51:07.728 [main] DEBUG com.jayway.jsonpath.internal.JsonContext -- Put path $ key windowsVirtualKeyCode value {}
12:51:07.728 [main] DEBUG com.jayway.jsonpath.internal.path.CompiledPath -- Evaluating path: $
12:51:07.728 [main] DEBUG com.jayway.jsonpath.internal.JsonContext -- Put path $ key windowsVirtualKeyCode value 114
12:51:07.728 [main] DEBUG com.jayway.jsonpath.internal.path.CompiledPath -- Evaluating path: $
12:51:07.728 [main] DEBUG com.intuit.karate.driver.chrome_1718781663717 -- >> {"id":15,"sessionId":"DF311E9B96F1C738196F27B3E1342D45","method":"Input.dispatchKeyEvent","params":{"modifiers":0,"type":"keyUp","text":"r","windowsVirtualKeyCode":114}}
12:51:07.729 [nioEventLoopGroup-4-1] DEBUG com.intuit.karate.driver.chrome_1718781663717 -- << {"id":15,"result":{},"sessionId":"DF311E9B96F1C738196F27B3E1342D45"}
12:51:07.729 [nioEventLoopGroup-4-1] DEBUG com.jayway.jsonpath.internal.path.CompiledPath -- Evaluating path: $
12:51:07.729 [main] DEBUG com.jayway.jsonpath.internal.path.CompiledPath -- Evaluating path: $['modifiers']
12:51:07.729 [main] DEBUG com.jayway.jsonpath.internal.path.CompiledPath -- Evaluating path: $
12:51:07.729 [main] DEBUG com.jayway.jsonpath.internal.path.CompiledPath -- Evaluating path: $
12:51:07.729 [main] DEBUG com.jayway.jsonpath.internal.JsonContext -- Put path $ key modifiers value {}
12:51:07.729 [main] DEBUG com.jayway.jsonpath.internal.path.CompiledPath -- Evaluating path: $
12:51:07.729 [main] DEBUG com.jayway.jsonpath.internal.JsonContext -- Put path $ key modifiers value 0
12:51:07.729 [main] DEBUG com.jayway.jsonpath.internal.path.CompiledPath -- Evaluating path: $['type']
12:51:07.729 [main] DEBUG com.jayway.jsonpath.internal.path.CompiledPath -- Evaluating path: $
12:51:07.729 [main] DEBUG com.jayway.jsonpath.internal.path.CompiledPath -- Evaluating path: $
12:51:07.729 [main] DEBUG com.jayway.jsonpath.internal.JsonContext -- Put path $ key type value {}
12:51:07.729 [main] DEBUG com.jayway.jsonpath.internal.path.CompiledPath -- Evaluating path: $
12:51:07.729 [main] DEBUG com.jayway.jsonpath.internal.JsonContext -- Put path $ key type value rawKeyDown
12:51:07.729 [main] DEBUG com.jayway.jsonpath.internal.path.CompiledPath -- Evaluating path: $['text']
12:51:07.729 [main] DEBUG com.jayway.jsonpath.internal.path.CompiledPath -- Evaluating path: $
12:51:07.729 [main] DEBUG com.jayway.jsonpath.internal.path.CompiledPath -- Evaluating path: $
12:51:07.729 [main] DEBUG com.jayway.jsonpath.internal.JsonContext -- Put path $ key text value {}
12:51:07.729 [main] DEBUG com.jayway.jsonpath.internal.path.CompiledPath -- Evaluating path: $
12:51:07.729 [main] DEBUG com.jayway.jsonpath.internal.JsonContext -- Put path $ key text value o
12:51:07.729 [main] DEBUG com.jayway.jsonpath.internal.path.CompiledPath -- Evaluating path: $['windowsVirtualKeyCode']
12:51:07.729 [main] DEBUG com.jayway.jsonpath.internal.path.CompiledPath -- Evaluating path: $
12:51:07.729 [main] DEBUG com.jayway.jsonpath.internal.path.CompiledPath -- Evaluating path: $
12:51:07.729 [main] DEBUG com.jayway.jsonpath.internal.JsonContext -- Put path $ key windowsVirtualKeyCode value {}
12:51:07.729 [main] DEBUG com.jayway.jsonpath.internal.path.CompiledPath -- Evaluating path: $
12:51:07.729 [main] DEBUG com.jayway.jsonpath.internal.JsonContext -- Put path $ key windowsVirtualKeyCode value 111
12:51:07.729 [main] DEBUG com.jayway.jsonpath.internal.path.CompiledPath -- Evaluating path: $
12:51:07.729 [main] DEBUG com.intuit.karate.driver.chrome_1718781663717 -- >> {"id":16,"sessionId":"DF311E9B96F1C738196F27B3E1342D45","method":"Input.dispatchKeyEvent","params":{"modifiers":0,"type":"rawKeyDown","text":"o","windowsVirtualKeyCode":111}}
12:51:07.730 [nioEventLoopGroup-4-1] DEBUG com.intuit.karate.driver.chrome_1718781663717 -- << {"id":16,"result":{},"sessionId":"DF311E9B96F1C738196F27B3E1342D45"}
12:51:07.730 [nioEventLoopGroup-4-1] DEBUG com.jayway.jsonpath.internal.path.CompiledPath -- Evaluating path: $
12:51:07.730 [main] DEBUG com.jayway.jsonpath.internal.path.CompiledPath -- Evaluating path: $['modifiers']
12:51:07.730 [main] DEBUG com.jayway.jsonpath.internal.path.CompiledPath -- Evaluating path: $
12:51:07.730 [main] DEBUG com.jayway.jsonpath.internal.path.CompiledPath -- Evaluating path: $
12:51:07.730 [main] DEBUG com.jayway.jsonpath.internal.JsonContext -- Put path $ key modifiers value {}
12:51:07.730 [main] DEBUG com.jayway.jsonpath.internal.path.CompiledPath -- Evaluating path: $
12:51:07.730 [main] DEBUG com.jayway.jsonpath.internal.JsonContext -- Put path $ key modifiers value 0
12:51:07.730 [main] DEBUG com.jayway.jsonpath.internal.path.CompiledPath -- Evaluating path: $['type']
12:51:07.730 [main] DEBUG com.jayway.jsonpath.internal.path.CompiledPath -- Evaluating path: $
12:51:07.730 [main] DEBUG com.jayway.jsonpath.internal.path.CompiledPath -- Evaluating path: $
12:51:07.731 [main] DEBUG com.jayway.jsonpath.internal.JsonContext -- Put path $ key type value {}
12:51:07.731 [main] DEBUG com.jayway.jsonpath.internal.path.CompiledPath -- Evaluating path: $
12:51:07.731 [main] DEBUG com.jayway.jsonpath.internal.JsonContext -- Put path $ key type value char
12:51:07.731 [main] DEBUG com.jayway.jsonpath.internal.path.CompiledPath -- Evaluating path: $['text']
12:51:07.731 [main] DEBUG com.jayway.jsonpath.internal.path.CompiledPath -- Evaluating path: $
12:51:07.731 [main] DEBUG com.jayway.jsonpath.internal.path.CompiledPath -- Evaluating path: $
12:51:07.731 [main] DEBUG com.jayway.jsonpath.internal.JsonContext -- Put path $ key text value {}
12:51:07.731 [main] DEBUG com.jayway.jsonpath.internal.path.CompiledPath -- Evaluating path: $
12:51:07.731 [main] DEBUG com.jayway.jsonpath.internal.JsonContext -- Put path $ key text value o
12:51:07.731 [main] DEBUG com.jayway.jsonpath.internal.path.CompiledPath -- Evaluating path: $['windowsVirtualKeyCode']
12:51:07.731 [main] DEBUG com.jayway.jsonpath.internal.path.CompiledPath -- Evaluating path: $
12:51:07.731 [main] DEBUG com.jayway.jsonpath.internal.path.CompiledPath -- Evaluating path: $
12:51:07.731 [main] DEBUG com.jayway.jsonpath.internal.JsonContext -- Put path $ key windowsVirtualKeyCode value {}
12:51:07.731 [main] DEBUG com.jayway.jsonpath.internal.path.CompiledPath -- Evaluating path: $
12:51:07.731 [main] DEBUG com.jayway.jsonpath.internal.JsonContext -- Put path $ key windowsVirtualKeyCode value 111
12:51:07.731 [main] DEBUG com.jayway.jsonpath.internal.path.CompiledPath -- Evaluating path: $
12:51:07.731 [main] DEBUG com.intuit.karate.driver.chrome_1718781663717 -- >> {"id":17,"sessionId":"DF311E9B96F1C738196F27B3E1342D45","method":"Input.dispatchKeyEvent","params":{"modifiers":0,"type":"char","text":"o","windowsVirtualKeyCode":111}}
12:51:07.732 [nioEventLoopGroup-4-1] DEBUG com.intuit.karate.driver.chrome_1718781663717 -- << {"id":17,"result":{},"sessionId":"DF311E9B96F1C738196F27B3E1342D45"}
12:51:07.732 [nioEventLoopGroup-4-1] DEBUG com.jayway.jsonpath.internal.path.CompiledPath -- Evaluating path: $
12:51:07.732 [main] DEBUG com.jayway.jsonpath.internal.path.CompiledPath -- Evaluating path: $['modifiers']
12:51:07.732 [main] DEBUG com.jayway.jsonpath.internal.path.CompiledPath -- Evaluating path: $
12:51:07.732 [main] DEBUG com.jayway.jsonpath.internal.path.CompiledPath -- Evaluating path: $
12:51:07.732 [main] DEBUG com.jayway.jsonpath.internal.JsonContext -- Put path $ key modifiers value {}
12:51:07.732 [main] DEBUG com.jayway.jsonpath.internal.path.CompiledPath -- Evaluating path: $
12:51:07.732 [main] DEBUG com.jayway.jsonpath.internal.JsonContext -- Put path $ key modifiers value 0
12:51:07.732 [main] DEBUG com.jayway.jsonpath.internal.path.CompiledPath -- Evaluating path: $['type']
12:51:07.732 [main] DEBUG com.jayway.jsonpath.internal.path.CompiledPath -- Evaluating path: $
12:51:07.732 [main] DEBUG com.jayway.jsonpath.internal.path.CompiledPath -- Evaluating path: $
12:51:07.732 [main] DEBUG com.jayway.jsonpath.internal.JsonContext -- Put path $ key type value {}
12:51:07.732 [main] DEBUG com.jayway.jsonpath.internal.path.CompiledPath -- Evaluating path: $
12:51:07.732 [main] DEBUG com.jayway.jsonpath.internal.JsonContext -- Put path $ key type value keyUp
12:51:07.732 [main] DEBUG com.jayway.jsonpath.internal.path.CompiledPath -- Evaluating path: $['text']
12:51:07.732 [main] DEBUG com.jayway.jsonpath.internal.path.CompiledPath -- Evaluating path: $
12:51:07.732 [main] DEBUG com.jayway.jsonpath.internal.path.CompiledPath -- Evaluating path: $
12:51:07.732 [main] DEBUG com.jayway.jsonpath.internal.JsonContext -- Put path $ key text value {}
12:51:07.732 [main] DEBUG com.jayway.jsonpath.internal.path.CompiledPath -- Evaluating path: $
12:51:07.732 [main] DEBUG com.jayway.jsonpath.internal.JsonContext -- Put path $ key text value o
12:51:07.732 [main] DEBUG com.jayway.jsonpath.internal.path.CompiledPath -- Evaluating path: $['windowsVirtualKeyCode']
12:51:07.732 [main] DEBUG com.jayway.jsonpath.internal.path.CompiledPath -- Evaluating path: $
12:51:07.732 [main] DEBUG com.jayway.jsonpath.internal.path.CompiledPath -- Evaluating path: $
12:51:07.732 [main] DEBUG com.jayway.jsonpath.internal.JsonContext -- Put path $ key windowsVirtualKeyCode value {}
12:51:07.732 [main] DEBUG com.jayway.jsonpath.internal.path.CompiledPath -- Evaluating path: $
12:51:07.732 [main] DEBUG com.jayway.jsonpath.internal.JsonContext -- Put path $ key windowsVirtualKeyCode value 111
12:51:07.732 [main] DEBUG com.jayway.jsonpath.internal.path.CompiledPath -- Evaluating path: $
12:51:07.732 [main] DEBUG com.intuit.karate.driver.chrome_1718781663717 -- >> {"id":18,"sessionId":"DF311E9B96F1C738196F27B3E1342D45","method":"Input.dispatchKeyEvent","params":{"modifiers":0,"type":"keyUp","text":"o","windowsVirtualKeyCode":111}}
12:51:07.732 [nioEventLoopGroup-4-1] DEBUG com.intuit.karate.driver.chrome_1718781663717 -- << {"id":18,"result":{},"sessionId":"DF311E9B96F1C738196F27B3E1342D45"}
12:51:07.732 [nioEventLoopGroup-4-1] DEBUG com.jayway.jsonpath.internal.path.CompiledPath -- Evaluating path: $
12:51:07.732 [main] DEBUG com.jayway.jsonpath.internal.path.CompiledPath -- Evaluating path: $['modifiers']
12:51:07.732 [main] DEBUG com.jayway.jsonpath.internal.path.CompiledPath -- Evaluating path: $
12:51:07.732 [main] DEBUG com.jayway.jsonpath.internal.path.CompiledPath -- Evaluating path: $
12:51:07.732 [main] DEBUG com.jayway.jsonpath.internal.JsonContext -- Put path $ key modifiers value {}
12:51:07.732 [main] DEBUG com.jayway.jsonpath.internal.path.CompiledPath -- Evaluating path: $
12:51:07.732 [main] DEBUG com.jayway.jsonpath.internal.JsonContext -- Put path $ key modifiers value 0
12:51:07.732 [main] DEBUG com.jayway.jsonpath.internal.path.CompiledPath -- Evaluating path: $['type']
12:51:07.732 [main] DEBUG com.jayway.jsonpath.internal.path.CompiledPath -- Evaluating path: $
12:51:07.732 [main] DEBUG com.jayway.jsonpath.internal.path.CompiledPath -- Evaluating path: $
12:51:07.732 [main] DEBUG com.jayway.jsonpath.internal.JsonContext -- Put path $ key type value {}
12:51:07.732 [main] DEBUG com.jayway.jsonpath.internal.path.CompiledPath -- Evaluating path: $
12:51:07.732 [main] DEBUG com.jayway.jsonpath.internal.JsonContext -- Put path $ key type value rawKeyDown
12:51:07.732 [main] DEBUG com.jayway.jsonpath.internal.path.CompiledPath -- Evaluating path: $['text']
12:51:07.732 [main] DEBUG com.jayway.jsonpath.internal.path.CompiledPath -- Evaluating path: $
12:51:07.732 [main] DEBUG com.jayway.jsonpath.internal.path.CompiledPath -- Evaluating path: $
12:51:07.732 [main] DEBUG com.jayway.jsonpath.internal.JsonContext -- Put path $ key text value {}
12:51:07.732 [main] DEBUG com.jayway.jsonpath.internal.path.CompiledPath -- Evaluating path: $
12:51:07.732 [main] DEBUG com.jayway.jsonpath.internal.JsonContext -- Put path $ key text value b
12:51:07.732 [main] DEBUG com.jayway.jsonpath.internal.path.CompiledPath -- Evaluating path: $['windowsVirtualKeyCode']
12:51:07.732 [main] DEBUG com.jayway.jsonpath.internal.path.CompiledPath -- Evaluating path: $
12:51:07.732 [main] DEBUG com.jayway.jsonpath.internal.path.CompiledPath -- Evaluating path: $
12:51:07.732 [main] DEBUG com.jayway.jsonpath.internal.JsonContext -- Put path $ key windowsVirtualKeyCode value {}
12:51:07.732 [main] DEBUG com.jayway.jsonpath.internal.path.CompiledPath -- Evaluating path: $
12:51:07.732 [main] DEBUG com.jayway.jsonpath.internal.JsonContext -- Put path $ key windowsVirtualKeyCode value 98
12:51:07.732 [main] DEBUG com.jayway.jsonpath.internal.path.CompiledPath -- Evaluating path: $
12:51:07.732 [main] DEBUG com.intuit.karate.driver.chrome_1718781663717 -- >> {"id":19,"sessionId":"DF311E9B96F1C738196F27B3E1342D45","method":"Input.dispatchKeyEvent","params":{"modifiers":0,"type":"rawKeyDown","text":"b","windowsVirtualKeyCode":98}}
12:51:07.732 [nioEventLoopGroup-4-1] DEBUG com.intuit.karate.driver.chrome_1718781663717 -- << {"id":19,"result":{},"sessionId":"DF311E9B96F1C738196F27B3E1342D45"}
12:51:07.732 [nioEventLoopGroup-4-1] DEBUG com.jayway.jsonpath.internal.path.CompiledPath -- Evaluating path: $
12:51:07.732 [main] DEBUG com.jayway.jsonpath.internal.path.CompiledPath -- Evaluating path: $['modifiers']
12:51:07.732 [main] DEBUG com.jayway.jsonpath.internal.path.CompiledPath -- Evaluating path: $
12:51:07.732 [main] DEBUG com.jayway.jsonpath.internal.path.CompiledPath -- Evaluating path: $
12:51:07.732 [main] DEBUG com.jayway.jsonpath.internal.JsonContext -- Put path $ key modifiers value {}
12:51:07.732 [main] DEBUG com.jayway.jsonpath.internal.path.CompiledPath -- Evaluating path: $
12:51:07.732 [main] DEBUG com.jayway.jsonpath.internal.JsonContext -- Put path $ key modifiers value 0
12:51:07.732 [main] DEBUG com.jayway.jsonpath.internal.path.CompiledPath -- Evaluating path: $['type']
12:51:07.732 [main] DEBUG com.jayway.jsonpath.internal.path.CompiledPath -- Evaluating path: $
12:51:07.732 [main] DEBUG com.jayway.jsonpath.internal.path.CompiledPath -- Evaluating path: $
12:51:07.732 [main] DEBUG com.jayway.jsonpath.internal.JsonContext -- Put path $ key type value {}
12:51:07.732 [main] DEBUG com.jayway.jsonpath.internal.path.CompiledPath -- Evaluating path: $
12:51:07.732 [main] DEBUG com.jayway.jsonpath.internal.JsonContext -- Put path $ key type value char
12:51:07.732 [main] DEBUG com.jayway.jsonpath.internal.path.CompiledPath -- Evaluating path: $['text']
12:51:07.732 [main] DEBUG com.jayway.jsonpath.internal.path.CompiledPath -- Evaluating path: $
12:51:07.732 [main] DEBUG com.jayway.jsonpath.internal.path.CompiledPath -- Evaluating path: $
12:51:07.732 [main] DEBUG com.jayway.jsonpath.internal.JsonContext -- Put path $ key text value {}
12:51:07.732 [main] DEBUG com.jayway.jsonpath.internal.path.CompiledPath -- Evaluating path: $
12:51:07.732 [main] DEBUG com.jayway.jsonpath.internal.JsonContext -- Put path $ key text value b
12:51:07.732 [main] DEBUG com.jayway.jsonpath.internal.path.CompiledPath -- Evaluating path: $['windowsVirtualKeyCode']
12:51:07.732 [main] DEBUG com.jayway.jsonpath.internal.path.CompiledPath -- Evaluating path: $
12:51:07.732 [main] DEBUG com.jayway.jsonpath.internal.path.CompiledPath -- Evaluating path: $
12:51:07.732 [main] DEBUG com.jayway.jsonpath.internal.JsonContext -- Put path $ key windowsVirtualKeyCode value {}
12:51:07.732 [main] DEBUG com.jayway.jsonpath.internal.path.CompiledPath -- Evaluating path: $
12:51:07.732 [main] DEBUG com.jayway.jsonpath.internal.JsonContext -- Put path $ key windowsVirtualKeyCode value 98
12:51:07.732 [main] DEBUG com.jayway.jsonpath.internal.path.CompiledPath -- Evaluating path: $
12:51:07.732 [main] DEBUG com.intuit.karate.driver.chrome_1718781663717 -- >> {"id":20,"sessionId":"DF311E9B96F1C738196F27B3E1342D45","method":"Input.dispatchKeyEvent","params":{"modifiers":0,"type":"char","text":"b","windowsVirtualKeyCode":98}}
12:51:07.732 [nioEventLoopGroup-4-1] DEBUG com.intuit.karate.driver.chrome_1718781663717 -- << {"id":20,"result":{},"sessionId":"DF311E9B96F1C738196F27B3E1342D45"}
12:51:07.732 [nioEventLoopGroup-4-1] DEBUG com.jayway.jsonpath.internal.path.CompiledPath -- Evaluating path: $
12:51:07.732 [main] DEBUG com.jayway.jsonpath.internal.path.CompiledPath -- Evaluating path: $['modifiers']
12:51:07.732 [main] DEBUG com.jayway.jsonpath.internal.path.CompiledPath -- Evaluating path: $
12:51:07.732 [main] DEBUG com.jayway.jsonpath.internal.path.CompiledPath -- Evaluating path: $
12:51:07.732 [main] DEBUG com.jayway.jsonpath.internal.JsonContext -- Put path $ key modifiers value {}
12:51:07.732 [main] DEBUG com.jayway.jsonpath.internal.path.CompiledPath -- Evaluating path: $
12:51:07.732 [main] DEBUG com.jayway.jsonpath.internal.JsonContext -- Put path $ key modifiers value 0
12:51:07.732 [main] DEBUG com.jayway.jsonpath.internal.path.CompiledPath -- Evaluating path: $['type']
12:51:07.732 [main] DEBUG com.jayway.jsonpath.internal.path.CompiledPath -- Evaluating path: $
12:51:07.732 [main] DEBUG com.jayway.jsonpath.internal.path.CompiledPath -- Evaluating path: $
12:51:07.732 [main] DEBUG com.jayway.jsonpath.internal.JsonContext -- Put path $ key type value {}
12:51:07.732 [main] DEBUG com.jayway.jsonpath.internal.path.CompiledPath -- Evaluating path: $
12:51:07.732 [main] DEBUG com.jayway.jsonpath.internal.JsonContext -- Put path $ key type value keyUp
12:51:07.732 [main] DEBUG com.jayway.jsonpath.internal.path.CompiledPath -- Evaluating path: $['text']
12:51:07.732 [main] DEBUG com.jayway.jsonpath.internal.path.CompiledPath -- Evaluating path: $
12:51:07.732 [main] DEBUG com.jayway.jsonpath.internal.path.CompiledPath -- Evaluating path: $
12:51:07.732 [main] DEBUG com.jayway.jsonpath.internal.JsonContext -- Put path $ key text value {}
12:51:07.732 [main] DEBUG com.jayway.jsonpath.internal.path.CompiledPath -- Evaluating path: $
12:51:07.732 [main] DEBUG com.jayway.jsonpath.internal.JsonContext -- Put path $ key text value b
12:51:07.732 [main] DEBUG com.jayway.jsonpath.internal.path.CompiledPath -- Evaluating path: $['windowsVirtualKeyCode']
12:51:07.732 [main] DEBUG com.jayway.jsonpath.internal.path.CompiledPath -- Evaluating path: $
12:51:07.732 [main] DEBUG com.jayway.jsonpath.internal.path.CompiledPath -- Evaluating path: $
12:51:07.732 [main] DEBUG com.jayway.jsonpath.internal.JsonContext -- Put path $ key windowsVirtualKeyCode value {}
12:51:07.732 [main] DEBUG com.jayway.jsonpath.internal.path.CompiledPath -- Evaluating path: $
12:51:07.732 [main] DEBUG com.jayway.jsonpath.internal.JsonContext -- Put path $ key windowsVirtualKeyCode value 98
12:51:07.732 [main] DEBUG com.jayway.jsonpath.internal.path.CompiledPath -- Evaluating path: $
12:51:07.732 [main] DEBUG com.intuit.karate.driver.chrome_1718781663717 -- >> {"id":21,"sessionId":"DF311E9B96F1C738196F27B3E1342D45","method":"Input.dispatchKeyEvent","params":{"modifiers":0,"type":"keyUp","text":"b","windowsVirtualKeyCode":98}}
12:51:07.732 [nioEventLoopGroup-4-1] DEBUG com.intuit.karate.driver.chrome_1718781663717 -- << {"id":21,"result":{},"sessionId":"DF311E9B96F1C738196F27B3E1342D45"}
12:51:07.732 [nioEventLoopGroup-4-1] DEBUG com.jayway.jsonpath.internal.path.CompiledPath -- Evaluating path: $
12:51:07.732 [main] DEBUG com.jayway.jsonpath.internal.path.CompiledPath -- Evaluating path: $['modifiers']
12:51:07.732 [main] DEBUG com.jayway.jsonpath.internal.path.CompiledPath -- Evaluating path: $
12:51:07.732 [main] DEBUG com.jayway.jsonpath.internal.path.CompiledPath -- Evaluating path: $
12:51:07.732 [main] DEBUG com.jayway.jsonpath.internal.JsonContext -- Put path $ key modifiers value {}
12:51:07.732 [main] DEBUG com.jayway.jsonpath.internal.path.CompiledPath -- Evaluating path: $
12:51:07.732 [main] DEBUG com.jayway.jsonpath.internal.JsonContext -- Put path $ key modifiers value 0
12:51:07.732 [main] DEBUG com.jayway.jsonpath.internal.path.CompiledPath -- Evaluating path: $['type']
12:51:07.732 [main] DEBUG com.jayway.jsonpath.internal.path.CompiledPath -- Evaluating path: $
12:51:07.732 [main] DEBUG com.jayway.jsonpath.internal.path.CompiledPath -- Evaluating path: $
12:51:07.732 [main] DEBUG com.jayway.jsonpath.internal.JsonContext -- Put path $ key type value {}
12:51:07.732 [main] DEBUG com.jayway.jsonpath.internal.path.CompiledPath -- Evaluating path: $
12:51:07.732 [main] DEBUG com.jayway.jsonpath.internal.JsonContext -- Put path $ key type value rawKeyDown
12:51:07.732 [main] DEBUG com.jayway.jsonpath.internal.path.CompiledPath -- Evaluating path: $['text']
12:51:07.732 [main] DEBUG com.jayway.jsonpath.internal.path.CompiledPath -- Evaluating path: $
12:51:07.732 [main] DEBUG com.jayway.jsonpath.internal.path.CompiledPath -- Evaluating path: $
12:51:07.732 [main] DEBUG com.jayway.jsonpath.internal.JsonContext -- Put path $ key text value {}
12:51:07.732 [main] DEBUG com.jayway.jsonpath.internal.path.CompiledPath -- Evaluating path: $
12:51:07.732 [main] DEBUG com.jayway.jsonpath.internal.JsonContext -- Put path $ key text value l
12:51:07.732 [main] DEBUG com.jayway.jsonpath.internal.path.CompiledPath -- Evaluating path: $['windowsVirtualKeyCode']
12:51:07.732 [main] DEBUG com.jayway.jsonpath.internal.path.CompiledPath -- Evaluating path: $
12:51:07.732 [main] DEBUG com.jayway.jsonpath.internal.path.CompiledPath -- Evaluating path: $
12:51:07.732 [main] DEBUG com.jayway.jsonpath.internal.JsonContext -- Put path $ key windowsVirtualKeyCode value {}
12:51:07.732 [main] DEBUG com.jayway.jsonpath.internal.path.CompiledPath -- Evaluating path: $
12:51:07.732 [main] DEBUG com.jayway.jsonpath.internal.JsonContext -- Put path $ key windowsVirtualKeyCode value 108
12:51:07.732 [main] DEBUG com.jayway.jsonpath.internal.path.CompiledPath -- Evaluating path: $
12:51:07.732 [main] DEBUG com.intuit.karate.driver.chrome_1718781663717 -- >> {"id":22,"sessionId":"DF311E9B96F1C738196F27B3E1342D45","method":"Input.dispatchKeyEvent","params":{"modifiers":0,"type":"rawKeyDown","text":"l","windowsVirtualKeyCode":108}}
12:51:07.732 [nioEventLoopGroup-4-1] DEBUG com.intuit.karate.driver.chrome_1718781663717 -- << {"id":22,"result":{},"sessionId":"DF311E9B96F1C738196F27B3E1342D45"}
12:51:07.732 [nioEventLoopGroup-4-1] DEBUG com.jayway.jsonpath.internal.path.CompiledPath -- Evaluating path: $
12:51:07.732 [main] DEBUG com.jayway.jsonpath.internal.path.CompiledPath -- Evaluating path: $['modifiers']
12:51:07.732 [main] DEBUG com.jayway.jsonpath.internal.path.CompiledPath -- Evaluating path: $
12:51:07.732 [main] DEBUG com.jayway.jsonpath.internal.path.CompiledPath -- Evaluating path: $
12:51:07.732 [main] DEBUG com.jayway.jsonpath.internal.JsonContext -- Put path $ key modifiers value {}
12:51:07.732 [main] DEBUG com.jayway.jsonpath.internal.path.CompiledPath -- Evaluating path: $
12:51:07.732 [main] DEBUG com.jayway.jsonpath.internal.JsonContext -- Put path $ key modifiers value 0
12:51:07.732 [main] DEBUG com.jayway.jsonpath.internal.path.CompiledPath -- Evaluating path: $['type']
12:51:07.732 [main] DEBUG com.jayway.jsonpath.internal.path.CompiledPath -- Evaluating path: $
12:51:07.732 [main] DEBUG com.jayway.jsonpath.internal.path.CompiledPath -- Evaluating path: $
12:51:07.732 [main] DEBUG com.jayway.jsonpath.internal.JsonContext -- Put path $ key type value {}
12:51:07.732 [main] DEBUG com.jayway.jsonpath.internal.path.CompiledPath -- Evaluating path: $
12:51:07.732 [main] DEBUG com.jayway.jsonpath.internal.JsonContext -- Put path $ key type value char
12:51:07.732 [main] DEBUG com.jayway.jsonpath.internal.path.CompiledPath -- Evaluating path: $['text']
12:51:07.732 [main] DEBUG com.jayway.jsonpath.internal.path.CompiledPath -- Evaluating path: $
12:51:07.732 [main] DEBUG com.jayway.jsonpath.internal.path.CompiledPath -- Evaluating path: $
12:51:07.732 [main] DEBUG com.jayway.jsonpath.internal.JsonContext -- Put path $ key text value {}
12:51:07.732 [main] DEBUG com.jayway.jsonpath.internal.path.CompiledPath -- Evaluating path: $
12:51:07.732 [main] DEBUG com.jayway.jsonpath.internal.JsonContext -- Put path $ key text value l
12:51:07.732 [main] DEBUG com.jayway.jsonpath.internal.path.CompiledPath -- Evaluating path: $['windowsVirtualKeyCode']
12:51:07.732 [main] DEBUG com.jayway.jsonpath.internal.path.CompiledPath -- Evaluating path: $
12:51:07.732 [main] DEBUG com.jayway.jsonpath.internal.path.CompiledPath -- Evaluating path: $
12:51:07.732 [main] DEBUG com.jayway.jsonpath.internal.JsonContext -- Put path $ key windowsVirtualKeyCode value {}
12:51:07.732 [main] DEBUG com.jayway.jsonpath.internal.path.CompiledPath -- Evaluating path: $
12:51:07.732 [main] DEBUG com.jayway.jsonpath.internal.JsonContext -- Put path $ key windowsVirtualKeyCode value 108
12:51:07.732 [main] DEBUG com.jayway.jsonpath.internal.path.CompiledPath -- Evaluating path: $
12:51:07.732 [main] DEBUG com.intuit.karate.driver.chrome_1718781663717 -- >> {"id":23,"sessionId":"DF311E9B96F1C738196F27B3E1342D45","method":"Input.dispatchKeyEvent","params":{"modifiers":0,"type":"char","text":"l","windowsVirtualKeyCode":108}}
12:51:07.757 [nioEventLoopGroup-4-1] DEBUG com.intuit.karate.driver.chrome_1718781663717 -- << {"id":23,"result":{},"sessionId":"DF311E9B96F1C738196F27B3E1342D45"}
12:51:07.757 [nioEventLoopGroup-4-1] DEBUG com.jayway.jsonpath.internal.path.CompiledPath -- Evaluating path: $
12:51:07.757 [main] DEBUG com.jayway.jsonpath.internal.path.CompiledPath -- Evaluating path: $['modifiers']
12:51:07.757 [main] DEBUG com.jayway.jsonpath.internal.path.CompiledPath -- Evaluating path: $
12:51:07.757 [main] DEBUG com.jayway.jsonpath.internal.path.CompiledPath -- Evaluating path: $
12:51:07.764 [main] DEBUG com.jayway.jsonpath.internal.JsonContext -- Put path $ key modifiers value {}
12:51:07.764 [main] DEBUG com.jayway.jsonpath.internal.path.CompiledPath -- Evaluating path: $
12:51:07.764 [main] DEBUG com.jayway.jsonpath.internal.JsonContext -- Put path $ key modifiers value 0
12:51:07.764 [main] DEBUG com.jayway.jsonpath.internal.path.CompiledPath -- Evaluating path: $['type']
12:51:07.764 [main] DEBUG com.jayway.jsonpath.internal.path.CompiledPath -- Evaluating path: $
12:51:07.764 [main] DEBUG com.jayway.jsonpath.internal.path.CompiledPath -- Evaluating path: $
12:51:07.764 [main] DEBUG com.jayway.jsonpath.internal.JsonContext -- Put path $ key type value {}
12:51:07.764 [main] DEBUG com.jayway.jsonpath.internal.path.CompiledPath -- Evaluating path: $
12:51:07.764 [main] DEBUG com.jayway.jsonpath.internal.JsonContext -- Put path $ key type value keyUp
12:51:07.764 [main] DEBUG com.jayway.jsonpath.internal.path.CompiledPath -- Evaluating path: $['text']
12:51:07.764 [main] DEBUG com.jayway.jsonpath.internal.path.CompiledPath -- Evaluating path: $
12:51:07.764 [main] DEBUG com.jayway.jsonpath.internal.path.CompiledPath -- Evaluating path: $
12:51:07.764 [main] DEBUG com.jayway.jsonpath.internal.JsonContext -- Put path $ key text value {}
12:51:07.764 [main] DEBUG com.jayway.jsonpath.internal.path.CompiledPath -- Evaluating path: $
12:51:07.764 [main] DEBUG com.jayway.jsonpath.internal.JsonContext -- Put path $ key text value l
12:51:07.764 [main] DEBUG com.jayway.jsonpath.internal.path.CompiledPath -- Evaluating path: $['windowsVirtualKeyCode']
12:51:07.764 [main] DEBUG com.jayway.jsonpath.internal.path.CompiledPath -- Evaluating path: $
12:51:07.764 [main] DEBUG com.jayway.jsonpath.internal.path.CompiledPath -- Evaluating path: $
12:51:07.764 [main] DEBUG com.jayway.jsonpath.internal.JsonContext -- Put path $ key windowsVirtualKeyCode value {}
12:51:07.764 [main] DEBUG com.jayway.jsonpath.internal.path.CompiledPath -- Evaluating path: $
12:51:07.764 [main] DEBUG com.jayway.jsonpath.internal.JsonContext -- Put path $ key windowsVirtualKeyCode value 108
12:51:07.764 [main] DEBUG com.jayway.jsonpath.internal.path.CompiledPath -- Evaluating path: $
12:51:07.764 [main] DEBUG com.intuit.karate.driver.chrome_1718781663717 -- >> {"id":24,"sessionId":"DF311E9B96F1C738196F27B3E1342D45","method":"Input.dispatchKeyEvent","params":{"modifiers":0,"type":"keyUp","text":"l","windowsVirtualKeyCode":108}}
12:51:07.764 [nioEventLoopGroup-4-1] DEBUG com.intuit.karate.driver.chrome_1718781663717 -- << {"id":24,"result":{},"sessionId":"DF311E9B96F1C738196F27B3E1342D45"}
12:51:07.764 [nioEventLoopGroup-4-1] DEBUG com.jayway.jsonpath.internal.path.CompiledPath -- Evaluating path: $
12:51:07.764 [main] DEBUG com.jayway.jsonpath.internal.path.CompiledPath -- Evaluating path: $['modifiers']
12:51:07.764 [main] DEBUG com.jayway.jsonpath.internal.path.CompiledPath -- Evaluating path: $
12:51:07.764 [main] DEBUG com.jayway.jsonpath.internal.path.CompiledPath -- Evaluating path: $
12:51:07.764 [main] DEBUG com.jayway.jsonpath.internal.JsonContext -- Put path $ key modifiers value {}
12:51:07.764 [main] DEBUG com.jayway.jsonpath.internal.path.CompiledPath -- Evaluating path: $
12:51:07.764 [main] DEBUG com.jayway.jsonpath.internal.JsonContext -- Put path $ key modifiers value 0
12:51:07.764 [main] DEBUG com.jayway.jsonpath.internal.path.CompiledPath -- Evaluating path: $['type']
12:51:07.764 [main] DEBUG com.jayway.jsonpath.internal.path.CompiledPath -- Evaluating path: $
12:51:07.764 [main] DEBUG com.jayway.jsonpath.internal.path.CompiledPath -- Evaluating path: $
12:51:07.764 [main] DEBUG com.jayway.jsonpath.internal.JsonContext -- Put path $ key type value {}
12:51:07.764 [main] DEBUG com.jayway.jsonpath.internal.path.CompiledPath -- Evaluating path: $
12:51:07.764 [main] DEBUG com.jayway.jsonpath.internal.JsonContext -- Put path $ key type value rawKeyDown
12:51:07.764 [main] DEBUG com.jayway.jsonpath.internal.path.CompiledPath -- Evaluating path: $['text']
12:51:07.764 [main] DEBUG com.jayway.jsonpath.internal.path.CompiledPath -- Evaluating path: $
12:51:07.764 [main] DEBUG com.jayway.jsonpath.internal.path.CompiledPath -- Evaluating path: $
12:51:07.764 [main] DEBUG com.jayway.jsonpath.internal.JsonContext -- Put path $ key text value {}
12:51:07.764 [main] DEBUG com.jayway.jsonpath.internal.path.CompiledPath -- Evaluating path: $
12:51:07.764 [main] DEBUG com.jayway.jsonpath.internal.JsonContext -- Put path $ key text value e
12:51:07.764 [main] DEBUG com.jayway.jsonpath.internal.path.CompiledPath -- Evaluating path: $['windowsVirtualKeyCode']
12:51:07.764 [main] DEBUG com.jayway.jsonpath.internal.path.CompiledPath -- Evaluating path: $
12:51:07.764 [main] DEBUG com.jayway.jsonpath.internal.path.CompiledPath -- Evaluating path: $
12:51:07.764 [main] DEBUG com.jayway.jsonpath.internal.JsonContext -- Put path $ key windowsVirtualKeyCode value {}
12:51:07.764 [main] DEBUG com.jayway.jsonpath.internal.path.CompiledPath -- Evaluating path: $
12:51:07.764 [main] DEBUG com.jayway.jsonpath.internal.JsonContext -- Put path $ key windowsVirtualKeyCode value 101
12:51:07.764 [main] DEBUG com.jayway.jsonpath.internal.path.CompiledPath -- Evaluating path: $
12:51:07.764 [main] DEBUG com.intuit.karate.driver.chrome_1718781663717 -- >> {"id":25,"sessionId":"DF311E9B96F1C738196F27B3E1342D45","method":"Input.dispatchKeyEvent","params":{"modifiers":0,"type":"rawKeyDown","text":"e","windowsVirtualKeyCode":101}}
12:51:07.764 [nioEventLoopGroup-4-1] DEBUG com.intuit.karate.driver.chrome_1718781663717 -- << {"id":25,"result":{},"sessionId":"DF311E9B96F1C738196F27B3E1342D45"}
12:51:07.764 [nioEventLoopGroup-4-1] DEBUG com.jayway.jsonpath.internal.path.CompiledPath -- Evaluating path: $
12:51:07.764 [main] DEBUG com.jayway.jsonpath.internal.path.CompiledPath -- Evaluating path: $['modifiers']
12:51:07.764 [main] DEBUG com.jayway.jsonpath.internal.path.CompiledPath -- Evaluating path: $
12:51:07.764 [main] DEBUG com.jayway.jsonpath.internal.path.CompiledPath -- Evaluating path: $
12:51:07.764 [main] DEBUG com.jayway.jsonpath.internal.JsonContext -- Put path $ key modifiers value {}
12:51:07.764 [main] DEBUG com.jayway.jsonpath.internal.path.CompiledPath -- Evaluating path: $
12:51:07.764 [main] DEBUG com.jayway.jsonpath.internal.JsonContext -- Put path $ key modifiers value 0
12:51:07.764 [main] DEBUG com.jayway.jsonpath.internal.path.CompiledPath -- Evaluating path: $['type']
12:51:07.764 [main] DEBUG com.jayway.jsonpath.internal.path.CompiledPath -- Evaluating path: $
12:51:07.764 [main] DEBUG com.jayway.jsonpath.internal.path.CompiledPath -- Evaluating path: $
12:51:07.764 [main] DEBUG com.jayway.jsonpath.internal.JsonContext -- Put path $ key type value {}
12:51:07.764 [main] DEBUG com.jayway.jsonpath.internal.path.CompiledPath -- Evaluating path: $
12:51:07.764 [main] DEBUG com.jayway.jsonpath.internal.JsonContext -- Put path $ key type value char
12:51:07.764 [main] DEBUG com.jayway.jsonpath.internal.path.CompiledPath -- Evaluating path: $['text']
12:51:07.764 [main] DEBUG com.jayway.jsonpath.internal.path.CompiledPath -- Evaluating path: $
12:51:07.764 [main] DEBUG com.jayway.jsonpath.internal.path.CompiledPath -- Evaluating path: $
12:51:07.764 [main] DEBUG com.jayway.jsonpath.internal.JsonContext -- Put path $ key text value {}
12:51:07.764 [main] DEBUG com.jayway.jsonpath.internal.path.CompiledPath -- Evaluating path: $
12:51:07.764 [main] DEBUG com.jayway.jsonpath.internal.JsonContext -- Put path $ key text value e
12:51:07.764 [main] DEBUG com.jayway.jsonpath.internal.path.CompiledPath -- Evaluating path: $['windowsVirtualKeyCode']
12:51:07.764 [main] DEBUG com.jayway.jsonpath.internal.path.CompiledPath -- Evaluating path: $
12:51:07.764 [main] DEBUG com.jayway.jsonpath.internal.path.CompiledPath -- Evaluating path: $
12:51:07.764 [main] DEBUG com.jayway.jsonpath.internal.JsonContext -- Put path $ key windowsVirtualKeyCode value {}
12:51:07.764 [main] DEBUG com.jayway.jsonpath.internal.path.CompiledPath -- Evaluating path: $
12:51:07.764 [main] DEBUG com.jayway.jsonpath.internal.JsonContext -- Put path $ key windowsVirtualKeyCode value 101
12:51:07.764 [main] DEBUG com.jayway.jsonpath.internal.path.CompiledPath -- Evaluating path: $
12:51:07.764 [main] DEBUG com.intuit.karate.driver.chrome_1718781663717 -- >> {"id":26,"sessionId":"DF311E9B96F1C738196F27B3E1342D45","method":"Input.dispatchKeyEvent","params":{"modifiers":0,"type":"char","text":"e","windowsVirtualKeyCode":101}}
12:51:07.772 [nioEventLoopGroup-4-1] DEBUG com.intuit.karate.driver.chrome_1718781663717 -- << {"id":26,"result":{},"sessionId":"DF311E9B96F1C738196F27B3E1342D45"}
12:51:07.772 [nioEventLoopGroup-4-1] DEBUG com.jayway.jsonpath.internal.path.CompiledPath -- Evaluating path: $
12:51:07.772 [main] DEBUG com.jayway.jsonpath.internal.path.CompiledPath -- Evaluating path: $['modifiers']
12:51:07.772 [main] DEBUG com.jayway.jsonpath.internal.path.CompiledPath -- Evaluating path: $
12:51:07.775 [main] DEBUG com.jayway.jsonpath.internal.path.CompiledPath -- Evaluating path: $
12:51:07.775 [main] DEBUG com.jayway.jsonpath.internal.JsonContext -- Put path $ key modifiers value {}
12:51:07.775 [main] DEBUG com.jayway.jsonpath.internal.path.CompiledPath -- Evaluating path: $
12:51:07.775 [main] DEBUG com.jayway.jsonpath.internal.JsonContext -- Put path $ key modifiers value 0
12:51:07.775 [main] DEBUG com.jayway.jsonpath.internal.path.CompiledPath -- Evaluating path: $['type']
12:51:07.775 [main] DEBUG com.jayway.jsonpath.internal.path.CompiledPath -- Evaluating path: $
12:51:07.775 [main] DEBUG com.jayway.jsonpath.internal.path.CompiledPath -- Evaluating path: $
12:51:07.775 [main] DEBUG com.jayway.jsonpath.internal.JsonContext -- Put path $ key type value {}
12:51:07.775 [main] DEBUG com.jayway.jsonpath.internal.path.CompiledPath -- Evaluating path: $
12:51:07.775 [main] DEBUG com.jayway.jsonpath.internal.JsonContext -- Put path $ key type value keyUp
12:51:07.775 [main] DEBUG com.jayway.jsonpath.internal.path.CompiledPath -- Evaluating path: $['text']
12:51:07.775 [main] DEBUG com.jayway.jsonpath.internal.path.CompiledPath -- Evaluating path: $
12:51:07.775 [main] DEBUG com.jayway.jsonpath.internal.path.CompiledPath -- Evaluating path: $
12:51:07.775 [main] DEBUG com.jayway.jsonpath.internal.JsonContext -- Put path $ key text value {}
12:51:07.775 [main] DEBUG com.jayway.jsonpath.internal.path.CompiledPath -- Evaluating path: $
12:51:07.775 [main] DEBUG com.jayway.jsonpath.internal.JsonContext -- Put path $ key text value e
12:51:07.775 [main] DEBUG com.jayway.jsonpath.internal.path.CompiledPath -- Evaluating path: $['windowsVirtualKeyCode']
12:51:07.775 [main] DEBUG com.jayway.jsonpath.internal.path.CompiledPath -- Evaluating path: $
12:51:07.775 [main] DEBUG com.jayway.jsonpath.internal.path.CompiledPath -- Evaluating path: $
12:51:07.775 [main] DEBUG com.jayway.jsonpath.internal.JsonContext -- Put path $ key windowsVirtualKeyCode value {}
12:51:07.775 [main] DEBUG com.jayway.jsonpath.internal.path.CompiledPath -- Evaluating path: $
12:51:07.775 [main] DEBUG com.jayway.jsonpath.internal.JsonContext -- Put path $ key windowsVirtualKeyCode value 101
12:51:07.775 [main] DEBUG com.jayway.jsonpath.internal.path.CompiledPath -- Evaluating path: $
12:51:07.775 [main] DEBUG com.intuit.karate.driver.chrome_1718781663717 -- >> {"id":27,"sessionId":"DF311E9B96F1C738196F27B3E1342D45","method":"Input.dispatchKeyEvent","params":{"modifiers":0,"type":"keyUp","text":"e","windowsVirtualKeyCode":101}}
12:51:07.775 [nioEventLoopGroup-4-1] DEBUG com.intuit.karate.driver.chrome_1718781663717 -- << {"id":27,"result":{},"sessionId":"DF311E9B96F1C738196F27B3E1342D45"}
12:51:07.775 [nioEventLoopGroup-4-1] DEBUG com.jayway.jsonpath.internal.path.CompiledPath -- Evaluating path: $
12:51:07.775 [main] DEBUG com.jayway.jsonpath.internal.path.CompiledPath -- Evaluating path: $['modifiers']
12:51:07.775 [main] DEBUG com.jayway.jsonpath.internal.path.CompiledPath -- Evaluating path: $
12:51:07.775 [main] DEBUG com.jayway.jsonpath.internal.path.CompiledPath -- Evaluating path: $
12:51:07.775 [main] DEBUG com.jayway.jsonpath.internal.JsonContext -- Put path $ key modifiers value {}
12:51:07.775 [main] DEBUG com.jayway.jsonpath.internal.path.CompiledPath -- Evaluating path: $
12:51:07.775 [main] DEBUG com.jayway.jsonpath.internal.JsonContext -- Put path $ key modifiers value 0
12:51:07.775 [main] DEBUG com.jayway.jsonpath.internal.path.CompiledPath -- Evaluating path: $['type']
12:51:07.775 [main] DEBUG com.jayway.jsonpath.internal.path.CompiledPath -- Evaluating path: $
12:51:07.775 [main] DEBUG com.jayway.jsonpath.internal.path.CompiledPath -- Evaluating path: $
12:51:07.775 [main] DEBUG com.jayway.jsonpath.internal.JsonContext -- Put path $ key type value {}
12:51:07.775 [main] DEBUG com.jayway.jsonpath.internal.path.CompiledPath -- Evaluating path: $
12:51:07.775 [main] DEBUG com.jayway.jsonpath.internal.JsonContext -- Put path $ key type value rawKeyDown
12:51:07.775 [main] DEBUG com.jayway.jsonpath.internal.path.CompiledPath -- Evaluating path: $['text']
12:51:07.775 [main] DEBUG com.jayway.jsonpath.internal.path.CompiledPath -- Evaluating path: $
12:51:07.775 [main] DEBUG com.jayway.jsonpath.internal.path.CompiledPath -- Evaluating path: $
12:51:07.775 [main] DEBUG com.jayway.jsonpath.internal.JsonContext -- Put path $ key text value {}
12:51:07.775 [main] DEBUG com.jayway.jsonpath.internal.path.CompiledPath -- Evaluating path: $
12:51:07.775 [main] DEBUG com.jayway.jsonpath.internal.JsonContext -- Put path $ key text value m
12:51:07.775 [main] DEBUG com.jayway.jsonpath.internal.path.CompiledPath -- Evaluating path: $['windowsVirtualKeyCode']
12:51:07.775 [main] DEBUG com.jayway.jsonpath.internal.path.CompiledPath -- Evaluating path: $
12:51:07.775 [main] DEBUG com.jayway.jsonpath.internal.path.CompiledPath -- Evaluating path: $
12:51:07.775 [main] DEBUG com.jayway.jsonpath.internal.JsonContext -- Put path $ key windowsVirtualKeyCode value {}
12:51:07.775 [main] DEBUG com.jayway.jsonpath.internal.path.CompiledPath -- Evaluating path: $
12:51:07.775 [main] DEBUG com.jayway.jsonpath.internal.JsonContext -- Put path $ key windowsVirtualKeyCode value 109
12:51:07.775 [main] DEBUG com.jayway.jsonpath.internal.path.CompiledPath -- Evaluating path: $
12:51:07.775 [main] DEBUG com.intuit.karate.driver.chrome_1718781663717 -- >> {"id":28,"sessionId":"DF311E9B96F1C738196F27B3E1342D45","method":"Input.dispatchKeyEvent","params":{"modifiers":0,"type":"rawKeyDown","text":"m","windowsVirtualKeyCode":109}}
12:51:07.775 [nioEventLoopGroup-4-1] DEBUG com.intuit.karate.driver.chrome_1718781663717 -- << {"id":28,"result":{},"sessionId":"DF311E9B96F1C738196F27B3E1342D45"}
12:51:07.775 [nioEventLoopGroup-4-1] DEBUG com.jayway.jsonpath.internal.path.CompiledPath -- Evaluating path: $
12:51:07.775 [main] DEBUG com.jayway.jsonpath.internal.path.CompiledPath -- Evaluating path: $['modifiers']
12:51:07.775 [main] DEBUG com.jayway.jsonpath.internal.path.CompiledPath -- Evaluating path: $
12:51:07.775 [main] DEBUG com.jayway.jsonpath.internal.path.CompiledPath -- Evaluating path: $
12:51:07.775 [main] DEBUG com.jayway.jsonpath.internal.JsonContext -- Put path $ key modifiers value {}
12:51:07.775 [main] DEBUG com.jayway.jsonpath.internal.path.CompiledPath -- Evaluating path: $
12:51:07.775 [main] DEBUG com.jayway.jsonpath.internal.JsonContext -- Put path $ key modifiers value 0
12:51:07.775 [main] DEBUG com.jayway.jsonpath.internal.path.CompiledPath -- Evaluating path: $['type']
12:51:07.775 [main] DEBUG com.jayway.jsonpath.internal.path.CompiledPath -- Evaluating path: $
12:51:07.775 [main] DEBUG com.jayway.jsonpath.internal.path.CompiledPath -- Evaluating path: $
12:51:07.775 [main] DEBUG com.jayway.jsonpath.internal.JsonContext -- Put path $ key type value {}
12:51:07.775 [main] DEBUG com.jayway.jsonpath.internal.path.CompiledPath -- Evaluating path: $
12:51:07.775 [main] DEBUG com.jayway.jsonpath.internal.JsonContext -- Put path $ key type value char
12:51:07.775 [main] DEBUG com.jayway.jsonpath.internal.path.CompiledPath -- Evaluating path: $['text']
12:51:07.775 [main] DEBUG com.jayway.jsonpath.internal.path.CompiledPath -- Evaluating path: $
12:51:07.775 [main] DEBUG com.jayway.jsonpath.internal.path.CompiledPath -- Evaluating path: $
12:51:07.775 [main] DEBUG com.jayway.jsonpath.internal.JsonContext -- Put path $ key text value {}
12:51:07.775 [main] DEBUG com.jayway.jsonpath.internal.path.CompiledPath -- Evaluating path: $
12:51:07.775 [main] DEBUG com.jayway.jsonpath.internal.JsonContext -- Put path $ key text value m
12:51:07.775 [main] DEBUG com.jayway.jsonpath.internal.path.CompiledPath -- Evaluating path: $['windowsVirtualKeyCode']
12:51:07.775 [main] DEBUG com.jayway.jsonpath.internal.path.CompiledPath -- Evaluating path: $
12:51:07.775 [main] DEBUG com.jayway.jsonpath.internal.path.CompiledPath -- Evaluating path: $
12:51:07.775 [main] DEBUG com.jayway.jsonpath.internal.JsonContext -- Put path $ key windowsVirtualKeyCode value {}
12:51:07.775 [main] DEBUG com.jayway.jsonpath.internal.path.CompiledPath -- Evaluating path: $
12:51:07.775 [main] DEBUG com.jayway.jsonpath.internal.JsonContext -- Put path $ key windowsVirtualKeyCode value 109
12:51:07.775 [main] DEBUG com.jayway.jsonpath.internal.path.CompiledPath -- Evaluating path: $
12:51:07.775 [main] DEBUG com.intuit.karate.driver.chrome_1718781663717 -- >> {"id":29,"sessionId":"DF311E9B96F1C738196F27B3E1342D45","method":"Input.dispatchKeyEvent","params":{"modifiers":0,"type":"char","text":"m","windowsVirtualKeyCode":109}}
12:51:07.781 [nioEventLoopGroup-4-1] DEBUG com.intuit.karate.driver.chrome_1718781663717 -- << {"id":29,"result":{},"sessionId":"DF311E9B96F1C738196F27B3E1342D45"}
12:51:07.781 [nioEventLoopGroup-4-1] DEBUG com.jayway.jsonpath.internal.path.CompiledPath -- Evaluating path: $
12:51:07.781 [main] DEBUG com.jayway.jsonpath.internal.path.CompiledPath -- Evaluating path: $['modifiers']
12:51:07.781 [main] DEBUG com.jayway.jsonpath.internal.path.CompiledPath -- Evaluating path: $
12:51:07.781 [main] DEBUG com.jayway.jsonpath.internal.path.CompiledPath -- Evaluating path: $
12:51:07.781 [main] DEBUG com.jayway.jsonpath.internal.JsonContext -- Put path $ key modifiers value {}
12:51:07.781 [main] DEBUG com.jayway.jsonpath.internal.path.CompiledPath -- Evaluating path: $
12:51:07.781 [main] DEBUG com.jayway.jsonpath.internal.JsonContext -- Put path $ key modifiers value 0
12:51:07.781 [main] DEBUG com.jayway.jsonpath.internal.path.CompiledPath -- Evaluating path: $['type']
12:51:07.781 [main] DEBUG com.jayway.jsonpath.internal.path.CompiledPath -- Evaluating path: $
12:51:07.781 [main] DEBUG com.jayway.jsonpath.internal.path.CompiledPath -- Evaluating path: $
12:51:07.781 [main] DEBUG com.jayway.jsonpath.internal.JsonContext -- Put path $ key type value {}
12:51:07.781 [main] DEBUG com.jayway.jsonpath.internal.path.CompiledPath -- Evaluating path: $
12:51:07.781 [main] DEBUG com.jayway.jsonpath.internal.JsonContext -- Put path $ key type value keyUp
12:51:07.781 [main] DEBUG com.jayway.jsonpath.internal.path.CompiledPath -- Evaluating path: $['text']
12:51:07.781 [main] DEBUG com.jayway.jsonpath.internal.path.CompiledPath -- Evaluating path: $
12:51:07.781 [main] DEBUG com.jayway.jsonpath.internal.path.CompiledPath -- Evaluating path: $
12:51:07.781 [main] DEBUG com.jayway.jsonpath.internal.JsonContext -- Put path $ key text value {}
12:51:07.781 [main] DEBUG com.jayway.jsonpath.internal.path.CompiledPath -- Evaluating path: $
12:51:07.781 [main] DEBUG com.jayway.jsonpath.internal.JsonContext -- Put path $ key text value m
12:51:07.781 [main] DEBUG com.jayway.jsonpath.internal.path.CompiledPath -- Evaluating path: $['windowsVirtualKeyCode']
12:51:07.781 [main] DEBUG com.jayway.jsonpath.internal.path.CompiledPath -- Evaluating path: $
12:51:07.781 [main] DEBUG com.jayway.jsonpath.internal.path.CompiledPath -- Evaluating path: $
12:51:07.781 [main] DEBUG com.jayway.jsonpath.internal.JsonContext -- Put path $ key windowsVirtualKeyCode value {}
12:51:07.781 [main] DEBUG com.jayway.jsonpath.internal.path.CompiledPath -- Evaluating path: $
12:51:07.781 [main] DEBUG com.jayway.jsonpath.internal.JsonContext -- Put path $ key windowsVirtualKeyCode value 109
12:51:07.781 [main] DEBUG com.jayway.jsonpath.internal.path.CompiledPath -- Evaluating path: $
12:51:07.781 [main] DEBUG com.intuit.karate.driver.chrome_1718781663717 -- >> {"id":30,"sessionId":"DF311E9B96F1C738196F27B3E1342D45","method":"Input.dispatchKeyEvent","params":{"modifiers":0,"type":"keyUp","text":"m","windowsVirtualKeyCode":109}}
12:51:07.785 [nioEventLoopGroup-4-1] DEBUG com.intuit.karate.driver.chrome_1718781663717 -- << {"id":30,"result":{},"sessionId":"DF311E9B96F1C738196F27B3E1342D45"}
12:51:07.785 [nioEventLoopGroup-4-1] DEBUG com.jayway.jsonpath.internal.path.CompiledPath -- Evaluating path: $
12:51:07.785 [main] DEBUG com.jayway.jsonpath.internal.path.CompiledPath -- Evaluating path: $['modifiers']
12:51:07.785 [main] DEBUG com.jayway.jsonpath.internal.path.CompiledPath -- Evaluating path: $
12:51:07.785 [main] DEBUG com.jayway.jsonpath.internal.path.CompiledPath -- Evaluating path: $
12:51:07.785 [main] DEBUG com.jayway.jsonpath.internal.JsonContext -- Put path $ key modifiers value {}
12:51:07.785 [main] DEBUG com.jayway.jsonpath.internal.path.CompiledPath -- Evaluating path: $
12:51:07.785 [main] DEBUG com.jayway.jsonpath.internal.JsonContext -- Put path $ key modifiers value 0
12:51:07.785 [main] DEBUG com.jayway.jsonpath.internal.path.CompiledPath -- Evaluating path: $['type']
12:51:07.785 [main] DEBUG com.jayway.jsonpath.internal.path.CompiledPath -- Evaluating path: $
12:51:07.785 [main] DEBUG com.jayway.jsonpath.internal.path.CompiledPath -- Evaluating path: $
12:51:07.785 [main] DEBUG com.jayway.jsonpath.internal.JsonContext -- Put path $ key type value {}
12:51:07.785 [main] DEBUG com.jayway.jsonpath.internal.path.CompiledPath -- Evaluating path: $
12:51:07.785 [main] DEBUG com.jayway.jsonpath.internal.JsonContext -- Put path $ key type value rawKeyDown
12:51:07.785 [main] DEBUG com.jayway.jsonpath.internal.path.CompiledPath -- Evaluating path: $['text']
12:51:07.785 [main] DEBUG com.jayway.jsonpath.internal.path.CompiledPath -- Evaluating path: $
12:51:07.785 [main] DEBUG com.jayway.jsonpath.internal.path.CompiledPath -- Evaluating path: $
12:51:07.785 [main] DEBUG com.jayway.jsonpath.internal.JsonContext -- Put path $ key text value {}
12:51:07.785 [main] DEBUG com.jayway.jsonpath.internal.path.CompiledPath -- Evaluating path: $
12:51:07.785 [main] DEBUG com.jayway.jsonpath.internal.JsonContext -- Put path $ key text value _
12:51:07.785 [main] DEBUG com.jayway.jsonpath.internal.path.CompiledPath -- Evaluating path: $['windowsVirtualKeyCode']
12:51:07.785 [main] DEBUG com.jayway.jsonpath.internal.path.CompiledPath -- Evaluating path: $
12:51:07.785 [main] DEBUG com.jayway.jsonpath.internal.path.CompiledPath -- Evaluating path: $
12:51:07.785 [main] DEBUG com.jayway.jsonpath.internal.JsonContext -- Put path $ key windowsVirtualKeyCode value {}
12:51:07.785 [main] DEBUG com.jayway.jsonpath.internal.path.CompiledPath -- Evaluating path: $
12:51:07.785 [main] DEBUG com.jayway.jsonpath.internal.JsonContext -- Put path $ key windowsVirtualKeyCode value 523
12:51:07.785 [main] DEBUG com.jayway.jsonpath.internal.path.CompiledPath -- Evaluating path: $
12:51:07.785 [main] DEBUG com.intuit.karate.driver.chrome_1718781663717 -- >> {"id":31,"sessionId":"DF311E9B96F1C738196F27B3E1342D45","method":"Input.dispatchKeyEvent","params":{"modifiers":0,"type":"rawKeyDown","text":"_","windowsVirtualKeyCode":523}}
12:51:07.785 [nioEventLoopGroup-4-1] DEBUG com.intuit.karate.driver.chrome_1718781663717 -- << {"id":31,"result":{},"sessionId":"DF311E9B96F1C738196F27B3E1342D45"}
12:51:07.785 [nioEventLoopGroup-4-1] DEBUG com.jayway.jsonpath.internal.path.CompiledPath -- Evaluating path: $
12:51:07.785 [main] DEBUG com.jayway.jsonpath.internal.path.CompiledPath -- Evaluating path: $['modifiers']
12:51:07.785 [main] DEBUG com.jayway.jsonpath.internal.path.CompiledPath -- Evaluating path: $
12:51:07.785 [main] DEBUG com.jayway.jsonpath.internal.path.CompiledPath -- Evaluating path: $
12:51:07.785 [main] DEBUG com.jayway.jsonpath.internal.JsonContext -- Put path $ key modifiers value {}
12:51:07.785 [main] DEBUG com.jayway.jsonpath.internal.path.CompiledPath -- Evaluating path: $
12:51:07.785 [main] DEBUG com.jayway.jsonpath.internal.JsonContext -- Put path $ key modifiers value 0
12:51:07.785 [main] DEBUG com.jayway.jsonpath.internal.path.CompiledPath -- Evaluating path: $['type']
12:51:07.785 [main] DEBUG com.jayway.jsonpath.internal.path.CompiledPath -- Evaluating path: $
12:51:07.785 [main] DEBUG com.jayway.jsonpath.internal.path.CompiledPath -- Evaluating path: $
12:51:07.785 [main] DEBUG com.jayway.jsonpath.internal.JsonContext -- Put path $ key type value {}
12:51:07.785 [main] DEBUG com.jayway.jsonpath.internal.path.CompiledPath -- Evaluating path: $
12:51:07.785 [main] DEBUG com.jayway.jsonpath.internal.JsonContext -- Put path $ key type value char
12:51:07.785 [main] DEBUG com.jayway.jsonpath.internal.path.CompiledPath -- Evaluating path: $['text']
12:51:07.785 [main] DEBUG com.jayway.jsonpath.internal.path.CompiledPath -- Evaluating path: $
12:51:07.785 [main] DEBUG com.jayway.jsonpath.internal.path.CompiledPath -- Evaluating path: $
12:51:07.785 [main] DEBUG com.jayway.jsonpath.internal.JsonContext -- Put path $ key text value {}
12:51:07.785 [main] DEBUG com.jayway.jsonpath.internal.path.CompiledPath -- Evaluating path: $
12:51:07.785 [main] DEBUG com.jayway.jsonpath.internal.JsonContext -- Put path $ key text value _
12:51:07.785 [main] DEBUG com.jayway.jsonpath.internal.path.CompiledPath -- Evaluating path: $['windowsVirtualKeyCode']
12:51:07.785 [main] DEBUG com.jayway.jsonpath.internal.path.CompiledPath -- Evaluating path: $
12:51:07.785 [main] DEBUG com.jayway.jsonpath.internal.path.CompiledPath -- Evaluating path: $
12:51:07.785 [main] DEBUG com.jayway.jsonpath.internal.JsonContext -- Put path $ key windowsVirtualKeyCode value {}
12:51:07.785 [main] DEBUG com.jayway.jsonpath.internal.path.CompiledPath -- Evaluating path: $
12:51:07.785 [main] DEBUG com.jayway.jsonpath.internal.JsonContext -- Put path $ key windowsVirtualKeyCode value 523
12:51:07.785 [main] DEBUG com.jayway.jsonpath.internal.path.CompiledPath -- Evaluating path: $
12:51:07.785 [main] DEBUG com.intuit.karate.driver.chrome_1718781663717 -- >> {"id":32,"sessionId":"DF311E9B96F1C738196F27B3E1342D45","method":"Input.dispatchKeyEvent","params":{"modifiers":0,"type":"char","text":"_","windowsVirtualKeyCode":523}}
12:51:07.785 [nioEventLoopGroup-4-1] DEBUG com.intuit.karate.driver.chrome_1718781663717 -- << {"id":32,"result":{},"sessionId":"DF311E9B96F1C738196F27B3E1342D45"}
12:51:07.785 [nioEventLoopGroup-4-1] DEBUG com.jayway.jsonpath.internal.path.CompiledPath -- Evaluating path: $
12:51:07.785 [main] DEBUG com.jayway.jsonpath.internal.path.CompiledPath -- Evaluating path: $['modifiers']
12:51:07.785 [main] DEBUG com.jayway.jsonpath.internal.path.CompiledPath -- Evaluating path: $
12:51:07.785 [main] DEBUG com.jayway.jsonpath.internal.path.CompiledPath -- Evaluating path: $
12:51:07.785 [main] DEBUG com.jayway.jsonpath.internal.JsonContext -- Put path $ key modifiers value {}
12:51:07.785 [main] DEBUG com.jayway.jsonpath.internal.path.CompiledPath -- Evaluating path: $
12:51:07.785 [main] DEBUG com.jayway.jsonpath.internal.JsonContext -- Put path $ key modifiers value 0
12:51:07.785 [main] DEBUG com.jayway.jsonpath.internal.path.CompiledPath -- Evaluating path: $['type']
12:51:07.785 [main] DEBUG com.jayway.jsonpath.internal.path.CompiledPath -- Evaluating path: $
12:51:07.785 [main] DEBUG com.jayway.jsonpath.internal.path.CompiledPath -- Evaluating path: $
12:51:07.785 [main] DEBUG com.jayway.jsonpath.internal.JsonContext -- Put path $ key type value {}
12:51:07.785 [main] DEBUG com.jayway.jsonpath.internal.path.CompiledPath -- Evaluating path: $
12:51:07.785 [main] DEBUG com.jayway.jsonpath.internal.JsonContext -- Put path $ key type value keyUp
12:51:07.785 [main] DEBUG com.jayway.jsonpath.internal.path.CompiledPath -- Evaluating path: $['text']
12:51:07.785 [main] DEBUG com.jayway.jsonpath.internal.path.CompiledPath -- Evaluating path: $
12:51:07.785 [main] DEBUG com.jayway.jsonpath.internal.path.CompiledPath -- Evaluating path: $
12:51:07.785 [main] DEBUG com.jayway.jsonpath.internal.JsonContext -- Put path $ key text value {}
12:51:07.785 [main] DEBUG com.jayway.jsonpath.internal.path.CompiledPath -- Evaluating path: $
12:51:07.785 [main] DEBUG com.jayway.jsonpath.internal.JsonContext -- Put path $ key text value _
12:51:07.785 [main] DEBUG com.jayway.jsonpath.internal.path.CompiledPath -- Evaluating path: $['windowsVirtualKeyCode']
12:51:07.785 [main] DEBUG com.jayway.jsonpath.internal.path.CompiledPath -- Evaluating path: $
12:51:07.785 [main] DEBUG com.jayway.jsonpath.internal.path.CompiledPath -- Evaluating path: $
12:51:07.785 [main] DEBUG com.jayway.jsonpath.internal.JsonContext -- Put path $ key windowsVirtualKeyCode value {}
12:51:07.785 [main] DEBUG com.jayway.jsonpath.internal.path.CompiledPath -- Evaluating path: $
12:51:07.785 [main] DEBUG com.jayway.jsonpath.internal.JsonContext -- Put path $ key windowsVirtualKeyCode value 523
12:51:07.785 [main] DEBUG com.jayway.jsonpath.internal.path.CompiledPath -- Evaluating path: $
12:51:07.785 [main] DEBUG com.intuit.karate.driver.chrome_1718781663717 -- >> {"id":33,"sessionId":"DF311E9B96F1C738196F27B3E1342D45","method":"Input.dispatchKeyEvent","params":{"modifiers":0,"type":"keyUp","text":"_","windowsVirtualKeyCode":523}}
12:51:07.785 [nioEventLoopGroup-4-1] DEBUG com.intuit.karate.driver.chrome_1718781663717 -- << {"id":33,"result":{},"sessionId":"DF311E9B96F1C738196F27B3E1342D45"}
12:51:07.785 [nioEventLoopGroup-4-1] DEBUG com.jayway.jsonpath.internal.path.CompiledPath -- Evaluating path: $
12:51:07.785 [main] DEBUG com.jayway.jsonpath.internal.path.CompiledPath -- Evaluating path: $['modifiers']
12:51:07.785 [main] DEBUG com.jayway.jsonpath.internal.path.CompiledPath -- Evaluating path: $
12:51:07.785 [main] DEBUG com.jayway.jsonpath.internal.path.CompiledPath -- Evaluating path: $
12:51:07.785 [main] DEBUG com.jayway.jsonpath.internal.JsonContext -- Put path $ key modifiers value {}
12:51:07.785 [main] DEBUG com.jayway.jsonpath.internal.path.CompiledPath -- Evaluating path: $
12:51:07.785 [main] DEBUG com.jayway.jsonpath.internal.JsonContext -- Put path $ key modifiers value 0
12:51:07.785 [main] DEBUG com.jayway.jsonpath.internal.path.CompiledPath -- Evaluating path: $['type']
12:51:07.785 [main] DEBUG com.jayway.jsonpath.internal.path.CompiledPath -- Evaluating path: $
12:51:07.785 [main] DEBUG com.jayway.jsonpath.internal.path.CompiledPath -- Evaluating path: $
12:51:07.785 [main] DEBUG com.jayway.jsonpath.internal.JsonContext -- Put path $ key type value {}
12:51:07.785 [main] DEBUG com.jayway.jsonpath.internal.path.CompiledPath -- Evaluating path: $
12:51:07.785 [main] DEBUG com.jayway.jsonpath.internal.JsonContext -- Put path $ key type value rawKeyDown
12:51:07.785 [main] DEBUG com.jayway.jsonpath.internal.path.CompiledPath -- Evaluating path: $['text']
12:51:07.785 [main] DEBUG com.jayway.jsonpath.internal.path.CompiledPath -- Evaluating path: $
12:51:07.785 [main] DEBUG com.jayway.jsonpath.internal.path.CompiledPath -- Evaluating path: $
12:51:07.785 [main] DEBUG com.jayway.jsonpath.internal.JsonContext -- Put path $ key text value {}
12:51:07.785 [main] DEBUG com.jayway.jsonpath.internal.path.CompiledPath -- Evaluating path: $
12:51:07.785 [main] DEBUG com.jayway.jsonpath.internal.JsonContext -- Put path $ key text value u
12:51:07.785 [main] DEBUG com.jayway.jsonpath.internal.path.CompiledPath -- Evaluating path: $['windowsVirtualKeyCode']
12:51:07.785 [main] DEBUG com.jayway.jsonpath.internal.path.CompiledPath -- Evaluating path: $
12:51:07.785 [main] DEBUG com.jayway.jsonpath.internal.path.CompiledPath -- Evaluating path: $
12:51:07.785 [main] DEBUG com.jayway.jsonpath.internal.JsonContext -- Put path $ key windowsVirtualKeyCode value {}
12:51:07.785 [main] DEBUG com.jayway.jsonpath.internal.path.CompiledPath -- Evaluating path: $
12:51:07.785 [main] DEBUG com.jayway.jsonpath.internal.JsonContext -- Put path $ key windowsVirtualKeyCode value 117
12:51:07.785 [main] DEBUG com.jayway.jsonpath.internal.path.CompiledPath -- Evaluating path: $
12:51:07.785 [main] DEBUG com.intuit.karate.driver.chrome_1718781663717 -- >> {"id":34,"sessionId":"DF311E9B96F1C738196F27B3E1342D45","method":"Input.dispatchKeyEvent","params":{"modifiers":0,"type":"rawKeyDown","text":"u","windowsVirtualKeyCode":117}}
12:51:07.785 [nioEventLoopGroup-4-1] DEBUG com.intuit.karate.driver.chrome_1718781663717 -- << {"id":34,"result":{},"sessionId":"DF311E9B96F1C738196F27B3E1342D45"}
12:51:07.785 [nioEventLoopGroup-4-1] DEBUG com.jayway.jsonpath.internal.path.CompiledPath -- Evaluating path: $
12:51:07.785 [main] DEBUG com.jayway.jsonpath.internal.path.CompiledPath -- Evaluating path: $['modifiers']
12:51:07.785 [main] DEBUG com.jayway.jsonpath.internal.path.CompiledPath -- Evaluating path: $
12:51:07.785 [main] DEBUG com.jayway.jsonpath.internal.path.CompiledPath -- Evaluating path: $
12:51:07.785 [main] DEBUG com.jayway.jsonpath.internal.JsonContext -- Put path $ key modifiers value {}
12:51:07.785 [main] DEBUG com.jayway.jsonpath.internal.path.CompiledPath -- Evaluating path: $
12:51:07.785 [main] DEBUG com.jayway.jsonpath.internal.JsonContext -- Put path $ key modifiers value 0
12:51:07.785 [main] DEBUG com.jayway.jsonpath.internal.path.CompiledPath -- Evaluating path: $['type']
12:51:07.785 [main] DEBUG com.jayway.jsonpath.internal.path.CompiledPath -- Evaluating path: $
12:51:07.785 [main] DEBUG com.jayway.jsonpath.internal.path.CompiledPath -- Evaluating path: $
12:51:07.785 [main] DEBUG com.jayway.jsonpath.internal.JsonContext -- Put path $ key type value {}
12:51:07.785 [main] DEBUG com.jayway.jsonpath.internal.path.CompiledPath -- Evaluating path: $
12:51:07.785 [main] DEBUG com.jayway.jsonpath.internal.JsonContext -- Put path $ key type value char
12:51:07.785 [main] DEBUG com.jayway.jsonpath.internal.path.CompiledPath -- Evaluating path: $['text']
12:51:07.785 [main] DEBUG com.jayway.jsonpath.internal.path.CompiledPath -- Evaluating path: $
12:51:07.785 [main] DEBUG com.jayway.jsonpath.internal.path.CompiledPath -- Evaluating path: $
12:51:07.785 [main] DEBUG com.jayway.jsonpath.internal.JsonContext -- Put path $ key text value {}
12:51:07.785 [main] DEBUG com.jayway.jsonpath.internal.path.CompiledPath -- Evaluating path: $
12:51:07.785 [main] DEBUG com.jayway.jsonpath.internal.JsonContext -- Put path $ key text value u
12:51:07.785 [main] DEBUG com.jayway.jsonpath.internal.path.CompiledPath -- Evaluating path: $['windowsVirtualKeyCode']
12:51:07.785 [main] DEBUG com.jayway.jsonpath.internal.path.CompiledPath -- Evaluating path: $
12:51:07.785 [main] DEBUG com.jayway.jsonpath.internal.path.CompiledPath -- Evaluating path: $
12:51:07.785 [main] DEBUG com.jayway.jsonpath.internal.JsonContext -- Put path $ key windowsVirtualKeyCode value {}
12:51:07.785 [main] DEBUG com.jayway.jsonpath.internal.path.CompiledPath -- Evaluating path: $
12:51:07.785 [main] DEBUG com.jayway.jsonpath.internal.JsonContext -- Put path $ key windowsVirtualKeyCode value 117
12:51:07.785 [main] DEBUG com.jayway.jsonpath.internal.path.CompiledPath -- Evaluating path: $
12:51:07.785 [main] DEBUG com.intuit.karate.driver.chrome_1718781663717 -- >> {"id":35,"sessionId":"DF311E9B96F1C738196F27B3E1342D45","method":"Input.dispatchKeyEvent","params":{"modifiers":0,"type":"char","text":"u","windowsVirtualKeyCode":117}}
12:51:07.801 [nioEventLoopGroup-4-1] DEBUG com.intuit.karate.driver.chrome_1718781663717 -- << {"id":35,"result":{},"sessionId":"DF311E9B96F1C738196F27B3E1342D45"}
12:51:07.801 [nioEventLoopGroup-4-1] DEBUG com.jayway.jsonpath.internal.path.CompiledPath -- Evaluating path: $
12:51:07.801 [main] DEBUG com.jayway.jsonpath.internal.path.CompiledPath -- Evaluating path: $['modifiers']
12:51:07.801 [main] DEBUG com.jayway.jsonpath.internal.path.CompiledPath -- Evaluating path: $
12:51:07.801 [main] DEBUG com.jayway.jsonpath.internal.path.CompiledPath -- Evaluating path: $
12:51:07.801 [main] DEBUG com.jayway.jsonpath.internal.JsonContext -- Put path $ key modifiers value {}
12:51:07.801 [main] DEBUG com.jayway.jsonpath.internal.path.CompiledPath -- Evaluating path: $
12:51:07.801 [main] DEBUG com.jayway.jsonpath.internal.JsonContext -- Put path $ key modifiers value 0
12:51:07.801 [main] DEBUG com.jayway.jsonpath.internal.path.CompiledPath -- Evaluating path: $['type']
12:51:07.801 [main] DEBUG com.jayway.jsonpath.internal.path.CompiledPath -- Evaluating path: $
12:51:07.801 [main] DEBUG com.jayway.jsonpath.internal.path.CompiledPath -- Evaluating path: $
12:51:07.801 [main] DEBUG com.jayway.jsonpath.internal.JsonContext -- Put path $ key type value {}
12:51:07.801 [main] DEBUG com.jayway.jsonpath.internal.path.CompiledPath -- Evaluating path: $
12:51:07.801 [main] DEBUG com.jayway.jsonpath.internal.JsonContext -- Put path $ key type value keyUp
12:51:07.801 [main] DEBUG com.jayway.jsonpath.internal.path.CompiledPath -- Evaluating path: $['text']
12:51:07.801 [main] DEBUG com.jayway.jsonpath.internal.path.CompiledPath -- Evaluating path: $
12:51:07.801 [main] DEBUG com.jayway.jsonpath.internal.path.CompiledPath -- Evaluating path: $
12:51:07.801 [main] DEBUG com.jayway.jsonpath.internal.JsonContext -- Put path $ key text value {}
12:51:07.801 [main] DEBUG com.jayway.jsonpath.internal.path.CompiledPath -- Evaluating path: $
12:51:07.801 [main] DEBUG com.jayway.jsonpath.internal.JsonContext -- Put path $ key text value u
12:51:07.801 [main] DEBUG com.jayway.jsonpath.internal.path.CompiledPath -- Evaluating path: $['windowsVirtualKeyCode']
12:51:07.801 [main] DEBUG com.jayway.jsonpath.internal.path.CompiledPath -- Evaluating path: $
12:51:07.801 [main] DEBUG com.jayway.jsonpath.internal.path.CompiledPath -- Evaluating path: $
12:51:07.801 [main] DEBUG com.jayway.jsonpath.internal.JsonContext -- Put path $ key windowsVirtualKeyCode value {}
12:51:07.801 [main] DEBUG com.jayway.jsonpath.internal.path.CompiledPath -- Evaluating path: $
12:51:07.801 [main] DEBUG com.jayway.jsonpath.internal.JsonContext -- Put path $ key windowsVirtualKeyCode value 117
12:51:07.801 [main] DEBUG com.jayway.jsonpath.internal.path.CompiledPath -- Evaluating path: $
12:51:07.801 [main] DEBUG com.intuit.karate.driver.chrome_1718781663717 -- >> {"id":36,"sessionId":"DF311E9B96F1C738196F27B3E1342D45","method":"Input.dispatchKeyEvent","params":{"modifiers":0,"type":"keyUp","text":"u","windowsVirtualKeyCode":117}}
12:51:07.801 [nioEventLoopGroup-4-1] DEBUG com.intuit.karate.driver.chrome_1718781663717 -- << {"id":36,"result":{},"sessionId":"DF311E9B96F1C738196F27B3E1342D45"}
12:51:07.801 [nioEventLoopGroup-4-1] DEBUG com.jayway.jsonpath.internal.path.CompiledPath -- Evaluating path: $
12:51:07.801 [main] DEBUG com.jayway.jsonpath.internal.path.CompiledPath -- Evaluating path: $['modifiers']
12:51:07.801 [main] DEBUG com.jayway.jsonpath.internal.path.CompiledPath -- Evaluating path: $
12:51:07.801 [main] DEBUG com.jayway.jsonpath.internal.path.CompiledPath -- Evaluating path: $
12:51:07.801 [main] DEBUG com.jayway.jsonpath.internal.JsonContext -- Put path $ key modifiers value {}
12:51:07.801 [main] DEBUG com.jayway.jsonpath.internal.path.CompiledPath -- Evaluating path: $
12:51:07.801 [main] DEBUG com.jayway.jsonpath.internal.JsonContext -- Put path $ key modifiers value 0
12:51:07.801 [main] DEBUG com.jayway.jsonpath.internal.path.CompiledPath -- Evaluating path: $['type']
12:51:07.801 [main] DEBUG com.jayway.jsonpath.internal.path.CompiledPath -- Evaluating path: $
12:51:07.801 [main] DEBUG com.jayway.jsonpath.internal.path.CompiledPath -- Evaluating path: $
12:51:07.801 [main] DEBUG com.jayway.jsonpath.internal.JsonContext -- Put path $ key type value {}
12:51:07.801 [main] DEBUG com.jayway.jsonpath.internal.path.CompiledPath -- Evaluating path: $
12:51:07.801 [main] DEBUG com.jayway.jsonpath.internal.JsonContext -- Put path $ key type value rawKeyDown
12:51:07.801 [main] DEBUG com.jayway.jsonpath.internal.path.CompiledPath -- Evaluating path: $['text']
12:51:07.801 [main] DEBUG com.jayway.jsonpath.internal.path.CompiledPath -- Evaluating path: $
12:51:07.801 [main] DEBUG com.jayway.jsonpath.internal.path.CompiledPath -- Evaluating path: $
12:51:07.801 [main] DEBUG com.jayway.jsonpath.internal.JsonContext -- Put path $ key text value {}
12:51:07.801 [main] DEBUG com.jayway.jsonpath.internal.path.CompiledPath -- Evaluating path: $
12:51:07.801 [main] DEBUG com.jayway.jsonpath.internal.JsonContext -- Put path $ key text value s
12:51:07.801 [main] DEBUG com.jayway.jsonpath.internal.path.CompiledPath -- Evaluating path: $['windowsVirtualKeyCode']
12:51:07.801 [main] DEBUG com.jayway.jsonpath.internal.path.CompiledPath -- Evaluating path: $
12:51:07.801 [main] DEBUG com.jayway.jsonpath.internal.path.CompiledPath -- Evaluating path: $
12:51:07.801 [main] DEBUG com.jayway.jsonpath.internal.JsonContext -- Put path $ key windowsVirtualKeyCode value {}
12:51:07.801 [main] DEBUG com.jayway.jsonpath.internal.path.CompiledPath -- Evaluating path: $
12:51:07.801 [main] DEBUG com.jayway.jsonpath.internal.JsonContext -- Put path $ key windowsVirtualKeyCode value 115
12:51:07.801 [main] DEBUG com.jayway.jsonpath.internal.path.CompiledPath -- Evaluating path: $
12:51:07.801 [main] DEBUG com.intuit.karate.driver.chrome_1718781663717 -- >> {"id":37,"sessionId":"DF311E9B96F1C738196F27B3E1342D45","method":"Input.dispatchKeyEvent","params":{"modifiers":0,"type":"rawKeyDown","text":"s","windowsVirtualKeyCode":115}}
12:51:07.801 [nioEventLoopGroup-4-1] DEBUG com.intuit.karate.driver.chrome_1718781663717 -- << {"id":37,"result":{},"sessionId":"DF311E9B96F1C738196F27B3E1342D45"}
12:51:07.801 [nioEventLoopGroup-4-1] DEBUG com.jayway.jsonpath.internal.path.CompiledPath -- Evaluating path: $
12:51:07.801 [main] DEBUG com.jayway.jsonpath.internal.path.CompiledPath -- Evaluating path: $['modifiers']
12:51:07.801 [main] DEBUG com.jayway.jsonpath.internal.path.CompiledPath -- Evaluating path: $
12:51:07.801 [main] DEBUG com.jayway.jsonpath.internal.path.CompiledPath -- Evaluating path: $
12:51:07.801 [main] DEBUG com.jayway.jsonpath.internal.JsonContext -- Put path $ key modifiers value {}
12:51:07.801 [main] DEBUG com.jayway.jsonpath.internal.path.CompiledPath -- Evaluating path: $
12:51:07.801 [main] DEBUG com.jayway.jsonpath.internal.JsonContext -- Put path $ key modifiers value 0
12:51:07.801 [main] DEBUG com.jayway.jsonpath.internal.path.CompiledPath -- Evaluating path: $['type']
12:51:07.801 [main] DEBUG com.jayway.jsonpath.internal.path.CompiledPath -- Evaluating path: $
12:51:07.801 [main] DEBUG com.jayway.jsonpath.internal.path.CompiledPath -- Evaluating path: $
12:51:07.801 [main] DEBUG com.jayway.jsonpath.internal.JsonContext -- Put path $ key type value {}
12:51:07.801 [main] DEBUG com.jayway.jsonpath.internal.path.CompiledPath -- Evaluating path: $
12:51:07.801 [main] DEBUG com.jayway.jsonpath.internal.JsonContext -- Put path $ key type value char
12:51:07.801 [main] DEBUG com.jayway.jsonpath.internal.path.CompiledPath -- Evaluating path: $['text']
12:51:07.801 [main] DEBUG com.jayway.jsonpath.internal.path.CompiledPath -- Evaluating path: $
12:51:07.801 [main] DEBUG com.jayway.jsonpath.internal.path.CompiledPath -- Evaluating path: $
12:51:07.801 [main] DEBUG com.jayway.jsonpath.internal.JsonContext -- Put path $ key text value {}
12:51:07.801 [main] DEBUG com.jayway.jsonpath.internal.path.CompiledPath -- Evaluating path: $
12:51:07.801 [main] DEBUG com.jayway.jsonpath.internal.JsonContext -- Put path $ key text value s
12:51:07.801 [main] DEBUG com.jayway.jsonpath.internal.path.CompiledPath -- Evaluating path: $['windowsVirtualKeyCode']
12:51:07.801 [main] DEBUG com.jayway.jsonpath.internal.path.CompiledPath -- Evaluating path: $
12:51:07.801 [main] DEBUG com.jayway.jsonpath.internal.path.CompiledPath -- Evaluating path: $
12:51:07.801 [main] DEBUG com.jayway.jsonpath.internal.JsonContext -- Put path $ key windowsVirtualKeyCode value {}
12:51:07.801 [main] DEBUG com.jayway.jsonpath.internal.path.CompiledPath -- Evaluating path: $
12:51:07.801 [main] DEBUG com.jayway.jsonpath.internal.JsonContext -- Put path $ key windowsVirtualKeyCode value 115
12:51:07.801 [main] DEBUG com.jayway.jsonpath.internal.path.CompiledPath -- Evaluating path: $
12:51:07.801 [main] DEBUG com.intuit.karate.driver.chrome_1718781663717 -- >> {"id":38,"sessionId":"DF311E9B96F1C738196F27B3E1342D45","method":"Input.dispatchKeyEvent","params":{"modifiers":0,"type":"char","text":"s","windowsVirtualKeyCode":115}}
12:51:07.801 [nioEventLoopGroup-4-1] DEBUG com.intuit.karate.driver.chrome_1718781663717 -- << {"id":38,"result":{},"sessionId":"DF311E9B96F1C738196F27B3E1342D45"}
12:51:07.813 [nioEventLoopGroup-4-1] DEBUG com.jayway.jsonpath.internal.path.CompiledPath -- Evaluating path: $
12:51:07.813 [main] DEBUG com.jayway.jsonpath.internal.path.CompiledPath -- Evaluating path: $['modifiers']
12:51:07.813 [main] DEBUG com.jayway.jsonpath.internal.path.CompiledPath -- Evaluating path: $
12:51:07.813 [main] DEBUG com.jayway.jsonpath.internal.path.CompiledPath -- Evaluating path: $
12:51:07.813 [main] DEBUG com.jayway.jsonpath.internal.JsonContext -- Put path $ key modifiers value {}
12:51:07.813 [main] DEBUG com.jayway.jsonpath.internal.path.CompiledPath -- Evaluating path: $
12:51:07.813 [main] DEBUG com.jayway.jsonpath.internal.JsonContext -- Put path $ key modifiers value 0
12:51:07.813 [main] DEBUG com.jayway.jsonpath.internal.path.CompiledPath -- Evaluating path: $['type']
12:51:07.813 [main] DEBUG com.jayway.jsonpath.internal.path.CompiledPath -- Evaluating path: $
12:51:07.813 [main] DEBUG com.jayway.jsonpath.internal.path.CompiledPath -- Evaluating path: $
12:51:07.813 [main] DEBUG com.jayway.jsonpath.internal.JsonContext -- Put path $ key type value {}
12:51:07.813 [main] DEBUG com.jayway.jsonpath.internal.path.CompiledPath -- Evaluating path: $
12:51:07.813 [main] DEBUG com.jayway.jsonpath.internal.JsonContext -- Put path $ key type value keyUp
12:51:07.813 [main] DEBUG com.jayway.jsonpath.internal.path.CompiledPath -- Evaluating path: $['text']
12:51:07.813 [main] DEBUG com.jayway.jsonpath.internal.path.CompiledPath -- Evaluating path: $
12:51:07.813 [main] DEBUG com.jayway.jsonpath.internal.path.CompiledPath -- Evaluating path: $
12:51:07.813 [main] DEBUG com.jayway.jsonpath.internal.JsonContext -- Put path $ key text value {}
12:51:07.813 [main] DEBUG com.jayway.jsonpath.internal.path.CompiledPath -- Evaluating path: $
12:51:07.813 [main] DEBUG com.jayway.jsonpath.internal.JsonContext -- Put path $ key text value s
12:51:07.813 [main] DEBUG com.jayway.jsonpath.internal.path.CompiledPath -- Evaluating path: $['windowsVirtualKeyCode']
12:51:07.813 [main] DEBUG com.jayway.jsonpath.internal.path.CompiledPath -- Evaluating path: $
12:51:07.813 [main] DEBUG com.jayway.jsonpath.internal.path.CompiledPath -- Evaluating path: $
12:51:07.813 [main] DEBUG com.jayway.jsonpath.internal.JsonContext -- Put path $ key windowsVirtualKeyCode value {}
12:51:07.813 [main] DEBUG com.jayway.jsonpath.internal.path.CompiledPath -- Evaluating path: $
12:51:07.813 [main] DEBUG com.jayway.jsonpath.internal.JsonContext -- Put path $ key windowsVirtualKeyCode value 115
12:51:07.813 [main] DEBUG com.jayway.jsonpath.internal.path.CompiledPath -- Evaluating path: $
12:51:07.813 [main] DEBUG com.intuit.karate.driver.chrome_1718781663717 -- >> {"id":39,"sessionId":"DF311E9B96F1C738196F27B3E1342D45","method":"Input.dispatchKeyEvent","params":{"modifiers":0,"type":"keyUp","text":"s","windowsVirtualKeyCode":115}}
12:51:07.817 [nioEventLoopGroup-4-1] DEBUG com.intuit.karate.driver.chrome_1718781663717 -- << {"id":39,"result":{},"sessionId":"DF311E9B96F1C738196F27B3E1342D45"}
12:51:07.817 [nioEventLoopGroup-4-1] DEBUG com.jayway.jsonpath.internal.path.CompiledPath -- Evaluating path: $
12:51:07.817 [main] DEBUG com.jayway.jsonpath.internal.path.CompiledPath -- Evaluating path: $['modifiers']
12:51:07.817 [main] DEBUG com.jayway.jsonpath.internal.path.CompiledPath -- Evaluating path: $
12:51:07.817 [main] DEBUG com.jayway.jsonpath.internal.path.CompiledPath -- Evaluating path: $
12:51:07.817 [main] DEBUG com.jayway.jsonpath.internal.JsonContext -- Put path $ key modifiers value {}
12:51:07.817 [main] DEBUG com.jayway.jsonpath.internal.path.CompiledPath -- Evaluating path: $
12:51:07.817 [main] DEBUG com.jayway.jsonpath.internal.JsonContext -- Put path $ key modifiers value 0
12:51:07.817 [main] DEBUG com.jayway.jsonpath.internal.path.CompiledPath -- Evaluating path: $['type']
12:51:07.817 [main] DEBUG com.jayway.jsonpath.internal.path.CompiledPath -- Evaluating path: $
12:51:07.817 [main] DEBUG com.jayway.jsonpath.internal.path.CompiledPath -- Evaluating path: $
12:51:07.817 [main] DEBUG com.jayway.jsonpath.internal.JsonContext -- Put path $ key type value {}
12:51:07.817 [main] DEBUG com.jayway.jsonpath.internal.path.CompiledPath -- Evaluating path: $
12:51:07.817 [main] DEBUG com.jayway.jsonpath.internal.JsonContext -- Put path $ key type value rawKeyDown
12:51:07.817 [main] DEBUG com.jayway.jsonpath.internal.path.CompiledPath -- Evaluating path: $['text']
12:51:07.817 [main] DEBUG com.jayway.jsonpath.internal.path.CompiledPath -- Evaluating path: $
12:51:07.817 [main] DEBUG com.jayway.jsonpath.internal.path.CompiledPath -- Evaluating path: $
12:51:07.817 [main] DEBUG com.jayway.jsonpath.internal.JsonContext -- Put path $ key text value {}
12:51:07.817 [main] DEBUG com.jayway.jsonpath.internal.path.CompiledPath -- Evaluating path: $
12:51:07.817 [main] DEBUG com.jayway.jsonpath.internal.JsonContext -- Put path $ key text value e
12:51:07.817 [main] DEBUG com.jayway.jsonpath.internal.path.CompiledPath -- Evaluating path: $['windowsVirtualKeyCode']
12:51:07.817 [main] DEBUG com.jayway.jsonpath.internal.path.CompiledPath -- Evaluating path: $
12:51:07.817 [main] DEBUG com.jayway.jsonpath.internal.path.CompiledPath -- Evaluating path: $
12:51:07.817 [main] DEBUG com.jayway.jsonpath.internal.JsonContext -- Put path $ key windowsVirtualKeyCode value {}
12:51:07.817 [main] DEBUG com.jayway.jsonpath.internal.path.CompiledPath -- Evaluating path: $
12:51:07.817 [main] DEBUG com.jayway.jsonpath.internal.JsonContext -- Put path $ key windowsVirtualKeyCode value 101
12:51:07.817 [main] DEBUG com.jayway.jsonpath.internal.path.CompiledPath -- Evaluating path: $
12:51:07.817 [main] DEBUG com.intuit.karate.driver.chrome_1718781663717 -- >> {"id":40,"sessionId":"DF311E9B96F1C738196F27B3E1342D45","method":"Input.dispatchKeyEvent","params":{"modifiers":0,"type":"rawKeyDown","text":"e","windowsVirtualKeyCode":101}}
12:51:07.817 [nioEventLoopGroup-4-1] DEBUG com.intuit.karate.driver.chrome_1718781663717 -- << {"id":40,"result":{},"sessionId":"DF311E9B96F1C738196F27B3E1342D45"}
12:51:07.817 [nioEventLoopGroup-4-1] DEBUG com.jayway.jsonpath.internal.path.CompiledPath -- Evaluating path: $
12:51:07.817 [main] DEBUG com.jayway.jsonpath.internal.path.CompiledPath -- Evaluating path: $['modifiers']
12:51:07.817 [main] DEBUG com.jayway.jsonpath.internal.path.CompiledPath -- Evaluating path: $
12:51:07.817 [main] DEBUG com.jayway.jsonpath.internal.path.CompiledPath -- Evaluating path: $
12:51:07.817 [main] DEBUG com.jayway.jsonpath.internal.JsonContext -- Put path $ key modifiers value {}
12:51:07.817 [main] DEBUG com.jayway.jsonpath.internal.path.CompiledPath -- Evaluating path: $
12:51:07.817 [main] DEBUG com.jayway.jsonpath.internal.JsonContext -- Put path $ key modifiers value 0
12:51:07.817 [main] DEBUG com.jayway.jsonpath.internal.path.CompiledPath -- Evaluating path: $['type']
12:51:07.817 [main] DEBUG com.jayway.jsonpath.internal.path.CompiledPath -- Evaluating path: $
12:51:07.817 [main] DEBUG com.jayway.jsonpath.internal.path.CompiledPath -- Evaluating path: $
12:51:07.817 [main] DEBUG com.jayway.jsonpath.internal.JsonContext -- Put path $ key type value {}
12:51:07.817 [main] DEBUG com.jayway.jsonpath.internal.path.CompiledPath -- Evaluating path: $
12:51:07.817 [main] DEBUG com.jayway.jsonpath.internal.JsonContext -- Put path $ key type value char
12:51:07.817 [main] DEBUG com.jayway.jsonpath.internal.path.CompiledPath -- Evaluating path: $['text']
12:51:07.817 [main] DEBUG com.jayway.jsonpath.internal.path.CompiledPath -- Evaluating path: $
12:51:07.817 [main] DEBUG com.jayway.jsonpath.internal.path.CompiledPath -- Evaluating path: $
12:51:07.817 [main] DEBUG com.jayway.jsonpath.internal.JsonContext -- Put path $ key text value {}
12:51:07.817 [main] DEBUG com.jayway.jsonpath.internal.path.CompiledPath -- Evaluating path: $
12:51:07.817 [main] DEBUG com.jayway.jsonpath.internal.JsonContext -- Put path $ key text value e
12:51:07.817 [main] DEBUG com.jayway.jsonpath.internal.path.CompiledPath -- Evaluating path: $['windowsVirtualKeyCode']
12:51:07.817 [main] DEBUG com.jayway.jsonpath.internal.path.CompiledPath -- Evaluating path: $
12:51:07.817 [main] DEBUG com.jayway.jsonpath.internal.path.CompiledPath -- Evaluating path: $
12:51:07.817 [main] DEBUG com.jayway.jsonpath.internal.JsonContext -- Put path $ key windowsVirtualKeyCode value {}
12:51:07.817 [main] DEBUG com.jayway.jsonpath.internal.path.CompiledPath -- Evaluating path: $
12:51:07.817 [main] DEBUG com.jayway.jsonpath.internal.JsonContext -- Put path $ key windowsVirtualKeyCode value 101
12:51:07.817 [main] DEBUG com.jayway.jsonpath.internal.path.CompiledPath -- Evaluating path: $
12:51:07.817 [main] DEBUG com.intuit.karate.driver.chrome_1718781663717 -- >> {"id":41,"sessionId":"DF311E9B96F1C738196F27B3E1342D45","method":"Input.dispatchKeyEvent","params":{"modifiers":0,"type":"char","text":"e","windowsVirtualKeyCode":101}}
12:51:07.817 [nioEventLoopGroup-4-1] DEBUG com.intuit.karate.driver.chrome_1718781663717 -- << {"id":41,"result":{},"sessionId":"DF311E9B96F1C738196F27B3E1342D45"}
12:51:07.817 [nioEventLoopGroup-4-1] DEBUG com.jayway.jsonpath.internal.path.CompiledPath -- Evaluating path: $
12:51:07.817 [main] DEBUG com.jayway.jsonpath.internal.path.CompiledPath -- Evaluating path: $['modifiers']
12:51:07.817 [main] DEBUG com.jayway.jsonpath.internal.path.CompiledPath -- Evaluating path: $
12:51:07.817 [main] DEBUG com.jayway.jsonpath.internal.path.CompiledPath -- Evaluating path: $
12:51:07.817 [main] DEBUG com.jayway.jsonpath.internal.JsonContext -- Put path $ key modifiers value {}
12:51:07.817 [main] DEBUG com.jayway.jsonpath.internal.path.CompiledPath -- Evaluating path: $
12:51:07.817 [main] DEBUG com.jayway.jsonpath.internal.JsonContext -- Put path $ key modifiers value 0
12:51:07.817 [main] DEBUG com.jayway.jsonpath.internal.path.CompiledPath -- Evaluating path: $['type']
12:51:07.817 [main] DEBUG com.jayway.jsonpath.internal.path.CompiledPath -- Evaluating path: $
12:51:07.817 [main] DEBUG com.jayway.jsonpath.internal.path.CompiledPath -- Evaluating path: $
12:51:07.817 [main] DEBUG com.jayway.jsonpath.internal.JsonContext -- Put path $ key type value {}
12:51:07.817 [main] DEBUG com.jayway.jsonpath.internal.path.CompiledPath -- Evaluating path: $
12:51:07.817 [main] DEBUG com.jayway.jsonpath.internal.JsonContext -- Put path $ key type value keyUp
12:51:07.817 [main] DEBUG com.jayway.jsonpath.internal.path.CompiledPath -- Evaluating path: $['text']
12:51:07.817 [main] DEBUG com.jayway.jsonpath.internal.path.CompiledPath -- Evaluating path: $
12:51:07.817 [main] DEBUG com.jayway.jsonpath.internal.path.CompiledPath -- Evaluating path: $
12:51:07.817 [main] DEBUG com.jayway.jsonpath.internal.JsonContext -- Put path $ key text value {}
12:51:07.817 [main] DEBUG com.jayway.jsonpath.internal.path.CompiledPath -- Evaluating path: $
12:51:07.817 [main] DEBUG com.jayway.jsonpath.internal.JsonContext -- Put path $ key text value e
12:51:07.817 [main] DEBUG com.jayway.jsonpath.internal.path.CompiledPath -- Evaluating path: $['windowsVirtualKeyCode']
12:51:07.817 [main] DEBUG com.jayway.jsonpath.internal.path.CompiledPath -- Evaluating path: $
12:51:07.817 [main] DEBUG com.jayway.jsonpath.internal.path.CompiledPath -- Evaluating path: $
12:51:07.817 [main] DEBUG com.jayway.jsonpath.internal.JsonContext -- Put path $ key windowsVirtualKeyCode value {}
12:51:07.817 [main] DEBUG com.jayway.jsonpath.internal.path.CompiledPath -- Evaluating path: $
12:51:07.817 [main] DEBUG com.jayway.jsonpath.internal.JsonContext -- Put path $ key windowsVirtualKeyCode value 101
12:51:07.817 [main] DEBUG com.jayway.jsonpath.internal.path.CompiledPath -- Evaluating path: $
12:51:07.817 [main] DEBUG com.intuit.karate.driver.chrome_1718781663717 -- >> {"id":42,"sessionId":"DF311E9B96F1C738196F27B3E1342D45","method":"Input.dispatchKeyEvent","params":{"modifiers":0,"type":"keyUp","text":"e","windowsVirtualKeyCode":101}}
12:51:07.817 [nioEventLoopGroup-4-1] DEBUG com.intuit.karate.driver.chrome_1718781663717 -- << {"id":42,"result":{},"sessionId":"DF311E9B96F1C738196F27B3E1342D45"}
12:51:07.817 [nioEventLoopGroup-4-1] DEBUG com.jayway.jsonpath.internal.path.CompiledPath -- Evaluating path: $
12:51:07.817 [main] DEBUG com.jayway.jsonpath.internal.path.CompiledPath -- Evaluating path: $['modifiers']
12:51:07.817 [main] DEBUG com.jayway.jsonpath.internal.path.CompiledPath -- Evaluating path: $
12:51:07.817 [main] DEBUG com.jayway.jsonpath.internal.path.CompiledPath -- Evaluating path: $
12:51:07.817 [main] DEBUG com.jayway.jsonpath.internal.JsonContext -- Put path $ key modifiers value {}
12:51:07.817 [main] DEBUG com.jayway.jsonpath.internal.path.CompiledPath -- Evaluating path: $
12:51:07.817 [main] DEBUG com.jayway.jsonpath.internal.JsonContext -- Put path $ key modifiers value 0
12:51:07.817 [main] DEBUG com.jayway.jsonpath.internal.path.CompiledPath -- Evaluating path: $['type']
12:51:07.817 [main] DEBUG com.jayway.jsonpath.internal.path.CompiledPath -- Evaluating path: $
12:51:07.817 [main] DEBUG com.jayway.jsonpath.internal.path.CompiledPath -- Evaluating path: $
12:51:07.817 [main] DEBUG com.jayway.jsonpath.internal.JsonContext -- Put path $ key type value {}
12:51:07.817 [main] DEBUG com.jayway.jsonpath.internal.path.CompiledPath -- Evaluating path: $
12:51:07.817 [main] DEBUG com.jayway.jsonpath.internal.JsonContext -- Put path $ key type value rawKeyDown
12:51:07.817 [main] DEBUG com.jayway.jsonpath.internal.path.CompiledPath -- Evaluating path: $['text']
12:51:07.817 [main] DEBUG com.jayway.jsonpath.internal.path.CompiledPath -- Evaluating path: $
12:51:07.817 [main] DEBUG com.jayway.jsonpath.internal.path.CompiledPath -- Evaluating path: $
12:51:07.817 [main] DEBUG com.jayway.jsonpath.internal.JsonContext -- Put path $ key text value {}
12:51:07.817 [main] DEBUG com.jayway.jsonpath.internal.path.CompiledPath -- Evaluating path: $
12:51:07.817 [main] DEBUG com.jayway.jsonpath.internal.JsonContext -- Put path $ key text value r
12:51:07.817 [main] DEBUG com.jayway.jsonpath.internal.path.CompiledPath -- Evaluating path: $['windowsVirtualKeyCode']
12:51:07.817 [main] DEBUG com.jayway.jsonpath.internal.path.CompiledPath -- Evaluating path: $
12:51:07.817 [main] DEBUG com.jayway.jsonpath.internal.path.CompiledPath -- Evaluating path: $
12:51:07.817 [main] DEBUG com.jayway.jsonpath.internal.JsonContext -- Put path $ key windowsVirtualKeyCode value {}
12:51:07.817 [main] DEBUG com.jayway.jsonpath.internal.path.CompiledPath -- Evaluating path: $
12:51:07.817 [main] DEBUG com.jayway.jsonpath.internal.JsonContext -- Put path $ key windowsVirtualKeyCode value 114
12:51:07.817 [main] DEBUG com.jayway.jsonpath.internal.path.CompiledPath -- Evaluating path: $
12:51:07.817 [main] DEBUG com.intuit.karate.driver.chrome_1718781663717 -- >> {"id":43,"sessionId":"DF311E9B96F1C738196F27B3E1342D45","method":"Input.dispatchKeyEvent","params":{"modifiers":0,"type":"rawKeyDown","text":"r","windowsVirtualKeyCode":114}}
12:51:07.817 [nioEventLoopGroup-4-1] DEBUG com.intuit.karate.driver.chrome_1718781663717 -- << {"id":43,"result":{},"sessionId":"DF311E9B96F1C738196F27B3E1342D45"}
12:51:07.817 [nioEventLoopGroup-4-1] DEBUG com.jayway.jsonpath.internal.path.CompiledPath -- Evaluating path: $
12:51:07.817 [main] DEBUG com.jayway.jsonpath.internal.path.CompiledPath -- Evaluating path: $['modifiers']
12:51:07.817 [main] DEBUG com.jayway.jsonpath.internal.path.CompiledPath -- Evaluating path: $
12:51:07.817 [main] DEBUG com.jayway.jsonpath.internal.path.CompiledPath -- Evaluating path: $
12:51:07.817 [main] DEBUG com.jayway.jsonpath.internal.JsonContext -- Put path $ key modifiers value {}
12:51:07.817 [main] DEBUG com.jayway.jsonpath.internal.path.CompiledPath -- Evaluating path: $
12:51:07.817 [main] DEBUG com.jayway.jsonpath.internal.JsonContext -- Put path $ key modifiers value 0
12:51:07.817 [main] DEBUG com.jayway.jsonpath.internal.path.CompiledPath -- Evaluating path: $['type']
12:51:07.817 [main] DEBUG com.jayway.jsonpath.internal.path.CompiledPath -- Evaluating path: $
12:51:07.817 [main] DEBUG com.jayway.jsonpath.internal.path.CompiledPath -- Evaluating path: $
12:51:07.817 [main] DEBUG com.jayway.jsonpath.internal.JsonContext -- Put path $ key type value {}
12:51:07.817 [main] DEBUG com.jayway.jsonpath.internal.path.CompiledPath -- Evaluating path: $
12:51:07.817 [main] DEBUG com.jayway.jsonpath.internal.JsonContext -- Put path $ key type value char
12:51:07.829 [main] DEBUG com.jayway.jsonpath.internal.path.CompiledPath -- Evaluating path: $['text']
12:51:07.829 [main] DEBUG com.jayway.jsonpath.internal.path.CompiledPath -- Evaluating path: $
12:51:07.829 [main] DEBUG com.jayway.jsonpath.internal.path.CompiledPath -- Evaluating path: $
12:51:07.829 [main] DEBUG com.jayway.jsonpath.internal.JsonContext -- Put path $ key text value {}
12:51:07.829 [main] DEBUG com.jayway.jsonpath.internal.path.CompiledPath -- Evaluating path: $
12:51:07.829 [main] DEBUG com.jayway.jsonpath.internal.JsonContext -- Put path $ key text value r
12:51:07.829 [main] DEBUG com.jayway.jsonpath.internal.path.CompiledPath -- Evaluating path: $['windowsVirtualKeyCode']
12:51:07.829 [main] DEBUG com.jayway.jsonpath.internal.path.CompiledPath -- Evaluating path: $
12:51:07.829 [main] DEBUG com.jayway.jsonpath.internal.path.CompiledPath -- Evaluating path: $
12:51:07.829 [main] DEBUG com.jayway.jsonpath.internal.JsonContext -- Put path $ key windowsVirtualKeyCode value {}
12:51:07.829 [main] DEBUG com.jayway.jsonpath.internal.path.CompiledPath -- Evaluating path: $
12:51:07.829 [main] DEBUG com.jayway.jsonpath.internal.JsonContext -- Put path $ key windowsVirtualKeyCode value 114
12:51:07.829 [main] DEBUG com.jayway.jsonpath.internal.path.CompiledPath -- Evaluating path: $
12:51:07.829 [main] DEBUG com.intuit.karate.driver.chrome_1718781663717 -- >> {"id":44,"sessionId":"DF311E9B96F1C738196F27B3E1342D45","method":"Input.dispatchKeyEvent","params":{"modifiers":0,"type":"char","text":"r","windowsVirtualKeyCode":114}}
12:51:07.831 [nioEventLoopGroup-4-1] DEBUG com.intuit.karate.driver.chrome_1718781663717 -- << {"id":44,"result":{},"sessionId":"DF311E9B96F1C738196F27B3E1342D45"}
12:51:07.831 [nioEventLoopGroup-4-1] DEBUG com.jayway.jsonpath.internal.path.CompiledPath -- Evaluating path: $
12:51:07.831 [main] DEBUG com.jayway.jsonpath.internal.path.CompiledPath -- Evaluating path: $['modifiers']
12:51:07.831 [main] DEBUG com.jayway.jsonpath.internal.path.CompiledPath -- Evaluating path: $
12:51:07.831 [main] DEBUG com.jayway.jsonpath.internal.path.CompiledPath -- Evaluating path: $
12:51:07.831 [main] DEBUG com.jayway.jsonpath.internal.JsonContext -- Put path $ key modifiers value {}
12:51:07.831 [main] DEBUG com.jayway.jsonpath.internal.path.CompiledPath -- Evaluating path: $
12:51:07.831 [main] DEBUG com.jayway.jsonpath.internal.JsonContext -- Put path $ key modifiers value 0
12:51:07.831 [main] DEBUG com.jayway.jsonpath.internal.path.CompiledPath -- Evaluating path: $['type']
12:51:07.831 [main] DEBUG com.jayway.jsonpath.internal.path.CompiledPath -- Evaluating path: $
12:51:07.831 [main] DEBUG com.jayway.jsonpath.internal.path.CompiledPath -- Evaluating path: $
12:51:07.831 [main] DEBUG com.jayway.jsonpath.internal.JsonContext -- Put path $ key type value {}
12:51:07.831 [main] DEBUG com.jayway.jsonpath.internal.path.CompiledPath -- Evaluating path: $
12:51:07.831 [main] DEBUG com.jayway.jsonpath.internal.JsonContext -- Put path $ key type value keyUp
12:51:07.831 [main] DEBUG com.jayway.jsonpath.internal.path.CompiledPath -- Evaluating path: $['text']
12:51:07.831 [main] DEBUG com.jayway.jsonpath.internal.path.CompiledPath -- Evaluating path: $
12:51:07.831 [main] DEBUG com.jayway.jsonpath.internal.path.CompiledPath -- Evaluating path: $
12:51:07.831 [main] DEBUG com.jayway.jsonpath.internal.JsonContext -- Put path $ key text value {}
12:51:07.831 [main] DEBUG com.jayway.jsonpath.internal.path.CompiledPath -- Evaluating path: $
12:51:07.831 [main] DEBUG com.jayway.jsonpath.internal.JsonContext -- Put path $ key text value r
12:51:07.831 [main] DEBUG com.jayway.jsonpath.internal.path.CompiledPath -- Evaluating path: $['windowsVirtualKeyCode']
12:51:07.831 [main] DEBUG com.jayway.jsonpath.internal.path.CompiledPath -- Evaluating path: $
12:51:07.831 [main] DEBUG com.jayway.jsonpath.internal.path.CompiledPath -- Evaluating path: $
12:51:07.831 [main] DEBUG com.jayway.jsonpath.internal.JsonContext -- Put path $ key windowsVirtualKeyCode value {}
12:51:07.831 [main] DEBUG com.jayway.jsonpath.internal.path.CompiledPath -- Evaluating path: $
12:51:07.831 [main] DEBUG com.jayway.jsonpath.internal.JsonContext -- Put path $ key windowsVirtualKeyCode value 114
12:51:07.831 [main] DEBUG com.jayway.jsonpath.internal.path.CompiledPath -- Evaluating path: $
12:51:07.831 [main] DEBUG com.intuit.karate.driver.chrome_1718781663717 -- >> {"id":45,"sessionId":"DF311E9B96F1C738196F27B3E1342D45","method":"Input.dispatchKeyEvent","params":{"modifiers":0,"type":"keyUp","text":"r","windowsVirtualKeyCode":114}}
12:51:07.834 [nioEventLoopGroup-4-1] DEBUG com.intuit.karate.driver.chrome_1718781663717 -- << {"id":45,"result":{},"sessionId":"DF311E9B96F1C738196F27B3E1342D45"}
12:51:07.834 [nioEventLoopGroup-4-1] DEBUG com.jayway.jsonpath.internal.path.CompiledPath -- Evaluating path: $
12:51:09.455 [nioEventLoopGroup-4-1] DEBUG com.intuit.karate.driver.chrome_1718781663717 -- << {"method":"Target.targetCreated","params":{"targetInfo":{"targetId":"CB9F12448CF236586E02A5F4F4874582","type":"app","title":"Chrome Web Store Payments","url":"","attached":false,"canAccessOpener":false,"browserContextId":"87094718ADAEBBB0CC614F1DE6E9F2D2"}},"sessionId":"DF311E9B96F1C738196F27B3E1342D45"}
12:51:09.455 [nioEventLoopGroup-4-1] DEBUG com.jayway.jsonpath.internal.path.CompiledPath -- Evaluating path: $
12:51:09.565 [nioEventLoopGroup-4-1] DEBUG com.intuit.karate.driver.chrome_1718781663717 -- << {"method":"Target.targetInfoChanged","params":{"targetInfo":{"targetId":"CB9F12448CF236586E02A5F4F4874582","type":"background_page","title":"Chrome Web Store Payments","url":"chrome-extension://nmmhkkegccagdldgiimedpiccmgmieda/_generated_background_page.html","attached":false,"canAccessOpener":false,"browserContextId":"87094718ADAEBBB0CC614F1DE6E9F2D2"}},"sessionId":"DF311E9B96F1C738196F27B3E1342D45"}
12:51:09.565 [nioEventLoopGroup-4-1] DEBUG com.jayway.jsonpath.internal.path.CompiledPath -- Evaluating path: $
12:51:09.565 [nioEventLoopGroup-4-1] DEBUG com.jayway.jsonpath.internal.path.CompiledPath -- Evaluating path: $['targetInfo']['targetId']
12:51:09.686 [nioEventLoopGroup-4-1] DEBUG com.intuit.karate.driver.chrome_1718781663717 -- << {"method":"Target.targetCreated","params":{"targetInfo":{"targetId":"5367FE3C1515E753CD72CCE175EABFE9","type":"service_worker","title":"Service Worker chrome-extension://ghbmnnjooekpmoecnnnilnnbdlolhkhi/service_worker_bin_prod.js","url":"chrome-extension://ghbmnnjooekpmoecnnnilnnbdlolhkhi/service_worker_bin_prod.js","attached":false,"canAccessOpener":false,"browserContextId":"87094718ADAEBBB0CC614F1DE6E9F2D2"}},"sessionId":"DF311E9B96F1C738196F27B3E1342D45"}
12:51:09.686 [nioEventLoopGroup-4-1] DEBUG com.jayway.jsonpath.internal.path.CompiledPath -- Evaluating path: $
12:51:10.842 [main] DEBUG com.jayway.jsonpath.internal.path.CompiledPath -- Evaluating path: $['expression']
12:51:10.842 [main] DEBUG com.jayway.jsonpath.internal.path.CompiledPath -- Evaluating path: $
12:51:10.842 [main] DEBUG com.jayway.jsonpath.internal.path.CompiledPath -- Evaluating path: $
12:51:10.842 [main] DEBUG com.jayway.jsonpath.internal.JsonContext -- Put path $ key expression value {}
12:51:10.842 [main] DEBUG com.jayway.jsonpath.internal.path.CompiledPath -- Evaluating path: $
12:51:10.842 [main] DEBUG com.jayway.jsonpath.internal.JsonContext -- Put path $ key expression value var e = document.evaluate("//*[@id='password']", document, null, 9, null).singleNodeValue; e.focus(); try { e.selectionStart = e.selectionEnd = e.value.length } catch(x) {}
12:51:10.842 [main] DEBUG com.jayway.jsonpath.internal.path.CompiledPath -- Evaluating path: $['returnByValue']
12:51:10.842 [main] DEBUG com.jayway.jsonpath.internal.path.CompiledPath -- Evaluating path: $
12:51:10.842 [main] DEBUG com.jayway.jsonpath.internal.path.CompiledPath -- Evaluating path: $
12:51:10.842 [main] DEBUG com.jayway.jsonpath.internal.JsonContext -- Put path $ key returnByValue value {}
12:51:10.842 [main] DEBUG com.jayway.jsonpath.internal.path.CompiledPath -- Evaluating path: $
12:51:10.842 [main] DEBUG com.jayway.jsonpath.internal.JsonContext -- Put path $ key returnByValue value true
12:51:10.842 [main] DEBUG com.jayway.jsonpath.internal.path.CompiledPath -- Evaluating path: $
12:51:10.842 [main] DEBUG com.intuit.karate.driver.chrome_1718781663717 -- >> {"id":46,"sessionId":"DF311E9B96F1C738196F27B3E1342D45","method":"Runtime.evaluate","params":{"expression":"var e = document.evaluate(\"\/\/*[@id='password']\", document, null, 9, null).singleNodeValue; e.focus(); try { e.selectionStart = e.selectionEnd = e.value.length } catch(x) {}","returnByValue":true}}
12:51:10.847 [nioEventLoopGroup-4-1] DEBUG com.intuit.karate.driver.chrome_1718781663717 -- << {"id":46,"result":{"result":{"type":"number","value":0,"description":"0"}},"sessionId":"DF311E9B96F1C738196F27B3E1342D45"}
12:51:10.847 [nioEventLoopGroup-4-1] DEBUG com.jayway.jsonpath.internal.path.CompiledPath -- Evaluating path: $
12:51:10.848 [main] DEBUG com.jayway.jsonpath.internal.path.CompiledPath -- Evaluating path: $['modifiers']
12:51:10.848 [main] DEBUG com.jayway.jsonpath.internal.path.CompiledPath -- Evaluating path: $
12:51:10.848 [main] DEBUG com.jayway.jsonpath.internal.path.CompiledPath -- Evaluating path: $
12:51:10.848 [main] DEBUG com.jayway.jsonpath.internal.JsonContext -- Put path $ key modifiers value {}
12:51:10.848 [main] DEBUG com.jayway.jsonpath.internal.path.CompiledPath -- Evaluating path: $
12:51:10.848 [main] DEBUG com.jayway.jsonpath.internal.JsonContext -- Put path $ key modifiers value 0
12:51:10.848 [main] DEBUG com.jayway.jsonpath.internal.path.CompiledPath -- Evaluating path: $['type']
12:51:10.848 [main] DEBUG com.jayway.jsonpath.internal.path.CompiledPath -- Evaluating path: $
12:51:10.848 [main] DEBUG com.jayway.jsonpath.internal.path.CompiledPath -- Evaluating path: $
12:51:10.848 [main] DEBUG com.jayway.jsonpath.internal.JsonContext -- Put path $ key type value {}
12:51:10.848 [main] DEBUG com.jayway.jsonpath.internal.path.CompiledPath -- Evaluating path: $
12:51:10.848 [main] DEBUG com.jayway.jsonpath.internal.JsonContext -- Put path $ key type value rawKeyDown
12:51:10.848 [main] DEBUG com.jayway.jsonpath.internal.path.CompiledPath -- Evaluating path: $['text']
12:51:10.848 [main] DEBUG com.jayway.jsonpath.internal.path.CompiledPath -- Evaluating path: $
12:51:10.848 [main] DEBUG com.jayway.jsonpath.internal.path.CompiledPath -- Evaluating path: $
12:51:10.848 [main] DEBUG com.jayway.jsonpath.internal.JsonContext -- Put path $ key text value {}
12:51:10.848 [main] DEBUG com.jayway.jsonpath.internal.path.CompiledPath -- Evaluating path: $
12:51:10.848 [main] DEBUG com.jayway.jsonpath.internal.JsonContext -- Put path $ key text value s
12:51:10.848 [main] DEBUG com.jayway.jsonpath.internal.path.CompiledPath -- Evaluating path: $['windowsVirtualKeyCode']
12:51:10.848 [main] DEBUG com.jayway.jsonpath.internal.path.CompiledPath -- Evaluating path: $
12:51:10.848 [main] DEBUG com.jayway.jsonpath.internal.path.CompiledPath -- Evaluating path: $
12:51:10.848 [main] DEBUG com.jayway.jsonpath.internal.JsonContext -- Put path $ key windowsVirtualKeyCode value {}
12:51:10.848 [main] DEBUG com.jayway.jsonpath.internal.path.CompiledPath -- Evaluating path: $
12:51:10.848 [main] DEBUG com.jayway.jsonpath.internal.JsonContext -- Put path $ key windowsVirtualKeyCode value 115
12:51:10.848 [main] DEBUG com.jayway.jsonpath.internal.path.CompiledPath -- Evaluating path: $
12:51:10.848 [main] DEBUG com.intuit.karate.driver.chrome_1718781663717 -- >> {"id":47,"sessionId":"DF311E9B96F1C738196F27B3E1342D45","method":"Input.dispatchKeyEvent","params":{"modifiers":0,"type":"rawKeyDown","text":"s","windowsVirtualKeyCode":115}}
12:51:10.850 [nioEventLoopGroup-4-1] DEBUG com.intuit.karate.driver.chrome_1718781663717 -- << {"id":47,"result":{},"sessionId":"DF311E9B96F1C738196F27B3E1342D45"}
12:51:10.850 [nioEventLoopGroup-4-1] DEBUG com.jayway.jsonpath.internal.path.CompiledPath -- Evaluating path: $
12:51:10.850 [main] DEBUG com.jayway.jsonpath.internal.path.CompiledPath -- Evaluating path: $['modifiers']
12:51:10.850 [main] DEBUG com.jayway.jsonpath.internal.path.CompiledPath -- Evaluating path: $
12:51:10.850 [main] DEBUG com.jayway.jsonpath.internal.path.CompiledPath -- Evaluating path: $
12:51:10.850 [main] DEBUG com.jayway.jsonpath.internal.JsonContext -- Put path $ key modifiers value {}
12:51:10.850 [main] DEBUG com.jayway.jsonpath.internal.path.CompiledPath -- Evaluating path: $
12:51:10.850 [main] DEBUG com.jayway.jsonpath.internal.JsonContext -- Put path $ key modifiers value 0
12:51:10.850 [main] DEBUG com.jayway.jsonpath.internal.path.CompiledPath -- Evaluating path: $['type']
12:51:10.850 [main] DEBUG com.jayway.jsonpath.internal.path.CompiledPath -- Evaluating path: $
12:51:10.850 [main] DEBUG com.jayway.jsonpath.internal.path.CompiledPath -- Evaluating path: $
12:51:10.850 [main] DEBUG com.jayway.jsonpath.internal.JsonContext -- Put path $ key type value {}
12:51:10.850 [main] DEBUG com.jayway.jsonpath.internal.path.CompiledPath -- Evaluating path: $
12:51:10.850 [main] DEBUG com.jayway.jsonpath.internal.JsonContext -- Put path $ key type value char
12:51:10.850 [main] DEBUG com.jayway.jsonpath.internal.path.CompiledPath -- Evaluating path: $['text']
12:51:10.850 [main] DEBUG com.jayway.jsonpath.internal.path.CompiledPath -- Evaluating path: $
12:51:10.850 [main] DEBUG com.jayway.jsonpath.internal.path.CompiledPath -- Evaluating path: $
12:51:10.850 [main] DEBUG com.jayway.jsonpath.internal.JsonContext -- Put path $ key text value {}
12:51:10.850 [main] DEBUG com.jayway.jsonpath.internal.path.CompiledPath -- Evaluating path: $
12:51:10.850 [main] DEBUG com.jayway.jsonpath.internal.JsonContext -- Put path $ key text value s
12:51:10.850 [main] DEBUG com.jayway.jsonpath.internal.path.CompiledPath -- Evaluating path: $['windowsVirtualKeyCode']
12:51:10.850 [main] DEBUG com.jayway.jsonpath.internal.path.CompiledPath -- Evaluating path: $
12:51:10.850 [main] DEBUG com.jayway.jsonpath.internal.path.CompiledPath -- Evaluating path: $
12:51:10.850 [main] DEBUG com.jayway.jsonpath.internal.JsonContext -- Put path $ key windowsVirtualKeyCode value {}
12:51:10.850 [main] DEBUG com.jayway.jsonpath.internal.path.CompiledPath -- Evaluating path: $
12:51:10.850 [main] DEBUG com.jayway.jsonpath.internal.JsonContext -- Put path $ key windowsVirtualKeyCode value 115
12:51:10.850 [main] DEBUG com.jayway.jsonpath.internal.path.CompiledPath -- Evaluating path: $
12:51:10.850 [main] DEBUG com.intuit.karate.driver.chrome_1718781663717 -- >> {"id":48,"sessionId":"DF311E9B96F1C738196F27B3E1342D45","method":"Input.dispatchKeyEvent","params":{"modifiers":0,"type":"char","text":"s","windowsVirtualKeyCode":115}}
12:51:10.854 [nioEventLoopGroup-4-1] DEBUG com.intuit.karate.driver.chrome_1718781663717 -- << {"id":48,"result":{},"sessionId":"DF311E9B96F1C738196F27B3E1342D45"}
12:51:10.854 [nioEventLoopGroup-4-1] DEBUG com.jayway.jsonpath.internal.path.CompiledPath -- Evaluating path: $
12:51:10.854 [main] DEBUG com.jayway.jsonpath.internal.path.CompiledPath -- Evaluating path: $['modifiers']
12:51:10.854 [main] DEBUG com.jayway.jsonpath.internal.path.CompiledPath -- Evaluating path: $
12:51:10.854 [main] DEBUG com.jayway.jsonpath.internal.path.CompiledPath -- Evaluating path: $
12:51:10.854 [main] DEBUG com.jayway.jsonpath.internal.JsonContext -- Put path $ key modifiers value {}
12:51:10.854 [main] DEBUG com.jayway.jsonpath.internal.path.CompiledPath -- Evaluating path: $
12:51:10.854 [main] DEBUG com.jayway.jsonpath.internal.JsonContext -- Put path $ key modifiers value 0
12:51:10.854 [main] DEBUG com.jayway.jsonpath.internal.path.CompiledPath -- Evaluating path: $['type']
12:51:10.854 [main] DEBUG com.jayway.jsonpath.internal.path.CompiledPath -- Evaluating path: $
12:51:10.854 [main] DEBUG com.jayway.jsonpath.internal.path.CompiledPath -- Evaluating path: $
12:51:10.854 [main] DEBUG com.jayway.jsonpath.internal.JsonContext -- Put path $ key type value {}
12:51:10.854 [main] DEBUG com.jayway.jsonpath.internal.path.CompiledPath -- Evaluating path: $
12:51:10.854 [main] DEBUG com.jayway.jsonpath.internal.JsonContext -- Put path $ key type value keyUp
12:51:10.854 [main] DEBUG com.jayway.jsonpath.internal.path.CompiledPath -- Evaluating path: $['text']
12:51:10.854 [main] DEBUG com.jayway.jsonpath.internal.path.CompiledPath -- Evaluating path: $
12:51:10.854 [main] DEBUG com.jayway.jsonpath.internal.path.CompiledPath -- Evaluating path: $
12:51:10.854 [main] DEBUG com.jayway.jsonpath.internal.JsonContext -- Put path $ key text value {}
12:51:10.854 [main] DEBUG com.jayway.jsonpath.internal.path.CompiledPath -- Evaluating path: $
12:51:10.854 [main] DEBUG com.jayway.jsonpath.internal.JsonContext -- Put path $ key text value s
12:51:10.854 [main] DEBUG com.jayway.jsonpath.internal.path.CompiledPath -- Evaluating path: $['windowsVirtualKeyCode']
12:51:10.854 [main] DEBUG com.jayway.jsonpath.internal.path.CompiledPath -- Evaluating path: $
12:51:10.854 [main] DEBUG com.jayway.jsonpath.internal.path.CompiledPath -- Evaluating path: $
12:51:10.854 [main] DEBUG com.jayway.jsonpath.internal.JsonContext -- Put path $ key windowsVirtualKeyCode value {}
12:51:10.854 [main] DEBUG com.jayway.jsonpath.internal.path.CompiledPath -- Evaluating path: $
12:51:10.854 [main] DEBUG com.jayway.jsonpath.internal.JsonContext -- Put path $ key windowsVirtualKeyCode value 115
12:51:10.854 [main] DEBUG com.jayway.jsonpath.internal.path.CompiledPath -- Evaluating path: $
12:51:10.854 [main] DEBUG com.intuit.karate.driver.chrome_1718781663717 -- >> {"id":49,"sessionId":"DF311E9B96F1C738196F27B3E1342D45","method":"Input.dispatchKeyEvent","params":{"modifiers":0,"type":"keyUp","text":"s","windowsVirtualKeyCode":115}}
12:51:10.855 [nioEventLoopGroup-4-1] DEBUG com.intuit.karate.driver.chrome_1718781663717 -- << {"id":49,"result":{},"sessionId":"DF311E9B96F1C738196F27B3E1342D45"}
12:51:10.855 [nioEventLoopGroup-4-1] DEBUG com.jayway.jsonpath.internal.path.CompiledPath -- Evaluating path: $
12:51:10.855 [main] DEBUG com.jayway.jsonpath.internal.path.CompiledPath -- Evaluating path: $['modifiers']
12:51:10.855 [main] DEBUG com.jayway.jsonpath.internal.path.CompiledPath -- Evaluating path: $
12:51:10.855 [main] DEBUG com.jayway.jsonpath.internal.path.CompiledPath -- Evaluating path: $
12:51:10.855 [main] DEBUG com.jayway.jsonpath.internal.JsonContext -- Put path $ key modifiers value {}
12:51:10.855 [main] DEBUG com.jayway.jsonpath.internal.path.CompiledPath -- Evaluating path: $
12:51:10.855 [main] DEBUG com.jayway.jsonpath.internal.JsonContext -- Put path $ key modifiers value 0
12:51:10.855 [main] DEBUG com.jayway.jsonpath.internal.path.CompiledPath -- Evaluating path: $['type']
12:51:10.855 [main] DEBUG com.jayway.jsonpath.internal.path.CompiledPath -- Evaluating path: $
12:51:10.855 [main] DEBUG com.jayway.jsonpath.internal.path.CompiledPath -- Evaluating path: $
12:51:10.855 [main] DEBUG com.jayway.jsonpath.internal.JsonContext -- Put path $ key type value {}
12:51:10.855 [main] DEBUG com.jayway.jsonpath.internal.path.CompiledPath -- Evaluating path: $
12:51:10.855 [main] DEBUG com.jayway.jsonpath.internal.JsonContext -- Put path $ key type value rawKeyDown
12:51:10.855 [main] DEBUG com.jayway.jsonpath.internal.path.CompiledPath -- Evaluating path: $['text']
12:51:10.855 [main] DEBUG com.jayway.jsonpath.internal.path.CompiledPath -- Evaluating path: $
12:51:10.855 [main] DEBUG com.jayway.jsonpath.internal.path.CompiledPath -- Evaluating path: $
12:51:10.855 [main] DEBUG com.jayway.jsonpath.internal.JsonContext -- Put path $ key text value {}
12:51:10.855 [main] DEBUG com.jayway.jsonpath.internal.path.CompiledPath -- Evaluating path: $
12:51:10.855 [main] DEBUG com.jayway.jsonpath.internal.JsonContext -- Put path $ key text value e
12:51:10.855 [main] DEBUG com.jayway.jsonpath.internal.path.CompiledPath -- Evaluating path: $['windowsVirtualKeyCode']
12:51:10.855 [main] DEBUG com.jayway.jsonpath.internal.path.CompiledPath -- Evaluating path: $
12:51:10.855 [main] DEBUG com.jayway.jsonpath.internal.path.CompiledPath -- Evaluating path: $
12:51:10.855 [main] DEBUG com.jayway.jsonpath.internal.JsonContext -- Put path $ key windowsVirtualKeyCode value {}
12:51:10.855 [main] DEBUG com.jayway.jsonpath.internal.path.CompiledPath -- Evaluating path: $
12:51:10.855 [main] DEBUG com.jayway.jsonpath.internal.JsonContext -- Put path $ key windowsVirtualKeyCode value 101
12:51:10.855 [main] DEBUG com.jayway.jsonpath.internal.path.CompiledPath -- Evaluating path: $
12:51:10.855 [main] DEBUG com.intuit.karate.driver.chrome_1718781663717 -- >> {"id":50,"sessionId":"DF311E9B96F1C738196F27B3E1342D45","method":"Input.dispatchKeyEvent","params":{"modifiers":0,"type":"rawKeyDown","text":"e","windowsVirtualKeyCode":101}}
12:51:10.855 [nioEventLoopGroup-4-1] DEBUG com.intuit.karate.driver.chrome_1718781663717 -- << {"id":50,"result":{},"sessionId":"DF311E9B96F1C738196F27B3E1342D45"}
12:51:10.855 [nioEventLoopGroup-4-1] DEBUG com.jayway.jsonpath.internal.path.CompiledPath -- Evaluating path: $
12:51:10.855 [main] DEBUG com.jayway.jsonpath.internal.path.CompiledPath -- Evaluating path: $['modifiers']
12:51:10.855 [main] DEBUG com.jayway.jsonpath.internal.path.CompiledPath -- Evaluating path: $
12:51:10.855 [main] DEBUG com.jayway.jsonpath.internal.path.CompiledPath -- Evaluating path: $
12:51:10.855 [main] DEBUG com.jayway.jsonpath.internal.JsonContext -- Put path $ key modifiers value {}
12:51:10.855 [main] DEBUG com.jayway.jsonpath.internal.path.CompiledPath -- Evaluating path: $
12:51:10.855 [main] DEBUG com.jayway.jsonpath.internal.JsonContext -- Put path $ key modifiers value 0
12:51:10.855 [main] DEBUG com.jayway.jsonpath.internal.path.CompiledPath -- Evaluating path: $['type']
12:51:10.855 [main] DEBUG com.jayway.jsonpath.internal.path.CompiledPath -- Evaluating path: $
12:51:10.855 [main] DEBUG com.jayway.jsonpath.internal.path.CompiledPath -- Evaluating path: $
12:51:10.855 [main] DEBUG com.jayway.jsonpath.internal.JsonContext -- Put path $ key type value {}
12:51:10.855 [main] DEBUG com.jayway.jsonpath.internal.path.CompiledPath -- Evaluating path: $
12:51:10.855 [main] DEBUG com.jayway.jsonpath.internal.JsonContext -- Put path $ key type value char
12:51:10.855 [main] DEBUG com.jayway.jsonpath.internal.path.CompiledPath -- Evaluating path: $['text']
12:51:10.855 [main] DEBUG com.jayway.jsonpath.internal.path.CompiledPath -- Evaluating path: $
12:51:10.855 [main] DEBUG com.jayway.jsonpath.internal.path.CompiledPath -- Evaluating path: $
12:51:10.855 [main] DEBUG com.jayway.jsonpath.internal.JsonContext -- Put path $ key text value {}
12:51:10.855 [main] DEBUG com.jayway.jsonpath.internal.path.CompiledPath -- Evaluating path: $
12:51:10.855 [main] DEBUG com.jayway.jsonpath.internal.JsonContext -- Put path $ key text value e
12:51:10.855 [main] DEBUG com.jayway.jsonpath.internal.path.CompiledPath -- Evaluating path: $['windowsVirtualKeyCode']
12:51:10.855 [main] DEBUG com.jayway.jsonpath.internal.path.CompiledPath -- Evaluating path: $
12:51:10.855 [main] DEBUG com.jayway.jsonpath.internal.path.CompiledPath -- Evaluating path: $
12:51:10.855 [main] DEBUG com.jayway.jsonpath.internal.JsonContext -- Put path $ key windowsVirtualKeyCode value {}
12:51:10.855 [main] DEBUG com.jayway.jsonpath.internal.path.CompiledPath -- Evaluating path: $
12:51:10.855 [main] DEBUG com.jayway.jsonpath.internal.JsonContext -- Put path $ key windowsVirtualKeyCode value 101
12:51:10.855 [main] DEBUG com.jayway.jsonpath.internal.path.CompiledPath -- Evaluating path: $
12:51:10.855 [main] DEBUG com.intuit.karate.driver.chrome_1718781663717 -- >> {"id":51,"sessionId":"DF311E9B96F1C738196F27B3E1342D45","method":"Input.dispatchKeyEvent","params":{"modifiers":0,"type":"char","text":"e","windowsVirtualKeyCode":101}}
12:51:10.855 [nioEventLoopGroup-4-1] DEBUG com.intuit.karate.driver.chrome_1718781663717 -- << {"id":51,"result":{},"sessionId":"DF311E9B96F1C738196F27B3E1342D45"}
12:51:10.855 [nioEventLoopGroup-4-1] DEBUG com.jayway.jsonpath.internal.path.CompiledPath -- Evaluating path: $
12:51:10.855 [main] DEBUG com.jayway.jsonpath.internal.path.CompiledPath -- Evaluating path: $['modifiers']
12:51:10.855 [main] DEBUG com.jayway.jsonpath.internal.path.CompiledPath -- Evaluating path: $
12:51:10.855 [main] DEBUG com.jayway.jsonpath.internal.path.CompiledPath -- Evaluating path: $
12:51:10.855 [main] DEBUG com.jayway.jsonpath.internal.JsonContext -- Put path $ key modifiers value {}
12:51:10.855 [main] DEBUG com.jayway.jsonpath.internal.path.CompiledPath -- Evaluating path: $
12:51:10.855 [main] DEBUG com.jayway.jsonpath.internal.JsonContext -- Put path $ key modifiers value 0
12:51:10.855 [main] DEBUG com.jayway.jsonpath.internal.path.CompiledPath -- Evaluating path: $['type']
12:51:10.855 [main] DEBUG com.jayway.jsonpath.internal.path.CompiledPath -- Evaluating path: $
12:51:10.855 [main] DEBUG com.jayway.jsonpath.internal.path.CompiledPath -- Evaluating path: $
12:51:10.855 [main] DEBUG com.jayway.jsonpath.internal.JsonContext -- Put path $ key type value {}
12:51:10.855 [main] DEBUG com.jayway.jsonpath.internal.path.CompiledPath -- Evaluating path: $
12:51:10.855 [main] DEBUG com.jayway.jsonpath.internal.JsonContext -- Put path $ key type value keyUp
12:51:10.855 [main] DEBUG com.jayway.jsonpath.internal.path.CompiledPath -- Evaluating path: $['text']
12:51:10.855 [main] DEBUG com.jayway.jsonpath.internal.path.CompiledPath -- Evaluating path: $
12:51:10.855 [main] DEBUG com.jayway.jsonpath.internal.path.CompiledPath -- Evaluating path: $
12:51:10.855 [main] DEBUG com.jayway.jsonpath.internal.JsonContext -- Put path $ key text value {}
12:51:10.855 [main] DEBUG com.jayway.jsonpath.internal.path.CompiledPath -- Evaluating path: $
12:51:10.855 [main] DEBUG com.jayway.jsonpath.internal.JsonContext -- Put path $ key text value e
12:51:10.855 [main] DEBUG com.jayway.jsonpath.internal.path.CompiledPath -- Evaluating path: $['windowsVirtualKeyCode']
12:51:10.855 [main] DEBUG com.jayway.jsonpath.internal.path.CompiledPath -- Evaluating path: $
12:51:10.855 [main] DEBUG com.jayway.jsonpath.internal.path.CompiledPath -- Evaluating path: $
12:51:10.855 [main] DEBUG com.jayway.jsonpath.internal.JsonContext -- Put path $ key windowsVirtualKeyCode value {}
12:51:10.855 [main] DEBUG com.jayway.jsonpath.internal.path.CompiledPath -- Evaluating path: $
12:51:10.855 [main] DEBUG com.jayway.jsonpath.internal.JsonContext -- Put path $ key windowsVirtualKeyCode value 101
12:51:10.855 [main] DEBUG com.jayway.jsonpath.internal.path.CompiledPath -- Evaluating path: $
12:51:10.855 [main] DEBUG com.intuit.karate.driver.chrome_1718781663717 -- >> {"id":52,"sessionId":"DF311E9B96F1C738196F27B3E1342D45","method":"Input.dispatchKeyEvent","params":{"modifiers":0,"type":"keyUp","text":"e","windowsVirtualKeyCode":101}}
12:51:10.855 [nioEventLoopGroup-4-1] DEBUG com.intuit.karate.driver.chrome_1718781663717 -- << {"id":52,"result":{},"sessionId":"DF311E9B96F1C738196F27B3E1342D45"}
12:51:10.855 [nioEventLoopGroup-4-1] DEBUG com.jayway.jsonpath.internal.path.CompiledPath -- Evaluating path: $
12:51:10.855 [main] DEBUG com.jayway.jsonpath.internal.path.CompiledPath -- Evaluating path: $['modifiers']
12:51:10.855 [main] DEBUG com.jayway.jsonpath.internal.path.CompiledPath -- Evaluating path: $
12:51:10.855 [main] DEBUG com.jayway.jsonpath.internal.path.CompiledPath -- Evaluating path: $
12:51:10.855 [main] DEBUG com.jayway.jsonpath.internal.JsonContext -- Put path $ key modifiers value {}
12:51:10.855 [main] DEBUG com.jayway.jsonpath.internal.path.CompiledPath -- Evaluating path: $
12:51:10.855 [main] DEBUG com.jayway.jsonpath.internal.JsonContext -- Put path $ key modifiers value 0
12:51:10.855 [main] DEBUG com.jayway.jsonpath.internal.path.CompiledPath -- Evaluating path: $['type']
12:51:10.855 [main] DEBUG com.jayway.jsonpath.internal.path.CompiledPath -- Evaluating path: $
12:51:10.855 [main] DEBUG com.jayway.jsonpath.internal.path.CompiledPath -- Evaluating path: $
12:51:10.855 [main] DEBUG com.jayway.jsonpath.internal.JsonContext -- Put path $ key type value {}
12:51:10.855 [main] DEBUG com.jayway.jsonpath.internal.path.CompiledPath -- Evaluating path: $
12:51:10.855 [main] DEBUG com.jayway.jsonpath.internal.JsonContext -- Put path $ key type value rawKeyDown
12:51:10.855 [main] DEBUG com.jayway.jsonpath.internal.path.CompiledPath -- Evaluating path: $['text']
12:51:10.855 [main] DEBUG com.jayway.jsonpath.internal.path.CompiledPath -- Evaluating path: $
12:51:10.855 [main] DEBUG com.jayway.jsonpath.internal.path.CompiledPath -- Evaluating path: $
12:51:10.855 [main] DEBUG com.jayway.jsonpath.internal.JsonContext -- Put path $ key text value {}
12:51:10.855 [main] DEBUG com.jayway.jsonpath.internal.path.CompiledPath -- Evaluating path: $
12:51:10.855 [main] DEBUG com.jayway.jsonpath.internal.JsonContext -- Put path $ key text value c
12:51:10.855 [main] DEBUG com.jayway.jsonpath.internal.path.CompiledPath -- Evaluating path: $['windowsVirtualKeyCode']
12:51:10.855 [main] DEBUG com.jayway.jsonpath.internal.path.CompiledPath -- Evaluating path: $
12:51:10.855 [main] DEBUG com.jayway.jsonpath.internal.path.CompiledPath -- Evaluating path: $
12:51:10.855 [main] DEBUG com.jayway.jsonpath.internal.JsonContext -- Put path $ key windowsVirtualKeyCode value {}
12:51:10.855 [main] DEBUG com.jayway.jsonpath.internal.path.CompiledPath -- Evaluating path: $
12:51:10.855 [main] DEBUG com.jayway.jsonpath.internal.JsonContext -- Put path $ key windowsVirtualKeyCode value 99
12:51:10.855 [main] DEBUG com.jayway.jsonpath.internal.path.CompiledPath -- Evaluating path: $
12:51:10.855 [main] DEBUG com.intuit.karate.driver.chrome_1718781663717 -- >> {"id":53,"sessionId":"DF311E9B96F1C738196F27B3E1342D45","method":"Input.dispatchKeyEvent","params":{"modifiers":0,"type":"rawKeyDown","text":"c","windowsVirtualKeyCode":99}}
12:51:10.855 [nioEventLoopGroup-4-1] DEBUG com.intuit.karate.driver.chrome_1718781663717 -- << {"id":53,"result":{},"sessionId":"DF311E9B96F1C738196F27B3E1342D45"}
12:51:10.855 [nioEventLoopGroup-4-1] DEBUG com.jayway.jsonpath.internal.path.CompiledPath -- Evaluating path: $
12:51:10.855 [main] DEBUG com.jayway.jsonpath.internal.path.CompiledPath -- Evaluating path: $['modifiers']
12:51:10.855 [main] DEBUG com.jayway.jsonpath.internal.path.CompiledPath -- Evaluating path: $
12:51:10.855 [main] DEBUG com.jayway.jsonpath.internal.path.CompiledPath -- Evaluating path: $
12:51:10.855 [main] DEBUG com.jayway.jsonpath.internal.JsonContext -- Put path $ key modifiers value {}
12:51:10.855 [main] DEBUG com.jayway.jsonpath.internal.path.CompiledPath -- Evaluating path: $
12:51:10.855 [main] DEBUG com.jayway.jsonpath.internal.JsonContext -- Put path $ key modifiers value 0
12:51:10.855 [main] DEBUG com.jayway.jsonpath.internal.path.CompiledPath -- Evaluating path: $['type']
12:51:10.855 [main] DEBUG com.jayway.jsonpath.internal.path.CompiledPath -- Evaluating path: $
12:51:10.855 [main] DEBUG com.jayway.jsonpath.internal.path.CompiledPath -- Evaluating path: $
12:51:10.855 [main] DEBUG com.jayway.jsonpath.internal.JsonContext -- Put path $ key type value {}
12:51:10.855 [main] DEBUG com.jayway.jsonpath.internal.path.CompiledPath -- Evaluating path: $
12:51:10.855 [main] DEBUG com.jayway.jsonpath.internal.JsonContext -- Put path $ key type value char
12:51:10.855 [main] DEBUG com.jayway.jsonpath.internal.path.CompiledPath -- Evaluating path: $['text']
12:51:10.855 [main] DEBUG com.jayway.jsonpath.internal.path.CompiledPath -- Evaluating path: $
12:51:10.855 [main] DEBUG com.jayway.jsonpath.internal.path.CompiledPath -- Evaluating path: $
12:51:10.855 [main] DEBUG com.jayway.jsonpath.internal.JsonContext -- Put path $ key text value {}
12:51:10.855 [main] DEBUG com.jayway.jsonpath.internal.path.CompiledPath -- Evaluating path: $
12:51:10.855 [main] DEBUG com.jayway.jsonpath.internal.JsonContext -- Put path $ key text value c
12:51:10.855 [main] DEBUG com.jayway.jsonpath.internal.path.CompiledPath -- Evaluating path: $['windowsVirtualKeyCode']
12:51:10.855 [main] DEBUG com.jayway.jsonpath.internal.path.CompiledPath -- Evaluating path: $
12:51:10.855 [main] DEBUG com.jayway.jsonpath.internal.path.CompiledPath -- Evaluating path: $
12:51:10.855 [main] DEBUG com.jayway.jsonpath.internal.JsonContext -- Put path $ key windowsVirtualKeyCode value {}
12:51:10.855 [main] DEBUG com.jayway.jsonpath.internal.path.CompiledPath -- Evaluating path: $
12:51:10.855 [main] DEBUG com.jayway.jsonpath.internal.JsonContext -- Put path $ key windowsVirtualKeyCode value 99
12:51:10.855 [main] DEBUG com.jayway.jsonpath.internal.path.CompiledPath -- Evaluating path: $
12:51:10.855 [main] DEBUG com.intuit.karate.driver.chrome_1718781663717 -- >> {"id":54,"sessionId":"DF311E9B96F1C738196F27B3E1342D45","method":"Input.dispatchKeyEvent","params":{"modifiers":0,"type":"char","text":"c","windowsVirtualKeyCode":99}}
12:51:10.864 [nioEventLoopGroup-4-1] DEBUG com.intuit.karate.driver.chrome_1718781663717 -- << {"id":54,"result":{},"sessionId":"DF311E9B96F1C738196F27B3E1342D45"}
12:51:10.864 [nioEventLoopGroup-4-1] DEBUG com.jayway.jsonpath.internal.path.CompiledPath -- Evaluating path: $
12:51:10.864 [main] DEBUG com.jayway.jsonpath.internal.path.CompiledPath -- Evaluating path: $['modifiers']
12:51:10.864 [main] DEBUG com.jayway.jsonpath.internal.path.CompiledPath -- Evaluating path: $
12:51:10.864 [main] DEBUG com.jayway.jsonpath.internal.path.CompiledPath -- Evaluating path: $
12:51:10.864 [main] DEBUG com.jayway.jsonpath.internal.JsonContext -- Put path $ key modifiers value {}
12:51:10.864 [main] DEBUG com.jayway.jsonpath.internal.path.CompiledPath -- Evaluating path: $
12:51:10.864 [main] DEBUG com.jayway.jsonpath.internal.JsonContext -- Put path $ key modifiers value 0
12:51:10.864 [main] DEBUG com.jayway.jsonpath.internal.path.CompiledPath -- Evaluating path: $['type']
12:51:10.864 [main] DEBUG com.jayway.jsonpath.internal.path.CompiledPath -- Evaluating path: $
12:51:10.864 [main] DEBUG com.jayway.jsonpath.internal.path.CompiledPath -- Evaluating path: $
12:51:10.864 [main] DEBUG com.jayway.jsonpath.internal.JsonContext -- Put path $ key type value {}
12:51:10.864 [main] DEBUG com.jayway.jsonpath.internal.path.CompiledPath -- Evaluating path: $
12:51:10.864 [main] DEBUG com.jayway.jsonpath.internal.JsonContext -- Put path $ key type value keyUp
12:51:10.864 [main] DEBUG com.jayway.jsonpath.internal.path.CompiledPath -- Evaluating path: $['text']
12:51:10.864 [main] DEBUG com.jayway.jsonpath.internal.path.CompiledPath -- Evaluating path: $
12:51:10.864 [main] DEBUG com.jayway.jsonpath.internal.path.CompiledPath -- Evaluating path: $
12:51:10.864 [main] DEBUG com.jayway.jsonpath.internal.JsonContext -- Put path $ key text value {}
12:51:10.864 [main] DEBUG com.jayway.jsonpath.internal.path.CompiledPath -- Evaluating path: $
12:51:10.864 [main] DEBUG com.jayway.jsonpath.internal.JsonContext -- Put path $ key text value c
12:51:10.864 [main] DEBUG com.jayway.jsonpath.internal.path.CompiledPath -- Evaluating path: $['windowsVirtualKeyCode']
12:51:10.864 [main] DEBUG com.jayway.jsonpath.internal.path.CompiledPath -- Evaluating path: $
12:51:10.864 [main] DEBUG com.jayway.jsonpath.internal.path.CompiledPath -- Evaluating path: $
12:51:10.864 [main] DEBUG com.jayway.jsonpath.internal.JsonContext -- Put path $ key windowsVirtualKeyCode value {}
12:51:10.864 [main] DEBUG com.jayway.jsonpath.internal.path.CompiledPath -- Evaluating path: $
12:51:10.864 [main] DEBUG com.jayway.jsonpath.internal.JsonContext -- Put path $ key windowsVirtualKeyCode value 99
12:51:10.864 [main] DEBUG com.jayway.jsonpath.internal.path.CompiledPath -- Evaluating path: $
12:51:10.864 [main] DEBUG com.intuit.karate.driver.chrome_1718781663717 -- >> {"id":55,"sessionId":"DF311E9B96F1C738196F27B3E1342D45","method":"Input.dispatchKeyEvent","params":{"modifiers":0,"type":"keyUp","text":"c","windowsVirtualKeyCode":99}}
12:51:10.867 [nioEventLoopGroup-4-1] DEBUG com.intuit.karate.driver.chrome_1718781663717 -- << {"id":55,"result":{},"sessionId":"DF311E9B96F1C738196F27B3E1342D45"}
12:51:10.867 [nioEventLoopGroup-4-1] DEBUG com.jayway.jsonpath.internal.path.CompiledPath -- Evaluating path: $
12:51:10.867 [main] DEBUG com.jayway.jsonpath.internal.path.CompiledPath -- Evaluating path: $['modifiers']
12:51:10.867 [main] DEBUG com.jayway.jsonpath.internal.path.CompiledPath -- Evaluating path: $
12:51:10.867 [main] DEBUG com.jayway.jsonpath.internal.path.CompiledPath -- Evaluating path: $
12:51:10.867 [main] DEBUG com.jayway.jsonpath.internal.JsonContext -- Put path $ key modifiers value {}
12:51:10.867 [main] DEBUG com.jayway.jsonpath.internal.path.CompiledPath -- Evaluating path: $
12:51:10.867 [main] DEBUG com.jayway.jsonpath.internal.JsonContext -- Put path $ key modifiers value 0
12:51:10.867 [main] DEBUG com.jayway.jsonpath.internal.path.CompiledPath -- Evaluating path: $['type']
12:51:10.867 [main] DEBUG com.jayway.jsonpath.internal.path.CompiledPath -- Evaluating path: $
12:51:10.867 [main] DEBUG com.jayway.jsonpath.internal.path.CompiledPath -- Evaluating path: $
12:51:10.867 [main] DEBUG com.jayway.jsonpath.internal.JsonContext -- Put path $ key type value {}
12:51:10.867 [main] DEBUG com.jayway.jsonpath.internal.path.CompiledPath -- Evaluating path: $
12:51:10.867 [main] DEBUG com.jayway.jsonpath.internal.JsonContext -- Put path $ key type value rawKeyDown
12:51:10.867 [main] DEBUG com.jayway.jsonpath.internal.path.CompiledPath -- Evaluating path: $['text']
12:51:10.867 [main] DEBUG com.jayway.jsonpath.internal.path.CompiledPath -- Evaluating path: $
12:51:10.867 [main] DEBUG com.jayway.jsonpath.internal.path.CompiledPath -- Evaluating path: $
12:51:10.867 [main] DEBUG com.jayway.jsonpath.internal.JsonContext -- Put path $ key text value {}
12:51:10.867 [main] DEBUG com.jayway.jsonpath.internal.path.CompiledPath -- Evaluating path: $
12:51:10.867 [main] DEBUG com.jayway.jsonpath.internal.JsonContext -- Put path $ key text value r
12:51:10.867 [main] DEBUG com.jayway.jsonpath.internal.path.CompiledPath -- Evaluating path: $['windowsVirtualKeyCode']
12:51:10.867 [main] DEBUG com.jayway.jsonpath.internal.path.CompiledPath -- Evaluating path: $
12:51:10.867 [main] DEBUG com.jayway.jsonpath.internal.path.CompiledPath -- Evaluating path: $
12:51:10.867 [main] DEBUG com.jayway.jsonpath.internal.JsonContext -- Put path $ key windowsVirtualKeyCode value {}
12:51:10.867 [main] DEBUG com.jayway.jsonpath.internal.path.CompiledPath -- Evaluating path: $
12:51:10.867 [main] DEBUG com.jayway.jsonpath.internal.JsonContext -- Put path $ key windowsVirtualKeyCode value 114
12:51:10.867 [main] DEBUG com.jayway.jsonpath.internal.path.CompiledPath -- Evaluating path: $
12:51:10.867 [main] DEBUG com.intuit.karate.driver.chrome_1718781663717 -- >> {"id":56,"sessionId":"DF311E9B96F1C738196F27B3E1342D45","method":"Input.dispatchKeyEvent","params":{"modifiers":0,"type":"rawKeyDown","text":"r","windowsVirtualKeyCode":114}}
12:51:10.868 [nioEventLoopGroup-4-1] DEBUG com.intuit.karate.driver.chrome_1718781663717 -- << {"id":56,"result":{},"sessionId":"DF311E9B96F1C738196F27B3E1342D45"}
12:51:10.868 [nioEventLoopGroup-4-1] DEBUG com.jayway.jsonpath.internal.path.CompiledPath -- Evaluating path: $
12:51:10.868 [main] DEBUG com.jayway.jsonpath.internal.path.CompiledPath -- Evaluating path: $['modifiers']
12:51:10.868 [main] DEBUG com.jayway.jsonpath.internal.path.CompiledPath -- Evaluating path: $
12:51:10.868 [main] DEBUG com.jayway.jsonpath.internal.path.CompiledPath -- Evaluating path: $
12:51:10.868 [main] DEBUG com.jayway.jsonpath.internal.JsonContext -- Put path $ key modifiers value {}
12:51:10.868 [main] DEBUG com.jayway.jsonpath.internal.path.CompiledPath -- Evaluating path: $
12:51:10.868 [main] DEBUG com.jayway.jsonpath.internal.JsonContext -- Put path $ key modifiers value 0
12:51:10.868 [main] DEBUG com.jayway.jsonpath.internal.path.CompiledPath -- Evaluating path: $['type']
12:51:10.868 [main] DEBUG com.jayway.jsonpath.internal.path.CompiledPath -- Evaluating path: $
12:51:10.868 [main] DEBUG com.jayway.jsonpath.internal.path.CompiledPath -- Evaluating path: $
12:51:10.868 [main] DEBUG com.jayway.jsonpath.internal.JsonContext -- Put path $ key type value {}
12:51:10.868 [main] DEBUG com.jayway.jsonpath.internal.path.CompiledPath -- Evaluating path: $
12:51:10.868 [main] DEBUG com.jayway.jsonpath.internal.JsonContext -- Put path $ key type value char
12:51:10.868 [main] DEBUG com.jayway.jsonpath.internal.path.CompiledPath -- Evaluating path: $['text']
12:51:10.868 [main] DEBUG com.jayway.jsonpath.internal.path.CompiledPath -- Evaluating path: $
12:51:10.868 [main] DEBUG com.jayway.jsonpath.internal.path.CompiledPath -- Evaluating path: $
12:51:10.868 [main] DEBUG com.jayway.jsonpath.internal.JsonContext -- Put path $ key text value {}
12:51:10.868 [main] DEBUG com.jayway.jsonpath.internal.path.CompiledPath -- Evaluating path: $
12:51:10.868 [main] DEBUG com.jayway.jsonpath.internal.JsonContext -- Put path $ key text value r
12:51:10.868 [main] DEBUG com.jayway.jsonpath.internal.path.CompiledPath -- Evaluating path: $['windowsVirtualKeyCode']
12:51:10.868 [main] DEBUG com.jayway.jsonpath.internal.path.CompiledPath -- Evaluating path: $
12:51:10.868 [main] DEBUG com.jayway.jsonpath.internal.path.CompiledPath -- Evaluating path: $
12:51:10.868 [main] DEBUG com.jayway.jsonpath.internal.JsonContext -- Put path $ key windowsVirtualKeyCode value {}
12:51:10.868 [main] DEBUG com.jayway.jsonpath.internal.path.CompiledPath -- Evaluating path: $
12:51:10.868 [main] DEBUG com.jayway.jsonpath.internal.JsonContext -- Put path $ key windowsVirtualKeyCode value 114
12:51:10.868 [main] DEBUG com.jayway.jsonpath.internal.path.CompiledPath -- Evaluating path: $
12:51:10.868 [main] DEBUG com.intuit.karate.driver.chrome_1718781663717 -- >> {"id":57,"sessionId":"DF311E9B96F1C738196F27B3E1342D45","method":"Input.dispatchKeyEvent","params":{"modifiers":0,"type":"char","text":"r","windowsVirtualKeyCode":114}}
12:51:10.871 [nioEventLoopGroup-4-1] DEBUG com.intuit.karate.driver.chrome_1718781663717 -- << {"id":57,"result":{},"sessionId":"DF311E9B96F1C738196F27B3E1342D45"}
12:51:10.871 [nioEventLoopGroup-4-1] DEBUG com.jayway.jsonpath.internal.path.CompiledPath -- Evaluating path: $
12:51:10.871 [main] DEBUG com.jayway.jsonpath.internal.path.CompiledPath -- Evaluating path: $['modifiers']
12:51:10.871 [main] DEBUG com.jayway.jsonpath.internal.path.CompiledPath -- Evaluating path: $
12:51:10.871 [main] DEBUG com.jayway.jsonpath.internal.path.CompiledPath -- Evaluating path: $
12:51:10.871 [main] DEBUG com.jayway.jsonpath.internal.JsonContext -- Put path $ key modifiers value {}
12:51:10.871 [main] DEBUG com.jayway.jsonpath.internal.path.CompiledPath -- Evaluating path: $
12:51:10.871 [main] DEBUG com.jayway.jsonpath.internal.JsonContext -- Put path $ key modifiers value 0
12:51:10.871 [main] DEBUG com.jayway.jsonpath.internal.path.CompiledPath -- Evaluating path: $['type']
12:51:10.871 [main] DEBUG com.jayway.jsonpath.internal.path.CompiledPath -- Evaluating path: $
12:51:10.871 [main] DEBUG com.jayway.jsonpath.internal.path.CompiledPath -- Evaluating path: $
12:51:10.871 [main] DEBUG com.jayway.jsonpath.internal.JsonContext -- Put path $ key type value {}
12:51:10.871 [main] DEBUG com.jayway.jsonpath.internal.path.CompiledPath -- Evaluating path: $
12:51:10.871 [main] DEBUG com.jayway.jsonpath.internal.JsonContext -- Put path $ key type value keyUp
12:51:10.871 [main] DEBUG com.jayway.jsonpath.internal.path.CompiledPath -- Evaluating path: $['text']
12:51:10.871 [main] DEBUG com.jayway.jsonpath.internal.path.CompiledPath -- Evaluating path: $
12:51:10.871 [main] DEBUG com.jayway.jsonpath.internal.path.CompiledPath -- Evaluating path: $
12:51:10.871 [main] DEBUG com.jayway.jsonpath.internal.JsonContext -- Put path $ key text value {}
12:51:10.871 [main] DEBUG com.jayway.jsonpath.internal.path.CompiledPath -- Evaluating path: $
12:51:10.871 [main] DEBUG com.jayway.jsonpath.internal.JsonContext -- Put path $ key text value r
12:51:10.871 [main] DEBUG com.jayway.jsonpath.internal.path.CompiledPath -- Evaluating path: $['windowsVirtualKeyCode']
12:51:10.871 [main] DEBUG com.jayway.jsonpath.internal.path.CompiledPath -- Evaluating path: $
12:51:10.871 [main] DEBUG com.jayway.jsonpath.internal.path.CompiledPath -- Evaluating path: $
12:51:10.871 [main] DEBUG com.jayway.jsonpath.internal.JsonContext -- Put path $ key windowsVirtualKeyCode value {}
12:51:10.871 [main] DEBUG com.jayway.jsonpath.internal.path.CompiledPath -- Evaluating path: $
12:51:10.871 [main] DEBUG com.jayway.jsonpath.internal.JsonContext -- Put path $ key windowsVirtualKeyCode value 114
12:51:10.871 [main] DEBUG com.jayway.jsonpath.internal.path.CompiledPath -- Evaluating path: $
12:51:10.871 [main] DEBUG com.intuit.karate.driver.chrome_1718781663717 -- >> {"id":58,"sessionId":"DF311E9B96F1C738196F27B3E1342D45","method":"Input.dispatchKeyEvent","params":{"modifiers":0,"type":"keyUp","text":"r","windowsVirtualKeyCode":114}}
12:51:10.872 [nioEventLoopGroup-4-1] DEBUG com.intuit.karate.driver.chrome_1718781663717 -- << {"id":58,"result":{},"sessionId":"DF311E9B96F1C738196F27B3E1342D45"}
12:51:10.872 [nioEventLoopGroup-4-1] DEBUG com.jayway.jsonpath.internal.path.CompiledPath -- Evaluating path: $
12:51:10.872 [main] DEBUG com.jayway.jsonpath.internal.path.CompiledPath -- Evaluating path: $['modifiers']
12:51:10.872 [main] DEBUG com.jayway.jsonpath.internal.path.CompiledPath -- Evaluating path: $
12:51:10.872 [main] DEBUG com.jayway.jsonpath.internal.path.CompiledPath -- Evaluating path: $
12:51:10.872 [main] DEBUG com.jayway.jsonpath.internal.JsonContext -- Put path $ key modifiers value {}
12:51:10.872 [main] DEBUG com.jayway.jsonpath.internal.path.CompiledPath -- Evaluating path: $
12:51:10.872 [main] DEBUG com.jayway.jsonpath.internal.JsonContext -- Put path $ key modifiers value 0
12:51:10.872 [main] DEBUG com.jayway.jsonpath.internal.path.CompiledPath -- Evaluating path: $['type']
12:51:10.872 [main] DEBUG com.jayway.jsonpath.internal.path.CompiledPath -- Evaluating path: $
12:51:10.872 [main] DEBUG com.jayway.jsonpath.internal.path.CompiledPath -- Evaluating path: $
12:51:10.872 [main] DEBUG com.jayway.jsonpath.internal.JsonContext -- Put path $ key type value {}
12:51:10.872 [main] DEBUG com.jayway.jsonpath.internal.path.CompiledPath -- Evaluating path: $
12:51:10.872 [main] DEBUG com.jayway.jsonpath.internal.JsonContext -- Put path $ key type value rawKeyDown
12:51:10.872 [main] DEBUG com.jayway.jsonpath.internal.path.CompiledPath -- Evaluating path: $['text']
12:51:10.872 [main] DEBUG com.jayway.jsonpath.internal.path.CompiledPath -- Evaluating path: $
12:51:10.872 [main] DEBUG com.jayway.jsonpath.internal.path.CompiledPath -- Evaluating path: $
12:51:10.872 [main] DEBUG com.jayway.jsonpath.internal.JsonContext -- Put path $ key text value {}
12:51:10.872 [main] DEBUG com.jayway.jsonpath.internal.path.CompiledPath -- Evaluating path: $
12:51:10.872 [main] DEBUG com.jayway.jsonpath.internal.JsonContext -- Put path $ key text value e
12:51:10.872 [main] DEBUG com.jayway.jsonpath.internal.path.CompiledPath -- Evaluating path: $['windowsVirtualKeyCode']
12:51:10.872 [main] DEBUG com.jayway.jsonpath.internal.path.CompiledPath -- Evaluating path: $
12:51:10.872 [main] DEBUG com.jayway.jsonpath.internal.path.CompiledPath -- Evaluating path: $
12:51:10.872 [main] DEBUG com.jayway.jsonpath.internal.JsonContext -- Put path $ key windowsVirtualKeyCode value {}
12:51:10.872 [main] DEBUG com.jayway.jsonpath.internal.path.CompiledPath -- Evaluating path: $
12:51:10.872 [main] DEBUG com.jayway.jsonpath.internal.JsonContext -- Put path $ key windowsVirtualKeyCode value 101
12:51:10.872 [main] DEBUG com.jayway.jsonpath.internal.path.CompiledPath -- Evaluating path: $
12:51:10.872 [main] DEBUG com.intuit.karate.driver.chrome_1718781663717 -- >> {"id":59,"sessionId":"DF311E9B96F1C738196F27B3E1342D45","method":"Input.dispatchKeyEvent","params":{"modifiers":0,"type":"rawKeyDown","text":"e","windowsVirtualKeyCode":101}}
12:51:10.888 [nioEventLoopGroup-4-1] DEBUG com.intuit.karate.driver.chrome_1718781663717 -- << {"id":59,"result":{},"sessionId":"DF311E9B96F1C738196F27B3E1342D45"}
12:51:10.888 [nioEventLoopGroup-4-1] DEBUG com.jayway.jsonpath.internal.path.CompiledPath -- Evaluating path: $
12:51:10.888 [main] DEBUG com.jayway.jsonpath.internal.path.CompiledPath -- Evaluating path: $['modifiers']
12:51:10.888 [main] DEBUG com.jayway.jsonpath.internal.path.CompiledPath -- Evaluating path: $
12:51:10.888 [main] DEBUG com.jayway.jsonpath.internal.path.CompiledPath -- Evaluating path: $
12:51:10.888 [main] DEBUG com.jayway.jsonpath.internal.JsonContext -- Put path $ key modifiers value {}
12:51:10.888 [main] DEBUG com.jayway.jsonpath.internal.path.CompiledPath -- Evaluating path: $
12:51:10.888 [main] DEBUG com.jayway.jsonpath.internal.JsonContext -- Put path $ key modifiers value 0
12:51:10.888 [main] DEBUG com.jayway.jsonpath.internal.path.CompiledPath -- Evaluating path: $['type']
12:51:10.888 [main] DEBUG com.jayway.jsonpath.internal.path.CompiledPath -- Evaluating path: $
12:51:10.888 [main] DEBUG com.jayway.jsonpath.internal.path.CompiledPath -- Evaluating path: $
12:51:10.888 [main] DEBUG com.jayway.jsonpath.internal.JsonContext -- Put path $ key type value {}
12:51:10.888 [main] DEBUG com.jayway.jsonpath.internal.path.CompiledPath -- Evaluating path: $
12:51:10.888 [main] DEBUG com.jayway.jsonpath.internal.JsonContext -- Put path $ key type value char
12:51:10.888 [main] DEBUG com.jayway.jsonpath.internal.path.CompiledPath -- Evaluating path: $['text']
12:51:10.888 [main] DEBUG com.jayway.jsonpath.internal.path.CompiledPath -- Evaluating path: $
12:51:10.888 [main] DEBUG com.jayway.jsonpath.internal.path.CompiledPath -- Evaluating path: $
12:51:10.888 [main] DEBUG com.jayway.jsonpath.internal.JsonContext -- Put path $ key text value {}
12:51:10.888 [main] DEBUG com.jayway.jsonpath.internal.path.CompiledPath -- Evaluating path: $
12:51:10.888 [main] DEBUG com.jayway.jsonpath.internal.JsonContext -- Put path $ key text value e
12:51:10.888 [main] DEBUG com.jayway.jsonpath.internal.path.CompiledPath -- Evaluating path: $['windowsVirtualKeyCode']
12:51:10.888 [main] DEBUG com.jayway.jsonpath.internal.path.CompiledPath -- Evaluating path: $
12:51:10.888 [main] DEBUG com.jayway.jsonpath.internal.path.CompiledPath -- Evaluating path: $
12:51:10.888 [main] DEBUG com.jayway.jsonpath.internal.JsonContext -- Put path $ key windowsVirtualKeyCode value {}
12:51:10.888 [main] DEBUG com.jayway.jsonpath.internal.path.CompiledPath -- Evaluating path: $
12:51:10.888 [main] DEBUG com.jayway.jsonpath.internal.JsonContext -- Put path $ key windowsVirtualKeyCode value 101
12:51:10.888 [main] DEBUG com.jayway.jsonpath.internal.path.CompiledPath -- Evaluating path: $
12:51:10.888 [main] DEBUG com.intuit.karate.driver.chrome_1718781663717 -- >> {"id":60,"sessionId":"DF311E9B96F1C738196F27B3E1342D45","method":"Input.dispatchKeyEvent","params":{"modifiers":0,"type":"char","text":"e","windowsVirtualKeyCode":101}}
12:51:10.888 [nioEventLoopGroup-4-1] DEBUG com.intuit.karate.driver.chrome_1718781663717 -- << {"id":60,"result":{},"sessionId":"DF311E9B96F1C738196F27B3E1342D45"}
12:51:10.888 [nioEventLoopGroup-4-1] DEBUG com.jayway.jsonpath.internal.path.CompiledPath -- Evaluating path: $
12:51:10.888 [main] DEBUG com.jayway.jsonpath.internal.path.CompiledPath -- Evaluating path: $['modifiers']
12:51:10.888 [main] DEBUG com.jayway.jsonpath.internal.path.CompiledPath -- Evaluating path: $
12:51:10.888 [main] DEBUG com.jayway.jsonpath.internal.path.CompiledPath -- Evaluating path: $
12:51:10.888 [main] DEBUG com.jayway.jsonpath.internal.JsonContext -- Put path $ key modifiers value {}
12:51:10.888 [main] DEBUG com.jayway.jsonpath.internal.path.CompiledPath -- Evaluating path: $
12:51:10.888 [main] DEBUG com.jayway.jsonpath.internal.JsonContext -- Put path $ key modifiers value 0
12:51:10.888 [main] DEBUG com.jayway.jsonpath.internal.path.CompiledPath -- Evaluating path: $['type']
12:51:10.888 [main] DEBUG com.jayway.jsonpath.internal.path.CompiledPath -- Evaluating path: $
12:51:10.888 [main] DEBUG com.jayway.jsonpath.internal.path.CompiledPath -- Evaluating path: $
12:51:10.888 [main] DEBUG com.jayway.jsonpath.internal.JsonContext -- Put path $ key type value {}
12:51:10.888 [main] DEBUG com.jayway.jsonpath.internal.path.CompiledPath -- Evaluating path: $
12:51:10.888 [main] DEBUG com.jayway.jsonpath.internal.JsonContext -- Put path $ key type value keyUp
12:51:10.888 [main] DEBUG com.jayway.jsonpath.internal.path.CompiledPath -- Evaluating path: $['text']
12:51:10.888 [main] DEBUG com.jayway.jsonpath.internal.path.CompiledPath -- Evaluating path: $
12:51:10.888 [main] DEBUG com.jayway.jsonpath.internal.path.CompiledPath -- Evaluating path: $
12:51:10.888 [main] DEBUG com.jayway.jsonpath.internal.JsonContext -- Put path $ key text value {}
12:51:10.888 [main] DEBUG com.jayway.jsonpath.internal.path.CompiledPath -- Evaluating path: $
12:51:10.888 [main] DEBUG com.jayway.jsonpath.internal.JsonContext -- Put path $ key text value e
12:51:10.888 [main] DEBUG com.jayway.jsonpath.internal.path.CompiledPath -- Evaluating path: $['windowsVirtualKeyCode']
12:51:10.888 [main] DEBUG com.jayway.jsonpath.internal.path.CompiledPath -- Evaluating path: $
12:51:10.888 [main] DEBUG com.jayway.jsonpath.internal.path.CompiledPath -- Evaluating path: $
12:51:10.888 [main] DEBUG com.jayway.jsonpath.internal.JsonContext -- Put path $ key windowsVirtualKeyCode value {}
12:51:10.888 [main] DEBUG com.jayway.jsonpath.internal.path.CompiledPath -- Evaluating path: $
12:51:10.888 [main] DEBUG com.jayway.jsonpath.internal.JsonContext -- Put path $ key windowsVirtualKeyCode value 101
12:51:10.888 [main] DEBUG com.jayway.jsonpath.internal.path.CompiledPath -- Evaluating path: $
12:51:10.888 [main] DEBUG com.intuit.karate.driver.chrome_1718781663717 -- >> {"id":61,"sessionId":"DF311E9B96F1C738196F27B3E1342D45","method":"Input.dispatchKeyEvent","params":{"modifiers":0,"type":"keyUp","text":"e","windowsVirtualKeyCode":101}}
12:51:10.888 [nioEventLoopGroup-4-1] DEBUG com.intuit.karate.driver.chrome_1718781663717 -- << {"id":61,"result":{},"sessionId":"DF311E9B96F1C738196F27B3E1342D45"}
12:51:10.888 [nioEventLoopGroup-4-1] DEBUG com.jayway.jsonpath.internal.path.CompiledPath -- Evaluating path: $
12:51:10.888 [main] DEBUG com.jayway.jsonpath.internal.path.CompiledPath -- Evaluating path: $['modifiers']
12:51:10.888 [main] DEBUG com.jayway.jsonpath.internal.path.CompiledPath -- Evaluating path: $
12:51:10.888 [main] DEBUG com.jayway.jsonpath.internal.path.CompiledPath -- Evaluating path: $
12:51:10.888 [main] DEBUG com.jayway.jsonpath.internal.JsonContext -- Put path $ key modifiers value {}
12:51:10.888 [main] DEBUG com.jayway.jsonpath.internal.path.CompiledPath -- Evaluating path: $
12:51:10.888 [main] DEBUG com.jayway.jsonpath.internal.JsonContext -- Put path $ key modifiers value 0
12:51:10.888 [main] DEBUG com.jayway.jsonpath.internal.path.CompiledPath -- Evaluating path: $['type']
12:51:10.888 [main] DEBUG com.jayway.jsonpath.internal.path.CompiledPath -- Evaluating path: $
12:51:10.888 [main] DEBUG com.jayway.jsonpath.internal.path.CompiledPath -- Evaluating path: $
12:51:10.888 [main] DEBUG com.jayway.jsonpath.internal.JsonContext -- Put path $ key type value {}
12:51:10.888 [main] DEBUG com.jayway.jsonpath.internal.path.CompiledPath -- Evaluating path: $
12:51:10.888 [main] DEBUG com.jayway.jsonpath.internal.JsonContext -- Put path $ key type value rawKeyDown
12:51:10.888 [main] DEBUG com.jayway.jsonpath.internal.path.CompiledPath -- Evaluating path: $['text']
12:51:10.888 [main] DEBUG com.jayway.jsonpath.internal.path.CompiledPath -- Evaluating path: $
12:51:10.888 [main] DEBUG com.jayway.jsonpath.internal.path.CompiledPath -- Evaluating path: $
12:51:10.888 [main] DEBUG com.jayway.jsonpath.internal.JsonContext -- Put path $ key text value {}
12:51:10.888 [main] DEBUG com.jayway.jsonpath.internal.path.CompiledPath -- Evaluating path: $
12:51:10.888 [main] DEBUG com.jayway.jsonpath.internal.JsonContext -- Put path $ key text value t
12:51:10.888 [main] DEBUG com.jayway.jsonpath.internal.path.CompiledPath -- Evaluating path: $['windowsVirtualKeyCode']
12:51:10.888 [main] DEBUG com.jayway.jsonpath.internal.path.CompiledPath -- Evaluating path: $
12:51:10.888 [main] DEBUG com.jayway.jsonpath.internal.path.CompiledPath -- Evaluating path: $
12:51:10.888 [main] DEBUG com.jayway.jsonpath.internal.JsonContext -- Put path $ key windowsVirtualKeyCode value {}
12:51:10.888 [main] DEBUG com.jayway.jsonpath.internal.path.CompiledPath -- Evaluating path: $
12:51:10.888 [main] DEBUG com.jayway.jsonpath.internal.JsonContext -- Put path $ key windowsVirtualKeyCode value 116
12:51:10.888 [main] DEBUG com.jayway.jsonpath.internal.path.CompiledPath -- Evaluating path: $
12:51:10.888 [main] DEBUG com.intuit.karate.driver.chrome_1718781663717 -- >> {"id":62,"sessionId":"DF311E9B96F1C738196F27B3E1342D45","method":"Input.dispatchKeyEvent","params":{"modifiers":0,"type":"rawKeyDown","text":"t","windowsVirtualKeyCode":116}}
12:51:10.888 [nioEventLoopGroup-4-1] DEBUG com.intuit.karate.driver.chrome_1718781663717 -- << {"id":62,"result":{},"sessionId":"DF311E9B96F1C738196F27B3E1342D45"}
12:51:10.888 [nioEventLoopGroup-4-1] DEBUG com.jayway.jsonpath.internal.path.CompiledPath -- Evaluating path: $
12:51:10.888 [main] DEBUG com.jayway.jsonpath.internal.path.CompiledPath -- Evaluating path: $['modifiers']
12:51:10.888 [main] DEBUG com.jayway.jsonpath.internal.path.CompiledPath -- Evaluating path: $
12:51:10.888 [main] DEBUG com.jayway.jsonpath.internal.path.CompiledPath -- Evaluating path: $
12:51:10.888 [main] DEBUG com.jayway.jsonpath.internal.JsonContext -- Put path $ key modifiers value {}
12:51:10.888 [main] DEBUG com.jayway.jsonpath.internal.path.CompiledPath -- Evaluating path: $
12:51:10.888 [main] DEBUG com.jayway.jsonpath.internal.JsonContext -- Put path $ key modifiers value 0
12:51:10.888 [main] DEBUG com.jayway.jsonpath.internal.path.CompiledPath -- Evaluating path: $['type']
12:51:10.888 [main] DEBUG com.jayway.jsonpath.internal.path.CompiledPath -- Evaluating path: $
12:51:10.888 [main] DEBUG com.jayway.jsonpath.internal.path.CompiledPath -- Evaluating path: $
12:51:10.888 [main] DEBUG com.jayway.jsonpath.internal.JsonContext -- Put path $ key type value {}
12:51:10.888 [main] DEBUG com.jayway.jsonpath.internal.path.CompiledPath -- Evaluating path: $
12:51:10.888 [main] DEBUG com.jayway.jsonpath.internal.JsonContext -- Put path $ key type value char
12:51:10.888 [main] DEBUG com.jayway.jsonpath.internal.path.CompiledPath -- Evaluating path: $['text']
12:51:10.888 [main] DEBUG com.jayway.jsonpath.internal.path.CompiledPath -- Evaluating path: $
12:51:10.888 [main] DEBUG com.jayway.jsonpath.internal.path.CompiledPath -- Evaluating path: $
12:51:10.888 [main] DEBUG com.jayway.jsonpath.internal.JsonContext -- Put path $ key text value {}
12:51:10.888 [main] DEBUG com.jayway.jsonpath.internal.path.CompiledPath -- Evaluating path: $
12:51:10.888 [main] DEBUG com.jayway.jsonpath.internal.JsonContext -- Put path $ key text value t
12:51:10.888 [main] DEBUG com.jayway.jsonpath.internal.path.CompiledPath -- Evaluating path: $['windowsVirtualKeyCode']
12:51:10.888 [main] DEBUG com.jayway.jsonpath.internal.path.CompiledPath -- Evaluating path: $
12:51:10.888 [main] DEBUG com.jayway.jsonpath.internal.path.CompiledPath -- Evaluating path: $
12:51:10.888 [main] DEBUG com.jayway.jsonpath.internal.JsonContext -- Put path $ key windowsVirtualKeyCode value {}
12:51:10.888 [main] DEBUG com.jayway.jsonpath.internal.path.CompiledPath -- Evaluating path: $
12:51:10.888 [main] DEBUG com.jayway.jsonpath.internal.JsonContext -- Put path $ key windowsVirtualKeyCode value 116
12:51:10.888 [main] DEBUG com.jayway.jsonpath.internal.path.CompiledPath -- Evaluating path: $
12:51:10.888 [main] DEBUG com.intuit.karate.driver.chrome_1718781663717 -- >> {"id":63,"sessionId":"DF311E9B96F1C738196F27B3E1342D45","method":"Input.dispatchKeyEvent","params":{"modifiers":0,"type":"char","text":"t","windowsVirtualKeyCode":116}}
12:51:10.897 [nioEventLoopGroup-4-1] DEBUG com.intuit.karate.driver.chrome_1718781663717 -- << {"id":63,"result":{},"sessionId":"DF311E9B96F1C738196F27B3E1342D45"}
12:51:10.897 [nioEventLoopGroup-4-1] DEBUG com.jayway.jsonpath.internal.path.CompiledPath -- Evaluating path: $
12:51:10.898 [main] DEBUG com.jayway.jsonpath.internal.path.CompiledPath -- Evaluating path: $['modifiers']
12:51:10.898 [main] DEBUG com.jayway.jsonpath.internal.path.CompiledPath -- Evaluating path: $
12:51:10.898 [main] DEBUG com.jayway.jsonpath.internal.path.CompiledPath -- Evaluating path: $
12:51:10.898 [main] DEBUG com.jayway.jsonpath.internal.JsonContext -- Put path $ key modifiers value {}
12:51:10.898 [main] DEBUG com.jayway.jsonpath.internal.path.CompiledPath -- Evaluating path: $
12:51:10.898 [main] DEBUG com.jayway.jsonpath.internal.JsonContext -- Put path $ key modifiers value 0
12:51:10.898 [main] DEBUG com.jayway.jsonpath.internal.path.CompiledPath -- Evaluating path: $['type']
12:51:10.898 [main] DEBUG com.jayway.jsonpath.internal.path.CompiledPath -- Evaluating path: $
12:51:10.898 [main] DEBUG com.jayway.jsonpath.internal.path.CompiledPath -- Evaluating path: $
12:51:10.898 [main] DEBUG com.jayway.jsonpath.internal.JsonContext -- Put path $ key type value {}
12:51:10.898 [main] DEBUG com.jayway.jsonpath.internal.path.CompiledPath -- Evaluating path: $
12:51:10.898 [main] DEBUG com.jayway.jsonpath.internal.JsonContext -- Put path $ key type value keyUp
12:51:10.898 [main] DEBUG com.jayway.jsonpath.internal.path.CompiledPath -- Evaluating path: $['text']
12:51:10.898 [main] DEBUG com.jayway.jsonpath.internal.path.CompiledPath -- Evaluating path: $
12:51:10.898 [main] DEBUG com.jayway.jsonpath.internal.path.CompiledPath -- Evaluating path: $
12:51:10.898 [main] DEBUG com.jayway.jsonpath.internal.JsonContext -- Put path $ key text value {}
12:51:10.898 [main] DEBUG com.jayway.jsonpath.internal.path.CompiledPath -- Evaluating path: $
12:51:10.898 [main] DEBUG com.jayway.jsonpath.internal.JsonContext -- Put path $ key text value t
12:51:10.898 [main] DEBUG com.jayway.jsonpath.internal.path.CompiledPath -- Evaluating path: $['windowsVirtualKeyCode']
12:51:10.898 [main] DEBUG com.jayway.jsonpath.internal.path.CompiledPath -- Evaluating path: $
12:51:10.898 [main] DEBUG com.jayway.jsonpath.internal.path.CompiledPath -- Evaluating path: $
12:51:10.898 [main] DEBUG com.jayway.jsonpath.internal.JsonContext -- Put path $ key windowsVirtualKeyCode value {}
12:51:10.898 [main] DEBUG com.jayway.jsonpath.internal.path.CompiledPath -- Evaluating path: $
12:51:10.898 [main] DEBUG com.jayway.jsonpath.internal.JsonContext -- Put path $ key windowsVirtualKeyCode value 116
12:51:10.898 [main] DEBUG com.jayway.jsonpath.internal.path.CompiledPath -- Evaluating path: $
12:51:10.898 [main] DEBUG com.intuit.karate.driver.chrome_1718781663717 -- >> {"id":64,"sessionId":"DF311E9B96F1C738196F27B3E1342D45","method":"Input.dispatchKeyEvent","params":{"modifiers":0,"type":"keyUp","text":"t","windowsVirtualKeyCode":116}}
12:51:10.901 [nioEventLoopGroup-4-1] DEBUG com.intuit.karate.driver.chrome_1718781663717 -- << {"id":64,"result":{},"sessionId":"DF311E9B96F1C738196F27B3E1342D45"}
12:51:10.901 [nioEventLoopGroup-4-1] DEBUG com.jayway.jsonpath.internal.path.CompiledPath -- Evaluating path: $
12:51:10.901 [main] DEBUG com.jayway.jsonpath.internal.path.CompiledPath -- Evaluating path: $['modifiers']
12:51:10.901 [main] DEBUG com.jayway.jsonpath.internal.path.CompiledPath -- Evaluating path: $
12:51:10.901 [main] DEBUG com.jayway.jsonpath.internal.path.CompiledPath -- Evaluating path: $
12:51:10.901 [main] DEBUG com.jayway.jsonpath.internal.JsonContext -- Put path $ key modifiers value {}
12:51:10.901 [main] DEBUG com.jayway.jsonpath.internal.path.CompiledPath -- Evaluating path: $
12:51:10.901 [main] DEBUG com.jayway.jsonpath.internal.JsonContext -- Put path $ key modifiers value 0
12:51:10.901 [main] DEBUG com.jayway.jsonpath.internal.path.CompiledPath -- Evaluating path: $['type']
12:51:10.901 [main] DEBUG com.jayway.jsonpath.internal.path.CompiledPath -- Evaluating path: $
12:51:10.901 [main] DEBUG com.jayway.jsonpath.internal.path.CompiledPath -- Evaluating path: $
12:51:10.901 [main] DEBUG com.jayway.jsonpath.internal.JsonContext -- Put path $ key type value {}
12:51:10.901 [main] DEBUG com.jayway.jsonpath.internal.path.CompiledPath -- Evaluating path: $
12:51:10.901 [main] DEBUG com.jayway.jsonpath.internal.JsonContext -- Put path $ key type value rawKeyDown
12:51:10.901 [main] DEBUG com.jayway.jsonpath.internal.path.CompiledPath -- Evaluating path: $['text']
12:51:10.901 [main] DEBUG com.jayway.jsonpath.internal.path.CompiledPath -- Evaluating path: $
12:51:10.901 [main] DEBUG com.jayway.jsonpath.internal.path.CompiledPath -- Evaluating path: $
12:51:10.901 [main] DEBUG com.jayway.jsonpath.internal.JsonContext -- Put path $ key text value {}
12:51:10.901 [main] DEBUG com.jayway.jsonpath.internal.path.CompiledPath -- Evaluating path: $
12:51:10.901 [main] DEBUG com.jayway.jsonpath.internal.JsonContext -- Put path $ key text value _
12:51:10.901 [main] DEBUG com.jayway.jsonpath.internal.path.CompiledPath -- Evaluating path: $['windowsVirtualKeyCode']
12:51:10.901 [main] DEBUG com.jayway.jsonpath.internal.path.CompiledPath -- Evaluating path: $
12:51:10.901 [main] DEBUG com.jayway.jsonpath.internal.path.CompiledPath -- Evaluating path: $
12:51:10.901 [main] DEBUG com.jayway.jsonpath.internal.JsonContext -- Put path $ key windowsVirtualKeyCode value {}
12:51:10.901 [main] DEBUG com.jayway.jsonpath.internal.path.CompiledPath -- Evaluating path: $
12:51:10.901 [main] DEBUG com.jayway.jsonpath.internal.JsonContext -- Put path $ key windowsVirtualKeyCode value 523
12:51:10.901 [main] DEBUG com.jayway.jsonpath.internal.path.CompiledPath -- Evaluating path: $
12:51:10.901 [main] DEBUG com.intuit.karate.driver.chrome_1718781663717 -- >> {"id":65,"sessionId":"DF311E9B96F1C738196F27B3E1342D45","method":"Input.dispatchKeyEvent","params":{"modifiers":0,"type":"rawKeyDown","text":"_","windowsVirtualKeyCode":523}}
12:51:10.901 [nioEventLoopGroup-4-1] DEBUG com.intuit.karate.driver.chrome_1718781663717 -- << {"id":65,"result":{},"sessionId":"DF311E9B96F1C738196F27B3E1342D45"}
12:51:10.901 [nioEventLoopGroup-4-1] DEBUG com.jayway.jsonpath.internal.path.CompiledPath -- Evaluating path: $
12:51:10.901 [main] DEBUG com.jayway.jsonpath.internal.path.CompiledPath -- Evaluating path: $['modifiers']
12:51:10.901 [main] DEBUG com.jayway.jsonpath.internal.path.CompiledPath -- Evaluating path: $
12:51:10.901 [main] DEBUG com.jayway.jsonpath.internal.path.CompiledPath -- Evaluating path: $
12:51:10.901 [main] DEBUG com.jayway.jsonpath.internal.JsonContext -- Put path $ key modifiers value {}
12:51:10.901 [main] DEBUG com.jayway.jsonpath.internal.path.CompiledPath -- Evaluating path: $
12:51:10.901 [main] DEBUG com.jayway.jsonpath.internal.JsonContext -- Put path $ key modifiers value 0
12:51:10.901 [main] DEBUG com.jayway.jsonpath.internal.path.CompiledPath -- Evaluating path: $['type']
12:51:10.901 [main] DEBUG com.jayway.jsonpath.internal.path.CompiledPath -- Evaluating path: $
12:51:10.901 [main] DEBUG com.jayway.jsonpath.internal.path.CompiledPath -- Evaluating path: $
12:51:10.901 [main] DEBUG com.jayway.jsonpath.internal.JsonContext -- Put path $ key type value {}
12:51:10.901 [main] DEBUG com.jayway.jsonpath.internal.path.CompiledPath -- Evaluating path: $
12:51:10.901 [main] DEBUG com.jayway.jsonpath.internal.JsonContext -- Put path $ key type value char
12:51:10.901 [main] DEBUG com.jayway.jsonpath.internal.path.CompiledPath -- Evaluating path: $['text']
12:51:10.901 [main] DEBUG com.jayway.jsonpath.internal.path.CompiledPath -- Evaluating path: $
12:51:10.901 [main] DEBUG com.jayway.jsonpath.internal.path.CompiledPath -- Evaluating path: $
12:51:10.901 [main] DEBUG com.jayway.jsonpath.internal.JsonContext -- Put path $ key text value {}
12:51:10.901 [main] DEBUG com.jayway.jsonpath.internal.path.CompiledPath -- Evaluating path: $
12:51:10.901 [main] DEBUG com.jayway.jsonpath.internal.JsonContext -- Put path $ key text value _
12:51:10.901 [main] DEBUG com.jayway.jsonpath.internal.path.CompiledPath -- Evaluating path: $['windowsVirtualKeyCode']
12:51:10.901 [main] DEBUG com.jayway.jsonpath.internal.path.CompiledPath -- Evaluating path: $
12:51:10.901 [main] DEBUG com.jayway.jsonpath.internal.path.CompiledPath -- Evaluating path: $
12:51:10.901 [main] DEBUG com.jayway.jsonpath.internal.JsonContext -- Put path $ key windowsVirtualKeyCode value {}
12:51:10.901 [main] DEBUG com.jayway.jsonpath.internal.path.CompiledPath -- Evaluating path: $
12:51:10.901 [main] DEBUG com.jayway.jsonpath.internal.JsonContext -- Put path $ key windowsVirtualKeyCode value 523
12:51:10.901 [main] DEBUG com.jayway.jsonpath.internal.path.CompiledPath -- Evaluating path: $
12:51:10.901 [main] DEBUG com.intuit.karate.driver.chrome_1718781663717 -- >> {"id":66,"sessionId":"DF311E9B96F1C738196F27B3E1342D45","method":"Input.dispatchKeyEvent","params":{"modifiers":0,"type":"char","text":"_","windowsVirtualKeyCode":523}}
12:51:10.905 [nioEventLoopGroup-4-1] DEBUG com.intuit.karate.driver.chrome_1718781663717 -- << {"id":66,"result":{},"sessionId":"DF311E9B96F1C738196F27B3E1342D45"}
12:51:10.905 [nioEventLoopGroup-4-1] DEBUG com.jayway.jsonpath.internal.path.CompiledPath -- Evaluating path: $
12:51:10.905 [main] DEBUG com.jayway.jsonpath.internal.path.CompiledPath -- Evaluating path: $['modifiers']
12:51:10.905 [main] DEBUG com.jayway.jsonpath.internal.path.CompiledPath -- Evaluating path: $
12:51:10.905 [main] DEBUG com.jayway.jsonpath.internal.path.CompiledPath -- Evaluating path: $
12:51:10.905 [main] DEBUG com.jayway.jsonpath.internal.JsonContext -- Put path $ key modifiers value {}
12:51:10.905 [main] DEBUG com.jayway.jsonpath.internal.path.CompiledPath -- Evaluating path: $
12:51:10.905 [main] DEBUG com.jayway.jsonpath.internal.JsonContext -- Put path $ key modifiers value 0
12:51:10.905 [main] DEBUG com.jayway.jsonpath.internal.path.CompiledPath -- Evaluating path: $['type']
12:51:10.905 [main] DEBUG com.jayway.jsonpath.internal.path.CompiledPath -- Evaluating path: $
12:51:10.905 [main] DEBUG com.jayway.jsonpath.internal.path.CompiledPath -- Evaluating path: $
12:51:10.905 [main] DEBUG com.jayway.jsonpath.internal.JsonContext -- Put path $ key type value {}
12:51:10.905 [main] DEBUG com.jayway.jsonpath.internal.path.CompiledPath -- Evaluating path: $
12:51:10.905 [main] DEBUG com.jayway.jsonpath.internal.JsonContext -- Put path $ key type value keyUp
12:51:10.905 [main] DEBUG com.jayway.jsonpath.internal.path.CompiledPath -- Evaluating path: $['text']
12:51:10.905 [main] DEBUG com.jayway.jsonpath.internal.path.CompiledPath -- Evaluating path: $
12:51:10.905 [main] DEBUG com.jayway.jsonpath.internal.path.CompiledPath -- Evaluating path: $
12:51:10.905 [main] DEBUG com.jayway.jsonpath.internal.JsonContext -- Put path $ key text value {}
12:51:10.905 [main] DEBUG com.jayway.jsonpath.internal.path.CompiledPath -- Evaluating path: $
12:51:10.905 [main] DEBUG com.jayway.jsonpath.internal.JsonContext -- Put path $ key text value _
12:51:10.905 [main] DEBUG com.jayway.jsonpath.internal.path.CompiledPath -- Evaluating path: $['windowsVirtualKeyCode']
12:51:10.905 [main] DEBUG com.jayway.jsonpath.internal.path.CompiledPath -- Evaluating path: $
12:51:10.905 [main] DEBUG com.jayway.jsonpath.internal.path.CompiledPath -- Evaluating path: $
12:51:10.905 [main] DEBUG com.jayway.jsonpath.internal.JsonContext -- Put path $ key windowsVirtualKeyCode value {}
12:51:10.905 [main] DEBUG com.jayway.jsonpath.internal.path.CompiledPath -- Evaluating path: $
12:51:10.905 [main] DEBUG com.jayway.jsonpath.internal.JsonContext -- Put path $ key windowsVirtualKeyCode value 523
12:51:10.905 [main] DEBUG com.jayway.jsonpath.internal.path.CompiledPath -- Evaluating path: $
12:51:10.905 [main] DEBUG com.intuit.karate.driver.chrome_1718781663717 -- >> {"id":67,"sessionId":"DF311E9B96F1C738196F27B3E1342D45","method":"Input.dispatchKeyEvent","params":{"modifiers":0,"type":"keyUp","text":"_","windowsVirtualKeyCode":523}}
12:51:10.905 [nioEventLoopGroup-4-1] DEBUG com.intuit.karate.driver.chrome_1718781663717 -- << {"id":67,"result":{},"sessionId":"DF311E9B96F1C738196F27B3E1342D45"}
12:51:10.905 [nioEventLoopGroup-4-1] DEBUG com.jayway.jsonpath.internal.path.CompiledPath -- Evaluating path: $
12:51:10.905 [main] DEBUG com.jayway.jsonpath.internal.path.CompiledPath -- Evaluating path: $['modifiers']
12:51:10.905 [main] DEBUG com.jayway.jsonpath.internal.path.CompiledPath -- Evaluating path: $
12:51:10.905 [main] DEBUG com.jayway.jsonpath.internal.path.CompiledPath -- Evaluating path: $
12:51:10.905 [main] DEBUG com.jayway.jsonpath.internal.JsonContext -- Put path $ key modifiers value {}
12:51:10.905 [main] DEBUG com.jayway.jsonpath.internal.path.CompiledPath -- Evaluating path: $
12:51:10.905 [main] DEBUG com.jayway.jsonpath.internal.JsonContext -- Put path $ key modifiers value 0
12:51:10.905 [main] DEBUG com.jayway.jsonpath.internal.path.CompiledPath -- Evaluating path: $['type']
12:51:10.905 [main] DEBUG com.jayway.jsonpath.internal.path.CompiledPath -- Evaluating path: $
12:51:10.905 [main] DEBUG com.jayway.jsonpath.internal.path.CompiledPath -- Evaluating path: $
12:51:10.905 [main] DEBUG com.jayway.jsonpath.internal.JsonContext -- Put path $ key type value {}
12:51:10.905 [main] DEBUG com.jayway.jsonpath.internal.path.CompiledPath -- Evaluating path: $
12:51:10.905 [main] DEBUG com.jayway.jsonpath.internal.JsonContext -- Put path $ key type value rawKeyDown
12:51:10.905 [main] DEBUG com.jayway.jsonpath.internal.path.CompiledPath -- Evaluating path: $['text']
12:51:10.905 [main] DEBUG com.jayway.jsonpath.internal.path.CompiledPath -- Evaluating path: $
12:51:10.905 [main] DEBUG com.jayway.jsonpath.internal.path.CompiledPath -- Evaluating path: $
12:51:10.905 [main] DEBUG com.jayway.jsonpath.internal.JsonContext -- Put path $ key text value {}
12:51:10.905 [main] DEBUG com.jayway.jsonpath.internal.path.CompiledPath -- Evaluating path: $
12:51:10.905 [main] DEBUG com.jayway.jsonpath.internal.JsonContext -- Put path $ key text value s
12:51:10.905 [main] DEBUG com.jayway.jsonpath.internal.path.CompiledPath -- Evaluating path: $['windowsVirtualKeyCode']
12:51:10.905 [main] DEBUG com.jayway.jsonpath.internal.path.CompiledPath -- Evaluating path: $
12:51:10.905 [main] DEBUG com.jayway.jsonpath.internal.path.CompiledPath -- Evaluating path: $
12:51:10.905 [main] DEBUG com.jayway.jsonpath.internal.JsonContext -- Put path $ key windowsVirtualKeyCode value {}
12:51:10.905 [main] DEBUG com.jayway.jsonpath.internal.path.CompiledPath -- Evaluating path: $
12:51:10.905 [main] DEBUG com.jayway.jsonpath.internal.JsonContext -- Put path $ key windowsVirtualKeyCode value 115
12:51:10.905 [main] DEBUG com.jayway.jsonpath.internal.path.CompiledPath -- Evaluating path: $
12:51:10.905 [main] DEBUG com.intuit.karate.driver.chrome_1718781663717 -- >> {"id":68,"sessionId":"DF311E9B96F1C738196F27B3E1342D45","method":"Input.dispatchKeyEvent","params":{"modifiers":0,"type":"rawKeyDown","text":"s","windowsVirtualKeyCode":115}}
12:51:10.905 [nioEventLoopGroup-4-1] DEBUG com.intuit.karate.driver.chrome_1718781663717 -- << {"id":68,"result":{},"sessionId":"DF311E9B96F1C738196F27B3E1342D45"}
12:51:10.905 [nioEventLoopGroup-4-1] DEBUG com.jayway.jsonpath.internal.path.CompiledPath -- Evaluating path: $
12:51:10.905 [main] DEBUG com.jayway.jsonpath.internal.path.CompiledPath -- Evaluating path: $['modifiers']
12:51:10.905 [main] DEBUG com.jayway.jsonpath.internal.path.CompiledPath -- Evaluating path: $
12:51:10.905 [main] DEBUG com.jayway.jsonpath.internal.path.CompiledPath -- Evaluating path: $
12:51:10.905 [main] DEBUG com.jayway.jsonpath.internal.JsonContext -- Put path $ key modifiers value {}
12:51:10.905 [main] DEBUG com.jayway.jsonpath.internal.path.CompiledPath -- Evaluating path: $
12:51:10.905 [main] DEBUG com.jayway.jsonpath.internal.JsonContext -- Put path $ key modifiers value 0
12:51:10.905 [main] DEBUG com.jayway.jsonpath.internal.path.CompiledPath -- Evaluating path: $['type']
12:51:10.905 [main] DEBUG com.jayway.jsonpath.internal.path.CompiledPath -- Evaluating path: $
12:51:10.905 [main] DEBUG com.jayway.jsonpath.internal.path.CompiledPath -- Evaluating path: $
12:51:10.905 [main] DEBUG com.jayway.jsonpath.internal.JsonContext -- Put path $ key type value {}
12:51:10.905 [main] DEBUG com.jayway.jsonpath.internal.path.CompiledPath -- Evaluating path: $
12:51:10.905 [main] DEBUG com.jayway.jsonpath.internal.JsonContext -- Put path $ key type value char
12:51:10.905 [main] DEBUG com.jayway.jsonpath.internal.path.CompiledPath -- Evaluating path: $['text']
12:51:10.905 [main] DEBUG com.jayway.jsonpath.internal.path.CompiledPath -- Evaluating path: $
12:51:10.905 [main] DEBUG com.jayway.jsonpath.internal.path.CompiledPath -- Evaluating path: $
12:51:10.905 [main] DEBUG com.jayway.jsonpath.internal.JsonContext -- Put path $ key text value {}
12:51:10.905 [main] DEBUG com.jayway.jsonpath.internal.path.CompiledPath -- Evaluating path: $
12:51:10.905 [main] DEBUG com.jayway.jsonpath.internal.JsonContext -- Put path $ key text value s
12:51:10.905 [main] DEBUG com.jayway.jsonpath.internal.path.CompiledPath -- Evaluating path: $['windowsVirtualKeyCode']
12:51:10.905 [main] DEBUG com.jayway.jsonpath.internal.path.CompiledPath -- Evaluating path: $
12:51:10.905 [main] DEBUG com.jayway.jsonpath.internal.path.CompiledPath -- Evaluating path: $
12:51:10.905 [main] DEBUG com.jayway.jsonpath.internal.JsonContext -- Put path $ key windowsVirtualKeyCode value {}
12:51:10.905 [main] DEBUG com.jayway.jsonpath.internal.path.CompiledPath -- Evaluating path: $
12:51:10.905 [main] DEBUG com.jayway.jsonpath.internal.JsonContext -- Put path $ key windowsVirtualKeyCode value 115
12:51:10.905 [main] DEBUG com.jayway.jsonpath.internal.path.CompiledPath -- Evaluating path: $
12:51:10.905 [main] DEBUG com.intuit.karate.driver.chrome_1718781663717 -- >> {"id":69,"sessionId":"DF311E9B96F1C738196F27B3E1342D45","method":"Input.dispatchKeyEvent","params":{"modifiers":0,"type":"char","text":"s","windowsVirtualKeyCode":115}}
12:51:10.905 [nioEventLoopGroup-4-1] DEBUG com.intuit.karate.driver.chrome_1718781663717 -- << {"id":69,"result":{},"sessionId":"DF311E9B96F1C738196F27B3E1342D45"}
12:51:10.905 [nioEventLoopGroup-4-1] DEBUG com.jayway.jsonpath.internal.path.CompiledPath -- Evaluating path: $
12:51:10.905 [main] DEBUG com.jayway.jsonpath.internal.path.CompiledPath -- Evaluating path: $['modifiers']
12:51:10.905 [main] DEBUG com.jayway.jsonpath.internal.path.CompiledPath -- Evaluating path: $
12:51:10.905 [main] DEBUG com.jayway.jsonpath.internal.path.CompiledPath -- Evaluating path: $
12:51:10.905 [main] DEBUG com.jayway.jsonpath.internal.JsonContext -- Put path $ key modifiers value {}
12:51:10.905 [main] DEBUG com.jayway.jsonpath.internal.path.CompiledPath -- Evaluating path: $
12:51:10.905 [main] DEBUG com.jayway.jsonpath.internal.JsonContext -- Put path $ key modifiers value 0
12:51:10.905 [main] DEBUG com.jayway.jsonpath.internal.path.CompiledPath -- Evaluating path: $['type']
12:51:10.905 [main] DEBUG com.jayway.jsonpath.internal.path.CompiledPath -- Evaluating path: $
12:51:10.905 [main] DEBUG com.jayway.jsonpath.internal.path.CompiledPath -- Evaluating path: $
12:51:10.905 [main] DEBUG com.jayway.jsonpath.internal.JsonContext -- Put path $ key type value {}
12:51:10.905 [main] DEBUG com.jayway.jsonpath.internal.path.CompiledPath -- Evaluating path: $
12:51:10.905 [main] DEBUG com.jayway.jsonpath.internal.JsonContext -- Put path $ key type value keyUp
12:51:10.905 [main] DEBUG com.jayway.jsonpath.internal.path.CompiledPath -- Evaluating path: $['text']
12:51:10.905 [main] DEBUG com.jayway.jsonpath.internal.path.CompiledPath -- Evaluating path: $
12:51:10.905 [main] DEBUG com.jayway.jsonpath.internal.path.CompiledPath -- Evaluating path: $
12:51:10.905 [main] DEBUG com.jayway.jsonpath.internal.JsonContext -- Put path $ key text value {}
12:51:10.905 [main] DEBUG com.jayway.jsonpath.internal.path.CompiledPath -- Evaluating path: $
12:51:10.905 [main] DEBUG com.jayway.jsonpath.internal.JsonContext -- Put path $ key text value s
12:51:10.905 [main] DEBUG com.jayway.jsonpath.internal.path.CompiledPath -- Evaluating path: $['windowsVirtualKeyCode']
12:51:10.905 [main] DEBUG com.jayway.jsonpath.internal.path.CompiledPath -- Evaluating path: $
12:51:10.905 [main] DEBUG com.jayway.jsonpath.internal.path.CompiledPath -- Evaluating path: $
12:51:10.905 [main] DEBUG com.jayway.jsonpath.internal.JsonContext -- Put path $ key windowsVirtualKeyCode value {}
12:51:10.905 [main] DEBUG com.jayway.jsonpath.internal.path.CompiledPath -- Evaluating path: $
12:51:10.905 [main] DEBUG com.jayway.jsonpath.internal.JsonContext -- Put path $ key windowsVirtualKeyCode value 115
12:51:10.905 [main] DEBUG com.jayway.jsonpath.internal.path.CompiledPath -- Evaluating path: $
12:51:10.905 [main] DEBUG com.intuit.karate.driver.chrome_1718781663717 -- >> {"id":70,"sessionId":"DF311E9B96F1C738196F27B3E1342D45","method":"Input.dispatchKeyEvent","params":{"modifiers":0,"type":"keyUp","text":"s","windowsVirtualKeyCode":115}}
12:51:10.905 [nioEventLoopGroup-4-1] DEBUG com.intuit.karate.driver.chrome_1718781663717 -- << {"id":70,"result":{},"sessionId":"DF311E9B96F1C738196F27B3E1342D45"}
12:51:10.905 [nioEventLoopGroup-4-1] DEBUG com.jayway.jsonpath.internal.path.CompiledPath -- Evaluating path: $
12:51:10.905 [main] DEBUG com.jayway.jsonpath.internal.path.CompiledPath -- Evaluating path: $['modifiers']
12:51:10.905 [main] DEBUG com.jayway.jsonpath.internal.path.CompiledPath -- Evaluating path: $
12:51:10.905 [main] DEBUG com.jayway.jsonpath.internal.path.CompiledPath -- Evaluating path: $
12:51:10.905 [main] DEBUG com.jayway.jsonpath.internal.JsonContext -- Put path $ key modifiers value {}
12:51:10.905 [main] DEBUG com.jayway.jsonpath.internal.path.CompiledPath -- Evaluating path: $
12:51:10.905 [main] DEBUG com.jayway.jsonpath.internal.JsonContext -- Put path $ key modifiers value 0
12:51:10.905 [main] DEBUG com.jayway.jsonpath.internal.path.CompiledPath -- Evaluating path: $['type']
12:51:10.905 [main] DEBUG com.jayway.jsonpath.internal.path.CompiledPath -- Evaluating path: $
12:51:10.905 [main] DEBUG com.jayway.jsonpath.internal.path.CompiledPath -- Evaluating path: $
12:51:10.905 [main] DEBUG com.jayway.jsonpath.internal.JsonContext -- Put path $ key type value {}
12:51:10.905 [main] DEBUG com.jayway.jsonpath.internal.path.CompiledPath -- Evaluating path: $
12:51:10.905 [main] DEBUG com.jayway.jsonpath.internal.JsonContext -- Put path $ key type value rawKeyDown
12:51:10.905 [main] DEBUG com.jayway.jsonpath.internal.path.CompiledPath -- Evaluating path: $['text']
12:51:10.905 [main] DEBUG com.jayway.jsonpath.internal.path.CompiledPath -- Evaluating path: $
12:51:10.905 [main] DEBUG com.jayway.jsonpath.internal.path.CompiledPath -- Evaluating path: $
12:51:10.905 [main] DEBUG com.jayway.jsonpath.internal.JsonContext -- Put path $ key text value {}
12:51:10.905 [main] DEBUG com.jayway.jsonpath.internal.path.CompiledPath -- Evaluating path: $
12:51:10.905 [main] DEBUG com.jayway.jsonpath.internal.JsonContext -- Put path $ key text value a
12:51:10.905 [main] DEBUG com.jayway.jsonpath.internal.path.CompiledPath -- Evaluating path: $['windowsVirtualKeyCode']
12:51:10.905 [main] DEBUG com.jayway.jsonpath.internal.path.CompiledPath -- Evaluating path: $
12:51:10.905 [main] DEBUG com.jayway.jsonpath.internal.path.CompiledPath -- Evaluating path: $
12:51:10.905 [main] DEBUG com.jayway.jsonpath.internal.JsonContext -- Put path $ key windowsVirtualKeyCode value {}
12:51:10.905 [main] DEBUG com.jayway.jsonpath.internal.path.CompiledPath -- Evaluating path: $
12:51:10.905 [main] DEBUG com.jayway.jsonpath.internal.JsonContext -- Put path $ key windowsVirtualKeyCode value 97
12:51:10.905 [main] DEBUG com.jayway.jsonpath.internal.path.CompiledPath -- Evaluating path: $
12:51:10.905 [main] DEBUG com.intuit.karate.driver.chrome_1718781663717 -- >> {"id":71,"sessionId":"DF311E9B96F1C738196F27B3E1342D45","method":"Input.dispatchKeyEvent","params":{"modifiers":0,"type":"rawKeyDown","text":"a","windowsVirtualKeyCode":97}}
12:51:10.905 [nioEventLoopGroup-4-1] DEBUG com.intuit.karate.driver.chrome_1718781663717 -- << {"id":71,"result":{},"sessionId":"DF311E9B96F1C738196F27B3E1342D45"}
12:51:10.905 [nioEventLoopGroup-4-1] DEBUG com.jayway.jsonpath.internal.path.CompiledPath -- Evaluating path: $
12:51:10.905 [main] DEBUG com.jayway.jsonpath.internal.path.CompiledPath -- Evaluating path: $['modifiers']
12:51:10.905 [main] DEBUG com.jayway.jsonpath.internal.path.CompiledPath -- Evaluating path: $
12:51:10.905 [main] DEBUG com.jayway.jsonpath.internal.path.CompiledPath -- Evaluating path: $
12:51:10.905 [main] DEBUG com.jayway.jsonpath.internal.JsonContext -- Put path $ key modifiers value {}
12:51:10.905 [main] DEBUG com.jayway.jsonpath.internal.path.CompiledPath -- Evaluating path: $
12:51:10.905 [main] DEBUG com.jayway.jsonpath.internal.JsonContext -- Put path $ key modifiers value 0
12:51:10.905 [main] DEBUG com.jayway.jsonpath.internal.path.CompiledPath -- Evaluating path: $['type']
12:51:10.905 [main] DEBUG com.jayway.jsonpath.internal.path.CompiledPath -- Evaluating path: $
12:51:10.905 [main] DEBUG com.jayway.jsonpath.internal.path.CompiledPath -- Evaluating path: $
12:51:10.905 [main] DEBUG com.jayway.jsonpath.internal.JsonContext -- Put path $ key type value {}
12:51:10.905 [main] DEBUG com.jayway.jsonpath.internal.path.CompiledPath -- Evaluating path: $
12:51:10.905 [main] DEBUG com.jayway.jsonpath.internal.JsonContext -- Put path $ key type value char
12:51:10.905 [main] DEBUG com.jayway.jsonpath.internal.path.CompiledPath -- Evaluating path: $['text']
12:51:10.905 [main] DEBUG com.jayway.jsonpath.internal.path.CompiledPath -- Evaluating path: $
12:51:10.905 [main] DEBUG com.jayway.jsonpath.internal.path.CompiledPath -- Evaluating path: $
12:51:10.905 [main] DEBUG com.jayway.jsonpath.internal.JsonContext -- Put path $ key text value {}
12:51:10.905 [main] DEBUG com.jayway.jsonpath.internal.path.CompiledPath -- Evaluating path: $
12:51:10.905 [main] DEBUG com.jayway.jsonpath.internal.JsonContext -- Put path $ key text value a
12:51:10.905 [main] DEBUG com.jayway.jsonpath.internal.path.CompiledPath -- Evaluating path: $['windowsVirtualKeyCode']
12:51:10.905 [main] DEBUG com.jayway.jsonpath.internal.path.CompiledPath -- Evaluating path: $
12:51:10.905 [main] DEBUG com.jayway.jsonpath.internal.path.CompiledPath -- Evaluating path: $
12:51:10.905 [main] DEBUG com.jayway.jsonpath.internal.JsonContext -- Put path $ key windowsVirtualKeyCode value {}
12:51:10.905 [main] DEBUG com.jayway.jsonpath.internal.path.CompiledPath -- Evaluating path: $
12:51:10.905 [main] DEBUG com.jayway.jsonpath.internal.JsonContext -- Put path $ key windowsVirtualKeyCode value 97
12:51:10.905 [main] DEBUG com.jayway.jsonpath.internal.path.CompiledPath -- Evaluating path: $
12:51:10.905 [main] DEBUG com.intuit.karate.driver.chrome_1718781663717 -- >> {"id":72,"sessionId":"DF311E9B96F1C738196F27B3E1342D45","method":"Input.dispatchKeyEvent","params":{"modifiers":0,"type":"char","text":"a","windowsVirtualKeyCode":97}}
12:51:10.918 [nioEventLoopGroup-4-1] DEBUG com.intuit.karate.driver.chrome_1718781663717 -- << {"id":72,"result":{},"sessionId":"DF311E9B96F1C738196F27B3E1342D45"}
12:51:10.918 [nioEventLoopGroup-4-1] DEBUG com.jayway.jsonpath.internal.path.CompiledPath -- Evaluating path: $
12:51:10.918 [main] DEBUG com.jayway.jsonpath.internal.path.CompiledPath -- Evaluating path: $['modifiers']
12:51:10.918 [main] DEBUG com.jayway.jsonpath.internal.path.CompiledPath -- Evaluating path: $
12:51:10.918 [main] DEBUG com.jayway.jsonpath.internal.path.CompiledPath -- Evaluating path: $
12:51:10.918 [main] DEBUG com.jayway.jsonpath.internal.JsonContext -- Put path $ key modifiers value {}
12:51:10.918 [main] DEBUG com.jayway.jsonpath.internal.path.CompiledPath -- Evaluating path: $
12:51:10.918 [main] DEBUG com.jayway.jsonpath.internal.JsonContext -- Put path $ key modifiers value 0
12:51:10.918 [main] DEBUG com.jayway.jsonpath.internal.path.CompiledPath -- Evaluating path: $['type']
12:51:10.918 [main] DEBUG com.jayway.jsonpath.internal.path.CompiledPath -- Evaluating path: $
12:51:10.918 [main] DEBUG com.jayway.jsonpath.internal.path.CompiledPath -- Evaluating path: $
12:51:10.918 [main] DEBUG com.jayway.jsonpath.internal.JsonContext -- Put path $ key type value {}
12:51:10.918 [main] DEBUG com.jayway.jsonpath.internal.path.CompiledPath -- Evaluating path: $
12:51:10.918 [main] DEBUG com.jayway.jsonpath.internal.JsonContext -- Put path $ key type value keyUp
12:51:10.918 [main] DEBUG com.jayway.jsonpath.internal.path.CompiledPath -- Evaluating path: $['text']
12:51:10.918 [main] DEBUG com.jayway.jsonpath.internal.path.CompiledPath -- Evaluating path: $
12:51:10.918 [main] DEBUG com.jayway.jsonpath.internal.path.CompiledPath -- Evaluating path: $
12:51:10.918 [main] DEBUG com.jayway.jsonpath.internal.JsonContext -- Put path $ key text value {}
12:51:10.918 [main] DEBUG com.jayway.jsonpath.internal.path.CompiledPath -- Evaluating path: $
12:51:10.918 [main] DEBUG com.jayway.jsonpath.internal.JsonContext -- Put path $ key text value a
12:51:10.918 [main] DEBUG com.jayway.jsonpath.internal.path.CompiledPath -- Evaluating path: $['windowsVirtualKeyCode']
12:51:10.918 [main] DEBUG com.jayway.jsonpath.internal.path.CompiledPath -- Evaluating path: $
12:51:10.918 [main] DEBUG com.jayway.jsonpath.internal.path.CompiledPath -- Evaluating path: $
12:51:10.918 [main] DEBUG com.jayway.jsonpath.internal.JsonContext -- Put path $ key windowsVirtualKeyCode value {}
12:51:10.918 [main] DEBUG com.jayway.jsonpath.internal.path.CompiledPath -- Evaluating path: $
12:51:10.918 [main] DEBUG com.jayway.jsonpath.internal.JsonContext -- Put path $ key windowsVirtualKeyCode value 97
12:51:10.918 [main] DEBUG com.jayway.jsonpath.internal.path.CompiledPath -- Evaluating path: $
12:51:10.918 [main] DEBUG com.intuit.karate.driver.chrome_1718781663717 -- >> {"id":73,"sessionId":"DF311E9B96F1C738196F27B3E1342D45","method":"Input.dispatchKeyEvent","params":{"modifiers":0,"type":"keyUp","text":"a","windowsVirtualKeyCode":97}}
12:51:10.918 [nioEventLoopGroup-4-1] DEBUG com.intuit.karate.driver.chrome_1718781663717 -- << {"id":73,"result":{},"sessionId":"DF311E9B96F1C738196F27B3E1342D45"}
12:51:10.918 [nioEventLoopGroup-4-1] DEBUG com.jayway.jsonpath.internal.path.CompiledPath -- Evaluating path: $
12:51:10.918 [main] DEBUG com.jayway.jsonpath.internal.path.CompiledPath -- Evaluating path: $['modifiers']
12:51:10.918 [main] DEBUG com.jayway.jsonpath.internal.path.CompiledPath -- Evaluating path: $
12:51:10.918 [main] DEBUG com.jayway.jsonpath.internal.path.CompiledPath -- Evaluating path: $
12:51:10.918 [main] DEBUG com.jayway.jsonpath.internal.JsonContext -- Put path $ key modifiers value {}
12:51:10.918 [main] DEBUG com.jayway.jsonpath.internal.path.CompiledPath -- Evaluating path: $
12:51:10.918 [main] DEBUG com.jayway.jsonpath.internal.JsonContext -- Put path $ key modifiers value 0
12:51:10.918 [main] DEBUG com.jayway.jsonpath.internal.path.CompiledPath -- Evaluating path: $['type']
12:51:10.918 [main] DEBUG com.jayway.jsonpath.internal.path.CompiledPath -- Evaluating path: $
12:51:10.918 [main] DEBUG com.jayway.jsonpath.internal.path.CompiledPath -- Evaluating path: $
12:51:10.918 [main] DEBUG com.jayway.jsonpath.internal.JsonContext -- Put path $ key type value {}
12:51:10.918 [main] DEBUG com.jayway.jsonpath.internal.path.CompiledPath -- Evaluating path: $
12:51:10.918 [main] DEBUG com.jayway.jsonpath.internal.JsonContext -- Put path $ key type value rawKeyDown
12:51:10.918 [main] DEBUG com.jayway.jsonpath.internal.path.CompiledPath -- Evaluating path: $['text']
12:51:10.918 [main] DEBUG com.jayway.jsonpath.internal.path.CompiledPath -- Evaluating path: $
12:51:10.918 [main] DEBUG com.jayway.jsonpath.internal.path.CompiledPath -- Evaluating path: $
12:51:10.918 [main] DEBUG com.jayway.jsonpath.internal.JsonContext -- Put path $ key text value {}
12:51:10.918 [main] DEBUG com.jayway.jsonpath.internal.path.CompiledPath -- Evaluating path: $
12:51:10.918 [main] DEBUG com.jayway.jsonpath.internal.JsonContext -- Put path $ key text value u
12:51:10.918 [main] DEBUG com.jayway.jsonpath.internal.path.CompiledPath -- Evaluating path: $['windowsVirtualKeyCode']
12:51:10.918 [main] DEBUG com.jayway.jsonpath.internal.path.CompiledPath -- Evaluating path: $
12:51:10.918 [main] DEBUG com.jayway.jsonpath.internal.path.CompiledPath -- Evaluating path: $
12:51:10.918 [main] DEBUG com.jayway.jsonpath.internal.JsonContext -- Put path $ key windowsVirtualKeyCode value {}
12:51:10.918 [main] DEBUG com.jayway.jsonpath.internal.path.CompiledPath -- Evaluating path: $
12:51:10.918 [main] DEBUG com.jayway.jsonpath.internal.JsonContext -- Put path $ key windowsVirtualKeyCode value 117
12:51:10.918 [main] DEBUG com.jayway.jsonpath.internal.path.CompiledPath -- Evaluating path: $
12:51:10.918 [main] DEBUG com.intuit.karate.driver.chrome_1718781663717 -- >> {"id":74,"sessionId":"DF311E9B96F1C738196F27B3E1342D45","method":"Input.dispatchKeyEvent","params":{"modifiers":0,"type":"rawKeyDown","text":"u","windowsVirtualKeyCode":117}}
12:51:10.918 [nioEventLoopGroup-4-1] DEBUG com.intuit.karate.driver.chrome_1718781663717 -- << {"id":74,"result":{},"sessionId":"DF311E9B96F1C738196F27B3E1342D45"}
12:51:10.918 [nioEventLoopGroup-4-1] DEBUG com.jayway.jsonpath.internal.path.CompiledPath -- Evaluating path: $
12:51:10.918 [main] DEBUG com.jayway.jsonpath.internal.path.CompiledPath -- Evaluating path: $['modifiers']
12:51:10.918 [main] DEBUG com.jayway.jsonpath.internal.path.CompiledPath -- Evaluating path: $
12:51:10.918 [main] DEBUG com.jayway.jsonpath.internal.path.CompiledPath -- Evaluating path: $
12:51:10.918 [main] DEBUG com.jayway.jsonpath.internal.JsonContext -- Put path $ key modifiers value {}
12:51:10.918 [main] DEBUG com.jayway.jsonpath.internal.path.CompiledPath -- Evaluating path: $
12:51:10.918 [main] DEBUG com.jayway.jsonpath.internal.JsonContext -- Put path $ key modifiers value 0
12:51:10.918 [main] DEBUG com.jayway.jsonpath.internal.path.CompiledPath -- Evaluating path: $['type']
12:51:10.918 [main] DEBUG com.jayway.jsonpath.internal.path.CompiledPath -- Evaluating path: $
12:51:10.918 [main] DEBUG com.jayway.jsonpath.internal.path.CompiledPath -- Evaluating path: $
12:51:10.918 [main] DEBUG com.jayway.jsonpath.internal.JsonContext -- Put path $ key type value {}
12:51:10.918 [main] DEBUG com.jayway.jsonpath.internal.path.CompiledPath -- Evaluating path: $
12:51:10.918 [main] DEBUG com.jayway.jsonpath.internal.JsonContext -- Put path $ key type value char
12:51:10.918 [main] DEBUG com.jayway.jsonpath.internal.path.CompiledPath -- Evaluating path: $['text']
12:51:10.918 [main] DEBUG com.jayway.jsonpath.internal.path.CompiledPath -- Evaluating path: $
12:51:10.918 [main] DEBUG com.jayway.jsonpath.internal.path.CompiledPath -- Evaluating path: $
12:51:10.918 [main] DEBUG com.jayway.jsonpath.internal.JsonContext -- Put path $ key text value {}
12:51:10.918 [main] DEBUG com.jayway.jsonpath.internal.path.CompiledPath -- Evaluating path: $
12:51:10.918 [main] DEBUG com.jayway.jsonpath.internal.JsonContext -- Put path $ key text value u
12:51:10.918 [main] DEBUG com.jayway.jsonpath.internal.path.CompiledPath -- Evaluating path: $['windowsVirtualKeyCode']
12:51:10.918 [main] DEBUG com.jayway.jsonpath.internal.path.CompiledPath -- Evaluating path: $
12:51:10.918 [main] DEBUG com.jayway.jsonpath.internal.path.CompiledPath -- Evaluating path: $
12:51:10.918 [main] DEBUG com.jayway.jsonpath.internal.JsonContext -- Put path $ key windowsVirtualKeyCode value {}
12:51:10.918 [main] DEBUG com.jayway.jsonpath.internal.path.CompiledPath -- Evaluating path: $
12:51:10.918 [main] DEBUG com.jayway.jsonpath.internal.JsonContext -- Put path $ key windowsVirtualKeyCode value 117
12:51:10.918 [main] DEBUG com.jayway.jsonpath.internal.path.CompiledPath -- Evaluating path: $
12:51:10.918 [main] DEBUG com.intuit.karate.driver.chrome_1718781663717 -- >> {"id":75,"sessionId":"DF311E9B96F1C738196F27B3E1342D45","method":"Input.dispatchKeyEvent","params":{"modifiers":0,"type":"char","text":"u","windowsVirtualKeyCode":117}}
12:51:10.918 [nioEventLoopGroup-4-1] DEBUG com.intuit.karate.driver.chrome_1718781663717 -- << {"id":75,"result":{},"sessionId":"DF311E9B96F1C738196F27B3E1342D45"}
12:51:10.918 [nioEventLoopGroup-4-1] DEBUG com.jayway.jsonpath.internal.path.CompiledPath -- Evaluating path: $
12:51:10.918 [main] DEBUG com.jayway.jsonpath.internal.path.CompiledPath -- Evaluating path: $['modifiers']
12:51:10.918 [main] DEBUG com.jayway.jsonpath.internal.path.CompiledPath -- Evaluating path: $
12:51:10.918 [main] DEBUG com.jayway.jsonpath.internal.path.CompiledPath -- Evaluating path: $
12:51:10.918 [main] DEBUG com.jayway.jsonpath.internal.JsonContext -- Put path $ key modifiers value {}
12:51:10.918 [main] DEBUG com.jayway.jsonpath.internal.path.CompiledPath -- Evaluating path: $
12:51:10.918 [main] DEBUG com.jayway.jsonpath.internal.JsonContext -- Put path $ key modifiers value 0
12:51:10.918 [main] DEBUG com.jayway.jsonpath.internal.path.CompiledPath -- Evaluating path: $['type']
12:51:10.918 [main] DEBUG com.jayway.jsonpath.internal.path.CompiledPath -- Evaluating path: $
12:51:10.918 [main] DEBUG com.jayway.jsonpath.internal.path.CompiledPath -- Evaluating path: $
12:51:10.918 [main] DEBUG com.jayway.jsonpath.internal.JsonContext -- Put path $ key type value {}
12:51:10.918 [main] DEBUG com.jayway.jsonpath.internal.path.CompiledPath -- Evaluating path: $
12:51:10.918 [main] DEBUG com.jayway.jsonpath.internal.JsonContext -- Put path $ key type value keyUp
12:51:10.918 [main] DEBUG com.jayway.jsonpath.internal.path.CompiledPath -- Evaluating path: $['text']
12:51:10.918 [main] DEBUG com.jayway.jsonpath.internal.path.CompiledPath -- Evaluating path: $
12:51:10.918 [main] DEBUG com.jayway.jsonpath.internal.path.CompiledPath -- Evaluating path: $
12:51:10.918 [main] DEBUG com.jayway.jsonpath.internal.JsonContext -- Put path $ key text value {}
12:51:10.918 [main] DEBUG com.jayway.jsonpath.internal.path.CompiledPath -- Evaluating path: $
12:51:10.918 [main] DEBUG com.jayway.jsonpath.internal.JsonContext -- Put path $ key text value u
12:51:10.918 [main] DEBUG com.jayway.jsonpath.internal.path.CompiledPath -- Evaluating path: $['windowsVirtualKeyCode']
12:51:10.918 [main] DEBUG com.jayway.jsonpath.internal.path.CompiledPath -- Evaluating path: $
12:51:10.918 [main] DEBUG com.jayway.jsonpath.internal.path.CompiledPath -- Evaluating path: $
12:51:10.918 [main] DEBUG com.jayway.jsonpath.internal.JsonContext -- Put path $ key windowsVirtualKeyCode value {}
12:51:10.918 [main] DEBUG com.jayway.jsonpath.internal.path.CompiledPath -- Evaluating path: $
12:51:10.918 [main] DEBUG com.jayway.jsonpath.internal.JsonContext -- Put path $ key windowsVirtualKeyCode value 117
12:51:10.918 [main] DEBUG com.jayway.jsonpath.internal.path.CompiledPath -- Evaluating path: $
12:51:10.918 [main] DEBUG com.intuit.karate.driver.chrome_1718781663717 -- >> {"id":76,"sessionId":"DF311E9B96F1C738196F27B3E1342D45","method":"Input.dispatchKeyEvent","params":{"modifiers":0,"type":"keyUp","text":"u","windowsVirtualKeyCode":117}}
12:51:10.918 [nioEventLoopGroup-4-1] DEBUG com.intuit.karate.driver.chrome_1718781663717 -- << {"id":76,"result":{},"sessionId":"DF311E9B96F1C738196F27B3E1342D45"}
12:51:10.918 [nioEventLoopGroup-4-1] DEBUG com.jayway.jsonpath.internal.path.CompiledPath -- Evaluating path: $
12:51:10.918 [main] DEBUG com.jayway.jsonpath.internal.path.CompiledPath -- Evaluating path: $['modifiers']
12:51:10.918 [main] DEBUG com.jayway.jsonpath.internal.path.CompiledPath -- Evaluating path: $
12:51:10.918 [main] DEBUG com.jayway.jsonpath.internal.path.CompiledPath -- Evaluating path: $
12:51:10.918 [main] DEBUG com.jayway.jsonpath.internal.JsonContext -- Put path $ key modifiers value {}
12:51:10.918 [main] DEBUG com.jayway.jsonpath.internal.path.CompiledPath -- Evaluating path: $
12:51:10.918 [main] DEBUG com.jayway.jsonpath.internal.JsonContext -- Put path $ key modifiers value 0
12:51:10.918 [main] DEBUG com.jayway.jsonpath.internal.path.CompiledPath -- Evaluating path: $['type']
12:51:10.918 [main] DEBUG com.jayway.jsonpath.internal.path.CompiledPath -- Evaluating path: $
12:51:10.918 [main] DEBUG com.jayway.jsonpath.internal.path.CompiledPath -- Evaluating path: $
12:51:10.918 [main] DEBUG com.jayway.jsonpath.internal.JsonContext -- Put path $ key type value {}
12:51:10.918 [main] DEBUG com.jayway.jsonpath.internal.path.CompiledPath -- Evaluating path: $
12:51:10.918 [main] DEBUG com.jayway.jsonpath.internal.JsonContext -- Put path $ key type value rawKeyDown
12:51:10.918 [main] DEBUG com.jayway.jsonpath.internal.path.CompiledPath -- Evaluating path: $['text']
12:51:10.918 [main] DEBUG com.jayway.jsonpath.internal.path.CompiledPath -- Evaluating path: $
12:51:10.918 [main] DEBUG com.jayway.jsonpath.internal.path.CompiledPath -- Evaluating path: $
12:51:10.918 [main] DEBUG com.jayway.jsonpath.internal.JsonContext -- Put path $ key text value {}
12:51:10.918 [main] DEBUG com.jayway.jsonpath.internal.path.CompiledPath -- Evaluating path: $
12:51:10.918 [main] DEBUG com.jayway.jsonpath.internal.JsonContext -- Put path $ key text value c
12:51:10.918 [main] DEBUG com.jayway.jsonpath.internal.path.CompiledPath -- Evaluating path: $['windowsVirtualKeyCode']
12:51:10.918 [main] DEBUG com.jayway.jsonpath.internal.path.CompiledPath -- Evaluating path: $
12:51:10.918 [main] DEBUG com.jayway.jsonpath.internal.path.CompiledPath -- Evaluating path: $
12:51:10.918 [main] DEBUG com.jayway.jsonpath.internal.JsonContext -- Put path $ key windowsVirtualKeyCode value {}
12:51:10.918 [main] DEBUG com.jayway.jsonpath.internal.path.CompiledPath -- Evaluating path: $
12:51:10.918 [main] DEBUG com.jayway.jsonpath.internal.JsonContext -- Put path $ key windowsVirtualKeyCode value 99
12:51:10.918 [main] DEBUG com.jayway.jsonpath.internal.path.CompiledPath -- Evaluating path: $
12:51:10.918 [main] DEBUG com.intuit.karate.driver.chrome_1718781663717 -- >> {"id":77,"sessionId":"DF311E9B96F1C738196F27B3E1342D45","method":"Input.dispatchKeyEvent","params":{"modifiers":0,"type":"rawKeyDown","text":"c","windowsVirtualKeyCode":99}}
12:51:10.918 [nioEventLoopGroup-4-1] DEBUG com.intuit.karate.driver.chrome_1718781663717 -- << {"id":77,"result":{},"sessionId":"DF311E9B96F1C738196F27B3E1342D45"}
12:51:10.918 [nioEventLoopGroup-4-1] DEBUG com.jayway.jsonpath.internal.path.CompiledPath -- Evaluating path: $
12:51:10.918 [main] DEBUG com.jayway.jsonpath.internal.path.CompiledPath -- Evaluating path: $['modifiers']
12:51:10.918 [main] DEBUG com.jayway.jsonpath.internal.path.CompiledPath -- Evaluating path: $
12:51:10.918 [main] DEBUG com.jayway.jsonpath.internal.path.CompiledPath -- Evaluating path: $
12:51:10.918 [main] DEBUG com.jayway.jsonpath.internal.JsonContext -- Put path $ key modifiers value {}
12:51:10.918 [main] DEBUG com.jayway.jsonpath.internal.path.CompiledPath -- Evaluating path: $
12:51:10.918 [main] DEBUG com.jayway.jsonpath.internal.JsonContext -- Put path $ key modifiers value 0
12:51:10.918 [main] DEBUG com.jayway.jsonpath.internal.path.CompiledPath -- Evaluating path: $['type']
12:51:10.918 [main] DEBUG com.jayway.jsonpath.internal.path.CompiledPath -- Evaluating path: $
12:51:10.918 [main] DEBUG com.jayway.jsonpath.internal.path.CompiledPath -- Evaluating path: $
12:51:10.918 [main] DEBUG com.jayway.jsonpath.internal.JsonContext -- Put path $ key type value {}
12:51:10.918 [main] DEBUG com.jayway.jsonpath.internal.path.CompiledPath -- Evaluating path: $
12:51:10.918 [main] DEBUG com.jayway.jsonpath.internal.JsonContext -- Put path $ key type value char
12:51:10.918 [main] DEBUG com.jayway.jsonpath.internal.path.CompiledPath -- Evaluating path: $['text']
12:51:10.918 [main] DEBUG com.jayway.jsonpath.internal.path.CompiledPath -- Evaluating path: $
12:51:10.918 [main] DEBUG com.jayway.jsonpath.internal.path.CompiledPath -- Evaluating path: $
12:51:10.918 [main] DEBUG com.jayway.jsonpath.internal.JsonContext -- Put path $ key text value {}
12:51:10.918 [main] DEBUG com.jayway.jsonpath.internal.path.CompiledPath -- Evaluating path: $
12:51:10.918 [main] DEBUG com.jayway.jsonpath.internal.JsonContext -- Put path $ key text value c
12:51:10.918 [main] DEBUG com.jayway.jsonpath.internal.path.CompiledPath -- Evaluating path: $['windowsVirtualKeyCode']
12:51:10.918 [main] DEBUG com.jayway.jsonpath.internal.path.CompiledPath -- Evaluating path: $
12:51:10.918 [main] DEBUG com.jayway.jsonpath.internal.path.CompiledPath -- Evaluating path: $
12:51:10.918 [main] DEBUG com.jayway.jsonpath.internal.JsonContext -- Put path $ key windowsVirtualKeyCode value {}
12:51:10.918 [main] DEBUG com.jayway.jsonpath.internal.path.CompiledPath -- Evaluating path: $
12:51:10.918 [main] DEBUG com.jayway.jsonpath.internal.JsonContext -- Put path $ key windowsVirtualKeyCode value 99
12:51:10.918 [main] DEBUG com.jayway.jsonpath.internal.path.CompiledPath -- Evaluating path: $
12:51:10.918 [main] DEBUG com.intuit.karate.driver.chrome_1718781663717 -- >> {"id":78,"sessionId":"DF311E9B96F1C738196F27B3E1342D45","method":"Input.dispatchKeyEvent","params":{"modifiers":0,"type":"char","text":"c","windowsVirtualKeyCode":99}}
12:51:10.935 [nioEventLoopGroup-4-1] DEBUG com.intuit.karate.driver.chrome_1718781663717 -- << {"id":78,"result":{},"sessionId":"DF311E9B96F1C738196F27B3E1342D45"}
12:51:10.935 [nioEventLoopGroup-4-1] DEBUG com.jayway.jsonpath.internal.path.CompiledPath -- Evaluating path: $
12:51:10.935 [main] DEBUG com.jayway.jsonpath.internal.path.CompiledPath -- Evaluating path: $['modifiers']
12:51:10.935 [main] DEBUG com.jayway.jsonpath.internal.path.CompiledPath -- Evaluating path: $
12:51:10.935 [main] DEBUG com.jayway.jsonpath.internal.path.CompiledPath -- Evaluating path: $
12:51:10.935 [main] DEBUG com.jayway.jsonpath.internal.JsonContext -- Put path $ key modifiers value {}
12:51:10.935 [main] DEBUG com.jayway.jsonpath.internal.path.CompiledPath -- Evaluating path: $
12:51:10.935 [main] DEBUG com.jayway.jsonpath.internal.JsonContext -- Put path $ key modifiers value 0
12:51:10.935 [main] DEBUG com.jayway.jsonpath.internal.path.CompiledPath -- Evaluating path: $['type']
12:51:10.935 [main] DEBUG com.jayway.jsonpath.internal.path.CompiledPath -- Evaluating path: $
12:51:10.935 [main] DEBUG com.jayway.jsonpath.internal.path.CompiledPath -- Evaluating path: $
12:51:10.935 [main] DEBUG com.jayway.jsonpath.internal.JsonContext -- Put path $ key type value {}
12:51:10.935 [main] DEBUG com.jayway.jsonpath.internal.path.CompiledPath -- Evaluating path: $
12:51:10.935 [main] DEBUG com.jayway.jsonpath.internal.JsonContext -- Put path $ key type value keyUp
12:51:10.935 [main] DEBUG com.jayway.jsonpath.internal.path.CompiledPath -- Evaluating path: $['text']
12:51:10.935 [main] DEBUG com.jayway.jsonpath.internal.path.CompiledPath -- Evaluating path: $
12:51:10.935 [main] DEBUG com.jayway.jsonpath.internal.path.CompiledPath -- Evaluating path: $
12:51:10.935 [main] DEBUG com.jayway.jsonpath.internal.JsonContext -- Put path $ key text value {}
12:51:10.935 [main] DEBUG com.jayway.jsonpath.internal.path.CompiledPath -- Evaluating path: $
12:51:10.935 [main] DEBUG com.jayway.jsonpath.internal.JsonContext -- Put path $ key text value c
12:51:10.935 [main] DEBUG com.jayway.jsonpath.internal.path.CompiledPath -- Evaluating path: $['windowsVirtualKeyCode']
12:51:10.935 [main] DEBUG com.jayway.jsonpath.internal.path.CompiledPath -- Evaluating path: $
12:51:10.935 [main] DEBUG com.jayway.jsonpath.internal.path.CompiledPath -- Evaluating path: $
12:51:10.935 [main] DEBUG com.jayway.jsonpath.internal.JsonContext -- Put path $ key windowsVirtualKeyCode value {}
12:51:10.935 [main] DEBUG com.jayway.jsonpath.internal.path.CompiledPath -- Evaluating path: $
12:51:10.935 [main] DEBUG com.jayway.jsonpath.internal.JsonContext -- Put path $ key windowsVirtualKeyCode value 99
12:51:10.935 [main] DEBUG com.jayway.jsonpath.internal.path.CompiledPath -- Evaluating path: $
12:51:10.935 [main] DEBUG com.intuit.karate.driver.chrome_1718781663717 -- >> {"id":79,"sessionId":"DF311E9B96F1C738196F27B3E1342D45","method":"Input.dispatchKeyEvent","params":{"modifiers":0,"type":"keyUp","text":"c","windowsVirtualKeyCode":99}}
12:51:10.935 [nioEventLoopGroup-4-1] DEBUG com.intuit.karate.driver.chrome_1718781663717 -- << {"id":79,"result":{},"sessionId":"DF311E9B96F1C738196F27B3E1342D45"}
12:51:10.935 [nioEventLoopGroup-4-1] DEBUG com.jayway.jsonpath.internal.path.CompiledPath -- Evaluating path: $
12:51:10.935 [main] DEBUG com.jayway.jsonpath.internal.path.CompiledPath -- Evaluating path: $['modifiers']
12:51:10.935 [main] DEBUG com.jayway.jsonpath.internal.path.CompiledPath -- Evaluating path: $
12:51:10.935 [main] DEBUG com.jayway.jsonpath.internal.path.CompiledPath -- Evaluating path: $
12:51:10.935 [main] DEBUG com.jayway.jsonpath.internal.JsonContext -- Put path $ key modifiers value {}
12:51:10.935 [main] DEBUG com.jayway.jsonpath.internal.path.CompiledPath -- Evaluating path: $
12:51:10.935 [main] DEBUG com.jayway.jsonpath.internal.JsonContext -- Put path $ key modifiers value 0
12:51:10.935 [main] DEBUG com.jayway.jsonpath.internal.path.CompiledPath -- Evaluating path: $['type']
12:51:10.935 [main] DEBUG com.jayway.jsonpath.internal.path.CompiledPath -- Evaluating path: $
12:51:10.935 [main] DEBUG com.jayway.jsonpath.internal.path.CompiledPath -- Evaluating path: $
12:51:10.935 [main] DEBUG com.jayway.jsonpath.internal.JsonContext -- Put path $ key type value {}
12:51:10.935 [main] DEBUG com.jayway.jsonpath.internal.path.CompiledPath -- Evaluating path: $
12:51:10.935 [main] DEBUG com.jayway.jsonpath.internal.JsonContext -- Put path $ key type value rawKeyDown
12:51:10.935 [main] DEBUG com.jayway.jsonpath.internal.path.CompiledPath -- Evaluating path: $['text']
12:51:10.935 [main] DEBUG com.jayway.jsonpath.internal.path.CompiledPath -- Evaluating path: $
12:51:10.935 [main] DEBUG com.jayway.jsonpath.internal.path.CompiledPath -- Evaluating path: $
12:51:10.935 [main] DEBUG com.jayway.jsonpath.internal.JsonContext -- Put path $ key text value {}
12:51:10.935 [main] DEBUG com.jayway.jsonpath.internal.path.CompiledPath -- Evaluating path: $
12:51:10.935 [main] DEBUG com.jayway.jsonpath.internal.JsonContext -- Put path $ key text value e
12:51:10.935 [main] DEBUG com.jayway.jsonpath.internal.path.CompiledPath -- Evaluating path: $['windowsVirtualKeyCode']
12:51:10.935 [main] DEBUG com.jayway.jsonpath.internal.path.CompiledPath -- Evaluating path: $
12:51:10.935 [main] DEBUG com.jayway.jsonpath.internal.path.CompiledPath -- Evaluating path: $
12:51:10.935 [main] DEBUG com.jayway.jsonpath.internal.JsonContext -- Put path $ key windowsVirtualKeyCode value {}
12:51:10.935 [main] DEBUG com.jayway.jsonpath.internal.path.CompiledPath -- Evaluating path: $
12:51:10.935 [main] DEBUG com.jayway.jsonpath.internal.JsonContext -- Put path $ key windowsVirtualKeyCode value 101
12:51:10.935 [main] DEBUG com.jayway.jsonpath.internal.path.CompiledPath -- Evaluating path: $
12:51:10.935 [main] DEBUG com.intuit.karate.driver.chrome_1718781663717 -- >> {"id":80,"sessionId":"DF311E9B96F1C738196F27B3E1342D45","method":"Input.dispatchKeyEvent","params":{"modifiers":0,"type":"rawKeyDown","text":"e","windowsVirtualKeyCode":101}}
12:51:10.935 [nioEventLoopGroup-4-1] DEBUG com.intuit.karate.driver.chrome_1718781663717 -- << {"id":80,"result":{},"sessionId":"DF311E9B96F1C738196F27B3E1342D45"}
12:51:10.935 [nioEventLoopGroup-4-1] DEBUG com.jayway.jsonpath.internal.path.CompiledPath -- Evaluating path: $
12:51:10.935 [main] DEBUG com.jayway.jsonpath.internal.path.CompiledPath -- Evaluating path: $['modifiers']
12:51:10.935 [main] DEBUG com.jayway.jsonpath.internal.path.CompiledPath -- Evaluating path: $
12:51:10.935 [main] DEBUG com.jayway.jsonpath.internal.path.CompiledPath -- Evaluating path: $
12:51:10.935 [main] DEBUG com.jayway.jsonpath.internal.JsonContext -- Put path $ key modifiers value {}
12:51:10.935 [main] DEBUG com.jayway.jsonpath.internal.path.CompiledPath -- Evaluating path: $
12:51:10.935 [main] DEBUG com.jayway.jsonpath.internal.JsonContext -- Put path $ key modifiers value 0
12:51:10.935 [main] DEBUG com.jayway.jsonpath.internal.path.CompiledPath -- Evaluating path: $['type']
12:51:10.935 [main] DEBUG com.jayway.jsonpath.internal.path.CompiledPath -- Evaluating path: $
12:51:10.935 [main] DEBUG com.jayway.jsonpath.internal.path.CompiledPath -- Evaluating path: $
12:51:10.935 [main] DEBUG com.jayway.jsonpath.internal.JsonContext -- Put path $ key type value {}
12:51:10.935 [main] DEBUG com.jayway.jsonpath.internal.path.CompiledPath -- Evaluating path: $
12:51:10.935 [main] DEBUG com.jayway.jsonpath.internal.JsonContext -- Put path $ key type value char
12:51:10.935 [main] DEBUG com.jayway.jsonpath.internal.path.CompiledPath -- Evaluating path: $['text']
12:51:10.935 [main] DEBUG com.jayway.jsonpath.internal.path.CompiledPath -- Evaluating path: $
12:51:10.935 [main] DEBUG com.jayway.jsonpath.internal.path.CompiledPath -- Evaluating path: $
12:51:10.935 [main] DEBUG com.jayway.jsonpath.internal.JsonContext -- Put path $ key text value {}
12:51:10.935 [main] DEBUG com.jayway.jsonpath.internal.path.CompiledPath -- Evaluating path: $
12:51:10.935 [main] DEBUG com.jayway.jsonpath.internal.JsonContext -- Put path $ key text value e
12:51:10.935 [main] DEBUG com.jayway.jsonpath.internal.path.CompiledPath -- Evaluating path: $['windowsVirtualKeyCode']
12:51:10.935 [main] DEBUG com.jayway.jsonpath.internal.path.CompiledPath -- Evaluating path: $
12:51:10.935 [main] DEBUG com.jayway.jsonpath.internal.path.CompiledPath -- Evaluating path: $
12:51:10.935 [main] DEBUG com.jayway.jsonpath.internal.JsonContext -- Put path $ key windowsVirtualKeyCode value {}
12:51:10.935 [main] DEBUG com.jayway.jsonpath.internal.path.CompiledPath -- Evaluating path: $
12:51:10.935 [main] DEBUG com.jayway.jsonpath.internal.JsonContext -- Put path $ key windowsVirtualKeyCode value 101
12:51:10.935 [main] DEBUG com.jayway.jsonpath.internal.path.CompiledPath -- Evaluating path: $
12:51:10.935 [main] DEBUG com.intuit.karate.driver.chrome_1718781663717 -- >> {"id":81,"sessionId":"DF311E9B96F1C738196F27B3E1342D45","method":"Input.dispatchKeyEvent","params":{"modifiers":0,"type":"char","text":"e","windowsVirtualKeyCode":101}}
12:51:10.945 [nioEventLoopGroup-4-1] DEBUG com.intuit.karate.driver.chrome_1718781663717 -- << {"id":81,"result":{},"sessionId":"DF311E9B96F1C738196F27B3E1342D45"}
12:51:10.945 [nioEventLoopGroup-4-1] DEBUG com.jayway.jsonpath.internal.path.CompiledPath -- Evaluating path: $
12:51:10.945 [main] DEBUG com.jayway.jsonpath.internal.path.CompiledPath -- Evaluating path: $['modifiers']
12:51:10.945 [main] DEBUG com.jayway.jsonpath.internal.path.CompiledPath -- Evaluating path: $
12:51:10.945 [main] DEBUG com.jayway.jsonpath.internal.path.CompiledPath -- Evaluating path: $
12:51:10.945 [main] DEBUG com.jayway.jsonpath.internal.JsonContext -- Put path $ key modifiers value {}
12:51:10.945 [main] DEBUG com.jayway.jsonpath.internal.path.CompiledPath -- Evaluating path: $
12:51:10.945 [main] DEBUG com.jayway.jsonpath.internal.JsonContext -- Put path $ key modifiers value 0
12:51:10.945 [main] DEBUG com.jayway.jsonpath.internal.path.CompiledPath -- Evaluating path: $['type']
12:51:10.945 [main] DEBUG com.jayway.jsonpath.internal.path.CompiledPath -- Evaluating path: $
12:51:10.945 [main] DEBUG com.jayway.jsonpath.internal.path.CompiledPath -- Evaluating path: $
12:51:10.945 [main] DEBUG com.jayway.jsonpath.internal.JsonContext -- Put path $ key type value {}
12:51:10.945 [main] DEBUG com.jayway.jsonpath.internal.path.CompiledPath -- Evaluating path: $
12:51:10.945 [main] DEBUG com.jayway.jsonpath.internal.JsonContext -- Put path $ key type value keyUp
12:51:10.945 [main] DEBUG com.jayway.jsonpath.internal.path.CompiledPath -- Evaluating path: $['text']
12:51:10.945 [main] DEBUG com.jayway.jsonpath.internal.path.CompiledPath -- Evaluating path: $
12:51:10.945 [main] DEBUG com.jayway.jsonpath.internal.path.CompiledPath -- Evaluating path: $
12:51:10.945 [main] DEBUG com.jayway.jsonpath.internal.JsonContext -- Put path $ key text value {}
12:51:10.945 [main] DEBUG com.jayway.jsonpath.internal.path.CompiledPath -- Evaluating path: $
12:51:10.945 [main] DEBUG com.jayway.jsonpath.internal.JsonContext -- Put path $ key text value e
12:51:10.945 [main] DEBUG com.jayway.jsonpath.internal.path.CompiledPath -- Evaluating path: $['windowsVirtualKeyCode']
12:51:10.945 [main] DEBUG com.jayway.jsonpath.internal.path.CompiledPath -- Evaluating path: $
12:51:10.945 [main] DEBUG com.jayway.jsonpath.internal.path.CompiledPath -- Evaluating path: $
12:51:10.945 [main] DEBUG com.jayway.jsonpath.internal.JsonContext -- Put path $ key windowsVirtualKeyCode value {}
12:51:10.945 [main] DEBUG com.jayway.jsonpath.internal.path.CompiledPath -- Evaluating path: $
12:51:10.945 [main] DEBUG com.jayway.jsonpath.internal.JsonContext -- Put path $ key windowsVirtualKeyCode value 101
12:51:10.945 [main] DEBUG com.jayway.jsonpath.internal.path.CompiledPath -- Evaluating path: $
12:51:10.945 [main] DEBUG com.intuit.karate.driver.chrome_1718781663717 -- >> {"id":82,"sessionId":"DF311E9B96F1C738196F27B3E1342D45","method":"Input.dispatchKeyEvent","params":{"modifiers":0,"type":"keyUp","text":"e","windowsVirtualKeyCode":101}}
12:51:10.951 [nioEventLoopGroup-4-1] DEBUG com.intuit.karate.driver.chrome_1718781663717 -- << {"id":82,"result":{},"sessionId":"DF311E9B96F1C738196F27B3E1342D45"}
12:51:10.951 [nioEventLoopGroup-4-1] DEBUG com.jayway.jsonpath.internal.path.CompiledPath -- Evaluating path: $
12:51:13.966 [main] DEBUG com.jayway.jsonpath.internal.path.CompiledPath -- Evaluating path: $['expression']
12:51:13.966 [main] DEBUG com.jayway.jsonpath.internal.path.CompiledPath -- Evaluating path: $
12:51:13.966 [main] DEBUG com.jayway.jsonpath.internal.path.CompiledPath -- Evaluating path: $
12:51:13.966 [main] DEBUG com.jayway.jsonpath.internal.JsonContext -- Put path $ key expression value {}
12:51:13.966 [main] DEBUG com.jayway.jsonpath.internal.path.CompiledPath -- Evaluating path: $
12:51:13.966 [main] DEBUG com.jayway.jsonpath.internal.JsonContext -- Put path $ key expression value document.evaluate("//*[@id='login-button']", document, null, 9, null).singleNodeValue.click()
12:51:13.966 [main] DEBUG com.jayway.jsonpath.internal.path.CompiledPath -- Evaluating path: $['returnByValue']
12:51:13.966 [main] DEBUG com.jayway.jsonpath.internal.path.CompiledPath -- Evaluating path: $
12:51:13.966 [main] DEBUG com.jayway.jsonpath.internal.path.CompiledPath -- Evaluating path: $
12:51:13.966 [main] DEBUG com.jayway.jsonpath.internal.JsonContext -- Put path $ key returnByValue value {}
12:51:13.966 [main] DEBUG com.jayway.jsonpath.internal.path.CompiledPath -- Evaluating path: $
12:51:13.966 [main] DEBUG com.jayway.jsonpath.internal.JsonContext -- Put path $ key returnByValue value true
12:51:13.966 [main] DEBUG com.jayway.jsonpath.internal.path.CompiledPath -- Evaluating path: $
12:51:13.966 [main] DEBUG com.intuit.karate.driver.chrome_1718781663717 -- >> {"id":83,"sessionId":"DF311E9B96F1C738196F27B3E1342D45","method":"Runtime.evaluate","params":{"expression":"document.evaluate(\"\/\/*[@id='login-button']\", document, null, 9, null).singleNodeValue.click()","returnByValue":true}}
12:51:13.993 [nioEventLoopGroup-4-1] DEBUG com.intuit.karate.driver.chrome_1718781663717 -- << {"method":"Page.frameStartedLoading","params":{"frameId":"216D74C20570AF5E5F911D9BFC8B27DE"},"sessionId":"DF311E9B96F1C738196F27B3E1342D45"}
12:51:13.993 [nioEventLoopGroup-4-1] DEBUG com.jayway.jsonpath.internal.path.CompiledPath -- Evaluating path: $
12:51:13.993 [nioEventLoopGroup-4-1] DEBUG com.jayway.jsonpath.internal.path.CompiledPath -- Evaluating path: $['frameId']
12:51:13.995 [nioEventLoopGroup-4-1] DEBUG com.intuit.karate.driver.chrome_1718781663717 -- << {"method":"Target.targetInfoChanged","params":{"targetInfo":{"targetId":"216D74C20570AF5E5F911D9BFC8B27DE","type":"page","title":"Swag Labs","url":"https://www.saucedemo.com/inventory.html","attached":true,"canAccessOpener":false,"browserContextId":"87094718ADAEBBB0CC614F1DE6E9F2D2"}},"sessionId":"DF311E9B96F1C738196F27B3E1342D45"}
12:51:13.995 [nioEventLoopGroup-4-1] DEBUG com.jayway.jsonpath.internal.path.CompiledPath -- Evaluating path: $
12:51:13.995 [nioEventLoopGroup-4-1] DEBUG com.jayway.jsonpath.internal.path.CompiledPath -- Evaluating path: $['targetInfo']['targetId']
12:51:13.995 [nioEventLoopGroup-4-1] DEBUG com.intuit.karate.driver.chrome_1718781663717 -- << {"method":"Page.navigatedWithinDocument","params":{"frameId":"216D74C20570AF5E5F911D9BFC8B27DE","url":"https://www.saucedemo.com/inventory.html"},"sessionId":"DF311E9B96F1C738196F27B3E1342D45"}
12:51:13.995 [nioEventLoopGroup-4-1] DEBUG com.jayway.jsonpath.internal.path.CompiledPath -- Evaluating path: $
12:51:13.995 [nioEventLoopGroup-4-1] DEBUG com.intuit.karate.driver.chrome_1718781663717 -- << {"method":"Page.frameStoppedLoading","params":{"frameId":"216D74C20570AF5E5F911D9BFC8B27DE"},"sessionId":"DF311E9B96F1C738196F27B3E1342D45"}
12:51:13.995 [nioEventLoopGroup-4-1] DEBUG com.jayway.jsonpath.internal.path.CompiledPath -- Evaluating path: $
12:51:13.995 [nioEventLoopGroup-4-1] DEBUG com.jayway.jsonpath.internal.path.CompiledPath -- Evaluating path: $['frameId']
12:51:13.995 [nioEventLoopGroup-4-1] DEBUG com.intuit.karate.driver.chrome_1718781663717 -- << {"id":83,"result":{"result":{"type":"undefined"}},"sessionId":"DF311E9B96F1C738196F27B3E1342D45"}
12:51:13.995 [nioEventLoopGroup-4-1] DEBUG com.jayway.jsonpath.internal.path.CompiledPath -- Evaluating path: $
12:51:16.997 [main] DEBUG com.jayway.jsonpath.internal.path.CompiledPath -- Evaluating path: $['expression']
12:51:16.997 [main] DEBUG com.jayway.jsonpath.internal.path.CompiledPath -- Evaluating path: $
12:51:16.997 [main] DEBUG com.jayway.jsonpath.internal.path.CompiledPath -- Evaluating path: $
12:51:16.997 [main] DEBUG com.jayway.jsonpath.internal.JsonContext -- Put path $ key expression value {}
12:51:16.997 [main] DEBUG com.jayway.jsonpath.internal.path.CompiledPath -- Evaluating path: $
12:51:16.997 [main] DEBUG com.jayway.jsonpath.internal.JsonContext -- Put path $ key expression value document.title
12:51:16.997 [main] DEBUG com.jayway.jsonpath.internal.path.CompiledPath -- Evaluating path: $['returnByValue']
12:51:16.997 [main] DEBUG com.jayway.jsonpath.internal.path.CompiledPath -- Evaluating path: $
12:51:16.997 [main] DEBUG com.jayway.jsonpath.internal.path.CompiledPath -- Evaluating path: $
12:51:16.997 [main] DEBUG com.jayway.jsonpath.internal.JsonContext -- Put path $ key returnByValue value {}
12:51:16.997 [main] DEBUG com.jayway.jsonpath.internal.path.CompiledPath -- Evaluating path: $
12:51:16.997 [main] DEBUG com.jayway.jsonpath.internal.JsonContext -- Put path $ key returnByValue value true
12:51:16.997 [main] DEBUG com.jayway.jsonpath.internal.path.CompiledPath -- Evaluating path: $
12:51:16.997 [main] DEBUG com.intuit.karate.driver.chrome_1718781663717 -- >> {"id":84,"sessionId":"DF311E9B96F1C738196F27B3E1342D45","method":"Runtime.evaluate","params":{"expression":"document.title","returnByValue":true}}
12:51:16.997 [nioEventLoopGroup-4-1] DEBUG com.intuit.karate.driver.chrome_1718781663717 -- << {"id":84,"result":{"result":{"type":"string","value":"Swag Labs"}},"sessionId":"DF311E9B96F1C738196F27B3E1342D45"}
12:51:16.997 [nioEventLoopGroup-4-1] DEBUG com.jayway.jsonpath.internal.path.CompiledPath -- Evaluating path: $
12:51:16.997 [main] DEBUG com.jayway.jsonpath.internal.path.CompiledPath -- Evaluating path: $['expression']
12:51:16.997 [main] DEBUG com.jayway.jsonpath.internal.path.CompiledPath -- Evaluating path: $
12:51:16.997 [main] DEBUG com.jayway.jsonpath.internal.path.CompiledPath -- Evaluating path: $
12:51:16.997 [main] DEBUG com.jayway.jsonpath.internal.JsonContext -- Put path $ key expression value {}
12:51:16.997 [main] DEBUG com.jayway.jsonpath.internal.path.CompiledPath -- Evaluating path: $
12:51:16.997 [main] DEBUG com.jayway.jsonpath.internal.JsonContext -- Put path $ key expression value document.location.href
12:51:16.997 [main] DEBUG com.jayway.jsonpath.internal.path.CompiledPath -- Evaluating path: $['returnByValue']
12:51:16.997 [main] DEBUG com.jayway.jsonpath.internal.path.CompiledPath -- Evaluating path: $
12:51:16.997 [main] DEBUG com.jayway.jsonpath.internal.path.CompiledPath -- Evaluating path: $
12:51:16.997 [main] DEBUG com.jayway.jsonpath.internal.JsonContext -- Put path $ key returnByValue value {}
12:51:16.997 [main] DEBUG com.jayway.jsonpath.internal.path.CompiledPath -- Evaluating path: $
12:51:16.997 [main] DEBUG com.jayway.jsonpath.internal.JsonContext -- Put path $ key returnByValue value true
12:51:16.997 [main] DEBUG com.jayway.jsonpath.internal.path.CompiledPath -- Evaluating path: $
12:51:16.997 [main] DEBUG com.intuit.karate.driver.chrome_1718781663717 -- >> {"id":85,"sessionId":"DF311E9B96F1C738196F27B3E1342D45","method":"Runtime.evaluate","params":{"expression":"document.location.href","returnByValue":true}}
12:51:16.997 [nioEventLoopGroup-4-1] DEBUG com.intuit.karate.driver.chrome_1718781663717 -- << {"id":85,"result":{"result":{"type":"string","value":"https://www.saucedemo.com/inventory.html"}},"sessionId":"DF311E9B96F1C738196F27B3E1342D45"}
12:51:16.997 [nioEventLoopGroup-4-1] DEBUG com.jayway.jsonpath.internal.path.CompiledPath -- Evaluating path: $
12:51:18.600 [chrome_1718781663717-out] DEBUG com.intuit.karate.driver.chrome_1718781663717 -- Created TensorFlow Lite XNNPACK delegate for CPU.
12:51:19.400 [nioEventLoopGroup-4-1] DEBUG com.intuit.karate.driver.chrome_1718781663717 -- << {"method":"Target.targetDestroyed","params":{"targetId":"6A6F031AD1B637E38D520705C7007683"},"sessionId":"DF311E9B96F1C738196F27B3E1342D45"}
12:51:19.400 [nioEventLoopGroup-4-1] DEBUG com.jayway.jsonpath.internal.path.CompiledPath -- Evaluating path: $
12:51:19.400 [nioEventLoopGroup-4-1] DEBUG com.intuit.karate.driver.chrome_1718781663717 -- << {"method":"Target.targetDestroyed","params":{"targetId":"547F26613173793DB61D5075930A4751"},"sessionId":"DF311E9B96F1C738196F27B3E1342D45"}
12:51:19.400 [nioEventLoopGroup-4-1] DEBUG com.jayway.jsonpath.internal.path.CompiledPath -- Evaluating path: $
12:51:20.010 [main] DEBUG com.jayway.jsonpath.internal.path.CompiledPath -- Evaluating path: $['targetId']
12:51:20.010 [main] DEBUG com.jayway.jsonpath.internal.path.CompiledPath -- Evaluating path: $
12:51:20.010 [main] DEBUG com.jayway.jsonpath.internal.path.CompiledPath -- Evaluating path: $
12:51:20.010 [main] DEBUG com.jayway.jsonpath.internal.JsonContext -- Put path $ key targetId value {}
12:51:20.010 [main] DEBUG com.jayway.jsonpath.internal.path.CompiledPath -- Evaluating path: $
12:51:20.010 [main] DEBUG com.jayway.jsonpath.internal.JsonContext -- Put path $ key targetId value 216D74C20570AF5E5F911D9BFC8B27DE
12:51:20.010 [main] DEBUG com.jayway.jsonpath.internal.path.CompiledPath -- Evaluating path: $
12:51:20.010 [main] DEBUG com.intuit.karate.driver.chrome_1718781663717 -- >> {"id":86,"sessionId":"DF311E9B96F1C738196F27B3E1342D45","method":"Target.closeTarget","params":{"targetId":"216D74C20570AF5E5F911D9BFC8B27DE"}}
12:51:20.010 [nioEventLoopGroup-4-1] DEBUG com.intuit.karate.http.WebSocketClientHandler -- websocket closing
12:51:20.010 [nioEventLoopGroup-4-1] DEBUG com.intuit.karate.http.WebSocketClientHandler -- websocket client disconnected
12:51:20.010 [main] DEBUG com.intuit.karate.shell.Command -- closing command: chrome_1718781663717
]]></system-out>
  </testcase>
  <testcase name="[2.3:35] Login using csv file" classname="UI_Automation_Project/login/login" time="14.166">
    <system-out><![CDATA[12:51:20.016 [main] INFO com.intuit.karate -- karate.env system property was: null 
12:51:20.016 [main] INFO com.intuit.karate -- the browser set is: chromedriver, default: "chrome" 
12:51:20.026 [main] DEBUG com.jayway.jsonpath.internal.path.CompiledPath -- Evaluating path: $
12:51:20.031 [main] DEBUG com.jayway.jsonpath.internal.path.CompiledPath -- Evaluating path: $
12:51:20.031 [main] WARN com.intuit.karate -- type was null, defaulting to 'chrome'
12:51:20.031 [main] DEBUG com.intuit.karate.shell.Command -- found / verified free local port: 53928
12:51:20.031 [main] WARN com.intuit.karate.driver.DriverOptions -- preferred port 9222 not available, will use: 53928
12:51:20.031 [chrome_1718781680031] DEBUG com.intuit.karate.driver.chrome_1718781680031 -- command: [C:\Program Files\Google\Chrome\Application\chrome.exe, --remote-debugging-port=53928, --remote-allow-origins=*, --no-first-run, --user-data-dir=C:\Users\HarshvardhanNigaveka\OneDrive - Academian India Private Limited\Desktop\GitHubActions\karateUI\UI_Automation_Project\target\chrome_1718781680031, --disable-popup-blocking], working dir: target\chrome_1718781680031
12:51:20.031 [main] DEBUG com.intuit.karate.driver.chrome_1718781680031 -- poll attempt #0 for port to be ready - localhost:53928
12:51:20.298 [chrome_1718781680031-out] DEBUG com.intuit.karate.driver.chrome_1718781680031 -- 
12:51:20.298 [main] DEBUG com.intuit.karate.driver.chrome_1718781680031 -- poll attempt #1 for port to be ready - localhost:53928
12:51:20.298 [chrome_1718781680031-out] DEBUG com.intuit.karate.driver.chrome_1718781680031 -- DevTools listening on ws://127.0.0.1:53928/devtools/browser/c1717eb5-bf96-48ce-898a-010ebcc048f8
12:51:20.316 [main] DEBUG org.apache.http.client.protocol.RequestAddCookies -- CookieSpec selected: karate
12:51:20.316 [main] DEBUG org.apache.http.client.protocol.RequestAuthCache -- Auth cache not set in the context
12:51:20.316 [main] DEBUG com.intuit.karate -- request:
1 > GET http://localhost:53928/json
1 > Host: localhost:53928
1 > Connection: Keep-Alive
1 > User-Agent: Apache-HttpClient/4.5.14 (Java/17.0.11)
1 > Accept-Encoding: gzip,deflate


12:51:20.316 [main] DEBUG org.apache.http.impl.conn.PoolingHttpClientConnectionManager -- Connection request: [route: {}->http://localhost:53928][total available: 0; route allocated: 0 of 5; total allocated: 0 of 10]
12:51:20.316 [main] DEBUG org.apache.http.impl.conn.PoolingHttpClientConnectionManager -- Connection leased: [id: 6][route: {}->http://localhost:53928][total available: 0; route allocated: 1 of 5; total allocated: 1 of 10]
12:51:20.316 [main] DEBUG org.apache.http.impl.execchain.MainClientExec -- Opening connection {}->http://localhost:53928
12:51:20.316 [main] DEBUG org.apache.http.impl.conn.DefaultHttpClientConnectionOperator -- Connecting to localhost/127.0.0.1:53928
12:51:20.316 [main] DEBUG org.apache.http.impl.conn.DefaultHttpClientConnectionOperator -- Connection established 127.0.0.1:53931<->127.0.0.1:53928
12:51:20.316 [main] DEBUG org.apache.http.impl.conn.DefaultManagedHttpClientConnection -- http-outgoing-6: set socket timeout to 30000
12:51:20.316 [main] DEBUG org.apache.http.impl.execchain.MainClientExec -- Executing request GET /json HTTP/1.1
12:51:20.316 [main] DEBUG org.apache.http.impl.execchain.MainClientExec -- Target auth state: UNCHALLENGED
12:51:20.316 [main] DEBUG org.apache.http.impl.execchain.MainClientExec -- Proxy auth state: UNCHALLENGED
12:51:20.316 [main] DEBUG org.apache.http.headers -- http-outgoing-6 >> GET /json HTTP/1.1
12:51:20.316 [main] DEBUG org.apache.http.headers -- http-outgoing-6 >> Host: localhost:53928
12:51:20.316 [main] DEBUG org.apache.http.headers -- http-outgoing-6 >> Connection: Keep-Alive
12:51:20.316 [main] DEBUG org.apache.http.headers -- http-outgoing-6 >> User-Agent: Apache-HttpClient/4.5.14 (Java/17.0.11)
12:51:20.316 [main] DEBUG org.apache.http.headers -- http-outgoing-6 >> Accept-Encoding: gzip,deflate
12:51:20.316 [main] DEBUG org.apache.http.wire -- http-outgoing-6 >> "GET /json HTTP/1.1[\r][\n]"
12:51:20.316 [main] DEBUG org.apache.http.wire -- http-outgoing-6 >> "Host: localhost:53928[\r][\n]"
12:51:20.316 [main] DEBUG org.apache.http.wire -- http-outgoing-6 >> "Connection: Keep-Alive[\r][\n]"
12:51:20.316 [main] DEBUG org.apache.http.wire -- http-outgoing-6 >> "User-Agent: Apache-HttpClient/4.5.14 (Java/17.0.11)[\r][\n]"
12:51:20.316 [main] DEBUG org.apache.http.wire -- http-outgoing-6 >> "Accept-Encoding: gzip,deflate[\r][\n]"
12:51:20.316 [main] DEBUG org.apache.http.wire -- http-outgoing-6 >> "[\r][\n]"
12:51:20.414 [main] DEBUG org.apache.http.wire -- http-outgoing-6 << "HTTP/1.1 200 OK[\r][\n]"
12:51:20.414 [main] DEBUG org.apache.http.wire -- http-outgoing-6 << "Content-Security-Policy:frame-ancestors 'none'[\r][\n]"
12:51:20.414 [main] DEBUG org.apache.http.wire -- http-outgoing-6 << "Content-Length:1123[\r][\n]"
12:51:20.414 [main] DEBUG org.apache.http.wire -- http-outgoing-6 << "Content-Type:application/json; charset=UTF-8[\r][\n]"
12:51:20.414 [main] DEBUG org.apache.http.wire -- http-outgoing-6 << "[\r][\n]"
12:51:20.414 [main] DEBUG org.apache.http.wire -- http-outgoing-6 << "[ {[\r][\n]"
12:51:20.414 [main] DEBUG org.apache.http.wire -- http-outgoing-6 << "   "description": "",[\r][\n]"
12:51:20.414 [main] DEBUG org.apache.http.wire -- http-outgoing-6 << "   "devtoolsFrontendUrl": "/devtools/inspector.html?ws=localhost:53928/devtools/page/B6233AF6C15305B9C855A548CFBBB948",[\r][\n]"
12:51:20.414 [main] DEBUG org.apache.http.wire -- http-outgoing-6 << "   "id": "B6233AF6C15305B9C855A548CFBBB948",[\r][\n]"
12:51:20.414 [main] DEBUG org.apache.http.wire -- http-outgoing-6 << "   "title": "Google Network Speech",[\r][\n]"
12:51:20.414 [main] DEBUG org.apache.http.wire -- http-outgoing-6 << "   "type": "background_page",[\r][\n]"
12:51:20.414 [main] DEBUG org.apache.http.wire -- http-outgoing-6 << "   "url": "",[\r][\n]"
12:51:20.414 [main] DEBUG org.apache.http.wire -- http-outgoing-6 << "   "webSocketDebuggerUrl": "ws://localhost:53928/devtools/page/B6233AF6C15305B9C855A548CFBBB948"[\r][\n]"
12:51:20.414 [main] DEBUG org.apache.http.wire -- http-outgoing-6 << "}, {[\r][\n]"
12:51:20.414 [main] DEBUG org.apache.http.wire -- http-outgoing-6 << "   "description": "",[\r][\n]"
12:51:20.414 [main] DEBUG org.apache.http.wire -- http-outgoing-6 << "   "devtoolsFrontendUrl": "/devtools/inspector.html?ws=localhost:53928/devtools/page/A0A1411119A4098860F951CB76535F4A",[\r][\n]"
12:51:20.414 [main] DEBUG org.apache.http.wire -- http-outgoing-6 << "   "id": "A0A1411119A4098860F951CB76535F4A",[\r][\n]"
12:51:20.414 [main] DEBUG org.apache.http.wire -- http-outgoing-6 << "   "title": "Google Hangouts",[\r][\n]"
12:51:20.414 [main] DEBUG org.apache.http.wire -- http-outgoing-6 << "   "type": "background_page",[\r][\n]"
12:51:20.414 [main] DEBUG org.apache.http.wire -- http-outgoing-6 << "   "url": "",[\r][\n]"
12:51:20.414 [main] DEBUG org.apache.http.wire -- http-outgoing-6 << "   "webSocketDebuggerUrl": "ws://localhost:53928/devtools/page/A0A1411119A4098860F951CB76535F4A"[\r][\n]"
12:51:20.414 [main] DEBUG org.apache.http.wire -- http-outgoing-6 << "}, {[\r][\n]"
12:51:20.414 [main] DEBUG org.apache.http.wire -- http-outgoing-6 << "   "description": "",[\r][\n]"
12:51:20.414 [main] DEBUG org.apache.http.wire -- http-outgoing-6 << "   "devtoolsFrontendUrl": "/devtools/inspector.html?ws=localhost:53928/devtools/page/50D95E8A3870C57CB860BECB5D3A62DE",[\r][\n]"
12:51:20.414 [main] DEBUG org.apache.http.wire -- http-outgoing-6 << "   "id": "50D95E8A3870C57CB860BECB5D3A62DE",[\r][\n]"
12:51:20.414 [main] DEBUG org.apache.http.wire -- http-outgoing-6 << "   "title": "New Tab",[\r][\n]"
12:51:20.414 [main] DEBUG org.apache.http.wire -- http-outgoing-6 << "   "type": "page",[\r][\n]"
12:51:20.414 [main] DEBUG org.apache.http.wire -- http-outgoing-6 << "   "url": "chrome://newtab/",[\r][\n]"
12:51:20.414 [main] DEBUG org.apache.http.wire -- http-outgoing-6 << "   "webSocketDebuggerUrl": "ws://localhost:53928/devtools/page/50D95E8A3870C57CB860BECB5D3A62DE"[\r][\n]"
12:51:20.414 [main] DEBUG org.apache.http.wire -- http-outgoing-6 << "} ][\r][\n]"
12:51:20.414 [main] DEBUG org.apache.http.headers -- http-outgoing-6 << HTTP/1.1 200 OK
12:51:20.414 [main] DEBUG org.apache.http.headers -- http-outgoing-6 << Content-Security-Policy:frame-ancestors 'none'
12:51:20.414 [main] DEBUG org.apache.http.headers -- http-outgoing-6 << Content-Length:1123
12:51:20.414 [main] DEBUG org.apache.http.headers -- http-outgoing-6 << Content-Type:application/json; charset=UTF-8
12:51:20.415 [main] DEBUG org.apache.http.impl.execchain.MainClientExec -- Connection can be kept alive indefinitely
12:51:20.415 [main] DEBUG org.apache.http.impl.conn.PoolingHttpClientConnectionManager -- Connection [id: 6][route: {}->http://localhost:53928] can be kept alive indefinitely
12:51:20.415 [main] DEBUG org.apache.http.impl.conn.DefaultManagedHttpClientConnection -- http-outgoing-6: set socket timeout to 0
12:51:20.415 [main] DEBUG org.apache.http.impl.conn.PoolingHttpClientConnectionManager -- Connection released: [id: 6][route: {}->http://localhost:53928][total available: 1; route allocated: 1 of 5; total allocated: 1 of 10]
12:51:20.415 [main] DEBUG org.apache.http.impl.conn.PoolingHttpClientConnectionManager -- Connection manager is shutting down
12:51:20.415 [main] DEBUG org.apache.http.impl.conn.DefaultManagedHttpClientConnection -- http-outgoing-6: Close connection
12:51:20.415 [main] DEBUG org.apache.http.impl.conn.PoolingHttpClientConnectionManager -- Connection manager shut down
12:51:20.415 [main] DEBUG com.intuit.karate -- response time in milliseconds: 99
1 < 200
1 < Content-Security-Policy: frame-ancestors 'none'
1 < Content-Length: 1123
1 < Content-Type: application/json; charset=UTF-8
[ {
   "description": "",
   "devtoolsFrontendUrl": "/devtools/inspector.html?ws=localhost:53928/devtools/page/B6233AF6C15305B9C855A548CFBBB948",
   "id": "B6233AF6C15305B9C855A548CFBBB948",
   "title": "Google Network Speech",
   "type": "background_page",
   "url": "",
   "webSocketDebuggerUrl": "ws://localhost:53928/devtools/page/B6233AF6C15305B9C855A548CFBBB948"
}, {
   "description": "",
   "devtoolsFrontendUrl": "/devtools/inspector.html?ws=localhost:53928/devtools/page/A0A1411119A4098860F951CB76535F4A",
   "id": "A0A1411119A4098860F951CB76535F4A",
   "title": "Google Hangouts",
   "type": "background_page",
   "url": "",
   "webSocketDebuggerUrl": "ws://localhost:53928/devtools/page/A0A1411119A4098860F951CB76535F4A"
}, {
   "description": "",
   "devtoolsFrontendUrl": "/devtools/inspector.html?ws=localhost:53928/devtools/page/50D95E8A3870C57CB860BECB5D3A62DE",
   "id": "50D95E8A3870C57CB860BECB5D3A62DE",
   "title": "New Tab",
   "type": "page",
   "url": "chrome://newtab/",
   "webSocketDebuggerUrl": "ws://localhost:53928/devtools/page/50D95E8A3870C57CB860BECB5D3A62DE"
} ]


12:51:20.417 [main] DEBUG com.jayway.jsonpath.internal.path.CompiledPath -- Evaluating path: $
12:51:20.417 [main] DEBUG com.intuit.karate.shell.Command -- ready to accept http connections after 101 ms - http://localhost:53928/json
12:51:20.419 [main] DEBUG org.apache.http.client.protocol.RequestAddCookies -- CookieSpec selected: karate
12:51:20.419 [main] DEBUG org.apache.http.client.protocol.RequestAuthCache -- Auth cache not set in the context
12:51:20.419 [main] DEBUG com.intuit.karate -- request:
1 > GET http://localhost:53928/json
1 > Host: localhost:53928
1 > Connection: Keep-Alive
1 > User-Agent: Apache-HttpClient/4.5.14 (Java/17.0.11)
1 > Accept-Encoding: gzip,deflate


12:51:20.419 [main] DEBUG org.apache.http.impl.conn.PoolingHttpClientConnectionManager -- Connection request: [route: {}->http://localhost:53928][total available: 0; route allocated: 0 of 5; total allocated: 0 of 10]
12:51:20.419 [main] DEBUG org.apache.http.impl.conn.PoolingHttpClientConnectionManager -- Connection leased: [id: 7][route: {}->http://localhost:53928][total available: 0; route allocated: 1 of 5; total allocated: 1 of 10]
12:51:20.419 [main] DEBUG org.apache.http.impl.execchain.MainClientExec -- Opening connection {}->http://localhost:53928
12:51:20.419 [main] DEBUG org.apache.http.impl.conn.DefaultHttpClientConnectionOperator -- Connecting to localhost/127.0.0.1:53928
12:51:20.420 [main] DEBUG org.apache.http.impl.conn.DefaultHttpClientConnectionOperator -- Connection established 127.0.0.1:53932<->127.0.0.1:53928
12:51:20.420 [main] DEBUG org.apache.http.impl.conn.DefaultManagedHttpClientConnection -- http-outgoing-7: set socket timeout to 30000
12:51:20.420 [main] DEBUG org.apache.http.impl.execchain.MainClientExec -- Executing request GET /json HTTP/1.1
12:51:20.420 [main] DEBUG org.apache.http.impl.execchain.MainClientExec -- Target auth state: UNCHALLENGED
12:51:20.420 [main] DEBUG org.apache.http.impl.execchain.MainClientExec -- Proxy auth state: UNCHALLENGED
12:51:20.420 [main] DEBUG org.apache.http.headers -- http-outgoing-7 >> GET /json HTTP/1.1
12:51:20.420 [main] DEBUG org.apache.http.headers -- http-outgoing-7 >> Host: localhost:53928
12:51:20.420 [main] DEBUG org.apache.http.headers -- http-outgoing-7 >> Connection: Keep-Alive
12:51:20.420 [main] DEBUG org.apache.http.headers -- http-outgoing-7 >> User-Agent: Apache-HttpClient/4.5.14 (Java/17.0.11)
12:51:20.420 [main] DEBUG org.apache.http.headers -- http-outgoing-7 >> Accept-Encoding: gzip,deflate
12:51:20.420 [main] DEBUG org.apache.http.wire -- http-outgoing-7 >> "GET /json HTTP/1.1[\r][\n]"
12:51:20.420 [main] DEBUG org.apache.http.wire -- http-outgoing-7 >> "Host: localhost:53928[\r][\n]"
12:51:20.420 [main] DEBUG org.apache.http.wire -- http-outgoing-7 >> "Connection: Keep-Alive[\r][\n]"
12:51:20.420 [main] DEBUG org.apache.http.wire -- http-outgoing-7 >> "User-Agent: Apache-HttpClient/4.5.14 (Java/17.0.11)[\r][\n]"
12:51:20.420 [main] DEBUG org.apache.http.wire -- http-outgoing-7 >> "Accept-Encoding: gzip,deflate[\r][\n]"
12:51:20.420 [main] DEBUG org.apache.http.wire -- http-outgoing-7 >> "[\r][\n]"
12:51:20.427 [main] DEBUG org.apache.http.wire -- http-outgoing-7 << "HTTP/1.1 200 OK[\r][\n]"
12:51:20.427 [main] DEBUG org.apache.http.wire -- http-outgoing-7 << "Content-Security-Policy:frame-ancestors 'none'[\r][\n]"
12:51:20.427 [main] DEBUG org.apache.http.wire -- http-outgoing-7 << "Content-Length:1190[\r][\n]"
12:51:20.427 [main] DEBUG org.apache.http.wire -- http-outgoing-7 << "Content-Type:application/json; charset=UTF-8[\r][\n]"
12:51:20.427 [main] DEBUG org.apache.http.wire -- http-outgoing-7 << "[\r][\n]"
12:51:20.427 [main] DEBUG org.apache.http.wire -- http-outgoing-7 << "[ {[\r][\n]"
12:51:20.427 [main] DEBUG org.apache.http.wire -- http-outgoing-7 << "   "description": "",[\r][\n]"
12:51:20.427 [main] DEBUG org.apache.http.wire -- http-outgoing-7 << "   "devtoolsFrontendUrl": "/devtools/inspector.html?ws=localhost:53928/devtools/page/B6233AF6C15305B9C855A548CFBBB948",[\r][\n]"
12:51:20.427 [main] DEBUG org.apache.http.wire -- http-outgoing-7 << "   "id": "B6233AF6C15305B9C855A548CFBBB948",[\r][\n]"
12:51:20.427 [main] DEBUG org.apache.http.wire -- http-outgoing-7 << "   "title": "Google Network Speech",[\r][\n]"
12:51:20.427 [main] DEBUG org.apache.http.wire -- http-outgoing-7 << "   "type": "background_page",[\r][\n]"
12:51:20.427 [main] DEBUG org.apache.http.wire -- http-outgoing-7 << "   "url": "",[\r][\n]"
12:51:20.427 [main] DEBUG org.apache.http.wire -- http-outgoing-7 << "   "webSocketDebuggerUrl": "ws://localhost:53928/devtools/page/B6233AF6C15305B9C855A548CFBBB948"[\r][\n]"
12:51:20.427 [main] DEBUG org.apache.http.wire -- http-outgoing-7 << "}, {[\r][\n]"
12:51:20.427 [main] DEBUG org.apache.http.wire -- http-outgoing-7 << "   "description": "",[\r][\n]"
12:51:20.427 [main] DEBUG org.apache.http.wire -- http-outgoing-7 << "   "devtoolsFrontendUrl": "/devtools/inspector.html?ws=localhost:53928/devtools/page/A0A1411119A4098860F951CB76535F4A",[\r][\n]"
12:51:20.427 [main] DEBUG org.apache.http.wire -- http-outgoing-7 << "   "id": "A0A1411119A4098860F951CB76535F4A",[\r][\n]"
12:51:20.427 [main] DEBUG org.apache.http.wire -- http-outgoing-7 << "   "title": "Google Hangouts",[\r][\n]"
12:51:20.427 [main] DEBUG org.apache.http.wire -- http-outgoing-7 << "   "type": "background_page",[\r][\n]"
12:51:20.427 [main] DEBUG org.apache.http.wire -- http-outgoing-7 << "   "url": "chrome-extension://nkeimhogjdpnpccoofpliimaahmaaome/background.html",[\r][\n]"
12:51:20.427 [main] DEBUG org.apache.http.wire -- http-outgoing-7 << "   "webSocketDebuggerUrl": "ws://localhost:53928/devtools/page/A0A1411119A4098860F951CB76535F4A"[\r][\n]"
12:51:20.427 [main] DEBUG org.apache.http.wire -- http-outgoing-7 << "}, {[\r][\n]"
12:51:20.427 [main] DEBUG org.apache.http.wire -- http-outgoing-7 << "   "description": "",[\r][\n]"
12:51:20.427 [main] DEBUG org.apache.http.wire -- http-outgoing-7 << "   "devtoolsFrontendUrl": "/devtools/inspector.html?ws=localhost:53928/devtools/page/50D95E8A3870C57CB860BECB5D3A62DE",[\r][\n]"
12:51:20.427 [main] DEBUG org.apache.http.wire -- http-outgoing-7 << "   "id": "50D95E8A3870C57CB860BECB5D3A62DE",[\r][\n]"
12:51:20.427 [main] DEBUG org.apache.http.wire -- http-outgoing-7 << "   "title": "New Tab",[\r][\n]"
12:51:20.427 [main] DEBUG org.apache.http.wire -- http-outgoing-7 << "   "type": "page",[\r][\n]"
12:51:20.427 [main] DEBUG org.apache.http.wire -- http-outgoing-7 << "   "url": "chrome://newtab/",[\r][\n]"
12:51:20.427 [main] DEBUG org.apache.http.wire -- http-outgoing-7 << "   "webSocketDebuggerUrl": "ws://localhost:53928/devtools/page/50D95E8A3870C57CB860BECB5D3A62DE"[\r][\n]"
12:51:20.427 [main] DEBUG org.apache.http.wire -- http-outgoing-7 << "} ][\r][\n]"
12:51:20.427 [main] DEBUG org.apache.http.headers -- http-outgoing-7 << HTTP/1.1 200 OK
12:51:20.427 [main] DEBUG org.apache.http.headers -- http-outgoing-7 << Content-Security-Policy:frame-ancestors 'none'
12:51:20.427 [main] DEBUG org.apache.http.headers -- http-outgoing-7 << Content-Length:1190
12:51:20.427 [main] DEBUG org.apache.http.headers -- http-outgoing-7 << Content-Type:application/json; charset=UTF-8
12:51:20.430 [main] DEBUG org.apache.http.impl.execchain.MainClientExec -- Connection can be kept alive indefinitely
12:51:20.431 [main] DEBUG org.apache.http.impl.conn.PoolingHttpClientConnectionManager -- Connection [id: 7][route: {}->http://localhost:53928] can be kept alive indefinitely
12:51:20.431 [main] DEBUG org.apache.http.impl.conn.DefaultManagedHttpClientConnection -- http-outgoing-7: set socket timeout to 0
12:51:20.431 [main] DEBUG org.apache.http.impl.conn.PoolingHttpClientConnectionManager -- Connection released: [id: 7][route: {}->http://localhost:53928][total available: 1; route allocated: 1 of 5; total allocated: 1 of 10]
12:51:20.431 [main] DEBUG org.apache.http.impl.conn.PoolingHttpClientConnectionManager -- Connection manager is shutting down
12:51:20.431 [main] DEBUG org.apache.http.impl.conn.DefaultManagedHttpClientConnection -- http-outgoing-7: Close connection
12:51:20.431 [main] DEBUG org.apache.http.impl.conn.PoolingHttpClientConnectionManager -- Connection manager shut down
12:51:20.431 [main] DEBUG com.intuit.karate -- response time in milliseconds: 12
1 < 200
1 < Content-Security-Policy: frame-ancestors 'none'
1 < Content-Length: 1190
1 < Content-Type: application/json; charset=UTF-8
[ {
   "description": "",
   "devtoolsFrontendUrl": "/devtools/inspector.html?ws=localhost:53928/devtools/page/B6233AF6C15305B9C855A548CFBBB948",
   "id": "B6233AF6C15305B9C855A548CFBBB948",
   "title": "Google Network Speech",
   "type": "background_page",
   "url": "",
   "webSocketDebuggerUrl": "ws://localhost:53928/devtools/page/B6233AF6C15305B9C855A548CFBBB948"
}, {
   "description": "",
   "devtoolsFrontendUrl": "/devtools/inspector.html?ws=localhost:53928/devtools/page/A0A1411119A4098860F951CB76535F4A",
   "id": "A0A1411119A4098860F951CB76535F4A",
   "title": "Google Hangouts",
   "type": "background_page",
   "url": "chrome-extension://nkeimhogjdpnpccoofpliimaahmaaome/background.html",
   "webSocketDebuggerUrl": "ws://localhost:53928/devtools/page/A0A1411119A4098860F951CB76535F4A"
}, {
   "description": "",
   "devtoolsFrontendUrl": "/devtools/inspector.html?ws=localhost:53928/devtools/page/50D95E8A3870C57CB860BECB5D3A62DE",
   "id": "50D95E8A3870C57CB860BECB5D3A62DE",
   "title": "New Tab",
   "type": "page",
   "url": "chrome://newtab/",
   "webSocketDebuggerUrl": "ws://localhost:53928/devtools/page/50D95E8A3870C57CB860BECB5D3A62DE"
} ]


12:51:20.431 [main] DEBUG com.jayway.jsonpath.internal.path.CompiledPath -- Evaluating path: $
12:51:20.431 [main] DEBUG com.jayway.jsonpath.internal.path.CompiledPath -- Evaluating path: $
12:51:20.431 [main] DEBUG com.intuit.karate.driver.chrome_1718781680031 -- root frame id: 50D95E8A3870C57CB860BECB5D3A62DE
12:51:20.617 [nioEventLoopGroup-5-1] DEBUG io.netty.handler.codec.http.websocketx.WebSocketClientHandshaker13 -- WebSocket version 13 client handshake key: RbeiP2SSX+cJIbO5Jp596Q==, expected response: KU323A8gOUf6W2A0TI8ma1UDY6w=
12:51:20.622 [nioEventLoopGroup-5-1] DEBUG com.intuit.karate.http.WebSocketClientHandler -- websocket client connected
12:51:20.622 [main] DEBUG com.jayway.jsonpath.internal.path.CompiledPath -- Evaluating path: $['targetId']
12:51:20.622 [main] DEBUG com.jayway.jsonpath.internal.path.CompiledPath -- Evaluating path: $
12:51:20.622 [main] DEBUG com.jayway.jsonpath.internal.path.CompiledPath -- Evaluating path: $
12:51:20.622 [main] DEBUG com.jayway.jsonpath.internal.JsonContext -- Put path $ key targetId value {}
12:51:20.622 [main] DEBUG com.jayway.jsonpath.internal.path.CompiledPath -- Evaluating path: $
12:51:20.622 [main] DEBUG com.jayway.jsonpath.internal.JsonContext -- Put path $ key targetId value 50D95E8A3870C57CB860BECB5D3A62DE
12:51:20.622 [main] DEBUG com.jayway.jsonpath.internal.path.CompiledPath -- Evaluating path: $['flatten']
12:51:20.622 [main] DEBUG com.jayway.jsonpath.internal.path.CompiledPath -- Evaluating path: $
12:51:20.622 [main] DEBUG com.jayway.jsonpath.internal.path.CompiledPath -- Evaluating path: $
12:51:20.622 [main] DEBUG com.jayway.jsonpath.internal.JsonContext -- Put path $ key flatten value {}
12:51:20.622 [main] DEBUG com.jayway.jsonpath.internal.path.CompiledPath -- Evaluating path: $
12:51:20.622 [main] DEBUG com.jayway.jsonpath.internal.JsonContext -- Put path $ key flatten value true
12:51:20.622 [main] DEBUG com.jayway.jsonpath.internal.path.CompiledPath -- Evaluating path: $
12:51:20.622 [main] DEBUG com.intuit.karate.driver.chrome_1718781680031 -- >> {"id":1,"method":"Target.attachToTarget","params":{"targetId":"50D95E8A3870C57CB860BECB5D3A62DE","flatten":true}}
12:51:20.622 [nioEventLoopGroup-5-1] DEBUG com.intuit.karate.driver.chrome_1718781680031 -- << {"method":"Target.attachedToTarget","params":{"sessionId":"A56E300532ABA6D87A937B5310C50C9B","targetInfo":{"targetId":"50D95E8A3870C57CB860BECB5D3A62DE","type":"page","title":"New Tab","url":"chrome://newtab/","attached":true,"canAccessOpener":false,"browserContextId":"7EA36684831AC84EDA6E0C1430E1951B"},"waitingForDebugger":false}}
12:51:20.622 [nioEventLoopGroup-5-1] DEBUG com.jayway.jsonpath.internal.path.CompiledPath -- Evaluating path: $
12:51:20.622 [nioEventLoopGroup-5-1] DEBUG com.jayway.jsonpath.internal.path.CompiledPath -- Evaluating path: $['targetInfo']['type']
12:51:20.622 [nioEventLoopGroup-5-1] DEBUG com.intuit.karate.driver.chrome_1718781680031 -- << {"id":1,"result":{"sessionId":"A56E300532ABA6D87A937B5310C50C9B"}}
12:51:20.622 [nioEventLoopGroup-5-1] DEBUG com.jayway.jsonpath.internal.path.CompiledPath -- Evaluating path: $
12:51:20.622 [main] DEBUG com.jayway.jsonpath.internal.path.CompiledPath -- Evaluating path: $['sessionId']
12:51:20.622 [main] DEBUG com.jayway.jsonpath.internal.path.CompiledPath -- Evaluating path: $['targetId']
12:51:20.622 [main] DEBUG com.jayway.jsonpath.internal.path.CompiledPath -- Evaluating path: $
12:51:20.622 [main] DEBUG com.jayway.jsonpath.internal.path.CompiledPath -- Evaluating path: $
12:51:20.622 [main] DEBUG com.jayway.jsonpath.internal.JsonContext -- Put path $ key targetId value {}
12:51:20.622 [main] DEBUG com.jayway.jsonpath.internal.path.CompiledPath -- Evaluating path: $
12:51:20.622 [main] DEBUG com.jayway.jsonpath.internal.JsonContext -- Put path $ key targetId value 50D95E8A3870C57CB860BECB5D3A62DE
12:51:20.622 [main] DEBUG com.jayway.jsonpath.internal.path.CompiledPath -- Evaluating path: $
12:51:20.622 [main] DEBUG com.intuit.karate.driver.chrome_1718781680031 -- >> {"id":2,"sessionId":"A56E300532ABA6D87A937B5310C50C9B","method":"Target.activateTarget","params":{"targetId":"50D95E8A3870C57CB860BECB5D3A62DE"}}
12:51:20.622 [nioEventLoopGroup-5-1] DEBUG com.intuit.karate.driver.chrome_1718781680031 -- << {"id":2,"result":{},"sessionId":"A56E300532ABA6D87A937B5310C50C9B"}
12:51:20.622 [nioEventLoopGroup-5-1] DEBUG com.jayway.jsonpath.internal.path.CompiledPath -- Evaluating path: $
12:51:20.622 [main] DEBUG com.jayway.jsonpath.internal.path.CompiledPath -- Evaluating path: $['discover']
12:51:20.630 [main] DEBUG com.jayway.jsonpath.internal.path.CompiledPath -- Evaluating path: $
12:51:20.630 [main] DEBUG com.jayway.jsonpath.internal.path.CompiledPath -- Evaluating path: $
12:51:20.630 [main] DEBUG com.jayway.jsonpath.internal.JsonContext -- Put path $ key discover value {}
12:51:20.630 [main] DEBUG com.jayway.jsonpath.internal.path.CompiledPath -- Evaluating path: $
12:51:20.630 [main] DEBUG com.jayway.jsonpath.internal.JsonContext -- Put path $ key discover value true
12:51:20.630 [main] DEBUG com.jayway.jsonpath.internal.path.CompiledPath -- Evaluating path: $
12:51:20.630 [main] DEBUG com.intuit.karate.driver.chrome_1718781680031 -- >> {"id":3,"sessionId":"A56E300532ABA6D87A937B5310C50C9B","method":"Target.setDiscoverTargets","params":{"discover":true}}
12:51:20.630 [nioEventLoopGroup-5-1] DEBUG com.intuit.karate.driver.chrome_1718781680031 -- << {"method":"Target.targetCreated","params":{"targetInfo":{"targetId":"50D95E8A3870C57CB860BECB5D3A62DE","type":"page","title":"New Tab","url":"chrome://newtab/","attached":true,"canAccessOpener":false,"browserContextId":"7EA36684831AC84EDA6E0C1430E1951B"}},"sessionId":"A56E300532ABA6D87A937B5310C50C9B"}
12:51:20.630 [nioEventLoopGroup-5-1] DEBUG com.jayway.jsonpath.internal.path.CompiledPath -- Evaluating path: $
12:51:20.630 [nioEventLoopGroup-5-1] DEBUG com.intuit.karate.driver.chrome_1718781680031 -- << {"method":"Target.targetCreated","params":{"targetInfo":{"targetId":"A0A1411119A4098860F951CB76535F4A","type":"background_page","title":"Google Hangouts","url":"chrome-extension://nkeimhogjdpnpccoofpliimaahmaaome/background.html","attached":false,"canAccessOpener":false,"browserContextId":"7EA36684831AC84EDA6E0C1430E1951B"}},"sessionId":"A56E300532ABA6D87A937B5310C50C9B"}
12:51:20.630 [nioEventLoopGroup-5-1] DEBUG com.jayway.jsonpath.internal.path.CompiledPath -- Evaluating path: $
12:51:20.630 [nioEventLoopGroup-5-1] DEBUG com.intuit.karate.driver.chrome_1718781680031 -- << {"method":"Target.targetCreated","params":{"targetInfo":{"targetId":"B6233AF6C15305B9C855A548CFBBB948","type":"background_page","title":"Google Network Speech","url":"chrome-extension://neajdppkdcdipfabeoofebfddakdcjhd/_generated_background_page.html","attached":false,"canAccessOpener":false,"browserContextId":"7EA36684831AC84EDA6E0C1430E1951B"}},"sessionId":"A56E300532ABA6D87A937B5310C50C9B"}
12:51:20.630 [nioEventLoopGroup-5-1] DEBUG com.jayway.jsonpath.internal.path.CompiledPath -- Evaluating path: $
12:51:20.630 [nioEventLoopGroup-5-1] DEBUG com.intuit.karate.driver.chrome_1718781680031 -- << {"id":3,"result":{},"sessionId":"A56E300532ABA6D87A937B5310C50C9B"}
12:51:20.630 [nioEventLoopGroup-5-1] DEBUG com.jayway.jsonpath.internal.path.CompiledPath -- Evaluating path: $
12:51:20.630 [main] DEBUG com.intuit.karate.driver.chrome_1718781680031 -- >> {"id":4,"sessionId":"A56E300532ABA6D87A937B5310C50C9B","method":"Page.enable"}
12:51:20.718 [nioEventLoopGroup-5-1] DEBUG com.intuit.karate.driver.chrome_1718781680031 -- << {"id":4,"result":{},"sessionId":"A56E300532ABA6D87A937B5310C50C9B"}
12:51:20.718 [nioEventLoopGroup-5-1] DEBUG com.jayway.jsonpath.internal.path.CompiledPath -- Evaluating path: $
12:51:20.718 [main] DEBUG com.intuit.karate.driver.chrome_1718781680031 -- >> {"id":5,"sessionId":"A56E300532ABA6D87A937B5310C50C9B","method":"Runtime.enable"}
12:51:20.726 [nioEventLoopGroup-5-1] DEBUG com.intuit.karate.driver.chrome_1718781680031 -- << {"method":"Page.loadEventFired","params":{"timestamp":52759.239884},"sessionId":"A56E300532ABA6D87A937B5310C50C9B"}
12:51:20.726 [nioEventLoopGroup-5-1] DEBUG com.jayway.jsonpath.internal.path.CompiledPath -- Evaluating path: $
12:51:20.726 [nioEventLoopGroup-5-1] DEBUG com.intuit.karate.driver.chrome_1718781680031 -- << {"method":"Page.frameStoppedLoading","params":{"frameId":"50D95E8A3870C57CB860BECB5D3A62DE"},"sessionId":"A56E300532ABA6D87A937B5310C50C9B"}
12:51:20.726 [nioEventLoopGroup-5-1] DEBUG com.jayway.jsonpath.internal.path.CompiledPath -- Evaluating path: $
12:51:20.726 [nioEventLoopGroup-5-1] DEBUG com.jayway.jsonpath.internal.path.CompiledPath -- Evaluating path: $['frameId']
12:51:20.730 [nioEventLoopGroup-5-1] DEBUG com.intuit.karate.driver.chrome_1718781680031 -- << {"method":"Runtime.executionContextCreated","params":{"context":{"id":2,"origin":"chrome://new-tab-page","name":"","uniqueId":"-873704439001202257.-3639070872801540926","auxData":{"isDefault":true,"type":"default","frameId":"ADFDB6A050435FDD928C92232D6D35C7"}}},"sessionId":"A56E300532ABA6D87A937B5310C50C9B"}
12:51:20.730 [nioEventLoopGroup-5-1] DEBUG com.jayway.jsonpath.internal.path.CompiledPath -- Evaluating path: $
12:51:20.734 [nioEventLoopGroup-5-1] DEBUG com.jayway.jsonpath.internal.path.CompiledPath -- Evaluating path: $['context']['auxData']['frameId']
12:51:20.734 [nioEventLoopGroup-5-1] DEBUG com.jayway.jsonpath.internal.path.CompiledPath -- Evaluating path: $['context']['id']
12:51:20.734 [nioEventLoopGroup-5-1] DEBUG com.intuit.karate.driver.chrome_1718781680031 -- << {"method":"Runtime.executionContextCreated","params":{"context":{"id":1,"origin":"chrome://new-tab-page","name":"","uniqueId":"-6791989386444576295.477665700730039938","auxData":{"isDefault":true,"type":"default","frameId":"50D95E8A3870C57CB860BECB5D3A62DE"}}},"sessionId":"A56E300532ABA6D87A937B5310C50C9B"}
12:51:20.734 [nioEventLoopGroup-5-1] DEBUG com.jayway.jsonpath.internal.path.CompiledPath -- Evaluating path: $
12:51:20.734 [nioEventLoopGroup-5-1] DEBUG com.jayway.jsonpath.internal.path.CompiledPath -- Evaluating path: $['context']['auxData']['frameId']
12:51:20.734 [nioEventLoopGroup-5-1] DEBUG com.jayway.jsonpath.internal.path.CompiledPath -- Evaluating path: $['context']['id']
12:51:20.734 [nioEventLoopGroup-5-1] DEBUG com.intuit.karate.driver.chrome_1718781680031 -- << {"id":5,"result":{},"sessionId":"A56E300532ABA6D87A937B5310C50C9B"}
12:51:20.734 [nioEventLoopGroup-5-1] DEBUG com.jayway.jsonpath.internal.path.CompiledPath -- Evaluating path: $
12:51:20.734 [main] DEBUG com.jayway.jsonpath.internal.path.CompiledPath -- Evaluating path: $['targetId']
12:51:20.734 [main] DEBUG com.jayway.jsonpath.internal.path.CompiledPath -- Evaluating path: $
12:51:20.734 [main] DEBUG com.jayway.jsonpath.internal.path.CompiledPath -- Evaluating path: $
12:51:20.734 [main] DEBUG com.jayway.jsonpath.internal.JsonContext -- Put path $ key targetId value {}
12:51:20.734 [main] DEBUG com.jayway.jsonpath.internal.path.CompiledPath -- Evaluating path: $
12:51:20.734 [main] DEBUG com.jayway.jsonpath.internal.JsonContext -- Put path $ key targetId value 50D95E8A3870C57CB860BECB5D3A62DE
12:51:20.734 [main] DEBUG com.jayway.jsonpath.internal.path.CompiledPath -- Evaluating path: $
12:51:20.734 [main] DEBUG com.intuit.karate.driver.chrome_1718781680031 -- >> {"id":6,"sessionId":"A56E300532ABA6D87A937B5310C50C9B","method":"Browser.getWindowForTarget","params":{"targetId":"50D95E8A3870C57CB860BECB5D3A62DE"}}
12:51:20.737 [nioEventLoopGroup-5-1] DEBUG com.intuit.karate.driver.chrome_1718781680031 -- << {"id":6,"result":{"windowId":1953452984,"bounds":{"left":10,"top":10,"width":1050,"height":652,"windowState":"normal"}},"sessionId":"A56E300532ABA6D87A937B5310C50C9B"}
12:51:20.737 [nioEventLoopGroup-5-1] DEBUG com.jayway.jsonpath.internal.path.CompiledPath -- Evaluating path: $
12:51:20.747 [nioEventLoopGroup-5-1] DEBUG com.intuit.karate.driver.chrome_1718781680031 -- << {"method":"Page.frameAttached","params":{"frameId":"BEBDD65F2C26FC809D077D707CD31637","parentFrameId":"50D95E8A3870C57CB860BECB5D3A62DE","stack":{"callFrames":[{"functionName":"__createAndInsertInstance","scriptId":"9","url":"chrome://resources/polymer/v3_0/polymer/polymer_bundled.min.js","lineNumber":0,"columnNumber":63594},{"functionName":"__ensureInstance","scriptId":"9","url":"chrome://resources/polymer/v3_0/polymer/polymer_bundled.min.js","lineNumber":0,"columnNumber":62645},{"functionName":"__render","scriptId":"9","url":"chrome://resources/polymer/v3_0/polymer/polymer_bundled.min.js","lineNumber":0,"columnNumber":62729},{"functionName":"","scriptId":"9","url":"chrome://resources/polymer/v3_0/polymer/polymer_bundled.min.js","lineNumber":0,"columnNumber":61709},{"functionName":"","scriptId":"9","url":"chrome://resources/polymer/v3_0/polymer/polymer_bundled.min.js","lineNumber":0,"columnNumber":1381},{"functionName":"","scriptId":"9","url":"chrome://resources/polymer/v3_0/polymer/polymer_bundled.min.js"," ...
12:51:20.747 [nioEventLoopGroup-5-1] DEBUG com.jayway.jsonpath.internal.path.CompiledPath -- Evaluating path: $
12:51:20.755 [nioEventLoopGroup-5-1] DEBUG com.intuit.karate.driver.chrome_1718781680031 -- << {"method":"Page.frameStartedLoading","params":{"frameId":"BEBDD65F2C26FC809D077D707CD31637"},"sessionId":"A56E300532ABA6D87A937B5310C50C9B"}
12:51:20.755 [nioEventLoopGroup-5-1] DEBUG com.jayway.jsonpath.internal.path.CompiledPath -- Evaluating path: $
12:51:20.755 [nioEventLoopGroup-5-1] DEBUG com.jayway.jsonpath.internal.path.CompiledPath -- Evaluating path: $['frameId']
12:51:20.848 [main] DEBUG com.jayway.jsonpath.internal.path.CompiledPath -- Evaluating path: $['url']
12:51:20.848 [main] DEBUG com.jayway.jsonpath.internal.path.CompiledPath -- Evaluating path: $
12:51:20.848 [main] DEBUG com.jayway.jsonpath.internal.path.CompiledPath -- Evaluating path: $
12:51:20.848 [main] DEBUG com.jayway.jsonpath.internal.JsonContext -- Put path $ key url value {}
12:51:20.848 [main] DEBUG com.jayway.jsonpath.internal.path.CompiledPath -- Evaluating path: $
12:51:20.848 [main] DEBUG com.jayway.jsonpath.internal.JsonContext -- Put path $ key url value https://www.saucedemo.com/
12:51:20.848 [main] DEBUG com.jayway.jsonpath.internal.path.CompiledPath -- Evaluating path: $
12:51:20.848 [main] DEBUG com.intuit.karate.driver.chrome_1718781680031 -- >> {"id":7,"sessionId":"A56E300532ABA6D87A937B5310C50C9B","method":"Page.navigate","params":{"url":"https:\/\/www.saucedemo.com\/"}}
12:51:20.852 [nioEventLoopGroup-5-1] DEBUG com.intuit.karate.driver.chrome_1718781680031 -- << {"method":"Page.frameStartedLoading","params":{"frameId":"50D95E8A3870C57CB860BECB5D3A62DE"},"sessionId":"A56E300532ABA6D87A937B5310C50C9B"}
12:51:20.852 [nioEventLoopGroup-5-1] DEBUG com.jayway.jsonpath.internal.path.CompiledPath -- Evaluating path: $
12:51:20.852 [nioEventLoopGroup-5-1] DEBUG com.jayway.jsonpath.internal.path.CompiledPath -- Evaluating path: $['frameId']
12:51:20.979 [nioEventLoopGroup-5-1] DEBUG com.intuit.karate.driver.chrome_1718781680031 -- << {"method":"Target.targetCreated","params":{"targetInfo":{"targetId":"BEBDD65F2C26FC809D077D707CD31637","type":"iframe","title":"","url":"","attached":false,"canAccessOpener":false,"browserContextId":"7EA36684831AC84EDA6E0C1430E1951B"}},"sessionId":"A56E300532ABA6D87A937B5310C50C9B"}
12:51:20.979 [nioEventLoopGroup-5-1] DEBUG com.jayway.jsonpath.internal.path.CompiledPath -- Evaluating path: $
12:51:20.982 [nioEventLoopGroup-5-1] DEBUG com.intuit.karate.driver.chrome_1718781680031 -- << {"method":"Target.targetInfoChanged","params":{"targetInfo":{"targetId":"BEBDD65F2C26FC809D077D707CD31637","type":"iframe","title":"chrome-untrusted://new-tab-page/one-google-bar?paramsencoded=","url":"chrome-untrusted://new-tab-page/one-google-bar?paramsencoded=","attached":false,"canAccessOpener":false,"browserContextId":"7EA36684831AC84EDA6E0C1430E1951B"}},"sessionId":"A56E300532ABA6D87A937B5310C50C9B"}
12:51:20.985 [nioEventLoopGroup-5-1] DEBUG com.jayway.jsonpath.internal.path.CompiledPath -- Evaluating path: $
12:51:20.985 [nioEventLoopGroup-5-1] DEBUG com.jayway.jsonpath.internal.path.CompiledPath -- Evaluating path: $['targetInfo']['targetId']
12:51:20.985 [nioEventLoopGroup-5-1] DEBUG com.intuit.karate.driver.chrome_1718781680031 -- << {"method":"Page.frameDetached","params":{"frameId":"BEBDD65F2C26FC809D077D707CD31637","reason":"swap"},"sessionId":"A56E300532ABA6D87A937B5310C50C9B"}
12:51:20.985 [nioEventLoopGroup-5-1] DEBUG com.jayway.jsonpath.internal.path.CompiledPath -- Evaluating path: $
12:51:21.034 [nioEventLoopGroup-5-1] DEBUG com.intuit.karate.driver.chrome_1718781680031 -- << {"id":7,"result":{"frameId":"50D95E8A3870C57CB860BECB5D3A62DE","loaderId":"54910A08A3A7C4E53EACF928EBC63E09"},"sessionId":"A56E300532ABA6D87A937B5310C50C9B"}
12:51:21.034 [nioEventLoopGroup-5-1] DEBUG com.jayway.jsonpath.internal.path.CompiledPath -- Evaluating path: $
12:51:21.034 [nioEventLoopGroup-5-1] DEBUG com.intuit.karate.driver.chrome_1718781680031 -- << {"method":"Runtime.executionContextsCleared","params":{},"sessionId":"A56E300532ABA6D87A937B5310C50C9B"}
12:51:21.034 [nioEventLoopGroup-5-1] DEBUG com.jayway.jsonpath.internal.path.CompiledPath -- Evaluating path: $
12:51:21.041 [nioEventLoopGroup-5-1] DEBUG com.intuit.karate.driver.chrome_1718781680031 -- << {"method":"Page.frameDetached","params":{"frameId":"BEBDD65F2C26FC809D077D707CD31637","reason":"remove"},"sessionId":"A56E300532ABA6D87A937B5310C50C9B"}
12:51:21.041 [nioEventLoopGroup-5-1] DEBUG com.jayway.jsonpath.internal.path.CompiledPath -- Evaluating path: $
12:51:21.041 [nioEventLoopGroup-5-1] DEBUG com.intuit.karate.driver.chrome_1718781680031 -- << {"method":"Target.targetDestroyed","params":{"targetId":"BEBDD65F2C26FC809D077D707CD31637"},"sessionId":"A56E300532ABA6D87A937B5310C50C9B"}
12:51:21.041 [nioEventLoopGroup-5-1] DEBUG com.jayway.jsonpath.internal.path.CompiledPath -- Evaluating path: $
12:51:21.047 [nioEventLoopGroup-5-1] DEBUG com.intuit.karate.driver.chrome_1718781680031 -- << {"method":"Target.targetInfoChanged","params":{"targetInfo":{"targetId":"50D95E8A3870C57CB860BECB5D3A62DE","type":"page","title":"saucedemo.com","url":"https://www.saucedemo.com/","attached":true,"canAccessOpener":false,"browserContextId":"7EA36684831AC84EDA6E0C1430E1951B"}},"sessionId":"A56E300532ABA6D87A937B5310C50C9B"}
12:51:21.047 [nioEventLoopGroup-5-1] DEBUG com.jayway.jsonpath.internal.path.CompiledPath -- Evaluating path: $
12:51:21.047 [nioEventLoopGroup-5-1] DEBUG com.jayway.jsonpath.internal.path.CompiledPath -- Evaluating path: $['targetInfo']['targetId']
12:51:21.051 [nioEventLoopGroup-5-1] DEBUG com.intuit.karate.driver.chrome_1718781680031 -- << {"method":"Runtime.executionContextsCleared","params":{},"sessionId":"A56E300532ABA6D87A937B5310C50C9B"}
12:51:21.051 [nioEventLoopGroup-5-1] DEBUG com.jayway.jsonpath.internal.path.CompiledPath -- Evaluating path: $
12:51:21.051 [nioEventLoopGroup-5-1] DEBUG com.intuit.karate.driver.chrome_1718781680031 -- << {"method":"Page.frameNavigated","params":{"frame":{"id":"50D95E8A3870C57CB860BECB5D3A62DE","loaderId":"54910A08A3A7C4E53EACF928EBC63E09","url":"https://www.saucedemo.com/","domainAndRegistry":"saucedemo.com","securityOrigin":"https://www.saucedemo.com","mimeType":"text/html","adFrameStatus":{"adFrameType":"none"},"secureContextType":"Secure","crossOriginIsolatedContextType":"NotIsolated","gatedAPIFeatures":[]},"type":"Navigation"},"sessionId":"A56E300532ABA6D87A937B5310C50C9B"}
12:51:21.051 [nioEventLoopGroup-5-1] DEBUG com.jayway.jsonpath.internal.path.CompiledPath -- Evaluating path: $
12:51:21.051 [nioEventLoopGroup-5-1] DEBUG com.jayway.jsonpath.internal.path.CompiledPath -- Evaluating path: $['frame']['id']
12:51:21.051 [nioEventLoopGroup-5-1] DEBUG com.jayway.jsonpath.internal.path.CompiledPath -- Evaluating path: $['frame']['url']
12:51:21.051 [nioEventLoopGroup-5-1] DEBUG com.jayway.jsonpath.internal.path.CompiledPath -- Evaluating path: $['frame']['name']
12:51:21.051 [nioEventLoopGroup-5-1] DEBUG com.intuit.karate.driver.chrome_1718781680031 -- << {"method":"Runtime.executionContextCreated","params":{"context":{"id":1,"origin":"https://www.saucedemo.com","name":"","uniqueId":"-6121966683454143642.7982839418182254479","auxData":{"isDefault":true,"type":"default","frameId":"50D95E8A3870C57CB860BECB5D3A62DE"}}},"sessionId":"A56E300532ABA6D87A937B5310C50C9B"}
12:51:21.051 [nioEventLoopGroup-5-1] DEBUG com.jayway.jsonpath.internal.path.CompiledPath -- Evaluating path: $
12:51:21.051 [nioEventLoopGroup-5-1] DEBUG com.jayway.jsonpath.internal.path.CompiledPath -- Evaluating path: $['context']['auxData']['frameId']
12:51:21.051 [nioEventLoopGroup-5-1] DEBUG com.jayway.jsonpath.internal.path.CompiledPath -- Evaluating path: $['context']['id']
12:51:21.381 [nioEventLoopGroup-5-1] DEBUG com.intuit.karate.driver.chrome_1718781680031 -- << {"method":"Page.domContentEventFired","params":{"timestamp":52759.893919},"sessionId":"A56E300532ABA6D87A937B5310C50C9B"}
12:51:21.381 [nioEventLoopGroup-5-1] DEBUG com.jayway.jsonpath.internal.path.CompiledPath -- Evaluating path: $
12:51:21.385 [main] DEBUG com.jayway.jsonpath.internal.path.CompiledPath -- Evaluating path: $['expression']
12:51:21.385 [main] DEBUG com.jayway.jsonpath.internal.path.CompiledPath -- Evaluating path: $
12:51:21.385 [main] DEBUG com.jayway.jsonpath.internal.path.CompiledPath -- Evaluating path: $
12:51:21.385 [main] DEBUG com.jayway.jsonpath.internal.JsonContext -- Put path $ key expression value {}
12:51:21.385 [main] DEBUG com.jayway.jsonpath.internal.path.CompiledPath -- Evaluating path: $
12:51:21.385 [main] DEBUG com.jayway.jsonpath.internal.JsonContext -- Put path $ key expression value var e = document.evaluate("//*[@id='user-name']", document, null, 9, null).singleNodeValue; e.focus(); try { e.selectionStart = e.selectionEnd = e.value.length } catch(x) {}
12:51:21.385 [main] DEBUG com.jayway.jsonpath.internal.path.CompiledPath -- Evaluating path: $['returnByValue']
12:51:21.385 [main] DEBUG com.jayway.jsonpath.internal.path.CompiledPath -- Evaluating path: $
12:51:21.385 [main] DEBUG com.jayway.jsonpath.internal.path.CompiledPath -- Evaluating path: $
12:51:21.385 [main] DEBUG com.jayway.jsonpath.internal.JsonContext -- Put path $ key returnByValue value {}
12:51:21.385 [main] DEBUG com.jayway.jsonpath.internal.path.CompiledPath -- Evaluating path: $
12:51:21.385 [main] DEBUG com.jayway.jsonpath.internal.JsonContext -- Put path $ key returnByValue value true
12:51:21.385 [main] DEBUG com.jayway.jsonpath.internal.path.CompiledPath -- Evaluating path: $
12:51:21.385 [main] DEBUG com.intuit.karate.driver.chrome_1718781680031 -- >> {"id":8,"sessionId":"A56E300532ABA6D87A937B5310C50C9B","method":"Runtime.evaluate","params":{"expression":"var e = document.evaluate(\"\/\/*[@id='user-name']\", document, null, 9, null).singleNodeValue; e.focus(); try { e.selectionStart = e.selectionEnd = e.value.length } catch(x) {}","returnByValue":true}}
12:51:21.385 [nioEventLoopGroup-5-1] DEBUG com.intuit.karate.driver.chrome_1718781680031 -- << {"id":8,"result":{"result":{"type":"number","value":0,"description":"0"}},"sessionId":"A56E300532ABA6D87A937B5310C50C9B"}
12:51:21.385 [nioEventLoopGroup-5-1] DEBUG com.jayway.jsonpath.internal.path.CompiledPath -- Evaluating path: $
12:51:21.385 [main] DEBUG com.jayway.jsonpath.internal.path.CompiledPath -- Evaluating path: $['modifiers']
12:51:21.385 [main] DEBUG com.jayway.jsonpath.internal.path.CompiledPath -- Evaluating path: $
12:51:21.385 [main] DEBUG com.jayway.jsonpath.internal.path.CompiledPath -- Evaluating path: $
12:51:21.385 [main] DEBUG com.jayway.jsonpath.internal.JsonContext -- Put path $ key modifiers value {}
12:51:21.385 [main] DEBUG com.jayway.jsonpath.internal.path.CompiledPath -- Evaluating path: $
12:51:21.385 [main] DEBUG com.jayway.jsonpath.internal.JsonContext -- Put path $ key modifiers value 0
12:51:21.385 [main] DEBUG com.jayway.jsonpath.internal.path.CompiledPath -- Evaluating path: $['type']
12:51:21.385 [main] DEBUG com.jayway.jsonpath.internal.path.CompiledPath -- Evaluating path: $
12:51:21.385 [main] DEBUG com.jayway.jsonpath.internal.path.CompiledPath -- Evaluating path: $
12:51:21.385 [main] DEBUG com.jayway.jsonpath.internal.JsonContext -- Put path $ key type value {}
12:51:21.385 [main] DEBUG com.jayway.jsonpath.internal.path.CompiledPath -- Evaluating path: $
12:51:21.385 [main] DEBUG com.jayway.jsonpath.internal.JsonContext -- Put path $ key type value rawKeyDown
12:51:21.385 [main] DEBUG com.jayway.jsonpath.internal.path.CompiledPath -- Evaluating path: $['text']
12:51:21.385 [main] DEBUG com.jayway.jsonpath.internal.path.CompiledPath -- Evaluating path: $
12:51:21.385 [main] DEBUG com.jayway.jsonpath.internal.path.CompiledPath -- Evaluating path: $
12:51:21.385 [main] DEBUG com.jayway.jsonpath.internal.JsonContext -- Put path $ key text value {}
12:51:21.385 [main] DEBUG com.jayway.jsonpath.internal.path.CompiledPath -- Evaluating path: $
12:51:21.385 [main] DEBUG com.jayway.jsonpath.internal.JsonContext -- Put path $ key text value e
12:51:21.385 [main] DEBUG com.jayway.jsonpath.internal.path.CompiledPath -- Evaluating path: $['windowsVirtualKeyCode']
12:51:21.385 [main] DEBUG com.jayway.jsonpath.internal.path.CompiledPath -- Evaluating path: $
12:51:21.385 [main] DEBUG com.jayway.jsonpath.internal.path.CompiledPath -- Evaluating path: $
12:51:21.385 [main] DEBUG com.jayway.jsonpath.internal.JsonContext -- Put path $ key windowsVirtualKeyCode value {}
12:51:21.385 [main] DEBUG com.jayway.jsonpath.internal.path.CompiledPath -- Evaluating path: $
12:51:21.385 [main] DEBUG com.jayway.jsonpath.internal.JsonContext -- Put path $ key windowsVirtualKeyCode value 101
12:51:21.385 [main] DEBUG com.jayway.jsonpath.internal.path.CompiledPath -- Evaluating path: $
12:51:21.385 [main] DEBUG com.intuit.karate.driver.chrome_1718781680031 -- >> {"id":9,"sessionId":"A56E300532ABA6D87A937B5310C50C9B","method":"Input.dispatchKeyEvent","params":{"modifiers":0,"type":"rawKeyDown","text":"e","windowsVirtualKeyCode":101}}
12:51:21.385 [nioEventLoopGroup-5-1] DEBUG com.intuit.karate.driver.chrome_1718781680031 -- << {"id":9,"result":{},"sessionId":"A56E300532ABA6D87A937B5310C50C9B"}
12:51:21.385 [nioEventLoopGroup-5-1] DEBUG com.jayway.jsonpath.internal.path.CompiledPath -- Evaluating path: $
12:51:21.385 [main] DEBUG com.jayway.jsonpath.internal.path.CompiledPath -- Evaluating path: $['modifiers']
12:51:21.385 [main] DEBUG com.jayway.jsonpath.internal.path.CompiledPath -- Evaluating path: $
12:51:21.385 [main] DEBUG com.jayway.jsonpath.internal.path.CompiledPath -- Evaluating path: $
12:51:21.385 [main] DEBUG com.jayway.jsonpath.internal.JsonContext -- Put path $ key modifiers value {}
12:51:21.385 [main] DEBUG com.jayway.jsonpath.internal.path.CompiledPath -- Evaluating path: $
12:51:21.385 [main] DEBUG com.jayway.jsonpath.internal.JsonContext -- Put path $ key modifiers value 0
12:51:21.385 [main] DEBUG com.jayway.jsonpath.internal.path.CompiledPath -- Evaluating path: $['type']
12:51:21.385 [main] DEBUG com.jayway.jsonpath.internal.path.CompiledPath -- Evaluating path: $
12:51:21.385 [main] DEBUG com.jayway.jsonpath.internal.path.CompiledPath -- Evaluating path: $
12:51:21.385 [main] DEBUG com.jayway.jsonpath.internal.JsonContext -- Put path $ key type value {}
12:51:21.385 [main] DEBUG com.jayway.jsonpath.internal.path.CompiledPath -- Evaluating path: $
12:51:21.385 [main] DEBUG com.jayway.jsonpath.internal.JsonContext -- Put path $ key type value char
12:51:21.385 [main] DEBUG com.jayway.jsonpath.internal.path.CompiledPath -- Evaluating path: $['text']
12:51:21.385 [main] DEBUG com.jayway.jsonpath.internal.path.CompiledPath -- Evaluating path: $
12:51:21.385 [main] DEBUG com.jayway.jsonpath.internal.path.CompiledPath -- Evaluating path: $
12:51:21.385 [main] DEBUG com.jayway.jsonpath.internal.JsonContext -- Put path $ key text value {}
12:51:21.385 [main] DEBUG com.jayway.jsonpath.internal.path.CompiledPath -- Evaluating path: $
12:51:21.385 [main] DEBUG com.jayway.jsonpath.internal.JsonContext -- Put path $ key text value e
12:51:21.385 [main] DEBUG com.jayway.jsonpath.internal.path.CompiledPath -- Evaluating path: $['windowsVirtualKeyCode']
12:51:21.385 [main] DEBUG com.jayway.jsonpath.internal.path.CompiledPath -- Evaluating path: $
12:51:21.385 [main] DEBUG com.jayway.jsonpath.internal.path.CompiledPath -- Evaluating path: $
12:51:21.385 [main] DEBUG com.jayway.jsonpath.internal.JsonContext -- Put path $ key windowsVirtualKeyCode value {}
12:51:21.385 [main] DEBUG com.jayway.jsonpath.internal.path.CompiledPath -- Evaluating path: $
12:51:21.385 [main] DEBUG com.jayway.jsonpath.internal.JsonContext -- Put path $ key windowsVirtualKeyCode value 101
12:51:21.385 [main] DEBUG com.jayway.jsonpath.internal.path.CompiledPath -- Evaluating path: $
12:51:21.385 [main] DEBUG com.intuit.karate.driver.chrome_1718781680031 -- >> {"id":10,"sessionId":"A56E300532ABA6D87A937B5310C50C9B","method":"Input.dispatchKeyEvent","params":{"modifiers":0,"type":"char","text":"e","windowsVirtualKeyCode":101}}
12:51:21.393 [nioEventLoopGroup-5-1] DEBUG com.intuit.karate.driver.chrome_1718781680031 -- << {"id":10,"result":{},"sessionId":"A56E300532ABA6D87A937B5310C50C9B"}
12:51:21.393 [nioEventLoopGroup-5-1] DEBUG com.jayway.jsonpath.internal.path.CompiledPath -- Evaluating path: $
12:51:21.393 [main] DEBUG com.jayway.jsonpath.internal.path.CompiledPath -- Evaluating path: $['modifiers']
12:51:21.393 [main] DEBUG com.jayway.jsonpath.internal.path.CompiledPath -- Evaluating path: $
12:51:21.393 [main] DEBUG com.jayway.jsonpath.internal.path.CompiledPath -- Evaluating path: $
12:51:21.393 [main] DEBUG com.jayway.jsonpath.internal.JsonContext -- Put path $ key modifiers value {}
12:51:21.393 [main] DEBUG com.jayway.jsonpath.internal.path.CompiledPath -- Evaluating path: $
12:51:21.393 [main] DEBUG com.jayway.jsonpath.internal.JsonContext -- Put path $ key modifiers value 0
12:51:21.393 [main] DEBUG com.jayway.jsonpath.internal.path.CompiledPath -- Evaluating path: $['type']
12:51:21.393 [main] DEBUG com.jayway.jsonpath.internal.path.CompiledPath -- Evaluating path: $
12:51:21.393 [main] DEBUG com.jayway.jsonpath.internal.path.CompiledPath -- Evaluating path: $
12:51:21.393 [main] DEBUG com.jayway.jsonpath.internal.JsonContext -- Put path $ key type value {}
12:51:21.393 [main] DEBUG com.jayway.jsonpath.internal.path.CompiledPath -- Evaluating path: $
12:51:21.393 [main] DEBUG com.jayway.jsonpath.internal.JsonContext -- Put path $ key type value keyUp
12:51:21.393 [main] DEBUG com.jayway.jsonpath.internal.path.CompiledPath -- Evaluating path: $['text']
12:51:21.393 [main] DEBUG com.jayway.jsonpath.internal.path.CompiledPath -- Evaluating path: $
12:51:21.393 [main] DEBUG com.jayway.jsonpath.internal.path.CompiledPath -- Evaluating path: $
12:51:21.393 [main] DEBUG com.jayway.jsonpath.internal.JsonContext -- Put path $ key text value {}
12:51:21.393 [main] DEBUG com.jayway.jsonpath.internal.path.CompiledPath -- Evaluating path: $
12:51:21.393 [main] DEBUG com.jayway.jsonpath.internal.JsonContext -- Put path $ key text value e
12:51:21.393 [main] DEBUG com.jayway.jsonpath.internal.path.CompiledPath -- Evaluating path: $['windowsVirtualKeyCode']
12:51:21.393 [main] DEBUG com.jayway.jsonpath.internal.path.CompiledPath -- Evaluating path: $
12:51:21.393 [main] DEBUG com.jayway.jsonpath.internal.path.CompiledPath -- Evaluating path: $
12:51:21.393 [main] DEBUG com.jayway.jsonpath.internal.JsonContext -- Put path $ key windowsVirtualKeyCode value {}
12:51:21.393 [main] DEBUG com.jayway.jsonpath.internal.path.CompiledPath -- Evaluating path: $
12:51:21.393 [main] DEBUG com.jayway.jsonpath.internal.JsonContext -- Put path $ key windowsVirtualKeyCode value 101
12:51:21.393 [main] DEBUG com.jayway.jsonpath.internal.path.CompiledPath -- Evaluating path: $
12:51:21.393 [main] DEBUG com.intuit.karate.driver.chrome_1718781680031 -- >> {"id":11,"sessionId":"A56E300532ABA6D87A937B5310C50C9B","method":"Input.dispatchKeyEvent","params":{"modifiers":0,"type":"keyUp","text":"e","windowsVirtualKeyCode":101}}
12:51:21.399 [nioEventLoopGroup-5-1] DEBUG com.intuit.karate.driver.chrome_1718781680031 -- << {"id":11,"result":{},"sessionId":"A56E300532ABA6D87A937B5310C50C9B"}
12:51:21.399 [nioEventLoopGroup-5-1] DEBUG com.jayway.jsonpath.internal.path.CompiledPath -- Evaluating path: $
12:51:21.399 [main] DEBUG com.jayway.jsonpath.internal.path.CompiledPath -- Evaluating path: $['modifiers']
12:51:21.399 [main] DEBUG com.jayway.jsonpath.internal.path.CompiledPath -- Evaluating path: $
12:51:21.399 [main] DEBUG com.jayway.jsonpath.internal.path.CompiledPath -- Evaluating path: $
12:51:21.399 [main] DEBUG com.jayway.jsonpath.internal.JsonContext -- Put path $ key modifiers value {}
12:51:21.399 [main] DEBUG com.jayway.jsonpath.internal.path.CompiledPath -- Evaluating path: $
12:51:21.399 [main] DEBUG com.jayway.jsonpath.internal.JsonContext -- Put path $ key modifiers value 0
12:51:21.399 [main] DEBUG com.jayway.jsonpath.internal.path.CompiledPath -- Evaluating path: $['type']
12:51:21.399 [main] DEBUG com.jayway.jsonpath.internal.path.CompiledPath -- Evaluating path: $
12:51:21.399 [main] DEBUG com.jayway.jsonpath.internal.path.CompiledPath -- Evaluating path: $
12:51:21.399 [main] DEBUG com.jayway.jsonpath.internal.JsonContext -- Put path $ key type value {}
12:51:21.399 [main] DEBUG com.jayway.jsonpath.internal.path.CompiledPath -- Evaluating path: $
12:51:21.399 [main] DEBUG com.jayway.jsonpath.internal.JsonContext -- Put path $ key type value rawKeyDown
12:51:21.399 [main] DEBUG com.jayway.jsonpath.internal.path.CompiledPath -- Evaluating path: $['text']
12:51:21.399 [main] DEBUG com.jayway.jsonpath.internal.path.CompiledPath -- Evaluating path: $
12:51:21.399 [main] DEBUG com.jayway.jsonpath.internal.path.CompiledPath -- Evaluating path: $
12:51:21.399 [main] DEBUG com.jayway.jsonpath.internal.JsonContext -- Put path $ key text value {}
12:51:21.399 [main] DEBUG com.jayway.jsonpath.internal.path.CompiledPath -- Evaluating path: $
12:51:21.399 [main] DEBUG com.jayway.jsonpath.internal.JsonContext -- Put path $ key text value r
12:51:21.399 [main] DEBUG com.jayway.jsonpath.internal.path.CompiledPath -- Evaluating path: $['windowsVirtualKeyCode']
12:51:21.399 [main] DEBUG com.jayway.jsonpath.internal.path.CompiledPath -- Evaluating path: $
12:51:21.399 [main] DEBUG com.jayway.jsonpath.internal.path.CompiledPath -- Evaluating path: $
12:51:21.399 [main] DEBUG com.jayway.jsonpath.internal.JsonContext -- Put path $ key windowsVirtualKeyCode value {}
12:51:21.399 [main] DEBUG com.jayway.jsonpath.internal.path.CompiledPath -- Evaluating path: $
12:51:21.399 [main] DEBUG com.jayway.jsonpath.internal.JsonContext -- Put path $ key windowsVirtualKeyCode value 114
12:51:21.399 [main] DEBUG com.jayway.jsonpath.internal.path.CompiledPath -- Evaluating path: $
12:51:21.399 [main] DEBUG com.intuit.karate.driver.chrome_1718781680031 -- >> {"id":12,"sessionId":"A56E300532ABA6D87A937B5310C50C9B","method":"Input.dispatchKeyEvent","params":{"modifiers":0,"type":"rawKeyDown","text":"r","windowsVirtualKeyCode":114}}
12:51:21.401 [nioEventLoopGroup-5-1] DEBUG com.intuit.karate.driver.chrome_1718781680031 -- << {"id":12,"result":{},"sessionId":"A56E300532ABA6D87A937B5310C50C9B"}
12:51:21.401 [nioEventLoopGroup-5-1] DEBUG com.jayway.jsonpath.internal.path.CompiledPath -- Evaluating path: $
12:51:21.401 [main] DEBUG com.jayway.jsonpath.internal.path.CompiledPath -- Evaluating path: $['modifiers']
12:51:21.401 [main] DEBUG com.jayway.jsonpath.internal.path.CompiledPath -- Evaluating path: $
12:51:21.401 [main] DEBUG com.jayway.jsonpath.internal.path.CompiledPath -- Evaluating path: $
12:51:21.401 [main] DEBUG com.jayway.jsonpath.internal.JsonContext -- Put path $ key modifiers value {}
12:51:21.401 [main] DEBUG com.jayway.jsonpath.internal.path.CompiledPath -- Evaluating path: $
12:51:21.401 [main] DEBUG com.jayway.jsonpath.internal.JsonContext -- Put path $ key modifiers value 0
12:51:21.401 [main] DEBUG com.jayway.jsonpath.internal.path.CompiledPath -- Evaluating path: $['type']
12:51:21.401 [main] DEBUG com.jayway.jsonpath.internal.path.CompiledPath -- Evaluating path: $
12:51:21.401 [main] DEBUG com.jayway.jsonpath.internal.path.CompiledPath -- Evaluating path: $
12:51:21.401 [main] DEBUG com.jayway.jsonpath.internal.JsonContext -- Put path $ key type value {}
12:51:21.401 [main] DEBUG com.jayway.jsonpath.internal.path.CompiledPath -- Evaluating path: $
12:51:21.401 [main] DEBUG com.jayway.jsonpath.internal.JsonContext -- Put path $ key type value char
12:51:21.401 [main] DEBUG com.jayway.jsonpath.internal.path.CompiledPath -- Evaluating path: $['text']
12:51:21.401 [main] DEBUG com.jayway.jsonpath.internal.path.CompiledPath -- Evaluating path: $
12:51:21.401 [main] DEBUG com.jayway.jsonpath.internal.path.CompiledPath -- Evaluating path: $
12:51:21.401 [main] DEBUG com.jayway.jsonpath.internal.JsonContext -- Put path $ key text value {}
12:51:21.401 [main] DEBUG com.jayway.jsonpath.internal.path.CompiledPath -- Evaluating path: $
12:51:21.401 [main] DEBUG com.jayway.jsonpath.internal.JsonContext -- Put path $ key text value r
12:51:21.401 [main] DEBUG com.jayway.jsonpath.internal.path.CompiledPath -- Evaluating path: $['windowsVirtualKeyCode']
12:51:21.401 [main] DEBUG com.jayway.jsonpath.internal.path.CompiledPath -- Evaluating path: $
12:51:21.401 [main] DEBUG com.jayway.jsonpath.internal.path.CompiledPath -- Evaluating path: $
12:51:21.401 [main] DEBUG com.jayway.jsonpath.internal.JsonContext -- Put path $ key windowsVirtualKeyCode value {}
12:51:21.401 [main] DEBUG com.jayway.jsonpath.internal.path.CompiledPath -- Evaluating path: $
12:51:21.401 [main] DEBUG com.jayway.jsonpath.internal.JsonContext -- Put path $ key windowsVirtualKeyCode value 114
12:51:21.401 [main] DEBUG com.jayway.jsonpath.internal.path.CompiledPath -- Evaluating path: $
12:51:21.401 [main] DEBUG com.intuit.karate.driver.chrome_1718781680031 -- >> {"id":13,"sessionId":"A56E300532ABA6D87A937B5310C50C9B","method":"Input.dispatchKeyEvent","params":{"modifiers":0,"type":"char","text":"r","windowsVirtualKeyCode":114}}
12:51:21.401 [nioEventLoopGroup-5-1] DEBUG com.intuit.karate.driver.chrome_1718781680031 -- << {"id":13,"result":{},"sessionId":"A56E300532ABA6D87A937B5310C50C9B"}
12:51:21.401 [nioEventLoopGroup-5-1] DEBUG com.jayway.jsonpath.internal.path.CompiledPath -- Evaluating path: $
12:51:21.401 [main] DEBUG com.jayway.jsonpath.internal.path.CompiledPath -- Evaluating path: $['modifiers']
12:51:21.401 [main] DEBUG com.jayway.jsonpath.internal.path.CompiledPath -- Evaluating path: $
12:51:21.401 [main] DEBUG com.jayway.jsonpath.internal.path.CompiledPath -- Evaluating path: $
12:51:21.401 [main] DEBUG com.jayway.jsonpath.internal.JsonContext -- Put path $ key modifiers value {}
12:51:21.401 [main] DEBUG com.jayway.jsonpath.internal.path.CompiledPath -- Evaluating path: $
12:51:21.401 [main] DEBUG com.jayway.jsonpath.internal.JsonContext -- Put path $ key modifiers value 0
12:51:21.401 [main] DEBUG com.jayway.jsonpath.internal.path.CompiledPath -- Evaluating path: $['type']
12:51:21.401 [main] DEBUG com.jayway.jsonpath.internal.path.CompiledPath -- Evaluating path: $
12:51:21.401 [main] DEBUG com.jayway.jsonpath.internal.path.CompiledPath -- Evaluating path: $
12:51:21.401 [main] DEBUG com.jayway.jsonpath.internal.JsonContext -- Put path $ key type value {}
12:51:21.401 [main] DEBUG com.jayway.jsonpath.internal.path.CompiledPath -- Evaluating path: $
12:51:21.401 [main] DEBUG com.jayway.jsonpath.internal.JsonContext -- Put path $ key type value keyUp
12:51:21.401 [main] DEBUG com.jayway.jsonpath.internal.path.CompiledPath -- Evaluating path: $['text']
12:51:21.401 [main] DEBUG com.jayway.jsonpath.internal.path.CompiledPath -- Evaluating path: $
12:51:21.401 [main] DEBUG com.jayway.jsonpath.internal.path.CompiledPath -- Evaluating path: $
12:51:21.401 [main] DEBUG com.jayway.jsonpath.internal.JsonContext -- Put path $ key text value {}
12:51:21.401 [main] DEBUG com.jayway.jsonpath.internal.path.CompiledPath -- Evaluating path: $
12:51:21.401 [main] DEBUG com.jayway.jsonpath.internal.JsonContext -- Put path $ key text value r
12:51:21.401 [main] DEBUG com.jayway.jsonpath.internal.path.CompiledPath -- Evaluating path: $['windowsVirtualKeyCode']
12:51:21.401 [main] DEBUG com.jayway.jsonpath.internal.path.CompiledPath -- Evaluating path: $
12:51:21.401 [main] DEBUG com.jayway.jsonpath.internal.path.CompiledPath -- Evaluating path: $
12:51:21.401 [main] DEBUG com.jayway.jsonpath.internal.JsonContext -- Put path $ key windowsVirtualKeyCode value {}
12:51:21.401 [main] DEBUG com.jayway.jsonpath.internal.path.CompiledPath -- Evaluating path: $
12:51:21.401 [main] DEBUG com.jayway.jsonpath.internal.JsonContext -- Put path $ key windowsVirtualKeyCode value 114
12:51:21.401 [main] DEBUG com.jayway.jsonpath.internal.path.CompiledPath -- Evaluating path: $
12:51:21.401 [main] DEBUG com.intuit.karate.driver.chrome_1718781680031 -- >> {"id":14,"sessionId":"A56E300532ABA6D87A937B5310C50C9B","method":"Input.dispatchKeyEvent","params":{"modifiers":0,"type":"keyUp","text":"r","windowsVirtualKeyCode":114}}
12:51:21.401 [nioEventLoopGroup-5-1] DEBUG com.intuit.karate.driver.chrome_1718781680031 -- << {"id":14,"result":{},"sessionId":"A56E300532ABA6D87A937B5310C50C9B"}
12:51:21.401 [nioEventLoopGroup-5-1] DEBUG com.jayway.jsonpath.internal.path.CompiledPath -- Evaluating path: $
12:51:21.401 [main] DEBUG com.jayway.jsonpath.internal.path.CompiledPath -- Evaluating path: $['modifiers']
12:51:21.401 [main] DEBUG com.jayway.jsonpath.internal.path.CompiledPath -- Evaluating path: $
12:51:21.401 [main] DEBUG com.jayway.jsonpath.internal.path.CompiledPath -- Evaluating path: $
12:51:21.401 [main] DEBUG com.jayway.jsonpath.internal.JsonContext -- Put path $ key modifiers value {}
12:51:21.401 [main] DEBUG com.jayway.jsonpath.internal.path.CompiledPath -- Evaluating path: $
12:51:21.401 [main] DEBUG com.jayway.jsonpath.internal.JsonContext -- Put path $ key modifiers value 0
12:51:21.401 [main] DEBUG com.jayway.jsonpath.internal.path.CompiledPath -- Evaluating path: $['type']
12:51:21.401 [main] DEBUG com.jayway.jsonpath.internal.path.CompiledPath -- Evaluating path: $
12:51:21.401 [main] DEBUG com.jayway.jsonpath.internal.path.CompiledPath -- Evaluating path: $
12:51:21.401 [main] DEBUG com.jayway.jsonpath.internal.JsonContext -- Put path $ key type value {}
12:51:21.401 [main] DEBUG com.jayway.jsonpath.internal.path.CompiledPath -- Evaluating path: $
12:51:21.401 [main] DEBUG com.jayway.jsonpath.internal.JsonContext -- Put path $ key type value rawKeyDown
12:51:21.401 [main] DEBUG com.jayway.jsonpath.internal.path.CompiledPath -- Evaluating path: $['text']
12:51:21.401 [main] DEBUG com.jayway.jsonpath.internal.path.CompiledPath -- Evaluating path: $
12:51:21.401 [main] DEBUG com.jayway.jsonpath.internal.path.CompiledPath -- Evaluating path: $
12:51:21.401 [main] DEBUG com.jayway.jsonpath.internal.JsonContext -- Put path $ key text value {}
12:51:21.401 [main] DEBUG com.jayway.jsonpath.internal.path.CompiledPath -- Evaluating path: $
12:51:21.401 [main] DEBUG com.jayway.jsonpath.internal.JsonContext -- Put path $ key text value r
12:51:21.401 [main] DEBUG com.jayway.jsonpath.internal.path.CompiledPath -- Evaluating path: $['windowsVirtualKeyCode']
12:51:21.401 [main] DEBUG com.jayway.jsonpath.internal.path.CompiledPath -- Evaluating path: $
12:51:21.401 [main] DEBUG com.jayway.jsonpath.internal.path.CompiledPath -- Evaluating path: $
12:51:21.401 [main] DEBUG com.jayway.jsonpath.internal.JsonContext -- Put path $ key windowsVirtualKeyCode value {}
12:51:21.401 [main] DEBUG com.jayway.jsonpath.internal.path.CompiledPath -- Evaluating path: $
12:51:21.401 [main] DEBUG com.jayway.jsonpath.internal.JsonContext -- Put path $ key windowsVirtualKeyCode value 114
12:51:21.401 [main] DEBUG com.jayway.jsonpath.internal.path.CompiledPath -- Evaluating path: $
12:51:21.401 [main] DEBUG com.intuit.karate.driver.chrome_1718781680031 -- >> {"id":15,"sessionId":"A56E300532ABA6D87A937B5310C50C9B","method":"Input.dispatchKeyEvent","params":{"modifiers":0,"type":"rawKeyDown","text":"r","windowsVirtualKeyCode":114}}
12:51:21.409 [nioEventLoopGroup-5-1] DEBUG com.intuit.karate.driver.chrome_1718781680031 -- << {"id":15,"result":{},"sessionId":"A56E300532ABA6D87A937B5310C50C9B"}
12:51:21.409 [nioEventLoopGroup-5-1] DEBUG com.jayway.jsonpath.internal.path.CompiledPath -- Evaluating path: $
12:51:21.409 [main] DEBUG com.jayway.jsonpath.internal.path.CompiledPath -- Evaluating path: $['modifiers']
12:51:21.409 [main] DEBUG com.jayway.jsonpath.internal.path.CompiledPath -- Evaluating path: $
12:51:21.409 [main] DEBUG com.jayway.jsonpath.internal.path.CompiledPath -- Evaluating path: $
12:51:21.409 [main] DEBUG com.jayway.jsonpath.internal.JsonContext -- Put path $ key modifiers value {}
12:51:21.409 [main] DEBUG com.jayway.jsonpath.internal.path.CompiledPath -- Evaluating path: $
12:51:21.409 [main] DEBUG com.jayway.jsonpath.internal.JsonContext -- Put path $ key modifiers value 0
12:51:21.409 [main] DEBUG com.jayway.jsonpath.internal.path.CompiledPath -- Evaluating path: $['type']
12:51:21.409 [main] DEBUG com.jayway.jsonpath.internal.path.CompiledPath -- Evaluating path: $
12:51:21.409 [main] DEBUG com.jayway.jsonpath.internal.path.CompiledPath -- Evaluating path: $
12:51:21.409 [main] DEBUG com.jayway.jsonpath.internal.JsonContext -- Put path $ key type value {}
12:51:21.409 [main] DEBUG com.jayway.jsonpath.internal.path.CompiledPath -- Evaluating path: $
12:51:21.409 [main] DEBUG com.jayway.jsonpath.internal.JsonContext -- Put path $ key type value char
12:51:21.409 [main] DEBUG com.jayway.jsonpath.internal.path.CompiledPath -- Evaluating path: $['text']
12:51:21.409 [main] DEBUG com.jayway.jsonpath.internal.path.CompiledPath -- Evaluating path: $
12:51:21.409 [main] DEBUG com.jayway.jsonpath.internal.path.CompiledPath -- Evaluating path: $
12:51:21.409 [main] DEBUG com.jayway.jsonpath.internal.JsonContext -- Put path $ key text value {}
12:51:21.409 [main] DEBUG com.jayway.jsonpath.internal.path.CompiledPath -- Evaluating path: $
12:51:21.409 [main] DEBUG com.jayway.jsonpath.internal.JsonContext -- Put path $ key text value r
12:51:21.409 [main] DEBUG com.jayway.jsonpath.internal.path.CompiledPath -- Evaluating path: $['windowsVirtualKeyCode']
12:51:21.409 [main] DEBUG com.jayway.jsonpath.internal.path.CompiledPath -- Evaluating path: $
12:51:21.409 [main] DEBUG com.jayway.jsonpath.internal.path.CompiledPath -- Evaluating path: $
12:51:21.409 [main] DEBUG com.jayway.jsonpath.internal.JsonContext -- Put path $ key windowsVirtualKeyCode value {}
12:51:21.409 [main] DEBUG com.jayway.jsonpath.internal.path.CompiledPath -- Evaluating path: $
12:51:21.409 [main] DEBUG com.jayway.jsonpath.internal.JsonContext -- Put path $ key windowsVirtualKeyCode value 114
12:51:21.409 [main] DEBUG com.jayway.jsonpath.internal.path.CompiledPath -- Evaluating path: $
12:51:21.409 [main] DEBUG com.intuit.karate.driver.chrome_1718781680031 -- >> {"id":16,"sessionId":"A56E300532ABA6D87A937B5310C50C9B","method":"Input.dispatchKeyEvent","params":{"modifiers":0,"type":"char","text":"r","windowsVirtualKeyCode":114}}
12:51:21.411 [nioEventLoopGroup-5-1] DEBUG com.intuit.karate.driver.chrome_1718781680031 -- << {"id":16,"result":{},"sessionId":"A56E300532ABA6D87A937B5310C50C9B"}
12:51:21.411 [nioEventLoopGroup-5-1] DEBUG com.jayway.jsonpath.internal.path.CompiledPath -- Evaluating path: $
12:51:21.411 [main] DEBUG com.jayway.jsonpath.internal.path.CompiledPath -- Evaluating path: $['modifiers']
12:51:21.411 [main] DEBUG com.jayway.jsonpath.internal.path.CompiledPath -- Evaluating path: $
12:51:21.411 [main] DEBUG com.jayway.jsonpath.internal.path.CompiledPath -- Evaluating path: $
12:51:21.411 [main] DEBUG com.jayway.jsonpath.internal.JsonContext -- Put path $ key modifiers value {}
12:51:21.411 [main] DEBUG com.jayway.jsonpath.internal.path.CompiledPath -- Evaluating path: $
12:51:21.411 [main] DEBUG com.jayway.jsonpath.internal.JsonContext -- Put path $ key modifiers value 0
12:51:21.411 [main] DEBUG com.jayway.jsonpath.internal.path.CompiledPath -- Evaluating path: $['type']
12:51:21.411 [main] DEBUG com.jayway.jsonpath.internal.path.CompiledPath -- Evaluating path: $
12:51:21.411 [main] DEBUG com.jayway.jsonpath.internal.path.CompiledPath -- Evaluating path: $
12:51:21.411 [main] DEBUG com.jayway.jsonpath.internal.JsonContext -- Put path $ key type value {}
12:51:21.411 [main] DEBUG com.jayway.jsonpath.internal.path.CompiledPath -- Evaluating path: $
12:51:21.411 [main] DEBUG com.jayway.jsonpath.internal.JsonContext -- Put path $ key type value keyUp
12:51:21.411 [main] DEBUG com.jayway.jsonpath.internal.path.CompiledPath -- Evaluating path: $['text']
12:51:21.411 [main] DEBUG com.jayway.jsonpath.internal.path.CompiledPath -- Evaluating path: $
12:51:21.411 [main] DEBUG com.jayway.jsonpath.internal.path.CompiledPath -- Evaluating path: $
12:51:21.411 [main] DEBUG com.jayway.jsonpath.internal.JsonContext -- Put path $ key text value {}
12:51:21.411 [main] DEBUG com.jayway.jsonpath.internal.path.CompiledPath -- Evaluating path: $
12:51:21.411 [main] DEBUG com.jayway.jsonpath.internal.JsonContext -- Put path $ key text value r
12:51:21.411 [main] DEBUG com.jayway.jsonpath.internal.path.CompiledPath -- Evaluating path: $['windowsVirtualKeyCode']
12:51:21.411 [main] DEBUG com.jayway.jsonpath.internal.path.CompiledPath -- Evaluating path: $
12:51:21.411 [main] DEBUG com.jayway.jsonpath.internal.path.CompiledPath -- Evaluating path: $
12:51:21.411 [main] DEBUG com.jayway.jsonpath.internal.JsonContext -- Put path $ key windowsVirtualKeyCode value {}
12:51:21.411 [main] DEBUG com.jayway.jsonpath.internal.path.CompiledPath -- Evaluating path: $
12:51:21.411 [main] DEBUG com.jayway.jsonpath.internal.JsonContext -- Put path $ key windowsVirtualKeyCode value 114
12:51:21.411 [main] DEBUG com.jayway.jsonpath.internal.path.CompiledPath -- Evaluating path: $
12:51:21.411 [main] DEBUG com.intuit.karate.driver.chrome_1718781680031 -- >> {"id":17,"sessionId":"A56E300532ABA6D87A937B5310C50C9B","method":"Input.dispatchKeyEvent","params":{"modifiers":0,"type":"keyUp","text":"r","windowsVirtualKeyCode":114}}
12:51:21.415 [nioEventLoopGroup-5-1] DEBUG com.intuit.karate.driver.chrome_1718781680031 -- << {"id":17,"result":{},"sessionId":"A56E300532ABA6D87A937B5310C50C9B"}
12:51:21.415 [nioEventLoopGroup-5-1] DEBUG com.jayway.jsonpath.internal.path.CompiledPath -- Evaluating path: $
12:51:21.415 [main] DEBUG com.jayway.jsonpath.internal.path.CompiledPath -- Evaluating path: $['modifiers']
12:51:21.415 [main] DEBUG com.jayway.jsonpath.internal.path.CompiledPath -- Evaluating path: $
12:51:21.415 [main] DEBUG com.jayway.jsonpath.internal.path.CompiledPath -- Evaluating path: $
12:51:21.415 [main] DEBUG com.jayway.jsonpath.internal.JsonContext -- Put path $ key modifiers value {}
12:51:21.415 [main] DEBUG com.jayway.jsonpath.internal.path.CompiledPath -- Evaluating path: $
12:51:21.415 [main] DEBUG com.jayway.jsonpath.internal.JsonContext -- Put path $ key modifiers value 0
12:51:21.415 [main] DEBUG com.jayway.jsonpath.internal.path.CompiledPath -- Evaluating path: $['type']
12:51:21.415 [main] DEBUG com.jayway.jsonpath.internal.path.CompiledPath -- Evaluating path: $
12:51:21.415 [main] DEBUG com.jayway.jsonpath.internal.path.CompiledPath -- Evaluating path: $
12:51:21.415 [main] DEBUG com.jayway.jsonpath.internal.JsonContext -- Put path $ key type value {}
12:51:21.415 [main] DEBUG com.jayway.jsonpath.internal.path.CompiledPath -- Evaluating path: $
12:51:21.415 [main] DEBUG com.jayway.jsonpath.internal.JsonContext -- Put path $ key type value rawKeyDown
12:51:21.415 [main] DEBUG com.jayway.jsonpath.internal.path.CompiledPath -- Evaluating path: $['text']
12:51:21.415 [main] DEBUG com.jayway.jsonpath.internal.path.CompiledPath -- Evaluating path: $
12:51:21.415 [main] DEBUG com.jayway.jsonpath.internal.path.CompiledPath -- Evaluating path: $
12:51:21.415 [main] DEBUG com.jayway.jsonpath.internal.JsonContext -- Put path $ key text value {}
12:51:21.415 [main] DEBUG com.jayway.jsonpath.internal.path.CompiledPath -- Evaluating path: $
12:51:21.415 [main] DEBUG com.jayway.jsonpath.internal.JsonContext -- Put path $ key text value o
12:51:21.415 [main] DEBUG com.jayway.jsonpath.internal.path.CompiledPath -- Evaluating path: $['windowsVirtualKeyCode']
12:51:21.415 [main] DEBUG com.jayway.jsonpath.internal.path.CompiledPath -- Evaluating path: $
12:51:21.415 [main] DEBUG com.jayway.jsonpath.internal.path.CompiledPath -- Evaluating path: $
12:51:21.415 [main] DEBUG com.jayway.jsonpath.internal.JsonContext -- Put path $ key windowsVirtualKeyCode value {}
12:51:21.415 [main] DEBUG com.jayway.jsonpath.internal.path.CompiledPath -- Evaluating path: $
12:51:21.415 [main] DEBUG com.jayway.jsonpath.internal.JsonContext -- Put path $ key windowsVirtualKeyCode value 111
12:51:21.415 [main] DEBUG com.jayway.jsonpath.internal.path.CompiledPath -- Evaluating path: $
12:51:21.415 [main] DEBUG com.intuit.karate.driver.chrome_1718781680031 -- >> {"id":18,"sessionId":"A56E300532ABA6D87A937B5310C50C9B","method":"Input.dispatchKeyEvent","params":{"modifiers":0,"type":"rawKeyDown","text":"o","windowsVirtualKeyCode":111}}
12:51:21.417 [nioEventLoopGroup-5-1] DEBUG com.intuit.karate.driver.chrome_1718781680031 -- << {"id":18,"result":{},"sessionId":"A56E300532ABA6D87A937B5310C50C9B"}
12:51:21.417 [nioEventLoopGroup-5-1] DEBUG com.jayway.jsonpath.internal.path.CompiledPath -- Evaluating path: $
12:51:21.417 [main] DEBUG com.jayway.jsonpath.internal.path.CompiledPath -- Evaluating path: $['modifiers']
12:51:21.417 [main] DEBUG com.jayway.jsonpath.internal.path.CompiledPath -- Evaluating path: $
12:51:21.417 [main] DEBUG com.jayway.jsonpath.internal.path.CompiledPath -- Evaluating path: $
12:51:21.417 [main] DEBUG com.jayway.jsonpath.internal.JsonContext -- Put path $ key modifiers value {}
12:51:21.417 [main] DEBUG com.jayway.jsonpath.internal.path.CompiledPath -- Evaluating path: $
12:51:21.417 [main] DEBUG com.jayway.jsonpath.internal.JsonContext -- Put path $ key modifiers value 0
12:51:21.417 [main] DEBUG com.jayway.jsonpath.internal.path.CompiledPath -- Evaluating path: $['type']
12:51:21.417 [main] DEBUG com.jayway.jsonpath.internal.path.CompiledPath -- Evaluating path: $
12:51:21.417 [main] DEBUG com.jayway.jsonpath.internal.path.CompiledPath -- Evaluating path: $
12:51:21.417 [main] DEBUG com.jayway.jsonpath.internal.JsonContext -- Put path $ key type value {}
12:51:21.417 [main] DEBUG com.jayway.jsonpath.internal.path.CompiledPath -- Evaluating path: $
12:51:21.417 [main] DEBUG com.jayway.jsonpath.internal.JsonContext -- Put path $ key type value char
12:51:21.417 [main] DEBUG com.jayway.jsonpath.internal.path.CompiledPath -- Evaluating path: $['text']
12:51:21.417 [main] DEBUG com.jayway.jsonpath.internal.path.CompiledPath -- Evaluating path: $
12:51:21.417 [main] DEBUG com.jayway.jsonpath.internal.path.CompiledPath -- Evaluating path: $
12:51:21.417 [main] DEBUG com.jayway.jsonpath.internal.JsonContext -- Put path $ key text value {}
12:51:21.417 [main] DEBUG com.jayway.jsonpath.internal.path.CompiledPath -- Evaluating path: $
12:51:21.417 [main] DEBUG com.jayway.jsonpath.internal.JsonContext -- Put path $ key text value o
12:51:21.417 [main] DEBUG com.jayway.jsonpath.internal.path.CompiledPath -- Evaluating path: $['windowsVirtualKeyCode']
12:51:21.417 [main] DEBUG com.jayway.jsonpath.internal.path.CompiledPath -- Evaluating path: $
12:51:21.417 [main] DEBUG com.jayway.jsonpath.internal.path.CompiledPath -- Evaluating path: $
12:51:21.417 [main] DEBUG com.jayway.jsonpath.internal.JsonContext -- Put path $ key windowsVirtualKeyCode value {}
12:51:21.417 [main] DEBUG com.jayway.jsonpath.internal.path.CompiledPath -- Evaluating path: $
12:51:21.417 [main] DEBUG com.jayway.jsonpath.internal.JsonContext -- Put path $ key windowsVirtualKeyCode value 111
12:51:21.417 [main] DEBUG com.jayway.jsonpath.internal.path.CompiledPath -- Evaluating path: $
12:51:21.417 [main] DEBUG com.intuit.karate.driver.chrome_1718781680031 -- >> {"id":19,"sessionId":"A56E300532ABA6D87A937B5310C50C9B","method":"Input.dispatchKeyEvent","params":{"modifiers":0,"type":"char","text":"o","windowsVirtualKeyCode":111}}
12:51:21.417 [nioEventLoopGroup-5-1] DEBUG com.intuit.karate.driver.chrome_1718781680031 -- << {"id":19,"result":{},"sessionId":"A56E300532ABA6D87A937B5310C50C9B"}
12:51:21.417 [nioEventLoopGroup-5-1] DEBUG com.jayway.jsonpath.internal.path.CompiledPath -- Evaluating path: $
12:51:21.417 [main] DEBUG com.jayway.jsonpath.internal.path.CompiledPath -- Evaluating path: $['modifiers']
12:51:21.417 [main] DEBUG com.jayway.jsonpath.internal.path.CompiledPath -- Evaluating path: $
12:51:21.417 [main] DEBUG com.jayway.jsonpath.internal.path.CompiledPath -- Evaluating path: $
12:51:21.417 [main] DEBUG com.jayway.jsonpath.internal.JsonContext -- Put path $ key modifiers value {}
12:51:21.417 [main] DEBUG com.jayway.jsonpath.internal.path.CompiledPath -- Evaluating path: $
12:51:21.417 [main] DEBUG com.jayway.jsonpath.internal.JsonContext -- Put path $ key modifiers value 0
12:51:21.417 [main] DEBUG com.jayway.jsonpath.internal.path.CompiledPath -- Evaluating path: $['type']
12:51:21.417 [main] DEBUG com.jayway.jsonpath.internal.path.CompiledPath -- Evaluating path: $
12:51:21.417 [main] DEBUG com.jayway.jsonpath.internal.path.CompiledPath -- Evaluating path: $
12:51:21.417 [main] DEBUG com.jayway.jsonpath.internal.JsonContext -- Put path $ key type value {}
12:51:21.417 [main] DEBUG com.jayway.jsonpath.internal.path.CompiledPath -- Evaluating path: $
12:51:21.417 [main] DEBUG com.jayway.jsonpath.internal.JsonContext -- Put path $ key type value keyUp
12:51:21.417 [main] DEBUG com.jayway.jsonpath.internal.path.CompiledPath -- Evaluating path: $['text']
12:51:21.417 [main] DEBUG com.jayway.jsonpath.internal.path.CompiledPath -- Evaluating path: $
12:51:21.417 [main] DEBUG com.jayway.jsonpath.internal.path.CompiledPath -- Evaluating path: $
12:51:21.417 [main] DEBUG com.jayway.jsonpath.internal.JsonContext -- Put path $ key text value {}
12:51:21.417 [main] DEBUG com.jayway.jsonpath.internal.path.CompiledPath -- Evaluating path: $
12:51:21.417 [main] DEBUG com.jayway.jsonpath.internal.JsonContext -- Put path $ key text value o
12:51:21.417 [main] DEBUG com.jayway.jsonpath.internal.path.CompiledPath -- Evaluating path: $['windowsVirtualKeyCode']
12:51:21.417 [main] DEBUG com.jayway.jsonpath.internal.path.CompiledPath -- Evaluating path: $
12:51:21.417 [main] DEBUG com.jayway.jsonpath.internal.path.CompiledPath -- Evaluating path: $
12:51:21.417 [main] DEBUG com.jayway.jsonpath.internal.JsonContext -- Put path $ key windowsVirtualKeyCode value {}
12:51:21.417 [main] DEBUG com.jayway.jsonpath.internal.path.CompiledPath -- Evaluating path: $
12:51:21.417 [main] DEBUG com.jayway.jsonpath.internal.JsonContext -- Put path $ key windowsVirtualKeyCode value 111
12:51:21.417 [main] DEBUG com.jayway.jsonpath.internal.path.CompiledPath -- Evaluating path: $
12:51:21.417 [main] DEBUG com.intuit.karate.driver.chrome_1718781680031 -- >> {"id":20,"sessionId":"A56E300532ABA6D87A937B5310C50C9B","method":"Input.dispatchKeyEvent","params":{"modifiers":0,"type":"keyUp","text":"o","windowsVirtualKeyCode":111}}
12:51:21.417 [nioEventLoopGroup-5-1] DEBUG com.intuit.karate.driver.chrome_1718781680031 -- << {"id":20,"result":{},"sessionId":"A56E300532ABA6D87A937B5310C50C9B"}
12:51:21.417 [nioEventLoopGroup-5-1] DEBUG com.jayway.jsonpath.internal.path.CompiledPath -- Evaluating path: $
12:51:21.417 [main] DEBUG com.jayway.jsonpath.internal.path.CompiledPath -- Evaluating path: $['modifiers']
12:51:21.417 [main] DEBUG com.jayway.jsonpath.internal.path.CompiledPath -- Evaluating path: $
12:51:21.417 [main] DEBUG com.jayway.jsonpath.internal.path.CompiledPath -- Evaluating path: $
12:51:21.417 [main] DEBUG com.jayway.jsonpath.internal.JsonContext -- Put path $ key modifiers value {}
12:51:21.417 [main] DEBUG com.jayway.jsonpath.internal.path.CompiledPath -- Evaluating path: $
12:51:21.417 [main] DEBUG com.jayway.jsonpath.internal.JsonContext -- Put path $ key modifiers value 0
12:51:21.417 [main] DEBUG com.jayway.jsonpath.internal.path.CompiledPath -- Evaluating path: $['type']
12:51:21.417 [main] DEBUG com.jayway.jsonpath.internal.path.CompiledPath -- Evaluating path: $
12:51:21.417 [main] DEBUG com.jayway.jsonpath.internal.path.CompiledPath -- Evaluating path: $
12:51:21.417 [main] DEBUG com.jayway.jsonpath.internal.JsonContext -- Put path $ key type value {}
12:51:21.417 [main] DEBUG com.jayway.jsonpath.internal.path.CompiledPath -- Evaluating path: $
12:51:21.417 [main] DEBUG com.jayway.jsonpath.internal.JsonContext -- Put path $ key type value rawKeyDown
12:51:21.417 [main] DEBUG com.jayway.jsonpath.internal.path.CompiledPath -- Evaluating path: $['text']
12:51:21.417 [main] DEBUG com.jayway.jsonpath.internal.path.CompiledPath -- Evaluating path: $
12:51:21.417 [main] DEBUG com.jayway.jsonpath.internal.path.CompiledPath -- Evaluating path: $
12:51:21.417 [main] DEBUG com.jayway.jsonpath.internal.JsonContext -- Put path $ key text value {}
12:51:21.417 [main] DEBUG com.jayway.jsonpath.internal.path.CompiledPath -- Evaluating path: $
12:51:21.417 [main] DEBUG com.jayway.jsonpath.internal.JsonContext -- Put path $ key text value r
12:51:21.417 [main] DEBUG com.jayway.jsonpath.internal.path.CompiledPath -- Evaluating path: $['windowsVirtualKeyCode']
12:51:21.417 [main] DEBUG com.jayway.jsonpath.internal.path.CompiledPath -- Evaluating path: $
12:51:21.417 [main] DEBUG com.jayway.jsonpath.internal.path.CompiledPath -- Evaluating path: $
12:51:21.417 [main] DEBUG com.jayway.jsonpath.internal.JsonContext -- Put path $ key windowsVirtualKeyCode value {}
12:51:21.417 [main] DEBUG com.jayway.jsonpath.internal.path.CompiledPath -- Evaluating path: $
12:51:21.417 [main] DEBUG com.jayway.jsonpath.internal.JsonContext -- Put path $ key windowsVirtualKeyCode value 114
12:51:21.417 [main] DEBUG com.jayway.jsonpath.internal.path.CompiledPath -- Evaluating path: $
12:51:21.417 [main] DEBUG com.intuit.karate.driver.chrome_1718781680031 -- >> {"id":21,"sessionId":"A56E300532ABA6D87A937B5310C50C9B","method":"Input.dispatchKeyEvent","params":{"modifiers":0,"type":"rawKeyDown","text":"r","windowsVirtualKeyCode":114}}
12:51:21.445 [nioEventLoopGroup-5-1] DEBUG com.intuit.karate.driver.chrome_1718781680031 -- << {"id":21,"result":{},"sessionId":"A56E300532ABA6D87A937B5310C50C9B"}
12:51:21.446 [nioEventLoopGroup-5-1] DEBUG com.jayway.jsonpath.internal.path.CompiledPath -- Evaluating path: $
12:51:21.446 [main] DEBUG com.jayway.jsonpath.internal.path.CompiledPath -- Evaluating path: $['modifiers']
12:51:21.446 [main] DEBUG com.jayway.jsonpath.internal.path.CompiledPath -- Evaluating path: $
12:51:21.446 [main] DEBUG com.jayway.jsonpath.internal.path.CompiledPath -- Evaluating path: $
12:51:21.446 [main] DEBUG com.jayway.jsonpath.internal.JsonContext -- Put path $ key modifiers value {}
12:51:21.446 [main] DEBUG com.jayway.jsonpath.internal.path.CompiledPath -- Evaluating path: $
12:51:21.446 [main] DEBUG com.jayway.jsonpath.internal.JsonContext -- Put path $ key modifiers value 0
12:51:21.446 [main] DEBUG com.jayway.jsonpath.internal.path.CompiledPath -- Evaluating path: $['type']
12:51:21.446 [main] DEBUG com.jayway.jsonpath.internal.path.CompiledPath -- Evaluating path: $
12:51:21.446 [main] DEBUG com.jayway.jsonpath.internal.path.CompiledPath -- Evaluating path: $
12:51:21.446 [main] DEBUG com.jayway.jsonpath.internal.JsonContext -- Put path $ key type value {}
12:51:21.446 [main] DEBUG com.jayway.jsonpath.internal.path.CompiledPath -- Evaluating path: $
12:51:21.446 [main] DEBUG com.jayway.jsonpath.internal.JsonContext -- Put path $ key type value char
12:51:21.446 [main] DEBUG com.jayway.jsonpath.internal.path.CompiledPath -- Evaluating path: $['text']
12:51:21.446 [main] DEBUG com.jayway.jsonpath.internal.path.CompiledPath -- Evaluating path: $
12:51:21.446 [main] DEBUG com.jayway.jsonpath.internal.path.CompiledPath -- Evaluating path: $
12:51:21.446 [main] DEBUG com.jayway.jsonpath.internal.JsonContext -- Put path $ key text value {}
12:51:21.446 [main] DEBUG com.jayway.jsonpath.internal.path.CompiledPath -- Evaluating path: $
12:51:21.446 [main] DEBUG com.jayway.jsonpath.internal.JsonContext -- Put path $ key text value r
12:51:21.446 [main] DEBUG com.jayway.jsonpath.internal.path.CompiledPath -- Evaluating path: $['windowsVirtualKeyCode']
12:51:21.446 [main] DEBUG com.jayway.jsonpath.internal.path.CompiledPath -- Evaluating path: $
12:51:21.446 [main] DEBUG com.jayway.jsonpath.internal.path.CompiledPath -- Evaluating path: $
12:51:21.446 [main] DEBUG com.jayway.jsonpath.internal.JsonContext -- Put path $ key windowsVirtualKeyCode value {}
12:51:21.446 [main] DEBUG com.jayway.jsonpath.internal.path.CompiledPath -- Evaluating path: $
12:51:21.446 [main] DEBUG com.jayway.jsonpath.internal.JsonContext -- Put path $ key windowsVirtualKeyCode value 114
12:51:21.446 [main] DEBUG com.jayway.jsonpath.internal.path.CompiledPath -- Evaluating path: $
12:51:21.446 [main] DEBUG com.intuit.karate.driver.chrome_1718781680031 -- >> {"id":22,"sessionId":"A56E300532ABA6D87A937B5310C50C9B","method":"Input.dispatchKeyEvent","params":{"modifiers":0,"type":"char","text":"r","windowsVirtualKeyCode":114}}
12:51:21.454 [nioEventLoopGroup-5-1] DEBUG com.intuit.karate.driver.chrome_1718781680031 -- << {"method":"Target.targetCreated","params":{"targetInfo":{"targetId":"7EE27B725F22A331ADBE402623520A3D","type":"service_worker","title":"Service Worker https://www.saucedemo.com/service-worker.js","url":"https://www.saucedemo.com/service-worker.js","attached":false,"canAccessOpener":false,"browserContextId":"7EA36684831AC84EDA6E0C1430E1951B"}},"sessionId":"A56E300532ABA6D87A937B5310C50C9B"}
12:51:21.454 [nioEventLoopGroup-5-1] DEBUG com.jayway.jsonpath.internal.path.CompiledPath -- Evaluating path: $
12:51:21.462 [nioEventLoopGroup-5-1] DEBUG com.intuit.karate.driver.chrome_1718781680031 -- << {"method":"Page.loadEventFired","params":{"timestamp":52759.962782},"sessionId":"A56E300532ABA6D87A937B5310C50C9B"}
12:51:21.462 [nioEventLoopGroup-5-1] DEBUG com.jayway.jsonpath.internal.path.CompiledPath -- Evaluating path: $
12:51:21.462 [nioEventLoopGroup-5-1] DEBUG com.intuit.karate.driver.chrome_1718781680031 -- << {"method":"Page.frameStoppedLoading","params":{"frameId":"50D95E8A3870C57CB860BECB5D3A62DE"},"sessionId":"A56E300532ABA6D87A937B5310C50C9B"}
12:51:21.462 [nioEventLoopGroup-5-1] DEBUG com.jayway.jsonpath.internal.path.CompiledPath -- Evaluating path: $
12:51:21.462 [nioEventLoopGroup-5-1] DEBUG com.jayway.jsonpath.internal.path.CompiledPath -- Evaluating path: $['frameId']
12:51:21.462 [nioEventLoopGroup-5-1] DEBUG com.intuit.karate.driver.chrome_1718781680031 -- << {"id":22,"result":{},"sessionId":"A56E300532ABA6D87A937B5310C50C9B"}
12:51:21.462 [nioEventLoopGroup-5-1] DEBUG com.jayway.jsonpath.internal.path.CompiledPath -- Evaluating path: $
12:51:21.462 [main] DEBUG com.jayway.jsonpath.internal.path.CompiledPath -- Evaluating path: $['modifiers']
12:51:21.462 [main] DEBUG com.jayway.jsonpath.internal.path.CompiledPath -- Evaluating path: $
12:51:21.462 [main] DEBUG com.jayway.jsonpath.internal.path.CompiledPath -- Evaluating path: $
12:51:21.462 [main] DEBUG com.jayway.jsonpath.internal.JsonContext -- Put path $ key modifiers value {}
12:51:21.462 [main] DEBUG com.jayway.jsonpath.internal.path.CompiledPath -- Evaluating path: $
12:51:21.462 [main] DEBUG com.jayway.jsonpath.internal.JsonContext -- Put path $ key modifiers value 0
12:51:21.462 [main] DEBUG com.jayway.jsonpath.internal.path.CompiledPath -- Evaluating path: $['type']
12:51:21.462 [main] DEBUG com.jayway.jsonpath.internal.path.CompiledPath -- Evaluating path: $
12:51:21.462 [main] DEBUG com.jayway.jsonpath.internal.path.CompiledPath -- Evaluating path: $
12:51:21.462 [main] DEBUG com.jayway.jsonpath.internal.JsonContext -- Put path $ key type value {}
12:51:21.462 [main] DEBUG com.jayway.jsonpath.internal.path.CompiledPath -- Evaluating path: $
12:51:21.462 [main] DEBUG com.jayway.jsonpath.internal.JsonContext -- Put path $ key type value keyUp
12:51:21.462 [main] DEBUG com.jayway.jsonpath.internal.path.CompiledPath -- Evaluating path: $['text']
12:51:21.462 [main] DEBUG com.jayway.jsonpath.internal.path.CompiledPath -- Evaluating path: $
12:51:21.462 [main] DEBUG com.jayway.jsonpath.internal.path.CompiledPath -- Evaluating path: $
12:51:21.462 [main] DEBUG com.jayway.jsonpath.internal.JsonContext -- Put path $ key text value {}
12:51:21.462 [main] DEBUG com.jayway.jsonpath.internal.path.CompiledPath -- Evaluating path: $
12:51:21.462 [main] DEBUG com.jayway.jsonpath.internal.JsonContext -- Put path $ key text value r
12:51:21.462 [main] DEBUG com.jayway.jsonpath.internal.path.CompiledPath -- Evaluating path: $['windowsVirtualKeyCode']
12:51:21.462 [main] DEBUG com.jayway.jsonpath.internal.path.CompiledPath -- Evaluating path: $
12:51:21.462 [main] DEBUG com.jayway.jsonpath.internal.path.CompiledPath -- Evaluating path: $
12:51:21.462 [main] DEBUG com.jayway.jsonpath.internal.JsonContext -- Put path $ key windowsVirtualKeyCode value {}
12:51:21.462 [main] DEBUG com.jayway.jsonpath.internal.path.CompiledPath -- Evaluating path: $
12:51:21.462 [main] DEBUG com.jayway.jsonpath.internal.JsonContext -- Put path $ key windowsVirtualKeyCode value 114
12:51:21.462 [main] DEBUG com.jayway.jsonpath.internal.path.CompiledPath -- Evaluating path: $
12:51:21.462 [main] DEBUG com.intuit.karate.driver.chrome_1718781680031 -- >> {"id":23,"sessionId":"A56E300532ABA6D87A937B5310C50C9B","method":"Input.dispatchKeyEvent","params":{"modifiers":0,"type":"keyUp","text":"r","windowsVirtualKeyCode":114}}
12:51:21.462 [nioEventLoopGroup-5-1] DEBUG com.intuit.karate.driver.chrome_1718781680031 -- << {"id":23,"result":{},"sessionId":"A56E300532ABA6D87A937B5310C50C9B"}
12:51:21.470 [nioEventLoopGroup-5-1] DEBUG com.jayway.jsonpath.internal.path.CompiledPath -- Evaluating path: $
12:51:21.470 [main] DEBUG com.jayway.jsonpath.internal.path.CompiledPath -- Evaluating path: $['modifiers']
12:51:21.470 [main] DEBUG com.jayway.jsonpath.internal.path.CompiledPath -- Evaluating path: $
12:51:21.470 [main] DEBUG com.jayway.jsonpath.internal.path.CompiledPath -- Evaluating path: $
12:51:21.470 [main] DEBUG com.jayway.jsonpath.internal.JsonContext -- Put path $ key modifiers value {}
12:51:21.470 [main] DEBUG com.jayway.jsonpath.internal.path.CompiledPath -- Evaluating path: $
12:51:21.470 [main] DEBUG com.jayway.jsonpath.internal.JsonContext -- Put path $ key modifiers value 0
12:51:21.470 [main] DEBUG com.jayway.jsonpath.internal.path.CompiledPath -- Evaluating path: $['type']
12:51:21.470 [main] DEBUG com.jayway.jsonpath.internal.path.CompiledPath -- Evaluating path: $
12:51:21.470 [main] DEBUG com.jayway.jsonpath.internal.path.CompiledPath -- Evaluating path: $
12:51:21.470 [main] DEBUG com.jayway.jsonpath.internal.JsonContext -- Put path $ key type value {}
12:51:21.470 [main] DEBUG com.jayway.jsonpath.internal.path.CompiledPath -- Evaluating path: $
12:51:21.470 [main] DEBUG com.jayway.jsonpath.internal.JsonContext -- Put path $ key type value rawKeyDown
12:51:21.470 [main] DEBUG com.jayway.jsonpath.internal.path.CompiledPath -- Evaluating path: $['text']
12:51:21.470 [main] DEBUG com.jayway.jsonpath.internal.path.CompiledPath -- Evaluating path: $
12:51:21.470 [main] DEBUG com.jayway.jsonpath.internal.path.CompiledPath -- Evaluating path: $
12:51:21.470 [main] DEBUG com.jayway.jsonpath.internal.JsonContext -- Put path $ key text value {}
12:51:21.470 [main] DEBUG com.jayway.jsonpath.internal.path.CompiledPath -- Evaluating path: $
12:51:21.470 [main] DEBUG com.jayway.jsonpath.internal.JsonContext -- Put path $ key text value _
12:51:21.470 [main] DEBUG com.jayway.jsonpath.internal.path.CompiledPath -- Evaluating path: $['windowsVirtualKeyCode']
12:51:21.470 [main] DEBUG com.jayway.jsonpath.internal.path.CompiledPath -- Evaluating path: $
12:51:21.470 [main] DEBUG com.jayway.jsonpath.internal.path.CompiledPath -- Evaluating path: $
12:51:21.470 [main] DEBUG com.jayway.jsonpath.internal.JsonContext -- Put path $ key windowsVirtualKeyCode value {}
12:51:21.470 [main] DEBUG com.jayway.jsonpath.internal.path.CompiledPath -- Evaluating path: $
12:51:21.470 [main] DEBUG com.jayway.jsonpath.internal.JsonContext -- Put path $ key windowsVirtualKeyCode value 523
12:51:21.470 [main] DEBUG com.jayway.jsonpath.internal.path.CompiledPath -- Evaluating path: $
12:51:21.470 [main] DEBUG com.intuit.karate.driver.chrome_1718781680031 -- >> {"id":24,"sessionId":"A56E300532ABA6D87A937B5310C50C9B","method":"Input.dispatchKeyEvent","params":{"modifiers":0,"type":"rawKeyDown","text":"_","windowsVirtualKeyCode":523}}
12:51:21.470 [nioEventLoopGroup-5-1] DEBUG com.intuit.karate.driver.chrome_1718781680031 -- << {"id":24,"result":{},"sessionId":"A56E300532ABA6D87A937B5310C50C9B"}
12:51:21.470 [nioEventLoopGroup-5-1] DEBUG com.jayway.jsonpath.internal.path.CompiledPath -- Evaluating path: $
12:51:21.470 [main] DEBUG com.jayway.jsonpath.internal.path.CompiledPath -- Evaluating path: $['modifiers']
12:51:21.470 [main] DEBUG com.jayway.jsonpath.internal.path.CompiledPath -- Evaluating path: $
12:51:21.470 [main] DEBUG com.jayway.jsonpath.internal.path.CompiledPath -- Evaluating path: $
12:51:21.470 [main] DEBUG com.jayway.jsonpath.internal.JsonContext -- Put path $ key modifiers value {}
12:51:21.470 [main] DEBUG com.jayway.jsonpath.internal.path.CompiledPath -- Evaluating path: $
12:51:21.470 [main] DEBUG com.jayway.jsonpath.internal.JsonContext -- Put path $ key modifiers value 0
12:51:21.470 [main] DEBUG com.jayway.jsonpath.internal.path.CompiledPath -- Evaluating path: $['type']
12:51:21.470 [main] DEBUG com.jayway.jsonpath.internal.path.CompiledPath -- Evaluating path: $
12:51:21.470 [main] DEBUG com.jayway.jsonpath.internal.path.CompiledPath -- Evaluating path: $
12:51:21.470 [main] DEBUG com.jayway.jsonpath.internal.JsonContext -- Put path $ key type value {}
12:51:21.470 [main] DEBUG com.jayway.jsonpath.internal.path.CompiledPath -- Evaluating path: $
12:51:21.470 [main] DEBUG com.jayway.jsonpath.internal.JsonContext -- Put path $ key type value char
12:51:21.470 [main] DEBUG com.jayway.jsonpath.internal.path.CompiledPath -- Evaluating path: $['text']
12:51:21.470 [main] DEBUG com.jayway.jsonpath.internal.path.CompiledPath -- Evaluating path: $
12:51:21.470 [main] DEBUG com.jayway.jsonpath.internal.path.CompiledPath -- Evaluating path: $
12:51:21.470 [main] DEBUG com.jayway.jsonpath.internal.JsonContext -- Put path $ key text value {}
12:51:21.470 [main] DEBUG com.jayway.jsonpath.internal.path.CompiledPath -- Evaluating path: $
12:51:21.470 [main] DEBUG com.jayway.jsonpath.internal.JsonContext -- Put path $ key text value _
12:51:21.470 [main] DEBUG com.jayway.jsonpath.internal.path.CompiledPath -- Evaluating path: $['windowsVirtualKeyCode']
12:51:21.470 [main] DEBUG com.jayway.jsonpath.internal.path.CompiledPath -- Evaluating path: $
12:51:21.470 [main] DEBUG com.jayway.jsonpath.internal.path.CompiledPath -- Evaluating path: $
12:51:21.470 [main] DEBUG com.jayway.jsonpath.internal.JsonContext -- Put path $ key windowsVirtualKeyCode value {}
12:51:21.470 [main] DEBUG com.jayway.jsonpath.internal.path.CompiledPath -- Evaluating path: $
12:51:21.470 [main] DEBUG com.jayway.jsonpath.internal.JsonContext -- Put path $ key windowsVirtualKeyCode value 523
12:51:21.470 [main] DEBUG com.jayway.jsonpath.internal.path.CompiledPath -- Evaluating path: $
12:51:21.470 [main] DEBUG com.intuit.karate.driver.chrome_1718781680031 -- >> {"id":25,"sessionId":"A56E300532ABA6D87A937B5310C50C9B","method":"Input.dispatchKeyEvent","params":{"modifiers":0,"type":"char","text":"_","windowsVirtualKeyCode":523}}
12:51:21.470 [nioEventLoopGroup-5-1] DEBUG com.intuit.karate.driver.chrome_1718781680031 -- << {"id":25,"result":{},"sessionId":"A56E300532ABA6D87A937B5310C50C9B"}
12:51:21.470 [nioEventLoopGroup-5-1] DEBUG com.jayway.jsonpath.internal.path.CompiledPath -- Evaluating path: $
12:51:21.470 [main] DEBUG com.jayway.jsonpath.internal.path.CompiledPath -- Evaluating path: $['modifiers']
12:51:21.470 [main] DEBUG com.jayway.jsonpath.internal.path.CompiledPath -- Evaluating path: $
12:51:21.470 [main] DEBUG com.jayway.jsonpath.internal.path.CompiledPath -- Evaluating path: $
12:51:21.470 [main] DEBUG com.jayway.jsonpath.internal.JsonContext -- Put path $ key modifiers value {}
12:51:21.470 [main] DEBUG com.jayway.jsonpath.internal.path.CompiledPath -- Evaluating path: $
12:51:21.470 [main] DEBUG com.jayway.jsonpath.internal.JsonContext -- Put path $ key modifiers value 0
12:51:21.470 [main] DEBUG com.jayway.jsonpath.internal.path.CompiledPath -- Evaluating path: $['type']
12:51:21.470 [main] DEBUG com.jayway.jsonpath.internal.path.CompiledPath -- Evaluating path: $
12:51:21.470 [main] DEBUG com.jayway.jsonpath.internal.path.CompiledPath -- Evaluating path: $
12:51:21.470 [main] DEBUG com.jayway.jsonpath.internal.JsonContext -- Put path $ key type value {}
12:51:21.470 [main] DEBUG com.jayway.jsonpath.internal.path.CompiledPath -- Evaluating path: $
12:51:21.470 [main] DEBUG com.jayway.jsonpath.internal.JsonContext -- Put path $ key type value keyUp
12:51:21.470 [main] DEBUG com.jayway.jsonpath.internal.path.CompiledPath -- Evaluating path: $['text']
12:51:21.470 [main] DEBUG com.jayway.jsonpath.internal.path.CompiledPath -- Evaluating path: $
12:51:21.470 [main] DEBUG com.jayway.jsonpath.internal.path.CompiledPath -- Evaluating path: $
12:51:21.470 [main] DEBUG com.jayway.jsonpath.internal.JsonContext -- Put path $ key text value {}
12:51:21.470 [main] DEBUG com.jayway.jsonpath.internal.path.CompiledPath -- Evaluating path: $
12:51:21.470 [main] DEBUG com.jayway.jsonpath.internal.JsonContext -- Put path $ key text value _
12:51:21.470 [main] DEBUG com.jayway.jsonpath.internal.path.CompiledPath -- Evaluating path: $['windowsVirtualKeyCode']
12:51:21.470 [main] DEBUG com.jayway.jsonpath.internal.path.CompiledPath -- Evaluating path: $
12:51:21.470 [main] DEBUG com.jayway.jsonpath.internal.path.CompiledPath -- Evaluating path: $
12:51:21.470 [main] DEBUG com.jayway.jsonpath.internal.JsonContext -- Put path $ key windowsVirtualKeyCode value {}
12:51:21.470 [main] DEBUG com.jayway.jsonpath.internal.path.CompiledPath -- Evaluating path: $
12:51:21.470 [main] DEBUG com.jayway.jsonpath.internal.JsonContext -- Put path $ key windowsVirtualKeyCode value 523
12:51:21.470 [main] DEBUG com.jayway.jsonpath.internal.path.CompiledPath -- Evaluating path: $
12:51:21.470 [main] DEBUG com.intuit.karate.driver.chrome_1718781680031 -- >> {"id":26,"sessionId":"A56E300532ABA6D87A937B5310C50C9B","method":"Input.dispatchKeyEvent","params":{"modifiers":0,"type":"keyUp","text":"_","windowsVirtualKeyCode":523}}
12:51:21.478 [nioEventLoopGroup-5-1] DEBUG com.intuit.karate.driver.chrome_1718781680031 -- << {"id":26,"result":{},"sessionId":"A56E300532ABA6D87A937B5310C50C9B"}
12:51:21.478 [nioEventLoopGroup-5-1] DEBUG com.jayway.jsonpath.internal.path.CompiledPath -- Evaluating path: $
12:51:21.478 [main] DEBUG com.jayway.jsonpath.internal.path.CompiledPath -- Evaluating path: $['modifiers']
12:51:21.478 [main] DEBUG com.jayway.jsonpath.internal.path.CompiledPath -- Evaluating path: $
12:51:21.478 [main] DEBUG com.jayway.jsonpath.internal.path.CompiledPath -- Evaluating path: $
12:51:21.478 [main] DEBUG com.jayway.jsonpath.internal.JsonContext -- Put path $ key modifiers value {}
12:51:21.478 [main] DEBUG com.jayway.jsonpath.internal.path.CompiledPath -- Evaluating path: $
12:51:21.478 [main] DEBUG com.jayway.jsonpath.internal.JsonContext -- Put path $ key modifiers value 0
12:51:21.478 [main] DEBUG com.jayway.jsonpath.internal.path.CompiledPath -- Evaluating path: $['type']
12:51:21.478 [main] DEBUG com.jayway.jsonpath.internal.path.CompiledPath -- Evaluating path: $
12:51:21.478 [main] DEBUG com.jayway.jsonpath.internal.path.CompiledPath -- Evaluating path: $
12:51:21.478 [main] DEBUG com.jayway.jsonpath.internal.JsonContext -- Put path $ key type value {}
12:51:21.478 [main] DEBUG com.jayway.jsonpath.internal.path.CompiledPath -- Evaluating path: $
12:51:21.478 [main] DEBUG com.jayway.jsonpath.internal.JsonContext -- Put path $ key type value rawKeyDown
12:51:21.478 [main] DEBUG com.jayway.jsonpath.internal.path.CompiledPath -- Evaluating path: $['text']
12:51:21.478 [main] DEBUG com.jayway.jsonpath.internal.path.CompiledPath -- Evaluating path: $
12:51:21.478 [main] DEBUG com.jayway.jsonpath.internal.path.CompiledPath -- Evaluating path: $
12:51:21.478 [main] DEBUG com.jayway.jsonpath.internal.JsonContext -- Put path $ key text value {}
12:51:21.478 [main] DEBUG com.jayway.jsonpath.internal.path.CompiledPath -- Evaluating path: $
12:51:21.478 [main] DEBUG com.jayway.jsonpath.internal.JsonContext -- Put path $ key text value u
12:51:21.478 [main] DEBUG com.jayway.jsonpath.internal.path.CompiledPath -- Evaluating path: $['windowsVirtualKeyCode']
12:51:21.478 [main] DEBUG com.jayway.jsonpath.internal.path.CompiledPath -- Evaluating path: $
12:51:21.478 [main] DEBUG com.jayway.jsonpath.internal.path.CompiledPath -- Evaluating path: $
12:51:21.478 [main] DEBUG com.jayway.jsonpath.internal.JsonContext -- Put path $ key windowsVirtualKeyCode value {}
12:51:21.478 [main] DEBUG com.jayway.jsonpath.internal.path.CompiledPath -- Evaluating path: $
12:51:21.478 [main] DEBUG com.jayway.jsonpath.internal.JsonContext -- Put path $ key windowsVirtualKeyCode value 117
12:51:21.478 [main] DEBUG com.jayway.jsonpath.internal.path.CompiledPath -- Evaluating path: $
12:51:21.478 [main] DEBUG com.intuit.karate.driver.chrome_1718781680031 -- >> {"id":27,"sessionId":"A56E300532ABA6D87A937B5310C50C9B","method":"Input.dispatchKeyEvent","params":{"modifiers":0,"type":"rawKeyDown","text":"u","windowsVirtualKeyCode":117}}
12:51:21.482 [nioEventLoopGroup-5-1] DEBUG com.intuit.karate.driver.chrome_1718781680031 -- << {"id":27,"result":{},"sessionId":"A56E300532ABA6D87A937B5310C50C9B"}
12:51:21.482 [nioEventLoopGroup-5-1] DEBUG com.jayway.jsonpath.internal.path.CompiledPath -- Evaluating path: $
12:51:21.482 [main] DEBUG com.jayway.jsonpath.internal.path.CompiledPath -- Evaluating path: $['modifiers']
12:51:21.482 [main] DEBUG com.jayway.jsonpath.internal.path.CompiledPath -- Evaluating path: $
12:51:21.482 [main] DEBUG com.jayway.jsonpath.internal.path.CompiledPath -- Evaluating path: $
12:51:21.482 [main] DEBUG com.jayway.jsonpath.internal.JsonContext -- Put path $ key modifiers value {}
12:51:21.482 [main] DEBUG com.jayway.jsonpath.internal.path.CompiledPath -- Evaluating path: $
12:51:21.482 [main] DEBUG com.jayway.jsonpath.internal.JsonContext -- Put path $ key modifiers value 0
12:51:21.482 [main] DEBUG com.jayway.jsonpath.internal.path.CompiledPath -- Evaluating path: $['type']
12:51:21.482 [main] DEBUG com.jayway.jsonpath.internal.path.CompiledPath -- Evaluating path: $
12:51:21.482 [main] DEBUG com.jayway.jsonpath.internal.path.CompiledPath -- Evaluating path: $
12:51:21.482 [main] DEBUG com.jayway.jsonpath.internal.JsonContext -- Put path $ key type value {}
12:51:21.482 [main] DEBUG com.jayway.jsonpath.internal.path.CompiledPath -- Evaluating path: $
12:51:21.482 [main] DEBUG com.jayway.jsonpath.internal.JsonContext -- Put path $ key type value char
12:51:21.482 [main] DEBUG com.jayway.jsonpath.internal.path.CompiledPath -- Evaluating path: $['text']
12:51:21.482 [main] DEBUG com.jayway.jsonpath.internal.path.CompiledPath -- Evaluating path: $
12:51:21.482 [main] DEBUG com.jayway.jsonpath.internal.path.CompiledPath -- Evaluating path: $
12:51:21.482 [main] DEBUG com.jayway.jsonpath.internal.JsonContext -- Put path $ key text value {}
12:51:21.482 [main] DEBUG com.jayway.jsonpath.internal.path.CompiledPath -- Evaluating path: $
12:51:21.482 [main] DEBUG com.jayway.jsonpath.internal.JsonContext -- Put path $ key text value u
12:51:21.482 [main] DEBUG com.jayway.jsonpath.internal.path.CompiledPath -- Evaluating path: $['windowsVirtualKeyCode']
12:51:21.482 [main] DEBUG com.jayway.jsonpath.internal.path.CompiledPath -- Evaluating path: $
12:51:21.482 [main] DEBUG com.jayway.jsonpath.internal.path.CompiledPath -- Evaluating path: $
12:51:21.482 [main] DEBUG com.jayway.jsonpath.internal.JsonContext -- Put path $ key windowsVirtualKeyCode value {}
12:51:21.482 [main] DEBUG com.jayway.jsonpath.internal.path.CompiledPath -- Evaluating path: $
12:51:21.482 [main] DEBUG com.jayway.jsonpath.internal.JsonContext -- Put path $ key windowsVirtualKeyCode value 117
12:51:21.482 [main] DEBUG com.jayway.jsonpath.internal.path.CompiledPath -- Evaluating path: $
12:51:21.482 [main] DEBUG com.intuit.karate.driver.chrome_1718781680031 -- >> {"id":28,"sessionId":"A56E300532ABA6D87A937B5310C50C9B","method":"Input.dispatchKeyEvent","params":{"modifiers":0,"type":"char","text":"u","windowsVirtualKeyCode":117}}
12:51:21.482 [nioEventLoopGroup-5-1] DEBUG com.intuit.karate.driver.chrome_1718781680031 -- << {"id":28,"result":{},"sessionId":"A56E300532ABA6D87A937B5310C50C9B"}
12:51:21.482 [nioEventLoopGroup-5-1] DEBUG com.jayway.jsonpath.internal.path.CompiledPath -- Evaluating path: $
12:51:21.482 [main] DEBUG com.jayway.jsonpath.internal.path.CompiledPath -- Evaluating path: $['modifiers']
12:51:21.482 [main] DEBUG com.jayway.jsonpath.internal.path.CompiledPath -- Evaluating path: $
12:51:21.482 [main] DEBUG com.jayway.jsonpath.internal.path.CompiledPath -- Evaluating path: $
12:51:21.482 [main] DEBUG com.jayway.jsonpath.internal.JsonContext -- Put path $ key modifiers value {}
12:51:21.482 [main] DEBUG com.jayway.jsonpath.internal.path.CompiledPath -- Evaluating path: $
12:51:21.482 [main] DEBUG com.jayway.jsonpath.internal.JsonContext -- Put path $ key modifiers value 0
12:51:21.482 [main] DEBUG com.jayway.jsonpath.internal.path.CompiledPath -- Evaluating path: $['type']
12:51:21.482 [main] DEBUG com.jayway.jsonpath.internal.path.CompiledPath -- Evaluating path: $
12:51:21.482 [main] DEBUG com.jayway.jsonpath.internal.path.CompiledPath -- Evaluating path: $
12:51:21.482 [main] DEBUG com.jayway.jsonpath.internal.JsonContext -- Put path $ key type value {}
12:51:21.482 [main] DEBUG com.jayway.jsonpath.internal.path.CompiledPath -- Evaluating path: $
12:51:21.482 [main] DEBUG com.jayway.jsonpath.internal.JsonContext -- Put path $ key type value keyUp
12:51:21.482 [main] DEBUG com.jayway.jsonpath.internal.path.CompiledPath -- Evaluating path: $['text']
12:51:21.482 [main] DEBUG com.jayway.jsonpath.internal.path.CompiledPath -- Evaluating path: $
12:51:21.482 [main] DEBUG com.jayway.jsonpath.internal.path.CompiledPath -- Evaluating path: $
12:51:21.482 [main] DEBUG com.jayway.jsonpath.internal.JsonContext -- Put path $ key text value {}
12:51:21.482 [main] DEBUG com.jayway.jsonpath.internal.path.CompiledPath -- Evaluating path: $
12:51:21.482 [main] DEBUG com.jayway.jsonpath.internal.JsonContext -- Put path $ key text value u
12:51:21.482 [main] DEBUG com.jayway.jsonpath.internal.path.CompiledPath -- Evaluating path: $['windowsVirtualKeyCode']
12:51:21.482 [main] DEBUG com.jayway.jsonpath.internal.path.CompiledPath -- Evaluating path: $
12:51:21.482 [main] DEBUG com.jayway.jsonpath.internal.path.CompiledPath -- Evaluating path: $
12:51:21.482 [main] DEBUG com.jayway.jsonpath.internal.JsonContext -- Put path $ key windowsVirtualKeyCode value {}
12:51:21.482 [main] DEBUG com.jayway.jsonpath.internal.path.CompiledPath -- Evaluating path: $
12:51:21.482 [main] DEBUG com.jayway.jsonpath.internal.JsonContext -- Put path $ key windowsVirtualKeyCode value 117
12:51:21.482 [main] DEBUG com.jayway.jsonpath.internal.path.CompiledPath -- Evaluating path: $
12:51:21.482 [main] DEBUG com.intuit.karate.driver.chrome_1718781680031 -- >> {"id":29,"sessionId":"A56E300532ABA6D87A937B5310C50C9B","method":"Input.dispatchKeyEvent","params":{"modifiers":0,"type":"keyUp","text":"u","windowsVirtualKeyCode":117}}
12:51:21.482 [nioEventLoopGroup-5-1] DEBUG com.intuit.karate.driver.chrome_1718781680031 -- << {"id":29,"result":{},"sessionId":"A56E300532ABA6D87A937B5310C50C9B"}
12:51:21.482 [nioEventLoopGroup-5-1] DEBUG com.jayway.jsonpath.internal.path.CompiledPath -- Evaluating path: $
12:51:21.482 [main] DEBUG com.jayway.jsonpath.internal.path.CompiledPath -- Evaluating path: $['modifiers']
12:51:21.482 [main] DEBUG com.jayway.jsonpath.internal.path.CompiledPath -- Evaluating path: $
12:51:21.482 [main] DEBUG com.jayway.jsonpath.internal.path.CompiledPath -- Evaluating path: $
12:51:21.482 [main] DEBUG com.jayway.jsonpath.internal.JsonContext -- Put path $ key modifiers value {}
12:51:21.482 [main] DEBUG com.jayway.jsonpath.internal.path.CompiledPath -- Evaluating path: $
12:51:21.482 [main] DEBUG com.jayway.jsonpath.internal.JsonContext -- Put path $ key modifiers value 0
12:51:21.482 [main] DEBUG com.jayway.jsonpath.internal.path.CompiledPath -- Evaluating path: $['type']
12:51:21.482 [main] DEBUG com.jayway.jsonpath.internal.path.CompiledPath -- Evaluating path: $
12:51:21.482 [main] DEBUG com.jayway.jsonpath.internal.path.CompiledPath -- Evaluating path: $
12:51:21.482 [main] DEBUG com.jayway.jsonpath.internal.JsonContext -- Put path $ key type value {}
12:51:21.482 [main] DEBUG com.jayway.jsonpath.internal.path.CompiledPath -- Evaluating path: $
12:51:21.482 [main] DEBUG com.jayway.jsonpath.internal.JsonContext -- Put path $ key type value rawKeyDown
12:51:21.482 [main] DEBUG com.jayway.jsonpath.internal.path.CompiledPath -- Evaluating path: $['text']
12:51:21.482 [main] DEBUG com.jayway.jsonpath.internal.path.CompiledPath -- Evaluating path: $
12:51:21.482 [main] DEBUG com.jayway.jsonpath.internal.path.CompiledPath -- Evaluating path: $
12:51:21.482 [main] DEBUG com.jayway.jsonpath.internal.JsonContext -- Put path $ key text value {}
12:51:21.482 [main] DEBUG com.jayway.jsonpath.internal.path.CompiledPath -- Evaluating path: $
12:51:21.482 [main] DEBUG com.jayway.jsonpath.internal.JsonContext -- Put path $ key text value s
12:51:21.482 [main] DEBUG com.jayway.jsonpath.internal.path.CompiledPath -- Evaluating path: $['windowsVirtualKeyCode']
12:51:21.482 [main] DEBUG com.jayway.jsonpath.internal.path.CompiledPath -- Evaluating path: $
12:51:21.482 [main] DEBUG com.jayway.jsonpath.internal.path.CompiledPath -- Evaluating path: $
12:51:21.482 [main] DEBUG com.jayway.jsonpath.internal.JsonContext -- Put path $ key windowsVirtualKeyCode value {}
12:51:21.482 [main] DEBUG com.jayway.jsonpath.internal.path.CompiledPath -- Evaluating path: $
12:51:21.482 [main] DEBUG com.jayway.jsonpath.internal.JsonContext -- Put path $ key windowsVirtualKeyCode value 115
12:51:21.482 [main] DEBUG com.jayway.jsonpath.internal.path.CompiledPath -- Evaluating path: $
12:51:21.482 [main] DEBUG com.intuit.karate.driver.chrome_1718781680031 -- >> {"id":30,"sessionId":"A56E300532ABA6D87A937B5310C50C9B","method":"Input.dispatchKeyEvent","params":{"modifiers":0,"type":"rawKeyDown","text":"s","windowsVirtualKeyCode":115}}
12:51:21.494 [nioEventLoopGroup-5-1] DEBUG com.intuit.karate.driver.chrome_1718781680031 -- << {"id":30,"result":{},"sessionId":"A56E300532ABA6D87A937B5310C50C9B"}
12:51:21.494 [nioEventLoopGroup-5-1] DEBUG com.jayway.jsonpath.internal.path.CompiledPath -- Evaluating path: $
12:51:21.494 [main] DEBUG com.jayway.jsonpath.internal.path.CompiledPath -- Evaluating path: $['modifiers']
12:51:21.494 [main] DEBUG com.jayway.jsonpath.internal.path.CompiledPath -- Evaluating path: $
12:51:21.494 [main] DEBUG com.jayway.jsonpath.internal.path.CompiledPath -- Evaluating path: $
12:51:21.494 [main] DEBUG com.jayway.jsonpath.internal.JsonContext -- Put path $ key modifiers value {}
12:51:21.494 [main] DEBUG com.jayway.jsonpath.internal.path.CompiledPath -- Evaluating path: $
12:51:21.494 [main] DEBUG com.jayway.jsonpath.internal.JsonContext -- Put path $ key modifiers value 0
12:51:21.494 [main] DEBUG com.jayway.jsonpath.internal.path.CompiledPath -- Evaluating path: $['type']
12:51:21.494 [main] DEBUG com.jayway.jsonpath.internal.path.CompiledPath -- Evaluating path: $
12:51:21.494 [main] DEBUG com.jayway.jsonpath.internal.path.CompiledPath -- Evaluating path: $
12:51:21.494 [main] DEBUG com.jayway.jsonpath.internal.JsonContext -- Put path $ key type value {}
12:51:21.494 [main] DEBUG com.jayway.jsonpath.internal.path.CompiledPath -- Evaluating path: $
12:51:21.494 [main] DEBUG com.jayway.jsonpath.internal.JsonContext -- Put path $ key type value char
12:51:21.494 [main] DEBUG com.jayway.jsonpath.internal.path.CompiledPath -- Evaluating path: $['text']
12:51:21.494 [main] DEBUG com.jayway.jsonpath.internal.path.CompiledPath -- Evaluating path: $
12:51:21.494 [main] DEBUG com.jayway.jsonpath.internal.path.CompiledPath -- Evaluating path: $
12:51:21.494 [main] DEBUG com.jayway.jsonpath.internal.JsonContext -- Put path $ key text value {}
12:51:21.494 [main] DEBUG com.jayway.jsonpath.internal.path.CompiledPath -- Evaluating path: $
12:51:21.494 [main] DEBUG com.jayway.jsonpath.internal.JsonContext -- Put path $ key text value s
12:51:21.494 [main] DEBUG com.jayway.jsonpath.internal.path.CompiledPath -- Evaluating path: $['windowsVirtualKeyCode']
12:51:21.494 [main] DEBUG com.jayway.jsonpath.internal.path.CompiledPath -- Evaluating path: $
12:51:21.494 [main] DEBUG com.jayway.jsonpath.internal.path.CompiledPath -- Evaluating path: $
12:51:21.494 [main] DEBUG com.jayway.jsonpath.internal.JsonContext -- Put path $ key windowsVirtualKeyCode value {}
12:51:21.494 [main] DEBUG com.jayway.jsonpath.internal.path.CompiledPath -- Evaluating path: $
12:51:21.494 [main] DEBUG com.jayway.jsonpath.internal.JsonContext -- Put path $ key windowsVirtualKeyCode value 115
12:51:21.494 [main] DEBUG com.jayway.jsonpath.internal.path.CompiledPath -- Evaluating path: $
12:51:21.494 [main] DEBUG com.intuit.karate.driver.chrome_1718781680031 -- >> {"id":31,"sessionId":"A56E300532ABA6D87A937B5310C50C9B","method":"Input.dispatchKeyEvent","params":{"modifiers":0,"type":"char","text":"s","windowsVirtualKeyCode":115}}
12:51:21.497 [nioEventLoopGroup-5-1] DEBUG com.intuit.karate.driver.chrome_1718781680031 -- << {"id":31,"result":{},"sessionId":"A56E300532ABA6D87A937B5310C50C9B"}
12:51:21.497 [nioEventLoopGroup-5-1] DEBUG com.jayway.jsonpath.internal.path.CompiledPath -- Evaluating path: $
12:51:21.497 [main] DEBUG com.jayway.jsonpath.internal.path.CompiledPath -- Evaluating path: $['modifiers']
12:51:21.497 [main] DEBUG com.jayway.jsonpath.internal.path.CompiledPath -- Evaluating path: $
12:51:21.497 [main] DEBUG com.jayway.jsonpath.internal.path.CompiledPath -- Evaluating path: $
12:51:21.497 [main] DEBUG com.jayway.jsonpath.internal.JsonContext -- Put path $ key modifiers value {}
12:51:21.497 [main] DEBUG com.jayway.jsonpath.internal.path.CompiledPath -- Evaluating path: $
12:51:21.497 [main] DEBUG com.jayway.jsonpath.internal.JsonContext -- Put path $ key modifiers value 0
12:51:21.497 [main] DEBUG com.jayway.jsonpath.internal.path.CompiledPath -- Evaluating path: $['type']
12:51:21.497 [main] DEBUG com.jayway.jsonpath.internal.path.CompiledPath -- Evaluating path: $
12:51:21.497 [main] DEBUG com.jayway.jsonpath.internal.path.CompiledPath -- Evaluating path: $
12:51:21.497 [main] DEBUG com.jayway.jsonpath.internal.JsonContext -- Put path $ key type value {}
12:51:21.497 [main] DEBUG com.jayway.jsonpath.internal.path.CompiledPath -- Evaluating path: $
12:51:21.497 [main] DEBUG com.jayway.jsonpath.internal.JsonContext -- Put path $ key type value keyUp
12:51:21.497 [main] DEBUG com.jayway.jsonpath.internal.path.CompiledPath -- Evaluating path: $['text']
12:51:21.497 [main] DEBUG com.jayway.jsonpath.internal.path.CompiledPath -- Evaluating path: $
12:51:21.497 [main] DEBUG com.jayway.jsonpath.internal.path.CompiledPath -- Evaluating path: $
12:51:21.497 [main] DEBUG com.jayway.jsonpath.internal.JsonContext -- Put path $ key text value {}
12:51:21.497 [main] DEBUG com.jayway.jsonpath.internal.path.CompiledPath -- Evaluating path: $
12:51:21.497 [main] DEBUG com.jayway.jsonpath.internal.JsonContext -- Put path $ key text value s
12:51:21.497 [main] DEBUG com.jayway.jsonpath.internal.path.CompiledPath -- Evaluating path: $['windowsVirtualKeyCode']
12:51:21.497 [main] DEBUG com.jayway.jsonpath.internal.path.CompiledPath -- Evaluating path: $
12:51:21.497 [main] DEBUG com.jayway.jsonpath.internal.path.CompiledPath -- Evaluating path: $
12:51:21.497 [main] DEBUG com.jayway.jsonpath.internal.JsonContext -- Put path $ key windowsVirtualKeyCode value {}
12:51:21.497 [main] DEBUG com.jayway.jsonpath.internal.path.CompiledPath -- Evaluating path: $
12:51:21.497 [main] DEBUG com.jayway.jsonpath.internal.JsonContext -- Put path $ key windowsVirtualKeyCode value 115
12:51:21.497 [main] DEBUG com.jayway.jsonpath.internal.path.CompiledPath -- Evaluating path: $
12:51:21.497 [main] DEBUG com.intuit.karate.driver.chrome_1718781680031 -- >> {"id":32,"sessionId":"A56E300532ABA6D87A937B5310C50C9B","method":"Input.dispatchKeyEvent","params":{"modifiers":0,"type":"keyUp","text":"s","windowsVirtualKeyCode":115}}
12:51:21.500 [nioEventLoopGroup-5-1] DEBUG com.intuit.karate.driver.chrome_1718781680031 -- << {"id":32,"result":{},"sessionId":"A56E300532ABA6D87A937B5310C50C9B"}
12:51:21.500 [nioEventLoopGroup-5-1] DEBUG com.jayway.jsonpath.internal.path.CompiledPath -- Evaluating path: $
12:51:21.500 [main] DEBUG com.jayway.jsonpath.internal.path.CompiledPath -- Evaluating path: $['modifiers']
12:51:21.500 [main] DEBUG com.jayway.jsonpath.internal.path.CompiledPath -- Evaluating path: $
12:51:21.500 [main] DEBUG com.jayway.jsonpath.internal.path.CompiledPath -- Evaluating path: $
12:51:21.500 [main] DEBUG com.jayway.jsonpath.internal.JsonContext -- Put path $ key modifiers value {}
12:51:21.500 [main] DEBUG com.jayway.jsonpath.internal.path.CompiledPath -- Evaluating path: $
12:51:21.500 [main] DEBUG com.jayway.jsonpath.internal.JsonContext -- Put path $ key modifiers value 0
12:51:21.500 [main] DEBUG com.jayway.jsonpath.internal.path.CompiledPath -- Evaluating path: $['type']
12:51:21.500 [main] DEBUG com.jayway.jsonpath.internal.path.CompiledPath -- Evaluating path: $
12:51:21.500 [main] DEBUG com.jayway.jsonpath.internal.path.CompiledPath -- Evaluating path: $
12:51:21.500 [main] DEBUG com.jayway.jsonpath.internal.JsonContext -- Put path $ key type value {}
12:51:21.500 [main] DEBUG com.jayway.jsonpath.internal.path.CompiledPath -- Evaluating path: $
12:51:21.500 [main] DEBUG com.jayway.jsonpath.internal.JsonContext -- Put path $ key type value rawKeyDown
12:51:21.500 [main] DEBUG com.jayway.jsonpath.internal.path.CompiledPath -- Evaluating path: $['text']
12:51:21.500 [main] DEBUG com.jayway.jsonpath.internal.path.CompiledPath -- Evaluating path: $
12:51:21.500 [main] DEBUG com.jayway.jsonpath.internal.path.CompiledPath -- Evaluating path: $
12:51:21.500 [main] DEBUG com.jayway.jsonpath.internal.JsonContext -- Put path $ key text value {}
12:51:21.500 [main] DEBUG com.jayway.jsonpath.internal.path.CompiledPath -- Evaluating path: $
12:51:21.500 [main] DEBUG com.jayway.jsonpath.internal.JsonContext -- Put path $ key text value e
12:51:21.500 [main] DEBUG com.jayway.jsonpath.internal.path.CompiledPath -- Evaluating path: $['windowsVirtualKeyCode']
12:51:21.500 [main] DEBUG com.jayway.jsonpath.internal.path.CompiledPath -- Evaluating path: $
12:51:21.500 [main] DEBUG com.jayway.jsonpath.internal.path.CompiledPath -- Evaluating path: $
12:51:21.500 [main] DEBUG com.jayway.jsonpath.internal.JsonContext -- Put path $ key windowsVirtualKeyCode value {}
12:51:21.500 [main] DEBUG com.jayway.jsonpath.internal.path.CompiledPath -- Evaluating path: $
12:51:21.500 [main] DEBUG com.jayway.jsonpath.internal.JsonContext -- Put path $ key windowsVirtualKeyCode value 101
12:51:21.500 [main] DEBUG com.jayway.jsonpath.internal.path.CompiledPath -- Evaluating path: $
12:51:21.500 [main] DEBUG com.intuit.karate.driver.chrome_1718781680031 -- >> {"id":33,"sessionId":"A56E300532ABA6D87A937B5310C50C9B","method":"Input.dispatchKeyEvent","params":{"modifiers":0,"type":"rawKeyDown","text":"e","windowsVirtualKeyCode":101}}
12:51:21.500 [nioEventLoopGroup-5-1] DEBUG com.intuit.karate.driver.chrome_1718781680031 -- << {"id":33,"result":{},"sessionId":"A56E300532ABA6D87A937B5310C50C9B"}
12:51:21.500 [nioEventLoopGroup-5-1] DEBUG com.jayway.jsonpath.internal.path.CompiledPath -- Evaluating path: $
12:51:21.500 [main] DEBUG com.jayway.jsonpath.internal.path.CompiledPath -- Evaluating path: $['modifiers']
12:51:21.500 [main] DEBUG com.jayway.jsonpath.internal.path.CompiledPath -- Evaluating path: $
12:51:21.500 [main] DEBUG com.jayway.jsonpath.internal.path.CompiledPath -- Evaluating path: $
12:51:21.500 [main] DEBUG com.jayway.jsonpath.internal.JsonContext -- Put path $ key modifiers value {}
12:51:21.500 [main] DEBUG com.jayway.jsonpath.internal.path.CompiledPath -- Evaluating path: $
12:51:21.500 [main] DEBUG com.jayway.jsonpath.internal.JsonContext -- Put path $ key modifiers value 0
12:51:21.500 [main] DEBUG com.jayway.jsonpath.internal.path.CompiledPath -- Evaluating path: $['type']
12:51:21.500 [main] DEBUG com.jayway.jsonpath.internal.path.CompiledPath -- Evaluating path: $
12:51:21.500 [main] DEBUG com.jayway.jsonpath.internal.path.CompiledPath -- Evaluating path: $
12:51:21.500 [main] DEBUG com.jayway.jsonpath.internal.JsonContext -- Put path $ key type value {}
12:51:21.500 [main] DEBUG com.jayway.jsonpath.internal.path.CompiledPath -- Evaluating path: $
12:51:21.500 [main] DEBUG com.jayway.jsonpath.internal.JsonContext -- Put path $ key type value char
12:51:21.500 [main] DEBUG com.jayway.jsonpath.internal.path.CompiledPath -- Evaluating path: $['text']
12:51:21.500 [main] DEBUG com.jayway.jsonpath.internal.path.CompiledPath -- Evaluating path: $
12:51:21.500 [main] DEBUG com.jayway.jsonpath.internal.path.CompiledPath -- Evaluating path: $
12:51:21.500 [main] DEBUG com.jayway.jsonpath.internal.JsonContext -- Put path $ key text value {}
12:51:21.500 [main] DEBUG com.jayway.jsonpath.internal.path.CompiledPath -- Evaluating path: $
12:51:21.500 [main] DEBUG com.jayway.jsonpath.internal.JsonContext -- Put path $ key text value e
12:51:21.500 [main] DEBUG com.jayway.jsonpath.internal.path.CompiledPath -- Evaluating path: $['windowsVirtualKeyCode']
12:51:21.500 [main] DEBUG com.jayway.jsonpath.internal.path.CompiledPath -- Evaluating path: $
12:51:21.500 [main] DEBUG com.jayway.jsonpath.internal.path.CompiledPath -- Evaluating path: $
12:51:21.500 [main] DEBUG com.jayway.jsonpath.internal.JsonContext -- Put path $ key windowsVirtualKeyCode value {}
12:51:21.500 [main] DEBUG com.jayway.jsonpath.internal.path.CompiledPath -- Evaluating path: $
12:51:21.500 [main] DEBUG com.jayway.jsonpath.internal.JsonContext -- Put path $ key windowsVirtualKeyCode value 101
12:51:21.500 [main] DEBUG com.jayway.jsonpath.internal.path.CompiledPath -- Evaluating path: $
12:51:21.500 [main] DEBUG com.intuit.karate.driver.chrome_1718781680031 -- >> {"id":34,"sessionId":"A56E300532ABA6D87A937B5310C50C9B","method":"Input.dispatchKeyEvent","params":{"modifiers":0,"type":"char","text":"e","windowsVirtualKeyCode":101}}
12:51:21.500 [nioEventLoopGroup-5-1] DEBUG com.intuit.karate.driver.chrome_1718781680031 -- << {"id":34,"result":{},"sessionId":"A56E300532ABA6D87A937B5310C50C9B"}
12:51:21.500 [nioEventLoopGroup-5-1] DEBUG com.jayway.jsonpath.internal.path.CompiledPath -- Evaluating path: $
12:51:21.500 [main] DEBUG com.jayway.jsonpath.internal.path.CompiledPath -- Evaluating path: $['modifiers']
12:51:21.500 [main] DEBUG com.jayway.jsonpath.internal.path.CompiledPath -- Evaluating path: $
12:51:21.500 [main] DEBUG com.jayway.jsonpath.internal.path.CompiledPath -- Evaluating path: $
12:51:21.500 [main] DEBUG com.jayway.jsonpath.internal.JsonContext -- Put path $ key modifiers value {}
12:51:21.500 [main] DEBUG com.jayway.jsonpath.internal.path.CompiledPath -- Evaluating path: $
12:51:21.500 [main] DEBUG com.jayway.jsonpath.internal.JsonContext -- Put path $ key modifiers value 0
12:51:21.500 [main] DEBUG com.jayway.jsonpath.internal.path.CompiledPath -- Evaluating path: $['type']
12:51:21.500 [main] DEBUG com.jayway.jsonpath.internal.path.CompiledPath -- Evaluating path: $
12:51:21.500 [main] DEBUG com.jayway.jsonpath.internal.path.CompiledPath -- Evaluating path: $
12:51:21.500 [main] DEBUG com.jayway.jsonpath.internal.JsonContext -- Put path $ key type value {}
12:51:21.500 [main] DEBUG com.jayway.jsonpath.internal.path.CompiledPath -- Evaluating path: $
12:51:21.500 [main] DEBUG com.jayway.jsonpath.internal.JsonContext -- Put path $ key type value keyUp
12:51:21.500 [main] DEBUG com.jayway.jsonpath.internal.path.CompiledPath -- Evaluating path: $['text']
12:51:21.500 [main] DEBUG com.jayway.jsonpath.internal.path.CompiledPath -- Evaluating path: $
12:51:21.500 [main] DEBUG com.jayway.jsonpath.internal.path.CompiledPath -- Evaluating path: $
12:51:21.500 [main] DEBUG com.jayway.jsonpath.internal.JsonContext -- Put path $ key text value {}
12:51:21.500 [main] DEBUG com.jayway.jsonpath.internal.path.CompiledPath -- Evaluating path: $
12:51:21.500 [main] DEBUG com.jayway.jsonpath.internal.JsonContext -- Put path $ key text value e
12:51:21.500 [main] DEBUG com.jayway.jsonpath.internal.path.CompiledPath -- Evaluating path: $['windowsVirtualKeyCode']
12:51:21.500 [main] DEBUG com.jayway.jsonpath.internal.path.CompiledPath -- Evaluating path: $
12:51:21.500 [main] DEBUG com.jayway.jsonpath.internal.path.CompiledPath -- Evaluating path: $
12:51:21.500 [main] DEBUG com.jayway.jsonpath.internal.JsonContext -- Put path $ key windowsVirtualKeyCode value {}
12:51:21.500 [main] DEBUG com.jayway.jsonpath.internal.path.CompiledPath -- Evaluating path: $
12:51:21.500 [main] DEBUG com.jayway.jsonpath.internal.JsonContext -- Put path $ key windowsVirtualKeyCode value 101
12:51:21.500 [main] DEBUG com.jayway.jsonpath.internal.path.CompiledPath -- Evaluating path: $
12:51:21.500 [main] DEBUG com.intuit.karate.driver.chrome_1718781680031 -- >> {"id":35,"sessionId":"A56E300532ABA6D87A937B5310C50C9B","method":"Input.dispatchKeyEvent","params":{"modifiers":0,"type":"keyUp","text":"e","windowsVirtualKeyCode":101}}
12:51:21.514 [nioEventLoopGroup-5-1] DEBUG com.intuit.karate.driver.chrome_1718781680031 -- << {"id":35,"result":{},"sessionId":"A56E300532ABA6D87A937B5310C50C9B"}
12:51:21.514 [nioEventLoopGroup-5-1] DEBUG com.jayway.jsonpath.internal.path.CompiledPath -- Evaluating path: $
12:51:21.514 [main] DEBUG com.jayway.jsonpath.internal.path.CompiledPath -- Evaluating path: $['modifiers']
12:51:21.514 [main] DEBUG com.jayway.jsonpath.internal.path.CompiledPath -- Evaluating path: $
12:51:21.514 [main] DEBUG com.jayway.jsonpath.internal.path.CompiledPath -- Evaluating path: $
12:51:21.514 [main] DEBUG com.jayway.jsonpath.internal.JsonContext -- Put path $ key modifiers value {}
12:51:21.514 [main] DEBUG com.jayway.jsonpath.internal.path.CompiledPath -- Evaluating path: $
12:51:21.514 [main] DEBUG com.jayway.jsonpath.internal.JsonContext -- Put path $ key modifiers value 0
12:51:21.514 [main] DEBUG com.jayway.jsonpath.internal.path.CompiledPath -- Evaluating path: $['type']
12:51:21.514 [main] DEBUG com.jayway.jsonpath.internal.path.CompiledPath -- Evaluating path: $
12:51:21.514 [main] DEBUG com.jayway.jsonpath.internal.path.CompiledPath -- Evaluating path: $
12:51:21.514 [main] DEBUG com.jayway.jsonpath.internal.JsonContext -- Put path $ key type value {}
12:51:21.514 [main] DEBUG com.jayway.jsonpath.internal.path.CompiledPath -- Evaluating path: $
12:51:21.514 [main] DEBUG com.jayway.jsonpath.internal.JsonContext -- Put path $ key type value rawKeyDown
12:51:21.514 [main] DEBUG com.jayway.jsonpath.internal.path.CompiledPath -- Evaluating path: $['text']
12:51:21.514 [main] DEBUG com.jayway.jsonpath.internal.path.CompiledPath -- Evaluating path: $
12:51:21.514 [main] DEBUG com.jayway.jsonpath.internal.path.CompiledPath -- Evaluating path: $
12:51:21.514 [main] DEBUG com.jayway.jsonpath.internal.JsonContext -- Put path $ key text value {}
12:51:21.514 [main] DEBUG com.jayway.jsonpath.internal.path.CompiledPath -- Evaluating path: $
12:51:21.514 [main] DEBUG com.jayway.jsonpath.internal.JsonContext -- Put path $ key text value r
12:51:21.514 [main] DEBUG com.jayway.jsonpath.internal.path.CompiledPath -- Evaluating path: $['windowsVirtualKeyCode']
12:51:21.514 [main] DEBUG com.jayway.jsonpath.internal.path.CompiledPath -- Evaluating path: $
12:51:21.514 [main] DEBUG com.jayway.jsonpath.internal.path.CompiledPath -- Evaluating path: $
12:51:21.514 [main] DEBUG com.jayway.jsonpath.internal.JsonContext -- Put path $ key windowsVirtualKeyCode value {}
12:51:21.514 [main] DEBUG com.jayway.jsonpath.internal.path.CompiledPath -- Evaluating path: $
12:51:21.514 [main] DEBUG com.jayway.jsonpath.internal.JsonContext -- Put path $ key windowsVirtualKeyCode value 114
12:51:21.514 [main] DEBUG com.jayway.jsonpath.internal.path.CompiledPath -- Evaluating path: $
12:51:21.514 [main] DEBUG com.intuit.karate.driver.chrome_1718781680031 -- >> {"id":36,"sessionId":"A56E300532ABA6D87A937B5310C50C9B","method":"Input.dispatchKeyEvent","params":{"modifiers":0,"type":"rawKeyDown","text":"r","windowsVirtualKeyCode":114}}
12:51:21.516 [nioEventLoopGroup-5-1] DEBUG com.intuit.karate.driver.chrome_1718781680031 -- << {"method":"Target.targetDestroyed","params":{"targetId":"7EE27B725F22A331ADBE402623520A3D"},"sessionId":"A56E300532ABA6D87A937B5310C50C9B"}
12:51:21.516 [nioEventLoopGroup-5-1] DEBUG com.jayway.jsonpath.internal.path.CompiledPath -- Evaluating path: $
12:51:21.518 [nioEventLoopGroup-5-1] DEBUG com.intuit.karate.driver.chrome_1718781680031 -- << {"id":36,"result":{},"sessionId":"A56E300532ABA6D87A937B5310C50C9B"}
12:51:21.518 [nioEventLoopGroup-5-1] DEBUG com.jayway.jsonpath.internal.path.CompiledPath -- Evaluating path: $
12:51:21.518 [main] DEBUG com.jayway.jsonpath.internal.path.CompiledPath -- Evaluating path: $['modifiers']
12:51:21.518 [main] DEBUG com.jayway.jsonpath.internal.path.CompiledPath -- Evaluating path: $
12:51:21.518 [main] DEBUG com.jayway.jsonpath.internal.path.CompiledPath -- Evaluating path: $
12:51:21.518 [main] DEBUG com.jayway.jsonpath.internal.JsonContext -- Put path $ key modifiers value {}
12:51:21.518 [main] DEBUG com.jayway.jsonpath.internal.path.CompiledPath -- Evaluating path: $
12:51:21.518 [main] DEBUG com.jayway.jsonpath.internal.JsonContext -- Put path $ key modifiers value 0
12:51:21.518 [main] DEBUG com.jayway.jsonpath.internal.path.CompiledPath -- Evaluating path: $['type']
12:51:21.518 [main] DEBUG com.jayway.jsonpath.internal.path.CompiledPath -- Evaluating path: $
12:51:21.518 [main] DEBUG com.jayway.jsonpath.internal.path.CompiledPath -- Evaluating path: $
12:51:21.518 [main] DEBUG com.jayway.jsonpath.internal.JsonContext -- Put path $ key type value {}
12:51:21.518 [main] DEBUG com.jayway.jsonpath.internal.path.CompiledPath -- Evaluating path: $
12:51:21.518 [main] DEBUG com.jayway.jsonpath.internal.JsonContext -- Put path $ key type value char
12:51:21.518 [main] DEBUG com.jayway.jsonpath.internal.path.CompiledPath -- Evaluating path: $['text']
12:51:21.518 [main] DEBUG com.jayway.jsonpath.internal.path.CompiledPath -- Evaluating path: $
12:51:21.518 [main] DEBUG com.jayway.jsonpath.internal.path.CompiledPath -- Evaluating path: $
12:51:21.518 [main] DEBUG com.jayway.jsonpath.internal.JsonContext -- Put path $ key text value {}
12:51:21.518 [main] DEBUG com.jayway.jsonpath.internal.path.CompiledPath -- Evaluating path: $
12:51:21.518 [main] DEBUG com.jayway.jsonpath.internal.JsonContext -- Put path $ key text value r
12:51:21.518 [main] DEBUG com.jayway.jsonpath.internal.path.CompiledPath -- Evaluating path: $['windowsVirtualKeyCode']
12:51:21.518 [main] DEBUG com.jayway.jsonpath.internal.path.CompiledPath -- Evaluating path: $
12:51:21.518 [main] DEBUG com.jayway.jsonpath.internal.path.CompiledPath -- Evaluating path: $
12:51:21.518 [main] DEBUG com.jayway.jsonpath.internal.JsonContext -- Put path $ key windowsVirtualKeyCode value {}
12:51:21.518 [main] DEBUG com.jayway.jsonpath.internal.path.CompiledPath -- Evaluating path: $
12:51:21.518 [main] DEBUG com.jayway.jsonpath.internal.JsonContext -- Put path $ key windowsVirtualKeyCode value 114
12:51:21.518 [main] DEBUG com.jayway.jsonpath.internal.path.CompiledPath -- Evaluating path: $
12:51:21.518 [main] DEBUG com.intuit.karate.driver.chrome_1718781680031 -- >> {"id":37,"sessionId":"A56E300532ABA6D87A937B5310C50C9B","method":"Input.dispatchKeyEvent","params":{"modifiers":0,"type":"char","text":"r","windowsVirtualKeyCode":114}}
12:51:21.518 [nioEventLoopGroup-5-1] DEBUG com.intuit.karate.driver.chrome_1718781680031 -- << {"id":37,"result":{},"sessionId":"A56E300532ABA6D87A937B5310C50C9B"}
12:51:21.518 [nioEventLoopGroup-5-1] DEBUG com.jayway.jsonpath.internal.path.CompiledPath -- Evaluating path: $
12:51:21.518 [main] DEBUG com.jayway.jsonpath.internal.path.CompiledPath -- Evaluating path: $['modifiers']
12:51:21.518 [main] DEBUG com.jayway.jsonpath.internal.path.CompiledPath -- Evaluating path: $
12:51:21.518 [main] DEBUG com.jayway.jsonpath.internal.path.CompiledPath -- Evaluating path: $
12:51:21.518 [main] DEBUG com.jayway.jsonpath.internal.JsonContext -- Put path $ key modifiers value {}
12:51:21.518 [main] DEBUG com.jayway.jsonpath.internal.path.CompiledPath -- Evaluating path: $
12:51:21.518 [main] DEBUG com.jayway.jsonpath.internal.JsonContext -- Put path $ key modifiers value 0
12:51:21.518 [main] DEBUG com.jayway.jsonpath.internal.path.CompiledPath -- Evaluating path: $['type']
12:51:21.518 [main] DEBUG com.jayway.jsonpath.internal.path.CompiledPath -- Evaluating path: $
12:51:21.518 [main] DEBUG com.jayway.jsonpath.internal.path.CompiledPath -- Evaluating path: $
12:51:21.518 [main] DEBUG com.jayway.jsonpath.internal.JsonContext -- Put path $ key type value {}
12:51:21.518 [main] DEBUG com.jayway.jsonpath.internal.path.CompiledPath -- Evaluating path: $
12:51:21.518 [main] DEBUG com.jayway.jsonpath.internal.JsonContext -- Put path $ key type value keyUp
12:51:21.518 [main] DEBUG com.jayway.jsonpath.internal.path.CompiledPath -- Evaluating path: $['text']
12:51:21.518 [main] DEBUG com.jayway.jsonpath.internal.path.CompiledPath -- Evaluating path: $
12:51:21.518 [main] DEBUG com.jayway.jsonpath.internal.path.CompiledPath -- Evaluating path: $
12:51:21.518 [main] DEBUG com.jayway.jsonpath.internal.JsonContext -- Put path $ key text value {}
12:51:21.518 [main] DEBUG com.jayway.jsonpath.internal.path.CompiledPath -- Evaluating path: $
12:51:21.518 [main] DEBUG com.jayway.jsonpath.internal.JsonContext -- Put path $ key text value r
12:51:21.518 [main] DEBUG com.jayway.jsonpath.internal.path.CompiledPath -- Evaluating path: $['windowsVirtualKeyCode']
12:51:21.518 [main] DEBUG com.jayway.jsonpath.internal.path.CompiledPath -- Evaluating path: $
12:51:21.518 [main] DEBUG com.jayway.jsonpath.internal.path.CompiledPath -- Evaluating path: $
12:51:21.518 [main] DEBUG com.jayway.jsonpath.internal.JsonContext -- Put path $ key windowsVirtualKeyCode value {}
12:51:21.518 [main] DEBUG com.jayway.jsonpath.internal.path.CompiledPath -- Evaluating path: $
12:51:21.518 [main] DEBUG com.jayway.jsonpath.internal.JsonContext -- Put path $ key windowsVirtualKeyCode value 114
12:51:21.518 [main] DEBUG com.jayway.jsonpath.internal.path.CompiledPath -- Evaluating path: $
12:51:21.518 [main] DEBUG com.intuit.karate.driver.chrome_1718781680031 -- >> {"id":38,"sessionId":"A56E300532ABA6D87A937B5310C50C9B","method":"Input.dispatchKeyEvent","params":{"modifiers":0,"type":"keyUp","text":"r","windowsVirtualKeyCode":114}}
12:51:21.518 [nioEventLoopGroup-5-1] DEBUG com.intuit.karate.driver.chrome_1718781680031 -- << {"id":38,"result":{},"sessionId":"A56E300532ABA6D87A937B5310C50C9B"}
12:51:21.518 [nioEventLoopGroup-5-1] DEBUG com.jayway.jsonpath.internal.path.CompiledPath -- Evaluating path: $
12:51:21.532 [chrome_1718781663717] WARN com.intuit.karate.shell.Command -- exit code was non-zero: 1 - [C:\Program Files\Google\Chrome\Application\chrome.exe, --remote-debugging-port=53889, --remote-allow-origins=*, --no-first-run, --user-data-dir=C:\Users\HarshvardhanNigaveka\OneDrive - Academian India Private Limited\Desktop\GitHubActions\karateUI\UI_Automation_Project\target\chrome_1718781663717, --disable-popup-blocking] working dir: target\chrome_1718781663717
12:51:22.064 [nioEventLoopGroup-4-1] DEBUG io.netty.buffer.PoolThreadCache -- Freed 36 thread-local buffer(s) from thread: nioEventLoopGroup-4-1
12:51:24.532 [main] DEBUG com.jayway.jsonpath.internal.path.CompiledPath -- Evaluating path: $['expression']
12:51:24.532 [main] DEBUG com.jayway.jsonpath.internal.path.CompiledPath -- Evaluating path: $
12:51:24.532 [main] DEBUG com.jayway.jsonpath.internal.path.CompiledPath -- Evaluating path: $
12:51:24.532 [main] DEBUG com.jayway.jsonpath.internal.JsonContext -- Put path $ key expression value {}
12:51:24.532 [main] DEBUG com.jayway.jsonpath.internal.path.CompiledPath -- Evaluating path: $
12:51:24.532 [main] DEBUG com.jayway.jsonpath.internal.JsonContext -- Put path $ key expression value var e = document.evaluate("//*[@id='password']", document, null, 9, null).singleNodeValue; e.focus(); try { e.selectionStart = e.selectionEnd = e.value.length } catch(x) {}
12:51:24.532 [main] DEBUG com.jayway.jsonpath.internal.path.CompiledPath -- Evaluating path: $['returnByValue']
12:51:24.532 [main] DEBUG com.jayway.jsonpath.internal.path.CompiledPath -- Evaluating path: $
12:51:24.532 [main] DEBUG com.jayway.jsonpath.internal.path.CompiledPath -- Evaluating path: $
12:51:24.532 [main] DEBUG com.jayway.jsonpath.internal.JsonContext -- Put path $ key returnByValue value {}
12:51:24.532 [main] DEBUG com.jayway.jsonpath.internal.path.CompiledPath -- Evaluating path: $
12:51:24.532 [main] DEBUG com.jayway.jsonpath.internal.JsonContext -- Put path $ key returnByValue value true
12:51:24.532 [main] DEBUG com.jayway.jsonpath.internal.path.CompiledPath -- Evaluating path: $
12:51:24.532 [main] DEBUG com.intuit.karate.driver.chrome_1718781680031 -- >> {"id":39,"sessionId":"A56E300532ABA6D87A937B5310C50C9B","method":"Runtime.evaluate","params":{"expression":"var e = document.evaluate(\"\/\/*[@id='password']\", document, null, 9, null).singleNodeValue; e.focus(); try { e.selectionStart = e.selectionEnd = e.value.length } catch(x) {}","returnByValue":true}}
12:51:24.536 [nioEventLoopGroup-5-1] DEBUG com.intuit.karate.driver.chrome_1718781680031 -- << {"id":39,"result":{"result":{"type":"number","value":0,"description":"0"}},"sessionId":"A56E300532ABA6D87A937B5310C50C9B"}
12:51:24.536 [nioEventLoopGroup-5-1] DEBUG com.jayway.jsonpath.internal.path.CompiledPath -- Evaluating path: $
12:51:24.536 [main] DEBUG com.jayway.jsonpath.internal.path.CompiledPath -- Evaluating path: $['modifiers']
12:51:24.536 [main] DEBUG com.jayway.jsonpath.internal.path.CompiledPath -- Evaluating path: $
12:51:24.536 [main] DEBUG com.jayway.jsonpath.internal.path.CompiledPath -- Evaluating path: $
12:51:24.536 [main] DEBUG com.jayway.jsonpath.internal.JsonContext -- Put path $ key modifiers value {}
12:51:24.536 [main] DEBUG com.jayway.jsonpath.internal.path.CompiledPath -- Evaluating path: $
12:51:24.536 [main] DEBUG com.jayway.jsonpath.internal.JsonContext -- Put path $ key modifiers value 0
12:51:24.536 [main] DEBUG com.jayway.jsonpath.internal.path.CompiledPath -- Evaluating path: $['type']
12:51:24.536 [main] DEBUG com.jayway.jsonpath.internal.path.CompiledPath -- Evaluating path: $
12:51:24.536 [main] DEBUG com.jayway.jsonpath.internal.path.CompiledPath -- Evaluating path: $
12:51:24.536 [main] DEBUG com.jayway.jsonpath.internal.JsonContext -- Put path $ key type value {}
12:51:24.536 [main] DEBUG com.jayway.jsonpath.internal.path.CompiledPath -- Evaluating path: $
12:51:24.536 [main] DEBUG com.jayway.jsonpath.internal.JsonContext -- Put path $ key type value rawKeyDown
12:51:24.536 [main] DEBUG com.jayway.jsonpath.internal.path.CompiledPath -- Evaluating path: $['text']
12:51:24.536 [main] DEBUG com.jayway.jsonpath.internal.path.CompiledPath -- Evaluating path: $
12:51:24.536 [main] DEBUG com.jayway.jsonpath.internal.path.CompiledPath -- Evaluating path: $
12:51:24.536 [main] DEBUG com.jayway.jsonpath.internal.JsonContext -- Put path $ key text value {}
12:51:24.536 [main] DEBUG com.jayway.jsonpath.internal.path.CompiledPath -- Evaluating path: $
12:51:24.536 [main] DEBUG com.jayway.jsonpath.internal.JsonContext -- Put path $ key text value s
12:51:24.536 [main] DEBUG com.jayway.jsonpath.internal.path.CompiledPath -- Evaluating path: $['windowsVirtualKeyCode']
12:51:24.536 [main] DEBUG com.jayway.jsonpath.internal.path.CompiledPath -- Evaluating path: $
12:51:24.536 [main] DEBUG com.jayway.jsonpath.internal.path.CompiledPath -- Evaluating path: $
12:51:24.536 [main] DEBUG com.jayway.jsonpath.internal.JsonContext -- Put path $ key windowsVirtualKeyCode value {}
12:51:24.536 [main] DEBUG com.jayway.jsonpath.internal.path.CompiledPath -- Evaluating path: $
12:51:24.536 [main] DEBUG com.jayway.jsonpath.internal.JsonContext -- Put path $ key windowsVirtualKeyCode value 115
12:51:24.536 [main] DEBUG com.jayway.jsonpath.internal.path.CompiledPath -- Evaluating path: $
12:51:24.536 [main] DEBUG com.intuit.karate.driver.chrome_1718781680031 -- >> {"id":40,"sessionId":"A56E300532ABA6D87A937B5310C50C9B","method":"Input.dispatchKeyEvent","params":{"modifiers":0,"type":"rawKeyDown","text":"s","windowsVirtualKeyCode":115}}
12:51:24.536 [nioEventLoopGroup-5-1] DEBUG com.intuit.karate.driver.chrome_1718781680031 -- << {"id":40,"result":{},"sessionId":"A56E300532ABA6D87A937B5310C50C9B"}
12:51:24.536 [nioEventLoopGroup-5-1] DEBUG com.jayway.jsonpath.internal.path.CompiledPath -- Evaluating path: $
12:51:24.536 [main] DEBUG com.jayway.jsonpath.internal.path.CompiledPath -- Evaluating path: $['modifiers']
12:51:24.536 [main] DEBUG com.jayway.jsonpath.internal.path.CompiledPath -- Evaluating path: $
12:51:24.536 [main] DEBUG com.jayway.jsonpath.internal.path.CompiledPath -- Evaluating path: $
12:51:24.536 [main] DEBUG com.jayway.jsonpath.internal.JsonContext -- Put path $ key modifiers value {}
12:51:24.536 [main] DEBUG com.jayway.jsonpath.internal.path.CompiledPath -- Evaluating path: $
12:51:24.536 [main] DEBUG com.jayway.jsonpath.internal.JsonContext -- Put path $ key modifiers value 0
12:51:24.536 [main] DEBUG com.jayway.jsonpath.internal.path.CompiledPath -- Evaluating path: $['type']
12:51:24.536 [main] DEBUG com.jayway.jsonpath.internal.path.CompiledPath -- Evaluating path: $
12:51:24.536 [main] DEBUG com.jayway.jsonpath.internal.path.CompiledPath -- Evaluating path: $
12:51:24.536 [main] DEBUG com.jayway.jsonpath.internal.JsonContext -- Put path $ key type value {}
12:51:24.536 [main] DEBUG com.jayway.jsonpath.internal.path.CompiledPath -- Evaluating path: $
12:51:24.536 [main] DEBUG com.jayway.jsonpath.internal.JsonContext -- Put path $ key type value char
12:51:24.536 [main] DEBUG com.jayway.jsonpath.internal.path.CompiledPath -- Evaluating path: $['text']
12:51:24.536 [main] DEBUG com.jayway.jsonpath.internal.path.CompiledPath -- Evaluating path: $
12:51:24.536 [main] DEBUG com.jayway.jsonpath.internal.path.CompiledPath -- Evaluating path: $
12:51:24.536 [main] DEBUG com.jayway.jsonpath.internal.JsonContext -- Put path $ key text value {}
12:51:24.536 [main] DEBUG com.jayway.jsonpath.internal.path.CompiledPath -- Evaluating path: $
12:51:24.536 [main] DEBUG com.jayway.jsonpath.internal.JsonContext -- Put path $ key text value s
12:51:24.536 [main] DEBUG com.jayway.jsonpath.internal.path.CompiledPath -- Evaluating path: $['windowsVirtualKeyCode']
12:51:24.536 [main] DEBUG com.jayway.jsonpath.internal.path.CompiledPath -- Evaluating path: $
12:51:24.536 [main] DEBUG com.jayway.jsonpath.internal.path.CompiledPath -- Evaluating path: $
12:51:24.536 [main] DEBUG com.jayway.jsonpath.internal.JsonContext -- Put path $ key windowsVirtualKeyCode value {}
12:51:24.536 [main] DEBUG com.jayway.jsonpath.internal.path.CompiledPath -- Evaluating path: $
12:51:24.536 [main] DEBUG com.jayway.jsonpath.internal.JsonContext -- Put path $ key windowsVirtualKeyCode value 115
12:51:24.536 [main] DEBUG com.jayway.jsonpath.internal.path.CompiledPath -- Evaluating path: $
12:51:24.536 [main] DEBUG com.intuit.karate.driver.chrome_1718781680031 -- >> {"id":41,"sessionId":"A56E300532ABA6D87A937B5310C50C9B","method":"Input.dispatchKeyEvent","params":{"modifiers":0,"type":"char","text":"s","windowsVirtualKeyCode":115}}
12:51:24.536 [nioEventLoopGroup-5-1] DEBUG com.intuit.karate.driver.chrome_1718781680031 -- << {"id":41,"result":{},"sessionId":"A56E300532ABA6D87A937B5310C50C9B"}
12:51:24.536 [nioEventLoopGroup-5-1] DEBUG com.jayway.jsonpath.internal.path.CompiledPath -- Evaluating path: $
12:51:24.536 [main] DEBUG com.jayway.jsonpath.internal.path.CompiledPath -- Evaluating path: $['modifiers']
12:51:24.536 [main] DEBUG com.jayway.jsonpath.internal.path.CompiledPath -- Evaluating path: $
12:51:24.536 [main] DEBUG com.jayway.jsonpath.internal.path.CompiledPath -- Evaluating path: $
12:51:24.536 [main] DEBUG com.jayway.jsonpath.internal.JsonContext -- Put path $ key modifiers value {}
12:51:24.536 [main] DEBUG com.jayway.jsonpath.internal.path.CompiledPath -- Evaluating path: $
12:51:24.536 [main] DEBUG com.jayway.jsonpath.internal.JsonContext -- Put path $ key modifiers value 0
12:51:24.536 [main] DEBUG com.jayway.jsonpath.internal.path.CompiledPath -- Evaluating path: $['type']
12:51:24.536 [main] DEBUG com.jayway.jsonpath.internal.path.CompiledPath -- Evaluating path: $
12:51:24.536 [main] DEBUG com.jayway.jsonpath.internal.path.CompiledPath -- Evaluating path: $
12:51:24.536 [main] DEBUG com.jayway.jsonpath.internal.JsonContext -- Put path $ key type value {}
12:51:24.536 [main] DEBUG com.jayway.jsonpath.internal.path.CompiledPath -- Evaluating path: $
12:51:24.536 [main] DEBUG com.jayway.jsonpath.internal.JsonContext -- Put path $ key type value keyUp
12:51:24.536 [main] DEBUG com.jayway.jsonpath.internal.path.CompiledPath -- Evaluating path: $['text']
12:51:24.536 [main] DEBUG com.jayway.jsonpath.internal.path.CompiledPath -- Evaluating path: $
12:51:24.536 [main] DEBUG com.jayway.jsonpath.internal.path.CompiledPath -- Evaluating path: $
12:51:24.536 [main] DEBUG com.jayway.jsonpath.internal.JsonContext -- Put path $ key text value {}
12:51:24.536 [main] DEBUG com.jayway.jsonpath.internal.path.CompiledPath -- Evaluating path: $
12:51:24.536 [main] DEBUG com.jayway.jsonpath.internal.JsonContext -- Put path $ key text value s
12:51:24.536 [main] DEBUG com.jayway.jsonpath.internal.path.CompiledPath -- Evaluating path: $['windowsVirtualKeyCode']
12:51:24.536 [main] DEBUG com.jayway.jsonpath.internal.path.CompiledPath -- Evaluating path: $
12:51:24.536 [main] DEBUG com.jayway.jsonpath.internal.path.CompiledPath -- Evaluating path: $
12:51:24.536 [main] DEBUG com.jayway.jsonpath.internal.JsonContext -- Put path $ key windowsVirtualKeyCode value {}
12:51:24.536 [main] DEBUG com.jayway.jsonpath.internal.path.CompiledPath -- Evaluating path: $
12:51:24.536 [main] DEBUG com.jayway.jsonpath.internal.JsonContext -- Put path $ key windowsVirtualKeyCode value 115
12:51:24.536 [main] DEBUG com.jayway.jsonpath.internal.path.CompiledPath -- Evaluating path: $
12:51:24.536 [main] DEBUG com.intuit.karate.driver.chrome_1718781680031 -- >> {"id":42,"sessionId":"A56E300532ABA6D87A937B5310C50C9B","method":"Input.dispatchKeyEvent","params":{"modifiers":0,"type":"keyUp","text":"s","windowsVirtualKeyCode":115}}
12:51:24.536 [nioEventLoopGroup-5-1] DEBUG com.intuit.karate.driver.chrome_1718781680031 -- << {"id":42,"result":{},"sessionId":"A56E300532ABA6D87A937B5310C50C9B"}
12:51:24.536 [nioEventLoopGroup-5-1] DEBUG com.jayway.jsonpath.internal.path.CompiledPath -- Evaluating path: $
12:51:24.536 [main] DEBUG com.jayway.jsonpath.internal.path.CompiledPath -- Evaluating path: $['modifiers']
12:51:24.536 [main] DEBUG com.jayway.jsonpath.internal.path.CompiledPath -- Evaluating path: $
12:51:24.536 [main] DEBUG com.jayway.jsonpath.internal.path.CompiledPath -- Evaluating path: $
12:51:24.536 [main] DEBUG com.jayway.jsonpath.internal.JsonContext -- Put path $ key modifiers value {}
12:51:24.536 [main] DEBUG com.jayway.jsonpath.internal.path.CompiledPath -- Evaluating path: $
12:51:24.536 [main] DEBUG com.jayway.jsonpath.internal.JsonContext -- Put path $ key modifiers value 0
12:51:24.536 [main] DEBUG com.jayway.jsonpath.internal.path.CompiledPath -- Evaluating path: $['type']
12:51:24.536 [main] DEBUG com.jayway.jsonpath.internal.path.CompiledPath -- Evaluating path: $
12:51:24.536 [main] DEBUG com.jayway.jsonpath.internal.path.CompiledPath -- Evaluating path: $
12:51:24.536 [main] DEBUG com.jayway.jsonpath.internal.JsonContext -- Put path $ key type value {}
12:51:24.536 [main] DEBUG com.jayway.jsonpath.internal.path.CompiledPath -- Evaluating path: $
12:51:24.536 [main] DEBUG com.jayway.jsonpath.internal.JsonContext -- Put path $ key type value rawKeyDown
12:51:24.536 [main] DEBUG com.jayway.jsonpath.internal.path.CompiledPath -- Evaluating path: $['text']
12:51:24.536 [main] DEBUG com.jayway.jsonpath.internal.path.CompiledPath -- Evaluating path: $
12:51:24.536 [main] DEBUG com.jayway.jsonpath.internal.path.CompiledPath -- Evaluating path: $
12:51:24.536 [main] DEBUG com.jayway.jsonpath.internal.JsonContext -- Put path $ key text value {}
12:51:24.536 [main] DEBUG com.jayway.jsonpath.internal.path.CompiledPath -- Evaluating path: $
12:51:24.536 [main] DEBUG com.jayway.jsonpath.internal.JsonContext -- Put path $ key text value e
12:51:24.536 [main] DEBUG com.jayway.jsonpath.internal.path.CompiledPath -- Evaluating path: $['windowsVirtualKeyCode']
12:51:24.536 [main] DEBUG com.jayway.jsonpath.internal.path.CompiledPath -- Evaluating path: $
12:51:24.536 [main] DEBUG com.jayway.jsonpath.internal.path.CompiledPath -- Evaluating path: $
12:51:24.536 [main] DEBUG com.jayway.jsonpath.internal.JsonContext -- Put path $ key windowsVirtualKeyCode value {}
12:51:24.536 [main] DEBUG com.jayway.jsonpath.internal.path.CompiledPath -- Evaluating path: $
12:51:24.536 [main] DEBUG com.jayway.jsonpath.internal.JsonContext -- Put path $ key windowsVirtualKeyCode value 101
12:51:24.536 [main] DEBUG com.jayway.jsonpath.internal.path.CompiledPath -- Evaluating path: $
12:51:24.536 [main] DEBUG com.intuit.karate.driver.chrome_1718781680031 -- >> {"id":43,"sessionId":"A56E300532ABA6D87A937B5310C50C9B","method":"Input.dispatchKeyEvent","params":{"modifiers":0,"type":"rawKeyDown","text":"e","windowsVirtualKeyCode":101}}
12:51:24.536 [nioEventLoopGroup-5-1] DEBUG com.intuit.karate.driver.chrome_1718781680031 -- << {"id":43,"result":{},"sessionId":"A56E300532ABA6D87A937B5310C50C9B"}
12:51:24.536 [nioEventLoopGroup-5-1] DEBUG com.jayway.jsonpath.internal.path.CompiledPath -- Evaluating path: $
12:51:24.536 [main] DEBUG com.jayway.jsonpath.internal.path.CompiledPath -- Evaluating path: $['modifiers']
12:51:24.536 [main] DEBUG com.jayway.jsonpath.internal.path.CompiledPath -- Evaluating path: $
12:51:24.536 [main] DEBUG com.jayway.jsonpath.internal.path.CompiledPath -- Evaluating path: $
12:51:24.536 [main] DEBUG com.jayway.jsonpath.internal.JsonContext -- Put path $ key modifiers value {}
12:51:24.536 [main] DEBUG com.jayway.jsonpath.internal.path.CompiledPath -- Evaluating path: $
12:51:24.536 [main] DEBUG com.jayway.jsonpath.internal.JsonContext -- Put path $ key modifiers value 0
12:51:24.536 [main] DEBUG com.jayway.jsonpath.internal.path.CompiledPath -- Evaluating path: $['type']
12:51:24.536 [main] DEBUG com.jayway.jsonpath.internal.path.CompiledPath -- Evaluating path: $
12:51:24.536 [main] DEBUG com.jayway.jsonpath.internal.path.CompiledPath -- Evaluating path: $
12:51:24.536 [main] DEBUG com.jayway.jsonpath.internal.JsonContext -- Put path $ key type value {}
12:51:24.536 [main] DEBUG com.jayway.jsonpath.internal.path.CompiledPath -- Evaluating path: $
12:51:24.536 [main] DEBUG com.jayway.jsonpath.internal.JsonContext -- Put path $ key type value char
12:51:24.536 [main] DEBUG com.jayway.jsonpath.internal.path.CompiledPath -- Evaluating path: $['text']
12:51:24.536 [main] DEBUG com.jayway.jsonpath.internal.path.CompiledPath -- Evaluating path: $
12:51:24.536 [main] DEBUG com.jayway.jsonpath.internal.path.CompiledPath -- Evaluating path: $
12:51:24.536 [main] DEBUG com.jayway.jsonpath.internal.JsonContext -- Put path $ key text value {}
12:51:24.536 [main] DEBUG com.jayway.jsonpath.internal.path.CompiledPath -- Evaluating path: $
12:51:24.536 [main] DEBUG com.jayway.jsonpath.internal.JsonContext -- Put path $ key text value e
12:51:24.536 [main] DEBUG com.jayway.jsonpath.internal.path.CompiledPath -- Evaluating path: $['windowsVirtualKeyCode']
12:51:24.536 [main] DEBUG com.jayway.jsonpath.internal.path.CompiledPath -- Evaluating path: $
12:51:24.536 [main] DEBUG com.jayway.jsonpath.internal.path.CompiledPath -- Evaluating path: $
12:51:24.536 [main] DEBUG com.jayway.jsonpath.internal.JsonContext -- Put path $ key windowsVirtualKeyCode value {}
12:51:24.536 [main] DEBUG com.jayway.jsonpath.internal.path.CompiledPath -- Evaluating path: $
12:51:24.536 [main] DEBUG com.jayway.jsonpath.internal.JsonContext -- Put path $ key windowsVirtualKeyCode value 101
12:51:24.536 [main] DEBUG com.jayway.jsonpath.internal.path.CompiledPath -- Evaluating path: $
12:51:24.536 [main] DEBUG com.intuit.karate.driver.chrome_1718781680031 -- >> {"id":44,"sessionId":"A56E300532ABA6D87A937B5310C50C9B","method":"Input.dispatchKeyEvent","params":{"modifiers":0,"type":"char","text":"e","windowsVirtualKeyCode":101}}
12:51:24.547 [nioEventLoopGroup-5-1] DEBUG com.intuit.karate.driver.chrome_1718781680031 -- << {"id":44,"result":{},"sessionId":"A56E300532ABA6D87A937B5310C50C9B"}
12:51:24.547 [nioEventLoopGroup-5-1] DEBUG com.jayway.jsonpath.internal.path.CompiledPath -- Evaluating path: $
12:51:24.547 [main] DEBUG com.jayway.jsonpath.internal.path.CompiledPath -- Evaluating path: $['modifiers']
12:51:24.547 [main] DEBUG com.jayway.jsonpath.internal.path.CompiledPath -- Evaluating path: $
12:51:24.547 [main] DEBUG com.jayway.jsonpath.internal.path.CompiledPath -- Evaluating path: $
12:51:24.547 [main] DEBUG com.jayway.jsonpath.internal.JsonContext -- Put path $ key modifiers value {}
12:51:24.547 [main] DEBUG com.jayway.jsonpath.internal.path.CompiledPath -- Evaluating path: $
12:51:24.547 [main] DEBUG com.jayway.jsonpath.internal.JsonContext -- Put path $ key modifiers value 0
12:51:24.547 [main] DEBUG com.jayway.jsonpath.internal.path.CompiledPath -- Evaluating path: $['type']
12:51:24.547 [main] DEBUG com.jayway.jsonpath.internal.path.CompiledPath -- Evaluating path: $
12:51:24.547 [main] DEBUG com.jayway.jsonpath.internal.path.CompiledPath -- Evaluating path: $
12:51:24.547 [main] DEBUG com.jayway.jsonpath.internal.JsonContext -- Put path $ key type value {}
12:51:24.547 [main] DEBUG com.jayway.jsonpath.internal.path.CompiledPath -- Evaluating path: $
12:51:24.547 [main] DEBUG com.jayway.jsonpath.internal.JsonContext -- Put path $ key type value keyUp
12:51:24.547 [main] DEBUG com.jayway.jsonpath.internal.path.CompiledPath -- Evaluating path: $['text']
12:51:24.547 [main] DEBUG com.jayway.jsonpath.internal.path.CompiledPath -- Evaluating path: $
12:51:24.547 [main] DEBUG com.jayway.jsonpath.internal.path.CompiledPath -- Evaluating path: $
12:51:24.547 [main] DEBUG com.jayway.jsonpath.internal.JsonContext -- Put path $ key text value {}
12:51:24.547 [main] DEBUG com.jayway.jsonpath.internal.path.CompiledPath -- Evaluating path: $
12:51:24.547 [main] DEBUG com.jayway.jsonpath.internal.JsonContext -- Put path $ key text value e
12:51:24.547 [main] DEBUG com.jayway.jsonpath.internal.path.CompiledPath -- Evaluating path: $['windowsVirtualKeyCode']
12:51:24.547 [main] DEBUG com.jayway.jsonpath.internal.path.CompiledPath -- Evaluating path: $
12:51:24.547 [main] DEBUG com.jayway.jsonpath.internal.path.CompiledPath -- Evaluating path: $
12:51:24.547 [main] DEBUG com.jayway.jsonpath.internal.JsonContext -- Put path $ key windowsVirtualKeyCode value {}
12:51:24.547 [main] DEBUG com.jayway.jsonpath.internal.path.CompiledPath -- Evaluating path: $
12:51:24.547 [main] DEBUG com.jayway.jsonpath.internal.JsonContext -- Put path $ key windowsVirtualKeyCode value 101
12:51:24.547 [main] DEBUG com.jayway.jsonpath.internal.path.CompiledPath -- Evaluating path: $
12:51:24.547 [main] DEBUG com.intuit.karate.driver.chrome_1718781680031 -- >> {"id":45,"sessionId":"A56E300532ABA6D87A937B5310C50C9B","method":"Input.dispatchKeyEvent","params":{"modifiers":0,"type":"keyUp","text":"e","windowsVirtualKeyCode":101}}
12:51:24.551 [nioEventLoopGroup-5-1] DEBUG com.intuit.karate.driver.chrome_1718781680031 -- << {"id":45,"result":{},"sessionId":"A56E300532ABA6D87A937B5310C50C9B"}
12:51:24.551 [nioEventLoopGroup-5-1] DEBUG com.jayway.jsonpath.internal.path.CompiledPath -- Evaluating path: $
12:51:24.551 [main] DEBUG com.jayway.jsonpath.internal.path.CompiledPath -- Evaluating path: $['modifiers']
12:51:24.551 [main] DEBUG com.jayway.jsonpath.internal.path.CompiledPath -- Evaluating path: $
12:51:24.551 [main] DEBUG com.jayway.jsonpath.internal.path.CompiledPath -- Evaluating path: $
12:51:24.551 [main] DEBUG com.jayway.jsonpath.internal.JsonContext -- Put path $ key modifiers value {}
12:51:24.551 [main] DEBUG com.jayway.jsonpath.internal.path.CompiledPath -- Evaluating path: $
12:51:24.551 [main] DEBUG com.jayway.jsonpath.internal.JsonContext -- Put path $ key modifiers value 0
12:51:24.551 [main] DEBUG com.jayway.jsonpath.internal.path.CompiledPath -- Evaluating path: $['type']
12:51:24.551 [main] DEBUG com.jayway.jsonpath.internal.path.CompiledPath -- Evaluating path: $
12:51:24.551 [main] DEBUG com.jayway.jsonpath.internal.path.CompiledPath -- Evaluating path: $
12:51:24.551 [main] DEBUG com.jayway.jsonpath.internal.JsonContext -- Put path $ key type value {}
12:51:24.551 [main] DEBUG com.jayway.jsonpath.internal.path.CompiledPath -- Evaluating path: $
12:51:24.551 [main] DEBUG com.jayway.jsonpath.internal.JsonContext -- Put path $ key type value rawKeyDown
12:51:24.551 [main] DEBUG com.jayway.jsonpath.internal.path.CompiledPath -- Evaluating path: $['text']
12:51:24.551 [main] DEBUG com.jayway.jsonpath.internal.path.CompiledPath -- Evaluating path: $
12:51:24.551 [main] DEBUG com.jayway.jsonpath.internal.path.CompiledPath -- Evaluating path: $
12:51:24.551 [main] DEBUG com.jayway.jsonpath.internal.JsonContext -- Put path $ key text value {}
12:51:24.551 [main] DEBUG com.jayway.jsonpath.internal.path.CompiledPath -- Evaluating path: $
12:51:24.551 [main] DEBUG com.jayway.jsonpath.internal.JsonContext -- Put path $ key text value c
12:51:24.551 [main] DEBUG com.jayway.jsonpath.internal.path.CompiledPath -- Evaluating path: $['windowsVirtualKeyCode']
12:51:24.551 [main] DEBUG com.jayway.jsonpath.internal.path.CompiledPath -- Evaluating path: $
12:51:24.551 [main] DEBUG com.jayway.jsonpath.internal.path.CompiledPath -- Evaluating path: $
12:51:24.551 [main] DEBUG com.jayway.jsonpath.internal.JsonContext -- Put path $ key windowsVirtualKeyCode value {}
12:51:24.551 [main] DEBUG com.jayway.jsonpath.internal.path.CompiledPath -- Evaluating path: $
12:51:24.551 [main] DEBUG com.jayway.jsonpath.internal.JsonContext -- Put path $ key windowsVirtualKeyCode value 99
12:51:24.551 [main] DEBUG com.jayway.jsonpath.internal.path.CompiledPath -- Evaluating path: $
12:51:24.551 [main] DEBUG com.intuit.karate.driver.chrome_1718781680031 -- >> {"id":46,"sessionId":"A56E300532ABA6D87A937B5310C50C9B","method":"Input.dispatchKeyEvent","params":{"modifiers":0,"type":"rawKeyDown","text":"c","windowsVirtualKeyCode":99}}
12:51:24.553 [nioEventLoopGroup-5-1] DEBUG com.intuit.karate.driver.chrome_1718781680031 -- << {"id":46,"result":{},"sessionId":"A56E300532ABA6D87A937B5310C50C9B"}
12:51:24.553 [nioEventLoopGroup-5-1] DEBUG com.jayway.jsonpath.internal.path.CompiledPath -- Evaluating path: $
12:51:24.553 [main] DEBUG com.jayway.jsonpath.internal.path.CompiledPath -- Evaluating path: $['modifiers']
12:51:24.553 [main] DEBUG com.jayway.jsonpath.internal.path.CompiledPath -- Evaluating path: $
12:51:24.553 [main] DEBUG com.jayway.jsonpath.internal.path.CompiledPath -- Evaluating path: $
12:51:24.553 [main] DEBUG com.jayway.jsonpath.internal.JsonContext -- Put path $ key modifiers value {}
12:51:24.553 [main] DEBUG com.jayway.jsonpath.internal.path.CompiledPath -- Evaluating path: $
12:51:24.553 [main] DEBUG com.jayway.jsonpath.internal.JsonContext -- Put path $ key modifiers value 0
12:51:24.553 [main] DEBUG com.jayway.jsonpath.internal.path.CompiledPath -- Evaluating path: $['type']
12:51:24.553 [main] DEBUG com.jayway.jsonpath.internal.path.CompiledPath -- Evaluating path: $
12:51:24.553 [main] DEBUG com.jayway.jsonpath.internal.path.CompiledPath -- Evaluating path: $
12:51:24.553 [main] DEBUG com.jayway.jsonpath.internal.JsonContext -- Put path $ key type value {}
12:51:24.553 [main] DEBUG com.jayway.jsonpath.internal.path.CompiledPath -- Evaluating path: $
12:51:24.553 [main] DEBUG com.jayway.jsonpath.internal.JsonContext -- Put path $ key type value char
12:51:24.553 [main] DEBUG com.jayway.jsonpath.internal.path.CompiledPath -- Evaluating path: $['text']
12:51:24.553 [main] DEBUG com.jayway.jsonpath.internal.path.CompiledPath -- Evaluating path: $
12:51:24.553 [main] DEBUG com.jayway.jsonpath.internal.path.CompiledPath -- Evaluating path: $
12:51:24.553 [main] DEBUG com.jayway.jsonpath.internal.JsonContext -- Put path $ key text value {}
12:51:24.553 [main] DEBUG com.jayway.jsonpath.internal.path.CompiledPath -- Evaluating path: $
12:51:24.553 [main] DEBUG com.jayway.jsonpath.internal.JsonContext -- Put path $ key text value c
12:51:24.553 [main] DEBUG com.jayway.jsonpath.internal.path.CompiledPath -- Evaluating path: $['windowsVirtualKeyCode']
12:51:24.553 [main] DEBUG com.jayway.jsonpath.internal.path.CompiledPath -- Evaluating path: $
12:51:24.553 [main] DEBUG com.jayway.jsonpath.internal.path.CompiledPath -- Evaluating path: $
12:51:24.553 [main] DEBUG com.jayway.jsonpath.internal.JsonContext -- Put path $ key windowsVirtualKeyCode value {}
12:51:24.553 [main] DEBUG com.jayway.jsonpath.internal.path.CompiledPath -- Evaluating path: $
12:51:24.553 [main] DEBUG com.jayway.jsonpath.internal.JsonContext -- Put path $ key windowsVirtualKeyCode value 99
12:51:24.553 [main] DEBUG com.jayway.jsonpath.internal.path.CompiledPath -- Evaluating path: $
12:51:24.553 [main] DEBUG com.intuit.karate.driver.chrome_1718781680031 -- >> {"id":47,"sessionId":"A56E300532ABA6D87A937B5310C50C9B","method":"Input.dispatchKeyEvent","params":{"modifiers":0,"type":"char","text":"c","windowsVirtualKeyCode":99}}
12:51:24.555 [nioEventLoopGroup-5-1] DEBUG com.intuit.karate.driver.chrome_1718781680031 -- << {"id":47,"result":{},"sessionId":"A56E300532ABA6D87A937B5310C50C9B"}
12:51:24.555 [nioEventLoopGroup-5-1] DEBUG com.jayway.jsonpath.internal.path.CompiledPath -- Evaluating path: $
12:51:24.555 [main] DEBUG com.jayway.jsonpath.internal.path.CompiledPath -- Evaluating path: $['modifiers']
12:51:24.555 [main] DEBUG com.jayway.jsonpath.internal.path.CompiledPath -- Evaluating path: $
12:51:24.555 [main] DEBUG com.jayway.jsonpath.internal.path.CompiledPath -- Evaluating path: $
12:51:24.555 [main] DEBUG com.jayway.jsonpath.internal.JsonContext -- Put path $ key modifiers value {}
12:51:24.555 [main] DEBUG com.jayway.jsonpath.internal.path.CompiledPath -- Evaluating path: $
12:51:24.555 [main] DEBUG com.jayway.jsonpath.internal.JsonContext -- Put path $ key modifiers value 0
12:51:24.555 [main] DEBUG com.jayway.jsonpath.internal.path.CompiledPath -- Evaluating path: $['type']
12:51:24.555 [main] DEBUG com.jayway.jsonpath.internal.path.CompiledPath -- Evaluating path: $
12:51:24.555 [main] DEBUG com.jayway.jsonpath.internal.path.CompiledPath -- Evaluating path: $
12:51:24.555 [main] DEBUG com.jayway.jsonpath.internal.JsonContext -- Put path $ key type value {}
12:51:24.555 [main] DEBUG com.jayway.jsonpath.internal.path.CompiledPath -- Evaluating path: $
12:51:24.555 [main] DEBUG com.jayway.jsonpath.internal.JsonContext -- Put path $ key type value keyUp
12:51:24.555 [main] DEBUG com.jayway.jsonpath.internal.path.CompiledPath -- Evaluating path: $['text']
12:51:24.555 [main] DEBUG com.jayway.jsonpath.internal.path.CompiledPath -- Evaluating path: $
12:51:24.555 [main] DEBUG com.jayway.jsonpath.internal.path.CompiledPath -- Evaluating path: $
12:51:24.555 [main] DEBUG com.jayway.jsonpath.internal.JsonContext -- Put path $ key text value {}
12:51:24.555 [main] DEBUG com.jayway.jsonpath.internal.path.CompiledPath -- Evaluating path: $
12:51:24.555 [main] DEBUG com.jayway.jsonpath.internal.JsonContext -- Put path $ key text value c
12:51:24.555 [main] DEBUG com.jayway.jsonpath.internal.path.CompiledPath -- Evaluating path: $['windowsVirtualKeyCode']
12:51:24.555 [main] DEBUG com.jayway.jsonpath.internal.path.CompiledPath -- Evaluating path: $
12:51:24.555 [main] DEBUG com.jayway.jsonpath.internal.path.CompiledPath -- Evaluating path: $
12:51:24.555 [main] DEBUG com.jayway.jsonpath.internal.JsonContext -- Put path $ key windowsVirtualKeyCode value {}
12:51:24.555 [main] DEBUG com.jayway.jsonpath.internal.path.CompiledPath -- Evaluating path: $
12:51:24.555 [main] DEBUG com.jayway.jsonpath.internal.JsonContext -- Put path $ key windowsVirtualKeyCode value 99
12:51:24.555 [main] DEBUG com.jayway.jsonpath.internal.path.CompiledPath -- Evaluating path: $
12:51:24.555 [main] DEBUG com.intuit.karate.driver.chrome_1718781680031 -- >> {"id":48,"sessionId":"A56E300532ABA6D87A937B5310C50C9B","method":"Input.dispatchKeyEvent","params":{"modifiers":0,"type":"keyUp","text":"c","windowsVirtualKeyCode":99}}
12:51:24.556 [nioEventLoopGroup-5-1] DEBUG com.intuit.karate.driver.chrome_1718781680031 -- << {"id":48,"result":{},"sessionId":"A56E300532ABA6D87A937B5310C50C9B"}
12:51:24.556 [nioEventLoopGroup-5-1] DEBUG com.jayway.jsonpath.internal.path.CompiledPath -- Evaluating path: $
12:51:24.556 [main] DEBUG com.jayway.jsonpath.internal.path.CompiledPath -- Evaluating path: $['modifiers']
12:51:24.556 [main] DEBUG com.jayway.jsonpath.internal.path.CompiledPath -- Evaluating path: $
12:51:24.556 [main] DEBUG com.jayway.jsonpath.internal.path.CompiledPath -- Evaluating path: $
12:51:24.556 [main] DEBUG com.jayway.jsonpath.internal.JsonContext -- Put path $ key modifiers value {}
12:51:24.556 [main] DEBUG com.jayway.jsonpath.internal.path.CompiledPath -- Evaluating path: $
12:51:24.556 [main] DEBUG com.jayway.jsonpath.internal.JsonContext -- Put path $ key modifiers value 0
12:51:24.556 [main] DEBUG com.jayway.jsonpath.internal.path.CompiledPath -- Evaluating path: $['type']
12:51:24.556 [main] DEBUG com.jayway.jsonpath.internal.path.CompiledPath -- Evaluating path: $
12:51:24.556 [main] DEBUG com.jayway.jsonpath.internal.path.CompiledPath -- Evaluating path: $
12:51:24.556 [main] DEBUG com.jayway.jsonpath.internal.JsonContext -- Put path $ key type value {}
12:51:24.556 [main] DEBUG com.jayway.jsonpath.internal.path.CompiledPath -- Evaluating path: $
12:51:24.556 [main] DEBUG com.jayway.jsonpath.internal.JsonContext -- Put path $ key type value rawKeyDown
12:51:24.556 [main] DEBUG com.jayway.jsonpath.internal.path.CompiledPath -- Evaluating path: $['text']
12:51:24.556 [main] DEBUG com.jayway.jsonpath.internal.path.CompiledPath -- Evaluating path: $
12:51:24.556 [main] DEBUG com.jayway.jsonpath.internal.path.CompiledPath -- Evaluating path: $
12:51:24.556 [main] DEBUG com.jayway.jsonpath.internal.JsonContext -- Put path $ key text value {}
12:51:24.556 [main] DEBUG com.jayway.jsonpath.internal.path.CompiledPath -- Evaluating path: $
12:51:24.556 [main] DEBUG com.jayway.jsonpath.internal.JsonContext -- Put path $ key text value r
12:51:24.556 [main] DEBUG com.jayway.jsonpath.internal.path.CompiledPath -- Evaluating path: $['windowsVirtualKeyCode']
12:51:24.556 [main] DEBUG com.jayway.jsonpath.internal.path.CompiledPath -- Evaluating path: $
12:51:24.556 [main] DEBUG com.jayway.jsonpath.internal.path.CompiledPath -- Evaluating path: $
12:51:24.556 [main] DEBUG com.jayway.jsonpath.internal.JsonContext -- Put path $ key windowsVirtualKeyCode value {}
12:51:24.556 [main] DEBUG com.jayway.jsonpath.internal.path.CompiledPath -- Evaluating path: $
12:51:24.556 [main] DEBUG com.jayway.jsonpath.internal.JsonContext -- Put path $ key windowsVirtualKeyCode value 114
12:51:24.556 [main] DEBUG com.jayway.jsonpath.internal.path.CompiledPath -- Evaluating path: $
12:51:24.556 [main] DEBUG com.intuit.karate.driver.chrome_1718781680031 -- >> {"id":49,"sessionId":"A56E300532ABA6D87A937B5310C50C9B","method":"Input.dispatchKeyEvent","params":{"modifiers":0,"type":"rawKeyDown","text":"r","windowsVirtualKeyCode":114}}
12:51:24.558 [nioEventLoopGroup-5-1] DEBUG com.intuit.karate.driver.chrome_1718781680031 -- << {"id":49,"result":{},"sessionId":"A56E300532ABA6D87A937B5310C50C9B"}
12:51:24.558 [nioEventLoopGroup-5-1] DEBUG com.jayway.jsonpath.internal.path.CompiledPath -- Evaluating path: $
12:51:24.558 [main] DEBUG com.jayway.jsonpath.internal.path.CompiledPath -- Evaluating path: $['modifiers']
12:51:24.558 [main] DEBUG com.jayway.jsonpath.internal.path.CompiledPath -- Evaluating path: $
12:51:24.558 [main] DEBUG com.jayway.jsonpath.internal.path.CompiledPath -- Evaluating path: $
12:51:24.558 [main] DEBUG com.jayway.jsonpath.internal.JsonContext -- Put path $ key modifiers value {}
12:51:24.558 [main] DEBUG com.jayway.jsonpath.internal.path.CompiledPath -- Evaluating path: $
12:51:24.558 [main] DEBUG com.jayway.jsonpath.internal.JsonContext -- Put path $ key modifiers value 0
12:51:24.558 [main] DEBUG com.jayway.jsonpath.internal.path.CompiledPath -- Evaluating path: $['type']
12:51:24.558 [main] DEBUG com.jayway.jsonpath.internal.path.CompiledPath -- Evaluating path: $
12:51:24.558 [main] DEBUG com.jayway.jsonpath.internal.path.CompiledPath -- Evaluating path: $
12:51:24.558 [main] DEBUG com.jayway.jsonpath.internal.JsonContext -- Put path $ key type value {}
12:51:24.558 [main] DEBUG com.jayway.jsonpath.internal.path.CompiledPath -- Evaluating path: $
12:51:24.558 [main] DEBUG com.jayway.jsonpath.internal.JsonContext -- Put path $ key type value char
12:51:24.558 [main] DEBUG com.jayway.jsonpath.internal.path.CompiledPath -- Evaluating path: $['text']
12:51:24.558 [main] DEBUG com.jayway.jsonpath.internal.path.CompiledPath -- Evaluating path: $
12:51:24.558 [main] DEBUG com.jayway.jsonpath.internal.path.CompiledPath -- Evaluating path: $
12:51:24.558 [main] DEBUG com.jayway.jsonpath.internal.JsonContext -- Put path $ key text value {}
12:51:24.558 [main] DEBUG com.jayway.jsonpath.internal.path.CompiledPath -- Evaluating path: $
12:51:24.558 [main] DEBUG com.jayway.jsonpath.internal.JsonContext -- Put path $ key text value r
12:51:24.558 [main] DEBUG com.jayway.jsonpath.internal.path.CompiledPath -- Evaluating path: $['windowsVirtualKeyCode']
12:51:24.558 [main] DEBUG com.jayway.jsonpath.internal.path.CompiledPath -- Evaluating path: $
12:51:24.558 [main] DEBUG com.jayway.jsonpath.internal.path.CompiledPath -- Evaluating path: $
12:51:24.558 [main] DEBUG com.jayway.jsonpath.internal.JsonContext -- Put path $ key windowsVirtualKeyCode value {}
12:51:24.558 [main] DEBUG com.jayway.jsonpath.internal.path.CompiledPath -- Evaluating path: $
12:51:24.558 [main] DEBUG com.jayway.jsonpath.internal.JsonContext -- Put path $ key windowsVirtualKeyCode value 114
12:51:24.558 [main] DEBUG com.jayway.jsonpath.internal.path.CompiledPath -- Evaluating path: $
12:51:24.558 [main] DEBUG com.intuit.karate.driver.chrome_1718781680031 -- >> {"id":50,"sessionId":"A56E300532ABA6D87A937B5310C50C9B","method":"Input.dispatchKeyEvent","params":{"modifiers":0,"type":"char","text":"r","windowsVirtualKeyCode":114}}
12:51:24.560 [nioEventLoopGroup-5-1] DEBUG com.intuit.karate.driver.chrome_1718781680031 -- << {"id":50,"result":{},"sessionId":"A56E300532ABA6D87A937B5310C50C9B"}
12:51:24.560 [nioEventLoopGroup-5-1] DEBUG com.jayway.jsonpath.internal.path.CompiledPath -- Evaluating path: $
12:51:24.560 [main] DEBUG com.jayway.jsonpath.internal.path.CompiledPath -- Evaluating path: $['modifiers']
12:51:24.560 [main] DEBUG com.jayway.jsonpath.internal.path.CompiledPath -- Evaluating path: $
12:51:24.560 [main] DEBUG com.jayway.jsonpath.internal.path.CompiledPath -- Evaluating path: $
12:51:24.560 [main] DEBUG com.jayway.jsonpath.internal.JsonContext -- Put path $ key modifiers value {}
12:51:24.560 [main] DEBUG com.jayway.jsonpath.internal.path.CompiledPath -- Evaluating path: $
12:51:24.560 [main] DEBUG com.jayway.jsonpath.internal.JsonContext -- Put path $ key modifiers value 0
12:51:24.560 [main] DEBUG com.jayway.jsonpath.internal.path.CompiledPath -- Evaluating path: $['type']
12:51:24.560 [main] DEBUG com.jayway.jsonpath.internal.path.CompiledPath -- Evaluating path: $
12:51:24.560 [main] DEBUG com.jayway.jsonpath.internal.path.CompiledPath -- Evaluating path: $
12:51:24.560 [main] DEBUG com.jayway.jsonpath.internal.JsonContext -- Put path $ key type value {}
12:51:24.560 [main] DEBUG com.jayway.jsonpath.internal.path.CompiledPath -- Evaluating path: $
12:51:24.560 [main] DEBUG com.jayway.jsonpath.internal.JsonContext -- Put path $ key type value keyUp
12:51:24.560 [main] DEBUG com.jayway.jsonpath.internal.path.CompiledPath -- Evaluating path: $['text']
12:51:24.560 [main] DEBUG com.jayway.jsonpath.internal.path.CompiledPath -- Evaluating path: $
12:51:24.560 [main] DEBUG com.jayway.jsonpath.internal.path.CompiledPath -- Evaluating path: $
12:51:24.560 [main] DEBUG com.jayway.jsonpath.internal.JsonContext -- Put path $ key text value {}
12:51:24.560 [main] DEBUG com.jayway.jsonpath.internal.path.CompiledPath -- Evaluating path: $
12:51:24.560 [main] DEBUG com.jayway.jsonpath.internal.JsonContext -- Put path $ key text value r
12:51:24.560 [main] DEBUG com.jayway.jsonpath.internal.path.CompiledPath -- Evaluating path: $['windowsVirtualKeyCode']
12:51:24.560 [main] DEBUG com.jayway.jsonpath.internal.path.CompiledPath -- Evaluating path: $
12:51:24.560 [main] DEBUG com.jayway.jsonpath.internal.path.CompiledPath -- Evaluating path: $
12:51:24.560 [main] DEBUG com.jayway.jsonpath.internal.JsonContext -- Put path $ key windowsVirtualKeyCode value {}
12:51:24.560 [main] DEBUG com.jayway.jsonpath.internal.path.CompiledPath -- Evaluating path: $
12:51:24.560 [main] DEBUG com.jayway.jsonpath.internal.JsonContext -- Put path $ key windowsVirtualKeyCode value 114
12:51:24.560 [main] DEBUG com.jayway.jsonpath.internal.path.CompiledPath -- Evaluating path: $
12:51:24.560 [main] DEBUG com.intuit.karate.driver.chrome_1718781680031 -- >> {"id":51,"sessionId":"A56E300532ABA6D87A937B5310C50C9B","method":"Input.dispatchKeyEvent","params":{"modifiers":0,"type":"keyUp","text":"r","windowsVirtualKeyCode":114}}
12:51:24.562 [nioEventLoopGroup-5-1] DEBUG com.intuit.karate.driver.chrome_1718781680031 -- << {"id":51,"result":{},"sessionId":"A56E300532ABA6D87A937B5310C50C9B"}
12:51:24.562 [nioEventLoopGroup-5-1] DEBUG com.jayway.jsonpath.internal.path.CompiledPath -- Evaluating path: $
12:51:24.562 [main] DEBUG com.jayway.jsonpath.internal.path.CompiledPath -- Evaluating path: $['modifiers']
12:51:24.562 [main] DEBUG com.jayway.jsonpath.internal.path.CompiledPath -- Evaluating path: $
12:51:24.562 [main] DEBUG com.jayway.jsonpath.internal.path.CompiledPath -- Evaluating path: $
12:51:24.562 [main] DEBUG com.jayway.jsonpath.internal.JsonContext -- Put path $ key modifiers value {}
12:51:24.562 [main] DEBUG com.jayway.jsonpath.internal.path.CompiledPath -- Evaluating path: $
12:51:24.562 [main] DEBUG com.jayway.jsonpath.internal.JsonContext -- Put path $ key modifiers value 0
12:51:24.562 [main] DEBUG com.jayway.jsonpath.internal.path.CompiledPath -- Evaluating path: $['type']
12:51:24.562 [main] DEBUG com.jayway.jsonpath.internal.path.CompiledPath -- Evaluating path: $
12:51:24.562 [main] DEBUG com.jayway.jsonpath.internal.path.CompiledPath -- Evaluating path: $
12:51:24.562 [main] DEBUG com.jayway.jsonpath.internal.JsonContext -- Put path $ key type value {}
12:51:24.562 [main] DEBUG com.jayway.jsonpath.internal.path.CompiledPath -- Evaluating path: $
12:51:24.562 [main] DEBUG com.jayway.jsonpath.internal.JsonContext -- Put path $ key type value rawKeyDown
12:51:24.562 [main] DEBUG com.jayway.jsonpath.internal.path.CompiledPath -- Evaluating path: $['text']
12:51:24.562 [main] DEBUG com.jayway.jsonpath.internal.path.CompiledPath -- Evaluating path: $
12:51:24.562 [main] DEBUG com.jayway.jsonpath.internal.path.CompiledPath -- Evaluating path: $
12:51:24.562 [main] DEBUG com.jayway.jsonpath.internal.JsonContext -- Put path $ key text value {}
12:51:24.562 [main] DEBUG com.jayway.jsonpath.internal.path.CompiledPath -- Evaluating path: $
12:51:24.562 [main] DEBUG com.jayway.jsonpath.internal.JsonContext -- Put path $ key text value e
12:51:24.562 [main] DEBUG com.jayway.jsonpath.internal.path.CompiledPath -- Evaluating path: $['windowsVirtualKeyCode']
12:51:24.562 [main] DEBUG com.jayway.jsonpath.internal.path.CompiledPath -- Evaluating path: $
12:51:24.562 [main] DEBUG com.jayway.jsonpath.internal.path.CompiledPath -- Evaluating path: $
12:51:24.562 [main] DEBUG com.jayway.jsonpath.internal.JsonContext -- Put path $ key windowsVirtualKeyCode value {}
12:51:24.562 [main] DEBUG com.jayway.jsonpath.internal.path.CompiledPath -- Evaluating path: $
12:51:24.562 [main] DEBUG com.jayway.jsonpath.internal.JsonContext -- Put path $ key windowsVirtualKeyCode value 101
12:51:24.562 [main] DEBUG com.jayway.jsonpath.internal.path.CompiledPath -- Evaluating path: $
12:51:24.562 [main] DEBUG com.intuit.karate.driver.chrome_1718781680031 -- >> {"id":52,"sessionId":"A56E300532ABA6D87A937B5310C50C9B","method":"Input.dispatchKeyEvent","params":{"modifiers":0,"type":"rawKeyDown","text":"e","windowsVirtualKeyCode":101}}
12:51:24.564 [nioEventLoopGroup-5-1] DEBUG com.intuit.karate.driver.chrome_1718781680031 -- << {"id":52,"result":{},"sessionId":"A56E300532ABA6D87A937B5310C50C9B"}
12:51:24.564 [nioEventLoopGroup-5-1] DEBUG com.jayway.jsonpath.internal.path.CompiledPath -- Evaluating path: $
12:51:24.564 [main] DEBUG com.jayway.jsonpath.internal.path.CompiledPath -- Evaluating path: $['modifiers']
12:51:24.564 [main] DEBUG com.jayway.jsonpath.internal.path.CompiledPath -- Evaluating path: $
12:51:24.564 [main] DEBUG com.jayway.jsonpath.internal.path.CompiledPath -- Evaluating path: $
12:51:24.564 [main] DEBUG com.jayway.jsonpath.internal.JsonContext -- Put path $ key modifiers value {}
12:51:24.564 [main] DEBUG com.jayway.jsonpath.internal.path.CompiledPath -- Evaluating path: $
12:51:24.564 [main] DEBUG com.jayway.jsonpath.internal.JsonContext -- Put path $ key modifiers value 0
12:51:24.564 [main] DEBUG com.jayway.jsonpath.internal.path.CompiledPath -- Evaluating path: $['type']
12:51:24.564 [main] DEBUG com.jayway.jsonpath.internal.path.CompiledPath -- Evaluating path: $
12:51:24.564 [main] DEBUG com.jayway.jsonpath.internal.path.CompiledPath -- Evaluating path: $
12:51:24.564 [main] DEBUG com.jayway.jsonpath.internal.JsonContext -- Put path $ key type value {}
12:51:24.564 [main] DEBUG com.jayway.jsonpath.internal.path.CompiledPath -- Evaluating path: $
12:51:24.564 [main] DEBUG com.jayway.jsonpath.internal.JsonContext -- Put path $ key type value char
12:51:24.564 [main] DEBUG com.jayway.jsonpath.internal.path.CompiledPath -- Evaluating path: $['text']
12:51:24.564 [main] DEBUG com.jayway.jsonpath.internal.path.CompiledPath -- Evaluating path: $
12:51:24.564 [main] DEBUG com.jayway.jsonpath.internal.path.CompiledPath -- Evaluating path: $
12:51:24.564 [main] DEBUG com.jayway.jsonpath.internal.JsonContext -- Put path $ key text value {}
12:51:24.564 [main] DEBUG com.jayway.jsonpath.internal.path.CompiledPath -- Evaluating path: $
12:51:24.564 [main] DEBUG com.jayway.jsonpath.internal.JsonContext -- Put path $ key text value e
12:51:24.564 [main] DEBUG com.jayway.jsonpath.internal.path.CompiledPath -- Evaluating path: $['windowsVirtualKeyCode']
12:51:24.564 [main] DEBUG com.jayway.jsonpath.internal.path.CompiledPath -- Evaluating path: $
12:51:24.564 [main] DEBUG com.jayway.jsonpath.internal.path.CompiledPath -- Evaluating path: $
12:51:24.564 [main] DEBUG com.jayway.jsonpath.internal.JsonContext -- Put path $ key windowsVirtualKeyCode value {}
12:51:24.564 [main] DEBUG com.jayway.jsonpath.internal.path.CompiledPath -- Evaluating path: $
12:51:24.564 [main] DEBUG com.jayway.jsonpath.internal.JsonContext -- Put path $ key windowsVirtualKeyCode value 101
12:51:24.564 [main] DEBUG com.jayway.jsonpath.internal.path.CompiledPath -- Evaluating path: $
12:51:24.564 [main] DEBUG com.intuit.karate.driver.chrome_1718781680031 -- >> {"id":53,"sessionId":"A56E300532ABA6D87A937B5310C50C9B","method":"Input.dispatchKeyEvent","params":{"modifiers":0,"type":"char","text":"e","windowsVirtualKeyCode":101}}
12:51:24.571 [nioEventLoopGroup-5-1] DEBUG com.intuit.karate.driver.chrome_1718781680031 -- << {"id":53,"result":{},"sessionId":"A56E300532ABA6D87A937B5310C50C9B"}
12:51:24.571 [nioEventLoopGroup-5-1] DEBUG com.jayway.jsonpath.internal.path.CompiledPath -- Evaluating path: $
12:51:24.572 [main] DEBUG com.jayway.jsonpath.internal.path.CompiledPath -- Evaluating path: $['modifiers']
12:51:24.573 [main] DEBUG com.jayway.jsonpath.internal.path.CompiledPath -- Evaluating path: $
12:51:24.573 [main] DEBUG com.jayway.jsonpath.internal.path.CompiledPath -- Evaluating path: $
12:51:24.573 [main] DEBUG com.jayway.jsonpath.internal.JsonContext -- Put path $ key modifiers value {}
12:51:24.573 [main] DEBUG com.jayway.jsonpath.internal.path.CompiledPath -- Evaluating path: $
12:51:24.573 [main] DEBUG com.jayway.jsonpath.internal.JsonContext -- Put path $ key modifiers value 0
12:51:24.573 [main] DEBUG com.jayway.jsonpath.internal.path.CompiledPath -- Evaluating path: $['type']
12:51:24.573 [main] DEBUG com.jayway.jsonpath.internal.path.CompiledPath -- Evaluating path: $
12:51:24.573 [main] DEBUG com.jayway.jsonpath.internal.path.CompiledPath -- Evaluating path: $
12:51:24.573 [main] DEBUG com.jayway.jsonpath.internal.JsonContext -- Put path $ key type value {}
12:51:24.573 [main] DEBUG com.jayway.jsonpath.internal.path.CompiledPath -- Evaluating path: $
12:51:24.573 [main] DEBUG com.jayway.jsonpath.internal.JsonContext -- Put path $ key type value keyUp
12:51:24.573 [main] DEBUG com.jayway.jsonpath.internal.path.CompiledPath -- Evaluating path: $['text']
12:51:24.573 [main] DEBUG com.jayway.jsonpath.internal.path.CompiledPath -- Evaluating path: $
12:51:24.573 [main] DEBUG com.jayway.jsonpath.internal.path.CompiledPath -- Evaluating path: $
12:51:24.573 [main] DEBUG com.jayway.jsonpath.internal.JsonContext -- Put path $ key text value {}
12:51:24.573 [main] DEBUG com.jayway.jsonpath.internal.path.CompiledPath -- Evaluating path: $
12:51:24.573 [main] DEBUG com.jayway.jsonpath.internal.JsonContext -- Put path $ key text value e
12:51:24.573 [main] DEBUG com.jayway.jsonpath.internal.path.CompiledPath -- Evaluating path: $['windowsVirtualKeyCode']
12:51:24.573 [main] DEBUG com.jayway.jsonpath.internal.path.CompiledPath -- Evaluating path: $
12:51:24.573 [main] DEBUG com.jayway.jsonpath.internal.path.CompiledPath -- Evaluating path: $
12:51:24.573 [main] DEBUG com.jayway.jsonpath.internal.JsonContext -- Put path $ key windowsVirtualKeyCode value {}
12:51:24.573 [main] DEBUG com.jayway.jsonpath.internal.path.CompiledPath -- Evaluating path: $
12:51:24.573 [main] DEBUG com.jayway.jsonpath.internal.JsonContext -- Put path $ key windowsVirtualKeyCode value 101
12:51:24.573 [main] DEBUG com.jayway.jsonpath.internal.path.CompiledPath -- Evaluating path: $
12:51:24.573 [main] DEBUG com.intuit.karate.driver.chrome_1718781680031 -- >> {"id":54,"sessionId":"A56E300532ABA6D87A937B5310C50C9B","method":"Input.dispatchKeyEvent","params":{"modifiers":0,"type":"keyUp","text":"e","windowsVirtualKeyCode":101}}
12:51:24.573 [nioEventLoopGroup-5-1] DEBUG com.intuit.karate.driver.chrome_1718781680031 -- << {"id":54,"result":{},"sessionId":"A56E300532ABA6D87A937B5310C50C9B"}
12:51:24.573 [nioEventLoopGroup-5-1] DEBUG com.jayway.jsonpath.internal.path.CompiledPath -- Evaluating path: $
12:51:24.573 [main] DEBUG com.jayway.jsonpath.internal.path.CompiledPath -- Evaluating path: $['modifiers']
12:51:24.573 [main] DEBUG com.jayway.jsonpath.internal.path.CompiledPath -- Evaluating path: $
12:51:24.573 [main] DEBUG com.jayway.jsonpath.internal.path.CompiledPath -- Evaluating path: $
12:51:24.573 [main] DEBUG com.jayway.jsonpath.internal.JsonContext -- Put path $ key modifiers value {}
12:51:24.573 [main] DEBUG com.jayway.jsonpath.internal.path.CompiledPath -- Evaluating path: $
12:51:24.573 [main] DEBUG com.jayway.jsonpath.internal.JsonContext -- Put path $ key modifiers value 0
12:51:24.573 [main] DEBUG com.jayway.jsonpath.internal.path.CompiledPath -- Evaluating path: $['type']
12:51:24.573 [main] DEBUG com.jayway.jsonpath.internal.path.CompiledPath -- Evaluating path: $
12:51:24.573 [main] DEBUG com.jayway.jsonpath.internal.path.CompiledPath -- Evaluating path: $
12:51:24.573 [main] DEBUG com.jayway.jsonpath.internal.JsonContext -- Put path $ key type value {}
12:51:24.573 [main] DEBUG com.jayway.jsonpath.internal.path.CompiledPath -- Evaluating path: $
12:51:24.573 [main] DEBUG com.jayway.jsonpath.internal.JsonContext -- Put path $ key type value rawKeyDown
12:51:24.573 [main] DEBUG com.jayway.jsonpath.internal.path.CompiledPath -- Evaluating path: $['text']
12:51:24.573 [main] DEBUG com.jayway.jsonpath.internal.path.CompiledPath -- Evaluating path: $
12:51:24.573 [main] DEBUG com.jayway.jsonpath.internal.path.CompiledPath -- Evaluating path: $
12:51:24.573 [main] DEBUG com.jayway.jsonpath.internal.JsonContext -- Put path $ key text value {}
12:51:24.573 [main] DEBUG com.jayway.jsonpath.internal.path.CompiledPath -- Evaluating path: $
12:51:24.573 [main] DEBUG com.jayway.jsonpath.internal.JsonContext -- Put path $ key text value t
12:51:24.573 [main] DEBUG com.jayway.jsonpath.internal.path.CompiledPath -- Evaluating path: $['windowsVirtualKeyCode']
12:51:24.573 [main] DEBUG com.jayway.jsonpath.internal.path.CompiledPath -- Evaluating path: $
12:51:24.573 [main] DEBUG com.jayway.jsonpath.internal.path.CompiledPath -- Evaluating path: $
12:51:24.573 [main] DEBUG com.jayway.jsonpath.internal.JsonContext -- Put path $ key windowsVirtualKeyCode value {}
12:51:24.573 [main] DEBUG com.jayway.jsonpath.internal.path.CompiledPath -- Evaluating path: $
12:51:24.573 [main] DEBUG com.jayway.jsonpath.internal.JsonContext -- Put path $ key windowsVirtualKeyCode value 116
12:51:24.573 [main] DEBUG com.jayway.jsonpath.internal.path.CompiledPath -- Evaluating path: $
12:51:24.573 [main] DEBUG com.intuit.karate.driver.chrome_1718781680031 -- >> {"id":55,"sessionId":"A56E300532ABA6D87A937B5310C50C9B","method":"Input.dispatchKeyEvent","params":{"modifiers":0,"type":"rawKeyDown","text":"t","windowsVirtualKeyCode":116}}
12:51:24.573 [nioEventLoopGroup-5-1] DEBUG com.intuit.karate.driver.chrome_1718781680031 -- << {"id":55,"result":{},"sessionId":"A56E300532ABA6D87A937B5310C50C9B"}
12:51:24.573 [nioEventLoopGroup-5-1] DEBUG com.jayway.jsonpath.internal.path.CompiledPath -- Evaluating path: $
12:51:24.573 [main] DEBUG com.jayway.jsonpath.internal.path.CompiledPath -- Evaluating path: $['modifiers']
12:51:24.573 [main] DEBUG com.jayway.jsonpath.internal.path.CompiledPath -- Evaluating path: $
12:51:24.573 [main] DEBUG com.jayway.jsonpath.internal.path.CompiledPath -- Evaluating path: $
12:51:24.573 [main] DEBUG com.jayway.jsonpath.internal.JsonContext -- Put path $ key modifiers value {}
12:51:24.573 [main] DEBUG com.jayway.jsonpath.internal.path.CompiledPath -- Evaluating path: $
12:51:24.573 [main] DEBUG com.jayway.jsonpath.internal.JsonContext -- Put path $ key modifiers value 0
12:51:24.573 [main] DEBUG com.jayway.jsonpath.internal.path.CompiledPath -- Evaluating path: $['type']
12:51:24.573 [main] DEBUG com.jayway.jsonpath.internal.path.CompiledPath -- Evaluating path: $
12:51:24.573 [main] DEBUG com.jayway.jsonpath.internal.path.CompiledPath -- Evaluating path: $
12:51:24.573 [main] DEBUG com.jayway.jsonpath.internal.JsonContext -- Put path $ key type value {}
12:51:24.573 [main] DEBUG com.jayway.jsonpath.internal.path.CompiledPath -- Evaluating path: $
12:51:24.573 [main] DEBUG com.jayway.jsonpath.internal.JsonContext -- Put path $ key type value char
12:51:24.573 [main] DEBUG com.jayway.jsonpath.internal.path.CompiledPath -- Evaluating path: $['text']
12:51:24.573 [main] DEBUG com.jayway.jsonpath.internal.path.CompiledPath -- Evaluating path: $
12:51:24.573 [main] DEBUG com.jayway.jsonpath.internal.path.CompiledPath -- Evaluating path: $
12:51:24.573 [main] DEBUG com.jayway.jsonpath.internal.JsonContext -- Put path $ key text value {}
12:51:24.573 [main] DEBUG com.jayway.jsonpath.internal.path.CompiledPath -- Evaluating path: $
12:51:24.573 [main] DEBUG com.jayway.jsonpath.internal.JsonContext -- Put path $ key text value t
12:51:24.573 [main] DEBUG com.jayway.jsonpath.internal.path.CompiledPath -- Evaluating path: $['windowsVirtualKeyCode']
12:51:24.573 [main] DEBUG com.jayway.jsonpath.internal.path.CompiledPath -- Evaluating path: $
12:51:24.573 [main] DEBUG com.jayway.jsonpath.internal.path.CompiledPath -- Evaluating path: $
12:51:24.573 [main] DEBUG com.jayway.jsonpath.internal.JsonContext -- Put path $ key windowsVirtualKeyCode value {}
12:51:24.573 [main] DEBUG com.jayway.jsonpath.internal.path.CompiledPath -- Evaluating path: $
12:51:24.573 [main] DEBUG com.jayway.jsonpath.internal.JsonContext -- Put path $ key windowsVirtualKeyCode value 116
12:51:24.573 [main] DEBUG com.jayway.jsonpath.internal.path.CompiledPath -- Evaluating path: $
12:51:24.573 [main] DEBUG com.intuit.karate.driver.chrome_1718781680031 -- >> {"id":56,"sessionId":"A56E300532ABA6D87A937B5310C50C9B","method":"Input.dispatchKeyEvent","params":{"modifiers":0,"type":"char","text":"t","windowsVirtualKeyCode":116}}
12:51:24.580 [nioEventLoopGroup-5-1] DEBUG com.intuit.karate.driver.chrome_1718781680031 -- << {"id":56,"result":{},"sessionId":"A56E300532ABA6D87A937B5310C50C9B"}
12:51:24.584 [nioEventLoopGroup-5-1] DEBUG com.jayway.jsonpath.internal.path.CompiledPath -- Evaluating path: $
12:51:24.584 [main] DEBUG com.jayway.jsonpath.internal.path.CompiledPath -- Evaluating path: $['modifiers']
12:51:24.584 [main] DEBUG com.jayway.jsonpath.internal.path.CompiledPath -- Evaluating path: $
12:51:24.584 [main] DEBUG com.jayway.jsonpath.internal.path.CompiledPath -- Evaluating path: $
12:51:24.584 [main] DEBUG com.jayway.jsonpath.internal.JsonContext -- Put path $ key modifiers value {}
12:51:24.584 [main] DEBUG com.jayway.jsonpath.internal.path.CompiledPath -- Evaluating path: $
12:51:24.584 [main] DEBUG com.jayway.jsonpath.internal.JsonContext -- Put path $ key modifiers value 0
12:51:24.584 [main] DEBUG com.jayway.jsonpath.internal.path.CompiledPath -- Evaluating path: $['type']
12:51:24.584 [main] DEBUG com.jayway.jsonpath.internal.path.CompiledPath -- Evaluating path: $
12:51:24.584 [main] DEBUG com.jayway.jsonpath.internal.path.CompiledPath -- Evaluating path: $
12:51:24.584 [main] DEBUG com.jayway.jsonpath.internal.JsonContext -- Put path $ key type value {}
12:51:24.584 [main] DEBUG com.jayway.jsonpath.internal.path.CompiledPath -- Evaluating path: $
12:51:24.584 [main] DEBUG com.jayway.jsonpath.internal.JsonContext -- Put path $ key type value keyUp
12:51:24.584 [main] DEBUG com.jayway.jsonpath.internal.path.CompiledPath -- Evaluating path: $['text']
12:51:24.584 [main] DEBUG com.jayway.jsonpath.internal.path.CompiledPath -- Evaluating path: $
12:51:24.584 [main] DEBUG com.jayway.jsonpath.internal.path.CompiledPath -- Evaluating path: $
12:51:24.584 [main] DEBUG com.jayway.jsonpath.internal.JsonContext -- Put path $ key text value {}
12:51:24.584 [main] DEBUG com.jayway.jsonpath.internal.path.CompiledPath -- Evaluating path: $
12:51:24.584 [main] DEBUG com.jayway.jsonpath.internal.JsonContext -- Put path $ key text value t
12:51:24.584 [main] DEBUG com.jayway.jsonpath.internal.path.CompiledPath -- Evaluating path: $['windowsVirtualKeyCode']
12:51:24.584 [main] DEBUG com.jayway.jsonpath.internal.path.CompiledPath -- Evaluating path: $
12:51:24.584 [main] DEBUG com.jayway.jsonpath.internal.path.CompiledPath -- Evaluating path: $
12:51:24.584 [main] DEBUG com.jayway.jsonpath.internal.JsonContext -- Put path $ key windowsVirtualKeyCode value {}
12:51:24.584 [main] DEBUG com.jayway.jsonpath.internal.path.CompiledPath -- Evaluating path: $
12:51:24.584 [main] DEBUG com.jayway.jsonpath.internal.JsonContext -- Put path $ key windowsVirtualKeyCode value 116
12:51:24.584 [main] DEBUG com.jayway.jsonpath.internal.path.CompiledPath -- Evaluating path: $
12:51:24.584 [main] DEBUG com.intuit.karate.driver.chrome_1718781680031 -- >> {"id":57,"sessionId":"A56E300532ABA6D87A937B5310C50C9B","method":"Input.dispatchKeyEvent","params":{"modifiers":0,"type":"keyUp","text":"t","windowsVirtualKeyCode":116}}
12:51:24.584 [nioEventLoopGroup-5-1] DEBUG com.intuit.karate.driver.chrome_1718781680031 -- << {"id":57,"result":{},"sessionId":"A56E300532ABA6D87A937B5310C50C9B"}
12:51:24.584 [nioEventLoopGroup-5-1] DEBUG com.jayway.jsonpath.internal.path.CompiledPath -- Evaluating path: $
12:51:24.584 [main] DEBUG com.jayway.jsonpath.internal.path.CompiledPath -- Evaluating path: $['modifiers']
12:51:24.584 [main] DEBUG com.jayway.jsonpath.internal.path.CompiledPath -- Evaluating path: $
12:51:24.584 [main] DEBUG com.jayway.jsonpath.internal.path.CompiledPath -- Evaluating path: $
12:51:24.584 [main] DEBUG com.jayway.jsonpath.internal.JsonContext -- Put path $ key modifiers value {}
12:51:24.584 [main] DEBUG com.jayway.jsonpath.internal.path.CompiledPath -- Evaluating path: $
12:51:24.584 [main] DEBUG com.jayway.jsonpath.internal.JsonContext -- Put path $ key modifiers value 0
12:51:24.584 [main] DEBUG com.jayway.jsonpath.internal.path.CompiledPath -- Evaluating path: $['type']
12:51:24.584 [main] DEBUG com.jayway.jsonpath.internal.path.CompiledPath -- Evaluating path: $
12:51:24.584 [main] DEBUG com.jayway.jsonpath.internal.path.CompiledPath -- Evaluating path: $
12:51:24.584 [main] DEBUG com.jayway.jsonpath.internal.JsonContext -- Put path $ key type value {}
12:51:24.584 [main] DEBUG com.jayway.jsonpath.internal.path.CompiledPath -- Evaluating path: $
12:51:24.584 [main] DEBUG com.jayway.jsonpath.internal.JsonContext -- Put path $ key type value rawKeyDown
12:51:24.584 [main] DEBUG com.jayway.jsonpath.internal.path.CompiledPath -- Evaluating path: $['text']
12:51:24.584 [main] DEBUG com.jayway.jsonpath.internal.path.CompiledPath -- Evaluating path: $
12:51:24.584 [main] DEBUG com.jayway.jsonpath.internal.path.CompiledPath -- Evaluating path: $
12:51:24.584 [main] DEBUG com.jayway.jsonpath.internal.JsonContext -- Put path $ key text value {}
12:51:24.584 [main] DEBUG com.jayway.jsonpath.internal.path.CompiledPath -- Evaluating path: $
12:51:24.584 [main] DEBUG com.jayway.jsonpath.internal.JsonContext -- Put path $ key text value _
12:51:24.584 [main] DEBUG com.jayway.jsonpath.internal.path.CompiledPath -- Evaluating path: $['windowsVirtualKeyCode']
12:51:24.584 [main] DEBUG com.jayway.jsonpath.internal.path.CompiledPath -- Evaluating path: $
12:51:24.584 [main] DEBUG com.jayway.jsonpath.internal.path.CompiledPath -- Evaluating path: $
12:51:24.584 [main] DEBUG com.jayway.jsonpath.internal.JsonContext -- Put path $ key windowsVirtualKeyCode value {}
12:51:24.584 [main] DEBUG com.jayway.jsonpath.internal.path.CompiledPath -- Evaluating path: $
12:51:24.584 [main] DEBUG com.jayway.jsonpath.internal.JsonContext -- Put path $ key windowsVirtualKeyCode value 523
12:51:24.584 [main] DEBUG com.jayway.jsonpath.internal.path.CompiledPath -- Evaluating path: $
12:51:24.584 [main] DEBUG com.intuit.karate.driver.chrome_1718781680031 -- >> {"id":58,"sessionId":"A56E300532ABA6D87A937B5310C50C9B","method":"Input.dispatchKeyEvent","params":{"modifiers":0,"type":"rawKeyDown","text":"_","windowsVirtualKeyCode":523}}
12:51:24.584 [nioEventLoopGroup-5-1] DEBUG com.intuit.karate.driver.chrome_1718781680031 -- << {"id":58,"result":{},"sessionId":"A56E300532ABA6D87A937B5310C50C9B"}
12:51:24.584 [nioEventLoopGroup-5-1] DEBUG com.jayway.jsonpath.internal.path.CompiledPath -- Evaluating path: $
12:51:24.584 [main] DEBUG com.jayway.jsonpath.internal.path.CompiledPath -- Evaluating path: $['modifiers']
12:51:24.584 [main] DEBUG com.jayway.jsonpath.internal.path.CompiledPath -- Evaluating path: $
12:51:24.584 [main] DEBUG com.jayway.jsonpath.internal.path.CompiledPath -- Evaluating path: $
12:51:24.584 [main] DEBUG com.jayway.jsonpath.internal.JsonContext -- Put path $ key modifiers value {}
12:51:24.584 [main] DEBUG com.jayway.jsonpath.internal.path.CompiledPath -- Evaluating path: $
12:51:24.584 [main] DEBUG com.jayway.jsonpath.internal.JsonContext -- Put path $ key modifiers value 0
12:51:24.584 [main] DEBUG com.jayway.jsonpath.internal.path.CompiledPath -- Evaluating path: $['type']
12:51:24.584 [main] DEBUG com.jayway.jsonpath.internal.path.CompiledPath -- Evaluating path: $
12:51:24.584 [main] DEBUG com.jayway.jsonpath.internal.path.CompiledPath -- Evaluating path: $
12:51:24.584 [main] DEBUG com.jayway.jsonpath.internal.JsonContext -- Put path $ key type value {}
12:51:24.584 [main] DEBUG com.jayway.jsonpath.internal.path.CompiledPath -- Evaluating path: $
12:51:24.584 [main] DEBUG com.jayway.jsonpath.internal.JsonContext -- Put path $ key type value char
12:51:24.584 [main] DEBUG com.jayway.jsonpath.internal.path.CompiledPath -- Evaluating path: $['text']
12:51:24.584 [main] DEBUG com.jayway.jsonpath.internal.path.CompiledPath -- Evaluating path: $
12:51:24.584 [main] DEBUG com.jayway.jsonpath.internal.path.CompiledPath -- Evaluating path: $
12:51:24.584 [main] DEBUG com.jayway.jsonpath.internal.JsonContext -- Put path $ key text value {}
12:51:24.584 [main] DEBUG com.jayway.jsonpath.internal.path.CompiledPath -- Evaluating path: $
12:51:24.584 [main] DEBUG com.jayway.jsonpath.internal.JsonContext -- Put path $ key text value _
12:51:24.584 [main] DEBUG com.jayway.jsonpath.internal.path.CompiledPath -- Evaluating path: $['windowsVirtualKeyCode']
12:51:24.584 [main] DEBUG com.jayway.jsonpath.internal.path.CompiledPath -- Evaluating path: $
12:51:24.584 [main] DEBUG com.jayway.jsonpath.internal.path.CompiledPath -- Evaluating path: $
12:51:24.584 [main] DEBUG com.jayway.jsonpath.internal.JsonContext -- Put path $ key windowsVirtualKeyCode value {}
12:51:24.584 [main] DEBUG com.jayway.jsonpath.internal.path.CompiledPath -- Evaluating path: $
12:51:24.584 [main] DEBUG com.jayway.jsonpath.internal.JsonContext -- Put path $ key windowsVirtualKeyCode value 523
12:51:24.584 [main] DEBUG com.jayway.jsonpath.internal.path.CompiledPath -- Evaluating path: $
12:51:24.584 [main] DEBUG com.intuit.karate.driver.chrome_1718781680031 -- >> {"id":59,"sessionId":"A56E300532ABA6D87A937B5310C50C9B","method":"Input.dispatchKeyEvent","params":{"modifiers":0,"type":"char","text":"_","windowsVirtualKeyCode":523}}
12:51:24.584 [nioEventLoopGroup-5-1] DEBUG com.intuit.karate.driver.chrome_1718781680031 -- << {"id":59,"result":{},"sessionId":"A56E300532ABA6D87A937B5310C50C9B"}
12:51:24.584 [nioEventLoopGroup-5-1] DEBUG com.jayway.jsonpath.internal.path.CompiledPath -- Evaluating path: $
12:51:24.584 [main] DEBUG com.jayway.jsonpath.internal.path.CompiledPath -- Evaluating path: $['modifiers']
12:51:24.584 [main] DEBUG com.jayway.jsonpath.internal.path.CompiledPath -- Evaluating path: $
12:51:24.584 [main] DEBUG com.jayway.jsonpath.internal.path.CompiledPath -- Evaluating path: $
12:51:24.584 [main] DEBUG com.jayway.jsonpath.internal.JsonContext -- Put path $ key modifiers value {}
12:51:24.584 [main] DEBUG com.jayway.jsonpath.internal.path.CompiledPath -- Evaluating path: $
12:51:24.584 [main] DEBUG com.jayway.jsonpath.internal.JsonContext -- Put path $ key modifiers value 0
12:51:24.584 [main] DEBUG com.jayway.jsonpath.internal.path.CompiledPath -- Evaluating path: $['type']
12:51:24.584 [main] DEBUG com.jayway.jsonpath.internal.path.CompiledPath -- Evaluating path: $
12:51:24.584 [main] DEBUG com.jayway.jsonpath.internal.path.CompiledPath -- Evaluating path: $
12:51:24.584 [main] DEBUG com.jayway.jsonpath.internal.JsonContext -- Put path $ key type value {}
12:51:24.584 [main] DEBUG com.jayway.jsonpath.internal.path.CompiledPath -- Evaluating path: $
12:51:24.584 [main] DEBUG com.jayway.jsonpath.internal.JsonContext -- Put path $ key type value keyUp
12:51:24.584 [main] DEBUG com.jayway.jsonpath.internal.path.CompiledPath -- Evaluating path: $['text']
12:51:24.584 [main] DEBUG com.jayway.jsonpath.internal.path.CompiledPath -- Evaluating path: $
12:51:24.584 [main] DEBUG com.jayway.jsonpath.internal.path.CompiledPath -- Evaluating path: $
12:51:24.584 [main] DEBUG com.jayway.jsonpath.internal.JsonContext -- Put path $ key text value {}
12:51:24.584 [main] DEBUG com.jayway.jsonpath.internal.path.CompiledPath -- Evaluating path: $
12:51:24.584 [main] DEBUG com.jayway.jsonpath.internal.JsonContext -- Put path $ key text value _
12:51:24.584 [main] DEBUG com.jayway.jsonpath.internal.path.CompiledPath -- Evaluating path: $['windowsVirtualKeyCode']
12:51:24.584 [main] DEBUG com.jayway.jsonpath.internal.path.CompiledPath -- Evaluating path: $
12:51:24.584 [main] DEBUG com.jayway.jsonpath.internal.path.CompiledPath -- Evaluating path: $
12:51:24.584 [main] DEBUG com.jayway.jsonpath.internal.JsonContext -- Put path $ key windowsVirtualKeyCode value {}
12:51:24.584 [main] DEBUG com.jayway.jsonpath.internal.path.CompiledPath -- Evaluating path: $
12:51:24.584 [main] DEBUG com.jayway.jsonpath.internal.JsonContext -- Put path $ key windowsVirtualKeyCode value 523
12:51:24.584 [main] DEBUG com.jayway.jsonpath.internal.path.CompiledPath -- Evaluating path: $
12:51:24.584 [main] DEBUG com.intuit.karate.driver.chrome_1718781680031 -- >> {"id":60,"sessionId":"A56E300532ABA6D87A937B5310C50C9B","method":"Input.dispatchKeyEvent","params":{"modifiers":0,"type":"keyUp","text":"_","windowsVirtualKeyCode":523}}
12:51:24.584 [nioEventLoopGroup-5-1] DEBUG com.intuit.karate.driver.chrome_1718781680031 -- << {"id":60,"result":{},"sessionId":"A56E300532ABA6D87A937B5310C50C9B"}
12:51:24.584 [nioEventLoopGroup-5-1] DEBUG com.jayway.jsonpath.internal.path.CompiledPath -- Evaluating path: $
12:51:24.596 [main] DEBUG com.jayway.jsonpath.internal.path.CompiledPath -- Evaluating path: $['modifiers']
12:51:24.596 [main] DEBUG com.jayway.jsonpath.internal.path.CompiledPath -- Evaluating path: $
12:51:24.596 [main] DEBUG com.jayway.jsonpath.internal.path.CompiledPath -- Evaluating path: $
12:51:24.596 [main] DEBUG com.jayway.jsonpath.internal.JsonContext -- Put path $ key modifiers value {}
12:51:24.596 [main] DEBUG com.jayway.jsonpath.internal.path.CompiledPath -- Evaluating path: $
12:51:24.596 [main] DEBUG com.jayway.jsonpath.internal.JsonContext -- Put path $ key modifiers value 0
12:51:24.596 [main] DEBUG com.jayway.jsonpath.internal.path.CompiledPath -- Evaluating path: $['type']
12:51:24.596 [main] DEBUG com.jayway.jsonpath.internal.path.CompiledPath -- Evaluating path: $
12:51:24.596 [main] DEBUG com.jayway.jsonpath.internal.path.CompiledPath -- Evaluating path: $
12:51:24.596 [main] DEBUG com.jayway.jsonpath.internal.JsonContext -- Put path $ key type value {}
12:51:24.596 [main] DEBUG com.jayway.jsonpath.internal.path.CompiledPath -- Evaluating path: $
12:51:24.596 [main] DEBUG com.jayway.jsonpath.internal.JsonContext -- Put path $ key type value rawKeyDown
12:51:24.596 [main] DEBUG com.jayway.jsonpath.internal.path.CompiledPath -- Evaluating path: $['text']
12:51:24.596 [main] DEBUG com.jayway.jsonpath.internal.path.CompiledPath -- Evaluating path: $
12:51:24.596 [main] DEBUG com.jayway.jsonpath.internal.path.CompiledPath -- Evaluating path: $
12:51:24.596 [main] DEBUG com.jayway.jsonpath.internal.JsonContext -- Put path $ key text value {}
12:51:24.596 [main] DEBUG com.jayway.jsonpath.internal.path.CompiledPath -- Evaluating path: $
12:51:24.596 [main] DEBUG com.jayway.jsonpath.internal.JsonContext -- Put path $ key text value s
12:51:24.596 [main] DEBUG com.jayway.jsonpath.internal.path.CompiledPath -- Evaluating path: $['windowsVirtualKeyCode']
12:51:24.596 [main] DEBUG com.jayway.jsonpath.internal.path.CompiledPath -- Evaluating path: $
12:51:24.596 [main] DEBUG com.jayway.jsonpath.internal.path.CompiledPath -- Evaluating path: $
12:51:24.596 [main] DEBUG com.jayway.jsonpath.internal.JsonContext -- Put path $ key windowsVirtualKeyCode value {}
12:51:24.596 [main] DEBUG com.jayway.jsonpath.internal.path.CompiledPath -- Evaluating path: $
12:51:24.596 [main] DEBUG com.jayway.jsonpath.internal.JsonContext -- Put path $ key windowsVirtualKeyCode value 115
12:51:24.596 [main] DEBUG com.jayway.jsonpath.internal.path.CompiledPath -- Evaluating path: $
12:51:24.596 [main] DEBUG com.intuit.karate.driver.chrome_1718781680031 -- >> {"id":61,"sessionId":"A56E300532ABA6D87A937B5310C50C9B","method":"Input.dispatchKeyEvent","params":{"modifiers":0,"type":"rawKeyDown","text":"s","windowsVirtualKeyCode":115}}
12:51:24.601 [nioEventLoopGroup-5-1] DEBUG com.intuit.karate.driver.chrome_1718781680031 -- << {"id":61,"result":{},"sessionId":"A56E300532ABA6D87A937B5310C50C9B"}
12:51:24.601 [nioEventLoopGroup-5-1] DEBUG com.jayway.jsonpath.internal.path.CompiledPath -- Evaluating path: $
12:51:24.601 [main] DEBUG com.jayway.jsonpath.internal.path.CompiledPath -- Evaluating path: $['modifiers']
12:51:24.601 [main] DEBUG com.jayway.jsonpath.internal.path.CompiledPath -- Evaluating path: $
12:51:24.601 [main] DEBUG com.jayway.jsonpath.internal.path.CompiledPath -- Evaluating path: $
12:51:24.601 [main] DEBUG com.jayway.jsonpath.internal.JsonContext -- Put path $ key modifiers value {}
12:51:24.601 [main] DEBUG com.jayway.jsonpath.internal.path.CompiledPath -- Evaluating path: $
12:51:24.601 [main] DEBUG com.jayway.jsonpath.internal.JsonContext -- Put path $ key modifiers value 0
12:51:24.601 [main] DEBUG com.jayway.jsonpath.internal.path.CompiledPath -- Evaluating path: $['type']
12:51:24.601 [main] DEBUG com.jayway.jsonpath.internal.path.CompiledPath -- Evaluating path: $
12:51:24.601 [main] DEBUG com.jayway.jsonpath.internal.path.CompiledPath -- Evaluating path: $
12:51:24.601 [main] DEBUG com.jayway.jsonpath.internal.JsonContext -- Put path $ key type value {}
12:51:24.601 [main] DEBUG com.jayway.jsonpath.internal.path.CompiledPath -- Evaluating path: $
12:51:24.601 [main] DEBUG com.jayway.jsonpath.internal.JsonContext -- Put path $ key type value char
12:51:24.601 [main] DEBUG com.jayway.jsonpath.internal.path.CompiledPath -- Evaluating path: $['text']
12:51:24.601 [main] DEBUG com.jayway.jsonpath.internal.path.CompiledPath -- Evaluating path: $
12:51:24.601 [main] DEBUG com.jayway.jsonpath.internal.path.CompiledPath -- Evaluating path: $
12:51:24.601 [main] DEBUG com.jayway.jsonpath.internal.JsonContext -- Put path $ key text value {}
12:51:24.601 [main] DEBUG com.jayway.jsonpath.internal.path.CompiledPath -- Evaluating path: $
12:51:24.601 [main] DEBUG com.jayway.jsonpath.internal.JsonContext -- Put path $ key text value s
12:51:24.601 [main] DEBUG com.jayway.jsonpath.internal.path.CompiledPath -- Evaluating path: $['windowsVirtualKeyCode']
12:51:24.601 [main] DEBUG com.jayway.jsonpath.internal.path.CompiledPath -- Evaluating path: $
12:51:24.601 [main] DEBUG com.jayway.jsonpath.internal.path.CompiledPath -- Evaluating path: $
12:51:24.601 [main] DEBUG com.jayway.jsonpath.internal.JsonContext -- Put path $ key windowsVirtualKeyCode value {}
12:51:24.601 [main] DEBUG com.jayway.jsonpath.internal.path.CompiledPath -- Evaluating path: $
12:51:24.601 [main] DEBUG com.jayway.jsonpath.internal.JsonContext -- Put path $ key windowsVirtualKeyCode value 115
12:51:24.601 [main] DEBUG com.jayway.jsonpath.internal.path.CompiledPath -- Evaluating path: $
12:51:24.601 [main] DEBUG com.intuit.karate.driver.chrome_1718781680031 -- >> {"id":62,"sessionId":"A56E300532ABA6D87A937B5310C50C9B","method":"Input.dispatchKeyEvent","params":{"modifiers":0,"type":"char","text":"s","windowsVirtualKeyCode":115}}
12:51:24.601 [nioEventLoopGroup-5-1] DEBUG com.intuit.karate.driver.chrome_1718781680031 -- << {"id":62,"result":{},"sessionId":"A56E300532ABA6D87A937B5310C50C9B"}
12:51:24.601 [nioEventLoopGroup-5-1] DEBUG com.jayway.jsonpath.internal.path.CompiledPath -- Evaluating path: $
12:51:24.601 [main] DEBUG com.jayway.jsonpath.internal.path.CompiledPath -- Evaluating path: $['modifiers']
12:51:24.601 [main] DEBUG com.jayway.jsonpath.internal.path.CompiledPath -- Evaluating path: $
12:51:24.601 [main] DEBUG com.jayway.jsonpath.internal.path.CompiledPath -- Evaluating path: $
12:51:24.601 [main] DEBUG com.jayway.jsonpath.internal.JsonContext -- Put path $ key modifiers value {}
12:51:24.601 [main] DEBUG com.jayway.jsonpath.internal.path.CompiledPath -- Evaluating path: $
12:51:24.601 [main] DEBUG com.jayway.jsonpath.internal.JsonContext -- Put path $ key modifiers value 0
12:51:24.601 [main] DEBUG com.jayway.jsonpath.internal.path.CompiledPath -- Evaluating path: $['type']
12:51:24.601 [main] DEBUG com.jayway.jsonpath.internal.path.CompiledPath -- Evaluating path: $
12:51:24.601 [main] DEBUG com.jayway.jsonpath.internal.path.CompiledPath -- Evaluating path: $
12:51:24.601 [main] DEBUG com.jayway.jsonpath.internal.JsonContext -- Put path $ key type value {}
12:51:24.601 [main] DEBUG com.jayway.jsonpath.internal.path.CompiledPath -- Evaluating path: $
12:51:24.601 [main] DEBUG com.jayway.jsonpath.internal.JsonContext -- Put path $ key type value keyUp
12:51:24.601 [main] DEBUG com.jayway.jsonpath.internal.path.CompiledPath -- Evaluating path: $['text']
12:51:24.601 [main] DEBUG com.jayway.jsonpath.internal.path.CompiledPath -- Evaluating path: $
12:51:24.601 [main] DEBUG com.jayway.jsonpath.internal.path.CompiledPath -- Evaluating path: $
12:51:24.601 [main] DEBUG com.jayway.jsonpath.internal.JsonContext -- Put path $ key text value {}
12:51:24.601 [main] DEBUG com.jayway.jsonpath.internal.path.CompiledPath -- Evaluating path: $
12:51:24.601 [main] DEBUG com.jayway.jsonpath.internal.JsonContext -- Put path $ key text value s
12:51:24.601 [main] DEBUG com.jayway.jsonpath.internal.path.CompiledPath -- Evaluating path: $['windowsVirtualKeyCode']
12:51:24.601 [main] DEBUG com.jayway.jsonpath.internal.path.CompiledPath -- Evaluating path: $
12:51:24.601 [main] DEBUG com.jayway.jsonpath.internal.path.CompiledPath -- Evaluating path: $
12:51:24.601 [main] DEBUG com.jayway.jsonpath.internal.JsonContext -- Put path $ key windowsVirtualKeyCode value {}
12:51:24.601 [main] DEBUG com.jayway.jsonpath.internal.path.CompiledPath -- Evaluating path: $
12:51:24.601 [main] DEBUG com.jayway.jsonpath.internal.JsonContext -- Put path $ key windowsVirtualKeyCode value 115
12:51:24.601 [main] DEBUG com.jayway.jsonpath.internal.path.CompiledPath -- Evaluating path: $
12:51:24.601 [main] DEBUG com.intuit.karate.driver.chrome_1718781680031 -- >> {"id":63,"sessionId":"A56E300532ABA6D87A937B5310C50C9B","method":"Input.dispatchKeyEvent","params":{"modifiers":0,"type":"keyUp","text":"s","windowsVirtualKeyCode":115}}
12:51:24.601 [nioEventLoopGroup-5-1] DEBUG com.intuit.karate.driver.chrome_1718781680031 -- << {"id":63,"result":{},"sessionId":"A56E300532ABA6D87A937B5310C50C9B"}
12:51:24.601 [nioEventLoopGroup-5-1] DEBUG com.jayway.jsonpath.internal.path.CompiledPath -- Evaluating path: $
12:51:24.601 [main] DEBUG com.jayway.jsonpath.internal.path.CompiledPath -- Evaluating path: $['modifiers']
12:51:24.601 [main] DEBUG com.jayway.jsonpath.internal.path.CompiledPath -- Evaluating path: $
12:51:24.601 [main] DEBUG com.jayway.jsonpath.internal.path.CompiledPath -- Evaluating path: $
12:51:24.601 [main] DEBUG com.jayway.jsonpath.internal.JsonContext -- Put path $ key modifiers value {}
12:51:24.601 [main] DEBUG com.jayway.jsonpath.internal.path.CompiledPath -- Evaluating path: $
12:51:24.601 [main] DEBUG com.jayway.jsonpath.internal.JsonContext -- Put path $ key modifiers value 0
12:51:24.601 [main] DEBUG com.jayway.jsonpath.internal.path.CompiledPath -- Evaluating path: $['type']
12:51:24.601 [main] DEBUG com.jayway.jsonpath.internal.path.CompiledPath -- Evaluating path: $
12:51:24.601 [main] DEBUG com.jayway.jsonpath.internal.path.CompiledPath -- Evaluating path: $
12:51:24.601 [main] DEBUG com.jayway.jsonpath.internal.JsonContext -- Put path $ key type value {}
12:51:24.601 [main] DEBUG com.jayway.jsonpath.internal.path.CompiledPath -- Evaluating path: $
12:51:24.601 [main] DEBUG com.jayway.jsonpath.internal.JsonContext -- Put path $ key type value rawKeyDown
12:51:24.601 [main] DEBUG com.jayway.jsonpath.internal.path.CompiledPath -- Evaluating path: $['text']
12:51:24.601 [main] DEBUG com.jayway.jsonpath.internal.path.CompiledPath -- Evaluating path: $
12:51:24.601 [main] DEBUG com.jayway.jsonpath.internal.path.CompiledPath -- Evaluating path: $
12:51:24.601 [main] DEBUG com.jayway.jsonpath.internal.JsonContext -- Put path $ key text value {}
12:51:24.601 [main] DEBUG com.jayway.jsonpath.internal.path.CompiledPath -- Evaluating path: $
12:51:24.601 [main] DEBUG com.jayway.jsonpath.internal.JsonContext -- Put path $ key text value a
12:51:24.601 [main] DEBUG com.jayway.jsonpath.internal.path.CompiledPath -- Evaluating path: $['windowsVirtualKeyCode']
12:51:24.601 [main] DEBUG com.jayway.jsonpath.internal.path.CompiledPath -- Evaluating path: $
12:51:24.601 [main] DEBUG com.jayway.jsonpath.internal.path.CompiledPath -- Evaluating path: $
12:51:24.601 [main] DEBUG com.jayway.jsonpath.internal.JsonContext -- Put path $ key windowsVirtualKeyCode value {}
12:51:24.601 [main] DEBUG com.jayway.jsonpath.internal.path.CompiledPath -- Evaluating path: $
12:51:24.601 [main] DEBUG com.jayway.jsonpath.internal.JsonContext -- Put path $ key windowsVirtualKeyCode value 97
12:51:24.601 [main] DEBUG com.jayway.jsonpath.internal.path.CompiledPath -- Evaluating path: $
12:51:24.601 [main] DEBUG com.intuit.karate.driver.chrome_1718781680031 -- >> {"id":64,"sessionId":"A56E300532ABA6D87A937B5310C50C9B","method":"Input.dispatchKeyEvent","params":{"modifiers":0,"type":"rawKeyDown","text":"a","windowsVirtualKeyCode":97}}
12:51:24.601 [nioEventLoopGroup-5-1] DEBUG com.intuit.karate.driver.chrome_1718781680031 -- << {"id":64,"result":{},"sessionId":"A56E300532ABA6D87A937B5310C50C9B"}
12:51:24.601 [nioEventLoopGroup-5-1] DEBUG com.jayway.jsonpath.internal.path.CompiledPath -- Evaluating path: $
12:51:24.601 [main] DEBUG com.jayway.jsonpath.internal.path.CompiledPath -- Evaluating path: $['modifiers']
12:51:24.601 [main] DEBUG com.jayway.jsonpath.internal.path.CompiledPath -- Evaluating path: $
12:51:24.601 [main] DEBUG com.jayway.jsonpath.internal.path.CompiledPath -- Evaluating path: $
12:51:24.601 [main] DEBUG com.jayway.jsonpath.internal.JsonContext -- Put path $ key modifiers value {}
12:51:24.601 [main] DEBUG com.jayway.jsonpath.internal.path.CompiledPath -- Evaluating path: $
12:51:24.601 [main] DEBUG com.jayway.jsonpath.internal.JsonContext -- Put path $ key modifiers value 0
12:51:24.601 [main] DEBUG com.jayway.jsonpath.internal.path.CompiledPath -- Evaluating path: $['type']
12:51:24.601 [main] DEBUG com.jayway.jsonpath.internal.path.CompiledPath -- Evaluating path: $
12:51:24.601 [main] DEBUG com.jayway.jsonpath.internal.path.CompiledPath -- Evaluating path: $
12:51:24.601 [main] DEBUG com.jayway.jsonpath.internal.JsonContext -- Put path $ key type value {}
12:51:24.601 [main] DEBUG com.jayway.jsonpath.internal.path.CompiledPath -- Evaluating path: $
12:51:24.601 [main] DEBUG com.jayway.jsonpath.internal.JsonContext -- Put path $ key type value char
12:51:24.601 [main] DEBUG com.jayway.jsonpath.internal.path.CompiledPath -- Evaluating path: $['text']
12:51:24.601 [main] DEBUG com.jayway.jsonpath.internal.path.CompiledPath -- Evaluating path: $
12:51:24.601 [main] DEBUG com.jayway.jsonpath.internal.path.CompiledPath -- Evaluating path: $
12:51:24.601 [main] DEBUG com.jayway.jsonpath.internal.JsonContext -- Put path $ key text value {}
12:51:24.601 [main] DEBUG com.jayway.jsonpath.internal.path.CompiledPath -- Evaluating path: $
12:51:24.601 [main] DEBUG com.jayway.jsonpath.internal.JsonContext -- Put path $ key text value a
12:51:24.601 [main] DEBUG com.jayway.jsonpath.internal.path.CompiledPath -- Evaluating path: $['windowsVirtualKeyCode']
12:51:24.601 [main] DEBUG com.jayway.jsonpath.internal.path.CompiledPath -- Evaluating path: $
12:51:24.601 [main] DEBUG com.jayway.jsonpath.internal.path.CompiledPath -- Evaluating path: $
12:51:24.601 [main] DEBUG com.jayway.jsonpath.internal.JsonContext -- Put path $ key windowsVirtualKeyCode value {}
12:51:24.601 [main] DEBUG com.jayway.jsonpath.internal.path.CompiledPath -- Evaluating path: $
12:51:24.601 [main] DEBUG com.jayway.jsonpath.internal.JsonContext -- Put path $ key windowsVirtualKeyCode value 97
12:51:24.601 [main] DEBUG com.jayway.jsonpath.internal.path.CompiledPath -- Evaluating path: $
12:51:24.601 [main] DEBUG com.intuit.karate.driver.chrome_1718781680031 -- >> {"id":65,"sessionId":"A56E300532ABA6D87A937B5310C50C9B","method":"Input.dispatchKeyEvent","params":{"modifiers":0,"type":"char","text":"a","windowsVirtualKeyCode":97}}
12:51:24.617 [nioEventLoopGroup-5-1] DEBUG com.intuit.karate.driver.chrome_1718781680031 -- << {"id":65,"result":{},"sessionId":"A56E300532ABA6D87A937B5310C50C9B"}
12:51:24.617 [nioEventLoopGroup-5-1] DEBUG com.jayway.jsonpath.internal.path.CompiledPath -- Evaluating path: $
12:51:24.617 [main] DEBUG com.jayway.jsonpath.internal.path.CompiledPath -- Evaluating path: $['modifiers']
12:51:24.617 [main] DEBUG com.jayway.jsonpath.internal.path.CompiledPath -- Evaluating path: $
12:51:24.617 [main] DEBUG com.jayway.jsonpath.internal.path.CompiledPath -- Evaluating path: $
12:51:24.617 [main] DEBUG com.jayway.jsonpath.internal.JsonContext -- Put path $ key modifiers value {}
12:51:24.617 [main] DEBUG com.jayway.jsonpath.internal.path.CompiledPath -- Evaluating path: $
12:51:24.617 [main] DEBUG com.jayway.jsonpath.internal.JsonContext -- Put path $ key modifiers value 0
12:51:24.617 [main] DEBUG com.jayway.jsonpath.internal.path.CompiledPath -- Evaluating path: $['type']
12:51:24.617 [main] DEBUG com.jayway.jsonpath.internal.path.CompiledPath -- Evaluating path: $
12:51:24.617 [main] DEBUG com.jayway.jsonpath.internal.path.CompiledPath -- Evaluating path: $
12:51:24.617 [main] DEBUG com.jayway.jsonpath.internal.JsonContext -- Put path $ key type value {}
12:51:24.617 [main] DEBUG com.jayway.jsonpath.internal.path.CompiledPath -- Evaluating path: $
12:51:24.617 [main] DEBUG com.jayway.jsonpath.internal.JsonContext -- Put path $ key type value keyUp
12:51:24.617 [main] DEBUG com.jayway.jsonpath.internal.path.CompiledPath -- Evaluating path: $['text']
12:51:24.617 [main] DEBUG com.jayway.jsonpath.internal.path.CompiledPath -- Evaluating path: $
12:51:24.617 [main] DEBUG com.jayway.jsonpath.internal.path.CompiledPath -- Evaluating path: $
12:51:24.617 [main] DEBUG com.jayway.jsonpath.internal.JsonContext -- Put path $ key text value {}
12:51:24.617 [main] DEBUG com.jayway.jsonpath.internal.path.CompiledPath -- Evaluating path: $
12:51:24.617 [main] DEBUG com.jayway.jsonpath.internal.JsonContext -- Put path $ key text value a
12:51:24.617 [main] DEBUG com.jayway.jsonpath.internal.path.CompiledPath -- Evaluating path: $['windowsVirtualKeyCode']
12:51:24.617 [main] DEBUG com.jayway.jsonpath.internal.path.CompiledPath -- Evaluating path: $
12:51:24.617 [main] DEBUG com.jayway.jsonpath.internal.path.CompiledPath -- Evaluating path: $
12:51:24.617 [main] DEBUG com.jayway.jsonpath.internal.JsonContext -- Put path $ key windowsVirtualKeyCode value {}
12:51:24.617 [main] DEBUG com.jayway.jsonpath.internal.path.CompiledPath -- Evaluating path: $
12:51:24.617 [main] DEBUG com.jayway.jsonpath.internal.JsonContext -- Put path $ key windowsVirtualKeyCode value 97
12:51:24.617 [main] DEBUG com.jayway.jsonpath.internal.path.CompiledPath -- Evaluating path: $
12:51:24.617 [main] DEBUG com.intuit.karate.driver.chrome_1718781680031 -- >> {"id":66,"sessionId":"A56E300532ABA6D87A937B5310C50C9B","method":"Input.dispatchKeyEvent","params":{"modifiers":0,"type":"keyUp","text":"a","windowsVirtualKeyCode":97}}
12:51:24.621 [nioEventLoopGroup-5-1] DEBUG com.intuit.karate.driver.chrome_1718781680031 -- << {"id":66,"result":{},"sessionId":"A56E300532ABA6D87A937B5310C50C9B"}
12:51:24.621 [nioEventLoopGroup-5-1] DEBUG com.jayway.jsonpath.internal.path.CompiledPath -- Evaluating path: $
12:51:24.621 [main] DEBUG com.jayway.jsonpath.internal.path.CompiledPath -- Evaluating path: $['modifiers']
12:51:24.621 [main] DEBUG com.jayway.jsonpath.internal.path.CompiledPath -- Evaluating path: $
12:51:24.621 [main] DEBUG com.jayway.jsonpath.internal.path.CompiledPath -- Evaluating path: $
12:51:24.621 [main] DEBUG com.jayway.jsonpath.internal.JsonContext -- Put path $ key modifiers value {}
12:51:24.621 [main] DEBUG com.jayway.jsonpath.internal.path.CompiledPath -- Evaluating path: $
12:51:24.621 [main] DEBUG com.jayway.jsonpath.internal.JsonContext -- Put path $ key modifiers value 0
12:51:24.621 [main] DEBUG com.jayway.jsonpath.internal.path.CompiledPath -- Evaluating path: $['type']
12:51:24.621 [main] DEBUG com.jayway.jsonpath.internal.path.CompiledPath -- Evaluating path: $
12:51:24.621 [main] DEBUG com.jayway.jsonpath.internal.path.CompiledPath -- Evaluating path: $
12:51:24.621 [main] DEBUG com.jayway.jsonpath.internal.JsonContext -- Put path $ key type value {}
12:51:24.621 [main] DEBUG com.jayway.jsonpath.internal.path.CompiledPath -- Evaluating path: $
12:51:24.621 [main] DEBUG com.jayway.jsonpath.internal.JsonContext -- Put path $ key type value rawKeyDown
12:51:24.621 [main] DEBUG com.jayway.jsonpath.internal.path.CompiledPath -- Evaluating path: $['text']
12:51:24.621 [main] DEBUG com.jayway.jsonpath.internal.path.CompiledPath -- Evaluating path: $
12:51:24.621 [main] DEBUG com.jayway.jsonpath.internal.path.CompiledPath -- Evaluating path: $
12:51:24.621 [main] DEBUG com.jayway.jsonpath.internal.JsonContext -- Put path $ key text value {}
12:51:24.621 [main] DEBUG com.jayway.jsonpath.internal.path.CompiledPath -- Evaluating path: $
12:51:24.621 [main] DEBUG com.jayway.jsonpath.internal.JsonContext -- Put path $ key text value u
12:51:24.621 [main] DEBUG com.jayway.jsonpath.internal.path.CompiledPath -- Evaluating path: $['windowsVirtualKeyCode']
12:51:24.621 [main] DEBUG com.jayway.jsonpath.internal.path.CompiledPath -- Evaluating path: $
12:51:24.621 [main] DEBUG com.jayway.jsonpath.internal.path.CompiledPath -- Evaluating path: $
12:51:24.621 [main] DEBUG com.jayway.jsonpath.internal.JsonContext -- Put path $ key windowsVirtualKeyCode value {}
12:51:24.621 [main] DEBUG com.jayway.jsonpath.internal.path.CompiledPath -- Evaluating path: $
12:51:24.621 [main] DEBUG com.jayway.jsonpath.internal.JsonContext -- Put path $ key windowsVirtualKeyCode value 117
12:51:24.621 [main] DEBUG com.jayway.jsonpath.internal.path.CompiledPath -- Evaluating path: $
12:51:24.621 [main] DEBUG com.intuit.karate.driver.chrome_1718781680031 -- >> {"id":67,"sessionId":"A56E300532ABA6D87A937B5310C50C9B","method":"Input.dispatchKeyEvent","params":{"modifiers":0,"type":"rawKeyDown","text":"u","windowsVirtualKeyCode":117}}
12:51:24.621 [nioEventLoopGroup-5-1] DEBUG com.intuit.karate.driver.chrome_1718781680031 -- << {"id":67,"result":{},"sessionId":"A56E300532ABA6D87A937B5310C50C9B"}
12:51:24.621 [nioEventLoopGroup-5-1] DEBUG com.jayway.jsonpath.internal.path.CompiledPath -- Evaluating path: $
12:51:24.621 [main] DEBUG com.jayway.jsonpath.internal.path.CompiledPath -- Evaluating path: $['modifiers']
12:51:24.621 [main] DEBUG com.jayway.jsonpath.internal.path.CompiledPath -- Evaluating path: $
12:51:24.621 [main] DEBUG com.jayway.jsonpath.internal.path.CompiledPath -- Evaluating path: $
12:51:24.621 [main] DEBUG com.jayway.jsonpath.internal.JsonContext -- Put path $ key modifiers value {}
12:51:24.621 [main] DEBUG com.jayway.jsonpath.internal.path.CompiledPath -- Evaluating path: $
12:51:24.621 [main] DEBUG com.jayway.jsonpath.internal.JsonContext -- Put path $ key modifiers value 0
12:51:24.621 [main] DEBUG com.jayway.jsonpath.internal.path.CompiledPath -- Evaluating path: $['type']
12:51:24.621 [main] DEBUG com.jayway.jsonpath.internal.path.CompiledPath -- Evaluating path: $
12:51:24.621 [main] DEBUG com.jayway.jsonpath.internal.path.CompiledPath -- Evaluating path: $
12:51:24.621 [main] DEBUG com.jayway.jsonpath.internal.JsonContext -- Put path $ key type value {}
12:51:24.621 [main] DEBUG com.jayway.jsonpath.internal.path.CompiledPath -- Evaluating path: $
12:51:24.621 [main] DEBUG com.jayway.jsonpath.internal.JsonContext -- Put path $ key type value char
12:51:24.621 [main] DEBUG com.jayway.jsonpath.internal.path.CompiledPath -- Evaluating path: $['text']
12:51:24.621 [main] DEBUG com.jayway.jsonpath.internal.path.CompiledPath -- Evaluating path: $
12:51:24.621 [main] DEBUG com.jayway.jsonpath.internal.path.CompiledPath -- Evaluating path: $
12:51:24.621 [main] DEBUG com.jayway.jsonpath.internal.JsonContext -- Put path $ key text value {}
12:51:24.621 [main] DEBUG com.jayway.jsonpath.internal.path.CompiledPath -- Evaluating path: $
12:51:24.621 [main] DEBUG com.jayway.jsonpath.internal.JsonContext -- Put path $ key text value u
12:51:24.621 [main] DEBUG com.jayway.jsonpath.internal.path.CompiledPath -- Evaluating path: $['windowsVirtualKeyCode']
12:51:24.621 [main] DEBUG com.jayway.jsonpath.internal.path.CompiledPath -- Evaluating path: $
12:51:24.621 [main] DEBUG com.jayway.jsonpath.internal.path.CompiledPath -- Evaluating path: $
12:51:24.621 [main] DEBUG com.jayway.jsonpath.internal.JsonContext -- Put path $ key windowsVirtualKeyCode value {}
12:51:24.621 [main] DEBUG com.jayway.jsonpath.internal.path.CompiledPath -- Evaluating path: $
12:51:24.621 [main] DEBUG com.jayway.jsonpath.internal.JsonContext -- Put path $ key windowsVirtualKeyCode value 117
12:51:24.621 [main] DEBUG com.jayway.jsonpath.internal.path.CompiledPath -- Evaluating path: $
12:51:24.621 [main] DEBUG com.intuit.karate.driver.chrome_1718781680031 -- >> {"id":68,"sessionId":"A56E300532ABA6D87A937B5310C50C9B","method":"Input.dispatchKeyEvent","params":{"modifiers":0,"type":"char","text":"u","windowsVirtualKeyCode":117}}
12:51:24.621 [nioEventLoopGroup-5-1] DEBUG com.intuit.karate.driver.chrome_1718781680031 -- << {"id":68,"result":{},"sessionId":"A56E300532ABA6D87A937B5310C50C9B"}
12:51:24.621 [nioEventLoopGroup-5-1] DEBUG com.jayway.jsonpath.internal.path.CompiledPath -- Evaluating path: $
12:51:24.628 [main] DEBUG com.jayway.jsonpath.internal.path.CompiledPath -- Evaluating path: $['modifiers']
12:51:24.628 [main] DEBUG com.jayway.jsonpath.internal.path.CompiledPath -- Evaluating path: $
12:51:24.628 [main] DEBUG com.jayway.jsonpath.internal.path.CompiledPath -- Evaluating path: $
12:51:24.628 [main] DEBUG com.jayway.jsonpath.internal.JsonContext -- Put path $ key modifiers value {}
12:51:24.628 [main] DEBUG com.jayway.jsonpath.internal.path.CompiledPath -- Evaluating path: $
12:51:24.628 [main] DEBUG com.jayway.jsonpath.internal.JsonContext -- Put path $ key modifiers value 0
12:51:24.628 [main] DEBUG com.jayway.jsonpath.internal.path.CompiledPath -- Evaluating path: $['type']
12:51:24.628 [main] DEBUG com.jayway.jsonpath.internal.path.CompiledPath -- Evaluating path: $
12:51:24.628 [main] DEBUG com.jayway.jsonpath.internal.path.CompiledPath -- Evaluating path: $
12:51:24.628 [main] DEBUG com.jayway.jsonpath.internal.JsonContext -- Put path $ key type value {}
12:51:24.628 [main] DEBUG com.jayway.jsonpath.internal.path.CompiledPath -- Evaluating path: $
12:51:24.628 [main] DEBUG com.jayway.jsonpath.internal.JsonContext -- Put path $ key type value keyUp
12:51:24.628 [main] DEBUG com.jayway.jsonpath.internal.path.CompiledPath -- Evaluating path: $['text']
12:51:24.628 [main] DEBUG com.jayway.jsonpath.internal.path.CompiledPath -- Evaluating path: $
12:51:24.628 [main] DEBUG com.jayway.jsonpath.internal.path.CompiledPath -- Evaluating path: $
12:51:24.628 [main] DEBUG com.jayway.jsonpath.internal.JsonContext -- Put path $ key text value {}
12:51:24.628 [main] DEBUG com.jayway.jsonpath.internal.path.CompiledPath -- Evaluating path: $
12:51:24.628 [main] DEBUG com.jayway.jsonpath.internal.JsonContext -- Put path $ key text value u
12:51:24.628 [main] DEBUG com.jayway.jsonpath.internal.path.CompiledPath -- Evaluating path: $['windowsVirtualKeyCode']
12:51:24.628 [main] DEBUG com.jayway.jsonpath.internal.path.CompiledPath -- Evaluating path: $
12:51:24.628 [main] DEBUG com.jayway.jsonpath.internal.path.CompiledPath -- Evaluating path: $
12:51:24.628 [main] DEBUG com.jayway.jsonpath.internal.JsonContext -- Put path $ key windowsVirtualKeyCode value {}
12:51:24.628 [main] DEBUG com.jayway.jsonpath.internal.path.CompiledPath -- Evaluating path: $
12:51:24.628 [main] DEBUG com.jayway.jsonpath.internal.JsonContext -- Put path $ key windowsVirtualKeyCode value 117
12:51:24.628 [main] DEBUG com.jayway.jsonpath.internal.path.CompiledPath -- Evaluating path: $
12:51:24.628 [main] DEBUG com.intuit.karate.driver.chrome_1718781680031 -- >> {"id":69,"sessionId":"A56E300532ABA6D87A937B5310C50C9B","method":"Input.dispatchKeyEvent","params":{"modifiers":0,"type":"keyUp","text":"u","windowsVirtualKeyCode":117}}
12:51:24.628 [nioEventLoopGroup-5-1] DEBUG com.intuit.karate.driver.chrome_1718781680031 -- << {"id":69,"result":{},"sessionId":"A56E300532ABA6D87A937B5310C50C9B"}
12:51:24.628 [nioEventLoopGroup-5-1] DEBUG com.jayway.jsonpath.internal.path.CompiledPath -- Evaluating path: $
12:51:24.628 [main] DEBUG com.jayway.jsonpath.internal.path.CompiledPath -- Evaluating path: $['modifiers']
12:51:24.628 [main] DEBUG com.jayway.jsonpath.internal.path.CompiledPath -- Evaluating path: $
12:51:24.628 [main] DEBUG com.jayway.jsonpath.internal.path.CompiledPath -- Evaluating path: $
12:51:24.628 [main] DEBUG com.jayway.jsonpath.internal.JsonContext -- Put path $ key modifiers value {}
12:51:24.628 [main] DEBUG com.jayway.jsonpath.internal.path.CompiledPath -- Evaluating path: $
12:51:24.628 [main] DEBUG com.jayway.jsonpath.internal.JsonContext -- Put path $ key modifiers value 0
12:51:24.628 [main] DEBUG com.jayway.jsonpath.internal.path.CompiledPath -- Evaluating path: $['type']
12:51:24.628 [main] DEBUG com.jayway.jsonpath.internal.path.CompiledPath -- Evaluating path: $
12:51:24.628 [main] DEBUG com.jayway.jsonpath.internal.path.CompiledPath -- Evaluating path: $
12:51:24.628 [main] DEBUG com.jayway.jsonpath.internal.JsonContext -- Put path $ key type value {}
12:51:24.628 [main] DEBUG com.jayway.jsonpath.internal.path.CompiledPath -- Evaluating path: $
12:51:24.628 [main] DEBUG com.jayway.jsonpath.internal.JsonContext -- Put path $ key type value rawKeyDown
12:51:24.628 [main] DEBUG com.jayway.jsonpath.internal.path.CompiledPath -- Evaluating path: $['text']
12:51:24.628 [main] DEBUG com.jayway.jsonpath.internal.path.CompiledPath -- Evaluating path: $
12:51:24.628 [main] DEBUG com.jayway.jsonpath.internal.path.CompiledPath -- Evaluating path: $
12:51:24.628 [main] DEBUG com.jayway.jsonpath.internal.JsonContext -- Put path $ key text value {}
12:51:24.628 [main] DEBUG com.jayway.jsonpath.internal.path.CompiledPath -- Evaluating path: $
12:51:24.628 [main] DEBUG com.jayway.jsonpath.internal.JsonContext -- Put path $ key text value c
12:51:24.628 [main] DEBUG com.jayway.jsonpath.internal.path.CompiledPath -- Evaluating path: $['windowsVirtualKeyCode']
12:51:24.628 [main] DEBUG com.jayway.jsonpath.internal.path.CompiledPath -- Evaluating path: $
12:51:24.628 [main] DEBUG com.jayway.jsonpath.internal.path.CompiledPath -- Evaluating path: $
12:51:24.628 [main] DEBUG com.jayway.jsonpath.internal.JsonContext -- Put path $ key windowsVirtualKeyCode value {}
12:51:24.628 [main] DEBUG com.jayway.jsonpath.internal.path.CompiledPath -- Evaluating path: $
12:51:24.628 [main] DEBUG com.jayway.jsonpath.internal.JsonContext -- Put path $ key windowsVirtualKeyCode value 99
12:51:24.628 [main] DEBUG com.jayway.jsonpath.internal.path.CompiledPath -- Evaluating path: $
12:51:24.628 [main] DEBUG com.intuit.karate.driver.chrome_1718781680031 -- >> {"id":70,"sessionId":"A56E300532ABA6D87A937B5310C50C9B","method":"Input.dispatchKeyEvent","params":{"modifiers":0,"type":"rawKeyDown","text":"c","windowsVirtualKeyCode":99}}
12:51:24.630 [nioEventLoopGroup-5-1] DEBUG com.intuit.karate.driver.chrome_1718781680031 -- << {"id":70,"result":{},"sessionId":"A56E300532ABA6D87A937B5310C50C9B"}
12:51:24.630 [nioEventLoopGroup-5-1] DEBUG com.jayway.jsonpath.internal.path.CompiledPath -- Evaluating path: $
12:51:24.630 [main] DEBUG com.jayway.jsonpath.internal.path.CompiledPath -- Evaluating path: $['modifiers']
12:51:24.630 [main] DEBUG com.jayway.jsonpath.internal.path.CompiledPath -- Evaluating path: $
12:51:24.630 [main] DEBUG com.jayway.jsonpath.internal.path.CompiledPath -- Evaluating path: $
12:51:24.630 [main] DEBUG com.jayway.jsonpath.internal.JsonContext -- Put path $ key modifiers value {}
12:51:24.630 [main] DEBUG com.jayway.jsonpath.internal.path.CompiledPath -- Evaluating path: $
12:51:24.630 [main] DEBUG com.jayway.jsonpath.internal.JsonContext -- Put path $ key modifiers value 0
12:51:24.630 [main] DEBUG com.jayway.jsonpath.internal.path.CompiledPath -- Evaluating path: $['type']
12:51:24.630 [main] DEBUG com.jayway.jsonpath.internal.path.CompiledPath -- Evaluating path: $
12:51:24.630 [main] DEBUG com.jayway.jsonpath.internal.path.CompiledPath -- Evaluating path: $
12:51:24.630 [main] DEBUG com.jayway.jsonpath.internal.JsonContext -- Put path $ key type value {}
12:51:24.630 [main] DEBUG com.jayway.jsonpath.internal.path.CompiledPath -- Evaluating path: $
12:51:24.630 [main] DEBUG com.jayway.jsonpath.internal.JsonContext -- Put path $ key type value char
12:51:24.630 [main] DEBUG com.jayway.jsonpath.internal.path.CompiledPath -- Evaluating path: $['text']
12:51:24.630 [main] DEBUG com.jayway.jsonpath.internal.path.CompiledPath -- Evaluating path: $
12:51:24.630 [main] DEBUG com.jayway.jsonpath.internal.path.CompiledPath -- Evaluating path: $
12:51:24.630 [main] DEBUG com.jayway.jsonpath.internal.JsonContext -- Put path $ key text value {}
12:51:24.630 [main] DEBUG com.jayway.jsonpath.internal.path.CompiledPath -- Evaluating path: $
12:51:24.630 [main] DEBUG com.jayway.jsonpath.internal.JsonContext -- Put path $ key text value c
12:51:24.630 [main] DEBUG com.jayway.jsonpath.internal.path.CompiledPath -- Evaluating path: $['windowsVirtualKeyCode']
12:51:24.630 [main] DEBUG com.jayway.jsonpath.internal.path.CompiledPath -- Evaluating path: $
12:51:24.630 [main] DEBUG com.jayway.jsonpath.internal.path.CompiledPath -- Evaluating path: $
12:51:24.630 [main] DEBUG com.jayway.jsonpath.internal.JsonContext -- Put path $ key windowsVirtualKeyCode value {}
12:51:24.630 [main] DEBUG com.jayway.jsonpath.internal.path.CompiledPath -- Evaluating path: $
12:51:24.630 [main] DEBUG com.jayway.jsonpath.internal.JsonContext -- Put path $ key windowsVirtualKeyCode value 99
12:51:24.630 [main] DEBUG com.jayway.jsonpath.internal.path.CompiledPath -- Evaluating path: $
12:51:24.630 [main] DEBUG com.intuit.karate.driver.chrome_1718781680031 -- >> {"id":71,"sessionId":"A56E300532ABA6D87A937B5310C50C9B","method":"Input.dispatchKeyEvent","params":{"modifiers":0,"type":"char","text":"c","windowsVirtualKeyCode":99}}
12:51:24.633 [nioEventLoopGroup-5-1] DEBUG com.intuit.karate.driver.chrome_1718781680031 -- << {"id":71,"result":{},"sessionId":"A56E300532ABA6D87A937B5310C50C9B"}
12:51:24.633 [nioEventLoopGroup-5-1] DEBUG com.jayway.jsonpath.internal.path.CompiledPath -- Evaluating path: $
12:51:24.633 [main] DEBUG com.jayway.jsonpath.internal.path.CompiledPath -- Evaluating path: $['modifiers']
12:51:24.633 [main] DEBUG com.jayway.jsonpath.internal.path.CompiledPath -- Evaluating path: $
12:51:24.633 [main] DEBUG com.jayway.jsonpath.internal.path.CompiledPath -- Evaluating path: $
12:51:24.633 [main] DEBUG com.jayway.jsonpath.internal.JsonContext -- Put path $ key modifiers value {}
12:51:24.633 [main] DEBUG com.jayway.jsonpath.internal.path.CompiledPath -- Evaluating path: $
12:51:24.633 [main] DEBUG com.jayway.jsonpath.internal.JsonContext -- Put path $ key modifiers value 0
12:51:24.633 [main] DEBUG com.jayway.jsonpath.internal.path.CompiledPath -- Evaluating path: $['type']
12:51:24.633 [main] DEBUG com.jayway.jsonpath.internal.path.CompiledPath -- Evaluating path: $
12:51:24.633 [main] DEBUG com.jayway.jsonpath.internal.path.CompiledPath -- Evaluating path: $
12:51:24.633 [main] DEBUG com.jayway.jsonpath.internal.JsonContext -- Put path $ key type value {}
12:51:24.633 [main] DEBUG com.jayway.jsonpath.internal.path.CompiledPath -- Evaluating path: $
12:51:24.633 [main] DEBUG com.jayway.jsonpath.internal.JsonContext -- Put path $ key type value keyUp
12:51:24.633 [main] DEBUG com.jayway.jsonpath.internal.path.CompiledPath -- Evaluating path: $['text']
12:51:24.633 [main] DEBUG com.jayway.jsonpath.internal.path.CompiledPath -- Evaluating path: $
12:51:24.633 [main] DEBUG com.jayway.jsonpath.internal.path.CompiledPath -- Evaluating path: $
12:51:24.633 [main] DEBUG com.jayway.jsonpath.internal.JsonContext -- Put path $ key text value {}
12:51:24.633 [main] DEBUG com.jayway.jsonpath.internal.path.CompiledPath -- Evaluating path: $
12:51:24.633 [main] DEBUG com.jayway.jsonpath.internal.JsonContext -- Put path $ key text value c
12:51:24.633 [main] DEBUG com.jayway.jsonpath.internal.path.CompiledPath -- Evaluating path: $['windowsVirtualKeyCode']
12:51:24.633 [main] DEBUG com.jayway.jsonpath.internal.path.CompiledPath -- Evaluating path: $
12:51:24.633 [main] DEBUG com.jayway.jsonpath.internal.path.CompiledPath -- Evaluating path: $
12:51:24.633 [main] DEBUG com.jayway.jsonpath.internal.JsonContext -- Put path $ key windowsVirtualKeyCode value {}
12:51:24.633 [main] DEBUG com.jayway.jsonpath.internal.path.CompiledPath -- Evaluating path: $
12:51:24.633 [main] DEBUG com.jayway.jsonpath.internal.JsonContext -- Put path $ key windowsVirtualKeyCode value 99
12:51:24.633 [main] DEBUG com.jayway.jsonpath.internal.path.CompiledPath -- Evaluating path: $
12:51:24.633 [main] DEBUG com.intuit.karate.driver.chrome_1718781680031 -- >> {"id":72,"sessionId":"A56E300532ABA6D87A937B5310C50C9B","method":"Input.dispatchKeyEvent","params":{"modifiers":0,"type":"keyUp","text":"c","windowsVirtualKeyCode":99}}
12:51:24.633 [nioEventLoopGroup-5-1] DEBUG com.intuit.karate.driver.chrome_1718781680031 -- << {"id":72,"result":{},"sessionId":"A56E300532ABA6D87A937B5310C50C9B"}
12:51:24.633 [nioEventLoopGroup-5-1] DEBUG com.jayway.jsonpath.internal.path.CompiledPath -- Evaluating path: $
12:51:24.633 [main] DEBUG com.jayway.jsonpath.internal.path.CompiledPath -- Evaluating path: $['modifiers']
12:51:24.633 [main] DEBUG com.jayway.jsonpath.internal.path.CompiledPath -- Evaluating path: $
12:51:24.633 [main] DEBUG com.jayway.jsonpath.internal.path.CompiledPath -- Evaluating path: $
12:51:24.633 [main] DEBUG com.jayway.jsonpath.internal.JsonContext -- Put path $ key modifiers value {}
12:51:24.633 [main] DEBUG com.jayway.jsonpath.internal.path.CompiledPath -- Evaluating path: $
12:51:24.633 [main] DEBUG com.jayway.jsonpath.internal.JsonContext -- Put path $ key modifiers value 0
12:51:24.633 [main] DEBUG com.jayway.jsonpath.internal.path.CompiledPath -- Evaluating path: $['type']
12:51:24.633 [main] DEBUG com.jayway.jsonpath.internal.path.CompiledPath -- Evaluating path: $
12:51:24.633 [main] DEBUG com.jayway.jsonpath.internal.path.CompiledPath -- Evaluating path: $
12:51:24.633 [main] DEBUG com.jayway.jsonpath.internal.JsonContext -- Put path $ key type value {}
12:51:24.633 [main] DEBUG com.jayway.jsonpath.internal.path.CompiledPath -- Evaluating path: $
12:51:24.633 [main] DEBUG com.jayway.jsonpath.internal.JsonContext -- Put path $ key type value rawKeyDown
12:51:24.633 [main] DEBUG com.jayway.jsonpath.internal.path.CompiledPath -- Evaluating path: $['text']
12:51:24.633 [main] DEBUG com.jayway.jsonpath.internal.path.CompiledPath -- Evaluating path: $
12:51:24.633 [main] DEBUG com.jayway.jsonpath.internal.path.CompiledPath -- Evaluating path: $
12:51:24.633 [main] DEBUG com.jayway.jsonpath.internal.JsonContext -- Put path $ key text value {}
12:51:24.633 [main] DEBUG com.jayway.jsonpath.internal.path.CompiledPath -- Evaluating path: $
12:51:24.633 [main] DEBUG com.jayway.jsonpath.internal.JsonContext -- Put path $ key text value e
12:51:24.633 [main] DEBUG com.jayway.jsonpath.internal.path.CompiledPath -- Evaluating path: $['windowsVirtualKeyCode']
12:51:24.633 [main] DEBUG com.jayway.jsonpath.internal.path.CompiledPath -- Evaluating path: $
12:51:24.633 [main] DEBUG com.jayway.jsonpath.internal.path.CompiledPath -- Evaluating path: $
12:51:24.633 [main] DEBUG com.jayway.jsonpath.internal.JsonContext -- Put path $ key windowsVirtualKeyCode value {}
12:51:24.633 [main] DEBUG com.jayway.jsonpath.internal.path.CompiledPath -- Evaluating path: $
12:51:24.633 [main] DEBUG com.jayway.jsonpath.internal.JsonContext -- Put path $ key windowsVirtualKeyCode value 101
12:51:24.633 [main] DEBUG com.jayway.jsonpath.internal.path.CompiledPath -- Evaluating path: $
12:51:24.633 [main] DEBUG com.intuit.karate.driver.chrome_1718781680031 -- >> {"id":73,"sessionId":"A56E300532ABA6D87A937B5310C50C9B","method":"Input.dispatchKeyEvent","params":{"modifiers":0,"type":"rawKeyDown","text":"e","windowsVirtualKeyCode":101}}
12:51:24.633 [nioEventLoopGroup-5-1] DEBUG com.intuit.karate.driver.chrome_1718781680031 -- << {"id":73,"result":{},"sessionId":"A56E300532ABA6D87A937B5310C50C9B"}
12:51:24.633 [nioEventLoopGroup-5-1] DEBUG com.jayway.jsonpath.internal.path.CompiledPath -- Evaluating path: $
12:51:24.633 [main] DEBUG com.jayway.jsonpath.internal.path.CompiledPath -- Evaluating path: $['modifiers']
12:51:24.633 [main] DEBUG com.jayway.jsonpath.internal.path.CompiledPath -- Evaluating path: $
12:51:24.633 [main] DEBUG com.jayway.jsonpath.internal.path.CompiledPath -- Evaluating path: $
12:51:24.633 [main] DEBUG com.jayway.jsonpath.internal.JsonContext -- Put path $ key modifiers value {}
12:51:24.633 [main] DEBUG com.jayway.jsonpath.internal.path.CompiledPath -- Evaluating path: $
12:51:24.633 [main] DEBUG com.jayway.jsonpath.internal.JsonContext -- Put path $ key modifiers value 0
12:51:24.633 [main] DEBUG com.jayway.jsonpath.internal.path.CompiledPath -- Evaluating path: $['type']
12:51:24.633 [main] DEBUG com.jayway.jsonpath.internal.path.CompiledPath -- Evaluating path: $
12:51:24.633 [main] DEBUG com.jayway.jsonpath.internal.path.CompiledPath -- Evaluating path: $
12:51:24.633 [main] DEBUG com.jayway.jsonpath.internal.JsonContext -- Put path $ key type value {}
12:51:24.633 [main] DEBUG com.jayway.jsonpath.internal.path.CompiledPath -- Evaluating path: $
12:51:24.633 [main] DEBUG com.jayway.jsonpath.internal.JsonContext -- Put path $ key type value char
12:51:24.633 [main] DEBUG com.jayway.jsonpath.internal.path.CompiledPath -- Evaluating path: $['text']
12:51:24.633 [main] DEBUG com.jayway.jsonpath.internal.path.CompiledPath -- Evaluating path: $
12:51:24.633 [main] DEBUG com.jayway.jsonpath.internal.path.CompiledPath -- Evaluating path: $
12:51:24.633 [main] DEBUG com.jayway.jsonpath.internal.JsonContext -- Put path $ key text value {}
12:51:24.633 [main] DEBUG com.jayway.jsonpath.internal.path.CompiledPath -- Evaluating path: $
12:51:24.633 [main] DEBUG com.jayway.jsonpath.internal.JsonContext -- Put path $ key text value e
12:51:24.633 [main] DEBUG com.jayway.jsonpath.internal.path.CompiledPath -- Evaluating path: $['windowsVirtualKeyCode']
12:51:24.633 [main] DEBUG com.jayway.jsonpath.internal.path.CompiledPath -- Evaluating path: $
12:51:24.633 [main] DEBUG com.jayway.jsonpath.internal.path.CompiledPath -- Evaluating path: $
12:51:24.633 [main] DEBUG com.jayway.jsonpath.internal.JsonContext -- Put path $ key windowsVirtualKeyCode value {}
12:51:24.633 [main] DEBUG com.jayway.jsonpath.internal.path.CompiledPath -- Evaluating path: $
12:51:24.633 [main] DEBUG com.jayway.jsonpath.internal.JsonContext -- Put path $ key windowsVirtualKeyCode value 101
12:51:24.633 [main] DEBUG com.jayway.jsonpath.internal.path.CompiledPath -- Evaluating path: $
12:51:24.633 [main] DEBUG com.intuit.karate.driver.chrome_1718781680031 -- >> {"id":74,"sessionId":"A56E300532ABA6D87A937B5310C50C9B","method":"Input.dispatchKeyEvent","params":{"modifiers":0,"type":"char","text":"e","windowsVirtualKeyCode":101}}
12:51:24.643 [nioEventLoopGroup-5-1] DEBUG com.intuit.karate.driver.chrome_1718781680031 -- << {"id":74,"result":{},"sessionId":"A56E300532ABA6D87A937B5310C50C9B"}
12:51:24.643 [nioEventLoopGroup-5-1] DEBUG com.jayway.jsonpath.internal.path.CompiledPath -- Evaluating path: $
12:51:24.643 [main] DEBUG com.jayway.jsonpath.internal.path.CompiledPath -- Evaluating path: $['modifiers']
12:51:24.643 [main] DEBUG com.jayway.jsonpath.internal.path.CompiledPath -- Evaluating path: $
12:51:24.643 [main] DEBUG com.jayway.jsonpath.internal.path.CompiledPath -- Evaluating path: $
12:51:24.643 [main] DEBUG com.jayway.jsonpath.internal.JsonContext -- Put path $ key modifiers value {}
12:51:24.643 [main] DEBUG com.jayway.jsonpath.internal.path.CompiledPath -- Evaluating path: $
12:51:24.643 [main] DEBUG com.jayway.jsonpath.internal.JsonContext -- Put path $ key modifiers value 0
12:51:24.643 [main] DEBUG com.jayway.jsonpath.internal.path.CompiledPath -- Evaluating path: $['type']
12:51:24.643 [main] DEBUG com.jayway.jsonpath.internal.path.CompiledPath -- Evaluating path: $
12:51:24.643 [main] DEBUG com.jayway.jsonpath.internal.path.CompiledPath -- Evaluating path: $
12:51:24.643 [main] DEBUG com.jayway.jsonpath.internal.JsonContext -- Put path $ key type value {}
12:51:24.643 [main] DEBUG com.jayway.jsonpath.internal.path.CompiledPath -- Evaluating path: $
12:51:24.643 [main] DEBUG com.jayway.jsonpath.internal.JsonContext -- Put path $ key type value keyUp
12:51:24.643 [main] DEBUG com.jayway.jsonpath.internal.path.CompiledPath -- Evaluating path: $['text']
12:51:24.643 [main] DEBUG com.jayway.jsonpath.internal.path.CompiledPath -- Evaluating path: $
12:51:24.643 [main] DEBUG com.jayway.jsonpath.internal.path.CompiledPath -- Evaluating path: $
12:51:24.643 [main] DEBUG com.jayway.jsonpath.internal.JsonContext -- Put path $ key text value {}
12:51:24.643 [main] DEBUG com.jayway.jsonpath.internal.path.CompiledPath -- Evaluating path: $
12:51:24.643 [main] DEBUG com.jayway.jsonpath.internal.JsonContext -- Put path $ key text value e
12:51:24.643 [main] DEBUG com.jayway.jsonpath.internal.path.CompiledPath -- Evaluating path: $['windowsVirtualKeyCode']
12:51:24.643 [main] DEBUG com.jayway.jsonpath.internal.path.CompiledPath -- Evaluating path: $
12:51:24.643 [main] DEBUG com.jayway.jsonpath.internal.path.CompiledPath -- Evaluating path: $
12:51:24.643 [main] DEBUG com.jayway.jsonpath.internal.JsonContext -- Put path $ key windowsVirtualKeyCode value {}
12:51:24.643 [main] DEBUG com.jayway.jsonpath.internal.path.CompiledPath -- Evaluating path: $
12:51:24.643 [main] DEBUG com.jayway.jsonpath.internal.JsonContext -- Put path $ key windowsVirtualKeyCode value 101
12:51:24.643 [main] DEBUG com.jayway.jsonpath.internal.path.CompiledPath -- Evaluating path: $
12:51:24.643 [main] DEBUG com.intuit.karate.driver.chrome_1718781680031 -- >> {"id":75,"sessionId":"A56E300532ABA6D87A937B5310C50C9B","method":"Input.dispatchKeyEvent","params":{"modifiers":0,"type":"keyUp","text":"e","windowsVirtualKeyCode":101}}
12:51:24.643 [nioEventLoopGroup-5-1] DEBUG com.intuit.karate.driver.chrome_1718781680031 -- << {"id":75,"result":{},"sessionId":"A56E300532ABA6D87A937B5310C50C9B"}
12:51:24.643 [nioEventLoopGroup-5-1] DEBUG com.jayway.jsonpath.internal.path.CompiledPath -- Evaluating path: $
12:51:26.257 [nioEventLoopGroup-5-1] DEBUG com.intuit.karate.driver.chrome_1718781680031 -- << {"method":"Target.targetCreated","params":{"targetInfo":{"targetId":"3DC3375A4ED070DF68E8293AA0D8FF35","type":"app","title":"Chrome Web Store Payments","url":"","attached":false,"canAccessOpener":false,"browserContextId":"7EA36684831AC84EDA6E0C1430E1951B"}},"sessionId":"A56E300532ABA6D87A937B5310C50C9B"}
12:51:26.257 [nioEventLoopGroup-5-1] DEBUG com.jayway.jsonpath.internal.path.CompiledPath -- Evaluating path: $
12:51:27.038 [nioEventLoopGroup-5-1] DEBUG com.intuit.karate.driver.chrome_1718781680031 -- << {"method":"Target.targetInfoChanged","params":{"targetInfo":{"targetId":"3DC3375A4ED070DF68E8293AA0D8FF35","type":"background_page","title":"Chrome Web Store Payments","url":"chrome-extension://nmmhkkegccagdldgiimedpiccmgmieda/_generated_background_page.html","attached":false,"canAccessOpener":false,"browserContextId":"7EA36684831AC84EDA6E0C1430E1951B"}},"sessionId":"A56E300532ABA6D87A937B5310C50C9B"}
12:51:27.038 [nioEventLoopGroup-5-1] DEBUG com.jayway.jsonpath.internal.path.CompiledPath -- Evaluating path: $
12:51:27.038 [nioEventLoopGroup-5-1] DEBUG com.jayway.jsonpath.internal.path.CompiledPath -- Evaluating path: $['targetInfo']['targetId']
12:51:27.604 [nioEventLoopGroup-5-1] DEBUG com.intuit.karate.driver.chrome_1718781680031 -- << {"method":"Target.targetCreated","params":{"targetInfo":{"targetId":"246648A33AB52003F3881AA9203B8EF6","type":"service_worker","title":"Service Worker chrome-extension://ghbmnnjooekpmoecnnnilnnbdlolhkhi/service_worker_bin_prod.js","url":"chrome-extension://ghbmnnjooekpmoecnnnilnnbdlolhkhi/service_worker_bin_prod.js","attached":false,"canAccessOpener":false,"browserContextId":"7EA36684831AC84EDA6E0C1430E1951B"}},"sessionId":"A56E300532ABA6D87A937B5310C50C9B"}
12:51:27.604 [nioEventLoopGroup-5-1] DEBUG com.jayway.jsonpath.internal.path.CompiledPath -- Evaluating path: $
12:51:27.653 [main] DEBUG com.jayway.jsonpath.internal.path.CompiledPath -- Evaluating path: $['expression']
12:51:27.653 [main] DEBUG com.jayway.jsonpath.internal.path.CompiledPath -- Evaluating path: $
12:51:27.653 [main] DEBUG com.jayway.jsonpath.internal.path.CompiledPath -- Evaluating path: $
12:51:27.653 [main] DEBUG com.jayway.jsonpath.internal.JsonContext -- Put path $ key expression value {}
12:51:27.653 [main] DEBUG com.jayway.jsonpath.internal.path.CompiledPath -- Evaluating path: $
12:51:27.653 [main] DEBUG com.jayway.jsonpath.internal.JsonContext -- Put path $ key expression value document.evaluate("//*[@id='login-button']", document, null, 9, null).singleNodeValue.click()
12:51:27.653 [main] DEBUG com.jayway.jsonpath.internal.path.CompiledPath -- Evaluating path: $['returnByValue']
12:51:27.653 [main] DEBUG com.jayway.jsonpath.internal.path.CompiledPath -- Evaluating path: $
12:51:27.653 [main] DEBUG com.jayway.jsonpath.internal.path.CompiledPath -- Evaluating path: $
12:51:27.653 [main] DEBUG com.jayway.jsonpath.internal.JsonContext -- Put path $ key returnByValue value {}
12:51:27.653 [main] DEBUG com.jayway.jsonpath.internal.path.CompiledPath -- Evaluating path: $
12:51:27.653 [main] DEBUG com.jayway.jsonpath.internal.JsonContext -- Put path $ key returnByValue value true
12:51:27.653 [main] DEBUG com.jayway.jsonpath.internal.path.CompiledPath -- Evaluating path: $
12:51:27.653 [main] DEBUG com.intuit.karate.driver.chrome_1718781680031 -- >> {"id":76,"sessionId":"A56E300532ABA6D87A937B5310C50C9B","method":"Runtime.evaluate","params":{"expression":"document.evaluate(\"\/\/*[@id='login-button']\", document, null, 9, null).singleNodeValue.click()","returnByValue":true}}
12:51:27.798 [nioEventLoopGroup-5-1] DEBUG com.intuit.karate.driver.chrome_1718781680031 -- << {"method":"Page.frameStartedLoading","params":{"frameId":"50D95E8A3870C57CB860BECB5D3A62DE"},"sessionId":"A56E300532ABA6D87A937B5310C50C9B"}
12:51:27.798 [nioEventLoopGroup-5-1] DEBUG com.jayway.jsonpath.internal.path.CompiledPath -- Evaluating path: $
12:51:27.798 [nioEventLoopGroup-5-1] DEBUG com.jayway.jsonpath.internal.path.CompiledPath -- Evaluating path: $['frameId']
12:51:27.803 [nioEventLoopGroup-5-1] DEBUG com.intuit.karate.driver.chrome_1718781680031 -- << {"method":"Target.targetInfoChanged","params":{"targetInfo":{"targetId":"50D95E8A3870C57CB860BECB5D3A62DE","type":"page","title":"Swag Labs","url":"https://www.saucedemo.com/inventory.html","attached":true,"canAccessOpener":false,"browserContextId":"7EA36684831AC84EDA6E0C1430E1951B"}},"sessionId":"A56E300532ABA6D87A937B5310C50C9B"}
12:51:27.803 [nioEventLoopGroup-5-1] DEBUG com.jayway.jsonpath.internal.path.CompiledPath -- Evaluating path: $
12:51:27.803 [nioEventLoopGroup-5-1] DEBUG com.jayway.jsonpath.internal.path.CompiledPath -- Evaluating path: $['targetInfo']['targetId']
12:51:27.803 [nioEventLoopGroup-5-1] DEBUG com.intuit.karate.driver.chrome_1718781680031 -- << {"method":"Page.navigatedWithinDocument","params":{"frameId":"50D95E8A3870C57CB860BECB5D3A62DE","url":"https://www.saucedemo.com/inventory.html"},"sessionId":"A56E300532ABA6D87A937B5310C50C9B"}
12:51:27.803 [nioEventLoopGroup-5-1] DEBUG com.jayway.jsonpath.internal.path.CompiledPath -- Evaluating path: $
12:51:27.803 [nioEventLoopGroup-5-1] DEBUG com.intuit.karate.driver.chrome_1718781680031 -- << {"method":"Page.frameStoppedLoading","params":{"frameId":"50D95E8A3870C57CB860BECB5D3A62DE"},"sessionId":"A56E300532ABA6D87A937B5310C50C9B"}
12:51:27.803 [nioEventLoopGroup-5-1] DEBUG com.jayway.jsonpath.internal.path.CompiledPath -- Evaluating path: $
12:51:27.803 [nioEventLoopGroup-5-1] DEBUG com.jayway.jsonpath.internal.path.CompiledPath -- Evaluating path: $['frameId']
12:51:27.954 [nioEventLoopGroup-5-1] DEBUG com.intuit.karate.driver.chrome_1718781680031 -- << {"id":76,"result":{"result":{"type":"undefined"}},"sessionId":"A56E300532ABA6D87A937B5310C50C9B"}
12:51:27.954 [nioEventLoopGroup-5-1] DEBUG com.jayway.jsonpath.internal.path.CompiledPath -- Evaluating path: $
12:51:30.965 [main] DEBUG com.jayway.jsonpath.internal.path.CompiledPath -- Evaluating path: $['expression']
12:51:30.965 [main] DEBUG com.jayway.jsonpath.internal.path.CompiledPath -- Evaluating path: $
12:51:30.965 [main] DEBUG com.jayway.jsonpath.internal.path.CompiledPath -- Evaluating path: $
12:51:30.965 [main] DEBUG com.jayway.jsonpath.internal.JsonContext -- Put path $ key expression value {}
12:51:30.965 [main] DEBUG com.jayway.jsonpath.internal.path.CompiledPath -- Evaluating path: $
12:51:30.965 [main] DEBUG com.jayway.jsonpath.internal.JsonContext -- Put path $ key expression value document.title
12:51:30.965 [main] DEBUG com.jayway.jsonpath.internal.path.CompiledPath -- Evaluating path: $['returnByValue']
12:51:30.965 [main] DEBUG com.jayway.jsonpath.internal.path.CompiledPath -- Evaluating path: $
12:51:30.965 [main] DEBUG com.jayway.jsonpath.internal.path.CompiledPath -- Evaluating path: $
12:51:30.965 [main] DEBUG com.jayway.jsonpath.internal.JsonContext -- Put path $ key returnByValue value {}
12:51:30.965 [main] DEBUG com.jayway.jsonpath.internal.path.CompiledPath -- Evaluating path: $
12:51:30.965 [main] DEBUG com.jayway.jsonpath.internal.JsonContext -- Put path $ key returnByValue value true
12:51:30.965 [main] DEBUG com.jayway.jsonpath.internal.path.CompiledPath -- Evaluating path: $
12:51:30.965 [main] DEBUG com.intuit.karate.driver.chrome_1718781680031 -- >> {"id":77,"sessionId":"A56E300532ABA6D87A937B5310C50C9B","method":"Runtime.evaluate","params":{"expression":"document.title","returnByValue":true}}
12:51:31.053 [nioEventLoopGroup-5-1] DEBUG com.intuit.karate.driver.chrome_1718781680031 -- << {"id":77,"result":{"result":{"type":"string","value":"Swag Labs"}},"sessionId":"A56E300532ABA6D87A937B5310C50C9B"}
12:51:31.053 [nioEventLoopGroup-5-1] DEBUG com.jayway.jsonpath.internal.path.CompiledPath -- Evaluating path: $
12:51:31.053 [main] DEBUG com.jayway.jsonpath.internal.path.CompiledPath -- Evaluating path: $['expression']
12:51:31.053 [main] DEBUG com.jayway.jsonpath.internal.path.CompiledPath -- Evaluating path: $
12:51:31.053 [main] DEBUG com.jayway.jsonpath.internal.path.CompiledPath -- Evaluating path: $
12:51:31.053 [main] DEBUG com.jayway.jsonpath.internal.JsonContext -- Put path $ key expression value {}
12:51:31.053 [main] DEBUG com.jayway.jsonpath.internal.path.CompiledPath -- Evaluating path: $
12:51:31.053 [main] DEBUG com.jayway.jsonpath.internal.JsonContext -- Put path $ key expression value document.location.href
12:51:31.053 [main] DEBUG com.jayway.jsonpath.internal.path.CompiledPath -- Evaluating path: $['returnByValue']
12:51:31.053 [main] DEBUG com.jayway.jsonpath.internal.path.CompiledPath -- Evaluating path: $
12:51:31.053 [main] DEBUG com.jayway.jsonpath.internal.path.CompiledPath -- Evaluating path: $
12:51:31.053 [main] DEBUG com.jayway.jsonpath.internal.JsonContext -- Put path $ key returnByValue value {}
12:51:31.053 [main] DEBUG com.jayway.jsonpath.internal.path.CompiledPath -- Evaluating path: $
12:51:31.053 [main] DEBUG com.jayway.jsonpath.internal.JsonContext -- Put path $ key returnByValue value true
12:51:31.053 [main] DEBUG com.jayway.jsonpath.internal.path.CompiledPath -- Evaluating path: $
12:51:31.053 [main] DEBUG com.intuit.karate.driver.chrome_1718781680031 -- >> {"id":78,"sessionId":"A56E300532ABA6D87A937B5310C50C9B","method":"Runtime.evaluate","params":{"expression":"document.location.href","returnByValue":true}}
12:51:31.171 [nioEventLoopGroup-5-1] DEBUG com.intuit.karate.driver.chrome_1718781680031 -- << {"id":78,"result":{"result":{"type":"string","value":"https://www.saucedemo.com/inventory.html"}},"sessionId":"A56E300532ABA6D87A937B5310C50C9B"}
12:51:31.171 [nioEventLoopGroup-5-1] DEBUG com.jayway.jsonpath.internal.path.CompiledPath -- Evaluating path: $
12:51:34.182 [main] DEBUG com.jayway.jsonpath.internal.path.CompiledPath -- Evaluating path: $['targetId']
12:51:34.182 [main] DEBUG com.jayway.jsonpath.internal.path.CompiledPath -- Evaluating path: $
12:51:34.182 [main] DEBUG com.jayway.jsonpath.internal.path.CompiledPath -- Evaluating path: $
12:51:34.182 [main] DEBUG com.jayway.jsonpath.internal.JsonContext -- Put path $ key targetId value {}
12:51:34.182 [main] DEBUG com.jayway.jsonpath.internal.path.CompiledPath -- Evaluating path: $
12:51:34.182 [main] DEBUG com.jayway.jsonpath.internal.JsonContext -- Put path $ key targetId value 50D95E8A3870C57CB860BECB5D3A62DE
12:51:34.182 [main] DEBUG com.jayway.jsonpath.internal.path.CompiledPath -- Evaluating path: $
12:51:34.182 [main] DEBUG com.intuit.karate.driver.chrome_1718781680031 -- >> {"id":79,"sessionId":"A56E300532ABA6D87A937B5310C50C9B","method":"Target.closeTarget","params":{"targetId":"50D95E8A3870C57CB860BECB5D3A62DE"}}
12:51:34.182 [nioEventLoopGroup-5-1] DEBUG com.intuit.karate.http.WebSocketClientHandler -- websocket closing
12:51:34.182 [nioEventLoopGroup-5-1] DEBUG com.intuit.karate.http.WebSocketClientHandler -- websocket client disconnected
12:51:34.182 [main] DEBUG com.intuit.karate.shell.Command -- closing command: chrome_1718781680031
]]></system-out>
  </testcase>
  <testcase name="[3.1:51] Login with valid login credentials" classname="UI_Automation_Project/login/login" time="17.964">
    <system-out><![CDATA[12:51:34.197 [main] INFO com.intuit.karate -- karate.env system property was: null 
12:51:34.197 [main] INFO com.intuit.karate -- the browser set is: chromedriver, default: "chrome" 
12:51:34.197 [main] DEBUG com.jayway.jsonpath.internal.path.CompiledPath -- Evaluating path: $
12:51:34.197 [main] DEBUG com.jayway.jsonpath.internal.path.CompiledPath -- Evaluating path: $
12:51:34.197 [main] DEBUG com.jayway.jsonpath.internal.path.CompiledPath -- Evaluating path: $
12:51:34.197 [main] DEBUG com.intuit.karate.shell.Command -- found / verified free local port: 53969
12:51:34.197 [main] WARN com.intuit.karate.driver.DriverOptions -- preferred port 9222 not available, will use: 53969
12:51:34.197 [main] DEBUG com.intuit.karate.driver.chrome_1718781694197 -- poll attempt #0 for port to be ready - localhost:53969
12:51:34.197 [chrome_1718781694197] DEBUG com.intuit.karate.driver.chrome_1718781694197 -- command: [C:\Program Files\Google\Chrome\Application\chrome.exe, --remote-debugging-port=53969, --remote-allow-origins=*, --no-first-run, --user-data-dir=C:\Users\HarshvardhanNigaveka\OneDrive - Academian India Private Limited\Desktop\GitHubActions\karateUI\UI_Automation_Project\target\chrome_1718781694197, --disable-popup-blocking], working dir: target\chrome_1718781694197
12:51:34.463 [main] DEBUG com.intuit.karate.driver.chrome_1718781694197 -- poll attempt #1 for port to be ready - localhost:53969
12:51:34.500 [chrome_1718781694197-out] DEBUG com.intuit.karate.driver.chrome_1718781694197 -- 
12:51:34.500 [chrome_1718781694197-out] DEBUG com.intuit.karate.driver.chrome_1718781694197 -- DevTools listening on ws://127.0.0.1:53969/devtools/browser/fc68ae12-a3c6-4561-bfe4-b8d0d7333cbe
12:51:34.727 [main] DEBUG com.intuit.karate.driver.chrome_1718781694197 -- poll attempt #2 for port to be ready - localhost:53969
12:51:34.759 [main] DEBUG org.apache.http.client.protocol.RequestAddCookies -- CookieSpec selected: karate
12:51:34.759 [main] DEBUG org.apache.http.client.protocol.RequestAuthCache -- Auth cache not set in the context
12:51:34.759 [main] DEBUG com.intuit.karate -- request:
1 > GET http://localhost:53969/json
1 > Host: localhost:53969
1 > Connection: Keep-Alive
1 > User-Agent: Apache-HttpClient/4.5.14 (Java/17.0.11)
1 > Accept-Encoding: gzip,deflate


12:51:34.759 [main] DEBUG org.apache.http.impl.conn.PoolingHttpClientConnectionManager -- Connection request: [route: {}->http://localhost:53969][total available: 0; route allocated: 0 of 5; total allocated: 0 of 10]
12:51:34.759 [main] DEBUG org.apache.http.impl.conn.PoolingHttpClientConnectionManager -- Connection leased: [id: 8][route: {}->http://localhost:53969][total available: 0; route allocated: 1 of 5; total allocated: 1 of 10]
12:51:34.759 [main] DEBUG org.apache.http.impl.execchain.MainClientExec -- Opening connection {}->http://localhost:53969
12:51:34.759 [main] DEBUG org.apache.http.impl.conn.DefaultHttpClientConnectionOperator -- Connecting to localhost/127.0.0.1:53969
12:51:34.759 [main] DEBUG org.apache.http.impl.conn.DefaultHttpClientConnectionOperator -- Connection established 127.0.0.1:53974<->127.0.0.1:53969
12:51:34.759 [main] DEBUG org.apache.http.impl.conn.DefaultManagedHttpClientConnection -- http-outgoing-8: set socket timeout to 30000
12:51:34.759 [main] DEBUG org.apache.http.impl.execchain.MainClientExec -- Executing request GET /json HTTP/1.1
12:51:34.759 [main] DEBUG org.apache.http.impl.execchain.MainClientExec -- Target auth state: UNCHALLENGED
12:51:34.759 [main] DEBUG org.apache.http.impl.execchain.MainClientExec -- Proxy auth state: UNCHALLENGED
12:51:34.759 [main] DEBUG org.apache.http.headers -- http-outgoing-8 >> GET /json HTTP/1.1
12:51:34.759 [main] DEBUG org.apache.http.headers -- http-outgoing-8 >> Host: localhost:53969
12:51:34.759 [main] DEBUG org.apache.http.headers -- http-outgoing-8 >> Connection: Keep-Alive
12:51:34.759 [main] DEBUG org.apache.http.headers -- http-outgoing-8 >> User-Agent: Apache-HttpClient/4.5.14 (Java/17.0.11)
12:51:34.759 [main] DEBUG org.apache.http.headers -- http-outgoing-8 >> Accept-Encoding: gzip,deflate
12:51:34.759 [main] DEBUG org.apache.http.wire -- http-outgoing-8 >> "GET /json HTTP/1.1[\r][\n]"
12:51:34.759 [main] DEBUG org.apache.http.wire -- http-outgoing-8 >> "Host: localhost:53969[\r][\n]"
12:51:34.759 [main] DEBUG org.apache.http.wire -- http-outgoing-8 >> "Connection: Keep-Alive[\r][\n]"
12:51:34.759 [main] DEBUG org.apache.http.wire -- http-outgoing-8 >> "User-Agent: Apache-HttpClient/4.5.14 (Java/17.0.11)[\r][\n]"
12:51:34.759 [main] DEBUG org.apache.http.wire -- http-outgoing-8 >> "Accept-Encoding: gzip,deflate[\r][\n]"
12:51:34.759 [main] DEBUG org.apache.http.wire -- http-outgoing-8 >> "[\r][\n]"
12:51:34.759 [main] DEBUG org.apache.http.wire -- http-outgoing-8 << "HTTP/1.1 200 OK[\r][\n]"
12:51:34.759 [main] DEBUG org.apache.http.wire -- http-outgoing-8 << "Content-Security-Policy:frame-ancestors 'none'[\r][\n]"
12:51:34.759 [main] DEBUG org.apache.http.wire -- http-outgoing-8 << "Content-Length:1273[\r][\n]"
12:51:34.759 [main] DEBUG org.apache.http.wire -- http-outgoing-8 << "Content-Type:application/json; charset=UTF-8[\r][\n]"
12:51:34.759 [main] DEBUG org.apache.http.wire -- http-outgoing-8 << "[\r][\n]"
12:51:34.759 [main] DEBUG org.apache.http.wire -- http-outgoing-8 << "[ {[\r][\n]"
12:51:34.759 [main] DEBUG org.apache.http.wire -- http-outgoing-8 << "   "description": "",[\r][\n]"
12:51:34.759 [main] DEBUG org.apache.http.wire -- http-outgoing-8 << "   "devtoolsFrontendUrl": "/devtools/inspector.html?ws=localhost:53969/devtools/page/465790EE9952B698C649B8EF384A248A",[\r][\n]"
12:51:34.759 [main] DEBUG org.apache.http.wire -- http-outgoing-8 << "   "id": "465790EE9952B698C649B8EF384A248A",[\r][\n]"
12:51:34.759 [main] DEBUG org.apache.http.wire -- http-outgoing-8 << "   "title": "Google Network Speech",[\r][\n]"
12:51:34.759 [main] DEBUG org.apache.http.wire -- http-outgoing-8 << "   "type": "background_page",[\r][\n]"
12:51:34.759 [main] DEBUG org.apache.http.wire -- http-outgoing-8 << "   "url": "chrome-extension://neajdppkdcdipfabeoofebfddakdcjhd/_generated_background_page.html",[\r][\n]"
12:51:34.759 [main] DEBUG org.apache.http.wire -- http-outgoing-8 << "   "webSocketDebuggerUrl": "ws://localhost:53969/devtools/page/465790EE9952B698C649B8EF384A248A"[\r][\n]"
12:51:34.759 [main] DEBUG org.apache.http.wire -- http-outgoing-8 << "}, {[\r][\n]"
12:51:34.759 [main] DEBUG org.apache.http.wire -- http-outgoing-8 << "   "description": "",[\r][\n]"
12:51:34.759 [main] DEBUG org.apache.http.wire -- http-outgoing-8 << "   "devtoolsFrontendUrl": "/devtools/inspector.html?ws=localhost:53969/devtools/page/CED637FD22816221D762ECDED819EBA0",[\r][\n]"
12:51:34.759 [main] DEBUG org.apache.http.wire -- http-outgoing-8 << "   "id": "CED637FD22816221D762ECDED819EBA0",[\r][\n]"
12:51:34.759 [main] DEBUG org.apache.http.wire -- http-outgoing-8 << "   "title": "Google Hangouts",[\r][\n]"
12:51:34.759 [main] DEBUG org.apache.http.wire -- http-outgoing-8 << "   "type": "background_page",[\r][\n]"
12:51:34.759 [main] DEBUG org.apache.http.wire -- http-outgoing-8 << "   "url": "chrome-extension://nkeimhogjdpnpccoofpliimaahmaaome/background.html",[\r][\n]"
12:51:34.759 [main] DEBUG org.apache.http.wire -- http-outgoing-8 << "   "webSocketDebuggerUrl": "ws://localhost:53969/devtools/page/CED637FD22816221D762ECDED819EBA0"[\r][\n]"
12:51:34.759 [main] DEBUG org.apache.http.wire -- http-outgoing-8 << "}, {[\r][\n]"
12:51:34.759 [main] DEBUG org.apache.http.wire -- http-outgoing-8 << "   "description": "",[\r][\n]"
12:51:34.759 [main] DEBUG org.apache.http.wire -- http-outgoing-8 << "   "devtoolsFrontendUrl": "/devtools/inspector.html?ws=localhost:53969/devtools/page/854AFA3E0F1FE0C19A9F52D36B90EAAB",[\r][\n]"
12:51:34.759 [main] DEBUG org.apache.http.wire -- http-outgoing-8 << "   "id": "854AFA3E0F1FE0C19A9F52D36B90EAAB",[\r][\n]"
12:51:34.759 [main] DEBUG org.apache.http.wire -- http-outgoing-8 << "   "title": "New Tab",[\r][\n]"
12:51:34.759 [main] DEBUG org.apache.http.wire -- http-outgoing-8 << "   "type": "page",[\r][\n]"
12:51:34.759 [main] DEBUG org.apache.http.wire -- http-outgoing-8 << "   "url": "chrome://newtab/",[\r][\n]"
12:51:34.759 [main] DEBUG org.apache.http.wire -- http-outgoing-8 << "   "webSocketDebuggerUrl": "ws://localhost:53969/devtools/page/854AFA3E0F1FE0C19A9F52D36B90EAAB"[\r][\n]"
12:51:34.759 [main] DEBUG org.apache.http.wire -- http-outgoing-8 << "} ][\r][\n]"
12:51:34.759 [main] DEBUG org.apache.http.headers -- http-outgoing-8 << HTTP/1.1 200 OK
12:51:34.759 [main] DEBUG org.apache.http.headers -- http-outgoing-8 << Content-Security-Policy:frame-ancestors 'none'
12:51:34.759 [main] DEBUG org.apache.http.headers -- http-outgoing-8 << Content-Length:1273
12:51:34.759 [main] DEBUG org.apache.http.headers -- http-outgoing-8 << Content-Type:application/json; charset=UTF-8
12:51:34.763 [main] DEBUG org.apache.http.impl.execchain.MainClientExec -- Connection can be kept alive indefinitely
12:51:34.763 [main] DEBUG org.apache.http.impl.conn.PoolingHttpClientConnectionManager -- Connection [id: 8][route: {}->http://localhost:53969] can be kept alive indefinitely
12:51:34.763 [main] DEBUG org.apache.http.impl.conn.DefaultManagedHttpClientConnection -- http-outgoing-8: set socket timeout to 0
12:51:34.763 [main] DEBUG org.apache.http.impl.conn.PoolingHttpClientConnectionManager -- Connection released: [id: 8][route: {}->http://localhost:53969][total available: 1; route allocated: 1 of 5; total allocated: 1 of 10]
12:51:34.763 [main] DEBUG org.apache.http.impl.conn.PoolingHttpClientConnectionManager -- Connection manager is shutting down
12:51:34.763 [main] DEBUG org.apache.http.impl.conn.DefaultManagedHttpClientConnection -- http-outgoing-8: Close connection
12:51:34.763 [main] DEBUG org.apache.http.impl.conn.PoolingHttpClientConnectionManager -- Connection manager shut down
12:51:34.763 [main] DEBUG com.intuit.karate -- response time in milliseconds: 4
1 < 200
1 < Content-Security-Policy: frame-ancestors 'none'
1 < Content-Length: 1273
1 < Content-Type: application/json; charset=UTF-8
[ {
   "description": "",
   "devtoolsFrontendUrl": "/devtools/inspector.html?ws=localhost:53969/devtools/page/465790EE9952B698C649B8EF384A248A",
   "id": "465790EE9952B698C649B8EF384A248A",
   "title": "Google Network Speech",
   "type": "background_page",
   "url": "chrome-extension://neajdppkdcdipfabeoofebfddakdcjhd/_generated_background_page.html",
   "webSocketDebuggerUrl": "ws://localhost:53969/devtools/page/465790EE9952B698C649B8EF384A248A"
}, {
   "description": "",
   "devtoolsFrontendUrl": "/devtools/inspector.html?ws=localhost:53969/devtools/page/CED637FD22816221D762ECDED819EBA0",
   "id": "CED637FD22816221D762ECDED819EBA0",
   "title": "Google Hangouts",
   "type": "background_page",
   "url": "chrome-extension://nkeimhogjdpnpccoofpliimaahmaaome/background.html",
   "webSocketDebuggerUrl": "ws://localhost:53969/devtools/page/CED637FD22816221D762ECDED819EBA0"
}, {
   "description": "",
   "devtoolsFrontendUrl": "/devtools/inspector.html?ws=localhost:53969/devtools/page/854AFA3E0F1FE0C19A9F52D36B90EAAB",
   "id": "854AFA3E0F1FE0C19A9F52D36B90EAAB",
   "title": "New Tab",
   "type": "page",
   "url": "chrome://newtab/",
   "webSocketDebuggerUrl": "ws://localhost:53969/devtools/page/854AFA3E0F1FE0C19A9F52D36B90EAAB"
} ]


12:51:34.763 [main] DEBUG com.jayway.jsonpath.internal.path.CompiledPath -- Evaluating path: $
12:51:34.763 [main] DEBUG com.intuit.karate.shell.Command -- ready to accept http connections after 25 ms - http://localhost:53969/json
12:51:34.763 [main] DEBUG org.apache.http.client.protocol.RequestAddCookies -- CookieSpec selected: karate
12:51:34.763 [main] DEBUG org.apache.http.client.protocol.RequestAuthCache -- Auth cache not set in the context
12:51:34.763 [main] DEBUG com.intuit.karate -- request:
1 > GET http://localhost:53969/json
1 > Host: localhost:53969
1 > Connection: Keep-Alive
1 > User-Agent: Apache-HttpClient/4.5.14 (Java/17.0.11)
1 > Accept-Encoding: gzip,deflate


12:51:34.763 [main] DEBUG org.apache.http.impl.conn.PoolingHttpClientConnectionManager -- Connection request: [route: {}->http://localhost:53969][total available: 0; route allocated: 0 of 5; total allocated: 0 of 10]
12:51:34.763 [main] DEBUG org.apache.http.impl.conn.PoolingHttpClientConnectionManager -- Connection leased: [id: 9][route: {}->http://localhost:53969][total available: 0; route allocated: 1 of 5; total allocated: 1 of 10]
12:51:34.763 [main] DEBUG org.apache.http.impl.execchain.MainClientExec -- Opening connection {}->http://localhost:53969
12:51:34.763 [main] DEBUG org.apache.http.impl.conn.DefaultHttpClientConnectionOperator -- Connecting to localhost/127.0.0.1:53969
12:51:34.763 [main] DEBUG org.apache.http.impl.conn.DefaultHttpClientConnectionOperator -- Connection established 127.0.0.1:53975<->127.0.0.1:53969
12:51:34.763 [main] DEBUG org.apache.http.impl.conn.DefaultManagedHttpClientConnection -- http-outgoing-9: set socket timeout to 30000
12:51:34.763 [main] DEBUG org.apache.http.impl.execchain.MainClientExec -- Executing request GET /json HTTP/1.1
12:51:34.763 [main] DEBUG org.apache.http.impl.execchain.MainClientExec -- Target auth state: UNCHALLENGED
12:51:34.763 [main] DEBUG org.apache.http.impl.execchain.MainClientExec -- Proxy auth state: UNCHALLENGED
12:51:34.763 [main] DEBUG org.apache.http.headers -- http-outgoing-9 >> GET /json HTTP/1.1
12:51:34.763 [main] DEBUG org.apache.http.headers -- http-outgoing-9 >> Host: localhost:53969
12:51:34.763 [main] DEBUG org.apache.http.headers -- http-outgoing-9 >> Connection: Keep-Alive
12:51:34.763 [main] DEBUG org.apache.http.headers -- http-outgoing-9 >> User-Agent: Apache-HttpClient/4.5.14 (Java/17.0.11)
12:51:34.763 [main] DEBUG org.apache.http.headers -- http-outgoing-9 >> Accept-Encoding: gzip,deflate
12:51:34.763 [main] DEBUG org.apache.http.wire -- http-outgoing-9 >> "GET /json HTTP/1.1[\r][\n]"
12:51:34.763 [main] DEBUG org.apache.http.wire -- http-outgoing-9 >> "Host: localhost:53969[\r][\n]"
12:51:34.763 [main] DEBUG org.apache.http.wire -- http-outgoing-9 >> "Connection: Keep-Alive[\r][\n]"
12:51:34.763 [main] DEBUG org.apache.http.wire -- http-outgoing-9 >> "User-Agent: Apache-HttpClient/4.5.14 (Java/17.0.11)[\r][\n]"
12:51:34.763 [main] DEBUG org.apache.http.wire -- http-outgoing-9 >> "Accept-Encoding: gzip,deflate[\r][\n]"
12:51:34.763 [main] DEBUG org.apache.http.wire -- http-outgoing-9 >> "[\r][\n]"
12:51:34.763 [main] DEBUG org.apache.http.wire -- http-outgoing-9 << "HTTP/1.1 200 OK[\r][\n]"
12:51:34.763 [main] DEBUG org.apache.http.wire -- http-outgoing-9 << "Content-Security-Policy:frame-ancestors 'none'[\r][\n]"
12:51:34.763 [main] DEBUG org.apache.http.wire -- http-outgoing-9 << "Content-Length:1273[\r][\n]"
12:51:34.763 [main] DEBUG org.apache.http.wire -- http-outgoing-9 << "Content-Type:application/json; charset=UTF-8[\r][\n]"
12:51:34.763 [main] DEBUG org.apache.http.wire -- http-outgoing-9 << "[\r][\n]"
12:51:34.763 [main] DEBUG org.apache.http.wire -- http-outgoing-9 << "[ {[\r][\n]"
12:51:34.763 [main] DEBUG org.apache.http.wire -- http-outgoing-9 << "   "description": "",[\r][\n]"
12:51:34.763 [main] DEBUG org.apache.http.wire -- http-outgoing-9 << "   "devtoolsFrontendUrl": "/devtools/inspector.html?ws=localhost:53969/devtools/page/465790EE9952B698C649B8EF384A248A",[\r][\n]"
12:51:34.763 [main] DEBUG org.apache.http.wire -- http-outgoing-9 << "   "id": "465790EE9952B698C649B8EF384A248A",[\r][\n]"
12:51:34.763 [main] DEBUG org.apache.http.wire -- http-outgoing-9 << "   "title": "Google Network Speech",[\r][\n]"
12:51:34.763 [main] DEBUG org.apache.http.wire -- http-outgoing-9 << "   "type": "background_page",[\r][\n]"
12:51:34.763 [main] DEBUG org.apache.http.wire -- http-outgoing-9 << "   "url": "chrome-extension://neajdppkdcdipfabeoofebfddakdcjhd/_generated_background_page.html",[\r][\n]"
12:51:34.763 [main] DEBUG org.apache.http.wire -- http-outgoing-9 << "   "webSocketDebuggerUrl": "ws://localhost:53969/devtools/page/465790EE9952B698C649B8EF384A248A"[\r][\n]"
12:51:34.763 [main] DEBUG org.apache.http.wire -- http-outgoing-9 << "}, {[\r][\n]"
12:51:34.763 [main] DEBUG org.apache.http.wire -- http-outgoing-9 << "   "description": "",[\r][\n]"
12:51:34.763 [main] DEBUG org.apache.http.wire -- http-outgoing-9 << "   "devtoolsFrontendUrl": "/devtools/inspector.html?ws=localhost:53969/devtools/page/CED637FD22816221D762ECDED819EBA0",[\r][\n]"
12:51:34.763 [main] DEBUG org.apache.http.wire -- http-outgoing-9 << "   "id": "CED637FD22816221D762ECDED819EBA0",[\r][\n]"
12:51:34.763 [main] DEBUG org.apache.http.wire -- http-outgoing-9 << "   "title": "Google Hangouts",[\r][\n]"
12:51:34.763 [main] DEBUG org.apache.http.wire -- http-outgoing-9 << "   "type": "background_page",[\r][\n]"
12:51:34.763 [main] DEBUG org.apache.http.wire -- http-outgoing-9 << "   "url": "chrome-extension://nkeimhogjdpnpccoofpliimaahmaaome/background.html",[\r][\n]"
12:51:34.763 [main] DEBUG org.apache.http.wire -- http-outgoing-9 << "   "webSocketDebuggerUrl": "ws://localhost:53969/devtools/page/CED637FD22816221D762ECDED819EBA0"[\r][\n]"
12:51:34.763 [main] DEBUG org.apache.http.wire -- http-outgoing-9 << "}, {[\r][\n]"
12:51:34.763 [main] DEBUG org.apache.http.wire -- http-outgoing-9 << "   "description": "",[\r][\n]"
12:51:34.763 [main] DEBUG org.apache.http.wire -- http-outgoing-9 << "   "devtoolsFrontendUrl": "/devtools/inspector.html?ws=localhost:53969/devtools/page/854AFA3E0F1FE0C19A9F52D36B90EAAB",[\r][\n]"
12:51:34.763 [main] DEBUG org.apache.http.wire -- http-outgoing-9 << "   "id": "854AFA3E0F1FE0C19A9F52D36B90EAAB",[\r][\n]"
12:51:34.763 [main] DEBUG org.apache.http.wire -- http-outgoing-9 << "   "title": "New Tab",[\r][\n]"
12:51:34.763 [main] DEBUG org.apache.http.wire -- http-outgoing-9 << "   "type": "page",[\r][\n]"
12:51:34.763 [main] DEBUG org.apache.http.wire -- http-outgoing-9 << "   "url": "chrome://newtab/",[\r][\n]"
12:51:34.763 [main] DEBUG org.apache.http.wire -- http-outgoing-9 << "   "webSocketDebuggerUrl": "ws://localhost:53969/devtools/page/854AFA3E0F1FE0C19A9F52D36B90EAAB"[\r][\n]"
12:51:34.763 [main] DEBUG org.apache.http.wire -- http-outgoing-9 << "} ][\r][\n]"
12:51:34.763 [main] DEBUG org.apache.http.headers -- http-outgoing-9 << HTTP/1.1 200 OK
12:51:34.763 [main] DEBUG org.apache.http.headers -- http-outgoing-9 << Content-Security-Policy:frame-ancestors 'none'
12:51:34.763 [main] DEBUG org.apache.http.headers -- http-outgoing-9 << Content-Length:1273
12:51:34.763 [main] DEBUG org.apache.http.headers -- http-outgoing-9 << Content-Type:application/json; charset=UTF-8
12:51:34.763 [main] DEBUG org.apache.http.impl.execchain.MainClientExec -- Connection can be kept alive indefinitely
12:51:34.763 [main] DEBUG org.apache.http.impl.conn.PoolingHttpClientConnectionManager -- Connection [id: 9][route: {}->http://localhost:53969] can be kept alive indefinitely
12:51:34.763 [main] DEBUG org.apache.http.impl.conn.DefaultManagedHttpClientConnection -- http-outgoing-9: set socket timeout to 0
12:51:34.763 [main] DEBUG org.apache.http.impl.conn.PoolingHttpClientConnectionManager -- Connection released: [id: 9][route: {}->http://localhost:53969][total available: 1; route allocated: 1 of 5; total allocated: 1 of 10]
12:51:34.763 [main] DEBUG org.apache.http.impl.conn.PoolingHttpClientConnectionManager -- Connection manager is shutting down
12:51:34.763 [main] DEBUG org.apache.http.impl.conn.DefaultManagedHttpClientConnection -- http-outgoing-9: Close connection
12:51:34.763 [main] DEBUG org.apache.http.impl.conn.PoolingHttpClientConnectionManager -- Connection manager shut down
12:51:34.763 [main] DEBUG com.intuit.karate -- response time in milliseconds: 0
1 < 200
1 < Content-Security-Policy: frame-ancestors 'none'
1 < Content-Length: 1273
1 < Content-Type: application/json; charset=UTF-8
[ {
   "description": "",
   "devtoolsFrontendUrl": "/devtools/inspector.html?ws=localhost:53969/devtools/page/465790EE9952B698C649B8EF384A248A",
   "id": "465790EE9952B698C649B8EF384A248A",
   "title": "Google Network Speech",
   "type": "background_page",
   "url": "chrome-extension://neajdppkdcdipfabeoofebfddakdcjhd/_generated_background_page.html",
   "webSocketDebuggerUrl": "ws://localhost:53969/devtools/page/465790EE9952B698C649B8EF384A248A"
}, {
   "description": "",
   "devtoolsFrontendUrl": "/devtools/inspector.html?ws=localhost:53969/devtools/page/CED637FD22816221D762ECDED819EBA0",
   "id": "CED637FD22816221D762ECDED819EBA0",
   "title": "Google Hangouts",
   "type": "background_page",
   "url": "chrome-extension://nkeimhogjdpnpccoofpliimaahmaaome/background.html",
   "webSocketDebuggerUrl": "ws://localhost:53969/devtools/page/CED637FD22816221D762ECDED819EBA0"
}, {
   "description": "",
   "devtoolsFrontendUrl": "/devtools/inspector.html?ws=localhost:53969/devtools/page/854AFA3E0F1FE0C19A9F52D36B90EAAB",
   "id": "854AFA3E0F1FE0C19A9F52D36B90EAAB",
   "title": "New Tab",
   "type": "page",
   "url": "chrome://newtab/",
   "webSocketDebuggerUrl": "ws://localhost:53969/devtools/page/854AFA3E0F1FE0C19A9F52D36B90EAAB"
} ]


12:51:34.763 [main] DEBUG com.jayway.jsonpath.internal.path.CompiledPath -- Evaluating path: $
12:51:34.763 [main] DEBUG com.jayway.jsonpath.internal.path.CompiledPath -- Evaluating path: $
12:51:34.763 [main] DEBUG com.intuit.karate.driver.chrome_1718781694197 -- root frame id: 854AFA3E0F1FE0C19A9F52D36B90EAAB
12:51:34.887 [nioEventLoopGroup-6-1] DEBUG io.netty.handler.codec.http.websocketx.WebSocketClientHandshaker13 -- WebSocket version 13 client handshake key: TjvFFug6b/6JcMm112G35w==, expected response: 7AWpnqwWWi79ByixOlaGMxPTEao=
12:51:34.887 [nioEventLoopGroup-6-1] DEBUG com.intuit.karate.http.WebSocketClientHandler -- websocket client connected
12:51:34.887 [main] DEBUG com.jayway.jsonpath.internal.path.CompiledPath -- Evaluating path: $['targetId']
12:51:34.887 [main] DEBUG com.jayway.jsonpath.internal.path.CompiledPath -- Evaluating path: $
12:51:34.887 [main] DEBUG com.jayway.jsonpath.internal.path.CompiledPath -- Evaluating path: $
12:51:34.887 [main] DEBUG com.jayway.jsonpath.internal.JsonContext -- Put path $ key targetId value {}
12:51:34.887 [main] DEBUG com.jayway.jsonpath.internal.path.CompiledPath -- Evaluating path: $
12:51:34.887 [main] DEBUG com.jayway.jsonpath.internal.JsonContext -- Put path $ key targetId value 854AFA3E0F1FE0C19A9F52D36B90EAAB
12:51:34.887 [main] DEBUG com.jayway.jsonpath.internal.path.CompiledPath -- Evaluating path: $['flatten']
12:51:34.887 [main] DEBUG com.jayway.jsonpath.internal.path.CompiledPath -- Evaluating path: $
12:51:34.887 [main] DEBUG com.jayway.jsonpath.internal.path.CompiledPath -- Evaluating path: $
12:51:34.887 [main] DEBUG com.jayway.jsonpath.internal.JsonContext -- Put path $ key flatten value {}
12:51:34.887 [main] DEBUG com.jayway.jsonpath.internal.path.CompiledPath -- Evaluating path: $
12:51:34.887 [main] DEBUG com.jayway.jsonpath.internal.JsonContext -- Put path $ key flatten value true
12:51:34.887 [main] DEBUG com.jayway.jsonpath.internal.path.CompiledPath -- Evaluating path: $
12:51:34.887 [main] DEBUG com.intuit.karate.driver.chrome_1718781694197 -- >> {"id":1,"method":"Target.attachToTarget","params":{"targetId":"854AFA3E0F1FE0C19A9F52D36B90EAAB","flatten":true}}
12:51:34.887 [nioEventLoopGroup-6-1] DEBUG com.intuit.karate.driver.chrome_1718781694197 -- << {"method":"Target.attachedToTarget","params":{"sessionId":"C5D350463E671ACBC4E779692AFFC42B","targetInfo":{"targetId":"854AFA3E0F1FE0C19A9F52D36B90EAAB","type":"page","title":"New Tab","url":"chrome://newtab/","attached":true,"canAccessOpener":false,"browserContextId":"8029E7C2DC0B900CD3FA9AEC3FA651D9"},"waitingForDebugger":false}}
12:51:34.887 [nioEventLoopGroup-6-1] DEBUG com.jayway.jsonpath.internal.path.CompiledPath -- Evaluating path: $
12:51:34.887 [nioEventLoopGroup-6-1] DEBUG com.jayway.jsonpath.internal.path.CompiledPath -- Evaluating path: $['targetInfo']['type']
12:51:34.887 [nioEventLoopGroup-6-1] DEBUG com.intuit.karate.driver.chrome_1718781694197 -- << {"id":1,"result":{"sessionId":"C5D350463E671ACBC4E779692AFFC42B"}}
12:51:34.887 [nioEventLoopGroup-6-1] DEBUG com.jayway.jsonpath.internal.path.CompiledPath -- Evaluating path: $
12:51:34.887 [main] DEBUG com.jayway.jsonpath.internal.path.CompiledPath -- Evaluating path: $['sessionId']
12:51:34.887 [main] DEBUG com.jayway.jsonpath.internal.path.CompiledPath -- Evaluating path: $['targetId']
12:51:34.887 [main] DEBUG com.jayway.jsonpath.internal.path.CompiledPath -- Evaluating path: $
12:51:34.887 [main] DEBUG com.jayway.jsonpath.internal.path.CompiledPath -- Evaluating path: $
12:51:34.887 [main] DEBUG com.jayway.jsonpath.internal.JsonContext -- Put path $ key targetId value {}
12:51:34.887 [main] DEBUG com.jayway.jsonpath.internal.path.CompiledPath -- Evaluating path: $
12:51:34.887 [main] DEBUG com.jayway.jsonpath.internal.JsonContext -- Put path $ key targetId value 854AFA3E0F1FE0C19A9F52D36B90EAAB
12:51:34.887 [main] DEBUG com.jayway.jsonpath.internal.path.CompiledPath -- Evaluating path: $
12:51:34.887 [main] DEBUG com.intuit.karate.driver.chrome_1718781694197 -- >> {"id":2,"sessionId":"C5D350463E671ACBC4E779692AFFC42B","method":"Target.activateTarget","params":{"targetId":"854AFA3E0F1FE0C19A9F52D36B90EAAB"}}
12:51:34.895 [nioEventLoopGroup-6-1] DEBUG com.intuit.karate.driver.chrome_1718781694197 -- << {"id":2,"result":{},"sessionId":"C5D350463E671ACBC4E779692AFFC42B"}
12:51:34.895 [nioEventLoopGroup-6-1] DEBUG com.jayway.jsonpath.internal.path.CompiledPath -- Evaluating path: $
12:51:34.895 [main] DEBUG com.jayway.jsonpath.internal.path.CompiledPath -- Evaluating path: $['discover']
12:51:34.895 [main] DEBUG com.jayway.jsonpath.internal.path.CompiledPath -- Evaluating path: $
12:51:34.895 [main] DEBUG com.jayway.jsonpath.internal.path.CompiledPath -- Evaluating path: $
12:51:34.895 [main] DEBUG com.jayway.jsonpath.internal.JsonContext -- Put path $ key discover value {}
12:51:34.895 [main] DEBUG com.jayway.jsonpath.internal.path.CompiledPath -- Evaluating path: $
12:51:34.895 [main] DEBUG com.jayway.jsonpath.internal.JsonContext -- Put path $ key discover value true
12:51:34.895 [main] DEBUG com.jayway.jsonpath.internal.path.CompiledPath -- Evaluating path: $
12:51:34.895 [main] DEBUG com.intuit.karate.driver.chrome_1718781694197 -- >> {"id":3,"sessionId":"C5D350463E671ACBC4E779692AFFC42B","method":"Target.setDiscoverTargets","params":{"discover":true}}
12:51:34.902 [nioEventLoopGroup-6-1] DEBUG com.intuit.karate.driver.chrome_1718781694197 -- << {"method":"Target.targetCreated","params":{"targetInfo":{"targetId":"465790EE9952B698C649B8EF384A248A","type":"background_page","title":"Google Network Speech","url":"chrome-extension://neajdppkdcdipfabeoofebfddakdcjhd/_generated_background_page.html","attached":false,"canAccessOpener":false,"browserContextId":"8029E7C2DC0B900CD3FA9AEC3FA651D9"}},"sessionId":"C5D350463E671ACBC4E779692AFFC42B"}
12:51:34.902 [nioEventLoopGroup-6-1] DEBUG com.jayway.jsonpath.internal.path.CompiledPath -- Evaluating path: $
12:51:34.903 [nioEventLoopGroup-6-1] DEBUG com.intuit.karate.driver.chrome_1718781694197 -- << {"method":"Target.targetCreated","params":{"targetInfo":{"targetId":"854AFA3E0F1FE0C19A9F52D36B90EAAB","type":"page","title":"New Tab","url":"chrome://newtab/","attached":true,"canAccessOpener":false,"browserContextId":"8029E7C2DC0B900CD3FA9AEC3FA651D9"}},"sessionId":"C5D350463E671ACBC4E779692AFFC42B"}
12:51:34.903 [nioEventLoopGroup-6-1] DEBUG com.jayway.jsonpath.internal.path.CompiledPath -- Evaluating path: $
12:51:34.903 [nioEventLoopGroup-6-1] DEBUG com.intuit.karate.driver.chrome_1718781694197 -- << {"method":"Target.targetCreated","params":{"targetInfo":{"targetId":"CED637FD22816221D762ECDED819EBA0","type":"background_page","title":"Google Hangouts","url":"chrome-extension://nkeimhogjdpnpccoofpliimaahmaaome/background.html","attached":false,"canAccessOpener":false,"browserContextId":"8029E7C2DC0B900CD3FA9AEC3FA651D9"}},"sessionId":"C5D350463E671ACBC4E779692AFFC42B"}
12:51:34.903 [nioEventLoopGroup-6-1] DEBUG com.jayway.jsonpath.internal.path.CompiledPath -- Evaluating path: $
12:51:34.903 [nioEventLoopGroup-6-1] DEBUG com.intuit.karate.driver.chrome_1718781694197 -- << {"id":3,"result":{},"sessionId":"C5D350463E671ACBC4E779692AFFC42B"}
12:51:34.903 [nioEventLoopGroup-6-1] DEBUG com.jayway.jsonpath.internal.path.CompiledPath -- Evaluating path: $
12:51:34.903 [main] DEBUG com.intuit.karate.driver.chrome_1718781694197 -- >> {"id":4,"sessionId":"C5D350463E671ACBC4E779692AFFC42B","method":"Page.enable"}
12:51:34.921 [nioEventLoopGroup-6-1] DEBUG com.intuit.karate.driver.chrome_1718781694197 -- << {"id":4,"result":{},"sessionId":"C5D350463E671ACBC4E779692AFFC42B"}
12:51:34.921 [nioEventLoopGroup-6-1] DEBUG com.jayway.jsonpath.internal.path.CompiledPath -- Evaluating path: $
12:51:34.921 [main] DEBUG com.intuit.karate.driver.chrome_1718781694197 -- >> {"id":5,"sessionId":"C5D350463E671ACBC4E779692AFFC42B","method":"Runtime.enable"}
12:51:34.939 [nioEventLoopGroup-6-1] DEBUG com.intuit.karate.driver.chrome_1718781694197 -- << {"method":"Runtime.executionContextCreated","params":{"context":{"id":2,"origin":"chrome://new-tab-page","name":"","uniqueId":"-152301972971517145.4847649821952840045","auxData":{"isDefault":true,"type":"default","frameId":"0314D0CAC3177635231D42CAF4353F9C"}}},"sessionId":"C5D350463E671ACBC4E779692AFFC42B"}
12:51:34.939 [nioEventLoopGroup-6-1] DEBUG com.jayway.jsonpath.internal.path.CompiledPath -- Evaluating path: $
12:51:34.939 [nioEventLoopGroup-6-1] DEBUG com.jayway.jsonpath.internal.path.CompiledPath -- Evaluating path: $['context']['auxData']['frameId']
12:51:34.939 [nioEventLoopGroup-6-1] DEBUG com.jayway.jsonpath.internal.path.CompiledPath -- Evaluating path: $['context']['id']
12:51:34.939 [nioEventLoopGroup-6-1] DEBUG com.intuit.karate.driver.chrome_1718781694197 -- << {"method":"Runtime.executionContextCreated","params":{"context":{"id":1,"origin":"chrome://new-tab-page","name":"","uniqueId":"-2837283741843735341.-171705886181661633","auxData":{"isDefault":true,"type":"default","frameId":"854AFA3E0F1FE0C19A9F52D36B90EAAB"}}},"sessionId":"C5D350463E671ACBC4E779692AFFC42B"}
12:51:34.939 [nioEventLoopGroup-6-1] DEBUG com.jayway.jsonpath.internal.path.CompiledPath -- Evaluating path: $
12:51:34.939 [nioEventLoopGroup-6-1] DEBUG com.jayway.jsonpath.internal.path.CompiledPath -- Evaluating path: $['context']['auxData']['frameId']
12:51:34.939 [nioEventLoopGroup-6-1] DEBUG com.jayway.jsonpath.internal.path.CompiledPath -- Evaluating path: $['context']['id']
12:51:34.939 [nioEventLoopGroup-6-1] DEBUG com.intuit.karate.driver.chrome_1718781694197 -- << {"id":5,"result":{},"sessionId":"C5D350463E671ACBC4E779692AFFC42B"}
12:51:34.939 [nioEventLoopGroup-6-1] DEBUG com.jayway.jsonpath.internal.path.CompiledPath -- Evaluating path: $
12:51:34.939 [main] DEBUG com.jayway.jsonpath.internal.path.CompiledPath -- Evaluating path: $['targetId']
12:51:34.939 [main] DEBUG com.jayway.jsonpath.internal.path.CompiledPath -- Evaluating path: $
12:51:34.939 [main] DEBUG com.jayway.jsonpath.internal.path.CompiledPath -- Evaluating path: $
12:51:34.939 [main] DEBUG com.jayway.jsonpath.internal.JsonContext -- Put path $ key targetId value {}
12:51:34.939 [main] DEBUG com.jayway.jsonpath.internal.path.CompiledPath -- Evaluating path: $
12:51:34.939 [main] DEBUG com.jayway.jsonpath.internal.JsonContext -- Put path $ key targetId value 854AFA3E0F1FE0C19A9F52D36B90EAAB
12:51:34.939 [main] DEBUG com.jayway.jsonpath.internal.path.CompiledPath -- Evaluating path: $
12:51:34.939 [main] DEBUG com.intuit.karate.driver.chrome_1718781694197 -- >> {"id":6,"sessionId":"C5D350463E671ACBC4E779692AFFC42B","method":"Browser.getWindowForTarget","params":{"targetId":"854AFA3E0F1FE0C19A9F52D36B90EAAB"}}
12:51:34.939 [nioEventLoopGroup-6-1] DEBUG com.intuit.karate.driver.chrome_1718781694197 -- << {"id":6,"result":{"windowId":593194687,"bounds":{"left":10,"top":10,"width":1050,"height":652,"windowState":"normal"}},"sessionId":"C5D350463E671ACBC4E779692AFFC42B"}
12:51:34.939 [nioEventLoopGroup-6-1] DEBUG com.jayway.jsonpath.internal.path.CompiledPath -- Evaluating path: $
12:51:34.961 [main] DEBUG com.jayway.jsonpath.internal.path.CompiledPath -- Evaluating path: $['url']
12:51:34.961 [main] DEBUG com.jayway.jsonpath.internal.path.CompiledPath -- Evaluating path: $
12:51:34.961 [main] DEBUG com.jayway.jsonpath.internal.path.CompiledPath -- Evaluating path: $
12:51:34.961 [main] DEBUG com.jayway.jsonpath.internal.JsonContext -- Put path $ key url value {}
12:51:34.961 [main] DEBUG com.jayway.jsonpath.internal.path.CompiledPath -- Evaluating path: $
12:51:34.961 [main] DEBUG com.jayway.jsonpath.internal.JsonContext -- Put path $ key url value https://www.saucedemo.com/
12:51:34.961 [main] DEBUG com.jayway.jsonpath.internal.path.CompiledPath -- Evaluating path: $
12:51:34.961 [main] DEBUG com.intuit.karate.driver.chrome_1718781694197 -- >> {"id":7,"sessionId":"C5D350463E671ACBC4E779692AFFC42B","method":"Page.navigate","params":{"url":"https:\/\/www.saucedemo.com\/"}}
12:51:34.969 [nioEventLoopGroup-6-1] DEBUG com.intuit.karate.driver.chrome_1718781694197 -- << {"method":"Page.frameStartedLoading","params":{"frameId":"854AFA3E0F1FE0C19A9F52D36B90EAAB"},"sessionId":"C5D350463E671ACBC4E779692AFFC42B"}
12:51:34.969 [nioEventLoopGroup-6-1] DEBUG com.jayway.jsonpath.internal.path.CompiledPath -- Evaluating path: $
12:51:34.969 [nioEventLoopGroup-6-1] DEBUG com.jayway.jsonpath.internal.path.CompiledPath -- Evaluating path: $['frameId']
12:51:35.049 [nioEventLoopGroup-6-1] DEBUG com.intuit.karate.driver.chrome_1718781694197 -- << {"method":"Page.domContentEventFired","params":{"timestamp":52773.559359},"sessionId":"C5D350463E671ACBC4E779692AFFC42B"}
12:51:35.049 [nioEventLoopGroup-6-1] DEBUG com.jayway.jsonpath.internal.path.CompiledPath -- Evaluating path: $
12:51:35.057 [main] DEBUG com.jayway.jsonpath.internal.path.CompiledPath -- Evaluating path: $['expression']
12:51:35.057 [main] DEBUG com.jayway.jsonpath.internal.path.CompiledPath -- Evaluating path: $
12:51:35.057 [main] DEBUG com.jayway.jsonpath.internal.path.CompiledPath -- Evaluating path: $
12:51:35.057 [main] DEBUG com.jayway.jsonpath.internal.JsonContext -- Put path $ key expression value {}
12:51:35.057 [main] DEBUG com.jayway.jsonpath.internal.path.CompiledPath -- Evaluating path: $
12:51:35.057 [main] DEBUG com.jayway.jsonpath.internal.JsonContext -- Put path $ key expression value var e = document.evaluate("//*[@id='user-name']", document, null, 9, null).singleNodeValue; e.focus(); try { e.selectionStart = e.selectionEnd = e.value.length } catch(x) {}
12:51:35.057 [main] DEBUG com.jayway.jsonpath.internal.path.CompiledPath -- Evaluating path: $['returnByValue']
12:51:35.057 [main] DEBUG com.jayway.jsonpath.internal.path.CompiledPath -- Evaluating path: $
12:51:35.057 [main] DEBUG com.jayway.jsonpath.internal.path.CompiledPath -- Evaluating path: $
12:51:35.057 [main] DEBUG com.jayway.jsonpath.internal.JsonContext -- Put path $ key returnByValue value {}
12:51:35.057 [main] DEBUG com.jayway.jsonpath.internal.path.CompiledPath -- Evaluating path: $
12:51:35.057 [main] DEBUG com.jayway.jsonpath.internal.JsonContext -- Put path $ key returnByValue value true
12:51:35.057 [main] DEBUG com.jayway.jsonpath.internal.path.CompiledPath -- Evaluating path: $
12:51:35.057 [main] DEBUG com.intuit.karate.driver.chrome_1718781694197 -- >> {"id":8,"sessionId":"C5D350463E671ACBC4E779692AFFC42B","method":"Runtime.evaluate","params":{"expression":"var e = document.evaluate(\"\/\/*[@id='user-name']\", document, null, 9, null).singleNodeValue; e.focus(); try { e.selectionStart = e.selectionEnd = e.value.length } catch(x) {}","returnByValue":true}}
12:51:35.089 [nioEventLoopGroup-6-1] DEBUG com.intuit.karate.driver.chrome_1718781694197 -- << {"method":"Page.loadEventFired","params":{"timestamp":52773.600758},"sessionId":"C5D350463E671ACBC4E779692AFFC42B"}
12:51:35.089 [nioEventLoopGroup-6-1] DEBUG com.jayway.jsonpath.internal.path.CompiledPath -- Evaluating path: $
12:51:35.089 [nioEventLoopGroup-6-1] DEBUG com.intuit.karate.driver.chrome_1718781694197 -- << {"method":"Page.frameStartedLoading","params":{"frameId":"854AFA3E0F1FE0C19A9F52D36B90EAAB"},"sessionId":"C5D350463E671ACBC4E779692AFFC42B"}
12:51:35.089 [nioEventLoopGroup-6-1] DEBUG com.jayway.jsonpath.internal.path.CompiledPath -- Evaluating path: $
12:51:35.089 [nioEventLoopGroup-6-1] DEBUG com.jayway.jsonpath.internal.path.CompiledPath -- Evaluating path: $['frameId']
12:51:35.123 [nioEventLoopGroup-6-1] DEBUG com.intuit.karate.driver.chrome_1718781694197 -- << {"method":"Target.targetInfoChanged","params":{"targetInfo":{"targetId":"465790EE9952B698C649B8EF384A248A","type":"background_page","title":"Google Network Speech","url":"chrome-extension://neajdppkdcdipfabeoofebfddakdcjhd/_generated_background_page.html","attached":false,"canAccessOpener":false,"browserContextId":"8029E7C2DC0B900CD3FA9AEC3FA651D9"}},"sessionId":"C5D350463E671ACBC4E779692AFFC42B"}
12:51:35.123 [nioEventLoopGroup-6-1] DEBUG com.jayway.jsonpath.internal.path.CompiledPath -- Evaluating path: $
12:51:35.123 [nioEventLoopGroup-6-1] DEBUG com.jayway.jsonpath.internal.path.CompiledPath -- Evaluating path: $['targetInfo']['targetId']
12:51:35.139 [nioEventLoopGroup-6-1] DEBUG com.intuit.karate.driver.chrome_1718781694197 -- << {"method":"Page.frameAttached","params":{"frameId":"970365867A303702EE49514891CEC273","parentFrameId":"854AFA3E0F1FE0C19A9F52D36B90EAAB","stack":{"callFrames":[{"functionName":"__createAndInsertInstance","scriptId":"7","url":"chrome://resources/polymer/v3_0/polymer/polymer_bundled.min.js","lineNumber":0,"columnNumber":63594},{"functionName":"__ensureInstance","scriptId":"7","url":"chrome://resources/polymer/v3_0/polymer/polymer_bundled.min.js","lineNumber":0,"columnNumber":62645},{"functionName":"__render","scriptId":"7","url":"chrome://resources/polymer/v3_0/polymer/polymer_bundled.min.js","lineNumber":0,"columnNumber":62729},{"functionName":"","scriptId":"7","url":"chrome://resources/polymer/v3_0/polymer/polymer_bundled.min.js","lineNumber":0,"columnNumber":61709},{"functionName":"","scriptId":"7","url":"chrome://resources/polymer/v3_0/polymer/polymer_bundled.min.js","lineNumber":0,"columnNumber":1381},{"functionName":"","scriptId":"7","url":"chrome://resources/polymer/v3_0/polymer/polymer_bundled.min.js"," ...
12:51:35.139 [nioEventLoopGroup-6-1] DEBUG com.jayway.jsonpath.internal.path.CompiledPath -- Evaluating path: $
12:51:35.139 [nioEventLoopGroup-6-1] DEBUG com.intuit.karate.driver.chrome_1718781694197 -- << {"method":"Page.frameStartedLoading","params":{"frameId":"970365867A303702EE49514891CEC273"},"sessionId":"C5D350463E671ACBC4E779692AFFC42B"}
12:51:35.139 [nioEventLoopGroup-6-1] DEBUG com.jayway.jsonpath.internal.path.CompiledPath -- Evaluating path: $
12:51:35.139 [nioEventLoopGroup-6-1] DEBUG com.jayway.jsonpath.internal.path.CompiledPath -- Evaluating path: $['frameId']
12:51:35.239 [nioEventLoopGroup-6-1] DEBUG com.intuit.karate.driver.chrome_1718781694197 -- << {"id":7,"result":{"frameId":"854AFA3E0F1FE0C19A9F52D36B90EAAB","loaderId":"12D523A3EC466CBFC4E946AD737633CC"},"sessionId":"C5D350463E671ACBC4E779692AFFC42B"}
12:51:35.242 [nioEventLoopGroup-6-1] DEBUG com.jayway.jsonpath.internal.path.CompiledPath -- Evaluating path: $
12:51:35.242 [nioEventLoopGroup-6-1] DEBUG com.intuit.karate.driver.chrome_1718781694197 -- << {"method":"Runtime.executionContextsCleared","params":{},"sessionId":"C5D350463E671ACBC4E779692AFFC42B"}
12:51:35.242 [nioEventLoopGroup-6-1] DEBUG com.jayway.jsonpath.internal.path.CompiledPath -- Evaluating path: $
12:51:35.248 [nioEventLoopGroup-6-1] DEBUG com.intuit.karate.driver.chrome_1718781694197 -- << {"method":"Page.frameStoppedLoading","params":{"frameId":"970365867A303702EE49514891CEC273"},"sessionId":"C5D350463E671ACBC4E779692AFFC42B"}
12:51:35.248 [nioEventLoopGroup-6-1] DEBUG com.jayway.jsonpath.internal.path.CompiledPath -- Evaluating path: $
12:51:35.248 [nioEventLoopGroup-6-1] DEBUG com.jayway.jsonpath.internal.path.CompiledPath -- Evaluating path: $['frameId']
12:51:35.264 [nioEventLoopGroup-6-1] DEBUG com.intuit.karate.driver.chrome_1718781694197 -- << {"method":"Target.targetInfoChanged","params":{"targetInfo":{"targetId":"854AFA3E0F1FE0C19A9F52D36B90EAAB","type":"page","title":"saucedemo.com","url":"https://www.saucedemo.com/","attached":true,"canAccessOpener":false,"browserContextId":"8029E7C2DC0B900CD3FA9AEC3FA651D9"}},"sessionId":"C5D350463E671ACBC4E779692AFFC42B"}
12:51:35.264 [nioEventLoopGroup-6-1] DEBUG com.jayway.jsonpath.internal.path.CompiledPath -- Evaluating path: $
12:51:35.264 [nioEventLoopGroup-6-1] DEBUG com.jayway.jsonpath.internal.path.CompiledPath -- Evaluating path: $['targetInfo']['targetId']
12:51:35.264 [nioEventLoopGroup-6-1] DEBUG com.intuit.karate.driver.chrome_1718781694197 -- << {"method":"Runtime.executionContextsCleared","params":{},"sessionId":"C5D350463E671ACBC4E779692AFFC42B"}
12:51:35.264 [nioEventLoopGroup-6-1] DEBUG com.jayway.jsonpath.internal.path.CompiledPath -- Evaluating path: $
12:51:35.264 [nioEventLoopGroup-6-1] DEBUG com.intuit.karate.driver.chrome_1718781694197 -- << {"method":"Page.frameNavigated","params":{"frame":{"id":"854AFA3E0F1FE0C19A9F52D36B90EAAB","loaderId":"12D523A3EC466CBFC4E946AD737633CC","url":"https://www.saucedemo.com/","domainAndRegistry":"saucedemo.com","securityOrigin":"https://www.saucedemo.com","mimeType":"text/html","adFrameStatus":{"adFrameType":"none"},"secureContextType":"Secure","crossOriginIsolatedContextType":"NotIsolated","gatedAPIFeatures":[]},"type":"Navigation"},"sessionId":"C5D350463E671ACBC4E779692AFFC42B"}
12:51:35.264 [nioEventLoopGroup-6-1] DEBUG com.jayway.jsonpath.internal.path.CompiledPath -- Evaluating path: $
12:51:35.264 [nioEventLoopGroup-6-1] DEBUG com.jayway.jsonpath.internal.path.CompiledPath -- Evaluating path: $['frame']['id']
12:51:35.264 [nioEventLoopGroup-6-1] DEBUG com.jayway.jsonpath.internal.path.CompiledPath -- Evaluating path: $['frame']['url']
12:51:35.264 [nioEventLoopGroup-6-1] DEBUG com.jayway.jsonpath.internal.path.CompiledPath -- Evaluating path: $['frame']['name']
12:51:35.264 [nioEventLoopGroup-6-1] DEBUG com.intuit.karate.driver.chrome_1718781694197 -- << {"method":"Runtime.executionContextCreated","params":{"context":{"id":1,"origin":"https://www.saucedemo.com","name":"","uniqueId":"6195653050260656781.7069708463690250574","auxData":{"isDefault":true,"type":"default","frameId":"854AFA3E0F1FE0C19A9F52D36B90EAAB"}}},"sessionId":"C5D350463E671ACBC4E779692AFFC42B"}
12:51:35.264 [nioEventLoopGroup-6-1] DEBUG com.jayway.jsonpath.internal.path.CompiledPath -- Evaluating path: $
12:51:35.264 [nioEventLoopGroup-6-1] DEBUG com.jayway.jsonpath.internal.path.CompiledPath -- Evaluating path: $['context']['auxData']['frameId']
12:51:35.264 [nioEventLoopGroup-6-1] DEBUG com.jayway.jsonpath.internal.path.CompiledPath -- Evaluating path: $['context']['id']
12:51:35.298 [nioEventLoopGroup-6-1] DEBUG com.intuit.karate.driver.chrome_1718781694197 -- << {"method":"Target.targetInfoChanged","params":{"targetInfo":{"targetId":"CED637FD22816221D762ECDED819EBA0","type":"background_page","title":"Google Hangouts","url":"chrome-extension://nkeimhogjdpnpccoofpliimaahmaaome/background.html","attached":false,"canAccessOpener":false,"browserContextId":"8029E7C2DC0B900CD3FA9AEC3FA651D9"}},"sessionId":"C5D350463E671ACBC4E779692AFFC42B"}
12:51:35.298 [nioEventLoopGroup-6-1] DEBUG com.jayway.jsonpath.internal.path.CompiledPath -- Evaluating path: $
12:51:35.298 [nioEventLoopGroup-6-1] DEBUG com.jayway.jsonpath.internal.path.CompiledPath -- Evaluating path: $['targetInfo']['targetId']
12:51:35.391 [nioEventLoopGroup-6-1] DEBUG com.intuit.karate.driver.chrome_1718781694197 -- << {"id":8,"result":{"result":{"type":"object","subtype":"error","className":"TypeError","description":"TypeError: Cannot read properties of null (reading 'focus')\n    at <anonymous>:1:95","objectId":"-992494045964134443.1.1"},"exceptionDetails":{"exceptionId":1,"text":"Uncaught","lineNumber":0,"columnNumber":94,"scriptId":"6","stackTrace":{"callFrames":[{"functionName":"","scriptId":"6","url":"","lineNumber":0,"columnNumber":94}]},"exception":{"type":"object","subtype":"error","className":"TypeError","description":"TypeError: Cannot read properties of null (reading 'focus')\n    at <anonymous>:1:95","objectId":"-992494045964134443.1.2"}}},"sessionId":"C5D350463E671ACBC4E779692AFFC42B"}
12:51:35.391 [nioEventLoopGroup-6-1] DEBUG com.jayway.jsonpath.internal.path.CompiledPath -- Evaluating path: $
12:51:35.391 [nioEventLoopGroup-6-1] WARN com.intuit.karate.driver.chrome_1718781694197 -- devtools error: [id: 8, sessionId: C5D350463E671ACBC4E779692AFFC42B, result: [type: MAP, value: {type=object, subtype=error, className=TypeError, description=TypeError: Cannot read properties of null (reading 'focus')
    at <anonymous>:1:95, objectId=-992494045964134443.1.1}]]
12:51:35.391 [main] WARN com.intuit.karate.driver.chrome_1718781694197 -- js eval failed once:var e = document.evaluate("//*[@id='user-name']", document, null, 9, null).singleNodeValue; e.focus(); try { e.selectionStart = e.selectionEnd = e.value.length } catch(x) {}, error: [type: MAP, value: {type=object, subtype=error, className=TypeError, description=TypeError: Cannot read properties of null (reading 'focus')
    at <anonymous>:1:95, objectId=-992494045964134443.1.1}]
12:51:35.676 [nioEventLoopGroup-6-1] DEBUG com.intuit.karate.driver.chrome_1718781694197 -- << {"method":"Page.domContentEventFired","params":{"timestamp":52774.187327},"sessionId":"C5D350463E671ACBC4E779692AFFC42B"}
12:51:35.676 [nioEventLoopGroup-6-1] DEBUG com.jayway.jsonpath.internal.path.CompiledPath -- Evaluating path: $
12:51:35.752 [nioEventLoopGroup-6-1] DEBUG com.intuit.karate.driver.chrome_1718781694197 -- << {"method":"Target.targetCreated","params":{"targetInfo":{"targetId":"87EB04FE6C8F92A4F7CC19A0A8FADA90","type":"service_worker","title":"Service Worker https://www.saucedemo.com/service-worker.js","url":"https://www.saucedemo.com/service-worker.js","attached":false,"canAccessOpener":false,"browserContextId":"8029E7C2DC0B900CD3FA9AEC3FA651D9"}},"sessionId":"C5D350463E671ACBC4E779692AFFC42B"}
12:51:35.752 [nioEventLoopGroup-6-1] DEBUG com.jayway.jsonpath.internal.path.CompiledPath -- Evaluating path: $
12:51:35.760 [nioEventLoopGroup-6-1] DEBUG com.intuit.karate.driver.chrome_1718781694197 -- << {"method":"Page.loadEventFired","params":{"timestamp":52774.26068},"sessionId":"C5D350463E671ACBC4E779692AFFC42B"}
12:51:35.760 [nioEventLoopGroup-6-1] DEBUG com.jayway.jsonpath.internal.path.CompiledPath -- Evaluating path: $
12:51:35.760 [nioEventLoopGroup-6-1] DEBUG com.intuit.karate.driver.chrome_1718781694197 -- << {"method":"Page.frameStoppedLoading","params":{"frameId":"854AFA3E0F1FE0C19A9F52D36B90EAAB"},"sessionId":"C5D350463E671ACBC4E779692AFFC42B"}
12:51:35.760 [nioEventLoopGroup-6-1] DEBUG com.jayway.jsonpath.internal.path.CompiledPath -- Evaluating path: $
12:51:35.760 [nioEventLoopGroup-6-1] DEBUG com.jayway.jsonpath.internal.path.CompiledPath -- Evaluating path: $['frameId']
12:51:35.828 [nioEventLoopGroup-6-1] DEBUG com.intuit.karate.driver.chrome_1718781694197 -- << {"method":"Target.targetDestroyed","params":{"targetId":"87EB04FE6C8F92A4F7CC19A0A8FADA90"},"sessionId":"C5D350463E671ACBC4E779692AFFC42B"}
12:51:35.828 [nioEventLoopGroup-6-1] DEBUG com.jayway.jsonpath.internal.path.CompiledPath -- Evaluating path: $
12:51:35.893 [chrome_1718781680031] WARN com.intuit.karate.shell.Command -- exit code was non-zero: 1 - [C:\Program Files\Google\Chrome\Application\chrome.exe, --remote-debugging-port=53928, --remote-allow-origins=*, --no-first-run, --user-data-dir=C:\Users\HarshvardhanNigaveka\OneDrive - Academian India Private Limited\Desktop\GitHubActions\karateUI\UI_Automation_Project\target\chrome_1718781680031, --disable-popup-blocking] working dir: target\chrome_1718781680031
12:51:36.252 [nioEventLoopGroup-5-1] DEBUG io.netty.buffer.PoolThreadCache -- Freed 36 thread-local buffer(s) from thread: nioEventLoopGroup-5-1
12:51:38.406 [main] DEBUG com.jayway.jsonpath.internal.path.CompiledPath -- Evaluating path: $['expression']
12:51:38.406 [main] DEBUG com.jayway.jsonpath.internal.path.CompiledPath -- Evaluating path: $
12:51:38.406 [main] DEBUG com.jayway.jsonpath.internal.path.CompiledPath -- Evaluating path: $
12:51:38.406 [main] DEBUG com.jayway.jsonpath.internal.JsonContext -- Put path $ key expression value {}
12:51:38.406 [main] DEBUG com.jayway.jsonpath.internal.path.CompiledPath -- Evaluating path: $
12:51:38.406 [main] DEBUG com.jayway.jsonpath.internal.JsonContext -- Put path $ key expression value var e = document.evaluate("//*[@id='user-name']", document, null, 9, null).singleNodeValue; e.focus(); try { e.selectionStart = e.selectionEnd = e.value.length } catch(x) {}
12:51:38.406 [main] DEBUG com.jayway.jsonpath.internal.path.CompiledPath -- Evaluating path: $['returnByValue']
12:51:38.406 [main] DEBUG com.jayway.jsonpath.internal.path.CompiledPath -- Evaluating path: $
12:51:38.406 [main] DEBUG com.jayway.jsonpath.internal.path.CompiledPath -- Evaluating path: $
12:51:38.406 [main] DEBUG com.jayway.jsonpath.internal.JsonContext -- Put path $ key returnByValue value {}
12:51:38.406 [main] DEBUG com.jayway.jsonpath.internal.path.CompiledPath -- Evaluating path: $
12:51:38.406 [main] DEBUG com.jayway.jsonpath.internal.JsonContext -- Put path $ key returnByValue value true
12:51:38.406 [main] DEBUG com.jayway.jsonpath.internal.path.CompiledPath -- Evaluating path: $
12:51:38.406 [main] DEBUG com.intuit.karate.driver.chrome_1718781694197 -- >> {"id":9,"sessionId":"C5D350463E671ACBC4E779692AFFC42B","method":"Runtime.evaluate","params":{"expression":"var e = document.evaluate(\"\/\/*[@id='user-name']\", document, null, 9, null).singleNodeValue; e.focus(); try { e.selectionStart = e.selectionEnd = e.value.length } catch(x) {}","returnByValue":true}}
12:51:38.408 [nioEventLoopGroup-6-1] DEBUG com.intuit.karate.driver.chrome_1718781694197 -- << {"id":9,"result":{"result":{"type":"number","value":0,"description":"0"}},"sessionId":"C5D350463E671ACBC4E779692AFFC42B"}
12:51:38.408 [nioEventLoopGroup-6-1] DEBUG com.jayway.jsonpath.internal.path.CompiledPath -- Evaluating path: $
12:51:38.408 [main] DEBUG com.jayway.jsonpath.internal.path.CompiledPath -- Evaluating path: $['modifiers']
12:51:38.408 [main] DEBUG com.jayway.jsonpath.internal.path.CompiledPath -- Evaluating path: $
12:51:38.408 [main] DEBUG com.jayway.jsonpath.internal.path.CompiledPath -- Evaluating path: $
12:51:38.408 [main] DEBUG com.jayway.jsonpath.internal.JsonContext -- Put path $ key modifiers value {}
12:51:38.408 [main] DEBUG com.jayway.jsonpath.internal.path.CompiledPath -- Evaluating path: $
12:51:38.408 [main] DEBUG com.jayway.jsonpath.internal.JsonContext -- Put path $ key modifiers value 0
12:51:38.408 [main] DEBUG com.jayway.jsonpath.internal.path.CompiledPath -- Evaluating path: $['type']
12:51:38.408 [main] DEBUG com.jayway.jsonpath.internal.path.CompiledPath -- Evaluating path: $
12:51:38.408 [main] DEBUG com.jayway.jsonpath.internal.path.CompiledPath -- Evaluating path: $
12:51:38.408 [main] DEBUG com.jayway.jsonpath.internal.JsonContext -- Put path $ key type value {}
12:51:38.408 [main] DEBUG com.jayway.jsonpath.internal.path.CompiledPath -- Evaluating path: $
12:51:38.408 [main] DEBUG com.jayway.jsonpath.internal.JsonContext -- Put path $ key type value rawKeyDown
12:51:38.408 [main] DEBUG com.jayway.jsonpath.internal.path.CompiledPath -- Evaluating path: $['text']
12:51:38.408 [main] DEBUG com.jayway.jsonpath.internal.path.CompiledPath -- Evaluating path: $
12:51:38.408 [main] DEBUG com.jayway.jsonpath.internal.path.CompiledPath -- Evaluating path: $
12:51:38.408 [main] DEBUG com.jayway.jsonpath.internal.JsonContext -- Put path $ key text value {}
12:51:38.408 [main] DEBUG com.jayway.jsonpath.internal.path.CompiledPath -- Evaluating path: $
12:51:38.408 [main] DEBUG com.jayway.jsonpath.internal.JsonContext -- Put path $ key text value s
12:51:38.408 [main] DEBUG com.jayway.jsonpath.internal.path.CompiledPath -- Evaluating path: $['windowsVirtualKeyCode']
12:51:38.408 [main] DEBUG com.jayway.jsonpath.internal.path.CompiledPath -- Evaluating path: $
12:51:38.408 [main] DEBUG com.jayway.jsonpath.internal.path.CompiledPath -- Evaluating path: $
12:51:38.408 [main] DEBUG com.jayway.jsonpath.internal.JsonContext -- Put path $ key windowsVirtualKeyCode value {}
12:51:38.408 [main] DEBUG com.jayway.jsonpath.internal.path.CompiledPath -- Evaluating path: $
12:51:38.408 [main] DEBUG com.jayway.jsonpath.internal.JsonContext -- Put path $ key windowsVirtualKeyCode value 115
12:51:38.408 [main] DEBUG com.jayway.jsonpath.internal.path.CompiledPath -- Evaluating path: $
12:51:38.408 [main] DEBUG com.intuit.karate.driver.chrome_1718781694197 -- >> {"id":10,"sessionId":"C5D350463E671ACBC4E779692AFFC42B","method":"Input.dispatchKeyEvent","params":{"modifiers":0,"type":"rawKeyDown","text":"s","windowsVirtualKeyCode":115}}
12:51:38.410 [nioEventLoopGroup-6-1] DEBUG com.intuit.karate.driver.chrome_1718781694197 -- << {"id":10,"result":{},"sessionId":"C5D350463E671ACBC4E779692AFFC42B"}
12:51:38.410 [nioEventLoopGroup-6-1] DEBUG com.jayway.jsonpath.internal.path.CompiledPath -- Evaluating path: $
12:51:38.410 [main] DEBUG com.jayway.jsonpath.internal.path.CompiledPath -- Evaluating path: $['modifiers']
12:51:38.410 [main] DEBUG com.jayway.jsonpath.internal.path.CompiledPath -- Evaluating path: $
12:51:38.410 [main] DEBUG com.jayway.jsonpath.internal.path.CompiledPath -- Evaluating path: $
12:51:38.410 [main] DEBUG com.jayway.jsonpath.internal.JsonContext -- Put path $ key modifiers value {}
12:51:38.410 [main] DEBUG com.jayway.jsonpath.internal.path.CompiledPath -- Evaluating path: $
12:51:38.410 [main] DEBUG com.jayway.jsonpath.internal.JsonContext -- Put path $ key modifiers value 0
12:51:38.410 [main] DEBUG com.jayway.jsonpath.internal.path.CompiledPath -- Evaluating path: $['type']
12:51:38.410 [main] DEBUG com.jayway.jsonpath.internal.path.CompiledPath -- Evaluating path: $
12:51:38.410 [main] DEBUG com.jayway.jsonpath.internal.path.CompiledPath -- Evaluating path: $
12:51:38.410 [main] DEBUG com.jayway.jsonpath.internal.JsonContext -- Put path $ key type value {}
12:51:38.410 [main] DEBUG com.jayway.jsonpath.internal.path.CompiledPath -- Evaluating path: $
12:51:38.410 [main] DEBUG com.jayway.jsonpath.internal.JsonContext -- Put path $ key type value char
12:51:38.410 [main] DEBUG com.jayway.jsonpath.internal.path.CompiledPath -- Evaluating path: $['text']
12:51:38.410 [main] DEBUG com.jayway.jsonpath.internal.path.CompiledPath -- Evaluating path: $
12:51:38.410 [main] DEBUG com.jayway.jsonpath.internal.path.CompiledPath -- Evaluating path: $
12:51:38.410 [main] DEBUG com.jayway.jsonpath.internal.JsonContext -- Put path $ key text value {}
12:51:38.410 [main] DEBUG com.jayway.jsonpath.internal.path.CompiledPath -- Evaluating path: $
12:51:38.410 [main] DEBUG com.jayway.jsonpath.internal.JsonContext -- Put path $ key text value s
12:51:38.410 [main] DEBUG com.jayway.jsonpath.internal.path.CompiledPath -- Evaluating path: $['windowsVirtualKeyCode']
12:51:38.410 [main] DEBUG com.jayway.jsonpath.internal.path.CompiledPath -- Evaluating path: $
12:51:38.410 [main] DEBUG com.jayway.jsonpath.internal.path.CompiledPath -- Evaluating path: $
12:51:38.410 [main] DEBUG com.jayway.jsonpath.internal.JsonContext -- Put path $ key windowsVirtualKeyCode value {}
12:51:38.410 [main] DEBUG com.jayway.jsonpath.internal.path.CompiledPath -- Evaluating path: $
12:51:38.410 [main] DEBUG com.jayway.jsonpath.internal.JsonContext -- Put path $ key windowsVirtualKeyCode value 115
12:51:38.410 [main] DEBUG com.jayway.jsonpath.internal.path.CompiledPath -- Evaluating path: $
12:51:38.410 [main] DEBUG com.intuit.karate.driver.chrome_1718781694197 -- >> {"id":11,"sessionId":"C5D350463E671ACBC4E779692AFFC42B","method":"Input.dispatchKeyEvent","params":{"modifiers":0,"type":"char","text":"s","windowsVirtualKeyCode":115}}
12:51:38.415 [nioEventLoopGroup-6-1] DEBUG com.intuit.karate.driver.chrome_1718781694197 -- << {"id":11,"result":{},"sessionId":"C5D350463E671ACBC4E779692AFFC42B"}
12:51:38.415 [nioEventLoopGroup-6-1] DEBUG com.jayway.jsonpath.internal.path.CompiledPath -- Evaluating path: $
12:51:38.415 [main] DEBUG com.jayway.jsonpath.internal.path.CompiledPath -- Evaluating path: $['modifiers']
12:51:38.415 [main] DEBUG com.jayway.jsonpath.internal.path.CompiledPath -- Evaluating path: $
12:51:38.415 [main] DEBUG com.jayway.jsonpath.internal.path.CompiledPath -- Evaluating path: $
12:51:38.415 [main] DEBUG com.jayway.jsonpath.internal.JsonContext -- Put path $ key modifiers value {}
12:51:38.415 [main] DEBUG com.jayway.jsonpath.internal.path.CompiledPath -- Evaluating path: $
12:51:38.415 [main] DEBUG com.jayway.jsonpath.internal.JsonContext -- Put path $ key modifiers value 0
12:51:38.415 [main] DEBUG com.jayway.jsonpath.internal.path.CompiledPath -- Evaluating path: $['type']
12:51:38.415 [main] DEBUG com.jayway.jsonpath.internal.path.CompiledPath -- Evaluating path: $
12:51:38.415 [main] DEBUG com.jayway.jsonpath.internal.path.CompiledPath -- Evaluating path: $
12:51:38.415 [main] DEBUG com.jayway.jsonpath.internal.JsonContext -- Put path $ key type value {}
12:51:38.415 [main] DEBUG com.jayway.jsonpath.internal.path.CompiledPath -- Evaluating path: $
12:51:38.415 [main] DEBUG com.jayway.jsonpath.internal.JsonContext -- Put path $ key type value keyUp
12:51:38.415 [main] DEBUG com.jayway.jsonpath.internal.path.CompiledPath -- Evaluating path: $['text']
12:51:38.415 [main] DEBUG com.jayway.jsonpath.internal.path.CompiledPath -- Evaluating path: $
12:51:38.415 [main] DEBUG com.jayway.jsonpath.internal.path.CompiledPath -- Evaluating path: $
12:51:38.415 [main] DEBUG com.jayway.jsonpath.internal.JsonContext -- Put path $ key text value {}
12:51:38.415 [main] DEBUG com.jayway.jsonpath.internal.path.CompiledPath -- Evaluating path: $
12:51:38.415 [main] DEBUG com.jayway.jsonpath.internal.JsonContext -- Put path $ key text value s
12:51:38.415 [main] DEBUG com.jayway.jsonpath.internal.path.CompiledPath -- Evaluating path: $['windowsVirtualKeyCode']
12:51:38.415 [main] DEBUG com.jayway.jsonpath.internal.path.CompiledPath -- Evaluating path: $
12:51:38.415 [main] DEBUG com.jayway.jsonpath.internal.path.CompiledPath -- Evaluating path: $
12:51:38.415 [main] DEBUG com.jayway.jsonpath.internal.JsonContext -- Put path $ key windowsVirtualKeyCode value {}
12:51:38.415 [main] DEBUG com.jayway.jsonpath.internal.path.CompiledPath -- Evaluating path: $
12:51:38.415 [main] DEBUG com.jayway.jsonpath.internal.JsonContext -- Put path $ key windowsVirtualKeyCode value 115
12:51:38.415 [main] DEBUG com.jayway.jsonpath.internal.path.CompiledPath -- Evaluating path: $
12:51:38.415 [main] DEBUG com.intuit.karate.driver.chrome_1718781694197 -- >> {"id":12,"sessionId":"C5D350463E671ACBC4E779692AFFC42B","method":"Input.dispatchKeyEvent","params":{"modifiers":0,"type":"keyUp","text":"s","windowsVirtualKeyCode":115}}
12:51:38.416 [nioEventLoopGroup-6-1] DEBUG com.intuit.karate.driver.chrome_1718781694197 -- << {"id":12,"result":{},"sessionId":"C5D350463E671ACBC4E779692AFFC42B"}
12:51:38.416 [nioEventLoopGroup-6-1] DEBUG com.jayway.jsonpath.internal.path.CompiledPath -- Evaluating path: $
12:51:38.416 [main] DEBUG com.jayway.jsonpath.internal.path.CompiledPath -- Evaluating path: $['modifiers']
12:51:38.416 [main] DEBUG com.jayway.jsonpath.internal.path.CompiledPath -- Evaluating path: $
12:51:38.416 [main] DEBUG com.jayway.jsonpath.internal.path.CompiledPath -- Evaluating path: $
12:51:38.416 [main] DEBUG com.jayway.jsonpath.internal.JsonContext -- Put path $ key modifiers value {}
12:51:38.416 [main] DEBUG com.jayway.jsonpath.internal.path.CompiledPath -- Evaluating path: $
12:51:38.416 [main] DEBUG com.jayway.jsonpath.internal.JsonContext -- Put path $ key modifiers value 0
12:51:38.416 [main] DEBUG com.jayway.jsonpath.internal.path.CompiledPath -- Evaluating path: $['type']
12:51:38.416 [main] DEBUG com.jayway.jsonpath.internal.path.CompiledPath -- Evaluating path: $
12:51:38.416 [main] DEBUG com.jayway.jsonpath.internal.path.CompiledPath -- Evaluating path: $
12:51:38.416 [main] DEBUG com.jayway.jsonpath.internal.JsonContext -- Put path $ key type value {}
12:51:38.416 [main] DEBUG com.jayway.jsonpath.internal.path.CompiledPath -- Evaluating path: $
12:51:38.416 [main] DEBUG com.jayway.jsonpath.internal.JsonContext -- Put path $ key type value rawKeyDown
12:51:38.416 [main] DEBUG com.jayway.jsonpath.internal.path.CompiledPath -- Evaluating path: $['text']
12:51:38.416 [main] DEBUG com.jayway.jsonpath.internal.path.CompiledPath -- Evaluating path: $
12:51:38.416 [main] DEBUG com.jayway.jsonpath.internal.path.CompiledPath -- Evaluating path: $
12:51:38.416 [main] DEBUG com.jayway.jsonpath.internal.JsonContext -- Put path $ key text value {}
12:51:38.416 [main] DEBUG com.jayway.jsonpath.internal.path.CompiledPath -- Evaluating path: $
12:51:38.416 [main] DEBUG com.jayway.jsonpath.internal.JsonContext -- Put path $ key text value t
12:51:38.416 [main] DEBUG com.jayway.jsonpath.internal.path.CompiledPath -- Evaluating path: $['windowsVirtualKeyCode']
12:51:38.416 [main] DEBUG com.jayway.jsonpath.internal.path.CompiledPath -- Evaluating path: $
12:51:38.416 [main] DEBUG com.jayway.jsonpath.internal.path.CompiledPath -- Evaluating path: $
12:51:38.416 [main] DEBUG com.jayway.jsonpath.internal.JsonContext -- Put path $ key windowsVirtualKeyCode value {}
12:51:38.416 [main] DEBUG com.jayway.jsonpath.internal.path.CompiledPath -- Evaluating path: $
12:51:38.416 [main] DEBUG com.jayway.jsonpath.internal.JsonContext -- Put path $ key windowsVirtualKeyCode value 116
12:51:38.416 [main] DEBUG com.jayway.jsonpath.internal.path.CompiledPath -- Evaluating path: $
12:51:38.416 [main] DEBUG com.intuit.karate.driver.chrome_1718781694197 -- >> {"id":13,"sessionId":"C5D350463E671ACBC4E779692AFFC42B","method":"Input.dispatchKeyEvent","params":{"modifiers":0,"type":"rawKeyDown","text":"t","windowsVirtualKeyCode":116}}
12:51:38.419 [nioEventLoopGroup-6-1] DEBUG com.intuit.karate.driver.chrome_1718781694197 -- << {"id":13,"result":{},"sessionId":"C5D350463E671ACBC4E779692AFFC42B"}
12:51:38.419 [nioEventLoopGroup-6-1] DEBUG com.jayway.jsonpath.internal.path.CompiledPath -- Evaluating path: $
12:51:38.419 [main] DEBUG com.jayway.jsonpath.internal.path.CompiledPath -- Evaluating path: $['modifiers']
12:51:38.419 [main] DEBUG com.jayway.jsonpath.internal.path.CompiledPath -- Evaluating path: $
12:51:38.419 [main] DEBUG com.jayway.jsonpath.internal.path.CompiledPath -- Evaluating path: $
12:51:38.419 [main] DEBUG com.jayway.jsonpath.internal.JsonContext -- Put path $ key modifiers value {}
12:51:38.419 [main] DEBUG com.jayway.jsonpath.internal.path.CompiledPath -- Evaluating path: $
12:51:38.419 [main] DEBUG com.jayway.jsonpath.internal.JsonContext -- Put path $ key modifiers value 0
12:51:38.419 [main] DEBUG com.jayway.jsonpath.internal.path.CompiledPath -- Evaluating path: $['type']
12:51:38.419 [main] DEBUG com.jayway.jsonpath.internal.path.CompiledPath -- Evaluating path: $
12:51:38.419 [main] DEBUG com.jayway.jsonpath.internal.path.CompiledPath -- Evaluating path: $
12:51:38.419 [main] DEBUG com.jayway.jsonpath.internal.JsonContext -- Put path $ key type value {}
12:51:38.419 [main] DEBUG com.jayway.jsonpath.internal.path.CompiledPath -- Evaluating path: $
12:51:38.419 [main] DEBUG com.jayway.jsonpath.internal.JsonContext -- Put path $ key type value char
12:51:38.419 [main] DEBUG com.jayway.jsonpath.internal.path.CompiledPath -- Evaluating path: $['text']
12:51:38.419 [main] DEBUG com.jayway.jsonpath.internal.path.CompiledPath -- Evaluating path: $
12:51:38.419 [main] DEBUG com.jayway.jsonpath.internal.path.CompiledPath -- Evaluating path: $
12:51:38.419 [main] DEBUG com.jayway.jsonpath.internal.JsonContext -- Put path $ key text value {}
12:51:38.419 [main] DEBUG com.jayway.jsonpath.internal.path.CompiledPath -- Evaluating path: $
12:51:38.419 [main] DEBUG com.jayway.jsonpath.internal.JsonContext -- Put path $ key text value t
12:51:38.419 [main] DEBUG com.jayway.jsonpath.internal.path.CompiledPath -- Evaluating path: $['windowsVirtualKeyCode']
12:51:38.419 [main] DEBUG com.jayway.jsonpath.internal.path.CompiledPath -- Evaluating path: $
12:51:38.419 [main] DEBUG com.jayway.jsonpath.internal.path.CompiledPath -- Evaluating path: $
12:51:38.419 [main] DEBUG com.jayway.jsonpath.internal.JsonContext -- Put path $ key windowsVirtualKeyCode value {}
12:51:38.419 [main] DEBUG com.jayway.jsonpath.internal.path.CompiledPath -- Evaluating path: $
12:51:38.419 [main] DEBUG com.jayway.jsonpath.internal.JsonContext -- Put path $ key windowsVirtualKeyCode value 116
12:51:38.419 [main] DEBUG com.jayway.jsonpath.internal.path.CompiledPath -- Evaluating path: $
12:51:38.419 [main] DEBUG com.intuit.karate.driver.chrome_1718781694197 -- >> {"id":14,"sessionId":"C5D350463E671ACBC4E779692AFFC42B","method":"Input.dispatchKeyEvent","params":{"modifiers":0,"type":"char","text":"t","windowsVirtualKeyCode":116}}
12:51:38.419 [nioEventLoopGroup-6-1] DEBUG com.intuit.karate.driver.chrome_1718781694197 -- << {"id":14,"result":{},"sessionId":"C5D350463E671ACBC4E779692AFFC42B"}
12:51:38.424 [nioEventLoopGroup-6-1] DEBUG com.jayway.jsonpath.internal.path.CompiledPath -- Evaluating path: $
12:51:38.424 [main] DEBUG com.jayway.jsonpath.internal.path.CompiledPath -- Evaluating path: $['modifiers']
12:51:38.424 [main] DEBUG com.jayway.jsonpath.internal.path.CompiledPath -- Evaluating path: $
12:51:38.424 [main] DEBUG com.jayway.jsonpath.internal.path.CompiledPath -- Evaluating path: $
12:51:38.424 [main] DEBUG com.jayway.jsonpath.internal.JsonContext -- Put path $ key modifiers value {}
12:51:38.424 [main] DEBUG com.jayway.jsonpath.internal.path.CompiledPath -- Evaluating path: $
12:51:38.424 [main] DEBUG com.jayway.jsonpath.internal.JsonContext -- Put path $ key modifiers value 0
12:51:38.424 [main] DEBUG com.jayway.jsonpath.internal.path.CompiledPath -- Evaluating path: $['type']
12:51:38.424 [main] DEBUG com.jayway.jsonpath.internal.path.CompiledPath -- Evaluating path: $
12:51:38.424 [main] DEBUG com.jayway.jsonpath.internal.path.CompiledPath -- Evaluating path: $
12:51:38.424 [main] DEBUG com.jayway.jsonpath.internal.JsonContext -- Put path $ key type value {}
12:51:38.424 [main] DEBUG com.jayway.jsonpath.internal.path.CompiledPath -- Evaluating path: $
12:51:38.424 [main] DEBUG com.jayway.jsonpath.internal.JsonContext -- Put path $ key type value keyUp
12:51:38.424 [main] DEBUG com.jayway.jsonpath.internal.path.CompiledPath -- Evaluating path: $['text']
12:51:38.424 [main] DEBUG com.jayway.jsonpath.internal.path.CompiledPath -- Evaluating path: $
12:51:38.424 [main] DEBUG com.jayway.jsonpath.internal.path.CompiledPath -- Evaluating path: $
12:51:38.424 [main] DEBUG com.jayway.jsonpath.internal.JsonContext -- Put path $ key text value {}
12:51:38.424 [main] DEBUG com.jayway.jsonpath.internal.path.CompiledPath -- Evaluating path: $
12:51:38.424 [main] DEBUG com.jayway.jsonpath.internal.JsonContext -- Put path $ key text value t
12:51:38.424 [main] DEBUG com.jayway.jsonpath.internal.path.CompiledPath -- Evaluating path: $['windowsVirtualKeyCode']
12:51:38.424 [main] DEBUG com.jayway.jsonpath.internal.path.CompiledPath -- Evaluating path: $
12:51:38.424 [main] DEBUG com.jayway.jsonpath.internal.path.CompiledPath -- Evaluating path: $
12:51:38.424 [main] DEBUG com.jayway.jsonpath.internal.JsonContext -- Put path $ key windowsVirtualKeyCode value {}
12:51:38.424 [main] DEBUG com.jayway.jsonpath.internal.path.CompiledPath -- Evaluating path: $
12:51:38.424 [main] DEBUG com.jayway.jsonpath.internal.JsonContext -- Put path $ key windowsVirtualKeyCode value 116
12:51:38.424 [main] DEBUG com.jayway.jsonpath.internal.path.CompiledPath -- Evaluating path: $
12:51:38.424 [main] DEBUG com.intuit.karate.driver.chrome_1718781694197 -- >> {"id":15,"sessionId":"C5D350463E671ACBC4E779692AFFC42B","method":"Input.dispatchKeyEvent","params":{"modifiers":0,"type":"keyUp","text":"t","windowsVirtualKeyCode":116}}
12:51:38.425 [nioEventLoopGroup-6-1] DEBUG com.intuit.karate.driver.chrome_1718781694197 -- << {"id":15,"result":{},"sessionId":"C5D350463E671ACBC4E779692AFFC42B"}
12:51:38.425 [nioEventLoopGroup-6-1] DEBUG com.jayway.jsonpath.internal.path.CompiledPath -- Evaluating path: $
12:51:38.426 [main] DEBUG com.jayway.jsonpath.internal.path.CompiledPath -- Evaluating path: $['modifiers']
12:51:38.426 [main] DEBUG com.jayway.jsonpath.internal.path.CompiledPath -- Evaluating path: $
12:51:38.426 [main] DEBUG com.jayway.jsonpath.internal.path.CompiledPath -- Evaluating path: $
12:51:38.426 [main] DEBUG com.jayway.jsonpath.internal.JsonContext -- Put path $ key modifiers value {}
12:51:38.426 [main] DEBUG com.jayway.jsonpath.internal.path.CompiledPath -- Evaluating path: $
12:51:38.426 [main] DEBUG com.jayway.jsonpath.internal.JsonContext -- Put path $ key modifiers value 0
12:51:38.426 [main] DEBUG com.jayway.jsonpath.internal.path.CompiledPath -- Evaluating path: $['type']
12:51:38.426 [main] DEBUG com.jayway.jsonpath.internal.path.CompiledPath -- Evaluating path: $
12:51:38.426 [main] DEBUG com.jayway.jsonpath.internal.path.CompiledPath -- Evaluating path: $
12:51:38.426 [main] DEBUG com.jayway.jsonpath.internal.JsonContext -- Put path $ key type value {}
12:51:38.426 [main] DEBUG com.jayway.jsonpath.internal.path.CompiledPath -- Evaluating path: $
12:51:38.426 [main] DEBUG com.jayway.jsonpath.internal.JsonContext -- Put path $ key type value rawKeyDown
12:51:38.426 [main] DEBUG com.jayway.jsonpath.internal.path.CompiledPath -- Evaluating path: $['text']
12:51:38.426 [main] DEBUG com.jayway.jsonpath.internal.path.CompiledPath -- Evaluating path: $
12:51:38.426 [main] DEBUG com.jayway.jsonpath.internal.path.CompiledPath -- Evaluating path: $
12:51:38.426 [main] DEBUG com.jayway.jsonpath.internal.JsonContext -- Put path $ key text value {}
12:51:38.426 [main] DEBUG com.jayway.jsonpath.internal.path.CompiledPath -- Evaluating path: $
12:51:38.426 [main] DEBUG com.jayway.jsonpath.internal.JsonContext -- Put path $ key text value a
12:51:38.426 [main] DEBUG com.jayway.jsonpath.internal.path.CompiledPath -- Evaluating path: $['windowsVirtualKeyCode']
12:51:38.426 [main] DEBUG com.jayway.jsonpath.internal.path.CompiledPath -- Evaluating path: $
12:51:38.426 [main] DEBUG com.jayway.jsonpath.internal.path.CompiledPath -- Evaluating path: $
12:51:38.426 [main] DEBUG com.jayway.jsonpath.internal.JsonContext -- Put path $ key windowsVirtualKeyCode value {}
12:51:38.426 [main] DEBUG com.jayway.jsonpath.internal.path.CompiledPath -- Evaluating path: $
12:51:38.426 [main] DEBUG com.jayway.jsonpath.internal.JsonContext -- Put path $ key windowsVirtualKeyCode value 97
12:51:38.426 [main] DEBUG com.jayway.jsonpath.internal.path.CompiledPath -- Evaluating path: $
12:51:38.426 [main] DEBUG com.intuit.karate.driver.chrome_1718781694197 -- >> {"id":16,"sessionId":"C5D350463E671ACBC4E779692AFFC42B","method":"Input.dispatchKeyEvent","params":{"modifiers":0,"type":"rawKeyDown","text":"a","windowsVirtualKeyCode":97}}
12:51:38.426 [nioEventLoopGroup-6-1] DEBUG com.intuit.karate.driver.chrome_1718781694197 -- << {"id":16,"result":{},"sessionId":"C5D350463E671ACBC4E779692AFFC42B"}
12:51:38.426 [nioEventLoopGroup-6-1] DEBUG com.jayway.jsonpath.internal.path.CompiledPath -- Evaluating path: $
12:51:38.427 [main] DEBUG com.jayway.jsonpath.internal.path.CompiledPath -- Evaluating path: $['modifiers']
12:51:38.427 [main] DEBUG com.jayway.jsonpath.internal.path.CompiledPath -- Evaluating path: $
12:51:38.427 [main] DEBUG com.jayway.jsonpath.internal.path.CompiledPath -- Evaluating path: $
12:51:38.427 [main] DEBUG com.jayway.jsonpath.internal.JsonContext -- Put path $ key modifiers value {}
12:51:38.427 [main] DEBUG com.jayway.jsonpath.internal.path.CompiledPath -- Evaluating path: $
12:51:38.427 [main] DEBUG com.jayway.jsonpath.internal.JsonContext -- Put path $ key modifiers value 0
12:51:38.427 [main] DEBUG com.jayway.jsonpath.internal.path.CompiledPath -- Evaluating path: $['type']
12:51:38.427 [main] DEBUG com.jayway.jsonpath.internal.path.CompiledPath -- Evaluating path: $
12:51:38.427 [main] DEBUG com.jayway.jsonpath.internal.path.CompiledPath -- Evaluating path: $
12:51:38.427 [main] DEBUG com.jayway.jsonpath.internal.JsonContext -- Put path $ key type value {}
12:51:38.427 [main] DEBUG com.jayway.jsonpath.internal.path.CompiledPath -- Evaluating path: $
12:51:38.427 [main] DEBUG com.jayway.jsonpath.internal.JsonContext -- Put path $ key type value char
12:51:38.427 [main] DEBUG com.jayway.jsonpath.internal.path.CompiledPath -- Evaluating path: $['text']
12:51:38.427 [main] DEBUG com.jayway.jsonpath.internal.path.CompiledPath -- Evaluating path: $
12:51:38.427 [main] DEBUG com.jayway.jsonpath.internal.path.CompiledPath -- Evaluating path: $
12:51:38.427 [main] DEBUG com.jayway.jsonpath.internal.JsonContext -- Put path $ key text value {}
12:51:38.427 [main] DEBUG com.jayway.jsonpath.internal.path.CompiledPath -- Evaluating path: $
12:51:38.427 [main] DEBUG com.jayway.jsonpath.internal.JsonContext -- Put path $ key text value a
12:51:38.427 [main] DEBUG com.jayway.jsonpath.internal.path.CompiledPath -- Evaluating path: $['windowsVirtualKeyCode']
12:51:38.427 [main] DEBUG com.jayway.jsonpath.internal.path.CompiledPath -- Evaluating path: $
12:51:38.427 [main] DEBUG com.jayway.jsonpath.internal.path.CompiledPath -- Evaluating path: $
12:51:38.427 [main] DEBUG com.jayway.jsonpath.internal.JsonContext -- Put path $ key windowsVirtualKeyCode value {}
12:51:38.427 [main] DEBUG com.jayway.jsonpath.internal.path.CompiledPath -- Evaluating path: $
12:51:38.427 [main] DEBUG com.jayway.jsonpath.internal.JsonContext -- Put path $ key windowsVirtualKeyCode value 97
12:51:38.427 [main] DEBUG com.jayway.jsonpath.internal.path.CompiledPath -- Evaluating path: $
12:51:38.427 [main] DEBUG com.intuit.karate.driver.chrome_1718781694197 -- >> {"id":17,"sessionId":"C5D350463E671ACBC4E779692AFFC42B","method":"Input.dispatchKeyEvent","params":{"modifiers":0,"type":"char","text":"a","windowsVirtualKeyCode":97}}
12:51:38.428 [nioEventLoopGroup-6-1] DEBUG com.intuit.karate.driver.chrome_1718781694197 -- << {"id":17,"result":{},"sessionId":"C5D350463E671ACBC4E779692AFFC42B"}
12:51:38.428 [nioEventLoopGroup-6-1] DEBUG com.jayway.jsonpath.internal.path.CompiledPath -- Evaluating path: $
12:51:38.428 [main] DEBUG com.jayway.jsonpath.internal.path.CompiledPath -- Evaluating path: $['modifiers']
12:51:38.429 [main] DEBUG com.jayway.jsonpath.internal.path.CompiledPath -- Evaluating path: $
12:51:38.429 [main] DEBUG com.jayway.jsonpath.internal.path.CompiledPath -- Evaluating path: $
12:51:38.429 [main] DEBUG com.jayway.jsonpath.internal.JsonContext -- Put path $ key modifiers value {}
12:51:38.429 [main] DEBUG com.jayway.jsonpath.internal.path.CompiledPath -- Evaluating path: $
12:51:38.429 [main] DEBUG com.jayway.jsonpath.internal.JsonContext -- Put path $ key modifiers value 0
12:51:38.429 [main] DEBUG com.jayway.jsonpath.internal.path.CompiledPath -- Evaluating path: $['type']
12:51:38.429 [main] DEBUG com.jayway.jsonpath.internal.path.CompiledPath -- Evaluating path: $
12:51:38.429 [main] DEBUG com.jayway.jsonpath.internal.path.CompiledPath -- Evaluating path: $
12:51:38.429 [main] DEBUG com.jayway.jsonpath.internal.JsonContext -- Put path $ key type value {}
12:51:38.429 [main] DEBUG com.jayway.jsonpath.internal.path.CompiledPath -- Evaluating path: $
12:51:38.429 [main] DEBUG com.jayway.jsonpath.internal.JsonContext -- Put path $ key type value keyUp
12:51:38.429 [main] DEBUG com.jayway.jsonpath.internal.path.CompiledPath -- Evaluating path: $['text']
12:51:38.429 [main] DEBUG com.jayway.jsonpath.internal.path.CompiledPath -- Evaluating path: $
12:51:38.429 [main] DEBUG com.jayway.jsonpath.internal.path.CompiledPath -- Evaluating path: $
12:51:38.429 [main] DEBUG com.jayway.jsonpath.internal.JsonContext -- Put path $ key text value {}
12:51:38.429 [main] DEBUG com.jayway.jsonpath.internal.path.CompiledPath -- Evaluating path: $
12:51:38.429 [main] DEBUG com.jayway.jsonpath.internal.JsonContext -- Put path $ key text value a
12:51:38.429 [main] DEBUG com.jayway.jsonpath.internal.path.CompiledPath -- Evaluating path: $['windowsVirtualKeyCode']
12:51:38.429 [main] DEBUG com.jayway.jsonpath.internal.path.CompiledPath -- Evaluating path: $
12:51:38.429 [main] DEBUG com.jayway.jsonpath.internal.path.CompiledPath -- Evaluating path: $
12:51:38.429 [main] DEBUG com.jayway.jsonpath.internal.JsonContext -- Put path $ key windowsVirtualKeyCode value {}
12:51:38.429 [main] DEBUG com.jayway.jsonpath.internal.path.CompiledPath -- Evaluating path: $
12:51:38.429 [main] DEBUG com.jayway.jsonpath.internal.JsonContext -- Put path $ key windowsVirtualKeyCode value 97
12:51:38.429 [main] DEBUG com.jayway.jsonpath.internal.path.CompiledPath -- Evaluating path: $
12:51:38.429 [main] DEBUG com.intuit.karate.driver.chrome_1718781694197 -- >> {"id":18,"sessionId":"C5D350463E671ACBC4E779692AFFC42B","method":"Input.dispatchKeyEvent","params":{"modifiers":0,"type":"keyUp","text":"a","windowsVirtualKeyCode":97}}
12:51:38.431 [nioEventLoopGroup-6-1] DEBUG com.intuit.karate.driver.chrome_1718781694197 -- << {"id":18,"result":{},"sessionId":"C5D350463E671ACBC4E779692AFFC42B"}
12:51:38.431 [nioEventLoopGroup-6-1] DEBUG com.jayway.jsonpath.internal.path.CompiledPath -- Evaluating path: $
12:51:38.431 [main] DEBUG com.jayway.jsonpath.internal.path.CompiledPath -- Evaluating path: $['modifiers']
12:51:38.431 [main] DEBUG com.jayway.jsonpath.internal.path.CompiledPath -- Evaluating path: $
12:51:38.431 [main] DEBUG com.jayway.jsonpath.internal.path.CompiledPath -- Evaluating path: $
12:51:38.431 [main] DEBUG com.jayway.jsonpath.internal.JsonContext -- Put path $ key modifiers value {}
12:51:38.431 [main] DEBUG com.jayway.jsonpath.internal.path.CompiledPath -- Evaluating path: $
12:51:38.431 [main] DEBUG com.jayway.jsonpath.internal.JsonContext -- Put path $ key modifiers value 0
12:51:38.431 [main] DEBUG com.jayway.jsonpath.internal.path.CompiledPath -- Evaluating path: $['type']
12:51:38.431 [main] DEBUG com.jayway.jsonpath.internal.path.CompiledPath -- Evaluating path: $
12:51:38.431 [main] DEBUG com.jayway.jsonpath.internal.path.CompiledPath -- Evaluating path: $
12:51:38.431 [main] DEBUG com.jayway.jsonpath.internal.JsonContext -- Put path $ key type value {}
12:51:38.431 [main] DEBUG com.jayway.jsonpath.internal.path.CompiledPath -- Evaluating path: $
12:51:38.431 [main] DEBUG com.jayway.jsonpath.internal.JsonContext -- Put path $ key type value rawKeyDown
12:51:38.431 [main] DEBUG com.jayway.jsonpath.internal.path.CompiledPath -- Evaluating path: $['text']
12:51:38.431 [main] DEBUG com.jayway.jsonpath.internal.path.CompiledPath -- Evaluating path: $
12:51:38.431 [main] DEBUG com.jayway.jsonpath.internal.path.CompiledPath -- Evaluating path: $
12:51:38.431 [main] DEBUG com.jayway.jsonpath.internal.JsonContext -- Put path $ key text value {}
12:51:38.431 [main] DEBUG com.jayway.jsonpath.internal.path.CompiledPath -- Evaluating path: $
12:51:38.431 [main] DEBUG com.jayway.jsonpath.internal.JsonContext -- Put path $ key text value n
12:51:38.431 [main] DEBUG com.jayway.jsonpath.internal.path.CompiledPath -- Evaluating path: $['windowsVirtualKeyCode']
12:51:38.431 [main] DEBUG com.jayway.jsonpath.internal.path.CompiledPath -- Evaluating path: $
12:51:38.431 [main] DEBUG com.jayway.jsonpath.internal.path.CompiledPath -- Evaluating path: $
12:51:38.431 [main] DEBUG com.jayway.jsonpath.internal.JsonContext -- Put path $ key windowsVirtualKeyCode value {}
12:51:38.431 [main] DEBUG com.jayway.jsonpath.internal.path.CompiledPath -- Evaluating path: $
12:51:38.431 [main] DEBUG com.jayway.jsonpath.internal.JsonContext -- Put path $ key windowsVirtualKeyCode value 110
12:51:38.431 [main] DEBUG com.jayway.jsonpath.internal.path.CompiledPath -- Evaluating path: $
12:51:38.431 [main] DEBUG com.intuit.karate.driver.chrome_1718781694197 -- >> {"id":19,"sessionId":"C5D350463E671ACBC4E779692AFFC42B","method":"Input.dispatchKeyEvent","params":{"modifiers":0,"type":"rawKeyDown","text":"n","windowsVirtualKeyCode":110}}
12:51:38.432 [nioEventLoopGroup-6-1] DEBUG com.intuit.karate.driver.chrome_1718781694197 -- << {"id":19,"result":{},"sessionId":"C5D350463E671ACBC4E779692AFFC42B"}
12:51:38.432 [nioEventLoopGroup-6-1] DEBUG com.jayway.jsonpath.internal.path.CompiledPath -- Evaluating path: $
12:51:38.432 [main] DEBUG com.jayway.jsonpath.internal.path.CompiledPath -- Evaluating path: $['modifiers']
12:51:38.432 [main] DEBUG com.jayway.jsonpath.internal.path.CompiledPath -- Evaluating path: $
12:51:38.432 [main] DEBUG com.jayway.jsonpath.internal.path.CompiledPath -- Evaluating path: $
12:51:38.432 [main] DEBUG com.jayway.jsonpath.internal.JsonContext -- Put path $ key modifiers value {}
12:51:38.432 [main] DEBUG com.jayway.jsonpath.internal.path.CompiledPath -- Evaluating path: $
12:51:38.432 [main] DEBUG com.jayway.jsonpath.internal.JsonContext -- Put path $ key modifiers value 0
12:51:38.432 [main] DEBUG com.jayway.jsonpath.internal.path.CompiledPath -- Evaluating path: $['type']
12:51:38.432 [main] DEBUG com.jayway.jsonpath.internal.path.CompiledPath -- Evaluating path: $
12:51:38.432 [main] DEBUG com.jayway.jsonpath.internal.path.CompiledPath -- Evaluating path: $
12:51:38.432 [main] DEBUG com.jayway.jsonpath.internal.JsonContext -- Put path $ key type value {}
12:51:38.432 [main] DEBUG com.jayway.jsonpath.internal.path.CompiledPath -- Evaluating path: $
12:51:38.432 [main] DEBUG com.jayway.jsonpath.internal.JsonContext -- Put path $ key type value char
12:51:38.432 [main] DEBUG com.jayway.jsonpath.internal.path.CompiledPath -- Evaluating path: $['text']
12:51:38.432 [main] DEBUG com.jayway.jsonpath.internal.path.CompiledPath -- Evaluating path: $
12:51:38.432 [main] DEBUG com.jayway.jsonpath.internal.path.CompiledPath -- Evaluating path: $
12:51:38.432 [main] DEBUG com.jayway.jsonpath.internal.JsonContext -- Put path $ key text value {}
12:51:38.432 [main] DEBUG com.jayway.jsonpath.internal.path.CompiledPath -- Evaluating path: $
12:51:38.432 [main] DEBUG com.jayway.jsonpath.internal.JsonContext -- Put path $ key text value n
12:51:38.432 [main] DEBUG com.jayway.jsonpath.internal.path.CompiledPath -- Evaluating path: $['windowsVirtualKeyCode']
12:51:38.432 [main] DEBUG com.jayway.jsonpath.internal.path.CompiledPath -- Evaluating path: $
12:51:38.432 [main] DEBUG com.jayway.jsonpath.internal.path.CompiledPath -- Evaluating path: $
12:51:38.432 [main] DEBUG com.jayway.jsonpath.internal.JsonContext -- Put path $ key windowsVirtualKeyCode value {}
12:51:38.432 [main] DEBUG com.jayway.jsonpath.internal.path.CompiledPath -- Evaluating path: $
12:51:38.432 [main] DEBUG com.jayway.jsonpath.internal.JsonContext -- Put path $ key windowsVirtualKeyCode value 110
12:51:38.432 [main] DEBUG com.jayway.jsonpath.internal.path.CompiledPath -- Evaluating path: $
12:51:38.432 [main] DEBUG com.intuit.karate.driver.chrome_1718781694197 -- >> {"id":20,"sessionId":"C5D350463E671ACBC4E779692AFFC42B","method":"Input.dispatchKeyEvent","params":{"modifiers":0,"type":"char","text":"n","windowsVirtualKeyCode":110}}
12:51:38.435 [nioEventLoopGroup-6-1] DEBUG com.intuit.karate.driver.chrome_1718781694197 -- << {"id":20,"result":{},"sessionId":"C5D350463E671ACBC4E779692AFFC42B"}
12:51:38.435 [nioEventLoopGroup-6-1] DEBUG com.jayway.jsonpath.internal.path.CompiledPath -- Evaluating path: $
12:51:38.436 [main] DEBUG com.jayway.jsonpath.internal.path.CompiledPath -- Evaluating path: $['modifiers']
12:51:38.436 [main] DEBUG com.jayway.jsonpath.internal.path.CompiledPath -- Evaluating path: $
12:51:38.436 [main] DEBUG com.jayway.jsonpath.internal.path.CompiledPath -- Evaluating path: $
12:51:38.436 [main] DEBUG com.jayway.jsonpath.internal.JsonContext -- Put path $ key modifiers value {}
12:51:38.436 [main] DEBUG com.jayway.jsonpath.internal.path.CompiledPath -- Evaluating path: $
12:51:38.436 [main] DEBUG com.jayway.jsonpath.internal.JsonContext -- Put path $ key modifiers value 0
12:51:38.436 [main] DEBUG com.jayway.jsonpath.internal.path.CompiledPath -- Evaluating path: $['type']
12:51:38.436 [main] DEBUG com.jayway.jsonpath.internal.path.CompiledPath -- Evaluating path: $
12:51:38.436 [main] DEBUG com.jayway.jsonpath.internal.path.CompiledPath -- Evaluating path: $
12:51:38.436 [main] DEBUG com.jayway.jsonpath.internal.JsonContext -- Put path $ key type value {}
12:51:38.436 [main] DEBUG com.jayway.jsonpath.internal.path.CompiledPath -- Evaluating path: $
12:51:38.436 [main] DEBUG com.jayway.jsonpath.internal.JsonContext -- Put path $ key type value keyUp
12:51:38.436 [main] DEBUG com.jayway.jsonpath.internal.path.CompiledPath -- Evaluating path: $['text']
12:51:38.436 [main] DEBUG com.jayway.jsonpath.internal.path.CompiledPath -- Evaluating path: $
12:51:38.436 [main] DEBUG com.jayway.jsonpath.internal.path.CompiledPath -- Evaluating path: $
12:51:38.436 [main] DEBUG com.jayway.jsonpath.internal.JsonContext -- Put path $ key text value {}
12:51:38.436 [main] DEBUG com.jayway.jsonpath.internal.path.CompiledPath -- Evaluating path: $
12:51:38.436 [main] DEBUG com.jayway.jsonpath.internal.JsonContext -- Put path $ key text value n
12:51:38.436 [main] DEBUG com.jayway.jsonpath.internal.path.CompiledPath -- Evaluating path: $['windowsVirtualKeyCode']
12:51:38.436 [main] DEBUG com.jayway.jsonpath.internal.path.CompiledPath -- Evaluating path: $
12:51:38.436 [main] DEBUG com.jayway.jsonpath.internal.path.CompiledPath -- Evaluating path: $
12:51:38.436 [main] DEBUG com.jayway.jsonpath.internal.JsonContext -- Put path $ key windowsVirtualKeyCode value {}
12:51:38.436 [main] DEBUG com.jayway.jsonpath.internal.path.CompiledPath -- Evaluating path: $
12:51:38.436 [main] DEBUG com.jayway.jsonpath.internal.JsonContext -- Put path $ key windowsVirtualKeyCode value 110
12:51:38.436 [main] DEBUG com.jayway.jsonpath.internal.path.CompiledPath -- Evaluating path: $
12:51:38.436 [main] DEBUG com.intuit.karate.driver.chrome_1718781694197 -- >> {"id":21,"sessionId":"C5D350463E671ACBC4E779692AFFC42B","method":"Input.dispatchKeyEvent","params":{"modifiers":0,"type":"keyUp","text":"n","windowsVirtualKeyCode":110}}
12:51:38.436 [nioEventLoopGroup-6-1] DEBUG com.intuit.karate.driver.chrome_1718781694197 -- << {"id":21,"result":{},"sessionId":"C5D350463E671ACBC4E779692AFFC42B"}
12:51:38.436 [nioEventLoopGroup-6-1] DEBUG com.jayway.jsonpath.internal.path.CompiledPath -- Evaluating path: $
12:51:38.436 [main] DEBUG com.jayway.jsonpath.internal.path.CompiledPath -- Evaluating path: $['modifiers']
12:51:38.437 [main] DEBUG com.jayway.jsonpath.internal.path.CompiledPath -- Evaluating path: $
12:51:38.437 [main] DEBUG com.jayway.jsonpath.internal.path.CompiledPath -- Evaluating path: $
12:51:38.437 [main] DEBUG com.jayway.jsonpath.internal.JsonContext -- Put path $ key modifiers value {}
12:51:38.437 [main] DEBUG com.jayway.jsonpath.internal.path.CompiledPath -- Evaluating path: $
12:51:38.437 [main] DEBUG com.jayway.jsonpath.internal.JsonContext -- Put path $ key modifiers value 0
12:51:38.437 [main] DEBUG com.jayway.jsonpath.internal.path.CompiledPath -- Evaluating path: $['type']
12:51:38.437 [main] DEBUG com.jayway.jsonpath.internal.path.CompiledPath -- Evaluating path: $
12:51:38.437 [main] DEBUG com.jayway.jsonpath.internal.path.CompiledPath -- Evaluating path: $
12:51:38.437 [main] DEBUG com.jayway.jsonpath.internal.JsonContext -- Put path $ key type value {}
12:51:38.437 [main] DEBUG com.jayway.jsonpath.internal.path.CompiledPath -- Evaluating path: $
12:51:38.437 [main] DEBUG com.jayway.jsonpath.internal.JsonContext -- Put path $ key type value rawKeyDown
12:51:38.437 [main] DEBUG com.jayway.jsonpath.internal.path.CompiledPath -- Evaluating path: $['text']
12:51:38.437 [main] DEBUG com.jayway.jsonpath.internal.path.CompiledPath -- Evaluating path: $
12:51:38.437 [main] DEBUG com.jayway.jsonpath.internal.path.CompiledPath -- Evaluating path: $
12:51:38.437 [main] DEBUG com.jayway.jsonpath.internal.JsonContext -- Put path $ key text value {}
12:51:38.437 [main] DEBUG com.jayway.jsonpath.internal.path.CompiledPath -- Evaluating path: $
12:51:38.437 [main] DEBUG com.jayway.jsonpath.internal.JsonContext -- Put path $ key text value d
12:51:38.437 [main] DEBUG com.jayway.jsonpath.internal.path.CompiledPath -- Evaluating path: $['windowsVirtualKeyCode']
12:51:38.437 [main] DEBUG com.jayway.jsonpath.internal.path.CompiledPath -- Evaluating path: $
12:51:38.437 [main] DEBUG com.jayway.jsonpath.internal.path.CompiledPath -- Evaluating path: $
12:51:38.437 [main] DEBUG com.jayway.jsonpath.internal.JsonContext -- Put path $ key windowsVirtualKeyCode value {}
12:51:38.437 [main] DEBUG com.jayway.jsonpath.internal.path.CompiledPath -- Evaluating path: $
12:51:38.437 [main] DEBUG com.jayway.jsonpath.internal.JsonContext -- Put path $ key windowsVirtualKeyCode value 100
12:51:38.437 [main] DEBUG com.jayway.jsonpath.internal.path.CompiledPath -- Evaluating path: $
12:51:38.437 [main] DEBUG com.intuit.karate.driver.chrome_1718781694197 -- >> {"id":22,"sessionId":"C5D350463E671ACBC4E779692AFFC42B","method":"Input.dispatchKeyEvent","params":{"modifiers":0,"type":"rawKeyDown","text":"d","windowsVirtualKeyCode":100}}
12:51:38.438 [nioEventLoopGroup-6-1] DEBUG com.intuit.karate.driver.chrome_1718781694197 -- << {"id":22,"result":{},"sessionId":"C5D350463E671ACBC4E779692AFFC42B"}
12:51:38.438 [nioEventLoopGroup-6-1] DEBUG com.jayway.jsonpath.internal.path.CompiledPath -- Evaluating path: $
12:51:38.438 [main] DEBUG com.jayway.jsonpath.internal.path.CompiledPath -- Evaluating path: $['modifiers']
12:51:38.438 [main] DEBUG com.jayway.jsonpath.internal.path.CompiledPath -- Evaluating path: $
12:51:38.438 [main] DEBUG com.jayway.jsonpath.internal.path.CompiledPath -- Evaluating path: $
12:51:38.438 [main] DEBUG com.jayway.jsonpath.internal.JsonContext -- Put path $ key modifiers value {}
12:51:38.438 [main] DEBUG com.jayway.jsonpath.internal.path.CompiledPath -- Evaluating path: $
12:51:38.438 [main] DEBUG com.jayway.jsonpath.internal.JsonContext -- Put path $ key modifiers value 0
12:51:38.438 [main] DEBUG com.jayway.jsonpath.internal.path.CompiledPath -- Evaluating path: $['type']
12:51:38.438 [main] DEBUG com.jayway.jsonpath.internal.path.CompiledPath -- Evaluating path: $
12:51:38.438 [main] DEBUG com.jayway.jsonpath.internal.path.CompiledPath -- Evaluating path: $
12:51:38.438 [main] DEBUG com.jayway.jsonpath.internal.JsonContext -- Put path $ key type value {}
12:51:38.438 [main] DEBUG com.jayway.jsonpath.internal.path.CompiledPath -- Evaluating path: $
12:51:38.438 [main] DEBUG com.jayway.jsonpath.internal.JsonContext -- Put path $ key type value char
12:51:38.438 [main] DEBUG com.jayway.jsonpath.internal.path.CompiledPath -- Evaluating path: $['text']
12:51:38.438 [main] DEBUG com.jayway.jsonpath.internal.path.CompiledPath -- Evaluating path: $
12:51:38.438 [main] DEBUG com.jayway.jsonpath.internal.path.CompiledPath -- Evaluating path: $
12:51:38.438 [main] DEBUG com.jayway.jsonpath.internal.JsonContext -- Put path $ key text value {}
12:51:38.438 [main] DEBUG com.jayway.jsonpath.internal.path.CompiledPath -- Evaluating path: $
12:51:38.438 [main] DEBUG com.jayway.jsonpath.internal.JsonContext -- Put path $ key text value d
12:51:38.438 [main] DEBUG com.jayway.jsonpath.internal.path.CompiledPath -- Evaluating path: $['windowsVirtualKeyCode']
12:51:38.438 [main] DEBUG com.jayway.jsonpath.internal.path.CompiledPath -- Evaluating path: $
12:51:38.438 [main] DEBUG com.jayway.jsonpath.internal.path.CompiledPath -- Evaluating path: $
12:51:38.438 [main] DEBUG com.jayway.jsonpath.internal.JsonContext -- Put path $ key windowsVirtualKeyCode value {}
12:51:38.438 [main] DEBUG com.jayway.jsonpath.internal.path.CompiledPath -- Evaluating path: $
12:51:38.438 [main] DEBUG com.jayway.jsonpath.internal.JsonContext -- Put path $ key windowsVirtualKeyCode value 100
12:51:38.438 [main] DEBUG com.jayway.jsonpath.internal.path.CompiledPath -- Evaluating path: $
12:51:38.438 [main] DEBUG com.intuit.karate.driver.chrome_1718781694197 -- >> {"id":23,"sessionId":"C5D350463E671ACBC4E779692AFFC42B","method":"Input.dispatchKeyEvent","params":{"modifiers":0,"type":"char","text":"d","windowsVirtualKeyCode":100}}
12:51:38.440 [nioEventLoopGroup-6-1] DEBUG com.intuit.karate.driver.chrome_1718781694197 -- << {"id":23,"result":{},"sessionId":"C5D350463E671ACBC4E779692AFFC42B"}
12:51:38.440 [nioEventLoopGroup-6-1] DEBUG com.jayway.jsonpath.internal.path.CompiledPath -- Evaluating path: $
12:51:38.440 [main] DEBUG com.jayway.jsonpath.internal.path.CompiledPath -- Evaluating path: $['modifiers']
12:51:38.440 [main] DEBUG com.jayway.jsonpath.internal.path.CompiledPath -- Evaluating path: $
12:51:38.440 [main] DEBUG com.jayway.jsonpath.internal.path.CompiledPath -- Evaluating path: $
12:51:38.440 [main] DEBUG com.jayway.jsonpath.internal.JsonContext -- Put path $ key modifiers value {}
12:51:38.440 [main] DEBUG com.jayway.jsonpath.internal.path.CompiledPath -- Evaluating path: $
12:51:38.440 [main] DEBUG com.jayway.jsonpath.internal.JsonContext -- Put path $ key modifiers value 0
12:51:38.440 [main] DEBUG com.jayway.jsonpath.internal.path.CompiledPath -- Evaluating path: $['type']
12:51:38.440 [main] DEBUG com.jayway.jsonpath.internal.path.CompiledPath -- Evaluating path: $
12:51:38.440 [main] DEBUG com.jayway.jsonpath.internal.path.CompiledPath -- Evaluating path: $
12:51:38.440 [main] DEBUG com.jayway.jsonpath.internal.JsonContext -- Put path $ key type value {}
12:51:38.440 [main] DEBUG com.jayway.jsonpath.internal.path.CompiledPath -- Evaluating path: $
12:51:38.440 [main] DEBUG com.jayway.jsonpath.internal.JsonContext -- Put path $ key type value keyUp
12:51:38.440 [main] DEBUG com.jayway.jsonpath.internal.path.CompiledPath -- Evaluating path: $['text']
12:51:38.440 [main] DEBUG com.jayway.jsonpath.internal.path.CompiledPath -- Evaluating path: $
12:51:38.440 [main] DEBUG com.jayway.jsonpath.internal.path.CompiledPath -- Evaluating path: $
12:51:38.440 [main] DEBUG com.jayway.jsonpath.internal.JsonContext -- Put path $ key text value {}
12:51:38.440 [main] DEBUG com.jayway.jsonpath.internal.path.CompiledPath -- Evaluating path: $
12:51:38.440 [main] DEBUG com.jayway.jsonpath.internal.JsonContext -- Put path $ key text value d
12:51:38.440 [main] DEBUG com.jayway.jsonpath.internal.path.CompiledPath -- Evaluating path: $['windowsVirtualKeyCode']
12:51:38.440 [main] DEBUG com.jayway.jsonpath.internal.path.CompiledPath -- Evaluating path: $
12:51:38.440 [main] DEBUG com.jayway.jsonpath.internal.path.CompiledPath -- Evaluating path: $
12:51:38.440 [main] DEBUG com.jayway.jsonpath.internal.JsonContext -- Put path $ key windowsVirtualKeyCode value {}
12:51:38.440 [main] DEBUG com.jayway.jsonpath.internal.path.CompiledPath -- Evaluating path: $
12:51:38.440 [main] DEBUG com.jayway.jsonpath.internal.JsonContext -- Put path $ key windowsVirtualKeyCode value 100
12:51:38.440 [main] DEBUG com.jayway.jsonpath.internal.path.CompiledPath -- Evaluating path: $
12:51:38.440 [main] DEBUG com.intuit.karate.driver.chrome_1718781694197 -- >> {"id":24,"sessionId":"C5D350463E671ACBC4E779692AFFC42B","method":"Input.dispatchKeyEvent","params":{"modifiers":0,"type":"keyUp","text":"d","windowsVirtualKeyCode":100}}
12:51:38.441 [nioEventLoopGroup-6-1] DEBUG com.intuit.karate.driver.chrome_1718781694197 -- << {"id":24,"result":{},"sessionId":"C5D350463E671ACBC4E779692AFFC42B"}
12:51:38.441 [nioEventLoopGroup-6-1] DEBUG com.jayway.jsonpath.internal.path.CompiledPath -- Evaluating path: $
12:51:38.442 [main] DEBUG com.jayway.jsonpath.internal.path.CompiledPath -- Evaluating path: $['modifiers']
12:51:38.442 [main] DEBUG com.jayway.jsonpath.internal.path.CompiledPath -- Evaluating path: $
12:51:38.442 [main] DEBUG com.jayway.jsonpath.internal.path.CompiledPath -- Evaluating path: $
12:51:38.442 [main] DEBUG com.jayway.jsonpath.internal.JsonContext -- Put path $ key modifiers value {}
12:51:38.442 [main] DEBUG com.jayway.jsonpath.internal.path.CompiledPath -- Evaluating path: $
12:51:38.442 [main] DEBUG com.jayway.jsonpath.internal.JsonContext -- Put path $ key modifiers value 0
12:51:38.442 [main] DEBUG com.jayway.jsonpath.internal.path.CompiledPath -- Evaluating path: $['type']
12:51:38.442 [main] DEBUG com.jayway.jsonpath.internal.path.CompiledPath -- Evaluating path: $
12:51:38.442 [main] DEBUG com.jayway.jsonpath.internal.path.CompiledPath -- Evaluating path: $
12:51:38.442 [main] DEBUG com.jayway.jsonpath.internal.JsonContext -- Put path $ key type value {}
12:51:38.442 [main] DEBUG com.jayway.jsonpath.internal.path.CompiledPath -- Evaluating path: $
12:51:38.442 [main] DEBUG com.jayway.jsonpath.internal.JsonContext -- Put path $ key type value rawKeyDown
12:51:38.442 [main] DEBUG com.jayway.jsonpath.internal.path.CompiledPath -- Evaluating path: $['text']
12:51:38.442 [main] DEBUG com.jayway.jsonpath.internal.path.CompiledPath -- Evaluating path: $
12:51:38.442 [main] DEBUG com.jayway.jsonpath.internal.path.CompiledPath -- Evaluating path: $
12:51:38.442 [main] DEBUG com.jayway.jsonpath.internal.JsonContext -- Put path $ key text value {}
12:51:38.442 [main] DEBUG com.jayway.jsonpath.internal.path.CompiledPath -- Evaluating path: $
12:51:38.442 [main] DEBUG com.jayway.jsonpath.internal.JsonContext -- Put path $ key text value a
12:51:38.442 [main] DEBUG com.jayway.jsonpath.internal.path.CompiledPath -- Evaluating path: $['windowsVirtualKeyCode']
12:51:38.442 [main] DEBUG com.jayway.jsonpath.internal.path.CompiledPath -- Evaluating path: $
12:51:38.442 [main] DEBUG com.jayway.jsonpath.internal.path.CompiledPath -- Evaluating path: $
12:51:38.442 [main] DEBUG com.jayway.jsonpath.internal.JsonContext -- Put path $ key windowsVirtualKeyCode value {}
12:51:38.442 [main] DEBUG com.jayway.jsonpath.internal.path.CompiledPath -- Evaluating path: $
12:51:38.442 [main] DEBUG com.jayway.jsonpath.internal.JsonContext -- Put path $ key windowsVirtualKeyCode value 97
12:51:38.442 [main] DEBUG com.jayway.jsonpath.internal.path.CompiledPath -- Evaluating path: $
12:51:38.442 [main] DEBUG com.intuit.karate.driver.chrome_1718781694197 -- >> {"id":25,"sessionId":"C5D350463E671ACBC4E779692AFFC42B","method":"Input.dispatchKeyEvent","params":{"modifiers":0,"type":"rawKeyDown","text":"a","windowsVirtualKeyCode":97}}
12:51:38.443 [nioEventLoopGroup-6-1] DEBUG com.intuit.karate.driver.chrome_1718781694197 -- << {"id":25,"result":{},"sessionId":"C5D350463E671ACBC4E779692AFFC42B"}
12:51:38.443 [nioEventLoopGroup-6-1] DEBUG com.jayway.jsonpath.internal.path.CompiledPath -- Evaluating path: $
12:51:38.443 [main] DEBUG com.jayway.jsonpath.internal.path.CompiledPath -- Evaluating path: $['modifiers']
12:51:38.443 [main] DEBUG com.jayway.jsonpath.internal.path.CompiledPath -- Evaluating path: $
12:51:38.443 [main] DEBUG com.jayway.jsonpath.internal.path.CompiledPath -- Evaluating path: $
12:51:38.443 [main] DEBUG com.jayway.jsonpath.internal.JsonContext -- Put path $ key modifiers value {}
12:51:38.443 [main] DEBUG com.jayway.jsonpath.internal.path.CompiledPath -- Evaluating path: $
12:51:38.443 [main] DEBUG com.jayway.jsonpath.internal.JsonContext -- Put path $ key modifiers value 0
12:51:38.443 [main] DEBUG com.jayway.jsonpath.internal.path.CompiledPath -- Evaluating path: $['type']
12:51:38.443 [main] DEBUG com.jayway.jsonpath.internal.path.CompiledPath -- Evaluating path: $
12:51:38.443 [main] DEBUG com.jayway.jsonpath.internal.path.CompiledPath -- Evaluating path: $
12:51:38.443 [main] DEBUG com.jayway.jsonpath.internal.JsonContext -- Put path $ key type value {}
12:51:38.443 [main] DEBUG com.jayway.jsonpath.internal.path.CompiledPath -- Evaluating path: $
12:51:38.443 [main] DEBUG com.jayway.jsonpath.internal.JsonContext -- Put path $ key type value char
12:51:38.443 [main] DEBUG com.jayway.jsonpath.internal.path.CompiledPath -- Evaluating path: $['text']
12:51:38.443 [main] DEBUG com.jayway.jsonpath.internal.path.CompiledPath -- Evaluating path: $
12:51:38.443 [main] DEBUG com.jayway.jsonpath.internal.path.CompiledPath -- Evaluating path: $
12:51:38.443 [main] DEBUG com.jayway.jsonpath.internal.JsonContext -- Put path $ key text value {}
12:51:38.443 [main] DEBUG com.jayway.jsonpath.internal.path.CompiledPath -- Evaluating path: $
12:51:38.443 [main] DEBUG com.jayway.jsonpath.internal.JsonContext -- Put path $ key text value a
12:51:38.443 [main] DEBUG com.jayway.jsonpath.internal.path.CompiledPath -- Evaluating path: $['windowsVirtualKeyCode']
12:51:38.443 [main] DEBUG com.jayway.jsonpath.internal.path.CompiledPath -- Evaluating path: $
12:51:38.443 [main] DEBUG com.jayway.jsonpath.internal.path.CompiledPath -- Evaluating path: $
12:51:38.443 [main] DEBUG com.jayway.jsonpath.internal.JsonContext -- Put path $ key windowsVirtualKeyCode value {}
12:51:38.443 [main] DEBUG com.jayway.jsonpath.internal.path.CompiledPath -- Evaluating path: $
12:51:38.443 [main] DEBUG com.jayway.jsonpath.internal.JsonContext -- Put path $ key windowsVirtualKeyCode value 97
12:51:38.443 [main] DEBUG com.jayway.jsonpath.internal.path.CompiledPath -- Evaluating path: $
12:51:38.443 [main] DEBUG com.intuit.karate.driver.chrome_1718781694197 -- >> {"id":26,"sessionId":"C5D350463E671ACBC4E779692AFFC42B","method":"Input.dispatchKeyEvent","params":{"modifiers":0,"type":"char","text":"a","windowsVirtualKeyCode":97}}
12:51:38.447 [nioEventLoopGroup-6-1] DEBUG com.intuit.karate.driver.chrome_1718781694197 -- << {"id":26,"result":{},"sessionId":"C5D350463E671ACBC4E779692AFFC42B"}
12:51:38.447 [nioEventLoopGroup-6-1] DEBUG com.jayway.jsonpath.internal.path.CompiledPath -- Evaluating path: $
12:51:38.447 [main] DEBUG com.jayway.jsonpath.internal.path.CompiledPath -- Evaluating path: $['modifiers']
12:51:38.447 [main] DEBUG com.jayway.jsonpath.internal.path.CompiledPath -- Evaluating path: $
12:51:38.447 [main] DEBUG com.jayway.jsonpath.internal.path.CompiledPath -- Evaluating path: $
12:51:38.447 [main] DEBUG com.jayway.jsonpath.internal.JsonContext -- Put path $ key modifiers value {}
12:51:38.447 [main] DEBUG com.jayway.jsonpath.internal.path.CompiledPath -- Evaluating path: $
12:51:38.447 [main] DEBUG com.jayway.jsonpath.internal.JsonContext -- Put path $ key modifiers value 0
12:51:38.447 [main] DEBUG com.jayway.jsonpath.internal.path.CompiledPath -- Evaluating path: $['type']
12:51:38.447 [main] DEBUG com.jayway.jsonpath.internal.path.CompiledPath -- Evaluating path: $
12:51:38.447 [main] DEBUG com.jayway.jsonpath.internal.path.CompiledPath -- Evaluating path: $
12:51:38.447 [main] DEBUG com.jayway.jsonpath.internal.JsonContext -- Put path $ key type value {}
12:51:38.447 [main] DEBUG com.jayway.jsonpath.internal.path.CompiledPath -- Evaluating path: $
12:51:38.447 [main] DEBUG com.jayway.jsonpath.internal.JsonContext -- Put path $ key type value keyUp
12:51:38.447 [main] DEBUG com.jayway.jsonpath.internal.path.CompiledPath -- Evaluating path: $['text']
12:51:38.447 [main] DEBUG com.jayway.jsonpath.internal.path.CompiledPath -- Evaluating path: $
12:51:38.447 [main] DEBUG com.jayway.jsonpath.internal.path.CompiledPath -- Evaluating path: $
12:51:38.447 [main] DEBUG com.jayway.jsonpath.internal.JsonContext -- Put path $ key text value {}
12:51:38.447 [main] DEBUG com.jayway.jsonpath.internal.path.CompiledPath -- Evaluating path: $
12:51:38.447 [main] DEBUG com.jayway.jsonpath.internal.JsonContext -- Put path $ key text value a
12:51:38.450 [main] DEBUG com.jayway.jsonpath.internal.path.CompiledPath -- Evaluating path: $['windowsVirtualKeyCode']
12:51:38.450 [main] DEBUG com.jayway.jsonpath.internal.path.CompiledPath -- Evaluating path: $
12:51:38.450 [main] DEBUG com.jayway.jsonpath.internal.path.CompiledPath -- Evaluating path: $
12:51:38.450 [main] DEBUG com.jayway.jsonpath.internal.JsonContext -- Put path $ key windowsVirtualKeyCode value {}
12:51:38.450 [main] DEBUG com.jayway.jsonpath.internal.path.CompiledPath -- Evaluating path: $
12:51:38.450 [main] DEBUG com.jayway.jsonpath.internal.JsonContext -- Put path $ key windowsVirtualKeyCode value 97
12:51:38.450 [main] DEBUG com.jayway.jsonpath.internal.path.CompiledPath -- Evaluating path: $
12:51:38.450 [main] DEBUG com.intuit.karate.driver.chrome_1718781694197 -- >> {"id":27,"sessionId":"C5D350463E671ACBC4E779692AFFC42B","method":"Input.dispatchKeyEvent","params":{"modifiers":0,"type":"keyUp","text":"a","windowsVirtualKeyCode":97}}
12:51:38.452 [nioEventLoopGroup-6-1] DEBUG com.intuit.karate.driver.chrome_1718781694197 -- << {"id":27,"result":{},"sessionId":"C5D350463E671ACBC4E779692AFFC42B"}
12:51:38.452 [nioEventLoopGroup-6-1] DEBUG com.jayway.jsonpath.internal.path.CompiledPath -- Evaluating path: $
12:51:38.452 [main] DEBUG com.jayway.jsonpath.internal.path.CompiledPath -- Evaluating path: $['modifiers']
12:51:38.452 [main] DEBUG com.jayway.jsonpath.internal.path.CompiledPath -- Evaluating path: $
12:51:38.452 [main] DEBUG com.jayway.jsonpath.internal.path.CompiledPath -- Evaluating path: $
12:51:38.452 [main] DEBUG com.jayway.jsonpath.internal.JsonContext -- Put path $ key modifiers value {}
12:51:38.452 [main] DEBUG com.jayway.jsonpath.internal.path.CompiledPath -- Evaluating path: $
12:51:38.452 [main] DEBUG com.jayway.jsonpath.internal.JsonContext -- Put path $ key modifiers value 0
12:51:38.452 [main] DEBUG com.jayway.jsonpath.internal.path.CompiledPath -- Evaluating path: $['type']
12:51:38.452 [main] DEBUG com.jayway.jsonpath.internal.path.CompiledPath -- Evaluating path: $
12:51:38.452 [main] DEBUG com.jayway.jsonpath.internal.path.CompiledPath -- Evaluating path: $
12:51:38.452 [main] DEBUG com.jayway.jsonpath.internal.JsonContext -- Put path $ key type value {}
12:51:38.452 [main] DEBUG com.jayway.jsonpath.internal.path.CompiledPath -- Evaluating path: $
12:51:38.452 [main] DEBUG com.jayway.jsonpath.internal.JsonContext -- Put path $ key type value rawKeyDown
12:51:38.452 [main] DEBUG com.jayway.jsonpath.internal.path.CompiledPath -- Evaluating path: $['text']
12:51:38.452 [main] DEBUG com.jayway.jsonpath.internal.path.CompiledPath -- Evaluating path: $
12:51:38.452 [main] DEBUG com.jayway.jsonpath.internal.path.CompiledPath -- Evaluating path: $
12:51:38.452 [main] DEBUG com.jayway.jsonpath.internal.JsonContext -- Put path $ key text value {}
12:51:38.452 [main] DEBUG com.jayway.jsonpath.internal.path.CompiledPath -- Evaluating path: $
12:51:38.452 [main] DEBUG com.jayway.jsonpath.internal.JsonContext -- Put path $ key text value r
12:51:38.452 [main] DEBUG com.jayway.jsonpath.internal.path.CompiledPath -- Evaluating path: $['windowsVirtualKeyCode']
12:51:38.452 [main] DEBUG com.jayway.jsonpath.internal.path.CompiledPath -- Evaluating path: $
12:51:38.452 [main] DEBUG com.jayway.jsonpath.internal.path.CompiledPath -- Evaluating path: $
12:51:38.452 [main] DEBUG com.jayway.jsonpath.internal.JsonContext -- Put path $ key windowsVirtualKeyCode value {}
12:51:38.452 [main] DEBUG com.jayway.jsonpath.internal.path.CompiledPath -- Evaluating path: $
12:51:38.452 [main] DEBUG com.jayway.jsonpath.internal.JsonContext -- Put path $ key windowsVirtualKeyCode value 114
12:51:38.452 [main] DEBUG com.jayway.jsonpath.internal.path.CompiledPath -- Evaluating path: $
12:51:38.452 [main] DEBUG com.intuit.karate.driver.chrome_1718781694197 -- >> {"id":28,"sessionId":"C5D350463E671ACBC4E779692AFFC42B","method":"Input.dispatchKeyEvent","params":{"modifiers":0,"type":"rawKeyDown","text":"r","windowsVirtualKeyCode":114}}
12:51:38.452 [nioEventLoopGroup-6-1] DEBUG com.intuit.karate.driver.chrome_1718781694197 -- << {"id":28,"result":{},"sessionId":"C5D350463E671ACBC4E779692AFFC42B"}
12:51:38.452 [nioEventLoopGroup-6-1] DEBUG com.jayway.jsonpath.internal.path.CompiledPath -- Evaluating path: $
12:51:38.452 [main] DEBUG com.jayway.jsonpath.internal.path.CompiledPath -- Evaluating path: $['modifiers']
12:51:38.452 [main] DEBUG com.jayway.jsonpath.internal.path.CompiledPath -- Evaluating path: $
12:51:38.452 [main] DEBUG com.jayway.jsonpath.internal.path.CompiledPath -- Evaluating path: $
12:51:38.452 [main] DEBUG com.jayway.jsonpath.internal.JsonContext -- Put path $ key modifiers value {}
12:51:38.452 [main] DEBUG com.jayway.jsonpath.internal.path.CompiledPath -- Evaluating path: $
12:51:38.452 [main] DEBUG com.jayway.jsonpath.internal.JsonContext -- Put path $ key modifiers value 0
12:51:38.452 [main] DEBUG com.jayway.jsonpath.internal.path.CompiledPath -- Evaluating path: $['type']
12:51:38.452 [main] DEBUG com.jayway.jsonpath.internal.path.CompiledPath -- Evaluating path: $
12:51:38.452 [main] DEBUG com.jayway.jsonpath.internal.path.CompiledPath -- Evaluating path: $
12:51:38.452 [main] DEBUG com.jayway.jsonpath.internal.JsonContext -- Put path $ key type value {}
12:51:38.452 [main] DEBUG com.jayway.jsonpath.internal.path.CompiledPath -- Evaluating path: $
12:51:38.452 [main] DEBUG com.jayway.jsonpath.internal.JsonContext -- Put path $ key type value char
12:51:38.452 [main] DEBUG com.jayway.jsonpath.internal.path.CompiledPath -- Evaluating path: $['text']
12:51:38.452 [main] DEBUG com.jayway.jsonpath.internal.path.CompiledPath -- Evaluating path: $
12:51:38.452 [main] DEBUG com.jayway.jsonpath.internal.path.CompiledPath -- Evaluating path: $
12:51:38.452 [main] DEBUG com.jayway.jsonpath.internal.JsonContext -- Put path $ key text value {}
12:51:38.452 [main] DEBUG com.jayway.jsonpath.internal.path.CompiledPath -- Evaluating path: $
12:51:38.452 [main] DEBUG com.jayway.jsonpath.internal.JsonContext -- Put path $ key text value r
12:51:38.452 [main] DEBUG com.jayway.jsonpath.internal.path.CompiledPath -- Evaluating path: $['windowsVirtualKeyCode']
12:51:38.452 [main] DEBUG com.jayway.jsonpath.internal.path.CompiledPath -- Evaluating path: $
12:51:38.452 [main] DEBUG com.jayway.jsonpath.internal.path.CompiledPath -- Evaluating path: $
12:51:38.452 [main] DEBUG com.jayway.jsonpath.internal.JsonContext -- Put path $ key windowsVirtualKeyCode value {}
12:51:38.452 [main] DEBUG com.jayway.jsonpath.internal.path.CompiledPath -- Evaluating path: $
12:51:38.452 [main] DEBUG com.jayway.jsonpath.internal.JsonContext -- Put path $ key windowsVirtualKeyCode value 114
12:51:38.452 [main] DEBUG com.jayway.jsonpath.internal.path.CompiledPath -- Evaluating path: $
12:51:38.452 [main] DEBUG com.intuit.karate.driver.chrome_1718781694197 -- >> {"id":29,"sessionId":"C5D350463E671ACBC4E779692AFFC42B","method":"Input.dispatchKeyEvent","params":{"modifiers":0,"type":"char","text":"r","windowsVirtualKeyCode":114}}
12:51:38.452 [nioEventLoopGroup-6-1] DEBUG com.intuit.karate.driver.chrome_1718781694197 -- << {"id":29,"result":{},"sessionId":"C5D350463E671ACBC4E779692AFFC42B"}
12:51:38.452 [nioEventLoopGroup-6-1] DEBUG com.jayway.jsonpath.internal.path.CompiledPath -- Evaluating path: $
12:51:38.452 [main] DEBUG com.jayway.jsonpath.internal.path.CompiledPath -- Evaluating path: $['modifiers']
12:51:38.452 [main] DEBUG com.jayway.jsonpath.internal.path.CompiledPath -- Evaluating path: $
12:51:38.452 [main] DEBUG com.jayway.jsonpath.internal.path.CompiledPath -- Evaluating path: $
12:51:38.452 [main] DEBUG com.jayway.jsonpath.internal.JsonContext -- Put path $ key modifiers value {}
12:51:38.452 [main] DEBUG com.jayway.jsonpath.internal.path.CompiledPath -- Evaluating path: $
12:51:38.452 [main] DEBUG com.jayway.jsonpath.internal.JsonContext -- Put path $ key modifiers value 0
12:51:38.452 [main] DEBUG com.jayway.jsonpath.internal.path.CompiledPath -- Evaluating path: $['type']
12:51:38.452 [main] DEBUG com.jayway.jsonpath.internal.path.CompiledPath -- Evaluating path: $
12:51:38.452 [main] DEBUG com.jayway.jsonpath.internal.path.CompiledPath -- Evaluating path: $
12:51:38.452 [main] DEBUG com.jayway.jsonpath.internal.JsonContext -- Put path $ key type value {}
12:51:38.452 [main] DEBUG com.jayway.jsonpath.internal.path.CompiledPath -- Evaluating path: $
12:51:38.452 [main] DEBUG com.jayway.jsonpath.internal.JsonContext -- Put path $ key type value keyUp
12:51:38.452 [main] DEBUG com.jayway.jsonpath.internal.path.CompiledPath -- Evaluating path: $['text']
12:51:38.452 [main] DEBUG com.jayway.jsonpath.internal.path.CompiledPath -- Evaluating path: $
12:51:38.452 [main] DEBUG com.jayway.jsonpath.internal.path.CompiledPath -- Evaluating path: $
12:51:38.452 [main] DEBUG com.jayway.jsonpath.internal.JsonContext -- Put path $ key text value {}
12:51:38.452 [main] DEBUG com.jayway.jsonpath.internal.path.CompiledPath -- Evaluating path: $
12:51:38.452 [main] DEBUG com.jayway.jsonpath.internal.JsonContext -- Put path $ key text value r
12:51:38.452 [main] DEBUG com.jayway.jsonpath.internal.path.CompiledPath -- Evaluating path: $['windowsVirtualKeyCode']
12:51:38.452 [main] DEBUG com.jayway.jsonpath.internal.path.CompiledPath -- Evaluating path: $
12:51:38.452 [main] DEBUG com.jayway.jsonpath.internal.path.CompiledPath -- Evaluating path: $
12:51:38.452 [main] DEBUG com.jayway.jsonpath.internal.JsonContext -- Put path $ key windowsVirtualKeyCode value {}
12:51:38.452 [main] DEBUG com.jayway.jsonpath.internal.path.CompiledPath -- Evaluating path: $
12:51:38.452 [main] DEBUG com.jayway.jsonpath.internal.JsonContext -- Put path $ key windowsVirtualKeyCode value 114
12:51:38.452 [main] DEBUG com.jayway.jsonpath.internal.path.CompiledPath -- Evaluating path: $
12:51:38.452 [main] DEBUG com.intuit.karate.driver.chrome_1718781694197 -- >> {"id":30,"sessionId":"C5D350463E671ACBC4E779692AFFC42B","method":"Input.dispatchKeyEvent","params":{"modifiers":0,"type":"keyUp","text":"r","windowsVirtualKeyCode":114}}
12:51:38.452 [nioEventLoopGroup-6-1] DEBUG com.intuit.karate.driver.chrome_1718781694197 -- << {"id":30,"result":{},"sessionId":"C5D350463E671ACBC4E779692AFFC42B"}
12:51:38.452 [nioEventLoopGroup-6-1] DEBUG com.jayway.jsonpath.internal.path.CompiledPath -- Evaluating path: $
12:51:38.452 [main] DEBUG com.jayway.jsonpath.internal.path.CompiledPath -- Evaluating path: $['modifiers']
12:51:38.452 [main] DEBUG com.jayway.jsonpath.internal.path.CompiledPath -- Evaluating path: $
12:51:38.452 [main] DEBUG com.jayway.jsonpath.internal.path.CompiledPath -- Evaluating path: $
12:51:38.452 [main] DEBUG com.jayway.jsonpath.internal.JsonContext -- Put path $ key modifiers value {}
12:51:38.452 [main] DEBUG com.jayway.jsonpath.internal.path.CompiledPath -- Evaluating path: $
12:51:38.452 [main] DEBUG com.jayway.jsonpath.internal.JsonContext -- Put path $ key modifiers value 0
12:51:38.452 [main] DEBUG com.jayway.jsonpath.internal.path.CompiledPath -- Evaluating path: $['type']
12:51:38.452 [main] DEBUG com.jayway.jsonpath.internal.path.CompiledPath -- Evaluating path: $
12:51:38.452 [main] DEBUG com.jayway.jsonpath.internal.path.CompiledPath -- Evaluating path: $
12:51:38.452 [main] DEBUG com.jayway.jsonpath.internal.JsonContext -- Put path $ key type value {}
12:51:38.452 [main] DEBUG com.jayway.jsonpath.internal.path.CompiledPath -- Evaluating path: $
12:51:38.452 [main] DEBUG com.jayway.jsonpath.internal.JsonContext -- Put path $ key type value rawKeyDown
12:51:38.452 [main] DEBUG com.jayway.jsonpath.internal.path.CompiledPath -- Evaluating path: $['text']
12:51:38.452 [main] DEBUG com.jayway.jsonpath.internal.path.CompiledPath -- Evaluating path: $
12:51:38.452 [main] DEBUG com.jayway.jsonpath.internal.path.CompiledPath -- Evaluating path: $
12:51:38.452 [main] DEBUG com.jayway.jsonpath.internal.JsonContext -- Put path $ key text value {}
12:51:38.452 [main] DEBUG com.jayway.jsonpath.internal.path.CompiledPath -- Evaluating path: $
12:51:38.452 [main] DEBUG com.jayway.jsonpath.internal.JsonContext -- Put path $ key text value d
12:51:38.452 [main] DEBUG com.jayway.jsonpath.internal.path.CompiledPath -- Evaluating path: $['windowsVirtualKeyCode']
12:51:38.452 [main] DEBUG com.jayway.jsonpath.internal.path.CompiledPath -- Evaluating path: $
12:51:38.452 [main] DEBUG com.jayway.jsonpath.internal.path.CompiledPath -- Evaluating path: $
12:51:38.452 [main] DEBUG com.jayway.jsonpath.internal.JsonContext -- Put path $ key windowsVirtualKeyCode value {}
12:51:38.452 [main] DEBUG com.jayway.jsonpath.internal.path.CompiledPath -- Evaluating path: $
12:51:38.452 [main] DEBUG com.jayway.jsonpath.internal.JsonContext -- Put path $ key windowsVirtualKeyCode value 100
12:51:38.452 [main] DEBUG com.jayway.jsonpath.internal.path.CompiledPath -- Evaluating path: $
12:51:38.452 [main] DEBUG com.intuit.karate.driver.chrome_1718781694197 -- >> {"id":31,"sessionId":"C5D350463E671ACBC4E779692AFFC42B","method":"Input.dispatchKeyEvent","params":{"modifiers":0,"type":"rawKeyDown","text":"d","windowsVirtualKeyCode":100}}
12:51:38.452 [nioEventLoopGroup-6-1] DEBUG com.intuit.karate.driver.chrome_1718781694197 -- << {"id":31,"result":{},"sessionId":"C5D350463E671ACBC4E779692AFFC42B"}
12:51:38.452 [nioEventLoopGroup-6-1] DEBUG com.jayway.jsonpath.internal.path.CompiledPath -- Evaluating path: $
12:51:38.452 [main] DEBUG com.jayway.jsonpath.internal.path.CompiledPath -- Evaluating path: $['modifiers']
12:51:38.452 [main] DEBUG com.jayway.jsonpath.internal.path.CompiledPath -- Evaluating path: $
12:51:38.452 [main] DEBUG com.jayway.jsonpath.internal.path.CompiledPath -- Evaluating path: $
12:51:38.452 [main] DEBUG com.jayway.jsonpath.internal.JsonContext -- Put path $ key modifiers value {}
12:51:38.452 [main] DEBUG com.jayway.jsonpath.internal.path.CompiledPath -- Evaluating path: $
12:51:38.452 [main] DEBUG com.jayway.jsonpath.internal.JsonContext -- Put path $ key modifiers value 0
12:51:38.452 [main] DEBUG com.jayway.jsonpath.internal.path.CompiledPath -- Evaluating path: $['type']
12:51:38.452 [main] DEBUG com.jayway.jsonpath.internal.path.CompiledPath -- Evaluating path: $
12:51:38.452 [main] DEBUG com.jayway.jsonpath.internal.path.CompiledPath -- Evaluating path: $
12:51:38.452 [main] DEBUG com.jayway.jsonpath.internal.JsonContext -- Put path $ key type value {}
12:51:38.452 [main] DEBUG com.jayway.jsonpath.internal.path.CompiledPath -- Evaluating path: $
12:51:38.452 [main] DEBUG com.jayway.jsonpath.internal.JsonContext -- Put path $ key type value char
12:51:38.452 [main] DEBUG com.jayway.jsonpath.internal.path.CompiledPath -- Evaluating path: $['text']
12:51:38.452 [main] DEBUG com.jayway.jsonpath.internal.path.CompiledPath -- Evaluating path: $
12:51:38.452 [main] DEBUG com.jayway.jsonpath.internal.path.CompiledPath -- Evaluating path: $
12:51:38.452 [main] DEBUG com.jayway.jsonpath.internal.JsonContext -- Put path $ key text value {}
12:51:38.452 [main] DEBUG com.jayway.jsonpath.internal.path.CompiledPath -- Evaluating path: $
12:51:38.452 [main] DEBUG com.jayway.jsonpath.internal.JsonContext -- Put path $ key text value d
12:51:38.452 [main] DEBUG com.jayway.jsonpath.internal.path.CompiledPath -- Evaluating path: $['windowsVirtualKeyCode']
12:51:38.452 [main] DEBUG com.jayway.jsonpath.internal.path.CompiledPath -- Evaluating path: $
12:51:38.452 [main] DEBUG com.jayway.jsonpath.internal.path.CompiledPath -- Evaluating path: $
12:51:38.452 [main] DEBUG com.jayway.jsonpath.internal.JsonContext -- Put path $ key windowsVirtualKeyCode value {}
12:51:38.452 [main] DEBUG com.jayway.jsonpath.internal.path.CompiledPath -- Evaluating path: $
12:51:38.452 [main] DEBUG com.jayway.jsonpath.internal.JsonContext -- Put path $ key windowsVirtualKeyCode value 100
12:51:38.452 [main] DEBUG com.jayway.jsonpath.internal.path.CompiledPath -- Evaluating path: $
12:51:38.452 [main] DEBUG com.intuit.karate.driver.chrome_1718781694197 -- >> {"id":32,"sessionId":"C5D350463E671ACBC4E779692AFFC42B","method":"Input.dispatchKeyEvent","params":{"modifiers":0,"type":"char","text":"d","windowsVirtualKeyCode":100}}
12:51:38.452 [nioEventLoopGroup-6-1] DEBUG com.intuit.karate.driver.chrome_1718781694197 -- << {"id":32,"result":{},"sessionId":"C5D350463E671ACBC4E779692AFFC42B"}
12:51:38.452 [nioEventLoopGroup-6-1] DEBUG com.jayway.jsonpath.internal.path.CompiledPath -- Evaluating path: $
12:51:38.452 [main] DEBUG com.jayway.jsonpath.internal.path.CompiledPath -- Evaluating path: $['modifiers']
12:51:38.452 [main] DEBUG com.jayway.jsonpath.internal.path.CompiledPath -- Evaluating path: $
12:51:38.452 [main] DEBUG com.jayway.jsonpath.internal.path.CompiledPath -- Evaluating path: $
12:51:38.452 [main] DEBUG com.jayway.jsonpath.internal.JsonContext -- Put path $ key modifiers value {}
12:51:38.452 [main] DEBUG com.jayway.jsonpath.internal.path.CompiledPath -- Evaluating path: $
12:51:38.452 [main] DEBUG com.jayway.jsonpath.internal.JsonContext -- Put path $ key modifiers value 0
12:51:38.452 [main] DEBUG com.jayway.jsonpath.internal.path.CompiledPath -- Evaluating path: $['type']
12:51:38.452 [main] DEBUG com.jayway.jsonpath.internal.path.CompiledPath -- Evaluating path: $
12:51:38.452 [main] DEBUG com.jayway.jsonpath.internal.path.CompiledPath -- Evaluating path: $
12:51:38.452 [main] DEBUG com.jayway.jsonpath.internal.JsonContext -- Put path $ key type value {}
12:51:38.452 [main] DEBUG com.jayway.jsonpath.internal.path.CompiledPath -- Evaluating path: $
12:51:38.452 [main] DEBUG com.jayway.jsonpath.internal.JsonContext -- Put path $ key type value keyUp
12:51:38.452 [main] DEBUG com.jayway.jsonpath.internal.path.CompiledPath -- Evaluating path: $['text']
12:51:38.452 [main] DEBUG com.jayway.jsonpath.internal.path.CompiledPath -- Evaluating path: $
12:51:38.452 [main] DEBUG com.jayway.jsonpath.internal.path.CompiledPath -- Evaluating path: $
12:51:38.452 [main] DEBUG com.jayway.jsonpath.internal.JsonContext -- Put path $ key text value {}
12:51:38.452 [main] DEBUG com.jayway.jsonpath.internal.path.CompiledPath -- Evaluating path: $
12:51:38.452 [main] DEBUG com.jayway.jsonpath.internal.JsonContext -- Put path $ key text value d
12:51:38.452 [main] DEBUG com.jayway.jsonpath.internal.path.CompiledPath -- Evaluating path: $['windowsVirtualKeyCode']
12:51:38.463 [main] DEBUG com.jayway.jsonpath.internal.path.CompiledPath -- Evaluating path: $
12:51:38.463 [main] DEBUG com.jayway.jsonpath.internal.path.CompiledPath -- Evaluating path: $
12:51:38.463 [main] DEBUG com.jayway.jsonpath.internal.JsonContext -- Put path $ key windowsVirtualKeyCode value {}
12:51:38.463 [main] DEBUG com.jayway.jsonpath.internal.path.CompiledPath -- Evaluating path: $
12:51:38.463 [main] DEBUG com.jayway.jsonpath.internal.JsonContext -- Put path $ key windowsVirtualKeyCode value 100
12:51:38.463 [main] DEBUG com.jayway.jsonpath.internal.path.CompiledPath -- Evaluating path: $
12:51:38.463 [main] DEBUG com.intuit.karate.driver.chrome_1718781694197 -- >> {"id":33,"sessionId":"C5D350463E671ACBC4E779692AFFC42B","method":"Input.dispatchKeyEvent","params":{"modifiers":0,"type":"keyUp","text":"d","windowsVirtualKeyCode":100}}
12:51:38.466 [nioEventLoopGroup-6-1] DEBUG com.intuit.karate.driver.chrome_1718781694197 -- << {"id":33,"result":{},"sessionId":"C5D350463E671ACBC4E779692AFFC42B"}
12:51:38.466 [nioEventLoopGroup-6-1] DEBUG com.jayway.jsonpath.internal.path.CompiledPath -- Evaluating path: $
12:51:38.466 [main] DEBUG com.jayway.jsonpath.internal.path.CompiledPath -- Evaluating path: $['modifiers']
12:51:38.466 [main] DEBUG com.jayway.jsonpath.internal.path.CompiledPath -- Evaluating path: $
12:51:38.466 [main] DEBUG com.jayway.jsonpath.internal.path.CompiledPath -- Evaluating path: $
12:51:38.466 [main] DEBUG com.jayway.jsonpath.internal.JsonContext -- Put path $ key modifiers value {}
12:51:38.466 [main] DEBUG com.jayway.jsonpath.internal.path.CompiledPath -- Evaluating path: $
12:51:38.466 [main] DEBUG com.jayway.jsonpath.internal.JsonContext -- Put path $ key modifiers value 0
12:51:38.466 [main] DEBUG com.jayway.jsonpath.internal.path.CompiledPath -- Evaluating path: $['type']
12:51:38.466 [main] DEBUG com.jayway.jsonpath.internal.path.CompiledPath -- Evaluating path: $
12:51:38.466 [main] DEBUG com.jayway.jsonpath.internal.path.CompiledPath -- Evaluating path: $
12:51:38.466 [main] DEBUG com.jayway.jsonpath.internal.JsonContext -- Put path $ key type value {}
12:51:38.466 [main] DEBUG com.jayway.jsonpath.internal.path.CompiledPath -- Evaluating path: $
12:51:38.466 [main] DEBUG com.jayway.jsonpath.internal.JsonContext -- Put path $ key type value rawKeyDown
12:51:38.466 [main] DEBUG com.jayway.jsonpath.internal.path.CompiledPath -- Evaluating path: $['text']
12:51:38.466 [main] DEBUG com.jayway.jsonpath.internal.path.CompiledPath -- Evaluating path: $
12:51:38.466 [main] DEBUG com.jayway.jsonpath.internal.path.CompiledPath -- Evaluating path: $
12:51:38.466 [main] DEBUG com.jayway.jsonpath.internal.JsonContext -- Put path $ key text value {}
12:51:38.466 [main] DEBUG com.jayway.jsonpath.internal.path.CompiledPath -- Evaluating path: $
12:51:38.466 [main] DEBUG com.jayway.jsonpath.internal.JsonContext -- Put path $ key text value _
12:51:38.466 [main] DEBUG com.jayway.jsonpath.internal.path.CompiledPath -- Evaluating path: $['windowsVirtualKeyCode']
12:51:38.466 [main] DEBUG com.jayway.jsonpath.internal.path.CompiledPath -- Evaluating path: $
12:51:38.466 [main] DEBUG com.jayway.jsonpath.internal.path.CompiledPath -- Evaluating path: $
12:51:38.466 [main] DEBUG com.jayway.jsonpath.internal.JsonContext -- Put path $ key windowsVirtualKeyCode value {}
12:51:38.466 [main] DEBUG com.jayway.jsonpath.internal.path.CompiledPath -- Evaluating path: $
12:51:38.466 [main] DEBUG com.jayway.jsonpath.internal.JsonContext -- Put path $ key windowsVirtualKeyCode value 523
12:51:38.466 [main] DEBUG com.jayway.jsonpath.internal.path.CompiledPath -- Evaluating path: $
12:51:38.466 [main] DEBUG com.intuit.karate.driver.chrome_1718781694197 -- >> {"id":34,"sessionId":"C5D350463E671ACBC4E779692AFFC42B","method":"Input.dispatchKeyEvent","params":{"modifiers":0,"type":"rawKeyDown","text":"_","windowsVirtualKeyCode":523}}
12:51:38.466 [nioEventLoopGroup-6-1] DEBUG com.intuit.karate.driver.chrome_1718781694197 -- << {"id":34,"result":{},"sessionId":"C5D350463E671ACBC4E779692AFFC42B"}
12:51:38.466 [nioEventLoopGroup-6-1] DEBUG com.jayway.jsonpath.internal.path.CompiledPath -- Evaluating path: $
12:51:38.466 [main] DEBUG com.jayway.jsonpath.internal.path.CompiledPath -- Evaluating path: $['modifiers']
12:51:38.466 [main] DEBUG com.jayway.jsonpath.internal.path.CompiledPath -- Evaluating path: $
12:51:38.466 [main] DEBUG com.jayway.jsonpath.internal.path.CompiledPath -- Evaluating path: $
12:51:38.466 [main] DEBUG com.jayway.jsonpath.internal.JsonContext -- Put path $ key modifiers value {}
12:51:38.466 [main] DEBUG com.jayway.jsonpath.internal.path.CompiledPath -- Evaluating path: $
12:51:38.466 [main] DEBUG com.jayway.jsonpath.internal.JsonContext -- Put path $ key modifiers value 0
12:51:38.466 [main] DEBUG com.jayway.jsonpath.internal.path.CompiledPath -- Evaluating path: $['type']
12:51:38.466 [main] DEBUG com.jayway.jsonpath.internal.path.CompiledPath -- Evaluating path: $
12:51:38.466 [main] DEBUG com.jayway.jsonpath.internal.path.CompiledPath -- Evaluating path: $
12:51:38.466 [main] DEBUG com.jayway.jsonpath.internal.JsonContext -- Put path $ key type value {}
12:51:38.466 [main] DEBUG com.jayway.jsonpath.internal.path.CompiledPath -- Evaluating path: $
12:51:38.466 [main] DEBUG com.jayway.jsonpath.internal.JsonContext -- Put path $ key type value char
12:51:38.466 [main] DEBUG com.jayway.jsonpath.internal.path.CompiledPath -- Evaluating path: $['text']
12:51:38.466 [main] DEBUG com.jayway.jsonpath.internal.path.CompiledPath -- Evaluating path: $
12:51:38.466 [main] DEBUG com.jayway.jsonpath.internal.path.CompiledPath -- Evaluating path: $
12:51:38.466 [main] DEBUG com.jayway.jsonpath.internal.JsonContext -- Put path $ key text value {}
12:51:38.466 [main] DEBUG com.jayway.jsonpath.internal.path.CompiledPath -- Evaluating path: $
12:51:38.466 [main] DEBUG com.jayway.jsonpath.internal.JsonContext -- Put path $ key text value _
12:51:38.466 [main] DEBUG com.jayway.jsonpath.internal.path.CompiledPath -- Evaluating path: $['windowsVirtualKeyCode']
12:51:38.466 [main] DEBUG com.jayway.jsonpath.internal.path.CompiledPath -- Evaluating path: $
12:51:38.466 [main] DEBUG com.jayway.jsonpath.internal.path.CompiledPath -- Evaluating path: $
12:51:38.466 [main] DEBUG com.jayway.jsonpath.internal.JsonContext -- Put path $ key windowsVirtualKeyCode value {}
12:51:38.466 [main] DEBUG com.jayway.jsonpath.internal.path.CompiledPath -- Evaluating path: $
12:51:38.466 [main] DEBUG com.jayway.jsonpath.internal.JsonContext -- Put path $ key windowsVirtualKeyCode value 523
12:51:38.466 [main] DEBUG com.jayway.jsonpath.internal.path.CompiledPath -- Evaluating path: $
12:51:38.466 [main] DEBUG com.intuit.karate.driver.chrome_1718781694197 -- >> {"id":35,"sessionId":"C5D350463E671ACBC4E779692AFFC42B","method":"Input.dispatchKeyEvent","params":{"modifiers":0,"type":"char","text":"_","windowsVirtualKeyCode":523}}
12:51:38.466 [nioEventLoopGroup-6-1] DEBUG com.intuit.karate.driver.chrome_1718781694197 -- << {"id":35,"result":{},"sessionId":"C5D350463E671ACBC4E779692AFFC42B"}
12:51:38.466 [nioEventLoopGroup-6-1] DEBUG com.jayway.jsonpath.internal.path.CompiledPath -- Evaluating path: $
12:51:38.466 [main] DEBUG com.jayway.jsonpath.internal.path.CompiledPath -- Evaluating path: $['modifiers']
12:51:38.466 [main] DEBUG com.jayway.jsonpath.internal.path.CompiledPath -- Evaluating path: $
12:51:38.466 [main] DEBUG com.jayway.jsonpath.internal.path.CompiledPath -- Evaluating path: $
12:51:38.466 [main] DEBUG com.jayway.jsonpath.internal.JsonContext -- Put path $ key modifiers value {}
12:51:38.466 [main] DEBUG com.jayway.jsonpath.internal.path.CompiledPath -- Evaluating path: $
12:51:38.466 [main] DEBUG com.jayway.jsonpath.internal.JsonContext -- Put path $ key modifiers value 0
12:51:38.466 [main] DEBUG com.jayway.jsonpath.internal.path.CompiledPath -- Evaluating path: $['type']
12:51:38.466 [main] DEBUG com.jayway.jsonpath.internal.path.CompiledPath -- Evaluating path: $
12:51:38.466 [main] DEBUG com.jayway.jsonpath.internal.path.CompiledPath -- Evaluating path: $
12:51:38.466 [main] DEBUG com.jayway.jsonpath.internal.JsonContext -- Put path $ key type value {}
12:51:38.466 [main] DEBUG com.jayway.jsonpath.internal.path.CompiledPath -- Evaluating path: $
12:51:38.466 [main] DEBUG com.jayway.jsonpath.internal.JsonContext -- Put path $ key type value keyUp
12:51:38.466 [main] DEBUG com.jayway.jsonpath.internal.path.CompiledPath -- Evaluating path: $['text']
12:51:38.466 [main] DEBUG com.jayway.jsonpath.internal.path.CompiledPath -- Evaluating path: $
12:51:38.466 [main] DEBUG com.jayway.jsonpath.internal.path.CompiledPath -- Evaluating path: $
12:51:38.466 [main] DEBUG com.jayway.jsonpath.internal.JsonContext -- Put path $ key text value {}
12:51:38.466 [main] DEBUG com.jayway.jsonpath.internal.path.CompiledPath -- Evaluating path: $
12:51:38.466 [main] DEBUG com.jayway.jsonpath.internal.JsonContext -- Put path $ key text value _
12:51:38.466 [main] DEBUG com.jayway.jsonpath.internal.path.CompiledPath -- Evaluating path: $['windowsVirtualKeyCode']
12:51:38.466 [main] DEBUG com.jayway.jsonpath.internal.path.CompiledPath -- Evaluating path: $
12:51:38.466 [main] DEBUG com.jayway.jsonpath.internal.path.CompiledPath -- Evaluating path: $
12:51:38.466 [main] DEBUG com.jayway.jsonpath.internal.JsonContext -- Put path $ key windowsVirtualKeyCode value {}
12:51:38.466 [main] DEBUG com.jayway.jsonpath.internal.path.CompiledPath -- Evaluating path: $
12:51:38.466 [main] DEBUG com.jayway.jsonpath.internal.JsonContext -- Put path $ key windowsVirtualKeyCode value 523
12:51:38.466 [main] DEBUG com.jayway.jsonpath.internal.path.CompiledPath -- Evaluating path: $
12:51:38.466 [main] DEBUG com.intuit.karate.driver.chrome_1718781694197 -- >> {"id":36,"sessionId":"C5D350463E671ACBC4E779692AFFC42B","method":"Input.dispatchKeyEvent","params":{"modifiers":0,"type":"keyUp","text":"_","windowsVirtualKeyCode":523}}
12:51:38.466 [nioEventLoopGroup-6-1] DEBUG com.intuit.karate.driver.chrome_1718781694197 -- << {"id":36,"result":{},"sessionId":"C5D350463E671ACBC4E779692AFFC42B"}
12:51:38.466 [nioEventLoopGroup-6-1] DEBUG com.jayway.jsonpath.internal.path.CompiledPath -- Evaluating path: $
12:51:38.466 [main] DEBUG com.jayway.jsonpath.internal.path.CompiledPath -- Evaluating path: $['modifiers']
12:51:38.466 [main] DEBUG com.jayway.jsonpath.internal.path.CompiledPath -- Evaluating path: $
12:51:38.466 [main] DEBUG com.jayway.jsonpath.internal.path.CompiledPath -- Evaluating path: $
12:51:38.466 [main] DEBUG com.jayway.jsonpath.internal.JsonContext -- Put path $ key modifiers value {}
12:51:38.466 [main] DEBUG com.jayway.jsonpath.internal.path.CompiledPath -- Evaluating path: $
12:51:38.466 [main] DEBUG com.jayway.jsonpath.internal.JsonContext -- Put path $ key modifiers value 0
12:51:38.466 [main] DEBUG com.jayway.jsonpath.internal.path.CompiledPath -- Evaluating path: $['type']
12:51:38.466 [main] DEBUG com.jayway.jsonpath.internal.path.CompiledPath -- Evaluating path: $
12:51:38.466 [main] DEBUG com.jayway.jsonpath.internal.path.CompiledPath -- Evaluating path: $
12:51:38.466 [main] DEBUG com.jayway.jsonpath.internal.JsonContext -- Put path $ key type value {}
12:51:38.466 [main] DEBUG com.jayway.jsonpath.internal.path.CompiledPath -- Evaluating path: $
12:51:38.466 [main] DEBUG com.jayway.jsonpath.internal.JsonContext -- Put path $ key type value rawKeyDown
12:51:38.466 [main] DEBUG com.jayway.jsonpath.internal.path.CompiledPath -- Evaluating path: $['text']
12:51:38.466 [main] DEBUG com.jayway.jsonpath.internal.path.CompiledPath -- Evaluating path: $
12:51:38.466 [main] DEBUG com.jayway.jsonpath.internal.path.CompiledPath -- Evaluating path: $
12:51:38.466 [main] DEBUG com.jayway.jsonpath.internal.JsonContext -- Put path $ key text value {}
12:51:38.466 [main] DEBUG com.jayway.jsonpath.internal.path.CompiledPath -- Evaluating path: $
12:51:38.466 [main] DEBUG com.jayway.jsonpath.internal.JsonContext -- Put path $ key text value u
12:51:38.466 [main] DEBUG com.jayway.jsonpath.internal.path.CompiledPath -- Evaluating path: $['windowsVirtualKeyCode']
12:51:38.466 [main] DEBUG com.jayway.jsonpath.internal.path.CompiledPath -- Evaluating path: $
12:51:38.466 [main] DEBUG com.jayway.jsonpath.internal.path.CompiledPath -- Evaluating path: $
12:51:38.466 [main] DEBUG com.jayway.jsonpath.internal.JsonContext -- Put path $ key windowsVirtualKeyCode value {}
12:51:38.466 [main] DEBUG com.jayway.jsonpath.internal.path.CompiledPath -- Evaluating path: $
12:51:38.466 [main] DEBUG com.jayway.jsonpath.internal.JsonContext -- Put path $ key windowsVirtualKeyCode value 117
12:51:38.466 [main] DEBUG com.jayway.jsonpath.internal.path.CompiledPath -- Evaluating path: $
12:51:38.466 [main] DEBUG com.intuit.karate.driver.chrome_1718781694197 -- >> {"id":37,"sessionId":"C5D350463E671ACBC4E779692AFFC42B","method":"Input.dispatchKeyEvent","params":{"modifiers":0,"type":"rawKeyDown","text":"u","windowsVirtualKeyCode":117}}
12:51:38.466 [nioEventLoopGroup-6-1] DEBUG com.intuit.karate.driver.chrome_1718781694197 -- << {"id":37,"result":{},"sessionId":"C5D350463E671ACBC4E779692AFFC42B"}
12:51:38.466 [nioEventLoopGroup-6-1] DEBUG com.jayway.jsonpath.internal.path.CompiledPath -- Evaluating path: $
12:51:38.466 [main] DEBUG com.jayway.jsonpath.internal.path.CompiledPath -- Evaluating path: $['modifiers']
12:51:38.466 [main] DEBUG com.jayway.jsonpath.internal.path.CompiledPath -- Evaluating path: $
12:51:38.466 [main] DEBUG com.jayway.jsonpath.internal.path.CompiledPath -- Evaluating path: $
12:51:38.466 [main] DEBUG com.jayway.jsonpath.internal.JsonContext -- Put path $ key modifiers value {}
12:51:38.466 [main] DEBUG com.jayway.jsonpath.internal.path.CompiledPath -- Evaluating path: $
12:51:38.466 [main] DEBUG com.jayway.jsonpath.internal.JsonContext -- Put path $ key modifiers value 0
12:51:38.466 [main] DEBUG com.jayway.jsonpath.internal.path.CompiledPath -- Evaluating path: $['type']
12:51:38.466 [main] DEBUG com.jayway.jsonpath.internal.path.CompiledPath -- Evaluating path: $
12:51:38.466 [main] DEBUG com.jayway.jsonpath.internal.path.CompiledPath -- Evaluating path: $
12:51:38.466 [main] DEBUG com.jayway.jsonpath.internal.JsonContext -- Put path $ key type value {}
12:51:38.466 [main] DEBUG com.jayway.jsonpath.internal.path.CompiledPath -- Evaluating path: $
12:51:38.466 [main] DEBUG com.jayway.jsonpath.internal.JsonContext -- Put path $ key type value char
12:51:38.466 [main] DEBUG com.jayway.jsonpath.internal.path.CompiledPath -- Evaluating path: $['text']
12:51:38.466 [main] DEBUG com.jayway.jsonpath.internal.path.CompiledPath -- Evaluating path: $
12:51:38.466 [main] DEBUG com.jayway.jsonpath.internal.path.CompiledPath -- Evaluating path: $
12:51:38.466 [main] DEBUG com.jayway.jsonpath.internal.JsonContext -- Put path $ key text value {}
12:51:38.466 [main] DEBUG com.jayway.jsonpath.internal.path.CompiledPath -- Evaluating path: $
12:51:38.466 [main] DEBUG com.jayway.jsonpath.internal.JsonContext -- Put path $ key text value u
12:51:38.466 [main] DEBUG com.jayway.jsonpath.internal.path.CompiledPath -- Evaluating path: $['windowsVirtualKeyCode']
12:51:38.466 [main] DEBUG com.jayway.jsonpath.internal.path.CompiledPath -- Evaluating path: $
12:51:38.466 [main] DEBUG com.jayway.jsonpath.internal.path.CompiledPath -- Evaluating path: $
12:51:38.466 [main] DEBUG com.jayway.jsonpath.internal.JsonContext -- Put path $ key windowsVirtualKeyCode value {}
12:51:38.466 [main] DEBUG com.jayway.jsonpath.internal.path.CompiledPath -- Evaluating path: $
12:51:38.466 [main] DEBUG com.jayway.jsonpath.internal.JsonContext -- Put path $ key windowsVirtualKeyCode value 117
12:51:38.466 [main] DEBUG com.jayway.jsonpath.internal.path.CompiledPath -- Evaluating path: $
12:51:38.466 [main] DEBUG com.intuit.karate.driver.chrome_1718781694197 -- >> {"id":38,"sessionId":"C5D350463E671ACBC4E779692AFFC42B","method":"Input.dispatchKeyEvent","params":{"modifiers":0,"type":"char","text":"u","windowsVirtualKeyCode":117}}
12:51:38.466 [nioEventLoopGroup-6-1] DEBUG com.intuit.karate.driver.chrome_1718781694197 -- << {"id":38,"result":{},"sessionId":"C5D350463E671ACBC4E779692AFFC42B"}
12:51:38.466 [nioEventLoopGroup-6-1] DEBUG com.jayway.jsonpath.internal.path.CompiledPath -- Evaluating path: $
12:51:38.466 [main] DEBUG com.jayway.jsonpath.internal.path.CompiledPath -- Evaluating path: $['modifiers']
12:51:38.466 [main] DEBUG com.jayway.jsonpath.internal.path.CompiledPath -- Evaluating path: $
12:51:38.466 [main] DEBUG com.jayway.jsonpath.internal.path.CompiledPath -- Evaluating path: $
12:51:38.466 [main] DEBUG com.jayway.jsonpath.internal.JsonContext -- Put path $ key modifiers value {}
12:51:38.466 [main] DEBUG com.jayway.jsonpath.internal.path.CompiledPath -- Evaluating path: $
12:51:38.466 [main] DEBUG com.jayway.jsonpath.internal.JsonContext -- Put path $ key modifiers value 0
12:51:38.466 [main] DEBUG com.jayway.jsonpath.internal.path.CompiledPath -- Evaluating path: $['type']
12:51:38.466 [main] DEBUG com.jayway.jsonpath.internal.path.CompiledPath -- Evaluating path: $
12:51:38.466 [main] DEBUG com.jayway.jsonpath.internal.path.CompiledPath -- Evaluating path: $
12:51:38.466 [main] DEBUG com.jayway.jsonpath.internal.JsonContext -- Put path $ key type value {}
12:51:38.466 [main] DEBUG com.jayway.jsonpath.internal.path.CompiledPath -- Evaluating path: $
12:51:38.466 [main] DEBUG com.jayway.jsonpath.internal.JsonContext -- Put path $ key type value keyUp
12:51:38.466 [main] DEBUG com.jayway.jsonpath.internal.path.CompiledPath -- Evaluating path: $['text']
12:51:38.466 [main] DEBUG com.jayway.jsonpath.internal.path.CompiledPath -- Evaluating path: $
12:51:38.466 [main] DEBUG com.jayway.jsonpath.internal.path.CompiledPath -- Evaluating path: $
12:51:38.466 [main] DEBUG com.jayway.jsonpath.internal.JsonContext -- Put path $ key text value {}
12:51:38.466 [main] DEBUG com.jayway.jsonpath.internal.path.CompiledPath -- Evaluating path: $
12:51:38.466 [main] DEBUG com.jayway.jsonpath.internal.JsonContext -- Put path $ key text value u
12:51:38.466 [main] DEBUG com.jayway.jsonpath.internal.path.CompiledPath -- Evaluating path: $['windowsVirtualKeyCode']
12:51:38.466 [main] DEBUG com.jayway.jsonpath.internal.path.CompiledPath -- Evaluating path: $
12:51:38.466 [main] DEBUG com.jayway.jsonpath.internal.path.CompiledPath -- Evaluating path: $
12:51:38.466 [main] DEBUG com.jayway.jsonpath.internal.JsonContext -- Put path $ key windowsVirtualKeyCode value {}
12:51:38.466 [main] DEBUG com.jayway.jsonpath.internal.path.CompiledPath -- Evaluating path: $
12:51:38.466 [main] DEBUG com.jayway.jsonpath.internal.JsonContext -- Put path $ key windowsVirtualKeyCode value 117
12:51:38.466 [main] DEBUG com.jayway.jsonpath.internal.path.CompiledPath -- Evaluating path: $
12:51:38.466 [main] DEBUG com.intuit.karate.driver.chrome_1718781694197 -- >> {"id":39,"sessionId":"C5D350463E671ACBC4E779692AFFC42B","method":"Input.dispatchKeyEvent","params":{"modifiers":0,"type":"keyUp","text":"u","windowsVirtualKeyCode":117}}
12:51:38.479 [nioEventLoopGroup-6-1] DEBUG com.intuit.karate.driver.chrome_1718781694197 -- << {"id":39,"result":{},"sessionId":"C5D350463E671ACBC4E779692AFFC42B"}
12:51:38.479 [nioEventLoopGroup-6-1] DEBUG com.jayway.jsonpath.internal.path.CompiledPath -- Evaluating path: $
12:51:38.480 [main] DEBUG com.jayway.jsonpath.internal.path.CompiledPath -- Evaluating path: $['modifiers']
12:51:38.480 [main] DEBUG com.jayway.jsonpath.internal.path.CompiledPath -- Evaluating path: $
12:51:38.480 [main] DEBUG com.jayway.jsonpath.internal.path.CompiledPath -- Evaluating path: $
12:51:38.480 [main] DEBUG com.jayway.jsonpath.internal.JsonContext -- Put path $ key modifiers value {}
12:51:38.480 [main] DEBUG com.jayway.jsonpath.internal.path.CompiledPath -- Evaluating path: $
12:51:38.480 [main] DEBUG com.jayway.jsonpath.internal.JsonContext -- Put path $ key modifiers value 0
12:51:38.480 [main] DEBUG com.jayway.jsonpath.internal.path.CompiledPath -- Evaluating path: $['type']
12:51:38.480 [main] DEBUG com.jayway.jsonpath.internal.path.CompiledPath -- Evaluating path: $
12:51:38.480 [main] DEBUG com.jayway.jsonpath.internal.path.CompiledPath -- Evaluating path: $
12:51:38.480 [main] DEBUG com.jayway.jsonpath.internal.JsonContext -- Put path $ key type value {}
12:51:38.480 [main] DEBUG com.jayway.jsonpath.internal.path.CompiledPath -- Evaluating path: $
12:51:38.480 [main] DEBUG com.jayway.jsonpath.internal.JsonContext -- Put path $ key type value rawKeyDown
12:51:38.480 [main] DEBUG com.jayway.jsonpath.internal.path.CompiledPath -- Evaluating path: $['text']
12:51:38.480 [main] DEBUG com.jayway.jsonpath.internal.path.CompiledPath -- Evaluating path: $
12:51:38.480 [main] DEBUG com.jayway.jsonpath.internal.path.CompiledPath -- Evaluating path: $
12:51:38.480 [main] DEBUG com.jayway.jsonpath.internal.JsonContext -- Put path $ key text value {}
12:51:38.480 [main] DEBUG com.jayway.jsonpath.internal.path.CompiledPath -- Evaluating path: $
12:51:38.480 [main] DEBUG com.jayway.jsonpath.internal.JsonContext -- Put path $ key text value s
12:51:38.480 [main] DEBUG com.jayway.jsonpath.internal.path.CompiledPath -- Evaluating path: $['windowsVirtualKeyCode']
12:51:38.480 [main] DEBUG com.jayway.jsonpath.internal.path.CompiledPath -- Evaluating path: $
12:51:38.480 [main] DEBUG com.jayway.jsonpath.internal.path.CompiledPath -- Evaluating path: $
12:51:38.480 [main] DEBUG com.jayway.jsonpath.internal.JsonContext -- Put path $ key windowsVirtualKeyCode value {}
12:51:38.480 [main] DEBUG com.jayway.jsonpath.internal.path.CompiledPath -- Evaluating path: $
12:51:38.480 [main] DEBUG com.jayway.jsonpath.internal.JsonContext -- Put path $ key windowsVirtualKeyCode value 115
12:51:38.480 [main] DEBUG com.jayway.jsonpath.internal.path.CompiledPath -- Evaluating path: $
12:51:38.480 [main] DEBUG com.intuit.karate.driver.chrome_1718781694197 -- >> {"id":40,"sessionId":"C5D350463E671ACBC4E779692AFFC42B","method":"Input.dispatchKeyEvent","params":{"modifiers":0,"type":"rawKeyDown","text":"s","windowsVirtualKeyCode":115}}
12:51:38.486 [nioEventLoopGroup-6-1] DEBUG com.intuit.karate.driver.chrome_1718781694197 -- << {"id":40,"result":{},"sessionId":"C5D350463E671ACBC4E779692AFFC42B"}
12:51:38.486 [nioEventLoopGroup-6-1] DEBUG com.jayway.jsonpath.internal.path.CompiledPath -- Evaluating path: $
12:51:38.486 [main] DEBUG com.jayway.jsonpath.internal.path.CompiledPath -- Evaluating path: $['modifiers']
12:51:38.486 [main] DEBUG com.jayway.jsonpath.internal.path.CompiledPath -- Evaluating path: $
12:51:38.486 [main] DEBUG com.jayway.jsonpath.internal.path.CompiledPath -- Evaluating path: $
12:51:38.486 [main] DEBUG com.jayway.jsonpath.internal.JsonContext -- Put path $ key modifiers value {}
12:51:38.486 [main] DEBUG com.jayway.jsonpath.internal.path.CompiledPath -- Evaluating path: $
12:51:38.486 [main] DEBUG com.jayway.jsonpath.internal.JsonContext -- Put path $ key modifiers value 0
12:51:38.486 [main] DEBUG com.jayway.jsonpath.internal.path.CompiledPath -- Evaluating path: $['type']
12:51:38.486 [main] DEBUG com.jayway.jsonpath.internal.path.CompiledPath -- Evaluating path: $
12:51:38.486 [main] DEBUG com.jayway.jsonpath.internal.path.CompiledPath -- Evaluating path: $
12:51:38.486 [main] DEBUG com.jayway.jsonpath.internal.JsonContext -- Put path $ key type value {}
12:51:38.486 [main] DEBUG com.jayway.jsonpath.internal.path.CompiledPath -- Evaluating path: $
12:51:38.486 [main] DEBUG com.jayway.jsonpath.internal.JsonContext -- Put path $ key type value char
12:51:38.486 [main] DEBUG com.jayway.jsonpath.internal.path.CompiledPath -- Evaluating path: $['text']
12:51:38.486 [main] DEBUG com.jayway.jsonpath.internal.path.CompiledPath -- Evaluating path: $
12:51:38.486 [main] DEBUG com.jayway.jsonpath.internal.path.CompiledPath -- Evaluating path: $
12:51:38.486 [main] DEBUG com.jayway.jsonpath.internal.JsonContext -- Put path $ key text value {}
12:51:38.486 [main] DEBUG com.jayway.jsonpath.internal.path.CompiledPath -- Evaluating path: $
12:51:38.486 [main] DEBUG com.jayway.jsonpath.internal.JsonContext -- Put path $ key text value s
12:51:38.486 [main] DEBUG com.jayway.jsonpath.internal.path.CompiledPath -- Evaluating path: $['windowsVirtualKeyCode']
12:51:38.486 [main] DEBUG com.jayway.jsonpath.internal.path.CompiledPath -- Evaluating path: $
12:51:38.486 [main] DEBUG com.jayway.jsonpath.internal.path.CompiledPath -- Evaluating path: $
12:51:38.486 [main] DEBUG com.jayway.jsonpath.internal.JsonContext -- Put path $ key windowsVirtualKeyCode value {}
12:51:38.486 [main] DEBUG com.jayway.jsonpath.internal.path.CompiledPath -- Evaluating path: $
12:51:38.486 [main] DEBUG com.jayway.jsonpath.internal.JsonContext -- Put path $ key windowsVirtualKeyCode value 115
12:51:38.486 [main] DEBUG com.jayway.jsonpath.internal.path.CompiledPath -- Evaluating path: $
12:51:38.486 [main] DEBUG com.intuit.karate.driver.chrome_1718781694197 -- >> {"id":41,"sessionId":"C5D350463E671ACBC4E779692AFFC42B","method":"Input.dispatchKeyEvent","params":{"modifiers":0,"type":"char","text":"s","windowsVirtualKeyCode":115}}
12:51:38.486 [nioEventLoopGroup-6-1] DEBUG com.intuit.karate.driver.chrome_1718781694197 -- << {"id":41,"result":{},"sessionId":"C5D350463E671ACBC4E779692AFFC42B"}
12:51:38.486 [nioEventLoopGroup-6-1] DEBUG com.jayway.jsonpath.internal.path.CompiledPath -- Evaluating path: $
12:51:38.486 [main] DEBUG com.jayway.jsonpath.internal.path.CompiledPath -- Evaluating path: $['modifiers']
12:51:38.486 [main] DEBUG com.jayway.jsonpath.internal.path.CompiledPath -- Evaluating path: $
12:51:38.486 [main] DEBUG com.jayway.jsonpath.internal.path.CompiledPath -- Evaluating path: $
12:51:38.486 [main] DEBUG com.jayway.jsonpath.internal.JsonContext -- Put path $ key modifiers value {}
12:51:38.486 [main] DEBUG com.jayway.jsonpath.internal.path.CompiledPath -- Evaluating path: $
12:51:38.486 [main] DEBUG com.jayway.jsonpath.internal.JsonContext -- Put path $ key modifiers value 0
12:51:38.486 [main] DEBUG com.jayway.jsonpath.internal.path.CompiledPath -- Evaluating path: $['type']
12:51:38.486 [main] DEBUG com.jayway.jsonpath.internal.path.CompiledPath -- Evaluating path: $
12:51:38.486 [main] DEBUG com.jayway.jsonpath.internal.path.CompiledPath -- Evaluating path: $
12:51:38.486 [main] DEBUG com.jayway.jsonpath.internal.JsonContext -- Put path $ key type value {}
12:51:38.486 [main] DEBUG com.jayway.jsonpath.internal.path.CompiledPath -- Evaluating path: $
12:51:38.486 [main] DEBUG com.jayway.jsonpath.internal.JsonContext -- Put path $ key type value keyUp
12:51:38.486 [main] DEBUG com.jayway.jsonpath.internal.path.CompiledPath -- Evaluating path: $['text']
12:51:38.486 [main] DEBUG com.jayway.jsonpath.internal.path.CompiledPath -- Evaluating path: $
12:51:38.486 [main] DEBUG com.jayway.jsonpath.internal.path.CompiledPath -- Evaluating path: $
12:51:38.486 [main] DEBUG com.jayway.jsonpath.internal.JsonContext -- Put path $ key text value {}
12:51:38.486 [main] DEBUG com.jayway.jsonpath.internal.path.CompiledPath -- Evaluating path: $
12:51:38.486 [main] DEBUG com.jayway.jsonpath.internal.JsonContext -- Put path $ key text value s
12:51:38.486 [main] DEBUG com.jayway.jsonpath.internal.path.CompiledPath -- Evaluating path: $['windowsVirtualKeyCode']
12:51:38.486 [main] DEBUG com.jayway.jsonpath.internal.path.CompiledPath -- Evaluating path: $
12:51:38.486 [main] DEBUG com.jayway.jsonpath.internal.path.CompiledPath -- Evaluating path: $
12:51:38.486 [main] DEBUG com.jayway.jsonpath.internal.JsonContext -- Put path $ key windowsVirtualKeyCode value {}
12:51:38.486 [main] DEBUG com.jayway.jsonpath.internal.path.CompiledPath -- Evaluating path: $
12:51:38.486 [main] DEBUG com.jayway.jsonpath.internal.JsonContext -- Put path $ key windowsVirtualKeyCode value 115
12:51:38.486 [main] DEBUG com.jayway.jsonpath.internal.path.CompiledPath -- Evaluating path: $
12:51:38.486 [main] DEBUG com.intuit.karate.driver.chrome_1718781694197 -- >> {"id":42,"sessionId":"C5D350463E671ACBC4E779692AFFC42B","method":"Input.dispatchKeyEvent","params":{"modifiers":0,"type":"keyUp","text":"s","windowsVirtualKeyCode":115}}
12:51:38.486 [nioEventLoopGroup-6-1] DEBUG com.intuit.karate.driver.chrome_1718781694197 -- << {"id":42,"result":{},"sessionId":"C5D350463E671ACBC4E779692AFFC42B"}
12:51:38.486 [nioEventLoopGroup-6-1] DEBUG com.jayway.jsonpath.internal.path.CompiledPath -- Evaluating path: $
12:51:38.486 [main] DEBUG com.jayway.jsonpath.internal.path.CompiledPath -- Evaluating path: $['modifiers']
12:51:38.486 [main] DEBUG com.jayway.jsonpath.internal.path.CompiledPath -- Evaluating path: $
12:51:38.486 [main] DEBUG com.jayway.jsonpath.internal.path.CompiledPath -- Evaluating path: $
12:51:38.486 [main] DEBUG com.jayway.jsonpath.internal.JsonContext -- Put path $ key modifiers value {}
12:51:38.486 [main] DEBUG com.jayway.jsonpath.internal.path.CompiledPath -- Evaluating path: $
12:51:38.486 [main] DEBUG com.jayway.jsonpath.internal.JsonContext -- Put path $ key modifiers value 0
12:51:38.486 [main] DEBUG com.jayway.jsonpath.internal.path.CompiledPath -- Evaluating path: $['type']
12:51:38.486 [main] DEBUG com.jayway.jsonpath.internal.path.CompiledPath -- Evaluating path: $
12:51:38.486 [main] DEBUG com.jayway.jsonpath.internal.path.CompiledPath -- Evaluating path: $
12:51:38.486 [main] DEBUG com.jayway.jsonpath.internal.JsonContext -- Put path $ key type value {}
12:51:38.486 [main] DEBUG com.jayway.jsonpath.internal.path.CompiledPath -- Evaluating path: $
12:51:38.486 [main] DEBUG com.jayway.jsonpath.internal.JsonContext -- Put path $ key type value rawKeyDown
12:51:38.486 [main] DEBUG com.jayway.jsonpath.internal.path.CompiledPath -- Evaluating path: $['text']
12:51:38.486 [main] DEBUG com.jayway.jsonpath.internal.path.CompiledPath -- Evaluating path: $
12:51:38.486 [main] DEBUG com.jayway.jsonpath.internal.path.CompiledPath -- Evaluating path: $
12:51:38.486 [main] DEBUG com.jayway.jsonpath.internal.JsonContext -- Put path $ key text value {}
12:51:38.486 [main] DEBUG com.jayway.jsonpath.internal.path.CompiledPath -- Evaluating path: $
12:51:38.486 [main] DEBUG com.jayway.jsonpath.internal.JsonContext -- Put path $ key text value e
12:51:38.486 [main] DEBUG com.jayway.jsonpath.internal.path.CompiledPath -- Evaluating path: $['windowsVirtualKeyCode']
12:51:38.486 [main] DEBUG com.jayway.jsonpath.internal.path.CompiledPath -- Evaluating path: $
12:51:38.486 [main] DEBUG com.jayway.jsonpath.internal.path.CompiledPath -- Evaluating path: $
12:51:38.486 [main] DEBUG com.jayway.jsonpath.internal.JsonContext -- Put path $ key windowsVirtualKeyCode value {}
12:51:38.486 [main] DEBUG com.jayway.jsonpath.internal.path.CompiledPath -- Evaluating path: $
12:51:38.486 [main] DEBUG com.jayway.jsonpath.internal.JsonContext -- Put path $ key windowsVirtualKeyCode value 101
12:51:38.486 [main] DEBUG com.jayway.jsonpath.internal.path.CompiledPath -- Evaluating path: $
12:51:38.486 [main] DEBUG com.intuit.karate.driver.chrome_1718781694197 -- >> {"id":43,"sessionId":"C5D350463E671ACBC4E779692AFFC42B","method":"Input.dispatchKeyEvent","params":{"modifiers":0,"type":"rawKeyDown","text":"e","windowsVirtualKeyCode":101}}
12:51:38.486 [nioEventLoopGroup-6-1] DEBUG com.intuit.karate.driver.chrome_1718781694197 -- << {"id":43,"result":{},"sessionId":"C5D350463E671ACBC4E779692AFFC42B"}
12:51:38.486 [nioEventLoopGroup-6-1] DEBUG com.jayway.jsonpath.internal.path.CompiledPath -- Evaluating path: $
12:51:38.486 [main] DEBUG com.jayway.jsonpath.internal.path.CompiledPath -- Evaluating path: $['modifiers']
12:51:38.486 [main] DEBUG com.jayway.jsonpath.internal.path.CompiledPath -- Evaluating path: $
12:51:38.486 [main] DEBUG com.jayway.jsonpath.internal.path.CompiledPath -- Evaluating path: $
12:51:38.486 [main] DEBUG com.jayway.jsonpath.internal.JsonContext -- Put path $ key modifiers value {}
12:51:38.486 [main] DEBUG com.jayway.jsonpath.internal.path.CompiledPath -- Evaluating path: $
12:51:38.486 [main] DEBUG com.jayway.jsonpath.internal.JsonContext -- Put path $ key modifiers value 0
12:51:38.486 [main] DEBUG com.jayway.jsonpath.internal.path.CompiledPath -- Evaluating path: $['type']
12:51:38.486 [main] DEBUG com.jayway.jsonpath.internal.path.CompiledPath -- Evaluating path: $
12:51:38.486 [main] DEBUG com.jayway.jsonpath.internal.path.CompiledPath -- Evaluating path: $
12:51:38.486 [main] DEBUG com.jayway.jsonpath.internal.JsonContext -- Put path $ key type value {}
12:51:38.486 [main] DEBUG com.jayway.jsonpath.internal.path.CompiledPath -- Evaluating path: $
12:51:38.486 [main] DEBUG com.jayway.jsonpath.internal.JsonContext -- Put path $ key type value char
12:51:38.486 [main] DEBUG com.jayway.jsonpath.internal.path.CompiledPath -- Evaluating path: $['text']
12:51:38.486 [main] DEBUG com.jayway.jsonpath.internal.path.CompiledPath -- Evaluating path: $
12:51:38.486 [main] DEBUG com.jayway.jsonpath.internal.path.CompiledPath -- Evaluating path: $
12:51:38.486 [main] DEBUG com.jayway.jsonpath.internal.JsonContext -- Put path $ key text value {}
12:51:38.486 [main] DEBUG com.jayway.jsonpath.internal.path.CompiledPath -- Evaluating path: $
12:51:38.486 [main] DEBUG com.jayway.jsonpath.internal.JsonContext -- Put path $ key text value e
12:51:38.486 [main] DEBUG com.jayway.jsonpath.internal.path.CompiledPath -- Evaluating path: $['windowsVirtualKeyCode']
12:51:38.486 [main] DEBUG com.jayway.jsonpath.internal.path.CompiledPath -- Evaluating path: $
12:51:38.486 [main] DEBUG com.jayway.jsonpath.internal.path.CompiledPath -- Evaluating path: $
12:51:38.486 [main] DEBUG com.jayway.jsonpath.internal.JsonContext -- Put path $ key windowsVirtualKeyCode value {}
12:51:38.486 [main] DEBUG com.jayway.jsonpath.internal.path.CompiledPath -- Evaluating path: $
12:51:38.486 [main] DEBUG com.jayway.jsonpath.internal.JsonContext -- Put path $ key windowsVirtualKeyCode value 101
12:51:38.486 [main] DEBUG com.jayway.jsonpath.internal.path.CompiledPath -- Evaluating path: $
12:51:38.486 [main] DEBUG com.intuit.karate.driver.chrome_1718781694197 -- >> {"id":44,"sessionId":"C5D350463E671ACBC4E779692AFFC42B","method":"Input.dispatchKeyEvent","params":{"modifiers":0,"type":"char","text":"e","windowsVirtualKeyCode":101}}
12:51:38.486 [nioEventLoopGroup-6-1] DEBUG com.intuit.karate.driver.chrome_1718781694197 -- << {"id":44,"result":{},"sessionId":"C5D350463E671ACBC4E779692AFFC42B"}
12:51:38.486 [nioEventLoopGroup-6-1] DEBUG com.jayway.jsonpath.internal.path.CompiledPath -- Evaluating path: $
12:51:38.486 [main] DEBUG com.jayway.jsonpath.internal.path.CompiledPath -- Evaluating path: $['modifiers']
12:51:38.486 [main] DEBUG com.jayway.jsonpath.internal.path.CompiledPath -- Evaluating path: $
12:51:38.486 [main] DEBUG com.jayway.jsonpath.internal.path.CompiledPath -- Evaluating path: $
12:51:38.486 [main] DEBUG com.jayway.jsonpath.internal.JsonContext -- Put path $ key modifiers value {}
12:51:38.486 [main] DEBUG com.jayway.jsonpath.internal.path.CompiledPath -- Evaluating path: $
12:51:38.486 [main] DEBUG com.jayway.jsonpath.internal.JsonContext -- Put path $ key modifiers value 0
12:51:38.486 [main] DEBUG com.jayway.jsonpath.internal.path.CompiledPath -- Evaluating path: $['type']
12:51:38.486 [main] DEBUG com.jayway.jsonpath.internal.path.CompiledPath -- Evaluating path: $
12:51:38.486 [main] DEBUG com.jayway.jsonpath.internal.path.CompiledPath -- Evaluating path: $
12:51:38.486 [main] DEBUG com.jayway.jsonpath.internal.JsonContext -- Put path $ key type value {}
12:51:38.486 [main] DEBUG com.jayway.jsonpath.internal.path.CompiledPath -- Evaluating path: $
12:51:38.486 [main] DEBUG com.jayway.jsonpath.internal.JsonContext -- Put path $ key type value keyUp
12:51:38.486 [main] DEBUG com.jayway.jsonpath.internal.path.CompiledPath -- Evaluating path: $['text']
12:51:38.486 [main] DEBUG com.jayway.jsonpath.internal.path.CompiledPath -- Evaluating path: $
12:51:38.486 [main] DEBUG com.jayway.jsonpath.internal.path.CompiledPath -- Evaluating path: $
12:51:38.486 [main] DEBUG com.jayway.jsonpath.internal.JsonContext -- Put path $ key text value {}
12:51:38.486 [main] DEBUG com.jayway.jsonpath.internal.path.CompiledPath -- Evaluating path: $
12:51:38.486 [main] DEBUG com.jayway.jsonpath.internal.JsonContext -- Put path $ key text value e
12:51:38.486 [main] DEBUG com.jayway.jsonpath.internal.path.CompiledPath -- Evaluating path: $['windowsVirtualKeyCode']
12:51:38.486 [main] DEBUG com.jayway.jsonpath.internal.path.CompiledPath -- Evaluating path: $
12:51:38.486 [main] DEBUG com.jayway.jsonpath.internal.path.CompiledPath -- Evaluating path: $
12:51:38.486 [main] DEBUG com.jayway.jsonpath.internal.JsonContext -- Put path $ key windowsVirtualKeyCode value {}
12:51:38.486 [main] DEBUG com.jayway.jsonpath.internal.path.CompiledPath -- Evaluating path: $
12:51:38.486 [main] DEBUG com.jayway.jsonpath.internal.JsonContext -- Put path $ key windowsVirtualKeyCode value 101
12:51:38.486 [main] DEBUG com.jayway.jsonpath.internal.path.CompiledPath -- Evaluating path: $
12:51:38.486 [main] DEBUG com.intuit.karate.driver.chrome_1718781694197 -- >> {"id":45,"sessionId":"C5D350463E671ACBC4E779692AFFC42B","method":"Input.dispatchKeyEvent","params":{"modifiers":0,"type":"keyUp","text":"e","windowsVirtualKeyCode":101}}
12:51:38.497 [nioEventLoopGroup-6-1] DEBUG com.intuit.karate.driver.chrome_1718781694197 -- << {"id":45,"result":{},"sessionId":"C5D350463E671ACBC4E779692AFFC42B"}
12:51:38.497 [nioEventLoopGroup-6-1] DEBUG com.jayway.jsonpath.internal.path.CompiledPath -- Evaluating path: $
12:51:38.497 [main] DEBUG com.jayway.jsonpath.internal.path.CompiledPath -- Evaluating path: $['modifiers']
12:51:38.497 [main] DEBUG com.jayway.jsonpath.internal.path.CompiledPath -- Evaluating path: $
12:51:38.497 [main] DEBUG com.jayway.jsonpath.internal.path.CompiledPath -- Evaluating path: $
12:51:38.497 [main] DEBUG com.jayway.jsonpath.internal.JsonContext -- Put path $ key modifiers value {}
12:51:38.497 [main] DEBUG com.jayway.jsonpath.internal.path.CompiledPath -- Evaluating path: $
12:51:38.497 [main] DEBUG com.jayway.jsonpath.internal.JsonContext -- Put path $ key modifiers value 0
12:51:38.497 [main] DEBUG com.jayway.jsonpath.internal.path.CompiledPath -- Evaluating path: $['type']
12:51:38.497 [main] DEBUG com.jayway.jsonpath.internal.path.CompiledPath -- Evaluating path: $
12:51:38.497 [main] DEBUG com.jayway.jsonpath.internal.path.CompiledPath -- Evaluating path: $
12:51:38.497 [main] DEBUG com.jayway.jsonpath.internal.JsonContext -- Put path $ key type value {}
12:51:38.497 [main] DEBUG com.jayway.jsonpath.internal.path.CompiledPath -- Evaluating path: $
12:51:38.497 [main] DEBUG com.jayway.jsonpath.internal.JsonContext -- Put path $ key type value rawKeyDown
12:51:38.497 [main] DEBUG com.jayway.jsonpath.internal.path.CompiledPath -- Evaluating path: $['text']
12:51:38.497 [main] DEBUG com.jayway.jsonpath.internal.path.CompiledPath -- Evaluating path: $
12:51:38.497 [main] DEBUG com.jayway.jsonpath.internal.path.CompiledPath -- Evaluating path: $
12:51:38.497 [main] DEBUG com.jayway.jsonpath.internal.JsonContext -- Put path $ key text value {}
12:51:38.497 [main] DEBUG com.jayway.jsonpath.internal.path.CompiledPath -- Evaluating path: $
12:51:38.497 [main] DEBUG com.jayway.jsonpath.internal.JsonContext -- Put path $ key text value r
12:51:38.497 [main] DEBUG com.jayway.jsonpath.internal.path.CompiledPath -- Evaluating path: $['windowsVirtualKeyCode']
12:51:38.497 [main] DEBUG com.jayway.jsonpath.internal.path.CompiledPath -- Evaluating path: $
12:51:38.497 [main] DEBUG com.jayway.jsonpath.internal.path.CompiledPath -- Evaluating path: $
12:51:38.497 [main] DEBUG com.jayway.jsonpath.internal.JsonContext -- Put path $ key windowsVirtualKeyCode value {}
12:51:38.497 [main] DEBUG com.jayway.jsonpath.internal.path.CompiledPath -- Evaluating path: $
12:51:38.497 [main] DEBUG com.jayway.jsonpath.internal.JsonContext -- Put path $ key windowsVirtualKeyCode value 114
12:51:38.497 [main] DEBUG com.jayway.jsonpath.internal.path.CompiledPath -- Evaluating path: $
12:51:38.497 [main] DEBUG com.intuit.karate.driver.chrome_1718781694197 -- >> {"id":46,"sessionId":"C5D350463E671ACBC4E779692AFFC42B","method":"Input.dispatchKeyEvent","params":{"modifiers":0,"type":"rawKeyDown","text":"r","windowsVirtualKeyCode":114}}
12:51:38.502 [nioEventLoopGroup-6-1] DEBUG com.intuit.karate.driver.chrome_1718781694197 -- << {"id":46,"result":{},"sessionId":"C5D350463E671ACBC4E779692AFFC42B"}
12:51:38.502 [nioEventLoopGroup-6-1] DEBUG com.jayway.jsonpath.internal.path.CompiledPath -- Evaluating path: $
12:51:38.502 [main] DEBUG com.jayway.jsonpath.internal.path.CompiledPath -- Evaluating path: $['modifiers']
12:51:38.502 [main] DEBUG com.jayway.jsonpath.internal.path.CompiledPath -- Evaluating path: $
12:51:38.502 [main] DEBUG com.jayway.jsonpath.internal.path.CompiledPath -- Evaluating path: $
12:51:38.502 [main] DEBUG com.jayway.jsonpath.internal.JsonContext -- Put path $ key modifiers value {}
12:51:38.502 [main] DEBUG com.jayway.jsonpath.internal.path.CompiledPath -- Evaluating path: $
12:51:38.502 [main] DEBUG com.jayway.jsonpath.internal.JsonContext -- Put path $ key modifiers value 0
12:51:38.502 [main] DEBUG com.jayway.jsonpath.internal.path.CompiledPath -- Evaluating path: $['type']
12:51:38.502 [main] DEBUG com.jayway.jsonpath.internal.path.CompiledPath -- Evaluating path: $
12:51:38.502 [main] DEBUG com.jayway.jsonpath.internal.path.CompiledPath -- Evaluating path: $
12:51:38.502 [main] DEBUG com.jayway.jsonpath.internal.JsonContext -- Put path $ key type value {}
12:51:38.502 [main] DEBUG com.jayway.jsonpath.internal.path.CompiledPath -- Evaluating path: $
12:51:38.502 [main] DEBUG com.jayway.jsonpath.internal.JsonContext -- Put path $ key type value char
12:51:38.502 [main] DEBUG com.jayway.jsonpath.internal.path.CompiledPath -- Evaluating path: $['text']
12:51:38.502 [main] DEBUG com.jayway.jsonpath.internal.path.CompiledPath -- Evaluating path: $
12:51:38.502 [main] DEBUG com.jayway.jsonpath.internal.path.CompiledPath -- Evaluating path: $
12:51:38.502 [main] DEBUG com.jayway.jsonpath.internal.JsonContext -- Put path $ key text value {}
12:51:38.502 [main] DEBUG com.jayway.jsonpath.internal.path.CompiledPath -- Evaluating path: $
12:51:38.502 [main] DEBUG com.jayway.jsonpath.internal.JsonContext -- Put path $ key text value r
12:51:38.502 [main] DEBUG com.jayway.jsonpath.internal.path.CompiledPath -- Evaluating path: $['windowsVirtualKeyCode']
12:51:38.502 [main] DEBUG com.jayway.jsonpath.internal.path.CompiledPath -- Evaluating path: $
12:51:38.502 [main] DEBUG com.jayway.jsonpath.internal.path.CompiledPath -- Evaluating path: $
12:51:38.502 [main] DEBUG com.jayway.jsonpath.internal.JsonContext -- Put path $ key windowsVirtualKeyCode value {}
12:51:38.502 [main] DEBUG com.jayway.jsonpath.internal.path.CompiledPath -- Evaluating path: $
12:51:38.502 [main] DEBUG com.jayway.jsonpath.internal.JsonContext -- Put path $ key windowsVirtualKeyCode value 114
12:51:38.502 [main] DEBUG com.jayway.jsonpath.internal.path.CompiledPath -- Evaluating path: $
12:51:38.502 [main] DEBUG com.intuit.karate.driver.chrome_1718781694197 -- >> {"id":47,"sessionId":"C5D350463E671ACBC4E779692AFFC42B","method":"Input.dispatchKeyEvent","params":{"modifiers":0,"type":"char","text":"r","windowsVirtualKeyCode":114}}
12:51:38.502 [nioEventLoopGroup-6-1] DEBUG com.intuit.karate.driver.chrome_1718781694197 -- << {"id":47,"result":{},"sessionId":"C5D350463E671ACBC4E779692AFFC42B"}
12:51:38.502 [nioEventLoopGroup-6-1] DEBUG com.jayway.jsonpath.internal.path.CompiledPath -- Evaluating path: $
12:51:38.502 [main] DEBUG com.jayway.jsonpath.internal.path.CompiledPath -- Evaluating path: $['modifiers']
12:51:38.502 [main] DEBUG com.jayway.jsonpath.internal.path.CompiledPath -- Evaluating path: $
12:51:38.502 [main] DEBUG com.jayway.jsonpath.internal.path.CompiledPath -- Evaluating path: $
12:51:38.502 [main] DEBUG com.jayway.jsonpath.internal.JsonContext -- Put path $ key modifiers value {}
12:51:38.502 [main] DEBUG com.jayway.jsonpath.internal.path.CompiledPath -- Evaluating path: $
12:51:38.502 [main] DEBUG com.jayway.jsonpath.internal.JsonContext -- Put path $ key modifiers value 0
12:51:38.502 [main] DEBUG com.jayway.jsonpath.internal.path.CompiledPath -- Evaluating path: $['type']
12:51:38.502 [main] DEBUG com.jayway.jsonpath.internal.path.CompiledPath -- Evaluating path: $
12:51:38.502 [main] DEBUG com.jayway.jsonpath.internal.path.CompiledPath -- Evaluating path: $
12:51:38.502 [main] DEBUG com.jayway.jsonpath.internal.JsonContext -- Put path $ key type value {}
12:51:38.502 [main] DEBUG com.jayway.jsonpath.internal.path.CompiledPath -- Evaluating path: $
12:51:38.502 [main] DEBUG com.jayway.jsonpath.internal.JsonContext -- Put path $ key type value keyUp
12:51:38.502 [main] DEBUG com.jayway.jsonpath.internal.path.CompiledPath -- Evaluating path: $['text']
12:51:38.502 [main] DEBUG com.jayway.jsonpath.internal.path.CompiledPath -- Evaluating path: $
12:51:38.502 [main] DEBUG com.jayway.jsonpath.internal.path.CompiledPath -- Evaluating path: $
12:51:38.502 [main] DEBUG com.jayway.jsonpath.internal.JsonContext -- Put path $ key text value {}
12:51:38.502 [main] DEBUG com.jayway.jsonpath.internal.path.CompiledPath -- Evaluating path: $
12:51:38.502 [main] DEBUG com.jayway.jsonpath.internal.JsonContext -- Put path $ key text value r
12:51:38.502 [main] DEBUG com.jayway.jsonpath.internal.path.CompiledPath -- Evaluating path: $['windowsVirtualKeyCode']
12:51:38.502 [main] DEBUG com.jayway.jsonpath.internal.path.CompiledPath -- Evaluating path: $
12:51:38.502 [main] DEBUG com.jayway.jsonpath.internal.path.CompiledPath -- Evaluating path: $
12:51:38.502 [main] DEBUG com.jayway.jsonpath.internal.JsonContext -- Put path $ key windowsVirtualKeyCode value {}
12:51:38.502 [main] DEBUG com.jayway.jsonpath.internal.path.CompiledPath -- Evaluating path: $
12:51:38.502 [main] DEBUG com.jayway.jsonpath.internal.JsonContext -- Put path $ key windowsVirtualKeyCode value 114
12:51:38.502 [main] DEBUG com.jayway.jsonpath.internal.path.CompiledPath -- Evaluating path: $
12:51:38.502 [main] DEBUG com.intuit.karate.driver.chrome_1718781694197 -- >> {"id":48,"sessionId":"C5D350463E671ACBC4E779692AFFC42B","method":"Input.dispatchKeyEvent","params":{"modifiers":0,"type":"keyUp","text":"r","windowsVirtualKeyCode":114}}
12:51:38.502 [nioEventLoopGroup-6-1] DEBUG com.intuit.karate.driver.chrome_1718781694197 -- << {"id":48,"result":{},"sessionId":"C5D350463E671ACBC4E779692AFFC42B"}
12:51:38.502 [nioEventLoopGroup-6-1] DEBUG com.jayway.jsonpath.internal.path.CompiledPath -- Evaluating path: $
12:51:40.627 [nioEventLoopGroup-6-1] DEBUG com.intuit.karate.driver.chrome_1718781694197 -- << {"method":"Target.targetCreated","params":{"targetInfo":{"targetId":"9126F666BC7816CAE2514FD29B7DAF5C","type":"app","title":"Chrome Web Store Payments","url":"","attached":false,"canAccessOpener":false,"browserContextId":"8029E7C2DC0B900CD3FA9AEC3FA651D9"}},"sessionId":"C5D350463E671ACBC4E779692AFFC42B"}
12:51:40.627 [nioEventLoopGroup-6-1] DEBUG com.jayway.jsonpath.internal.path.CompiledPath -- Evaluating path: $
12:51:40.764 [nioEventLoopGroup-6-1] DEBUG com.intuit.karate.driver.chrome_1718781694197 -- << {"method":"Target.targetInfoChanged","params":{"targetInfo":{"targetId":"9126F666BC7816CAE2514FD29B7DAF5C","type":"background_page","title":"Chrome Web Store Payments","url":"chrome-extension://nmmhkkegccagdldgiimedpiccmgmieda/_generated_background_page.html","attached":false,"canAccessOpener":false,"browserContextId":"8029E7C2DC0B900CD3FA9AEC3FA651D9"}},"sessionId":"C5D350463E671ACBC4E779692AFFC42B"}
12:51:40.764 [nioEventLoopGroup-6-1] DEBUG com.jayway.jsonpath.internal.path.CompiledPath -- Evaluating path: $
12:51:40.764 [nioEventLoopGroup-6-1] DEBUG com.jayway.jsonpath.internal.path.CompiledPath -- Evaluating path: $['targetInfo']['targetId']
12:51:41.512 [main] DEBUG com.jayway.jsonpath.internal.path.CompiledPath -- Evaluating path: $['expression']
12:51:41.512 [main] DEBUG com.jayway.jsonpath.internal.path.CompiledPath -- Evaluating path: $
12:51:41.512 [main] DEBUG com.jayway.jsonpath.internal.path.CompiledPath -- Evaluating path: $
12:51:41.512 [main] DEBUG com.jayway.jsonpath.internal.JsonContext -- Put path $ key expression value {}
12:51:41.512 [main] DEBUG com.jayway.jsonpath.internal.path.CompiledPath -- Evaluating path: $
12:51:41.512 [main] DEBUG com.jayway.jsonpath.internal.JsonContext -- Put path $ key expression value var e = document.evaluate("//*[@id='password']", document, null, 9, null).singleNodeValue; e.focus(); try { e.selectionStart = e.selectionEnd = e.value.length } catch(x) {}
12:51:41.512 [main] DEBUG com.jayway.jsonpath.internal.path.CompiledPath -- Evaluating path: $['returnByValue']
12:51:41.512 [main] DEBUG com.jayway.jsonpath.internal.path.CompiledPath -- Evaluating path: $
12:51:41.512 [main] DEBUG com.jayway.jsonpath.internal.path.CompiledPath -- Evaluating path: $
12:51:41.512 [main] DEBUG com.jayway.jsonpath.internal.JsonContext -- Put path $ key returnByValue value {}
12:51:41.512 [main] DEBUG com.jayway.jsonpath.internal.path.CompiledPath -- Evaluating path: $
12:51:41.512 [main] DEBUG com.jayway.jsonpath.internal.JsonContext -- Put path $ key returnByValue value true
12:51:41.512 [main] DEBUG com.jayway.jsonpath.internal.path.CompiledPath -- Evaluating path: $
12:51:41.512 [main] DEBUG com.intuit.karate.driver.chrome_1718781694197 -- >> {"id":49,"sessionId":"C5D350463E671ACBC4E779692AFFC42B","method":"Runtime.evaluate","params":{"expression":"var e = document.evaluate(\"\/\/*[@id='password']\", document, null, 9, null).singleNodeValue; e.focus(); try { e.selectionStart = e.selectionEnd = e.value.length } catch(x) {}","returnByValue":true}}
12:51:41.516 [nioEventLoopGroup-6-1] DEBUG com.intuit.karate.driver.chrome_1718781694197 -- << {"id":49,"result":{"result":{"type":"number","value":0,"description":"0"}},"sessionId":"C5D350463E671ACBC4E779692AFFC42B"}
12:51:41.516 [nioEventLoopGroup-6-1] DEBUG com.jayway.jsonpath.internal.path.CompiledPath -- Evaluating path: $
12:51:41.517 [main] DEBUG com.jayway.jsonpath.internal.path.CompiledPath -- Evaluating path: $['modifiers']
12:51:41.517 [main] DEBUG com.jayway.jsonpath.internal.path.CompiledPath -- Evaluating path: $
12:51:41.517 [main] DEBUG com.jayway.jsonpath.internal.path.CompiledPath -- Evaluating path: $
12:51:41.517 [main] DEBUG com.jayway.jsonpath.internal.JsonContext -- Put path $ key modifiers value {}
12:51:41.517 [main] DEBUG com.jayway.jsonpath.internal.path.CompiledPath -- Evaluating path: $
12:51:41.517 [main] DEBUG com.jayway.jsonpath.internal.JsonContext -- Put path $ key modifiers value 0
12:51:41.517 [main] DEBUG com.jayway.jsonpath.internal.path.CompiledPath -- Evaluating path: $['type']
12:51:41.517 [main] DEBUG com.jayway.jsonpath.internal.path.CompiledPath -- Evaluating path: $
12:51:41.517 [main] DEBUG com.jayway.jsonpath.internal.path.CompiledPath -- Evaluating path: $
12:51:41.517 [main] DEBUG com.jayway.jsonpath.internal.JsonContext -- Put path $ key type value {}
12:51:41.517 [main] DEBUG com.jayway.jsonpath.internal.path.CompiledPath -- Evaluating path: $
12:51:41.517 [main] DEBUG com.jayway.jsonpath.internal.JsonContext -- Put path $ key type value rawKeyDown
12:51:41.517 [main] DEBUG com.jayway.jsonpath.internal.path.CompiledPath -- Evaluating path: $['text']
12:51:41.517 [main] DEBUG com.jayway.jsonpath.internal.path.CompiledPath -- Evaluating path: $
12:51:41.517 [main] DEBUG com.jayway.jsonpath.internal.path.CompiledPath -- Evaluating path: $
12:51:41.517 [main] DEBUG com.jayway.jsonpath.internal.JsonContext -- Put path $ key text value {}
12:51:41.517 [main] DEBUG com.jayway.jsonpath.internal.path.CompiledPath -- Evaluating path: $
12:51:41.517 [main] DEBUG com.jayway.jsonpath.internal.JsonContext -- Put path $ key text value s
12:51:41.517 [main] DEBUG com.jayway.jsonpath.internal.path.CompiledPath -- Evaluating path: $['windowsVirtualKeyCode']
12:51:41.517 [main] DEBUG com.jayway.jsonpath.internal.path.CompiledPath -- Evaluating path: $
12:51:41.517 [main] DEBUG com.jayway.jsonpath.internal.path.CompiledPath -- Evaluating path: $
12:51:41.517 [main] DEBUG com.jayway.jsonpath.internal.JsonContext -- Put path $ key windowsVirtualKeyCode value {}
12:51:41.517 [main] DEBUG com.jayway.jsonpath.internal.path.CompiledPath -- Evaluating path: $
12:51:41.517 [main] DEBUG com.jayway.jsonpath.internal.JsonContext -- Put path $ key windowsVirtualKeyCode value 115
12:51:41.517 [main] DEBUG com.jayway.jsonpath.internal.path.CompiledPath -- Evaluating path: $
12:51:41.517 [main] DEBUG com.intuit.karate.driver.chrome_1718781694197 -- >> {"id":50,"sessionId":"C5D350463E671ACBC4E779692AFFC42B","method":"Input.dispatchKeyEvent","params":{"modifiers":0,"type":"rawKeyDown","text":"s","windowsVirtualKeyCode":115}}
12:51:41.520 [nioEventLoopGroup-6-1] DEBUG com.intuit.karate.driver.chrome_1718781694197 -- << {"id":50,"result":{},"sessionId":"C5D350463E671ACBC4E779692AFFC42B"}
12:51:41.520 [nioEventLoopGroup-6-1] DEBUG com.jayway.jsonpath.internal.path.CompiledPath -- Evaluating path: $
12:51:41.520 [main] DEBUG com.jayway.jsonpath.internal.path.CompiledPath -- Evaluating path: $['modifiers']
12:51:41.520 [main] DEBUG com.jayway.jsonpath.internal.path.CompiledPath -- Evaluating path: $
12:51:41.520 [main] DEBUG com.jayway.jsonpath.internal.path.CompiledPath -- Evaluating path: $
12:51:41.520 [main] DEBUG com.jayway.jsonpath.internal.JsonContext -- Put path $ key modifiers value {}
12:51:41.520 [main] DEBUG com.jayway.jsonpath.internal.path.CompiledPath -- Evaluating path: $
12:51:41.520 [main] DEBUG com.jayway.jsonpath.internal.JsonContext -- Put path $ key modifiers value 0
12:51:41.520 [main] DEBUG com.jayway.jsonpath.internal.path.CompiledPath -- Evaluating path: $['type']
12:51:41.520 [main] DEBUG com.jayway.jsonpath.internal.path.CompiledPath -- Evaluating path: $
12:51:41.520 [main] DEBUG com.jayway.jsonpath.internal.path.CompiledPath -- Evaluating path: $
12:51:41.520 [main] DEBUG com.jayway.jsonpath.internal.JsonContext -- Put path $ key type value {}
12:51:41.520 [main] DEBUG com.jayway.jsonpath.internal.path.CompiledPath -- Evaluating path: $
12:51:41.520 [main] DEBUG com.jayway.jsonpath.internal.JsonContext -- Put path $ key type value char
12:51:41.520 [main] DEBUG com.jayway.jsonpath.internal.path.CompiledPath -- Evaluating path: $['text']
12:51:41.520 [main] DEBUG com.jayway.jsonpath.internal.path.CompiledPath -- Evaluating path: $
12:51:41.520 [main] DEBUG com.jayway.jsonpath.internal.path.CompiledPath -- Evaluating path: $
12:51:41.520 [main] DEBUG com.jayway.jsonpath.internal.JsonContext -- Put path $ key text value {}
12:51:41.520 [main] DEBUG com.jayway.jsonpath.internal.path.CompiledPath -- Evaluating path: $
12:51:41.520 [main] DEBUG com.jayway.jsonpath.internal.JsonContext -- Put path $ key text value s
12:51:41.520 [main] DEBUG com.jayway.jsonpath.internal.path.CompiledPath -- Evaluating path: $['windowsVirtualKeyCode']
12:51:41.520 [main] DEBUG com.jayway.jsonpath.internal.path.CompiledPath -- Evaluating path: $
12:51:41.520 [main] DEBUG com.jayway.jsonpath.internal.path.CompiledPath -- Evaluating path: $
12:51:41.520 [main] DEBUG com.jayway.jsonpath.internal.JsonContext -- Put path $ key windowsVirtualKeyCode value {}
12:51:41.520 [main] DEBUG com.jayway.jsonpath.internal.path.CompiledPath -- Evaluating path: $
12:51:41.520 [main] DEBUG com.jayway.jsonpath.internal.JsonContext -- Put path $ key windowsVirtualKeyCode value 115
12:51:41.520 [main] DEBUG com.jayway.jsonpath.internal.path.CompiledPath -- Evaluating path: $
12:51:41.520 [main] DEBUG com.intuit.karate.driver.chrome_1718781694197 -- >> {"id":51,"sessionId":"C5D350463E671ACBC4E779692AFFC42B","method":"Input.dispatchKeyEvent","params":{"modifiers":0,"type":"char","text":"s","windowsVirtualKeyCode":115}}
12:51:41.522 [nioEventLoopGroup-6-1] DEBUG com.intuit.karate.driver.chrome_1718781694197 -- << {"id":51,"result":{},"sessionId":"C5D350463E671ACBC4E779692AFFC42B"}
12:51:41.522 [nioEventLoopGroup-6-1] DEBUG com.jayway.jsonpath.internal.path.CompiledPath -- Evaluating path: $
12:51:41.522 [main] DEBUG com.jayway.jsonpath.internal.path.CompiledPath -- Evaluating path: $['modifiers']
12:51:41.522 [main] DEBUG com.jayway.jsonpath.internal.path.CompiledPath -- Evaluating path: $
12:51:41.522 [main] DEBUG com.jayway.jsonpath.internal.path.CompiledPath -- Evaluating path: $
12:51:41.522 [main] DEBUG com.jayway.jsonpath.internal.JsonContext -- Put path $ key modifiers value {}
12:51:41.522 [main] DEBUG com.jayway.jsonpath.internal.path.CompiledPath -- Evaluating path: $
12:51:41.522 [main] DEBUG com.jayway.jsonpath.internal.JsonContext -- Put path $ key modifiers value 0
12:51:41.522 [main] DEBUG com.jayway.jsonpath.internal.path.CompiledPath -- Evaluating path: $['type']
12:51:41.522 [main] DEBUG com.jayway.jsonpath.internal.path.CompiledPath -- Evaluating path: $
12:51:41.522 [main] DEBUG com.jayway.jsonpath.internal.path.CompiledPath -- Evaluating path: $
12:51:41.522 [main] DEBUG com.jayway.jsonpath.internal.JsonContext -- Put path $ key type value {}
12:51:41.522 [main] DEBUG com.jayway.jsonpath.internal.path.CompiledPath -- Evaluating path: $
12:51:41.522 [main] DEBUG com.jayway.jsonpath.internal.JsonContext -- Put path $ key type value keyUp
12:51:41.522 [main] DEBUG com.jayway.jsonpath.internal.path.CompiledPath -- Evaluating path: $['text']
12:51:41.522 [main] DEBUG com.jayway.jsonpath.internal.path.CompiledPath -- Evaluating path: $
12:51:41.522 [main] DEBUG com.jayway.jsonpath.internal.path.CompiledPath -- Evaluating path: $
12:51:41.522 [main] DEBUG com.jayway.jsonpath.internal.JsonContext -- Put path $ key text value {}
12:51:41.522 [main] DEBUG com.jayway.jsonpath.internal.path.CompiledPath -- Evaluating path: $
12:51:41.522 [main] DEBUG com.jayway.jsonpath.internal.JsonContext -- Put path $ key text value s
12:51:41.522 [main] DEBUG com.jayway.jsonpath.internal.path.CompiledPath -- Evaluating path: $['windowsVirtualKeyCode']
12:51:41.522 [main] DEBUG com.jayway.jsonpath.internal.path.CompiledPath -- Evaluating path: $
12:51:41.522 [main] DEBUG com.jayway.jsonpath.internal.path.CompiledPath -- Evaluating path: $
12:51:41.522 [main] DEBUG com.jayway.jsonpath.internal.JsonContext -- Put path $ key windowsVirtualKeyCode value {}
12:51:41.522 [main] DEBUG com.jayway.jsonpath.internal.path.CompiledPath -- Evaluating path: $
12:51:41.522 [main] DEBUG com.jayway.jsonpath.internal.JsonContext -- Put path $ key windowsVirtualKeyCode value 115
12:51:41.522 [main] DEBUG com.jayway.jsonpath.internal.path.CompiledPath -- Evaluating path: $
12:51:41.522 [main] DEBUG com.intuit.karate.driver.chrome_1718781694197 -- >> {"id":52,"sessionId":"C5D350463E671ACBC4E779692AFFC42B","method":"Input.dispatchKeyEvent","params":{"modifiers":0,"type":"keyUp","text":"s","windowsVirtualKeyCode":115}}
12:51:41.522 [nioEventLoopGroup-6-1] DEBUG com.intuit.karate.driver.chrome_1718781694197 -- << {"id":52,"result":{},"sessionId":"C5D350463E671ACBC4E779692AFFC42B"}
12:51:41.522 [nioEventLoopGroup-6-1] DEBUG com.jayway.jsonpath.internal.path.CompiledPath -- Evaluating path: $
12:51:41.522 [main] DEBUG com.jayway.jsonpath.internal.path.CompiledPath -- Evaluating path: $['modifiers']
12:51:41.522 [main] DEBUG com.jayway.jsonpath.internal.path.CompiledPath -- Evaluating path: $
12:51:41.522 [main] DEBUG com.jayway.jsonpath.internal.path.CompiledPath -- Evaluating path: $
12:51:41.522 [main] DEBUG com.jayway.jsonpath.internal.JsonContext -- Put path $ key modifiers value {}
12:51:41.522 [main] DEBUG com.jayway.jsonpath.internal.path.CompiledPath -- Evaluating path: $
12:51:41.522 [main] DEBUG com.jayway.jsonpath.internal.JsonContext -- Put path $ key modifiers value 0
12:51:41.522 [main] DEBUG com.jayway.jsonpath.internal.path.CompiledPath -- Evaluating path: $['type']
12:51:41.522 [main] DEBUG com.jayway.jsonpath.internal.path.CompiledPath -- Evaluating path: $
12:51:41.522 [main] DEBUG com.jayway.jsonpath.internal.path.CompiledPath -- Evaluating path: $
12:51:41.522 [main] DEBUG com.jayway.jsonpath.internal.JsonContext -- Put path $ key type value {}
12:51:41.522 [main] DEBUG com.jayway.jsonpath.internal.path.CompiledPath -- Evaluating path: $
12:51:41.522 [main] DEBUG com.jayway.jsonpath.internal.JsonContext -- Put path $ key type value rawKeyDown
12:51:41.522 [main] DEBUG com.jayway.jsonpath.internal.path.CompiledPath -- Evaluating path: $['text']
12:51:41.522 [main] DEBUG com.jayway.jsonpath.internal.path.CompiledPath -- Evaluating path: $
12:51:41.522 [main] DEBUG com.jayway.jsonpath.internal.path.CompiledPath -- Evaluating path: $
12:51:41.522 [main] DEBUG com.jayway.jsonpath.internal.JsonContext -- Put path $ key text value {}
12:51:41.522 [main] DEBUG com.jayway.jsonpath.internal.path.CompiledPath -- Evaluating path: $
12:51:41.522 [main] DEBUG com.jayway.jsonpath.internal.JsonContext -- Put path $ key text value e
12:51:41.522 [main] DEBUG com.jayway.jsonpath.internal.path.CompiledPath -- Evaluating path: $['windowsVirtualKeyCode']
12:51:41.522 [main] DEBUG com.jayway.jsonpath.internal.path.CompiledPath -- Evaluating path: $
12:51:41.522 [main] DEBUG com.jayway.jsonpath.internal.path.CompiledPath -- Evaluating path: $
12:51:41.522 [main] DEBUG com.jayway.jsonpath.internal.JsonContext -- Put path $ key windowsVirtualKeyCode value {}
12:51:41.522 [main] DEBUG com.jayway.jsonpath.internal.path.CompiledPath -- Evaluating path: $
12:51:41.522 [main] DEBUG com.jayway.jsonpath.internal.JsonContext -- Put path $ key windowsVirtualKeyCode value 101
12:51:41.522 [main] DEBUG com.jayway.jsonpath.internal.path.CompiledPath -- Evaluating path: $
12:51:41.522 [main] DEBUG com.intuit.karate.driver.chrome_1718781694197 -- >> {"id":53,"sessionId":"C5D350463E671ACBC4E779692AFFC42B","method":"Input.dispatchKeyEvent","params":{"modifiers":0,"type":"rawKeyDown","text":"e","windowsVirtualKeyCode":101}}
12:51:41.530 [nioEventLoopGroup-6-1] DEBUG com.intuit.karate.driver.chrome_1718781694197 -- << {"id":53,"result":{},"sessionId":"C5D350463E671ACBC4E779692AFFC42B"}
12:51:41.530 [nioEventLoopGroup-6-1] DEBUG com.jayway.jsonpath.internal.path.CompiledPath -- Evaluating path: $
12:51:41.530 [main] DEBUG com.jayway.jsonpath.internal.path.CompiledPath -- Evaluating path: $['modifiers']
12:51:41.530 [main] DEBUG com.jayway.jsonpath.internal.path.CompiledPath -- Evaluating path: $
12:51:41.530 [main] DEBUG com.jayway.jsonpath.internal.path.CompiledPath -- Evaluating path: $
12:51:41.530 [main] DEBUG com.jayway.jsonpath.internal.JsonContext -- Put path $ key modifiers value {}
12:51:41.530 [main] DEBUG com.jayway.jsonpath.internal.path.CompiledPath -- Evaluating path: $
12:51:41.530 [main] DEBUG com.jayway.jsonpath.internal.JsonContext -- Put path $ key modifiers value 0
12:51:41.530 [main] DEBUG com.jayway.jsonpath.internal.path.CompiledPath -- Evaluating path: $['type']
12:51:41.530 [main] DEBUG com.jayway.jsonpath.internal.path.CompiledPath -- Evaluating path: $
12:51:41.530 [main] DEBUG com.jayway.jsonpath.internal.path.CompiledPath -- Evaluating path: $
12:51:41.530 [main] DEBUG com.jayway.jsonpath.internal.JsonContext -- Put path $ key type value {}
12:51:41.530 [main] DEBUG com.jayway.jsonpath.internal.path.CompiledPath -- Evaluating path: $
12:51:41.530 [main] DEBUG com.jayway.jsonpath.internal.JsonContext -- Put path $ key type value char
12:51:41.530 [main] DEBUG com.jayway.jsonpath.internal.path.CompiledPath -- Evaluating path: $['text']
12:51:41.530 [main] DEBUG com.jayway.jsonpath.internal.path.CompiledPath -- Evaluating path: $
12:51:41.530 [main] DEBUG com.jayway.jsonpath.internal.path.CompiledPath -- Evaluating path: $
12:51:41.530 [main] DEBUG com.jayway.jsonpath.internal.JsonContext -- Put path $ key text value {}
12:51:41.530 [main] DEBUG com.jayway.jsonpath.internal.path.CompiledPath -- Evaluating path: $
12:51:41.530 [main] DEBUG com.jayway.jsonpath.internal.JsonContext -- Put path $ key text value e
12:51:41.530 [main] DEBUG com.jayway.jsonpath.internal.path.CompiledPath -- Evaluating path: $['windowsVirtualKeyCode']
12:51:41.530 [main] DEBUG com.jayway.jsonpath.internal.path.CompiledPath -- Evaluating path: $
12:51:41.530 [main] DEBUG com.jayway.jsonpath.internal.path.CompiledPath -- Evaluating path: $
12:51:41.530 [main] DEBUG com.jayway.jsonpath.internal.JsonContext -- Put path $ key windowsVirtualKeyCode value {}
12:51:41.530 [main] DEBUG com.jayway.jsonpath.internal.path.CompiledPath -- Evaluating path: $
12:51:41.530 [main] DEBUG com.jayway.jsonpath.internal.JsonContext -- Put path $ key windowsVirtualKeyCode value 101
12:51:41.533 [main] DEBUG com.jayway.jsonpath.internal.path.CompiledPath -- Evaluating path: $
12:51:41.533 [main] DEBUG com.intuit.karate.driver.chrome_1718781694197 -- >> {"id":54,"sessionId":"C5D350463E671ACBC4E779692AFFC42B","method":"Input.dispatchKeyEvent","params":{"modifiers":0,"type":"char","text":"e","windowsVirtualKeyCode":101}}
12:51:41.540 [nioEventLoopGroup-6-1] DEBUG com.intuit.karate.driver.chrome_1718781694197 -- << {"id":54,"result":{},"sessionId":"C5D350463E671ACBC4E779692AFFC42B"}
12:51:41.540 [nioEventLoopGroup-6-1] DEBUG com.jayway.jsonpath.internal.path.CompiledPath -- Evaluating path: $
12:51:41.540 [main] DEBUG com.jayway.jsonpath.internal.path.CompiledPath -- Evaluating path: $['modifiers']
12:51:41.540 [main] DEBUG com.jayway.jsonpath.internal.path.CompiledPath -- Evaluating path: $
12:51:41.540 [main] DEBUG com.jayway.jsonpath.internal.path.CompiledPath -- Evaluating path: $
12:51:41.540 [main] DEBUG com.jayway.jsonpath.internal.JsonContext -- Put path $ key modifiers value {}
12:51:41.540 [main] DEBUG com.jayway.jsonpath.internal.path.CompiledPath -- Evaluating path: $
12:51:41.540 [main] DEBUG com.jayway.jsonpath.internal.JsonContext -- Put path $ key modifiers value 0
12:51:41.540 [main] DEBUG com.jayway.jsonpath.internal.path.CompiledPath -- Evaluating path: $['type']
12:51:41.540 [main] DEBUG com.jayway.jsonpath.internal.path.CompiledPath -- Evaluating path: $
12:51:41.540 [main] DEBUG com.jayway.jsonpath.internal.path.CompiledPath -- Evaluating path: $
12:51:41.540 [main] DEBUG com.jayway.jsonpath.internal.JsonContext -- Put path $ key type value {}
12:51:41.540 [main] DEBUG com.jayway.jsonpath.internal.path.CompiledPath -- Evaluating path: $
12:51:41.540 [main] DEBUG com.jayway.jsonpath.internal.JsonContext -- Put path $ key type value keyUp
12:51:41.540 [main] DEBUG com.jayway.jsonpath.internal.path.CompiledPath -- Evaluating path: $['text']
12:51:41.540 [main] DEBUG com.jayway.jsonpath.internal.path.CompiledPath -- Evaluating path: $
12:51:41.540 [main] DEBUG com.jayway.jsonpath.internal.path.CompiledPath -- Evaluating path: $
12:51:41.540 [main] DEBUG com.jayway.jsonpath.internal.JsonContext -- Put path $ key text value {}
12:51:41.540 [main] DEBUG com.jayway.jsonpath.internal.path.CompiledPath -- Evaluating path: $
12:51:41.540 [main] DEBUG com.jayway.jsonpath.internal.JsonContext -- Put path $ key text value e
12:51:41.540 [main] DEBUG com.jayway.jsonpath.internal.path.CompiledPath -- Evaluating path: $['windowsVirtualKeyCode']
12:51:41.540 [main] DEBUG com.jayway.jsonpath.internal.path.CompiledPath -- Evaluating path: $
12:51:41.540 [main] DEBUG com.jayway.jsonpath.internal.path.CompiledPath -- Evaluating path: $
12:51:41.540 [main] DEBUG com.jayway.jsonpath.internal.JsonContext -- Put path $ key windowsVirtualKeyCode value {}
12:51:41.540 [main] DEBUG com.jayway.jsonpath.internal.path.CompiledPath -- Evaluating path: $
12:51:41.540 [main] DEBUG com.jayway.jsonpath.internal.JsonContext -- Put path $ key windowsVirtualKeyCode value 101
12:51:41.540 [main] DEBUG com.jayway.jsonpath.internal.path.CompiledPath -- Evaluating path: $
12:51:41.540 [main] DEBUG com.intuit.karate.driver.chrome_1718781694197 -- >> {"id":55,"sessionId":"C5D350463E671ACBC4E779692AFFC42B","method":"Input.dispatchKeyEvent","params":{"modifiers":0,"type":"keyUp","text":"e","windowsVirtualKeyCode":101}}
12:51:41.542 [nioEventLoopGroup-6-1] DEBUG com.intuit.karate.driver.chrome_1718781694197 -- << {"id":55,"result":{},"sessionId":"C5D350463E671ACBC4E779692AFFC42B"}
12:51:41.542 [nioEventLoopGroup-6-1] DEBUG com.jayway.jsonpath.internal.path.CompiledPath -- Evaluating path: $
12:51:41.542 [main] DEBUG com.jayway.jsonpath.internal.path.CompiledPath -- Evaluating path: $['modifiers']
12:51:41.542 [main] DEBUG com.jayway.jsonpath.internal.path.CompiledPath -- Evaluating path: $
12:51:41.542 [main] DEBUG com.jayway.jsonpath.internal.path.CompiledPath -- Evaluating path: $
12:51:41.542 [main] DEBUG com.jayway.jsonpath.internal.JsonContext -- Put path $ key modifiers value {}
12:51:41.542 [main] DEBUG com.jayway.jsonpath.internal.path.CompiledPath -- Evaluating path: $
12:51:41.542 [main] DEBUG com.jayway.jsonpath.internal.JsonContext -- Put path $ key modifiers value 0
12:51:41.542 [main] DEBUG com.jayway.jsonpath.internal.path.CompiledPath -- Evaluating path: $['type']
12:51:41.542 [main] DEBUG com.jayway.jsonpath.internal.path.CompiledPath -- Evaluating path: $
12:51:41.542 [main] DEBUG com.jayway.jsonpath.internal.path.CompiledPath -- Evaluating path: $
12:51:41.542 [main] DEBUG com.jayway.jsonpath.internal.JsonContext -- Put path $ key type value {}
12:51:41.542 [main] DEBUG com.jayway.jsonpath.internal.path.CompiledPath -- Evaluating path: $
12:51:41.542 [main] DEBUG com.jayway.jsonpath.internal.JsonContext -- Put path $ key type value rawKeyDown
12:51:41.542 [main] DEBUG com.jayway.jsonpath.internal.path.CompiledPath -- Evaluating path: $['text']
12:51:41.542 [main] DEBUG com.jayway.jsonpath.internal.path.CompiledPath -- Evaluating path: $
12:51:41.542 [main] DEBUG com.jayway.jsonpath.internal.path.CompiledPath -- Evaluating path: $
12:51:41.542 [main] DEBUG com.jayway.jsonpath.internal.JsonContext -- Put path $ key text value {}
12:51:41.542 [main] DEBUG com.jayway.jsonpath.internal.path.CompiledPath -- Evaluating path: $
12:51:41.542 [main] DEBUG com.jayway.jsonpath.internal.JsonContext -- Put path $ key text value c
12:51:41.542 [main] DEBUG com.jayway.jsonpath.internal.path.CompiledPath -- Evaluating path: $['windowsVirtualKeyCode']
12:51:41.542 [main] DEBUG com.jayway.jsonpath.internal.path.CompiledPath -- Evaluating path: $
12:51:41.542 [main] DEBUG com.jayway.jsonpath.internal.path.CompiledPath -- Evaluating path: $
12:51:41.542 [main] DEBUG com.jayway.jsonpath.internal.JsonContext -- Put path $ key windowsVirtualKeyCode value {}
12:51:41.542 [main] DEBUG com.jayway.jsonpath.internal.path.CompiledPath -- Evaluating path: $
12:51:41.542 [main] DEBUG com.jayway.jsonpath.internal.JsonContext -- Put path $ key windowsVirtualKeyCode value 99
12:51:41.542 [main] DEBUG com.jayway.jsonpath.internal.path.CompiledPath -- Evaluating path: $
12:51:41.542 [main] DEBUG com.intuit.karate.driver.chrome_1718781694197 -- >> {"id":56,"sessionId":"C5D350463E671ACBC4E779692AFFC42B","method":"Input.dispatchKeyEvent","params":{"modifiers":0,"type":"rawKeyDown","text":"c","windowsVirtualKeyCode":99}}
12:51:41.543 [nioEventLoopGroup-6-1] DEBUG com.intuit.karate.driver.chrome_1718781694197 -- << {"id":56,"result":{},"sessionId":"C5D350463E671ACBC4E779692AFFC42B"}
12:51:41.543 [nioEventLoopGroup-6-1] DEBUG com.jayway.jsonpath.internal.path.CompiledPath -- Evaluating path: $
12:51:41.543 [main] DEBUG com.jayway.jsonpath.internal.path.CompiledPath -- Evaluating path: $['modifiers']
12:51:41.543 [main] DEBUG com.jayway.jsonpath.internal.path.CompiledPath -- Evaluating path: $
12:51:41.543 [main] DEBUG com.jayway.jsonpath.internal.path.CompiledPath -- Evaluating path: $
12:51:41.543 [main] DEBUG com.jayway.jsonpath.internal.JsonContext -- Put path $ key modifiers value {}
12:51:41.543 [main] DEBUG com.jayway.jsonpath.internal.path.CompiledPath -- Evaluating path: $
12:51:41.543 [main] DEBUG com.jayway.jsonpath.internal.JsonContext -- Put path $ key modifiers value 0
12:51:41.543 [main] DEBUG com.jayway.jsonpath.internal.path.CompiledPath -- Evaluating path: $['type']
12:51:41.543 [main] DEBUG com.jayway.jsonpath.internal.path.CompiledPath -- Evaluating path: $
12:51:41.543 [main] DEBUG com.jayway.jsonpath.internal.path.CompiledPath -- Evaluating path: $
12:51:41.543 [main] DEBUG com.jayway.jsonpath.internal.JsonContext -- Put path $ key type value {}
12:51:41.543 [main] DEBUG com.jayway.jsonpath.internal.path.CompiledPath -- Evaluating path: $
12:51:41.543 [main] DEBUG com.jayway.jsonpath.internal.JsonContext -- Put path $ key type value char
12:51:41.543 [main] DEBUG com.jayway.jsonpath.internal.path.CompiledPath -- Evaluating path: $['text']
12:51:41.543 [main] DEBUG com.jayway.jsonpath.internal.path.CompiledPath -- Evaluating path: $
12:51:41.543 [main] DEBUG com.jayway.jsonpath.internal.path.CompiledPath -- Evaluating path: $
12:51:41.543 [main] DEBUG com.jayway.jsonpath.internal.JsonContext -- Put path $ key text value {}
12:51:41.543 [main] DEBUG com.jayway.jsonpath.internal.path.CompiledPath -- Evaluating path: $
12:51:41.543 [main] DEBUG com.jayway.jsonpath.internal.JsonContext -- Put path $ key text value c
12:51:41.543 [main] DEBUG com.jayway.jsonpath.internal.path.CompiledPath -- Evaluating path: $['windowsVirtualKeyCode']
12:51:41.543 [main] DEBUG com.jayway.jsonpath.internal.path.CompiledPath -- Evaluating path: $
12:51:41.543 [main] DEBUG com.jayway.jsonpath.internal.path.CompiledPath -- Evaluating path: $
12:51:41.543 [main] DEBUG com.jayway.jsonpath.internal.JsonContext -- Put path $ key windowsVirtualKeyCode value {}
12:51:41.543 [main] DEBUG com.jayway.jsonpath.internal.path.CompiledPath -- Evaluating path: $
12:51:41.543 [main] DEBUG com.jayway.jsonpath.internal.JsonContext -- Put path $ key windowsVirtualKeyCode value 99
12:51:41.543 [main] DEBUG com.jayway.jsonpath.internal.path.CompiledPath -- Evaluating path: $
12:51:41.543 [main] DEBUG com.intuit.karate.driver.chrome_1718781694197 -- >> {"id":57,"sessionId":"C5D350463E671ACBC4E779692AFFC42B","method":"Input.dispatchKeyEvent","params":{"modifiers":0,"type":"char","text":"c","windowsVirtualKeyCode":99}}
12:51:41.545 [nioEventLoopGroup-6-1] DEBUG com.intuit.karate.driver.chrome_1718781694197 -- << {"id":57,"result":{},"sessionId":"C5D350463E671ACBC4E779692AFFC42B"}
12:51:41.545 [nioEventLoopGroup-6-1] DEBUG com.jayway.jsonpath.internal.path.CompiledPath -- Evaluating path: $
12:51:41.545 [main] DEBUG com.jayway.jsonpath.internal.path.CompiledPath -- Evaluating path: $['modifiers']
12:51:41.545 [main] DEBUG com.jayway.jsonpath.internal.path.CompiledPath -- Evaluating path: $
12:51:41.545 [main] DEBUG com.jayway.jsonpath.internal.path.CompiledPath -- Evaluating path: $
12:51:41.545 [main] DEBUG com.jayway.jsonpath.internal.JsonContext -- Put path $ key modifiers value {}
12:51:41.545 [main] DEBUG com.jayway.jsonpath.internal.path.CompiledPath -- Evaluating path: $
12:51:41.545 [main] DEBUG com.jayway.jsonpath.internal.JsonContext -- Put path $ key modifiers value 0
12:51:41.545 [main] DEBUG com.jayway.jsonpath.internal.path.CompiledPath -- Evaluating path: $['type']
12:51:41.545 [main] DEBUG com.jayway.jsonpath.internal.path.CompiledPath -- Evaluating path: $
12:51:41.545 [main] DEBUG com.jayway.jsonpath.internal.path.CompiledPath -- Evaluating path: $
12:51:41.545 [main] DEBUG com.jayway.jsonpath.internal.JsonContext -- Put path $ key type value {}
12:51:41.545 [main] DEBUG com.jayway.jsonpath.internal.path.CompiledPath -- Evaluating path: $
12:51:41.545 [main] DEBUG com.jayway.jsonpath.internal.JsonContext -- Put path $ key type value keyUp
12:51:41.545 [main] DEBUG com.jayway.jsonpath.internal.path.CompiledPath -- Evaluating path: $['text']
12:51:41.545 [main] DEBUG com.jayway.jsonpath.internal.path.CompiledPath -- Evaluating path: $
12:51:41.545 [main] DEBUG com.jayway.jsonpath.internal.path.CompiledPath -- Evaluating path: $
12:51:41.545 [main] DEBUG com.jayway.jsonpath.internal.JsonContext -- Put path $ key text value {}
12:51:41.545 [main] DEBUG com.jayway.jsonpath.internal.path.CompiledPath -- Evaluating path: $
12:51:41.545 [main] DEBUG com.jayway.jsonpath.internal.JsonContext -- Put path $ key text value c
12:51:41.545 [main] DEBUG com.jayway.jsonpath.internal.path.CompiledPath -- Evaluating path: $['windowsVirtualKeyCode']
12:51:41.545 [main] DEBUG com.jayway.jsonpath.internal.path.CompiledPath -- Evaluating path: $
12:51:41.545 [main] DEBUG com.jayway.jsonpath.internal.path.CompiledPath -- Evaluating path: $
12:51:41.545 [main] DEBUG com.jayway.jsonpath.internal.JsonContext -- Put path $ key windowsVirtualKeyCode value {}
12:51:41.545 [main] DEBUG com.jayway.jsonpath.internal.path.CompiledPath -- Evaluating path: $
12:51:41.545 [main] DEBUG com.jayway.jsonpath.internal.JsonContext -- Put path $ key windowsVirtualKeyCode value 99
12:51:41.545 [main] DEBUG com.jayway.jsonpath.internal.path.CompiledPath -- Evaluating path: $
12:51:41.545 [main] DEBUG com.intuit.karate.driver.chrome_1718781694197 -- >> {"id":58,"sessionId":"C5D350463E671ACBC4E779692AFFC42B","method":"Input.dispatchKeyEvent","params":{"modifiers":0,"type":"keyUp","text":"c","windowsVirtualKeyCode":99}}
12:51:41.547 [nioEventLoopGroup-6-1] DEBUG com.intuit.karate.driver.chrome_1718781694197 -- << {"id":58,"result":{},"sessionId":"C5D350463E671ACBC4E779692AFFC42B"}
12:51:41.547 [nioEventLoopGroup-6-1] DEBUG com.jayway.jsonpath.internal.path.CompiledPath -- Evaluating path: $
12:51:41.547 [main] DEBUG com.jayway.jsonpath.internal.path.CompiledPath -- Evaluating path: $['modifiers']
12:51:41.547 [main] DEBUG com.jayway.jsonpath.internal.path.CompiledPath -- Evaluating path: $
12:51:41.547 [main] DEBUG com.jayway.jsonpath.internal.path.CompiledPath -- Evaluating path: $
12:51:41.547 [main] DEBUG com.jayway.jsonpath.internal.JsonContext -- Put path $ key modifiers value {}
12:51:41.547 [main] DEBUG com.jayway.jsonpath.internal.path.CompiledPath -- Evaluating path: $
12:51:41.547 [main] DEBUG com.jayway.jsonpath.internal.JsonContext -- Put path $ key modifiers value 0
12:51:41.547 [main] DEBUG com.jayway.jsonpath.internal.path.CompiledPath -- Evaluating path: $['type']
12:51:41.547 [main] DEBUG com.jayway.jsonpath.internal.path.CompiledPath -- Evaluating path: $
12:51:41.547 [main] DEBUG com.jayway.jsonpath.internal.path.CompiledPath -- Evaluating path: $
12:51:41.547 [main] DEBUG com.jayway.jsonpath.internal.JsonContext -- Put path $ key type value {}
12:51:41.547 [main] DEBUG com.jayway.jsonpath.internal.path.CompiledPath -- Evaluating path: $
12:51:41.547 [main] DEBUG com.jayway.jsonpath.internal.JsonContext -- Put path $ key type value rawKeyDown
12:51:41.547 [main] DEBUG com.jayway.jsonpath.internal.path.CompiledPath -- Evaluating path: $['text']
12:51:41.547 [main] DEBUG com.jayway.jsonpath.internal.path.CompiledPath -- Evaluating path: $
12:51:41.547 [main] DEBUG com.jayway.jsonpath.internal.path.CompiledPath -- Evaluating path: $
12:51:41.547 [main] DEBUG com.jayway.jsonpath.internal.JsonContext -- Put path $ key text value {}
12:51:41.547 [main] DEBUG com.jayway.jsonpath.internal.path.CompiledPath -- Evaluating path: $
12:51:41.547 [main] DEBUG com.jayway.jsonpath.internal.JsonContext -- Put path $ key text value r
12:51:41.547 [main] DEBUG com.jayway.jsonpath.internal.path.CompiledPath -- Evaluating path: $['windowsVirtualKeyCode']
12:51:41.547 [main] DEBUG com.jayway.jsonpath.internal.path.CompiledPath -- Evaluating path: $
12:51:41.547 [main] DEBUG com.jayway.jsonpath.internal.path.CompiledPath -- Evaluating path: $
12:51:41.547 [main] DEBUG com.jayway.jsonpath.internal.JsonContext -- Put path $ key windowsVirtualKeyCode value {}
12:51:41.547 [main] DEBUG com.jayway.jsonpath.internal.path.CompiledPath -- Evaluating path: $
12:51:41.547 [main] DEBUG com.jayway.jsonpath.internal.JsonContext -- Put path $ key windowsVirtualKeyCode value 114
12:51:41.547 [main] DEBUG com.jayway.jsonpath.internal.path.CompiledPath -- Evaluating path: $
12:51:41.547 [main] DEBUG com.intuit.karate.driver.chrome_1718781694197 -- >> {"id":59,"sessionId":"C5D350463E671ACBC4E779692AFFC42B","method":"Input.dispatchKeyEvent","params":{"modifiers":0,"type":"rawKeyDown","text":"r","windowsVirtualKeyCode":114}}
12:51:41.548 [nioEventLoopGroup-6-1] DEBUG com.intuit.karate.driver.chrome_1718781694197 -- << {"id":59,"result":{},"sessionId":"C5D350463E671ACBC4E779692AFFC42B"}
12:51:41.548 [nioEventLoopGroup-6-1] DEBUG com.jayway.jsonpath.internal.path.CompiledPath -- Evaluating path: $
12:51:41.548 [main] DEBUG com.jayway.jsonpath.internal.path.CompiledPath -- Evaluating path: $['modifiers']
12:51:41.548 [main] DEBUG com.jayway.jsonpath.internal.path.CompiledPath -- Evaluating path: $
12:51:41.548 [main] DEBUG com.jayway.jsonpath.internal.path.CompiledPath -- Evaluating path: $
12:51:41.548 [main] DEBUG com.jayway.jsonpath.internal.JsonContext -- Put path $ key modifiers value {}
12:51:41.548 [main] DEBUG com.jayway.jsonpath.internal.path.CompiledPath -- Evaluating path: $
12:51:41.548 [main] DEBUG com.jayway.jsonpath.internal.JsonContext -- Put path $ key modifiers value 0
12:51:41.548 [main] DEBUG com.jayway.jsonpath.internal.path.CompiledPath -- Evaluating path: $['type']
12:51:41.548 [main] DEBUG com.jayway.jsonpath.internal.path.CompiledPath -- Evaluating path: $
12:51:41.548 [main] DEBUG com.jayway.jsonpath.internal.path.CompiledPath -- Evaluating path: $
12:51:41.548 [main] DEBUG com.jayway.jsonpath.internal.JsonContext -- Put path $ key type value {}
12:51:41.548 [main] DEBUG com.jayway.jsonpath.internal.path.CompiledPath -- Evaluating path: $
12:51:41.548 [main] DEBUG com.jayway.jsonpath.internal.JsonContext -- Put path $ key type value char
12:51:41.548 [main] DEBUG com.jayway.jsonpath.internal.path.CompiledPath -- Evaluating path: $['text']
12:51:41.548 [main] DEBUG com.jayway.jsonpath.internal.path.CompiledPath -- Evaluating path: $
12:51:41.548 [main] DEBUG com.jayway.jsonpath.internal.path.CompiledPath -- Evaluating path: $
12:51:41.548 [main] DEBUG com.jayway.jsonpath.internal.JsonContext -- Put path $ key text value {}
12:51:41.548 [main] DEBUG com.jayway.jsonpath.internal.path.CompiledPath -- Evaluating path: $
12:51:41.548 [main] DEBUG com.jayway.jsonpath.internal.JsonContext -- Put path $ key text value r
12:51:41.548 [main] DEBUG com.jayway.jsonpath.internal.path.CompiledPath -- Evaluating path: $['windowsVirtualKeyCode']
12:51:41.548 [main] DEBUG com.jayway.jsonpath.internal.path.CompiledPath -- Evaluating path: $
12:51:41.548 [main] DEBUG com.jayway.jsonpath.internal.path.CompiledPath -- Evaluating path: $
12:51:41.548 [main] DEBUG com.jayway.jsonpath.internal.JsonContext -- Put path $ key windowsVirtualKeyCode value {}
12:51:41.548 [main] DEBUG com.jayway.jsonpath.internal.path.CompiledPath -- Evaluating path: $
12:51:41.548 [main] DEBUG com.jayway.jsonpath.internal.JsonContext -- Put path $ key windowsVirtualKeyCode value 114
12:51:41.548 [main] DEBUG com.jayway.jsonpath.internal.path.CompiledPath -- Evaluating path: $
12:51:41.548 [main] DEBUG com.intuit.karate.driver.chrome_1718781694197 -- >> {"id":60,"sessionId":"C5D350463E671ACBC4E779692AFFC42B","method":"Input.dispatchKeyEvent","params":{"modifiers":0,"type":"char","text":"r","windowsVirtualKeyCode":114}}
12:51:41.548 [nioEventLoopGroup-6-1] DEBUG com.intuit.karate.driver.chrome_1718781694197 -- << {"id":60,"result":{},"sessionId":"C5D350463E671ACBC4E779692AFFC42B"}
12:51:41.548 [nioEventLoopGroup-6-1] DEBUG com.jayway.jsonpath.internal.path.CompiledPath -- Evaluating path: $
12:51:41.548 [main] DEBUG com.jayway.jsonpath.internal.path.CompiledPath -- Evaluating path: $['modifiers']
12:51:41.548 [main] DEBUG com.jayway.jsonpath.internal.path.CompiledPath -- Evaluating path: $
12:51:41.548 [main] DEBUG com.jayway.jsonpath.internal.path.CompiledPath -- Evaluating path: $
12:51:41.548 [main] DEBUG com.jayway.jsonpath.internal.JsonContext -- Put path $ key modifiers value {}
12:51:41.548 [main] DEBUG com.jayway.jsonpath.internal.path.CompiledPath -- Evaluating path: $
12:51:41.548 [main] DEBUG com.jayway.jsonpath.internal.JsonContext -- Put path $ key modifiers value 0
12:51:41.548 [main] DEBUG com.jayway.jsonpath.internal.path.CompiledPath -- Evaluating path: $['type']
12:51:41.548 [main] DEBUG com.jayway.jsonpath.internal.path.CompiledPath -- Evaluating path: $
12:51:41.548 [main] DEBUG com.jayway.jsonpath.internal.path.CompiledPath -- Evaluating path: $
12:51:41.548 [main] DEBUG com.jayway.jsonpath.internal.JsonContext -- Put path $ key type value {}
12:51:41.548 [main] DEBUG com.jayway.jsonpath.internal.path.CompiledPath -- Evaluating path: $
12:51:41.548 [main] DEBUG com.jayway.jsonpath.internal.JsonContext -- Put path $ key type value keyUp
12:51:41.548 [main] DEBUG com.jayway.jsonpath.internal.path.CompiledPath -- Evaluating path: $['text']
12:51:41.548 [main] DEBUG com.jayway.jsonpath.internal.path.CompiledPath -- Evaluating path: $
12:51:41.548 [main] DEBUG com.jayway.jsonpath.internal.path.CompiledPath -- Evaluating path: $
12:51:41.548 [main] DEBUG com.jayway.jsonpath.internal.JsonContext -- Put path $ key text value {}
12:51:41.548 [main] DEBUG com.jayway.jsonpath.internal.path.CompiledPath -- Evaluating path: $
12:51:41.548 [main] DEBUG com.jayway.jsonpath.internal.JsonContext -- Put path $ key text value r
12:51:41.548 [main] DEBUG com.jayway.jsonpath.internal.path.CompiledPath -- Evaluating path: $['windowsVirtualKeyCode']
12:51:41.548 [main] DEBUG com.jayway.jsonpath.internal.path.CompiledPath -- Evaluating path: $
12:51:41.548 [main] DEBUG com.jayway.jsonpath.internal.path.CompiledPath -- Evaluating path: $
12:51:41.548 [main] DEBUG com.jayway.jsonpath.internal.JsonContext -- Put path $ key windowsVirtualKeyCode value {}
12:51:41.548 [main] DEBUG com.jayway.jsonpath.internal.path.CompiledPath -- Evaluating path: $
12:51:41.548 [main] DEBUG com.jayway.jsonpath.internal.JsonContext -- Put path $ key windowsVirtualKeyCode value 114
12:51:41.548 [main] DEBUG com.jayway.jsonpath.internal.path.CompiledPath -- Evaluating path: $
12:51:41.548 [main] DEBUG com.intuit.karate.driver.chrome_1718781694197 -- >> {"id":61,"sessionId":"C5D350463E671ACBC4E779692AFFC42B","method":"Input.dispatchKeyEvent","params":{"modifiers":0,"type":"keyUp","text":"r","windowsVirtualKeyCode":114}}
12:51:41.548 [nioEventLoopGroup-6-1] DEBUG com.intuit.karate.driver.chrome_1718781694197 -- << {"id":61,"result":{},"sessionId":"C5D350463E671ACBC4E779692AFFC42B"}
12:51:41.548 [nioEventLoopGroup-6-1] DEBUG com.jayway.jsonpath.internal.path.CompiledPath -- Evaluating path: $
12:51:41.548 [main] DEBUG com.jayway.jsonpath.internal.path.CompiledPath -- Evaluating path: $['modifiers']
12:51:41.548 [main] DEBUG com.jayway.jsonpath.internal.path.CompiledPath -- Evaluating path: $
12:51:41.548 [main] DEBUG com.jayway.jsonpath.internal.path.CompiledPath -- Evaluating path: $
12:51:41.548 [main] DEBUG com.jayway.jsonpath.internal.JsonContext -- Put path $ key modifiers value {}
12:51:41.548 [main] DEBUG com.jayway.jsonpath.internal.path.CompiledPath -- Evaluating path: $
12:51:41.548 [main] DEBUG com.jayway.jsonpath.internal.JsonContext -- Put path $ key modifiers value 0
12:51:41.548 [main] DEBUG com.jayway.jsonpath.internal.path.CompiledPath -- Evaluating path: $['type']
12:51:41.548 [main] DEBUG com.jayway.jsonpath.internal.path.CompiledPath -- Evaluating path: $
12:51:41.548 [main] DEBUG com.jayway.jsonpath.internal.path.CompiledPath -- Evaluating path: $
12:51:41.548 [main] DEBUG com.jayway.jsonpath.internal.JsonContext -- Put path $ key type value {}
12:51:41.548 [main] DEBUG com.jayway.jsonpath.internal.path.CompiledPath -- Evaluating path: $
12:51:41.548 [main] DEBUG com.jayway.jsonpath.internal.JsonContext -- Put path $ key type value rawKeyDown
12:51:41.548 [main] DEBUG com.jayway.jsonpath.internal.path.CompiledPath -- Evaluating path: $['text']
12:51:41.548 [main] DEBUG com.jayway.jsonpath.internal.path.CompiledPath -- Evaluating path: $
12:51:41.548 [main] DEBUG com.jayway.jsonpath.internal.path.CompiledPath -- Evaluating path: $
12:51:41.548 [main] DEBUG com.jayway.jsonpath.internal.JsonContext -- Put path $ key text value {}
12:51:41.548 [main] DEBUG com.jayway.jsonpath.internal.path.CompiledPath -- Evaluating path: $
12:51:41.548 [main] DEBUG com.jayway.jsonpath.internal.JsonContext -- Put path $ key text value e
12:51:41.548 [main] DEBUG com.jayway.jsonpath.internal.path.CompiledPath -- Evaluating path: $['windowsVirtualKeyCode']
12:51:41.548 [main] DEBUG com.jayway.jsonpath.internal.path.CompiledPath -- Evaluating path: $
12:51:41.548 [main] DEBUG com.jayway.jsonpath.internal.path.CompiledPath -- Evaluating path: $
12:51:41.548 [main] DEBUG com.jayway.jsonpath.internal.JsonContext -- Put path $ key windowsVirtualKeyCode value {}
12:51:41.548 [main] DEBUG com.jayway.jsonpath.internal.path.CompiledPath -- Evaluating path: $
12:51:41.548 [main] DEBUG com.jayway.jsonpath.internal.JsonContext -- Put path $ key windowsVirtualKeyCode value 101
12:51:41.548 [main] DEBUG com.jayway.jsonpath.internal.path.CompiledPath -- Evaluating path: $
12:51:41.548 [main] DEBUG com.intuit.karate.driver.chrome_1718781694197 -- >> {"id":62,"sessionId":"C5D350463E671ACBC4E779692AFFC42B","method":"Input.dispatchKeyEvent","params":{"modifiers":0,"type":"rawKeyDown","text":"e","windowsVirtualKeyCode":101}}
12:51:41.548 [nioEventLoopGroup-6-1] DEBUG com.intuit.karate.driver.chrome_1718781694197 -- << {"id":62,"result":{},"sessionId":"C5D350463E671ACBC4E779692AFFC42B"}
12:51:41.548 [nioEventLoopGroup-6-1] DEBUG com.jayway.jsonpath.internal.path.CompiledPath -- Evaluating path: $
12:51:41.548 [main] DEBUG com.jayway.jsonpath.internal.path.CompiledPath -- Evaluating path: $['modifiers']
12:51:41.548 [main] DEBUG com.jayway.jsonpath.internal.path.CompiledPath -- Evaluating path: $
12:51:41.548 [main] DEBUG com.jayway.jsonpath.internal.path.CompiledPath -- Evaluating path: $
12:51:41.548 [main] DEBUG com.jayway.jsonpath.internal.JsonContext -- Put path $ key modifiers value {}
12:51:41.548 [main] DEBUG com.jayway.jsonpath.internal.path.CompiledPath -- Evaluating path: $
12:51:41.548 [main] DEBUG com.jayway.jsonpath.internal.JsonContext -- Put path $ key modifiers value 0
12:51:41.548 [main] DEBUG com.jayway.jsonpath.internal.path.CompiledPath -- Evaluating path: $['type']
12:51:41.548 [main] DEBUG com.jayway.jsonpath.internal.path.CompiledPath -- Evaluating path: $
12:51:41.548 [main] DEBUG com.jayway.jsonpath.internal.path.CompiledPath -- Evaluating path: $
12:51:41.548 [main] DEBUG com.jayway.jsonpath.internal.JsonContext -- Put path $ key type value {}
12:51:41.548 [main] DEBUG com.jayway.jsonpath.internal.path.CompiledPath -- Evaluating path: $
12:51:41.548 [main] DEBUG com.jayway.jsonpath.internal.JsonContext -- Put path $ key type value char
12:51:41.548 [main] DEBUG com.jayway.jsonpath.internal.path.CompiledPath -- Evaluating path: $['text']
12:51:41.548 [main] DEBUG com.jayway.jsonpath.internal.path.CompiledPath -- Evaluating path: $
12:51:41.548 [main] DEBUG com.jayway.jsonpath.internal.path.CompiledPath -- Evaluating path: $
12:51:41.548 [main] DEBUG com.jayway.jsonpath.internal.JsonContext -- Put path $ key text value {}
12:51:41.548 [main] DEBUG com.jayway.jsonpath.internal.path.CompiledPath -- Evaluating path: $
12:51:41.548 [main] DEBUG com.jayway.jsonpath.internal.JsonContext -- Put path $ key text value e
12:51:41.548 [main] DEBUG com.jayway.jsonpath.internal.path.CompiledPath -- Evaluating path: $['windowsVirtualKeyCode']
12:51:41.548 [main] DEBUG com.jayway.jsonpath.internal.path.CompiledPath -- Evaluating path: $
12:51:41.548 [main] DEBUG com.jayway.jsonpath.internal.path.CompiledPath -- Evaluating path: $
12:51:41.548 [main] DEBUG com.jayway.jsonpath.internal.JsonContext -- Put path $ key windowsVirtualKeyCode value {}
12:51:41.548 [main] DEBUG com.jayway.jsonpath.internal.path.CompiledPath -- Evaluating path: $
12:51:41.548 [main] DEBUG com.jayway.jsonpath.internal.JsonContext -- Put path $ key windowsVirtualKeyCode value 101
12:51:41.548 [main] DEBUG com.jayway.jsonpath.internal.path.CompiledPath -- Evaluating path: $
12:51:41.548 [main] DEBUG com.intuit.karate.driver.chrome_1718781694197 -- >> {"id":63,"sessionId":"C5D350463E671ACBC4E779692AFFC42B","method":"Input.dispatchKeyEvent","params":{"modifiers":0,"type":"char","text":"e","windowsVirtualKeyCode":101}}
12:51:41.548 [nioEventLoopGroup-6-1] DEBUG com.intuit.karate.driver.chrome_1718781694197 -- << {"id":63,"result":{},"sessionId":"C5D350463E671ACBC4E779692AFFC42B"}
12:51:41.548 [nioEventLoopGroup-6-1] DEBUG com.jayway.jsonpath.internal.path.CompiledPath -- Evaluating path: $
12:51:41.548 [main] DEBUG com.jayway.jsonpath.internal.path.CompiledPath -- Evaluating path: $['modifiers']
12:51:41.548 [main] DEBUG com.jayway.jsonpath.internal.path.CompiledPath -- Evaluating path: $
12:51:41.548 [main] DEBUG com.jayway.jsonpath.internal.path.CompiledPath -- Evaluating path: $
12:51:41.548 [main] DEBUG com.jayway.jsonpath.internal.JsonContext -- Put path $ key modifiers value {}
12:51:41.548 [main] DEBUG com.jayway.jsonpath.internal.path.CompiledPath -- Evaluating path: $
12:51:41.548 [main] DEBUG com.jayway.jsonpath.internal.JsonContext -- Put path $ key modifiers value 0
12:51:41.548 [main] DEBUG com.jayway.jsonpath.internal.path.CompiledPath -- Evaluating path: $['type']
12:51:41.548 [main] DEBUG com.jayway.jsonpath.internal.path.CompiledPath -- Evaluating path: $
12:51:41.548 [main] DEBUG com.jayway.jsonpath.internal.path.CompiledPath -- Evaluating path: $
12:51:41.548 [main] DEBUG com.jayway.jsonpath.internal.JsonContext -- Put path $ key type value {}
12:51:41.548 [main] DEBUG com.jayway.jsonpath.internal.path.CompiledPath -- Evaluating path: $
12:51:41.548 [main] DEBUG com.jayway.jsonpath.internal.JsonContext -- Put path $ key type value keyUp
12:51:41.548 [main] DEBUG com.jayway.jsonpath.internal.path.CompiledPath -- Evaluating path: $['text']
12:51:41.548 [main] DEBUG com.jayway.jsonpath.internal.path.CompiledPath -- Evaluating path: $
12:51:41.548 [main] DEBUG com.jayway.jsonpath.internal.path.CompiledPath -- Evaluating path: $
12:51:41.548 [main] DEBUG com.jayway.jsonpath.internal.JsonContext -- Put path $ key text value {}
12:51:41.548 [main] DEBUG com.jayway.jsonpath.internal.path.CompiledPath -- Evaluating path: $
12:51:41.548 [main] DEBUG com.jayway.jsonpath.internal.JsonContext -- Put path $ key text value e
12:51:41.548 [main] DEBUG com.jayway.jsonpath.internal.path.CompiledPath -- Evaluating path: $['windowsVirtualKeyCode']
12:51:41.548 [main] DEBUG com.jayway.jsonpath.internal.path.CompiledPath -- Evaluating path: $
12:51:41.548 [main] DEBUG com.jayway.jsonpath.internal.path.CompiledPath -- Evaluating path: $
12:51:41.548 [main] DEBUG com.jayway.jsonpath.internal.JsonContext -- Put path $ key windowsVirtualKeyCode value {}
12:51:41.548 [main] DEBUG com.jayway.jsonpath.internal.path.CompiledPath -- Evaluating path: $
12:51:41.548 [main] DEBUG com.jayway.jsonpath.internal.JsonContext -- Put path $ key windowsVirtualKeyCode value 101
12:51:41.548 [main] DEBUG com.jayway.jsonpath.internal.path.CompiledPath -- Evaluating path: $
12:51:41.548 [main] DEBUG com.intuit.karate.driver.chrome_1718781694197 -- >> {"id":64,"sessionId":"C5D350463E671ACBC4E779692AFFC42B","method":"Input.dispatchKeyEvent","params":{"modifiers":0,"type":"keyUp","text":"e","windowsVirtualKeyCode":101}}
12:51:41.548 [nioEventLoopGroup-6-1] DEBUG com.intuit.karate.driver.chrome_1718781694197 -- << {"id":64,"result":{},"sessionId":"C5D350463E671ACBC4E779692AFFC42B"}
12:51:41.548 [nioEventLoopGroup-6-1] DEBUG com.jayway.jsonpath.internal.path.CompiledPath -- Evaluating path: $
12:51:41.548 [main] DEBUG com.jayway.jsonpath.internal.path.CompiledPath -- Evaluating path: $['modifiers']
12:51:41.548 [main] DEBUG com.jayway.jsonpath.internal.path.CompiledPath -- Evaluating path: $
12:51:41.548 [main] DEBUG com.jayway.jsonpath.internal.path.CompiledPath -- Evaluating path: $
12:51:41.548 [main] DEBUG com.jayway.jsonpath.internal.JsonContext -- Put path $ key modifiers value {}
12:51:41.548 [main] DEBUG com.jayway.jsonpath.internal.path.CompiledPath -- Evaluating path: $
12:51:41.548 [main] DEBUG com.jayway.jsonpath.internal.JsonContext -- Put path $ key modifiers value 0
12:51:41.548 [main] DEBUG com.jayway.jsonpath.internal.path.CompiledPath -- Evaluating path: $['type']
12:51:41.548 [main] DEBUG com.jayway.jsonpath.internal.path.CompiledPath -- Evaluating path: $
12:51:41.548 [main] DEBUG com.jayway.jsonpath.internal.path.CompiledPath -- Evaluating path: $
12:51:41.548 [main] DEBUG com.jayway.jsonpath.internal.JsonContext -- Put path $ key type value {}
12:51:41.548 [main] DEBUG com.jayway.jsonpath.internal.path.CompiledPath -- Evaluating path: $
12:51:41.548 [main] DEBUG com.jayway.jsonpath.internal.JsonContext -- Put path $ key type value rawKeyDown
12:51:41.548 [main] DEBUG com.jayway.jsonpath.internal.path.CompiledPath -- Evaluating path: $['text']
12:51:41.548 [main] DEBUG com.jayway.jsonpath.internal.path.CompiledPath -- Evaluating path: $
12:51:41.548 [main] DEBUG com.jayway.jsonpath.internal.path.CompiledPath -- Evaluating path: $
12:51:41.548 [main] DEBUG com.jayway.jsonpath.internal.JsonContext -- Put path $ key text value {}
12:51:41.548 [main] DEBUG com.jayway.jsonpath.internal.path.CompiledPath -- Evaluating path: $
12:51:41.548 [main] DEBUG com.jayway.jsonpath.internal.JsonContext -- Put path $ key text value t
12:51:41.548 [main] DEBUG com.jayway.jsonpath.internal.path.CompiledPath -- Evaluating path: $['windowsVirtualKeyCode']
12:51:41.548 [main] DEBUG com.jayway.jsonpath.internal.path.CompiledPath -- Evaluating path: $
12:51:41.548 [main] DEBUG com.jayway.jsonpath.internal.path.CompiledPath -- Evaluating path: $
12:51:41.548 [main] DEBUG com.jayway.jsonpath.internal.JsonContext -- Put path $ key windowsVirtualKeyCode value {}
12:51:41.548 [main] DEBUG com.jayway.jsonpath.internal.path.CompiledPath -- Evaluating path: $
12:51:41.548 [main] DEBUG com.jayway.jsonpath.internal.JsonContext -- Put path $ key windowsVirtualKeyCode value 116
12:51:41.548 [main] DEBUG com.jayway.jsonpath.internal.path.CompiledPath -- Evaluating path: $
12:51:41.548 [main] DEBUG com.intuit.karate.driver.chrome_1718781694197 -- >> {"id":65,"sessionId":"C5D350463E671ACBC4E779692AFFC42B","method":"Input.dispatchKeyEvent","params":{"modifiers":0,"type":"rawKeyDown","text":"t","windowsVirtualKeyCode":116}}
12:51:41.548 [nioEventLoopGroup-6-1] DEBUG com.intuit.karate.driver.chrome_1718781694197 -- << {"id":65,"result":{},"sessionId":"C5D350463E671ACBC4E779692AFFC42B"}
12:51:41.548 [nioEventLoopGroup-6-1] DEBUG com.jayway.jsonpath.internal.path.CompiledPath -- Evaluating path: $
12:51:41.548 [main] DEBUG com.jayway.jsonpath.internal.path.CompiledPath -- Evaluating path: $['modifiers']
12:51:41.559 [main] DEBUG com.jayway.jsonpath.internal.path.CompiledPath -- Evaluating path: $
12:51:41.559 [main] DEBUG com.jayway.jsonpath.internal.path.CompiledPath -- Evaluating path: $
12:51:41.559 [main] DEBUG com.jayway.jsonpath.internal.JsonContext -- Put path $ key modifiers value {}
12:51:41.559 [main] DEBUG com.jayway.jsonpath.internal.path.CompiledPath -- Evaluating path: $
12:51:41.559 [main] DEBUG com.jayway.jsonpath.internal.JsonContext -- Put path $ key modifiers value 0
12:51:41.559 [main] DEBUG com.jayway.jsonpath.internal.path.CompiledPath -- Evaluating path: $['type']
12:51:41.559 [main] DEBUG com.jayway.jsonpath.internal.path.CompiledPath -- Evaluating path: $
12:51:41.559 [main] DEBUG com.jayway.jsonpath.internal.path.CompiledPath -- Evaluating path: $
12:51:41.559 [main] DEBUG com.jayway.jsonpath.internal.JsonContext -- Put path $ key type value {}
12:51:41.559 [main] DEBUG com.jayway.jsonpath.internal.path.CompiledPath -- Evaluating path: $
12:51:41.559 [main] DEBUG com.jayway.jsonpath.internal.JsonContext -- Put path $ key type value char
12:51:41.559 [main] DEBUG com.jayway.jsonpath.internal.path.CompiledPath -- Evaluating path: $['text']
12:51:41.559 [main] DEBUG com.jayway.jsonpath.internal.path.CompiledPath -- Evaluating path: $
12:51:41.559 [main] DEBUG com.jayway.jsonpath.internal.path.CompiledPath -- Evaluating path: $
12:51:41.559 [main] DEBUG com.jayway.jsonpath.internal.JsonContext -- Put path $ key text value {}
12:51:41.559 [main] DEBUG com.jayway.jsonpath.internal.path.CompiledPath -- Evaluating path: $
12:51:41.559 [main] DEBUG com.jayway.jsonpath.internal.JsonContext -- Put path $ key text value t
12:51:41.559 [main] DEBUG com.jayway.jsonpath.internal.path.CompiledPath -- Evaluating path: $['windowsVirtualKeyCode']
12:51:41.559 [main] DEBUG com.jayway.jsonpath.internal.path.CompiledPath -- Evaluating path: $
12:51:41.559 [main] DEBUG com.jayway.jsonpath.internal.path.CompiledPath -- Evaluating path: $
12:51:41.559 [main] DEBUG com.jayway.jsonpath.internal.JsonContext -- Put path $ key windowsVirtualKeyCode value {}
12:51:41.559 [main] DEBUG com.jayway.jsonpath.internal.path.CompiledPath -- Evaluating path: $
12:51:41.559 [main] DEBUG com.jayway.jsonpath.internal.JsonContext -- Put path $ key windowsVirtualKeyCode value 116
12:51:41.559 [main] DEBUG com.jayway.jsonpath.internal.path.CompiledPath -- Evaluating path: $
12:51:41.559 [main] DEBUG com.intuit.karate.driver.chrome_1718781694197 -- >> {"id":66,"sessionId":"C5D350463E671ACBC4E779692AFFC42B","method":"Input.dispatchKeyEvent","params":{"modifiers":0,"type":"char","text":"t","windowsVirtualKeyCode":116}}
12:51:41.561 [nioEventLoopGroup-6-1] DEBUG com.intuit.karate.driver.chrome_1718781694197 -- << {"id":66,"result":{},"sessionId":"C5D350463E671ACBC4E779692AFFC42B"}
12:51:41.561 [nioEventLoopGroup-6-1] DEBUG com.jayway.jsonpath.internal.path.CompiledPath -- Evaluating path: $
12:51:41.561 [main] DEBUG com.jayway.jsonpath.internal.path.CompiledPath -- Evaluating path: $['modifiers']
12:51:41.561 [main] DEBUG com.jayway.jsonpath.internal.path.CompiledPath -- Evaluating path: $
12:51:41.561 [main] DEBUG com.jayway.jsonpath.internal.path.CompiledPath -- Evaluating path: $
12:51:41.561 [main] DEBUG com.jayway.jsonpath.internal.JsonContext -- Put path $ key modifiers value {}
12:51:41.561 [main] DEBUG com.jayway.jsonpath.internal.path.CompiledPath -- Evaluating path: $
12:51:41.561 [main] DEBUG com.jayway.jsonpath.internal.JsonContext -- Put path $ key modifiers value 0
12:51:41.561 [main] DEBUG com.jayway.jsonpath.internal.path.CompiledPath -- Evaluating path: $['type']
12:51:41.561 [main] DEBUG com.jayway.jsonpath.internal.path.CompiledPath -- Evaluating path: $
12:51:41.561 [main] DEBUG com.jayway.jsonpath.internal.path.CompiledPath -- Evaluating path: $
12:51:41.561 [main] DEBUG com.jayway.jsonpath.internal.JsonContext -- Put path $ key type value {}
12:51:41.561 [main] DEBUG com.jayway.jsonpath.internal.path.CompiledPath -- Evaluating path: $
12:51:41.561 [main] DEBUG com.jayway.jsonpath.internal.JsonContext -- Put path $ key type value keyUp
12:51:41.561 [main] DEBUG com.jayway.jsonpath.internal.path.CompiledPath -- Evaluating path: $['text']
12:51:41.561 [main] DEBUG com.jayway.jsonpath.internal.path.CompiledPath -- Evaluating path: $
12:51:41.561 [main] DEBUG com.jayway.jsonpath.internal.path.CompiledPath -- Evaluating path: $
12:51:41.561 [main] DEBUG com.jayway.jsonpath.internal.JsonContext -- Put path $ key text value {}
12:51:41.561 [main] DEBUG com.jayway.jsonpath.internal.path.CompiledPath -- Evaluating path: $
12:51:41.561 [main] DEBUG com.jayway.jsonpath.internal.JsonContext -- Put path $ key text value t
12:51:41.561 [main] DEBUG com.jayway.jsonpath.internal.path.CompiledPath -- Evaluating path: $['windowsVirtualKeyCode']
12:51:41.561 [main] DEBUG com.jayway.jsonpath.internal.path.CompiledPath -- Evaluating path: $
12:51:41.561 [main] DEBUG com.jayway.jsonpath.internal.path.CompiledPath -- Evaluating path: $
12:51:41.561 [main] DEBUG com.jayway.jsonpath.internal.JsonContext -- Put path $ key windowsVirtualKeyCode value {}
12:51:41.561 [main] DEBUG com.jayway.jsonpath.internal.path.CompiledPath -- Evaluating path: $
12:51:41.561 [main] DEBUG com.jayway.jsonpath.internal.JsonContext -- Put path $ key windowsVirtualKeyCode value 116
12:51:41.561 [main] DEBUG com.jayway.jsonpath.internal.path.CompiledPath -- Evaluating path: $
12:51:41.561 [main] DEBUG com.intuit.karate.driver.chrome_1718781694197 -- >> {"id":67,"sessionId":"C5D350463E671ACBC4E779692AFFC42B","method":"Input.dispatchKeyEvent","params":{"modifiers":0,"type":"keyUp","text":"t","windowsVirtualKeyCode":116}}
12:51:41.563 [nioEventLoopGroup-6-1] DEBUG com.intuit.karate.driver.chrome_1718781694197 -- << {"id":67,"result":{},"sessionId":"C5D350463E671ACBC4E779692AFFC42B"}
12:51:41.563 [nioEventLoopGroup-6-1] DEBUG com.jayway.jsonpath.internal.path.CompiledPath -- Evaluating path: $
12:51:41.563 [main] DEBUG com.jayway.jsonpath.internal.path.CompiledPath -- Evaluating path: $['modifiers']
12:51:41.563 [main] DEBUG com.jayway.jsonpath.internal.path.CompiledPath -- Evaluating path: $
12:51:41.563 [main] DEBUG com.jayway.jsonpath.internal.path.CompiledPath -- Evaluating path: $
12:51:41.563 [main] DEBUG com.jayway.jsonpath.internal.JsonContext -- Put path $ key modifiers value {}
12:51:41.563 [main] DEBUG com.jayway.jsonpath.internal.path.CompiledPath -- Evaluating path: $
12:51:41.563 [main] DEBUG com.jayway.jsonpath.internal.JsonContext -- Put path $ key modifiers value 0
12:51:41.563 [main] DEBUG com.jayway.jsonpath.internal.path.CompiledPath -- Evaluating path: $['type']
12:51:41.563 [main] DEBUG com.jayway.jsonpath.internal.path.CompiledPath -- Evaluating path: $
12:51:41.563 [main] DEBUG com.jayway.jsonpath.internal.path.CompiledPath -- Evaluating path: $
12:51:41.563 [main] DEBUG com.jayway.jsonpath.internal.JsonContext -- Put path $ key type value {}
12:51:41.563 [main] DEBUG com.jayway.jsonpath.internal.path.CompiledPath -- Evaluating path: $
12:51:41.563 [main] DEBUG com.jayway.jsonpath.internal.JsonContext -- Put path $ key type value rawKeyDown
12:51:41.563 [main] DEBUG com.jayway.jsonpath.internal.path.CompiledPath -- Evaluating path: $['text']
12:51:41.563 [main] DEBUG com.jayway.jsonpath.internal.path.CompiledPath -- Evaluating path: $
12:51:41.563 [main] DEBUG com.jayway.jsonpath.internal.path.CompiledPath -- Evaluating path: $
12:51:41.563 [main] DEBUG com.jayway.jsonpath.internal.JsonContext -- Put path $ key text value {}
12:51:41.563 [main] DEBUG com.jayway.jsonpath.internal.path.CompiledPath -- Evaluating path: $
12:51:41.563 [main] DEBUG com.jayway.jsonpath.internal.JsonContext -- Put path $ key text value _
12:51:41.563 [main] DEBUG com.jayway.jsonpath.internal.path.CompiledPath -- Evaluating path: $['windowsVirtualKeyCode']
12:51:41.563 [main] DEBUG com.jayway.jsonpath.internal.path.CompiledPath -- Evaluating path: $
12:51:41.563 [main] DEBUG com.jayway.jsonpath.internal.path.CompiledPath -- Evaluating path: $
12:51:41.563 [main] DEBUG com.jayway.jsonpath.internal.JsonContext -- Put path $ key windowsVirtualKeyCode value {}
12:51:41.563 [main] DEBUG com.jayway.jsonpath.internal.path.CompiledPath -- Evaluating path: $
12:51:41.563 [main] DEBUG com.jayway.jsonpath.internal.JsonContext -- Put path $ key windowsVirtualKeyCode value 523
12:51:41.563 [main] DEBUG com.jayway.jsonpath.internal.path.CompiledPath -- Evaluating path: $
12:51:41.567 [main] DEBUG com.intuit.karate.driver.chrome_1718781694197 -- >> {"id":68,"sessionId":"C5D350463E671ACBC4E779692AFFC42B","method":"Input.dispatchKeyEvent","params":{"modifiers":0,"type":"rawKeyDown","text":"_","windowsVirtualKeyCode":523}}
12:51:41.568 [nioEventLoopGroup-6-1] DEBUG com.intuit.karate.driver.chrome_1718781694197 -- << {"id":68,"result":{},"sessionId":"C5D350463E671ACBC4E779692AFFC42B"}
12:51:41.568 [nioEventLoopGroup-6-1] DEBUG com.jayway.jsonpath.internal.path.CompiledPath -- Evaluating path: $
12:51:41.568 [main] DEBUG com.jayway.jsonpath.internal.path.CompiledPath -- Evaluating path: $['modifiers']
12:51:41.568 [main] DEBUG com.jayway.jsonpath.internal.path.CompiledPath -- Evaluating path: $
12:51:41.568 [main] DEBUG com.jayway.jsonpath.internal.path.CompiledPath -- Evaluating path: $
12:51:41.568 [main] DEBUG com.jayway.jsonpath.internal.JsonContext -- Put path $ key modifiers value {}
12:51:41.568 [main] DEBUG com.jayway.jsonpath.internal.path.CompiledPath -- Evaluating path: $
12:51:41.568 [main] DEBUG com.jayway.jsonpath.internal.JsonContext -- Put path $ key modifiers value 0
12:51:41.568 [main] DEBUG com.jayway.jsonpath.internal.path.CompiledPath -- Evaluating path: $['type']
12:51:41.568 [main] DEBUG com.jayway.jsonpath.internal.path.CompiledPath -- Evaluating path: $
12:51:41.568 [main] DEBUG com.jayway.jsonpath.internal.path.CompiledPath -- Evaluating path: $
12:51:41.568 [main] DEBUG com.jayway.jsonpath.internal.JsonContext -- Put path $ key type value {}
12:51:41.568 [main] DEBUG com.jayway.jsonpath.internal.path.CompiledPath -- Evaluating path: $
12:51:41.568 [main] DEBUG com.jayway.jsonpath.internal.JsonContext -- Put path $ key type value char
12:51:41.568 [main] DEBUG com.jayway.jsonpath.internal.path.CompiledPath -- Evaluating path: $['text']
12:51:41.568 [main] DEBUG com.jayway.jsonpath.internal.path.CompiledPath -- Evaluating path: $
12:51:41.568 [main] DEBUG com.jayway.jsonpath.internal.path.CompiledPath -- Evaluating path: $
12:51:41.568 [main] DEBUG com.jayway.jsonpath.internal.JsonContext -- Put path $ key text value {}
12:51:41.568 [main] DEBUG com.jayway.jsonpath.internal.path.CompiledPath -- Evaluating path: $
12:51:41.568 [main] DEBUG com.jayway.jsonpath.internal.JsonContext -- Put path $ key text value _
12:51:41.568 [main] DEBUG com.jayway.jsonpath.internal.path.CompiledPath -- Evaluating path: $['windowsVirtualKeyCode']
12:51:41.568 [main] DEBUG com.jayway.jsonpath.internal.path.CompiledPath -- Evaluating path: $
12:51:41.568 [main] DEBUG com.jayway.jsonpath.internal.path.CompiledPath -- Evaluating path: $
12:51:41.568 [main] DEBUG com.jayway.jsonpath.internal.JsonContext -- Put path $ key windowsVirtualKeyCode value {}
12:51:41.568 [main] DEBUG com.jayway.jsonpath.internal.path.CompiledPath -- Evaluating path: $
12:51:41.568 [main] DEBUG com.jayway.jsonpath.internal.JsonContext -- Put path $ key windowsVirtualKeyCode value 523
12:51:41.568 [main] DEBUG com.jayway.jsonpath.internal.path.CompiledPath -- Evaluating path: $
12:51:41.568 [main] DEBUG com.intuit.karate.driver.chrome_1718781694197 -- >> {"id":69,"sessionId":"C5D350463E671ACBC4E779692AFFC42B","method":"Input.dispatchKeyEvent","params":{"modifiers":0,"type":"char","text":"_","windowsVirtualKeyCode":523}}
12:51:41.568 [nioEventLoopGroup-6-1] DEBUG com.intuit.karate.driver.chrome_1718781694197 -- << {"id":69,"result":{},"sessionId":"C5D350463E671ACBC4E779692AFFC42B"}
12:51:41.568 [nioEventLoopGroup-6-1] DEBUG com.jayway.jsonpath.internal.path.CompiledPath -- Evaluating path: $
12:51:41.568 [main] DEBUG com.jayway.jsonpath.internal.path.CompiledPath -- Evaluating path: $['modifiers']
12:51:41.568 [main] DEBUG com.jayway.jsonpath.internal.path.CompiledPath -- Evaluating path: $
12:51:41.568 [main] DEBUG com.jayway.jsonpath.internal.path.CompiledPath -- Evaluating path: $
12:51:41.568 [main] DEBUG com.jayway.jsonpath.internal.JsonContext -- Put path $ key modifiers value {}
12:51:41.568 [main] DEBUG com.jayway.jsonpath.internal.path.CompiledPath -- Evaluating path: $
12:51:41.568 [main] DEBUG com.jayway.jsonpath.internal.JsonContext -- Put path $ key modifiers value 0
12:51:41.568 [main] DEBUG com.jayway.jsonpath.internal.path.CompiledPath -- Evaluating path: $['type']
12:51:41.568 [main] DEBUG com.jayway.jsonpath.internal.path.CompiledPath -- Evaluating path: $
12:51:41.568 [main] DEBUG com.jayway.jsonpath.internal.path.CompiledPath -- Evaluating path: $
12:51:41.568 [main] DEBUG com.jayway.jsonpath.internal.JsonContext -- Put path $ key type value {}
12:51:41.568 [main] DEBUG com.jayway.jsonpath.internal.path.CompiledPath -- Evaluating path: $
12:51:41.568 [main] DEBUG com.jayway.jsonpath.internal.JsonContext -- Put path $ key type value keyUp
12:51:41.568 [main] DEBUG com.jayway.jsonpath.internal.path.CompiledPath -- Evaluating path: $['text']
12:51:41.568 [main] DEBUG com.jayway.jsonpath.internal.path.CompiledPath -- Evaluating path: $
12:51:41.568 [main] DEBUG com.jayway.jsonpath.internal.path.CompiledPath -- Evaluating path: $
12:51:41.568 [main] DEBUG com.jayway.jsonpath.internal.JsonContext -- Put path $ key text value {}
12:51:41.568 [main] DEBUG com.jayway.jsonpath.internal.path.CompiledPath -- Evaluating path: $
12:51:41.568 [main] DEBUG com.jayway.jsonpath.internal.JsonContext -- Put path $ key text value _
12:51:41.568 [main] DEBUG com.jayway.jsonpath.internal.path.CompiledPath -- Evaluating path: $['windowsVirtualKeyCode']
12:51:41.568 [main] DEBUG com.jayway.jsonpath.internal.path.CompiledPath -- Evaluating path: $
12:51:41.568 [main] DEBUG com.jayway.jsonpath.internal.path.CompiledPath -- Evaluating path: $
12:51:41.568 [main] DEBUG com.jayway.jsonpath.internal.JsonContext -- Put path $ key windowsVirtualKeyCode value {}
12:51:41.568 [main] DEBUG com.jayway.jsonpath.internal.path.CompiledPath -- Evaluating path: $
12:51:41.568 [main] DEBUG com.jayway.jsonpath.internal.JsonContext -- Put path $ key windowsVirtualKeyCode value 523
12:51:41.568 [main] DEBUG com.jayway.jsonpath.internal.path.CompiledPath -- Evaluating path: $
12:51:41.568 [main] DEBUG com.intuit.karate.driver.chrome_1718781694197 -- >> {"id":70,"sessionId":"C5D350463E671ACBC4E779692AFFC42B","method":"Input.dispatchKeyEvent","params":{"modifiers":0,"type":"keyUp","text":"_","windowsVirtualKeyCode":523}}
12:51:41.568 [nioEventLoopGroup-6-1] DEBUG com.intuit.karate.driver.chrome_1718781694197 -- << {"id":70,"result":{},"sessionId":"C5D350463E671ACBC4E779692AFFC42B"}
12:51:41.568 [nioEventLoopGroup-6-1] DEBUG com.jayway.jsonpath.internal.path.CompiledPath -- Evaluating path: $
12:51:41.568 [main] DEBUG com.jayway.jsonpath.internal.path.CompiledPath -- Evaluating path: $['modifiers']
12:51:41.568 [main] DEBUG com.jayway.jsonpath.internal.path.CompiledPath -- Evaluating path: $
12:51:41.568 [main] DEBUG com.jayway.jsonpath.internal.path.CompiledPath -- Evaluating path: $
12:51:41.568 [main] DEBUG com.jayway.jsonpath.internal.JsonContext -- Put path $ key modifiers value {}
12:51:41.568 [main] DEBUG com.jayway.jsonpath.internal.path.CompiledPath -- Evaluating path: $
12:51:41.568 [main] DEBUG com.jayway.jsonpath.internal.JsonContext -- Put path $ key modifiers value 0
12:51:41.568 [main] DEBUG com.jayway.jsonpath.internal.path.CompiledPath -- Evaluating path: $['type']
12:51:41.568 [main] DEBUG com.jayway.jsonpath.internal.path.CompiledPath -- Evaluating path: $
12:51:41.568 [main] DEBUG com.jayway.jsonpath.internal.path.CompiledPath -- Evaluating path: $
12:51:41.568 [main] DEBUG com.jayway.jsonpath.internal.JsonContext -- Put path $ key type value {}
12:51:41.568 [main] DEBUG com.jayway.jsonpath.internal.path.CompiledPath -- Evaluating path: $
12:51:41.568 [main] DEBUG com.jayway.jsonpath.internal.JsonContext -- Put path $ key type value rawKeyDown
12:51:41.568 [main] DEBUG com.jayway.jsonpath.internal.path.CompiledPath -- Evaluating path: $['text']
12:51:41.568 [main] DEBUG com.jayway.jsonpath.internal.path.CompiledPath -- Evaluating path: $
12:51:41.568 [main] DEBUG com.jayway.jsonpath.internal.path.CompiledPath -- Evaluating path: $
12:51:41.568 [main] DEBUG com.jayway.jsonpath.internal.JsonContext -- Put path $ key text value {}
12:51:41.568 [main] DEBUG com.jayway.jsonpath.internal.path.CompiledPath -- Evaluating path: $
12:51:41.568 [main] DEBUG com.jayway.jsonpath.internal.JsonContext -- Put path $ key text value s
12:51:41.568 [main] DEBUG com.jayway.jsonpath.internal.path.CompiledPath -- Evaluating path: $['windowsVirtualKeyCode']
12:51:41.568 [main] DEBUG com.jayway.jsonpath.internal.path.CompiledPath -- Evaluating path: $
12:51:41.568 [main] DEBUG com.jayway.jsonpath.internal.path.CompiledPath -- Evaluating path: $
12:51:41.568 [main] DEBUG com.jayway.jsonpath.internal.JsonContext -- Put path $ key windowsVirtualKeyCode value {}
12:51:41.568 [main] DEBUG com.jayway.jsonpath.internal.path.CompiledPath -- Evaluating path: $
12:51:41.568 [main] DEBUG com.jayway.jsonpath.internal.JsonContext -- Put path $ key windowsVirtualKeyCode value 115
12:51:41.568 [main] DEBUG com.jayway.jsonpath.internal.path.CompiledPath -- Evaluating path: $
12:51:41.568 [main] DEBUG com.intuit.karate.driver.chrome_1718781694197 -- >> {"id":71,"sessionId":"C5D350463E671ACBC4E779692AFFC42B","method":"Input.dispatchKeyEvent","params":{"modifiers":0,"type":"rawKeyDown","text":"s","windowsVirtualKeyCode":115}}
12:51:41.568 [nioEventLoopGroup-6-1] DEBUG com.intuit.karate.driver.chrome_1718781694197 -- << {"id":71,"result":{},"sessionId":"C5D350463E671ACBC4E779692AFFC42B"}
12:51:41.568 [nioEventLoopGroup-6-1] DEBUG com.jayway.jsonpath.internal.path.CompiledPath -- Evaluating path: $
12:51:41.568 [main] DEBUG com.jayway.jsonpath.internal.path.CompiledPath -- Evaluating path: $['modifiers']
12:51:41.568 [main] DEBUG com.jayway.jsonpath.internal.path.CompiledPath -- Evaluating path: $
12:51:41.568 [main] DEBUG com.jayway.jsonpath.internal.path.CompiledPath -- Evaluating path: $
12:51:41.568 [main] DEBUG com.jayway.jsonpath.internal.JsonContext -- Put path $ key modifiers value {}
12:51:41.568 [main] DEBUG com.jayway.jsonpath.internal.path.CompiledPath -- Evaluating path: $
12:51:41.568 [main] DEBUG com.jayway.jsonpath.internal.JsonContext -- Put path $ key modifiers value 0
12:51:41.568 [main] DEBUG com.jayway.jsonpath.internal.path.CompiledPath -- Evaluating path: $['type']
12:51:41.568 [main] DEBUG com.jayway.jsonpath.internal.path.CompiledPath -- Evaluating path: $
12:51:41.568 [main] DEBUG com.jayway.jsonpath.internal.path.CompiledPath -- Evaluating path: $
12:51:41.568 [main] DEBUG com.jayway.jsonpath.internal.JsonContext -- Put path $ key type value {}
12:51:41.568 [main] DEBUG com.jayway.jsonpath.internal.path.CompiledPath -- Evaluating path: $
12:51:41.568 [main] DEBUG com.jayway.jsonpath.internal.JsonContext -- Put path $ key type value char
12:51:41.568 [main] DEBUG com.jayway.jsonpath.internal.path.CompiledPath -- Evaluating path: $['text']
12:51:41.568 [main] DEBUG com.jayway.jsonpath.internal.path.CompiledPath -- Evaluating path: $
12:51:41.568 [main] DEBUG com.jayway.jsonpath.internal.path.CompiledPath -- Evaluating path: $
12:51:41.568 [main] DEBUG com.jayway.jsonpath.internal.JsonContext -- Put path $ key text value {}
12:51:41.568 [main] DEBUG com.jayway.jsonpath.internal.path.CompiledPath -- Evaluating path: $
12:51:41.568 [main] DEBUG com.jayway.jsonpath.internal.JsonContext -- Put path $ key text value s
12:51:41.568 [main] DEBUG com.jayway.jsonpath.internal.path.CompiledPath -- Evaluating path: $['windowsVirtualKeyCode']
12:51:41.568 [main] DEBUG com.jayway.jsonpath.internal.path.CompiledPath -- Evaluating path: $
12:51:41.568 [main] DEBUG com.jayway.jsonpath.internal.path.CompiledPath -- Evaluating path: $
12:51:41.568 [main] DEBUG com.jayway.jsonpath.internal.JsonContext -- Put path $ key windowsVirtualKeyCode value {}
12:51:41.568 [main] DEBUG com.jayway.jsonpath.internal.path.CompiledPath -- Evaluating path: $
12:51:41.568 [main] DEBUG com.jayway.jsonpath.internal.JsonContext -- Put path $ key windowsVirtualKeyCode value 115
12:51:41.568 [main] DEBUG com.jayway.jsonpath.internal.path.CompiledPath -- Evaluating path: $
12:51:41.568 [main] DEBUG com.intuit.karate.driver.chrome_1718781694197 -- >> {"id":72,"sessionId":"C5D350463E671ACBC4E779692AFFC42B","method":"Input.dispatchKeyEvent","params":{"modifiers":0,"type":"char","text":"s","windowsVirtualKeyCode":115}}
12:51:41.568 [nioEventLoopGroup-6-1] DEBUG com.intuit.karate.driver.chrome_1718781694197 -- << {"id":72,"result":{},"sessionId":"C5D350463E671ACBC4E779692AFFC42B"}
12:51:41.568 [nioEventLoopGroup-6-1] DEBUG com.jayway.jsonpath.internal.path.CompiledPath -- Evaluating path: $
12:51:41.568 [main] DEBUG com.jayway.jsonpath.internal.path.CompiledPath -- Evaluating path: $['modifiers']
12:51:41.568 [main] DEBUG com.jayway.jsonpath.internal.path.CompiledPath -- Evaluating path: $
12:51:41.568 [main] DEBUG com.jayway.jsonpath.internal.path.CompiledPath -- Evaluating path: $
12:51:41.568 [main] DEBUG com.jayway.jsonpath.internal.JsonContext -- Put path $ key modifiers value {}
12:51:41.568 [main] DEBUG com.jayway.jsonpath.internal.path.CompiledPath -- Evaluating path: $
12:51:41.568 [main] DEBUG com.jayway.jsonpath.internal.JsonContext -- Put path $ key modifiers value 0
12:51:41.568 [main] DEBUG com.jayway.jsonpath.internal.path.CompiledPath -- Evaluating path: $['type']
12:51:41.568 [main] DEBUG com.jayway.jsonpath.internal.path.CompiledPath -- Evaluating path: $
12:51:41.568 [main] DEBUG com.jayway.jsonpath.internal.path.CompiledPath -- Evaluating path: $
12:51:41.568 [main] DEBUG com.jayway.jsonpath.internal.JsonContext -- Put path $ key type value {}
12:51:41.568 [main] DEBUG com.jayway.jsonpath.internal.path.CompiledPath -- Evaluating path: $
12:51:41.568 [main] DEBUG com.jayway.jsonpath.internal.JsonContext -- Put path $ key type value keyUp
12:51:41.568 [main] DEBUG com.jayway.jsonpath.internal.path.CompiledPath -- Evaluating path: $['text']
12:51:41.568 [main] DEBUG com.jayway.jsonpath.internal.path.CompiledPath -- Evaluating path: $
12:51:41.568 [main] DEBUG com.jayway.jsonpath.internal.path.CompiledPath -- Evaluating path: $
12:51:41.568 [main] DEBUG com.jayway.jsonpath.internal.JsonContext -- Put path $ key text value {}
12:51:41.568 [main] DEBUG com.jayway.jsonpath.internal.path.CompiledPath -- Evaluating path: $
12:51:41.568 [main] DEBUG com.jayway.jsonpath.internal.JsonContext -- Put path $ key text value s
12:51:41.568 [main] DEBUG com.jayway.jsonpath.internal.path.CompiledPath -- Evaluating path: $['windowsVirtualKeyCode']
12:51:41.568 [main] DEBUG com.jayway.jsonpath.internal.path.CompiledPath -- Evaluating path: $
12:51:41.568 [main] DEBUG com.jayway.jsonpath.internal.path.CompiledPath -- Evaluating path: $
12:51:41.568 [main] DEBUG com.jayway.jsonpath.internal.JsonContext -- Put path $ key windowsVirtualKeyCode value {}
12:51:41.568 [main] DEBUG com.jayway.jsonpath.internal.path.CompiledPath -- Evaluating path: $
12:51:41.568 [main] DEBUG com.jayway.jsonpath.internal.JsonContext -- Put path $ key windowsVirtualKeyCode value 115
12:51:41.568 [main] DEBUG com.jayway.jsonpath.internal.path.CompiledPath -- Evaluating path: $
12:51:41.568 [main] DEBUG com.intuit.karate.driver.chrome_1718781694197 -- >> {"id":73,"sessionId":"C5D350463E671ACBC4E779692AFFC42B","method":"Input.dispatchKeyEvent","params":{"modifiers":0,"type":"keyUp","text":"s","windowsVirtualKeyCode":115}}
12:51:41.568 [nioEventLoopGroup-6-1] DEBUG com.intuit.karate.driver.chrome_1718781694197 -- << {"id":73,"result":{},"sessionId":"C5D350463E671ACBC4E779692AFFC42B"}
12:51:41.568 [nioEventLoopGroup-6-1] DEBUG com.jayway.jsonpath.internal.path.CompiledPath -- Evaluating path: $
12:51:41.568 [main] DEBUG com.jayway.jsonpath.internal.path.CompiledPath -- Evaluating path: $['modifiers']
12:51:41.568 [main] DEBUG com.jayway.jsonpath.internal.path.CompiledPath -- Evaluating path: $
12:51:41.568 [main] DEBUG com.jayway.jsonpath.internal.path.CompiledPath -- Evaluating path: $
12:51:41.568 [main] DEBUG com.jayway.jsonpath.internal.JsonContext -- Put path $ key modifiers value {}
12:51:41.568 [main] DEBUG com.jayway.jsonpath.internal.path.CompiledPath -- Evaluating path: $
12:51:41.568 [main] DEBUG com.jayway.jsonpath.internal.JsonContext -- Put path $ key modifiers value 0
12:51:41.568 [main] DEBUG com.jayway.jsonpath.internal.path.CompiledPath -- Evaluating path: $['type']
12:51:41.568 [main] DEBUG com.jayway.jsonpath.internal.path.CompiledPath -- Evaluating path: $
12:51:41.568 [main] DEBUG com.jayway.jsonpath.internal.path.CompiledPath -- Evaluating path: $
12:51:41.568 [main] DEBUG com.jayway.jsonpath.internal.JsonContext -- Put path $ key type value {}
12:51:41.568 [main] DEBUG com.jayway.jsonpath.internal.path.CompiledPath -- Evaluating path: $
12:51:41.568 [main] DEBUG com.jayway.jsonpath.internal.JsonContext -- Put path $ key type value rawKeyDown
12:51:41.568 [main] DEBUG com.jayway.jsonpath.internal.path.CompiledPath -- Evaluating path: $['text']
12:51:41.568 [main] DEBUG com.jayway.jsonpath.internal.path.CompiledPath -- Evaluating path: $
12:51:41.568 [main] DEBUG com.jayway.jsonpath.internal.path.CompiledPath -- Evaluating path: $
12:51:41.568 [main] DEBUG com.jayway.jsonpath.internal.JsonContext -- Put path $ key text value {}
12:51:41.568 [main] DEBUG com.jayway.jsonpath.internal.path.CompiledPath -- Evaluating path: $
12:51:41.568 [main] DEBUG com.jayway.jsonpath.internal.JsonContext -- Put path $ key text value a
12:51:41.568 [main] DEBUG com.jayway.jsonpath.internal.path.CompiledPath -- Evaluating path: $['windowsVirtualKeyCode']
12:51:41.568 [main] DEBUG com.jayway.jsonpath.internal.path.CompiledPath -- Evaluating path: $
12:51:41.568 [main] DEBUG com.jayway.jsonpath.internal.path.CompiledPath -- Evaluating path: $
12:51:41.568 [main] DEBUG com.jayway.jsonpath.internal.JsonContext -- Put path $ key windowsVirtualKeyCode value {}
12:51:41.568 [main] DEBUG com.jayway.jsonpath.internal.path.CompiledPath -- Evaluating path: $
12:51:41.568 [main] DEBUG com.jayway.jsonpath.internal.JsonContext -- Put path $ key windowsVirtualKeyCode value 97
12:51:41.568 [main] DEBUG com.jayway.jsonpath.internal.path.CompiledPath -- Evaluating path: $
12:51:41.568 [main] DEBUG com.intuit.karate.driver.chrome_1718781694197 -- >> {"id":74,"sessionId":"C5D350463E671ACBC4E779692AFFC42B","method":"Input.dispatchKeyEvent","params":{"modifiers":0,"type":"rawKeyDown","text":"a","windowsVirtualKeyCode":97}}
12:51:41.580 [nioEventLoopGroup-6-1] DEBUG com.intuit.karate.driver.chrome_1718781694197 -- << {"id":74,"result":{},"sessionId":"C5D350463E671ACBC4E779692AFFC42B"}
12:51:41.580 [nioEventLoopGroup-6-1] DEBUG com.jayway.jsonpath.internal.path.CompiledPath -- Evaluating path: $
12:51:41.580 [main] DEBUG com.jayway.jsonpath.internal.path.CompiledPath -- Evaluating path: $['modifiers']
12:51:41.580 [main] DEBUG com.jayway.jsonpath.internal.path.CompiledPath -- Evaluating path: $
12:51:41.580 [main] DEBUG com.jayway.jsonpath.internal.path.CompiledPath -- Evaluating path: $
12:51:41.580 [main] DEBUG com.jayway.jsonpath.internal.JsonContext -- Put path $ key modifiers value {}
12:51:41.580 [main] DEBUG com.jayway.jsonpath.internal.path.CompiledPath -- Evaluating path: $
12:51:41.580 [main] DEBUG com.jayway.jsonpath.internal.JsonContext -- Put path $ key modifiers value 0
12:51:41.580 [main] DEBUG com.jayway.jsonpath.internal.path.CompiledPath -- Evaluating path: $['type']
12:51:41.580 [main] DEBUG com.jayway.jsonpath.internal.path.CompiledPath -- Evaluating path: $
12:51:41.580 [main] DEBUG com.jayway.jsonpath.internal.path.CompiledPath -- Evaluating path: $
12:51:41.580 [main] DEBUG com.jayway.jsonpath.internal.JsonContext -- Put path $ key type value {}
12:51:41.580 [main] DEBUG com.jayway.jsonpath.internal.path.CompiledPath -- Evaluating path: $
12:51:41.580 [main] DEBUG com.jayway.jsonpath.internal.JsonContext -- Put path $ key type value char
12:51:41.580 [main] DEBUG com.jayway.jsonpath.internal.path.CompiledPath -- Evaluating path: $['text']
12:51:41.580 [main] DEBUG com.jayway.jsonpath.internal.path.CompiledPath -- Evaluating path: $
12:51:41.580 [main] DEBUG com.jayway.jsonpath.internal.path.CompiledPath -- Evaluating path: $
12:51:41.580 [main] DEBUG com.jayway.jsonpath.internal.JsonContext -- Put path $ key text value {}
12:51:41.580 [main] DEBUG com.jayway.jsonpath.internal.path.CompiledPath -- Evaluating path: $
12:51:41.580 [main] DEBUG com.jayway.jsonpath.internal.JsonContext -- Put path $ key text value a
12:51:41.580 [main] DEBUG com.jayway.jsonpath.internal.path.CompiledPath -- Evaluating path: $['windowsVirtualKeyCode']
12:51:41.580 [main] DEBUG com.jayway.jsonpath.internal.path.CompiledPath -- Evaluating path: $
12:51:41.580 [main] DEBUG com.jayway.jsonpath.internal.path.CompiledPath -- Evaluating path: $
12:51:41.580 [main] DEBUG com.jayway.jsonpath.internal.JsonContext -- Put path $ key windowsVirtualKeyCode value {}
12:51:41.580 [main] DEBUG com.jayway.jsonpath.internal.path.CompiledPath -- Evaluating path: $
12:51:41.580 [main] DEBUG com.jayway.jsonpath.internal.JsonContext -- Put path $ key windowsVirtualKeyCode value 97
12:51:41.580 [main] DEBUG com.jayway.jsonpath.internal.path.CompiledPath -- Evaluating path: $
12:51:41.580 [main] DEBUG com.intuit.karate.driver.chrome_1718781694197 -- >> {"id":75,"sessionId":"C5D350463E671ACBC4E779692AFFC42B","method":"Input.dispatchKeyEvent","params":{"modifiers":0,"type":"char","text":"a","windowsVirtualKeyCode":97}}
12:51:41.580 [nioEventLoopGroup-6-1] DEBUG com.intuit.karate.driver.chrome_1718781694197 -- << {"id":75,"result":{},"sessionId":"C5D350463E671ACBC4E779692AFFC42B"}
12:51:41.580 [nioEventLoopGroup-6-1] DEBUG com.jayway.jsonpath.internal.path.CompiledPath -- Evaluating path: $
12:51:41.580 [main] DEBUG com.jayway.jsonpath.internal.path.CompiledPath -- Evaluating path: $['modifiers']
12:51:41.580 [main] DEBUG com.jayway.jsonpath.internal.path.CompiledPath -- Evaluating path: $
12:51:41.580 [main] DEBUG com.jayway.jsonpath.internal.path.CompiledPath -- Evaluating path: $
12:51:41.580 [main] DEBUG com.jayway.jsonpath.internal.JsonContext -- Put path $ key modifiers value {}
12:51:41.580 [main] DEBUG com.jayway.jsonpath.internal.path.CompiledPath -- Evaluating path: $
12:51:41.580 [main] DEBUG com.jayway.jsonpath.internal.JsonContext -- Put path $ key modifiers value 0
12:51:41.580 [main] DEBUG com.jayway.jsonpath.internal.path.CompiledPath -- Evaluating path: $['type']
12:51:41.580 [main] DEBUG com.jayway.jsonpath.internal.path.CompiledPath -- Evaluating path: $
12:51:41.580 [main] DEBUG com.jayway.jsonpath.internal.path.CompiledPath -- Evaluating path: $
12:51:41.580 [main] DEBUG com.jayway.jsonpath.internal.JsonContext -- Put path $ key type value {}
12:51:41.580 [main] DEBUG com.jayway.jsonpath.internal.path.CompiledPath -- Evaluating path: $
12:51:41.580 [main] DEBUG com.jayway.jsonpath.internal.JsonContext -- Put path $ key type value keyUp
12:51:41.580 [main] DEBUG com.jayway.jsonpath.internal.path.CompiledPath -- Evaluating path: $['text']
12:51:41.584 [main] DEBUG com.jayway.jsonpath.internal.path.CompiledPath -- Evaluating path: $
12:51:41.584 [main] DEBUG com.jayway.jsonpath.internal.path.CompiledPath -- Evaluating path: $
12:51:41.584 [main] DEBUG com.jayway.jsonpath.internal.JsonContext -- Put path $ key text value {}
12:51:41.584 [main] DEBUG com.jayway.jsonpath.internal.path.CompiledPath -- Evaluating path: $
12:51:41.584 [main] DEBUG com.jayway.jsonpath.internal.JsonContext -- Put path $ key text value a
12:51:41.584 [main] DEBUG com.jayway.jsonpath.internal.path.CompiledPath -- Evaluating path: $['windowsVirtualKeyCode']
12:51:41.584 [main] DEBUG com.jayway.jsonpath.internal.path.CompiledPath -- Evaluating path: $
12:51:41.584 [main] DEBUG com.jayway.jsonpath.internal.path.CompiledPath -- Evaluating path: $
12:51:41.584 [main] DEBUG com.jayway.jsonpath.internal.JsonContext -- Put path $ key windowsVirtualKeyCode value {}
12:51:41.584 [main] DEBUG com.jayway.jsonpath.internal.path.CompiledPath -- Evaluating path: $
12:51:41.584 [main] DEBUG com.jayway.jsonpath.internal.JsonContext -- Put path $ key windowsVirtualKeyCode value 97
12:51:41.584 [main] DEBUG com.jayway.jsonpath.internal.path.CompiledPath -- Evaluating path: $
12:51:41.584 [main] DEBUG com.intuit.karate.driver.chrome_1718781694197 -- >> {"id":76,"sessionId":"C5D350463E671ACBC4E779692AFFC42B","method":"Input.dispatchKeyEvent","params":{"modifiers":0,"type":"keyUp","text":"a","windowsVirtualKeyCode":97}}
12:51:41.584 [nioEventLoopGroup-6-1] DEBUG com.intuit.karate.driver.chrome_1718781694197 -- << {"id":76,"result":{},"sessionId":"C5D350463E671ACBC4E779692AFFC42B"}
12:51:41.584 [nioEventLoopGroup-6-1] DEBUG com.jayway.jsonpath.internal.path.CompiledPath -- Evaluating path: $
12:51:41.584 [main] DEBUG com.jayway.jsonpath.internal.path.CompiledPath -- Evaluating path: $['modifiers']
12:51:41.584 [main] DEBUG com.jayway.jsonpath.internal.path.CompiledPath -- Evaluating path: $
12:51:41.584 [main] DEBUG com.jayway.jsonpath.internal.path.CompiledPath -- Evaluating path: $
12:51:41.584 [main] DEBUG com.jayway.jsonpath.internal.JsonContext -- Put path $ key modifiers value {}
12:51:41.584 [main] DEBUG com.jayway.jsonpath.internal.path.CompiledPath -- Evaluating path: $
12:51:41.584 [main] DEBUG com.jayway.jsonpath.internal.JsonContext -- Put path $ key modifiers value 0
12:51:41.584 [main] DEBUG com.jayway.jsonpath.internal.path.CompiledPath -- Evaluating path: $['type']
12:51:41.584 [main] DEBUG com.jayway.jsonpath.internal.path.CompiledPath -- Evaluating path: $
12:51:41.584 [main] DEBUG com.jayway.jsonpath.internal.path.CompiledPath -- Evaluating path: $
12:51:41.584 [main] DEBUG com.jayway.jsonpath.internal.JsonContext -- Put path $ key type value {}
12:51:41.584 [main] DEBUG com.jayway.jsonpath.internal.path.CompiledPath -- Evaluating path: $
12:51:41.584 [main] DEBUG com.jayway.jsonpath.internal.JsonContext -- Put path $ key type value rawKeyDown
12:51:41.584 [main] DEBUG com.jayway.jsonpath.internal.path.CompiledPath -- Evaluating path: $['text']
12:51:41.584 [main] DEBUG com.jayway.jsonpath.internal.path.CompiledPath -- Evaluating path: $
12:51:41.584 [main] DEBUG com.jayway.jsonpath.internal.path.CompiledPath -- Evaluating path: $
12:51:41.584 [main] DEBUG com.jayway.jsonpath.internal.JsonContext -- Put path $ key text value {}
12:51:41.584 [main] DEBUG com.jayway.jsonpath.internal.path.CompiledPath -- Evaluating path: $
12:51:41.584 [main] DEBUG com.jayway.jsonpath.internal.JsonContext -- Put path $ key text value u
12:51:41.584 [main] DEBUG com.jayway.jsonpath.internal.path.CompiledPath -- Evaluating path: $['windowsVirtualKeyCode']
12:51:41.584 [main] DEBUG com.jayway.jsonpath.internal.path.CompiledPath -- Evaluating path: $
12:51:41.584 [main] DEBUG com.jayway.jsonpath.internal.path.CompiledPath -- Evaluating path: $
12:51:41.584 [main] DEBUG com.jayway.jsonpath.internal.JsonContext -- Put path $ key windowsVirtualKeyCode value {}
12:51:41.584 [main] DEBUG com.jayway.jsonpath.internal.path.CompiledPath -- Evaluating path: $
12:51:41.584 [main] DEBUG com.jayway.jsonpath.internal.JsonContext -- Put path $ key windowsVirtualKeyCode value 117
12:51:41.584 [main] DEBUG com.jayway.jsonpath.internal.path.CompiledPath -- Evaluating path: $
12:51:41.584 [main] DEBUG com.intuit.karate.driver.chrome_1718781694197 -- >> {"id":77,"sessionId":"C5D350463E671ACBC4E779692AFFC42B","method":"Input.dispatchKeyEvent","params":{"modifiers":0,"type":"rawKeyDown","text":"u","windowsVirtualKeyCode":117}}
12:51:41.584 [nioEventLoopGroup-6-1] DEBUG com.intuit.karate.driver.chrome_1718781694197 -- << {"id":77,"result":{},"sessionId":"C5D350463E671ACBC4E779692AFFC42B"}
12:51:41.584 [nioEventLoopGroup-6-1] DEBUG com.jayway.jsonpath.internal.path.CompiledPath -- Evaluating path: $
12:51:41.584 [main] DEBUG com.jayway.jsonpath.internal.path.CompiledPath -- Evaluating path: $['modifiers']
12:51:41.584 [main] DEBUG com.jayway.jsonpath.internal.path.CompiledPath -- Evaluating path: $
12:51:41.584 [main] DEBUG com.jayway.jsonpath.internal.path.CompiledPath -- Evaluating path: $
12:51:41.584 [main] DEBUG com.jayway.jsonpath.internal.JsonContext -- Put path $ key modifiers value {}
12:51:41.584 [main] DEBUG com.jayway.jsonpath.internal.path.CompiledPath -- Evaluating path: $
12:51:41.584 [main] DEBUG com.jayway.jsonpath.internal.JsonContext -- Put path $ key modifiers value 0
12:51:41.584 [main] DEBUG com.jayway.jsonpath.internal.path.CompiledPath -- Evaluating path: $['type']
12:51:41.584 [main] DEBUG com.jayway.jsonpath.internal.path.CompiledPath -- Evaluating path: $
12:51:41.584 [main] DEBUG com.jayway.jsonpath.internal.path.CompiledPath -- Evaluating path: $
12:51:41.584 [main] DEBUG com.jayway.jsonpath.internal.JsonContext -- Put path $ key type value {}
12:51:41.584 [main] DEBUG com.jayway.jsonpath.internal.path.CompiledPath -- Evaluating path: $
12:51:41.584 [main] DEBUG com.jayway.jsonpath.internal.JsonContext -- Put path $ key type value char
12:51:41.584 [main] DEBUG com.jayway.jsonpath.internal.path.CompiledPath -- Evaluating path: $['text']
12:51:41.584 [main] DEBUG com.jayway.jsonpath.internal.path.CompiledPath -- Evaluating path: $
12:51:41.584 [main] DEBUG com.jayway.jsonpath.internal.path.CompiledPath -- Evaluating path: $
12:51:41.584 [main] DEBUG com.jayway.jsonpath.internal.JsonContext -- Put path $ key text value {}
12:51:41.584 [main] DEBUG com.jayway.jsonpath.internal.path.CompiledPath -- Evaluating path: $
12:51:41.584 [main] DEBUG com.jayway.jsonpath.internal.JsonContext -- Put path $ key text value u
12:51:41.584 [main] DEBUG com.jayway.jsonpath.internal.path.CompiledPath -- Evaluating path: $['windowsVirtualKeyCode']
12:51:41.584 [main] DEBUG com.jayway.jsonpath.internal.path.CompiledPath -- Evaluating path: $
12:51:41.584 [main] DEBUG com.jayway.jsonpath.internal.path.CompiledPath -- Evaluating path: $
12:51:41.584 [main] DEBUG com.jayway.jsonpath.internal.JsonContext -- Put path $ key windowsVirtualKeyCode value {}
12:51:41.584 [main] DEBUG com.jayway.jsonpath.internal.path.CompiledPath -- Evaluating path: $
12:51:41.584 [main] DEBUG com.jayway.jsonpath.internal.JsonContext -- Put path $ key windowsVirtualKeyCode value 117
12:51:41.584 [main] DEBUG com.jayway.jsonpath.internal.path.CompiledPath -- Evaluating path: $
12:51:41.584 [main] DEBUG com.intuit.karate.driver.chrome_1718781694197 -- >> {"id":78,"sessionId":"C5D350463E671ACBC4E779692AFFC42B","method":"Input.dispatchKeyEvent","params":{"modifiers":0,"type":"char","text":"u","windowsVirtualKeyCode":117}}
12:51:41.584 [nioEventLoopGroup-6-1] DEBUG com.intuit.karate.driver.chrome_1718781694197 -- << {"id":78,"result":{},"sessionId":"C5D350463E671ACBC4E779692AFFC42B"}
12:51:41.584 [nioEventLoopGroup-6-1] DEBUG com.jayway.jsonpath.internal.path.CompiledPath -- Evaluating path: $
12:51:41.584 [main] DEBUG com.jayway.jsonpath.internal.path.CompiledPath -- Evaluating path: $['modifiers']
12:51:41.584 [main] DEBUG com.jayway.jsonpath.internal.path.CompiledPath -- Evaluating path: $
12:51:41.584 [main] DEBUG com.jayway.jsonpath.internal.path.CompiledPath -- Evaluating path: $
12:51:41.584 [main] DEBUG com.jayway.jsonpath.internal.JsonContext -- Put path $ key modifiers value {}
12:51:41.584 [main] DEBUG com.jayway.jsonpath.internal.path.CompiledPath -- Evaluating path: $
12:51:41.584 [main] DEBUG com.jayway.jsonpath.internal.JsonContext -- Put path $ key modifiers value 0
12:51:41.584 [main] DEBUG com.jayway.jsonpath.internal.path.CompiledPath -- Evaluating path: $['type']
12:51:41.584 [main] DEBUG com.jayway.jsonpath.internal.path.CompiledPath -- Evaluating path: $
12:51:41.584 [main] DEBUG com.jayway.jsonpath.internal.path.CompiledPath -- Evaluating path: $
12:51:41.584 [main] DEBUG com.jayway.jsonpath.internal.JsonContext -- Put path $ key type value {}
12:51:41.584 [main] DEBUG com.jayway.jsonpath.internal.path.CompiledPath -- Evaluating path: $
12:51:41.584 [main] DEBUG com.jayway.jsonpath.internal.JsonContext -- Put path $ key type value keyUp
12:51:41.584 [main] DEBUG com.jayway.jsonpath.internal.path.CompiledPath -- Evaluating path: $['text']
12:51:41.584 [main] DEBUG com.jayway.jsonpath.internal.path.CompiledPath -- Evaluating path: $
12:51:41.584 [main] DEBUG com.jayway.jsonpath.internal.path.CompiledPath -- Evaluating path: $
12:51:41.584 [main] DEBUG com.jayway.jsonpath.internal.JsonContext -- Put path $ key text value {}
12:51:41.584 [main] DEBUG com.jayway.jsonpath.internal.path.CompiledPath -- Evaluating path: $
12:51:41.584 [main] DEBUG com.jayway.jsonpath.internal.JsonContext -- Put path $ key text value u
12:51:41.584 [main] DEBUG com.jayway.jsonpath.internal.path.CompiledPath -- Evaluating path: $['windowsVirtualKeyCode']
12:51:41.584 [main] DEBUG com.jayway.jsonpath.internal.path.CompiledPath -- Evaluating path: $
12:51:41.584 [main] DEBUG com.jayway.jsonpath.internal.path.CompiledPath -- Evaluating path: $
12:51:41.584 [main] DEBUG com.jayway.jsonpath.internal.JsonContext -- Put path $ key windowsVirtualKeyCode value {}
12:51:41.584 [main] DEBUG com.jayway.jsonpath.internal.path.CompiledPath -- Evaluating path: $
12:51:41.584 [main] DEBUG com.jayway.jsonpath.internal.JsonContext -- Put path $ key windowsVirtualKeyCode value 117
12:51:41.584 [main] DEBUG com.jayway.jsonpath.internal.path.CompiledPath -- Evaluating path: $
12:51:41.584 [main] DEBUG com.intuit.karate.driver.chrome_1718781694197 -- >> {"id":79,"sessionId":"C5D350463E671ACBC4E779692AFFC42B","method":"Input.dispatchKeyEvent","params":{"modifiers":0,"type":"keyUp","text":"u","windowsVirtualKeyCode":117}}
12:51:41.584 [nioEventLoopGroup-6-1] DEBUG com.intuit.karate.driver.chrome_1718781694197 -- << {"id":79,"result":{},"sessionId":"C5D350463E671ACBC4E779692AFFC42B"}
12:51:41.584 [nioEventLoopGroup-6-1] DEBUG com.jayway.jsonpath.internal.path.CompiledPath -- Evaluating path: $
12:51:41.584 [main] DEBUG com.jayway.jsonpath.internal.path.CompiledPath -- Evaluating path: $['modifiers']
12:51:41.584 [main] DEBUG com.jayway.jsonpath.internal.path.CompiledPath -- Evaluating path: $
12:51:41.584 [main] DEBUG com.jayway.jsonpath.internal.path.CompiledPath -- Evaluating path: $
12:51:41.584 [main] DEBUG com.jayway.jsonpath.internal.JsonContext -- Put path $ key modifiers value {}
12:51:41.584 [main] DEBUG com.jayway.jsonpath.internal.path.CompiledPath -- Evaluating path: $
12:51:41.584 [main] DEBUG com.jayway.jsonpath.internal.JsonContext -- Put path $ key modifiers value 0
12:51:41.584 [main] DEBUG com.jayway.jsonpath.internal.path.CompiledPath -- Evaluating path: $['type']
12:51:41.584 [main] DEBUG com.jayway.jsonpath.internal.path.CompiledPath -- Evaluating path: $
12:51:41.584 [main] DEBUG com.jayway.jsonpath.internal.path.CompiledPath -- Evaluating path: $
12:51:41.584 [main] DEBUG com.jayway.jsonpath.internal.JsonContext -- Put path $ key type value {}
12:51:41.584 [main] DEBUG com.jayway.jsonpath.internal.path.CompiledPath -- Evaluating path: $
12:51:41.584 [main] DEBUG com.jayway.jsonpath.internal.JsonContext -- Put path $ key type value rawKeyDown
12:51:41.584 [main] DEBUG com.jayway.jsonpath.internal.path.CompiledPath -- Evaluating path: $['text']
12:51:41.584 [main] DEBUG com.jayway.jsonpath.internal.path.CompiledPath -- Evaluating path: $
12:51:41.584 [main] DEBUG com.jayway.jsonpath.internal.path.CompiledPath -- Evaluating path: $
12:51:41.584 [main] DEBUG com.jayway.jsonpath.internal.JsonContext -- Put path $ key text value {}
12:51:41.584 [main] DEBUG com.jayway.jsonpath.internal.path.CompiledPath -- Evaluating path: $
12:51:41.584 [main] DEBUG com.jayway.jsonpath.internal.JsonContext -- Put path $ key text value c
12:51:41.584 [main] DEBUG com.jayway.jsonpath.internal.path.CompiledPath -- Evaluating path: $['windowsVirtualKeyCode']
12:51:41.584 [main] DEBUG com.jayway.jsonpath.internal.path.CompiledPath -- Evaluating path: $
12:51:41.584 [main] DEBUG com.jayway.jsonpath.internal.path.CompiledPath -- Evaluating path: $
12:51:41.584 [main] DEBUG com.jayway.jsonpath.internal.JsonContext -- Put path $ key windowsVirtualKeyCode value {}
12:51:41.584 [main] DEBUG com.jayway.jsonpath.internal.path.CompiledPath -- Evaluating path: $
12:51:41.584 [main] DEBUG com.jayway.jsonpath.internal.JsonContext -- Put path $ key windowsVirtualKeyCode value 99
12:51:41.584 [main] DEBUG com.jayway.jsonpath.internal.path.CompiledPath -- Evaluating path: $
12:51:41.584 [main] DEBUG com.intuit.karate.driver.chrome_1718781694197 -- >> {"id":80,"sessionId":"C5D350463E671ACBC4E779692AFFC42B","method":"Input.dispatchKeyEvent","params":{"modifiers":0,"type":"rawKeyDown","text":"c","windowsVirtualKeyCode":99}}
12:51:41.584 [nioEventLoopGroup-6-1] DEBUG com.intuit.karate.driver.chrome_1718781694197 -- << {"id":80,"result":{},"sessionId":"C5D350463E671ACBC4E779692AFFC42B"}
12:51:41.584 [nioEventLoopGroup-6-1] DEBUG com.jayway.jsonpath.internal.path.CompiledPath -- Evaluating path: $
12:51:41.584 [main] DEBUG com.jayway.jsonpath.internal.path.CompiledPath -- Evaluating path: $['modifiers']
12:51:41.584 [main] DEBUG com.jayway.jsonpath.internal.path.CompiledPath -- Evaluating path: $
12:51:41.584 [main] DEBUG com.jayway.jsonpath.internal.path.CompiledPath -- Evaluating path: $
12:51:41.584 [main] DEBUG com.jayway.jsonpath.internal.JsonContext -- Put path $ key modifiers value {}
12:51:41.584 [main] DEBUG com.jayway.jsonpath.internal.path.CompiledPath -- Evaluating path: $
12:51:41.584 [main] DEBUG com.jayway.jsonpath.internal.JsonContext -- Put path $ key modifiers value 0
12:51:41.584 [main] DEBUG com.jayway.jsonpath.internal.path.CompiledPath -- Evaluating path: $['type']
12:51:41.584 [main] DEBUG com.jayway.jsonpath.internal.path.CompiledPath -- Evaluating path: $
12:51:41.584 [main] DEBUG com.jayway.jsonpath.internal.path.CompiledPath -- Evaluating path: $
12:51:41.584 [main] DEBUG com.jayway.jsonpath.internal.JsonContext -- Put path $ key type value {}
12:51:41.584 [main] DEBUG com.jayway.jsonpath.internal.path.CompiledPath -- Evaluating path: $
12:51:41.584 [main] DEBUG com.jayway.jsonpath.internal.JsonContext -- Put path $ key type value char
12:51:41.584 [main] DEBUG com.jayway.jsonpath.internal.path.CompiledPath -- Evaluating path: $['text']
12:51:41.584 [main] DEBUG com.jayway.jsonpath.internal.path.CompiledPath -- Evaluating path: $
12:51:41.584 [main] DEBUG com.jayway.jsonpath.internal.path.CompiledPath -- Evaluating path: $
12:51:41.584 [main] DEBUG com.jayway.jsonpath.internal.JsonContext -- Put path $ key text value {}
12:51:41.584 [main] DEBUG com.jayway.jsonpath.internal.path.CompiledPath -- Evaluating path: $
12:51:41.584 [main] DEBUG com.jayway.jsonpath.internal.JsonContext -- Put path $ key text value c
12:51:41.584 [main] DEBUG com.jayway.jsonpath.internal.path.CompiledPath -- Evaluating path: $['windowsVirtualKeyCode']
12:51:41.584 [main] DEBUG com.jayway.jsonpath.internal.path.CompiledPath -- Evaluating path: $
12:51:41.584 [main] DEBUG com.jayway.jsonpath.internal.path.CompiledPath -- Evaluating path: $
12:51:41.584 [main] DEBUG com.jayway.jsonpath.internal.JsonContext -- Put path $ key windowsVirtualKeyCode value {}
12:51:41.584 [main] DEBUG com.jayway.jsonpath.internal.path.CompiledPath -- Evaluating path: $
12:51:41.584 [main] DEBUG com.jayway.jsonpath.internal.JsonContext -- Put path $ key windowsVirtualKeyCode value 99
12:51:41.584 [main] DEBUG com.jayway.jsonpath.internal.path.CompiledPath -- Evaluating path: $
12:51:41.584 [main] DEBUG com.intuit.karate.driver.chrome_1718781694197 -- >> {"id":81,"sessionId":"C5D350463E671ACBC4E779692AFFC42B","method":"Input.dispatchKeyEvent","params":{"modifiers":0,"type":"char","text":"c","windowsVirtualKeyCode":99}}
12:51:41.584 [nioEventLoopGroup-6-1] DEBUG com.intuit.karate.driver.chrome_1718781694197 -- << {"id":81,"result":{},"sessionId":"C5D350463E671ACBC4E779692AFFC42B"}
12:51:41.584 [nioEventLoopGroup-6-1] DEBUG com.jayway.jsonpath.internal.path.CompiledPath -- Evaluating path: $
12:51:41.584 [main] DEBUG com.jayway.jsonpath.internal.path.CompiledPath -- Evaluating path: $['modifiers']
12:51:41.584 [main] DEBUG com.jayway.jsonpath.internal.path.CompiledPath -- Evaluating path: $
12:51:41.584 [main] DEBUG com.jayway.jsonpath.internal.path.CompiledPath -- Evaluating path: $
12:51:41.584 [main] DEBUG com.jayway.jsonpath.internal.JsonContext -- Put path $ key modifiers value {}
12:51:41.584 [main] DEBUG com.jayway.jsonpath.internal.path.CompiledPath -- Evaluating path: $
12:51:41.584 [main] DEBUG com.jayway.jsonpath.internal.JsonContext -- Put path $ key modifiers value 0
12:51:41.584 [main] DEBUG com.jayway.jsonpath.internal.path.CompiledPath -- Evaluating path: $['type']
12:51:41.584 [main] DEBUG com.jayway.jsonpath.internal.path.CompiledPath -- Evaluating path: $
12:51:41.584 [main] DEBUG com.jayway.jsonpath.internal.path.CompiledPath -- Evaluating path: $
12:51:41.584 [main] DEBUG com.jayway.jsonpath.internal.JsonContext -- Put path $ key type value {}
12:51:41.584 [main] DEBUG com.jayway.jsonpath.internal.path.CompiledPath -- Evaluating path: $
12:51:41.584 [main] DEBUG com.jayway.jsonpath.internal.JsonContext -- Put path $ key type value keyUp
12:51:41.584 [main] DEBUG com.jayway.jsonpath.internal.path.CompiledPath -- Evaluating path: $['text']
12:51:41.584 [main] DEBUG com.jayway.jsonpath.internal.path.CompiledPath -- Evaluating path: $
12:51:41.584 [main] DEBUG com.jayway.jsonpath.internal.path.CompiledPath -- Evaluating path: $
12:51:41.584 [main] DEBUG com.jayway.jsonpath.internal.JsonContext -- Put path $ key text value {}
12:51:41.584 [main] DEBUG com.jayway.jsonpath.internal.path.CompiledPath -- Evaluating path: $
12:51:41.584 [main] DEBUG com.jayway.jsonpath.internal.JsonContext -- Put path $ key text value c
12:51:41.584 [main] DEBUG com.jayway.jsonpath.internal.path.CompiledPath -- Evaluating path: $['windowsVirtualKeyCode']
12:51:41.584 [main] DEBUG com.jayway.jsonpath.internal.path.CompiledPath -- Evaluating path: $
12:51:41.584 [main] DEBUG com.jayway.jsonpath.internal.path.CompiledPath -- Evaluating path: $
12:51:41.584 [main] DEBUG com.jayway.jsonpath.internal.JsonContext -- Put path $ key windowsVirtualKeyCode value {}
12:51:41.584 [main] DEBUG com.jayway.jsonpath.internal.path.CompiledPath -- Evaluating path: $
12:51:41.584 [main] DEBUG com.jayway.jsonpath.internal.JsonContext -- Put path $ key windowsVirtualKeyCode value 99
12:51:41.584 [main] DEBUG com.jayway.jsonpath.internal.path.CompiledPath -- Evaluating path: $
12:51:41.584 [main] DEBUG com.intuit.karate.driver.chrome_1718781694197 -- >> {"id":82,"sessionId":"C5D350463E671ACBC4E779692AFFC42B","method":"Input.dispatchKeyEvent","params":{"modifiers":0,"type":"keyUp","text":"c","windowsVirtualKeyCode":99}}
12:51:41.595 [nioEventLoopGroup-6-1] DEBUG com.intuit.karate.driver.chrome_1718781694197 -- << {"id":82,"result":{},"sessionId":"C5D350463E671ACBC4E779692AFFC42B"}
12:51:41.595 [nioEventLoopGroup-6-1] DEBUG com.jayway.jsonpath.internal.path.CompiledPath -- Evaluating path: $
12:51:41.595 [main] DEBUG com.jayway.jsonpath.internal.path.CompiledPath -- Evaluating path: $['modifiers']
12:51:41.595 [main] DEBUG com.jayway.jsonpath.internal.path.CompiledPath -- Evaluating path: $
12:51:41.595 [main] DEBUG com.jayway.jsonpath.internal.path.CompiledPath -- Evaluating path: $
12:51:41.596 [main] DEBUG com.jayway.jsonpath.internal.JsonContext -- Put path $ key modifiers value {}
12:51:41.596 [main] DEBUG com.jayway.jsonpath.internal.path.CompiledPath -- Evaluating path: $
12:51:41.596 [main] DEBUG com.jayway.jsonpath.internal.JsonContext -- Put path $ key modifiers value 0
12:51:41.596 [main] DEBUG com.jayway.jsonpath.internal.path.CompiledPath -- Evaluating path: $['type']
12:51:41.596 [main] DEBUG com.jayway.jsonpath.internal.path.CompiledPath -- Evaluating path: $
12:51:41.596 [main] DEBUG com.jayway.jsonpath.internal.path.CompiledPath -- Evaluating path: $
12:51:41.596 [main] DEBUG com.jayway.jsonpath.internal.JsonContext -- Put path $ key type value {}
12:51:41.596 [main] DEBUG com.jayway.jsonpath.internal.path.CompiledPath -- Evaluating path: $
12:51:41.596 [main] DEBUG com.jayway.jsonpath.internal.JsonContext -- Put path $ key type value rawKeyDown
12:51:41.596 [main] DEBUG com.jayway.jsonpath.internal.path.CompiledPath -- Evaluating path: $['text']
12:51:41.596 [main] DEBUG com.jayway.jsonpath.internal.path.CompiledPath -- Evaluating path: $
12:51:41.596 [main] DEBUG com.jayway.jsonpath.internal.path.CompiledPath -- Evaluating path: $
12:51:41.596 [main] DEBUG com.jayway.jsonpath.internal.JsonContext -- Put path $ key text value {}
12:51:41.596 [main] DEBUG com.jayway.jsonpath.internal.path.CompiledPath -- Evaluating path: $
12:51:41.596 [main] DEBUG com.jayway.jsonpath.internal.JsonContext -- Put path $ key text value e
12:51:41.596 [main] DEBUG com.jayway.jsonpath.internal.path.CompiledPath -- Evaluating path: $['windowsVirtualKeyCode']
12:51:41.596 [main] DEBUG com.jayway.jsonpath.internal.path.CompiledPath -- Evaluating path: $
12:51:41.596 [main] DEBUG com.jayway.jsonpath.internal.path.CompiledPath -- Evaluating path: $
12:51:41.596 [main] DEBUG com.jayway.jsonpath.internal.JsonContext -- Put path $ key windowsVirtualKeyCode value {}
12:51:41.596 [main] DEBUG com.jayway.jsonpath.internal.path.CompiledPath -- Evaluating path: $
12:51:41.596 [main] DEBUG com.jayway.jsonpath.internal.JsonContext -- Put path $ key windowsVirtualKeyCode value 101
12:51:41.596 [main] DEBUG com.jayway.jsonpath.internal.path.CompiledPath -- Evaluating path: $
12:51:41.596 [main] DEBUG com.intuit.karate.driver.chrome_1718781694197 -- >> {"id":83,"sessionId":"C5D350463E671ACBC4E779692AFFC42B","method":"Input.dispatchKeyEvent","params":{"modifiers":0,"type":"rawKeyDown","text":"e","windowsVirtualKeyCode":101}}
12:51:41.600 [nioEventLoopGroup-6-1] DEBUG com.intuit.karate.driver.chrome_1718781694197 -- << {"id":83,"result":{},"sessionId":"C5D350463E671ACBC4E779692AFFC42B"}
12:51:41.600 [nioEventLoopGroup-6-1] DEBUG com.jayway.jsonpath.internal.path.CompiledPath -- Evaluating path: $
12:51:41.600 [main] DEBUG com.jayway.jsonpath.internal.path.CompiledPath -- Evaluating path: $['modifiers']
12:51:41.600 [main] DEBUG com.jayway.jsonpath.internal.path.CompiledPath -- Evaluating path: $
12:51:41.600 [main] DEBUG com.jayway.jsonpath.internal.path.CompiledPath -- Evaluating path: $
12:51:41.600 [main] DEBUG com.jayway.jsonpath.internal.JsonContext -- Put path $ key modifiers value {}
12:51:41.600 [main] DEBUG com.jayway.jsonpath.internal.path.CompiledPath -- Evaluating path: $
12:51:41.600 [main] DEBUG com.jayway.jsonpath.internal.JsonContext -- Put path $ key modifiers value 0
12:51:41.600 [main] DEBUG com.jayway.jsonpath.internal.path.CompiledPath -- Evaluating path: $['type']
12:51:41.600 [main] DEBUG com.jayway.jsonpath.internal.path.CompiledPath -- Evaluating path: $
12:51:41.600 [main] DEBUG com.jayway.jsonpath.internal.path.CompiledPath -- Evaluating path: $
12:51:41.600 [main] DEBUG com.jayway.jsonpath.internal.JsonContext -- Put path $ key type value {}
12:51:41.600 [main] DEBUG com.jayway.jsonpath.internal.path.CompiledPath -- Evaluating path: $
12:51:41.600 [main] DEBUG com.jayway.jsonpath.internal.JsonContext -- Put path $ key type value char
12:51:41.600 [main] DEBUG com.jayway.jsonpath.internal.path.CompiledPath -- Evaluating path: $['text']
12:51:41.600 [main] DEBUG com.jayway.jsonpath.internal.path.CompiledPath -- Evaluating path: $
12:51:41.600 [main] DEBUG com.jayway.jsonpath.internal.path.CompiledPath -- Evaluating path: $
12:51:41.600 [main] DEBUG com.jayway.jsonpath.internal.JsonContext -- Put path $ key text value {}
12:51:41.600 [main] DEBUG com.jayway.jsonpath.internal.path.CompiledPath -- Evaluating path: $
12:51:41.600 [main] DEBUG com.jayway.jsonpath.internal.JsonContext -- Put path $ key text value e
12:51:41.600 [main] DEBUG com.jayway.jsonpath.internal.path.CompiledPath -- Evaluating path: $['windowsVirtualKeyCode']
12:51:41.600 [main] DEBUG com.jayway.jsonpath.internal.path.CompiledPath -- Evaluating path: $
12:51:41.600 [main] DEBUG com.jayway.jsonpath.internal.path.CompiledPath -- Evaluating path: $
12:51:41.600 [main] DEBUG com.jayway.jsonpath.internal.JsonContext -- Put path $ key windowsVirtualKeyCode value {}
12:51:41.600 [main] DEBUG com.jayway.jsonpath.internal.path.CompiledPath -- Evaluating path: $
12:51:41.600 [main] DEBUG com.jayway.jsonpath.internal.JsonContext -- Put path $ key windowsVirtualKeyCode value 101
12:51:41.600 [main] DEBUG com.jayway.jsonpath.internal.path.CompiledPath -- Evaluating path: $
12:51:41.600 [main] DEBUG com.intuit.karate.driver.chrome_1718781694197 -- >> {"id":84,"sessionId":"C5D350463E671ACBC4E779692AFFC42B","method":"Input.dispatchKeyEvent","params":{"modifiers":0,"type":"char","text":"e","windowsVirtualKeyCode":101}}
12:51:41.600 [nioEventLoopGroup-6-1] DEBUG com.intuit.karate.driver.chrome_1718781694197 -- << {"id":84,"result":{},"sessionId":"C5D350463E671ACBC4E779692AFFC42B"}
12:51:41.600 [nioEventLoopGroup-6-1] DEBUG com.jayway.jsonpath.internal.path.CompiledPath -- Evaluating path: $
12:51:41.600 [main] DEBUG com.jayway.jsonpath.internal.path.CompiledPath -- Evaluating path: $['modifiers']
12:51:41.600 [main] DEBUG com.jayway.jsonpath.internal.path.CompiledPath -- Evaluating path: $
12:51:41.600 [main] DEBUG com.jayway.jsonpath.internal.path.CompiledPath -- Evaluating path: $
12:51:41.600 [main] DEBUG com.jayway.jsonpath.internal.JsonContext -- Put path $ key modifiers value {}
12:51:41.600 [main] DEBUG com.jayway.jsonpath.internal.path.CompiledPath -- Evaluating path: $
12:51:41.600 [main] DEBUG com.jayway.jsonpath.internal.JsonContext -- Put path $ key modifiers value 0
12:51:41.600 [main] DEBUG com.jayway.jsonpath.internal.path.CompiledPath -- Evaluating path: $['type']
12:51:41.600 [main] DEBUG com.jayway.jsonpath.internal.path.CompiledPath -- Evaluating path: $
12:51:41.600 [main] DEBUG com.jayway.jsonpath.internal.path.CompiledPath -- Evaluating path: $
12:51:41.600 [main] DEBUG com.jayway.jsonpath.internal.JsonContext -- Put path $ key type value {}
12:51:41.600 [main] DEBUG com.jayway.jsonpath.internal.path.CompiledPath -- Evaluating path: $
12:51:41.600 [main] DEBUG com.jayway.jsonpath.internal.JsonContext -- Put path $ key type value keyUp
12:51:41.600 [main] DEBUG com.jayway.jsonpath.internal.path.CompiledPath -- Evaluating path: $['text']
12:51:41.600 [main] DEBUG com.jayway.jsonpath.internal.path.CompiledPath -- Evaluating path: $
12:51:41.600 [main] DEBUG com.jayway.jsonpath.internal.path.CompiledPath -- Evaluating path: $
12:51:41.600 [main] DEBUG com.jayway.jsonpath.internal.JsonContext -- Put path $ key text value {}
12:51:41.600 [main] DEBUG com.jayway.jsonpath.internal.path.CompiledPath -- Evaluating path: $
12:51:41.600 [main] DEBUG com.jayway.jsonpath.internal.JsonContext -- Put path $ key text value e
12:51:41.600 [main] DEBUG com.jayway.jsonpath.internal.path.CompiledPath -- Evaluating path: $['windowsVirtualKeyCode']
12:51:41.600 [main] DEBUG com.jayway.jsonpath.internal.path.CompiledPath -- Evaluating path: $
12:51:41.600 [main] DEBUG com.jayway.jsonpath.internal.path.CompiledPath -- Evaluating path: $
12:51:41.600 [main] DEBUG com.jayway.jsonpath.internal.JsonContext -- Put path $ key windowsVirtualKeyCode value {}
12:51:41.600 [main] DEBUG com.jayway.jsonpath.internal.path.CompiledPath -- Evaluating path: $
12:51:41.600 [main] DEBUG com.jayway.jsonpath.internal.JsonContext -- Put path $ key windowsVirtualKeyCode value 101
12:51:41.600 [main] DEBUG com.jayway.jsonpath.internal.path.CompiledPath -- Evaluating path: $
12:51:41.600 [main] DEBUG com.intuit.karate.driver.chrome_1718781694197 -- >> {"id":85,"sessionId":"C5D350463E671ACBC4E779692AFFC42B","method":"Input.dispatchKeyEvent","params":{"modifiers":0,"type":"keyUp","text":"e","windowsVirtualKeyCode":101}}
12:51:41.600 [nioEventLoopGroup-6-1] DEBUG com.intuit.karate.driver.chrome_1718781694197 -- << {"id":85,"result":{},"sessionId":"C5D350463E671ACBC4E779692AFFC42B"}
12:51:41.600 [nioEventLoopGroup-6-1] DEBUG com.jayway.jsonpath.internal.path.CompiledPath -- Evaluating path: $
12:51:42.704 [nioEventLoopGroup-6-1] DEBUG com.intuit.karate.driver.chrome_1718781694197 -- << {"method":"Target.targetCreated","params":{"targetInfo":{"targetId":"A1DCC65F4F53C5BDBC334DED0AFA331A","type":"service_worker","title":"Service Worker chrome-extension://ghbmnnjooekpmoecnnnilnnbdlolhkhi/service_worker_bin_prod.js","url":"chrome-extension://ghbmnnjooekpmoecnnnilnnbdlolhkhi/service_worker_bin_prod.js","attached":false,"canAccessOpener":false,"browserContextId":"8029E7C2DC0B900CD3FA9AEC3FA651D9"}},"sessionId":"C5D350463E671ACBC4E779692AFFC42B"}
12:51:42.704 [nioEventLoopGroup-6-1] DEBUG com.jayway.jsonpath.internal.path.CompiledPath -- Evaluating path: $
12:51:44.619 [main] DEBUG com.jayway.jsonpath.internal.path.CompiledPath -- Evaluating path: $['expression']
12:51:44.619 [main] DEBUG com.jayway.jsonpath.internal.path.CompiledPath -- Evaluating path: $
12:51:44.619 [main] DEBUG com.jayway.jsonpath.internal.path.CompiledPath -- Evaluating path: $
12:51:44.619 [main] DEBUG com.jayway.jsonpath.internal.JsonContext -- Put path $ key expression value {}
12:51:44.619 [main] DEBUG com.jayway.jsonpath.internal.path.CompiledPath -- Evaluating path: $
12:51:44.619 [main] DEBUG com.jayway.jsonpath.internal.JsonContext -- Put path $ key expression value document.evaluate("//*[@id='login-button']", document, null, 9, null).singleNodeValue.click()
12:51:44.619 [main] DEBUG com.jayway.jsonpath.internal.path.CompiledPath -- Evaluating path: $['returnByValue']
12:51:44.619 [main] DEBUG com.jayway.jsonpath.internal.path.CompiledPath -- Evaluating path: $
12:51:44.619 [main] DEBUG com.jayway.jsonpath.internal.path.CompiledPath -- Evaluating path: $
12:51:44.619 [main] DEBUG com.jayway.jsonpath.internal.JsonContext -- Put path $ key returnByValue value {}
12:51:44.619 [main] DEBUG com.jayway.jsonpath.internal.path.CompiledPath -- Evaluating path: $
12:51:44.619 [main] DEBUG com.jayway.jsonpath.internal.JsonContext -- Put path $ key returnByValue value true
12:51:44.619 [main] DEBUG com.jayway.jsonpath.internal.path.CompiledPath -- Evaluating path: $
12:51:44.619 [main] DEBUG com.intuit.karate.driver.chrome_1718781694197 -- >> {"id":86,"sessionId":"C5D350463E671ACBC4E779692AFFC42B","method":"Runtime.evaluate","params":{"expression":"document.evaluate(\"\/\/*[@id='login-button']\", document, null, 9, null).singleNodeValue.click()","returnByValue":true}}
12:51:46.036 [nioEventLoopGroup-6-1] DEBUG com.intuit.karate.driver.chrome_1718781694197 -- << {"method":"Page.frameStartedLoading","params":{"frameId":"854AFA3E0F1FE0C19A9F52D36B90EAAB"},"sessionId":"C5D350463E671ACBC4E779692AFFC42B"}
12:51:46.036 [nioEventLoopGroup-6-1] DEBUG com.jayway.jsonpath.internal.path.CompiledPath -- Evaluating path: $
12:51:46.036 [nioEventLoopGroup-6-1] DEBUG com.jayway.jsonpath.internal.path.CompiledPath -- Evaluating path: $['frameId']
12:51:46.036 [nioEventLoopGroup-6-1] DEBUG com.intuit.karate.driver.chrome_1718781694197 -- << {"method":"Target.targetInfoChanged","params":{"targetInfo":{"targetId":"854AFA3E0F1FE0C19A9F52D36B90EAAB","type":"page","title":"Swag Labs","url":"https://www.saucedemo.com/inventory.html","attached":true,"canAccessOpener":false,"browserContextId":"8029E7C2DC0B900CD3FA9AEC3FA651D9"}},"sessionId":"C5D350463E671ACBC4E779692AFFC42B"}
12:51:46.036 [nioEventLoopGroup-6-1] DEBUG com.jayway.jsonpath.internal.path.CompiledPath -- Evaluating path: $
12:51:46.036 [nioEventLoopGroup-6-1] DEBUG com.jayway.jsonpath.internal.path.CompiledPath -- Evaluating path: $['targetInfo']['targetId']
12:51:46.036 [nioEventLoopGroup-6-1] DEBUG com.intuit.karate.driver.chrome_1718781694197 -- << {"method":"Page.navigatedWithinDocument","params":{"frameId":"854AFA3E0F1FE0C19A9F52D36B90EAAB","url":"https://www.saucedemo.com/inventory.html"},"sessionId":"C5D350463E671ACBC4E779692AFFC42B"}
12:51:46.036 [nioEventLoopGroup-6-1] DEBUG com.jayway.jsonpath.internal.path.CompiledPath -- Evaluating path: $
12:51:46.036 [nioEventLoopGroup-6-1] DEBUG com.intuit.karate.driver.chrome_1718781694197 -- << {"method":"Page.frameStoppedLoading","params":{"frameId":"854AFA3E0F1FE0C19A9F52D36B90EAAB"},"sessionId":"C5D350463E671ACBC4E779692AFFC42B"}
12:51:46.036 [nioEventLoopGroup-6-1] DEBUG com.jayway.jsonpath.internal.path.CompiledPath -- Evaluating path: $
12:51:46.036 [nioEventLoopGroup-6-1] DEBUG com.jayway.jsonpath.internal.path.CompiledPath -- Evaluating path: $['frameId']
12:51:46.094 [nioEventLoopGroup-6-1] DEBUG com.intuit.karate.driver.chrome_1718781694197 -- << {"id":86,"result":{"result":{"type":"undefined"}},"sessionId":"C5D350463E671ACBC4E779692AFFC42B"}
12:51:46.094 [nioEventLoopGroup-6-1] DEBUG com.jayway.jsonpath.internal.path.CompiledPath -- Evaluating path: $
12:51:48.395 [chrome_1718781694197-out] DEBUG com.intuit.karate.driver.chrome_1718781694197 -- Created TensorFlow Lite XNNPACK delegate for CPU.
12:51:49.103 [main] DEBUG com.jayway.jsonpath.internal.path.CompiledPath -- Evaluating path: $['expression']
12:51:49.103 [main] DEBUG com.jayway.jsonpath.internal.path.CompiledPath -- Evaluating path: $
12:51:49.103 [main] DEBUG com.jayway.jsonpath.internal.path.CompiledPath -- Evaluating path: $
12:51:49.103 [main] DEBUG com.jayway.jsonpath.internal.JsonContext -- Put path $ key expression value {}
12:51:49.103 [main] DEBUG com.jayway.jsonpath.internal.path.CompiledPath -- Evaluating path: $
12:51:49.103 [main] DEBUG com.jayway.jsonpath.internal.JsonContext -- Put path $ key expression value document.title
12:51:49.103 [main] DEBUG com.jayway.jsonpath.internal.path.CompiledPath -- Evaluating path: $['returnByValue']
12:51:49.103 [main] DEBUG com.jayway.jsonpath.internal.path.CompiledPath -- Evaluating path: $
12:51:49.103 [main] DEBUG com.jayway.jsonpath.internal.path.CompiledPath -- Evaluating path: $
12:51:49.103 [main] DEBUG com.jayway.jsonpath.internal.JsonContext -- Put path $ key returnByValue value {}
12:51:49.103 [main] DEBUG com.jayway.jsonpath.internal.path.CompiledPath -- Evaluating path: $
12:51:49.103 [main] DEBUG com.jayway.jsonpath.internal.JsonContext -- Put path $ key returnByValue value true
12:51:49.103 [main] DEBUG com.jayway.jsonpath.internal.path.CompiledPath -- Evaluating path: $
12:51:49.103 [main] DEBUG com.intuit.karate.driver.chrome_1718781694197 -- >> {"id":87,"sessionId":"C5D350463E671ACBC4E779692AFFC42B","method":"Runtime.evaluate","params":{"expression":"document.title","returnByValue":true}}
12:51:49.132 [nioEventLoopGroup-6-1] DEBUG com.intuit.karate.driver.chrome_1718781694197 -- << {"id":87,"result":{"result":{"type":"string","value":"Swag Labs"}},"sessionId":"C5D350463E671ACBC4E779692AFFC42B"}
12:51:49.132 [nioEventLoopGroup-6-1] DEBUG com.jayway.jsonpath.internal.path.CompiledPath -- Evaluating path: $
12:51:49.133 [main] DEBUG com.jayway.jsonpath.internal.path.CompiledPath -- Evaluating path: $['expression']
12:51:49.133 [main] DEBUG com.jayway.jsonpath.internal.path.CompiledPath -- Evaluating path: $
12:51:49.133 [main] DEBUG com.jayway.jsonpath.internal.path.CompiledPath -- Evaluating path: $
12:51:49.133 [main] DEBUG com.jayway.jsonpath.internal.JsonContext -- Put path $ key expression value {}
12:51:49.133 [main] DEBUG com.jayway.jsonpath.internal.path.CompiledPath -- Evaluating path: $
12:51:49.133 [main] DEBUG com.jayway.jsonpath.internal.JsonContext -- Put path $ key expression value document.location.href
12:51:49.133 [main] DEBUG com.jayway.jsonpath.internal.path.CompiledPath -- Evaluating path: $['returnByValue']
12:51:49.133 [main] DEBUG com.jayway.jsonpath.internal.path.CompiledPath -- Evaluating path: $
12:51:49.133 [main] DEBUG com.jayway.jsonpath.internal.path.CompiledPath -- Evaluating path: $
12:51:49.133 [main] DEBUG com.jayway.jsonpath.internal.JsonContext -- Put path $ key returnByValue value {}
12:51:49.133 [main] DEBUG com.jayway.jsonpath.internal.path.CompiledPath -- Evaluating path: $
12:51:49.133 [main] DEBUG com.jayway.jsonpath.internal.JsonContext -- Put path $ key returnByValue value true
12:51:49.133 [main] DEBUG com.jayway.jsonpath.internal.path.CompiledPath -- Evaluating path: $
12:51:49.133 [main] DEBUG com.intuit.karate.driver.chrome_1718781694197 -- >> {"id":88,"sessionId":"C5D350463E671ACBC4E779692AFFC42B","method":"Runtime.evaluate","params":{"expression":"document.location.href","returnByValue":true}}
12:51:49.136 [nioEventLoopGroup-6-1] DEBUG com.intuit.karate.driver.chrome_1718781694197 -- << {"id":88,"result":{"result":{"type":"string","value":"https://www.saucedemo.com/inventory.html"}},"sessionId":"C5D350463E671ACBC4E779692AFFC42B"}
12:51:49.136 [nioEventLoopGroup-6-1] DEBUG com.jayway.jsonpath.internal.path.CompiledPath -- Evaluating path: $
12:51:50.192 [nioEventLoopGroup-6-1] DEBUG com.intuit.karate.driver.chrome_1718781694197 -- << {"method":"Target.targetDestroyed","params":{"targetId":"465790EE9952B698C649B8EF384A248A"},"sessionId":"C5D350463E671ACBC4E779692AFFC42B"}
12:51:50.193 [nioEventLoopGroup-6-1] DEBUG com.jayway.jsonpath.internal.path.CompiledPath -- Evaluating path: $
12:51:50.343 [nioEventLoopGroup-6-1] DEBUG com.intuit.karate.driver.chrome_1718781694197 -- << {"method":"Target.targetDestroyed","params":{"targetId":"CED637FD22816221D762ECDED819EBA0"},"sessionId":"C5D350463E671ACBC4E779692AFFC42B"}
12:51:50.343 [nioEventLoopGroup-6-1] DEBUG com.jayway.jsonpath.internal.path.CompiledPath -- Evaluating path: $
12:51:52.142 [main] DEBUG com.jayway.jsonpath.internal.path.CompiledPath -- Evaluating path: $['targetId']
12:51:52.142 [main] DEBUG com.jayway.jsonpath.internal.path.CompiledPath -- Evaluating path: $
12:51:52.142 [main] DEBUG com.jayway.jsonpath.internal.path.CompiledPath -- Evaluating path: $
12:51:52.142 [main] DEBUG com.jayway.jsonpath.internal.JsonContext -- Put path $ key targetId value {}
12:51:52.142 [main] DEBUG com.jayway.jsonpath.internal.path.CompiledPath -- Evaluating path: $
12:51:52.142 [main] DEBUG com.jayway.jsonpath.internal.JsonContext -- Put path $ key targetId value 854AFA3E0F1FE0C19A9F52D36B90EAAB
12:51:52.142 [main] DEBUG com.jayway.jsonpath.internal.path.CompiledPath -- Evaluating path: $
12:51:52.142 [main] DEBUG com.intuit.karate.driver.chrome_1718781694197 -- >> {"id":89,"sessionId":"C5D350463E671ACBC4E779692AFFC42B","method":"Target.closeTarget","params":{"targetId":"854AFA3E0F1FE0C19A9F52D36B90EAAB"}}
12:51:52.143 [nioEventLoopGroup-6-1] DEBUG com.intuit.karate.http.WebSocketClientHandler -- websocket closing
12:51:52.143 [nioEventLoopGroup-6-1] DEBUG com.intuit.karate.http.WebSocketClientHandler -- websocket client disconnected
12:51:52.145 [main] DEBUG com.intuit.karate.shell.Command -- closing command: chrome_1718781694197
]]></system-out>
  </testcase>
  <testcase name="[3.2:51] Login with valid login credentials" classname="UI_Automation_Project/login/login" time="16.591">
    <system-out><![CDATA[12:51:52.155 [main] INFO com.intuit.karate -- karate.env system property was: null 
12:51:52.158 [main] INFO com.intuit.karate -- the browser set is: chromedriver, default: "chrome" 
12:51:52.159 [main] DEBUG com.jayway.jsonpath.internal.path.CompiledPath -- Evaluating path: $
12:51:52.161 [main] DEBUG com.jayway.jsonpath.internal.path.CompiledPath -- Evaluating path: $
12:51:52.163 [main] DEBUG com.jayway.jsonpath.internal.path.CompiledPath -- Evaluating path: $
12:51:52.166 [main] DEBUG com.intuit.karate.shell.Command -- found / verified free local port: 54007
12:51:52.166 [main] WARN com.intuit.karate.driver.DriverOptions -- preferred port 9222 not available, will use: 54007
12:51:52.168 [main] DEBUG com.intuit.karate.driver.chrome_1718781712166 -- poll attempt #0 for port to be ready - localhost:54007
12:51:52.171 [chrome_1718781712166] DEBUG com.intuit.karate.driver.chrome_1718781712166 -- command: [C:\Program Files\Google\Chrome\Application\chrome.exe, --remote-debugging-port=54007, --remote-allow-origins=*, --no-first-run, --user-data-dir=C:\Users\HarshvardhanNigaveka\OneDrive - Academian India Private Limited\Desktop\GitHubActions\karateUI\UI_Automation_Project\target\chrome_1718781712166, --disable-popup-blocking], working dir: target\chrome_1718781712166
12:51:52.429 [main] DEBUG com.intuit.karate.driver.chrome_1718781712166 -- poll attempt #1 for port to be ready - localhost:54007
12:51:52.508 [chrome_1718781712166-out] DEBUG com.intuit.karate.driver.chrome_1718781712166 -- 
12:51:52.508 [chrome_1718781712166-out] DEBUG com.intuit.karate.driver.chrome_1718781712166 -- DevTools listening on ws://127.0.0.1:54007/devtools/browser/98bcf007-4f68-4a99-8ef6-8420f9e2ad49
12:51:52.683 [main] DEBUG com.intuit.karate.driver.chrome_1718781712166 -- poll attempt #2 for port to be ready - localhost:54007
12:51:52.699 [main] DEBUG org.apache.http.client.protocol.RequestAddCookies -- CookieSpec selected: karate
12:51:52.699 [main] DEBUG org.apache.http.client.protocol.RequestAuthCache -- Auth cache not set in the context
12:51:52.699 [main] DEBUG com.intuit.karate -- request:
1 > GET http://localhost:54007/json
1 > Host: localhost:54007
1 > Connection: Keep-Alive
1 > User-Agent: Apache-HttpClient/4.5.14 (Java/17.0.11)
1 > Accept-Encoding: gzip,deflate


12:51:52.699 [main] DEBUG org.apache.http.impl.conn.PoolingHttpClientConnectionManager -- Connection request: [route: {}->http://localhost:54007][total available: 0; route allocated: 0 of 5; total allocated: 0 of 10]
12:51:52.699 [main] DEBUG org.apache.http.impl.conn.PoolingHttpClientConnectionManager -- Connection leased: [id: 10][route: {}->http://localhost:54007][total available: 0; route allocated: 1 of 5; total allocated: 1 of 10]
12:51:52.699 [main] DEBUG org.apache.http.impl.execchain.MainClientExec -- Opening connection {}->http://localhost:54007
12:51:52.699 [main] DEBUG org.apache.http.impl.conn.DefaultHttpClientConnectionOperator -- Connecting to localhost/127.0.0.1:54007
12:51:52.699 [main] DEBUG org.apache.http.impl.conn.DefaultHttpClientConnectionOperator -- Connection established 127.0.0.1:54011<->127.0.0.1:54007
12:51:52.699 [main] DEBUG org.apache.http.impl.conn.DefaultManagedHttpClientConnection -- http-outgoing-10: set socket timeout to 30000
12:51:52.699 [main] DEBUG org.apache.http.impl.execchain.MainClientExec -- Executing request GET /json HTTP/1.1
12:51:52.699 [main] DEBUG org.apache.http.impl.execchain.MainClientExec -- Target auth state: UNCHALLENGED
12:51:52.699 [main] DEBUG org.apache.http.impl.execchain.MainClientExec -- Proxy auth state: UNCHALLENGED
12:51:52.699 [main] DEBUG org.apache.http.headers -- http-outgoing-10 >> GET /json HTTP/1.1
12:51:52.699 [main] DEBUG org.apache.http.headers -- http-outgoing-10 >> Host: localhost:54007
12:51:52.699 [main] DEBUG org.apache.http.headers -- http-outgoing-10 >> Connection: Keep-Alive
12:51:52.699 [main] DEBUG org.apache.http.headers -- http-outgoing-10 >> User-Agent: Apache-HttpClient/4.5.14 (Java/17.0.11)
12:51:52.699 [main] DEBUG org.apache.http.headers -- http-outgoing-10 >> Accept-Encoding: gzip,deflate
12:51:52.699 [main] DEBUG org.apache.http.wire -- http-outgoing-10 >> "GET /json HTTP/1.1[\r][\n]"
12:51:52.699 [main] DEBUG org.apache.http.wire -- http-outgoing-10 >> "Host: localhost:54007[\r][\n]"
12:51:52.699 [main] DEBUG org.apache.http.wire -- http-outgoing-10 >> "Connection: Keep-Alive[\r][\n]"
12:51:52.699 [main] DEBUG org.apache.http.wire -- http-outgoing-10 >> "User-Agent: Apache-HttpClient/4.5.14 (Java/17.0.11)[\r][\n]"
12:51:52.699 [main] DEBUG org.apache.http.wire -- http-outgoing-10 >> "Accept-Encoding: gzip,deflate[\r][\n]"
12:51:52.699 [main] DEBUG org.apache.http.wire -- http-outgoing-10 >> "[\r][\n]"
12:51:52.715 [main] DEBUG org.apache.http.wire -- http-outgoing-10 << "HTTP/1.1 200 OK[\r][\n]"
12:51:52.715 [main] DEBUG org.apache.http.wire -- http-outgoing-10 << "Content-Security-Policy:frame-ancestors 'none'[\r][\n]"
12:51:52.715 [main] DEBUG org.apache.http.wire -- http-outgoing-10 << "Content-Length:1190[\r][\n]"
12:51:52.715 [main] DEBUG org.apache.http.wire -- http-outgoing-10 << "Content-Type:application/json; charset=UTF-8[\r][\n]"
12:51:52.715 [main] DEBUG org.apache.http.wire -- http-outgoing-10 << "[\r][\n]"
12:51:52.715 [main] DEBUG org.apache.http.wire -- http-outgoing-10 << "[ {[\r][\n]"
12:51:52.715 [main] DEBUG org.apache.http.wire -- http-outgoing-10 << "   "description": "",[\r][\n]"
12:51:52.715 [main] DEBUG org.apache.http.wire -- http-outgoing-10 << "   "devtoolsFrontendUrl": "/devtools/inspector.html?ws=localhost:54007/devtools/page/56F38E57D7794924482C08802EDED3F7",[\r][\n]"
12:51:52.715 [main] DEBUG org.apache.http.wire -- http-outgoing-10 << "   "id": "56F38E57D7794924482C08802EDED3F7",[\r][\n]"
12:51:52.715 [main] DEBUG org.apache.http.wire -- http-outgoing-10 << "   "title": "Google Network Speech",[\r][\n]"
12:51:52.715 [main] DEBUG org.apache.http.wire -- http-outgoing-10 << "   "type": "background_page",[\r][\n]"
12:51:52.715 [main] DEBUG org.apache.http.wire -- http-outgoing-10 << "   "url": "",[\r][\n]"
12:51:52.715 [main] DEBUG org.apache.http.wire -- http-outgoing-10 << "   "webSocketDebuggerUrl": "ws://localhost:54007/devtools/page/56F38E57D7794924482C08802EDED3F7"[\r][\n]"
12:51:52.715 [main] DEBUG org.apache.http.wire -- http-outgoing-10 << "}, {[\r][\n]"
12:51:52.715 [main] DEBUG org.apache.http.wire -- http-outgoing-10 << "   "description": "",[\r][\n]"
12:51:52.715 [main] DEBUG org.apache.http.wire -- http-outgoing-10 << "   "devtoolsFrontendUrl": "/devtools/inspector.html?ws=localhost:54007/devtools/page/4E80917359328205048CBF7000F5CB92",[\r][\n]"
12:51:52.715 [main] DEBUG org.apache.http.wire -- http-outgoing-10 << "   "id": "4E80917359328205048CBF7000F5CB92",[\r][\n]"
12:51:52.715 [main] DEBUG org.apache.http.wire -- http-outgoing-10 << "   "title": "Google Hangouts",[\r][\n]"
12:51:52.715 [main] DEBUG org.apache.http.wire -- http-outgoing-10 << "   "type": "background_page",[\r][\n]"
12:51:52.715 [main] DEBUG org.apache.http.wire -- http-outgoing-10 << "   "url": "chrome-extension://nkeimhogjdpnpccoofpliimaahmaaome/background.html",[\r][\n]"
12:51:52.715 [main] DEBUG org.apache.http.wire -- http-outgoing-10 << "   "webSocketDebuggerUrl": "ws://localhost:54007/devtools/page/4E80917359328205048CBF7000F5CB92"[\r][\n]"
12:51:52.715 [main] DEBUG org.apache.http.wire -- http-outgoing-10 << "}, {[\r][\n]"
12:51:52.715 [main] DEBUG org.apache.http.wire -- http-outgoing-10 << "   "description": "",[\r][\n]"
12:51:52.715 [main] DEBUG org.apache.http.wire -- http-outgoing-10 << "   "devtoolsFrontendUrl": "/devtools/inspector.html?ws=localhost:54007/devtools/page/6B264B30B4B95982B5E99FAF6760A16C",[\r][\n]"
12:51:52.715 [main] DEBUG org.apache.http.wire -- http-outgoing-10 << "   "id": "6B264B30B4B95982B5E99FAF6760A16C",[\r][\n]"
12:51:52.715 [main] DEBUG org.apache.http.wire -- http-outgoing-10 << "   "title": "New Tab",[\r][\n]"
12:51:52.715 [main] DEBUG org.apache.http.wire -- http-outgoing-10 << "   "type": "page",[\r][\n]"
12:51:52.715 [main] DEBUG org.apache.http.wire -- http-outgoing-10 << "   "url": "chrome://newtab/",[\r][\n]"
12:51:52.715 [main] DEBUG org.apache.http.wire -- http-outgoing-10 << "   "webSocketDebuggerUrl": "ws://localhost:54007/devtools/page/6B264B30B4B95982B5E99FAF6760A16C"[\r][\n]"
12:51:52.715 [main] DEBUG org.apache.http.wire -- http-outgoing-10 << "} ][\r][\n]"
12:51:52.715 [main] DEBUG org.apache.http.headers -- http-outgoing-10 << HTTP/1.1 200 OK
12:51:52.715 [main] DEBUG org.apache.http.headers -- http-outgoing-10 << Content-Security-Policy:frame-ancestors 'none'
12:51:52.715 [main] DEBUG org.apache.http.headers -- http-outgoing-10 << Content-Length:1190
12:51:52.715 [main] DEBUG org.apache.http.headers -- http-outgoing-10 << Content-Type:application/json; charset=UTF-8
12:51:52.715 [main] DEBUG org.apache.http.impl.execchain.MainClientExec -- Connection can be kept alive indefinitely
12:51:52.715 [main] DEBUG org.apache.http.impl.conn.PoolingHttpClientConnectionManager -- Connection [id: 10][route: {}->http://localhost:54007] can be kept alive indefinitely
12:51:52.715 [main] DEBUG org.apache.http.impl.conn.DefaultManagedHttpClientConnection -- http-outgoing-10: set socket timeout to 0
12:51:52.715 [main] DEBUG org.apache.http.impl.conn.PoolingHttpClientConnectionManager -- Connection released: [id: 10][route: {}->http://localhost:54007][total available: 1; route allocated: 1 of 5; total allocated: 1 of 10]
12:51:52.715 [main] DEBUG org.apache.http.impl.conn.PoolingHttpClientConnectionManager -- Connection manager is shutting down
12:51:52.715 [main] DEBUG org.apache.http.impl.conn.DefaultManagedHttpClientConnection -- http-outgoing-10: Close connection
12:51:52.715 [main] DEBUG org.apache.http.impl.conn.PoolingHttpClientConnectionManager -- Connection manager shut down
12:51:52.730 [main] DEBUG com.intuit.karate -- response time in milliseconds: 16
1 < 200
1 < Content-Security-Policy: frame-ancestors 'none'
1 < Content-Length: 1190
1 < Content-Type: application/json; charset=UTF-8
[ {
   "description": "",
   "devtoolsFrontendUrl": "/devtools/inspector.html?ws=localhost:54007/devtools/page/56F38E57D7794924482C08802EDED3F7",
   "id": "56F38E57D7794924482C08802EDED3F7",
   "title": "Google Network Speech",
   "type": "background_page",
   "url": "",
   "webSocketDebuggerUrl": "ws://localhost:54007/devtools/page/56F38E57D7794924482C08802EDED3F7"
}, {
   "description": "",
   "devtoolsFrontendUrl": "/devtools/inspector.html?ws=localhost:54007/devtools/page/4E80917359328205048CBF7000F5CB92",
   "id": "4E80917359328205048CBF7000F5CB92",
   "title": "Google Hangouts",
   "type": "background_page",
   "url": "chrome-extension://nkeimhogjdpnpccoofpliimaahmaaome/background.html",
   "webSocketDebuggerUrl": "ws://localhost:54007/devtools/page/4E80917359328205048CBF7000F5CB92"
}, {
   "description": "",
   "devtoolsFrontendUrl": "/devtools/inspector.html?ws=localhost:54007/devtools/page/6B264B30B4B95982B5E99FAF6760A16C",
   "id": "6B264B30B4B95982B5E99FAF6760A16C",
   "title": "New Tab",
   "type": "page",
   "url": "chrome://newtab/",
   "webSocketDebuggerUrl": "ws://localhost:54007/devtools/page/6B264B30B4B95982B5E99FAF6760A16C"
} ]


12:51:52.730 [main] DEBUG com.jayway.jsonpath.internal.path.CompiledPath -- Evaluating path: $
12:51:52.730 [main] DEBUG com.intuit.karate.shell.Command -- ready to accept http connections after 31 ms - http://localhost:54007/json
12:51:52.730 [main] DEBUG org.apache.http.client.protocol.RequestAddCookies -- CookieSpec selected: karate
12:51:52.730 [main] DEBUG org.apache.http.client.protocol.RequestAuthCache -- Auth cache not set in the context
12:51:52.730 [main] DEBUG com.intuit.karate -- request:
1 > GET http://localhost:54007/json
1 > Host: localhost:54007
1 > Connection: Keep-Alive
1 > User-Agent: Apache-HttpClient/4.5.14 (Java/17.0.11)
1 > Accept-Encoding: gzip,deflate


12:51:52.730 [main] DEBUG org.apache.http.impl.conn.PoolingHttpClientConnectionManager -- Connection request: [route: {}->http://localhost:54007][total available: 0; route allocated: 0 of 5; total allocated: 0 of 10]
12:51:52.730 [main] DEBUG org.apache.http.impl.conn.PoolingHttpClientConnectionManager -- Connection leased: [id: 11][route: {}->http://localhost:54007][total available: 0; route allocated: 1 of 5; total allocated: 1 of 10]
12:51:52.730 [main] DEBUG org.apache.http.impl.execchain.MainClientExec -- Opening connection {}->http://localhost:54007
12:51:52.730 [main] DEBUG org.apache.http.impl.conn.DefaultHttpClientConnectionOperator -- Connecting to localhost/127.0.0.1:54007
12:51:52.730 [main] DEBUG org.apache.http.impl.conn.DefaultHttpClientConnectionOperator -- Connection established 127.0.0.1:54012<->127.0.0.1:54007
12:51:52.730 [main] DEBUG org.apache.http.impl.conn.DefaultManagedHttpClientConnection -- http-outgoing-11: set socket timeout to 30000
12:51:52.730 [main] DEBUG org.apache.http.impl.execchain.MainClientExec -- Executing request GET /json HTTP/1.1
12:51:52.730 [main] DEBUG org.apache.http.impl.execchain.MainClientExec -- Target auth state: UNCHALLENGED
12:51:52.730 [main] DEBUG org.apache.http.impl.execchain.MainClientExec -- Proxy auth state: UNCHALLENGED
12:51:52.730 [main] DEBUG org.apache.http.headers -- http-outgoing-11 >> GET /json HTTP/1.1
12:51:52.730 [main] DEBUG org.apache.http.headers -- http-outgoing-11 >> Host: localhost:54007
12:51:52.730 [main] DEBUG org.apache.http.headers -- http-outgoing-11 >> Connection: Keep-Alive
12:51:52.730 [main] DEBUG org.apache.http.headers -- http-outgoing-11 >> User-Agent: Apache-HttpClient/4.5.14 (Java/17.0.11)
12:51:52.730 [main] DEBUG org.apache.http.headers -- http-outgoing-11 >> Accept-Encoding: gzip,deflate
12:51:52.730 [main] DEBUG org.apache.http.wire -- http-outgoing-11 >> "GET /json HTTP/1.1[\r][\n]"
12:51:52.730 [main] DEBUG org.apache.http.wire -- http-outgoing-11 >> "Host: localhost:54007[\r][\n]"
12:51:52.730 [main] DEBUG org.apache.http.wire -- http-outgoing-11 >> "Connection: Keep-Alive[\r][\n]"
12:51:52.730 [main] DEBUG org.apache.http.wire -- http-outgoing-11 >> "User-Agent: Apache-HttpClient/4.5.14 (Java/17.0.11)[\r][\n]"
12:51:52.730 [main] DEBUG org.apache.http.wire -- http-outgoing-11 >> "Accept-Encoding: gzip,deflate[\r][\n]"
12:51:52.730 [main] DEBUG org.apache.http.wire -- http-outgoing-11 >> "[\r][\n]"
12:51:52.730 [main] DEBUG org.apache.http.wire -- http-outgoing-11 << "HTTP/1.1 200 OK[\r][\n]"
12:51:52.730 [main] DEBUG org.apache.http.wire -- http-outgoing-11 << "Content-Security-Policy:frame-ancestors 'none'[\r][\n]"
12:51:52.730 [main] DEBUG org.apache.http.wire -- http-outgoing-11 << "Content-Length:1273[\r][\n]"
12:51:52.730 [main] DEBUG org.apache.http.wire -- http-outgoing-11 << "Content-Type:application/json; charset=UTF-8[\r][\n]"
12:51:52.730 [main] DEBUG org.apache.http.wire -- http-outgoing-11 << "[\r][\n]"
12:51:52.730 [main] DEBUG org.apache.http.wire -- http-outgoing-11 << "[ {[\r][\n]"
12:51:52.730 [main] DEBUG org.apache.http.wire -- http-outgoing-11 << "   "description": "",[\r][\n]"
12:51:52.730 [main] DEBUG org.apache.http.wire -- http-outgoing-11 << "   "devtoolsFrontendUrl": "/devtools/inspector.html?ws=localhost:54007/devtools/page/56F38E57D7794924482C08802EDED3F7",[\r][\n]"
12:51:52.730 [main] DEBUG org.apache.http.wire -- http-outgoing-11 << "   "id": "56F38E57D7794924482C08802EDED3F7",[\r][\n]"
12:51:52.730 [main] DEBUG org.apache.http.wire -- http-outgoing-11 << "   "title": "Google Network Speech",[\r][\n]"
12:51:52.730 [main] DEBUG org.apache.http.wire -- http-outgoing-11 << "   "type": "background_page",[\r][\n]"
12:51:52.730 [main] DEBUG org.apache.http.wire -- http-outgoing-11 << "   "url": "chrome-extension://neajdppkdcdipfabeoofebfddakdcjhd/_generated_background_page.html",[\r][\n]"
12:51:52.730 [main] DEBUG org.apache.http.wire -- http-outgoing-11 << "   "webSocketDebuggerUrl": "ws://localhost:54007/devtools/page/56F38E57D7794924482C08802EDED3F7"[\r][\n]"
12:51:52.730 [main] DEBUG org.apache.http.wire -- http-outgoing-11 << "}, {[\r][\n]"
12:51:52.730 [main] DEBUG org.apache.http.wire -- http-outgoing-11 << "   "description": "",[\r][\n]"
12:51:52.730 [main] DEBUG org.apache.http.wire -- http-outgoing-11 << "   "devtoolsFrontendUrl": "/devtools/inspector.html?ws=localhost:54007/devtools/page/4E80917359328205048CBF7000F5CB92",[\r][\n]"
12:51:52.730 [main] DEBUG org.apache.http.wire -- http-outgoing-11 << "   "id": "4E80917359328205048CBF7000F5CB92",[\r][\n]"
12:51:52.730 [main] DEBUG org.apache.http.wire -- http-outgoing-11 << "   "title": "Google Hangouts",[\r][\n]"
12:51:52.730 [main] DEBUG org.apache.http.wire -- http-outgoing-11 << "   "type": "background_page",[\r][\n]"
12:51:52.730 [main] DEBUG org.apache.http.wire -- http-outgoing-11 << "   "url": "chrome-extension://nkeimhogjdpnpccoofpliimaahmaaome/background.html",[\r][\n]"
12:51:52.730 [main] DEBUG org.apache.http.wire -- http-outgoing-11 << "   "webSocketDebuggerUrl": "ws://localhost:54007/devtools/page/4E80917359328205048CBF7000F5CB92"[\r][\n]"
12:51:52.730 [main] DEBUG org.apache.http.wire -- http-outgoing-11 << "}, {[\r][\n]"
12:51:52.730 [main] DEBUG org.apache.http.wire -- http-outgoing-11 << "   "description": "",[\r][\n]"
12:51:52.730 [main] DEBUG org.apache.http.wire -- http-outgoing-11 << "   "devtoolsFrontendUrl": "/devtools/inspector.html?ws=localhost:54007/devtools/page/6B264B30B4B95982B5E99FAF6760A16C",[\r][\n]"
12:51:52.730 [main] DEBUG org.apache.http.wire -- http-outgoing-11 << "   "id": "6B264B30B4B95982B5E99FAF6760A16C",[\r][\n]"
12:51:52.730 [main] DEBUG org.apache.http.wire -- http-outgoing-11 << "   "title": "New Tab",[\r][\n]"
12:51:52.730 [main] DEBUG org.apache.http.wire -- http-outgoing-11 << "   "type": "page",[\r][\n]"
12:51:52.730 [main] DEBUG org.apache.http.wire -- http-outgoing-11 << "   "url": "chrome://newtab/",[\r][\n]"
12:51:52.730 [main] DEBUG org.apache.http.wire -- http-outgoing-11 << "   "webSocketDebuggerUrl": "ws://localhost:54007/devtools/page/6B264B30B4B95982B5E99FAF6760A16C"[\r][\n]"
12:51:52.730 [main] DEBUG org.apache.http.wire -- http-outgoing-11 << "} ][\r][\n]"
12:51:52.730 [main] DEBUG org.apache.http.headers -- http-outgoing-11 << HTTP/1.1 200 OK
12:51:52.730 [main] DEBUG org.apache.http.headers -- http-outgoing-11 << Content-Security-Policy:frame-ancestors 'none'
12:51:52.730 [main] DEBUG org.apache.http.headers -- http-outgoing-11 << Content-Length:1273
12:51:52.730 [main] DEBUG org.apache.http.headers -- http-outgoing-11 << Content-Type:application/json; charset=UTF-8
12:51:52.730 [main] DEBUG org.apache.http.impl.execchain.MainClientExec -- Connection can be kept alive indefinitely
12:51:52.730 [main] DEBUG org.apache.http.impl.conn.PoolingHttpClientConnectionManager -- Connection [id: 11][route: {}->http://localhost:54007] can be kept alive indefinitely
12:51:52.730 [main] DEBUG org.apache.http.impl.conn.DefaultManagedHttpClientConnection -- http-outgoing-11: set socket timeout to 0
12:51:52.730 [main] DEBUG org.apache.http.impl.conn.PoolingHttpClientConnectionManager -- Connection released: [id: 11][route: {}->http://localhost:54007][total available: 1; route allocated: 1 of 5; total allocated: 1 of 10]
12:51:52.730 [main] DEBUG org.apache.http.impl.conn.PoolingHttpClientConnectionManager -- Connection manager is shutting down
12:51:52.730 [main] DEBUG org.apache.http.impl.conn.DefaultManagedHttpClientConnection -- http-outgoing-11: Close connection
12:51:52.730 [main] DEBUG org.apache.http.impl.conn.PoolingHttpClientConnectionManager -- Connection manager shut down
12:51:52.730 [main] DEBUG com.intuit.karate -- response time in milliseconds: 0
1 < 200
1 < Content-Security-Policy: frame-ancestors 'none'
1 < Content-Length: 1273
1 < Content-Type: application/json; charset=UTF-8
[ {
   "description": "",
   "devtoolsFrontendUrl": "/devtools/inspector.html?ws=localhost:54007/devtools/page/56F38E57D7794924482C08802EDED3F7",
   "id": "56F38E57D7794924482C08802EDED3F7",
   "title": "Google Network Speech",
   "type": "background_page",
   "url": "chrome-extension://neajdppkdcdipfabeoofebfddakdcjhd/_generated_background_page.html",
   "webSocketDebuggerUrl": "ws://localhost:54007/devtools/page/56F38E57D7794924482C08802EDED3F7"
}, {
   "description": "",
   "devtoolsFrontendUrl": "/devtools/inspector.html?ws=localhost:54007/devtools/page/4E80917359328205048CBF7000F5CB92",
   "id": "4E80917359328205048CBF7000F5CB92",
   "title": "Google Hangouts",
   "type": "background_page",
   "url": "chrome-extension://nkeimhogjdpnpccoofpliimaahmaaome/background.html",
   "webSocketDebuggerUrl": "ws://localhost:54007/devtools/page/4E80917359328205048CBF7000F5CB92"
}, {
   "description": "",
   "devtoolsFrontendUrl": "/devtools/inspector.html?ws=localhost:54007/devtools/page/6B264B30B4B95982B5E99FAF6760A16C",
   "id": "6B264B30B4B95982B5E99FAF6760A16C",
   "title": "New Tab",
   "type": "page",
   "url": "chrome://newtab/",
   "webSocketDebuggerUrl": "ws://localhost:54007/devtools/page/6B264B30B4B95982B5E99FAF6760A16C"
} ]


12:51:52.730 [main] DEBUG com.jayway.jsonpath.internal.path.CompiledPath -- Evaluating path: $
12:51:52.730 [main] DEBUG com.jayway.jsonpath.internal.path.CompiledPath -- Evaluating path: $
12:51:52.730 [main] DEBUG com.intuit.karate.driver.chrome_1718781712166 -- root frame id: 6B264B30B4B95982B5E99FAF6760A16C
12:51:52.799 [nioEventLoopGroup-7-1] DEBUG io.netty.handler.codec.http.websocketx.WebSocketClientHandshaker13 -- WebSocket version 13 client handshake key: lrQacb6/E3INCJ3U5+DiFg==, expected response: yAfMG/1qqlFD8+KVedF57sutceU=
12:51:52.807 [nioEventLoopGroup-7-1] DEBUG com.intuit.karate.http.WebSocketClientHandler -- websocket client connected
12:51:52.807 [main] DEBUG com.jayway.jsonpath.internal.path.CompiledPath -- Evaluating path: $['targetId']
12:51:52.807 [main] DEBUG com.jayway.jsonpath.internal.path.CompiledPath -- Evaluating path: $
12:51:52.807 [main] DEBUG com.jayway.jsonpath.internal.path.CompiledPath -- Evaluating path: $
12:51:52.807 [main] DEBUG com.jayway.jsonpath.internal.JsonContext -- Put path $ key targetId value {}
12:51:52.807 [main] DEBUG com.jayway.jsonpath.internal.path.CompiledPath -- Evaluating path: $
12:51:52.807 [main] DEBUG com.jayway.jsonpath.internal.JsonContext -- Put path $ key targetId value 6B264B30B4B95982B5E99FAF6760A16C
12:51:52.807 [main] DEBUG com.jayway.jsonpath.internal.path.CompiledPath -- Evaluating path: $['flatten']
12:51:52.807 [main] DEBUG com.jayway.jsonpath.internal.path.CompiledPath -- Evaluating path: $
12:51:52.807 [main] DEBUG com.jayway.jsonpath.internal.path.CompiledPath -- Evaluating path: $
12:51:52.807 [main] DEBUG com.jayway.jsonpath.internal.JsonContext -- Put path $ key flatten value {}
12:51:52.807 [main] DEBUG com.jayway.jsonpath.internal.path.CompiledPath -- Evaluating path: $
12:51:52.807 [main] DEBUG com.jayway.jsonpath.internal.JsonContext -- Put path $ key flatten value true
12:51:52.807 [main] DEBUG com.jayway.jsonpath.internal.path.CompiledPath -- Evaluating path: $
12:51:52.807 [main] DEBUG com.intuit.karate.driver.chrome_1718781712166 -- >> {"id":1,"method":"Target.attachToTarget","params":{"targetId":"6B264B30B4B95982B5E99FAF6760A16C","flatten":true}}
12:51:52.809 [nioEventLoopGroup-7-1] DEBUG com.intuit.karate.driver.chrome_1718781712166 -- << {"method":"Target.attachedToTarget","params":{"sessionId":"5CA559BB167CA031E7DDA78D954316C9","targetInfo":{"targetId":"6B264B30B4B95982B5E99FAF6760A16C","type":"page","title":"New Tab","url":"chrome://newtab/","attached":true,"canAccessOpener":false,"browserContextId":"ADC1123BF6C173046A101A5B14DD4185"},"waitingForDebugger":false}}
12:51:52.809 [nioEventLoopGroup-7-1] DEBUG com.jayway.jsonpath.internal.path.CompiledPath -- Evaluating path: $
12:51:52.809 [nioEventLoopGroup-7-1] DEBUG com.jayway.jsonpath.internal.path.CompiledPath -- Evaluating path: $['targetInfo']['type']
12:51:52.809 [nioEventLoopGroup-7-1] DEBUG com.intuit.karate.driver.chrome_1718781712166 -- << {"id":1,"result":{"sessionId":"5CA559BB167CA031E7DDA78D954316C9"}}
12:51:52.809 [nioEventLoopGroup-7-1] DEBUG com.jayway.jsonpath.internal.path.CompiledPath -- Evaluating path: $
12:51:52.809 [main] DEBUG com.jayway.jsonpath.internal.path.CompiledPath -- Evaluating path: $['sessionId']
12:51:52.809 [main] DEBUG com.jayway.jsonpath.internal.path.CompiledPath -- Evaluating path: $['targetId']
12:51:52.809 [main] DEBUG com.jayway.jsonpath.internal.path.CompiledPath -- Evaluating path: $
12:51:52.809 [main] DEBUG com.jayway.jsonpath.internal.path.CompiledPath -- Evaluating path: $
12:51:52.809 [main] DEBUG com.jayway.jsonpath.internal.JsonContext -- Put path $ key targetId value {}
12:51:52.809 [main] DEBUG com.jayway.jsonpath.internal.path.CompiledPath -- Evaluating path: $
12:51:52.809 [main] DEBUG com.jayway.jsonpath.internal.JsonContext -- Put path $ key targetId value 6B264B30B4B95982B5E99FAF6760A16C
12:51:52.809 [main] DEBUG com.jayway.jsonpath.internal.path.CompiledPath -- Evaluating path: $
12:51:52.809 [main] DEBUG com.intuit.karate.driver.chrome_1718781712166 -- >> {"id":2,"sessionId":"5CA559BB167CA031E7DDA78D954316C9","method":"Target.activateTarget","params":{"targetId":"6B264B30B4B95982B5E99FAF6760A16C"}}
12:51:52.809 [nioEventLoopGroup-7-1] DEBUG com.intuit.karate.driver.chrome_1718781712166 -- << {"id":2,"result":{},"sessionId":"5CA559BB167CA031E7DDA78D954316C9"}
12:51:52.809 [nioEventLoopGroup-7-1] DEBUG com.jayway.jsonpath.internal.path.CompiledPath -- Evaluating path: $
12:51:52.809 [main] DEBUG com.jayway.jsonpath.internal.path.CompiledPath -- Evaluating path: $['discover']
12:51:52.809 [main] DEBUG com.jayway.jsonpath.internal.path.CompiledPath -- Evaluating path: $
12:51:52.809 [main] DEBUG com.jayway.jsonpath.internal.path.CompiledPath -- Evaluating path: $
12:51:52.809 [main] DEBUG com.jayway.jsonpath.internal.JsonContext -- Put path $ key discover value {}
12:51:52.809 [main] DEBUG com.jayway.jsonpath.internal.path.CompiledPath -- Evaluating path: $
12:51:52.809 [main] DEBUG com.jayway.jsonpath.internal.JsonContext -- Put path $ key discover value true
12:51:52.809 [main] DEBUG com.jayway.jsonpath.internal.path.CompiledPath -- Evaluating path: $
12:51:52.809 [main] DEBUG com.intuit.karate.driver.chrome_1718781712166 -- >> {"id":3,"sessionId":"5CA559BB167CA031E7DDA78D954316C9","method":"Target.setDiscoverTargets","params":{"discover":true}}
12:51:52.809 [nioEventLoopGroup-7-1] DEBUG com.intuit.karate.driver.chrome_1718781712166 -- << {"method":"Target.targetCreated","params":{"targetInfo":{"targetId":"4E80917359328205048CBF7000F5CB92","type":"background_page","title":"Google Hangouts","url":"chrome-extension://nkeimhogjdpnpccoofpliimaahmaaome/background.html","attached":false,"canAccessOpener":false,"browserContextId":"ADC1123BF6C173046A101A5B14DD4185"}},"sessionId":"5CA559BB167CA031E7DDA78D954316C9"}
12:51:52.809 [nioEventLoopGroup-7-1] DEBUG com.jayway.jsonpath.internal.path.CompiledPath -- Evaluating path: $
12:51:52.817 [nioEventLoopGroup-7-1] DEBUG com.intuit.karate.driver.chrome_1718781712166 -- << {"method":"Target.targetCreated","params":{"targetInfo":{"targetId":"56F38E57D7794924482C08802EDED3F7","type":"background_page","title":"Google Network Speech","url":"chrome-extension://neajdppkdcdipfabeoofebfddakdcjhd/_generated_background_page.html","attached":false,"canAccessOpener":false,"browserContextId":"ADC1123BF6C173046A101A5B14DD4185"}},"sessionId":"5CA559BB167CA031E7DDA78D954316C9"}
12:51:52.817 [nioEventLoopGroup-7-1] DEBUG com.jayway.jsonpath.internal.path.CompiledPath -- Evaluating path: $
12:51:52.817 [nioEventLoopGroup-7-1] DEBUG com.intuit.karate.driver.chrome_1718781712166 -- << {"method":"Target.targetCreated","params":{"targetInfo":{"targetId":"6B264B30B4B95982B5E99FAF6760A16C","type":"page","title":"New Tab","url":"chrome://newtab/","attached":true,"canAccessOpener":false,"browserContextId":"ADC1123BF6C173046A101A5B14DD4185"}},"sessionId":"5CA559BB167CA031E7DDA78D954316C9"}
12:51:52.817 [nioEventLoopGroup-7-1] DEBUG com.jayway.jsonpath.internal.path.CompiledPath -- Evaluating path: $
12:51:52.817 [nioEventLoopGroup-7-1] DEBUG com.intuit.karate.driver.chrome_1718781712166 -- << {"id":3,"result":{},"sessionId":"5CA559BB167CA031E7DDA78D954316C9"}
12:51:52.817 [nioEventLoopGroup-7-1] DEBUG com.jayway.jsonpath.internal.path.CompiledPath -- Evaluating path: $
12:51:52.817 [main] DEBUG com.intuit.karate.driver.chrome_1718781712166 -- >> {"id":4,"sessionId":"5CA559BB167CA031E7DDA78D954316C9","method":"Page.enable"}
12:51:52.874 [nioEventLoopGroup-7-1] DEBUG com.intuit.karate.driver.chrome_1718781712166 -- << {"method":"Target.targetInfoChanged","params":{"targetInfo":{"targetId":"6B264B30B4B95982B5E99FAF6760A16C","type":"page","title":"New Tab","url":"chrome://newtab/","attached":true,"canAccessOpener":false,"browserContextId":"ADC1123BF6C173046A101A5B14DD4185"}},"sessionId":"5CA559BB167CA031E7DDA78D954316C9"}
12:51:52.874 [nioEventLoopGroup-7-1] DEBUG com.jayway.jsonpath.internal.path.CompiledPath -- Evaluating path: $
12:51:52.874 [nioEventLoopGroup-7-1] DEBUG com.jayway.jsonpath.internal.path.CompiledPath -- Evaluating path: $['targetInfo']['targetId']
12:51:52.874 [nioEventLoopGroup-7-1] DEBUG com.intuit.karate.driver.chrome_1718781712166 -- << {"method":"Target.targetInfoChanged","params":{"targetInfo":{"targetId":"56F38E57D7794924482C08802EDED3F7","type":"background_page","title":"Google Network Speech","url":"chrome-extension://neajdppkdcdipfabeoofebfddakdcjhd/_generated_background_page.html","attached":false,"canAccessOpener":false,"browserContextId":"ADC1123BF6C173046A101A5B14DD4185"}},"sessionId":"5CA559BB167CA031E7DDA78D954316C9"}
12:51:52.874 [nioEventLoopGroup-7-1] DEBUG com.jayway.jsonpath.internal.path.CompiledPath -- Evaluating path: $
12:51:52.874 [nioEventLoopGroup-7-1] DEBUG com.jayway.jsonpath.internal.path.CompiledPath -- Evaluating path: $['targetInfo']['targetId']
12:51:52.874 [nioEventLoopGroup-7-1] DEBUG com.intuit.karate.driver.chrome_1718781712166 -- << {"id":4,"result":{},"sessionId":"5CA559BB167CA031E7DDA78D954316C9"}
12:51:52.874 [nioEventLoopGroup-7-1] DEBUG com.jayway.jsonpath.internal.path.CompiledPath -- Evaluating path: $
12:51:52.874 [main] DEBUG com.intuit.karate.driver.chrome_1718781712166 -- >> {"id":5,"sessionId":"5CA559BB167CA031E7DDA78D954316C9","method":"Runtime.enable"}
12:51:52.890 [nioEventLoopGroup-7-1] DEBUG com.intuit.karate.driver.chrome_1718781712166 -- << {"method":"Page.frameAttached","params":{"frameId":"E82555ADA6F2CF454456D443B6CF0BAD","parentFrameId":"6B264B30B4B95982B5E99FAF6760A16C"},"sessionId":"5CA559BB167CA031E7DDA78D954316C9"}
12:51:52.890 [nioEventLoopGroup-7-1] DEBUG com.jayway.jsonpath.internal.path.CompiledPath -- Evaluating path: $
12:51:52.898 [nioEventLoopGroup-7-1] DEBUG com.intuit.karate.driver.chrome_1718781712166 -- << {"method":"Page.frameStartedLoading","params":{"frameId":"E82555ADA6F2CF454456D443B6CF0BAD"},"sessionId":"5CA559BB167CA031E7DDA78D954316C9"}
12:51:52.898 [nioEventLoopGroup-7-1] DEBUG com.jayway.jsonpath.internal.path.CompiledPath -- Evaluating path: $
12:51:52.898 [nioEventLoopGroup-7-1] DEBUG com.jayway.jsonpath.internal.path.CompiledPath -- Evaluating path: $['frameId']
12:51:52.898 [nioEventLoopGroup-7-1] DEBUG com.intuit.karate.driver.chrome_1718781712166 -- << {"method":"Page.frameNavigated","params":{"frame":{"id":"E82555ADA6F2CF454456D443B6CF0BAD","parentId":"6B264B30B4B95982B5E99FAF6760A16C","loaderId":"4320C9E4911BF67358614B9D2952266C","name":"backgroundImage","url":"about:blank","domainAndRegistry":"","securityOrigin":"://","mimeType":"text/html","adFrameStatus":{"adFrameType":"none","explanations":[]},"secureContextType":"Secure","crossOriginIsolatedContextType":"NotIsolated","gatedAPIFeatures":[]},"type":"Navigation"},"sessionId":"5CA559BB167CA031E7DDA78D954316C9"}
12:51:52.898 [nioEventLoopGroup-7-1] DEBUG com.jayway.jsonpath.internal.path.CompiledPath -- Evaluating path: $
12:51:52.898 [nioEventLoopGroup-7-1] DEBUG com.jayway.jsonpath.internal.path.CompiledPath -- Evaluating path: $['frame']['id']
12:51:52.898 [nioEventLoopGroup-7-1] DEBUG com.jayway.jsonpath.internal.path.CompiledPath -- Evaluating path: $['frame']['url']
12:51:52.898 [nioEventLoopGroup-7-1] DEBUG com.jayway.jsonpath.internal.path.CompiledPath -- Evaluating path: $['frame']['name']
12:51:52.898 [nioEventLoopGroup-7-1] DEBUG com.intuit.karate.driver.chrome_1718781712166 -- << {"method":"Page.frameStoppedLoading","params":{"frameId":"E82555ADA6F2CF454456D443B6CF0BAD"},"sessionId":"5CA559BB167CA031E7DDA78D954316C9"}
12:51:52.898 [nioEventLoopGroup-7-1] DEBUG com.jayway.jsonpath.internal.path.CompiledPath -- Evaluating path: $
12:51:52.898 [nioEventLoopGroup-7-1] DEBUG com.jayway.jsonpath.internal.path.CompiledPath -- Evaluating path: $['frameId']
12:51:52.906 [nioEventLoopGroup-7-1] DEBUG com.intuit.karate.driver.chrome_1718781712166 -- << {"method":"Runtime.executionContextCreated","params":{"context":{"id":2,"origin":"chrome://new-tab-page","name":"","uniqueId":"5192475182228121723.-6125157384062388570","auxData":{"isDefault":true,"type":"default","frameId":"E82555ADA6F2CF454456D443B6CF0BAD"}}},"sessionId":"5CA559BB167CA031E7DDA78D954316C9"}
12:51:52.906 [nioEventLoopGroup-7-1] DEBUG com.jayway.jsonpath.internal.path.CompiledPath -- Evaluating path: $
12:51:52.906 [nioEventLoopGroup-7-1] DEBUG com.jayway.jsonpath.internal.path.CompiledPath -- Evaluating path: $['context']['auxData']['frameId']
12:51:52.906 [nioEventLoopGroup-7-1] DEBUG com.jayway.jsonpath.internal.path.CompiledPath -- Evaluating path: $['context']['id']
12:51:52.906 [nioEventLoopGroup-7-1] DEBUG com.intuit.karate.driver.chrome_1718781712166 -- << {"method":"Runtime.executionContextCreated","params":{"context":{"id":1,"origin":"chrome://new-tab-page","name":"","uniqueId":"542268709470162236.-6637439749378210721","auxData":{"isDefault":true,"type":"default","frameId":"6B264B30B4B95982B5E99FAF6760A16C"}}},"sessionId":"5CA559BB167CA031E7DDA78D954316C9"}
12:51:52.906 [nioEventLoopGroup-7-1] DEBUG com.jayway.jsonpath.internal.path.CompiledPath -- Evaluating path: $
12:51:52.906 [nioEventLoopGroup-7-1] DEBUG com.jayway.jsonpath.internal.path.CompiledPath -- Evaluating path: $['context']['auxData']['frameId']
12:51:52.906 [nioEventLoopGroup-7-1] DEBUG com.jayway.jsonpath.internal.path.CompiledPath -- Evaluating path: $['context']['id']
12:51:52.906 [nioEventLoopGroup-7-1] DEBUG com.intuit.karate.driver.chrome_1718781712166 -- << {"id":5,"result":{},"sessionId":"5CA559BB167CA031E7DDA78D954316C9"}
12:51:52.906 [nioEventLoopGroup-7-1] DEBUG com.jayway.jsonpath.internal.path.CompiledPath -- Evaluating path: $
12:51:52.906 [main] DEBUG com.jayway.jsonpath.internal.path.CompiledPath -- Evaluating path: $['targetId']
12:51:52.906 [main] DEBUG com.jayway.jsonpath.internal.path.CompiledPath -- Evaluating path: $
12:51:52.906 [main] DEBUG com.jayway.jsonpath.internal.path.CompiledPath -- Evaluating path: $
12:51:52.906 [main] DEBUG com.jayway.jsonpath.internal.JsonContext -- Put path $ key targetId value {}
12:51:52.906 [main] DEBUG com.jayway.jsonpath.internal.path.CompiledPath -- Evaluating path: $
12:51:52.906 [main] DEBUG com.jayway.jsonpath.internal.JsonContext -- Put path $ key targetId value 6B264B30B4B95982B5E99FAF6760A16C
12:51:52.906 [main] DEBUG com.jayway.jsonpath.internal.path.CompiledPath -- Evaluating path: $
12:51:52.906 [main] DEBUG com.intuit.karate.driver.chrome_1718781712166 -- >> {"id":6,"sessionId":"5CA559BB167CA031E7DDA78D954316C9","method":"Browser.getWindowForTarget","params":{"targetId":"6B264B30B4B95982B5E99FAF6760A16C"}}
12:51:52.906 [nioEventLoopGroup-7-1] DEBUG com.intuit.karate.driver.chrome_1718781712166 -- << {"id":6,"result":{"windowId":1946388930,"bounds":{"left":10,"top":10,"width":1050,"height":652,"windowState":"normal"}},"sessionId":"5CA559BB167CA031E7DDA78D954316C9"}
12:51:52.906 [nioEventLoopGroup-7-1] DEBUG com.jayway.jsonpath.internal.path.CompiledPath -- Evaluating path: $
12:51:52.986 [nioEventLoopGroup-7-1] DEBUG com.intuit.karate.driver.chrome_1718781712166 -- << {"method":"Target.targetInfoChanged","params":{"targetInfo":{"targetId":"4E80917359328205048CBF7000F5CB92","type":"background_page","title":"Google Hangouts","url":"chrome-extension://nkeimhogjdpnpccoofpliimaahmaaome/background.html","attached":false,"canAccessOpener":false,"browserContextId":"ADC1123BF6C173046A101A5B14DD4185"}},"sessionId":"5CA559BB167CA031E7DDA78D954316C9"}
12:51:52.986 [nioEventLoopGroup-7-1] DEBUG com.jayway.jsonpath.internal.path.CompiledPath -- Evaluating path: $
12:51:52.986 [nioEventLoopGroup-7-1] DEBUG com.jayway.jsonpath.internal.path.CompiledPath -- Evaluating path: $['targetInfo']['targetId']
12:51:52.986 [main] DEBUG com.jayway.jsonpath.internal.path.CompiledPath -- Evaluating path: $['url']
12:51:52.986 [main] DEBUG com.jayway.jsonpath.internal.path.CompiledPath -- Evaluating path: $
12:51:52.986 [main] DEBUG com.jayway.jsonpath.internal.path.CompiledPath -- Evaluating path: $
12:51:52.986 [main] DEBUG com.jayway.jsonpath.internal.JsonContext -- Put path $ key url value {}
12:51:52.986 [main] DEBUG com.jayway.jsonpath.internal.path.CompiledPath -- Evaluating path: $
12:51:52.986 [main] DEBUG com.jayway.jsonpath.internal.JsonContext -- Put path $ key url value https://www.saucedemo.com/
12:51:52.986 [main] DEBUG com.jayway.jsonpath.internal.path.CompiledPath -- Evaluating path: $
12:51:52.986 [main] DEBUG com.intuit.karate.driver.chrome_1718781712166 -- >> {"id":7,"sessionId":"5CA559BB167CA031E7DDA78D954316C9","method":"Page.navigate","params":{"url":"https:\/\/www.saucedemo.com\/"}}
12:51:52.994 [nioEventLoopGroup-7-1] DEBUG com.intuit.karate.driver.chrome_1718781712166 -- << {"method":"Page.frameStartedLoading","params":{"frameId":"6B264B30B4B95982B5E99FAF6760A16C"},"sessionId":"5CA559BB167CA031E7DDA78D954316C9"}
12:51:52.994 [nioEventLoopGroup-7-1] DEBUG com.jayway.jsonpath.internal.path.CompiledPath -- Evaluating path: $
12:51:52.994 [nioEventLoopGroup-7-1] DEBUG com.jayway.jsonpath.internal.path.CompiledPath -- Evaluating path: $['frameId']
12:51:53.034 [nioEventLoopGroup-7-1] DEBUG com.intuit.karate.driver.chrome_1718781712166 -- << {"method":"Page.domContentEventFired","params":{"timestamp":52791.547507},"sessionId":"5CA559BB167CA031E7DDA78D954316C9"}
12:51:53.034 [nioEventLoopGroup-7-1] DEBUG com.jayway.jsonpath.internal.path.CompiledPath -- Evaluating path: $
12:51:53.034 [main] DEBUG com.jayway.jsonpath.internal.path.CompiledPath -- Evaluating path: $['expression']
12:51:53.034 [main] DEBUG com.jayway.jsonpath.internal.path.CompiledPath -- Evaluating path: $
12:51:53.034 [main] DEBUG com.jayway.jsonpath.internal.path.CompiledPath -- Evaluating path: $
12:51:53.034 [main] DEBUG com.jayway.jsonpath.internal.JsonContext -- Put path $ key expression value {}
12:51:53.034 [main] DEBUG com.jayway.jsonpath.internal.path.CompiledPath -- Evaluating path: $
12:51:53.034 [main] DEBUG com.jayway.jsonpath.internal.JsonContext -- Put path $ key expression value var e = document.evaluate("//*[@id='user-name']", document, null, 9, null).singleNodeValue; e.focus(); try { e.selectionStart = e.selectionEnd = e.value.length } catch(x) {}
12:51:53.034 [main] DEBUG com.jayway.jsonpath.internal.path.CompiledPath -- Evaluating path: $['returnByValue']
12:51:53.034 [main] DEBUG com.jayway.jsonpath.internal.path.CompiledPath -- Evaluating path: $
12:51:53.034 [main] DEBUG com.jayway.jsonpath.internal.path.CompiledPath -- Evaluating path: $
12:51:53.034 [main] DEBUG com.jayway.jsonpath.internal.JsonContext -- Put path $ key returnByValue value {}
12:51:53.034 [main] DEBUG com.jayway.jsonpath.internal.path.CompiledPath -- Evaluating path: $
12:51:53.034 [main] DEBUG com.jayway.jsonpath.internal.JsonContext -- Put path $ key returnByValue value true
12:51:53.034 [main] DEBUG com.jayway.jsonpath.internal.path.CompiledPath -- Evaluating path: $
12:51:53.034 [main] DEBUG com.intuit.karate.driver.chrome_1718781712166 -- >> {"id":8,"sessionId":"5CA559BB167CA031E7DDA78D954316C9","method":"Runtime.evaluate","params":{"expression":"var e = document.evaluate(\"\/\/*[@id='user-name']\", document, null, 9, null).singleNodeValue; e.focus(); try { e.selectionStart = e.selectionEnd = e.value.length } catch(x) {}","returnByValue":true}}
12:51:53.050 [nioEventLoopGroup-7-1] DEBUG com.intuit.karate.driver.chrome_1718781712166 -- << {"method":"Page.loadEventFired","params":{"timestamp":52791.563087},"sessionId":"5CA559BB167CA031E7DDA78D954316C9"}
12:51:53.050 [nioEventLoopGroup-7-1] DEBUG com.jayway.jsonpath.internal.path.CompiledPath -- Evaluating path: $
12:51:53.050 [nioEventLoopGroup-7-1] DEBUG com.intuit.karate.driver.chrome_1718781712166 -- << {"method":"Page.frameStartedLoading","params":{"frameId":"6B264B30B4B95982B5E99FAF6760A16C"},"sessionId":"5CA559BB167CA031E7DDA78D954316C9"}
12:51:53.050 [nioEventLoopGroup-7-1] DEBUG com.jayway.jsonpath.internal.path.CompiledPath -- Evaluating path: $
12:51:53.050 [nioEventLoopGroup-7-1] DEBUG com.jayway.jsonpath.internal.path.CompiledPath -- Evaluating path: $['frameId']
12:51:53.071 [nioEventLoopGroup-7-1] DEBUG com.intuit.karate.driver.chrome_1718781712166 -- << {"method":"Page.frameAttached","params":{"frameId":"445F002A3363648E752AE3F34C678E49","parentFrameId":"6B264B30B4B95982B5E99FAF6760A16C","stack":{"callFrames":[{"functionName":"__createAndInsertInstance","scriptId":"10","url":"chrome://resources/polymer/v3_0/polymer/polymer_bundled.min.js","lineNumber":0,"columnNumber":63594},{"functionName":"__ensureInstance","scriptId":"10","url":"chrome://resources/polymer/v3_0/polymer/polymer_bundled.min.js","lineNumber":0,"columnNumber":62645},{"functionName":"__render","scriptId":"10","url":"chrome://resources/polymer/v3_0/polymer/polymer_bundled.min.js","lineNumber":0,"columnNumber":62729},{"functionName":"","scriptId":"10","url":"chrome://resources/polymer/v3_0/polymer/polymer_bundled.min.js","lineNumber":0,"columnNumber":61709},{"functionName":"","scriptId":"10","url":"chrome://resources/polymer/v3_0/polymer/polymer_bundled.min.js","lineNumber":0,"columnNumber":1381},{"functionName":"","scriptId":"10","url":"chrome://resources/polymer/v3_0/polymer/polymer_bundled.min ...
12:51:53.071 [nioEventLoopGroup-7-1] DEBUG com.jayway.jsonpath.internal.path.CompiledPath -- Evaluating path: $
12:51:53.074 [nioEventLoopGroup-7-1] DEBUG com.intuit.karate.driver.chrome_1718781712166 -- << {"method":"Page.frameStartedLoading","params":{"frameId":"445F002A3363648E752AE3F34C678E49"},"sessionId":"5CA559BB167CA031E7DDA78D954316C9"}
12:51:53.074 [nioEventLoopGroup-7-1] DEBUG com.jayway.jsonpath.internal.path.CompiledPath -- Evaluating path: $
12:51:53.074 [nioEventLoopGroup-7-1] DEBUG com.jayway.jsonpath.internal.path.CompiledPath -- Evaluating path: $['frameId']
12:51:53.222 [nioEventLoopGroup-7-1] DEBUG com.intuit.karate.driver.chrome_1718781712166 -- << {"id":7,"result":{"frameId":"6B264B30B4B95982B5E99FAF6760A16C","loaderId":"DE49BE9B082656849DD750F9BD741821"},"sessionId":"5CA559BB167CA031E7DDA78D954316C9"}
12:51:53.222 [nioEventLoopGroup-7-1] DEBUG com.jayway.jsonpath.internal.path.CompiledPath -- Evaluating path: $
12:51:53.222 [nioEventLoopGroup-7-1] DEBUG com.intuit.karate.driver.chrome_1718781712166 -- << {"method":"Runtime.executionContextsCleared","params":{},"sessionId":"5CA559BB167CA031E7DDA78D954316C9"}
12:51:53.222 [nioEventLoopGroup-7-1] DEBUG com.jayway.jsonpath.internal.path.CompiledPath -- Evaluating path: $
12:51:53.230 [nioEventLoopGroup-7-1] DEBUG com.intuit.karate.driver.chrome_1718781712166 -- << {"method":"Page.frameStoppedLoading","params":{"frameId":"445F002A3363648E752AE3F34C678E49"},"sessionId":"5CA559BB167CA031E7DDA78D954316C9"}
12:51:53.230 [nioEventLoopGroup-7-1] DEBUG com.jayway.jsonpath.internal.path.CompiledPath -- Evaluating path: $
12:51:53.230 [nioEventLoopGroup-7-1] DEBUG com.jayway.jsonpath.internal.path.CompiledPath -- Evaluating path: $['frameId']
12:51:53.230 [nioEventLoopGroup-7-1] DEBUG com.intuit.karate.driver.chrome_1718781712166 -- << {"method":"Target.targetInfoChanged","params":{"targetInfo":{"targetId":"6B264B30B4B95982B5E99FAF6760A16C","type":"page","title":"saucedemo.com","url":"https://www.saucedemo.com/","attached":true,"canAccessOpener":false,"browserContextId":"ADC1123BF6C173046A101A5B14DD4185"}},"sessionId":"5CA559BB167CA031E7DDA78D954316C9"}
12:51:53.230 [nioEventLoopGroup-7-1] DEBUG com.jayway.jsonpath.internal.path.CompiledPath -- Evaluating path: $
12:51:53.230 [nioEventLoopGroup-7-1] DEBUG com.jayway.jsonpath.internal.path.CompiledPath -- Evaluating path: $['targetInfo']['targetId']
12:51:53.230 [nioEventLoopGroup-7-1] DEBUG com.intuit.karate.driver.chrome_1718781712166 -- << {"method":"Runtime.executionContextsCleared","params":{},"sessionId":"5CA559BB167CA031E7DDA78D954316C9"}
12:51:53.230 [nioEventLoopGroup-7-1] DEBUG com.jayway.jsonpath.internal.path.CompiledPath -- Evaluating path: $
12:51:53.230 [nioEventLoopGroup-7-1] DEBUG com.intuit.karate.driver.chrome_1718781712166 -- << {"method":"Page.frameNavigated","params":{"frame":{"id":"6B264B30B4B95982B5E99FAF6760A16C","loaderId":"DE49BE9B082656849DD750F9BD741821","url":"https://www.saucedemo.com/","domainAndRegistry":"saucedemo.com","securityOrigin":"https://www.saucedemo.com","mimeType":"text/html","adFrameStatus":{"adFrameType":"none"},"secureContextType":"Secure","crossOriginIsolatedContextType":"NotIsolated","gatedAPIFeatures":[]},"type":"Navigation"},"sessionId":"5CA559BB167CA031E7DDA78D954316C9"}
12:51:53.230 [nioEventLoopGroup-7-1] DEBUG com.jayway.jsonpath.internal.path.CompiledPath -- Evaluating path: $
12:51:53.230 [nioEventLoopGroup-7-1] DEBUG com.jayway.jsonpath.internal.path.CompiledPath -- Evaluating path: $['frame']['id']
12:51:53.230 [nioEventLoopGroup-7-1] DEBUG com.jayway.jsonpath.internal.path.CompiledPath -- Evaluating path: $['frame']['url']
12:51:53.230 [nioEventLoopGroup-7-1] DEBUG com.jayway.jsonpath.internal.path.CompiledPath -- Evaluating path: $['frame']['name']
12:51:53.230 [nioEventLoopGroup-7-1] DEBUG com.intuit.karate.driver.chrome_1718781712166 -- << {"method":"Runtime.executionContextCreated","params":{"context":{"id":1,"origin":"https://www.saucedemo.com","name":"","uniqueId":"-3404727777292621234.-3825576333403215062","auxData":{"isDefault":true,"type":"default","frameId":"6B264B30B4B95982B5E99FAF6760A16C"}}},"sessionId":"5CA559BB167CA031E7DDA78D954316C9"}
12:51:53.230 [nioEventLoopGroup-7-1] DEBUG com.jayway.jsonpath.internal.path.CompiledPath -- Evaluating path: $
12:51:53.230 [nioEventLoopGroup-7-1] DEBUG com.jayway.jsonpath.internal.path.CompiledPath -- Evaluating path: $['context']['auxData']['frameId']
12:51:53.230 [nioEventLoopGroup-7-1] DEBUG com.jayway.jsonpath.internal.path.CompiledPath -- Evaluating path: $['context']['id']
12:51:53.253 [nioEventLoopGroup-7-1] DEBUG com.intuit.karate.driver.chrome_1718781712166 -- << {"id":8,"result":{"result":{"type":"object","subtype":"error","className":"TypeError","description":"TypeError: Cannot read properties of null (reading 'focus')\n    at <anonymous>:1:95","objectId":"1003346830261522590.1.1"},"exceptionDetails":{"exceptionId":1,"text":"Uncaught","lineNumber":0,"columnNumber":94,"scriptId":"6","stackTrace":{"callFrames":[{"functionName":"","scriptId":"6","url":"","lineNumber":0,"columnNumber":94}]},"exception":{"type":"object","subtype":"error","className":"TypeError","description":"TypeError: Cannot read properties of null (reading 'focus')\n    at <anonymous>:1:95","objectId":"1003346830261522590.1.2"}}},"sessionId":"5CA559BB167CA031E7DDA78D954316C9"}
12:51:53.253 [nioEventLoopGroup-7-1] DEBUG com.jayway.jsonpath.internal.path.CompiledPath -- Evaluating path: $
12:51:53.253 [nioEventLoopGroup-7-1] WARN com.intuit.karate.driver.chrome_1718781712166 -- devtools error: [id: 8, sessionId: 5CA559BB167CA031E7DDA78D954316C9, result: [type: MAP, value: {type=object, subtype=error, className=TypeError, description=TypeError: Cannot read properties of null (reading 'focus')
    at <anonymous>:1:95, objectId=1003346830261522590.1.1}]]
12:51:53.253 [main] WARN com.intuit.karate.driver.chrome_1718781712166 -- js eval failed once:var e = document.evaluate("//*[@id='user-name']", document, null, 9, null).singleNodeValue; e.focus(); try { e.selectionStart = e.selectionEnd = e.value.length } catch(x) {}, error: [type: MAP, value: {type=object, subtype=error, className=TypeError, description=TypeError: Cannot read properties of null (reading 'focus')
    at <anonymous>:1:95, objectId=1003346830261522590.1.1}]
12:51:53.536 [nioEventLoopGroup-7-1] DEBUG com.intuit.karate.driver.chrome_1718781712166 -- << {"method":"Page.domContentEventFired","params":{"timestamp":52792.047148},"sessionId":"5CA559BB167CA031E7DDA78D954316C9"}
12:51:53.536 [nioEventLoopGroup-7-1] DEBUG com.jayway.jsonpath.internal.path.CompiledPath -- Evaluating path: $
12:51:53.579 [chrome_1718781694197] WARN com.intuit.karate.shell.Command -- exit code was non-zero: 1 - [C:\Program Files\Google\Chrome\Application\chrome.exe, --remote-debugging-port=53969, --remote-allow-origins=*, --no-first-run, --user-data-dir=C:\Users\HarshvardhanNigaveka\OneDrive - Academian India Private Limited\Desktop\GitHubActions\karateUI\UI_Automation_Project\target\chrome_1718781694197, --disable-popup-blocking] working dir: target\chrome_1718781694197
12:51:53.621 [nioEventLoopGroup-7-1] DEBUG com.intuit.karate.driver.chrome_1718781712166 -- << {"method":"Target.targetCreated","params":{"targetInfo":{"targetId":"749B2B979266E3DD8941D6404A39A0B0","type":"service_worker","title":"Service Worker https://www.saucedemo.com/service-worker.js","url":"https://www.saucedemo.com/service-worker.js","attached":false,"canAccessOpener":false,"browserContextId":"ADC1123BF6C173046A101A5B14DD4185"}},"sessionId":"5CA559BB167CA031E7DDA78D954316C9"}
12:51:53.621 [nioEventLoopGroup-7-1] DEBUG com.jayway.jsonpath.internal.path.CompiledPath -- Evaluating path: $
12:51:53.621 [nioEventLoopGroup-7-1] DEBUG com.intuit.karate.driver.chrome_1718781712166 -- << {"method":"Page.loadEventFired","params":{"timestamp":52792.132643},"sessionId":"5CA559BB167CA031E7DDA78D954316C9"}
12:51:53.621 [nioEventLoopGroup-7-1] DEBUG com.jayway.jsonpath.internal.path.CompiledPath -- Evaluating path: $
12:51:53.621 [nioEventLoopGroup-7-1] DEBUG com.intuit.karate.driver.chrome_1718781712166 -- << {"method":"Page.frameStoppedLoading","params":{"frameId":"6B264B30B4B95982B5E99FAF6760A16C"},"sessionId":"5CA559BB167CA031E7DDA78D954316C9"}
12:51:53.621 [nioEventLoopGroup-7-1] DEBUG com.jayway.jsonpath.internal.path.CompiledPath -- Evaluating path: $
12:51:53.621 [nioEventLoopGroup-7-1] DEBUG com.jayway.jsonpath.internal.path.CompiledPath -- Evaluating path: $['frameId']
12:51:53.681 [nioEventLoopGroup-7-1] DEBUG com.intuit.karate.driver.chrome_1718781712166 -- << {"method":"Target.targetDestroyed","params":{"targetId":"749B2B979266E3DD8941D6404A39A0B0"},"sessionId":"5CA559BB167CA031E7DDA78D954316C9"}
12:51:53.681 [nioEventLoopGroup-7-1] DEBUG com.jayway.jsonpath.internal.path.CompiledPath -- Evaluating path: $
12:51:54.180 [nioEventLoopGroup-6-1] DEBUG io.netty.buffer.PoolThreadCache -- Freed 36 thread-local buffer(s) from thread: nioEventLoopGroup-6-1
12:51:56.267 [main] DEBUG com.jayway.jsonpath.internal.path.CompiledPath -- Evaluating path: $['expression']
12:51:56.267 [main] DEBUG com.jayway.jsonpath.internal.path.CompiledPath -- Evaluating path: $
12:51:56.267 [main] DEBUG com.jayway.jsonpath.internal.path.CompiledPath -- Evaluating path: $
12:51:56.267 [main] DEBUG com.jayway.jsonpath.internal.JsonContext -- Put path $ key expression value {}
12:51:56.267 [main] DEBUG com.jayway.jsonpath.internal.path.CompiledPath -- Evaluating path: $
12:51:56.267 [main] DEBUG com.jayway.jsonpath.internal.JsonContext -- Put path $ key expression value var e = document.evaluate("//*[@id='user-name']", document, null, 9, null).singleNodeValue; e.focus(); try { e.selectionStart = e.selectionEnd = e.value.length } catch(x) {}
12:51:56.267 [main] DEBUG com.jayway.jsonpath.internal.path.CompiledPath -- Evaluating path: $['returnByValue']
12:51:56.267 [main] DEBUG com.jayway.jsonpath.internal.path.CompiledPath -- Evaluating path: $
12:51:56.267 [main] DEBUG com.jayway.jsonpath.internal.path.CompiledPath -- Evaluating path: $
12:51:56.267 [main] DEBUG com.jayway.jsonpath.internal.JsonContext -- Put path $ key returnByValue value {}
12:51:56.267 [main] DEBUG com.jayway.jsonpath.internal.path.CompiledPath -- Evaluating path: $
12:51:56.267 [main] DEBUG com.jayway.jsonpath.internal.JsonContext -- Put path $ key returnByValue value true
12:51:56.267 [main] DEBUG com.jayway.jsonpath.internal.path.CompiledPath -- Evaluating path: $
12:51:56.267 [main] DEBUG com.intuit.karate.driver.chrome_1718781712166 -- >> {"id":9,"sessionId":"5CA559BB167CA031E7DDA78D954316C9","method":"Runtime.evaluate","params":{"expression":"var e = document.evaluate(\"\/\/*[@id='user-name']\", document, null, 9, null).singleNodeValue; e.focus(); try { e.selectionStart = e.selectionEnd = e.value.length } catch(x) {}","returnByValue":true}}
12:51:56.270 [nioEventLoopGroup-7-1] DEBUG com.intuit.karate.driver.chrome_1718781712166 -- << {"id":9,"result":{"result":{"type":"number","value":0,"description":"0"}},"sessionId":"5CA559BB167CA031E7DDA78D954316C9"}
12:51:56.270 [nioEventLoopGroup-7-1] DEBUG com.jayway.jsonpath.internal.path.CompiledPath -- Evaluating path: $
12:51:56.270 [main] DEBUG com.jayway.jsonpath.internal.path.CompiledPath -- Evaluating path: $['modifiers']
12:51:56.270 [main] DEBUG com.jayway.jsonpath.internal.path.CompiledPath -- Evaluating path: $
12:51:56.270 [main] DEBUG com.jayway.jsonpath.internal.path.CompiledPath -- Evaluating path: $
12:51:56.270 [main] DEBUG com.jayway.jsonpath.internal.JsonContext -- Put path $ key modifiers value {}
12:51:56.270 [main] DEBUG com.jayway.jsonpath.internal.path.CompiledPath -- Evaluating path: $
12:51:56.270 [main] DEBUG com.jayway.jsonpath.internal.JsonContext -- Put path $ key modifiers value 0
12:51:56.270 [main] DEBUG com.jayway.jsonpath.internal.path.CompiledPath -- Evaluating path: $['type']
12:51:56.270 [main] DEBUG com.jayway.jsonpath.internal.path.CompiledPath -- Evaluating path: $
12:51:56.270 [main] DEBUG com.jayway.jsonpath.internal.path.CompiledPath -- Evaluating path: $
12:51:56.270 [main] DEBUG com.jayway.jsonpath.internal.JsonContext -- Put path $ key type value {}
12:51:56.270 [main] DEBUG com.jayway.jsonpath.internal.path.CompiledPath -- Evaluating path: $
12:51:56.270 [main] DEBUG com.jayway.jsonpath.internal.JsonContext -- Put path $ key type value rawKeyDown
12:51:56.270 [main] DEBUG com.jayway.jsonpath.internal.path.CompiledPath -- Evaluating path: $['text']
12:51:56.270 [main] DEBUG com.jayway.jsonpath.internal.path.CompiledPath -- Evaluating path: $
12:51:56.270 [main] DEBUG com.jayway.jsonpath.internal.path.CompiledPath -- Evaluating path: $
12:51:56.270 [main] DEBUG com.jayway.jsonpath.internal.JsonContext -- Put path $ key text value {}
12:51:56.270 [main] DEBUG com.jayway.jsonpath.internal.path.CompiledPath -- Evaluating path: $
12:51:56.270 [main] DEBUG com.jayway.jsonpath.internal.JsonContext -- Put path $ key text value p
12:51:56.270 [main] DEBUG com.jayway.jsonpath.internal.path.CompiledPath -- Evaluating path: $['windowsVirtualKeyCode']
12:51:56.270 [main] DEBUG com.jayway.jsonpath.internal.path.CompiledPath -- Evaluating path: $
12:51:56.270 [main] DEBUG com.jayway.jsonpath.internal.path.CompiledPath -- Evaluating path: $
12:51:56.270 [main] DEBUG com.jayway.jsonpath.internal.JsonContext -- Put path $ key windowsVirtualKeyCode value {}
12:51:56.270 [main] DEBUG com.jayway.jsonpath.internal.path.CompiledPath -- Evaluating path: $
12:51:56.270 [main] DEBUG com.jayway.jsonpath.internal.JsonContext -- Put path $ key windowsVirtualKeyCode value 112
12:51:56.270 [main] DEBUG com.jayway.jsonpath.internal.path.CompiledPath -- Evaluating path: $
12:51:56.270 [main] DEBUG com.intuit.karate.driver.chrome_1718781712166 -- >> {"id":10,"sessionId":"5CA559BB167CA031E7DDA78D954316C9","method":"Input.dispatchKeyEvent","params":{"modifiers":0,"type":"rawKeyDown","text":"p","windowsVirtualKeyCode":112}}
12:51:56.274 [nioEventLoopGroup-7-1] DEBUG com.intuit.karate.driver.chrome_1718781712166 -- << {"id":10,"result":{},"sessionId":"5CA559BB167CA031E7DDA78D954316C9"}
12:51:56.274 [nioEventLoopGroup-7-1] DEBUG com.jayway.jsonpath.internal.path.CompiledPath -- Evaluating path: $
12:51:56.274 [main] DEBUG com.jayway.jsonpath.internal.path.CompiledPath -- Evaluating path: $['modifiers']
12:51:56.274 [main] DEBUG com.jayway.jsonpath.internal.path.CompiledPath -- Evaluating path: $
12:51:56.274 [main] DEBUG com.jayway.jsonpath.internal.path.CompiledPath -- Evaluating path: $
12:51:56.274 [main] DEBUG com.jayway.jsonpath.internal.JsonContext -- Put path $ key modifiers value {}
12:51:56.274 [main] DEBUG com.jayway.jsonpath.internal.path.CompiledPath -- Evaluating path: $
12:51:56.274 [main] DEBUG com.jayway.jsonpath.internal.JsonContext -- Put path $ key modifiers value 0
12:51:56.274 [main] DEBUG com.jayway.jsonpath.internal.path.CompiledPath -- Evaluating path: $['type']
12:51:56.274 [main] DEBUG com.jayway.jsonpath.internal.path.CompiledPath -- Evaluating path: $
12:51:56.274 [main] DEBUG com.jayway.jsonpath.internal.path.CompiledPath -- Evaluating path: $
12:51:56.274 [main] DEBUG com.jayway.jsonpath.internal.JsonContext -- Put path $ key type value {}
12:51:56.274 [main] DEBUG com.jayway.jsonpath.internal.path.CompiledPath -- Evaluating path: $
12:51:56.274 [main] DEBUG com.jayway.jsonpath.internal.JsonContext -- Put path $ key type value char
12:51:56.274 [main] DEBUG com.jayway.jsonpath.internal.path.CompiledPath -- Evaluating path: $['text']
12:51:56.274 [main] DEBUG com.jayway.jsonpath.internal.path.CompiledPath -- Evaluating path: $
12:51:56.274 [main] DEBUG com.jayway.jsonpath.internal.path.CompiledPath -- Evaluating path: $
12:51:56.274 [main] DEBUG com.jayway.jsonpath.internal.JsonContext -- Put path $ key text value {}
12:51:56.274 [main] DEBUG com.jayway.jsonpath.internal.path.CompiledPath -- Evaluating path: $
12:51:56.274 [main] DEBUG com.jayway.jsonpath.internal.JsonContext -- Put path $ key text value p
12:51:56.274 [main] DEBUG com.jayway.jsonpath.internal.path.CompiledPath -- Evaluating path: $['windowsVirtualKeyCode']
12:51:56.274 [main] DEBUG com.jayway.jsonpath.internal.path.CompiledPath -- Evaluating path: $
12:51:56.274 [main] DEBUG com.jayway.jsonpath.internal.path.CompiledPath -- Evaluating path: $
12:51:56.274 [main] DEBUG com.jayway.jsonpath.internal.JsonContext -- Put path $ key windowsVirtualKeyCode value {}
12:51:56.274 [main] DEBUG com.jayway.jsonpath.internal.path.CompiledPath -- Evaluating path: $
12:51:56.274 [main] DEBUG com.jayway.jsonpath.internal.JsonContext -- Put path $ key windowsVirtualKeyCode value 112
12:51:56.274 [main] DEBUG com.jayway.jsonpath.internal.path.CompiledPath -- Evaluating path: $
12:51:56.274 [main] DEBUG com.intuit.karate.driver.chrome_1718781712166 -- >> {"id":11,"sessionId":"5CA559BB167CA031E7DDA78D954316C9","method":"Input.dispatchKeyEvent","params":{"modifiers":0,"type":"char","text":"p","windowsVirtualKeyCode":112}}
12:51:56.279 [nioEventLoopGroup-7-1] DEBUG com.intuit.karate.driver.chrome_1718781712166 -- << {"id":11,"result":{},"sessionId":"5CA559BB167CA031E7DDA78D954316C9"}
12:51:56.279 [nioEventLoopGroup-7-1] DEBUG com.jayway.jsonpath.internal.path.CompiledPath -- Evaluating path: $
12:51:56.284 [main] DEBUG com.jayway.jsonpath.internal.path.CompiledPath -- Evaluating path: $['modifiers']
12:51:56.284 [main] DEBUG com.jayway.jsonpath.internal.path.CompiledPath -- Evaluating path: $
12:51:56.284 [main] DEBUG com.jayway.jsonpath.internal.path.CompiledPath -- Evaluating path: $
12:51:56.284 [main] DEBUG com.jayway.jsonpath.internal.JsonContext -- Put path $ key modifiers value {}
12:51:56.284 [main] DEBUG com.jayway.jsonpath.internal.path.CompiledPath -- Evaluating path: $
12:51:56.284 [main] DEBUG com.jayway.jsonpath.internal.JsonContext -- Put path $ key modifiers value 0
12:51:56.284 [main] DEBUG com.jayway.jsonpath.internal.path.CompiledPath -- Evaluating path: $['type']
12:51:56.284 [main] DEBUG com.jayway.jsonpath.internal.path.CompiledPath -- Evaluating path: $
12:51:56.284 [main] DEBUG com.jayway.jsonpath.internal.path.CompiledPath -- Evaluating path: $
12:51:56.284 [main] DEBUG com.jayway.jsonpath.internal.JsonContext -- Put path $ key type value {}
12:51:56.284 [main] DEBUG com.jayway.jsonpath.internal.path.CompiledPath -- Evaluating path: $
12:51:56.284 [main] DEBUG com.jayway.jsonpath.internal.JsonContext -- Put path $ key type value keyUp
12:51:56.284 [main] DEBUG com.jayway.jsonpath.internal.path.CompiledPath -- Evaluating path: $['text']
12:51:56.284 [main] DEBUG com.jayway.jsonpath.internal.path.CompiledPath -- Evaluating path: $
12:51:56.284 [main] DEBUG com.jayway.jsonpath.internal.path.CompiledPath -- Evaluating path: $
12:51:56.284 [main] DEBUG com.jayway.jsonpath.internal.JsonContext -- Put path $ key text value {}
12:51:56.284 [main] DEBUG com.jayway.jsonpath.internal.path.CompiledPath -- Evaluating path: $
12:51:56.284 [main] DEBUG com.jayway.jsonpath.internal.JsonContext -- Put path $ key text value p
12:51:56.284 [main] DEBUG com.jayway.jsonpath.internal.path.CompiledPath -- Evaluating path: $['windowsVirtualKeyCode']
12:51:56.284 [main] DEBUG com.jayway.jsonpath.internal.path.CompiledPath -- Evaluating path: $
12:51:56.284 [main] DEBUG com.jayway.jsonpath.internal.path.CompiledPath -- Evaluating path: $
12:51:56.284 [main] DEBUG com.jayway.jsonpath.internal.JsonContext -- Put path $ key windowsVirtualKeyCode value {}
12:51:56.284 [main] DEBUG com.jayway.jsonpath.internal.path.CompiledPath -- Evaluating path: $
12:51:56.284 [main] DEBUG com.jayway.jsonpath.internal.JsonContext -- Put path $ key windowsVirtualKeyCode value 112
12:51:56.284 [main] DEBUG com.jayway.jsonpath.internal.path.CompiledPath -- Evaluating path: $
12:51:56.284 [main] DEBUG com.intuit.karate.driver.chrome_1718781712166 -- >> {"id":12,"sessionId":"5CA559BB167CA031E7DDA78D954316C9","method":"Input.dispatchKeyEvent","params":{"modifiers":0,"type":"keyUp","text":"p","windowsVirtualKeyCode":112}}
12:51:56.292 [nioEventLoopGroup-7-1] DEBUG com.intuit.karate.driver.chrome_1718781712166 -- << {"id":12,"result":{},"sessionId":"5CA559BB167CA031E7DDA78D954316C9"}
12:51:56.292 [nioEventLoopGroup-7-1] DEBUG com.jayway.jsonpath.internal.path.CompiledPath -- Evaluating path: $
12:51:56.292 [main] DEBUG com.jayway.jsonpath.internal.path.CompiledPath -- Evaluating path: $['modifiers']
12:51:56.292 [main] DEBUG com.jayway.jsonpath.internal.path.CompiledPath -- Evaluating path: $
12:51:56.292 [main] DEBUG com.jayway.jsonpath.internal.path.CompiledPath -- Evaluating path: $
12:51:56.292 [main] DEBUG com.jayway.jsonpath.internal.JsonContext -- Put path $ key modifiers value {}
12:51:56.292 [main] DEBUG com.jayway.jsonpath.internal.path.CompiledPath -- Evaluating path: $
12:51:56.292 [main] DEBUG com.jayway.jsonpath.internal.JsonContext -- Put path $ key modifiers value 0
12:51:56.292 [main] DEBUG com.jayway.jsonpath.internal.path.CompiledPath -- Evaluating path: $['type']
12:51:56.292 [main] DEBUG com.jayway.jsonpath.internal.path.CompiledPath -- Evaluating path: $
12:51:56.292 [main] DEBUG com.jayway.jsonpath.internal.path.CompiledPath -- Evaluating path: $
12:51:56.292 [main] DEBUG com.jayway.jsonpath.internal.JsonContext -- Put path $ key type value {}
12:51:56.292 [main] DEBUG com.jayway.jsonpath.internal.path.CompiledPath -- Evaluating path: $
12:51:56.292 [main] DEBUG com.jayway.jsonpath.internal.JsonContext -- Put path $ key type value rawKeyDown
12:51:56.292 [main] DEBUG com.jayway.jsonpath.internal.path.CompiledPath -- Evaluating path: $['text']
12:51:56.292 [main] DEBUG com.jayway.jsonpath.internal.path.CompiledPath -- Evaluating path: $
12:51:56.292 [main] DEBUG com.jayway.jsonpath.internal.path.CompiledPath -- Evaluating path: $
12:51:56.292 [main] DEBUG com.jayway.jsonpath.internal.JsonContext -- Put path $ key text value {}
12:51:56.292 [main] DEBUG com.jayway.jsonpath.internal.path.CompiledPath -- Evaluating path: $
12:51:56.292 [main] DEBUG com.jayway.jsonpath.internal.JsonContext -- Put path $ key text value r
12:51:56.292 [main] DEBUG com.jayway.jsonpath.internal.path.CompiledPath -- Evaluating path: $['windowsVirtualKeyCode']
12:51:56.292 [main] DEBUG com.jayway.jsonpath.internal.path.CompiledPath -- Evaluating path: $
12:51:56.292 [main] DEBUG com.jayway.jsonpath.internal.path.CompiledPath -- Evaluating path: $
12:51:56.292 [main] DEBUG com.jayway.jsonpath.internal.JsonContext -- Put path $ key windowsVirtualKeyCode value {}
12:51:56.292 [main] DEBUG com.jayway.jsonpath.internal.path.CompiledPath -- Evaluating path: $
12:51:56.292 [main] DEBUG com.jayway.jsonpath.internal.JsonContext -- Put path $ key windowsVirtualKeyCode value 114
12:51:56.292 [main] DEBUG com.jayway.jsonpath.internal.path.CompiledPath -- Evaluating path: $
12:51:56.292 [main] DEBUG com.intuit.karate.driver.chrome_1718781712166 -- >> {"id":13,"sessionId":"5CA559BB167CA031E7DDA78D954316C9","method":"Input.dispatchKeyEvent","params":{"modifiers":0,"type":"rawKeyDown","text":"r","windowsVirtualKeyCode":114}}
12:51:56.292 [nioEventLoopGroup-7-1] DEBUG com.intuit.karate.driver.chrome_1718781712166 -- << {"id":13,"result":{},"sessionId":"5CA559BB167CA031E7DDA78D954316C9"}
12:51:56.292 [nioEventLoopGroup-7-1] DEBUG com.jayway.jsonpath.internal.path.CompiledPath -- Evaluating path: $
12:51:56.294 [main] DEBUG com.jayway.jsonpath.internal.path.CompiledPath -- Evaluating path: $['modifiers']
12:51:56.294 [main] DEBUG com.jayway.jsonpath.internal.path.CompiledPath -- Evaluating path: $
12:51:56.294 [main] DEBUG com.jayway.jsonpath.internal.path.CompiledPath -- Evaluating path: $
12:51:56.294 [main] DEBUG com.jayway.jsonpath.internal.JsonContext -- Put path $ key modifiers value {}
12:51:56.294 [main] DEBUG com.jayway.jsonpath.internal.path.CompiledPath -- Evaluating path: $
12:51:56.294 [main] DEBUG com.jayway.jsonpath.internal.JsonContext -- Put path $ key modifiers value 0
12:51:56.294 [main] DEBUG com.jayway.jsonpath.internal.path.CompiledPath -- Evaluating path: $['type']
12:51:56.294 [main] DEBUG com.jayway.jsonpath.internal.path.CompiledPath -- Evaluating path: $
12:51:56.294 [main] DEBUG com.jayway.jsonpath.internal.path.CompiledPath -- Evaluating path: $
12:51:56.294 [main] DEBUG com.jayway.jsonpath.internal.JsonContext -- Put path $ key type value {}
12:51:56.294 [main] DEBUG com.jayway.jsonpath.internal.path.CompiledPath -- Evaluating path: $
12:51:56.294 [main] DEBUG com.jayway.jsonpath.internal.JsonContext -- Put path $ key type value char
12:51:56.294 [main] DEBUG com.jayway.jsonpath.internal.path.CompiledPath -- Evaluating path: $['text']
12:51:56.294 [main] DEBUG com.jayway.jsonpath.internal.path.CompiledPath -- Evaluating path: $
12:51:56.294 [main] DEBUG com.jayway.jsonpath.internal.path.CompiledPath -- Evaluating path: $
12:51:56.294 [main] DEBUG com.jayway.jsonpath.internal.JsonContext -- Put path $ key text value {}
12:51:56.294 [main] DEBUG com.jayway.jsonpath.internal.path.CompiledPath -- Evaluating path: $
12:51:56.294 [main] DEBUG com.jayway.jsonpath.internal.JsonContext -- Put path $ key text value r
12:51:56.294 [main] DEBUG com.jayway.jsonpath.internal.path.CompiledPath -- Evaluating path: $['windowsVirtualKeyCode']
12:51:56.294 [main] DEBUG com.jayway.jsonpath.internal.path.CompiledPath -- Evaluating path: $
12:51:56.294 [main] DEBUG com.jayway.jsonpath.internal.path.CompiledPath -- Evaluating path: $
12:51:56.294 [main] DEBUG com.jayway.jsonpath.internal.JsonContext -- Put path $ key windowsVirtualKeyCode value {}
12:51:56.294 [main] DEBUG com.jayway.jsonpath.internal.path.CompiledPath -- Evaluating path: $
12:51:56.294 [main] DEBUG com.jayway.jsonpath.internal.JsonContext -- Put path $ key windowsVirtualKeyCode value 114
12:51:56.294 [main] DEBUG com.jayway.jsonpath.internal.path.CompiledPath -- Evaluating path: $
12:51:56.294 [main] DEBUG com.intuit.karate.driver.chrome_1718781712166 -- >> {"id":14,"sessionId":"5CA559BB167CA031E7DDA78D954316C9","method":"Input.dispatchKeyEvent","params":{"modifiers":0,"type":"char","text":"r","windowsVirtualKeyCode":114}}
12:51:56.297 [nioEventLoopGroup-7-1] DEBUG com.intuit.karate.driver.chrome_1718781712166 -- << {"id":14,"result":{},"sessionId":"5CA559BB167CA031E7DDA78D954316C9"}
12:51:56.298 [nioEventLoopGroup-7-1] DEBUG com.jayway.jsonpath.internal.path.CompiledPath -- Evaluating path: $
12:51:56.299 [main] DEBUG com.jayway.jsonpath.internal.path.CompiledPath -- Evaluating path: $['modifiers']
12:51:56.299 [main] DEBUG com.jayway.jsonpath.internal.path.CompiledPath -- Evaluating path: $
12:51:56.299 [main] DEBUG com.jayway.jsonpath.internal.path.CompiledPath -- Evaluating path: $
12:51:56.299 [main] DEBUG com.jayway.jsonpath.internal.JsonContext -- Put path $ key modifiers value {}
12:51:56.299 [main] DEBUG com.jayway.jsonpath.internal.path.CompiledPath -- Evaluating path: $
12:51:56.299 [main] DEBUG com.jayway.jsonpath.internal.JsonContext -- Put path $ key modifiers value 0
12:51:56.299 [main] DEBUG com.jayway.jsonpath.internal.path.CompiledPath -- Evaluating path: $['type']
12:51:56.299 [main] DEBUG com.jayway.jsonpath.internal.path.CompiledPath -- Evaluating path: $
12:51:56.299 [main] DEBUG com.jayway.jsonpath.internal.path.CompiledPath -- Evaluating path: $
12:51:56.299 [main] DEBUG com.jayway.jsonpath.internal.JsonContext -- Put path $ key type value {}
12:51:56.299 [main] DEBUG com.jayway.jsonpath.internal.path.CompiledPath -- Evaluating path: $
12:51:56.299 [main] DEBUG com.jayway.jsonpath.internal.JsonContext -- Put path $ key type value keyUp
12:51:56.299 [main] DEBUG com.jayway.jsonpath.internal.path.CompiledPath -- Evaluating path: $['text']
12:51:56.299 [main] DEBUG com.jayway.jsonpath.internal.path.CompiledPath -- Evaluating path: $
12:51:56.299 [main] DEBUG com.jayway.jsonpath.internal.path.CompiledPath -- Evaluating path: $
12:51:56.299 [main] DEBUG com.jayway.jsonpath.internal.JsonContext -- Put path $ key text value {}
12:51:56.299 [main] DEBUG com.jayway.jsonpath.internal.path.CompiledPath -- Evaluating path: $
12:51:56.299 [main] DEBUG com.jayway.jsonpath.internal.JsonContext -- Put path $ key text value r
12:51:56.299 [main] DEBUG com.jayway.jsonpath.internal.path.CompiledPath -- Evaluating path: $['windowsVirtualKeyCode']
12:51:56.299 [main] DEBUG com.jayway.jsonpath.internal.path.CompiledPath -- Evaluating path: $
12:51:56.300 [main] DEBUG com.jayway.jsonpath.internal.path.CompiledPath -- Evaluating path: $
12:51:56.300 [main] DEBUG com.jayway.jsonpath.internal.JsonContext -- Put path $ key windowsVirtualKeyCode value {}
12:51:56.300 [main] DEBUG com.jayway.jsonpath.internal.path.CompiledPath -- Evaluating path: $
12:51:56.300 [main] DEBUG com.jayway.jsonpath.internal.JsonContext -- Put path $ key windowsVirtualKeyCode value 114
12:51:56.300 [main] DEBUG com.jayway.jsonpath.internal.path.CompiledPath -- Evaluating path: $
12:51:56.300 [main] DEBUG com.intuit.karate.driver.chrome_1718781712166 -- >> {"id":15,"sessionId":"5CA559BB167CA031E7DDA78D954316C9","method":"Input.dispatchKeyEvent","params":{"modifiers":0,"type":"keyUp","text":"r","windowsVirtualKeyCode":114}}
12:51:56.300 [nioEventLoopGroup-7-1] DEBUG com.intuit.karate.driver.chrome_1718781712166 -- << {"id":15,"result":{},"sessionId":"5CA559BB167CA031E7DDA78D954316C9"}
12:51:56.300 [nioEventLoopGroup-7-1] DEBUG com.jayway.jsonpath.internal.path.CompiledPath -- Evaluating path: $
12:51:56.300 [main] DEBUG com.jayway.jsonpath.internal.path.CompiledPath -- Evaluating path: $['modifiers']
12:51:56.300 [main] DEBUG com.jayway.jsonpath.internal.path.CompiledPath -- Evaluating path: $
12:51:56.300 [main] DEBUG com.jayway.jsonpath.internal.path.CompiledPath -- Evaluating path: $
12:51:56.300 [main] DEBUG com.jayway.jsonpath.internal.JsonContext -- Put path $ key modifiers value {}
12:51:56.300 [main] DEBUG com.jayway.jsonpath.internal.path.CompiledPath -- Evaluating path: $
12:51:56.300 [main] DEBUG com.jayway.jsonpath.internal.JsonContext -- Put path $ key modifiers value 0
12:51:56.300 [main] DEBUG com.jayway.jsonpath.internal.path.CompiledPath -- Evaluating path: $['type']
12:51:56.302 [main] DEBUG com.jayway.jsonpath.internal.path.CompiledPath -- Evaluating path: $
12:51:56.302 [main] DEBUG com.jayway.jsonpath.internal.path.CompiledPath -- Evaluating path: $
12:51:56.302 [main] DEBUG com.jayway.jsonpath.internal.JsonContext -- Put path $ key type value {}
12:51:56.302 [main] DEBUG com.jayway.jsonpath.internal.path.CompiledPath -- Evaluating path: $
12:51:56.302 [main] DEBUG com.jayway.jsonpath.internal.JsonContext -- Put path $ key type value rawKeyDown
12:51:56.302 [main] DEBUG com.jayway.jsonpath.internal.path.CompiledPath -- Evaluating path: $['text']
12:51:56.302 [main] DEBUG com.jayway.jsonpath.internal.path.CompiledPath -- Evaluating path: $
12:51:56.302 [main] DEBUG com.jayway.jsonpath.internal.path.CompiledPath -- Evaluating path: $
12:51:56.302 [main] DEBUG com.jayway.jsonpath.internal.JsonContext -- Put path $ key text value {}
12:51:56.302 [main] DEBUG com.jayway.jsonpath.internal.path.CompiledPath -- Evaluating path: $
12:51:56.302 [main] DEBUG com.jayway.jsonpath.internal.JsonContext -- Put path $ key text value o
12:51:56.302 [main] DEBUG com.jayway.jsonpath.internal.path.CompiledPath -- Evaluating path: $['windowsVirtualKeyCode']
12:51:56.302 [main] DEBUG com.jayway.jsonpath.internal.path.CompiledPath -- Evaluating path: $
12:51:56.302 [main] DEBUG com.jayway.jsonpath.internal.path.CompiledPath -- Evaluating path: $
12:51:56.302 [main] DEBUG com.jayway.jsonpath.internal.JsonContext -- Put path $ key windowsVirtualKeyCode value {}
12:51:56.302 [main] DEBUG com.jayway.jsonpath.internal.path.CompiledPath -- Evaluating path: $
12:51:56.302 [main] DEBUG com.jayway.jsonpath.internal.JsonContext -- Put path $ key windowsVirtualKeyCode value 111
12:51:56.302 [main] DEBUG com.jayway.jsonpath.internal.path.CompiledPath -- Evaluating path: $
12:51:56.302 [main] DEBUG com.intuit.karate.driver.chrome_1718781712166 -- >> {"id":16,"sessionId":"5CA559BB167CA031E7DDA78D954316C9","method":"Input.dispatchKeyEvent","params":{"modifiers":0,"type":"rawKeyDown","text":"o","windowsVirtualKeyCode":111}}
12:51:56.302 [nioEventLoopGroup-7-1] DEBUG com.intuit.karate.driver.chrome_1718781712166 -- << {"id":16,"result":{},"sessionId":"5CA559BB167CA031E7DDA78D954316C9"}
12:51:56.302 [nioEventLoopGroup-7-1] DEBUG com.jayway.jsonpath.internal.path.CompiledPath -- Evaluating path: $
12:51:56.302 [main] DEBUG com.jayway.jsonpath.internal.path.CompiledPath -- Evaluating path: $['modifiers']
12:51:56.302 [main] DEBUG com.jayway.jsonpath.internal.path.CompiledPath -- Evaluating path: $
12:51:56.302 [main] DEBUG com.jayway.jsonpath.internal.path.CompiledPath -- Evaluating path: $
12:51:56.302 [main] DEBUG com.jayway.jsonpath.internal.JsonContext -- Put path $ key modifiers value {}
12:51:56.302 [main] DEBUG com.jayway.jsonpath.internal.path.CompiledPath -- Evaluating path: $
12:51:56.302 [main] DEBUG com.jayway.jsonpath.internal.JsonContext -- Put path $ key modifiers value 0
12:51:56.302 [main] DEBUG com.jayway.jsonpath.internal.path.CompiledPath -- Evaluating path: $['type']
12:51:56.302 [main] DEBUG com.jayway.jsonpath.internal.path.CompiledPath -- Evaluating path: $
12:51:56.302 [main] DEBUG com.jayway.jsonpath.internal.path.CompiledPath -- Evaluating path: $
12:51:56.302 [main] DEBUG com.jayway.jsonpath.internal.JsonContext -- Put path $ key type value {}
12:51:56.302 [main] DEBUG com.jayway.jsonpath.internal.path.CompiledPath -- Evaluating path: $
12:51:56.302 [main] DEBUG com.jayway.jsonpath.internal.JsonContext -- Put path $ key type value char
12:51:56.302 [main] DEBUG com.jayway.jsonpath.internal.path.CompiledPath -- Evaluating path: $['text']
12:51:56.302 [main] DEBUG com.jayway.jsonpath.internal.path.CompiledPath -- Evaluating path: $
12:51:56.302 [main] DEBUG com.jayway.jsonpath.internal.path.CompiledPath -- Evaluating path: $
12:51:56.302 [main] DEBUG com.jayway.jsonpath.internal.JsonContext -- Put path $ key text value {}
12:51:56.302 [main] DEBUG com.jayway.jsonpath.internal.path.CompiledPath -- Evaluating path: $
12:51:56.302 [main] DEBUG com.jayway.jsonpath.internal.JsonContext -- Put path $ key text value o
12:51:56.302 [main] DEBUG com.jayway.jsonpath.internal.path.CompiledPath -- Evaluating path: $['windowsVirtualKeyCode']
12:51:56.302 [main] DEBUG com.jayway.jsonpath.internal.path.CompiledPath -- Evaluating path: $
12:51:56.302 [main] DEBUG com.jayway.jsonpath.internal.path.CompiledPath -- Evaluating path: $
12:51:56.303 [main] DEBUG com.jayway.jsonpath.internal.JsonContext -- Put path $ key windowsVirtualKeyCode value {}
12:51:56.303 [main] DEBUG com.jayway.jsonpath.internal.path.CompiledPath -- Evaluating path: $
12:51:56.303 [main] DEBUG com.jayway.jsonpath.internal.JsonContext -- Put path $ key windowsVirtualKeyCode value 111
12:51:56.303 [main] DEBUG com.jayway.jsonpath.internal.path.CompiledPath -- Evaluating path: $
12:51:56.303 [main] DEBUG com.intuit.karate.driver.chrome_1718781712166 -- >> {"id":17,"sessionId":"5CA559BB167CA031E7DDA78D954316C9","method":"Input.dispatchKeyEvent","params":{"modifiers":0,"type":"char","text":"o","windowsVirtualKeyCode":111}}
12:51:56.305 [nioEventLoopGroup-7-1] DEBUG com.intuit.karate.driver.chrome_1718781712166 -- << {"id":17,"result":{},"sessionId":"5CA559BB167CA031E7DDA78D954316C9"}
12:51:56.305 [nioEventLoopGroup-7-1] DEBUG com.jayway.jsonpath.internal.path.CompiledPath -- Evaluating path: $
12:51:56.305 [main] DEBUG com.jayway.jsonpath.internal.path.CompiledPath -- Evaluating path: $['modifiers']
12:51:56.305 [main] DEBUG com.jayway.jsonpath.internal.path.CompiledPath -- Evaluating path: $
12:51:56.305 [main] DEBUG com.jayway.jsonpath.internal.path.CompiledPath -- Evaluating path: $
12:51:56.305 [main] DEBUG com.jayway.jsonpath.internal.JsonContext -- Put path $ key modifiers value {}
12:51:56.305 [main] DEBUG com.jayway.jsonpath.internal.path.CompiledPath -- Evaluating path: $
12:51:56.305 [main] DEBUG com.jayway.jsonpath.internal.JsonContext -- Put path $ key modifiers value 0
12:51:56.305 [main] DEBUG com.jayway.jsonpath.internal.path.CompiledPath -- Evaluating path: $['type']
12:51:56.305 [main] DEBUG com.jayway.jsonpath.internal.path.CompiledPath -- Evaluating path: $
12:51:56.305 [main] DEBUG com.jayway.jsonpath.internal.path.CompiledPath -- Evaluating path: $
12:51:56.305 [main] DEBUG com.jayway.jsonpath.internal.JsonContext -- Put path $ key type value {}
12:51:56.305 [main] DEBUG com.jayway.jsonpath.internal.path.CompiledPath -- Evaluating path: $
12:51:56.305 [main] DEBUG com.jayway.jsonpath.internal.JsonContext -- Put path $ key type value keyUp
12:51:56.305 [main] DEBUG com.jayway.jsonpath.internal.path.CompiledPath -- Evaluating path: $['text']
12:51:56.305 [main] DEBUG com.jayway.jsonpath.internal.path.CompiledPath -- Evaluating path: $
12:51:56.305 [main] DEBUG com.jayway.jsonpath.internal.path.CompiledPath -- Evaluating path: $
12:51:56.305 [main] DEBUG com.jayway.jsonpath.internal.JsonContext -- Put path $ key text value {}
12:51:56.305 [main] DEBUG com.jayway.jsonpath.internal.path.CompiledPath -- Evaluating path: $
12:51:56.305 [main] DEBUG com.jayway.jsonpath.internal.JsonContext -- Put path $ key text value o
12:51:56.305 [main] DEBUG com.jayway.jsonpath.internal.path.CompiledPath -- Evaluating path: $['windowsVirtualKeyCode']
12:51:56.305 [main] DEBUG com.jayway.jsonpath.internal.path.CompiledPath -- Evaluating path: $
12:51:56.305 [main] DEBUG com.jayway.jsonpath.internal.path.CompiledPath -- Evaluating path: $
12:51:56.305 [main] DEBUG com.jayway.jsonpath.internal.JsonContext -- Put path $ key windowsVirtualKeyCode value {}
12:51:56.305 [main] DEBUG com.jayway.jsonpath.internal.path.CompiledPath -- Evaluating path: $
12:51:56.305 [main] DEBUG com.jayway.jsonpath.internal.JsonContext -- Put path $ key windowsVirtualKeyCode value 111
12:51:56.305 [main] DEBUG com.jayway.jsonpath.internal.path.CompiledPath -- Evaluating path: $
12:51:56.305 [main] DEBUG com.intuit.karate.driver.chrome_1718781712166 -- >> {"id":18,"sessionId":"5CA559BB167CA031E7DDA78D954316C9","method":"Input.dispatchKeyEvent","params":{"modifiers":0,"type":"keyUp","text":"o","windowsVirtualKeyCode":111}}
12:51:56.306 [nioEventLoopGroup-7-1] DEBUG com.intuit.karate.driver.chrome_1718781712166 -- << {"id":18,"result":{},"sessionId":"5CA559BB167CA031E7DDA78D954316C9"}
12:51:56.307 [nioEventLoopGroup-7-1] DEBUG com.jayway.jsonpath.internal.path.CompiledPath -- Evaluating path: $
12:51:56.307 [main] DEBUG com.jayway.jsonpath.internal.path.CompiledPath -- Evaluating path: $['modifiers']
12:51:56.307 [main] DEBUG com.jayway.jsonpath.internal.path.CompiledPath -- Evaluating path: $
12:51:56.307 [main] DEBUG com.jayway.jsonpath.internal.path.CompiledPath -- Evaluating path: $
12:51:56.307 [main] DEBUG com.jayway.jsonpath.internal.JsonContext -- Put path $ key modifiers value {}
12:51:56.307 [main] DEBUG com.jayway.jsonpath.internal.path.CompiledPath -- Evaluating path: $
12:51:56.307 [main] DEBUG com.jayway.jsonpath.internal.JsonContext -- Put path $ key modifiers value 0
12:51:56.307 [main] DEBUG com.jayway.jsonpath.internal.path.CompiledPath -- Evaluating path: $['type']
12:51:56.307 [main] DEBUG com.jayway.jsonpath.internal.path.CompiledPath -- Evaluating path: $
12:51:56.307 [main] DEBUG com.jayway.jsonpath.internal.path.CompiledPath -- Evaluating path: $
12:51:56.307 [main] DEBUG com.jayway.jsonpath.internal.JsonContext -- Put path $ key type value {}
12:51:56.307 [main] DEBUG com.jayway.jsonpath.internal.path.CompiledPath -- Evaluating path: $
12:51:56.307 [main] DEBUG com.jayway.jsonpath.internal.JsonContext -- Put path $ key type value rawKeyDown
12:51:56.307 [main] DEBUG com.jayway.jsonpath.internal.path.CompiledPath -- Evaluating path: $['text']
12:51:56.307 [main] DEBUG com.jayway.jsonpath.internal.path.CompiledPath -- Evaluating path: $
12:51:56.307 [main] DEBUG com.jayway.jsonpath.internal.path.CompiledPath -- Evaluating path: $
12:51:56.307 [main] DEBUG com.jayway.jsonpath.internal.JsonContext -- Put path $ key text value {}
12:51:56.307 [main] DEBUG com.jayway.jsonpath.internal.path.CompiledPath -- Evaluating path: $
12:51:56.307 [main] DEBUG com.jayway.jsonpath.internal.JsonContext -- Put path $ key text value b
12:51:56.307 [main] DEBUG com.jayway.jsonpath.internal.path.CompiledPath -- Evaluating path: $['windowsVirtualKeyCode']
12:51:56.307 [main] DEBUG com.jayway.jsonpath.internal.path.CompiledPath -- Evaluating path: $
12:51:56.307 [main] DEBUG com.jayway.jsonpath.internal.path.CompiledPath -- Evaluating path: $
12:51:56.307 [main] DEBUG com.jayway.jsonpath.internal.JsonContext -- Put path $ key windowsVirtualKeyCode value {}
12:51:56.307 [main] DEBUG com.jayway.jsonpath.internal.path.CompiledPath -- Evaluating path: $
12:51:56.307 [main] DEBUG com.jayway.jsonpath.internal.JsonContext -- Put path $ key windowsVirtualKeyCode value 98
12:51:56.307 [main] DEBUG com.jayway.jsonpath.internal.path.CompiledPath -- Evaluating path: $
12:51:56.307 [main] DEBUG com.intuit.karate.driver.chrome_1718781712166 -- >> {"id":19,"sessionId":"5CA559BB167CA031E7DDA78D954316C9","method":"Input.dispatchKeyEvent","params":{"modifiers":0,"type":"rawKeyDown","text":"b","windowsVirtualKeyCode":98}}
12:51:56.308 [nioEventLoopGroup-7-1] DEBUG com.intuit.karate.driver.chrome_1718781712166 -- << {"id":19,"result":{},"sessionId":"5CA559BB167CA031E7DDA78D954316C9"}
12:51:56.308 [nioEventLoopGroup-7-1] DEBUG com.jayway.jsonpath.internal.path.CompiledPath -- Evaluating path: $
12:51:56.308 [main] DEBUG com.jayway.jsonpath.internal.path.CompiledPath -- Evaluating path: $['modifiers']
12:51:56.308 [main] DEBUG com.jayway.jsonpath.internal.path.CompiledPath -- Evaluating path: $
12:51:56.308 [main] DEBUG com.jayway.jsonpath.internal.path.CompiledPath -- Evaluating path: $
12:51:56.308 [main] DEBUG com.jayway.jsonpath.internal.JsonContext -- Put path $ key modifiers value {}
12:51:56.308 [main] DEBUG com.jayway.jsonpath.internal.path.CompiledPath -- Evaluating path: $
12:51:56.308 [main] DEBUG com.jayway.jsonpath.internal.JsonContext -- Put path $ key modifiers value 0
12:51:56.308 [main] DEBUG com.jayway.jsonpath.internal.path.CompiledPath -- Evaluating path: $['type']
12:51:56.308 [main] DEBUG com.jayway.jsonpath.internal.path.CompiledPath -- Evaluating path: $
12:51:56.308 [main] DEBUG com.jayway.jsonpath.internal.path.CompiledPath -- Evaluating path: $
12:51:56.308 [main] DEBUG com.jayway.jsonpath.internal.JsonContext -- Put path $ key type value {}
12:51:56.308 [main] DEBUG com.jayway.jsonpath.internal.path.CompiledPath -- Evaluating path: $
12:51:56.308 [main] DEBUG com.jayway.jsonpath.internal.JsonContext -- Put path $ key type value char
12:51:56.308 [main] DEBUG com.jayway.jsonpath.internal.path.CompiledPath -- Evaluating path: $['text']
12:51:56.308 [main] DEBUG com.jayway.jsonpath.internal.path.CompiledPath -- Evaluating path: $
12:51:56.308 [main] DEBUG com.jayway.jsonpath.internal.path.CompiledPath -- Evaluating path: $
12:51:56.308 [main] DEBUG com.jayway.jsonpath.internal.JsonContext -- Put path $ key text value {}
12:51:56.308 [main] DEBUG com.jayway.jsonpath.internal.path.CompiledPath -- Evaluating path: $
12:51:56.308 [main] DEBUG com.jayway.jsonpath.internal.JsonContext -- Put path $ key text value b
12:51:56.308 [main] DEBUG com.jayway.jsonpath.internal.path.CompiledPath -- Evaluating path: $['windowsVirtualKeyCode']
12:51:56.308 [main] DEBUG com.jayway.jsonpath.internal.path.CompiledPath -- Evaluating path: $
12:51:56.308 [main] DEBUG com.jayway.jsonpath.internal.path.CompiledPath -- Evaluating path: $
12:51:56.308 [main] DEBUG com.jayway.jsonpath.internal.JsonContext -- Put path $ key windowsVirtualKeyCode value {}
12:51:56.308 [main] DEBUG com.jayway.jsonpath.internal.path.CompiledPath -- Evaluating path: $
12:51:56.308 [main] DEBUG com.jayway.jsonpath.internal.JsonContext -- Put path $ key windowsVirtualKeyCode value 98
12:51:56.308 [main] DEBUG com.jayway.jsonpath.internal.path.CompiledPath -- Evaluating path: $
12:51:56.308 [main] DEBUG com.intuit.karate.driver.chrome_1718781712166 -- >> {"id":20,"sessionId":"5CA559BB167CA031E7DDA78D954316C9","method":"Input.dispatchKeyEvent","params":{"modifiers":0,"type":"char","text":"b","windowsVirtualKeyCode":98}}
12:51:56.310 [nioEventLoopGroup-7-1] DEBUG com.intuit.karate.driver.chrome_1718781712166 -- << {"id":20,"result":{},"sessionId":"5CA559BB167CA031E7DDA78D954316C9"}
12:51:56.310 [nioEventLoopGroup-7-1] DEBUG com.jayway.jsonpath.internal.path.CompiledPath -- Evaluating path: $
12:51:56.310 [main] DEBUG com.jayway.jsonpath.internal.path.CompiledPath -- Evaluating path: $['modifiers']
12:51:56.310 [main] DEBUG com.jayway.jsonpath.internal.path.CompiledPath -- Evaluating path: $
12:51:56.310 [main] DEBUG com.jayway.jsonpath.internal.path.CompiledPath -- Evaluating path: $
12:51:56.310 [main] DEBUG com.jayway.jsonpath.internal.JsonContext -- Put path $ key modifiers value {}
12:51:56.310 [main] DEBUG com.jayway.jsonpath.internal.path.CompiledPath -- Evaluating path: $
12:51:56.310 [main] DEBUG com.jayway.jsonpath.internal.JsonContext -- Put path $ key modifiers value 0
12:51:56.310 [main] DEBUG com.jayway.jsonpath.internal.path.CompiledPath -- Evaluating path: $['type']
12:51:56.310 [main] DEBUG com.jayway.jsonpath.internal.path.CompiledPath -- Evaluating path: $
12:51:56.310 [main] DEBUG com.jayway.jsonpath.internal.path.CompiledPath -- Evaluating path: $
12:51:56.310 [main] DEBUG com.jayway.jsonpath.internal.JsonContext -- Put path $ key type value {}
12:51:56.310 [main] DEBUG com.jayway.jsonpath.internal.path.CompiledPath -- Evaluating path: $
12:51:56.310 [main] DEBUG com.jayway.jsonpath.internal.JsonContext -- Put path $ key type value keyUp
12:51:56.310 [main] DEBUG com.jayway.jsonpath.internal.path.CompiledPath -- Evaluating path: $['text']
12:51:56.310 [main] DEBUG com.jayway.jsonpath.internal.path.CompiledPath -- Evaluating path: $
12:51:56.310 [main] DEBUG com.jayway.jsonpath.internal.path.CompiledPath -- Evaluating path: $
12:51:56.310 [main] DEBUG com.jayway.jsonpath.internal.JsonContext -- Put path $ key text value {}
12:51:56.310 [main] DEBUG com.jayway.jsonpath.internal.path.CompiledPath -- Evaluating path: $
12:51:56.310 [main] DEBUG com.jayway.jsonpath.internal.JsonContext -- Put path $ key text value b
12:51:56.310 [main] DEBUG com.jayway.jsonpath.internal.path.CompiledPath -- Evaluating path: $['windowsVirtualKeyCode']
12:51:56.310 [main] DEBUG com.jayway.jsonpath.internal.path.CompiledPath -- Evaluating path: $
12:51:56.310 [main] DEBUG com.jayway.jsonpath.internal.path.CompiledPath -- Evaluating path: $
12:51:56.310 [main] DEBUG com.jayway.jsonpath.internal.JsonContext -- Put path $ key windowsVirtualKeyCode value {}
12:51:56.310 [main] DEBUG com.jayway.jsonpath.internal.path.CompiledPath -- Evaluating path: $
12:51:56.310 [main] DEBUG com.jayway.jsonpath.internal.JsonContext -- Put path $ key windowsVirtualKeyCode value 98
12:51:56.310 [main] DEBUG com.jayway.jsonpath.internal.path.CompiledPath -- Evaluating path: $
12:51:56.310 [main] DEBUG com.intuit.karate.driver.chrome_1718781712166 -- >> {"id":21,"sessionId":"5CA559BB167CA031E7DDA78D954316C9","method":"Input.dispatchKeyEvent","params":{"modifiers":0,"type":"keyUp","text":"b","windowsVirtualKeyCode":98}}
12:51:56.312 [nioEventLoopGroup-7-1] DEBUG com.intuit.karate.driver.chrome_1718781712166 -- << {"id":21,"result":{},"sessionId":"5CA559BB167CA031E7DDA78D954316C9"}
12:51:56.312 [nioEventLoopGroup-7-1] DEBUG com.jayway.jsonpath.internal.path.CompiledPath -- Evaluating path: $
12:51:56.312 [main] DEBUG com.jayway.jsonpath.internal.path.CompiledPath -- Evaluating path: $['modifiers']
12:51:56.313 [main] DEBUG com.jayway.jsonpath.internal.path.CompiledPath -- Evaluating path: $
12:51:56.313 [main] DEBUG com.jayway.jsonpath.internal.path.CompiledPath -- Evaluating path: $
12:51:56.313 [main] DEBUG com.jayway.jsonpath.internal.JsonContext -- Put path $ key modifiers value {}
12:51:56.313 [main] DEBUG com.jayway.jsonpath.internal.path.CompiledPath -- Evaluating path: $
12:51:56.313 [main] DEBUG com.jayway.jsonpath.internal.JsonContext -- Put path $ key modifiers value 0
12:51:56.313 [main] DEBUG com.jayway.jsonpath.internal.path.CompiledPath -- Evaluating path: $['type']
12:51:56.313 [main] DEBUG com.jayway.jsonpath.internal.path.CompiledPath -- Evaluating path: $
12:51:56.313 [main] DEBUG com.jayway.jsonpath.internal.path.CompiledPath -- Evaluating path: $
12:51:56.313 [main] DEBUG com.jayway.jsonpath.internal.JsonContext -- Put path $ key type value {}
12:51:56.313 [main] DEBUG com.jayway.jsonpath.internal.path.CompiledPath -- Evaluating path: $
12:51:56.313 [main] DEBUG com.jayway.jsonpath.internal.JsonContext -- Put path $ key type value rawKeyDown
12:51:56.313 [main] DEBUG com.jayway.jsonpath.internal.path.CompiledPath -- Evaluating path: $['text']
12:51:56.313 [main] DEBUG com.jayway.jsonpath.internal.path.CompiledPath -- Evaluating path: $
12:51:56.313 [main] DEBUG com.jayway.jsonpath.internal.path.CompiledPath -- Evaluating path: $
12:51:56.313 [main] DEBUG com.jayway.jsonpath.internal.JsonContext -- Put path $ key text value {}
12:51:56.313 [main] DEBUG com.jayway.jsonpath.internal.path.CompiledPath -- Evaluating path: $
12:51:56.313 [main] DEBUG com.jayway.jsonpath.internal.JsonContext -- Put path $ key text value l
12:51:56.313 [main] DEBUG com.jayway.jsonpath.internal.path.CompiledPath -- Evaluating path: $['windowsVirtualKeyCode']
12:51:56.313 [main] DEBUG com.jayway.jsonpath.internal.path.CompiledPath -- Evaluating path: $
12:51:56.313 [main] DEBUG com.jayway.jsonpath.internal.path.CompiledPath -- Evaluating path: $
12:51:56.313 [main] DEBUG com.jayway.jsonpath.internal.JsonContext -- Put path $ key windowsVirtualKeyCode value {}
12:51:56.313 [main] DEBUG com.jayway.jsonpath.internal.path.CompiledPath -- Evaluating path: $
12:51:56.313 [main] DEBUG com.jayway.jsonpath.internal.JsonContext -- Put path $ key windowsVirtualKeyCode value 108
12:51:56.313 [main] DEBUG com.jayway.jsonpath.internal.path.CompiledPath -- Evaluating path: $
12:51:56.313 [main] DEBUG com.intuit.karate.driver.chrome_1718781712166 -- >> {"id":22,"sessionId":"5CA559BB167CA031E7DDA78D954316C9","method":"Input.dispatchKeyEvent","params":{"modifiers":0,"type":"rawKeyDown","text":"l","windowsVirtualKeyCode":108}}
12:51:56.315 [nioEventLoopGroup-7-1] DEBUG com.intuit.karate.driver.chrome_1718781712166 -- << {"id":22,"result":{},"sessionId":"5CA559BB167CA031E7DDA78D954316C9"}
12:51:56.315 [nioEventLoopGroup-7-1] DEBUG com.jayway.jsonpath.internal.path.CompiledPath -- Evaluating path: $
12:51:56.315 [main] DEBUG com.jayway.jsonpath.internal.path.CompiledPath -- Evaluating path: $['modifiers']
12:51:56.315 [main] DEBUG com.jayway.jsonpath.internal.path.CompiledPath -- Evaluating path: $
12:51:56.315 [main] DEBUG com.jayway.jsonpath.internal.path.CompiledPath -- Evaluating path: $
12:51:56.315 [main] DEBUG com.jayway.jsonpath.internal.JsonContext -- Put path $ key modifiers value {}
12:51:56.315 [main] DEBUG com.jayway.jsonpath.internal.path.CompiledPath -- Evaluating path: $
12:51:56.315 [main] DEBUG com.jayway.jsonpath.internal.JsonContext -- Put path $ key modifiers value 0
12:51:56.315 [main] DEBUG com.jayway.jsonpath.internal.path.CompiledPath -- Evaluating path: $['type']
12:51:56.315 [main] DEBUG com.jayway.jsonpath.internal.path.CompiledPath -- Evaluating path: $
12:51:56.315 [main] DEBUG com.jayway.jsonpath.internal.path.CompiledPath -- Evaluating path: $
12:51:56.315 [main] DEBUG com.jayway.jsonpath.internal.JsonContext -- Put path $ key type value {}
12:51:56.315 [main] DEBUG com.jayway.jsonpath.internal.path.CompiledPath -- Evaluating path: $
12:51:56.315 [main] DEBUG com.jayway.jsonpath.internal.JsonContext -- Put path $ key type value char
12:51:56.315 [main] DEBUG com.jayway.jsonpath.internal.path.CompiledPath -- Evaluating path: $['text']
12:51:56.315 [main] DEBUG com.jayway.jsonpath.internal.path.CompiledPath -- Evaluating path: $
12:51:56.315 [main] DEBUG com.jayway.jsonpath.internal.path.CompiledPath -- Evaluating path: $
12:51:56.315 [main] DEBUG com.jayway.jsonpath.internal.JsonContext -- Put path $ key text value {}
12:51:56.315 [main] DEBUG com.jayway.jsonpath.internal.path.CompiledPath -- Evaluating path: $
12:51:56.315 [main] DEBUG com.jayway.jsonpath.internal.JsonContext -- Put path $ key text value l
12:51:56.315 [main] DEBUG com.jayway.jsonpath.internal.path.CompiledPath -- Evaluating path: $['windowsVirtualKeyCode']
12:51:56.315 [main] DEBUG com.jayway.jsonpath.internal.path.CompiledPath -- Evaluating path: $
12:51:56.315 [main] DEBUG com.jayway.jsonpath.internal.path.CompiledPath -- Evaluating path: $
12:51:56.315 [main] DEBUG com.jayway.jsonpath.internal.JsonContext -- Put path $ key windowsVirtualKeyCode value {}
12:51:56.315 [main] DEBUG com.jayway.jsonpath.internal.path.CompiledPath -- Evaluating path: $
12:51:56.315 [main] DEBUG com.jayway.jsonpath.internal.JsonContext -- Put path $ key windowsVirtualKeyCode value 108
12:51:56.315 [main] DEBUG com.jayway.jsonpath.internal.path.CompiledPath -- Evaluating path: $
12:51:56.315 [main] DEBUG com.intuit.karate.driver.chrome_1718781712166 -- >> {"id":23,"sessionId":"5CA559BB167CA031E7DDA78D954316C9","method":"Input.dispatchKeyEvent","params":{"modifiers":0,"type":"char","text":"l","windowsVirtualKeyCode":108}}
12:51:56.318 [nioEventLoopGroup-7-1] DEBUG com.intuit.karate.driver.chrome_1718781712166 -- << {"id":23,"result":{},"sessionId":"5CA559BB167CA031E7DDA78D954316C9"}
12:51:56.318 [nioEventLoopGroup-7-1] DEBUG com.jayway.jsonpath.internal.path.CompiledPath -- Evaluating path: $
12:51:56.319 [main] DEBUG com.jayway.jsonpath.internal.path.CompiledPath -- Evaluating path: $['modifiers']
12:51:56.319 [main] DEBUG com.jayway.jsonpath.internal.path.CompiledPath -- Evaluating path: $
12:51:56.319 [main] DEBUG com.jayway.jsonpath.internal.path.CompiledPath -- Evaluating path: $
12:51:56.319 [main] DEBUG com.jayway.jsonpath.internal.JsonContext -- Put path $ key modifiers value {}
12:51:56.319 [main] DEBUG com.jayway.jsonpath.internal.path.CompiledPath -- Evaluating path: $
12:51:56.319 [main] DEBUG com.jayway.jsonpath.internal.JsonContext -- Put path $ key modifiers value 0
12:51:56.319 [main] DEBUG com.jayway.jsonpath.internal.path.CompiledPath -- Evaluating path: $['type']
12:51:56.319 [main] DEBUG com.jayway.jsonpath.internal.path.CompiledPath -- Evaluating path: $
12:51:56.319 [main] DEBUG com.jayway.jsonpath.internal.path.CompiledPath -- Evaluating path: $
12:51:56.319 [main] DEBUG com.jayway.jsonpath.internal.JsonContext -- Put path $ key type value {}
12:51:56.319 [main] DEBUG com.jayway.jsonpath.internal.path.CompiledPath -- Evaluating path: $
12:51:56.319 [main] DEBUG com.jayway.jsonpath.internal.JsonContext -- Put path $ key type value keyUp
12:51:56.319 [main] DEBUG com.jayway.jsonpath.internal.path.CompiledPath -- Evaluating path: $['text']
12:51:56.319 [main] DEBUG com.jayway.jsonpath.internal.path.CompiledPath -- Evaluating path: $
12:51:56.319 [main] DEBUG com.jayway.jsonpath.internal.path.CompiledPath -- Evaluating path: $
12:51:56.319 [main] DEBUG com.jayway.jsonpath.internal.JsonContext -- Put path $ key text value {}
12:51:56.319 [main] DEBUG com.jayway.jsonpath.internal.path.CompiledPath -- Evaluating path: $
12:51:56.319 [main] DEBUG com.jayway.jsonpath.internal.JsonContext -- Put path $ key text value l
12:51:56.319 [main] DEBUG com.jayway.jsonpath.internal.path.CompiledPath -- Evaluating path: $['windowsVirtualKeyCode']
12:51:56.319 [main] DEBUG com.jayway.jsonpath.internal.path.CompiledPath -- Evaluating path: $
12:51:56.319 [main] DEBUG com.jayway.jsonpath.internal.path.CompiledPath -- Evaluating path: $
12:51:56.319 [main] DEBUG com.jayway.jsonpath.internal.JsonContext -- Put path $ key windowsVirtualKeyCode value {}
12:51:56.319 [main] DEBUG com.jayway.jsonpath.internal.path.CompiledPath -- Evaluating path: $
12:51:56.319 [main] DEBUG com.jayway.jsonpath.internal.JsonContext -- Put path $ key windowsVirtualKeyCode value 108
12:51:56.319 [main] DEBUG com.jayway.jsonpath.internal.path.CompiledPath -- Evaluating path: $
12:51:56.319 [main] DEBUG com.intuit.karate.driver.chrome_1718781712166 -- >> {"id":24,"sessionId":"5CA559BB167CA031E7DDA78D954316C9","method":"Input.dispatchKeyEvent","params":{"modifiers":0,"type":"keyUp","text":"l","windowsVirtualKeyCode":108}}
12:51:56.319 [nioEventLoopGroup-7-1] DEBUG com.intuit.karate.driver.chrome_1718781712166 -- << {"id":24,"result":{},"sessionId":"5CA559BB167CA031E7DDA78D954316C9"}
12:51:56.319 [nioEventLoopGroup-7-1] DEBUG com.jayway.jsonpath.internal.path.CompiledPath -- Evaluating path: $
12:51:56.319 [main] DEBUG com.jayway.jsonpath.internal.path.CompiledPath -- Evaluating path: $['modifiers']
12:51:56.319 [main] DEBUG com.jayway.jsonpath.internal.path.CompiledPath -- Evaluating path: $
12:51:56.319 [main] DEBUG com.jayway.jsonpath.internal.path.CompiledPath -- Evaluating path: $
12:51:56.319 [main] DEBUG com.jayway.jsonpath.internal.JsonContext -- Put path $ key modifiers value {}
12:51:56.319 [main] DEBUG com.jayway.jsonpath.internal.path.CompiledPath -- Evaluating path: $
12:51:56.319 [main] DEBUG com.jayway.jsonpath.internal.JsonContext -- Put path $ key modifiers value 0
12:51:56.319 [main] DEBUG com.jayway.jsonpath.internal.path.CompiledPath -- Evaluating path: $['type']
12:51:56.319 [main] DEBUG com.jayway.jsonpath.internal.path.CompiledPath -- Evaluating path: $
12:51:56.319 [main] DEBUG com.jayway.jsonpath.internal.path.CompiledPath -- Evaluating path: $
12:51:56.319 [main] DEBUG com.jayway.jsonpath.internal.JsonContext -- Put path $ key type value {}
12:51:56.319 [main] DEBUG com.jayway.jsonpath.internal.path.CompiledPath -- Evaluating path: $
12:51:56.319 [main] DEBUG com.jayway.jsonpath.internal.JsonContext -- Put path $ key type value rawKeyDown
12:51:56.319 [main] DEBUG com.jayway.jsonpath.internal.path.CompiledPath -- Evaluating path: $['text']
12:51:56.319 [main] DEBUG com.jayway.jsonpath.internal.path.CompiledPath -- Evaluating path: $
12:51:56.319 [main] DEBUG com.jayway.jsonpath.internal.path.CompiledPath -- Evaluating path: $
12:51:56.319 [main] DEBUG com.jayway.jsonpath.internal.JsonContext -- Put path $ key text value {}
12:51:56.319 [main] DEBUG com.jayway.jsonpath.internal.path.CompiledPath -- Evaluating path: $
12:51:56.319 [main] DEBUG com.jayway.jsonpath.internal.JsonContext -- Put path $ key text value e
12:51:56.319 [main] DEBUG com.jayway.jsonpath.internal.path.CompiledPath -- Evaluating path: $['windowsVirtualKeyCode']
12:51:56.319 [main] DEBUG com.jayway.jsonpath.internal.path.CompiledPath -- Evaluating path: $
12:51:56.319 [main] DEBUG com.jayway.jsonpath.internal.path.CompiledPath -- Evaluating path: $
12:51:56.319 [main] DEBUG com.jayway.jsonpath.internal.JsonContext -- Put path $ key windowsVirtualKeyCode value {}
12:51:56.319 [main] DEBUG com.jayway.jsonpath.internal.path.CompiledPath -- Evaluating path: $
12:51:56.319 [main] DEBUG com.jayway.jsonpath.internal.JsonContext -- Put path $ key windowsVirtualKeyCode value 101
12:51:56.319 [main] DEBUG com.jayway.jsonpath.internal.path.CompiledPath -- Evaluating path: $
12:51:56.319 [main] DEBUG com.intuit.karate.driver.chrome_1718781712166 -- >> {"id":25,"sessionId":"5CA559BB167CA031E7DDA78D954316C9","method":"Input.dispatchKeyEvent","params":{"modifiers":0,"type":"rawKeyDown","text":"e","windowsVirtualKeyCode":101}}
12:51:56.319 [nioEventLoopGroup-7-1] DEBUG com.intuit.karate.driver.chrome_1718781712166 -- << {"id":25,"result":{},"sessionId":"5CA559BB167CA031E7DDA78D954316C9"}
12:51:56.319 [nioEventLoopGroup-7-1] DEBUG com.jayway.jsonpath.internal.path.CompiledPath -- Evaluating path: $
12:51:56.319 [main] DEBUG com.jayway.jsonpath.internal.path.CompiledPath -- Evaluating path: $['modifiers']
12:51:56.319 [main] DEBUG com.jayway.jsonpath.internal.path.CompiledPath -- Evaluating path: $
12:51:56.319 [main] DEBUG com.jayway.jsonpath.internal.path.CompiledPath -- Evaluating path: $
12:51:56.319 [main] DEBUG com.jayway.jsonpath.internal.JsonContext -- Put path $ key modifiers value {}
12:51:56.319 [main] DEBUG com.jayway.jsonpath.internal.path.CompiledPath -- Evaluating path: $
12:51:56.319 [main] DEBUG com.jayway.jsonpath.internal.JsonContext -- Put path $ key modifiers value 0
12:51:56.319 [main] DEBUG com.jayway.jsonpath.internal.path.CompiledPath -- Evaluating path: $['type']
12:51:56.319 [main] DEBUG com.jayway.jsonpath.internal.path.CompiledPath -- Evaluating path: $
12:51:56.319 [main] DEBUG com.jayway.jsonpath.internal.path.CompiledPath -- Evaluating path: $
12:51:56.319 [main] DEBUG com.jayway.jsonpath.internal.JsonContext -- Put path $ key type value {}
12:51:56.319 [main] DEBUG com.jayway.jsonpath.internal.path.CompiledPath -- Evaluating path: $
12:51:56.319 [main] DEBUG com.jayway.jsonpath.internal.JsonContext -- Put path $ key type value char
12:51:56.319 [main] DEBUG com.jayway.jsonpath.internal.path.CompiledPath -- Evaluating path: $['text']
12:51:56.319 [main] DEBUG com.jayway.jsonpath.internal.path.CompiledPath -- Evaluating path: $
12:51:56.319 [main] DEBUG com.jayway.jsonpath.internal.path.CompiledPath -- Evaluating path: $
12:51:56.319 [main] DEBUG com.jayway.jsonpath.internal.JsonContext -- Put path $ key text value {}
12:51:56.319 [main] DEBUG com.jayway.jsonpath.internal.path.CompiledPath -- Evaluating path: $
12:51:56.319 [main] DEBUG com.jayway.jsonpath.internal.JsonContext -- Put path $ key text value e
12:51:56.319 [main] DEBUG com.jayway.jsonpath.internal.path.CompiledPath -- Evaluating path: $['windowsVirtualKeyCode']
12:51:56.319 [main] DEBUG com.jayway.jsonpath.internal.path.CompiledPath -- Evaluating path: $
12:51:56.319 [main] DEBUG com.jayway.jsonpath.internal.path.CompiledPath -- Evaluating path: $
12:51:56.319 [main] DEBUG com.jayway.jsonpath.internal.JsonContext -- Put path $ key windowsVirtualKeyCode value {}
12:51:56.319 [main] DEBUG com.jayway.jsonpath.internal.path.CompiledPath -- Evaluating path: $
12:51:56.319 [main] DEBUG com.jayway.jsonpath.internal.JsonContext -- Put path $ key windowsVirtualKeyCode value 101
12:51:56.319 [main] DEBUG com.jayway.jsonpath.internal.path.CompiledPath -- Evaluating path: $
12:51:56.319 [main] DEBUG com.intuit.karate.driver.chrome_1718781712166 -- >> {"id":26,"sessionId":"5CA559BB167CA031E7DDA78D954316C9","method":"Input.dispatchKeyEvent","params":{"modifiers":0,"type":"char","text":"e","windowsVirtualKeyCode":101}}
12:51:56.319 [nioEventLoopGroup-7-1] DEBUG com.intuit.karate.driver.chrome_1718781712166 -- << {"id":26,"result":{},"sessionId":"5CA559BB167CA031E7DDA78D954316C9"}
12:51:56.319 [nioEventLoopGroup-7-1] DEBUG com.jayway.jsonpath.internal.path.CompiledPath -- Evaluating path: $
12:51:56.319 [main] DEBUG com.jayway.jsonpath.internal.path.CompiledPath -- Evaluating path: $['modifiers']
12:51:56.319 [main] DEBUG com.jayway.jsonpath.internal.path.CompiledPath -- Evaluating path: $
12:51:56.319 [main] DEBUG com.jayway.jsonpath.internal.path.CompiledPath -- Evaluating path: $
12:51:56.319 [main] DEBUG com.jayway.jsonpath.internal.JsonContext -- Put path $ key modifiers value {}
12:51:56.319 [main] DEBUG com.jayway.jsonpath.internal.path.CompiledPath -- Evaluating path: $
12:51:56.319 [main] DEBUG com.jayway.jsonpath.internal.JsonContext -- Put path $ key modifiers value 0
12:51:56.319 [main] DEBUG com.jayway.jsonpath.internal.path.CompiledPath -- Evaluating path: $['type']
12:51:56.319 [main] DEBUG com.jayway.jsonpath.internal.path.CompiledPath -- Evaluating path: $
12:51:56.319 [main] DEBUG com.jayway.jsonpath.internal.path.CompiledPath -- Evaluating path: $
12:51:56.319 [main] DEBUG com.jayway.jsonpath.internal.JsonContext -- Put path $ key type value {}
12:51:56.319 [main] DEBUG com.jayway.jsonpath.internal.path.CompiledPath -- Evaluating path: $
12:51:56.319 [main] DEBUG com.jayway.jsonpath.internal.JsonContext -- Put path $ key type value keyUp
12:51:56.319 [main] DEBUG com.jayway.jsonpath.internal.path.CompiledPath -- Evaluating path: $['text']
12:51:56.319 [main] DEBUG com.jayway.jsonpath.internal.path.CompiledPath -- Evaluating path: $
12:51:56.319 [main] DEBUG com.jayway.jsonpath.internal.path.CompiledPath -- Evaluating path: $
12:51:56.319 [main] DEBUG com.jayway.jsonpath.internal.JsonContext -- Put path $ key text value {}
12:51:56.319 [main] DEBUG com.jayway.jsonpath.internal.path.CompiledPath -- Evaluating path: $
12:51:56.319 [main] DEBUG com.jayway.jsonpath.internal.JsonContext -- Put path $ key text value e
12:51:56.319 [main] DEBUG com.jayway.jsonpath.internal.path.CompiledPath -- Evaluating path: $['windowsVirtualKeyCode']
12:51:56.319 [main] DEBUG com.jayway.jsonpath.internal.path.CompiledPath -- Evaluating path: $
12:51:56.319 [main] DEBUG com.jayway.jsonpath.internal.path.CompiledPath -- Evaluating path: $
12:51:56.319 [main] DEBUG com.jayway.jsonpath.internal.JsonContext -- Put path $ key windowsVirtualKeyCode value {}
12:51:56.319 [main] DEBUG com.jayway.jsonpath.internal.path.CompiledPath -- Evaluating path: $
12:51:56.319 [main] DEBUG com.jayway.jsonpath.internal.JsonContext -- Put path $ key windowsVirtualKeyCode value 101
12:51:56.319 [main] DEBUG com.jayway.jsonpath.internal.path.CompiledPath -- Evaluating path: $
12:51:56.319 [main] DEBUG com.intuit.karate.driver.chrome_1718781712166 -- >> {"id":27,"sessionId":"5CA559BB167CA031E7DDA78D954316C9","method":"Input.dispatchKeyEvent","params":{"modifiers":0,"type":"keyUp","text":"e","windowsVirtualKeyCode":101}}
12:51:56.325 [nioEventLoopGroup-7-1] DEBUG com.intuit.karate.driver.chrome_1718781712166 -- << {"id":27,"result":{},"sessionId":"5CA559BB167CA031E7DDA78D954316C9"}
12:51:56.325 [nioEventLoopGroup-7-1] DEBUG com.jayway.jsonpath.internal.path.CompiledPath -- Evaluating path: $
12:51:56.325 [main] DEBUG com.jayway.jsonpath.internal.path.CompiledPath -- Evaluating path: $['modifiers']
12:51:56.325 [main] DEBUG com.jayway.jsonpath.internal.path.CompiledPath -- Evaluating path: $
12:51:56.325 [main] DEBUG com.jayway.jsonpath.internal.path.CompiledPath -- Evaluating path: $
12:51:56.325 [main] DEBUG com.jayway.jsonpath.internal.JsonContext -- Put path $ key modifiers value {}
12:51:56.325 [main] DEBUG com.jayway.jsonpath.internal.path.CompiledPath -- Evaluating path: $
12:51:56.325 [main] DEBUG com.jayway.jsonpath.internal.JsonContext -- Put path $ key modifiers value 0
12:51:56.325 [main] DEBUG com.jayway.jsonpath.internal.path.CompiledPath -- Evaluating path: $['type']
12:51:56.325 [main] DEBUG com.jayway.jsonpath.internal.path.CompiledPath -- Evaluating path: $
12:51:56.325 [main] DEBUG com.jayway.jsonpath.internal.path.CompiledPath -- Evaluating path: $
12:51:56.325 [main] DEBUG com.jayway.jsonpath.internal.JsonContext -- Put path $ key type value {}
12:51:56.325 [main] DEBUG com.jayway.jsonpath.internal.path.CompiledPath -- Evaluating path: $
12:51:56.325 [main] DEBUG com.jayway.jsonpath.internal.JsonContext -- Put path $ key type value rawKeyDown
12:51:56.325 [main] DEBUG com.jayway.jsonpath.internal.path.CompiledPath -- Evaluating path: $['text']
12:51:56.325 [main] DEBUG com.jayway.jsonpath.internal.path.CompiledPath -- Evaluating path: $
12:51:56.325 [main] DEBUG com.jayway.jsonpath.internal.path.CompiledPath -- Evaluating path: $
12:51:56.325 [main] DEBUG com.jayway.jsonpath.internal.JsonContext -- Put path $ key text value {}
12:51:56.325 [main] DEBUG com.jayway.jsonpath.internal.path.CompiledPath -- Evaluating path: $
12:51:56.325 [main] DEBUG com.jayway.jsonpath.internal.JsonContext -- Put path $ key text value m
12:51:56.325 [main] DEBUG com.jayway.jsonpath.internal.path.CompiledPath -- Evaluating path: $['windowsVirtualKeyCode']
12:51:56.325 [main] DEBUG com.jayway.jsonpath.internal.path.CompiledPath -- Evaluating path: $
12:51:56.325 [main] DEBUG com.jayway.jsonpath.internal.path.CompiledPath -- Evaluating path: $
12:51:56.325 [main] DEBUG com.jayway.jsonpath.internal.JsonContext -- Put path $ key windowsVirtualKeyCode value {}
12:51:56.325 [main] DEBUG com.jayway.jsonpath.internal.path.CompiledPath -- Evaluating path: $
12:51:56.325 [main] DEBUG com.jayway.jsonpath.internal.JsonContext -- Put path $ key windowsVirtualKeyCode value 109
12:51:56.325 [main] DEBUG com.jayway.jsonpath.internal.path.CompiledPath -- Evaluating path: $
12:51:56.325 [main] DEBUG com.intuit.karate.driver.chrome_1718781712166 -- >> {"id":28,"sessionId":"5CA559BB167CA031E7DDA78D954316C9","method":"Input.dispatchKeyEvent","params":{"modifiers":0,"type":"rawKeyDown","text":"m","windowsVirtualKeyCode":109}}
12:51:56.325 [nioEventLoopGroup-7-1] DEBUG com.intuit.karate.driver.chrome_1718781712166 -- << {"id":28,"result":{},"sessionId":"5CA559BB167CA031E7DDA78D954316C9"}
12:51:56.325 [nioEventLoopGroup-7-1] DEBUG com.jayway.jsonpath.internal.path.CompiledPath -- Evaluating path: $
12:51:56.325 [main] DEBUG com.jayway.jsonpath.internal.path.CompiledPath -- Evaluating path: $['modifiers']
12:51:56.325 [main] DEBUG com.jayway.jsonpath.internal.path.CompiledPath -- Evaluating path: $
12:51:56.325 [main] DEBUG com.jayway.jsonpath.internal.path.CompiledPath -- Evaluating path: $
12:51:56.325 [main] DEBUG com.jayway.jsonpath.internal.JsonContext -- Put path $ key modifiers value {}
12:51:56.325 [main] DEBUG com.jayway.jsonpath.internal.path.CompiledPath -- Evaluating path: $
12:51:56.325 [main] DEBUG com.jayway.jsonpath.internal.JsonContext -- Put path $ key modifiers value 0
12:51:56.325 [main] DEBUG com.jayway.jsonpath.internal.path.CompiledPath -- Evaluating path: $['type']
12:51:56.325 [main] DEBUG com.jayway.jsonpath.internal.path.CompiledPath -- Evaluating path: $
12:51:56.325 [main] DEBUG com.jayway.jsonpath.internal.path.CompiledPath -- Evaluating path: $
12:51:56.325 [main] DEBUG com.jayway.jsonpath.internal.JsonContext -- Put path $ key type value {}
12:51:56.325 [main] DEBUG com.jayway.jsonpath.internal.path.CompiledPath -- Evaluating path: $
12:51:56.325 [main] DEBUG com.jayway.jsonpath.internal.JsonContext -- Put path $ key type value char
12:51:56.325 [main] DEBUG com.jayway.jsonpath.internal.path.CompiledPath -- Evaluating path: $['text']
12:51:56.325 [main] DEBUG com.jayway.jsonpath.internal.path.CompiledPath -- Evaluating path: $
12:51:56.325 [main] DEBUG com.jayway.jsonpath.internal.path.CompiledPath -- Evaluating path: $
12:51:56.325 [main] DEBUG com.jayway.jsonpath.internal.JsonContext -- Put path $ key text value {}
12:51:56.325 [main] DEBUG com.jayway.jsonpath.internal.path.CompiledPath -- Evaluating path: $
12:51:56.325 [main] DEBUG com.jayway.jsonpath.internal.JsonContext -- Put path $ key text value m
12:51:56.325 [main] DEBUG com.jayway.jsonpath.internal.path.CompiledPath -- Evaluating path: $['windowsVirtualKeyCode']
12:51:56.325 [main] DEBUG com.jayway.jsonpath.internal.path.CompiledPath -- Evaluating path: $
12:51:56.325 [main] DEBUG com.jayway.jsonpath.internal.path.CompiledPath -- Evaluating path: $
12:51:56.325 [main] DEBUG com.jayway.jsonpath.internal.JsonContext -- Put path $ key windowsVirtualKeyCode value {}
12:51:56.325 [main] DEBUG com.jayway.jsonpath.internal.path.CompiledPath -- Evaluating path: $
12:51:56.325 [main] DEBUG com.jayway.jsonpath.internal.JsonContext -- Put path $ key windowsVirtualKeyCode value 109
12:51:56.325 [main] DEBUG com.jayway.jsonpath.internal.path.CompiledPath -- Evaluating path: $
12:51:56.325 [main] DEBUG com.intuit.karate.driver.chrome_1718781712166 -- >> {"id":29,"sessionId":"5CA559BB167CA031E7DDA78D954316C9","method":"Input.dispatchKeyEvent","params":{"modifiers":0,"type":"char","text":"m","windowsVirtualKeyCode":109}}
12:51:56.329 [nioEventLoopGroup-7-1] DEBUG com.intuit.karate.driver.chrome_1718781712166 -- << {"id":29,"result":{},"sessionId":"5CA559BB167CA031E7DDA78D954316C9"}
12:51:56.329 [nioEventLoopGroup-7-1] DEBUG com.jayway.jsonpath.internal.path.CompiledPath -- Evaluating path: $
12:51:56.329 [main] DEBUG com.jayway.jsonpath.internal.path.CompiledPath -- Evaluating path: $['modifiers']
12:51:56.329 [main] DEBUG com.jayway.jsonpath.internal.path.CompiledPath -- Evaluating path: $
12:51:56.329 [main] DEBUG com.jayway.jsonpath.internal.path.CompiledPath -- Evaluating path: $
12:51:56.329 [main] DEBUG com.jayway.jsonpath.internal.JsonContext -- Put path $ key modifiers value {}
12:51:56.329 [main] DEBUG com.jayway.jsonpath.internal.path.CompiledPath -- Evaluating path: $
12:51:56.329 [main] DEBUG com.jayway.jsonpath.internal.JsonContext -- Put path $ key modifiers value 0
12:51:56.329 [main] DEBUG com.jayway.jsonpath.internal.path.CompiledPath -- Evaluating path: $['type']
12:51:56.329 [main] DEBUG com.jayway.jsonpath.internal.path.CompiledPath -- Evaluating path: $
12:51:56.329 [main] DEBUG com.jayway.jsonpath.internal.path.CompiledPath -- Evaluating path: $
12:51:56.329 [main] DEBUG com.jayway.jsonpath.internal.JsonContext -- Put path $ key type value {}
12:51:56.329 [main] DEBUG com.jayway.jsonpath.internal.path.CompiledPath -- Evaluating path: $
12:51:56.329 [main] DEBUG com.jayway.jsonpath.internal.JsonContext -- Put path $ key type value keyUp
12:51:56.329 [main] DEBUG com.jayway.jsonpath.internal.path.CompiledPath -- Evaluating path: $['text']
12:51:56.329 [main] DEBUG com.jayway.jsonpath.internal.path.CompiledPath -- Evaluating path: $
12:51:56.329 [main] DEBUG com.jayway.jsonpath.internal.path.CompiledPath -- Evaluating path: $
12:51:56.329 [main] DEBUG com.jayway.jsonpath.internal.JsonContext -- Put path $ key text value {}
12:51:56.329 [main] DEBUG com.jayway.jsonpath.internal.path.CompiledPath -- Evaluating path: $
12:51:56.329 [main] DEBUG com.jayway.jsonpath.internal.JsonContext -- Put path $ key text value m
12:51:56.329 [main] DEBUG com.jayway.jsonpath.internal.path.CompiledPath -- Evaluating path: $['windowsVirtualKeyCode']
12:51:56.329 [main] DEBUG com.jayway.jsonpath.internal.path.CompiledPath -- Evaluating path: $
12:51:56.329 [main] DEBUG com.jayway.jsonpath.internal.path.CompiledPath -- Evaluating path: $
12:51:56.329 [main] DEBUG com.jayway.jsonpath.internal.JsonContext -- Put path $ key windowsVirtualKeyCode value {}
12:51:56.329 [main] DEBUG com.jayway.jsonpath.internal.path.CompiledPath -- Evaluating path: $
12:51:56.329 [main] DEBUG com.jayway.jsonpath.internal.JsonContext -- Put path $ key windowsVirtualKeyCode value 109
12:51:56.329 [main] DEBUG com.jayway.jsonpath.internal.path.CompiledPath -- Evaluating path: $
12:51:56.329 [main] DEBUG com.intuit.karate.driver.chrome_1718781712166 -- >> {"id":30,"sessionId":"5CA559BB167CA031E7DDA78D954316C9","method":"Input.dispatchKeyEvent","params":{"modifiers":0,"type":"keyUp","text":"m","windowsVirtualKeyCode":109}}
12:51:56.332 [nioEventLoopGroup-7-1] DEBUG com.intuit.karate.driver.chrome_1718781712166 -- << {"id":30,"result":{},"sessionId":"5CA559BB167CA031E7DDA78D954316C9"}
12:51:56.332 [nioEventLoopGroup-7-1] DEBUG com.jayway.jsonpath.internal.path.CompiledPath -- Evaluating path: $
12:51:56.332 [main] DEBUG com.jayway.jsonpath.internal.path.CompiledPath -- Evaluating path: $['modifiers']
12:51:56.332 [main] DEBUG com.jayway.jsonpath.internal.path.CompiledPath -- Evaluating path: $
12:51:56.332 [main] DEBUG com.jayway.jsonpath.internal.path.CompiledPath -- Evaluating path: $
12:51:56.332 [main] DEBUG com.jayway.jsonpath.internal.JsonContext -- Put path $ key modifiers value {}
12:51:56.332 [main] DEBUG com.jayway.jsonpath.internal.path.CompiledPath -- Evaluating path: $
12:51:56.332 [main] DEBUG com.jayway.jsonpath.internal.JsonContext -- Put path $ key modifiers value 0
12:51:56.332 [main] DEBUG com.jayway.jsonpath.internal.path.CompiledPath -- Evaluating path: $['type']
12:51:56.332 [main] DEBUG com.jayway.jsonpath.internal.path.CompiledPath -- Evaluating path: $
12:51:56.332 [main] DEBUG com.jayway.jsonpath.internal.path.CompiledPath -- Evaluating path: $
12:51:56.332 [main] DEBUG com.jayway.jsonpath.internal.JsonContext -- Put path $ key type value {}
12:51:56.332 [main] DEBUG com.jayway.jsonpath.internal.path.CompiledPath -- Evaluating path: $
12:51:56.332 [main] DEBUG com.jayway.jsonpath.internal.JsonContext -- Put path $ key type value rawKeyDown
12:51:56.332 [main] DEBUG com.jayway.jsonpath.internal.path.CompiledPath -- Evaluating path: $['text']
12:51:56.332 [main] DEBUG com.jayway.jsonpath.internal.path.CompiledPath -- Evaluating path: $
12:51:56.332 [main] DEBUG com.jayway.jsonpath.internal.path.CompiledPath -- Evaluating path: $
12:51:56.332 [main] DEBUG com.jayway.jsonpath.internal.JsonContext -- Put path $ key text value {}
12:51:56.332 [main] DEBUG com.jayway.jsonpath.internal.path.CompiledPath -- Evaluating path: $
12:51:56.332 [main] DEBUG com.jayway.jsonpath.internal.JsonContext -- Put path $ key text value _
12:51:56.332 [main] DEBUG com.jayway.jsonpath.internal.path.CompiledPath -- Evaluating path: $['windowsVirtualKeyCode']
12:51:56.332 [main] DEBUG com.jayway.jsonpath.internal.path.CompiledPath -- Evaluating path: $
12:51:56.332 [main] DEBUG com.jayway.jsonpath.internal.path.CompiledPath -- Evaluating path: $
12:51:56.332 [main] DEBUG com.jayway.jsonpath.internal.JsonContext -- Put path $ key windowsVirtualKeyCode value {}
12:51:56.332 [main] DEBUG com.jayway.jsonpath.internal.path.CompiledPath -- Evaluating path: $
12:51:56.332 [main] DEBUG com.jayway.jsonpath.internal.JsonContext -- Put path $ key windowsVirtualKeyCode value 523
12:51:56.332 [main] DEBUG com.jayway.jsonpath.internal.path.CompiledPath -- Evaluating path: $
12:51:56.332 [main] DEBUG com.intuit.karate.driver.chrome_1718781712166 -- >> {"id":31,"sessionId":"5CA559BB167CA031E7DDA78D954316C9","method":"Input.dispatchKeyEvent","params":{"modifiers":0,"type":"rawKeyDown","text":"_","windowsVirtualKeyCode":523}}
12:51:56.333 [nioEventLoopGroup-7-1] DEBUG com.intuit.karate.driver.chrome_1718781712166 -- << {"id":31,"result":{},"sessionId":"5CA559BB167CA031E7DDA78D954316C9"}
12:51:56.333 [nioEventLoopGroup-7-1] DEBUG com.jayway.jsonpath.internal.path.CompiledPath -- Evaluating path: $
12:51:56.333 [main] DEBUG com.jayway.jsonpath.internal.path.CompiledPath -- Evaluating path: $['modifiers']
12:51:56.333 [main] DEBUG com.jayway.jsonpath.internal.path.CompiledPath -- Evaluating path: $
12:51:56.333 [main] DEBUG com.jayway.jsonpath.internal.path.CompiledPath -- Evaluating path: $
12:51:56.333 [main] DEBUG com.jayway.jsonpath.internal.JsonContext -- Put path $ key modifiers value {}
12:51:56.333 [main] DEBUG com.jayway.jsonpath.internal.path.CompiledPath -- Evaluating path: $
12:51:56.333 [main] DEBUG com.jayway.jsonpath.internal.JsonContext -- Put path $ key modifiers value 0
12:51:56.333 [main] DEBUG com.jayway.jsonpath.internal.path.CompiledPath -- Evaluating path: $['type']
12:51:56.333 [main] DEBUG com.jayway.jsonpath.internal.path.CompiledPath -- Evaluating path: $
12:51:56.333 [main] DEBUG com.jayway.jsonpath.internal.path.CompiledPath -- Evaluating path: $
12:51:56.333 [main] DEBUG com.jayway.jsonpath.internal.JsonContext -- Put path $ key type value {}
12:51:56.333 [main] DEBUG com.jayway.jsonpath.internal.path.CompiledPath -- Evaluating path: $
12:51:56.333 [main] DEBUG com.jayway.jsonpath.internal.JsonContext -- Put path $ key type value char
12:51:56.333 [main] DEBUG com.jayway.jsonpath.internal.path.CompiledPath -- Evaluating path: $['text']
12:51:56.333 [main] DEBUG com.jayway.jsonpath.internal.path.CompiledPath -- Evaluating path: $
12:51:56.333 [main] DEBUG com.jayway.jsonpath.internal.path.CompiledPath -- Evaluating path: $
12:51:56.333 [main] DEBUG com.jayway.jsonpath.internal.JsonContext -- Put path $ key text value {}
12:51:56.333 [main] DEBUG com.jayway.jsonpath.internal.path.CompiledPath -- Evaluating path: $
12:51:56.333 [main] DEBUG com.jayway.jsonpath.internal.JsonContext -- Put path $ key text value _
12:51:56.333 [main] DEBUG com.jayway.jsonpath.internal.path.CompiledPath -- Evaluating path: $['windowsVirtualKeyCode']
12:51:56.333 [main] DEBUG com.jayway.jsonpath.internal.path.CompiledPath -- Evaluating path: $
12:51:56.333 [main] DEBUG com.jayway.jsonpath.internal.path.CompiledPath -- Evaluating path: $
12:51:56.333 [main] DEBUG com.jayway.jsonpath.internal.JsonContext -- Put path $ key windowsVirtualKeyCode value {}
12:51:56.333 [main] DEBUG com.jayway.jsonpath.internal.path.CompiledPath -- Evaluating path: $
12:51:56.333 [main] DEBUG com.jayway.jsonpath.internal.JsonContext -- Put path $ key windowsVirtualKeyCode value 523
12:51:56.333 [main] DEBUG com.jayway.jsonpath.internal.path.CompiledPath -- Evaluating path: $
12:51:56.333 [main] DEBUG com.intuit.karate.driver.chrome_1718781712166 -- >> {"id":32,"sessionId":"5CA559BB167CA031E7DDA78D954316C9","method":"Input.dispatchKeyEvent","params":{"modifiers":0,"type":"char","text":"_","windowsVirtualKeyCode":523}}
12:51:56.335 [nioEventLoopGroup-7-1] DEBUG com.intuit.karate.driver.chrome_1718781712166 -- << {"id":32,"result":{},"sessionId":"5CA559BB167CA031E7DDA78D954316C9"}
12:51:56.335 [nioEventLoopGroup-7-1] DEBUG com.jayway.jsonpath.internal.path.CompiledPath -- Evaluating path: $
12:51:56.335 [main] DEBUG com.jayway.jsonpath.internal.path.CompiledPath -- Evaluating path: $['modifiers']
12:51:56.335 [main] DEBUG com.jayway.jsonpath.internal.path.CompiledPath -- Evaluating path: $
12:51:56.335 [main] DEBUG com.jayway.jsonpath.internal.path.CompiledPath -- Evaluating path: $
12:51:56.335 [main] DEBUG com.jayway.jsonpath.internal.JsonContext -- Put path $ key modifiers value {}
12:51:56.335 [main] DEBUG com.jayway.jsonpath.internal.path.CompiledPath -- Evaluating path: $
12:51:56.335 [main] DEBUG com.jayway.jsonpath.internal.JsonContext -- Put path $ key modifiers value 0
12:51:56.335 [main] DEBUG com.jayway.jsonpath.internal.path.CompiledPath -- Evaluating path: $['type']
12:51:56.335 [main] DEBUG com.jayway.jsonpath.internal.path.CompiledPath -- Evaluating path: $
12:51:56.335 [main] DEBUG com.jayway.jsonpath.internal.path.CompiledPath -- Evaluating path: $
12:51:56.335 [main] DEBUG com.jayway.jsonpath.internal.JsonContext -- Put path $ key type value {}
12:51:56.335 [main] DEBUG com.jayway.jsonpath.internal.path.CompiledPath -- Evaluating path: $
12:51:56.335 [main] DEBUG com.jayway.jsonpath.internal.JsonContext -- Put path $ key type value keyUp
12:51:56.335 [main] DEBUG com.jayway.jsonpath.internal.path.CompiledPath -- Evaluating path: $['text']
12:51:56.335 [main] DEBUG com.jayway.jsonpath.internal.path.CompiledPath -- Evaluating path: $
12:51:56.335 [main] DEBUG com.jayway.jsonpath.internal.path.CompiledPath -- Evaluating path: $
12:51:56.335 [main] DEBUG com.jayway.jsonpath.internal.JsonContext -- Put path $ key text value {}
12:51:56.335 [main] DEBUG com.jayway.jsonpath.internal.path.CompiledPath -- Evaluating path: $
12:51:56.335 [main] DEBUG com.jayway.jsonpath.internal.JsonContext -- Put path $ key text value _
12:51:56.335 [main] DEBUG com.jayway.jsonpath.internal.path.CompiledPath -- Evaluating path: $['windowsVirtualKeyCode']
12:51:56.335 [main] DEBUG com.jayway.jsonpath.internal.path.CompiledPath -- Evaluating path: $
12:51:56.335 [main] DEBUG com.jayway.jsonpath.internal.path.CompiledPath -- Evaluating path: $
12:51:56.335 [main] DEBUG com.jayway.jsonpath.internal.JsonContext -- Put path $ key windowsVirtualKeyCode value {}
12:51:56.335 [main] DEBUG com.jayway.jsonpath.internal.path.CompiledPath -- Evaluating path: $
12:51:56.335 [main] DEBUG com.jayway.jsonpath.internal.JsonContext -- Put path $ key windowsVirtualKeyCode value 523
12:51:56.335 [main] DEBUG com.jayway.jsonpath.internal.path.CompiledPath -- Evaluating path: $
12:51:56.335 [main] DEBUG com.intuit.karate.driver.chrome_1718781712166 -- >> {"id":33,"sessionId":"5CA559BB167CA031E7DDA78D954316C9","method":"Input.dispatchKeyEvent","params":{"modifiers":0,"type":"keyUp","text":"_","windowsVirtualKeyCode":523}}
12:51:56.335 [nioEventLoopGroup-7-1] DEBUG com.intuit.karate.driver.chrome_1718781712166 -- << {"id":33,"result":{},"sessionId":"5CA559BB167CA031E7DDA78D954316C9"}
12:51:56.335 [nioEventLoopGroup-7-1] DEBUG com.jayway.jsonpath.internal.path.CompiledPath -- Evaluating path: $
12:51:56.335 [main] DEBUG com.jayway.jsonpath.internal.path.CompiledPath -- Evaluating path: $['modifiers']
12:51:56.335 [main] DEBUG com.jayway.jsonpath.internal.path.CompiledPath -- Evaluating path: $
12:51:56.335 [main] DEBUG com.jayway.jsonpath.internal.path.CompiledPath -- Evaluating path: $
12:51:56.335 [main] DEBUG com.jayway.jsonpath.internal.JsonContext -- Put path $ key modifiers value {}
12:51:56.335 [main] DEBUG com.jayway.jsonpath.internal.path.CompiledPath -- Evaluating path: $
12:51:56.335 [main] DEBUG com.jayway.jsonpath.internal.JsonContext -- Put path $ key modifiers value 0
12:51:56.335 [main] DEBUG com.jayway.jsonpath.internal.path.CompiledPath -- Evaluating path: $['type']
12:51:56.335 [main] DEBUG com.jayway.jsonpath.internal.path.CompiledPath -- Evaluating path: $
12:51:56.335 [main] DEBUG com.jayway.jsonpath.internal.path.CompiledPath -- Evaluating path: $
12:51:56.335 [main] DEBUG com.jayway.jsonpath.internal.JsonContext -- Put path $ key type value {}
12:51:56.335 [main] DEBUG com.jayway.jsonpath.internal.path.CompiledPath -- Evaluating path: $
12:51:56.335 [main] DEBUG com.jayway.jsonpath.internal.JsonContext -- Put path $ key type value rawKeyDown
12:51:56.335 [main] DEBUG com.jayway.jsonpath.internal.path.CompiledPath -- Evaluating path: $['text']
12:51:56.335 [main] DEBUG com.jayway.jsonpath.internal.path.CompiledPath -- Evaluating path: $
12:51:56.335 [main] DEBUG com.jayway.jsonpath.internal.path.CompiledPath -- Evaluating path: $
12:51:56.335 [main] DEBUG com.jayway.jsonpath.internal.JsonContext -- Put path $ key text value {}
12:51:56.335 [main] DEBUG com.jayway.jsonpath.internal.path.CompiledPath -- Evaluating path: $
12:51:56.335 [main] DEBUG com.jayway.jsonpath.internal.JsonContext -- Put path $ key text value u
12:51:56.335 [main] DEBUG com.jayway.jsonpath.internal.path.CompiledPath -- Evaluating path: $['windowsVirtualKeyCode']
12:51:56.335 [main] DEBUG com.jayway.jsonpath.internal.path.CompiledPath -- Evaluating path: $
12:51:56.335 [main] DEBUG com.jayway.jsonpath.internal.path.CompiledPath -- Evaluating path: $
12:51:56.335 [main] DEBUG com.jayway.jsonpath.internal.JsonContext -- Put path $ key windowsVirtualKeyCode value {}
12:51:56.335 [main] DEBUG com.jayway.jsonpath.internal.path.CompiledPath -- Evaluating path: $
12:51:56.335 [main] DEBUG com.jayway.jsonpath.internal.JsonContext -- Put path $ key windowsVirtualKeyCode value 117
12:51:56.335 [main] DEBUG com.jayway.jsonpath.internal.path.CompiledPath -- Evaluating path: $
12:51:56.335 [main] DEBUG com.intuit.karate.driver.chrome_1718781712166 -- >> {"id":34,"sessionId":"5CA559BB167CA031E7DDA78D954316C9","method":"Input.dispatchKeyEvent","params":{"modifiers":0,"type":"rawKeyDown","text":"u","windowsVirtualKeyCode":117}}
12:51:56.339 [nioEventLoopGroup-7-1] DEBUG com.intuit.karate.driver.chrome_1718781712166 -- << {"id":34,"result":{},"sessionId":"5CA559BB167CA031E7DDA78D954316C9"}
12:51:56.339 [nioEventLoopGroup-7-1] DEBUG com.jayway.jsonpath.internal.path.CompiledPath -- Evaluating path: $
12:51:56.339 [main] DEBUG com.jayway.jsonpath.internal.path.CompiledPath -- Evaluating path: $['modifiers']
12:51:56.339 [main] DEBUG com.jayway.jsonpath.internal.path.CompiledPath -- Evaluating path: $
12:51:56.339 [main] DEBUG com.jayway.jsonpath.internal.path.CompiledPath -- Evaluating path: $
12:51:56.339 [main] DEBUG com.jayway.jsonpath.internal.JsonContext -- Put path $ key modifiers value {}
12:51:56.339 [main] DEBUG com.jayway.jsonpath.internal.path.CompiledPath -- Evaluating path: $
12:51:56.339 [main] DEBUG com.jayway.jsonpath.internal.JsonContext -- Put path $ key modifiers value 0
12:51:56.339 [main] DEBUG com.jayway.jsonpath.internal.path.CompiledPath -- Evaluating path: $['type']
12:51:56.339 [main] DEBUG com.jayway.jsonpath.internal.path.CompiledPath -- Evaluating path: $
12:51:56.339 [main] DEBUG com.jayway.jsonpath.internal.path.CompiledPath -- Evaluating path: $
12:51:56.339 [main] DEBUG com.jayway.jsonpath.internal.JsonContext -- Put path $ key type value {}
12:51:56.339 [main] DEBUG com.jayway.jsonpath.internal.path.CompiledPath -- Evaluating path: $
12:51:56.339 [main] DEBUG com.jayway.jsonpath.internal.JsonContext -- Put path $ key type value char
12:51:56.339 [main] DEBUG com.jayway.jsonpath.internal.path.CompiledPath -- Evaluating path: $['text']
12:51:56.339 [main] DEBUG com.jayway.jsonpath.internal.path.CompiledPath -- Evaluating path: $
12:51:56.339 [main] DEBUG com.jayway.jsonpath.internal.path.CompiledPath -- Evaluating path: $
12:51:56.339 [main] DEBUG com.jayway.jsonpath.internal.JsonContext -- Put path $ key text value {}
12:51:56.339 [main] DEBUG com.jayway.jsonpath.internal.path.CompiledPath -- Evaluating path: $
12:51:56.339 [main] DEBUG com.jayway.jsonpath.internal.JsonContext -- Put path $ key text value u
12:51:56.339 [main] DEBUG com.jayway.jsonpath.internal.path.CompiledPath -- Evaluating path: $['windowsVirtualKeyCode']
12:51:56.339 [main] DEBUG com.jayway.jsonpath.internal.path.CompiledPath -- Evaluating path: $
12:51:56.339 [main] DEBUG com.jayway.jsonpath.internal.path.CompiledPath -- Evaluating path: $
12:51:56.339 [main] DEBUG com.jayway.jsonpath.internal.JsonContext -- Put path $ key windowsVirtualKeyCode value {}
12:51:56.339 [main] DEBUG com.jayway.jsonpath.internal.path.CompiledPath -- Evaluating path: $
12:51:56.339 [main] DEBUG com.jayway.jsonpath.internal.JsonContext -- Put path $ key windowsVirtualKeyCode value 117
12:51:56.339 [main] DEBUG com.jayway.jsonpath.internal.path.CompiledPath -- Evaluating path: $
12:51:56.339 [main] DEBUG com.intuit.karate.driver.chrome_1718781712166 -- >> {"id":35,"sessionId":"5CA559BB167CA031E7DDA78D954316C9","method":"Input.dispatchKeyEvent","params":{"modifiers":0,"type":"char","text":"u","windowsVirtualKeyCode":117}}
12:51:56.340 [nioEventLoopGroup-7-1] DEBUG com.intuit.karate.driver.chrome_1718781712166 -- << {"id":35,"result":{},"sessionId":"5CA559BB167CA031E7DDA78D954316C9"}
12:51:56.340 [nioEventLoopGroup-7-1] DEBUG com.jayway.jsonpath.internal.path.CompiledPath -- Evaluating path: $
12:51:56.340 [main] DEBUG com.jayway.jsonpath.internal.path.CompiledPath -- Evaluating path: $['modifiers']
12:51:56.340 [main] DEBUG com.jayway.jsonpath.internal.path.CompiledPath -- Evaluating path: $
12:51:56.340 [main] DEBUG com.jayway.jsonpath.internal.path.CompiledPath -- Evaluating path: $
12:51:56.340 [main] DEBUG com.jayway.jsonpath.internal.JsonContext -- Put path $ key modifiers value {}
12:51:56.340 [main] DEBUG com.jayway.jsonpath.internal.path.CompiledPath -- Evaluating path: $
12:51:56.340 [main] DEBUG com.jayway.jsonpath.internal.JsonContext -- Put path $ key modifiers value 0
12:51:56.340 [main] DEBUG com.jayway.jsonpath.internal.path.CompiledPath -- Evaluating path: $['type']
12:51:56.340 [main] DEBUG com.jayway.jsonpath.internal.path.CompiledPath -- Evaluating path: $
12:51:56.340 [main] DEBUG com.jayway.jsonpath.internal.path.CompiledPath -- Evaluating path: $
12:51:56.340 [main] DEBUG com.jayway.jsonpath.internal.JsonContext -- Put path $ key type value {}
12:51:56.340 [main] DEBUG com.jayway.jsonpath.internal.path.CompiledPath -- Evaluating path: $
12:51:56.340 [main] DEBUG com.jayway.jsonpath.internal.JsonContext -- Put path $ key type value keyUp
12:51:56.340 [main] DEBUG com.jayway.jsonpath.internal.path.CompiledPath -- Evaluating path: $['text']
12:51:56.340 [main] DEBUG com.jayway.jsonpath.internal.path.CompiledPath -- Evaluating path: $
12:51:56.340 [main] DEBUG com.jayway.jsonpath.internal.path.CompiledPath -- Evaluating path: $
12:51:56.340 [main] DEBUG com.jayway.jsonpath.internal.JsonContext -- Put path $ key text value {}
12:51:56.340 [main] DEBUG com.jayway.jsonpath.internal.path.CompiledPath -- Evaluating path: $
12:51:56.340 [main] DEBUG com.jayway.jsonpath.internal.JsonContext -- Put path $ key text value u
12:51:56.340 [main] DEBUG com.jayway.jsonpath.internal.path.CompiledPath -- Evaluating path: $['windowsVirtualKeyCode']
12:51:56.340 [main] DEBUG com.jayway.jsonpath.internal.path.CompiledPath -- Evaluating path: $
12:51:56.340 [main] DEBUG com.jayway.jsonpath.internal.path.CompiledPath -- Evaluating path: $
12:51:56.340 [main] DEBUG com.jayway.jsonpath.internal.JsonContext -- Put path $ key windowsVirtualKeyCode value {}
12:51:56.340 [main] DEBUG com.jayway.jsonpath.internal.path.CompiledPath -- Evaluating path: $
12:51:56.340 [main] DEBUG com.jayway.jsonpath.internal.JsonContext -- Put path $ key windowsVirtualKeyCode value 117
12:51:56.340 [main] DEBUG com.jayway.jsonpath.internal.path.CompiledPath -- Evaluating path: $
12:51:56.340 [main] DEBUG com.intuit.karate.driver.chrome_1718781712166 -- >> {"id":36,"sessionId":"5CA559BB167CA031E7DDA78D954316C9","method":"Input.dispatchKeyEvent","params":{"modifiers":0,"type":"keyUp","text":"u","windowsVirtualKeyCode":117}}
12:51:56.343 [nioEventLoopGroup-7-1] DEBUG com.intuit.karate.driver.chrome_1718781712166 -- << {"id":36,"result":{},"sessionId":"5CA559BB167CA031E7DDA78D954316C9"}
12:51:56.343 [nioEventLoopGroup-7-1] DEBUG com.jayway.jsonpath.internal.path.CompiledPath -- Evaluating path: $
12:51:56.343 [main] DEBUG com.jayway.jsonpath.internal.path.CompiledPath -- Evaluating path: $['modifiers']
12:51:56.343 [main] DEBUG com.jayway.jsonpath.internal.path.CompiledPath -- Evaluating path: $
12:51:56.343 [main] DEBUG com.jayway.jsonpath.internal.path.CompiledPath -- Evaluating path: $
12:51:56.343 [main] DEBUG com.jayway.jsonpath.internal.JsonContext -- Put path $ key modifiers value {}
12:51:56.343 [main] DEBUG com.jayway.jsonpath.internal.path.CompiledPath -- Evaluating path: $
12:51:56.343 [main] DEBUG com.jayway.jsonpath.internal.JsonContext -- Put path $ key modifiers value 0
12:51:56.343 [main] DEBUG com.jayway.jsonpath.internal.path.CompiledPath -- Evaluating path: $['type']
12:51:56.343 [main] DEBUG com.jayway.jsonpath.internal.path.CompiledPath -- Evaluating path: $
12:51:56.343 [main] DEBUG com.jayway.jsonpath.internal.path.CompiledPath -- Evaluating path: $
12:51:56.343 [main] DEBUG com.jayway.jsonpath.internal.JsonContext -- Put path $ key type value {}
12:51:56.343 [main] DEBUG com.jayway.jsonpath.internal.path.CompiledPath -- Evaluating path: $
12:51:56.343 [main] DEBUG com.jayway.jsonpath.internal.JsonContext -- Put path $ key type value rawKeyDown
12:51:56.343 [main] DEBUG com.jayway.jsonpath.internal.path.CompiledPath -- Evaluating path: $['text']
12:51:56.343 [main] DEBUG com.jayway.jsonpath.internal.path.CompiledPath -- Evaluating path: $
12:51:56.343 [main] DEBUG com.jayway.jsonpath.internal.path.CompiledPath -- Evaluating path: $
12:51:56.343 [main] DEBUG com.jayway.jsonpath.internal.JsonContext -- Put path $ key text value {}
12:51:56.343 [main] DEBUG com.jayway.jsonpath.internal.path.CompiledPath -- Evaluating path: $
12:51:56.343 [main] DEBUG com.jayway.jsonpath.internal.JsonContext -- Put path $ key text value s
12:51:56.343 [main] DEBUG com.jayway.jsonpath.internal.path.CompiledPath -- Evaluating path: $['windowsVirtualKeyCode']
12:51:56.343 [main] DEBUG com.jayway.jsonpath.internal.path.CompiledPath -- Evaluating path: $
12:51:56.343 [main] DEBUG com.jayway.jsonpath.internal.path.CompiledPath -- Evaluating path: $
12:51:56.343 [main] DEBUG com.jayway.jsonpath.internal.JsonContext -- Put path $ key windowsVirtualKeyCode value {}
12:51:56.343 [main] DEBUG com.jayway.jsonpath.internal.path.CompiledPath -- Evaluating path: $
12:51:56.343 [main] DEBUG com.jayway.jsonpath.internal.JsonContext -- Put path $ key windowsVirtualKeyCode value 115
12:51:56.343 [main] DEBUG com.jayway.jsonpath.internal.path.CompiledPath -- Evaluating path: $
12:51:56.343 [main] DEBUG com.intuit.karate.driver.chrome_1718781712166 -- >> {"id":37,"sessionId":"5CA559BB167CA031E7DDA78D954316C9","method":"Input.dispatchKeyEvent","params":{"modifiers":0,"type":"rawKeyDown","text":"s","windowsVirtualKeyCode":115}}
12:51:56.343 [nioEventLoopGroup-7-1] DEBUG com.intuit.karate.driver.chrome_1718781712166 -- << {"id":37,"result":{},"sessionId":"5CA559BB167CA031E7DDA78D954316C9"}
12:51:56.343 [nioEventLoopGroup-7-1] DEBUG com.jayway.jsonpath.internal.path.CompiledPath -- Evaluating path: $
12:51:56.343 [main] DEBUG com.jayway.jsonpath.internal.path.CompiledPath -- Evaluating path: $['modifiers']
12:51:56.343 [main] DEBUG com.jayway.jsonpath.internal.path.CompiledPath -- Evaluating path: $
12:51:56.343 [main] DEBUG com.jayway.jsonpath.internal.path.CompiledPath -- Evaluating path: $
12:51:56.343 [main] DEBUG com.jayway.jsonpath.internal.JsonContext -- Put path $ key modifiers value {}
12:51:56.343 [main] DEBUG com.jayway.jsonpath.internal.path.CompiledPath -- Evaluating path: $
12:51:56.343 [main] DEBUG com.jayway.jsonpath.internal.JsonContext -- Put path $ key modifiers value 0
12:51:56.343 [main] DEBUG com.jayway.jsonpath.internal.path.CompiledPath -- Evaluating path: $['type']
12:51:56.343 [main] DEBUG com.jayway.jsonpath.internal.path.CompiledPath -- Evaluating path: $
12:51:56.343 [main] DEBUG com.jayway.jsonpath.internal.path.CompiledPath -- Evaluating path: $
12:51:56.343 [main] DEBUG com.jayway.jsonpath.internal.JsonContext -- Put path $ key type value {}
12:51:56.343 [main] DEBUG com.jayway.jsonpath.internal.path.CompiledPath -- Evaluating path: $
12:51:56.343 [main] DEBUG com.jayway.jsonpath.internal.JsonContext -- Put path $ key type value char
12:51:56.343 [main] DEBUG com.jayway.jsonpath.internal.path.CompiledPath -- Evaluating path: $['text']
12:51:56.343 [main] DEBUG com.jayway.jsonpath.internal.path.CompiledPath -- Evaluating path: $
12:51:56.343 [main] DEBUG com.jayway.jsonpath.internal.path.CompiledPath -- Evaluating path: $
12:51:56.343 [main] DEBUG com.jayway.jsonpath.internal.JsonContext -- Put path $ key text value {}
12:51:56.343 [main] DEBUG com.jayway.jsonpath.internal.path.CompiledPath -- Evaluating path: $
12:51:56.343 [main] DEBUG com.jayway.jsonpath.internal.JsonContext -- Put path $ key text value s
12:51:56.343 [main] DEBUG com.jayway.jsonpath.internal.path.CompiledPath -- Evaluating path: $['windowsVirtualKeyCode']
12:51:56.343 [main] DEBUG com.jayway.jsonpath.internal.path.CompiledPath -- Evaluating path: $
12:51:56.343 [main] DEBUG com.jayway.jsonpath.internal.path.CompiledPath -- Evaluating path: $
12:51:56.343 [main] DEBUG com.jayway.jsonpath.internal.JsonContext -- Put path $ key windowsVirtualKeyCode value {}
12:51:56.343 [main] DEBUG com.jayway.jsonpath.internal.path.CompiledPath -- Evaluating path: $
12:51:56.343 [main] DEBUG com.jayway.jsonpath.internal.JsonContext -- Put path $ key windowsVirtualKeyCode value 115
12:51:56.343 [main] DEBUG com.jayway.jsonpath.internal.path.CompiledPath -- Evaluating path: $
12:51:56.343 [main] DEBUG com.intuit.karate.driver.chrome_1718781712166 -- >> {"id":38,"sessionId":"5CA559BB167CA031E7DDA78D954316C9","method":"Input.dispatchKeyEvent","params":{"modifiers":0,"type":"char","text":"s","windowsVirtualKeyCode":115}}
12:51:56.346 [nioEventLoopGroup-7-1] DEBUG com.intuit.karate.driver.chrome_1718781712166 -- << {"id":38,"result":{},"sessionId":"5CA559BB167CA031E7DDA78D954316C9"}
12:51:56.346 [nioEventLoopGroup-7-1] DEBUG com.jayway.jsonpath.internal.path.CompiledPath -- Evaluating path: $
12:51:56.346 [main] DEBUG com.jayway.jsonpath.internal.path.CompiledPath -- Evaluating path: $['modifiers']
12:51:56.346 [main] DEBUG com.jayway.jsonpath.internal.path.CompiledPath -- Evaluating path: $
12:51:56.346 [main] DEBUG com.jayway.jsonpath.internal.path.CompiledPath -- Evaluating path: $
12:51:56.346 [main] DEBUG com.jayway.jsonpath.internal.JsonContext -- Put path $ key modifiers value {}
12:51:56.346 [main] DEBUG com.jayway.jsonpath.internal.path.CompiledPath -- Evaluating path: $
12:51:56.346 [main] DEBUG com.jayway.jsonpath.internal.JsonContext -- Put path $ key modifiers value 0
12:51:56.346 [main] DEBUG com.jayway.jsonpath.internal.path.CompiledPath -- Evaluating path: $['type']
12:51:56.346 [main] DEBUG com.jayway.jsonpath.internal.path.CompiledPath -- Evaluating path: $
12:51:56.346 [main] DEBUG com.jayway.jsonpath.internal.path.CompiledPath -- Evaluating path: $
12:51:56.346 [main] DEBUG com.jayway.jsonpath.internal.JsonContext -- Put path $ key type value {}
12:51:56.346 [main] DEBUG com.jayway.jsonpath.internal.path.CompiledPath -- Evaluating path: $
12:51:56.346 [main] DEBUG com.jayway.jsonpath.internal.JsonContext -- Put path $ key type value keyUp
12:51:56.346 [main] DEBUG com.jayway.jsonpath.internal.path.CompiledPath -- Evaluating path: $['text']
12:51:56.346 [main] DEBUG com.jayway.jsonpath.internal.path.CompiledPath -- Evaluating path: $
12:51:56.346 [main] DEBUG com.jayway.jsonpath.internal.path.CompiledPath -- Evaluating path: $
12:51:56.346 [main] DEBUG com.jayway.jsonpath.internal.JsonContext -- Put path $ key text value {}
12:51:56.346 [main] DEBUG com.jayway.jsonpath.internal.path.CompiledPath -- Evaluating path: $
12:51:56.346 [main] DEBUG com.jayway.jsonpath.internal.JsonContext -- Put path $ key text value s
12:51:56.346 [main] DEBUG com.jayway.jsonpath.internal.path.CompiledPath -- Evaluating path: $['windowsVirtualKeyCode']
12:51:56.346 [main] DEBUG com.jayway.jsonpath.internal.path.CompiledPath -- Evaluating path: $
12:51:56.346 [main] DEBUG com.jayway.jsonpath.internal.path.CompiledPath -- Evaluating path: $
12:51:56.346 [main] DEBUG com.jayway.jsonpath.internal.JsonContext -- Put path $ key windowsVirtualKeyCode value {}
12:51:56.346 [main] DEBUG com.jayway.jsonpath.internal.path.CompiledPath -- Evaluating path: $
12:51:56.346 [main] DEBUG com.jayway.jsonpath.internal.JsonContext -- Put path $ key windowsVirtualKeyCode value 115
12:51:56.346 [main] DEBUG com.jayway.jsonpath.internal.path.CompiledPath -- Evaluating path: $
12:51:56.346 [main] DEBUG com.intuit.karate.driver.chrome_1718781712166 -- >> {"id":39,"sessionId":"5CA559BB167CA031E7DDA78D954316C9","method":"Input.dispatchKeyEvent","params":{"modifiers":0,"type":"keyUp","text":"s","windowsVirtualKeyCode":115}}
12:51:56.349 [nioEventLoopGroup-7-1] DEBUG com.intuit.karate.driver.chrome_1718781712166 -- << {"id":39,"result":{},"sessionId":"5CA559BB167CA031E7DDA78D954316C9"}
12:51:56.349 [nioEventLoopGroup-7-1] DEBUG com.jayway.jsonpath.internal.path.CompiledPath -- Evaluating path: $
12:51:56.349 [main] DEBUG com.jayway.jsonpath.internal.path.CompiledPath -- Evaluating path: $['modifiers']
12:51:56.349 [main] DEBUG com.jayway.jsonpath.internal.path.CompiledPath -- Evaluating path: $
12:51:56.349 [main] DEBUG com.jayway.jsonpath.internal.path.CompiledPath -- Evaluating path: $
12:51:56.349 [main] DEBUG com.jayway.jsonpath.internal.JsonContext -- Put path $ key modifiers value {}
12:51:56.349 [main] DEBUG com.jayway.jsonpath.internal.path.CompiledPath -- Evaluating path: $
12:51:56.349 [main] DEBUG com.jayway.jsonpath.internal.JsonContext -- Put path $ key modifiers value 0
12:51:56.349 [main] DEBUG com.jayway.jsonpath.internal.path.CompiledPath -- Evaluating path: $['type']
12:51:56.349 [main] DEBUG com.jayway.jsonpath.internal.path.CompiledPath -- Evaluating path: $
12:51:56.349 [main] DEBUG com.jayway.jsonpath.internal.path.CompiledPath -- Evaluating path: $
12:51:56.349 [main] DEBUG com.jayway.jsonpath.internal.JsonContext -- Put path $ key type value {}
12:51:56.349 [main] DEBUG com.jayway.jsonpath.internal.path.CompiledPath -- Evaluating path: $
12:51:56.349 [main] DEBUG com.jayway.jsonpath.internal.JsonContext -- Put path $ key type value rawKeyDown
12:51:56.349 [main] DEBUG com.jayway.jsonpath.internal.path.CompiledPath -- Evaluating path: $['text']
12:51:56.349 [main] DEBUG com.jayway.jsonpath.internal.path.CompiledPath -- Evaluating path: $
12:51:56.349 [main] DEBUG com.jayway.jsonpath.internal.path.CompiledPath -- Evaluating path: $
12:51:56.349 [main] DEBUG com.jayway.jsonpath.internal.JsonContext -- Put path $ key text value {}
12:51:56.349 [main] DEBUG com.jayway.jsonpath.internal.path.CompiledPath -- Evaluating path: $
12:51:56.349 [main] DEBUG com.jayway.jsonpath.internal.JsonContext -- Put path $ key text value e
12:51:56.349 [main] DEBUG com.jayway.jsonpath.internal.path.CompiledPath -- Evaluating path: $['windowsVirtualKeyCode']
12:51:56.349 [main] DEBUG com.jayway.jsonpath.internal.path.CompiledPath -- Evaluating path: $
12:51:56.349 [main] DEBUG com.jayway.jsonpath.internal.path.CompiledPath -- Evaluating path: $
12:51:56.349 [main] DEBUG com.jayway.jsonpath.internal.JsonContext -- Put path $ key windowsVirtualKeyCode value {}
12:51:56.349 [main] DEBUG com.jayway.jsonpath.internal.path.CompiledPath -- Evaluating path: $
12:51:56.349 [main] DEBUG com.jayway.jsonpath.internal.JsonContext -- Put path $ key windowsVirtualKeyCode value 101
12:51:56.349 [main] DEBUG com.jayway.jsonpath.internal.path.CompiledPath -- Evaluating path: $
12:51:56.349 [main] DEBUG com.intuit.karate.driver.chrome_1718781712166 -- >> {"id":40,"sessionId":"5CA559BB167CA031E7DDA78D954316C9","method":"Input.dispatchKeyEvent","params":{"modifiers":0,"type":"rawKeyDown","text":"e","windowsVirtualKeyCode":101}}
12:51:56.350 [nioEventLoopGroup-7-1] DEBUG com.intuit.karate.driver.chrome_1718781712166 -- << {"id":40,"result":{},"sessionId":"5CA559BB167CA031E7DDA78D954316C9"}
12:51:56.350 [nioEventLoopGroup-7-1] DEBUG com.jayway.jsonpath.internal.path.CompiledPath -- Evaluating path: $
12:51:56.350 [main] DEBUG com.jayway.jsonpath.internal.path.CompiledPath -- Evaluating path: $['modifiers']
12:51:56.350 [main] DEBUG com.jayway.jsonpath.internal.path.CompiledPath -- Evaluating path: $
12:51:56.350 [main] DEBUG com.jayway.jsonpath.internal.path.CompiledPath -- Evaluating path: $
12:51:56.350 [main] DEBUG com.jayway.jsonpath.internal.JsonContext -- Put path $ key modifiers value {}
12:51:56.350 [main] DEBUG com.jayway.jsonpath.internal.path.CompiledPath -- Evaluating path: $
12:51:56.350 [main] DEBUG com.jayway.jsonpath.internal.JsonContext -- Put path $ key modifiers value 0
12:51:56.350 [main] DEBUG com.jayway.jsonpath.internal.path.CompiledPath -- Evaluating path: $['type']
12:51:56.350 [main] DEBUG com.jayway.jsonpath.internal.path.CompiledPath -- Evaluating path: $
12:51:56.350 [main] DEBUG com.jayway.jsonpath.internal.path.CompiledPath -- Evaluating path: $
12:51:56.350 [main] DEBUG com.jayway.jsonpath.internal.JsonContext -- Put path $ key type value {}
12:51:56.350 [main] DEBUG com.jayway.jsonpath.internal.path.CompiledPath -- Evaluating path: $
12:51:56.350 [main] DEBUG com.jayway.jsonpath.internal.JsonContext -- Put path $ key type value char
12:51:56.350 [main] DEBUG com.jayway.jsonpath.internal.path.CompiledPath -- Evaluating path: $['text']
12:51:56.350 [main] DEBUG com.jayway.jsonpath.internal.path.CompiledPath -- Evaluating path: $
12:51:56.350 [main] DEBUG com.jayway.jsonpath.internal.path.CompiledPath -- Evaluating path: $
12:51:56.350 [main] DEBUG com.jayway.jsonpath.internal.JsonContext -- Put path $ key text value {}
12:51:56.350 [main] DEBUG com.jayway.jsonpath.internal.path.CompiledPath -- Evaluating path: $
12:51:56.350 [main] DEBUG com.jayway.jsonpath.internal.JsonContext -- Put path $ key text value e
12:51:56.350 [main] DEBUG com.jayway.jsonpath.internal.path.CompiledPath -- Evaluating path: $['windowsVirtualKeyCode']
12:51:56.350 [main] DEBUG com.jayway.jsonpath.internal.path.CompiledPath -- Evaluating path: $
12:51:56.350 [main] DEBUG com.jayway.jsonpath.internal.path.CompiledPath -- Evaluating path: $
12:51:56.350 [main] DEBUG com.jayway.jsonpath.internal.JsonContext -- Put path $ key windowsVirtualKeyCode value {}
12:51:56.350 [main] DEBUG com.jayway.jsonpath.internal.path.CompiledPath -- Evaluating path: $
12:51:56.350 [main] DEBUG com.jayway.jsonpath.internal.JsonContext -- Put path $ key windowsVirtualKeyCode value 101
12:51:56.350 [main] DEBUG com.jayway.jsonpath.internal.path.CompiledPath -- Evaluating path: $
12:51:56.350 [main] DEBUG com.intuit.karate.driver.chrome_1718781712166 -- >> {"id":41,"sessionId":"5CA559BB167CA031E7DDA78D954316C9","method":"Input.dispatchKeyEvent","params":{"modifiers":0,"type":"char","text":"e","windowsVirtualKeyCode":101}}
12:51:56.350 [nioEventLoopGroup-7-1] DEBUG com.intuit.karate.driver.chrome_1718781712166 -- << {"id":41,"result":{},"sessionId":"5CA559BB167CA031E7DDA78D954316C9"}
12:51:56.350 [nioEventLoopGroup-7-1] DEBUG com.jayway.jsonpath.internal.path.CompiledPath -- Evaluating path: $
12:51:56.350 [main] DEBUG com.jayway.jsonpath.internal.path.CompiledPath -- Evaluating path: $['modifiers']
12:51:56.350 [main] DEBUG com.jayway.jsonpath.internal.path.CompiledPath -- Evaluating path: $
12:51:56.350 [main] DEBUG com.jayway.jsonpath.internal.path.CompiledPath -- Evaluating path: $
12:51:56.350 [main] DEBUG com.jayway.jsonpath.internal.JsonContext -- Put path $ key modifiers value {}
12:51:56.350 [main] DEBUG com.jayway.jsonpath.internal.path.CompiledPath -- Evaluating path: $
12:51:56.350 [main] DEBUG com.jayway.jsonpath.internal.JsonContext -- Put path $ key modifiers value 0
12:51:56.350 [main] DEBUG com.jayway.jsonpath.internal.path.CompiledPath -- Evaluating path: $['type']
12:51:56.350 [main] DEBUG com.jayway.jsonpath.internal.path.CompiledPath -- Evaluating path: $
12:51:56.350 [main] DEBUG com.jayway.jsonpath.internal.path.CompiledPath -- Evaluating path: $
12:51:56.350 [main] DEBUG com.jayway.jsonpath.internal.JsonContext -- Put path $ key type value {}
12:51:56.350 [main] DEBUG com.jayway.jsonpath.internal.path.CompiledPath -- Evaluating path: $
12:51:56.350 [main] DEBUG com.jayway.jsonpath.internal.JsonContext -- Put path $ key type value keyUp
12:51:56.350 [main] DEBUG com.jayway.jsonpath.internal.path.CompiledPath -- Evaluating path: $['text']
12:51:56.350 [main] DEBUG com.jayway.jsonpath.internal.path.CompiledPath -- Evaluating path: $
12:51:56.350 [main] DEBUG com.jayway.jsonpath.internal.path.CompiledPath -- Evaluating path: $
12:51:56.350 [main] DEBUG com.jayway.jsonpath.internal.JsonContext -- Put path $ key text value {}
12:51:56.350 [main] DEBUG com.jayway.jsonpath.internal.path.CompiledPath -- Evaluating path: $
12:51:56.350 [main] DEBUG com.jayway.jsonpath.internal.JsonContext -- Put path $ key text value e
12:51:56.350 [main] DEBUG com.jayway.jsonpath.internal.path.CompiledPath -- Evaluating path: $['windowsVirtualKeyCode']
12:51:56.350 [main] DEBUG com.jayway.jsonpath.internal.path.CompiledPath -- Evaluating path: $
12:51:56.350 [main] DEBUG com.jayway.jsonpath.internal.path.CompiledPath -- Evaluating path: $
12:51:56.350 [main] DEBUG com.jayway.jsonpath.internal.JsonContext -- Put path $ key windowsVirtualKeyCode value {}
12:51:56.350 [main] DEBUG com.jayway.jsonpath.internal.path.CompiledPath -- Evaluating path: $
12:51:56.350 [main] DEBUG com.jayway.jsonpath.internal.JsonContext -- Put path $ key windowsVirtualKeyCode value 101
12:51:56.350 [main] DEBUG com.jayway.jsonpath.internal.path.CompiledPath -- Evaluating path: $
12:51:56.350 [main] DEBUG com.intuit.karate.driver.chrome_1718781712166 -- >> {"id":42,"sessionId":"5CA559BB167CA031E7DDA78D954316C9","method":"Input.dispatchKeyEvent","params":{"modifiers":0,"type":"keyUp","text":"e","windowsVirtualKeyCode":101}}
12:51:56.350 [nioEventLoopGroup-7-1] DEBUG com.intuit.karate.driver.chrome_1718781712166 -- << {"id":42,"result":{},"sessionId":"5CA559BB167CA031E7DDA78D954316C9"}
12:51:56.350 [nioEventLoopGroup-7-1] DEBUG com.jayway.jsonpath.internal.path.CompiledPath -- Evaluating path: $
12:51:56.350 [main] DEBUG com.jayway.jsonpath.internal.path.CompiledPath -- Evaluating path: $['modifiers']
12:51:56.350 [main] DEBUG com.jayway.jsonpath.internal.path.CompiledPath -- Evaluating path: $
12:51:56.350 [main] DEBUG com.jayway.jsonpath.internal.path.CompiledPath -- Evaluating path: $
12:51:56.350 [main] DEBUG com.jayway.jsonpath.internal.JsonContext -- Put path $ key modifiers value {}
12:51:56.350 [main] DEBUG com.jayway.jsonpath.internal.path.CompiledPath -- Evaluating path: $
12:51:56.350 [main] DEBUG com.jayway.jsonpath.internal.JsonContext -- Put path $ key modifiers value 0
12:51:56.350 [main] DEBUG com.jayway.jsonpath.internal.path.CompiledPath -- Evaluating path: $['type']
12:51:56.350 [main] DEBUG com.jayway.jsonpath.internal.path.CompiledPath -- Evaluating path: $
12:51:56.350 [main] DEBUG com.jayway.jsonpath.internal.path.CompiledPath -- Evaluating path: $
12:51:56.350 [main] DEBUG com.jayway.jsonpath.internal.JsonContext -- Put path $ key type value {}
12:51:56.350 [main] DEBUG com.jayway.jsonpath.internal.path.CompiledPath -- Evaluating path: $
12:51:56.350 [main] DEBUG com.jayway.jsonpath.internal.JsonContext -- Put path $ key type value rawKeyDown
12:51:56.350 [main] DEBUG com.jayway.jsonpath.internal.path.CompiledPath -- Evaluating path: $['text']
12:51:56.350 [main] DEBUG com.jayway.jsonpath.internal.path.CompiledPath -- Evaluating path: $
12:51:56.350 [main] DEBUG com.jayway.jsonpath.internal.path.CompiledPath -- Evaluating path: $
12:51:56.350 [main] DEBUG com.jayway.jsonpath.internal.JsonContext -- Put path $ key text value {}
12:51:56.350 [main] DEBUG com.jayway.jsonpath.internal.path.CompiledPath -- Evaluating path: $
12:51:56.350 [main] DEBUG com.jayway.jsonpath.internal.JsonContext -- Put path $ key text value r
12:51:56.350 [main] DEBUG com.jayway.jsonpath.internal.path.CompiledPath -- Evaluating path: $['windowsVirtualKeyCode']
12:51:56.350 [main] DEBUG com.jayway.jsonpath.internal.path.CompiledPath -- Evaluating path: $
12:51:56.350 [main] DEBUG com.jayway.jsonpath.internal.path.CompiledPath -- Evaluating path: $
12:51:56.350 [main] DEBUG com.jayway.jsonpath.internal.JsonContext -- Put path $ key windowsVirtualKeyCode value {}
12:51:56.350 [main] DEBUG com.jayway.jsonpath.internal.path.CompiledPath -- Evaluating path: $
12:51:56.350 [main] DEBUG com.jayway.jsonpath.internal.JsonContext -- Put path $ key windowsVirtualKeyCode value 114
12:51:56.350 [main] DEBUG com.jayway.jsonpath.internal.path.CompiledPath -- Evaluating path: $
12:51:56.350 [main] DEBUG com.intuit.karate.driver.chrome_1718781712166 -- >> {"id":43,"sessionId":"5CA559BB167CA031E7DDA78D954316C9","method":"Input.dispatchKeyEvent","params":{"modifiers":0,"type":"rawKeyDown","text":"r","windowsVirtualKeyCode":114}}
12:51:56.350 [nioEventLoopGroup-7-1] DEBUG com.intuit.karate.driver.chrome_1718781712166 -- << {"id":43,"result":{},"sessionId":"5CA559BB167CA031E7DDA78D954316C9"}
12:51:56.350 [nioEventLoopGroup-7-1] DEBUG com.jayway.jsonpath.internal.path.CompiledPath -- Evaluating path: $
12:51:56.350 [main] DEBUG com.jayway.jsonpath.internal.path.CompiledPath -- Evaluating path: $['modifiers']
12:51:56.350 [main] DEBUG com.jayway.jsonpath.internal.path.CompiledPath -- Evaluating path: $
12:51:56.350 [main] DEBUG com.jayway.jsonpath.internal.path.CompiledPath -- Evaluating path: $
12:51:56.350 [main] DEBUG com.jayway.jsonpath.internal.JsonContext -- Put path $ key modifiers value {}
12:51:56.350 [main] DEBUG com.jayway.jsonpath.internal.path.CompiledPath -- Evaluating path: $
12:51:56.350 [main] DEBUG com.jayway.jsonpath.internal.JsonContext -- Put path $ key modifiers value 0
12:51:56.350 [main] DEBUG com.jayway.jsonpath.internal.path.CompiledPath -- Evaluating path: $['type']
12:51:56.350 [main] DEBUG com.jayway.jsonpath.internal.path.CompiledPath -- Evaluating path: $
12:51:56.350 [main] DEBUG com.jayway.jsonpath.internal.path.CompiledPath -- Evaluating path: $
12:51:56.350 [main] DEBUG com.jayway.jsonpath.internal.JsonContext -- Put path $ key type value {}
12:51:56.350 [main] DEBUG com.jayway.jsonpath.internal.path.CompiledPath -- Evaluating path: $
12:51:56.350 [main] DEBUG com.jayway.jsonpath.internal.JsonContext -- Put path $ key type value char
12:51:56.350 [main] DEBUG com.jayway.jsonpath.internal.path.CompiledPath -- Evaluating path: $['text']
12:51:56.350 [main] DEBUG com.jayway.jsonpath.internal.path.CompiledPath -- Evaluating path: $
12:51:56.350 [main] DEBUG com.jayway.jsonpath.internal.path.CompiledPath -- Evaluating path: $
12:51:56.350 [main] DEBUG com.jayway.jsonpath.internal.JsonContext -- Put path $ key text value {}
12:51:56.350 [main] DEBUG com.jayway.jsonpath.internal.path.CompiledPath -- Evaluating path: $
12:51:56.350 [main] DEBUG com.jayway.jsonpath.internal.JsonContext -- Put path $ key text value r
12:51:56.350 [main] DEBUG com.jayway.jsonpath.internal.path.CompiledPath -- Evaluating path: $['windowsVirtualKeyCode']
12:51:56.350 [main] DEBUG com.jayway.jsonpath.internal.path.CompiledPath -- Evaluating path: $
12:51:56.350 [main] DEBUG com.jayway.jsonpath.internal.path.CompiledPath -- Evaluating path: $
12:51:56.350 [main] DEBUG com.jayway.jsonpath.internal.JsonContext -- Put path $ key windowsVirtualKeyCode value {}
12:51:56.350 [main] DEBUG com.jayway.jsonpath.internal.path.CompiledPath -- Evaluating path: $
12:51:56.350 [main] DEBUG com.jayway.jsonpath.internal.JsonContext -- Put path $ key windowsVirtualKeyCode value 114
12:51:56.350 [main] DEBUG com.jayway.jsonpath.internal.path.CompiledPath -- Evaluating path: $
12:51:56.350 [main] DEBUG com.intuit.karate.driver.chrome_1718781712166 -- >> {"id":44,"sessionId":"5CA559BB167CA031E7DDA78D954316C9","method":"Input.dispatchKeyEvent","params":{"modifiers":0,"type":"char","text":"r","windowsVirtualKeyCode":114}}
12:51:56.350 [nioEventLoopGroup-7-1] DEBUG com.intuit.karate.driver.chrome_1718781712166 -- << {"id":44,"result":{},"sessionId":"5CA559BB167CA031E7DDA78D954316C9"}
12:51:56.350 [nioEventLoopGroup-7-1] DEBUG com.jayway.jsonpath.internal.path.CompiledPath -- Evaluating path: $
12:51:56.350 [main] DEBUG com.jayway.jsonpath.internal.path.CompiledPath -- Evaluating path: $['modifiers']
12:51:56.350 [main] DEBUG com.jayway.jsonpath.internal.path.CompiledPath -- Evaluating path: $
12:51:56.350 [main] DEBUG com.jayway.jsonpath.internal.path.CompiledPath -- Evaluating path: $
12:51:56.350 [main] DEBUG com.jayway.jsonpath.internal.JsonContext -- Put path $ key modifiers value {}
12:51:56.350 [main] DEBUG com.jayway.jsonpath.internal.path.CompiledPath -- Evaluating path: $
12:51:56.350 [main] DEBUG com.jayway.jsonpath.internal.JsonContext -- Put path $ key modifiers value 0
12:51:56.350 [main] DEBUG com.jayway.jsonpath.internal.path.CompiledPath -- Evaluating path: $['type']
12:51:56.350 [main] DEBUG com.jayway.jsonpath.internal.path.CompiledPath -- Evaluating path: $
12:51:56.350 [main] DEBUG com.jayway.jsonpath.internal.path.CompiledPath -- Evaluating path: $
12:51:56.350 [main] DEBUG com.jayway.jsonpath.internal.JsonContext -- Put path $ key type value {}
12:51:56.350 [main] DEBUG com.jayway.jsonpath.internal.path.CompiledPath -- Evaluating path: $
12:51:56.350 [main] DEBUG com.jayway.jsonpath.internal.JsonContext -- Put path $ key type value keyUp
12:51:56.350 [main] DEBUG com.jayway.jsonpath.internal.path.CompiledPath -- Evaluating path: $['text']
12:51:56.350 [main] DEBUG com.jayway.jsonpath.internal.path.CompiledPath -- Evaluating path: $
12:51:56.350 [main] DEBUG com.jayway.jsonpath.internal.path.CompiledPath -- Evaluating path: $
12:51:56.350 [main] DEBUG com.jayway.jsonpath.internal.JsonContext -- Put path $ key text value {}
12:51:56.350 [main] DEBUG com.jayway.jsonpath.internal.path.CompiledPath -- Evaluating path: $
12:51:56.350 [main] DEBUG com.jayway.jsonpath.internal.JsonContext -- Put path $ key text value r
12:51:56.350 [main] DEBUG com.jayway.jsonpath.internal.path.CompiledPath -- Evaluating path: $['windowsVirtualKeyCode']
12:51:56.350 [main] DEBUG com.jayway.jsonpath.internal.path.CompiledPath -- Evaluating path: $
12:51:56.350 [main] DEBUG com.jayway.jsonpath.internal.path.CompiledPath -- Evaluating path: $
12:51:56.350 [main] DEBUG com.jayway.jsonpath.internal.JsonContext -- Put path $ key windowsVirtualKeyCode value {}
12:51:56.350 [main] DEBUG com.jayway.jsonpath.internal.path.CompiledPath -- Evaluating path: $
12:51:56.350 [main] DEBUG com.jayway.jsonpath.internal.JsonContext -- Put path $ key windowsVirtualKeyCode value 114
12:51:56.350 [main] DEBUG com.jayway.jsonpath.internal.path.CompiledPath -- Evaluating path: $
12:51:56.350 [main] DEBUG com.intuit.karate.driver.chrome_1718781712166 -- >> {"id":45,"sessionId":"5CA559BB167CA031E7DDA78D954316C9","method":"Input.dispatchKeyEvent","params":{"modifiers":0,"type":"keyUp","text":"r","windowsVirtualKeyCode":114}}
12:51:56.350 [nioEventLoopGroup-7-1] DEBUG com.intuit.karate.driver.chrome_1718781712166 -- << {"id":45,"result":{},"sessionId":"5CA559BB167CA031E7DDA78D954316C9"}
12:51:56.350 [nioEventLoopGroup-7-1] DEBUG com.jayway.jsonpath.internal.path.CompiledPath -- Evaluating path: $
12:51:59.367 [main] DEBUG com.jayway.jsonpath.internal.path.CompiledPath -- Evaluating path: $['expression']
12:51:59.367 [main] DEBUG com.jayway.jsonpath.internal.path.CompiledPath -- Evaluating path: $
12:51:59.367 [main] DEBUG com.jayway.jsonpath.internal.path.CompiledPath -- Evaluating path: $
12:51:59.367 [main] DEBUG com.jayway.jsonpath.internal.JsonContext -- Put path $ key expression value {}
12:51:59.367 [main] DEBUG com.jayway.jsonpath.internal.path.CompiledPath -- Evaluating path: $
12:51:59.367 [main] DEBUG com.jayway.jsonpath.internal.JsonContext -- Put path $ key expression value var e = document.evaluate("//*[@id='password']", document, null, 9, null).singleNodeValue; e.focus(); try { e.selectionStart = e.selectionEnd = e.value.length } catch(x) {}
12:51:59.367 [main] DEBUG com.jayway.jsonpath.internal.path.CompiledPath -- Evaluating path: $['returnByValue']
12:51:59.367 [main] DEBUG com.jayway.jsonpath.internal.path.CompiledPath -- Evaluating path: $
12:51:59.367 [main] DEBUG com.jayway.jsonpath.internal.path.CompiledPath -- Evaluating path: $
12:51:59.367 [main] DEBUG com.jayway.jsonpath.internal.JsonContext -- Put path $ key returnByValue value {}
12:51:59.367 [main] DEBUG com.jayway.jsonpath.internal.path.CompiledPath -- Evaluating path: $
12:51:59.367 [main] DEBUG com.jayway.jsonpath.internal.JsonContext -- Put path $ key returnByValue value true
12:51:59.367 [main] DEBUG com.jayway.jsonpath.internal.path.CompiledPath -- Evaluating path: $
12:51:59.367 [main] DEBUG com.intuit.karate.driver.chrome_1718781712166 -- >> {"id":46,"sessionId":"5CA559BB167CA031E7DDA78D954316C9","method":"Runtime.evaluate","params":{"expression":"var e = document.evaluate(\"\/\/*[@id='password']\", document, null, 9, null).singleNodeValue; e.focus(); try { e.selectionStart = e.selectionEnd = e.value.length } catch(x) {}","returnByValue":true}}
12:51:59.371 [nioEventLoopGroup-7-1] DEBUG com.intuit.karate.driver.chrome_1718781712166 -- << {"id":46,"result":{"result":{"type":"number","value":0,"description":"0"}},"sessionId":"5CA559BB167CA031E7DDA78D954316C9"}
12:51:59.371 [nioEventLoopGroup-7-1] DEBUG com.jayway.jsonpath.internal.path.CompiledPath -- Evaluating path: $
12:51:59.371 [main] DEBUG com.jayway.jsonpath.internal.path.CompiledPath -- Evaluating path: $['modifiers']
12:51:59.371 [main] DEBUG com.jayway.jsonpath.internal.path.CompiledPath -- Evaluating path: $
12:51:59.371 [main] DEBUG com.jayway.jsonpath.internal.path.CompiledPath -- Evaluating path: $
12:51:59.371 [main] DEBUG com.jayway.jsonpath.internal.JsonContext -- Put path $ key modifiers value {}
12:51:59.371 [main] DEBUG com.jayway.jsonpath.internal.path.CompiledPath -- Evaluating path: $
12:51:59.373 [main] DEBUG com.jayway.jsonpath.internal.JsonContext -- Put path $ key modifiers value 0
12:51:59.373 [main] DEBUG com.jayway.jsonpath.internal.path.CompiledPath -- Evaluating path: $['type']
12:51:59.373 [main] DEBUG com.jayway.jsonpath.internal.path.CompiledPath -- Evaluating path: $
12:51:59.373 [main] DEBUG com.jayway.jsonpath.internal.path.CompiledPath -- Evaluating path: $
12:51:59.373 [main] DEBUG com.jayway.jsonpath.internal.JsonContext -- Put path $ key type value {}
12:51:59.373 [main] DEBUG com.jayway.jsonpath.internal.path.CompiledPath -- Evaluating path: $
12:51:59.373 [main] DEBUG com.jayway.jsonpath.internal.JsonContext -- Put path $ key type value rawKeyDown
12:51:59.373 [main] DEBUG com.jayway.jsonpath.internal.path.CompiledPath -- Evaluating path: $['text']
12:51:59.373 [main] DEBUG com.jayway.jsonpath.internal.path.CompiledPath -- Evaluating path: $
12:51:59.373 [main] DEBUG com.jayway.jsonpath.internal.path.CompiledPath -- Evaluating path: $
12:51:59.373 [main] DEBUG com.jayway.jsonpath.internal.JsonContext -- Put path $ key text value {}
12:51:59.373 [main] DEBUG com.jayway.jsonpath.internal.path.CompiledPath -- Evaluating path: $
12:51:59.373 [main] DEBUG com.jayway.jsonpath.internal.JsonContext -- Put path $ key text value s
12:51:59.373 [main] DEBUG com.jayway.jsonpath.internal.path.CompiledPath -- Evaluating path: $['windowsVirtualKeyCode']
12:51:59.373 [main] DEBUG com.jayway.jsonpath.internal.path.CompiledPath -- Evaluating path: $
12:51:59.373 [main] DEBUG com.jayway.jsonpath.internal.path.CompiledPath -- Evaluating path: $
12:51:59.373 [main] DEBUG com.jayway.jsonpath.internal.JsonContext -- Put path $ key windowsVirtualKeyCode value {}
12:51:59.373 [main] DEBUG com.jayway.jsonpath.internal.path.CompiledPath -- Evaluating path: $
12:51:59.373 [main] DEBUG com.jayway.jsonpath.internal.JsonContext -- Put path $ key windowsVirtualKeyCode value 115
12:51:59.373 [main] DEBUG com.jayway.jsonpath.internal.path.CompiledPath -- Evaluating path: $
12:51:59.373 [main] DEBUG com.intuit.karate.driver.chrome_1718781712166 -- >> {"id":47,"sessionId":"5CA559BB167CA031E7DDA78D954316C9","method":"Input.dispatchKeyEvent","params":{"modifiers":0,"type":"rawKeyDown","text":"s","windowsVirtualKeyCode":115}}
12:51:59.374 [nioEventLoopGroup-7-1] DEBUG com.intuit.karate.driver.chrome_1718781712166 -- << {"id":47,"result":{},"sessionId":"5CA559BB167CA031E7DDA78D954316C9"}
12:51:59.374 [nioEventLoopGroup-7-1] DEBUG com.jayway.jsonpath.internal.path.CompiledPath -- Evaluating path: $
12:51:59.374 [main] DEBUG com.jayway.jsonpath.internal.path.CompiledPath -- Evaluating path: $['modifiers']
12:51:59.374 [main] DEBUG com.jayway.jsonpath.internal.path.CompiledPath -- Evaluating path: $
12:51:59.374 [main] DEBUG com.jayway.jsonpath.internal.path.CompiledPath -- Evaluating path: $
12:51:59.374 [main] DEBUG com.jayway.jsonpath.internal.JsonContext -- Put path $ key modifiers value {}
12:51:59.374 [main] DEBUG com.jayway.jsonpath.internal.path.CompiledPath -- Evaluating path: $
12:51:59.374 [main] DEBUG com.jayway.jsonpath.internal.JsonContext -- Put path $ key modifiers value 0
12:51:59.374 [main] DEBUG com.jayway.jsonpath.internal.path.CompiledPath -- Evaluating path: $['type']
12:51:59.374 [main] DEBUG com.jayway.jsonpath.internal.path.CompiledPath -- Evaluating path: $
12:51:59.374 [main] DEBUG com.jayway.jsonpath.internal.path.CompiledPath -- Evaluating path: $
12:51:59.374 [main] DEBUG com.jayway.jsonpath.internal.JsonContext -- Put path $ key type value {}
12:51:59.374 [main] DEBUG com.jayway.jsonpath.internal.path.CompiledPath -- Evaluating path: $
12:51:59.374 [main] DEBUG com.jayway.jsonpath.internal.JsonContext -- Put path $ key type value char
12:51:59.374 [main] DEBUG com.jayway.jsonpath.internal.path.CompiledPath -- Evaluating path: $['text']
12:51:59.374 [main] DEBUG com.jayway.jsonpath.internal.path.CompiledPath -- Evaluating path: $
12:51:59.374 [main] DEBUG com.jayway.jsonpath.internal.path.CompiledPath -- Evaluating path: $
12:51:59.374 [main] DEBUG com.jayway.jsonpath.internal.JsonContext -- Put path $ key text value {}
12:51:59.374 [main] DEBUG com.jayway.jsonpath.internal.path.CompiledPath -- Evaluating path: $
12:51:59.374 [main] DEBUG com.jayway.jsonpath.internal.JsonContext -- Put path $ key text value s
12:51:59.374 [main] DEBUG com.jayway.jsonpath.internal.path.CompiledPath -- Evaluating path: $['windowsVirtualKeyCode']
12:51:59.374 [main] DEBUG com.jayway.jsonpath.internal.path.CompiledPath -- Evaluating path: $
12:51:59.374 [main] DEBUG com.jayway.jsonpath.internal.path.CompiledPath -- Evaluating path: $
12:51:59.374 [main] DEBUG com.jayway.jsonpath.internal.JsonContext -- Put path $ key windowsVirtualKeyCode value {}
12:51:59.374 [main] DEBUG com.jayway.jsonpath.internal.path.CompiledPath -- Evaluating path: $
12:51:59.374 [main] DEBUG com.jayway.jsonpath.internal.JsonContext -- Put path $ key windowsVirtualKeyCode value 115
12:51:59.374 [main] DEBUG com.jayway.jsonpath.internal.path.CompiledPath -- Evaluating path: $
12:51:59.374 [main] DEBUG com.intuit.karate.driver.chrome_1718781712166 -- >> {"id":48,"sessionId":"5CA559BB167CA031E7DDA78D954316C9","method":"Input.dispatchKeyEvent","params":{"modifiers":0,"type":"char","text":"s","windowsVirtualKeyCode":115}}
12:51:59.385 [nioEventLoopGroup-7-1] DEBUG com.intuit.karate.driver.chrome_1718781712166 -- << {"id":48,"result":{},"sessionId":"5CA559BB167CA031E7DDA78D954316C9"}
12:51:59.385 [nioEventLoopGroup-7-1] DEBUG com.jayway.jsonpath.internal.path.CompiledPath -- Evaluating path: $
12:51:59.386 [main] DEBUG com.jayway.jsonpath.internal.path.CompiledPath -- Evaluating path: $['modifiers']
12:51:59.386 [main] DEBUG com.jayway.jsonpath.internal.path.CompiledPath -- Evaluating path: $
12:51:59.386 [main] DEBUG com.jayway.jsonpath.internal.path.CompiledPath -- Evaluating path: $
12:51:59.386 [main] DEBUG com.jayway.jsonpath.internal.JsonContext -- Put path $ key modifiers value {}
12:51:59.386 [main] DEBUG com.jayway.jsonpath.internal.path.CompiledPath -- Evaluating path: $
12:51:59.386 [main] DEBUG com.jayway.jsonpath.internal.JsonContext -- Put path $ key modifiers value 0
12:51:59.386 [main] DEBUG com.jayway.jsonpath.internal.path.CompiledPath -- Evaluating path: $['type']
12:51:59.386 [main] DEBUG com.jayway.jsonpath.internal.path.CompiledPath -- Evaluating path: $
12:51:59.386 [main] DEBUG com.jayway.jsonpath.internal.path.CompiledPath -- Evaluating path: $
12:51:59.386 [main] DEBUG com.jayway.jsonpath.internal.JsonContext -- Put path $ key type value {}
12:51:59.386 [main] DEBUG com.jayway.jsonpath.internal.path.CompiledPath -- Evaluating path: $
12:51:59.386 [main] DEBUG com.jayway.jsonpath.internal.JsonContext -- Put path $ key type value keyUp
12:51:59.386 [main] DEBUG com.jayway.jsonpath.internal.path.CompiledPath -- Evaluating path: $['text']
12:51:59.386 [main] DEBUG com.jayway.jsonpath.internal.path.CompiledPath -- Evaluating path: $
12:51:59.386 [main] DEBUG com.jayway.jsonpath.internal.path.CompiledPath -- Evaluating path: $
12:51:59.386 [main] DEBUG com.jayway.jsonpath.internal.JsonContext -- Put path $ key text value {}
12:51:59.386 [main] DEBUG com.jayway.jsonpath.internal.path.CompiledPath -- Evaluating path: $
12:51:59.386 [main] DEBUG com.jayway.jsonpath.internal.JsonContext -- Put path $ key text value s
12:51:59.386 [main] DEBUG com.jayway.jsonpath.internal.path.CompiledPath -- Evaluating path: $['windowsVirtualKeyCode']
12:51:59.386 [main] DEBUG com.jayway.jsonpath.internal.path.CompiledPath -- Evaluating path: $
12:51:59.386 [main] DEBUG com.jayway.jsonpath.internal.path.CompiledPath -- Evaluating path: $
12:51:59.386 [main] DEBUG com.jayway.jsonpath.internal.JsonContext -- Put path $ key windowsVirtualKeyCode value {}
12:51:59.386 [main] DEBUG com.jayway.jsonpath.internal.path.CompiledPath -- Evaluating path: $
12:51:59.386 [main] DEBUG com.jayway.jsonpath.internal.JsonContext -- Put path $ key windowsVirtualKeyCode value 115
12:51:59.386 [main] DEBUG com.jayway.jsonpath.internal.path.CompiledPath -- Evaluating path: $
12:51:59.386 [main] DEBUG com.intuit.karate.driver.chrome_1718781712166 -- >> {"id":49,"sessionId":"5CA559BB167CA031E7DDA78D954316C9","method":"Input.dispatchKeyEvent","params":{"modifiers":0,"type":"keyUp","text":"s","windowsVirtualKeyCode":115}}
12:51:59.389 [nioEventLoopGroup-7-1] DEBUG com.intuit.karate.driver.chrome_1718781712166 -- << {"id":49,"result":{},"sessionId":"5CA559BB167CA031E7DDA78D954316C9"}
12:51:59.389 [nioEventLoopGroup-7-1] DEBUG com.jayway.jsonpath.internal.path.CompiledPath -- Evaluating path: $
12:51:59.389 [main] DEBUG com.jayway.jsonpath.internal.path.CompiledPath -- Evaluating path: $['modifiers']
12:51:59.389 [main] DEBUG com.jayway.jsonpath.internal.path.CompiledPath -- Evaluating path: $
12:51:59.389 [main] DEBUG com.jayway.jsonpath.internal.path.CompiledPath -- Evaluating path: $
12:51:59.389 [main] DEBUG com.jayway.jsonpath.internal.JsonContext -- Put path $ key modifiers value {}
12:51:59.389 [main] DEBUG com.jayway.jsonpath.internal.path.CompiledPath -- Evaluating path: $
12:51:59.389 [main] DEBUG com.jayway.jsonpath.internal.JsonContext -- Put path $ key modifiers value 0
12:51:59.389 [main] DEBUG com.jayway.jsonpath.internal.path.CompiledPath -- Evaluating path: $['type']
12:51:59.389 [main] DEBUG com.jayway.jsonpath.internal.path.CompiledPath -- Evaluating path: $
12:51:59.389 [main] DEBUG com.jayway.jsonpath.internal.path.CompiledPath -- Evaluating path: $
12:51:59.389 [main] DEBUG com.jayway.jsonpath.internal.JsonContext -- Put path $ key type value {}
12:51:59.389 [main] DEBUG com.jayway.jsonpath.internal.path.CompiledPath -- Evaluating path: $
12:51:59.389 [main] DEBUG com.jayway.jsonpath.internal.JsonContext -- Put path $ key type value rawKeyDown
12:51:59.391 [main] DEBUG com.jayway.jsonpath.internal.path.CompiledPath -- Evaluating path: $['text']
12:51:59.391 [main] DEBUG com.jayway.jsonpath.internal.path.CompiledPath -- Evaluating path: $
12:51:59.391 [main] DEBUG com.jayway.jsonpath.internal.path.CompiledPath -- Evaluating path: $
12:51:59.391 [main] DEBUG com.jayway.jsonpath.internal.JsonContext -- Put path $ key text value {}
12:51:59.391 [main] DEBUG com.jayway.jsonpath.internal.path.CompiledPath -- Evaluating path: $
12:51:59.391 [main] DEBUG com.jayway.jsonpath.internal.JsonContext -- Put path $ key text value e
12:51:59.391 [main] DEBUG com.jayway.jsonpath.internal.path.CompiledPath -- Evaluating path: $['windowsVirtualKeyCode']
12:51:59.391 [main] DEBUG com.jayway.jsonpath.internal.path.CompiledPath -- Evaluating path: $
12:51:59.391 [main] DEBUG com.jayway.jsonpath.internal.path.CompiledPath -- Evaluating path: $
12:51:59.391 [main] DEBUG com.jayway.jsonpath.internal.JsonContext -- Put path $ key windowsVirtualKeyCode value {}
12:51:59.391 [main] DEBUG com.jayway.jsonpath.internal.path.CompiledPath -- Evaluating path: $
12:51:59.391 [main] DEBUG com.jayway.jsonpath.internal.JsonContext -- Put path $ key windowsVirtualKeyCode value 101
12:51:59.391 [main] DEBUG com.jayway.jsonpath.internal.path.CompiledPath -- Evaluating path: $
12:51:59.391 [main] DEBUG com.intuit.karate.driver.chrome_1718781712166 -- >> {"id":50,"sessionId":"5CA559BB167CA031E7DDA78D954316C9","method":"Input.dispatchKeyEvent","params":{"modifiers":0,"type":"rawKeyDown","text":"e","windowsVirtualKeyCode":101}}
12:51:59.392 [nioEventLoopGroup-7-1] DEBUG com.intuit.karate.driver.chrome_1718781712166 -- << {"id":50,"result":{},"sessionId":"5CA559BB167CA031E7DDA78D954316C9"}
12:51:59.392 [nioEventLoopGroup-7-1] DEBUG com.jayway.jsonpath.internal.path.CompiledPath -- Evaluating path: $
12:51:59.393 [main] DEBUG com.jayway.jsonpath.internal.path.CompiledPath -- Evaluating path: $['modifiers']
12:51:59.393 [main] DEBUG com.jayway.jsonpath.internal.path.CompiledPath -- Evaluating path: $
12:51:59.393 [main] DEBUG com.jayway.jsonpath.internal.path.CompiledPath -- Evaluating path: $
12:51:59.393 [main] DEBUG com.jayway.jsonpath.internal.JsonContext -- Put path $ key modifiers value {}
12:51:59.393 [main] DEBUG com.jayway.jsonpath.internal.path.CompiledPath -- Evaluating path: $
12:51:59.393 [main] DEBUG com.jayway.jsonpath.internal.JsonContext -- Put path $ key modifiers value 0
12:51:59.393 [main] DEBUG com.jayway.jsonpath.internal.path.CompiledPath -- Evaluating path: $['type']
12:51:59.393 [main] DEBUG com.jayway.jsonpath.internal.path.CompiledPath -- Evaluating path: $
12:51:59.393 [main] DEBUG com.jayway.jsonpath.internal.path.CompiledPath -- Evaluating path: $
12:51:59.393 [main] DEBUG com.jayway.jsonpath.internal.JsonContext -- Put path $ key type value {}
12:51:59.393 [main] DEBUG com.jayway.jsonpath.internal.path.CompiledPath -- Evaluating path: $
12:51:59.393 [main] DEBUG com.jayway.jsonpath.internal.JsonContext -- Put path $ key type value char
12:51:59.393 [main] DEBUG com.jayway.jsonpath.internal.path.CompiledPath -- Evaluating path: $['text']
12:51:59.393 [main] DEBUG com.jayway.jsonpath.internal.path.CompiledPath -- Evaluating path: $
12:51:59.393 [main] DEBUG com.jayway.jsonpath.internal.path.CompiledPath -- Evaluating path: $
12:51:59.393 [main] DEBUG com.jayway.jsonpath.internal.JsonContext -- Put path $ key text value {}
12:51:59.393 [main] DEBUG com.jayway.jsonpath.internal.path.CompiledPath -- Evaluating path: $
12:51:59.393 [main] DEBUG com.jayway.jsonpath.internal.JsonContext -- Put path $ key text value e
12:51:59.393 [main] DEBUG com.jayway.jsonpath.internal.path.CompiledPath -- Evaluating path: $['windowsVirtualKeyCode']
12:51:59.393 [main] DEBUG com.jayway.jsonpath.internal.path.CompiledPath -- Evaluating path: $
12:51:59.393 [main] DEBUG com.jayway.jsonpath.internal.path.CompiledPath -- Evaluating path: $
12:51:59.393 [main] DEBUG com.jayway.jsonpath.internal.JsonContext -- Put path $ key windowsVirtualKeyCode value {}
12:51:59.393 [main] DEBUG com.jayway.jsonpath.internal.path.CompiledPath -- Evaluating path: $
12:51:59.393 [main] DEBUG com.jayway.jsonpath.internal.JsonContext -- Put path $ key windowsVirtualKeyCode value 101
12:51:59.393 [main] DEBUG com.jayway.jsonpath.internal.path.CompiledPath -- Evaluating path: $
12:51:59.393 [main] DEBUG com.intuit.karate.driver.chrome_1718781712166 -- >> {"id":51,"sessionId":"5CA559BB167CA031E7DDA78D954316C9","method":"Input.dispatchKeyEvent","params":{"modifiers":0,"type":"char","text":"e","windowsVirtualKeyCode":101}}
12:51:59.397 [nioEventLoopGroup-7-1] DEBUG com.intuit.karate.driver.chrome_1718781712166 -- << {"id":51,"result":{},"sessionId":"5CA559BB167CA031E7DDA78D954316C9"}
12:51:59.397 [nioEventLoopGroup-7-1] DEBUG com.jayway.jsonpath.internal.path.CompiledPath -- Evaluating path: $
12:51:59.397 [main] DEBUG com.jayway.jsonpath.internal.path.CompiledPath -- Evaluating path: $['modifiers']
12:51:59.397 [main] DEBUG com.jayway.jsonpath.internal.path.CompiledPath -- Evaluating path: $
12:51:59.397 [main] DEBUG com.jayway.jsonpath.internal.path.CompiledPath -- Evaluating path: $
12:51:59.397 [main] DEBUG com.jayway.jsonpath.internal.JsonContext -- Put path $ key modifiers value {}
12:51:59.397 [main] DEBUG com.jayway.jsonpath.internal.path.CompiledPath -- Evaluating path: $
12:51:59.397 [main] DEBUG com.jayway.jsonpath.internal.JsonContext -- Put path $ key modifiers value 0
12:51:59.397 [main] DEBUG com.jayway.jsonpath.internal.path.CompiledPath -- Evaluating path: $['type']
12:51:59.397 [main] DEBUG com.jayway.jsonpath.internal.path.CompiledPath -- Evaluating path: $
12:51:59.397 [main] DEBUG com.jayway.jsonpath.internal.path.CompiledPath -- Evaluating path: $
12:51:59.397 [main] DEBUG com.jayway.jsonpath.internal.JsonContext -- Put path $ key type value {}
12:51:59.397 [main] DEBUG com.jayway.jsonpath.internal.path.CompiledPath -- Evaluating path: $
12:51:59.397 [main] DEBUG com.jayway.jsonpath.internal.JsonContext -- Put path $ key type value keyUp
12:51:59.397 [main] DEBUG com.jayway.jsonpath.internal.path.CompiledPath -- Evaluating path: $['text']
12:51:59.397 [main] DEBUG com.jayway.jsonpath.internal.path.CompiledPath -- Evaluating path: $
12:51:59.397 [main] DEBUG com.jayway.jsonpath.internal.path.CompiledPath -- Evaluating path: $
12:51:59.397 [main] DEBUG com.jayway.jsonpath.internal.JsonContext -- Put path $ key text value {}
12:51:59.397 [main] DEBUG com.jayway.jsonpath.internal.path.CompiledPath -- Evaluating path: $
12:51:59.397 [main] DEBUG com.jayway.jsonpath.internal.JsonContext -- Put path $ key text value e
12:51:59.397 [main] DEBUG com.jayway.jsonpath.internal.path.CompiledPath -- Evaluating path: $['windowsVirtualKeyCode']
12:51:59.397 [main] DEBUG com.jayway.jsonpath.internal.path.CompiledPath -- Evaluating path: $
12:51:59.397 [main] DEBUG com.jayway.jsonpath.internal.path.CompiledPath -- Evaluating path: $
12:51:59.397 [main] DEBUG com.jayway.jsonpath.internal.JsonContext -- Put path $ key windowsVirtualKeyCode value {}
12:51:59.397 [main] DEBUG com.jayway.jsonpath.internal.path.CompiledPath -- Evaluating path: $
12:51:59.397 [main] DEBUG com.jayway.jsonpath.internal.JsonContext -- Put path $ key windowsVirtualKeyCode value 101
12:51:59.397 [main] DEBUG com.jayway.jsonpath.internal.path.CompiledPath -- Evaluating path: $
12:51:59.397 [main] DEBUG com.intuit.karate.driver.chrome_1718781712166 -- >> {"id":52,"sessionId":"5CA559BB167CA031E7DDA78D954316C9","method":"Input.dispatchKeyEvent","params":{"modifiers":0,"type":"keyUp","text":"e","windowsVirtualKeyCode":101}}
12:51:59.402 [nioEventLoopGroup-7-1] DEBUG com.intuit.karate.driver.chrome_1718781712166 -- << {"id":52,"result":{},"sessionId":"5CA559BB167CA031E7DDA78D954316C9"}
12:51:59.402 [nioEventLoopGroup-7-1] DEBUG com.jayway.jsonpath.internal.path.CompiledPath -- Evaluating path: $
12:51:59.402 [main] DEBUG com.jayway.jsonpath.internal.path.CompiledPath -- Evaluating path: $['modifiers']
12:51:59.402 [main] DEBUG com.jayway.jsonpath.internal.path.CompiledPath -- Evaluating path: $
12:51:59.402 [main] DEBUG com.jayway.jsonpath.internal.path.CompiledPath -- Evaluating path: $
12:51:59.402 [main] DEBUG com.jayway.jsonpath.internal.JsonContext -- Put path $ key modifiers value {}
12:51:59.402 [main] DEBUG com.jayway.jsonpath.internal.path.CompiledPath -- Evaluating path: $
12:51:59.402 [main] DEBUG com.jayway.jsonpath.internal.JsonContext -- Put path $ key modifiers value 0
12:51:59.402 [main] DEBUG com.jayway.jsonpath.internal.path.CompiledPath -- Evaluating path: $['type']
12:51:59.402 [main] DEBUG com.jayway.jsonpath.internal.path.CompiledPath -- Evaluating path: $
12:51:59.402 [main] DEBUG com.jayway.jsonpath.internal.path.CompiledPath -- Evaluating path: $
12:51:59.402 [main] DEBUG com.jayway.jsonpath.internal.JsonContext -- Put path $ key type value {}
12:51:59.402 [main] DEBUG com.jayway.jsonpath.internal.path.CompiledPath -- Evaluating path: $
12:51:59.402 [main] DEBUG com.jayway.jsonpath.internal.JsonContext -- Put path $ key type value rawKeyDown
12:51:59.402 [main] DEBUG com.jayway.jsonpath.internal.path.CompiledPath -- Evaluating path: $['text']
12:51:59.402 [main] DEBUG com.jayway.jsonpath.internal.path.CompiledPath -- Evaluating path: $
12:51:59.402 [main] DEBUG com.jayway.jsonpath.internal.path.CompiledPath -- Evaluating path: $
12:51:59.402 [main] DEBUG com.jayway.jsonpath.internal.JsonContext -- Put path $ key text value {}
12:51:59.402 [main] DEBUG com.jayway.jsonpath.internal.path.CompiledPath -- Evaluating path: $
12:51:59.402 [main] DEBUG com.jayway.jsonpath.internal.JsonContext -- Put path $ key text value c
12:51:59.402 [main] DEBUG com.jayway.jsonpath.internal.path.CompiledPath -- Evaluating path: $['windowsVirtualKeyCode']
12:51:59.402 [main] DEBUG com.jayway.jsonpath.internal.path.CompiledPath -- Evaluating path: $
12:51:59.402 [main] DEBUG com.jayway.jsonpath.internal.path.CompiledPath -- Evaluating path: $
12:51:59.402 [main] DEBUG com.jayway.jsonpath.internal.JsonContext -- Put path $ key windowsVirtualKeyCode value {}
12:51:59.402 [main] DEBUG com.jayway.jsonpath.internal.path.CompiledPath -- Evaluating path: $
12:51:59.402 [main] DEBUG com.jayway.jsonpath.internal.JsonContext -- Put path $ key windowsVirtualKeyCode value 99
12:51:59.402 [main] DEBUG com.jayway.jsonpath.internal.path.CompiledPath -- Evaluating path: $
12:51:59.402 [main] DEBUG com.intuit.karate.driver.chrome_1718781712166 -- >> {"id":53,"sessionId":"5CA559BB167CA031E7DDA78D954316C9","method":"Input.dispatchKeyEvent","params":{"modifiers":0,"type":"rawKeyDown","text":"c","windowsVirtualKeyCode":99}}
12:51:59.404 [nioEventLoopGroup-7-1] DEBUG com.intuit.karate.driver.chrome_1718781712166 -- << {"id":53,"result":{},"sessionId":"5CA559BB167CA031E7DDA78D954316C9"}
12:51:59.404 [nioEventLoopGroup-7-1] DEBUG com.jayway.jsonpath.internal.path.CompiledPath -- Evaluating path: $
12:51:59.404 [main] DEBUG com.jayway.jsonpath.internal.path.CompiledPath -- Evaluating path: $['modifiers']
12:51:59.404 [main] DEBUG com.jayway.jsonpath.internal.path.CompiledPath -- Evaluating path: $
12:51:59.404 [main] DEBUG com.jayway.jsonpath.internal.path.CompiledPath -- Evaluating path: $
12:51:59.404 [main] DEBUG com.jayway.jsonpath.internal.JsonContext -- Put path $ key modifiers value {}
12:51:59.404 [main] DEBUG com.jayway.jsonpath.internal.path.CompiledPath -- Evaluating path: $
12:51:59.404 [main] DEBUG com.jayway.jsonpath.internal.JsonContext -- Put path $ key modifiers value 0
12:51:59.404 [main] DEBUG com.jayway.jsonpath.internal.path.CompiledPath -- Evaluating path: $['type']
12:51:59.404 [main] DEBUG com.jayway.jsonpath.internal.path.CompiledPath -- Evaluating path: $
12:51:59.404 [main] DEBUG com.jayway.jsonpath.internal.path.CompiledPath -- Evaluating path: $
12:51:59.404 [main] DEBUG com.jayway.jsonpath.internal.JsonContext -- Put path $ key type value {}
12:51:59.404 [main] DEBUG com.jayway.jsonpath.internal.path.CompiledPath -- Evaluating path: $
12:51:59.404 [main] DEBUG com.jayway.jsonpath.internal.JsonContext -- Put path $ key type value char
12:51:59.404 [main] DEBUG com.jayway.jsonpath.internal.path.CompiledPath -- Evaluating path: $['text']
12:51:59.404 [main] DEBUG com.jayway.jsonpath.internal.path.CompiledPath -- Evaluating path: $
12:51:59.404 [main] DEBUG com.jayway.jsonpath.internal.path.CompiledPath -- Evaluating path: $
12:51:59.404 [main] DEBUG com.jayway.jsonpath.internal.JsonContext -- Put path $ key text value {}
12:51:59.404 [main] DEBUG com.jayway.jsonpath.internal.path.CompiledPath -- Evaluating path: $
12:51:59.404 [main] DEBUG com.jayway.jsonpath.internal.JsonContext -- Put path $ key text value c
12:51:59.404 [main] DEBUG com.jayway.jsonpath.internal.path.CompiledPath -- Evaluating path: $['windowsVirtualKeyCode']
12:51:59.404 [main] DEBUG com.jayway.jsonpath.internal.path.CompiledPath -- Evaluating path: $
12:51:59.404 [main] DEBUG com.jayway.jsonpath.internal.path.CompiledPath -- Evaluating path: $
12:51:59.404 [main] DEBUG com.jayway.jsonpath.internal.JsonContext -- Put path $ key windowsVirtualKeyCode value {}
12:51:59.404 [main] DEBUG com.jayway.jsonpath.internal.path.CompiledPath -- Evaluating path: $
12:51:59.404 [main] DEBUG com.jayway.jsonpath.internal.JsonContext -- Put path $ key windowsVirtualKeyCode value 99
12:51:59.404 [main] DEBUG com.jayway.jsonpath.internal.path.CompiledPath -- Evaluating path: $
12:51:59.404 [main] DEBUG com.intuit.karate.driver.chrome_1718781712166 -- >> {"id":54,"sessionId":"5CA559BB167CA031E7DDA78D954316C9","method":"Input.dispatchKeyEvent","params":{"modifiers":0,"type":"char","text":"c","windowsVirtualKeyCode":99}}
12:51:59.406 [nioEventLoopGroup-7-1] DEBUG com.intuit.karate.driver.chrome_1718781712166 -- << {"id":54,"result":{},"sessionId":"5CA559BB167CA031E7DDA78D954316C9"}
12:51:59.406 [nioEventLoopGroup-7-1] DEBUG com.jayway.jsonpath.internal.path.CompiledPath -- Evaluating path: $
12:51:59.406 [main] DEBUG com.jayway.jsonpath.internal.path.CompiledPath -- Evaluating path: $['modifiers']
12:51:59.406 [main] DEBUG com.jayway.jsonpath.internal.path.CompiledPath -- Evaluating path: $
12:51:59.406 [main] DEBUG com.jayway.jsonpath.internal.path.CompiledPath -- Evaluating path: $
12:51:59.406 [main] DEBUG com.jayway.jsonpath.internal.JsonContext -- Put path $ key modifiers value {}
12:51:59.406 [main] DEBUG com.jayway.jsonpath.internal.path.CompiledPath -- Evaluating path: $
12:51:59.406 [main] DEBUG com.jayway.jsonpath.internal.JsonContext -- Put path $ key modifiers value 0
12:51:59.407 [main] DEBUG com.jayway.jsonpath.internal.path.CompiledPath -- Evaluating path: $['type']
12:51:59.407 [main] DEBUG com.jayway.jsonpath.internal.path.CompiledPath -- Evaluating path: $
12:51:59.407 [main] DEBUG com.jayway.jsonpath.internal.path.CompiledPath -- Evaluating path: $
12:51:59.407 [main] DEBUG com.jayway.jsonpath.internal.JsonContext -- Put path $ key type value {}
12:51:59.407 [main] DEBUG com.jayway.jsonpath.internal.path.CompiledPath -- Evaluating path: $
12:51:59.407 [main] DEBUG com.jayway.jsonpath.internal.JsonContext -- Put path $ key type value keyUp
12:51:59.407 [main] DEBUG com.jayway.jsonpath.internal.path.CompiledPath -- Evaluating path: $['text']
12:51:59.407 [main] DEBUG com.jayway.jsonpath.internal.path.CompiledPath -- Evaluating path: $
12:51:59.407 [main] DEBUG com.jayway.jsonpath.internal.path.CompiledPath -- Evaluating path: $
12:51:59.407 [main] DEBUG com.jayway.jsonpath.internal.JsonContext -- Put path $ key text value {}
12:51:59.407 [main] DEBUG com.jayway.jsonpath.internal.path.CompiledPath -- Evaluating path: $
12:51:59.407 [main] DEBUG com.jayway.jsonpath.internal.JsonContext -- Put path $ key text value c
12:51:59.407 [main] DEBUG com.jayway.jsonpath.internal.path.CompiledPath -- Evaluating path: $['windowsVirtualKeyCode']
12:51:59.407 [main] DEBUG com.jayway.jsonpath.internal.path.CompiledPath -- Evaluating path: $
12:51:59.407 [main] DEBUG com.jayway.jsonpath.internal.path.CompiledPath -- Evaluating path: $
12:51:59.407 [main] DEBUG com.jayway.jsonpath.internal.JsonContext -- Put path $ key windowsVirtualKeyCode value {}
12:51:59.407 [main] DEBUG com.jayway.jsonpath.internal.path.CompiledPath -- Evaluating path: $
12:51:59.407 [main] DEBUG com.jayway.jsonpath.internal.JsonContext -- Put path $ key windowsVirtualKeyCode value 99
12:51:59.407 [main] DEBUG com.jayway.jsonpath.internal.path.CompiledPath -- Evaluating path: $
12:51:59.407 [main] DEBUG com.intuit.karate.driver.chrome_1718781712166 -- >> {"id":55,"sessionId":"5CA559BB167CA031E7DDA78D954316C9","method":"Input.dispatchKeyEvent","params":{"modifiers":0,"type":"keyUp","text":"c","windowsVirtualKeyCode":99}}
12:51:59.408 [nioEventLoopGroup-7-1] DEBUG com.intuit.karate.driver.chrome_1718781712166 -- << {"id":55,"result":{},"sessionId":"5CA559BB167CA031E7DDA78D954316C9"}
12:51:59.408 [nioEventLoopGroup-7-1] DEBUG com.jayway.jsonpath.internal.path.CompiledPath -- Evaluating path: $
12:51:59.408 [main] DEBUG com.jayway.jsonpath.internal.path.CompiledPath -- Evaluating path: $['modifiers']
12:51:59.408 [main] DEBUG com.jayway.jsonpath.internal.path.CompiledPath -- Evaluating path: $
12:51:59.408 [main] DEBUG com.jayway.jsonpath.internal.path.CompiledPath -- Evaluating path: $
12:51:59.408 [main] DEBUG com.jayway.jsonpath.internal.JsonContext -- Put path $ key modifiers value {}
12:51:59.408 [main] DEBUG com.jayway.jsonpath.internal.path.CompiledPath -- Evaluating path: $
12:51:59.408 [main] DEBUG com.jayway.jsonpath.internal.JsonContext -- Put path $ key modifiers value 0
12:51:59.408 [main] DEBUG com.jayway.jsonpath.internal.path.CompiledPath -- Evaluating path: $['type']
12:51:59.408 [main] DEBUG com.jayway.jsonpath.internal.path.CompiledPath -- Evaluating path: $
12:51:59.408 [main] DEBUG com.jayway.jsonpath.internal.path.CompiledPath -- Evaluating path: $
12:51:59.408 [main] DEBUG com.jayway.jsonpath.internal.JsonContext -- Put path $ key type value {}
12:51:59.408 [main] DEBUG com.jayway.jsonpath.internal.path.CompiledPath -- Evaluating path: $
12:51:59.408 [main] DEBUG com.jayway.jsonpath.internal.JsonContext -- Put path $ key type value rawKeyDown
12:51:59.408 [main] DEBUG com.jayway.jsonpath.internal.path.CompiledPath -- Evaluating path: $['text']
12:51:59.408 [main] DEBUG com.jayway.jsonpath.internal.path.CompiledPath -- Evaluating path: $
12:51:59.408 [main] DEBUG com.jayway.jsonpath.internal.path.CompiledPath -- Evaluating path: $
12:51:59.408 [main] DEBUG com.jayway.jsonpath.internal.JsonContext -- Put path $ key text value {}
12:51:59.408 [main] DEBUG com.jayway.jsonpath.internal.path.CompiledPath -- Evaluating path: $
12:51:59.408 [main] DEBUG com.jayway.jsonpath.internal.JsonContext -- Put path $ key text value r
12:51:59.408 [main] DEBUG com.jayway.jsonpath.internal.path.CompiledPath -- Evaluating path: $['windowsVirtualKeyCode']
12:51:59.408 [main] DEBUG com.jayway.jsonpath.internal.path.CompiledPath -- Evaluating path: $
12:51:59.408 [main] DEBUG com.jayway.jsonpath.internal.path.CompiledPath -- Evaluating path: $
12:51:59.408 [main] DEBUG com.jayway.jsonpath.internal.JsonContext -- Put path $ key windowsVirtualKeyCode value {}
12:51:59.408 [main] DEBUG com.jayway.jsonpath.internal.path.CompiledPath -- Evaluating path: $
12:51:59.408 [main] DEBUG com.jayway.jsonpath.internal.JsonContext -- Put path $ key windowsVirtualKeyCode value 114
12:51:59.408 [main] DEBUG com.jayway.jsonpath.internal.path.CompiledPath -- Evaluating path: $
12:51:59.408 [main] DEBUG com.intuit.karate.driver.chrome_1718781712166 -- >> {"id":56,"sessionId":"5CA559BB167CA031E7DDA78D954316C9","method":"Input.dispatchKeyEvent","params":{"modifiers":0,"type":"rawKeyDown","text":"r","windowsVirtualKeyCode":114}}
12:51:59.409 [nioEventLoopGroup-7-1] DEBUG com.intuit.karate.driver.chrome_1718781712166 -- << {"id":56,"result":{},"sessionId":"5CA559BB167CA031E7DDA78D954316C9"}
12:51:59.409 [nioEventLoopGroup-7-1] DEBUG com.jayway.jsonpath.internal.path.CompiledPath -- Evaluating path: $
12:51:59.409 [main] DEBUG com.jayway.jsonpath.internal.path.CompiledPath -- Evaluating path: $['modifiers']
12:51:59.409 [main] DEBUG com.jayway.jsonpath.internal.path.CompiledPath -- Evaluating path: $
12:51:59.409 [main] DEBUG com.jayway.jsonpath.internal.path.CompiledPath -- Evaluating path: $
12:51:59.409 [main] DEBUG com.jayway.jsonpath.internal.JsonContext -- Put path $ key modifiers value {}
12:51:59.409 [main] DEBUG com.jayway.jsonpath.internal.path.CompiledPath -- Evaluating path: $
12:51:59.409 [main] DEBUG com.jayway.jsonpath.internal.JsonContext -- Put path $ key modifiers value 0
12:51:59.409 [main] DEBUG com.jayway.jsonpath.internal.path.CompiledPath -- Evaluating path: $['type']
12:51:59.409 [main] DEBUG com.jayway.jsonpath.internal.path.CompiledPath -- Evaluating path: $
12:51:59.409 [main] DEBUG com.jayway.jsonpath.internal.path.CompiledPath -- Evaluating path: $
12:51:59.409 [main] DEBUG com.jayway.jsonpath.internal.JsonContext -- Put path $ key type value {}
12:51:59.409 [main] DEBUG com.jayway.jsonpath.internal.path.CompiledPath -- Evaluating path: $
12:51:59.409 [main] DEBUG com.jayway.jsonpath.internal.JsonContext -- Put path $ key type value char
12:51:59.409 [main] DEBUG com.jayway.jsonpath.internal.path.CompiledPath -- Evaluating path: $['text']
12:51:59.409 [main] DEBUG com.jayway.jsonpath.internal.path.CompiledPath -- Evaluating path: $
12:51:59.409 [main] DEBUG com.jayway.jsonpath.internal.path.CompiledPath -- Evaluating path: $
12:51:59.409 [main] DEBUG com.jayway.jsonpath.internal.JsonContext -- Put path $ key text value {}
12:51:59.409 [main] DEBUG com.jayway.jsonpath.internal.path.CompiledPath -- Evaluating path: $
12:51:59.409 [main] DEBUG com.jayway.jsonpath.internal.JsonContext -- Put path $ key text value r
12:51:59.409 [main] DEBUG com.jayway.jsonpath.internal.path.CompiledPath -- Evaluating path: $['windowsVirtualKeyCode']
12:51:59.409 [main] DEBUG com.jayway.jsonpath.internal.path.CompiledPath -- Evaluating path: $
12:51:59.409 [main] DEBUG com.jayway.jsonpath.internal.path.CompiledPath -- Evaluating path: $
12:51:59.409 [main] DEBUG com.jayway.jsonpath.internal.JsonContext -- Put path $ key windowsVirtualKeyCode value {}
12:51:59.409 [main] DEBUG com.jayway.jsonpath.internal.path.CompiledPath -- Evaluating path: $
12:51:59.409 [main] DEBUG com.jayway.jsonpath.internal.JsonContext -- Put path $ key windowsVirtualKeyCode value 114
12:51:59.409 [main] DEBUG com.jayway.jsonpath.internal.path.CompiledPath -- Evaluating path: $
12:51:59.409 [main] DEBUG com.intuit.karate.driver.chrome_1718781712166 -- >> {"id":57,"sessionId":"5CA559BB167CA031E7DDA78D954316C9","method":"Input.dispatchKeyEvent","params":{"modifiers":0,"type":"char","text":"r","windowsVirtualKeyCode":114}}
12:51:59.411 [nioEventLoopGroup-7-1] DEBUG com.intuit.karate.driver.chrome_1718781712166 -- << {"id":57,"result":{},"sessionId":"5CA559BB167CA031E7DDA78D954316C9"}
12:51:59.411 [nioEventLoopGroup-7-1] DEBUG com.jayway.jsonpath.internal.path.CompiledPath -- Evaluating path: $
12:51:59.411 [main] DEBUG com.jayway.jsonpath.internal.path.CompiledPath -- Evaluating path: $['modifiers']
12:51:59.411 [main] DEBUG com.jayway.jsonpath.internal.path.CompiledPath -- Evaluating path: $
12:51:59.411 [main] DEBUG com.jayway.jsonpath.internal.path.CompiledPath -- Evaluating path: $
12:51:59.411 [main] DEBUG com.jayway.jsonpath.internal.JsonContext -- Put path $ key modifiers value {}
12:51:59.411 [main] DEBUG com.jayway.jsonpath.internal.path.CompiledPath -- Evaluating path: $
12:51:59.411 [main] DEBUG com.jayway.jsonpath.internal.JsonContext -- Put path $ key modifiers value 0
12:51:59.411 [main] DEBUG com.jayway.jsonpath.internal.path.CompiledPath -- Evaluating path: $['type']
12:51:59.411 [main] DEBUG com.jayway.jsonpath.internal.path.CompiledPath -- Evaluating path: $
12:51:59.411 [main] DEBUG com.jayway.jsonpath.internal.path.CompiledPath -- Evaluating path: $
12:51:59.411 [main] DEBUG com.jayway.jsonpath.internal.JsonContext -- Put path $ key type value {}
12:51:59.411 [main] DEBUG com.jayway.jsonpath.internal.path.CompiledPath -- Evaluating path: $
12:51:59.411 [main] DEBUG com.jayway.jsonpath.internal.JsonContext -- Put path $ key type value keyUp
12:51:59.411 [main] DEBUG com.jayway.jsonpath.internal.path.CompiledPath -- Evaluating path: $['text']
12:51:59.411 [main] DEBUG com.jayway.jsonpath.internal.path.CompiledPath -- Evaluating path: $
12:51:59.411 [main] DEBUG com.jayway.jsonpath.internal.path.CompiledPath -- Evaluating path: $
12:51:59.411 [main] DEBUG com.jayway.jsonpath.internal.JsonContext -- Put path $ key text value {}
12:51:59.411 [main] DEBUG com.jayway.jsonpath.internal.path.CompiledPath -- Evaluating path: $
12:51:59.411 [main] DEBUG com.jayway.jsonpath.internal.JsonContext -- Put path $ key text value r
12:51:59.411 [main] DEBUG com.jayway.jsonpath.internal.path.CompiledPath -- Evaluating path: $['windowsVirtualKeyCode']
12:51:59.411 [main] DEBUG com.jayway.jsonpath.internal.path.CompiledPath -- Evaluating path: $
12:51:59.411 [main] DEBUG com.jayway.jsonpath.internal.path.CompiledPath -- Evaluating path: $
12:51:59.411 [main] DEBUG com.jayway.jsonpath.internal.JsonContext -- Put path $ key windowsVirtualKeyCode value {}
12:51:59.411 [main] DEBUG com.jayway.jsonpath.internal.path.CompiledPath -- Evaluating path: $
12:51:59.411 [main] DEBUG com.jayway.jsonpath.internal.JsonContext -- Put path $ key windowsVirtualKeyCode value 114
12:51:59.411 [main] DEBUG com.jayway.jsonpath.internal.path.CompiledPath -- Evaluating path: $
12:51:59.411 [main] DEBUG com.intuit.karate.driver.chrome_1718781712166 -- >> {"id":58,"sessionId":"5CA559BB167CA031E7DDA78D954316C9","method":"Input.dispatchKeyEvent","params":{"modifiers":0,"type":"keyUp","text":"r","windowsVirtualKeyCode":114}}
12:51:59.412 [nioEventLoopGroup-7-1] DEBUG com.intuit.karate.driver.chrome_1718781712166 -- << {"id":58,"result":{},"sessionId":"5CA559BB167CA031E7DDA78D954316C9"}
12:51:59.412 [nioEventLoopGroup-7-1] DEBUG com.jayway.jsonpath.internal.path.CompiledPath -- Evaluating path: $
12:51:59.412 [main] DEBUG com.jayway.jsonpath.internal.path.CompiledPath -- Evaluating path: $['modifiers']
12:51:59.412 [main] DEBUG com.jayway.jsonpath.internal.path.CompiledPath -- Evaluating path: $
12:51:59.412 [main] DEBUG com.jayway.jsonpath.internal.path.CompiledPath -- Evaluating path: $
12:51:59.412 [main] DEBUG com.jayway.jsonpath.internal.JsonContext -- Put path $ key modifiers value {}
12:51:59.412 [main] DEBUG com.jayway.jsonpath.internal.path.CompiledPath -- Evaluating path: $
12:51:59.412 [main] DEBUG com.jayway.jsonpath.internal.JsonContext -- Put path $ key modifiers value 0
12:51:59.412 [main] DEBUG com.jayway.jsonpath.internal.path.CompiledPath -- Evaluating path: $['type']
12:51:59.412 [main] DEBUG com.jayway.jsonpath.internal.path.CompiledPath -- Evaluating path: $
12:51:59.412 [main] DEBUG com.jayway.jsonpath.internal.path.CompiledPath -- Evaluating path: $
12:51:59.412 [main] DEBUG com.jayway.jsonpath.internal.JsonContext -- Put path $ key type value {}
12:51:59.412 [main] DEBUG com.jayway.jsonpath.internal.path.CompiledPath -- Evaluating path: $
12:51:59.412 [main] DEBUG com.jayway.jsonpath.internal.JsonContext -- Put path $ key type value rawKeyDown
12:51:59.412 [main] DEBUG com.jayway.jsonpath.internal.path.CompiledPath -- Evaluating path: $['text']
12:51:59.412 [main] DEBUG com.jayway.jsonpath.internal.path.CompiledPath -- Evaluating path: $
12:51:59.412 [main] DEBUG com.jayway.jsonpath.internal.path.CompiledPath -- Evaluating path: $
12:51:59.412 [main] DEBUG com.jayway.jsonpath.internal.JsonContext -- Put path $ key text value {}
12:51:59.412 [main] DEBUG com.jayway.jsonpath.internal.path.CompiledPath -- Evaluating path: $
12:51:59.412 [main] DEBUG com.jayway.jsonpath.internal.JsonContext -- Put path $ key text value e
12:51:59.412 [main] DEBUG com.jayway.jsonpath.internal.path.CompiledPath -- Evaluating path: $['windowsVirtualKeyCode']
12:51:59.412 [main] DEBUG com.jayway.jsonpath.internal.path.CompiledPath -- Evaluating path: $
12:51:59.412 [main] DEBUG com.jayway.jsonpath.internal.path.CompiledPath -- Evaluating path: $
12:51:59.412 [main] DEBUG com.jayway.jsonpath.internal.JsonContext -- Put path $ key windowsVirtualKeyCode value {}
12:51:59.412 [main] DEBUG com.jayway.jsonpath.internal.path.CompiledPath -- Evaluating path: $
12:51:59.412 [main] DEBUG com.jayway.jsonpath.internal.JsonContext -- Put path $ key windowsVirtualKeyCode value 101
12:51:59.412 [main] DEBUG com.jayway.jsonpath.internal.path.CompiledPath -- Evaluating path: $
12:51:59.412 [main] DEBUG com.intuit.karate.driver.chrome_1718781712166 -- >> {"id":59,"sessionId":"5CA559BB167CA031E7DDA78D954316C9","method":"Input.dispatchKeyEvent","params":{"modifiers":0,"type":"rawKeyDown","text":"e","windowsVirtualKeyCode":101}}
12:51:59.413 [nioEventLoopGroup-7-1] DEBUG com.intuit.karate.driver.chrome_1718781712166 -- << {"id":59,"result":{},"sessionId":"5CA559BB167CA031E7DDA78D954316C9"}
12:51:59.413 [nioEventLoopGroup-7-1] DEBUG com.jayway.jsonpath.internal.path.CompiledPath -- Evaluating path: $
12:51:59.413 [main] DEBUG com.jayway.jsonpath.internal.path.CompiledPath -- Evaluating path: $['modifiers']
12:51:59.415 [main] DEBUG com.jayway.jsonpath.internal.path.CompiledPath -- Evaluating path: $
12:51:59.415 [main] DEBUG com.jayway.jsonpath.internal.path.CompiledPath -- Evaluating path: $
12:51:59.415 [main] DEBUG com.jayway.jsonpath.internal.JsonContext -- Put path $ key modifiers value {}
12:51:59.415 [main] DEBUG com.jayway.jsonpath.internal.path.CompiledPath -- Evaluating path: $
12:51:59.415 [main] DEBUG com.jayway.jsonpath.internal.JsonContext -- Put path $ key modifiers value 0
12:51:59.415 [main] DEBUG com.jayway.jsonpath.internal.path.CompiledPath -- Evaluating path: $['type']
12:51:59.415 [main] DEBUG com.jayway.jsonpath.internal.path.CompiledPath -- Evaluating path: $
12:51:59.415 [main] DEBUG com.jayway.jsonpath.internal.path.CompiledPath -- Evaluating path: $
12:51:59.415 [main] DEBUG com.jayway.jsonpath.internal.JsonContext -- Put path $ key type value {}
12:51:59.415 [main] DEBUG com.jayway.jsonpath.internal.path.CompiledPath -- Evaluating path: $
12:51:59.415 [main] DEBUG com.jayway.jsonpath.internal.JsonContext -- Put path $ key type value char
12:51:59.415 [main] DEBUG com.jayway.jsonpath.internal.path.CompiledPath -- Evaluating path: $['text']
12:51:59.415 [main] DEBUG com.jayway.jsonpath.internal.path.CompiledPath -- Evaluating path: $
12:51:59.415 [main] DEBUG com.jayway.jsonpath.internal.path.CompiledPath -- Evaluating path: $
12:51:59.415 [main] DEBUG com.jayway.jsonpath.internal.JsonContext -- Put path $ key text value {}
12:51:59.415 [main] DEBUG com.jayway.jsonpath.internal.path.CompiledPath -- Evaluating path: $
12:51:59.415 [main] DEBUG com.jayway.jsonpath.internal.JsonContext -- Put path $ key text value e
12:51:59.415 [main] DEBUG com.jayway.jsonpath.internal.path.CompiledPath -- Evaluating path: $['windowsVirtualKeyCode']
12:51:59.415 [main] DEBUG com.jayway.jsonpath.internal.path.CompiledPath -- Evaluating path: $
12:51:59.415 [main] DEBUG com.jayway.jsonpath.internal.path.CompiledPath -- Evaluating path: $
12:51:59.415 [main] DEBUG com.jayway.jsonpath.internal.JsonContext -- Put path $ key windowsVirtualKeyCode value {}
12:51:59.415 [main] DEBUG com.jayway.jsonpath.internal.path.CompiledPath -- Evaluating path: $
12:51:59.415 [main] DEBUG com.jayway.jsonpath.internal.JsonContext -- Put path $ key windowsVirtualKeyCode value 101
12:51:59.415 [main] DEBUG com.jayway.jsonpath.internal.path.CompiledPath -- Evaluating path: $
12:51:59.415 [main] DEBUG com.intuit.karate.driver.chrome_1718781712166 -- >> {"id":60,"sessionId":"5CA559BB167CA031E7DDA78D954316C9","method":"Input.dispatchKeyEvent","params":{"modifiers":0,"type":"char","text":"e","windowsVirtualKeyCode":101}}
12:51:59.415 [nioEventLoopGroup-7-1] DEBUG com.intuit.karate.driver.chrome_1718781712166 -- << {"id":60,"result":{},"sessionId":"5CA559BB167CA031E7DDA78D954316C9"}
12:51:59.415 [nioEventLoopGroup-7-1] DEBUG com.jayway.jsonpath.internal.path.CompiledPath -- Evaluating path: $
12:51:59.415 [main] DEBUG com.jayway.jsonpath.internal.path.CompiledPath -- Evaluating path: $['modifiers']
12:51:59.415 [main] DEBUG com.jayway.jsonpath.internal.path.CompiledPath -- Evaluating path: $
12:51:59.415 [main] DEBUG com.jayway.jsonpath.internal.path.CompiledPath -- Evaluating path: $
12:51:59.415 [main] DEBUG com.jayway.jsonpath.internal.JsonContext -- Put path $ key modifiers value {}
12:51:59.415 [main] DEBUG com.jayway.jsonpath.internal.path.CompiledPath -- Evaluating path: $
12:51:59.415 [main] DEBUG com.jayway.jsonpath.internal.JsonContext -- Put path $ key modifiers value 0
12:51:59.415 [main] DEBUG com.jayway.jsonpath.internal.path.CompiledPath -- Evaluating path: $['type']
12:51:59.415 [main] DEBUG com.jayway.jsonpath.internal.path.CompiledPath -- Evaluating path: $
12:51:59.415 [main] DEBUG com.jayway.jsonpath.internal.path.CompiledPath -- Evaluating path: $
12:51:59.415 [main] DEBUG com.jayway.jsonpath.internal.JsonContext -- Put path $ key type value {}
12:51:59.415 [main] DEBUG com.jayway.jsonpath.internal.path.CompiledPath -- Evaluating path: $
12:51:59.415 [main] DEBUG com.jayway.jsonpath.internal.JsonContext -- Put path $ key type value keyUp
12:51:59.415 [main] DEBUG com.jayway.jsonpath.internal.path.CompiledPath -- Evaluating path: $['text']
12:51:59.415 [main] DEBUG com.jayway.jsonpath.internal.path.CompiledPath -- Evaluating path: $
12:51:59.415 [main] DEBUG com.jayway.jsonpath.internal.path.CompiledPath -- Evaluating path: $
12:51:59.415 [main] DEBUG com.jayway.jsonpath.internal.JsonContext -- Put path $ key text value {}
12:51:59.415 [main] DEBUG com.jayway.jsonpath.internal.path.CompiledPath -- Evaluating path: $
12:51:59.415 [main] DEBUG com.jayway.jsonpath.internal.JsonContext -- Put path $ key text value e
12:51:59.415 [main] DEBUG com.jayway.jsonpath.internal.path.CompiledPath -- Evaluating path: $['windowsVirtualKeyCode']
12:51:59.415 [main] DEBUG com.jayway.jsonpath.internal.path.CompiledPath -- Evaluating path: $
12:51:59.415 [main] DEBUG com.jayway.jsonpath.internal.path.CompiledPath -- Evaluating path: $
12:51:59.415 [main] DEBUG com.jayway.jsonpath.internal.JsonContext -- Put path $ key windowsVirtualKeyCode value {}
12:51:59.415 [main] DEBUG com.jayway.jsonpath.internal.path.CompiledPath -- Evaluating path: $
12:51:59.415 [main] DEBUG com.jayway.jsonpath.internal.JsonContext -- Put path $ key windowsVirtualKeyCode value 101
12:51:59.415 [main] DEBUG com.jayway.jsonpath.internal.path.CompiledPath -- Evaluating path: $
12:51:59.415 [main] DEBUG com.intuit.karate.driver.chrome_1718781712166 -- >> {"id":61,"sessionId":"5CA559BB167CA031E7DDA78D954316C9","method":"Input.dispatchKeyEvent","params":{"modifiers":0,"type":"keyUp","text":"e","windowsVirtualKeyCode":101}}
12:51:59.415 [nioEventLoopGroup-7-1] DEBUG com.intuit.karate.driver.chrome_1718781712166 -- << {"id":61,"result":{},"sessionId":"5CA559BB167CA031E7DDA78D954316C9"}
12:51:59.415 [nioEventLoopGroup-7-1] DEBUG com.jayway.jsonpath.internal.path.CompiledPath -- Evaluating path: $
12:51:59.415 [main] DEBUG com.jayway.jsonpath.internal.path.CompiledPath -- Evaluating path: $['modifiers']
12:51:59.415 [main] DEBUG com.jayway.jsonpath.internal.path.CompiledPath -- Evaluating path: $
12:51:59.415 [main] DEBUG com.jayway.jsonpath.internal.path.CompiledPath -- Evaluating path: $
12:51:59.415 [main] DEBUG com.jayway.jsonpath.internal.JsonContext -- Put path $ key modifiers value {}
12:51:59.415 [main] DEBUG com.jayway.jsonpath.internal.path.CompiledPath -- Evaluating path: $
12:51:59.415 [main] DEBUG com.jayway.jsonpath.internal.JsonContext -- Put path $ key modifiers value 0
12:51:59.415 [main] DEBUG com.jayway.jsonpath.internal.path.CompiledPath -- Evaluating path: $['type']
12:51:59.415 [main] DEBUG com.jayway.jsonpath.internal.path.CompiledPath -- Evaluating path: $
12:51:59.415 [main] DEBUG com.jayway.jsonpath.internal.path.CompiledPath -- Evaluating path: $
12:51:59.415 [main] DEBUG com.jayway.jsonpath.internal.JsonContext -- Put path $ key type value {}
12:51:59.415 [main] DEBUG com.jayway.jsonpath.internal.path.CompiledPath -- Evaluating path: $
12:51:59.415 [main] DEBUG com.jayway.jsonpath.internal.JsonContext -- Put path $ key type value rawKeyDown
12:51:59.415 [main] DEBUG com.jayway.jsonpath.internal.path.CompiledPath -- Evaluating path: $['text']
12:51:59.415 [main] DEBUG com.jayway.jsonpath.internal.path.CompiledPath -- Evaluating path: $
12:51:59.415 [main] DEBUG com.jayway.jsonpath.internal.path.CompiledPath -- Evaluating path: $
12:51:59.415 [main] DEBUG com.jayway.jsonpath.internal.JsonContext -- Put path $ key text value {}
12:51:59.415 [main] DEBUG com.jayway.jsonpath.internal.path.CompiledPath -- Evaluating path: $
12:51:59.415 [main] DEBUG com.jayway.jsonpath.internal.JsonContext -- Put path $ key text value t
12:51:59.415 [main] DEBUG com.jayway.jsonpath.internal.path.CompiledPath -- Evaluating path: $['windowsVirtualKeyCode']
12:51:59.415 [main] DEBUG com.jayway.jsonpath.internal.path.CompiledPath -- Evaluating path: $
12:51:59.415 [main] DEBUG com.jayway.jsonpath.internal.path.CompiledPath -- Evaluating path: $
12:51:59.415 [main] DEBUG com.jayway.jsonpath.internal.JsonContext -- Put path $ key windowsVirtualKeyCode value {}
12:51:59.415 [main] DEBUG com.jayway.jsonpath.internal.path.CompiledPath -- Evaluating path: $
12:51:59.415 [main] DEBUG com.jayway.jsonpath.internal.JsonContext -- Put path $ key windowsVirtualKeyCode value 116
12:51:59.415 [main] DEBUG com.jayway.jsonpath.internal.path.CompiledPath -- Evaluating path: $
12:51:59.415 [main] DEBUG com.intuit.karate.driver.chrome_1718781712166 -- >> {"id":62,"sessionId":"5CA559BB167CA031E7DDA78D954316C9","method":"Input.dispatchKeyEvent","params":{"modifiers":0,"type":"rawKeyDown","text":"t","windowsVirtualKeyCode":116}}
12:51:59.415 [nioEventLoopGroup-7-1] DEBUG com.intuit.karate.driver.chrome_1718781712166 -- << {"id":62,"result":{},"sessionId":"5CA559BB167CA031E7DDA78D954316C9"}
12:51:59.415 [nioEventLoopGroup-7-1] DEBUG com.jayway.jsonpath.internal.path.CompiledPath -- Evaluating path: $
12:51:59.415 [main] DEBUG com.jayway.jsonpath.internal.path.CompiledPath -- Evaluating path: $['modifiers']
12:51:59.415 [main] DEBUG com.jayway.jsonpath.internal.path.CompiledPath -- Evaluating path: $
12:51:59.415 [main] DEBUG com.jayway.jsonpath.internal.path.CompiledPath -- Evaluating path: $
12:51:59.415 [main] DEBUG com.jayway.jsonpath.internal.JsonContext -- Put path $ key modifiers value {}
12:51:59.415 [main] DEBUG com.jayway.jsonpath.internal.path.CompiledPath -- Evaluating path: $
12:51:59.415 [main] DEBUG com.jayway.jsonpath.internal.JsonContext -- Put path $ key modifiers value 0
12:51:59.415 [main] DEBUG com.jayway.jsonpath.internal.path.CompiledPath -- Evaluating path: $['type']
12:51:59.415 [main] DEBUG com.jayway.jsonpath.internal.path.CompiledPath -- Evaluating path: $
12:51:59.415 [main] DEBUG com.jayway.jsonpath.internal.path.CompiledPath -- Evaluating path: $
12:51:59.415 [main] DEBUG com.jayway.jsonpath.internal.JsonContext -- Put path $ key type value {}
12:51:59.415 [main] DEBUG com.jayway.jsonpath.internal.path.CompiledPath -- Evaluating path: $
12:51:59.415 [main] DEBUG com.jayway.jsonpath.internal.JsonContext -- Put path $ key type value char
12:51:59.415 [main] DEBUG com.jayway.jsonpath.internal.path.CompiledPath -- Evaluating path: $['text']
12:51:59.415 [main] DEBUG com.jayway.jsonpath.internal.path.CompiledPath -- Evaluating path: $
12:51:59.415 [main] DEBUG com.jayway.jsonpath.internal.path.CompiledPath -- Evaluating path: $
12:51:59.415 [main] DEBUG com.jayway.jsonpath.internal.JsonContext -- Put path $ key text value {}
12:51:59.415 [main] DEBUG com.jayway.jsonpath.internal.path.CompiledPath -- Evaluating path: $
12:51:59.415 [main] DEBUG com.jayway.jsonpath.internal.JsonContext -- Put path $ key text value t
12:51:59.415 [main] DEBUG com.jayway.jsonpath.internal.path.CompiledPath -- Evaluating path: $['windowsVirtualKeyCode']
12:51:59.415 [main] DEBUG com.jayway.jsonpath.internal.path.CompiledPath -- Evaluating path: $
12:51:59.415 [main] DEBUG com.jayway.jsonpath.internal.path.CompiledPath -- Evaluating path: $
12:51:59.415 [main] DEBUG com.jayway.jsonpath.internal.JsonContext -- Put path $ key windowsVirtualKeyCode value {}
12:51:59.415 [main] DEBUG com.jayway.jsonpath.internal.path.CompiledPath -- Evaluating path: $
12:51:59.415 [main] DEBUG com.jayway.jsonpath.internal.JsonContext -- Put path $ key windowsVirtualKeyCode value 116
12:51:59.415 [main] DEBUG com.jayway.jsonpath.internal.path.CompiledPath -- Evaluating path: $
12:51:59.415 [main] DEBUG com.intuit.karate.driver.chrome_1718781712166 -- >> {"id":63,"sessionId":"5CA559BB167CA031E7DDA78D954316C9","method":"Input.dispatchKeyEvent","params":{"modifiers":0,"type":"char","text":"t","windowsVirtualKeyCode":116}}
12:51:59.415 [nioEventLoopGroup-7-1] DEBUG com.intuit.karate.driver.chrome_1718781712166 -- << {"id":63,"result":{},"sessionId":"5CA559BB167CA031E7DDA78D954316C9"}
12:51:59.415 [nioEventLoopGroup-7-1] DEBUG com.jayway.jsonpath.internal.path.CompiledPath -- Evaluating path: $
12:51:59.415 [main] DEBUG com.jayway.jsonpath.internal.path.CompiledPath -- Evaluating path: $['modifiers']
12:51:59.415 [main] DEBUG com.jayway.jsonpath.internal.path.CompiledPath -- Evaluating path: $
12:51:59.415 [main] DEBUG com.jayway.jsonpath.internal.path.CompiledPath -- Evaluating path: $
12:51:59.415 [main] DEBUG com.jayway.jsonpath.internal.JsonContext -- Put path $ key modifiers value {}
12:51:59.415 [main] DEBUG com.jayway.jsonpath.internal.path.CompiledPath -- Evaluating path: $
12:51:59.415 [main] DEBUG com.jayway.jsonpath.internal.JsonContext -- Put path $ key modifiers value 0
12:51:59.415 [main] DEBUG com.jayway.jsonpath.internal.path.CompiledPath -- Evaluating path: $['type']
12:51:59.415 [main] DEBUG com.jayway.jsonpath.internal.path.CompiledPath -- Evaluating path: $
12:51:59.415 [main] DEBUG com.jayway.jsonpath.internal.path.CompiledPath -- Evaluating path: $
12:51:59.415 [main] DEBUG com.jayway.jsonpath.internal.JsonContext -- Put path $ key type value {}
12:51:59.415 [main] DEBUG com.jayway.jsonpath.internal.path.CompiledPath -- Evaluating path: $
12:51:59.415 [main] DEBUG com.jayway.jsonpath.internal.JsonContext -- Put path $ key type value keyUp
12:51:59.415 [main] DEBUG com.jayway.jsonpath.internal.path.CompiledPath -- Evaluating path: $['text']
12:51:59.415 [main] DEBUG com.jayway.jsonpath.internal.path.CompiledPath -- Evaluating path: $
12:51:59.415 [main] DEBUG com.jayway.jsonpath.internal.path.CompiledPath -- Evaluating path: $
12:51:59.415 [main] DEBUG com.jayway.jsonpath.internal.JsonContext -- Put path $ key text value {}
12:51:59.415 [main] DEBUG com.jayway.jsonpath.internal.path.CompiledPath -- Evaluating path: $
12:51:59.415 [main] DEBUG com.jayway.jsonpath.internal.JsonContext -- Put path $ key text value t
12:51:59.415 [main] DEBUG com.jayway.jsonpath.internal.path.CompiledPath -- Evaluating path: $['windowsVirtualKeyCode']
12:51:59.415 [main] DEBUG com.jayway.jsonpath.internal.path.CompiledPath -- Evaluating path: $
12:51:59.415 [main] DEBUG com.jayway.jsonpath.internal.path.CompiledPath -- Evaluating path: $
12:51:59.415 [main] DEBUG com.jayway.jsonpath.internal.JsonContext -- Put path $ key windowsVirtualKeyCode value {}
12:51:59.415 [main] DEBUG com.jayway.jsonpath.internal.path.CompiledPath -- Evaluating path: $
12:51:59.415 [main] DEBUG com.jayway.jsonpath.internal.JsonContext -- Put path $ key windowsVirtualKeyCode value 116
12:51:59.415 [main] DEBUG com.jayway.jsonpath.internal.path.CompiledPath -- Evaluating path: $
12:51:59.415 [main] DEBUG com.intuit.karate.driver.chrome_1718781712166 -- >> {"id":64,"sessionId":"5CA559BB167CA031E7DDA78D954316C9","method":"Input.dispatchKeyEvent","params":{"modifiers":0,"type":"keyUp","text":"t","windowsVirtualKeyCode":116}}
12:51:59.415 [nioEventLoopGroup-7-1] DEBUG com.intuit.karate.driver.chrome_1718781712166 -- << {"id":64,"result":{},"sessionId":"5CA559BB167CA031E7DDA78D954316C9"}
12:51:59.415 [nioEventLoopGroup-7-1] DEBUG com.jayway.jsonpath.internal.path.CompiledPath -- Evaluating path: $
12:51:59.415 [main] DEBUG com.jayway.jsonpath.internal.path.CompiledPath -- Evaluating path: $['modifiers']
12:51:59.415 [main] DEBUG com.jayway.jsonpath.internal.path.CompiledPath -- Evaluating path: $
12:51:59.415 [main] DEBUG com.jayway.jsonpath.internal.path.CompiledPath -- Evaluating path: $
12:51:59.415 [main] DEBUG com.jayway.jsonpath.internal.JsonContext -- Put path $ key modifiers value {}
12:51:59.415 [main] DEBUG com.jayway.jsonpath.internal.path.CompiledPath -- Evaluating path: $
12:51:59.415 [main] DEBUG com.jayway.jsonpath.internal.JsonContext -- Put path $ key modifiers value 0
12:51:59.415 [main] DEBUG com.jayway.jsonpath.internal.path.CompiledPath -- Evaluating path: $['type']
12:51:59.415 [main] DEBUG com.jayway.jsonpath.internal.path.CompiledPath -- Evaluating path: $
12:51:59.415 [main] DEBUG com.jayway.jsonpath.internal.path.CompiledPath -- Evaluating path: $
12:51:59.415 [main] DEBUG com.jayway.jsonpath.internal.JsonContext -- Put path $ key type value {}
12:51:59.415 [main] DEBUG com.jayway.jsonpath.internal.path.CompiledPath -- Evaluating path: $
12:51:59.415 [main] DEBUG com.jayway.jsonpath.internal.JsonContext -- Put path $ key type value rawKeyDown
12:51:59.415 [main] DEBUG com.jayway.jsonpath.internal.path.CompiledPath -- Evaluating path: $['text']
12:51:59.415 [main] DEBUG com.jayway.jsonpath.internal.path.CompiledPath -- Evaluating path: $
12:51:59.415 [main] DEBUG com.jayway.jsonpath.internal.path.CompiledPath -- Evaluating path: $
12:51:59.415 [main] DEBUG com.jayway.jsonpath.internal.JsonContext -- Put path $ key text value {}
12:51:59.415 [main] DEBUG com.jayway.jsonpath.internal.path.CompiledPath -- Evaluating path: $
12:51:59.415 [main] DEBUG com.jayway.jsonpath.internal.JsonContext -- Put path $ key text value _
12:51:59.415 [main] DEBUG com.jayway.jsonpath.internal.path.CompiledPath -- Evaluating path: $['windowsVirtualKeyCode']
12:51:59.415 [main] DEBUG com.jayway.jsonpath.internal.path.CompiledPath -- Evaluating path: $
12:51:59.415 [main] DEBUG com.jayway.jsonpath.internal.path.CompiledPath -- Evaluating path: $
12:51:59.415 [main] DEBUG com.jayway.jsonpath.internal.JsonContext -- Put path $ key windowsVirtualKeyCode value {}
12:51:59.415 [main] DEBUG com.jayway.jsonpath.internal.path.CompiledPath -- Evaluating path: $
12:51:59.415 [main] DEBUG com.jayway.jsonpath.internal.JsonContext -- Put path $ key windowsVirtualKeyCode value 523
12:51:59.415 [main] DEBUG com.jayway.jsonpath.internal.path.CompiledPath -- Evaluating path: $
12:51:59.415 [main] DEBUG com.intuit.karate.driver.chrome_1718781712166 -- >> {"id":65,"sessionId":"5CA559BB167CA031E7DDA78D954316C9","method":"Input.dispatchKeyEvent","params":{"modifiers":0,"type":"rawKeyDown","text":"_","windowsVirtualKeyCode":523}}
12:51:59.415 [nioEventLoopGroup-7-1] DEBUG com.intuit.karate.driver.chrome_1718781712166 -- << {"id":65,"result":{},"sessionId":"5CA559BB167CA031E7DDA78D954316C9"}
12:51:59.415 [nioEventLoopGroup-7-1] DEBUG com.jayway.jsonpath.internal.path.CompiledPath -- Evaluating path: $
12:51:59.415 [main] DEBUG com.jayway.jsonpath.internal.path.CompiledPath -- Evaluating path: $['modifiers']
12:51:59.415 [main] DEBUG com.jayway.jsonpath.internal.path.CompiledPath -- Evaluating path: $
12:51:59.415 [main] DEBUG com.jayway.jsonpath.internal.path.CompiledPath -- Evaluating path: $
12:51:59.415 [main] DEBUG com.jayway.jsonpath.internal.JsonContext -- Put path $ key modifiers value {}
12:51:59.415 [main] DEBUG com.jayway.jsonpath.internal.path.CompiledPath -- Evaluating path: $
12:51:59.415 [main] DEBUG com.jayway.jsonpath.internal.JsonContext -- Put path $ key modifiers value 0
12:51:59.415 [main] DEBUG com.jayway.jsonpath.internal.path.CompiledPath -- Evaluating path: $['type']
12:51:59.415 [main] DEBUG com.jayway.jsonpath.internal.path.CompiledPath -- Evaluating path: $
12:51:59.415 [main] DEBUG com.jayway.jsonpath.internal.path.CompiledPath -- Evaluating path: $
12:51:59.415 [main] DEBUG com.jayway.jsonpath.internal.JsonContext -- Put path $ key type value {}
12:51:59.415 [main] DEBUG com.jayway.jsonpath.internal.path.CompiledPath -- Evaluating path: $
12:51:59.415 [main] DEBUG com.jayway.jsonpath.internal.JsonContext -- Put path $ key type value char
12:51:59.415 [main] DEBUG com.jayway.jsonpath.internal.path.CompiledPath -- Evaluating path: $['text']
12:51:59.415 [main] DEBUG com.jayway.jsonpath.internal.path.CompiledPath -- Evaluating path: $
12:51:59.415 [main] DEBUG com.jayway.jsonpath.internal.path.CompiledPath -- Evaluating path: $
12:51:59.415 [main] DEBUG com.jayway.jsonpath.internal.JsonContext -- Put path $ key text value {}
12:51:59.415 [main] DEBUG com.jayway.jsonpath.internal.path.CompiledPath -- Evaluating path: $
12:51:59.415 [main] DEBUG com.jayway.jsonpath.internal.JsonContext -- Put path $ key text value _
12:51:59.415 [main] DEBUG com.jayway.jsonpath.internal.path.CompiledPath -- Evaluating path: $['windowsVirtualKeyCode']
12:51:59.415 [main] DEBUG com.jayway.jsonpath.internal.path.CompiledPath -- Evaluating path: $
12:51:59.415 [main] DEBUG com.jayway.jsonpath.internal.path.CompiledPath -- Evaluating path: $
12:51:59.415 [main] DEBUG com.jayway.jsonpath.internal.JsonContext -- Put path $ key windowsVirtualKeyCode value {}
12:51:59.415 [main] DEBUG com.jayway.jsonpath.internal.path.CompiledPath -- Evaluating path: $
12:51:59.415 [main] DEBUG com.jayway.jsonpath.internal.JsonContext -- Put path $ key windowsVirtualKeyCode value 523
12:51:59.415 [main] DEBUG com.jayway.jsonpath.internal.path.CompiledPath -- Evaluating path: $
12:51:59.415 [main] DEBUG com.intuit.karate.driver.chrome_1718781712166 -- >> {"id":66,"sessionId":"5CA559BB167CA031E7DDA78D954316C9","method":"Input.dispatchKeyEvent","params":{"modifiers":0,"type":"char","text":"_","windowsVirtualKeyCode":523}}
12:51:59.415 [nioEventLoopGroup-7-1] DEBUG com.intuit.karate.driver.chrome_1718781712166 -- << {"id":66,"result":{},"sessionId":"5CA559BB167CA031E7DDA78D954316C9"}
12:51:59.415 [nioEventLoopGroup-7-1] DEBUG com.jayway.jsonpath.internal.path.CompiledPath -- Evaluating path: $
12:51:59.415 [main] DEBUG com.jayway.jsonpath.internal.path.CompiledPath -- Evaluating path: $['modifiers']
12:51:59.415 [main] DEBUG com.jayway.jsonpath.internal.path.CompiledPath -- Evaluating path: $
12:51:59.415 [main] DEBUG com.jayway.jsonpath.internal.path.CompiledPath -- Evaluating path: $
12:51:59.415 [main] DEBUG com.jayway.jsonpath.internal.JsonContext -- Put path $ key modifiers value {}
12:51:59.415 [main] DEBUG com.jayway.jsonpath.internal.path.CompiledPath -- Evaluating path: $
12:51:59.415 [main] DEBUG com.jayway.jsonpath.internal.JsonContext -- Put path $ key modifiers value 0
12:51:59.415 [main] DEBUG com.jayway.jsonpath.internal.path.CompiledPath -- Evaluating path: $['type']
12:51:59.415 [main] DEBUG com.jayway.jsonpath.internal.path.CompiledPath -- Evaluating path: $
12:51:59.415 [main] DEBUG com.jayway.jsonpath.internal.path.CompiledPath -- Evaluating path: $
12:51:59.415 [main] DEBUG com.jayway.jsonpath.internal.JsonContext -- Put path $ key type value {}
12:51:59.415 [main] DEBUG com.jayway.jsonpath.internal.path.CompiledPath -- Evaluating path: $
12:51:59.415 [main] DEBUG com.jayway.jsonpath.internal.JsonContext -- Put path $ key type value keyUp
12:51:59.415 [main] DEBUG com.jayway.jsonpath.internal.path.CompiledPath -- Evaluating path: $['text']
12:51:59.415 [main] DEBUG com.jayway.jsonpath.internal.path.CompiledPath -- Evaluating path: $
12:51:59.415 [main] DEBUG com.jayway.jsonpath.internal.path.CompiledPath -- Evaluating path: $
12:51:59.415 [main] DEBUG com.jayway.jsonpath.internal.JsonContext -- Put path $ key text value {}
12:51:59.415 [main] DEBUG com.jayway.jsonpath.internal.path.CompiledPath -- Evaluating path: $
12:51:59.415 [main] DEBUG com.jayway.jsonpath.internal.JsonContext -- Put path $ key text value _
12:51:59.415 [main] DEBUG com.jayway.jsonpath.internal.path.CompiledPath -- Evaluating path: $['windowsVirtualKeyCode']
12:51:59.415 [main] DEBUG com.jayway.jsonpath.internal.path.CompiledPath -- Evaluating path: $
12:51:59.415 [main] DEBUG com.jayway.jsonpath.internal.path.CompiledPath -- Evaluating path: $
12:51:59.415 [main] DEBUG com.jayway.jsonpath.internal.JsonContext -- Put path $ key windowsVirtualKeyCode value {}
12:51:59.415 [main] DEBUG com.jayway.jsonpath.internal.path.CompiledPath -- Evaluating path: $
12:51:59.415 [main] DEBUG com.jayway.jsonpath.internal.JsonContext -- Put path $ key windowsVirtualKeyCode value 523
12:51:59.415 [main] DEBUG com.jayway.jsonpath.internal.path.CompiledPath -- Evaluating path: $
12:51:59.415 [main] DEBUG com.intuit.karate.driver.chrome_1718781712166 -- >> {"id":67,"sessionId":"5CA559BB167CA031E7DDA78D954316C9","method":"Input.dispatchKeyEvent","params":{"modifiers":0,"type":"keyUp","text":"_","windowsVirtualKeyCode":523}}
12:51:59.415 [nioEventLoopGroup-7-1] DEBUG com.intuit.karate.driver.chrome_1718781712166 -- << {"id":67,"result":{},"sessionId":"5CA559BB167CA031E7DDA78D954316C9"}
12:51:59.415 [nioEventLoopGroup-7-1] DEBUG com.jayway.jsonpath.internal.path.CompiledPath -- Evaluating path: $
12:51:59.415 [main] DEBUG com.jayway.jsonpath.internal.path.CompiledPath -- Evaluating path: $['modifiers']
12:51:59.415 [main] DEBUG com.jayway.jsonpath.internal.path.CompiledPath -- Evaluating path: $
12:51:59.415 [main] DEBUG com.jayway.jsonpath.internal.path.CompiledPath -- Evaluating path: $
12:51:59.415 [main] DEBUG com.jayway.jsonpath.internal.JsonContext -- Put path $ key modifiers value {}
12:51:59.415 [main] DEBUG com.jayway.jsonpath.internal.path.CompiledPath -- Evaluating path: $
12:51:59.415 [main] DEBUG com.jayway.jsonpath.internal.JsonContext -- Put path $ key modifiers value 0
12:51:59.415 [main] DEBUG com.jayway.jsonpath.internal.path.CompiledPath -- Evaluating path: $['type']
12:51:59.415 [main] DEBUG com.jayway.jsonpath.internal.path.CompiledPath -- Evaluating path: $
12:51:59.415 [main] DEBUG com.jayway.jsonpath.internal.path.CompiledPath -- Evaluating path: $
12:51:59.415 [main] DEBUG com.jayway.jsonpath.internal.JsonContext -- Put path $ key type value {}
12:51:59.415 [main] DEBUG com.jayway.jsonpath.internal.path.CompiledPath -- Evaluating path: $
12:51:59.415 [main] DEBUG com.jayway.jsonpath.internal.JsonContext -- Put path $ key type value rawKeyDown
12:51:59.415 [main] DEBUG com.jayway.jsonpath.internal.path.CompiledPath -- Evaluating path: $['text']
12:51:59.415 [main] DEBUG com.jayway.jsonpath.internal.path.CompiledPath -- Evaluating path: $
12:51:59.415 [main] DEBUG com.jayway.jsonpath.internal.path.CompiledPath -- Evaluating path: $
12:51:59.415 [main] DEBUG com.jayway.jsonpath.internal.JsonContext -- Put path $ key text value {}
12:51:59.415 [main] DEBUG com.jayway.jsonpath.internal.path.CompiledPath -- Evaluating path: $
12:51:59.415 [main] DEBUG com.jayway.jsonpath.internal.JsonContext -- Put path $ key text value s
12:51:59.415 [main] DEBUG com.jayway.jsonpath.internal.path.CompiledPath -- Evaluating path: $['windowsVirtualKeyCode']
12:51:59.415 [main] DEBUG com.jayway.jsonpath.internal.path.CompiledPath -- Evaluating path: $
12:51:59.415 [main] DEBUG com.jayway.jsonpath.internal.path.CompiledPath -- Evaluating path: $
12:51:59.415 [main] DEBUG com.jayway.jsonpath.internal.JsonContext -- Put path $ key windowsVirtualKeyCode value {}
12:51:59.415 [main] DEBUG com.jayway.jsonpath.internal.path.CompiledPath -- Evaluating path: $
12:51:59.415 [main] DEBUG com.jayway.jsonpath.internal.JsonContext -- Put path $ key windowsVirtualKeyCode value 115
12:51:59.415 [main] DEBUG com.jayway.jsonpath.internal.path.CompiledPath -- Evaluating path: $
12:51:59.415 [main] DEBUG com.intuit.karate.driver.chrome_1718781712166 -- >> {"id":68,"sessionId":"5CA559BB167CA031E7DDA78D954316C9","method":"Input.dispatchKeyEvent","params":{"modifiers":0,"type":"rawKeyDown","text":"s","windowsVirtualKeyCode":115}}
12:51:59.415 [nioEventLoopGroup-7-1] DEBUG com.intuit.karate.driver.chrome_1718781712166 -- << {"id":68,"result":{},"sessionId":"5CA559BB167CA031E7DDA78D954316C9"}
12:51:59.415 [nioEventLoopGroup-7-1] DEBUG com.jayway.jsonpath.internal.path.CompiledPath -- Evaluating path: $
12:51:59.415 [main] DEBUG com.jayway.jsonpath.internal.path.CompiledPath -- Evaluating path: $['modifiers']
12:51:59.415 [main] DEBUG com.jayway.jsonpath.internal.path.CompiledPath -- Evaluating path: $
12:51:59.415 [main] DEBUG com.jayway.jsonpath.internal.path.CompiledPath -- Evaluating path: $
12:51:59.415 [main] DEBUG com.jayway.jsonpath.internal.JsonContext -- Put path $ key modifiers value {}
12:51:59.415 [main] DEBUG com.jayway.jsonpath.internal.path.CompiledPath -- Evaluating path: $
12:51:59.415 [main] DEBUG com.jayway.jsonpath.internal.JsonContext -- Put path $ key modifiers value 0
12:51:59.415 [main] DEBUG com.jayway.jsonpath.internal.path.CompiledPath -- Evaluating path: $['type']
12:51:59.415 [main] DEBUG com.jayway.jsonpath.internal.path.CompiledPath -- Evaluating path: $
12:51:59.415 [main] DEBUG com.jayway.jsonpath.internal.path.CompiledPath -- Evaluating path: $
12:51:59.415 [main] DEBUG com.jayway.jsonpath.internal.JsonContext -- Put path $ key type value {}
12:51:59.415 [main] DEBUG com.jayway.jsonpath.internal.path.CompiledPath -- Evaluating path: $
12:51:59.415 [main] DEBUG com.jayway.jsonpath.internal.JsonContext -- Put path $ key type value char
12:51:59.415 [main] DEBUG com.jayway.jsonpath.internal.path.CompiledPath -- Evaluating path: $['text']
12:51:59.415 [main] DEBUG com.jayway.jsonpath.internal.path.CompiledPath -- Evaluating path: $
12:51:59.415 [main] DEBUG com.jayway.jsonpath.internal.path.CompiledPath -- Evaluating path: $
12:51:59.415 [main] DEBUG com.jayway.jsonpath.internal.JsonContext -- Put path $ key text value {}
12:51:59.415 [main] DEBUG com.jayway.jsonpath.internal.path.CompiledPath -- Evaluating path: $
12:51:59.415 [main] DEBUG com.jayway.jsonpath.internal.JsonContext -- Put path $ key text value s
12:51:59.415 [main] DEBUG com.jayway.jsonpath.internal.path.CompiledPath -- Evaluating path: $['windowsVirtualKeyCode']
12:51:59.415 [main] DEBUG com.jayway.jsonpath.internal.path.CompiledPath -- Evaluating path: $
12:51:59.415 [main] DEBUG com.jayway.jsonpath.internal.path.CompiledPath -- Evaluating path: $
12:51:59.415 [main] DEBUG com.jayway.jsonpath.internal.JsonContext -- Put path $ key windowsVirtualKeyCode value {}
12:51:59.415 [main] DEBUG com.jayway.jsonpath.internal.path.CompiledPath -- Evaluating path: $
12:51:59.415 [main] DEBUG com.jayway.jsonpath.internal.JsonContext -- Put path $ key windowsVirtualKeyCode value 115
12:51:59.415 [main] DEBUG com.jayway.jsonpath.internal.path.CompiledPath -- Evaluating path: $
12:51:59.415 [main] DEBUG com.intuit.karate.driver.chrome_1718781712166 -- >> {"id":69,"sessionId":"5CA559BB167CA031E7DDA78D954316C9","method":"Input.dispatchKeyEvent","params":{"modifiers":0,"type":"char","text":"s","windowsVirtualKeyCode":115}}
12:51:59.415 [nioEventLoopGroup-7-1] DEBUG com.intuit.karate.driver.chrome_1718781712166 -- << {"id":69,"result":{},"sessionId":"5CA559BB167CA031E7DDA78D954316C9"}
12:51:59.415 [nioEventLoopGroup-7-1] DEBUG com.jayway.jsonpath.internal.path.CompiledPath -- Evaluating path: $
12:51:59.429 [main] DEBUG com.jayway.jsonpath.internal.path.CompiledPath -- Evaluating path: $['modifiers']
12:51:59.429 [main] DEBUG com.jayway.jsonpath.internal.path.CompiledPath -- Evaluating path: $
12:51:59.429 [main] DEBUG com.jayway.jsonpath.internal.path.CompiledPath -- Evaluating path: $
12:51:59.429 [main] DEBUG com.jayway.jsonpath.internal.JsonContext -- Put path $ key modifiers value {}
12:51:59.429 [main] DEBUG com.jayway.jsonpath.internal.path.CompiledPath -- Evaluating path: $
12:51:59.429 [main] DEBUG com.jayway.jsonpath.internal.JsonContext -- Put path $ key modifiers value 0
12:51:59.429 [main] DEBUG com.jayway.jsonpath.internal.path.CompiledPath -- Evaluating path: $['type']
12:51:59.429 [main] DEBUG com.jayway.jsonpath.internal.path.CompiledPath -- Evaluating path: $
12:51:59.429 [main] DEBUG com.jayway.jsonpath.internal.path.CompiledPath -- Evaluating path: $
12:51:59.429 [main] DEBUG com.jayway.jsonpath.internal.JsonContext -- Put path $ key type value {}
12:51:59.429 [main] DEBUG com.jayway.jsonpath.internal.path.CompiledPath -- Evaluating path: $
12:51:59.429 [main] DEBUG com.jayway.jsonpath.internal.JsonContext -- Put path $ key type value keyUp
12:51:59.429 [main] DEBUG com.jayway.jsonpath.internal.path.CompiledPath -- Evaluating path: $['text']
12:51:59.429 [main] DEBUG com.jayway.jsonpath.internal.path.CompiledPath -- Evaluating path: $
12:51:59.429 [main] DEBUG com.jayway.jsonpath.internal.path.CompiledPath -- Evaluating path: $
12:51:59.429 [main] DEBUG com.jayway.jsonpath.internal.JsonContext -- Put path $ key text value {}
12:51:59.429 [main] DEBUG com.jayway.jsonpath.internal.path.CompiledPath -- Evaluating path: $
12:51:59.429 [main] DEBUG com.jayway.jsonpath.internal.JsonContext -- Put path $ key text value s
12:51:59.429 [main] DEBUG com.jayway.jsonpath.internal.path.CompiledPath -- Evaluating path: $['windowsVirtualKeyCode']
12:51:59.429 [main] DEBUG com.jayway.jsonpath.internal.path.CompiledPath -- Evaluating path: $
12:51:59.429 [main] DEBUG com.jayway.jsonpath.internal.path.CompiledPath -- Evaluating path: $
12:51:59.429 [main] DEBUG com.jayway.jsonpath.internal.JsonContext -- Put path $ key windowsVirtualKeyCode value {}
12:51:59.429 [main] DEBUG com.jayway.jsonpath.internal.path.CompiledPath -- Evaluating path: $
12:51:59.429 [main] DEBUG com.jayway.jsonpath.internal.JsonContext -- Put path $ key windowsVirtualKeyCode value 115
12:51:59.429 [main] DEBUG com.jayway.jsonpath.internal.path.CompiledPath -- Evaluating path: $
12:51:59.429 [main] DEBUG com.intuit.karate.driver.chrome_1718781712166 -- >> {"id":70,"sessionId":"5CA559BB167CA031E7DDA78D954316C9","method":"Input.dispatchKeyEvent","params":{"modifiers":0,"type":"keyUp","text":"s","windowsVirtualKeyCode":115}}
12:51:59.429 [nioEventLoopGroup-7-1] DEBUG com.intuit.karate.driver.chrome_1718781712166 -- << {"id":70,"result":{},"sessionId":"5CA559BB167CA031E7DDA78D954316C9"}
12:51:59.429 [nioEventLoopGroup-7-1] DEBUG com.jayway.jsonpath.internal.path.CompiledPath -- Evaluating path: $
12:51:59.431 [main] DEBUG com.jayway.jsonpath.internal.path.CompiledPath -- Evaluating path: $['modifiers']
12:51:59.431 [main] DEBUG com.jayway.jsonpath.internal.path.CompiledPath -- Evaluating path: $
12:51:59.431 [main] DEBUG com.jayway.jsonpath.internal.path.CompiledPath -- Evaluating path: $
12:51:59.431 [main] DEBUG com.jayway.jsonpath.internal.JsonContext -- Put path $ key modifiers value {}
12:51:59.431 [main] DEBUG com.jayway.jsonpath.internal.path.CompiledPath -- Evaluating path: $
12:51:59.431 [main] DEBUG com.jayway.jsonpath.internal.JsonContext -- Put path $ key modifiers value 0
12:51:59.431 [main] DEBUG com.jayway.jsonpath.internal.path.CompiledPath -- Evaluating path: $['type']
12:51:59.431 [main] DEBUG com.jayway.jsonpath.internal.path.CompiledPath -- Evaluating path: $
12:51:59.431 [main] DEBUG com.jayway.jsonpath.internal.path.CompiledPath -- Evaluating path: $
12:51:59.431 [main] DEBUG com.jayway.jsonpath.internal.JsonContext -- Put path $ key type value {}
12:51:59.431 [main] DEBUG com.jayway.jsonpath.internal.path.CompiledPath -- Evaluating path: $
12:51:59.431 [main] DEBUG com.jayway.jsonpath.internal.JsonContext -- Put path $ key type value rawKeyDown
12:51:59.431 [main] DEBUG com.jayway.jsonpath.internal.path.CompiledPath -- Evaluating path: $['text']
12:51:59.431 [main] DEBUG com.jayway.jsonpath.internal.path.CompiledPath -- Evaluating path: $
12:51:59.431 [main] DEBUG com.jayway.jsonpath.internal.path.CompiledPath -- Evaluating path: $
12:51:59.431 [main] DEBUG com.jayway.jsonpath.internal.JsonContext -- Put path $ key text value {}
12:51:59.431 [main] DEBUG com.jayway.jsonpath.internal.path.CompiledPath -- Evaluating path: $
12:51:59.431 [main] DEBUG com.jayway.jsonpath.internal.JsonContext -- Put path $ key text value a
12:51:59.431 [main] DEBUG com.jayway.jsonpath.internal.path.CompiledPath -- Evaluating path: $['windowsVirtualKeyCode']
12:51:59.431 [main] DEBUG com.jayway.jsonpath.internal.path.CompiledPath -- Evaluating path: $
12:51:59.431 [main] DEBUG com.jayway.jsonpath.internal.path.CompiledPath -- Evaluating path: $
12:51:59.431 [main] DEBUG com.jayway.jsonpath.internal.JsonContext -- Put path $ key windowsVirtualKeyCode value {}
12:51:59.431 [main] DEBUG com.jayway.jsonpath.internal.path.CompiledPath -- Evaluating path: $
12:51:59.431 [main] DEBUG com.jayway.jsonpath.internal.JsonContext -- Put path $ key windowsVirtualKeyCode value 97
12:51:59.431 [main] DEBUG com.jayway.jsonpath.internal.path.CompiledPath -- Evaluating path: $
12:51:59.431 [main] DEBUG com.intuit.karate.driver.chrome_1718781712166 -- >> {"id":71,"sessionId":"5CA559BB167CA031E7DDA78D954316C9","method":"Input.dispatchKeyEvent","params":{"modifiers":0,"type":"rawKeyDown","text":"a","windowsVirtualKeyCode":97}}
12:51:59.432 [nioEventLoopGroup-7-1] DEBUG com.intuit.karate.driver.chrome_1718781712166 -- << {"id":71,"result":{},"sessionId":"5CA559BB167CA031E7DDA78D954316C9"}
12:51:59.432 [nioEventLoopGroup-7-1] DEBUG com.jayway.jsonpath.internal.path.CompiledPath -- Evaluating path: $
12:51:59.432 [main] DEBUG com.jayway.jsonpath.internal.path.CompiledPath -- Evaluating path: $['modifiers']
12:51:59.432 [main] DEBUG com.jayway.jsonpath.internal.path.CompiledPath -- Evaluating path: $
12:51:59.432 [main] DEBUG com.jayway.jsonpath.internal.path.CompiledPath -- Evaluating path: $
12:51:59.432 [main] DEBUG com.jayway.jsonpath.internal.JsonContext -- Put path $ key modifiers value {}
12:51:59.432 [main] DEBUG com.jayway.jsonpath.internal.path.CompiledPath -- Evaluating path: $
12:51:59.432 [main] DEBUG com.jayway.jsonpath.internal.JsonContext -- Put path $ key modifiers value 0
12:51:59.432 [main] DEBUG com.jayway.jsonpath.internal.path.CompiledPath -- Evaluating path: $['type']
12:51:59.432 [main] DEBUG com.jayway.jsonpath.internal.path.CompiledPath -- Evaluating path: $
12:51:59.432 [main] DEBUG com.jayway.jsonpath.internal.path.CompiledPath -- Evaluating path: $
12:51:59.432 [main] DEBUG com.jayway.jsonpath.internal.JsonContext -- Put path $ key type value {}
12:51:59.432 [main] DEBUG com.jayway.jsonpath.internal.path.CompiledPath -- Evaluating path: $
12:51:59.432 [main] DEBUG com.jayway.jsonpath.internal.JsonContext -- Put path $ key type value char
12:51:59.432 [main] DEBUG com.jayway.jsonpath.internal.path.CompiledPath -- Evaluating path: $['text']
12:51:59.432 [main] DEBUG com.jayway.jsonpath.internal.path.CompiledPath -- Evaluating path: $
12:51:59.432 [main] DEBUG com.jayway.jsonpath.internal.path.CompiledPath -- Evaluating path: $
12:51:59.432 [main] DEBUG com.jayway.jsonpath.internal.JsonContext -- Put path $ key text value {}
12:51:59.432 [main] DEBUG com.jayway.jsonpath.internal.path.CompiledPath -- Evaluating path: $
12:51:59.432 [main] DEBUG com.jayway.jsonpath.internal.JsonContext -- Put path $ key text value a
12:51:59.432 [main] DEBUG com.jayway.jsonpath.internal.path.CompiledPath -- Evaluating path: $['windowsVirtualKeyCode']
12:51:59.432 [main] DEBUG com.jayway.jsonpath.internal.path.CompiledPath -- Evaluating path: $
12:51:59.432 [main] DEBUG com.jayway.jsonpath.internal.path.CompiledPath -- Evaluating path: $
12:51:59.432 [main] DEBUG com.jayway.jsonpath.internal.JsonContext -- Put path $ key windowsVirtualKeyCode value {}
12:51:59.432 [main] DEBUG com.jayway.jsonpath.internal.path.CompiledPath -- Evaluating path: $
12:51:59.432 [main] DEBUG com.jayway.jsonpath.internal.JsonContext -- Put path $ key windowsVirtualKeyCode value 97
12:51:59.432 [main] DEBUG com.jayway.jsonpath.internal.path.CompiledPath -- Evaluating path: $
12:51:59.432 [main] DEBUG com.intuit.karate.driver.chrome_1718781712166 -- >> {"id":72,"sessionId":"5CA559BB167CA031E7DDA78D954316C9","method":"Input.dispatchKeyEvent","params":{"modifiers":0,"type":"char","text":"a","windowsVirtualKeyCode":97}}
12:51:59.432 [nioEventLoopGroup-7-1] DEBUG com.intuit.karate.driver.chrome_1718781712166 -- << {"id":72,"result":{},"sessionId":"5CA559BB167CA031E7DDA78D954316C9"}
12:51:59.432 [nioEventLoopGroup-7-1] DEBUG com.jayway.jsonpath.internal.path.CompiledPath -- Evaluating path: $
12:51:59.432 [main] DEBUG com.jayway.jsonpath.internal.path.CompiledPath -- Evaluating path: $['modifiers']
12:51:59.432 [main] DEBUG com.jayway.jsonpath.internal.path.CompiledPath -- Evaluating path: $
12:51:59.432 [main] DEBUG com.jayway.jsonpath.internal.path.CompiledPath -- Evaluating path: $
12:51:59.432 [main] DEBUG com.jayway.jsonpath.internal.JsonContext -- Put path $ key modifiers value {}
12:51:59.432 [main] DEBUG com.jayway.jsonpath.internal.path.CompiledPath -- Evaluating path: $
12:51:59.432 [main] DEBUG com.jayway.jsonpath.internal.JsonContext -- Put path $ key modifiers value 0
12:51:59.432 [main] DEBUG com.jayway.jsonpath.internal.path.CompiledPath -- Evaluating path: $['type']
12:51:59.432 [main] DEBUG com.jayway.jsonpath.internal.path.CompiledPath -- Evaluating path: $
12:51:59.432 [main] DEBUG com.jayway.jsonpath.internal.path.CompiledPath -- Evaluating path: $
12:51:59.432 [main] DEBUG com.jayway.jsonpath.internal.JsonContext -- Put path $ key type value {}
12:51:59.432 [main] DEBUG com.jayway.jsonpath.internal.path.CompiledPath -- Evaluating path: $
12:51:59.432 [main] DEBUG com.jayway.jsonpath.internal.JsonContext -- Put path $ key type value keyUp
12:51:59.432 [main] DEBUG com.jayway.jsonpath.internal.path.CompiledPath -- Evaluating path: $['text']
12:51:59.432 [main] DEBUG com.jayway.jsonpath.internal.path.CompiledPath -- Evaluating path: $
12:51:59.432 [main] DEBUG com.jayway.jsonpath.internal.path.CompiledPath -- Evaluating path: $
12:51:59.432 [main] DEBUG com.jayway.jsonpath.internal.JsonContext -- Put path $ key text value {}
12:51:59.432 [main] DEBUG com.jayway.jsonpath.internal.path.CompiledPath -- Evaluating path: $
12:51:59.432 [main] DEBUG com.jayway.jsonpath.internal.JsonContext -- Put path $ key text value a
12:51:59.432 [main] DEBUG com.jayway.jsonpath.internal.path.CompiledPath -- Evaluating path: $['windowsVirtualKeyCode']
12:51:59.432 [main] DEBUG com.jayway.jsonpath.internal.path.CompiledPath -- Evaluating path: $
12:51:59.432 [main] DEBUG com.jayway.jsonpath.internal.path.CompiledPath -- Evaluating path: $
12:51:59.432 [main] DEBUG com.jayway.jsonpath.internal.JsonContext -- Put path $ key windowsVirtualKeyCode value {}
12:51:59.432 [main] DEBUG com.jayway.jsonpath.internal.path.CompiledPath -- Evaluating path: $
12:51:59.432 [main] DEBUG com.jayway.jsonpath.internal.JsonContext -- Put path $ key windowsVirtualKeyCode value 97
12:51:59.432 [main] DEBUG com.jayway.jsonpath.internal.path.CompiledPath -- Evaluating path: $
12:51:59.432 [main] DEBUG com.intuit.karate.driver.chrome_1718781712166 -- >> {"id":73,"sessionId":"5CA559BB167CA031E7DDA78D954316C9","method":"Input.dispatchKeyEvent","params":{"modifiers":0,"type":"keyUp","text":"a","windowsVirtualKeyCode":97}}
12:51:59.436 [nioEventLoopGroup-7-1] DEBUG com.intuit.karate.driver.chrome_1718781712166 -- << {"id":73,"result":{},"sessionId":"5CA559BB167CA031E7DDA78D954316C9"}
12:51:59.436 [nioEventLoopGroup-7-1] DEBUG com.jayway.jsonpath.internal.path.CompiledPath -- Evaluating path: $
12:51:59.436 [main] DEBUG com.jayway.jsonpath.internal.path.CompiledPath -- Evaluating path: $['modifiers']
12:51:59.436 [main] DEBUG com.jayway.jsonpath.internal.path.CompiledPath -- Evaluating path: $
12:51:59.436 [main] DEBUG com.jayway.jsonpath.internal.path.CompiledPath -- Evaluating path: $
12:51:59.436 [main] DEBUG com.jayway.jsonpath.internal.JsonContext -- Put path $ key modifiers value {}
12:51:59.436 [main] DEBUG com.jayway.jsonpath.internal.path.CompiledPath -- Evaluating path: $
12:51:59.436 [main] DEBUG com.jayway.jsonpath.internal.JsonContext -- Put path $ key modifiers value 0
12:51:59.436 [main] DEBUG com.jayway.jsonpath.internal.path.CompiledPath -- Evaluating path: $['type']
12:51:59.436 [main] DEBUG com.jayway.jsonpath.internal.path.CompiledPath -- Evaluating path: $
12:51:59.436 [main] DEBUG com.jayway.jsonpath.internal.path.CompiledPath -- Evaluating path: $
12:51:59.436 [main] DEBUG com.jayway.jsonpath.internal.JsonContext -- Put path $ key type value {}
12:51:59.436 [main] DEBUG com.jayway.jsonpath.internal.path.CompiledPath -- Evaluating path: $
12:51:59.436 [main] DEBUG com.jayway.jsonpath.internal.JsonContext -- Put path $ key type value rawKeyDown
12:51:59.436 [main] DEBUG com.jayway.jsonpath.internal.path.CompiledPath -- Evaluating path: $['text']
12:51:59.436 [main] DEBUG com.jayway.jsonpath.internal.path.CompiledPath -- Evaluating path: $
12:51:59.436 [main] DEBUG com.jayway.jsonpath.internal.path.CompiledPath -- Evaluating path: $
12:51:59.436 [main] DEBUG com.jayway.jsonpath.internal.JsonContext -- Put path $ key text value {}
12:51:59.436 [main] DEBUG com.jayway.jsonpath.internal.path.CompiledPath -- Evaluating path: $
12:51:59.436 [main] DEBUG com.jayway.jsonpath.internal.JsonContext -- Put path $ key text value u
12:51:59.436 [main] DEBUG com.jayway.jsonpath.internal.path.CompiledPath -- Evaluating path: $['windowsVirtualKeyCode']
12:51:59.436 [main] DEBUG com.jayway.jsonpath.internal.path.CompiledPath -- Evaluating path: $
12:51:59.436 [main] DEBUG com.jayway.jsonpath.internal.path.CompiledPath -- Evaluating path: $
12:51:59.436 [main] DEBUG com.jayway.jsonpath.internal.JsonContext -- Put path $ key windowsVirtualKeyCode value {}
12:51:59.436 [main] DEBUG com.jayway.jsonpath.internal.path.CompiledPath -- Evaluating path: $
12:51:59.436 [main] DEBUG com.jayway.jsonpath.internal.JsonContext -- Put path $ key windowsVirtualKeyCode value 117
12:51:59.436 [main] DEBUG com.jayway.jsonpath.internal.path.CompiledPath -- Evaluating path: $
12:51:59.436 [main] DEBUG com.intuit.karate.driver.chrome_1718781712166 -- >> {"id":74,"sessionId":"5CA559BB167CA031E7DDA78D954316C9","method":"Input.dispatchKeyEvent","params":{"modifiers":0,"type":"rawKeyDown","text":"u","windowsVirtualKeyCode":117}}
12:51:59.436 [nioEventLoopGroup-7-1] DEBUG com.intuit.karate.driver.chrome_1718781712166 -- << {"id":74,"result":{},"sessionId":"5CA559BB167CA031E7DDA78D954316C9"}
12:51:59.436 [nioEventLoopGroup-7-1] DEBUG com.jayway.jsonpath.internal.path.CompiledPath -- Evaluating path: $
12:51:59.436 [main] DEBUG com.jayway.jsonpath.internal.path.CompiledPath -- Evaluating path: $['modifiers']
12:51:59.436 [main] DEBUG com.jayway.jsonpath.internal.path.CompiledPath -- Evaluating path: $
12:51:59.436 [main] DEBUG com.jayway.jsonpath.internal.path.CompiledPath -- Evaluating path: $
12:51:59.436 [main] DEBUG com.jayway.jsonpath.internal.JsonContext -- Put path $ key modifiers value {}
12:51:59.436 [main] DEBUG com.jayway.jsonpath.internal.path.CompiledPath -- Evaluating path: $
12:51:59.436 [main] DEBUG com.jayway.jsonpath.internal.JsonContext -- Put path $ key modifiers value 0
12:51:59.436 [main] DEBUG com.jayway.jsonpath.internal.path.CompiledPath -- Evaluating path: $['type']
12:51:59.436 [main] DEBUG com.jayway.jsonpath.internal.path.CompiledPath -- Evaluating path: $
12:51:59.436 [main] DEBUG com.jayway.jsonpath.internal.path.CompiledPath -- Evaluating path: $
12:51:59.436 [main] DEBUG com.jayway.jsonpath.internal.JsonContext -- Put path $ key type value {}
12:51:59.436 [main] DEBUG com.jayway.jsonpath.internal.path.CompiledPath -- Evaluating path: $
12:51:59.436 [main] DEBUG com.jayway.jsonpath.internal.JsonContext -- Put path $ key type value char
12:51:59.436 [main] DEBUG com.jayway.jsonpath.internal.path.CompiledPath -- Evaluating path: $['text']
12:51:59.436 [main] DEBUG com.jayway.jsonpath.internal.path.CompiledPath -- Evaluating path: $
12:51:59.436 [main] DEBUG com.jayway.jsonpath.internal.path.CompiledPath -- Evaluating path: $
12:51:59.436 [main] DEBUG com.jayway.jsonpath.internal.JsonContext -- Put path $ key text value {}
12:51:59.436 [main] DEBUG com.jayway.jsonpath.internal.path.CompiledPath -- Evaluating path: $
12:51:59.436 [main] DEBUG com.jayway.jsonpath.internal.JsonContext -- Put path $ key text value u
12:51:59.436 [main] DEBUG com.jayway.jsonpath.internal.path.CompiledPath -- Evaluating path: $['windowsVirtualKeyCode']
12:51:59.436 [main] DEBUG com.jayway.jsonpath.internal.path.CompiledPath -- Evaluating path: $
12:51:59.436 [main] DEBUG com.jayway.jsonpath.internal.path.CompiledPath -- Evaluating path: $
12:51:59.436 [main] DEBUG com.jayway.jsonpath.internal.JsonContext -- Put path $ key windowsVirtualKeyCode value {}
12:51:59.436 [main] DEBUG com.jayway.jsonpath.internal.path.CompiledPath -- Evaluating path: $
12:51:59.436 [main] DEBUG com.jayway.jsonpath.internal.JsonContext -- Put path $ key windowsVirtualKeyCode value 117
12:51:59.436 [main] DEBUG com.jayway.jsonpath.internal.path.CompiledPath -- Evaluating path: $
12:51:59.436 [main] DEBUG com.intuit.karate.driver.chrome_1718781712166 -- >> {"id":75,"sessionId":"5CA559BB167CA031E7DDA78D954316C9","method":"Input.dispatchKeyEvent","params":{"modifiers":0,"type":"char","text":"u","windowsVirtualKeyCode":117}}
12:51:59.436 [nioEventLoopGroup-7-1] DEBUG com.intuit.karate.driver.chrome_1718781712166 -- << {"id":75,"result":{},"sessionId":"5CA559BB167CA031E7DDA78D954316C9"}
12:51:59.436 [nioEventLoopGroup-7-1] DEBUG com.jayway.jsonpath.internal.path.CompiledPath -- Evaluating path: $
12:51:59.436 [main] DEBUG com.jayway.jsonpath.internal.path.CompiledPath -- Evaluating path: $['modifiers']
12:51:59.436 [main] DEBUG com.jayway.jsonpath.internal.path.CompiledPath -- Evaluating path: $
12:51:59.436 [main] DEBUG com.jayway.jsonpath.internal.path.CompiledPath -- Evaluating path: $
12:51:59.436 [main] DEBUG com.jayway.jsonpath.internal.JsonContext -- Put path $ key modifiers value {}
12:51:59.436 [main] DEBUG com.jayway.jsonpath.internal.path.CompiledPath -- Evaluating path: $
12:51:59.436 [main] DEBUG com.jayway.jsonpath.internal.JsonContext -- Put path $ key modifiers value 0
12:51:59.436 [main] DEBUG com.jayway.jsonpath.internal.path.CompiledPath -- Evaluating path: $['type']
12:51:59.436 [main] DEBUG com.jayway.jsonpath.internal.path.CompiledPath -- Evaluating path: $
12:51:59.436 [main] DEBUG com.jayway.jsonpath.internal.path.CompiledPath -- Evaluating path: $
12:51:59.436 [main] DEBUG com.jayway.jsonpath.internal.JsonContext -- Put path $ key type value {}
12:51:59.436 [main] DEBUG com.jayway.jsonpath.internal.path.CompiledPath -- Evaluating path: $
12:51:59.436 [main] DEBUG com.jayway.jsonpath.internal.JsonContext -- Put path $ key type value keyUp
12:51:59.436 [main] DEBUG com.jayway.jsonpath.internal.path.CompiledPath -- Evaluating path: $['text']
12:51:59.436 [main] DEBUG com.jayway.jsonpath.internal.path.CompiledPath -- Evaluating path: $
12:51:59.436 [main] DEBUG com.jayway.jsonpath.internal.path.CompiledPath -- Evaluating path: $
12:51:59.436 [main] DEBUG com.jayway.jsonpath.internal.JsonContext -- Put path $ key text value {}
12:51:59.436 [main] DEBUG com.jayway.jsonpath.internal.path.CompiledPath -- Evaluating path: $
12:51:59.436 [main] DEBUG com.jayway.jsonpath.internal.JsonContext -- Put path $ key text value u
12:51:59.436 [main] DEBUG com.jayway.jsonpath.internal.path.CompiledPath -- Evaluating path: $['windowsVirtualKeyCode']
12:51:59.436 [main] DEBUG com.jayway.jsonpath.internal.path.CompiledPath -- Evaluating path: $
12:51:59.436 [main] DEBUG com.jayway.jsonpath.internal.path.CompiledPath -- Evaluating path: $
12:51:59.436 [main] DEBUG com.jayway.jsonpath.internal.JsonContext -- Put path $ key windowsVirtualKeyCode value {}
12:51:59.436 [main] DEBUG com.jayway.jsonpath.internal.path.CompiledPath -- Evaluating path: $
12:51:59.436 [main] DEBUG com.jayway.jsonpath.internal.JsonContext -- Put path $ key windowsVirtualKeyCode value 117
12:51:59.436 [main] DEBUG com.jayway.jsonpath.internal.path.CompiledPath -- Evaluating path: $
12:51:59.436 [main] DEBUG com.intuit.karate.driver.chrome_1718781712166 -- >> {"id":76,"sessionId":"5CA559BB167CA031E7DDA78D954316C9","method":"Input.dispatchKeyEvent","params":{"modifiers":0,"type":"keyUp","text":"u","windowsVirtualKeyCode":117}}
12:51:59.436 [nioEventLoopGroup-7-1] DEBUG com.intuit.karate.driver.chrome_1718781712166 -- << {"id":76,"result":{},"sessionId":"5CA559BB167CA031E7DDA78D954316C9"}
12:51:59.436 [nioEventLoopGroup-7-1] DEBUG com.jayway.jsonpath.internal.path.CompiledPath -- Evaluating path: $
12:51:59.436 [main] DEBUG com.jayway.jsonpath.internal.path.CompiledPath -- Evaluating path: $['modifiers']
12:51:59.436 [main] DEBUG com.jayway.jsonpath.internal.path.CompiledPath -- Evaluating path: $
12:51:59.436 [main] DEBUG com.jayway.jsonpath.internal.path.CompiledPath -- Evaluating path: $
12:51:59.436 [main] DEBUG com.jayway.jsonpath.internal.JsonContext -- Put path $ key modifiers value {}
12:51:59.436 [main] DEBUG com.jayway.jsonpath.internal.path.CompiledPath -- Evaluating path: $
12:51:59.436 [main] DEBUG com.jayway.jsonpath.internal.JsonContext -- Put path $ key modifiers value 0
12:51:59.436 [main] DEBUG com.jayway.jsonpath.internal.path.CompiledPath -- Evaluating path: $['type']
12:51:59.436 [main] DEBUG com.jayway.jsonpath.internal.path.CompiledPath -- Evaluating path: $
12:51:59.436 [main] DEBUG com.jayway.jsonpath.internal.path.CompiledPath -- Evaluating path: $
12:51:59.436 [main] DEBUG com.jayway.jsonpath.internal.JsonContext -- Put path $ key type value {}
12:51:59.436 [main] DEBUG com.jayway.jsonpath.internal.path.CompiledPath -- Evaluating path: $
12:51:59.436 [main] DEBUG com.jayway.jsonpath.internal.JsonContext -- Put path $ key type value rawKeyDown
12:51:59.436 [main] DEBUG com.jayway.jsonpath.internal.path.CompiledPath -- Evaluating path: $['text']
12:51:59.436 [main] DEBUG com.jayway.jsonpath.internal.path.CompiledPath -- Evaluating path: $
12:51:59.436 [main] DEBUG com.jayway.jsonpath.internal.path.CompiledPath -- Evaluating path: $
12:51:59.436 [main] DEBUG com.jayway.jsonpath.internal.JsonContext -- Put path $ key text value {}
12:51:59.436 [main] DEBUG com.jayway.jsonpath.internal.path.CompiledPath -- Evaluating path: $
12:51:59.436 [main] DEBUG com.jayway.jsonpath.internal.JsonContext -- Put path $ key text value c
12:51:59.436 [main] DEBUG com.jayway.jsonpath.internal.path.CompiledPath -- Evaluating path: $['windowsVirtualKeyCode']
12:51:59.436 [main] DEBUG com.jayway.jsonpath.internal.path.CompiledPath -- Evaluating path: $
12:51:59.436 [main] DEBUG com.jayway.jsonpath.internal.path.CompiledPath -- Evaluating path: $
12:51:59.436 [main] DEBUG com.jayway.jsonpath.internal.JsonContext -- Put path $ key windowsVirtualKeyCode value {}
12:51:59.436 [main] DEBUG com.jayway.jsonpath.internal.path.CompiledPath -- Evaluating path: $
12:51:59.436 [main] DEBUG com.jayway.jsonpath.internal.JsonContext -- Put path $ key windowsVirtualKeyCode value 99
12:51:59.436 [main] DEBUG com.jayway.jsonpath.internal.path.CompiledPath -- Evaluating path: $
12:51:59.436 [main] DEBUG com.intuit.karate.driver.chrome_1718781712166 -- >> {"id":77,"sessionId":"5CA559BB167CA031E7DDA78D954316C9","method":"Input.dispatchKeyEvent","params":{"modifiers":0,"type":"rawKeyDown","text":"c","windowsVirtualKeyCode":99}}
12:51:59.436 [nioEventLoopGroup-7-1] DEBUG com.intuit.karate.driver.chrome_1718781712166 -- << {"id":77,"result":{},"sessionId":"5CA559BB167CA031E7DDA78D954316C9"}
12:51:59.436 [nioEventLoopGroup-7-1] DEBUG com.jayway.jsonpath.internal.path.CompiledPath -- Evaluating path: $
12:51:59.436 [main] DEBUG com.jayway.jsonpath.internal.path.CompiledPath -- Evaluating path: $['modifiers']
12:51:59.436 [main] DEBUG com.jayway.jsonpath.internal.path.CompiledPath -- Evaluating path: $
12:51:59.436 [main] DEBUG com.jayway.jsonpath.internal.path.CompiledPath -- Evaluating path: $
12:51:59.436 [main] DEBUG com.jayway.jsonpath.internal.JsonContext -- Put path $ key modifiers value {}
12:51:59.436 [main] DEBUG com.jayway.jsonpath.internal.path.CompiledPath -- Evaluating path: $
12:51:59.436 [main] DEBUG com.jayway.jsonpath.internal.JsonContext -- Put path $ key modifiers value 0
12:51:59.436 [main] DEBUG com.jayway.jsonpath.internal.path.CompiledPath -- Evaluating path: $['type']
12:51:59.436 [main] DEBUG com.jayway.jsonpath.internal.path.CompiledPath -- Evaluating path: $
12:51:59.436 [main] DEBUG com.jayway.jsonpath.internal.path.CompiledPath -- Evaluating path: $
12:51:59.436 [main] DEBUG com.jayway.jsonpath.internal.JsonContext -- Put path $ key type value {}
12:51:59.436 [main] DEBUG com.jayway.jsonpath.internal.path.CompiledPath -- Evaluating path: $
12:51:59.436 [main] DEBUG com.jayway.jsonpath.internal.JsonContext -- Put path $ key type value char
12:51:59.436 [main] DEBUG com.jayway.jsonpath.internal.path.CompiledPath -- Evaluating path: $['text']
12:51:59.436 [main] DEBUG com.jayway.jsonpath.internal.path.CompiledPath -- Evaluating path: $
12:51:59.436 [main] DEBUG com.jayway.jsonpath.internal.path.CompiledPath -- Evaluating path: $
12:51:59.436 [main] DEBUG com.jayway.jsonpath.internal.JsonContext -- Put path $ key text value {}
12:51:59.436 [main] DEBUG com.jayway.jsonpath.internal.path.CompiledPath -- Evaluating path: $
12:51:59.436 [main] DEBUG com.jayway.jsonpath.internal.JsonContext -- Put path $ key text value c
12:51:59.436 [main] DEBUG com.jayway.jsonpath.internal.path.CompiledPath -- Evaluating path: $['windowsVirtualKeyCode']
12:51:59.436 [main] DEBUG com.jayway.jsonpath.internal.path.CompiledPath -- Evaluating path: $
12:51:59.436 [main] DEBUG com.jayway.jsonpath.internal.path.CompiledPath -- Evaluating path: $
12:51:59.436 [main] DEBUG com.jayway.jsonpath.internal.JsonContext -- Put path $ key windowsVirtualKeyCode value {}
12:51:59.436 [main] DEBUG com.jayway.jsonpath.internal.path.CompiledPath -- Evaluating path: $
12:51:59.436 [main] DEBUG com.jayway.jsonpath.internal.JsonContext -- Put path $ key windowsVirtualKeyCode value 99
12:51:59.436 [main] DEBUG com.jayway.jsonpath.internal.path.CompiledPath -- Evaluating path: $
12:51:59.436 [main] DEBUG com.intuit.karate.driver.chrome_1718781712166 -- >> {"id":78,"sessionId":"5CA559BB167CA031E7DDA78D954316C9","method":"Input.dispatchKeyEvent","params":{"modifiers":0,"type":"char","text":"c","windowsVirtualKeyCode":99}}
12:51:59.436 [nioEventLoopGroup-7-1] DEBUG com.intuit.karate.driver.chrome_1718781712166 -- << {"id":78,"result":{},"sessionId":"5CA559BB167CA031E7DDA78D954316C9"}
12:51:59.436 [nioEventLoopGroup-7-1] DEBUG com.jayway.jsonpath.internal.path.CompiledPath -- Evaluating path: $
12:51:59.436 [main] DEBUG com.jayway.jsonpath.internal.path.CompiledPath -- Evaluating path: $['modifiers']
12:51:59.436 [main] DEBUG com.jayway.jsonpath.internal.path.CompiledPath -- Evaluating path: $
12:51:59.436 [main] DEBUG com.jayway.jsonpath.internal.path.CompiledPath -- Evaluating path: $
12:51:59.436 [main] DEBUG com.jayway.jsonpath.internal.JsonContext -- Put path $ key modifiers value {}
12:51:59.436 [main] DEBUG com.jayway.jsonpath.internal.path.CompiledPath -- Evaluating path: $
12:51:59.436 [main] DEBUG com.jayway.jsonpath.internal.JsonContext -- Put path $ key modifiers value 0
12:51:59.436 [main] DEBUG com.jayway.jsonpath.internal.path.CompiledPath -- Evaluating path: $['type']
12:51:59.436 [main] DEBUG com.jayway.jsonpath.internal.path.CompiledPath -- Evaluating path: $
12:51:59.436 [main] DEBUG com.jayway.jsonpath.internal.path.CompiledPath -- Evaluating path: $
12:51:59.436 [main] DEBUG com.jayway.jsonpath.internal.JsonContext -- Put path $ key type value {}
12:51:59.436 [main] DEBUG com.jayway.jsonpath.internal.path.CompiledPath -- Evaluating path: $
12:51:59.436 [main] DEBUG com.jayway.jsonpath.internal.JsonContext -- Put path $ key type value keyUp
12:51:59.436 [main] DEBUG com.jayway.jsonpath.internal.path.CompiledPath -- Evaluating path: $['text']
12:51:59.436 [main] DEBUG com.jayway.jsonpath.internal.path.CompiledPath -- Evaluating path: $
12:51:59.436 [main] DEBUG com.jayway.jsonpath.internal.path.CompiledPath -- Evaluating path: $
12:51:59.436 [main] DEBUG com.jayway.jsonpath.internal.JsonContext -- Put path $ key text value {}
12:51:59.436 [main] DEBUG com.jayway.jsonpath.internal.path.CompiledPath -- Evaluating path: $
12:51:59.436 [main] DEBUG com.jayway.jsonpath.internal.JsonContext -- Put path $ key text value c
12:51:59.436 [main] DEBUG com.jayway.jsonpath.internal.path.CompiledPath -- Evaluating path: $['windowsVirtualKeyCode']
12:51:59.436 [main] DEBUG com.jayway.jsonpath.internal.path.CompiledPath -- Evaluating path: $
12:51:59.436 [main] DEBUG com.jayway.jsonpath.internal.path.CompiledPath -- Evaluating path: $
12:51:59.436 [main] DEBUG com.jayway.jsonpath.internal.JsonContext -- Put path $ key windowsVirtualKeyCode value {}
12:51:59.436 [main] DEBUG com.jayway.jsonpath.internal.path.CompiledPath -- Evaluating path: $
12:51:59.436 [main] DEBUG com.jayway.jsonpath.internal.JsonContext -- Put path $ key windowsVirtualKeyCode value 99
12:51:59.436 [main] DEBUG com.jayway.jsonpath.internal.path.CompiledPath -- Evaluating path: $
12:51:59.436 [main] DEBUG com.intuit.karate.driver.chrome_1718781712166 -- >> {"id":79,"sessionId":"5CA559BB167CA031E7DDA78D954316C9","method":"Input.dispatchKeyEvent","params":{"modifiers":0,"type":"keyUp","text":"c","windowsVirtualKeyCode":99}}
12:51:59.436 [nioEventLoopGroup-7-1] DEBUG com.intuit.karate.driver.chrome_1718781712166 -- << {"id":79,"result":{},"sessionId":"5CA559BB167CA031E7DDA78D954316C9"}
12:51:59.436 [nioEventLoopGroup-7-1] DEBUG com.jayway.jsonpath.internal.path.CompiledPath -- Evaluating path: $
12:51:59.436 [main] DEBUG com.jayway.jsonpath.internal.path.CompiledPath -- Evaluating path: $['modifiers']
12:51:59.436 [main] DEBUG com.jayway.jsonpath.internal.path.CompiledPath -- Evaluating path: $
12:51:59.436 [main] DEBUG com.jayway.jsonpath.internal.path.CompiledPath -- Evaluating path: $
12:51:59.436 [main] DEBUG com.jayway.jsonpath.internal.JsonContext -- Put path $ key modifiers value {}
12:51:59.436 [main] DEBUG com.jayway.jsonpath.internal.path.CompiledPath -- Evaluating path: $
12:51:59.436 [main] DEBUG com.jayway.jsonpath.internal.JsonContext -- Put path $ key modifiers value 0
12:51:59.436 [main] DEBUG com.jayway.jsonpath.internal.path.CompiledPath -- Evaluating path: $['type']
12:51:59.436 [main] DEBUG com.jayway.jsonpath.internal.path.CompiledPath -- Evaluating path: $
12:51:59.436 [main] DEBUG com.jayway.jsonpath.internal.path.CompiledPath -- Evaluating path: $
12:51:59.436 [main] DEBUG com.jayway.jsonpath.internal.JsonContext -- Put path $ key type value {}
12:51:59.436 [main] DEBUG com.jayway.jsonpath.internal.path.CompiledPath -- Evaluating path: $
12:51:59.436 [main] DEBUG com.jayway.jsonpath.internal.JsonContext -- Put path $ key type value rawKeyDown
12:51:59.436 [main] DEBUG com.jayway.jsonpath.internal.path.CompiledPath -- Evaluating path: $['text']
12:51:59.436 [main] DEBUG com.jayway.jsonpath.internal.path.CompiledPath -- Evaluating path: $
12:51:59.436 [main] DEBUG com.jayway.jsonpath.internal.path.CompiledPath -- Evaluating path: $
12:51:59.436 [main] DEBUG com.jayway.jsonpath.internal.JsonContext -- Put path $ key text value {}
12:51:59.436 [main] DEBUG com.jayway.jsonpath.internal.path.CompiledPath -- Evaluating path: $
12:51:59.436 [main] DEBUG com.jayway.jsonpath.internal.JsonContext -- Put path $ key text value e
12:51:59.436 [main] DEBUG com.jayway.jsonpath.internal.path.CompiledPath -- Evaluating path: $['windowsVirtualKeyCode']
12:51:59.436 [main] DEBUG com.jayway.jsonpath.internal.path.CompiledPath -- Evaluating path: $
12:51:59.436 [main] DEBUG com.jayway.jsonpath.internal.path.CompiledPath -- Evaluating path: $
12:51:59.436 [main] DEBUG com.jayway.jsonpath.internal.JsonContext -- Put path $ key windowsVirtualKeyCode value {}
12:51:59.436 [main] DEBUG com.jayway.jsonpath.internal.path.CompiledPath -- Evaluating path: $
12:51:59.436 [main] DEBUG com.jayway.jsonpath.internal.JsonContext -- Put path $ key windowsVirtualKeyCode value 101
12:51:59.436 [main] DEBUG com.jayway.jsonpath.internal.path.CompiledPath -- Evaluating path: $
12:51:59.436 [main] DEBUG com.intuit.karate.driver.chrome_1718781712166 -- >> {"id":80,"sessionId":"5CA559BB167CA031E7DDA78D954316C9","method":"Input.dispatchKeyEvent","params":{"modifiers":0,"type":"rawKeyDown","text":"e","windowsVirtualKeyCode":101}}
12:51:59.436 [nioEventLoopGroup-7-1] DEBUG com.intuit.karate.driver.chrome_1718781712166 -- << {"id":80,"result":{},"sessionId":"5CA559BB167CA031E7DDA78D954316C9"}
12:51:59.436 [nioEventLoopGroup-7-1] DEBUG com.jayway.jsonpath.internal.path.CompiledPath -- Evaluating path: $
12:51:59.436 [main] DEBUG com.jayway.jsonpath.internal.path.CompiledPath -- Evaluating path: $['modifiers']
12:51:59.436 [main] DEBUG com.jayway.jsonpath.internal.path.CompiledPath -- Evaluating path: $
12:51:59.436 [main] DEBUG com.jayway.jsonpath.internal.path.CompiledPath -- Evaluating path: $
12:51:59.436 [main] DEBUG com.jayway.jsonpath.internal.JsonContext -- Put path $ key modifiers value {}
12:51:59.436 [main] DEBUG com.jayway.jsonpath.internal.path.CompiledPath -- Evaluating path: $
12:51:59.436 [main] DEBUG com.jayway.jsonpath.internal.JsonContext -- Put path $ key modifiers value 0
12:51:59.436 [main] DEBUG com.jayway.jsonpath.internal.path.CompiledPath -- Evaluating path: $['type']
12:51:59.436 [main] DEBUG com.jayway.jsonpath.internal.path.CompiledPath -- Evaluating path: $
12:51:59.436 [main] DEBUG com.jayway.jsonpath.internal.path.CompiledPath -- Evaluating path: $
12:51:59.436 [main] DEBUG com.jayway.jsonpath.internal.JsonContext -- Put path $ key type value {}
12:51:59.436 [main] DEBUG com.jayway.jsonpath.internal.path.CompiledPath -- Evaluating path: $
12:51:59.446 [main] DEBUG com.jayway.jsonpath.internal.JsonContext -- Put path $ key type value char
12:51:59.446 [main] DEBUG com.jayway.jsonpath.internal.path.CompiledPath -- Evaluating path: $['text']
12:51:59.446 [main] DEBUG com.jayway.jsonpath.internal.path.CompiledPath -- Evaluating path: $
12:51:59.446 [main] DEBUG com.jayway.jsonpath.internal.path.CompiledPath -- Evaluating path: $
12:51:59.446 [main] DEBUG com.jayway.jsonpath.internal.JsonContext -- Put path $ key text value {}
12:51:59.446 [main] DEBUG com.jayway.jsonpath.internal.path.CompiledPath -- Evaluating path: $
12:51:59.446 [main] DEBUG com.jayway.jsonpath.internal.JsonContext -- Put path $ key text value e
12:51:59.446 [main] DEBUG com.jayway.jsonpath.internal.path.CompiledPath -- Evaluating path: $['windowsVirtualKeyCode']
12:51:59.446 [main] DEBUG com.jayway.jsonpath.internal.path.CompiledPath -- Evaluating path: $
12:51:59.446 [main] DEBUG com.jayway.jsonpath.internal.path.CompiledPath -- Evaluating path: $
12:51:59.446 [main] DEBUG com.jayway.jsonpath.internal.JsonContext -- Put path $ key windowsVirtualKeyCode value {}
12:51:59.446 [main] DEBUG com.jayway.jsonpath.internal.path.CompiledPath -- Evaluating path: $
12:51:59.446 [main] DEBUG com.jayway.jsonpath.internal.JsonContext -- Put path $ key windowsVirtualKeyCode value 101
12:51:59.446 [main] DEBUG com.jayway.jsonpath.internal.path.CompiledPath -- Evaluating path: $
12:51:59.446 [main] DEBUG com.intuit.karate.driver.chrome_1718781712166 -- >> {"id":81,"sessionId":"5CA559BB167CA031E7DDA78D954316C9","method":"Input.dispatchKeyEvent","params":{"modifiers":0,"type":"char","text":"e","windowsVirtualKeyCode":101}}
12:51:59.448 [nioEventLoopGroup-7-1] DEBUG com.intuit.karate.driver.chrome_1718781712166 -- << {"id":81,"result":{},"sessionId":"5CA559BB167CA031E7DDA78D954316C9"}
12:51:59.448 [nioEventLoopGroup-7-1] DEBUG com.jayway.jsonpath.internal.path.CompiledPath -- Evaluating path: $
12:51:59.448 [main] DEBUG com.jayway.jsonpath.internal.path.CompiledPath -- Evaluating path: $['modifiers']
12:51:59.448 [main] DEBUG com.jayway.jsonpath.internal.path.CompiledPath -- Evaluating path: $
12:51:59.448 [main] DEBUG com.jayway.jsonpath.internal.path.CompiledPath -- Evaluating path: $
12:51:59.448 [main] DEBUG com.jayway.jsonpath.internal.JsonContext -- Put path $ key modifiers value {}
12:51:59.448 [main] DEBUG com.jayway.jsonpath.internal.path.CompiledPath -- Evaluating path: $
12:51:59.448 [main] DEBUG com.jayway.jsonpath.internal.JsonContext -- Put path $ key modifiers value 0
12:51:59.448 [main] DEBUG com.jayway.jsonpath.internal.path.CompiledPath -- Evaluating path: $['type']
12:51:59.448 [main] DEBUG com.jayway.jsonpath.internal.path.CompiledPath -- Evaluating path: $
12:51:59.448 [main] DEBUG com.jayway.jsonpath.internal.path.CompiledPath -- Evaluating path: $
12:51:59.448 [main] DEBUG com.jayway.jsonpath.internal.JsonContext -- Put path $ key type value {}
12:51:59.448 [main] DEBUG com.jayway.jsonpath.internal.path.CompiledPath -- Evaluating path: $
12:51:59.448 [main] DEBUG com.jayway.jsonpath.internal.JsonContext -- Put path $ key type value keyUp
12:51:59.448 [main] DEBUG com.jayway.jsonpath.internal.path.CompiledPath -- Evaluating path: $['text']
12:51:59.448 [main] DEBUG com.jayway.jsonpath.internal.path.CompiledPath -- Evaluating path: $
12:51:59.448 [main] DEBUG com.jayway.jsonpath.internal.path.CompiledPath -- Evaluating path: $
12:51:59.448 [main] DEBUG com.jayway.jsonpath.internal.JsonContext -- Put path $ key text value {}
12:51:59.448 [main] DEBUG com.jayway.jsonpath.internal.path.CompiledPath -- Evaluating path: $
12:51:59.448 [main] DEBUG com.jayway.jsonpath.internal.JsonContext -- Put path $ key text value e
12:51:59.448 [main] DEBUG com.jayway.jsonpath.internal.path.CompiledPath -- Evaluating path: $['windowsVirtualKeyCode']
12:51:59.448 [main] DEBUG com.jayway.jsonpath.internal.path.CompiledPath -- Evaluating path: $
12:51:59.448 [main] DEBUG com.jayway.jsonpath.internal.path.CompiledPath -- Evaluating path: $
12:51:59.448 [main] DEBUG com.jayway.jsonpath.internal.JsonContext -- Put path $ key windowsVirtualKeyCode value {}
12:51:59.448 [main] DEBUG com.jayway.jsonpath.internal.path.CompiledPath -- Evaluating path: $
12:51:59.448 [main] DEBUG com.jayway.jsonpath.internal.JsonContext -- Put path $ key windowsVirtualKeyCode value 101
12:51:59.448 [main] DEBUG com.jayway.jsonpath.internal.path.CompiledPath -- Evaluating path: $
12:51:59.448 [main] DEBUG com.intuit.karate.driver.chrome_1718781712166 -- >> {"id":82,"sessionId":"5CA559BB167CA031E7DDA78D954316C9","method":"Input.dispatchKeyEvent","params":{"modifiers":0,"type":"keyUp","text":"e","windowsVirtualKeyCode":101}}
12:51:59.448 [nioEventLoopGroup-7-1] DEBUG com.intuit.karate.driver.chrome_1718781712166 -- << {"id":82,"result":{},"sessionId":"5CA559BB167CA031E7DDA78D954316C9"}
12:51:59.448 [nioEventLoopGroup-7-1] DEBUG com.jayway.jsonpath.internal.path.CompiledPath -- Evaluating path: $
12:52:02.465 [main] DEBUG com.jayway.jsonpath.internal.path.CompiledPath -- Evaluating path: $['expression']
12:52:02.465 [main] DEBUG com.jayway.jsonpath.internal.path.CompiledPath -- Evaluating path: $
12:52:02.465 [main] DEBUG com.jayway.jsonpath.internal.path.CompiledPath -- Evaluating path: $
12:52:02.465 [main] DEBUG com.jayway.jsonpath.internal.JsonContext -- Put path $ key expression value {}
12:52:02.465 [main] DEBUG com.jayway.jsonpath.internal.path.CompiledPath -- Evaluating path: $
12:52:02.465 [main] DEBUG com.jayway.jsonpath.internal.JsonContext -- Put path $ key expression value document.evaluate("//*[@id='login-button']", document, null, 9, null).singleNodeValue.click()
12:52:02.465 [main] DEBUG com.jayway.jsonpath.internal.path.CompiledPath -- Evaluating path: $['returnByValue']
12:52:02.465 [main] DEBUG com.jayway.jsonpath.internal.path.CompiledPath -- Evaluating path: $
12:52:02.465 [main] DEBUG com.jayway.jsonpath.internal.path.CompiledPath -- Evaluating path: $
12:52:02.465 [main] DEBUG com.jayway.jsonpath.internal.JsonContext -- Put path $ key returnByValue value {}
12:52:02.465 [main] DEBUG com.jayway.jsonpath.internal.path.CompiledPath -- Evaluating path: $
12:52:02.465 [main] DEBUG com.jayway.jsonpath.internal.JsonContext -- Put path $ key returnByValue value true
12:52:02.465 [main] DEBUG com.jayway.jsonpath.internal.path.CompiledPath -- Evaluating path: $
12:52:02.465 [main] DEBUG com.intuit.karate.driver.chrome_1718781712166 -- >> {"id":83,"sessionId":"5CA559BB167CA031E7DDA78D954316C9","method":"Runtime.evaluate","params":{"expression":"document.evaluate(\"\/\/*[@id='login-button']\", document, null, 9, null).singleNodeValue.click()","returnByValue":true}}
12:52:02.473 [nioEventLoopGroup-7-1] DEBUG com.intuit.karate.driver.chrome_1718781712166 -- << {"method":"Page.frameStartedLoading","params":{"frameId":"6B264B30B4B95982B5E99FAF6760A16C"},"sessionId":"5CA559BB167CA031E7DDA78D954316C9"}
12:52:02.473 [nioEventLoopGroup-7-1] DEBUG com.jayway.jsonpath.internal.path.CompiledPath -- Evaluating path: $
12:52:02.473 [nioEventLoopGroup-7-1] DEBUG com.jayway.jsonpath.internal.path.CompiledPath -- Evaluating path: $['frameId']
12:52:02.476 [nioEventLoopGroup-7-1] DEBUG com.intuit.karate.driver.chrome_1718781712166 -- << {"method":"Target.targetInfoChanged","params":{"targetInfo":{"targetId":"6B264B30B4B95982B5E99FAF6760A16C","type":"page","title":"Swag Labs","url":"https://www.saucedemo.com/inventory.html","attached":true,"canAccessOpener":false,"browserContextId":"ADC1123BF6C173046A101A5B14DD4185"}},"sessionId":"5CA559BB167CA031E7DDA78D954316C9"}
12:52:02.476 [nioEventLoopGroup-7-1] DEBUG com.jayway.jsonpath.internal.path.CompiledPath -- Evaluating path: $
12:52:02.476 [nioEventLoopGroup-7-1] DEBUG com.jayway.jsonpath.internal.path.CompiledPath -- Evaluating path: $['targetInfo']['targetId']
12:52:02.476 [nioEventLoopGroup-7-1] DEBUG com.intuit.karate.driver.chrome_1718781712166 -- << {"method":"Page.navigatedWithinDocument","params":{"frameId":"6B264B30B4B95982B5E99FAF6760A16C","url":"https://www.saucedemo.com/inventory.html"},"sessionId":"5CA559BB167CA031E7DDA78D954316C9"}
12:52:02.476 [nioEventLoopGroup-7-1] DEBUG com.jayway.jsonpath.internal.path.CompiledPath -- Evaluating path: $
12:52:02.476 [nioEventLoopGroup-7-1] DEBUG com.intuit.karate.driver.chrome_1718781712166 -- << {"method":"Page.frameStoppedLoading","params":{"frameId":"6B264B30B4B95982B5E99FAF6760A16C"},"sessionId":"5CA559BB167CA031E7DDA78D954316C9"}
12:52:02.476 [nioEventLoopGroup-7-1] DEBUG com.jayway.jsonpath.internal.path.CompiledPath -- Evaluating path: $
12:52:02.476 [nioEventLoopGroup-7-1] DEBUG com.jayway.jsonpath.internal.path.CompiledPath -- Evaluating path: $['frameId']
12:52:02.498 [nioEventLoopGroup-7-1] DEBUG com.intuit.karate.driver.chrome_1718781712166 -- << {"id":83,"result":{"result":{"type":"undefined"}},"sessionId":"5CA559BB167CA031E7DDA78D954316C9"}
12:52:02.498 [nioEventLoopGroup-7-1] DEBUG com.jayway.jsonpath.internal.path.CompiledPath -- Evaluating path: $
12:52:05.159 [nioEventLoopGroup-7-1] DEBUG com.intuit.karate.driver.chrome_1718781712166 -- << {"method":"Target.targetCreated","params":{"targetInfo":{"targetId":"BAE7A052DA4D7B64AA5FDF6C58D1ECA5","type":"app","title":"Chrome Web Store Payments","url":"","attached":false,"canAccessOpener":false,"browserContextId":"ADC1123BF6C173046A101A5B14DD4185"}},"sessionId":"5CA559BB167CA031E7DDA78D954316C9"}
12:52:05.159 [nioEventLoopGroup-7-1] DEBUG com.jayway.jsonpath.internal.path.CompiledPath -- Evaluating path: $
12:52:05.526 [main] DEBUG com.jayway.jsonpath.internal.path.CompiledPath -- Evaluating path: $['expression']
12:52:05.526 [main] DEBUG com.jayway.jsonpath.internal.path.CompiledPath -- Evaluating path: $
12:52:05.526 [main] DEBUG com.jayway.jsonpath.internal.path.CompiledPath -- Evaluating path: $
12:52:05.526 [main] DEBUG com.jayway.jsonpath.internal.JsonContext -- Put path $ key expression value {}
12:52:05.526 [main] DEBUG com.jayway.jsonpath.internal.path.CompiledPath -- Evaluating path: $
12:52:05.526 [main] DEBUG com.jayway.jsonpath.internal.JsonContext -- Put path $ key expression value document.title
12:52:05.526 [main] DEBUG com.jayway.jsonpath.internal.path.CompiledPath -- Evaluating path: $['returnByValue']
12:52:05.526 [main] DEBUG com.jayway.jsonpath.internal.path.CompiledPath -- Evaluating path: $
12:52:05.526 [main] DEBUG com.jayway.jsonpath.internal.path.CompiledPath -- Evaluating path: $
12:52:05.526 [main] DEBUG com.jayway.jsonpath.internal.JsonContext -- Put path $ key returnByValue value {}
12:52:05.526 [main] DEBUG com.jayway.jsonpath.internal.path.CompiledPath -- Evaluating path: $
12:52:05.526 [main] DEBUG com.jayway.jsonpath.internal.JsonContext -- Put path $ key returnByValue value true
12:52:05.526 [main] DEBUG com.jayway.jsonpath.internal.path.CompiledPath -- Evaluating path: $
12:52:05.526 [main] DEBUG com.intuit.karate.driver.chrome_1718781712166 -- >> {"id":84,"sessionId":"5CA559BB167CA031E7DDA78D954316C9","method":"Runtime.evaluate","params":{"expression":"document.title","returnByValue":true}}
12:52:05.526 [nioEventLoopGroup-7-1] DEBUG com.intuit.karate.driver.chrome_1718781712166 -- << {"id":84,"result":{"result":{"type":"string","value":"Swag Labs"}},"sessionId":"5CA559BB167CA031E7DDA78D954316C9"}
12:52:05.531 [nioEventLoopGroup-7-1] DEBUG com.jayway.jsonpath.internal.path.CompiledPath -- Evaluating path: $
12:52:05.532 [main] DEBUG com.jayway.jsonpath.internal.path.CompiledPath -- Evaluating path: $['expression']
12:52:05.532 [main] DEBUG com.jayway.jsonpath.internal.path.CompiledPath -- Evaluating path: $
12:52:05.532 [main] DEBUG com.jayway.jsonpath.internal.path.CompiledPath -- Evaluating path: $
12:52:05.532 [main] DEBUG com.jayway.jsonpath.internal.JsonContext -- Put path $ key expression value {}
12:52:05.532 [main] DEBUG com.jayway.jsonpath.internal.path.CompiledPath -- Evaluating path: $
12:52:05.532 [main] DEBUG com.jayway.jsonpath.internal.JsonContext -- Put path $ key expression value document.location.href
12:52:05.532 [main] DEBUG com.jayway.jsonpath.internal.path.CompiledPath -- Evaluating path: $['returnByValue']
12:52:05.532 [main] DEBUG com.jayway.jsonpath.internal.path.CompiledPath -- Evaluating path: $
12:52:05.532 [main] DEBUG com.jayway.jsonpath.internal.path.CompiledPath -- Evaluating path: $
12:52:05.532 [main] DEBUG com.jayway.jsonpath.internal.JsonContext -- Put path $ key returnByValue value {}
12:52:05.532 [main] DEBUG com.jayway.jsonpath.internal.path.CompiledPath -- Evaluating path: $
12:52:05.532 [main] DEBUG com.jayway.jsonpath.internal.JsonContext -- Put path $ key returnByValue value true
12:52:05.532 [main] DEBUG com.jayway.jsonpath.internal.path.CompiledPath -- Evaluating path: $
12:52:05.532 [main] DEBUG com.intuit.karate.driver.chrome_1718781712166 -- >> {"id":85,"sessionId":"5CA559BB167CA031E7DDA78D954316C9","method":"Runtime.evaluate","params":{"expression":"document.location.href","returnByValue":true}}
12:52:05.532 [nioEventLoopGroup-7-1] DEBUG com.intuit.karate.driver.chrome_1718781712166 -- << {"id":85,"result":{"result":{"type":"string","value":"https://www.saucedemo.com/inventory.html"}},"sessionId":"5CA559BB167CA031E7DDA78D954316C9"}
12:52:05.532 [nioEventLoopGroup-7-1] DEBUG com.jayway.jsonpath.internal.path.CompiledPath -- Evaluating path: $
12:52:06.485 [nioEventLoopGroup-7-1] DEBUG com.intuit.karate.driver.chrome_1718781712166 -- << {"method":"Target.targetInfoChanged","params":{"targetInfo":{"targetId":"BAE7A052DA4D7B64AA5FDF6C58D1ECA5","type":"background_page","title":"Chrome Web Store Payments","url":"chrome-extension://nmmhkkegccagdldgiimedpiccmgmieda/_generated_background_page.html","attached":false,"canAccessOpener":false,"browserContextId":"ADC1123BF6C173046A101A5B14DD4185"}},"sessionId":"5CA559BB167CA031E7DDA78D954316C9"}
12:52:06.485 [nioEventLoopGroup-7-1] DEBUG com.jayway.jsonpath.internal.path.CompiledPath -- Evaluating path: $
12:52:06.485 [nioEventLoopGroup-7-1] DEBUG com.jayway.jsonpath.internal.path.CompiledPath -- Evaluating path: $['targetInfo']['targetId']
12:52:07.904 [nioEventLoopGroup-7-1] DEBUG com.intuit.karate.driver.chrome_1718781712166 -- << {"method":"Target.targetDestroyed","params":{"targetId":"56F38E57D7794924482C08802EDED3F7"},"sessionId":"5CA559BB167CA031E7DDA78D954316C9"}
12:52:07.904 [nioEventLoopGroup-7-1] DEBUG com.jayway.jsonpath.internal.path.CompiledPath -- Evaluating path: $
12:52:08.014 [nioEventLoopGroup-7-1] DEBUG com.intuit.karate.driver.chrome_1718781712166 -- << {"method":"Target.targetDestroyed","params":{"targetId":"4E80917359328205048CBF7000F5CB92"},"sessionId":"5CA559BB167CA031E7DDA78D954316C9"}
12:52:08.014 [nioEventLoopGroup-7-1] DEBUG com.jayway.jsonpath.internal.path.CompiledPath -- Evaluating path: $
12:52:08.603 [main] DEBUG com.jayway.jsonpath.internal.path.CompiledPath -- Evaluating path: $['targetId']
12:52:08.603 [main] DEBUG com.jayway.jsonpath.internal.path.CompiledPath -- Evaluating path: $
12:52:08.603 [main] DEBUG com.jayway.jsonpath.internal.path.CompiledPath -- Evaluating path: $
12:52:08.603 [main] DEBUG com.jayway.jsonpath.internal.JsonContext -- Put path $ key targetId value {}
12:52:08.603 [main] DEBUG com.jayway.jsonpath.internal.path.CompiledPath -- Evaluating path: $
12:52:08.603 [main] DEBUG com.jayway.jsonpath.internal.JsonContext -- Put path $ key targetId value 6B264B30B4B95982B5E99FAF6760A16C
12:52:08.603 [main] DEBUG com.jayway.jsonpath.internal.path.CompiledPath -- Evaluating path: $
12:52:08.603 [main] DEBUG com.intuit.karate.driver.chrome_1718781712166 -- >> {"id":86,"sessionId":"5CA559BB167CA031E7DDA78D954316C9","method":"Target.closeTarget","params":{"targetId":"6B264B30B4B95982B5E99FAF6760A16C"}}
12:52:08.603 [nioEventLoopGroup-7-1] DEBUG com.intuit.karate.driver.chrome_1718781712166 -- << {"id":86,"result":{"success":true},"sessionId":"5CA559BB167CA031E7DDA78D954316C9"}
12:52:08.603 [nioEventLoopGroup-7-1] DEBUG com.jayway.jsonpath.internal.path.CompiledPath -- Evaluating path: $
12:52:08.606 [nioEventLoopGroup-7-1] DEBUG com.intuit.karate.http.WebSocketClientHandler -- websocket closing
12:52:08.606 [nioEventLoopGroup-7-1] DEBUG com.intuit.karate.http.WebSocketClientHandler -- websocket client disconnected
12:52:08.742 [main] DEBUG com.intuit.karate.shell.Command -- closing command: chrome_1718781712166
]]></system-out>
  </testcase>
  <testcase name="[3.3:51] Login with valid login credentials" classname="UI_Automation_Project/login/login" time="18.301">
    <system-out><![CDATA[12:52:08.774 [main] INFO com.intuit.karate -- karate.env system property was: null 
12:52:08.774 [main] INFO com.intuit.karate -- the browser set is: chromedriver, default: "chrome" 
12:52:08.844 [main] DEBUG com.jayway.jsonpath.internal.path.CompiledPath -- Evaluating path: $
12:52:08.853 [main] DEBUG com.jayway.jsonpath.internal.path.CompiledPath -- Evaluating path: $
12:52:08.853 [main] DEBUG com.jayway.jsonpath.internal.path.CompiledPath -- Evaluating path: $
12:52:08.853 [main] DEBUG com.intuit.karate.shell.Command -- found / verified free local port: 54048
12:52:08.853 [main] WARN com.intuit.karate.driver.DriverOptions -- preferred port 9222 not available, will use: 54048
12:52:08.982 [main] DEBUG com.intuit.karate.driver.chrome_1718781728853 -- poll attempt #0 for port to be ready - localhost:54048
12:52:08.991 [chrome_1718781728853] DEBUG com.intuit.karate.driver.chrome_1718781728853 -- command: [C:\Program Files\Google\Chrome\Application\chrome.exe, --remote-debugging-port=54048, --remote-allow-origins=*, --no-first-run, --user-data-dir=C:\Users\HarshvardhanNigaveka\OneDrive - Academian India Private Limited\Desktop\GitHubActions\karateUI\UI_Automation_Project\target\chrome_1718781728853, --disable-popup-blocking], working dir: target\chrome_1718781728853
12:52:09.282 [main] DEBUG com.intuit.karate.driver.chrome_1718781728853 -- poll attempt #1 for port to be ready - localhost:54048
12:52:09.309 [chrome_1718781728853-out] DEBUG com.intuit.karate.driver.chrome_1718781728853 -- 
12:52:09.309 [chrome_1718781728853-out] DEBUG com.intuit.karate.driver.chrome_1718781728853 -- DevTools listening on ws://127.0.0.1:54048/devtools/browser/4564e3bb-abb8-41be-bb78-a927072b767e
12:52:09.544 [main] DEBUG com.intuit.karate.driver.chrome_1718781728853 -- poll attempt #2 for port to be ready - localhost:54048
12:52:09.566 [main] DEBUG org.apache.http.client.protocol.RequestAddCookies -- CookieSpec selected: karate
12:52:09.566 [main] DEBUG org.apache.http.client.protocol.RequestAuthCache -- Auth cache not set in the context
12:52:09.566 [main] DEBUG com.intuit.karate -- request:
1 > GET http://localhost:54048/json
1 > Host: localhost:54048
1 > Connection: Keep-Alive
1 > User-Agent: Apache-HttpClient/4.5.14 (Java/17.0.11)
1 > Accept-Encoding: gzip,deflate


12:52:09.566 [main] DEBUG org.apache.http.impl.conn.PoolingHttpClientConnectionManager -- Connection request: [route: {}->http://localhost:54048][total available: 0; route allocated: 0 of 5; total allocated: 0 of 10]
12:52:09.566 [main] DEBUG org.apache.http.impl.conn.PoolingHttpClientConnectionManager -- Connection leased: [id: 12][route: {}->http://localhost:54048][total available: 0; route allocated: 1 of 5; total allocated: 1 of 10]
12:52:09.566 [main] DEBUG org.apache.http.impl.execchain.MainClientExec -- Opening connection {}->http://localhost:54048
12:52:09.566 [main] DEBUG org.apache.http.impl.conn.DefaultHttpClientConnectionOperator -- Connecting to localhost/127.0.0.1:54048
12:52:09.576 [main] DEBUG org.apache.http.impl.conn.DefaultHttpClientConnectionOperator -- Connection established 127.0.0.1:54053<->127.0.0.1:54048
12:52:09.576 [main] DEBUG org.apache.http.impl.conn.DefaultManagedHttpClientConnection -- http-outgoing-12: set socket timeout to 30000
12:52:09.576 [main] DEBUG org.apache.http.impl.execchain.MainClientExec -- Executing request GET /json HTTP/1.1
12:52:09.576 [main] DEBUG org.apache.http.impl.execchain.MainClientExec -- Target auth state: UNCHALLENGED
12:52:09.576 [main] DEBUG org.apache.http.impl.execchain.MainClientExec -- Proxy auth state: UNCHALLENGED
12:52:09.576 [main] DEBUG org.apache.http.headers -- http-outgoing-12 >> GET /json HTTP/1.1
12:52:09.576 [main] DEBUG org.apache.http.headers -- http-outgoing-12 >> Host: localhost:54048
12:52:09.576 [main] DEBUG org.apache.http.headers -- http-outgoing-12 >> Connection: Keep-Alive
12:52:09.576 [main] DEBUG org.apache.http.headers -- http-outgoing-12 >> User-Agent: Apache-HttpClient/4.5.14 (Java/17.0.11)
12:52:09.576 [main] DEBUG org.apache.http.headers -- http-outgoing-12 >> Accept-Encoding: gzip,deflate
12:52:09.576 [main] DEBUG org.apache.http.wire -- http-outgoing-12 >> "GET /json HTTP/1.1[\r][\n]"
12:52:09.576 [main] DEBUG org.apache.http.wire -- http-outgoing-12 >> "Host: localhost:54048[\r][\n]"
12:52:09.576 [main] DEBUG org.apache.http.wire -- http-outgoing-12 >> "Connection: Keep-Alive[\r][\n]"
12:52:09.576 [main] DEBUG org.apache.http.wire -- http-outgoing-12 >> "User-Agent: Apache-HttpClient/4.5.14 (Java/17.0.11)[\r][\n]"
12:52:09.576 [main] DEBUG org.apache.http.wire -- http-outgoing-12 >> "Accept-Encoding: gzip,deflate[\r][\n]"
12:52:09.576 [main] DEBUG org.apache.http.wire -- http-outgoing-12 >> "[\r][\n]"
12:52:09.576 [main] DEBUG org.apache.http.wire -- http-outgoing-12 << "HTTP/1.1 200 OK[\r][\n]"
12:52:09.576 [main] DEBUG org.apache.http.wire -- http-outgoing-12 << "Content-Security-Policy:frame-ancestors 'none'[\r][\n]"
12:52:09.576 [main] DEBUG org.apache.http.wire -- http-outgoing-12 << "Content-Length:1273[\r][\n]"
12:52:09.576 [main] DEBUG org.apache.http.wire -- http-outgoing-12 << "Content-Type:application/json; charset=UTF-8[\r][\n]"
12:52:09.576 [main] DEBUG org.apache.http.wire -- http-outgoing-12 << "[\r][\n]"
12:52:09.576 [main] DEBUG org.apache.http.wire -- http-outgoing-12 << "[ {[\r][\n]"
12:52:09.576 [main] DEBUG org.apache.http.wire -- http-outgoing-12 << "   "description": "",[\r][\n]"
12:52:09.576 [main] DEBUG org.apache.http.wire -- http-outgoing-12 << "   "devtoolsFrontendUrl": "/devtools/inspector.html?ws=localhost:54048/devtools/page/57E61D0FEDAE84786E96EC5A79AEACF1",[\r][\n]"
12:52:09.576 [main] DEBUG org.apache.http.wire -- http-outgoing-12 << "   "id": "57E61D0FEDAE84786E96EC5A79AEACF1",[\r][\n]"
12:52:09.576 [main] DEBUG org.apache.http.wire -- http-outgoing-12 << "   "title": "Google Network Speech",[\r][\n]"
12:52:09.576 [main] DEBUG org.apache.http.wire -- http-outgoing-12 << "   "type": "background_page",[\r][\n]"
12:52:09.576 [main] DEBUG org.apache.http.wire -- http-outgoing-12 << "   "url": "chrome-extension://neajdppkdcdipfabeoofebfddakdcjhd/_generated_background_page.html",[\r][\n]"
12:52:09.576 [main] DEBUG org.apache.http.wire -- http-outgoing-12 << "   "webSocketDebuggerUrl": "ws://localhost:54048/devtools/page/57E61D0FEDAE84786E96EC5A79AEACF1"[\r][\n]"
12:52:09.576 [main] DEBUG org.apache.http.wire -- http-outgoing-12 << "}, {[\r][\n]"
12:52:09.576 [main] DEBUG org.apache.http.wire -- http-outgoing-12 << "   "description": "",[\r][\n]"
12:52:09.576 [main] DEBUG org.apache.http.wire -- http-outgoing-12 << "   "devtoolsFrontendUrl": "/devtools/inspector.html?ws=localhost:54048/devtools/page/A4E7CEF13103CB21BFD2D3E7FE3894C3",[\r][\n]"
12:52:09.576 [main] DEBUG org.apache.http.wire -- http-outgoing-12 << "   "id": "A4E7CEF13103CB21BFD2D3E7FE3894C3",[\r][\n]"
12:52:09.576 [main] DEBUG org.apache.http.wire -- http-outgoing-12 << "   "title": "Google Hangouts",[\r][\n]"
12:52:09.576 [main] DEBUG org.apache.http.wire -- http-outgoing-12 << "   "type": "background_page",[\r][\n]"
12:52:09.576 [main] DEBUG org.apache.http.wire -- http-outgoing-12 << "   "url": "chrome-extension://nkeimhogjdpnpccoofpliimaahmaaome/background.html",[\r][\n]"
12:52:09.576 [main] DEBUG org.apache.http.wire -- http-outgoing-12 << "   "webSocketDebuggerUrl": "ws://localhost:54048/devtools/page/A4E7CEF13103CB21BFD2D3E7FE3894C3"[\r][\n]"
12:52:09.576 [main] DEBUG org.apache.http.wire -- http-outgoing-12 << "}, {[\r][\n]"
12:52:09.576 [main] DEBUG org.apache.http.wire -- http-outgoing-12 << "   "description": "",[\r][\n]"
12:52:09.576 [main] DEBUG org.apache.http.wire -- http-outgoing-12 << "   "devtoolsFrontendUrl": "/devtools/inspector.html?ws=localhost:54048/devtools/page/A3B9B1552DDF6E9BA638E70E40A0DA65",[\r][\n]"
12:52:09.576 [main] DEBUG org.apache.http.wire -- http-outgoing-12 << "   "id": "A3B9B1552DDF6E9BA638E70E40A0DA65",[\r][\n]"
12:52:09.576 [main] DEBUG org.apache.http.wire -- http-outgoing-12 << "   "title": "New Tab",[\r][\n]"
12:52:09.576 [main] DEBUG org.apache.http.wire -- http-outgoing-12 << "   "type": "page",[\r][\n]"
12:52:09.576 [main] DEBUG org.apache.http.wire -- http-outgoing-12 << "   "url": "chrome://newtab/",[\r][\n]"
12:52:09.580 [main] DEBUG org.apache.http.wire -- http-outgoing-12 << "   "webSocketDebuggerUrl": "ws://localhost:54048/devtools/page/A3B9B1552DDF6E9BA638E70E40A0DA65"[\r][\n]"
12:52:09.580 [main] DEBUG org.apache.http.wire -- http-outgoing-12 << "} ][\r][\n]"
12:52:09.580 [main] DEBUG org.apache.http.headers -- http-outgoing-12 << HTTP/1.1 200 OK
12:52:09.580 [main] DEBUG org.apache.http.headers -- http-outgoing-12 << Content-Security-Policy:frame-ancestors 'none'
12:52:09.580 [main] DEBUG org.apache.http.headers -- http-outgoing-12 << Content-Length:1273
12:52:09.580 [main] DEBUG org.apache.http.headers -- http-outgoing-12 << Content-Type:application/json; charset=UTF-8
12:52:09.580 [main] DEBUG org.apache.http.impl.execchain.MainClientExec -- Connection can be kept alive indefinitely
12:52:09.580 [main] DEBUG org.apache.http.impl.conn.PoolingHttpClientConnectionManager -- Connection [id: 12][route: {}->http://localhost:54048] can be kept alive indefinitely
12:52:09.580 [main] DEBUG org.apache.http.impl.conn.DefaultManagedHttpClientConnection -- http-outgoing-12: set socket timeout to 0
12:52:09.580 [main] DEBUG org.apache.http.impl.conn.PoolingHttpClientConnectionManager -- Connection released: [id: 12][route: {}->http://localhost:54048][total available: 1; route allocated: 1 of 5; total allocated: 1 of 10]
12:52:09.580 [main] DEBUG org.apache.http.impl.conn.PoolingHttpClientConnectionManager -- Connection manager is shutting down
12:52:09.580 [main] DEBUG org.apache.http.impl.conn.DefaultManagedHttpClientConnection -- http-outgoing-12: Close connection
12:52:09.580 [main] DEBUG org.apache.http.impl.conn.PoolingHttpClientConnectionManager -- Connection manager shut down
12:52:09.580 [main] DEBUG com.intuit.karate -- response time in milliseconds: 14
1 < 200
1 < Content-Security-Policy: frame-ancestors 'none'
1 < Content-Length: 1273
1 < Content-Type: application/json; charset=UTF-8
[ {
   "description": "",
   "devtoolsFrontendUrl": "/devtools/inspector.html?ws=localhost:54048/devtools/page/57E61D0FEDAE84786E96EC5A79AEACF1",
   "id": "57E61D0FEDAE84786E96EC5A79AEACF1",
   "title": "Google Network Speech",
   "type": "background_page",
   "url": "chrome-extension://neajdppkdcdipfabeoofebfddakdcjhd/_generated_background_page.html",
   "webSocketDebuggerUrl": "ws://localhost:54048/devtools/page/57E61D0FEDAE84786E96EC5A79AEACF1"
}, {
   "description": "",
   "devtoolsFrontendUrl": "/devtools/inspector.html?ws=localhost:54048/devtools/page/A4E7CEF13103CB21BFD2D3E7FE3894C3",
   "id": "A4E7CEF13103CB21BFD2D3E7FE3894C3",
   "title": "Google Hangouts",
   "type": "background_page",
   "url": "chrome-extension://nkeimhogjdpnpccoofpliimaahmaaome/background.html",
   "webSocketDebuggerUrl": "ws://localhost:54048/devtools/page/A4E7CEF13103CB21BFD2D3E7FE3894C3"
}, {
   "description": "",
   "devtoolsFrontendUrl": "/devtools/inspector.html?ws=localhost:54048/devtools/page/A3B9B1552DDF6E9BA638E70E40A0DA65",
   "id": "A3B9B1552DDF6E9BA638E70E40A0DA65",
   "title": "New Tab",
   "type": "page",
   "url": "chrome://newtab/",
   "webSocketDebuggerUrl": "ws://localhost:54048/devtools/page/A3B9B1552DDF6E9BA638E70E40A0DA65"
} ]


12:52:09.580 [main] DEBUG com.jayway.jsonpath.internal.path.CompiledPath -- Evaluating path: $
12:52:09.580 [main] DEBUG com.intuit.karate.shell.Command -- ready to accept http connections after 20 ms - http://localhost:54048/json
12:52:09.582 [main] DEBUG org.apache.http.client.protocol.RequestAddCookies -- CookieSpec selected: karate
12:52:09.582 [main] DEBUG org.apache.http.client.protocol.RequestAuthCache -- Auth cache not set in the context
12:52:09.582 [main] DEBUG com.intuit.karate -- request:
1 > GET http://localhost:54048/json
1 > Host: localhost:54048
1 > Connection: Keep-Alive
1 > User-Agent: Apache-HttpClient/4.5.14 (Java/17.0.11)
1 > Accept-Encoding: gzip,deflate


12:52:09.582 [main] DEBUG org.apache.http.impl.conn.PoolingHttpClientConnectionManager -- Connection request: [route: {}->http://localhost:54048][total available: 0; route allocated: 0 of 5; total allocated: 0 of 10]
12:52:09.582 [main] DEBUG org.apache.http.impl.conn.PoolingHttpClientConnectionManager -- Connection leased: [id: 13][route: {}->http://localhost:54048][total available: 0; route allocated: 1 of 5; total allocated: 1 of 10]
12:52:09.582 [main] DEBUG org.apache.http.impl.execchain.MainClientExec -- Opening connection {}->http://localhost:54048
12:52:09.582 [main] DEBUG org.apache.http.impl.conn.DefaultHttpClientConnectionOperator -- Connecting to localhost/127.0.0.1:54048
12:52:09.582 [main] DEBUG org.apache.http.impl.conn.DefaultHttpClientConnectionOperator -- Connection established 127.0.0.1:54054<->127.0.0.1:54048
12:52:09.582 [main] DEBUG org.apache.http.impl.conn.DefaultManagedHttpClientConnection -- http-outgoing-13: set socket timeout to 30000
12:52:09.582 [main] DEBUG org.apache.http.impl.execchain.MainClientExec -- Executing request GET /json HTTP/1.1
12:52:09.582 [main] DEBUG org.apache.http.impl.execchain.MainClientExec -- Target auth state: UNCHALLENGED
12:52:09.582 [main] DEBUG org.apache.http.impl.execchain.MainClientExec -- Proxy auth state: UNCHALLENGED
12:52:09.582 [main] DEBUG org.apache.http.headers -- http-outgoing-13 >> GET /json HTTP/1.1
12:52:09.582 [main] DEBUG org.apache.http.headers -- http-outgoing-13 >> Host: localhost:54048
12:52:09.582 [main] DEBUG org.apache.http.headers -- http-outgoing-13 >> Connection: Keep-Alive
12:52:09.582 [main] DEBUG org.apache.http.headers -- http-outgoing-13 >> User-Agent: Apache-HttpClient/4.5.14 (Java/17.0.11)
12:52:09.582 [main] DEBUG org.apache.http.headers -- http-outgoing-13 >> Accept-Encoding: gzip,deflate
12:52:09.582 [main] DEBUG org.apache.http.wire -- http-outgoing-13 >> "GET /json HTTP/1.1[\r][\n]"
12:52:09.582 [main] DEBUG org.apache.http.wire -- http-outgoing-13 >> "Host: localhost:54048[\r][\n]"
12:52:09.582 [main] DEBUG org.apache.http.wire -- http-outgoing-13 >> "Connection: Keep-Alive[\r][\n]"
12:52:09.582 [main] DEBUG org.apache.http.wire -- http-outgoing-13 >> "User-Agent: Apache-HttpClient/4.5.14 (Java/17.0.11)[\r][\n]"
12:52:09.582 [main] DEBUG org.apache.http.wire -- http-outgoing-13 >> "Accept-Encoding: gzip,deflate[\r][\n]"
12:52:09.582 [main] DEBUG org.apache.http.wire -- http-outgoing-13 >> "[\r][\n]"
12:52:09.582 [main] DEBUG org.apache.http.wire -- http-outgoing-13 << "HTTP/1.1 200 OK[\r][\n]"
12:52:09.582 [main] DEBUG org.apache.http.wire -- http-outgoing-13 << "Content-Security-Policy:frame-ancestors 'none'[\r][\n]"
12:52:09.582 [main] DEBUG org.apache.http.wire -- http-outgoing-13 << "Content-Length:1273[\r][\n]"
12:52:09.582 [main] DEBUG org.apache.http.wire -- http-outgoing-13 << "Content-Type:application/json; charset=UTF-8[\r][\n]"
12:52:09.582 [main] DEBUG org.apache.http.wire -- http-outgoing-13 << "[\r][\n]"
12:52:09.582 [main] DEBUG org.apache.http.wire -- http-outgoing-13 << "[ {[\r][\n]"
12:52:09.582 [main] DEBUG org.apache.http.wire -- http-outgoing-13 << "   "description": "",[\r][\n]"
12:52:09.582 [main] DEBUG org.apache.http.wire -- http-outgoing-13 << "   "devtoolsFrontendUrl": "/devtools/inspector.html?ws=localhost:54048/devtools/page/57E61D0FEDAE84786E96EC5A79AEACF1",[\r][\n]"
12:52:09.582 [main] DEBUG org.apache.http.wire -- http-outgoing-13 << "   "id": "57E61D0FEDAE84786E96EC5A79AEACF1",[\r][\n]"
12:52:09.582 [main] DEBUG org.apache.http.wire -- http-outgoing-13 << "   "title": "Google Network Speech",[\r][\n]"
12:52:09.582 [main] DEBUG org.apache.http.wire -- http-outgoing-13 << "   "type": "background_page",[\r][\n]"
12:52:09.582 [main] DEBUG org.apache.http.wire -- http-outgoing-13 << "   "url": "chrome-extension://neajdppkdcdipfabeoofebfddakdcjhd/_generated_background_page.html",[\r][\n]"
12:52:09.582 [main] DEBUG org.apache.http.wire -- http-outgoing-13 << "   "webSocketDebuggerUrl": "ws://localhost:54048/devtools/page/57E61D0FEDAE84786E96EC5A79AEACF1"[\r][\n]"
12:52:09.582 [main] DEBUG org.apache.http.wire -- http-outgoing-13 << "}, {[\r][\n]"
12:52:09.582 [main] DEBUG org.apache.http.wire -- http-outgoing-13 << "   "description": "",[\r][\n]"
12:52:09.582 [main] DEBUG org.apache.http.wire -- http-outgoing-13 << "   "devtoolsFrontendUrl": "/devtools/inspector.html?ws=localhost:54048/devtools/page/A4E7CEF13103CB21BFD2D3E7FE3894C3",[\r][\n]"
12:52:09.582 [main] DEBUG org.apache.http.wire -- http-outgoing-13 << "   "id": "A4E7CEF13103CB21BFD2D3E7FE3894C3",[\r][\n]"
12:52:09.582 [main] DEBUG org.apache.http.wire -- http-outgoing-13 << "   "title": "Google Hangouts",[\r][\n]"
12:52:09.582 [main] DEBUG org.apache.http.wire -- http-outgoing-13 << "   "type": "background_page",[\r][\n]"
12:52:09.582 [main] DEBUG org.apache.http.wire -- http-outgoing-13 << "   "url": "chrome-extension://nkeimhogjdpnpccoofpliimaahmaaome/background.html",[\r][\n]"
12:52:09.582 [main] DEBUG org.apache.http.wire -- http-outgoing-13 << "   "webSocketDebuggerUrl": "ws://localhost:54048/devtools/page/A4E7CEF13103CB21BFD2D3E7FE3894C3"[\r][\n]"
12:52:09.582 [main] DEBUG org.apache.http.wire -- http-outgoing-13 << "}, {[\r][\n]"
12:52:09.582 [main] DEBUG org.apache.http.wire -- http-outgoing-13 << "   "description": "",[\r][\n]"
12:52:09.582 [main] DEBUG org.apache.http.wire -- http-outgoing-13 << "   "devtoolsFrontendUrl": "/devtools/inspector.html?ws=localhost:54048/devtools/page/A3B9B1552DDF6E9BA638E70E40A0DA65",[\r][\n]"
12:52:09.582 [main] DEBUG org.apache.http.wire -- http-outgoing-13 << "   "id": "A3B9B1552DDF6E9BA638E70E40A0DA65",[\r][\n]"
12:52:09.582 [main] DEBUG org.apache.http.wire -- http-outgoing-13 << "   "title": "New Tab",[\r][\n]"
12:52:09.582 [main] DEBUG org.apache.http.wire -- http-outgoing-13 << "   "type": "page",[\r][\n]"
12:52:09.582 [main] DEBUG org.apache.http.wire -- http-outgoing-13 << "   "url": "chrome://newtab/",[\r][\n]"
12:52:09.582 [main] DEBUG org.apache.http.wire -- http-outgoing-13 << "   "webSocketDebuggerUrl": "ws://localhost:54048/devtools/page/A3B9B1552DDF6E9BA638E70E40A0DA65"[\r][\n]"
12:52:09.582 [main] DEBUG org.apache.http.wire -- http-outgoing-13 << "} ][\r][\n]"
12:52:09.582 [main] DEBUG org.apache.http.headers -- http-outgoing-13 << HTTP/1.1 200 OK
12:52:09.582 [main] DEBUG org.apache.http.headers -- http-outgoing-13 << Content-Security-Policy:frame-ancestors 'none'
12:52:09.582 [main] DEBUG org.apache.http.headers -- http-outgoing-13 << Content-Length:1273
12:52:09.582 [main] DEBUG org.apache.http.headers -- http-outgoing-13 << Content-Type:application/json; charset=UTF-8
12:52:09.582 [main] DEBUG org.apache.http.impl.execchain.MainClientExec -- Connection can be kept alive indefinitely
12:52:09.582 [main] DEBUG org.apache.http.impl.conn.PoolingHttpClientConnectionManager -- Connection [id: 13][route: {}->http://localhost:54048] can be kept alive indefinitely
12:52:09.582 [main] DEBUG org.apache.http.impl.conn.DefaultManagedHttpClientConnection -- http-outgoing-13: set socket timeout to 0
12:52:09.582 [main] DEBUG org.apache.http.impl.conn.PoolingHttpClientConnectionManager -- Connection released: [id: 13][route: {}->http://localhost:54048][total available: 1; route allocated: 1 of 5; total allocated: 1 of 10]
12:52:09.582 [main] DEBUG org.apache.http.impl.conn.PoolingHttpClientConnectionManager -- Connection manager is shutting down
12:52:09.582 [main] DEBUG org.apache.http.impl.conn.DefaultManagedHttpClientConnection -- http-outgoing-13: Close connection
12:52:09.582 [main] DEBUG org.apache.http.impl.conn.PoolingHttpClientConnectionManager -- Connection manager shut down
12:52:09.582 [main] DEBUG com.intuit.karate -- response time in milliseconds: 0
1 < 200
1 < Content-Security-Policy: frame-ancestors 'none'
1 < Content-Length: 1273
1 < Content-Type: application/json; charset=UTF-8
[ {
   "description": "",
   "devtoolsFrontendUrl": "/devtools/inspector.html?ws=localhost:54048/devtools/page/57E61D0FEDAE84786E96EC5A79AEACF1",
   "id": "57E61D0FEDAE84786E96EC5A79AEACF1",
   "title": "Google Network Speech",
   "type": "background_page",
   "url": "chrome-extension://neajdppkdcdipfabeoofebfddakdcjhd/_generated_background_page.html",
   "webSocketDebuggerUrl": "ws://localhost:54048/devtools/page/57E61D0FEDAE84786E96EC5A79AEACF1"
}, {
   "description": "",
   "devtoolsFrontendUrl": "/devtools/inspector.html?ws=localhost:54048/devtools/page/A4E7CEF13103CB21BFD2D3E7FE3894C3",
   "id": "A4E7CEF13103CB21BFD2D3E7FE3894C3",
   "title": "Google Hangouts",
   "type": "background_page",
   "url": "chrome-extension://nkeimhogjdpnpccoofpliimaahmaaome/background.html",
   "webSocketDebuggerUrl": "ws://localhost:54048/devtools/page/A4E7CEF13103CB21BFD2D3E7FE3894C3"
}, {
   "description": "",
   "devtoolsFrontendUrl": "/devtools/inspector.html?ws=localhost:54048/devtools/page/A3B9B1552DDF6E9BA638E70E40A0DA65",
   "id": "A3B9B1552DDF6E9BA638E70E40A0DA65",
   "title": "New Tab",
   "type": "page",
   "url": "chrome://newtab/",
   "webSocketDebuggerUrl": "ws://localhost:54048/devtools/page/A3B9B1552DDF6E9BA638E70E40A0DA65"
} ]


12:52:09.582 [main] DEBUG com.jayway.jsonpath.internal.path.CompiledPath -- Evaluating path: $
12:52:09.582 [main] DEBUG com.jayway.jsonpath.internal.path.CompiledPath -- Evaluating path: $
12:52:09.582 [main] DEBUG com.intuit.karate.driver.chrome_1718781728853 -- root frame id: A3B9B1552DDF6E9BA638E70E40A0DA65
12:52:09.670 [nioEventLoopGroup-8-1] DEBUG io.netty.handler.codec.http.websocketx.WebSocketClientHandshaker13 -- WebSocket version 13 client handshake key: i3at6S5pe5An2gQnVtX4JA==, expected response: aM9iwpKy6NJKPDgrM9vHo1IsCzU=
12:52:09.670 [nioEventLoopGroup-8-1] DEBUG com.intuit.karate.http.WebSocketClientHandler -- websocket client connected
12:52:09.670 [main] DEBUG com.jayway.jsonpath.internal.path.CompiledPath -- Evaluating path: $['targetId']
12:52:09.670 [main] DEBUG com.jayway.jsonpath.internal.path.CompiledPath -- Evaluating path: $
12:52:09.670 [main] DEBUG com.jayway.jsonpath.internal.path.CompiledPath -- Evaluating path: $
12:52:09.670 [main] DEBUG com.jayway.jsonpath.internal.JsonContext -- Put path $ key targetId value {}
12:52:09.670 [main] DEBUG com.jayway.jsonpath.internal.path.CompiledPath -- Evaluating path: $
12:52:09.670 [main] DEBUG com.jayway.jsonpath.internal.JsonContext -- Put path $ key targetId value A3B9B1552DDF6E9BA638E70E40A0DA65
12:52:09.670 [main] DEBUG com.jayway.jsonpath.internal.path.CompiledPath -- Evaluating path: $['flatten']
12:52:09.670 [main] DEBUG com.jayway.jsonpath.internal.path.CompiledPath -- Evaluating path: $
12:52:09.670 [main] DEBUG com.jayway.jsonpath.internal.path.CompiledPath -- Evaluating path: $
12:52:09.670 [main] DEBUG com.jayway.jsonpath.internal.JsonContext -- Put path $ key flatten value {}
12:52:09.670 [main] DEBUG com.jayway.jsonpath.internal.path.CompiledPath -- Evaluating path: $
12:52:09.670 [main] DEBUG com.jayway.jsonpath.internal.JsonContext -- Put path $ key flatten value true
12:52:09.670 [main] DEBUG com.jayway.jsonpath.internal.path.CompiledPath -- Evaluating path: $
12:52:09.670 [main] DEBUG com.intuit.karate.driver.chrome_1718781728853 -- >> {"id":1,"method":"Target.attachToTarget","params":{"targetId":"A3B9B1552DDF6E9BA638E70E40A0DA65","flatten":true}}
12:52:09.677 [nioEventLoopGroup-8-1] DEBUG com.intuit.karate.driver.chrome_1718781728853 -- << {"method":"Target.attachedToTarget","params":{"sessionId":"801071A49DF559297546371E5BEA9469","targetInfo":{"targetId":"A3B9B1552DDF6E9BA638E70E40A0DA65","type":"page","title":"New Tab","url":"chrome://newtab/","attached":true,"canAccessOpener":false,"browserContextId":"3FA46D193D348FA7BFA95E4974B3FACE"},"waitingForDebugger":false}}
12:52:09.677 [nioEventLoopGroup-8-1] DEBUG com.jayway.jsonpath.internal.path.CompiledPath -- Evaluating path: $
12:52:09.677 [nioEventLoopGroup-8-1] DEBUG com.jayway.jsonpath.internal.path.CompiledPath -- Evaluating path: $['targetInfo']['type']
12:52:09.677 [nioEventLoopGroup-8-1] DEBUG com.intuit.karate.driver.chrome_1718781728853 -- << {"id":1,"result":{"sessionId":"801071A49DF559297546371E5BEA9469"}}
12:52:09.677 [nioEventLoopGroup-8-1] DEBUG com.jayway.jsonpath.internal.path.CompiledPath -- Evaluating path: $
12:52:09.677 [main] DEBUG com.jayway.jsonpath.internal.path.CompiledPath -- Evaluating path: $['sessionId']
12:52:09.677 [main] DEBUG com.jayway.jsonpath.internal.path.CompiledPath -- Evaluating path: $['targetId']
12:52:09.677 [main] DEBUG com.jayway.jsonpath.internal.path.CompiledPath -- Evaluating path: $
12:52:09.677 [main] DEBUG com.jayway.jsonpath.internal.path.CompiledPath -- Evaluating path: $
12:52:09.677 [main] DEBUG com.jayway.jsonpath.internal.JsonContext -- Put path $ key targetId value {}
12:52:09.677 [main] DEBUG com.jayway.jsonpath.internal.path.CompiledPath -- Evaluating path: $
12:52:09.677 [main] DEBUG com.jayway.jsonpath.internal.JsonContext -- Put path $ key targetId value A3B9B1552DDF6E9BA638E70E40A0DA65
12:52:09.677 [main] DEBUG com.jayway.jsonpath.internal.path.CompiledPath -- Evaluating path: $
12:52:09.677 [main] DEBUG com.intuit.karate.driver.chrome_1718781728853 -- >> {"id":2,"sessionId":"801071A49DF559297546371E5BEA9469","method":"Target.activateTarget","params":{"targetId":"A3B9B1552DDF6E9BA638E70E40A0DA65"}}
12:52:09.680 [nioEventLoopGroup-8-1] DEBUG com.intuit.karate.driver.chrome_1718781728853 -- << {"id":2,"result":{},"sessionId":"801071A49DF559297546371E5BEA9469"}
12:52:09.680 [nioEventLoopGroup-8-1] DEBUG com.jayway.jsonpath.internal.path.CompiledPath -- Evaluating path: $
12:52:09.680 [main] DEBUG com.jayway.jsonpath.internal.path.CompiledPath -- Evaluating path: $['discover']
12:52:09.680 [main] DEBUG com.jayway.jsonpath.internal.path.CompiledPath -- Evaluating path: $
12:52:09.680 [main] DEBUG com.jayway.jsonpath.internal.path.CompiledPath -- Evaluating path: $
12:52:09.680 [main] DEBUG com.jayway.jsonpath.internal.JsonContext -- Put path $ key discover value {}
12:52:09.680 [main] DEBUG com.jayway.jsonpath.internal.path.CompiledPath -- Evaluating path: $
12:52:09.680 [main] DEBUG com.jayway.jsonpath.internal.JsonContext -- Put path $ key discover value true
12:52:09.680 [main] DEBUG com.jayway.jsonpath.internal.path.CompiledPath -- Evaluating path: $
12:52:09.680 [main] DEBUG com.intuit.karate.driver.chrome_1718781728853 -- >> {"id":3,"sessionId":"801071A49DF559297546371E5BEA9469","method":"Target.setDiscoverTargets","params":{"discover":true}}
12:52:09.680 [nioEventLoopGroup-8-1] DEBUG com.intuit.karate.driver.chrome_1718781728853 -- << {"method":"Target.targetCreated","params":{"targetInfo":{"targetId":"57E61D0FEDAE84786E96EC5A79AEACF1","type":"background_page","title":"Google Network Speech","url":"chrome-extension://neajdppkdcdipfabeoofebfddakdcjhd/_generated_background_page.html","attached":false,"canAccessOpener":false,"browserContextId":"3FA46D193D348FA7BFA95E4974B3FACE"}},"sessionId":"801071A49DF559297546371E5BEA9469"}
12:52:09.680 [nioEventLoopGroup-8-1] DEBUG com.jayway.jsonpath.internal.path.CompiledPath -- Evaluating path: $
12:52:09.680 [nioEventLoopGroup-8-1] DEBUG com.intuit.karate.driver.chrome_1718781728853 -- << {"method":"Target.targetCreated","params":{"targetInfo":{"targetId":"A3B9B1552DDF6E9BA638E70E40A0DA65","type":"page","title":"New Tab","url":"chrome://newtab/","attached":true,"canAccessOpener":false,"browserContextId":"3FA46D193D348FA7BFA95E4974B3FACE"}},"sessionId":"801071A49DF559297546371E5BEA9469"}
12:52:09.680 [nioEventLoopGroup-8-1] DEBUG com.jayway.jsonpath.internal.path.CompiledPath -- Evaluating path: $
12:52:09.680 [nioEventLoopGroup-8-1] DEBUG com.intuit.karate.driver.chrome_1718781728853 -- << {"method":"Target.targetCreated","params":{"targetInfo":{"targetId":"A4E7CEF13103CB21BFD2D3E7FE3894C3","type":"background_page","title":"Google Hangouts","url":"chrome-extension://nkeimhogjdpnpccoofpliimaahmaaome/background.html","attached":false,"canAccessOpener":false,"browserContextId":"3FA46D193D348FA7BFA95E4974B3FACE"}},"sessionId":"801071A49DF559297546371E5BEA9469"}
12:52:09.680 [nioEventLoopGroup-8-1] DEBUG com.jayway.jsonpath.internal.path.CompiledPath -- Evaluating path: $
12:52:09.680 [nioEventLoopGroup-8-1] DEBUG com.intuit.karate.driver.chrome_1718781728853 -- << {"id":3,"result":{},"sessionId":"801071A49DF559297546371E5BEA9469"}
12:52:09.680 [nioEventLoopGroup-8-1] DEBUG com.jayway.jsonpath.internal.path.CompiledPath -- Evaluating path: $
12:52:09.683 [main] DEBUG com.intuit.karate.driver.chrome_1718781728853 -- >> {"id":4,"sessionId":"801071A49DF559297546371E5BEA9469","method":"Page.enable"}
12:52:09.685 [nioEventLoopGroup-8-1] DEBUG com.intuit.karate.driver.chrome_1718781728853 -- << {"method":"Target.targetInfoChanged","params":{"targetInfo":{"targetId":"57E61D0FEDAE84786E96EC5A79AEACF1","type":"background_page","title":"Google Network Speech","url":"chrome-extension://neajdppkdcdipfabeoofebfddakdcjhd/_generated_background_page.html","attached":false,"canAccessOpener":false,"browserContextId":"3FA46D193D348FA7BFA95E4974B3FACE"}},"sessionId":"801071A49DF559297546371E5BEA9469"}
12:52:09.685 [nioEventLoopGroup-8-1] DEBUG com.jayway.jsonpath.internal.path.CompiledPath -- Evaluating path: $
12:52:09.685 [nioEventLoopGroup-8-1] DEBUG com.jayway.jsonpath.internal.path.CompiledPath -- Evaluating path: $['targetInfo']['targetId']
12:52:09.700 [nioEventLoopGroup-8-1] DEBUG com.intuit.karate.driver.chrome_1718781728853 -- << {"id":4,"result":{},"sessionId":"801071A49DF559297546371E5BEA9469"}
12:52:09.700 [nioEventLoopGroup-8-1] DEBUG com.jayway.jsonpath.internal.path.CompiledPath -- Evaluating path: $
12:52:09.700 [main] DEBUG com.intuit.karate.driver.chrome_1718781728853 -- >> {"id":5,"sessionId":"801071A49DF559297546371E5BEA9469","method":"Runtime.enable"}
12:52:09.718 [nioEventLoopGroup-8-1] DEBUG com.intuit.karate.driver.chrome_1718781728853 -- << {"method":"Runtime.executionContextCreated","params":{"context":{"id":2,"origin":"chrome://new-tab-page","name":"","uniqueId":"-4392675143225677833.-823437110396371169","auxData":{"isDefault":true,"type":"default","frameId":"816E00987ED62F9011EDEC52FB8D3579"}}},"sessionId":"801071A49DF559297546371E5BEA9469"}
12:52:09.718 [nioEventLoopGroup-8-1] DEBUG com.jayway.jsonpath.internal.path.CompiledPath -- Evaluating path: $
12:52:09.718 [nioEventLoopGroup-8-1] DEBUG com.jayway.jsonpath.internal.path.CompiledPath -- Evaluating path: $['context']['auxData']['frameId']
12:52:09.718 [nioEventLoopGroup-8-1] DEBUG com.jayway.jsonpath.internal.path.CompiledPath -- Evaluating path: $['context']['id']
12:52:09.718 [nioEventLoopGroup-8-1] DEBUG com.intuit.karate.driver.chrome_1718781728853 -- << {"method":"Runtime.executionContextCreated","params":{"context":{"id":1,"origin":"chrome://new-tab-page","name":"","uniqueId":"6584406614124559849.3839290188030813265","auxData":{"isDefault":true,"type":"default","frameId":"A3B9B1552DDF6E9BA638E70E40A0DA65"}}},"sessionId":"801071A49DF559297546371E5BEA9469"}
12:52:09.718 [nioEventLoopGroup-8-1] DEBUG com.jayway.jsonpath.internal.path.CompiledPath -- Evaluating path: $
12:52:09.718 [nioEventLoopGroup-8-1] DEBUG com.jayway.jsonpath.internal.path.CompiledPath -- Evaluating path: $['context']['auxData']['frameId']
12:52:09.718 [nioEventLoopGroup-8-1] DEBUG com.jayway.jsonpath.internal.path.CompiledPath -- Evaluating path: $['context']['id']
12:52:09.718 [nioEventLoopGroup-8-1] DEBUG com.intuit.karate.driver.chrome_1718781728853 -- << {"id":5,"result":{},"sessionId":"801071A49DF559297546371E5BEA9469"}
12:52:09.718 [nioEventLoopGroup-8-1] DEBUG com.jayway.jsonpath.internal.path.CompiledPath -- Evaluating path: $
12:52:09.718 [main] DEBUG com.jayway.jsonpath.internal.path.CompiledPath -- Evaluating path: $['targetId']
12:52:09.718 [main] DEBUG com.jayway.jsonpath.internal.path.CompiledPath -- Evaluating path: $
12:52:09.718 [main] DEBUG com.jayway.jsonpath.internal.path.CompiledPath -- Evaluating path: $
12:52:09.718 [main] DEBUG com.jayway.jsonpath.internal.JsonContext -- Put path $ key targetId value {}
12:52:09.718 [main] DEBUG com.jayway.jsonpath.internal.path.CompiledPath -- Evaluating path: $
12:52:09.718 [main] DEBUG com.jayway.jsonpath.internal.JsonContext -- Put path $ key targetId value A3B9B1552DDF6E9BA638E70E40A0DA65
12:52:09.718 [main] DEBUG com.jayway.jsonpath.internal.path.CompiledPath -- Evaluating path: $
12:52:09.718 [main] DEBUG com.intuit.karate.driver.chrome_1718781728853 -- >> {"id":6,"sessionId":"801071A49DF559297546371E5BEA9469","method":"Browser.getWindowForTarget","params":{"targetId":"A3B9B1552DDF6E9BA638E70E40A0DA65"}}
12:52:09.718 [nioEventLoopGroup-8-1] DEBUG com.intuit.karate.driver.chrome_1718781728853 -- << {"id":6,"result":{"windowId":977321783,"bounds":{"left":10,"top":10,"width":1050,"height":652,"windowState":"normal"}},"sessionId":"801071A49DF559297546371E5BEA9469"}
12:52:09.718 [nioEventLoopGroup-8-1] DEBUG com.jayway.jsonpath.internal.path.CompiledPath -- Evaluating path: $
12:52:09.734 [main] DEBUG com.jayway.jsonpath.internal.path.CompiledPath -- Evaluating path: $['url']
12:52:09.734 [main] DEBUG com.jayway.jsonpath.internal.path.CompiledPath -- Evaluating path: $
12:52:09.734 [main] DEBUG com.jayway.jsonpath.internal.path.CompiledPath -- Evaluating path: $
12:52:09.734 [main] DEBUG com.jayway.jsonpath.internal.JsonContext -- Put path $ key url value {}
12:52:09.734 [main] DEBUG com.jayway.jsonpath.internal.path.CompiledPath -- Evaluating path: $
12:52:09.734 [main] DEBUG com.jayway.jsonpath.internal.JsonContext -- Put path $ key url value https://www.saucedemo.com/
12:52:09.734 [main] DEBUG com.jayway.jsonpath.internal.path.CompiledPath -- Evaluating path: $
12:52:09.734 [main] DEBUG com.intuit.karate.driver.chrome_1718781728853 -- >> {"id":7,"sessionId":"801071A49DF559297546371E5BEA9469","method":"Page.navigate","params":{"url":"https:\/\/www.saucedemo.com\/"}}
12:52:09.734 [nioEventLoopGroup-8-1] DEBUG com.intuit.karate.driver.chrome_1718781728853 -- << {"method":"Page.frameStartedLoading","params":{"frameId":"A3B9B1552DDF6E9BA638E70E40A0DA65"},"sessionId":"801071A49DF559297546371E5BEA9469"}
12:52:09.734 [nioEventLoopGroup-8-1] DEBUG com.jayway.jsonpath.internal.path.CompiledPath -- Evaluating path: $
12:52:09.734 [nioEventLoopGroup-8-1] DEBUG com.jayway.jsonpath.internal.path.CompiledPath -- Evaluating path: $['frameId']
12:52:09.806 [nioEventLoopGroup-8-1] DEBUG com.intuit.karate.driver.chrome_1718781728853 -- << {"method":"Page.domContentEventFired","params":{"timestamp":52808.318687},"sessionId":"801071A49DF559297546371E5BEA9469"}
12:52:09.806 [nioEventLoopGroup-8-1] DEBUG com.jayway.jsonpath.internal.path.CompiledPath -- Evaluating path: $
12:52:09.813 [main] DEBUG com.jayway.jsonpath.internal.path.CompiledPath -- Evaluating path: $['expression']
12:52:09.813 [main] DEBUG com.jayway.jsonpath.internal.path.CompiledPath -- Evaluating path: $
12:52:09.813 [main] DEBUG com.jayway.jsonpath.internal.path.CompiledPath -- Evaluating path: $
12:52:09.813 [main] DEBUG com.jayway.jsonpath.internal.JsonContext -- Put path $ key expression value {}
12:52:09.813 [main] DEBUG com.jayway.jsonpath.internal.path.CompiledPath -- Evaluating path: $
12:52:09.813 [main] DEBUG com.jayway.jsonpath.internal.JsonContext -- Put path $ key expression value var e = document.evaluate("//*[@id='user-name']", document, null, 9, null).singleNodeValue; e.focus(); try { e.selectionStart = e.selectionEnd = e.value.length } catch(x) {}
12:52:09.813 [main] DEBUG com.jayway.jsonpath.internal.path.CompiledPath -- Evaluating path: $['returnByValue']
12:52:09.813 [main] DEBUG com.jayway.jsonpath.internal.path.CompiledPath -- Evaluating path: $
12:52:09.813 [main] DEBUG com.jayway.jsonpath.internal.path.CompiledPath -- Evaluating path: $
12:52:09.813 [main] DEBUG com.jayway.jsonpath.internal.JsonContext -- Put path $ key returnByValue value {}
12:52:09.813 [main] DEBUG com.jayway.jsonpath.internal.path.CompiledPath -- Evaluating path: $
12:52:09.813 [main] DEBUG com.jayway.jsonpath.internal.JsonContext -- Put path $ key returnByValue value true
12:52:09.813 [main] DEBUG com.jayway.jsonpath.internal.path.CompiledPath -- Evaluating path: $
12:52:09.813 [main] DEBUG com.intuit.karate.driver.chrome_1718781728853 -- >> {"id":8,"sessionId":"801071A49DF559297546371E5BEA9469","method":"Runtime.evaluate","params":{"expression":"var e = document.evaluate(\"\/\/*[@id='user-name']\", document, null, 9, null).singleNodeValue; e.focus(); try { e.selectionStart = e.selectionEnd = e.value.length } catch(x) {}","returnByValue":true}}
12:52:09.822 [nioEventLoopGroup-8-1] DEBUG com.intuit.karate.driver.chrome_1718781728853 -- << {"method":"Page.loadEventFired","params":{"timestamp":52808.338362},"sessionId":"801071A49DF559297546371E5BEA9469"}
12:52:09.822 [nioEventLoopGroup-8-1] DEBUG com.jayway.jsonpath.internal.path.CompiledPath -- Evaluating path: $
12:52:09.822 [nioEventLoopGroup-8-1] DEBUG com.intuit.karate.driver.chrome_1718781728853 -- << {"method":"Page.frameStartedLoading","params":{"frameId":"A3B9B1552DDF6E9BA638E70E40A0DA65"},"sessionId":"801071A49DF559297546371E5BEA9469"}
12:52:09.822 [nioEventLoopGroup-8-1] DEBUG com.jayway.jsonpath.internal.path.CompiledPath -- Evaluating path: $
12:52:09.822 [nioEventLoopGroup-8-1] DEBUG com.jayway.jsonpath.internal.path.CompiledPath -- Evaluating path: $['frameId']
12:52:09.846 [nioEventLoopGroup-8-1] DEBUG com.intuit.karate.driver.chrome_1718781728853 -- << {"method":"Page.frameAttached","params":{"frameId":"B116F60C876D95AC80801BBF80DACC41","parentFrameId":"A3B9B1552DDF6E9BA638E70E40A0DA65","stack":{"callFrames":[{"functionName":"__createAndInsertInstance","scriptId":"12","url":"chrome://resources/polymer/v3_0/polymer/polymer_bundled.min.js","lineNumber":0,"columnNumber":63594},{"functionName":"__ensureInstance","scriptId":"12","url":"chrome://resources/polymer/v3_0/polymer/polymer_bundled.min.js","lineNumber":0,"columnNumber":62645},{"functionName":"__render","scriptId":"12","url":"chrome://resources/polymer/v3_0/polymer/polymer_bundled.min.js","lineNumber":0,"columnNumber":62729},{"functionName":"","scriptId":"12","url":"chrome://resources/polymer/v3_0/polymer/polymer_bundled.min.js","lineNumber":0,"columnNumber":61709},{"functionName":"","scriptId":"12","url":"chrome://resources/polymer/v3_0/polymer/polymer_bundled.min.js","lineNumber":0,"columnNumber":1381},{"functionName":"","scriptId":"12","url":"chrome://resources/polymer/v3_0/polymer/polymer_bundled.min ...
12:52:09.846 [nioEventLoopGroup-8-1] DEBUG com.jayway.jsonpath.internal.path.CompiledPath -- Evaluating path: $
12:52:09.853 [nioEventLoopGroup-8-1] DEBUG com.intuit.karate.driver.chrome_1718781728853 -- << {"method":"Page.frameStartedLoading","params":{"frameId":"B116F60C876D95AC80801BBF80DACC41"},"sessionId":"801071A49DF559297546371E5BEA9469"}
12:52:09.853 [nioEventLoopGroup-8-1] DEBUG com.jayway.jsonpath.internal.path.CompiledPath -- Evaluating path: $
12:52:09.853 [nioEventLoopGroup-8-1] DEBUG com.jayway.jsonpath.internal.path.CompiledPath -- Evaluating path: $['frameId']
12:52:09.925 [nioEventLoopGroup-8-1] DEBUG com.intuit.karate.driver.chrome_1718781728853 -- << {"id":7,"result":{"frameId":"A3B9B1552DDF6E9BA638E70E40A0DA65","loaderId":"CDBD55E714CB5AB38D8F388453690410"},"sessionId":"801071A49DF559297546371E5BEA9469"}
12:52:09.925 [nioEventLoopGroup-8-1] DEBUG com.jayway.jsonpath.internal.path.CompiledPath -- Evaluating path: $
12:52:09.925 [nioEventLoopGroup-8-1] DEBUG com.intuit.karate.driver.chrome_1718781728853 -- << {"method":"Runtime.executionContextsCleared","params":{},"sessionId":"801071A49DF559297546371E5BEA9469"}
12:52:09.925 [nioEventLoopGroup-8-1] DEBUG com.jayway.jsonpath.internal.path.CompiledPath -- Evaluating path: $
12:52:09.940 [nioEventLoopGroup-8-1] DEBUG com.intuit.karate.driver.chrome_1718781728853 -- << {"method":"Page.frameStoppedLoading","params":{"frameId":"B116F60C876D95AC80801BBF80DACC41"},"sessionId":"801071A49DF559297546371E5BEA9469"}
12:52:09.940 [nioEventLoopGroup-8-1] DEBUG com.jayway.jsonpath.internal.path.CompiledPath -- Evaluating path: $
12:52:09.940 [nioEventLoopGroup-8-1] DEBUG com.jayway.jsonpath.internal.path.CompiledPath -- Evaluating path: $['frameId']
12:52:09.940 [nioEventLoopGroup-8-1] DEBUG com.intuit.karate.driver.chrome_1718781728853 -- << {"method":"Target.targetInfoChanged","params":{"targetInfo":{"targetId":"A3B9B1552DDF6E9BA638E70E40A0DA65","type":"page","title":"saucedemo.com","url":"https://www.saucedemo.com/","attached":true,"canAccessOpener":false,"browserContextId":"3FA46D193D348FA7BFA95E4974B3FACE"}},"sessionId":"801071A49DF559297546371E5BEA9469"}
12:52:09.940 [nioEventLoopGroup-8-1] DEBUG com.jayway.jsonpath.internal.path.CompiledPath -- Evaluating path: $
12:52:09.940 [nioEventLoopGroup-8-1] DEBUG com.jayway.jsonpath.internal.path.CompiledPath -- Evaluating path: $['targetInfo']['targetId']
12:52:09.956 [nioEventLoopGroup-8-1] DEBUG com.intuit.karate.driver.chrome_1718781728853 -- << {"method":"Runtime.executionContextsCleared","params":{},"sessionId":"801071A49DF559297546371E5BEA9469"}
12:52:09.956 [nioEventLoopGroup-8-1] DEBUG com.jayway.jsonpath.internal.path.CompiledPath -- Evaluating path: $
12:52:09.956 [nioEventLoopGroup-8-1] DEBUG com.intuit.karate.driver.chrome_1718781728853 -- << {"method":"Page.frameNavigated","params":{"frame":{"id":"A3B9B1552DDF6E9BA638E70E40A0DA65","loaderId":"CDBD55E714CB5AB38D8F388453690410","url":"https://www.saucedemo.com/","domainAndRegistry":"saucedemo.com","securityOrigin":"https://www.saucedemo.com","mimeType":"text/html","adFrameStatus":{"adFrameType":"none"},"secureContextType":"Secure","crossOriginIsolatedContextType":"NotIsolated","gatedAPIFeatures":[]},"type":"Navigation"},"sessionId":"801071A49DF559297546371E5BEA9469"}
12:52:09.956 [nioEventLoopGroup-8-1] DEBUG com.jayway.jsonpath.internal.path.CompiledPath -- Evaluating path: $
12:52:09.956 [nioEventLoopGroup-8-1] DEBUG com.jayway.jsonpath.internal.path.CompiledPath -- Evaluating path: $['frame']['id']
12:52:09.956 [nioEventLoopGroup-8-1] DEBUG com.jayway.jsonpath.internal.path.CompiledPath -- Evaluating path: $['frame']['url']
12:52:09.956 [nioEventLoopGroup-8-1] DEBUG com.jayway.jsonpath.internal.path.CompiledPath -- Evaluating path: $['frame']['name']
12:52:09.956 [nioEventLoopGroup-8-1] DEBUG com.intuit.karate.driver.chrome_1718781728853 -- << {"method":"Runtime.executionContextCreated","params":{"context":{"id":1,"origin":"https://www.saucedemo.com","name":"","uniqueId":"4138146432835978032.7719088183112084153","auxData":{"isDefault":true,"type":"default","frameId":"A3B9B1552DDF6E9BA638E70E40A0DA65"}}},"sessionId":"801071A49DF559297546371E5BEA9469"}
12:52:09.956 [nioEventLoopGroup-8-1] DEBUG com.jayway.jsonpath.internal.path.CompiledPath -- Evaluating path: $
12:52:09.956 [nioEventLoopGroup-8-1] DEBUG com.jayway.jsonpath.internal.path.CompiledPath -- Evaluating path: $['context']['auxData']['frameId']
12:52:09.956 [nioEventLoopGroup-8-1] DEBUG com.jayway.jsonpath.internal.path.CompiledPath -- Evaluating path: $['context']['id']
12:52:10.019 [nioEventLoopGroup-8-1] DEBUG com.intuit.karate.driver.chrome_1718781728853 -- << {"id":8,"result":{"result":{"type":"object","subtype":"error","className":"TypeError","description":"TypeError: Cannot read properties of null (reading 'focus')\n    at <anonymous>:1:95","objectId":"2773776027327086816.1.1"},"exceptionDetails":{"exceptionId":1,"text":"Uncaught","lineNumber":0,"columnNumber":94,"scriptId":"6","stackTrace":{"callFrames":[{"functionName":"","scriptId":"6","url":"","lineNumber":0,"columnNumber":94}]},"exception":{"type":"object","subtype":"error","className":"TypeError","description":"TypeError: Cannot read properties of null (reading 'focus')\n    at <anonymous>:1:95","objectId":"2773776027327086816.1.2"}}},"sessionId":"801071A49DF559297546371E5BEA9469"}
12:52:10.019 [nioEventLoopGroup-8-1] DEBUG com.jayway.jsonpath.internal.path.CompiledPath -- Evaluating path: $
12:52:10.019 [nioEventLoopGroup-8-1] WARN com.intuit.karate.driver.chrome_1718781728853 -- devtools error: [id: 8, sessionId: 801071A49DF559297546371E5BEA9469, result: [type: MAP, value: {type=object, subtype=error, className=TypeError, description=TypeError: Cannot read properties of null (reading 'focus')
    at <anonymous>:1:95, objectId=2773776027327086816.1.1}]]
12:52:10.019 [main] WARN com.intuit.karate.driver.chrome_1718781728853 -- js eval failed once:var e = document.evaluate("//*[@id='user-name']", document, null, 9, null).singleNodeValue; e.focus(); try { e.selectionStart = e.selectionEnd = e.value.length } catch(x) {}, error: [type: MAP, value: {type=object, subtype=error, className=TypeError, description=TypeError: Cannot read properties of null (reading 'focus')
    at <anonymous>:1:95, objectId=2773776027327086816.1.1}]
12:52:10.329 [nioEventLoopGroup-8-1] DEBUG com.intuit.karate.driver.chrome_1718781728853 -- << {"method":"Page.domContentEventFired","params":{"timestamp":52808.840781},"sessionId":"801071A49DF559297546371E5BEA9469"}
12:52:10.331 [nioEventLoopGroup-8-1] DEBUG com.jayway.jsonpath.internal.path.CompiledPath -- Evaluating path: $
12:52:10.394 [nioEventLoopGroup-8-1] DEBUG com.intuit.karate.driver.chrome_1718781728853 -- << {"method":"Target.targetCreated","params":{"targetInfo":{"targetId":"E0886F406786F58B927D4AEF92CF04BD","type":"service_worker","title":"Service Worker https://www.saucedemo.com/service-worker.js","url":"https://www.saucedemo.com/service-worker.js","attached":false,"canAccessOpener":false,"browserContextId":"3FA46D193D348FA7BFA95E4974B3FACE"}},"sessionId":"801071A49DF559297546371E5BEA9469"}
12:52:10.394 [nioEventLoopGroup-8-1] DEBUG com.jayway.jsonpath.internal.path.CompiledPath -- Evaluating path: $
12:52:10.394 [nioEventLoopGroup-8-1] DEBUG com.intuit.karate.driver.chrome_1718781728853 -- << {"method":"Page.loadEventFired","params":{"timestamp":52808.90333},"sessionId":"801071A49DF559297546371E5BEA9469"}
12:52:10.394 [nioEventLoopGroup-8-1] DEBUG com.jayway.jsonpath.internal.path.CompiledPath -- Evaluating path: $
12:52:10.394 [nioEventLoopGroup-8-1] DEBUG com.intuit.karate.driver.chrome_1718781728853 -- << {"method":"Page.frameStoppedLoading","params":{"frameId":"A3B9B1552DDF6E9BA638E70E40A0DA65"},"sessionId":"801071A49DF559297546371E5BEA9469"}
12:52:10.394 [nioEventLoopGroup-8-1] DEBUG com.jayway.jsonpath.internal.path.CompiledPath -- Evaluating path: $
12:52:10.394 [nioEventLoopGroup-8-1] DEBUG com.jayway.jsonpath.internal.path.CompiledPath -- Evaluating path: $['frameId']
12:52:10.462 [nioEventLoopGroup-8-1] DEBUG com.intuit.karate.driver.chrome_1718781728853 -- << {"method":"Target.targetDestroyed","params":{"targetId":"E0886F406786F58B927D4AEF92CF04BD"},"sessionId":"801071A49DF559297546371E5BEA9469"}
12:52:10.462 [nioEventLoopGroup-8-1] DEBUG com.jayway.jsonpath.internal.path.CompiledPath -- Evaluating path: $
12:52:10.711 [nioEventLoopGroup-7-1] DEBUG io.netty.buffer.PoolThreadCache -- Freed 37 thread-local buffer(s) from thread: nioEventLoopGroup-7-1
12:52:10.736 [chrome_1718781712166] WARN com.intuit.karate.shell.Command -- exit code was non-zero: 1 - [C:\Program Files\Google\Chrome\Application\chrome.exe, --remote-debugging-port=54007, --remote-allow-origins=*, --no-first-run, --user-data-dir=C:\Users\HarshvardhanNigaveka\OneDrive - Academian India Private Limited\Desktop\GitHubActions\karateUI\UI_Automation_Project\target\chrome_1718781712166, --disable-popup-blocking] working dir: target\chrome_1718781712166
12:52:13.048 [main] DEBUG com.jayway.jsonpath.internal.path.CompiledPath -- Evaluating path: $['expression']
12:52:13.048 [main] DEBUG com.jayway.jsonpath.internal.path.CompiledPath -- Evaluating path: $
12:52:13.048 [main] DEBUG com.jayway.jsonpath.internal.path.CompiledPath -- Evaluating path: $
12:52:13.048 [main] DEBUG com.jayway.jsonpath.internal.JsonContext -- Put path $ key expression value {}
12:52:13.048 [main] DEBUG com.jayway.jsonpath.internal.path.CompiledPath -- Evaluating path: $
12:52:13.048 [main] DEBUG com.jayway.jsonpath.internal.JsonContext -- Put path $ key expression value var e = document.evaluate("//*[@id='user-name']", document, null, 9, null).singleNodeValue; e.focus(); try { e.selectionStart = e.selectionEnd = e.value.length } catch(x) {}
12:52:13.048 [main] DEBUG com.jayway.jsonpath.internal.path.CompiledPath -- Evaluating path: $['returnByValue']
12:52:13.048 [main] DEBUG com.jayway.jsonpath.internal.path.CompiledPath -- Evaluating path: $
12:52:13.048 [main] DEBUG com.jayway.jsonpath.internal.path.CompiledPath -- Evaluating path: $
12:52:13.048 [main] DEBUG com.jayway.jsonpath.internal.JsonContext -- Put path $ key returnByValue value {}
12:52:13.048 [main] DEBUG com.jayway.jsonpath.internal.path.CompiledPath -- Evaluating path: $
12:52:13.048 [main] DEBUG com.jayway.jsonpath.internal.JsonContext -- Put path $ key returnByValue value true
12:52:13.048 [main] DEBUG com.jayway.jsonpath.internal.path.CompiledPath -- Evaluating path: $
12:52:13.048 [main] DEBUG com.intuit.karate.driver.chrome_1718781728853 -- >> {"id":9,"sessionId":"801071A49DF559297546371E5BEA9469","method":"Runtime.evaluate","params":{"expression":"var e = document.evaluate(\"\/\/*[@id='user-name']\", document, null, 9, null).singleNodeValue; e.focus(); try { e.selectionStart = e.selectionEnd = e.value.length } catch(x) {}","returnByValue":true}}
12:52:13.049 [nioEventLoopGroup-8-1] DEBUG com.intuit.karate.driver.chrome_1718781728853 -- << {"id":9,"result":{"result":{"type":"number","value":0,"description":"0"}},"sessionId":"801071A49DF559297546371E5BEA9469"}
12:52:13.049 [nioEventLoopGroup-8-1] DEBUG com.jayway.jsonpath.internal.path.CompiledPath -- Evaluating path: $
12:52:13.049 [main] DEBUG com.jayway.jsonpath.internal.path.CompiledPath -- Evaluating path: $['modifiers']
12:52:13.049 [main] DEBUG com.jayway.jsonpath.internal.path.CompiledPath -- Evaluating path: $
12:52:13.049 [main] DEBUG com.jayway.jsonpath.internal.path.CompiledPath -- Evaluating path: $
12:52:13.049 [main] DEBUG com.jayway.jsonpath.internal.JsonContext -- Put path $ key modifiers value {}
12:52:13.049 [main] DEBUG com.jayway.jsonpath.internal.path.CompiledPath -- Evaluating path: $
12:52:13.049 [main] DEBUG com.jayway.jsonpath.internal.JsonContext -- Put path $ key modifiers value 0
12:52:13.049 [main] DEBUG com.jayway.jsonpath.internal.path.CompiledPath -- Evaluating path: $['type']
12:52:13.049 [main] DEBUG com.jayway.jsonpath.internal.path.CompiledPath -- Evaluating path: $
12:52:13.049 [main] DEBUG com.jayway.jsonpath.internal.path.CompiledPath -- Evaluating path: $
12:52:13.049 [main] DEBUG com.jayway.jsonpath.internal.JsonContext -- Put path $ key type value {}
12:52:13.049 [main] DEBUG com.jayway.jsonpath.internal.path.CompiledPath -- Evaluating path: $
12:52:13.049 [main] DEBUG com.jayway.jsonpath.internal.JsonContext -- Put path $ key type value rawKeyDown
12:52:13.049 [main] DEBUG com.jayway.jsonpath.internal.path.CompiledPath -- Evaluating path: $['text']
12:52:13.049 [main] DEBUG com.jayway.jsonpath.internal.path.CompiledPath -- Evaluating path: $
12:52:13.049 [main] DEBUG com.jayway.jsonpath.internal.path.CompiledPath -- Evaluating path: $
12:52:13.049 [main] DEBUG com.jayway.jsonpath.internal.JsonContext -- Put path $ key text value {}
12:52:13.049 [main] DEBUG com.jayway.jsonpath.internal.path.CompiledPath -- Evaluating path: $
12:52:13.049 [main] DEBUG com.jayway.jsonpath.internal.JsonContext -- Put path $ key text value e
12:52:13.049 [main] DEBUG com.jayway.jsonpath.internal.path.CompiledPath -- Evaluating path: $['windowsVirtualKeyCode']
12:52:13.049 [main] DEBUG com.jayway.jsonpath.internal.path.CompiledPath -- Evaluating path: $
12:52:13.049 [main] DEBUG com.jayway.jsonpath.internal.path.CompiledPath -- Evaluating path: $
12:52:13.049 [main] DEBUG com.jayway.jsonpath.internal.JsonContext -- Put path $ key windowsVirtualKeyCode value {}
12:52:13.049 [main] DEBUG com.jayway.jsonpath.internal.path.CompiledPath -- Evaluating path: $
12:52:13.049 [main] DEBUG com.jayway.jsonpath.internal.JsonContext -- Put path $ key windowsVirtualKeyCode value 101
12:52:13.049 [main] DEBUG com.jayway.jsonpath.internal.path.CompiledPath -- Evaluating path: $
12:52:13.049 [main] DEBUG com.intuit.karate.driver.chrome_1718781728853 -- >> {"id":10,"sessionId":"801071A49DF559297546371E5BEA9469","method":"Input.dispatchKeyEvent","params":{"modifiers":0,"type":"rawKeyDown","text":"e","windowsVirtualKeyCode":101}}
12:52:13.049 [nioEventLoopGroup-8-1] DEBUG com.intuit.karate.driver.chrome_1718781728853 -- << {"id":10,"result":{},"sessionId":"801071A49DF559297546371E5BEA9469"}
12:52:13.049 [nioEventLoopGroup-8-1] DEBUG com.jayway.jsonpath.internal.path.CompiledPath -- Evaluating path: $
12:52:13.057 [main] DEBUG com.jayway.jsonpath.internal.path.CompiledPath -- Evaluating path: $['modifiers']
12:52:13.057 [main] DEBUG com.jayway.jsonpath.internal.path.CompiledPath -- Evaluating path: $
12:52:13.057 [main] DEBUG com.jayway.jsonpath.internal.path.CompiledPath -- Evaluating path: $
12:52:13.057 [main] DEBUG com.jayway.jsonpath.internal.JsonContext -- Put path $ key modifiers value {}
12:52:13.057 [main] DEBUG com.jayway.jsonpath.internal.path.CompiledPath -- Evaluating path: $
12:52:13.057 [main] DEBUG com.jayway.jsonpath.internal.JsonContext -- Put path $ key modifiers value 0
12:52:13.057 [main] DEBUG com.jayway.jsonpath.internal.path.CompiledPath -- Evaluating path: $['type']
12:52:13.057 [main] DEBUG com.jayway.jsonpath.internal.path.CompiledPath -- Evaluating path: $
12:52:13.057 [main] DEBUG com.jayway.jsonpath.internal.path.CompiledPath -- Evaluating path: $
12:52:13.057 [main] DEBUG com.jayway.jsonpath.internal.JsonContext -- Put path $ key type value {}
12:52:13.057 [main] DEBUG com.jayway.jsonpath.internal.path.CompiledPath -- Evaluating path: $
12:52:13.057 [main] DEBUG com.jayway.jsonpath.internal.JsonContext -- Put path $ key type value char
12:52:13.057 [main] DEBUG com.jayway.jsonpath.internal.path.CompiledPath -- Evaluating path: $['text']
12:52:13.057 [main] DEBUG com.jayway.jsonpath.internal.path.CompiledPath -- Evaluating path: $
12:52:13.057 [main] DEBUG com.jayway.jsonpath.internal.path.CompiledPath -- Evaluating path: $
12:52:13.057 [main] DEBUG com.jayway.jsonpath.internal.JsonContext -- Put path $ key text value {}
12:52:13.057 [main] DEBUG com.jayway.jsonpath.internal.path.CompiledPath -- Evaluating path: $
12:52:13.057 [main] DEBUG com.jayway.jsonpath.internal.JsonContext -- Put path $ key text value e
12:52:13.057 [main] DEBUG com.jayway.jsonpath.internal.path.CompiledPath -- Evaluating path: $['windowsVirtualKeyCode']
12:52:13.057 [main] DEBUG com.jayway.jsonpath.internal.path.CompiledPath -- Evaluating path: $
12:52:13.057 [main] DEBUG com.jayway.jsonpath.internal.path.CompiledPath -- Evaluating path: $
12:52:13.057 [main] DEBUG com.jayway.jsonpath.internal.JsonContext -- Put path $ key windowsVirtualKeyCode value {}
12:52:13.057 [main] DEBUG com.jayway.jsonpath.internal.path.CompiledPath -- Evaluating path: $
12:52:13.057 [main] DEBUG com.jayway.jsonpath.internal.JsonContext -- Put path $ key windowsVirtualKeyCode value 101
12:52:13.057 [main] DEBUG com.jayway.jsonpath.internal.path.CompiledPath -- Evaluating path: $
12:52:13.057 [main] DEBUG com.intuit.karate.driver.chrome_1718781728853 -- >> {"id":11,"sessionId":"801071A49DF559297546371E5BEA9469","method":"Input.dispatchKeyEvent","params":{"modifiers":0,"type":"char","text":"e","windowsVirtualKeyCode":101}}
12:52:13.062 [nioEventLoopGroup-8-1] DEBUG com.intuit.karate.driver.chrome_1718781728853 -- << {"id":11,"result":{},"sessionId":"801071A49DF559297546371E5BEA9469"}
12:52:13.062 [nioEventLoopGroup-8-1] DEBUG com.jayway.jsonpath.internal.path.CompiledPath -- Evaluating path: $
12:52:13.062 [main] DEBUG com.jayway.jsonpath.internal.path.CompiledPath -- Evaluating path: $['modifiers']
12:52:13.062 [main] DEBUG com.jayway.jsonpath.internal.path.CompiledPath -- Evaluating path: $
12:52:13.062 [main] DEBUG com.jayway.jsonpath.internal.path.CompiledPath -- Evaluating path: $
12:52:13.062 [main] DEBUG com.jayway.jsonpath.internal.JsonContext -- Put path $ key modifiers value {}
12:52:13.062 [main] DEBUG com.jayway.jsonpath.internal.path.CompiledPath -- Evaluating path: $
12:52:13.062 [main] DEBUG com.jayway.jsonpath.internal.JsonContext -- Put path $ key modifiers value 0
12:52:13.062 [main] DEBUG com.jayway.jsonpath.internal.path.CompiledPath -- Evaluating path: $['type']
12:52:13.062 [main] DEBUG com.jayway.jsonpath.internal.path.CompiledPath -- Evaluating path: $
12:52:13.062 [main] DEBUG com.jayway.jsonpath.internal.path.CompiledPath -- Evaluating path: $
12:52:13.062 [main] DEBUG com.jayway.jsonpath.internal.JsonContext -- Put path $ key type value {}
12:52:13.062 [main] DEBUG com.jayway.jsonpath.internal.path.CompiledPath -- Evaluating path: $
12:52:13.062 [main] DEBUG com.jayway.jsonpath.internal.JsonContext -- Put path $ key type value keyUp
12:52:13.062 [main] DEBUG com.jayway.jsonpath.internal.path.CompiledPath -- Evaluating path: $['text']
12:52:13.062 [main] DEBUG com.jayway.jsonpath.internal.path.CompiledPath -- Evaluating path: $
12:52:13.062 [main] DEBUG com.jayway.jsonpath.internal.path.CompiledPath -- Evaluating path: $
12:52:13.062 [main] DEBUG com.jayway.jsonpath.internal.JsonContext -- Put path $ key text value {}
12:52:13.062 [main] DEBUG com.jayway.jsonpath.internal.path.CompiledPath -- Evaluating path: $
12:52:13.062 [main] DEBUG com.jayway.jsonpath.internal.JsonContext -- Put path $ key text value e
12:52:13.062 [main] DEBUG com.jayway.jsonpath.internal.path.CompiledPath -- Evaluating path: $['windowsVirtualKeyCode']
12:52:13.062 [main] DEBUG com.jayway.jsonpath.internal.path.CompiledPath -- Evaluating path: $
12:52:13.062 [main] DEBUG com.jayway.jsonpath.internal.path.CompiledPath -- Evaluating path: $
12:52:13.062 [main] DEBUG com.jayway.jsonpath.internal.JsonContext -- Put path $ key windowsVirtualKeyCode value {}
12:52:13.062 [main] DEBUG com.jayway.jsonpath.internal.path.CompiledPath -- Evaluating path: $
12:52:13.062 [main] DEBUG com.jayway.jsonpath.internal.JsonContext -- Put path $ key windowsVirtualKeyCode value 101
12:52:13.062 [main] DEBUG com.jayway.jsonpath.internal.path.CompiledPath -- Evaluating path: $
12:52:13.062 [main] DEBUG com.intuit.karate.driver.chrome_1718781728853 -- >> {"id":12,"sessionId":"801071A49DF559297546371E5BEA9469","method":"Input.dispatchKeyEvent","params":{"modifiers":0,"type":"keyUp","text":"e","windowsVirtualKeyCode":101}}
12:52:13.064 [nioEventLoopGroup-8-1] DEBUG com.intuit.karate.driver.chrome_1718781728853 -- << {"id":12,"result":{},"sessionId":"801071A49DF559297546371E5BEA9469"}
12:52:13.064 [nioEventLoopGroup-8-1] DEBUG com.jayway.jsonpath.internal.path.CompiledPath -- Evaluating path: $
12:52:13.096 [main] DEBUG com.jayway.jsonpath.internal.path.CompiledPath -- Evaluating path: $['modifiers']
12:52:13.096 [main] DEBUG com.jayway.jsonpath.internal.path.CompiledPath -- Evaluating path: $
12:52:13.096 [main] DEBUG com.jayway.jsonpath.internal.path.CompiledPath -- Evaluating path: $
12:52:13.096 [main] DEBUG com.jayway.jsonpath.internal.JsonContext -- Put path $ key modifiers value {}
12:52:13.096 [main] DEBUG com.jayway.jsonpath.internal.path.CompiledPath -- Evaluating path: $
12:52:13.096 [main] DEBUG com.jayway.jsonpath.internal.JsonContext -- Put path $ key modifiers value 0
12:52:13.096 [main] DEBUG com.jayway.jsonpath.internal.path.CompiledPath -- Evaluating path: $['type']
12:52:13.096 [main] DEBUG com.jayway.jsonpath.internal.path.CompiledPath -- Evaluating path: $
12:52:13.096 [main] DEBUG com.jayway.jsonpath.internal.path.CompiledPath -- Evaluating path: $
12:52:13.096 [main] DEBUG com.jayway.jsonpath.internal.JsonContext -- Put path $ key type value {}
12:52:13.096 [main] DEBUG com.jayway.jsonpath.internal.path.CompiledPath -- Evaluating path: $
12:52:13.096 [main] DEBUG com.jayway.jsonpath.internal.JsonContext -- Put path $ key type value rawKeyDown
12:52:13.096 [main] DEBUG com.jayway.jsonpath.internal.path.CompiledPath -- Evaluating path: $['text']
12:52:13.096 [main] DEBUG com.jayway.jsonpath.internal.path.CompiledPath -- Evaluating path: $
12:52:13.096 [main] DEBUG com.jayway.jsonpath.internal.path.CompiledPath -- Evaluating path: $
12:52:13.096 [main] DEBUG com.jayway.jsonpath.internal.JsonContext -- Put path $ key text value {}
12:52:13.096 [main] DEBUG com.jayway.jsonpath.internal.path.CompiledPath -- Evaluating path: $
12:52:13.096 [main] DEBUG com.jayway.jsonpath.internal.JsonContext -- Put path $ key text value r
12:52:13.096 [main] DEBUG com.jayway.jsonpath.internal.path.CompiledPath -- Evaluating path: $['windowsVirtualKeyCode']
12:52:13.096 [main] DEBUG com.jayway.jsonpath.internal.path.CompiledPath -- Evaluating path: $
12:52:13.096 [main] DEBUG com.jayway.jsonpath.internal.path.CompiledPath -- Evaluating path: $
12:52:13.096 [main] DEBUG com.jayway.jsonpath.internal.JsonContext -- Put path $ key windowsVirtualKeyCode value {}
12:52:13.096 [main] DEBUG com.jayway.jsonpath.internal.path.CompiledPath -- Evaluating path: $
12:52:13.096 [main] DEBUG com.jayway.jsonpath.internal.JsonContext -- Put path $ key windowsVirtualKeyCode value 114
12:52:13.096 [main] DEBUG com.jayway.jsonpath.internal.path.CompiledPath -- Evaluating path: $
12:52:13.096 [main] DEBUG com.intuit.karate.driver.chrome_1718781728853 -- >> {"id":13,"sessionId":"801071A49DF559297546371E5BEA9469","method":"Input.dispatchKeyEvent","params":{"modifiers":0,"type":"rawKeyDown","text":"r","windowsVirtualKeyCode":114}}
12:52:13.111 [nioEventLoopGroup-8-1] DEBUG com.intuit.karate.driver.chrome_1718781728853 -- << {"id":13,"result":{},"sessionId":"801071A49DF559297546371E5BEA9469"}
12:52:13.111 [nioEventLoopGroup-8-1] DEBUG com.jayway.jsonpath.internal.path.CompiledPath -- Evaluating path: $
12:52:13.111 [main] DEBUG com.jayway.jsonpath.internal.path.CompiledPath -- Evaluating path: $['modifiers']
12:52:13.111 [main] DEBUG com.jayway.jsonpath.internal.path.CompiledPath -- Evaluating path: $
12:52:13.111 [main] DEBUG com.jayway.jsonpath.internal.path.CompiledPath -- Evaluating path: $
12:52:13.111 [main] DEBUG com.jayway.jsonpath.internal.JsonContext -- Put path $ key modifiers value {}
12:52:13.111 [main] DEBUG com.jayway.jsonpath.internal.path.CompiledPath -- Evaluating path: $
12:52:13.111 [main] DEBUG com.jayway.jsonpath.internal.JsonContext -- Put path $ key modifiers value 0
12:52:13.111 [main] DEBUG com.jayway.jsonpath.internal.path.CompiledPath -- Evaluating path: $['type']
12:52:13.111 [main] DEBUG com.jayway.jsonpath.internal.path.CompiledPath -- Evaluating path: $
12:52:13.111 [main] DEBUG com.jayway.jsonpath.internal.path.CompiledPath -- Evaluating path: $
12:52:13.111 [main] DEBUG com.jayway.jsonpath.internal.JsonContext -- Put path $ key type value {}
12:52:13.111 [main] DEBUG com.jayway.jsonpath.internal.path.CompiledPath -- Evaluating path: $
12:52:13.111 [main] DEBUG com.jayway.jsonpath.internal.JsonContext -- Put path $ key type value char
12:52:13.111 [main] DEBUG com.jayway.jsonpath.internal.path.CompiledPath -- Evaluating path: $['text']
12:52:13.111 [main] DEBUG com.jayway.jsonpath.internal.path.CompiledPath -- Evaluating path: $
12:52:13.111 [main] DEBUG com.jayway.jsonpath.internal.path.CompiledPath -- Evaluating path: $
12:52:13.111 [main] DEBUG com.jayway.jsonpath.internal.JsonContext -- Put path $ key text value {}
12:52:13.111 [main] DEBUG com.jayway.jsonpath.internal.path.CompiledPath -- Evaluating path: $
12:52:13.111 [main] DEBUG com.jayway.jsonpath.internal.JsonContext -- Put path $ key text value r
12:52:13.111 [main] DEBUG com.jayway.jsonpath.internal.path.CompiledPath -- Evaluating path: $['windowsVirtualKeyCode']
12:52:13.111 [main] DEBUG com.jayway.jsonpath.internal.path.CompiledPath -- Evaluating path: $
12:52:13.111 [main] DEBUG com.jayway.jsonpath.internal.path.CompiledPath -- Evaluating path: $
12:52:13.111 [main] DEBUG com.jayway.jsonpath.internal.JsonContext -- Put path $ key windowsVirtualKeyCode value {}
12:52:13.111 [main] DEBUG com.jayway.jsonpath.internal.path.CompiledPath -- Evaluating path: $
12:52:13.111 [main] DEBUG com.jayway.jsonpath.internal.JsonContext -- Put path $ key windowsVirtualKeyCode value 114
12:52:13.111 [main] DEBUG com.jayway.jsonpath.internal.path.CompiledPath -- Evaluating path: $
12:52:13.111 [main] DEBUG com.intuit.karate.driver.chrome_1718781728853 -- >> {"id":14,"sessionId":"801071A49DF559297546371E5BEA9469","method":"Input.dispatchKeyEvent","params":{"modifiers":0,"type":"char","text":"r","windowsVirtualKeyCode":114}}
12:52:13.111 [nioEventLoopGroup-8-1] DEBUG com.intuit.karate.driver.chrome_1718781728853 -- << {"id":14,"result":{},"sessionId":"801071A49DF559297546371E5BEA9469"}
12:52:13.111 [nioEventLoopGroup-8-1] DEBUG com.jayway.jsonpath.internal.path.CompiledPath -- Evaluating path: $
12:52:13.111 [main] DEBUG com.jayway.jsonpath.internal.path.CompiledPath -- Evaluating path: $['modifiers']
12:52:13.111 [main] DEBUG com.jayway.jsonpath.internal.path.CompiledPath -- Evaluating path: $
12:52:13.111 [main] DEBUG com.jayway.jsonpath.internal.path.CompiledPath -- Evaluating path: $
12:52:13.111 [main] DEBUG com.jayway.jsonpath.internal.JsonContext -- Put path $ key modifiers value {}
12:52:13.111 [main] DEBUG com.jayway.jsonpath.internal.path.CompiledPath -- Evaluating path: $
12:52:13.111 [main] DEBUG com.jayway.jsonpath.internal.JsonContext -- Put path $ key modifiers value 0
12:52:13.111 [main] DEBUG com.jayway.jsonpath.internal.path.CompiledPath -- Evaluating path: $['type']
12:52:13.111 [main] DEBUG com.jayway.jsonpath.internal.path.CompiledPath -- Evaluating path: $
12:52:13.111 [main] DEBUG com.jayway.jsonpath.internal.path.CompiledPath -- Evaluating path: $
12:52:13.111 [main] DEBUG com.jayway.jsonpath.internal.JsonContext -- Put path $ key type value {}
12:52:13.111 [main] DEBUG com.jayway.jsonpath.internal.path.CompiledPath -- Evaluating path: $
12:52:13.111 [main] DEBUG com.jayway.jsonpath.internal.JsonContext -- Put path $ key type value keyUp
12:52:13.111 [main] DEBUG com.jayway.jsonpath.internal.path.CompiledPath -- Evaluating path: $['text']
12:52:13.111 [main] DEBUG com.jayway.jsonpath.internal.path.CompiledPath -- Evaluating path: $
12:52:13.111 [main] DEBUG com.jayway.jsonpath.internal.path.CompiledPath -- Evaluating path: $
12:52:13.111 [main] DEBUG com.jayway.jsonpath.internal.JsonContext -- Put path $ key text value {}
12:52:13.111 [main] DEBUG com.jayway.jsonpath.internal.path.CompiledPath -- Evaluating path: $
12:52:13.111 [main] DEBUG com.jayway.jsonpath.internal.JsonContext -- Put path $ key text value r
12:52:13.111 [main] DEBUG com.jayway.jsonpath.internal.path.CompiledPath -- Evaluating path: $['windowsVirtualKeyCode']
12:52:13.111 [main] DEBUG com.jayway.jsonpath.internal.path.CompiledPath -- Evaluating path: $
12:52:13.111 [main] DEBUG com.jayway.jsonpath.internal.path.CompiledPath -- Evaluating path: $
12:52:13.111 [main] DEBUG com.jayway.jsonpath.internal.JsonContext -- Put path $ key windowsVirtualKeyCode value {}
12:52:13.111 [main] DEBUG com.jayway.jsonpath.internal.path.CompiledPath -- Evaluating path: $
12:52:13.111 [main] DEBUG com.jayway.jsonpath.internal.JsonContext -- Put path $ key windowsVirtualKeyCode value 114
12:52:13.111 [main] DEBUG com.jayway.jsonpath.internal.path.CompiledPath -- Evaluating path: $
12:52:13.111 [main] DEBUG com.intuit.karate.driver.chrome_1718781728853 -- >> {"id":15,"sessionId":"801071A49DF559297546371E5BEA9469","method":"Input.dispatchKeyEvent","params":{"modifiers":0,"type":"keyUp","text":"r","windowsVirtualKeyCode":114}}
12:52:13.111 [nioEventLoopGroup-8-1] DEBUG com.intuit.karate.driver.chrome_1718781728853 -- << {"id":15,"result":{},"sessionId":"801071A49DF559297546371E5BEA9469"}
12:52:13.111 [nioEventLoopGroup-8-1] DEBUG com.jayway.jsonpath.internal.path.CompiledPath -- Evaluating path: $
12:52:13.111 [main] DEBUG com.jayway.jsonpath.internal.path.CompiledPath -- Evaluating path: $['modifiers']
12:52:13.111 [main] DEBUG com.jayway.jsonpath.internal.path.CompiledPath -- Evaluating path: $
12:52:13.111 [main] DEBUG com.jayway.jsonpath.internal.path.CompiledPath -- Evaluating path: $
12:52:13.111 [main] DEBUG com.jayway.jsonpath.internal.JsonContext -- Put path $ key modifiers value {}
12:52:13.111 [main] DEBUG com.jayway.jsonpath.internal.path.CompiledPath -- Evaluating path: $
12:52:13.111 [main] DEBUG com.jayway.jsonpath.internal.JsonContext -- Put path $ key modifiers value 0
12:52:13.111 [main] DEBUG com.jayway.jsonpath.internal.path.CompiledPath -- Evaluating path: $['type']
12:52:13.111 [main] DEBUG com.jayway.jsonpath.internal.path.CompiledPath -- Evaluating path: $
12:52:13.111 [main] DEBUG com.jayway.jsonpath.internal.path.CompiledPath -- Evaluating path: $
12:52:13.111 [main] DEBUG com.jayway.jsonpath.internal.JsonContext -- Put path $ key type value {}
12:52:13.111 [main] DEBUG com.jayway.jsonpath.internal.path.CompiledPath -- Evaluating path: $
12:52:13.111 [main] DEBUG com.jayway.jsonpath.internal.JsonContext -- Put path $ key type value rawKeyDown
12:52:13.111 [main] DEBUG com.jayway.jsonpath.internal.path.CompiledPath -- Evaluating path: $['text']
12:52:13.111 [main] DEBUG com.jayway.jsonpath.internal.path.CompiledPath -- Evaluating path: $
12:52:13.111 [main] DEBUG com.jayway.jsonpath.internal.path.CompiledPath -- Evaluating path: $
12:52:13.111 [main] DEBUG com.jayway.jsonpath.internal.JsonContext -- Put path $ key text value {}
12:52:13.111 [main] DEBUG com.jayway.jsonpath.internal.path.CompiledPath -- Evaluating path: $
12:52:13.111 [main] DEBUG com.jayway.jsonpath.internal.JsonContext -- Put path $ key text value r
12:52:13.111 [main] DEBUG com.jayway.jsonpath.internal.path.CompiledPath -- Evaluating path: $['windowsVirtualKeyCode']
12:52:13.111 [main] DEBUG com.jayway.jsonpath.internal.path.CompiledPath -- Evaluating path: $
12:52:13.111 [main] DEBUG com.jayway.jsonpath.internal.path.CompiledPath -- Evaluating path: $
12:52:13.111 [main] DEBUG com.jayway.jsonpath.internal.JsonContext -- Put path $ key windowsVirtualKeyCode value {}
12:52:13.111 [main] DEBUG com.jayway.jsonpath.internal.path.CompiledPath -- Evaluating path: $
12:52:13.111 [main] DEBUG com.jayway.jsonpath.internal.JsonContext -- Put path $ key windowsVirtualKeyCode value 114
12:52:13.111 [main] DEBUG com.jayway.jsonpath.internal.path.CompiledPath -- Evaluating path: $
12:52:13.111 [main] DEBUG com.intuit.karate.driver.chrome_1718781728853 -- >> {"id":16,"sessionId":"801071A49DF559297546371E5BEA9469","method":"Input.dispatchKeyEvent","params":{"modifiers":0,"type":"rawKeyDown","text":"r","windowsVirtualKeyCode":114}}
12:52:13.127 [nioEventLoopGroup-8-1] DEBUG com.intuit.karate.driver.chrome_1718781728853 -- << {"id":16,"result":{},"sessionId":"801071A49DF559297546371E5BEA9469"}
12:52:13.127 [nioEventLoopGroup-8-1] DEBUG com.jayway.jsonpath.internal.path.CompiledPath -- Evaluating path: $
12:52:13.127 [main] DEBUG com.jayway.jsonpath.internal.path.CompiledPath -- Evaluating path: $['modifiers']
12:52:13.127 [main] DEBUG com.jayway.jsonpath.internal.path.CompiledPath -- Evaluating path: $
12:52:13.127 [main] DEBUG com.jayway.jsonpath.internal.path.CompiledPath -- Evaluating path: $
12:52:13.127 [main] DEBUG com.jayway.jsonpath.internal.JsonContext -- Put path $ key modifiers value {}
12:52:13.127 [main] DEBUG com.jayway.jsonpath.internal.path.CompiledPath -- Evaluating path: $
12:52:13.127 [main] DEBUG com.jayway.jsonpath.internal.JsonContext -- Put path $ key modifiers value 0
12:52:13.127 [main] DEBUG com.jayway.jsonpath.internal.path.CompiledPath -- Evaluating path: $['type']
12:52:13.127 [main] DEBUG com.jayway.jsonpath.internal.path.CompiledPath -- Evaluating path: $
12:52:13.127 [main] DEBUG com.jayway.jsonpath.internal.path.CompiledPath -- Evaluating path: $
12:52:13.127 [main] DEBUG com.jayway.jsonpath.internal.JsonContext -- Put path $ key type value {}
12:52:13.127 [main] DEBUG com.jayway.jsonpath.internal.path.CompiledPath -- Evaluating path: $
12:52:13.127 [main] DEBUG com.jayway.jsonpath.internal.JsonContext -- Put path $ key type value char
12:52:13.127 [main] DEBUG com.jayway.jsonpath.internal.path.CompiledPath -- Evaluating path: $['text']
12:52:13.127 [main] DEBUG com.jayway.jsonpath.internal.path.CompiledPath -- Evaluating path: $
12:52:13.127 [main] DEBUG com.jayway.jsonpath.internal.path.CompiledPath -- Evaluating path: $
12:52:13.127 [main] DEBUG com.jayway.jsonpath.internal.JsonContext -- Put path $ key text value {}
12:52:13.127 [main] DEBUG com.jayway.jsonpath.internal.path.CompiledPath -- Evaluating path: $
12:52:13.127 [main] DEBUG com.jayway.jsonpath.internal.JsonContext -- Put path $ key text value r
12:52:13.127 [main] DEBUG com.jayway.jsonpath.internal.path.CompiledPath -- Evaluating path: $['windowsVirtualKeyCode']
12:52:13.127 [main] DEBUG com.jayway.jsonpath.internal.path.CompiledPath -- Evaluating path: $
12:52:13.127 [main] DEBUG com.jayway.jsonpath.internal.path.CompiledPath -- Evaluating path: $
12:52:13.127 [main] DEBUG com.jayway.jsonpath.internal.JsonContext -- Put path $ key windowsVirtualKeyCode value {}
12:52:13.127 [main] DEBUG com.jayway.jsonpath.internal.path.CompiledPath -- Evaluating path: $
12:52:13.127 [main] DEBUG com.jayway.jsonpath.internal.JsonContext -- Put path $ key windowsVirtualKeyCode value 114
12:52:13.127 [main] DEBUG com.jayway.jsonpath.internal.path.CompiledPath -- Evaluating path: $
12:52:13.127 [main] DEBUG com.intuit.karate.driver.chrome_1718781728853 -- >> {"id":17,"sessionId":"801071A49DF559297546371E5BEA9469","method":"Input.dispatchKeyEvent","params":{"modifiers":0,"type":"char","text":"r","windowsVirtualKeyCode":114}}
12:52:13.127 [nioEventLoopGroup-8-1] DEBUG com.intuit.karate.driver.chrome_1718781728853 -- << {"id":17,"result":{},"sessionId":"801071A49DF559297546371E5BEA9469"}
12:52:13.127 [nioEventLoopGroup-8-1] DEBUG com.jayway.jsonpath.internal.path.CompiledPath -- Evaluating path: $
12:52:13.127 [main] DEBUG com.jayway.jsonpath.internal.path.CompiledPath -- Evaluating path: $['modifiers']
12:52:13.127 [main] DEBUG com.jayway.jsonpath.internal.path.CompiledPath -- Evaluating path: $
12:52:13.127 [main] DEBUG com.jayway.jsonpath.internal.path.CompiledPath -- Evaluating path: $
12:52:13.127 [main] DEBUG com.jayway.jsonpath.internal.JsonContext -- Put path $ key modifiers value {}
12:52:13.127 [main] DEBUG com.jayway.jsonpath.internal.path.CompiledPath -- Evaluating path: $
12:52:13.127 [main] DEBUG com.jayway.jsonpath.internal.JsonContext -- Put path $ key modifiers value 0
12:52:13.127 [main] DEBUG com.jayway.jsonpath.internal.path.CompiledPath -- Evaluating path: $['type']
12:52:13.127 [main] DEBUG com.jayway.jsonpath.internal.path.CompiledPath -- Evaluating path: $
12:52:13.127 [main] DEBUG com.jayway.jsonpath.internal.path.CompiledPath -- Evaluating path: $
12:52:13.127 [main] DEBUG com.jayway.jsonpath.internal.JsonContext -- Put path $ key type value {}
12:52:13.127 [main] DEBUG com.jayway.jsonpath.internal.path.CompiledPath -- Evaluating path: $
12:52:13.127 [main] DEBUG com.jayway.jsonpath.internal.JsonContext -- Put path $ key type value keyUp
12:52:13.127 [main] DEBUG com.jayway.jsonpath.internal.path.CompiledPath -- Evaluating path: $['text']
12:52:13.127 [main] DEBUG com.jayway.jsonpath.internal.path.CompiledPath -- Evaluating path: $
12:52:13.127 [main] DEBUG com.jayway.jsonpath.internal.path.CompiledPath -- Evaluating path: $
12:52:13.127 [main] DEBUG com.jayway.jsonpath.internal.JsonContext -- Put path $ key text value {}
12:52:13.127 [main] DEBUG com.jayway.jsonpath.internal.path.CompiledPath -- Evaluating path: $
12:52:13.127 [main] DEBUG com.jayway.jsonpath.internal.JsonContext -- Put path $ key text value r
12:52:13.127 [main] DEBUG com.jayway.jsonpath.internal.path.CompiledPath -- Evaluating path: $['windowsVirtualKeyCode']
12:52:13.127 [main] DEBUG com.jayway.jsonpath.internal.path.CompiledPath -- Evaluating path: $
12:52:13.127 [main] DEBUG com.jayway.jsonpath.internal.path.CompiledPath -- Evaluating path: $
12:52:13.127 [main] DEBUG com.jayway.jsonpath.internal.JsonContext -- Put path $ key windowsVirtualKeyCode value {}
12:52:13.127 [main] DEBUG com.jayway.jsonpath.internal.path.CompiledPath -- Evaluating path: $
12:52:13.127 [main] DEBUG com.jayway.jsonpath.internal.JsonContext -- Put path $ key windowsVirtualKeyCode value 114
12:52:13.127 [main] DEBUG com.jayway.jsonpath.internal.path.CompiledPath -- Evaluating path: $
12:52:13.127 [main] DEBUG com.intuit.karate.driver.chrome_1718781728853 -- >> {"id":18,"sessionId":"801071A49DF559297546371E5BEA9469","method":"Input.dispatchKeyEvent","params":{"modifiers":0,"type":"keyUp","text":"r","windowsVirtualKeyCode":114}}
12:52:13.127 [nioEventLoopGroup-8-1] DEBUG com.intuit.karate.driver.chrome_1718781728853 -- << {"id":18,"result":{},"sessionId":"801071A49DF559297546371E5BEA9469"}
12:52:13.127 [nioEventLoopGroup-8-1] DEBUG com.jayway.jsonpath.internal.path.CompiledPath -- Evaluating path: $
12:52:13.127 [main] DEBUG com.jayway.jsonpath.internal.path.CompiledPath -- Evaluating path: $['modifiers']
12:52:13.127 [main] DEBUG com.jayway.jsonpath.internal.path.CompiledPath -- Evaluating path: $
12:52:13.127 [main] DEBUG com.jayway.jsonpath.internal.path.CompiledPath -- Evaluating path: $
12:52:13.127 [main] DEBUG com.jayway.jsonpath.internal.JsonContext -- Put path $ key modifiers value {}
12:52:13.127 [main] DEBUG com.jayway.jsonpath.internal.path.CompiledPath -- Evaluating path: $
12:52:13.127 [main] DEBUG com.jayway.jsonpath.internal.JsonContext -- Put path $ key modifiers value 0
12:52:13.127 [main] DEBUG com.jayway.jsonpath.internal.path.CompiledPath -- Evaluating path: $['type']
12:52:13.127 [main] DEBUG com.jayway.jsonpath.internal.path.CompiledPath -- Evaluating path: $
12:52:13.127 [main] DEBUG com.jayway.jsonpath.internal.path.CompiledPath -- Evaluating path: $
12:52:13.127 [main] DEBUG com.jayway.jsonpath.internal.JsonContext -- Put path $ key type value {}
12:52:13.127 [main] DEBUG com.jayway.jsonpath.internal.path.CompiledPath -- Evaluating path: $
12:52:13.127 [main] DEBUG com.jayway.jsonpath.internal.JsonContext -- Put path $ key type value rawKeyDown
12:52:13.127 [main] DEBUG com.jayway.jsonpath.internal.path.CompiledPath -- Evaluating path: $['text']
12:52:13.127 [main] DEBUG com.jayway.jsonpath.internal.path.CompiledPath -- Evaluating path: $
12:52:13.127 [main] DEBUG com.jayway.jsonpath.internal.path.CompiledPath -- Evaluating path: $
12:52:13.127 [main] DEBUG com.jayway.jsonpath.internal.JsonContext -- Put path $ key text value {}
12:52:13.127 [main] DEBUG com.jayway.jsonpath.internal.path.CompiledPath -- Evaluating path: $
12:52:13.127 [main] DEBUG com.jayway.jsonpath.internal.JsonContext -- Put path $ key text value o
12:52:13.127 [main] DEBUG com.jayway.jsonpath.internal.path.CompiledPath -- Evaluating path: $['windowsVirtualKeyCode']
12:52:13.127 [main] DEBUG com.jayway.jsonpath.internal.path.CompiledPath -- Evaluating path: $
12:52:13.127 [main] DEBUG com.jayway.jsonpath.internal.path.CompiledPath -- Evaluating path: $
12:52:13.127 [main] DEBUG com.jayway.jsonpath.internal.JsonContext -- Put path $ key windowsVirtualKeyCode value {}
12:52:13.127 [main] DEBUG com.jayway.jsonpath.internal.path.CompiledPath -- Evaluating path: $
12:52:13.127 [main] DEBUG com.jayway.jsonpath.internal.JsonContext -- Put path $ key windowsVirtualKeyCode value 111
12:52:13.127 [main] DEBUG com.jayway.jsonpath.internal.path.CompiledPath -- Evaluating path: $
12:52:13.127 [main] DEBUG com.intuit.karate.driver.chrome_1718781728853 -- >> {"id":19,"sessionId":"801071A49DF559297546371E5BEA9469","method":"Input.dispatchKeyEvent","params":{"modifiers":0,"type":"rawKeyDown","text":"o","windowsVirtualKeyCode":111}}
12:52:13.127 [nioEventLoopGroup-8-1] DEBUG com.intuit.karate.driver.chrome_1718781728853 -- << {"id":19,"result":{},"sessionId":"801071A49DF559297546371E5BEA9469"}
12:52:13.127 [nioEventLoopGroup-8-1] DEBUG com.jayway.jsonpath.internal.path.CompiledPath -- Evaluating path: $
12:52:13.127 [main] DEBUG com.jayway.jsonpath.internal.path.CompiledPath -- Evaluating path: $['modifiers']
12:52:13.127 [main] DEBUG com.jayway.jsonpath.internal.path.CompiledPath -- Evaluating path: $
12:52:13.127 [main] DEBUG com.jayway.jsonpath.internal.path.CompiledPath -- Evaluating path: $
12:52:13.127 [main] DEBUG com.jayway.jsonpath.internal.JsonContext -- Put path $ key modifiers value {}
12:52:13.127 [main] DEBUG com.jayway.jsonpath.internal.path.CompiledPath -- Evaluating path: $
12:52:13.127 [main] DEBUG com.jayway.jsonpath.internal.JsonContext -- Put path $ key modifiers value 0
12:52:13.127 [main] DEBUG com.jayway.jsonpath.internal.path.CompiledPath -- Evaluating path: $['type']
12:52:13.127 [main] DEBUG com.jayway.jsonpath.internal.path.CompiledPath -- Evaluating path: $
12:52:13.127 [main] DEBUG com.jayway.jsonpath.internal.path.CompiledPath -- Evaluating path: $
12:52:13.127 [main] DEBUG com.jayway.jsonpath.internal.JsonContext -- Put path $ key type value {}
12:52:13.127 [main] DEBUG com.jayway.jsonpath.internal.path.CompiledPath -- Evaluating path: $
12:52:13.127 [main] DEBUG com.jayway.jsonpath.internal.JsonContext -- Put path $ key type value char
12:52:13.127 [main] DEBUG com.jayway.jsonpath.internal.path.CompiledPath -- Evaluating path: $['text']
12:52:13.127 [main] DEBUG com.jayway.jsonpath.internal.path.CompiledPath -- Evaluating path: $
12:52:13.127 [main] DEBUG com.jayway.jsonpath.internal.path.CompiledPath -- Evaluating path: $
12:52:13.127 [main] DEBUG com.jayway.jsonpath.internal.JsonContext -- Put path $ key text value {}
12:52:13.127 [main] DEBUG com.jayway.jsonpath.internal.path.CompiledPath -- Evaluating path: $
12:52:13.127 [main] DEBUG com.jayway.jsonpath.internal.JsonContext -- Put path $ key text value o
12:52:13.127 [main] DEBUG com.jayway.jsonpath.internal.path.CompiledPath -- Evaluating path: $['windowsVirtualKeyCode']
12:52:13.127 [main] DEBUG com.jayway.jsonpath.internal.path.CompiledPath -- Evaluating path: $
12:52:13.127 [main] DEBUG com.jayway.jsonpath.internal.path.CompiledPath -- Evaluating path: $
12:52:13.127 [main] DEBUG com.jayway.jsonpath.internal.JsonContext -- Put path $ key windowsVirtualKeyCode value {}
12:52:13.127 [main] DEBUG com.jayway.jsonpath.internal.path.CompiledPath -- Evaluating path: $
12:52:13.127 [main] DEBUG com.jayway.jsonpath.internal.JsonContext -- Put path $ key windowsVirtualKeyCode value 111
12:52:13.127 [main] DEBUG com.jayway.jsonpath.internal.path.CompiledPath -- Evaluating path: $
12:52:13.127 [main] DEBUG com.intuit.karate.driver.chrome_1718781728853 -- >> {"id":20,"sessionId":"801071A49DF559297546371E5BEA9469","method":"Input.dispatchKeyEvent","params":{"modifiers":0,"type":"char","text":"o","windowsVirtualKeyCode":111}}
12:52:13.127 [nioEventLoopGroup-8-1] DEBUG com.intuit.karate.driver.chrome_1718781728853 -- << {"id":20,"result":{},"sessionId":"801071A49DF559297546371E5BEA9469"}
12:52:13.143 [nioEventLoopGroup-8-1] DEBUG com.jayway.jsonpath.internal.path.CompiledPath -- Evaluating path: $
12:52:13.143 [main] DEBUG com.jayway.jsonpath.internal.path.CompiledPath -- Evaluating path: $['modifiers']
12:52:13.143 [main] DEBUG com.jayway.jsonpath.internal.path.CompiledPath -- Evaluating path: $
12:52:13.143 [main] DEBUG com.jayway.jsonpath.internal.path.CompiledPath -- Evaluating path: $
12:52:13.143 [main] DEBUG com.jayway.jsonpath.internal.JsonContext -- Put path $ key modifiers value {}
12:52:13.143 [main] DEBUG com.jayway.jsonpath.internal.path.CompiledPath -- Evaluating path: $
12:52:13.143 [main] DEBUG com.jayway.jsonpath.internal.JsonContext -- Put path $ key modifiers value 0
12:52:13.143 [main] DEBUG com.jayway.jsonpath.internal.path.CompiledPath -- Evaluating path: $['type']
12:52:13.143 [main] DEBUG com.jayway.jsonpath.internal.path.CompiledPath -- Evaluating path: $
12:52:13.143 [main] DEBUG com.jayway.jsonpath.internal.path.CompiledPath -- Evaluating path: $
12:52:13.143 [main] DEBUG com.jayway.jsonpath.internal.JsonContext -- Put path $ key type value {}
12:52:13.143 [main] DEBUG com.jayway.jsonpath.internal.path.CompiledPath -- Evaluating path: $
12:52:13.143 [main] DEBUG com.jayway.jsonpath.internal.JsonContext -- Put path $ key type value keyUp
12:52:13.143 [main] DEBUG com.jayway.jsonpath.internal.path.CompiledPath -- Evaluating path: $['text']
12:52:13.143 [main] DEBUG com.jayway.jsonpath.internal.path.CompiledPath -- Evaluating path: $
12:52:13.143 [main] DEBUG com.jayway.jsonpath.internal.path.CompiledPath -- Evaluating path: $
12:52:13.143 [main] DEBUG com.jayway.jsonpath.internal.JsonContext -- Put path $ key text value {}
12:52:13.143 [main] DEBUG com.jayway.jsonpath.internal.path.CompiledPath -- Evaluating path: $
12:52:13.143 [main] DEBUG com.jayway.jsonpath.internal.JsonContext -- Put path $ key text value o
12:52:13.143 [main] DEBUG com.jayway.jsonpath.internal.path.CompiledPath -- Evaluating path: $['windowsVirtualKeyCode']
12:52:13.143 [main] DEBUG com.jayway.jsonpath.internal.path.CompiledPath -- Evaluating path: $
12:52:13.143 [main] DEBUG com.jayway.jsonpath.internal.path.CompiledPath -- Evaluating path: $
12:52:13.143 [main] DEBUG com.jayway.jsonpath.internal.JsonContext -- Put path $ key windowsVirtualKeyCode value {}
12:52:13.143 [main] DEBUG com.jayway.jsonpath.internal.path.CompiledPath -- Evaluating path: $
12:52:13.143 [main] DEBUG com.jayway.jsonpath.internal.JsonContext -- Put path $ key windowsVirtualKeyCode value 111
12:52:13.143 [main] DEBUG com.jayway.jsonpath.internal.path.CompiledPath -- Evaluating path: $
12:52:13.143 [main] DEBUG com.intuit.karate.driver.chrome_1718781728853 -- >> {"id":21,"sessionId":"801071A49DF559297546371E5BEA9469","method":"Input.dispatchKeyEvent","params":{"modifiers":0,"type":"keyUp","text":"o","windowsVirtualKeyCode":111}}
12:52:13.143 [nioEventLoopGroup-8-1] DEBUG com.intuit.karate.driver.chrome_1718781728853 -- << {"id":21,"result":{},"sessionId":"801071A49DF559297546371E5BEA9469"}
12:52:13.143 [nioEventLoopGroup-8-1] DEBUG com.jayway.jsonpath.internal.path.CompiledPath -- Evaluating path: $
12:52:13.143 [main] DEBUG com.jayway.jsonpath.internal.path.CompiledPath -- Evaluating path: $['modifiers']
12:52:13.143 [main] DEBUG com.jayway.jsonpath.internal.path.CompiledPath -- Evaluating path: $
12:52:13.143 [main] DEBUG com.jayway.jsonpath.internal.path.CompiledPath -- Evaluating path: $
12:52:13.143 [main] DEBUG com.jayway.jsonpath.internal.JsonContext -- Put path $ key modifiers value {}
12:52:13.143 [main] DEBUG com.jayway.jsonpath.internal.path.CompiledPath -- Evaluating path: $
12:52:13.143 [main] DEBUG com.jayway.jsonpath.internal.JsonContext -- Put path $ key modifiers value 0
12:52:13.143 [main] DEBUG com.jayway.jsonpath.internal.path.CompiledPath -- Evaluating path: $['type']
12:52:13.143 [main] DEBUG com.jayway.jsonpath.internal.path.CompiledPath -- Evaluating path: $
12:52:13.143 [main] DEBUG com.jayway.jsonpath.internal.path.CompiledPath -- Evaluating path: $
12:52:13.143 [main] DEBUG com.jayway.jsonpath.internal.JsonContext -- Put path $ key type value {}
12:52:13.143 [main] DEBUG com.jayway.jsonpath.internal.path.CompiledPath -- Evaluating path: $
12:52:13.143 [main] DEBUG com.jayway.jsonpath.internal.JsonContext -- Put path $ key type value rawKeyDown
12:52:13.143 [main] DEBUG com.jayway.jsonpath.internal.path.CompiledPath -- Evaluating path: $['text']
12:52:13.143 [main] DEBUG com.jayway.jsonpath.internal.path.CompiledPath -- Evaluating path: $
12:52:13.143 [main] DEBUG com.jayway.jsonpath.internal.path.CompiledPath -- Evaluating path: $
12:52:13.143 [main] DEBUG com.jayway.jsonpath.internal.JsonContext -- Put path $ key text value {}
12:52:13.143 [main] DEBUG com.jayway.jsonpath.internal.path.CompiledPath -- Evaluating path: $
12:52:13.143 [main] DEBUG com.jayway.jsonpath.internal.JsonContext -- Put path $ key text value r
12:52:13.143 [main] DEBUG com.jayway.jsonpath.internal.path.CompiledPath -- Evaluating path: $['windowsVirtualKeyCode']
12:52:13.143 [main] DEBUG com.jayway.jsonpath.internal.path.CompiledPath -- Evaluating path: $
12:52:13.143 [main] DEBUG com.jayway.jsonpath.internal.path.CompiledPath -- Evaluating path: $
12:52:13.143 [main] DEBUG com.jayway.jsonpath.internal.JsonContext -- Put path $ key windowsVirtualKeyCode value {}
12:52:13.143 [main] DEBUG com.jayway.jsonpath.internal.path.CompiledPath -- Evaluating path: $
12:52:13.143 [main] DEBUG com.jayway.jsonpath.internal.JsonContext -- Put path $ key windowsVirtualKeyCode value 114
12:52:13.143 [main] DEBUG com.jayway.jsonpath.internal.path.CompiledPath -- Evaluating path: $
12:52:13.143 [main] DEBUG com.intuit.karate.driver.chrome_1718781728853 -- >> {"id":22,"sessionId":"801071A49DF559297546371E5BEA9469","method":"Input.dispatchKeyEvent","params":{"modifiers":0,"type":"rawKeyDown","text":"r","windowsVirtualKeyCode":114}}
12:52:13.143 [nioEventLoopGroup-8-1] DEBUG com.intuit.karate.driver.chrome_1718781728853 -- << {"id":22,"result":{},"sessionId":"801071A49DF559297546371E5BEA9469"}
12:52:13.143 [nioEventLoopGroup-8-1] DEBUG com.jayway.jsonpath.internal.path.CompiledPath -- Evaluating path: $
12:52:13.158 [main] DEBUG com.jayway.jsonpath.internal.path.CompiledPath -- Evaluating path: $['modifiers']
12:52:13.158 [main] DEBUG com.jayway.jsonpath.internal.path.CompiledPath -- Evaluating path: $
12:52:13.158 [main] DEBUG com.jayway.jsonpath.internal.path.CompiledPath -- Evaluating path: $
12:52:13.158 [main] DEBUG com.jayway.jsonpath.internal.JsonContext -- Put path $ key modifiers value {}
12:52:13.158 [main] DEBUG com.jayway.jsonpath.internal.path.CompiledPath -- Evaluating path: $
12:52:13.158 [main] DEBUG com.jayway.jsonpath.internal.JsonContext -- Put path $ key modifiers value 0
12:52:13.158 [main] DEBUG com.jayway.jsonpath.internal.path.CompiledPath -- Evaluating path: $['type']
12:52:13.158 [main] DEBUG com.jayway.jsonpath.internal.path.CompiledPath -- Evaluating path: $
12:52:13.158 [main] DEBUG com.jayway.jsonpath.internal.path.CompiledPath -- Evaluating path: $
12:52:13.158 [main] DEBUG com.jayway.jsonpath.internal.JsonContext -- Put path $ key type value {}
12:52:13.158 [main] DEBUG com.jayway.jsonpath.internal.path.CompiledPath -- Evaluating path: $
12:52:13.158 [main] DEBUG com.jayway.jsonpath.internal.JsonContext -- Put path $ key type value char
12:52:13.158 [main] DEBUG com.jayway.jsonpath.internal.path.CompiledPath -- Evaluating path: $['text']
12:52:13.158 [main] DEBUG com.jayway.jsonpath.internal.path.CompiledPath -- Evaluating path: $
12:52:13.158 [main] DEBUG com.jayway.jsonpath.internal.path.CompiledPath -- Evaluating path: $
12:52:13.158 [main] DEBUG com.jayway.jsonpath.internal.JsonContext -- Put path $ key text value {}
12:52:13.158 [main] DEBUG com.jayway.jsonpath.internal.path.CompiledPath -- Evaluating path: $
12:52:13.158 [main] DEBUG com.jayway.jsonpath.internal.JsonContext -- Put path $ key text value r
12:52:13.158 [main] DEBUG com.jayway.jsonpath.internal.path.CompiledPath -- Evaluating path: $['windowsVirtualKeyCode']
12:52:13.158 [main] DEBUG com.jayway.jsonpath.internal.path.CompiledPath -- Evaluating path: $
12:52:13.158 [main] DEBUG com.jayway.jsonpath.internal.path.CompiledPath -- Evaluating path: $
12:52:13.158 [main] DEBUG com.jayway.jsonpath.internal.JsonContext -- Put path $ key windowsVirtualKeyCode value {}
12:52:13.158 [main] DEBUG com.jayway.jsonpath.internal.path.CompiledPath -- Evaluating path: $
12:52:13.158 [main] DEBUG com.jayway.jsonpath.internal.JsonContext -- Put path $ key windowsVirtualKeyCode value 114
12:52:13.158 [main] DEBUG com.jayway.jsonpath.internal.path.CompiledPath -- Evaluating path: $
12:52:13.158 [main] DEBUG com.intuit.karate.driver.chrome_1718781728853 -- >> {"id":23,"sessionId":"801071A49DF559297546371E5BEA9469","method":"Input.dispatchKeyEvent","params":{"modifiers":0,"type":"char","text":"r","windowsVirtualKeyCode":114}}
12:52:13.169 [nioEventLoopGroup-8-1] DEBUG com.intuit.karate.driver.chrome_1718781728853 -- << {"id":23,"result":{},"sessionId":"801071A49DF559297546371E5BEA9469"}
12:52:13.169 [nioEventLoopGroup-8-1] DEBUG com.jayway.jsonpath.internal.path.CompiledPath -- Evaluating path: $
12:52:13.169 [main] DEBUG com.jayway.jsonpath.internal.path.CompiledPath -- Evaluating path: $['modifiers']
12:52:13.169 [main] DEBUG com.jayway.jsonpath.internal.path.CompiledPath -- Evaluating path: $
12:52:13.169 [main] DEBUG com.jayway.jsonpath.internal.path.CompiledPath -- Evaluating path: $
12:52:13.169 [main] DEBUG com.jayway.jsonpath.internal.JsonContext -- Put path $ key modifiers value {}
12:52:13.169 [main] DEBUG com.jayway.jsonpath.internal.path.CompiledPath -- Evaluating path: $
12:52:13.169 [main] DEBUG com.jayway.jsonpath.internal.JsonContext -- Put path $ key modifiers value 0
12:52:13.169 [main] DEBUG com.jayway.jsonpath.internal.path.CompiledPath -- Evaluating path: $['type']
12:52:13.169 [main] DEBUG com.jayway.jsonpath.internal.path.CompiledPath -- Evaluating path: $
12:52:13.169 [main] DEBUG com.jayway.jsonpath.internal.path.CompiledPath -- Evaluating path: $
12:52:13.169 [main] DEBUG com.jayway.jsonpath.internal.JsonContext -- Put path $ key type value {}
12:52:13.169 [main] DEBUG com.jayway.jsonpath.internal.path.CompiledPath -- Evaluating path: $
12:52:13.169 [main] DEBUG com.jayway.jsonpath.internal.JsonContext -- Put path $ key type value keyUp
12:52:13.169 [main] DEBUG com.jayway.jsonpath.internal.path.CompiledPath -- Evaluating path: $['text']
12:52:13.169 [main] DEBUG com.jayway.jsonpath.internal.path.CompiledPath -- Evaluating path: $
12:52:13.169 [main] DEBUG com.jayway.jsonpath.internal.path.CompiledPath -- Evaluating path: $
12:52:13.169 [main] DEBUG com.jayway.jsonpath.internal.JsonContext -- Put path $ key text value {}
12:52:13.169 [main] DEBUG com.jayway.jsonpath.internal.path.CompiledPath -- Evaluating path: $
12:52:13.169 [main] DEBUG com.jayway.jsonpath.internal.JsonContext -- Put path $ key text value r
12:52:13.169 [main] DEBUG com.jayway.jsonpath.internal.path.CompiledPath -- Evaluating path: $['windowsVirtualKeyCode']
12:52:13.169 [main] DEBUG com.jayway.jsonpath.internal.path.CompiledPath -- Evaluating path: $
12:52:13.169 [main] DEBUG com.jayway.jsonpath.internal.path.CompiledPath -- Evaluating path: $
12:52:13.169 [main] DEBUG com.jayway.jsonpath.internal.JsonContext -- Put path $ key windowsVirtualKeyCode value {}
12:52:13.169 [main] DEBUG com.jayway.jsonpath.internal.path.CompiledPath -- Evaluating path: $
12:52:13.169 [main] DEBUG com.jayway.jsonpath.internal.JsonContext -- Put path $ key windowsVirtualKeyCode value 114
12:52:13.169 [main] DEBUG com.jayway.jsonpath.internal.path.CompiledPath -- Evaluating path: $
12:52:13.169 [main] DEBUG com.intuit.karate.driver.chrome_1718781728853 -- >> {"id":24,"sessionId":"801071A49DF559297546371E5BEA9469","method":"Input.dispatchKeyEvent","params":{"modifiers":0,"type":"keyUp","text":"r","windowsVirtualKeyCode":114}}
12:52:13.169 [nioEventLoopGroup-8-1] DEBUG com.intuit.karate.driver.chrome_1718781728853 -- << {"id":24,"result":{},"sessionId":"801071A49DF559297546371E5BEA9469"}
12:52:13.169 [nioEventLoopGroup-8-1] DEBUG com.jayway.jsonpath.internal.path.CompiledPath -- Evaluating path: $
12:52:13.169 [main] DEBUG com.jayway.jsonpath.internal.path.CompiledPath -- Evaluating path: $['modifiers']
12:52:13.169 [main] DEBUG com.jayway.jsonpath.internal.path.CompiledPath -- Evaluating path: $
12:52:13.169 [main] DEBUG com.jayway.jsonpath.internal.path.CompiledPath -- Evaluating path: $
12:52:13.169 [main] DEBUG com.jayway.jsonpath.internal.JsonContext -- Put path $ key modifiers value {}
12:52:13.169 [main] DEBUG com.jayway.jsonpath.internal.path.CompiledPath -- Evaluating path: $
12:52:13.169 [main] DEBUG com.jayway.jsonpath.internal.JsonContext -- Put path $ key modifiers value 0
12:52:13.169 [main] DEBUG com.jayway.jsonpath.internal.path.CompiledPath -- Evaluating path: $['type']
12:52:13.169 [main] DEBUG com.jayway.jsonpath.internal.path.CompiledPath -- Evaluating path: $
12:52:13.169 [main] DEBUG com.jayway.jsonpath.internal.path.CompiledPath -- Evaluating path: $
12:52:13.172 [main] DEBUG com.jayway.jsonpath.internal.JsonContext -- Put path $ key type value {}
12:52:13.172 [main] DEBUG com.jayway.jsonpath.internal.path.CompiledPath -- Evaluating path: $
12:52:13.172 [main] DEBUG com.jayway.jsonpath.internal.JsonContext -- Put path $ key type value rawKeyDown
12:52:13.172 [main] DEBUG com.jayway.jsonpath.internal.path.CompiledPath -- Evaluating path: $['text']
12:52:13.172 [main] DEBUG com.jayway.jsonpath.internal.path.CompiledPath -- Evaluating path: $
12:52:13.172 [main] DEBUG com.jayway.jsonpath.internal.path.CompiledPath -- Evaluating path: $
12:52:13.172 [main] DEBUG com.jayway.jsonpath.internal.JsonContext -- Put path $ key text value {}
12:52:13.172 [main] DEBUG com.jayway.jsonpath.internal.path.CompiledPath -- Evaluating path: $
12:52:13.172 [main] DEBUG com.jayway.jsonpath.internal.JsonContext -- Put path $ key text value _
12:52:13.172 [main] DEBUG com.jayway.jsonpath.internal.path.CompiledPath -- Evaluating path: $['windowsVirtualKeyCode']
12:52:13.172 [main] DEBUG com.jayway.jsonpath.internal.path.CompiledPath -- Evaluating path: $
12:52:13.172 [main] DEBUG com.jayway.jsonpath.internal.path.CompiledPath -- Evaluating path: $
12:52:13.172 [main] DEBUG com.jayway.jsonpath.internal.JsonContext -- Put path $ key windowsVirtualKeyCode value {}
12:52:13.172 [main] DEBUG com.jayway.jsonpath.internal.path.CompiledPath -- Evaluating path: $
12:52:13.172 [main] DEBUG com.jayway.jsonpath.internal.JsonContext -- Put path $ key windowsVirtualKeyCode value 523
12:52:13.172 [main] DEBUG com.jayway.jsonpath.internal.path.CompiledPath -- Evaluating path: $
12:52:13.172 [main] DEBUG com.intuit.karate.driver.chrome_1718781728853 -- >> {"id":25,"sessionId":"801071A49DF559297546371E5BEA9469","method":"Input.dispatchKeyEvent","params":{"modifiers":0,"type":"rawKeyDown","text":"_","windowsVirtualKeyCode":523}}
12:52:13.173 [nioEventLoopGroup-8-1] DEBUG com.intuit.karate.driver.chrome_1718781728853 -- << {"id":25,"result":{},"sessionId":"801071A49DF559297546371E5BEA9469"}
12:52:13.173 [nioEventLoopGroup-8-1] DEBUG com.jayway.jsonpath.internal.path.CompiledPath -- Evaluating path: $
12:52:13.173 [main] DEBUG com.jayway.jsonpath.internal.path.CompiledPath -- Evaluating path: $['modifiers']
12:52:13.174 [main] DEBUG com.jayway.jsonpath.internal.path.CompiledPath -- Evaluating path: $
12:52:13.174 [main] DEBUG com.jayway.jsonpath.internal.path.CompiledPath -- Evaluating path: $
12:52:13.174 [main] DEBUG com.jayway.jsonpath.internal.JsonContext -- Put path $ key modifiers value {}
12:52:13.174 [main] DEBUG com.jayway.jsonpath.internal.path.CompiledPath -- Evaluating path: $
12:52:13.174 [main] DEBUG com.jayway.jsonpath.internal.JsonContext -- Put path $ key modifiers value 0
12:52:13.174 [main] DEBUG com.jayway.jsonpath.internal.path.CompiledPath -- Evaluating path: $['type']
12:52:13.174 [main] DEBUG com.jayway.jsonpath.internal.path.CompiledPath -- Evaluating path: $
12:52:13.174 [main] DEBUG com.jayway.jsonpath.internal.path.CompiledPath -- Evaluating path: $
12:52:13.174 [main] DEBUG com.jayway.jsonpath.internal.JsonContext -- Put path $ key type value {}
12:52:13.174 [main] DEBUG com.jayway.jsonpath.internal.path.CompiledPath -- Evaluating path: $
12:52:13.174 [main] DEBUG com.jayway.jsonpath.internal.JsonContext -- Put path $ key type value char
12:52:13.174 [main] DEBUG com.jayway.jsonpath.internal.path.CompiledPath -- Evaluating path: $['text']
12:52:13.174 [main] DEBUG com.jayway.jsonpath.internal.path.CompiledPath -- Evaluating path: $
12:52:13.174 [main] DEBUG com.jayway.jsonpath.internal.path.CompiledPath -- Evaluating path: $
12:52:13.174 [main] DEBUG com.jayway.jsonpath.internal.JsonContext -- Put path $ key text value {}
12:52:13.174 [main] DEBUG com.jayway.jsonpath.internal.path.CompiledPath -- Evaluating path: $
12:52:13.174 [main] DEBUG com.jayway.jsonpath.internal.JsonContext -- Put path $ key text value _
12:52:13.174 [main] DEBUG com.jayway.jsonpath.internal.path.CompiledPath -- Evaluating path: $['windowsVirtualKeyCode']
12:52:13.174 [main] DEBUG com.jayway.jsonpath.internal.path.CompiledPath -- Evaluating path: $
12:52:13.174 [main] DEBUG com.jayway.jsonpath.internal.path.CompiledPath -- Evaluating path: $
12:52:13.174 [main] DEBUG com.jayway.jsonpath.internal.JsonContext -- Put path $ key windowsVirtualKeyCode value {}
12:52:13.174 [main] DEBUG com.jayway.jsonpath.internal.path.CompiledPath -- Evaluating path: $
12:52:13.174 [main] DEBUG com.jayway.jsonpath.internal.JsonContext -- Put path $ key windowsVirtualKeyCode value 523
12:52:13.174 [main] DEBUG com.jayway.jsonpath.internal.path.CompiledPath -- Evaluating path: $
12:52:13.174 [main] DEBUG com.intuit.karate.driver.chrome_1718781728853 -- >> {"id":26,"sessionId":"801071A49DF559297546371E5BEA9469","method":"Input.dispatchKeyEvent","params":{"modifiers":0,"type":"char","text":"_","windowsVirtualKeyCode":523}}
12:52:13.179 [nioEventLoopGroup-8-1] DEBUG com.intuit.karate.driver.chrome_1718781728853 -- << {"id":26,"result":{},"sessionId":"801071A49DF559297546371E5BEA9469"}
12:52:13.179 [nioEventLoopGroup-8-1] DEBUG com.jayway.jsonpath.internal.path.CompiledPath -- Evaluating path: $
12:52:13.179 [main] DEBUG com.jayway.jsonpath.internal.path.CompiledPath -- Evaluating path: $['modifiers']
12:52:13.179 [main] DEBUG com.jayway.jsonpath.internal.path.CompiledPath -- Evaluating path: $
12:52:13.179 [main] DEBUG com.jayway.jsonpath.internal.path.CompiledPath -- Evaluating path: $
12:52:13.179 [main] DEBUG com.jayway.jsonpath.internal.JsonContext -- Put path $ key modifiers value {}
12:52:13.179 [main] DEBUG com.jayway.jsonpath.internal.path.CompiledPath -- Evaluating path: $
12:52:13.179 [main] DEBUG com.jayway.jsonpath.internal.JsonContext -- Put path $ key modifiers value 0
12:52:13.179 [main] DEBUG com.jayway.jsonpath.internal.path.CompiledPath -- Evaluating path: $['type']
12:52:13.179 [main] DEBUG com.jayway.jsonpath.internal.path.CompiledPath -- Evaluating path: $
12:52:13.179 [main] DEBUG com.jayway.jsonpath.internal.path.CompiledPath -- Evaluating path: $
12:52:13.179 [main] DEBUG com.jayway.jsonpath.internal.JsonContext -- Put path $ key type value {}
12:52:13.179 [main] DEBUG com.jayway.jsonpath.internal.path.CompiledPath -- Evaluating path: $
12:52:13.179 [main] DEBUG com.jayway.jsonpath.internal.JsonContext -- Put path $ key type value keyUp
12:52:13.179 [main] DEBUG com.jayway.jsonpath.internal.path.CompiledPath -- Evaluating path: $['text']
12:52:13.179 [main] DEBUG com.jayway.jsonpath.internal.path.CompiledPath -- Evaluating path: $
12:52:13.179 [main] DEBUG com.jayway.jsonpath.internal.path.CompiledPath -- Evaluating path: $
12:52:13.179 [main] DEBUG com.jayway.jsonpath.internal.JsonContext -- Put path $ key text value {}
12:52:13.179 [main] DEBUG com.jayway.jsonpath.internal.path.CompiledPath -- Evaluating path: $
12:52:13.179 [main] DEBUG com.jayway.jsonpath.internal.JsonContext -- Put path $ key text value _
12:52:13.179 [main] DEBUG com.jayway.jsonpath.internal.path.CompiledPath -- Evaluating path: $['windowsVirtualKeyCode']
12:52:13.179 [main] DEBUG com.jayway.jsonpath.internal.path.CompiledPath -- Evaluating path: $
12:52:13.179 [main] DEBUG com.jayway.jsonpath.internal.path.CompiledPath -- Evaluating path: $
12:52:13.179 [main] DEBUG com.jayway.jsonpath.internal.JsonContext -- Put path $ key windowsVirtualKeyCode value {}
12:52:13.179 [main] DEBUG com.jayway.jsonpath.internal.path.CompiledPath -- Evaluating path: $
12:52:13.179 [main] DEBUG com.jayway.jsonpath.internal.JsonContext -- Put path $ key windowsVirtualKeyCode value 523
12:52:13.179 [main] DEBUG com.jayway.jsonpath.internal.path.CompiledPath -- Evaluating path: $
12:52:13.179 [main] DEBUG com.intuit.karate.driver.chrome_1718781728853 -- >> {"id":27,"sessionId":"801071A49DF559297546371E5BEA9469","method":"Input.dispatchKeyEvent","params":{"modifiers":0,"type":"keyUp","text":"_","windowsVirtualKeyCode":523}}
12:52:13.182 [nioEventLoopGroup-8-1] DEBUG com.intuit.karate.driver.chrome_1718781728853 -- << {"id":27,"result":{},"sessionId":"801071A49DF559297546371E5BEA9469"}
12:52:13.182 [nioEventLoopGroup-8-1] DEBUG com.jayway.jsonpath.internal.path.CompiledPath -- Evaluating path: $
12:52:13.182 [main] DEBUG com.jayway.jsonpath.internal.path.CompiledPath -- Evaluating path: $['modifiers']
12:52:13.182 [main] DEBUG com.jayway.jsonpath.internal.path.CompiledPath -- Evaluating path: $
12:52:13.182 [main] DEBUG com.jayway.jsonpath.internal.path.CompiledPath -- Evaluating path: $
12:52:13.182 [main] DEBUG com.jayway.jsonpath.internal.JsonContext -- Put path $ key modifiers value {}
12:52:13.182 [main] DEBUG com.jayway.jsonpath.internal.path.CompiledPath -- Evaluating path: $
12:52:13.182 [main] DEBUG com.jayway.jsonpath.internal.JsonContext -- Put path $ key modifiers value 0
12:52:13.182 [main] DEBUG com.jayway.jsonpath.internal.path.CompiledPath -- Evaluating path: $['type']
12:52:13.182 [main] DEBUG com.jayway.jsonpath.internal.path.CompiledPath -- Evaluating path: $
12:52:13.182 [main] DEBUG com.jayway.jsonpath.internal.path.CompiledPath -- Evaluating path: $
12:52:13.182 [main] DEBUG com.jayway.jsonpath.internal.JsonContext -- Put path $ key type value {}
12:52:13.182 [main] DEBUG com.jayway.jsonpath.internal.path.CompiledPath -- Evaluating path: $
12:52:13.182 [main] DEBUG com.jayway.jsonpath.internal.JsonContext -- Put path $ key type value rawKeyDown
12:52:13.182 [main] DEBUG com.jayway.jsonpath.internal.path.CompiledPath -- Evaluating path: $['text']
12:52:13.182 [main] DEBUG com.jayway.jsonpath.internal.path.CompiledPath -- Evaluating path: $
12:52:13.182 [main] DEBUG com.jayway.jsonpath.internal.path.CompiledPath -- Evaluating path: $
12:52:13.182 [main] DEBUG com.jayway.jsonpath.internal.JsonContext -- Put path $ key text value {}
12:52:13.182 [main] DEBUG com.jayway.jsonpath.internal.path.CompiledPath -- Evaluating path: $
12:52:13.182 [main] DEBUG com.jayway.jsonpath.internal.JsonContext -- Put path $ key text value u
12:52:13.182 [main] DEBUG com.jayway.jsonpath.internal.path.CompiledPath -- Evaluating path: $['windowsVirtualKeyCode']
12:52:13.182 [main] DEBUG com.jayway.jsonpath.internal.path.CompiledPath -- Evaluating path: $
12:52:13.182 [main] DEBUG com.jayway.jsonpath.internal.path.CompiledPath -- Evaluating path: $
12:52:13.182 [main] DEBUG com.jayway.jsonpath.internal.JsonContext -- Put path $ key windowsVirtualKeyCode value {}
12:52:13.182 [main] DEBUG com.jayway.jsonpath.internal.path.CompiledPath -- Evaluating path: $
12:52:13.182 [main] DEBUG com.jayway.jsonpath.internal.JsonContext -- Put path $ key windowsVirtualKeyCode value 117
12:52:13.182 [main] DEBUG com.jayway.jsonpath.internal.path.CompiledPath -- Evaluating path: $
12:52:13.182 [main] DEBUG com.intuit.karate.driver.chrome_1718781728853 -- >> {"id":28,"sessionId":"801071A49DF559297546371E5BEA9469","method":"Input.dispatchKeyEvent","params":{"modifiers":0,"type":"rawKeyDown","text":"u","windowsVirtualKeyCode":117}}
12:52:13.183 [nioEventLoopGroup-8-1] DEBUG com.intuit.karate.driver.chrome_1718781728853 -- << {"id":28,"result":{},"sessionId":"801071A49DF559297546371E5BEA9469"}
12:52:13.183 [nioEventLoopGroup-8-1] DEBUG com.jayway.jsonpath.internal.path.CompiledPath -- Evaluating path: $
12:52:13.184 [main] DEBUG com.jayway.jsonpath.internal.path.CompiledPath -- Evaluating path: $['modifiers']
12:52:13.184 [main] DEBUG com.jayway.jsonpath.internal.path.CompiledPath -- Evaluating path: $
12:52:13.184 [main] DEBUG com.jayway.jsonpath.internal.path.CompiledPath -- Evaluating path: $
12:52:13.184 [main] DEBUG com.jayway.jsonpath.internal.JsonContext -- Put path $ key modifiers value {}
12:52:13.184 [main] DEBUG com.jayway.jsonpath.internal.path.CompiledPath -- Evaluating path: $
12:52:13.184 [main] DEBUG com.jayway.jsonpath.internal.JsonContext -- Put path $ key modifiers value 0
12:52:13.184 [main] DEBUG com.jayway.jsonpath.internal.path.CompiledPath -- Evaluating path: $['type']
12:52:13.184 [main] DEBUG com.jayway.jsonpath.internal.path.CompiledPath -- Evaluating path: $
12:52:13.184 [main] DEBUG com.jayway.jsonpath.internal.path.CompiledPath -- Evaluating path: $
12:52:13.184 [main] DEBUG com.jayway.jsonpath.internal.JsonContext -- Put path $ key type value {}
12:52:13.184 [main] DEBUG com.jayway.jsonpath.internal.path.CompiledPath -- Evaluating path: $
12:52:13.184 [main] DEBUG com.jayway.jsonpath.internal.JsonContext -- Put path $ key type value char
12:52:13.184 [main] DEBUG com.jayway.jsonpath.internal.path.CompiledPath -- Evaluating path: $['text']
12:52:13.184 [main] DEBUG com.jayway.jsonpath.internal.path.CompiledPath -- Evaluating path: $
12:52:13.184 [main] DEBUG com.jayway.jsonpath.internal.path.CompiledPath -- Evaluating path: $
12:52:13.184 [main] DEBUG com.jayway.jsonpath.internal.JsonContext -- Put path $ key text value {}
12:52:13.184 [main] DEBUG com.jayway.jsonpath.internal.path.CompiledPath -- Evaluating path: $
12:52:13.184 [main] DEBUG com.jayway.jsonpath.internal.JsonContext -- Put path $ key text value u
12:52:13.184 [main] DEBUG com.jayway.jsonpath.internal.path.CompiledPath -- Evaluating path: $['windowsVirtualKeyCode']
12:52:13.184 [main] DEBUG com.jayway.jsonpath.internal.path.CompiledPath -- Evaluating path: $
12:52:13.184 [main] DEBUG com.jayway.jsonpath.internal.path.CompiledPath -- Evaluating path: $
12:52:13.184 [main] DEBUG com.jayway.jsonpath.internal.JsonContext -- Put path $ key windowsVirtualKeyCode value {}
12:52:13.184 [main] DEBUG com.jayway.jsonpath.internal.path.CompiledPath -- Evaluating path: $
12:52:13.184 [main] DEBUG com.jayway.jsonpath.internal.JsonContext -- Put path $ key windowsVirtualKeyCode value 117
12:52:13.184 [main] DEBUG com.jayway.jsonpath.internal.path.CompiledPath -- Evaluating path: $
12:52:13.184 [main] DEBUG com.intuit.karate.driver.chrome_1718781728853 -- >> {"id":29,"sessionId":"801071A49DF559297546371E5BEA9469","method":"Input.dispatchKeyEvent","params":{"modifiers":0,"type":"char","text":"u","windowsVirtualKeyCode":117}}
12:52:13.188 [nioEventLoopGroup-8-1] DEBUG com.intuit.karate.driver.chrome_1718781728853 -- << {"id":29,"result":{},"sessionId":"801071A49DF559297546371E5BEA9469"}
12:52:13.188 [nioEventLoopGroup-8-1] DEBUG com.jayway.jsonpath.internal.path.CompiledPath -- Evaluating path: $
12:52:13.188 [main] DEBUG com.jayway.jsonpath.internal.path.CompiledPath -- Evaluating path: $['modifiers']
12:52:13.188 [main] DEBUG com.jayway.jsonpath.internal.path.CompiledPath -- Evaluating path: $
12:52:13.188 [main] DEBUG com.jayway.jsonpath.internal.path.CompiledPath -- Evaluating path: $
12:52:13.188 [main] DEBUG com.jayway.jsonpath.internal.JsonContext -- Put path $ key modifiers value {}
12:52:13.188 [main] DEBUG com.jayway.jsonpath.internal.path.CompiledPath -- Evaluating path: $
12:52:13.188 [main] DEBUG com.jayway.jsonpath.internal.JsonContext -- Put path $ key modifiers value 0
12:52:13.188 [main] DEBUG com.jayway.jsonpath.internal.path.CompiledPath -- Evaluating path: $['type']
12:52:13.188 [main] DEBUG com.jayway.jsonpath.internal.path.CompiledPath -- Evaluating path: $
12:52:13.188 [main] DEBUG com.jayway.jsonpath.internal.path.CompiledPath -- Evaluating path: $
12:52:13.188 [main] DEBUG com.jayway.jsonpath.internal.JsonContext -- Put path $ key type value {}
12:52:13.188 [main] DEBUG com.jayway.jsonpath.internal.path.CompiledPath -- Evaluating path: $
12:52:13.188 [main] DEBUG com.jayway.jsonpath.internal.JsonContext -- Put path $ key type value keyUp
12:52:13.188 [main] DEBUG com.jayway.jsonpath.internal.path.CompiledPath -- Evaluating path: $['text']
12:52:13.188 [main] DEBUG com.jayway.jsonpath.internal.path.CompiledPath -- Evaluating path: $
12:52:13.188 [main] DEBUG com.jayway.jsonpath.internal.path.CompiledPath -- Evaluating path: $
12:52:13.188 [main] DEBUG com.jayway.jsonpath.internal.JsonContext -- Put path $ key text value {}
12:52:13.188 [main] DEBUG com.jayway.jsonpath.internal.path.CompiledPath -- Evaluating path: $
12:52:13.188 [main] DEBUG com.jayway.jsonpath.internal.JsonContext -- Put path $ key text value u
12:52:13.188 [main] DEBUG com.jayway.jsonpath.internal.path.CompiledPath -- Evaluating path: $['windowsVirtualKeyCode']
12:52:13.188 [main] DEBUG com.jayway.jsonpath.internal.path.CompiledPath -- Evaluating path: $
12:52:13.188 [main] DEBUG com.jayway.jsonpath.internal.path.CompiledPath -- Evaluating path: $
12:52:13.188 [main] DEBUG com.jayway.jsonpath.internal.JsonContext -- Put path $ key windowsVirtualKeyCode value {}
12:52:13.188 [main] DEBUG com.jayway.jsonpath.internal.path.CompiledPath -- Evaluating path: $
12:52:13.188 [main] DEBUG com.jayway.jsonpath.internal.JsonContext -- Put path $ key windowsVirtualKeyCode value 117
12:52:13.188 [main] DEBUG com.jayway.jsonpath.internal.path.CompiledPath -- Evaluating path: $
12:52:13.188 [main] DEBUG com.intuit.karate.driver.chrome_1718781728853 -- >> {"id":30,"sessionId":"801071A49DF559297546371E5BEA9469","method":"Input.dispatchKeyEvent","params":{"modifiers":0,"type":"keyUp","text":"u","windowsVirtualKeyCode":117}}
12:52:13.193 [nioEventLoopGroup-8-1] DEBUG com.intuit.karate.driver.chrome_1718781728853 -- << {"id":30,"result":{},"sessionId":"801071A49DF559297546371E5BEA9469"}
12:52:13.193 [nioEventLoopGroup-8-1] DEBUG com.jayway.jsonpath.internal.path.CompiledPath -- Evaluating path: $
12:52:13.193 [main] DEBUG com.jayway.jsonpath.internal.path.CompiledPath -- Evaluating path: $['modifiers']
12:52:13.193 [main] DEBUG com.jayway.jsonpath.internal.path.CompiledPath -- Evaluating path: $
12:52:13.193 [main] DEBUG com.jayway.jsonpath.internal.path.CompiledPath -- Evaluating path: $
12:52:13.193 [main] DEBUG com.jayway.jsonpath.internal.JsonContext -- Put path $ key modifiers value {}
12:52:13.193 [main] DEBUG com.jayway.jsonpath.internal.path.CompiledPath -- Evaluating path: $
12:52:13.193 [main] DEBUG com.jayway.jsonpath.internal.JsonContext -- Put path $ key modifiers value 0
12:52:13.193 [main] DEBUG com.jayway.jsonpath.internal.path.CompiledPath -- Evaluating path: $['type']
12:52:13.193 [main] DEBUG com.jayway.jsonpath.internal.path.CompiledPath -- Evaluating path: $
12:52:13.193 [main] DEBUG com.jayway.jsonpath.internal.path.CompiledPath -- Evaluating path: $
12:52:13.193 [main] DEBUG com.jayway.jsonpath.internal.JsonContext -- Put path $ key type value {}
12:52:13.193 [main] DEBUG com.jayway.jsonpath.internal.path.CompiledPath -- Evaluating path: $
12:52:13.193 [main] DEBUG com.jayway.jsonpath.internal.JsonContext -- Put path $ key type value rawKeyDown
12:52:13.193 [main] DEBUG com.jayway.jsonpath.internal.path.CompiledPath -- Evaluating path: $['text']
12:52:13.193 [main] DEBUG com.jayway.jsonpath.internal.path.CompiledPath -- Evaluating path: $
12:52:13.193 [main] DEBUG com.jayway.jsonpath.internal.path.CompiledPath -- Evaluating path: $
12:52:13.193 [main] DEBUG com.jayway.jsonpath.internal.JsonContext -- Put path $ key text value {}
12:52:13.193 [main] DEBUG com.jayway.jsonpath.internal.path.CompiledPath -- Evaluating path: $
12:52:13.193 [main] DEBUG com.jayway.jsonpath.internal.JsonContext -- Put path $ key text value s
12:52:13.193 [main] DEBUG com.jayway.jsonpath.internal.path.CompiledPath -- Evaluating path: $['windowsVirtualKeyCode']
12:52:13.193 [main] DEBUG com.jayway.jsonpath.internal.path.CompiledPath -- Evaluating path: $
12:52:13.193 [main] DEBUG com.jayway.jsonpath.internal.path.CompiledPath -- Evaluating path: $
12:52:13.193 [main] DEBUG com.jayway.jsonpath.internal.JsonContext -- Put path $ key windowsVirtualKeyCode value {}
12:52:13.193 [main] DEBUG com.jayway.jsonpath.internal.path.CompiledPath -- Evaluating path: $
12:52:13.193 [main] DEBUG com.jayway.jsonpath.internal.JsonContext -- Put path $ key windowsVirtualKeyCode value 115
12:52:13.193 [main] DEBUG com.jayway.jsonpath.internal.path.CompiledPath -- Evaluating path: $
12:52:13.193 [main] DEBUG com.intuit.karate.driver.chrome_1718781728853 -- >> {"id":31,"sessionId":"801071A49DF559297546371E5BEA9469","method":"Input.dispatchKeyEvent","params":{"modifiers":0,"type":"rawKeyDown","text":"s","windowsVirtualKeyCode":115}}
12:52:13.193 [nioEventLoopGroup-8-1] DEBUG com.intuit.karate.driver.chrome_1718781728853 -- << {"id":31,"result":{},"sessionId":"801071A49DF559297546371E5BEA9469"}
12:52:13.193 [nioEventLoopGroup-8-1] DEBUG com.jayway.jsonpath.internal.path.CompiledPath -- Evaluating path: $
12:52:13.193 [main] DEBUG com.jayway.jsonpath.internal.path.CompiledPath -- Evaluating path: $['modifiers']
12:52:13.193 [main] DEBUG com.jayway.jsonpath.internal.path.CompiledPath -- Evaluating path: $
12:52:13.193 [main] DEBUG com.jayway.jsonpath.internal.path.CompiledPath -- Evaluating path: $
12:52:13.193 [main] DEBUG com.jayway.jsonpath.internal.JsonContext -- Put path $ key modifiers value {}
12:52:13.193 [main] DEBUG com.jayway.jsonpath.internal.path.CompiledPath -- Evaluating path: $
12:52:13.193 [main] DEBUG com.jayway.jsonpath.internal.JsonContext -- Put path $ key modifiers value 0
12:52:13.193 [main] DEBUG com.jayway.jsonpath.internal.path.CompiledPath -- Evaluating path: $['type']
12:52:13.193 [main] DEBUG com.jayway.jsonpath.internal.path.CompiledPath -- Evaluating path: $
12:52:13.193 [main] DEBUG com.jayway.jsonpath.internal.path.CompiledPath -- Evaluating path: $
12:52:13.193 [main] DEBUG com.jayway.jsonpath.internal.JsonContext -- Put path $ key type value {}
12:52:13.193 [main] DEBUG com.jayway.jsonpath.internal.path.CompiledPath -- Evaluating path: $
12:52:13.193 [main] DEBUG com.jayway.jsonpath.internal.JsonContext -- Put path $ key type value char
12:52:13.193 [main] DEBUG com.jayway.jsonpath.internal.path.CompiledPath -- Evaluating path: $['text']
12:52:13.193 [main] DEBUG com.jayway.jsonpath.internal.path.CompiledPath -- Evaluating path: $
12:52:13.193 [main] DEBUG com.jayway.jsonpath.internal.path.CompiledPath -- Evaluating path: $
12:52:13.193 [main] DEBUG com.jayway.jsonpath.internal.JsonContext -- Put path $ key text value {}
12:52:13.193 [main] DEBUG com.jayway.jsonpath.internal.path.CompiledPath -- Evaluating path: $
12:52:13.193 [main] DEBUG com.jayway.jsonpath.internal.JsonContext -- Put path $ key text value s
12:52:13.193 [main] DEBUG com.jayway.jsonpath.internal.path.CompiledPath -- Evaluating path: $['windowsVirtualKeyCode']
12:52:13.193 [main] DEBUG com.jayway.jsonpath.internal.path.CompiledPath -- Evaluating path: $
12:52:13.193 [main] DEBUG com.jayway.jsonpath.internal.path.CompiledPath -- Evaluating path: $
12:52:13.193 [main] DEBUG com.jayway.jsonpath.internal.JsonContext -- Put path $ key windowsVirtualKeyCode value {}
12:52:13.193 [main] DEBUG com.jayway.jsonpath.internal.path.CompiledPath -- Evaluating path: $
12:52:13.193 [main] DEBUG com.jayway.jsonpath.internal.JsonContext -- Put path $ key windowsVirtualKeyCode value 115
12:52:13.193 [main] DEBUG com.jayway.jsonpath.internal.path.CompiledPath -- Evaluating path: $
12:52:13.193 [main] DEBUG com.intuit.karate.driver.chrome_1718781728853 -- >> {"id":32,"sessionId":"801071A49DF559297546371E5BEA9469","method":"Input.dispatchKeyEvent","params":{"modifiers":0,"type":"char","text":"s","windowsVirtualKeyCode":115}}
12:52:13.200 [nioEventLoopGroup-8-1] DEBUG com.intuit.karate.driver.chrome_1718781728853 -- << {"id":32,"result":{},"sessionId":"801071A49DF559297546371E5BEA9469"}
12:52:13.200 [nioEventLoopGroup-8-1] DEBUG com.jayway.jsonpath.internal.path.CompiledPath -- Evaluating path: $
12:52:13.200 [main] DEBUG com.jayway.jsonpath.internal.path.CompiledPath -- Evaluating path: $['modifiers']
12:52:13.201 [main] DEBUG com.jayway.jsonpath.internal.path.CompiledPath -- Evaluating path: $
12:52:13.201 [main] DEBUG com.jayway.jsonpath.internal.path.CompiledPath -- Evaluating path: $
12:52:13.201 [main] DEBUG com.jayway.jsonpath.internal.JsonContext -- Put path $ key modifiers value {}
12:52:13.201 [main] DEBUG com.jayway.jsonpath.internal.path.CompiledPath -- Evaluating path: $
12:52:13.201 [main] DEBUG com.jayway.jsonpath.internal.JsonContext -- Put path $ key modifiers value 0
12:52:13.201 [main] DEBUG com.jayway.jsonpath.internal.path.CompiledPath -- Evaluating path: $['type']
12:52:13.201 [main] DEBUG com.jayway.jsonpath.internal.path.CompiledPath -- Evaluating path: $
12:52:13.201 [main] DEBUG com.jayway.jsonpath.internal.path.CompiledPath -- Evaluating path: $
12:52:13.201 [main] DEBUG com.jayway.jsonpath.internal.JsonContext -- Put path $ key type value {}
12:52:13.201 [main] DEBUG com.jayway.jsonpath.internal.path.CompiledPath -- Evaluating path: $
12:52:13.201 [main] DEBUG com.jayway.jsonpath.internal.JsonContext -- Put path $ key type value keyUp
12:52:13.201 [main] DEBUG com.jayway.jsonpath.internal.path.CompiledPath -- Evaluating path: $['text']
12:52:13.201 [main] DEBUG com.jayway.jsonpath.internal.path.CompiledPath -- Evaluating path: $
12:52:13.201 [main] DEBUG com.jayway.jsonpath.internal.path.CompiledPath -- Evaluating path: $
12:52:13.201 [main] DEBUG com.jayway.jsonpath.internal.JsonContext -- Put path $ key text value {}
12:52:13.201 [main] DEBUG com.jayway.jsonpath.internal.path.CompiledPath -- Evaluating path: $
12:52:13.201 [main] DEBUG com.jayway.jsonpath.internal.JsonContext -- Put path $ key text value s
12:52:13.201 [main] DEBUG com.jayway.jsonpath.internal.path.CompiledPath -- Evaluating path: $['windowsVirtualKeyCode']
12:52:13.201 [main] DEBUG com.jayway.jsonpath.internal.path.CompiledPath -- Evaluating path: $
12:52:13.201 [main] DEBUG com.jayway.jsonpath.internal.path.CompiledPath -- Evaluating path: $
12:52:13.201 [main] DEBUG com.jayway.jsonpath.internal.JsonContext -- Put path $ key windowsVirtualKeyCode value {}
12:52:13.201 [main] DEBUG com.jayway.jsonpath.internal.path.CompiledPath -- Evaluating path: $
12:52:13.201 [main] DEBUG com.jayway.jsonpath.internal.JsonContext -- Put path $ key windowsVirtualKeyCode value 115
12:52:13.201 [main] DEBUG com.jayway.jsonpath.internal.path.CompiledPath -- Evaluating path: $
12:52:13.201 [main] DEBUG com.intuit.karate.driver.chrome_1718781728853 -- >> {"id":33,"sessionId":"801071A49DF559297546371E5BEA9469","method":"Input.dispatchKeyEvent","params":{"modifiers":0,"type":"keyUp","text":"s","windowsVirtualKeyCode":115}}
12:52:13.202 [nioEventLoopGroup-8-1] DEBUG com.intuit.karate.driver.chrome_1718781728853 -- << {"id":33,"result":{},"sessionId":"801071A49DF559297546371E5BEA9469"}
12:52:13.202 [nioEventLoopGroup-8-1] DEBUG com.jayway.jsonpath.internal.path.CompiledPath -- Evaluating path: $
12:52:13.203 [main] DEBUG com.jayway.jsonpath.internal.path.CompiledPath -- Evaluating path: $['modifiers']
12:52:13.203 [main] DEBUG com.jayway.jsonpath.internal.path.CompiledPath -- Evaluating path: $
12:52:13.203 [main] DEBUG com.jayway.jsonpath.internal.path.CompiledPath -- Evaluating path: $
12:52:13.203 [main] DEBUG com.jayway.jsonpath.internal.JsonContext -- Put path $ key modifiers value {}
12:52:13.203 [main] DEBUG com.jayway.jsonpath.internal.path.CompiledPath -- Evaluating path: $
12:52:13.203 [main] DEBUG com.jayway.jsonpath.internal.JsonContext -- Put path $ key modifiers value 0
12:52:13.203 [main] DEBUG com.jayway.jsonpath.internal.path.CompiledPath -- Evaluating path: $['type']
12:52:13.203 [main] DEBUG com.jayway.jsonpath.internal.path.CompiledPath -- Evaluating path: $
12:52:13.203 [main] DEBUG com.jayway.jsonpath.internal.path.CompiledPath -- Evaluating path: $
12:52:13.203 [main] DEBUG com.jayway.jsonpath.internal.JsonContext -- Put path $ key type value {}
12:52:13.203 [main] DEBUG com.jayway.jsonpath.internal.path.CompiledPath -- Evaluating path: $
12:52:13.203 [main] DEBUG com.jayway.jsonpath.internal.JsonContext -- Put path $ key type value rawKeyDown
12:52:13.203 [main] DEBUG com.jayway.jsonpath.internal.path.CompiledPath -- Evaluating path: $['text']
12:52:13.203 [main] DEBUG com.jayway.jsonpath.internal.path.CompiledPath -- Evaluating path: $
12:52:13.203 [main] DEBUG com.jayway.jsonpath.internal.path.CompiledPath -- Evaluating path: $
12:52:13.203 [main] DEBUG com.jayway.jsonpath.internal.JsonContext -- Put path $ key text value {}
12:52:13.203 [main] DEBUG com.jayway.jsonpath.internal.path.CompiledPath -- Evaluating path: $
12:52:13.203 [main] DEBUG com.jayway.jsonpath.internal.JsonContext -- Put path $ key text value e
12:52:13.203 [main] DEBUG com.jayway.jsonpath.internal.path.CompiledPath -- Evaluating path: $['windowsVirtualKeyCode']
12:52:13.203 [main] DEBUG com.jayway.jsonpath.internal.path.CompiledPath -- Evaluating path: $
12:52:13.203 [main] DEBUG com.jayway.jsonpath.internal.path.CompiledPath -- Evaluating path: $
12:52:13.203 [main] DEBUG com.jayway.jsonpath.internal.JsonContext -- Put path $ key windowsVirtualKeyCode value {}
12:52:13.203 [main] DEBUG com.jayway.jsonpath.internal.path.CompiledPath -- Evaluating path: $
12:52:13.203 [main] DEBUG com.jayway.jsonpath.internal.JsonContext -- Put path $ key windowsVirtualKeyCode value 101
12:52:13.203 [main] DEBUG com.jayway.jsonpath.internal.path.CompiledPath -- Evaluating path: $
12:52:13.203 [main] DEBUG com.intuit.karate.driver.chrome_1718781728853 -- >> {"id":34,"sessionId":"801071A49DF559297546371E5BEA9469","method":"Input.dispatchKeyEvent","params":{"modifiers":0,"type":"rawKeyDown","text":"e","windowsVirtualKeyCode":101}}
12:52:13.203 [nioEventLoopGroup-8-1] DEBUG com.intuit.karate.driver.chrome_1718781728853 -- << {"id":34,"result":{},"sessionId":"801071A49DF559297546371E5BEA9469"}
12:52:13.203 [nioEventLoopGroup-8-1] DEBUG com.jayway.jsonpath.internal.path.CompiledPath -- Evaluating path: $
12:52:13.203 [main] DEBUG com.jayway.jsonpath.internal.path.CompiledPath -- Evaluating path: $['modifiers']
12:52:13.203 [main] DEBUG com.jayway.jsonpath.internal.path.CompiledPath -- Evaluating path: $
12:52:13.203 [main] DEBUG com.jayway.jsonpath.internal.path.CompiledPath -- Evaluating path: $
12:52:13.203 [main] DEBUG com.jayway.jsonpath.internal.JsonContext -- Put path $ key modifiers value {}
12:52:13.204 [main] DEBUG com.jayway.jsonpath.internal.path.CompiledPath -- Evaluating path: $
12:52:13.204 [main] DEBUG com.jayway.jsonpath.internal.JsonContext -- Put path $ key modifiers value 0
12:52:13.204 [main] DEBUG com.jayway.jsonpath.internal.path.CompiledPath -- Evaluating path: $['type']
12:52:13.204 [main] DEBUG com.jayway.jsonpath.internal.path.CompiledPath -- Evaluating path: $
12:52:13.204 [main] DEBUG com.jayway.jsonpath.internal.path.CompiledPath -- Evaluating path: $
12:52:13.204 [main] DEBUG com.jayway.jsonpath.internal.JsonContext -- Put path $ key type value {}
12:52:13.204 [main] DEBUG com.jayway.jsonpath.internal.path.CompiledPath -- Evaluating path: $
12:52:13.204 [main] DEBUG com.jayway.jsonpath.internal.JsonContext -- Put path $ key type value char
12:52:13.204 [main] DEBUG com.jayway.jsonpath.internal.path.CompiledPath -- Evaluating path: $['text']
12:52:13.204 [main] DEBUG com.jayway.jsonpath.internal.path.CompiledPath -- Evaluating path: $
12:52:13.204 [main] DEBUG com.jayway.jsonpath.internal.path.CompiledPath -- Evaluating path: $
12:52:13.204 [main] DEBUG com.jayway.jsonpath.internal.JsonContext -- Put path $ key text value {}
12:52:13.204 [main] DEBUG com.jayway.jsonpath.internal.path.CompiledPath -- Evaluating path: $
12:52:13.204 [main] DEBUG com.jayway.jsonpath.internal.JsonContext -- Put path $ key text value e
12:52:13.204 [main] DEBUG com.jayway.jsonpath.internal.path.CompiledPath -- Evaluating path: $['windowsVirtualKeyCode']
12:52:13.204 [main] DEBUG com.jayway.jsonpath.internal.path.CompiledPath -- Evaluating path: $
12:52:13.204 [main] DEBUG com.jayway.jsonpath.internal.path.CompiledPath -- Evaluating path: $
12:52:13.204 [main] DEBUG com.jayway.jsonpath.internal.JsonContext -- Put path $ key windowsVirtualKeyCode value {}
12:52:13.204 [main] DEBUG com.jayway.jsonpath.internal.path.CompiledPath -- Evaluating path: $
12:52:13.204 [main] DEBUG com.jayway.jsonpath.internal.JsonContext -- Put path $ key windowsVirtualKeyCode value 101
12:52:13.204 [main] DEBUG com.jayway.jsonpath.internal.path.CompiledPath -- Evaluating path: $
12:52:13.204 [main] DEBUG com.intuit.karate.driver.chrome_1718781728853 -- >> {"id":35,"sessionId":"801071A49DF559297546371E5BEA9469","method":"Input.dispatchKeyEvent","params":{"modifiers":0,"type":"char","text":"e","windowsVirtualKeyCode":101}}
12:52:13.207 [nioEventLoopGroup-8-1] DEBUG com.intuit.karate.driver.chrome_1718781728853 -- << {"id":35,"result":{},"sessionId":"801071A49DF559297546371E5BEA9469"}
12:52:13.207 [nioEventLoopGroup-8-1] DEBUG com.jayway.jsonpath.internal.path.CompiledPath -- Evaluating path: $
12:52:13.207 [main] DEBUG com.jayway.jsonpath.internal.path.CompiledPath -- Evaluating path: $['modifiers']
12:52:13.207 [main] DEBUG com.jayway.jsonpath.internal.path.CompiledPath -- Evaluating path: $
12:52:13.207 [main] DEBUG com.jayway.jsonpath.internal.path.CompiledPath -- Evaluating path: $
12:52:13.207 [main] DEBUG com.jayway.jsonpath.internal.JsonContext -- Put path $ key modifiers value {}
12:52:13.207 [main] DEBUG com.jayway.jsonpath.internal.path.CompiledPath -- Evaluating path: $
12:52:13.207 [main] DEBUG com.jayway.jsonpath.internal.JsonContext -- Put path $ key modifiers value 0
12:52:13.207 [main] DEBUG com.jayway.jsonpath.internal.path.CompiledPath -- Evaluating path: $['type']
12:52:13.207 [main] DEBUG com.jayway.jsonpath.internal.path.CompiledPath -- Evaluating path: $
12:52:13.207 [main] DEBUG com.jayway.jsonpath.internal.path.CompiledPath -- Evaluating path: $
12:52:13.207 [main] DEBUG com.jayway.jsonpath.internal.JsonContext -- Put path $ key type value {}
12:52:13.207 [main] DEBUG com.jayway.jsonpath.internal.path.CompiledPath -- Evaluating path: $
12:52:13.207 [main] DEBUG com.jayway.jsonpath.internal.JsonContext -- Put path $ key type value keyUp
12:52:13.207 [main] DEBUG com.jayway.jsonpath.internal.path.CompiledPath -- Evaluating path: $['text']
12:52:13.207 [main] DEBUG com.jayway.jsonpath.internal.path.CompiledPath -- Evaluating path: $
12:52:13.207 [main] DEBUG com.jayway.jsonpath.internal.path.CompiledPath -- Evaluating path: $
12:52:13.207 [main] DEBUG com.jayway.jsonpath.internal.JsonContext -- Put path $ key text value {}
12:52:13.207 [main] DEBUG com.jayway.jsonpath.internal.path.CompiledPath -- Evaluating path: $
12:52:13.207 [main] DEBUG com.jayway.jsonpath.internal.JsonContext -- Put path $ key text value e
12:52:13.207 [main] DEBUG com.jayway.jsonpath.internal.path.CompiledPath -- Evaluating path: $['windowsVirtualKeyCode']
12:52:13.207 [main] DEBUG com.jayway.jsonpath.internal.path.CompiledPath -- Evaluating path: $
12:52:13.207 [main] DEBUG com.jayway.jsonpath.internal.path.CompiledPath -- Evaluating path: $
12:52:13.207 [main] DEBUG com.jayway.jsonpath.internal.JsonContext -- Put path $ key windowsVirtualKeyCode value {}
12:52:13.207 [main] DEBUG com.jayway.jsonpath.internal.path.CompiledPath -- Evaluating path: $
12:52:13.207 [main] DEBUG com.jayway.jsonpath.internal.JsonContext -- Put path $ key windowsVirtualKeyCode value 101
12:52:13.207 [main] DEBUG com.jayway.jsonpath.internal.path.CompiledPath -- Evaluating path: $
12:52:13.207 [main] DEBUG com.intuit.karate.driver.chrome_1718781728853 -- >> {"id":36,"sessionId":"801071A49DF559297546371E5BEA9469","method":"Input.dispatchKeyEvent","params":{"modifiers":0,"type":"keyUp","text":"e","windowsVirtualKeyCode":101}}
12:52:13.209 [nioEventLoopGroup-8-1] DEBUG com.intuit.karate.driver.chrome_1718781728853 -- << {"id":36,"result":{},"sessionId":"801071A49DF559297546371E5BEA9469"}
12:52:13.209 [nioEventLoopGroup-8-1] DEBUG com.jayway.jsonpath.internal.path.CompiledPath -- Evaluating path: $
12:52:13.209 [main] DEBUG com.jayway.jsonpath.internal.path.CompiledPath -- Evaluating path: $['modifiers']
12:52:13.209 [main] DEBUG com.jayway.jsonpath.internal.path.CompiledPath -- Evaluating path: $
12:52:13.209 [main] DEBUG com.jayway.jsonpath.internal.path.CompiledPath -- Evaluating path: $
12:52:13.209 [main] DEBUG com.jayway.jsonpath.internal.JsonContext -- Put path $ key modifiers value {}
12:52:13.209 [main] DEBUG com.jayway.jsonpath.internal.path.CompiledPath -- Evaluating path: $
12:52:13.209 [main] DEBUG com.jayway.jsonpath.internal.JsonContext -- Put path $ key modifiers value 0
12:52:13.209 [main] DEBUG com.jayway.jsonpath.internal.path.CompiledPath -- Evaluating path: $['type']
12:52:13.209 [main] DEBUG com.jayway.jsonpath.internal.path.CompiledPath -- Evaluating path: $
12:52:13.209 [main] DEBUG com.jayway.jsonpath.internal.path.CompiledPath -- Evaluating path: $
12:52:13.209 [main] DEBUG com.jayway.jsonpath.internal.JsonContext -- Put path $ key type value {}
12:52:13.209 [main] DEBUG com.jayway.jsonpath.internal.path.CompiledPath -- Evaluating path: $
12:52:13.209 [main] DEBUG com.jayway.jsonpath.internal.JsonContext -- Put path $ key type value rawKeyDown
12:52:13.209 [main] DEBUG com.jayway.jsonpath.internal.path.CompiledPath -- Evaluating path: $['text']
12:52:13.209 [main] DEBUG com.jayway.jsonpath.internal.path.CompiledPath -- Evaluating path: $
12:52:13.209 [main] DEBUG com.jayway.jsonpath.internal.path.CompiledPath -- Evaluating path: $
12:52:13.209 [main] DEBUG com.jayway.jsonpath.internal.JsonContext -- Put path $ key text value {}
12:52:13.209 [main] DEBUG com.jayway.jsonpath.internal.path.CompiledPath -- Evaluating path: $
12:52:13.209 [main] DEBUG com.jayway.jsonpath.internal.JsonContext -- Put path $ key text value r
12:52:13.209 [main] DEBUG com.jayway.jsonpath.internal.path.CompiledPath -- Evaluating path: $['windowsVirtualKeyCode']
12:52:13.209 [main] DEBUG com.jayway.jsonpath.internal.path.CompiledPath -- Evaluating path: $
12:52:13.209 [main] DEBUG com.jayway.jsonpath.internal.path.CompiledPath -- Evaluating path: $
12:52:13.209 [main] DEBUG com.jayway.jsonpath.internal.JsonContext -- Put path $ key windowsVirtualKeyCode value {}
12:52:13.209 [main] DEBUG com.jayway.jsonpath.internal.path.CompiledPath -- Evaluating path: $
12:52:13.209 [main] DEBUG com.jayway.jsonpath.internal.JsonContext -- Put path $ key windowsVirtualKeyCode value 114
12:52:13.209 [main] DEBUG com.jayway.jsonpath.internal.path.CompiledPath -- Evaluating path: $
12:52:13.209 [main] DEBUG com.intuit.karate.driver.chrome_1718781728853 -- >> {"id":37,"sessionId":"801071A49DF559297546371E5BEA9469","method":"Input.dispatchKeyEvent","params":{"modifiers":0,"type":"rawKeyDown","text":"r","windowsVirtualKeyCode":114}}
12:52:13.213 [nioEventLoopGroup-8-1] DEBUG com.intuit.karate.driver.chrome_1718781728853 -- << {"id":37,"result":{},"sessionId":"801071A49DF559297546371E5BEA9469"}
12:52:13.213 [nioEventLoopGroup-8-1] DEBUG com.jayway.jsonpath.internal.path.CompiledPath -- Evaluating path: $
12:52:13.213 [main] DEBUG com.jayway.jsonpath.internal.path.CompiledPath -- Evaluating path: $['modifiers']
12:52:13.213 [main] DEBUG com.jayway.jsonpath.internal.path.CompiledPath -- Evaluating path: $
12:52:13.213 [main] DEBUG com.jayway.jsonpath.internal.path.CompiledPath -- Evaluating path: $
12:52:13.213 [main] DEBUG com.jayway.jsonpath.internal.JsonContext -- Put path $ key modifiers value {}
12:52:13.213 [main] DEBUG com.jayway.jsonpath.internal.path.CompiledPath -- Evaluating path: $
12:52:13.213 [main] DEBUG com.jayway.jsonpath.internal.JsonContext -- Put path $ key modifiers value 0
12:52:13.213 [main] DEBUG com.jayway.jsonpath.internal.path.CompiledPath -- Evaluating path: $['type']
12:52:13.213 [main] DEBUG com.jayway.jsonpath.internal.path.CompiledPath -- Evaluating path: $
12:52:13.213 [main] DEBUG com.jayway.jsonpath.internal.path.CompiledPath -- Evaluating path: $
12:52:13.213 [main] DEBUG com.jayway.jsonpath.internal.JsonContext -- Put path $ key type value {}
12:52:13.213 [main] DEBUG com.jayway.jsonpath.internal.path.CompiledPath -- Evaluating path: $
12:52:13.213 [main] DEBUG com.jayway.jsonpath.internal.JsonContext -- Put path $ key type value char
12:52:13.213 [main] DEBUG com.jayway.jsonpath.internal.path.CompiledPath -- Evaluating path: $['text']
12:52:13.213 [main] DEBUG com.jayway.jsonpath.internal.path.CompiledPath -- Evaluating path: $
12:52:13.213 [main] DEBUG com.jayway.jsonpath.internal.path.CompiledPath -- Evaluating path: $
12:52:13.213 [main] DEBUG com.jayway.jsonpath.internal.JsonContext -- Put path $ key text value {}
12:52:13.213 [main] DEBUG com.jayway.jsonpath.internal.path.CompiledPath -- Evaluating path: $
12:52:13.213 [main] DEBUG com.jayway.jsonpath.internal.JsonContext -- Put path $ key text value r
12:52:13.213 [main] DEBUG com.jayway.jsonpath.internal.path.CompiledPath -- Evaluating path: $['windowsVirtualKeyCode']
12:52:13.213 [main] DEBUG com.jayway.jsonpath.internal.path.CompiledPath -- Evaluating path: $
12:52:13.213 [main] DEBUG com.jayway.jsonpath.internal.path.CompiledPath -- Evaluating path: $
12:52:13.213 [main] DEBUG com.jayway.jsonpath.internal.JsonContext -- Put path $ key windowsVirtualKeyCode value {}
12:52:13.213 [main] DEBUG com.jayway.jsonpath.internal.path.CompiledPath -- Evaluating path: $
12:52:13.213 [main] DEBUG com.jayway.jsonpath.internal.JsonContext -- Put path $ key windowsVirtualKeyCode value 114
12:52:13.213 [main] DEBUG com.jayway.jsonpath.internal.path.CompiledPath -- Evaluating path: $
12:52:13.213 [main] DEBUG com.intuit.karate.driver.chrome_1718781728853 -- >> {"id":38,"sessionId":"801071A49DF559297546371E5BEA9469","method":"Input.dispatchKeyEvent","params":{"modifiers":0,"type":"char","text":"r","windowsVirtualKeyCode":114}}
12:52:13.221 [nioEventLoopGroup-8-1] DEBUG com.intuit.karate.driver.chrome_1718781728853 -- << {"id":38,"result":{},"sessionId":"801071A49DF559297546371E5BEA9469"}
12:52:13.221 [nioEventLoopGroup-8-1] DEBUG com.jayway.jsonpath.internal.path.CompiledPath -- Evaluating path: $
12:52:13.221 [main] DEBUG com.jayway.jsonpath.internal.path.CompiledPath -- Evaluating path: $['modifiers']
12:52:13.221 [main] DEBUG com.jayway.jsonpath.internal.path.CompiledPath -- Evaluating path: $
12:52:13.221 [main] DEBUG com.jayway.jsonpath.internal.path.CompiledPath -- Evaluating path: $
12:52:13.221 [main] DEBUG com.jayway.jsonpath.internal.JsonContext -- Put path $ key modifiers value {}
12:52:13.221 [main] DEBUG com.jayway.jsonpath.internal.path.CompiledPath -- Evaluating path: $
12:52:13.221 [main] DEBUG com.jayway.jsonpath.internal.JsonContext -- Put path $ key modifiers value 0
12:52:13.221 [main] DEBUG com.jayway.jsonpath.internal.path.CompiledPath -- Evaluating path: $['type']
12:52:13.221 [main] DEBUG com.jayway.jsonpath.internal.path.CompiledPath -- Evaluating path: $
12:52:13.221 [main] DEBUG com.jayway.jsonpath.internal.path.CompiledPath -- Evaluating path: $
12:52:13.221 [main] DEBUG com.jayway.jsonpath.internal.JsonContext -- Put path $ key type value {}
12:52:13.221 [main] DEBUG com.jayway.jsonpath.internal.path.CompiledPath -- Evaluating path: $
12:52:13.221 [main] DEBUG com.jayway.jsonpath.internal.JsonContext -- Put path $ key type value keyUp
12:52:13.221 [main] DEBUG com.jayway.jsonpath.internal.path.CompiledPath -- Evaluating path: $['text']
12:52:13.221 [main] DEBUG com.jayway.jsonpath.internal.path.CompiledPath -- Evaluating path: $
12:52:13.221 [main] DEBUG com.jayway.jsonpath.internal.path.CompiledPath -- Evaluating path: $
12:52:13.221 [main] DEBUG com.jayway.jsonpath.internal.JsonContext -- Put path $ key text value {}
12:52:13.221 [main] DEBUG com.jayway.jsonpath.internal.path.CompiledPath -- Evaluating path: $
12:52:13.221 [main] DEBUG com.jayway.jsonpath.internal.JsonContext -- Put path $ key text value r
12:52:13.221 [main] DEBUG com.jayway.jsonpath.internal.path.CompiledPath -- Evaluating path: $['windowsVirtualKeyCode']
12:52:13.221 [main] DEBUG com.jayway.jsonpath.internal.path.CompiledPath -- Evaluating path: $
12:52:13.221 [main] DEBUG com.jayway.jsonpath.internal.path.CompiledPath -- Evaluating path: $
12:52:13.221 [main] DEBUG com.jayway.jsonpath.internal.JsonContext -- Put path $ key windowsVirtualKeyCode value {}
12:52:13.221 [main] DEBUG com.jayway.jsonpath.internal.path.CompiledPath -- Evaluating path: $
12:52:13.221 [main] DEBUG com.jayway.jsonpath.internal.JsonContext -- Put path $ key windowsVirtualKeyCode value 114
12:52:13.221 [main] DEBUG com.jayway.jsonpath.internal.path.CompiledPath -- Evaluating path: $
12:52:13.221 [main] DEBUG com.intuit.karate.driver.chrome_1718781728853 -- >> {"id":39,"sessionId":"801071A49DF559297546371E5BEA9469","method":"Input.dispatchKeyEvent","params":{"modifiers":0,"type":"keyUp","text":"r","windowsVirtualKeyCode":114}}
12:52:13.221 [nioEventLoopGroup-8-1] DEBUG com.intuit.karate.driver.chrome_1718781728853 -- << {"id":39,"result":{},"sessionId":"801071A49DF559297546371E5BEA9469"}
12:52:13.221 [nioEventLoopGroup-8-1] DEBUG com.jayway.jsonpath.internal.path.CompiledPath -- Evaluating path: $
12:52:16.303 [main] DEBUG com.jayway.jsonpath.internal.path.CompiledPath -- Evaluating path: $['expression']
12:52:16.303 [main] DEBUG com.jayway.jsonpath.internal.path.CompiledPath -- Evaluating path: $
12:52:16.303 [main] DEBUG com.jayway.jsonpath.internal.path.CompiledPath -- Evaluating path: $
12:52:16.303 [main] DEBUG com.jayway.jsonpath.internal.JsonContext -- Put path $ key expression value {}
12:52:16.303 [main] DEBUG com.jayway.jsonpath.internal.path.CompiledPath -- Evaluating path: $
12:52:16.303 [main] DEBUG com.jayway.jsonpath.internal.JsonContext -- Put path $ key expression value var e = document.evaluate("//*[@id='password']", document, null, 9, null).singleNodeValue; e.focus(); try { e.selectionStart = e.selectionEnd = e.value.length } catch(x) {}
12:52:16.303 [main] DEBUG com.jayway.jsonpath.internal.path.CompiledPath -- Evaluating path: $['returnByValue']
12:52:16.303 [main] DEBUG com.jayway.jsonpath.internal.path.CompiledPath -- Evaluating path: $
12:52:16.303 [main] DEBUG com.jayway.jsonpath.internal.path.CompiledPath -- Evaluating path: $
12:52:16.303 [main] DEBUG com.jayway.jsonpath.internal.JsonContext -- Put path $ key returnByValue value {}
12:52:16.303 [main] DEBUG com.jayway.jsonpath.internal.path.CompiledPath -- Evaluating path: $
12:52:16.303 [main] DEBUG com.jayway.jsonpath.internal.JsonContext -- Put path $ key returnByValue value true
12:52:16.303 [main] DEBUG com.jayway.jsonpath.internal.path.CompiledPath -- Evaluating path: $
12:52:16.303 [main] DEBUG com.intuit.karate.driver.chrome_1718781728853 -- >> {"id":40,"sessionId":"801071A49DF559297546371E5BEA9469","method":"Runtime.evaluate","params":{"expression":"var e = document.evaluate(\"\/\/*[@id='password']\", document, null, 9, null).singleNodeValue; e.focus(); try { e.selectionStart = e.selectionEnd = e.value.length } catch(x) {}","returnByValue":true}}
12:52:16.335 [nioEventLoopGroup-8-1] DEBUG com.intuit.karate.driver.chrome_1718781728853 -- << {"id":40,"result":{"result":{"type":"number","value":0,"description":"0"}},"sessionId":"801071A49DF559297546371E5BEA9469"}
12:52:16.335 [nioEventLoopGroup-8-1] DEBUG com.jayway.jsonpath.internal.path.CompiledPath -- Evaluating path: $
12:52:16.335 [main] DEBUG com.jayway.jsonpath.internal.path.CompiledPath -- Evaluating path: $['modifiers']
12:52:16.335 [main] DEBUG com.jayway.jsonpath.internal.path.CompiledPath -- Evaluating path: $
12:52:16.335 [main] DEBUG com.jayway.jsonpath.internal.path.CompiledPath -- Evaluating path: $
12:52:16.335 [main] DEBUG com.jayway.jsonpath.internal.JsonContext -- Put path $ key modifiers value {}
12:52:16.335 [main] DEBUG com.jayway.jsonpath.internal.path.CompiledPath -- Evaluating path: $
12:52:16.335 [main] DEBUG com.jayway.jsonpath.internal.JsonContext -- Put path $ key modifiers value 0
12:52:16.335 [main] DEBUG com.jayway.jsonpath.internal.path.CompiledPath -- Evaluating path: $['type']
12:52:16.335 [main] DEBUG com.jayway.jsonpath.internal.path.CompiledPath -- Evaluating path: $
12:52:16.335 [main] DEBUG com.jayway.jsonpath.internal.path.CompiledPath -- Evaluating path: $
12:52:16.335 [main] DEBUG com.jayway.jsonpath.internal.JsonContext -- Put path $ key type value {}
12:52:16.335 [main] DEBUG com.jayway.jsonpath.internal.path.CompiledPath -- Evaluating path: $
12:52:16.335 [main] DEBUG com.jayway.jsonpath.internal.JsonContext -- Put path $ key type value rawKeyDown
12:52:16.335 [main] DEBUG com.jayway.jsonpath.internal.path.CompiledPath -- Evaluating path: $['text']
12:52:16.335 [main] DEBUG com.jayway.jsonpath.internal.path.CompiledPath -- Evaluating path: $
12:52:16.335 [main] DEBUG com.jayway.jsonpath.internal.path.CompiledPath -- Evaluating path: $
12:52:16.335 [main] DEBUG com.jayway.jsonpath.internal.JsonContext -- Put path $ key text value {}
12:52:16.335 [main] DEBUG com.jayway.jsonpath.internal.path.CompiledPath -- Evaluating path: $
12:52:16.335 [main] DEBUG com.jayway.jsonpath.internal.JsonContext -- Put path $ key text value s
12:52:16.335 [main] DEBUG com.jayway.jsonpath.internal.path.CompiledPath -- Evaluating path: $['windowsVirtualKeyCode']
12:52:16.335 [main] DEBUG com.jayway.jsonpath.internal.path.CompiledPath -- Evaluating path: $
12:52:16.335 [main] DEBUG com.jayway.jsonpath.internal.path.CompiledPath -- Evaluating path: $
12:52:16.335 [main] DEBUG com.jayway.jsonpath.internal.JsonContext -- Put path $ key windowsVirtualKeyCode value {}
12:52:16.335 [main] DEBUG com.jayway.jsonpath.internal.path.CompiledPath -- Evaluating path: $
12:52:16.335 [main] DEBUG com.jayway.jsonpath.internal.JsonContext -- Put path $ key windowsVirtualKeyCode value 115
12:52:16.335 [main] DEBUG com.jayway.jsonpath.internal.path.CompiledPath -- Evaluating path: $
12:52:16.335 [main] DEBUG com.intuit.karate.driver.chrome_1718781728853 -- >> {"id":41,"sessionId":"801071A49DF559297546371E5BEA9469","method":"Input.dispatchKeyEvent","params":{"modifiers":0,"type":"rawKeyDown","text":"s","windowsVirtualKeyCode":115}}
12:52:16.353 [nioEventLoopGroup-8-1] DEBUG com.intuit.karate.driver.chrome_1718781728853 -- << {"id":41,"result":{},"sessionId":"801071A49DF559297546371E5BEA9469"}
12:52:16.353 [nioEventLoopGroup-8-1] DEBUG com.jayway.jsonpath.internal.path.CompiledPath -- Evaluating path: $
12:52:16.353 [main] DEBUG com.jayway.jsonpath.internal.path.CompiledPath -- Evaluating path: $['modifiers']
12:52:16.353 [main] DEBUG com.jayway.jsonpath.internal.path.CompiledPath -- Evaluating path: $
12:52:16.353 [main] DEBUG com.jayway.jsonpath.internal.path.CompiledPath -- Evaluating path: $
12:52:16.353 [main] DEBUG com.jayway.jsonpath.internal.JsonContext -- Put path $ key modifiers value {}
12:52:16.353 [main] DEBUG com.jayway.jsonpath.internal.path.CompiledPath -- Evaluating path: $
12:52:16.353 [main] DEBUG com.jayway.jsonpath.internal.JsonContext -- Put path $ key modifiers value 0
12:52:16.353 [main] DEBUG com.jayway.jsonpath.internal.path.CompiledPath -- Evaluating path: $['type']
12:52:16.353 [main] DEBUG com.jayway.jsonpath.internal.path.CompiledPath -- Evaluating path: $
12:52:16.353 [main] DEBUG com.jayway.jsonpath.internal.path.CompiledPath -- Evaluating path: $
12:52:16.353 [main] DEBUG com.jayway.jsonpath.internal.JsonContext -- Put path $ key type value {}
12:52:16.353 [main] DEBUG com.jayway.jsonpath.internal.path.CompiledPath -- Evaluating path: $
12:52:16.353 [main] DEBUG com.jayway.jsonpath.internal.JsonContext -- Put path $ key type value char
12:52:16.353 [main] DEBUG com.jayway.jsonpath.internal.path.CompiledPath -- Evaluating path: $['text']
12:52:16.353 [main] DEBUG com.jayway.jsonpath.internal.path.CompiledPath -- Evaluating path: $
12:52:16.353 [main] DEBUG com.jayway.jsonpath.internal.path.CompiledPath -- Evaluating path: $
12:52:16.353 [main] DEBUG com.jayway.jsonpath.internal.JsonContext -- Put path $ key text value {}
12:52:16.353 [main] DEBUG com.jayway.jsonpath.internal.path.CompiledPath -- Evaluating path: $
12:52:16.353 [main] DEBUG com.jayway.jsonpath.internal.JsonContext -- Put path $ key text value s
12:52:16.353 [main] DEBUG com.jayway.jsonpath.internal.path.CompiledPath -- Evaluating path: $['windowsVirtualKeyCode']
12:52:16.353 [main] DEBUG com.jayway.jsonpath.internal.path.CompiledPath -- Evaluating path: $
12:52:16.353 [main] DEBUG com.jayway.jsonpath.internal.path.CompiledPath -- Evaluating path: $
12:52:16.353 [main] DEBUG com.jayway.jsonpath.internal.JsonContext -- Put path $ key windowsVirtualKeyCode value {}
12:52:16.353 [main] DEBUG com.jayway.jsonpath.internal.path.CompiledPath -- Evaluating path: $
12:52:16.353 [main] DEBUG com.jayway.jsonpath.internal.JsonContext -- Put path $ key windowsVirtualKeyCode value 115
12:52:16.353 [main] DEBUG com.jayway.jsonpath.internal.path.CompiledPath -- Evaluating path: $
12:52:16.353 [main] DEBUG com.intuit.karate.driver.chrome_1718781728853 -- >> {"id":42,"sessionId":"801071A49DF559297546371E5BEA9469","method":"Input.dispatchKeyEvent","params":{"modifiers":0,"type":"char","text":"s","windowsVirtualKeyCode":115}}
12:52:16.366 [nioEventLoopGroup-8-1] DEBUG com.intuit.karate.driver.chrome_1718781728853 -- << {"id":42,"result":{},"sessionId":"801071A49DF559297546371E5BEA9469"}
12:52:16.366 [nioEventLoopGroup-8-1] DEBUG com.jayway.jsonpath.internal.path.CompiledPath -- Evaluating path: $
12:52:16.366 [main] DEBUG com.jayway.jsonpath.internal.path.CompiledPath -- Evaluating path: $['modifiers']
12:52:16.366 [main] DEBUG com.jayway.jsonpath.internal.path.CompiledPath -- Evaluating path: $
12:52:16.366 [main] DEBUG com.jayway.jsonpath.internal.path.CompiledPath -- Evaluating path: $
12:52:16.366 [main] DEBUG com.jayway.jsonpath.internal.JsonContext -- Put path $ key modifiers value {}
12:52:16.366 [main] DEBUG com.jayway.jsonpath.internal.path.CompiledPath -- Evaluating path: $
12:52:16.366 [main] DEBUG com.jayway.jsonpath.internal.JsonContext -- Put path $ key modifiers value 0
12:52:16.366 [main] DEBUG com.jayway.jsonpath.internal.path.CompiledPath -- Evaluating path: $['type']
12:52:16.366 [main] DEBUG com.jayway.jsonpath.internal.path.CompiledPath -- Evaluating path: $
12:52:16.366 [main] DEBUG com.jayway.jsonpath.internal.path.CompiledPath -- Evaluating path: $
12:52:16.366 [main] DEBUG com.jayway.jsonpath.internal.JsonContext -- Put path $ key type value {}
12:52:16.366 [main] DEBUG com.jayway.jsonpath.internal.path.CompiledPath -- Evaluating path: $
12:52:16.366 [main] DEBUG com.jayway.jsonpath.internal.JsonContext -- Put path $ key type value keyUp
12:52:16.366 [main] DEBUG com.jayway.jsonpath.internal.path.CompiledPath -- Evaluating path: $['text']
12:52:16.366 [main] DEBUG com.jayway.jsonpath.internal.path.CompiledPath -- Evaluating path: $
12:52:16.366 [main] DEBUG com.jayway.jsonpath.internal.path.CompiledPath -- Evaluating path: $
12:52:16.366 [main] DEBUG com.jayway.jsonpath.internal.JsonContext -- Put path $ key text value {}
12:52:16.366 [main] DEBUG com.jayway.jsonpath.internal.path.CompiledPath -- Evaluating path: $
12:52:16.366 [main] DEBUG com.jayway.jsonpath.internal.JsonContext -- Put path $ key text value s
12:52:16.366 [main] DEBUG com.jayway.jsonpath.internal.path.CompiledPath -- Evaluating path: $['windowsVirtualKeyCode']
12:52:16.366 [main] DEBUG com.jayway.jsonpath.internal.path.CompiledPath -- Evaluating path: $
12:52:16.366 [main] DEBUG com.jayway.jsonpath.internal.path.CompiledPath -- Evaluating path: $
12:52:16.366 [main] DEBUG com.jayway.jsonpath.internal.JsonContext -- Put path $ key windowsVirtualKeyCode value {}
12:52:16.366 [main] DEBUG com.jayway.jsonpath.internal.path.CompiledPath -- Evaluating path: $
12:52:16.366 [main] DEBUG com.jayway.jsonpath.internal.JsonContext -- Put path $ key windowsVirtualKeyCode value 115
12:52:16.366 [main] DEBUG com.jayway.jsonpath.internal.path.CompiledPath -- Evaluating path: $
12:52:16.366 [main] DEBUG com.intuit.karate.driver.chrome_1718781728853 -- >> {"id":43,"sessionId":"801071A49DF559297546371E5BEA9469","method":"Input.dispatchKeyEvent","params":{"modifiers":0,"type":"keyUp","text":"s","windowsVirtualKeyCode":115}}
12:52:16.855 [nioEventLoopGroup-8-1] DEBUG com.intuit.karate.driver.chrome_1718781728853 -- << {"id":43,"result":{},"sessionId":"801071A49DF559297546371E5BEA9469"}
12:52:16.855 [nioEventLoopGroup-8-1] DEBUG com.jayway.jsonpath.internal.path.CompiledPath -- Evaluating path: $
12:52:16.855 [main] DEBUG com.jayway.jsonpath.internal.path.CompiledPath -- Evaluating path: $['modifiers']
12:52:16.855 [main] DEBUG com.jayway.jsonpath.internal.path.CompiledPath -- Evaluating path: $
12:52:16.855 [main] DEBUG com.jayway.jsonpath.internal.path.CompiledPath -- Evaluating path: $
12:52:16.855 [main] DEBUG com.jayway.jsonpath.internal.JsonContext -- Put path $ key modifiers value {}
12:52:16.855 [main] DEBUG com.jayway.jsonpath.internal.path.CompiledPath -- Evaluating path: $
12:52:16.855 [main] DEBUG com.jayway.jsonpath.internal.JsonContext -- Put path $ key modifiers value 0
12:52:16.855 [main] DEBUG com.jayway.jsonpath.internal.path.CompiledPath -- Evaluating path: $['type']
12:52:16.855 [main] DEBUG com.jayway.jsonpath.internal.path.CompiledPath -- Evaluating path: $
12:52:16.855 [main] DEBUG com.jayway.jsonpath.internal.path.CompiledPath -- Evaluating path: $
12:52:16.855 [main] DEBUG com.jayway.jsonpath.internal.JsonContext -- Put path $ key type value {}
12:52:16.855 [main] DEBUG com.jayway.jsonpath.internal.path.CompiledPath -- Evaluating path: $
12:52:16.855 [main] DEBUG com.jayway.jsonpath.internal.JsonContext -- Put path $ key type value rawKeyDown
12:52:16.855 [main] DEBUG com.jayway.jsonpath.internal.path.CompiledPath -- Evaluating path: $['text']
12:52:16.855 [main] DEBUG com.jayway.jsonpath.internal.path.CompiledPath -- Evaluating path: $
12:52:16.855 [main] DEBUG com.jayway.jsonpath.internal.path.CompiledPath -- Evaluating path: $
12:52:16.855 [main] DEBUG com.jayway.jsonpath.internal.JsonContext -- Put path $ key text value {}
12:52:16.855 [main] DEBUG com.jayway.jsonpath.internal.path.CompiledPath -- Evaluating path: $
12:52:16.855 [main] DEBUG com.jayway.jsonpath.internal.JsonContext -- Put path $ key text value e
12:52:16.855 [main] DEBUG com.jayway.jsonpath.internal.path.CompiledPath -- Evaluating path: $['windowsVirtualKeyCode']
12:52:16.855 [main] DEBUG com.jayway.jsonpath.internal.path.CompiledPath -- Evaluating path: $
12:52:16.855 [main] DEBUG com.jayway.jsonpath.internal.path.CompiledPath -- Evaluating path: $
12:52:16.855 [main] DEBUG com.jayway.jsonpath.internal.JsonContext -- Put path $ key windowsVirtualKeyCode value {}
12:52:16.855 [main] DEBUG com.jayway.jsonpath.internal.path.CompiledPath -- Evaluating path: $
12:52:16.855 [main] DEBUG com.jayway.jsonpath.internal.JsonContext -- Put path $ key windowsVirtualKeyCode value 101
12:52:16.855 [main] DEBUG com.jayway.jsonpath.internal.path.CompiledPath -- Evaluating path: $
12:52:16.855 [main] DEBUG com.intuit.karate.driver.chrome_1718781728853 -- >> {"id":44,"sessionId":"801071A49DF559297546371E5BEA9469","method":"Input.dispatchKeyEvent","params":{"modifiers":0,"type":"rawKeyDown","text":"e","windowsVirtualKeyCode":101}}
12:52:16.855 [nioEventLoopGroup-8-1] DEBUG com.intuit.karate.driver.chrome_1718781728853 -- << {"id":44,"result":{},"sessionId":"801071A49DF559297546371E5BEA9469"}
12:52:16.855 [nioEventLoopGroup-8-1] DEBUG com.jayway.jsonpath.internal.path.CompiledPath -- Evaluating path: $
12:52:16.855 [main] DEBUG com.jayway.jsonpath.internal.path.CompiledPath -- Evaluating path: $['modifiers']
12:52:16.855 [main] DEBUG com.jayway.jsonpath.internal.path.CompiledPath -- Evaluating path: $
12:52:16.855 [main] DEBUG com.jayway.jsonpath.internal.path.CompiledPath -- Evaluating path: $
12:52:16.855 [main] DEBUG com.jayway.jsonpath.internal.JsonContext -- Put path $ key modifiers value {}
12:52:16.855 [main] DEBUG com.jayway.jsonpath.internal.path.CompiledPath -- Evaluating path: $
12:52:16.855 [main] DEBUG com.jayway.jsonpath.internal.JsonContext -- Put path $ key modifiers value 0
12:52:16.855 [main] DEBUG com.jayway.jsonpath.internal.path.CompiledPath -- Evaluating path: $['type']
12:52:16.855 [main] DEBUG com.jayway.jsonpath.internal.path.CompiledPath -- Evaluating path: $
12:52:16.855 [main] DEBUG com.jayway.jsonpath.internal.path.CompiledPath -- Evaluating path: $
12:52:16.855 [main] DEBUG com.jayway.jsonpath.internal.JsonContext -- Put path $ key type value {}
12:52:16.855 [main] DEBUG com.jayway.jsonpath.internal.path.CompiledPath -- Evaluating path: $
12:52:16.855 [main] DEBUG com.jayway.jsonpath.internal.JsonContext -- Put path $ key type value char
12:52:16.855 [main] DEBUG com.jayway.jsonpath.internal.path.CompiledPath -- Evaluating path: $['text']
12:52:16.855 [main] DEBUG com.jayway.jsonpath.internal.path.CompiledPath -- Evaluating path: $
12:52:16.855 [main] DEBUG com.jayway.jsonpath.internal.path.CompiledPath -- Evaluating path: $
12:52:16.855 [main] DEBUG com.jayway.jsonpath.internal.JsonContext -- Put path $ key text value {}
12:52:16.855 [main] DEBUG com.jayway.jsonpath.internal.path.CompiledPath -- Evaluating path: $
12:52:16.855 [main] DEBUG com.jayway.jsonpath.internal.JsonContext -- Put path $ key text value e
12:52:16.855 [main] DEBUG com.jayway.jsonpath.internal.path.CompiledPath -- Evaluating path: $['windowsVirtualKeyCode']
12:52:16.855 [main] DEBUG com.jayway.jsonpath.internal.path.CompiledPath -- Evaluating path: $
12:52:16.855 [main] DEBUG com.jayway.jsonpath.internal.path.CompiledPath -- Evaluating path: $
12:52:16.855 [main] DEBUG com.jayway.jsonpath.internal.JsonContext -- Put path $ key windowsVirtualKeyCode value {}
12:52:16.855 [main] DEBUG com.jayway.jsonpath.internal.path.CompiledPath -- Evaluating path: $
12:52:16.855 [main] DEBUG com.jayway.jsonpath.internal.JsonContext -- Put path $ key windowsVirtualKeyCode value 101
12:52:16.855 [main] DEBUG com.jayway.jsonpath.internal.path.CompiledPath -- Evaluating path: $
12:52:16.855 [main] DEBUG com.intuit.karate.driver.chrome_1718781728853 -- >> {"id":45,"sessionId":"801071A49DF559297546371E5BEA9469","method":"Input.dispatchKeyEvent","params":{"modifiers":0,"type":"char","text":"e","windowsVirtualKeyCode":101}}
12:52:16.870 [nioEventLoopGroup-8-1] DEBUG com.intuit.karate.driver.chrome_1718781728853 -- << {"id":45,"result":{},"sessionId":"801071A49DF559297546371E5BEA9469"}
12:52:16.870 [nioEventLoopGroup-8-1] DEBUG com.jayway.jsonpath.internal.path.CompiledPath -- Evaluating path: $
12:52:16.870 [main] DEBUG com.jayway.jsonpath.internal.path.CompiledPath -- Evaluating path: $['modifiers']
12:52:16.870 [main] DEBUG com.jayway.jsonpath.internal.path.CompiledPath -- Evaluating path: $
12:52:16.870 [main] DEBUG com.jayway.jsonpath.internal.path.CompiledPath -- Evaluating path: $
12:52:16.870 [main] DEBUG com.jayway.jsonpath.internal.JsonContext -- Put path $ key modifiers value {}
12:52:16.870 [main] DEBUG com.jayway.jsonpath.internal.path.CompiledPath -- Evaluating path: $
12:52:16.870 [main] DEBUG com.jayway.jsonpath.internal.JsonContext -- Put path $ key modifiers value 0
12:52:16.870 [main] DEBUG com.jayway.jsonpath.internal.path.CompiledPath -- Evaluating path: $['type']
12:52:16.870 [main] DEBUG com.jayway.jsonpath.internal.path.CompiledPath -- Evaluating path: $
12:52:16.870 [main] DEBUG com.jayway.jsonpath.internal.path.CompiledPath -- Evaluating path: $
12:52:16.870 [main] DEBUG com.jayway.jsonpath.internal.JsonContext -- Put path $ key type value {}
12:52:16.870 [main] DEBUG com.jayway.jsonpath.internal.path.CompiledPath -- Evaluating path: $
12:52:16.870 [main] DEBUG com.jayway.jsonpath.internal.JsonContext -- Put path $ key type value keyUp
12:52:16.870 [main] DEBUG com.jayway.jsonpath.internal.path.CompiledPath -- Evaluating path: $['text']
12:52:16.870 [main] DEBUG com.jayway.jsonpath.internal.path.CompiledPath -- Evaluating path: $
12:52:16.870 [main] DEBUG com.jayway.jsonpath.internal.path.CompiledPath -- Evaluating path: $
12:52:16.870 [main] DEBUG com.jayway.jsonpath.internal.JsonContext -- Put path $ key text value {}
12:52:16.870 [main] DEBUG com.jayway.jsonpath.internal.path.CompiledPath -- Evaluating path: $
12:52:16.870 [main] DEBUG com.jayway.jsonpath.internal.JsonContext -- Put path $ key text value e
12:52:16.870 [main] DEBUG com.jayway.jsonpath.internal.path.CompiledPath -- Evaluating path: $['windowsVirtualKeyCode']
12:52:16.870 [main] DEBUG com.jayway.jsonpath.internal.path.CompiledPath -- Evaluating path: $
12:52:16.870 [main] DEBUG com.jayway.jsonpath.internal.path.CompiledPath -- Evaluating path: $
12:52:16.870 [main] DEBUG com.jayway.jsonpath.internal.JsonContext -- Put path $ key windowsVirtualKeyCode value {}
12:52:16.870 [main] DEBUG com.jayway.jsonpath.internal.path.CompiledPath -- Evaluating path: $
12:52:16.870 [main] DEBUG com.jayway.jsonpath.internal.JsonContext -- Put path $ key windowsVirtualKeyCode value 101
12:52:16.870 [main] DEBUG com.jayway.jsonpath.internal.path.CompiledPath -- Evaluating path: $
12:52:16.870 [main] DEBUG com.intuit.karate.driver.chrome_1718781728853 -- >> {"id":46,"sessionId":"801071A49DF559297546371E5BEA9469","method":"Input.dispatchKeyEvent","params":{"modifiers":0,"type":"keyUp","text":"e","windowsVirtualKeyCode":101}}
12:52:16.870 [nioEventLoopGroup-8-1] DEBUG com.intuit.karate.driver.chrome_1718781728853 -- << {"id":46,"result":{},"sessionId":"801071A49DF559297546371E5BEA9469"}
12:52:16.870 [nioEventLoopGroup-8-1] DEBUG com.jayway.jsonpath.internal.path.CompiledPath -- Evaluating path: $
12:52:16.870 [main] DEBUG com.jayway.jsonpath.internal.path.CompiledPath -- Evaluating path: $['modifiers']
12:52:16.870 [main] DEBUG com.jayway.jsonpath.internal.path.CompiledPath -- Evaluating path: $
12:52:16.870 [main] DEBUG com.jayway.jsonpath.internal.path.CompiledPath -- Evaluating path: $
12:52:16.870 [main] DEBUG com.jayway.jsonpath.internal.JsonContext -- Put path $ key modifiers value {}
12:52:16.870 [main] DEBUG com.jayway.jsonpath.internal.path.CompiledPath -- Evaluating path: $
12:52:16.870 [main] DEBUG com.jayway.jsonpath.internal.JsonContext -- Put path $ key modifiers value 0
12:52:16.870 [main] DEBUG com.jayway.jsonpath.internal.path.CompiledPath -- Evaluating path: $['type']
12:52:16.870 [main] DEBUG com.jayway.jsonpath.internal.path.CompiledPath -- Evaluating path: $
12:52:16.870 [main] DEBUG com.jayway.jsonpath.internal.path.CompiledPath -- Evaluating path: $
12:52:16.870 [main] DEBUG com.jayway.jsonpath.internal.JsonContext -- Put path $ key type value {}
12:52:16.870 [main] DEBUG com.jayway.jsonpath.internal.path.CompiledPath -- Evaluating path: $
12:52:16.870 [main] DEBUG com.jayway.jsonpath.internal.JsonContext -- Put path $ key type value rawKeyDown
12:52:16.870 [main] DEBUG com.jayway.jsonpath.internal.path.CompiledPath -- Evaluating path: $['text']
12:52:16.870 [main] DEBUG com.jayway.jsonpath.internal.path.CompiledPath -- Evaluating path: $
12:52:16.870 [main] DEBUG com.jayway.jsonpath.internal.path.CompiledPath -- Evaluating path: $
12:52:16.870 [main] DEBUG com.jayway.jsonpath.internal.JsonContext -- Put path $ key text value {}
12:52:16.870 [main] DEBUG com.jayway.jsonpath.internal.path.CompiledPath -- Evaluating path: $
12:52:16.870 [main] DEBUG com.jayway.jsonpath.internal.JsonContext -- Put path $ key text value c
12:52:16.870 [main] DEBUG com.jayway.jsonpath.internal.path.CompiledPath -- Evaluating path: $['windowsVirtualKeyCode']
12:52:16.870 [main] DEBUG com.jayway.jsonpath.internal.path.CompiledPath -- Evaluating path: $
12:52:16.870 [main] DEBUG com.jayway.jsonpath.internal.path.CompiledPath -- Evaluating path: $
12:52:16.870 [main] DEBUG com.jayway.jsonpath.internal.JsonContext -- Put path $ key windowsVirtualKeyCode value {}
12:52:16.870 [main] DEBUG com.jayway.jsonpath.internal.path.CompiledPath -- Evaluating path: $
12:52:16.870 [main] DEBUG com.jayway.jsonpath.internal.JsonContext -- Put path $ key windowsVirtualKeyCode value 99
12:52:16.870 [main] DEBUG com.jayway.jsonpath.internal.path.CompiledPath -- Evaluating path: $
12:52:16.870 [main] DEBUG com.intuit.karate.driver.chrome_1718781728853 -- >> {"id":47,"sessionId":"801071A49DF559297546371E5BEA9469","method":"Input.dispatchKeyEvent","params":{"modifiers":0,"type":"rawKeyDown","text":"c","windowsVirtualKeyCode":99}}
12:52:16.870 [nioEventLoopGroup-8-1] DEBUG com.intuit.karate.driver.chrome_1718781728853 -- << {"id":47,"result":{},"sessionId":"801071A49DF559297546371E5BEA9469"}
12:52:16.870 [nioEventLoopGroup-8-1] DEBUG com.jayway.jsonpath.internal.path.CompiledPath -- Evaluating path: $
12:52:16.870 [main] DEBUG com.jayway.jsonpath.internal.path.CompiledPath -- Evaluating path: $['modifiers']
12:52:16.870 [main] DEBUG com.jayway.jsonpath.internal.path.CompiledPath -- Evaluating path: $
12:52:16.870 [main] DEBUG com.jayway.jsonpath.internal.path.CompiledPath -- Evaluating path: $
12:52:16.870 [main] DEBUG com.jayway.jsonpath.internal.JsonContext -- Put path $ key modifiers value {}
12:52:16.870 [main] DEBUG com.jayway.jsonpath.internal.path.CompiledPath -- Evaluating path: $
12:52:16.870 [main] DEBUG com.jayway.jsonpath.internal.JsonContext -- Put path $ key modifiers value 0
12:52:16.870 [main] DEBUG com.jayway.jsonpath.internal.path.CompiledPath -- Evaluating path: $['type']
12:52:16.870 [main] DEBUG com.jayway.jsonpath.internal.path.CompiledPath -- Evaluating path: $
12:52:16.870 [main] DEBUG com.jayway.jsonpath.internal.path.CompiledPath -- Evaluating path: $
12:52:16.870 [main] DEBUG com.jayway.jsonpath.internal.JsonContext -- Put path $ key type value {}
12:52:16.870 [main] DEBUG com.jayway.jsonpath.internal.path.CompiledPath -- Evaluating path: $
12:52:16.870 [main] DEBUG com.jayway.jsonpath.internal.JsonContext -- Put path $ key type value char
12:52:16.870 [main] DEBUG com.jayway.jsonpath.internal.path.CompiledPath -- Evaluating path: $['text']
12:52:16.870 [main] DEBUG com.jayway.jsonpath.internal.path.CompiledPath -- Evaluating path: $
12:52:16.870 [main] DEBUG com.jayway.jsonpath.internal.path.CompiledPath -- Evaluating path: $
12:52:16.870 [main] DEBUG com.jayway.jsonpath.internal.JsonContext -- Put path $ key text value {}
12:52:16.870 [main] DEBUG com.jayway.jsonpath.internal.path.CompiledPath -- Evaluating path: $
12:52:16.870 [main] DEBUG com.jayway.jsonpath.internal.JsonContext -- Put path $ key text value c
12:52:16.870 [main] DEBUG com.jayway.jsonpath.internal.path.CompiledPath -- Evaluating path: $['windowsVirtualKeyCode']
12:52:16.870 [main] DEBUG com.jayway.jsonpath.internal.path.CompiledPath -- Evaluating path: $
12:52:16.870 [main] DEBUG com.jayway.jsonpath.internal.path.CompiledPath -- Evaluating path: $
12:52:16.870 [main] DEBUG com.jayway.jsonpath.internal.JsonContext -- Put path $ key windowsVirtualKeyCode value {}
12:52:16.870 [main] DEBUG com.jayway.jsonpath.internal.path.CompiledPath -- Evaluating path: $
12:52:16.870 [main] DEBUG com.jayway.jsonpath.internal.JsonContext -- Put path $ key windowsVirtualKeyCode value 99
12:52:16.870 [main] DEBUG com.jayway.jsonpath.internal.path.CompiledPath -- Evaluating path: $
12:52:16.870 [main] DEBUG com.intuit.karate.driver.chrome_1718781728853 -- >> {"id":48,"sessionId":"801071A49DF559297546371E5BEA9469","method":"Input.dispatchKeyEvent","params":{"modifiers":0,"type":"char","text":"c","windowsVirtualKeyCode":99}}
12:52:16.870 [nioEventLoopGroup-8-1] DEBUG com.intuit.karate.driver.chrome_1718781728853 -- << {"id":48,"result":{},"sessionId":"801071A49DF559297546371E5BEA9469"}
12:52:16.870 [nioEventLoopGroup-8-1] DEBUG com.jayway.jsonpath.internal.path.CompiledPath -- Evaluating path: $
12:52:16.870 [main] DEBUG com.jayway.jsonpath.internal.path.CompiledPath -- Evaluating path: $['modifiers']
12:52:16.870 [main] DEBUG com.jayway.jsonpath.internal.path.CompiledPath -- Evaluating path: $
12:52:16.870 [main] DEBUG com.jayway.jsonpath.internal.path.CompiledPath -- Evaluating path: $
12:52:16.870 [main] DEBUG com.jayway.jsonpath.internal.JsonContext -- Put path $ key modifiers value {}
12:52:16.870 [main] DEBUG com.jayway.jsonpath.internal.path.CompiledPath -- Evaluating path: $
12:52:16.870 [main] DEBUG com.jayway.jsonpath.internal.JsonContext -- Put path $ key modifiers value 0
12:52:16.870 [main] DEBUG com.jayway.jsonpath.internal.path.CompiledPath -- Evaluating path: $['type']
12:52:16.870 [main] DEBUG com.jayway.jsonpath.internal.path.CompiledPath -- Evaluating path: $
12:52:16.870 [main] DEBUG com.jayway.jsonpath.internal.path.CompiledPath -- Evaluating path: $
12:52:16.870 [main] DEBUG com.jayway.jsonpath.internal.JsonContext -- Put path $ key type value {}
12:52:16.870 [main] DEBUG com.jayway.jsonpath.internal.path.CompiledPath -- Evaluating path: $
12:52:16.870 [main] DEBUG com.jayway.jsonpath.internal.JsonContext -- Put path $ key type value keyUp
12:52:16.870 [main] DEBUG com.jayway.jsonpath.internal.path.CompiledPath -- Evaluating path: $['text']
12:52:16.870 [main] DEBUG com.jayway.jsonpath.internal.path.CompiledPath -- Evaluating path: $
12:52:16.870 [main] DEBUG com.jayway.jsonpath.internal.path.CompiledPath -- Evaluating path: $
12:52:16.870 [main] DEBUG com.jayway.jsonpath.internal.JsonContext -- Put path $ key text value {}
12:52:16.870 [main] DEBUG com.jayway.jsonpath.internal.path.CompiledPath -- Evaluating path: $
12:52:16.870 [main] DEBUG com.jayway.jsonpath.internal.JsonContext -- Put path $ key text value c
12:52:16.870 [main] DEBUG com.jayway.jsonpath.internal.path.CompiledPath -- Evaluating path: $['windowsVirtualKeyCode']
12:52:16.870 [main] DEBUG com.jayway.jsonpath.internal.path.CompiledPath -- Evaluating path: $
12:52:16.870 [main] DEBUG com.jayway.jsonpath.internal.path.CompiledPath -- Evaluating path: $
12:52:16.870 [main] DEBUG com.jayway.jsonpath.internal.JsonContext -- Put path $ key windowsVirtualKeyCode value {}
12:52:16.870 [main] DEBUG com.jayway.jsonpath.internal.path.CompiledPath -- Evaluating path: $
12:52:16.870 [main] DEBUG com.jayway.jsonpath.internal.JsonContext -- Put path $ key windowsVirtualKeyCode value 99
12:52:16.870 [main] DEBUG com.jayway.jsonpath.internal.path.CompiledPath -- Evaluating path: $
12:52:16.870 [main] DEBUG com.intuit.karate.driver.chrome_1718781728853 -- >> {"id":49,"sessionId":"801071A49DF559297546371E5BEA9469","method":"Input.dispatchKeyEvent","params":{"modifiers":0,"type":"keyUp","text":"c","windowsVirtualKeyCode":99}}
12:52:16.870 [nioEventLoopGroup-8-1] DEBUG com.intuit.karate.driver.chrome_1718781728853 -- << {"id":49,"result":{},"sessionId":"801071A49DF559297546371E5BEA9469"}
12:52:16.870 [nioEventLoopGroup-8-1] DEBUG com.jayway.jsonpath.internal.path.CompiledPath -- Evaluating path: $
12:52:16.870 [main] DEBUG com.jayway.jsonpath.internal.path.CompiledPath -- Evaluating path: $['modifiers']
12:52:16.870 [main] DEBUG com.jayway.jsonpath.internal.path.CompiledPath -- Evaluating path: $
12:52:16.870 [main] DEBUG com.jayway.jsonpath.internal.path.CompiledPath -- Evaluating path: $
12:52:16.870 [main] DEBUG com.jayway.jsonpath.internal.JsonContext -- Put path $ key modifiers value {}
12:52:16.870 [main] DEBUG com.jayway.jsonpath.internal.path.CompiledPath -- Evaluating path: $
12:52:16.870 [main] DEBUG com.jayway.jsonpath.internal.JsonContext -- Put path $ key modifiers value 0
12:52:16.870 [main] DEBUG com.jayway.jsonpath.internal.path.CompiledPath -- Evaluating path: $['type']
12:52:16.870 [main] DEBUG com.jayway.jsonpath.internal.path.CompiledPath -- Evaluating path: $
12:52:16.870 [main] DEBUG com.jayway.jsonpath.internal.path.CompiledPath -- Evaluating path: $
12:52:16.870 [main] DEBUG com.jayway.jsonpath.internal.JsonContext -- Put path $ key type value {}
12:52:16.870 [main] DEBUG com.jayway.jsonpath.internal.path.CompiledPath -- Evaluating path: $
12:52:16.870 [main] DEBUG com.jayway.jsonpath.internal.JsonContext -- Put path $ key type value rawKeyDown
12:52:16.870 [main] DEBUG com.jayway.jsonpath.internal.path.CompiledPath -- Evaluating path: $['text']
12:52:16.870 [main] DEBUG com.jayway.jsonpath.internal.path.CompiledPath -- Evaluating path: $
12:52:16.870 [main] DEBUG com.jayway.jsonpath.internal.path.CompiledPath -- Evaluating path: $
12:52:16.870 [main] DEBUG com.jayway.jsonpath.internal.JsonContext -- Put path $ key text value {}
12:52:16.870 [main] DEBUG com.jayway.jsonpath.internal.path.CompiledPath -- Evaluating path: $
12:52:16.870 [main] DEBUG com.jayway.jsonpath.internal.JsonContext -- Put path $ key text value r
12:52:16.870 [main] DEBUG com.jayway.jsonpath.internal.path.CompiledPath -- Evaluating path: $['windowsVirtualKeyCode']
12:52:16.870 [main] DEBUG com.jayway.jsonpath.internal.path.CompiledPath -- Evaluating path: $
12:52:16.870 [main] DEBUG com.jayway.jsonpath.internal.path.CompiledPath -- Evaluating path: $
12:52:16.870 [main] DEBUG com.jayway.jsonpath.internal.JsonContext -- Put path $ key windowsVirtualKeyCode value {}
12:52:16.870 [main] DEBUG com.jayway.jsonpath.internal.path.CompiledPath -- Evaluating path: $
12:52:16.870 [main] DEBUG com.jayway.jsonpath.internal.JsonContext -- Put path $ key windowsVirtualKeyCode value 114
12:52:16.870 [main] DEBUG com.jayway.jsonpath.internal.path.CompiledPath -- Evaluating path: $
12:52:16.870 [main] DEBUG com.intuit.karate.driver.chrome_1718781728853 -- >> {"id":50,"sessionId":"801071A49DF559297546371E5BEA9469","method":"Input.dispatchKeyEvent","params":{"modifiers":0,"type":"rawKeyDown","text":"r","windowsVirtualKeyCode":114}}
12:52:16.870 [nioEventLoopGroup-8-1] DEBUG com.intuit.karate.driver.chrome_1718781728853 -- << {"id":50,"result":{},"sessionId":"801071A49DF559297546371E5BEA9469"}
12:52:16.870 [nioEventLoopGroup-8-1] DEBUG com.jayway.jsonpath.internal.path.CompiledPath -- Evaluating path: $
12:52:16.870 [main] DEBUG com.jayway.jsonpath.internal.path.CompiledPath -- Evaluating path: $['modifiers']
12:52:16.870 [main] DEBUG com.jayway.jsonpath.internal.path.CompiledPath -- Evaluating path: $
12:52:16.870 [main] DEBUG com.jayway.jsonpath.internal.path.CompiledPath -- Evaluating path: $
12:52:16.870 [main] DEBUG com.jayway.jsonpath.internal.JsonContext -- Put path $ key modifiers value {}
12:52:16.870 [main] DEBUG com.jayway.jsonpath.internal.path.CompiledPath -- Evaluating path: $
12:52:16.870 [main] DEBUG com.jayway.jsonpath.internal.JsonContext -- Put path $ key modifiers value 0
12:52:16.870 [main] DEBUG com.jayway.jsonpath.internal.path.CompiledPath -- Evaluating path: $['type']
12:52:16.870 [main] DEBUG com.jayway.jsonpath.internal.path.CompiledPath -- Evaluating path: $
12:52:16.870 [main] DEBUG com.jayway.jsonpath.internal.path.CompiledPath -- Evaluating path: $
12:52:16.870 [main] DEBUG com.jayway.jsonpath.internal.JsonContext -- Put path $ key type value {}
12:52:16.870 [main] DEBUG com.jayway.jsonpath.internal.path.CompiledPath -- Evaluating path: $
12:52:16.870 [main] DEBUG com.jayway.jsonpath.internal.JsonContext -- Put path $ key type value char
12:52:16.870 [main] DEBUG com.jayway.jsonpath.internal.path.CompiledPath -- Evaluating path: $['text']
12:52:16.870 [main] DEBUG com.jayway.jsonpath.internal.path.CompiledPath -- Evaluating path: $
12:52:16.870 [main] DEBUG com.jayway.jsonpath.internal.path.CompiledPath -- Evaluating path: $
12:52:16.870 [main] DEBUG com.jayway.jsonpath.internal.JsonContext -- Put path $ key text value {}
12:52:16.870 [main] DEBUG com.jayway.jsonpath.internal.path.CompiledPath -- Evaluating path: $
12:52:16.870 [main] DEBUG com.jayway.jsonpath.internal.JsonContext -- Put path $ key text value r
12:52:16.870 [main] DEBUG com.jayway.jsonpath.internal.path.CompiledPath -- Evaluating path: $['windowsVirtualKeyCode']
12:52:16.870 [main] DEBUG com.jayway.jsonpath.internal.path.CompiledPath -- Evaluating path: $
12:52:16.870 [main] DEBUG com.jayway.jsonpath.internal.path.CompiledPath -- Evaluating path: $
12:52:16.870 [main] DEBUG com.jayway.jsonpath.internal.JsonContext -- Put path $ key windowsVirtualKeyCode value {}
12:52:16.870 [main] DEBUG com.jayway.jsonpath.internal.path.CompiledPath -- Evaluating path: $
12:52:16.870 [main] DEBUG com.jayway.jsonpath.internal.JsonContext -- Put path $ key windowsVirtualKeyCode value 114
12:52:16.870 [main] DEBUG com.jayway.jsonpath.internal.path.CompiledPath -- Evaluating path: $
12:52:16.870 [main] DEBUG com.intuit.karate.driver.chrome_1718781728853 -- >> {"id":51,"sessionId":"801071A49DF559297546371E5BEA9469","method":"Input.dispatchKeyEvent","params":{"modifiers":0,"type":"char","text":"r","windowsVirtualKeyCode":114}}
12:52:16.964 [nioEventLoopGroup-8-1] DEBUG com.intuit.karate.driver.chrome_1718781728853 -- << {"id":51,"result":{},"sessionId":"801071A49DF559297546371E5BEA9469"}
12:52:16.964 [nioEventLoopGroup-8-1] DEBUG com.jayway.jsonpath.internal.path.CompiledPath -- Evaluating path: $
12:52:16.964 [main] DEBUG com.jayway.jsonpath.internal.path.CompiledPath -- Evaluating path: $['modifiers']
12:52:16.964 [main] DEBUG com.jayway.jsonpath.internal.path.CompiledPath -- Evaluating path: $
12:52:16.964 [main] DEBUG com.jayway.jsonpath.internal.path.CompiledPath -- Evaluating path: $
12:52:16.964 [main] DEBUG com.jayway.jsonpath.internal.JsonContext -- Put path $ key modifiers value {}
12:52:16.964 [main] DEBUG com.jayway.jsonpath.internal.path.CompiledPath -- Evaluating path: $
12:52:16.964 [main] DEBUG com.jayway.jsonpath.internal.JsonContext -- Put path $ key modifiers value 0
12:52:16.964 [main] DEBUG com.jayway.jsonpath.internal.path.CompiledPath -- Evaluating path: $['type']
12:52:16.964 [main] DEBUG com.jayway.jsonpath.internal.path.CompiledPath -- Evaluating path: $
12:52:16.964 [main] DEBUG com.jayway.jsonpath.internal.path.CompiledPath -- Evaluating path: $
12:52:16.964 [main] DEBUG com.jayway.jsonpath.internal.JsonContext -- Put path $ key type value {}
12:52:16.964 [main] DEBUG com.jayway.jsonpath.internal.path.CompiledPath -- Evaluating path: $
12:52:16.964 [main] DEBUG com.jayway.jsonpath.internal.JsonContext -- Put path $ key type value keyUp
12:52:16.964 [main] DEBUG com.jayway.jsonpath.internal.path.CompiledPath -- Evaluating path: $['text']
12:52:16.964 [main] DEBUG com.jayway.jsonpath.internal.path.CompiledPath -- Evaluating path: $
12:52:16.964 [main] DEBUG com.jayway.jsonpath.internal.path.CompiledPath -- Evaluating path: $
12:52:16.964 [main] DEBUG com.jayway.jsonpath.internal.JsonContext -- Put path $ key text value {}
12:52:16.964 [main] DEBUG com.jayway.jsonpath.internal.path.CompiledPath -- Evaluating path: $
12:52:16.964 [main] DEBUG com.jayway.jsonpath.internal.JsonContext -- Put path $ key text value r
12:52:16.964 [main] DEBUG com.jayway.jsonpath.internal.path.CompiledPath -- Evaluating path: $['windowsVirtualKeyCode']
12:52:16.964 [main] DEBUG com.jayway.jsonpath.internal.path.CompiledPath -- Evaluating path: $
12:52:16.964 [main] DEBUG com.jayway.jsonpath.internal.path.CompiledPath -- Evaluating path: $
12:52:16.964 [main] DEBUG com.jayway.jsonpath.internal.JsonContext -- Put path $ key windowsVirtualKeyCode value {}
12:52:16.964 [main] DEBUG com.jayway.jsonpath.internal.path.CompiledPath -- Evaluating path: $
12:52:16.964 [main] DEBUG com.jayway.jsonpath.internal.JsonContext -- Put path $ key windowsVirtualKeyCode value 114
12:52:16.964 [main] DEBUG com.jayway.jsonpath.internal.path.CompiledPath -- Evaluating path: $
12:52:16.964 [main] DEBUG com.intuit.karate.driver.chrome_1718781728853 -- >> {"id":52,"sessionId":"801071A49DF559297546371E5BEA9469","method":"Input.dispatchKeyEvent","params":{"modifiers":0,"type":"keyUp","text":"r","windowsVirtualKeyCode":114}}
12:52:16.992 [nioEventLoopGroup-8-1] DEBUG com.intuit.karate.driver.chrome_1718781728853 -- << {"id":52,"result":{},"sessionId":"801071A49DF559297546371E5BEA9469"}
12:52:16.992 [nioEventLoopGroup-8-1] DEBUG com.jayway.jsonpath.internal.path.CompiledPath -- Evaluating path: $
12:52:16.992 [main] DEBUG com.jayway.jsonpath.internal.path.CompiledPath -- Evaluating path: $['modifiers']
12:52:16.992 [main] DEBUG com.jayway.jsonpath.internal.path.CompiledPath -- Evaluating path: $
12:52:16.992 [main] DEBUG com.jayway.jsonpath.internal.path.CompiledPath -- Evaluating path: $
12:52:16.992 [main] DEBUG com.jayway.jsonpath.internal.JsonContext -- Put path $ key modifiers value {}
12:52:16.992 [main] DEBUG com.jayway.jsonpath.internal.path.CompiledPath -- Evaluating path: $
12:52:16.992 [main] DEBUG com.jayway.jsonpath.internal.JsonContext -- Put path $ key modifiers value 0
12:52:16.992 [main] DEBUG com.jayway.jsonpath.internal.path.CompiledPath -- Evaluating path: $['type']
12:52:16.992 [main] DEBUG com.jayway.jsonpath.internal.path.CompiledPath -- Evaluating path: $
12:52:16.992 [main] DEBUG com.jayway.jsonpath.internal.path.CompiledPath -- Evaluating path: $
12:52:16.992 [main] DEBUG com.jayway.jsonpath.internal.JsonContext -- Put path $ key type value {}
12:52:16.992 [main] DEBUG com.jayway.jsonpath.internal.path.CompiledPath -- Evaluating path: $
12:52:16.992 [main] DEBUG com.jayway.jsonpath.internal.JsonContext -- Put path $ key type value rawKeyDown
12:52:16.992 [main] DEBUG com.jayway.jsonpath.internal.path.CompiledPath -- Evaluating path: $['text']
12:52:16.992 [main] DEBUG com.jayway.jsonpath.internal.path.CompiledPath -- Evaluating path: $
12:52:16.992 [main] DEBUG com.jayway.jsonpath.internal.path.CompiledPath -- Evaluating path: $
12:52:16.992 [main] DEBUG com.jayway.jsonpath.internal.JsonContext -- Put path $ key text value {}
12:52:16.992 [main] DEBUG com.jayway.jsonpath.internal.path.CompiledPath -- Evaluating path: $
12:52:16.992 [main] DEBUG com.jayway.jsonpath.internal.JsonContext -- Put path $ key text value e
12:52:16.992 [main] DEBUG com.jayway.jsonpath.internal.path.CompiledPath -- Evaluating path: $['windowsVirtualKeyCode']
12:52:16.992 [main] DEBUG com.jayway.jsonpath.internal.path.CompiledPath -- Evaluating path: $
12:52:16.992 [main] DEBUG com.jayway.jsonpath.internal.path.CompiledPath -- Evaluating path: $
12:52:16.992 [main] DEBUG com.jayway.jsonpath.internal.JsonContext -- Put path $ key windowsVirtualKeyCode value {}
12:52:16.992 [main] DEBUG com.jayway.jsonpath.internal.path.CompiledPath -- Evaluating path: $
12:52:16.992 [main] DEBUG com.jayway.jsonpath.internal.JsonContext -- Put path $ key windowsVirtualKeyCode value 101
12:52:16.992 [main] DEBUG com.jayway.jsonpath.internal.path.CompiledPath -- Evaluating path: $
12:52:16.992 [main] DEBUG com.intuit.karate.driver.chrome_1718781728853 -- >> {"id":53,"sessionId":"801071A49DF559297546371E5BEA9469","method":"Input.dispatchKeyEvent","params":{"modifiers":0,"type":"rawKeyDown","text":"e","windowsVirtualKeyCode":101}}
12:52:16.997 [nioEventLoopGroup-8-1] DEBUG com.intuit.karate.driver.chrome_1718781728853 -- << {"id":53,"result":{},"sessionId":"801071A49DF559297546371E5BEA9469"}
12:52:16.997 [nioEventLoopGroup-8-1] DEBUG com.jayway.jsonpath.internal.path.CompiledPath -- Evaluating path: $
12:52:16.997 [main] DEBUG com.jayway.jsonpath.internal.path.CompiledPath -- Evaluating path: $['modifiers']
12:52:16.997 [main] DEBUG com.jayway.jsonpath.internal.path.CompiledPath -- Evaluating path: $
12:52:16.997 [main] DEBUG com.jayway.jsonpath.internal.path.CompiledPath -- Evaluating path: $
12:52:16.997 [main] DEBUG com.jayway.jsonpath.internal.JsonContext -- Put path $ key modifiers value {}
12:52:16.997 [main] DEBUG com.jayway.jsonpath.internal.path.CompiledPath -- Evaluating path: $
12:52:16.997 [main] DEBUG com.jayway.jsonpath.internal.JsonContext -- Put path $ key modifiers value 0
12:52:16.997 [main] DEBUG com.jayway.jsonpath.internal.path.CompiledPath -- Evaluating path: $['type']
12:52:16.997 [main] DEBUG com.jayway.jsonpath.internal.path.CompiledPath -- Evaluating path: $
12:52:16.997 [main] DEBUG com.jayway.jsonpath.internal.path.CompiledPath -- Evaluating path: $
12:52:16.997 [main] DEBUG com.jayway.jsonpath.internal.JsonContext -- Put path $ key type value {}
12:52:16.997 [main] DEBUG com.jayway.jsonpath.internal.path.CompiledPath -- Evaluating path: $
12:52:16.997 [main] DEBUG com.jayway.jsonpath.internal.JsonContext -- Put path $ key type value char
12:52:16.997 [main] DEBUG com.jayway.jsonpath.internal.path.CompiledPath -- Evaluating path: $['text']
12:52:16.997 [main] DEBUG com.jayway.jsonpath.internal.path.CompiledPath -- Evaluating path: $
12:52:16.997 [main] DEBUG com.jayway.jsonpath.internal.path.CompiledPath -- Evaluating path: $
12:52:16.997 [main] DEBUG com.jayway.jsonpath.internal.JsonContext -- Put path $ key text value {}
12:52:16.997 [main] DEBUG com.jayway.jsonpath.internal.path.CompiledPath -- Evaluating path: $
12:52:16.997 [main] DEBUG com.jayway.jsonpath.internal.JsonContext -- Put path $ key text value e
12:52:16.997 [main] DEBUG com.jayway.jsonpath.internal.path.CompiledPath -- Evaluating path: $['windowsVirtualKeyCode']
12:52:16.997 [main] DEBUG com.jayway.jsonpath.internal.path.CompiledPath -- Evaluating path: $
12:52:16.997 [main] DEBUG com.jayway.jsonpath.internal.path.CompiledPath -- Evaluating path: $
12:52:16.997 [main] DEBUG com.jayway.jsonpath.internal.JsonContext -- Put path $ key windowsVirtualKeyCode value {}
12:52:16.997 [main] DEBUG com.jayway.jsonpath.internal.path.CompiledPath -- Evaluating path: $
12:52:16.997 [main] DEBUG com.jayway.jsonpath.internal.JsonContext -- Put path $ key windowsVirtualKeyCode value 101
12:52:16.997 [main] DEBUG com.jayway.jsonpath.internal.path.CompiledPath -- Evaluating path: $
12:52:16.997 [main] DEBUG com.intuit.karate.driver.chrome_1718781728853 -- >> {"id":54,"sessionId":"801071A49DF559297546371E5BEA9469","method":"Input.dispatchKeyEvent","params":{"modifiers":0,"type":"char","text":"e","windowsVirtualKeyCode":101}}
12:52:16.997 [nioEventLoopGroup-8-1] DEBUG com.intuit.karate.driver.chrome_1718781728853 -- << {"id":54,"result":{},"sessionId":"801071A49DF559297546371E5BEA9469"}
12:52:16.997 [nioEventLoopGroup-8-1] DEBUG com.jayway.jsonpath.internal.path.CompiledPath -- Evaluating path: $
12:52:16.997 [main] DEBUG com.jayway.jsonpath.internal.path.CompiledPath -- Evaluating path: $['modifiers']
12:52:16.997 [main] DEBUG com.jayway.jsonpath.internal.path.CompiledPath -- Evaluating path: $
12:52:16.997 [main] DEBUG com.jayway.jsonpath.internal.path.CompiledPath -- Evaluating path: $
12:52:16.997 [main] DEBUG com.jayway.jsonpath.internal.JsonContext -- Put path $ key modifiers value {}
12:52:16.997 [main] DEBUG com.jayway.jsonpath.internal.path.CompiledPath -- Evaluating path: $
12:52:16.997 [main] DEBUG com.jayway.jsonpath.internal.JsonContext -- Put path $ key modifiers value 0
12:52:16.997 [main] DEBUG com.jayway.jsonpath.internal.path.CompiledPath -- Evaluating path: $['type']
12:52:16.997 [main] DEBUG com.jayway.jsonpath.internal.path.CompiledPath -- Evaluating path: $
12:52:16.997 [main] DEBUG com.jayway.jsonpath.internal.path.CompiledPath -- Evaluating path: $
12:52:16.997 [main] DEBUG com.jayway.jsonpath.internal.JsonContext -- Put path $ key type value {}
12:52:16.997 [main] DEBUG com.jayway.jsonpath.internal.path.CompiledPath -- Evaluating path: $
12:52:16.997 [main] DEBUG com.jayway.jsonpath.internal.JsonContext -- Put path $ key type value keyUp
12:52:16.997 [main] DEBUG com.jayway.jsonpath.internal.path.CompiledPath -- Evaluating path: $['text']
12:52:16.997 [main] DEBUG com.jayway.jsonpath.internal.path.CompiledPath -- Evaluating path: $
12:52:16.997 [main] DEBUG com.jayway.jsonpath.internal.path.CompiledPath -- Evaluating path: $
12:52:16.997 [main] DEBUG com.jayway.jsonpath.internal.JsonContext -- Put path $ key text value {}
12:52:16.997 [main] DEBUG com.jayway.jsonpath.internal.path.CompiledPath -- Evaluating path: $
12:52:16.997 [main] DEBUG com.jayway.jsonpath.internal.JsonContext -- Put path $ key text value e
12:52:16.997 [main] DEBUG com.jayway.jsonpath.internal.path.CompiledPath -- Evaluating path: $['windowsVirtualKeyCode']
12:52:16.997 [main] DEBUG com.jayway.jsonpath.internal.path.CompiledPath -- Evaluating path: $
12:52:16.997 [main] DEBUG com.jayway.jsonpath.internal.path.CompiledPath -- Evaluating path: $
12:52:16.997 [main] DEBUG com.jayway.jsonpath.internal.JsonContext -- Put path $ key windowsVirtualKeyCode value {}
12:52:16.997 [main] DEBUG com.jayway.jsonpath.internal.path.CompiledPath -- Evaluating path: $
12:52:16.997 [main] DEBUG com.jayway.jsonpath.internal.JsonContext -- Put path $ key windowsVirtualKeyCode value 101
12:52:16.997 [main] DEBUG com.jayway.jsonpath.internal.path.CompiledPath -- Evaluating path: $
12:52:16.997 [main] DEBUG com.intuit.karate.driver.chrome_1718781728853 -- >> {"id":55,"sessionId":"801071A49DF559297546371E5BEA9469","method":"Input.dispatchKeyEvent","params":{"modifiers":0,"type":"keyUp","text":"e","windowsVirtualKeyCode":101}}
12:52:16.997 [nioEventLoopGroup-8-1] DEBUG com.intuit.karate.driver.chrome_1718781728853 -- << {"id":55,"result":{},"sessionId":"801071A49DF559297546371E5BEA9469"}
12:52:16.997 [nioEventLoopGroup-8-1] DEBUG com.jayway.jsonpath.internal.path.CompiledPath -- Evaluating path: $
12:52:16.997 [main] DEBUG com.jayway.jsonpath.internal.path.CompiledPath -- Evaluating path: $['modifiers']
12:52:16.997 [main] DEBUG com.jayway.jsonpath.internal.path.CompiledPath -- Evaluating path: $
12:52:16.997 [main] DEBUG com.jayway.jsonpath.internal.path.CompiledPath -- Evaluating path: $
12:52:16.997 [main] DEBUG com.jayway.jsonpath.internal.JsonContext -- Put path $ key modifiers value {}
12:52:16.997 [main] DEBUG com.jayway.jsonpath.internal.path.CompiledPath -- Evaluating path: $
12:52:16.997 [main] DEBUG com.jayway.jsonpath.internal.JsonContext -- Put path $ key modifiers value 0
12:52:16.997 [main] DEBUG com.jayway.jsonpath.internal.path.CompiledPath -- Evaluating path: $['type']
12:52:16.997 [main] DEBUG com.jayway.jsonpath.internal.path.CompiledPath -- Evaluating path: $
12:52:16.997 [main] DEBUG com.jayway.jsonpath.internal.path.CompiledPath -- Evaluating path: $
12:52:16.997 [main] DEBUG com.jayway.jsonpath.internal.JsonContext -- Put path $ key type value {}
12:52:16.997 [main] DEBUG com.jayway.jsonpath.internal.path.CompiledPath -- Evaluating path: $
12:52:16.997 [main] DEBUG com.jayway.jsonpath.internal.JsonContext -- Put path $ key type value rawKeyDown
12:52:16.997 [main] DEBUG com.jayway.jsonpath.internal.path.CompiledPath -- Evaluating path: $['text']
12:52:16.997 [main] DEBUG com.jayway.jsonpath.internal.path.CompiledPath -- Evaluating path: $
12:52:16.997 [main] DEBUG com.jayway.jsonpath.internal.path.CompiledPath -- Evaluating path: $
12:52:16.997 [main] DEBUG com.jayway.jsonpath.internal.JsonContext -- Put path $ key text value {}
12:52:16.997 [main] DEBUG com.jayway.jsonpath.internal.path.CompiledPath -- Evaluating path: $
12:52:16.997 [main] DEBUG com.jayway.jsonpath.internal.JsonContext -- Put path $ key text value t
12:52:16.997 [main] DEBUG com.jayway.jsonpath.internal.path.CompiledPath -- Evaluating path: $['windowsVirtualKeyCode']
12:52:16.997 [main] DEBUG com.jayway.jsonpath.internal.path.CompiledPath -- Evaluating path: $
12:52:16.997 [main] DEBUG com.jayway.jsonpath.internal.path.CompiledPath -- Evaluating path: $
12:52:16.997 [main] DEBUG com.jayway.jsonpath.internal.JsonContext -- Put path $ key windowsVirtualKeyCode value {}
12:52:16.997 [main] DEBUG com.jayway.jsonpath.internal.path.CompiledPath -- Evaluating path: $
12:52:16.997 [main] DEBUG com.jayway.jsonpath.internal.JsonContext -- Put path $ key windowsVirtualKeyCode value 116
12:52:16.997 [main] DEBUG com.jayway.jsonpath.internal.path.CompiledPath -- Evaluating path: $
12:52:16.997 [main] DEBUG com.intuit.karate.driver.chrome_1718781728853 -- >> {"id":56,"sessionId":"801071A49DF559297546371E5BEA9469","method":"Input.dispatchKeyEvent","params":{"modifiers":0,"type":"rawKeyDown","text":"t","windowsVirtualKeyCode":116}}
12:52:17.154 [nioEventLoopGroup-8-1] DEBUG com.intuit.karate.driver.chrome_1718781728853 -- << {"id":56,"result":{},"sessionId":"801071A49DF559297546371E5BEA9469"}
12:52:17.154 [nioEventLoopGroup-8-1] DEBUG com.jayway.jsonpath.internal.path.CompiledPath -- Evaluating path: $
12:52:17.154 [main] DEBUG com.jayway.jsonpath.internal.path.CompiledPath -- Evaluating path: $['modifiers']
12:52:17.154 [main] DEBUG com.jayway.jsonpath.internal.path.CompiledPath -- Evaluating path: $
12:52:17.154 [main] DEBUG com.jayway.jsonpath.internal.path.CompiledPath -- Evaluating path: $
12:52:17.154 [main] DEBUG com.jayway.jsonpath.internal.JsonContext -- Put path $ key modifiers value {}
12:52:17.154 [main] DEBUG com.jayway.jsonpath.internal.path.CompiledPath -- Evaluating path: $
12:52:17.154 [main] DEBUG com.jayway.jsonpath.internal.JsonContext -- Put path $ key modifiers value 0
12:52:17.154 [main] DEBUG com.jayway.jsonpath.internal.path.CompiledPath -- Evaluating path: $['type']
12:52:17.154 [main] DEBUG com.jayway.jsonpath.internal.path.CompiledPath -- Evaluating path: $
12:52:17.154 [main] DEBUG com.jayway.jsonpath.internal.path.CompiledPath -- Evaluating path: $
12:52:17.154 [main] DEBUG com.jayway.jsonpath.internal.JsonContext -- Put path $ key type value {}
12:52:17.154 [main] DEBUG com.jayway.jsonpath.internal.path.CompiledPath -- Evaluating path: $
12:52:17.154 [main] DEBUG com.jayway.jsonpath.internal.JsonContext -- Put path $ key type value char
12:52:17.154 [main] DEBUG com.jayway.jsonpath.internal.path.CompiledPath -- Evaluating path: $['text']
12:52:17.154 [main] DEBUG com.jayway.jsonpath.internal.path.CompiledPath -- Evaluating path: $
12:52:17.154 [main] DEBUG com.jayway.jsonpath.internal.path.CompiledPath -- Evaluating path: $
12:52:17.154 [main] DEBUG com.jayway.jsonpath.internal.JsonContext -- Put path $ key text value {}
12:52:17.154 [main] DEBUG com.jayway.jsonpath.internal.path.CompiledPath -- Evaluating path: $
12:52:17.154 [main] DEBUG com.jayway.jsonpath.internal.JsonContext -- Put path $ key text value t
12:52:17.154 [main] DEBUG com.jayway.jsonpath.internal.path.CompiledPath -- Evaluating path: $['windowsVirtualKeyCode']
12:52:17.154 [main] DEBUG com.jayway.jsonpath.internal.path.CompiledPath -- Evaluating path: $
12:52:17.154 [main] DEBUG com.jayway.jsonpath.internal.path.CompiledPath -- Evaluating path: $
12:52:17.154 [main] DEBUG com.jayway.jsonpath.internal.JsonContext -- Put path $ key windowsVirtualKeyCode value {}
12:52:17.154 [main] DEBUG com.jayway.jsonpath.internal.path.CompiledPath -- Evaluating path: $
12:52:17.154 [main] DEBUG com.jayway.jsonpath.internal.JsonContext -- Put path $ key windowsVirtualKeyCode value 116
12:52:17.154 [main] DEBUG com.jayway.jsonpath.internal.path.CompiledPath -- Evaluating path: $
12:52:17.154 [main] DEBUG com.intuit.karate.driver.chrome_1718781728853 -- >> {"id":57,"sessionId":"801071A49DF559297546371E5BEA9469","method":"Input.dispatchKeyEvent","params":{"modifiers":0,"type":"char","text":"t","windowsVirtualKeyCode":116}}
12:52:17.192 [nioEventLoopGroup-8-1] DEBUG com.intuit.karate.driver.chrome_1718781728853 -- << {"id":57,"result":{},"sessionId":"801071A49DF559297546371E5BEA9469"}
12:52:17.192 [nioEventLoopGroup-8-1] DEBUG com.jayway.jsonpath.internal.path.CompiledPath -- Evaluating path: $
12:52:17.192 [main] DEBUG com.jayway.jsonpath.internal.path.CompiledPath -- Evaluating path: $['modifiers']
12:52:17.192 [main] DEBUG com.jayway.jsonpath.internal.path.CompiledPath -- Evaluating path: $
12:52:17.192 [main] DEBUG com.jayway.jsonpath.internal.path.CompiledPath -- Evaluating path: $
12:52:17.192 [main] DEBUG com.jayway.jsonpath.internal.JsonContext -- Put path $ key modifiers value {}
12:52:17.192 [main] DEBUG com.jayway.jsonpath.internal.path.CompiledPath -- Evaluating path: $
12:52:17.192 [main] DEBUG com.jayway.jsonpath.internal.JsonContext -- Put path $ key modifiers value 0
12:52:17.192 [main] DEBUG com.jayway.jsonpath.internal.path.CompiledPath -- Evaluating path: $['type']
12:52:17.192 [main] DEBUG com.jayway.jsonpath.internal.path.CompiledPath -- Evaluating path: $
12:52:17.192 [main] DEBUG com.jayway.jsonpath.internal.path.CompiledPath -- Evaluating path: $
12:52:17.192 [main] DEBUG com.jayway.jsonpath.internal.JsonContext -- Put path $ key type value {}
12:52:17.192 [main] DEBUG com.jayway.jsonpath.internal.path.CompiledPath -- Evaluating path: $
12:52:17.192 [main] DEBUG com.jayway.jsonpath.internal.JsonContext -- Put path $ key type value keyUp
12:52:17.192 [main] DEBUG com.jayway.jsonpath.internal.path.CompiledPath -- Evaluating path: $['text']
12:52:17.192 [main] DEBUG com.jayway.jsonpath.internal.path.CompiledPath -- Evaluating path: $
12:52:17.192 [main] DEBUG com.jayway.jsonpath.internal.path.CompiledPath -- Evaluating path: $
12:52:17.192 [main] DEBUG com.jayway.jsonpath.internal.JsonContext -- Put path $ key text value {}
12:52:17.192 [main] DEBUG com.jayway.jsonpath.internal.path.CompiledPath -- Evaluating path: $
12:52:17.192 [main] DEBUG com.jayway.jsonpath.internal.JsonContext -- Put path $ key text value t
12:52:17.192 [main] DEBUG com.jayway.jsonpath.internal.path.CompiledPath -- Evaluating path: $['windowsVirtualKeyCode']
12:52:17.192 [main] DEBUG com.jayway.jsonpath.internal.path.CompiledPath -- Evaluating path: $
12:52:17.192 [main] DEBUG com.jayway.jsonpath.internal.path.CompiledPath -- Evaluating path: $
12:52:17.192 [main] DEBUG com.jayway.jsonpath.internal.JsonContext -- Put path $ key windowsVirtualKeyCode value {}
12:52:17.192 [main] DEBUG com.jayway.jsonpath.internal.path.CompiledPath -- Evaluating path: $
12:52:17.192 [main] DEBUG com.jayway.jsonpath.internal.JsonContext -- Put path $ key windowsVirtualKeyCode value 116
12:52:17.192 [main] DEBUG com.jayway.jsonpath.internal.path.CompiledPath -- Evaluating path: $
12:52:17.192 [main] DEBUG com.intuit.karate.driver.chrome_1718781728853 -- >> {"id":58,"sessionId":"801071A49DF559297546371E5BEA9469","method":"Input.dispatchKeyEvent","params":{"modifiers":0,"type":"keyUp","text":"t","windowsVirtualKeyCode":116}}
12:52:17.201 [nioEventLoopGroup-8-1] DEBUG com.intuit.karate.driver.chrome_1718781728853 -- << {"id":58,"result":{},"sessionId":"801071A49DF559297546371E5BEA9469"}
12:52:17.201 [nioEventLoopGroup-8-1] DEBUG com.jayway.jsonpath.internal.path.CompiledPath -- Evaluating path: $
12:52:17.201 [main] DEBUG com.jayway.jsonpath.internal.path.CompiledPath -- Evaluating path: $['modifiers']
12:52:17.201 [main] DEBUG com.jayway.jsonpath.internal.path.CompiledPath -- Evaluating path: $
12:52:17.201 [main] DEBUG com.jayway.jsonpath.internal.path.CompiledPath -- Evaluating path: $
12:52:17.201 [main] DEBUG com.jayway.jsonpath.internal.JsonContext -- Put path $ key modifiers value {}
12:52:17.201 [main] DEBUG com.jayway.jsonpath.internal.path.CompiledPath -- Evaluating path: $
12:52:17.201 [main] DEBUG com.jayway.jsonpath.internal.JsonContext -- Put path $ key modifiers value 0
12:52:17.201 [main] DEBUG com.jayway.jsonpath.internal.path.CompiledPath -- Evaluating path: $['type']
12:52:17.201 [main] DEBUG com.jayway.jsonpath.internal.path.CompiledPath -- Evaluating path: $
12:52:17.201 [main] DEBUG com.jayway.jsonpath.internal.path.CompiledPath -- Evaluating path: $
12:52:17.201 [main] DEBUG com.jayway.jsonpath.internal.JsonContext -- Put path $ key type value {}
12:52:17.201 [main] DEBUG com.jayway.jsonpath.internal.path.CompiledPath -- Evaluating path: $
12:52:17.201 [main] DEBUG com.jayway.jsonpath.internal.JsonContext -- Put path $ key type value rawKeyDown
12:52:17.201 [main] DEBUG com.jayway.jsonpath.internal.path.CompiledPath -- Evaluating path: $['text']
12:52:17.201 [main] DEBUG com.jayway.jsonpath.internal.path.CompiledPath -- Evaluating path: $
12:52:17.201 [main] DEBUG com.jayway.jsonpath.internal.path.CompiledPath -- Evaluating path: $
12:52:17.201 [main] DEBUG com.jayway.jsonpath.internal.JsonContext -- Put path $ key text value {}
12:52:17.201 [main] DEBUG com.jayway.jsonpath.internal.path.CompiledPath -- Evaluating path: $
12:52:17.201 [main] DEBUG com.jayway.jsonpath.internal.JsonContext -- Put path $ key text value _
12:52:17.201 [main] DEBUG com.jayway.jsonpath.internal.path.CompiledPath -- Evaluating path: $['windowsVirtualKeyCode']
12:52:17.201 [main] DEBUG com.jayway.jsonpath.internal.path.CompiledPath -- Evaluating path: $
12:52:17.201 [main] DEBUG com.jayway.jsonpath.internal.path.CompiledPath -- Evaluating path: $
12:52:17.201 [main] DEBUG com.jayway.jsonpath.internal.JsonContext -- Put path $ key windowsVirtualKeyCode value {}
12:52:17.201 [main] DEBUG com.jayway.jsonpath.internal.path.CompiledPath -- Evaluating path: $
12:52:17.201 [main] DEBUG com.jayway.jsonpath.internal.JsonContext -- Put path $ key windowsVirtualKeyCode value 523
12:52:17.201 [main] DEBUG com.jayway.jsonpath.internal.path.CompiledPath -- Evaluating path: $
12:52:17.201 [main] DEBUG com.intuit.karate.driver.chrome_1718781728853 -- >> {"id":59,"sessionId":"801071A49DF559297546371E5BEA9469","method":"Input.dispatchKeyEvent","params":{"modifiers":0,"type":"rawKeyDown","text":"_","windowsVirtualKeyCode":523}}
12:52:17.201 [nioEventLoopGroup-8-1] DEBUG com.intuit.karate.driver.chrome_1718781728853 -- << {"id":59,"result":{},"sessionId":"801071A49DF559297546371E5BEA9469"}
12:52:17.201 [nioEventLoopGroup-8-1] DEBUG com.jayway.jsonpath.internal.path.CompiledPath -- Evaluating path: $
12:52:17.201 [main] DEBUG com.jayway.jsonpath.internal.path.CompiledPath -- Evaluating path: $['modifiers']
12:52:17.201 [main] DEBUG com.jayway.jsonpath.internal.path.CompiledPath -- Evaluating path: $
12:52:17.201 [main] DEBUG com.jayway.jsonpath.internal.path.CompiledPath -- Evaluating path: $
12:52:17.201 [main] DEBUG com.jayway.jsonpath.internal.JsonContext -- Put path $ key modifiers value {}
12:52:17.201 [main] DEBUG com.jayway.jsonpath.internal.path.CompiledPath -- Evaluating path: $
12:52:17.201 [main] DEBUG com.jayway.jsonpath.internal.JsonContext -- Put path $ key modifiers value 0
12:52:17.201 [main] DEBUG com.jayway.jsonpath.internal.path.CompiledPath -- Evaluating path: $['type']
12:52:17.201 [main] DEBUG com.jayway.jsonpath.internal.path.CompiledPath -- Evaluating path: $
12:52:17.201 [main] DEBUG com.jayway.jsonpath.internal.path.CompiledPath -- Evaluating path: $
12:52:17.201 [main] DEBUG com.jayway.jsonpath.internal.JsonContext -- Put path $ key type value {}
12:52:17.201 [main] DEBUG com.jayway.jsonpath.internal.path.CompiledPath -- Evaluating path: $
12:52:17.201 [main] DEBUG com.jayway.jsonpath.internal.JsonContext -- Put path $ key type value char
12:52:17.201 [main] DEBUG com.jayway.jsonpath.internal.path.CompiledPath -- Evaluating path: $['text']
12:52:17.201 [main] DEBUG com.jayway.jsonpath.internal.path.CompiledPath -- Evaluating path: $
12:52:17.201 [main] DEBUG com.jayway.jsonpath.internal.path.CompiledPath -- Evaluating path: $
12:52:17.201 [main] DEBUG com.jayway.jsonpath.internal.JsonContext -- Put path $ key text value {}
12:52:17.201 [main] DEBUG com.jayway.jsonpath.internal.path.CompiledPath -- Evaluating path: $
12:52:17.201 [main] DEBUG com.jayway.jsonpath.internal.JsonContext -- Put path $ key text value _
12:52:17.201 [main] DEBUG com.jayway.jsonpath.internal.path.CompiledPath -- Evaluating path: $['windowsVirtualKeyCode']
12:52:17.201 [main] DEBUG com.jayway.jsonpath.internal.path.CompiledPath -- Evaluating path: $
12:52:17.201 [main] DEBUG com.jayway.jsonpath.internal.path.CompiledPath -- Evaluating path: $
12:52:17.201 [main] DEBUG com.jayway.jsonpath.internal.JsonContext -- Put path $ key windowsVirtualKeyCode value {}
12:52:17.201 [main] DEBUG com.jayway.jsonpath.internal.path.CompiledPath -- Evaluating path: $
12:52:17.201 [main] DEBUG com.jayway.jsonpath.internal.JsonContext -- Put path $ key windowsVirtualKeyCode value 523
12:52:17.201 [main] DEBUG com.jayway.jsonpath.internal.path.CompiledPath -- Evaluating path: $
12:52:17.201 [main] DEBUG com.intuit.karate.driver.chrome_1718781728853 -- >> {"id":60,"sessionId":"801071A49DF559297546371E5BEA9469","method":"Input.dispatchKeyEvent","params":{"modifiers":0,"type":"char","text":"_","windowsVirtualKeyCode":523}}
12:52:17.219 [nioEventLoopGroup-8-1] DEBUG com.intuit.karate.driver.chrome_1718781728853 -- << {"id":60,"result":{},"sessionId":"801071A49DF559297546371E5BEA9469"}
12:52:17.219 [nioEventLoopGroup-8-1] DEBUG com.jayway.jsonpath.internal.path.CompiledPath -- Evaluating path: $
12:52:17.219 [main] DEBUG com.jayway.jsonpath.internal.path.CompiledPath -- Evaluating path: $['modifiers']
12:52:17.219 [main] DEBUG com.jayway.jsonpath.internal.path.CompiledPath -- Evaluating path: $
12:52:17.219 [main] DEBUG com.jayway.jsonpath.internal.path.CompiledPath -- Evaluating path: $
12:52:17.219 [main] DEBUG com.jayway.jsonpath.internal.JsonContext -- Put path $ key modifiers value {}
12:52:17.219 [main] DEBUG com.jayway.jsonpath.internal.path.CompiledPath -- Evaluating path: $
12:52:17.219 [main] DEBUG com.jayway.jsonpath.internal.JsonContext -- Put path $ key modifiers value 0
12:52:17.219 [main] DEBUG com.jayway.jsonpath.internal.path.CompiledPath -- Evaluating path: $['type']
12:52:17.219 [main] DEBUG com.jayway.jsonpath.internal.path.CompiledPath -- Evaluating path: $
12:52:17.219 [main] DEBUG com.jayway.jsonpath.internal.path.CompiledPath -- Evaluating path: $
12:52:17.219 [main] DEBUG com.jayway.jsonpath.internal.JsonContext -- Put path $ key type value {}
12:52:17.219 [main] DEBUG com.jayway.jsonpath.internal.path.CompiledPath -- Evaluating path: $
12:52:17.219 [main] DEBUG com.jayway.jsonpath.internal.JsonContext -- Put path $ key type value keyUp
12:52:17.219 [main] DEBUG com.jayway.jsonpath.internal.path.CompiledPath -- Evaluating path: $['text']
12:52:17.219 [main] DEBUG com.jayway.jsonpath.internal.path.CompiledPath -- Evaluating path: $
12:52:17.219 [main] DEBUG com.jayway.jsonpath.internal.path.CompiledPath -- Evaluating path: $
12:52:17.219 [main] DEBUG com.jayway.jsonpath.internal.JsonContext -- Put path $ key text value {}
12:52:17.219 [main] DEBUG com.jayway.jsonpath.internal.path.CompiledPath -- Evaluating path: $
12:52:17.219 [main] DEBUG com.jayway.jsonpath.internal.JsonContext -- Put path $ key text value _
12:52:17.219 [main] DEBUG com.jayway.jsonpath.internal.path.CompiledPath -- Evaluating path: $['windowsVirtualKeyCode']
12:52:17.219 [main] DEBUG com.jayway.jsonpath.internal.path.CompiledPath -- Evaluating path: $
12:52:17.219 [main] DEBUG com.jayway.jsonpath.internal.path.CompiledPath -- Evaluating path: $
12:52:17.219 [main] DEBUG com.jayway.jsonpath.internal.JsonContext -- Put path $ key windowsVirtualKeyCode value {}
12:52:17.219 [main] DEBUG com.jayway.jsonpath.internal.path.CompiledPath -- Evaluating path: $
12:52:17.219 [main] DEBUG com.jayway.jsonpath.internal.JsonContext -- Put path $ key windowsVirtualKeyCode value 523
12:52:17.219 [main] DEBUG com.jayway.jsonpath.internal.path.CompiledPath -- Evaluating path: $
12:52:17.219 [main] DEBUG com.intuit.karate.driver.chrome_1718781728853 -- >> {"id":61,"sessionId":"801071A49DF559297546371E5BEA9469","method":"Input.dispatchKeyEvent","params":{"modifiers":0,"type":"keyUp","text":"_","windowsVirtualKeyCode":523}}
12:52:17.219 [nioEventLoopGroup-8-1] DEBUG com.intuit.karate.driver.chrome_1718781728853 -- << {"id":61,"result":{},"sessionId":"801071A49DF559297546371E5BEA9469"}
12:52:17.219 [nioEventLoopGroup-8-1] DEBUG com.jayway.jsonpath.internal.path.CompiledPath -- Evaluating path: $
12:52:17.219 [main] DEBUG com.jayway.jsonpath.internal.path.CompiledPath -- Evaluating path: $['modifiers']
12:52:17.219 [main] DEBUG com.jayway.jsonpath.internal.path.CompiledPath -- Evaluating path: $
12:52:17.219 [main] DEBUG com.jayway.jsonpath.internal.path.CompiledPath -- Evaluating path: $
12:52:17.219 [main] DEBUG com.jayway.jsonpath.internal.JsonContext -- Put path $ key modifiers value {}
12:52:17.219 [main] DEBUG com.jayway.jsonpath.internal.path.CompiledPath -- Evaluating path: $
12:52:17.219 [main] DEBUG com.jayway.jsonpath.internal.JsonContext -- Put path $ key modifiers value 0
12:52:17.219 [main] DEBUG com.jayway.jsonpath.internal.path.CompiledPath -- Evaluating path: $['type']
12:52:17.219 [main] DEBUG com.jayway.jsonpath.internal.path.CompiledPath -- Evaluating path: $
12:52:17.219 [main] DEBUG com.jayway.jsonpath.internal.path.CompiledPath -- Evaluating path: $
12:52:17.219 [main] DEBUG com.jayway.jsonpath.internal.JsonContext -- Put path $ key type value {}
12:52:17.219 [main] DEBUG com.jayway.jsonpath.internal.path.CompiledPath -- Evaluating path: $
12:52:17.219 [main] DEBUG com.jayway.jsonpath.internal.JsonContext -- Put path $ key type value rawKeyDown
12:52:17.219 [main] DEBUG com.jayway.jsonpath.internal.path.CompiledPath -- Evaluating path: $['text']
12:52:17.219 [main] DEBUG com.jayway.jsonpath.internal.path.CompiledPath -- Evaluating path: $
12:52:17.219 [main] DEBUG com.jayway.jsonpath.internal.path.CompiledPath -- Evaluating path: $
12:52:17.219 [main] DEBUG com.jayway.jsonpath.internal.JsonContext -- Put path $ key text value {}
12:52:17.219 [main] DEBUG com.jayway.jsonpath.internal.path.CompiledPath -- Evaluating path: $
12:52:17.219 [main] DEBUG com.jayway.jsonpath.internal.JsonContext -- Put path $ key text value s
12:52:17.219 [main] DEBUG com.jayway.jsonpath.internal.path.CompiledPath -- Evaluating path: $['windowsVirtualKeyCode']
12:52:17.219 [main] DEBUG com.jayway.jsonpath.internal.path.CompiledPath -- Evaluating path: $
12:52:17.219 [main] DEBUG com.jayway.jsonpath.internal.path.CompiledPath -- Evaluating path: $
12:52:17.219 [main] DEBUG com.jayway.jsonpath.internal.JsonContext -- Put path $ key windowsVirtualKeyCode value {}
12:52:17.219 [main] DEBUG com.jayway.jsonpath.internal.path.CompiledPath -- Evaluating path: $
12:52:17.219 [main] DEBUG com.jayway.jsonpath.internal.JsonContext -- Put path $ key windowsVirtualKeyCode value 115
12:52:17.219 [main] DEBUG com.jayway.jsonpath.internal.path.CompiledPath -- Evaluating path: $
12:52:17.219 [main] DEBUG com.intuit.karate.driver.chrome_1718781728853 -- >> {"id":62,"sessionId":"801071A49DF559297546371E5BEA9469","method":"Input.dispatchKeyEvent","params":{"modifiers":0,"type":"rawKeyDown","text":"s","windowsVirtualKeyCode":115}}
12:52:17.219 [nioEventLoopGroup-8-1] DEBUG com.intuit.karate.driver.chrome_1718781728853 -- << {"id":62,"result":{},"sessionId":"801071A49DF559297546371E5BEA9469"}
12:52:17.219 [nioEventLoopGroup-8-1] DEBUG com.jayway.jsonpath.internal.path.CompiledPath -- Evaluating path: $
12:52:17.219 [main] DEBUG com.jayway.jsonpath.internal.path.CompiledPath -- Evaluating path: $['modifiers']
12:52:17.219 [main] DEBUG com.jayway.jsonpath.internal.path.CompiledPath -- Evaluating path: $
12:52:17.219 [main] DEBUG com.jayway.jsonpath.internal.path.CompiledPath -- Evaluating path: $
12:52:17.219 [main] DEBUG com.jayway.jsonpath.internal.JsonContext -- Put path $ key modifiers value {}
12:52:17.219 [main] DEBUG com.jayway.jsonpath.internal.path.CompiledPath -- Evaluating path: $
12:52:17.219 [main] DEBUG com.jayway.jsonpath.internal.JsonContext -- Put path $ key modifiers value 0
12:52:17.219 [main] DEBUG com.jayway.jsonpath.internal.path.CompiledPath -- Evaluating path: $['type']
12:52:17.219 [main] DEBUG com.jayway.jsonpath.internal.path.CompiledPath -- Evaluating path: $
12:52:17.219 [main] DEBUG com.jayway.jsonpath.internal.path.CompiledPath -- Evaluating path: $
12:52:17.219 [main] DEBUG com.jayway.jsonpath.internal.JsonContext -- Put path $ key type value {}
12:52:17.219 [main] DEBUG com.jayway.jsonpath.internal.path.CompiledPath -- Evaluating path: $
12:52:17.219 [main] DEBUG com.jayway.jsonpath.internal.JsonContext -- Put path $ key type value char
12:52:17.219 [main] DEBUG com.jayway.jsonpath.internal.path.CompiledPath -- Evaluating path: $['text']
12:52:17.219 [main] DEBUG com.jayway.jsonpath.internal.path.CompiledPath -- Evaluating path: $
12:52:17.219 [main] DEBUG com.jayway.jsonpath.internal.path.CompiledPath -- Evaluating path: $
12:52:17.219 [main] DEBUG com.jayway.jsonpath.internal.JsonContext -- Put path $ key text value {}
12:52:17.219 [main] DEBUG com.jayway.jsonpath.internal.path.CompiledPath -- Evaluating path: $
12:52:17.219 [main] DEBUG com.jayway.jsonpath.internal.JsonContext -- Put path $ key text value s
12:52:17.219 [main] DEBUG com.jayway.jsonpath.internal.path.CompiledPath -- Evaluating path: $['windowsVirtualKeyCode']
12:52:17.219 [main] DEBUG com.jayway.jsonpath.internal.path.CompiledPath -- Evaluating path: $
12:52:17.219 [main] DEBUG com.jayway.jsonpath.internal.path.CompiledPath -- Evaluating path: $
12:52:17.219 [main] DEBUG com.jayway.jsonpath.internal.JsonContext -- Put path $ key windowsVirtualKeyCode value {}
12:52:17.219 [main] DEBUG com.jayway.jsonpath.internal.path.CompiledPath -- Evaluating path: $
12:52:17.219 [main] DEBUG com.jayway.jsonpath.internal.JsonContext -- Put path $ key windowsVirtualKeyCode value 115
12:52:17.219 [main] DEBUG com.jayway.jsonpath.internal.path.CompiledPath -- Evaluating path: $
12:52:17.219 [main] DEBUG com.intuit.karate.driver.chrome_1718781728853 -- >> {"id":63,"sessionId":"801071A49DF559297546371E5BEA9469","method":"Input.dispatchKeyEvent","params":{"modifiers":0,"type":"char","text":"s","windowsVirtualKeyCode":115}}
12:52:17.219 [nioEventLoopGroup-8-1] DEBUG com.intuit.karate.driver.chrome_1718781728853 -- << {"id":63,"result":{},"sessionId":"801071A49DF559297546371E5BEA9469"}
12:52:17.219 [nioEventLoopGroup-8-1] DEBUG com.jayway.jsonpath.internal.path.CompiledPath -- Evaluating path: $
12:52:17.219 [main] DEBUG com.jayway.jsonpath.internal.path.CompiledPath -- Evaluating path: $['modifiers']
12:52:17.219 [main] DEBUG com.jayway.jsonpath.internal.path.CompiledPath -- Evaluating path: $
12:52:17.219 [main] DEBUG com.jayway.jsonpath.internal.path.CompiledPath -- Evaluating path: $
12:52:17.219 [main] DEBUG com.jayway.jsonpath.internal.JsonContext -- Put path $ key modifiers value {}
12:52:17.219 [main] DEBUG com.jayway.jsonpath.internal.path.CompiledPath -- Evaluating path: $
12:52:17.219 [main] DEBUG com.jayway.jsonpath.internal.JsonContext -- Put path $ key modifiers value 0
12:52:17.219 [main] DEBUG com.jayway.jsonpath.internal.path.CompiledPath -- Evaluating path: $['type']
12:52:17.219 [main] DEBUG com.jayway.jsonpath.internal.path.CompiledPath -- Evaluating path: $
12:52:17.219 [main] DEBUG com.jayway.jsonpath.internal.path.CompiledPath -- Evaluating path: $
12:52:17.219 [main] DEBUG com.jayway.jsonpath.internal.JsonContext -- Put path $ key type value {}
12:52:17.219 [main] DEBUG com.jayway.jsonpath.internal.path.CompiledPath -- Evaluating path: $
12:52:17.219 [main] DEBUG com.jayway.jsonpath.internal.JsonContext -- Put path $ key type value keyUp
12:52:17.219 [main] DEBUG com.jayway.jsonpath.internal.path.CompiledPath -- Evaluating path: $['text']
12:52:17.219 [main] DEBUG com.jayway.jsonpath.internal.path.CompiledPath -- Evaluating path: $
12:52:17.219 [main] DEBUG com.jayway.jsonpath.internal.path.CompiledPath -- Evaluating path: $
12:52:17.219 [main] DEBUG com.jayway.jsonpath.internal.JsonContext -- Put path $ key text value {}
12:52:17.219 [main] DEBUG com.jayway.jsonpath.internal.path.CompiledPath -- Evaluating path: $
12:52:17.219 [main] DEBUG com.jayway.jsonpath.internal.JsonContext -- Put path $ key text value s
12:52:17.219 [main] DEBUG com.jayway.jsonpath.internal.path.CompiledPath -- Evaluating path: $['windowsVirtualKeyCode']
12:52:17.219 [main] DEBUG com.jayway.jsonpath.internal.path.CompiledPath -- Evaluating path: $
12:52:17.219 [main] DEBUG com.jayway.jsonpath.internal.path.CompiledPath -- Evaluating path: $
12:52:17.219 [main] DEBUG com.jayway.jsonpath.internal.JsonContext -- Put path $ key windowsVirtualKeyCode value {}
12:52:17.219 [main] DEBUG com.jayway.jsonpath.internal.path.CompiledPath -- Evaluating path: $
12:52:17.219 [main] DEBUG com.jayway.jsonpath.internal.JsonContext -- Put path $ key windowsVirtualKeyCode value 115
12:52:17.219 [main] DEBUG com.jayway.jsonpath.internal.path.CompiledPath -- Evaluating path: $
12:52:17.219 [main] DEBUG com.intuit.karate.driver.chrome_1718781728853 -- >> {"id":64,"sessionId":"801071A49DF559297546371E5BEA9469","method":"Input.dispatchKeyEvent","params":{"modifiers":0,"type":"keyUp","text":"s","windowsVirtualKeyCode":115}}
12:52:17.233 [nioEventLoopGroup-8-1] DEBUG com.intuit.karate.driver.chrome_1718781728853 -- << {"id":64,"result":{},"sessionId":"801071A49DF559297546371E5BEA9469"}
12:52:17.233 [nioEventLoopGroup-8-1] DEBUG com.jayway.jsonpath.internal.path.CompiledPath -- Evaluating path: $
12:52:17.234 [main] DEBUG com.jayway.jsonpath.internal.path.CompiledPath -- Evaluating path: $['modifiers']
12:52:17.234 [main] DEBUG com.jayway.jsonpath.internal.path.CompiledPath -- Evaluating path: $
12:52:17.234 [main] DEBUG com.jayway.jsonpath.internal.path.CompiledPath -- Evaluating path: $
12:52:17.234 [main] DEBUG com.jayway.jsonpath.internal.JsonContext -- Put path $ key modifiers value {}
12:52:17.234 [main] DEBUG com.jayway.jsonpath.internal.path.CompiledPath -- Evaluating path: $
12:52:17.234 [main] DEBUG com.jayway.jsonpath.internal.JsonContext -- Put path $ key modifiers value 0
12:52:17.234 [main] DEBUG com.jayway.jsonpath.internal.path.CompiledPath -- Evaluating path: $['type']
12:52:17.234 [main] DEBUG com.jayway.jsonpath.internal.path.CompiledPath -- Evaluating path: $
12:52:17.234 [main] DEBUG com.jayway.jsonpath.internal.path.CompiledPath -- Evaluating path: $
12:52:17.234 [main] DEBUG com.jayway.jsonpath.internal.JsonContext -- Put path $ key type value {}
12:52:17.234 [main] DEBUG com.jayway.jsonpath.internal.path.CompiledPath -- Evaluating path: $
12:52:17.234 [main] DEBUG com.jayway.jsonpath.internal.JsonContext -- Put path $ key type value rawKeyDown
12:52:17.234 [main] DEBUG com.jayway.jsonpath.internal.path.CompiledPath -- Evaluating path: $['text']
12:52:17.234 [main] DEBUG com.jayway.jsonpath.internal.path.CompiledPath -- Evaluating path: $
12:52:17.234 [main] DEBUG com.jayway.jsonpath.internal.path.CompiledPath -- Evaluating path: $
12:52:17.234 [main] DEBUG com.jayway.jsonpath.internal.JsonContext -- Put path $ key text value {}
12:52:17.234 [main] DEBUG com.jayway.jsonpath.internal.path.CompiledPath -- Evaluating path: $
12:52:17.234 [main] DEBUG com.jayway.jsonpath.internal.JsonContext -- Put path $ key text value a
12:52:17.234 [main] DEBUG com.jayway.jsonpath.internal.path.CompiledPath -- Evaluating path: $['windowsVirtualKeyCode']
12:52:17.234 [main] DEBUG com.jayway.jsonpath.internal.path.CompiledPath -- Evaluating path: $
12:52:17.234 [main] DEBUG com.jayway.jsonpath.internal.path.CompiledPath -- Evaluating path: $
12:52:17.234 [main] DEBUG com.jayway.jsonpath.internal.JsonContext -- Put path $ key windowsVirtualKeyCode value {}
12:52:17.234 [main] DEBUG com.jayway.jsonpath.internal.path.CompiledPath -- Evaluating path: $
12:52:17.234 [main] DEBUG com.jayway.jsonpath.internal.JsonContext -- Put path $ key windowsVirtualKeyCode value 97
12:52:17.234 [main] DEBUG com.jayway.jsonpath.internal.path.CompiledPath -- Evaluating path: $
12:52:17.234 [main] DEBUG com.intuit.karate.driver.chrome_1718781728853 -- >> {"id":65,"sessionId":"801071A49DF559297546371E5BEA9469","method":"Input.dispatchKeyEvent","params":{"modifiers":0,"type":"rawKeyDown","text":"a","windowsVirtualKeyCode":97}}
12:52:17.333 [nioEventLoopGroup-8-1] DEBUG com.intuit.karate.driver.chrome_1718781728853 -- << {"id":65,"result":{},"sessionId":"801071A49DF559297546371E5BEA9469"}
12:52:17.333 [nioEventLoopGroup-8-1] DEBUG com.jayway.jsonpath.internal.path.CompiledPath -- Evaluating path: $
12:52:17.333 [main] DEBUG com.jayway.jsonpath.internal.path.CompiledPath -- Evaluating path: $['modifiers']
12:52:17.333 [main] DEBUG com.jayway.jsonpath.internal.path.CompiledPath -- Evaluating path: $
12:52:17.333 [main] DEBUG com.jayway.jsonpath.internal.path.CompiledPath -- Evaluating path: $
12:52:17.333 [main] DEBUG com.jayway.jsonpath.internal.JsonContext -- Put path $ key modifiers value {}
12:52:17.333 [main] DEBUG com.jayway.jsonpath.internal.path.CompiledPath -- Evaluating path: $
12:52:17.333 [main] DEBUG com.jayway.jsonpath.internal.JsonContext -- Put path $ key modifiers value 0
12:52:17.333 [main] DEBUG com.jayway.jsonpath.internal.path.CompiledPath -- Evaluating path: $['type']
12:52:17.333 [main] DEBUG com.jayway.jsonpath.internal.path.CompiledPath -- Evaluating path: $
12:52:17.333 [main] DEBUG com.jayway.jsonpath.internal.path.CompiledPath -- Evaluating path: $
12:52:17.333 [main] DEBUG com.jayway.jsonpath.internal.JsonContext -- Put path $ key type value {}
12:52:17.333 [main] DEBUG com.jayway.jsonpath.internal.path.CompiledPath -- Evaluating path: $
12:52:17.333 [main] DEBUG com.jayway.jsonpath.internal.JsonContext -- Put path $ key type value char
12:52:17.333 [main] DEBUG com.jayway.jsonpath.internal.path.CompiledPath -- Evaluating path: $['text']
12:52:17.333 [main] DEBUG com.jayway.jsonpath.internal.path.CompiledPath -- Evaluating path: $
12:52:17.333 [main] DEBUG com.jayway.jsonpath.internal.path.CompiledPath -- Evaluating path: $
12:52:17.333 [main] DEBUG com.jayway.jsonpath.internal.JsonContext -- Put path $ key text value {}
12:52:17.333 [main] DEBUG com.jayway.jsonpath.internal.path.CompiledPath -- Evaluating path: $
12:52:17.333 [main] DEBUG com.jayway.jsonpath.internal.JsonContext -- Put path $ key text value a
12:52:17.333 [main] DEBUG com.jayway.jsonpath.internal.path.CompiledPath -- Evaluating path: $['windowsVirtualKeyCode']
12:52:17.333 [main] DEBUG com.jayway.jsonpath.internal.path.CompiledPath -- Evaluating path: $
12:52:17.333 [main] DEBUG com.jayway.jsonpath.internal.path.CompiledPath -- Evaluating path: $
12:52:17.333 [main] DEBUG com.jayway.jsonpath.internal.JsonContext -- Put path $ key windowsVirtualKeyCode value {}
12:52:17.333 [main] DEBUG com.jayway.jsonpath.internal.path.CompiledPath -- Evaluating path: $
12:52:17.333 [main] DEBUG com.jayway.jsonpath.internal.JsonContext -- Put path $ key windowsVirtualKeyCode value 97
12:52:17.333 [main] DEBUG com.jayway.jsonpath.internal.path.CompiledPath -- Evaluating path: $
12:52:17.333 [main] DEBUG com.intuit.karate.driver.chrome_1718781728853 -- >> {"id":66,"sessionId":"801071A49DF559297546371E5BEA9469","method":"Input.dispatchKeyEvent","params":{"modifiers":0,"type":"char","text":"a","windowsVirtualKeyCode":97}}
12:52:17.344 [nioEventLoopGroup-8-1] DEBUG com.intuit.karate.driver.chrome_1718781728853 -- << {"id":66,"result":{},"sessionId":"801071A49DF559297546371E5BEA9469"}
12:52:17.344 [nioEventLoopGroup-8-1] DEBUG com.jayway.jsonpath.internal.path.CompiledPath -- Evaluating path: $
12:52:17.344 [main] DEBUG com.jayway.jsonpath.internal.path.CompiledPath -- Evaluating path: $['modifiers']
12:52:17.344 [main] DEBUG com.jayway.jsonpath.internal.path.CompiledPath -- Evaluating path: $
12:52:17.344 [main] DEBUG com.jayway.jsonpath.internal.path.CompiledPath -- Evaluating path: $
12:52:17.344 [main] DEBUG com.jayway.jsonpath.internal.JsonContext -- Put path $ key modifiers value {}
12:52:17.344 [main] DEBUG com.jayway.jsonpath.internal.path.CompiledPath -- Evaluating path: $
12:52:17.344 [main] DEBUG com.jayway.jsonpath.internal.JsonContext -- Put path $ key modifiers value 0
12:52:17.344 [main] DEBUG com.jayway.jsonpath.internal.path.CompiledPath -- Evaluating path: $['type']
12:52:17.344 [main] DEBUG com.jayway.jsonpath.internal.path.CompiledPath -- Evaluating path: $
12:52:17.344 [main] DEBUG com.jayway.jsonpath.internal.path.CompiledPath -- Evaluating path: $
12:52:17.344 [main] DEBUG com.jayway.jsonpath.internal.JsonContext -- Put path $ key type value {}
12:52:17.344 [main] DEBUG com.jayway.jsonpath.internal.path.CompiledPath -- Evaluating path: $
12:52:17.344 [main] DEBUG com.jayway.jsonpath.internal.JsonContext -- Put path $ key type value keyUp
12:52:17.344 [main] DEBUG com.jayway.jsonpath.internal.path.CompiledPath -- Evaluating path: $['text']
12:52:17.344 [main] DEBUG com.jayway.jsonpath.internal.path.CompiledPath -- Evaluating path: $
12:52:17.344 [main] DEBUG com.jayway.jsonpath.internal.path.CompiledPath -- Evaluating path: $
12:52:17.344 [main] DEBUG com.jayway.jsonpath.internal.JsonContext -- Put path $ key text value {}
12:52:17.344 [main] DEBUG com.jayway.jsonpath.internal.path.CompiledPath -- Evaluating path: $
12:52:17.344 [main] DEBUG com.jayway.jsonpath.internal.JsonContext -- Put path $ key text value a
12:52:17.344 [main] DEBUG com.jayway.jsonpath.internal.path.CompiledPath -- Evaluating path: $['windowsVirtualKeyCode']
12:52:17.344 [main] DEBUG com.jayway.jsonpath.internal.path.CompiledPath -- Evaluating path: $
12:52:17.344 [main] DEBUG com.jayway.jsonpath.internal.path.CompiledPath -- Evaluating path: $
12:52:17.344 [main] DEBUG com.jayway.jsonpath.internal.JsonContext -- Put path $ key windowsVirtualKeyCode value {}
12:52:17.344 [main] DEBUG com.jayway.jsonpath.internal.path.CompiledPath -- Evaluating path: $
12:52:17.344 [main] DEBUG com.jayway.jsonpath.internal.JsonContext -- Put path $ key windowsVirtualKeyCode value 97
12:52:17.344 [main] DEBUG com.jayway.jsonpath.internal.path.CompiledPath -- Evaluating path: $
12:52:17.344 [main] DEBUG com.intuit.karate.driver.chrome_1718781728853 -- >> {"id":67,"sessionId":"801071A49DF559297546371E5BEA9469","method":"Input.dispatchKeyEvent","params":{"modifiers":0,"type":"keyUp","text":"a","windowsVirtualKeyCode":97}}
12:52:17.348 [nioEventLoopGroup-8-1] DEBUG com.intuit.karate.driver.chrome_1718781728853 -- << {"id":67,"result":{},"sessionId":"801071A49DF559297546371E5BEA9469"}
12:52:17.348 [nioEventLoopGroup-8-1] DEBUG com.jayway.jsonpath.internal.path.CompiledPath -- Evaluating path: $
12:52:17.348 [main] DEBUG com.jayway.jsonpath.internal.path.CompiledPath -- Evaluating path: $['modifiers']
12:52:17.349 [main] DEBUG com.jayway.jsonpath.internal.path.CompiledPath -- Evaluating path: $
12:52:17.349 [main] DEBUG com.jayway.jsonpath.internal.path.CompiledPath -- Evaluating path: $
12:52:17.349 [main] DEBUG com.jayway.jsonpath.internal.JsonContext -- Put path $ key modifiers value {}
12:52:17.349 [main] DEBUG com.jayway.jsonpath.internal.path.CompiledPath -- Evaluating path: $
12:52:17.349 [main] DEBUG com.jayway.jsonpath.internal.JsonContext -- Put path $ key modifiers value 0
12:52:17.349 [main] DEBUG com.jayway.jsonpath.internal.path.CompiledPath -- Evaluating path: $['type']
12:52:17.349 [main] DEBUG com.jayway.jsonpath.internal.path.CompiledPath -- Evaluating path: $
12:52:17.349 [main] DEBUG com.jayway.jsonpath.internal.path.CompiledPath -- Evaluating path: $
12:52:17.349 [main] DEBUG com.jayway.jsonpath.internal.JsonContext -- Put path $ key type value {}
12:52:17.349 [main] DEBUG com.jayway.jsonpath.internal.path.CompiledPath -- Evaluating path: $
12:52:17.349 [main] DEBUG com.jayway.jsonpath.internal.JsonContext -- Put path $ key type value rawKeyDown
12:52:17.349 [main] DEBUG com.jayway.jsonpath.internal.path.CompiledPath -- Evaluating path: $['text']
12:52:17.349 [main] DEBUG com.jayway.jsonpath.internal.path.CompiledPath -- Evaluating path: $
12:52:17.349 [main] DEBUG com.jayway.jsonpath.internal.path.CompiledPath -- Evaluating path: $
12:52:17.349 [main] DEBUG com.jayway.jsonpath.internal.JsonContext -- Put path $ key text value {}
12:52:17.349 [main] DEBUG com.jayway.jsonpath.internal.path.CompiledPath -- Evaluating path: $
12:52:17.349 [main] DEBUG com.jayway.jsonpath.internal.JsonContext -- Put path $ key text value u
12:52:17.349 [main] DEBUG com.jayway.jsonpath.internal.path.CompiledPath -- Evaluating path: $['windowsVirtualKeyCode']
12:52:17.349 [main] DEBUG com.jayway.jsonpath.internal.path.CompiledPath -- Evaluating path: $
12:52:17.349 [main] DEBUG com.jayway.jsonpath.internal.path.CompiledPath -- Evaluating path: $
12:52:17.349 [main] DEBUG com.jayway.jsonpath.internal.JsonContext -- Put path $ key windowsVirtualKeyCode value {}
12:52:17.349 [main] DEBUG com.jayway.jsonpath.internal.path.CompiledPath -- Evaluating path: $
12:52:17.349 [main] DEBUG com.jayway.jsonpath.internal.JsonContext -- Put path $ key windowsVirtualKeyCode value 117
12:52:17.349 [main] DEBUG com.jayway.jsonpath.internal.path.CompiledPath -- Evaluating path: $
12:52:17.349 [main] DEBUG com.intuit.karate.driver.chrome_1718781728853 -- >> {"id":68,"sessionId":"801071A49DF559297546371E5BEA9469","method":"Input.dispatchKeyEvent","params":{"modifiers":0,"type":"rawKeyDown","text":"u","windowsVirtualKeyCode":117}}
12:52:17.350 [nioEventLoopGroup-8-1] DEBUG com.intuit.karate.driver.chrome_1718781728853 -- << {"id":68,"result":{},"sessionId":"801071A49DF559297546371E5BEA9469"}
12:52:17.350 [nioEventLoopGroup-8-1] DEBUG com.jayway.jsonpath.internal.path.CompiledPath -- Evaluating path: $
12:52:17.350 [main] DEBUG com.jayway.jsonpath.internal.path.CompiledPath -- Evaluating path: $['modifiers']
12:52:17.350 [main] DEBUG com.jayway.jsonpath.internal.path.CompiledPath -- Evaluating path: $
12:52:17.350 [main] DEBUG com.jayway.jsonpath.internal.path.CompiledPath -- Evaluating path: $
12:52:17.350 [main] DEBUG com.jayway.jsonpath.internal.JsonContext -- Put path $ key modifiers value {}
12:52:17.350 [main] DEBUG com.jayway.jsonpath.internal.path.CompiledPath -- Evaluating path: $
12:52:17.350 [main] DEBUG com.jayway.jsonpath.internal.JsonContext -- Put path $ key modifiers value 0
12:52:17.350 [main] DEBUG com.jayway.jsonpath.internal.path.CompiledPath -- Evaluating path: $['type']
12:52:17.350 [main] DEBUG com.jayway.jsonpath.internal.path.CompiledPath -- Evaluating path: $
12:52:17.350 [main] DEBUG com.jayway.jsonpath.internal.path.CompiledPath -- Evaluating path: $
12:52:17.350 [main] DEBUG com.jayway.jsonpath.internal.JsonContext -- Put path $ key type value {}
12:52:17.350 [main] DEBUG com.jayway.jsonpath.internal.path.CompiledPath -- Evaluating path: $
12:52:17.350 [main] DEBUG com.jayway.jsonpath.internal.JsonContext -- Put path $ key type value char
12:52:17.350 [main] DEBUG com.jayway.jsonpath.internal.path.CompiledPath -- Evaluating path: $['text']
12:52:17.350 [main] DEBUG com.jayway.jsonpath.internal.path.CompiledPath -- Evaluating path: $
12:52:17.350 [main] DEBUG com.jayway.jsonpath.internal.path.CompiledPath -- Evaluating path: $
12:52:17.350 [main] DEBUG com.jayway.jsonpath.internal.JsonContext -- Put path $ key text value {}
12:52:17.350 [main] DEBUG com.jayway.jsonpath.internal.path.CompiledPath -- Evaluating path: $
12:52:17.350 [main] DEBUG com.jayway.jsonpath.internal.JsonContext -- Put path $ key text value u
12:52:17.350 [main] DEBUG com.jayway.jsonpath.internal.path.CompiledPath -- Evaluating path: $['windowsVirtualKeyCode']
12:52:17.350 [main] DEBUG com.jayway.jsonpath.internal.path.CompiledPath -- Evaluating path: $
12:52:17.350 [main] DEBUG com.jayway.jsonpath.internal.path.CompiledPath -- Evaluating path: $
12:52:17.350 [main] DEBUG com.jayway.jsonpath.internal.JsonContext -- Put path $ key windowsVirtualKeyCode value {}
12:52:17.350 [main] DEBUG com.jayway.jsonpath.internal.path.CompiledPath -- Evaluating path: $
12:52:17.350 [main] DEBUG com.jayway.jsonpath.internal.JsonContext -- Put path $ key windowsVirtualKeyCode value 117
12:52:17.350 [main] DEBUG com.jayway.jsonpath.internal.path.CompiledPath -- Evaluating path: $
12:52:17.350 [main] DEBUG com.intuit.karate.driver.chrome_1718781728853 -- >> {"id":69,"sessionId":"801071A49DF559297546371E5BEA9469","method":"Input.dispatchKeyEvent","params":{"modifiers":0,"type":"char","text":"u","windowsVirtualKeyCode":117}}
12:52:17.358 [nioEventLoopGroup-8-1] DEBUG com.intuit.karate.driver.chrome_1718781728853 -- << {"id":69,"result":{},"sessionId":"801071A49DF559297546371E5BEA9469"}
12:52:17.358 [nioEventLoopGroup-8-1] DEBUG com.jayway.jsonpath.internal.path.CompiledPath -- Evaluating path: $
12:52:17.358 [main] DEBUG com.jayway.jsonpath.internal.path.CompiledPath -- Evaluating path: $['modifiers']
12:52:17.358 [main] DEBUG com.jayway.jsonpath.internal.path.CompiledPath -- Evaluating path: $
12:52:17.358 [main] DEBUG com.jayway.jsonpath.internal.path.CompiledPath -- Evaluating path: $
12:52:17.358 [main] DEBUG com.jayway.jsonpath.internal.JsonContext -- Put path $ key modifiers value {}
12:52:17.358 [main] DEBUG com.jayway.jsonpath.internal.path.CompiledPath -- Evaluating path: $
12:52:17.358 [main] DEBUG com.jayway.jsonpath.internal.JsonContext -- Put path $ key modifiers value 0
12:52:17.358 [main] DEBUG com.jayway.jsonpath.internal.path.CompiledPath -- Evaluating path: $['type']
12:52:17.358 [main] DEBUG com.jayway.jsonpath.internal.path.CompiledPath -- Evaluating path: $
12:52:17.358 [main] DEBUG com.jayway.jsonpath.internal.path.CompiledPath -- Evaluating path: $
12:52:17.358 [main] DEBUG com.jayway.jsonpath.internal.JsonContext -- Put path $ key type value {}
12:52:17.358 [main] DEBUG com.jayway.jsonpath.internal.path.CompiledPath -- Evaluating path: $
12:52:17.358 [main] DEBUG com.jayway.jsonpath.internal.JsonContext -- Put path $ key type value keyUp
12:52:17.358 [main] DEBUG com.jayway.jsonpath.internal.path.CompiledPath -- Evaluating path: $['text']
12:52:17.358 [main] DEBUG com.jayway.jsonpath.internal.path.CompiledPath -- Evaluating path: $
12:52:17.358 [main] DEBUG com.jayway.jsonpath.internal.path.CompiledPath -- Evaluating path: $
12:52:17.358 [main] DEBUG com.jayway.jsonpath.internal.JsonContext -- Put path $ key text value {}
12:52:17.358 [main] DEBUG com.jayway.jsonpath.internal.path.CompiledPath -- Evaluating path: $
12:52:17.358 [main] DEBUG com.jayway.jsonpath.internal.JsonContext -- Put path $ key text value u
12:52:17.360 [main] DEBUG com.jayway.jsonpath.internal.path.CompiledPath -- Evaluating path: $['windowsVirtualKeyCode']
12:52:17.360 [main] DEBUG com.jayway.jsonpath.internal.path.CompiledPath -- Evaluating path: $
12:52:17.360 [main] DEBUG com.jayway.jsonpath.internal.path.CompiledPath -- Evaluating path: $
12:52:17.360 [main] DEBUG com.jayway.jsonpath.internal.JsonContext -- Put path $ key windowsVirtualKeyCode value {}
12:52:17.360 [main] DEBUG com.jayway.jsonpath.internal.path.CompiledPath -- Evaluating path: $
12:52:17.360 [main] DEBUG com.jayway.jsonpath.internal.JsonContext -- Put path $ key windowsVirtualKeyCode value 117
12:52:17.360 [main] DEBUG com.jayway.jsonpath.internal.path.CompiledPath -- Evaluating path: $
12:52:17.360 [main] DEBUG com.intuit.karate.driver.chrome_1718781728853 -- >> {"id":70,"sessionId":"801071A49DF559297546371E5BEA9469","method":"Input.dispatchKeyEvent","params":{"modifiers":0,"type":"keyUp","text":"u","windowsVirtualKeyCode":117}}
12:52:17.493 [nioEventLoopGroup-8-1] DEBUG com.intuit.karate.driver.chrome_1718781728853 -- << {"id":70,"result":{},"sessionId":"801071A49DF559297546371E5BEA9469"}
12:52:17.493 [nioEventLoopGroup-8-1] DEBUG com.jayway.jsonpath.internal.path.CompiledPath -- Evaluating path: $
12:52:17.493 [main] DEBUG com.jayway.jsonpath.internal.path.CompiledPath -- Evaluating path: $['modifiers']
12:52:17.493 [main] DEBUG com.jayway.jsonpath.internal.path.CompiledPath -- Evaluating path: $
12:52:17.493 [main] DEBUG com.jayway.jsonpath.internal.path.CompiledPath -- Evaluating path: $
12:52:17.493 [main] DEBUG com.jayway.jsonpath.internal.JsonContext -- Put path $ key modifiers value {}
12:52:17.493 [main] DEBUG com.jayway.jsonpath.internal.path.CompiledPath -- Evaluating path: $
12:52:17.493 [main] DEBUG com.jayway.jsonpath.internal.JsonContext -- Put path $ key modifiers value 0
12:52:17.493 [main] DEBUG com.jayway.jsonpath.internal.path.CompiledPath -- Evaluating path: $['type']
12:52:17.493 [main] DEBUG com.jayway.jsonpath.internal.path.CompiledPath -- Evaluating path: $
12:52:17.493 [main] DEBUG com.jayway.jsonpath.internal.path.CompiledPath -- Evaluating path: $
12:52:17.493 [main] DEBUG com.jayway.jsonpath.internal.JsonContext -- Put path $ key type value {}
12:52:17.493 [main] DEBUG com.jayway.jsonpath.internal.path.CompiledPath -- Evaluating path: $
12:52:17.493 [main] DEBUG com.jayway.jsonpath.internal.JsonContext -- Put path $ key type value rawKeyDown
12:52:17.493 [main] DEBUG com.jayway.jsonpath.internal.path.CompiledPath -- Evaluating path: $['text']
12:52:17.493 [main] DEBUG com.jayway.jsonpath.internal.path.CompiledPath -- Evaluating path: $
12:52:17.493 [main] DEBUG com.jayway.jsonpath.internal.path.CompiledPath -- Evaluating path: $
12:52:17.493 [main] DEBUG com.jayway.jsonpath.internal.JsonContext -- Put path $ key text value {}
12:52:17.493 [main] DEBUG com.jayway.jsonpath.internal.path.CompiledPath -- Evaluating path: $
12:52:17.493 [main] DEBUG com.jayway.jsonpath.internal.JsonContext -- Put path $ key text value c
12:52:17.493 [main] DEBUG com.jayway.jsonpath.internal.path.CompiledPath -- Evaluating path: $['windowsVirtualKeyCode']
12:52:17.493 [main] DEBUG com.jayway.jsonpath.internal.path.CompiledPath -- Evaluating path: $
12:52:17.493 [main] DEBUG com.jayway.jsonpath.internal.path.CompiledPath -- Evaluating path: $
12:52:17.493 [main] DEBUG com.jayway.jsonpath.internal.JsonContext -- Put path $ key windowsVirtualKeyCode value {}
12:52:17.493 [main] DEBUG com.jayway.jsonpath.internal.path.CompiledPath -- Evaluating path: $
12:52:17.493 [main] DEBUG com.jayway.jsonpath.internal.JsonContext -- Put path $ key windowsVirtualKeyCode value 99
12:52:17.493 [main] DEBUG com.jayway.jsonpath.internal.path.CompiledPath -- Evaluating path: $
12:52:17.493 [main] DEBUG com.intuit.karate.driver.chrome_1718781728853 -- >> {"id":71,"sessionId":"801071A49DF559297546371E5BEA9469","method":"Input.dispatchKeyEvent","params":{"modifiers":0,"type":"rawKeyDown","text":"c","windowsVirtualKeyCode":99}}
12:52:17.498 [nioEventLoopGroup-8-1] DEBUG com.intuit.karate.driver.chrome_1718781728853 -- << {"id":71,"result":{},"sessionId":"801071A49DF559297546371E5BEA9469"}
12:52:17.498 [nioEventLoopGroup-8-1] DEBUG com.jayway.jsonpath.internal.path.CompiledPath -- Evaluating path: $
12:52:17.498 [main] DEBUG com.jayway.jsonpath.internal.path.CompiledPath -- Evaluating path: $['modifiers']
12:52:17.498 [main] DEBUG com.jayway.jsonpath.internal.path.CompiledPath -- Evaluating path: $
12:52:17.498 [main] DEBUG com.jayway.jsonpath.internal.path.CompiledPath -- Evaluating path: $
12:52:17.498 [main] DEBUG com.jayway.jsonpath.internal.JsonContext -- Put path $ key modifiers value {}
12:52:17.498 [main] DEBUG com.jayway.jsonpath.internal.path.CompiledPath -- Evaluating path: $
12:52:17.498 [main] DEBUG com.jayway.jsonpath.internal.JsonContext -- Put path $ key modifiers value 0
12:52:17.498 [main] DEBUG com.jayway.jsonpath.internal.path.CompiledPath -- Evaluating path: $['type']
12:52:17.498 [main] DEBUG com.jayway.jsonpath.internal.path.CompiledPath -- Evaluating path: $
12:52:17.498 [main] DEBUG com.jayway.jsonpath.internal.path.CompiledPath -- Evaluating path: $
12:52:17.498 [main] DEBUG com.jayway.jsonpath.internal.JsonContext -- Put path $ key type value {}
12:52:17.498 [main] DEBUG com.jayway.jsonpath.internal.path.CompiledPath -- Evaluating path: $
12:52:17.498 [main] DEBUG com.jayway.jsonpath.internal.JsonContext -- Put path $ key type value char
12:52:17.498 [main] DEBUG com.jayway.jsonpath.internal.path.CompiledPath -- Evaluating path: $['text']
12:52:17.498 [main] DEBUG com.jayway.jsonpath.internal.path.CompiledPath -- Evaluating path: $
12:52:17.498 [main] DEBUG com.jayway.jsonpath.internal.path.CompiledPath -- Evaluating path: $
12:52:17.498 [main] DEBUG com.jayway.jsonpath.internal.JsonContext -- Put path $ key text value {}
12:52:17.498 [main] DEBUG com.jayway.jsonpath.internal.path.CompiledPath -- Evaluating path: $
12:52:17.498 [main] DEBUG com.jayway.jsonpath.internal.JsonContext -- Put path $ key text value c
12:52:17.498 [main] DEBUG com.jayway.jsonpath.internal.path.CompiledPath -- Evaluating path: $['windowsVirtualKeyCode']
12:52:17.498 [main] DEBUG com.jayway.jsonpath.internal.path.CompiledPath -- Evaluating path: $
12:52:17.498 [main] DEBUG com.jayway.jsonpath.internal.path.CompiledPath -- Evaluating path: $
12:52:17.498 [main] DEBUG com.jayway.jsonpath.internal.JsonContext -- Put path $ key windowsVirtualKeyCode value {}
12:52:17.498 [main] DEBUG com.jayway.jsonpath.internal.path.CompiledPath -- Evaluating path: $
12:52:17.498 [main] DEBUG com.jayway.jsonpath.internal.JsonContext -- Put path $ key windowsVirtualKeyCode value 99
12:52:17.498 [main] DEBUG com.jayway.jsonpath.internal.path.CompiledPath -- Evaluating path: $
12:52:17.498 [main] DEBUG com.intuit.karate.driver.chrome_1718781728853 -- >> {"id":72,"sessionId":"801071A49DF559297546371E5BEA9469","method":"Input.dispatchKeyEvent","params":{"modifiers":0,"type":"char","text":"c","windowsVirtualKeyCode":99}}
12:52:17.629 [nioEventLoopGroup-8-1] DEBUG com.intuit.karate.driver.chrome_1718781728853 -- << {"id":72,"result":{},"sessionId":"801071A49DF559297546371E5BEA9469"}
12:52:17.629 [nioEventLoopGroup-8-1] DEBUG com.jayway.jsonpath.internal.path.CompiledPath -- Evaluating path: $
12:52:17.629 [main] DEBUG com.jayway.jsonpath.internal.path.CompiledPath -- Evaluating path: $['modifiers']
12:52:17.629 [main] DEBUG com.jayway.jsonpath.internal.path.CompiledPath -- Evaluating path: $
12:52:17.629 [main] DEBUG com.jayway.jsonpath.internal.path.CompiledPath -- Evaluating path: $
12:52:17.629 [main] DEBUG com.jayway.jsonpath.internal.JsonContext -- Put path $ key modifiers value {}
12:52:17.629 [main] DEBUG com.jayway.jsonpath.internal.path.CompiledPath -- Evaluating path: $
12:52:17.629 [main] DEBUG com.jayway.jsonpath.internal.JsonContext -- Put path $ key modifiers value 0
12:52:17.629 [main] DEBUG com.jayway.jsonpath.internal.path.CompiledPath -- Evaluating path: $['type']
12:52:17.629 [main] DEBUG com.jayway.jsonpath.internal.path.CompiledPath -- Evaluating path: $
12:52:17.629 [main] DEBUG com.jayway.jsonpath.internal.path.CompiledPath -- Evaluating path: $
12:52:17.629 [main] DEBUG com.jayway.jsonpath.internal.JsonContext -- Put path $ key type value {}
12:52:17.629 [main] DEBUG com.jayway.jsonpath.internal.path.CompiledPath -- Evaluating path: $
12:52:17.629 [main] DEBUG com.jayway.jsonpath.internal.JsonContext -- Put path $ key type value keyUp
12:52:17.629 [main] DEBUG com.jayway.jsonpath.internal.path.CompiledPath -- Evaluating path: $['text']
12:52:17.629 [main] DEBUG com.jayway.jsonpath.internal.path.CompiledPath -- Evaluating path: $
12:52:17.629 [main] DEBUG com.jayway.jsonpath.internal.path.CompiledPath -- Evaluating path: $
12:52:17.629 [main] DEBUG com.jayway.jsonpath.internal.JsonContext -- Put path $ key text value {}
12:52:17.629 [main] DEBUG com.jayway.jsonpath.internal.path.CompiledPath -- Evaluating path: $
12:52:17.629 [main] DEBUG com.jayway.jsonpath.internal.JsonContext -- Put path $ key text value c
12:52:17.629 [main] DEBUG com.jayway.jsonpath.internal.path.CompiledPath -- Evaluating path: $['windowsVirtualKeyCode']
12:52:17.629 [main] DEBUG com.jayway.jsonpath.internal.path.CompiledPath -- Evaluating path: $
12:52:17.629 [main] DEBUG com.jayway.jsonpath.internal.path.CompiledPath -- Evaluating path: $
12:52:17.629 [main] DEBUG com.jayway.jsonpath.internal.JsonContext -- Put path $ key windowsVirtualKeyCode value {}
12:52:17.629 [main] DEBUG com.jayway.jsonpath.internal.path.CompiledPath -- Evaluating path: $
12:52:17.629 [main] DEBUG com.jayway.jsonpath.internal.JsonContext -- Put path $ key windowsVirtualKeyCode value 99
12:52:17.629 [main] DEBUG com.jayway.jsonpath.internal.path.CompiledPath -- Evaluating path: $
12:52:17.629 [main] DEBUG com.intuit.karate.driver.chrome_1718781728853 -- >> {"id":73,"sessionId":"801071A49DF559297546371E5BEA9469","method":"Input.dispatchKeyEvent","params":{"modifiers":0,"type":"keyUp","text":"c","windowsVirtualKeyCode":99}}
12:52:17.636 [nioEventLoopGroup-8-1] DEBUG com.intuit.karate.driver.chrome_1718781728853 -- << {"id":73,"result":{},"sessionId":"801071A49DF559297546371E5BEA9469"}
12:52:17.636 [nioEventLoopGroup-8-1] DEBUG com.jayway.jsonpath.internal.path.CompiledPath -- Evaluating path: $
12:52:17.636 [main] DEBUG com.jayway.jsonpath.internal.path.CompiledPath -- Evaluating path: $['modifiers']
12:52:17.636 [main] DEBUG com.jayway.jsonpath.internal.path.CompiledPath -- Evaluating path: $
12:52:17.636 [main] DEBUG com.jayway.jsonpath.internal.path.CompiledPath -- Evaluating path: $
12:52:17.636 [main] DEBUG com.jayway.jsonpath.internal.JsonContext -- Put path $ key modifiers value {}
12:52:17.636 [main] DEBUG com.jayway.jsonpath.internal.path.CompiledPath -- Evaluating path: $
12:52:17.636 [main] DEBUG com.jayway.jsonpath.internal.JsonContext -- Put path $ key modifiers value 0
12:52:17.636 [main] DEBUG com.jayway.jsonpath.internal.path.CompiledPath -- Evaluating path: $['type']
12:52:17.636 [main] DEBUG com.jayway.jsonpath.internal.path.CompiledPath -- Evaluating path: $
12:52:17.636 [main] DEBUG com.jayway.jsonpath.internal.path.CompiledPath -- Evaluating path: $
12:52:17.636 [main] DEBUG com.jayway.jsonpath.internal.JsonContext -- Put path $ key type value {}
12:52:17.636 [main] DEBUG com.jayway.jsonpath.internal.path.CompiledPath -- Evaluating path: $
12:52:17.636 [main] DEBUG com.jayway.jsonpath.internal.JsonContext -- Put path $ key type value rawKeyDown
12:52:17.636 [main] DEBUG com.jayway.jsonpath.internal.path.CompiledPath -- Evaluating path: $['text']
12:52:17.636 [main] DEBUG com.jayway.jsonpath.internal.path.CompiledPath -- Evaluating path: $
12:52:17.636 [main] DEBUG com.jayway.jsonpath.internal.path.CompiledPath -- Evaluating path: $
12:52:17.636 [main] DEBUG com.jayway.jsonpath.internal.JsonContext -- Put path $ key text value {}
12:52:17.636 [main] DEBUG com.jayway.jsonpath.internal.path.CompiledPath -- Evaluating path: $
12:52:17.636 [main] DEBUG com.jayway.jsonpath.internal.JsonContext -- Put path $ key text value e
12:52:17.636 [main] DEBUG com.jayway.jsonpath.internal.path.CompiledPath -- Evaluating path: $['windowsVirtualKeyCode']
12:52:17.636 [main] DEBUG com.jayway.jsonpath.internal.path.CompiledPath -- Evaluating path: $
12:52:17.636 [main] DEBUG com.jayway.jsonpath.internal.path.CompiledPath -- Evaluating path: $
12:52:17.636 [main] DEBUG com.jayway.jsonpath.internal.JsonContext -- Put path $ key windowsVirtualKeyCode value {}
12:52:17.636 [main] DEBUG com.jayway.jsonpath.internal.path.CompiledPath -- Evaluating path: $
12:52:17.636 [main] DEBUG com.jayway.jsonpath.internal.JsonContext -- Put path $ key windowsVirtualKeyCode value 101
12:52:17.636 [main] DEBUG com.jayway.jsonpath.internal.path.CompiledPath -- Evaluating path: $
12:52:17.636 [main] DEBUG com.intuit.karate.driver.chrome_1718781728853 -- >> {"id":74,"sessionId":"801071A49DF559297546371E5BEA9469","method":"Input.dispatchKeyEvent","params":{"modifiers":0,"type":"rawKeyDown","text":"e","windowsVirtualKeyCode":101}}
12:52:17.636 [nioEventLoopGroup-8-1] DEBUG com.intuit.karate.driver.chrome_1718781728853 -- << {"id":74,"result":{},"sessionId":"801071A49DF559297546371E5BEA9469"}
12:52:17.636 [nioEventLoopGroup-8-1] DEBUG com.jayway.jsonpath.internal.path.CompiledPath -- Evaluating path: $
12:52:17.636 [main] DEBUG com.jayway.jsonpath.internal.path.CompiledPath -- Evaluating path: $['modifiers']
12:52:17.636 [main] DEBUG com.jayway.jsonpath.internal.path.CompiledPath -- Evaluating path: $
12:52:17.636 [main] DEBUG com.jayway.jsonpath.internal.path.CompiledPath -- Evaluating path: $
12:52:17.636 [main] DEBUG com.jayway.jsonpath.internal.JsonContext -- Put path $ key modifiers value {}
12:52:17.636 [main] DEBUG com.jayway.jsonpath.internal.path.CompiledPath -- Evaluating path: $
12:52:17.636 [main] DEBUG com.jayway.jsonpath.internal.JsonContext -- Put path $ key modifiers value 0
12:52:17.636 [main] DEBUG com.jayway.jsonpath.internal.path.CompiledPath -- Evaluating path: $['type']
12:52:17.636 [main] DEBUG com.jayway.jsonpath.internal.path.CompiledPath -- Evaluating path: $
12:52:17.636 [main] DEBUG com.jayway.jsonpath.internal.path.CompiledPath -- Evaluating path: $
12:52:17.636 [main] DEBUG com.jayway.jsonpath.internal.JsonContext -- Put path $ key type value {}
12:52:17.636 [main] DEBUG com.jayway.jsonpath.internal.path.CompiledPath -- Evaluating path: $
12:52:17.636 [main] DEBUG com.jayway.jsonpath.internal.JsonContext -- Put path $ key type value char
12:52:17.636 [main] DEBUG com.jayway.jsonpath.internal.path.CompiledPath -- Evaluating path: $['text']
12:52:17.636 [main] DEBUG com.jayway.jsonpath.internal.path.CompiledPath -- Evaluating path: $
12:52:17.636 [main] DEBUG com.jayway.jsonpath.internal.path.CompiledPath -- Evaluating path: $
12:52:17.636 [main] DEBUG com.jayway.jsonpath.internal.JsonContext -- Put path $ key text value {}
12:52:17.636 [main] DEBUG com.jayway.jsonpath.internal.path.CompiledPath -- Evaluating path: $
12:52:17.636 [main] DEBUG com.jayway.jsonpath.internal.JsonContext -- Put path $ key text value e
12:52:17.636 [main] DEBUG com.jayway.jsonpath.internal.path.CompiledPath -- Evaluating path: $['windowsVirtualKeyCode']
12:52:17.636 [main] DEBUG com.jayway.jsonpath.internal.path.CompiledPath -- Evaluating path: $
12:52:17.636 [main] DEBUG com.jayway.jsonpath.internal.path.CompiledPath -- Evaluating path: $
12:52:17.636 [main] DEBUG com.jayway.jsonpath.internal.JsonContext -- Put path $ key windowsVirtualKeyCode value {}
12:52:17.636 [main] DEBUG com.jayway.jsonpath.internal.path.CompiledPath -- Evaluating path: $
12:52:17.636 [main] DEBUG com.jayway.jsonpath.internal.JsonContext -- Put path $ key windowsVirtualKeyCode value 101
12:52:17.636 [main] DEBUG com.jayway.jsonpath.internal.path.CompiledPath -- Evaluating path: $
12:52:17.636 [main] DEBUG com.intuit.karate.driver.chrome_1718781728853 -- >> {"id":75,"sessionId":"801071A49DF559297546371E5BEA9469","method":"Input.dispatchKeyEvent","params":{"modifiers":0,"type":"char","text":"e","windowsVirtualKeyCode":101}}
12:52:17.650 [nioEventLoopGroup-8-1] DEBUG com.intuit.karate.driver.chrome_1718781728853 -- << {"id":75,"result":{},"sessionId":"801071A49DF559297546371E5BEA9469"}
12:52:17.650 [nioEventLoopGroup-8-1] DEBUG com.jayway.jsonpath.internal.path.CompiledPath -- Evaluating path: $
12:52:17.650 [main] DEBUG com.jayway.jsonpath.internal.path.CompiledPath -- Evaluating path: $['modifiers']
12:52:17.650 [main] DEBUG com.jayway.jsonpath.internal.path.CompiledPath -- Evaluating path: $
12:52:17.650 [main] DEBUG com.jayway.jsonpath.internal.path.CompiledPath -- Evaluating path: $
12:52:17.650 [main] DEBUG com.jayway.jsonpath.internal.JsonContext -- Put path $ key modifiers value {}
12:52:17.650 [main] DEBUG com.jayway.jsonpath.internal.path.CompiledPath -- Evaluating path: $
12:52:17.650 [main] DEBUG com.jayway.jsonpath.internal.JsonContext -- Put path $ key modifiers value 0
12:52:17.650 [main] DEBUG com.jayway.jsonpath.internal.path.CompiledPath -- Evaluating path: $['type']
12:52:17.650 [main] DEBUG com.jayway.jsonpath.internal.path.CompiledPath -- Evaluating path: $
12:52:17.650 [main] DEBUG com.jayway.jsonpath.internal.path.CompiledPath -- Evaluating path: $
12:52:17.650 [main] DEBUG com.jayway.jsonpath.internal.JsonContext -- Put path $ key type value {}
12:52:17.650 [main] DEBUG com.jayway.jsonpath.internal.path.CompiledPath -- Evaluating path: $
12:52:17.650 [main] DEBUG com.jayway.jsonpath.internal.JsonContext -- Put path $ key type value keyUp
12:52:17.650 [main] DEBUG com.jayway.jsonpath.internal.path.CompiledPath -- Evaluating path: $['text']
12:52:17.650 [main] DEBUG com.jayway.jsonpath.internal.path.CompiledPath -- Evaluating path: $
12:52:17.650 [main] DEBUG com.jayway.jsonpath.internal.path.CompiledPath -- Evaluating path: $
12:52:17.650 [main] DEBUG com.jayway.jsonpath.internal.JsonContext -- Put path $ key text value {}
12:52:17.650 [main] DEBUG com.jayway.jsonpath.internal.path.CompiledPath -- Evaluating path: $
12:52:17.650 [main] DEBUG com.jayway.jsonpath.internal.JsonContext -- Put path $ key text value e
12:52:17.650 [main] DEBUG com.jayway.jsonpath.internal.path.CompiledPath -- Evaluating path: $['windowsVirtualKeyCode']
12:52:17.650 [main] DEBUG com.jayway.jsonpath.internal.path.CompiledPath -- Evaluating path: $
12:52:17.650 [main] DEBUG com.jayway.jsonpath.internal.path.CompiledPath -- Evaluating path: $
12:52:17.650 [main] DEBUG com.jayway.jsonpath.internal.JsonContext -- Put path $ key windowsVirtualKeyCode value {}
12:52:17.650 [main] DEBUG com.jayway.jsonpath.internal.path.CompiledPath -- Evaluating path: $
12:52:17.650 [main] DEBUG com.jayway.jsonpath.internal.JsonContext -- Put path $ key windowsVirtualKeyCode value 101
12:52:17.650 [main] DEBUG com.jayway.jsonpath.internal.path.CompiledPath -- Evaluating path: $
12:52:17.650 [main] DEBUG com.intuit.karate.driver.chrome_1718781728853 -- >> {"id":76,"sessionId":"801071A49DF559297546371E5BEA9469","method":"Input.dispatchKeyEvent","params":{"modifiers":0,"type":"keyUp","text":"e","windowsVirtualKeyCode":101}}
12:52:17.657 [nioEventLoopGroup-8-1] DEBUG com.intuit.karate.driver.chrome_1718781728853 -- << {"id":76,"result":{},"sessionId":"801071A49DF559297546371E5BEA9469"}
12:52:17.657 [nioEventLoopGroup-8-1] DEBUG com.jayway.jsonpath.internal.path.CompiledPath -- Evaluating path: $
12:52:20.669 [main] DEBUG com.jayway.jsonpath.internal.path.CompiledPath -- Evaluating path: $['expression']
12:52:20.669 [main] DEBUG com.jayway.jsonpath.internal.path.CompiledPath -- Evaluating path: $
12:52:20.669 [main] DEBUG com.jayway.jsonpath.internal.path.CompiledPath -- Evaluating path: $
12:52:20.669 [main] DEBUG com.jayway.jsonpath.internal.JsonContext -- Put path $ key expression value {}
12:52:20.669 [main] DEBUG com.jayway.jsonpath.internal.path.CompiledPath -- Evaluating path: $
12:52:20.669 [main] DEBUG com.jayway.jsonpath.internal.JsonContext -- Put path $ key expression value document.evaluate("//*[@id='login-button']", document, null, 9, null).singleNodeValue.click()
12:52:20.669 [main] DEBUG com.jayway.jsonpath.internal.path.CompiledPath -- Evaluating path: $['returnByValue']
12:52:20.669 [main] DEBUG com.jayway.jsonpath.internal.path.CompiledPath -- Evaluating path: $
12:52:20.669 [main] DEBUG com.jayway.jsonpath.internal.path.CompiledPath -- Evaluating path: $
12:52:20.669 [main] DEBUG com.jayway.jsonpath.internal.JsonContext -- Put path $ key returnByValue value {}
12:52:20.669 [main] DEBUG com.jayway.jsonpath.internal.path.CompiledPath -- Evaluating path: $
12:52:20.669 [main] DEBUG com.jayway.jsonpath.internal.JsonContext -- Put path $ key returnByValue value true
12:52:20.669 [main] DEBUG com.jayway.jsonpath.internal.path.CompiledPath -- Evaluating path: $
12:52:20.669 [main] DEBUG com.intuit.karate.driver.chrome_1718781728853 -- >> {"id":77,"sessionId":"801071A49DF559297546371E5BEA9469","method":"Runtime.evaluate","params":{"expression":"document.evaluate(\"\/\/*[@id='login-button']\", document, null, 9, null).singleNodeValue.click()","returnByValue":true}}
12:52:20.708 [nioEventLoopGroup-8-1] DEBUG com.intuit.karate.driver.chrome_1718781728853 -- << {"method":"Page.frameStartedLoading","params":{"frameId":"A3B9B1552DDF6E9BA638E70E40A0DA65"},"sessionId":"801071A49DF559297546371E5BEA9469"}
12:52:20.708 [nioEventLoopGroup-8-1] DEBUG com.jayway.jsonpath.internal.path.CompiledPath -- Evaluating path: $
12:52:20.708 [nioEventLoopGroup-8-1] DEBUG com.jayway.jsonpath.internal.path.CompiledPath -- Evaluating path: $['frameId']
12:52:20.713 [nioEventLoopGroup-8-1] DEBUG com.intuit.karate.driver.chrome_1718781728853 -- << {"method":"Target.targetInfoChanged","params":{"targetInfo":{"targetId":"A3B9B1552DDF6E9BA638E70E40A0DA65","type":"page","title":"Swag Labs","url":"https://www.saucedemo.com/inventory.html","attached":true,"canAccessOpener":false,"browserContextId":"3FA46D193D348FA7BFA95E4974B3FACE"}},"sessionId":"801071A49DF559297546371E5BEA9469"}
12:52:20.713 [nioEventLoopGroup-8-1] DEBUG com.jayway.jsonpath.internal.path.CompiledPath -- Evaluating path: $
12:52:20.713 [nioEventLoopGroup-8-1] DEBUG com.jayway.jsonpath.internal.path.CompiledPath -- Evaluating path: $['targetInfo']['targetId']
12:52:20.714 [nioEventLoopGroup-8-1] DEBUG com.intuit.karate.driver.chrome_1718781728853 -- << {"method":"Page.navigatedWithinDocument","params":{"frameId":"A3B9B1552DDF6E9BA638E70E40A0DA65","url":"https://www.saucedemo.com/inventory.html"},"sessionId":"801071A49DF559297546371E5BEA9469"}
12:52:20.714 [nioEventLoopGroup-8-1] DEBUG com.jayway.jsonpath.internal.path.CompiledPath -- Evaluating path: $
12:52:20.714 [nioEventLoopGroup-8-1] DEBUG com.intuit.karate.driver.chrome_1718781728853 -- << {"method":"Page.frameStoppedLoading","params":{"frameId":"A3B9B1552DDF6E9BA638E70E40A0DA65"},"sessionId":"801071A49DF559297546371E5BEA9469"}
12:52:20.714 [nioEventLoopGroup-8-1] DEBUG com.jayway.jsonpath.internal.path.CompiledPath -- Evaluating path: $
12:52:20.714 [nioEventLoopGroup-8-1] DEBUG com.jayway.jsonpath.internal.path.CompiledPath -- Evaluating path: $['frameId']
12:52:20.999 [nioEventLoopGroup-8-1] DEBUG com.intuit.karate.driver.chrome_1718781728853 -- << {"id":77,"result":{"result":{"type":"undefined"}},"sessionId":"801071A49DF559297546371E5BEA9469"}
12:52:20.999 [nioEventLoopGroup-8-1] DEBUG com.jayway.jsonpath.internal.path.CompiledPath -- Evaluating path: $
12:52:24.010 [main] DEBUG com.jayway.jsonpath.internal.path.CompiledPath -- Evaluating path: $['expression']
12:52:24.010 [main] DEBUG com.jayway.jsonpath.internal.path.CompiledPath -- Evaluating path: $
12:52:24.010 [main] DEBUG com.jayway.jsonpath.internal.path.CompiledPath -- Evaluating path: $
12:52:24.010 [main] DEBUG com.jayway.jsonpath.internal.JsonContext -- Put path $ key expression value {}
12:52:24.010 [main] DEBUG com.jayway.jsonpath.internal.path.CompiledPath -- Evaluating path: $
12:52:24.010 [main] DEBUG com.jayway.jsonpath.internal.JsonContext -- Put path $ key expression value document.title
12:52:24.010 [main] DEBUG com.jayway.jsonpath.internal.path.CompiledPath -- Evaluating path: $['returnByValue']
12:52:24.010 [main] DEBUG com.jayway.jsonpath.internal.path.CompiledPath -- Evaluating path: $
12:52:24.010 [main] DEBUG com.jayway.jsonpath.internal.path.CompiledPath -- Evaluating path: $
12:52:24.010 [main] DEBUG com.jayway.jsonpath.internal.JsonContext -- Put path $ key returnByValue value {}
12:52:24.010 [main] DEBUG com.jayway.jsonpath.internal.path.CompiledPath -- Evaluating path: $
12:52:24.010 [main] DEBUG com.jayway.jsonpath.internal.JsonContext -- Put path $ key returnByValue value true
12:52:24.010 [main] DEBUG com.jayway.jsonpath.internal.path.CompiledPath -- Evaluating path: $
12:52:24.010 [main] DEBUG com.intuit.karate.driver.chrome_1718781728853 -- >> {"id":78,"sessionId":"801071A49DF559297546371E5BEA9469","method":"Runtime.evaluate","params":{"expression":"document.title","returnByValue":true}}
12:52:24.010 [nioEventLoopGroup-8-1] DEBUG com.intuit.karate.driver.chrome_1718781728853 -- << {"id":78,"result":{"result":{"type":"string","value":"Swag Labs"}},"sessionId":"801071A49DF559297546371E5BEA9469"}
12:52:24.010 [nioEventLoopGroup-8-1] DEBUG com.jayway.jsonpath.internal.path.CompiledPath -- Evaluating path: $
12:52:24.010 [main] DEBUG com.jayway.jsonpath.internal.path.CompiledPath -- Evaluating path: $['expression']
12:52:24.010 [main] DEBUG com.jayway.jsonpath.internal.path.CompiledPath -- Evaluating path: $
12:52:24.010 [main] DEBUG com.jayway.jsonpath.internal.path.CompiledPath -- Evaluating path: $
12:52:24.010 [main] DEBUG com.jayway.jsonpath.internal.JsonContext -- Put path $ key expression value {}
12:52:24.010 [main] DEBUG com.jayway.jsonpath.internal.path.CompiledPath -- Evaluating path: $
12:52:24.010 [main] DEBUG com.jayway.jsonpath.internal.JsonContext -- Put path $ key expression value document.location.href
12:52:24.010 [main] DEBUG com.jayway.jsonpath.internal.path.CompiledPath -- Evaluating path: $['returnByValue']
12:52:24.010 [main] DEBUG com.jayway.jsonpath.internal.path.CompiledPath -- Evaluating path: $
12:52:24.010 [main] DEBUG com.jayway.jsonpath.internal.path.CompiledPath -- Evaluating path: $
12:52:24.010 [main] DEBUG com.jayway.jsonpath.internal.JsonContext -- Put path $ key returnByValue value {}
12:52:24.010 [main] DEBUG com.jayway.jsonpath.internal.path.CompiledPath -- Evaluating path: $
12:52:24.010 [main] DEBUG com.jayway.jsonpath.internal.JsonContext -- Put path $ key returnByValue value true
12:52:24.010 [main] DEBUG com.jayway.jsonpath.internal.path.CompiledPath -- Evaluating path: $
12:52:24.010 [main] DEBUG com.intuit.karate.driver.chrome_1718781728853 -- >> {"id":79,"sessionId":"801071A49DF559297546371E5BEA9469","method":"Runtime.evaluate","params":{"expression":"document.location.href","returnByValue":true}}
12:52:24.010 [nioEventLoopGroup-8-1] DEBUG com.intuit.karate.driver.chrome_1718781728853 -- << {"id":79,"result":{"result":{"type":"string","value":"https://www.saucedemo.com/inventory.html"}},"sessionId":"801071A49DF559297546371E5BEA9469"}
12:52:24.010 [nioEventLoopGroup-8-1] DEBUG com.jayway.jsonpath.internal.path.CompiledPath -- Evaluating path: $
12:52:24.766 [nioEventLoopGroup-8-1] DEBUG com.intuit.karate.driver.chrome_1718781728853 -- << {"method":"Target.targetDestroyed","params":{"targetId":"A4E7CEF13103CB21BFD2D3E7FE3894C3"},"sessionId":"801071A49DF559297546371E5BEA9469"}
12:52:24.766 [nioEventLoopGroup-8-1] DEBUG com.jayway.jsonpath.internal.path.CompiledPath -- Evaluating path: $
12:52:24.830 [nioEventLoopGroup-8-1] DEBUG com.intuit.karate.driver.chrome_1718781728853 -- << {"method":"Target.targetDestroyed","params":{"targetId":"57E61D0FEDAE84786E96EC5A79AEACF1"},"sessionId":"801071A49DF559297546371E5BEA9469"}
12:52:24.830 [nioEventLoopGroup-8-1] DEBUG com.jayway.jsonpath.internal.path.CompiledPath -- Evaluating path: $
12:52:26.883 [nioEventLoopGroup-8-1] DEBUG com.intuit.karate.driver.chrome_1718781728853 -- << {"method":"Target.targetCreated","params":{"targetInfo":{"targetId":"7F03FE7A2AD1D47B761892978D90F23F","type":"app","title":"Chrome Web Store Payments","url":"","attached":false,"canAccessOpener":false,"browserContextId":"3FA46D193D348FA7BFA95E4974B3FACE"}},"sessionId":"801071A49DF559297546371E5BEA9469"}
12:52:26.883 [nioEventLoopGroup-8-1] DEBUG com.jayway.jsonpath.internal.path.CompiledPath -- Evaluating path: $
12:52:27.012 [nioEventLoopGroup-8-1] DEBUG com.intuit.karate.driver.chrome_1718781728853 -- << {"method":"Target.targetInfoChanged","params":{"targetInfo":{"targetId":"7F03FE7A2AD1D47B761892978D90F23F","type":"background_page","title":"Chrome Web Store Payments","url":"chrome-extension://nmmhkkegccagdldgiimedpiccmgmieda/_generated_background_page.html","attached":false,"canAccessOpener":false,"browserContextId":"3FA46D193D348FA7BFA95E4974B3FACE"}},"sessionId":"801071A49DF559297546371E5BEA9469"}
12:52:27.012 [nioEventLoopGroup-8-1] DEBUG com.jayway.jsonpath.internal.path.CompiledPath -- Evaluating path: $
12:52:27.012 [nioEventLoopGroup-8-1] DEBUG com.jayway.jsonpath.internal.path.CompiledPath -- Evaluating path: $['targetInfo']['targetId']
12:52:27.027 [main] DEBUG com.jayway.jsonpath.internal.path.CompiledPath -- Evaluating path: $['targetId']
12:52:27.027 [main] DEBUG com.jayway.jsonpath.internal.path.CompiledPath -- Evaluating path: $
12:52:27.027 [main] DEBUG com.jayway.jsonpath.internal.path.CompiledPath -- Evaluating path: $
12:52:27.027 [main] DEBUG com.jayway.jsonpath.internal.JsonContext -- Put path $ key targetId value {}
12:52:27.027 [main] DEBUG com.jayway.jsonpath.internal.path.CompiledPath -- Evaluating path: $
12:52:27.027 [main] DEBUG com.jayway.jsonpath.internal.JsonContext -- Put path $ key targetId value A3B9B1552DDF6E9BA638E70E40A0DA65
12:52:27.027 [main] DEBUG com.jayway.jsonpath.internal.path.CompiledPath -- Evaluating path: $
12:52:27.027 [main] DEBUG com.intuit.karate.driver.chrome_1718781728853 -- >> {"id":80,"sessionId":"801071A49DF559297546371E5BEA9469","method":"Target.closeTarget","params":{"targetId":"A3B9B1552DDF6E9BA638E70E40A0DA65"}}
12:52:27.027 [nioEventLoopGroup-8-1] DEBUG com.intuit.karate.http.WebSocketClientHandler -- websocket closing
12:52:27.027 [nioEventLoopGroup-8-1] DEBUG com.intuit.karate.http.WebSocketClientHandler -- websocket client disconnected
12:52:27.027 [main] DEBUG com.intuit.karate.shell.Command -- closing command: chrome_1718781728853
]]></system-out>
  </testcase>
  <testcase name="[4.1:67] Login with invalid login credentials" classname="UI_Automation_Project/login/login" time="16.807">
    <system-out><![CDATA[12:52:27.054 [main] INFO com.intuit.karate -- karate.env system property was: null 
12:52:27.058 [main] INFO com.intuit.karate -- the browser set is: chromedriver, default: "chrome" 
12:52:27.058 [main] DEBUG com.jayway.jsonpath.internal.path.CompiledPath -- Evaluating path: $
12:52:27.070 [main] DEBUG com.jayway.jsonpath.internal.path.CompiledPath -- Evaluating path: $
12:52:27.070 [main] DEBUG com.jayway.jsonpath.internal.path.CompiledPath -- Evaluating path: $
12:52:27.072 [main] DEBUG com.intuit.karate.shell.Command -- found / verified free local port: 54084
12:52:27.072 [main] WARN com.intuit.karate.driver.DriverOptions -- preferred port 9222 not available, will use: 54084
12:52:27.072 [chrome_1718781747070] DEBUG com.intuit.karate.driver.chrome_1718781747070 -- command: [C:\Program Files\Google\Chrome\Application\chrome.exe, --remote-debugging-port=54084, --remote-allow-origins=*, --no-first-run, --user-data-dir=C:\Users\HarshvardhanNigaveka\OneDrive - Academian India Private Limited\Desktop\GitHubActions\karateUI\UI_Automation_Project\target\chrome_1718781747070, --disable-popup-blocking], working dir: target\chrome_1718781747070
12:52:27.072 [main] DEBUG com.intuit.karate.driver.chrome_1718781747070 -- poll attempt #0 for port to be ready - localhost:54084
12:52:27.338 [main] DEBUG com.intuit.karate.driver.chrome_1718781747070 -- poll attempt #1 for port to be ready - localhost:54084
12:52:27.390 [chrome_1718781747070-out] DEBUG com.intuit.karate.driver.chrome_1718781747070 -- 
12:52:27.390 [chrome_1718781747070-out] DEBUG com.intuit.karate.driver.chrome_1718781747070 -- DevTools listening on ws://127.0.0.1:54084/devtools/browser/7cdfbb0a-c341-46f3-8671-0c0fd2b7ce0b
12:52:27.601 [main] DEBUG com.intuit.karate.driver.chrome_1718781747070 -- poll attempt #2 for port to be ready - localhost:54084
12:52:27.652 [main] DEBUG org.apache.http.client.protocol.RequestAddCookies -- CookieSpec selected: karate
12:52:27.652 [main] DEBUG org.apache.http.client.protocol.RequestAuthCache -- Auth cache not set in the context
12:52:27.652 [main] DEBUG com.intuit.karate -- request:
1 > GET http://localhost:54084/json
1 > Host: localhost:54084
1 > Connection: Keep-Alive
1 > User-Agent: Apache-HttpClient/4.5.14 (Java/17.0.11)
1 > Accept-Encoding: gzip,deflate


12:52:27.652 [main] DEBUG org.apache.http.impl.conn.PoolingHttpClientConnectionManager -- Connection request: [route: {}->http://localhost:54084][total available: 0; route allocated: 0 of 5; total allocated: 0 of 10]
12:52:27.652 [main] DEBUG org.apache.http.impl.conn.PoolingHttpClientConnectionManager -- Connection leased: [id: 14][route: {}->http://localhost:54084][total available: 0; route allocated: 1 of 5; total allocated: 1 of 10]
12:52:27.652 [main] DEBUG org.apache.http.impl.execchain.MainClientExec -- Opening connection {}->http://localhost:54084
12:52:27.652 [main] DEBUG org.apache.http.impl.conn.DefaultHttpClientConnectionOperator -- Connecting to localhost/127.0.0.1:54084
12:52:27.652 [main] DEBUG org.apache.http.impl.conn.DefaultHttpClientConnectionOperator -- Connection established 127.0.0.1:54088<->127.0.0.1:54084
12:52:27.652 [main] DEBUG org.apache.http.impl.conn.DefaultManagedHttpClientConnection -- http-outgoing-14: set socket timeout to 30000
12:52:27.652 [main] DEBUG org.apache.http.impl.execchain.MainClientExec -- Executing request GET /json HTTP/1.1
12:52:27.652 [main] DEBUG org.apache.http.impl.execchain.MainClientExec -- Target auth state: UNCHALLENGED
12:52:27.652 [main] DEBUG org.apache.http.impl.execchain.MainClientExec -- Proxy auth state: UNCHALLENGED
12:52:27.652 [main] DEBUG org.apache.http.headers -- http-outgoing-14 >> GET /json HTTP/1.1
12:52:27.652 [main] DEBUG org.apache.http.headers -- http-outgoing-14 >> Host: localhost:54084
12:52:27.652 [main] DEBUG org.apache.http.headers -- http-outgoing-14 >> Connection: Keep-Alive
12:52:27.652 [main] DEBUG org.apache.http.headers -- http-outgoing-14 >> User-Agent: Apache-HttpClient/4.5.14 (Java/17.0.11)
12:52:27.652 [main] DEBUG org.apache.http.headers -- http-outgoing-14 >> Accept-Encoding: gzip,deflate
12:52:27.652 [main] DEBUG org.apache.http.wire -- http-outgoing-14 >> "GET /json HTTP/1.1[\r][\n]"
12:52:27.652 [main] DEBUG org.apache.http.wire -- http-outgoing-14 >> "Host: localhost:54084[\r][\n]"
12:52:27.652 [main] DEBUG org.apache.http.wire -- http-outgoing-14 >> "Connection: Keep-Alive[\r][\n]"
12:52:27.652 [main] DEBUG org.apache.http.wire -- http-outgoing-14 >> "User-Agent: Apache-HttpClient/4.5.14 (Java/17.0.11)[\r][\n]"
12:52:27.652 [main] DEBUG org.apache.http.wire -- http-outgoing-14 >> "Accept-Encoding: gzip,deflate[\r][\n]"
12:52:27.652 [main] DEBUG org.apache.http.wire -- http-outgoing-14 >> "[\r][\n]"
12:52:27.652 [main] DEBUG org.apache.http.wire -- http-outgoing-14 << "HTTP/1.1 200 OK[\r][\n]"
12:52:27.652 [main] DEBUG org.apache.http.wire -- http-outgoing-14 << "Content-Security-Policy:frame-ancestors 'none'[\r][\n]"
12:52:27.652 [main] DEBUG org.apache.http.wire -- http-outgoing-14 << "Content-Length:1273[\r][\n]"
12:52:27.652 [main] DEBUG org.apache.http.wire -- http-outgoing-14 << "Content-Type:application/json; charset=UTF-8[\r][\n]"
12:52:27.652 [main] DEBUG org.apache.http.wire -- http-outgoing-14 << "[\r][\n]"
12:52:27.652 [main] DEBUG org.apache.http.wire -- http-outgoing-14 << "[ {[\r][\n]"
12:52:27.652 [main] DEBUG org.apache.http.wire -- http-outgoing-14 << "   "description": "",[\r][\n]"
12:52:27.652 [main] DEBUG org.apache.http.wire -- http-outgoing-14 << "   "devtoolsFrontendUrl": "/devtools/inspector.html?ws=localhost:54084/devtools/page/77550C567B6E05620D3476FC0EA45A3E",[\r][\n]"
12:52:27.652 [main] DEBUG org.apache.http.wire -- http-outgoing-14 << "   "id": "77550C567B6E05620D3476FC0EA45A3E",[\r][\n]"
12:52:27.652 [main] DEBUG org.apache.http.wire -- http-outgoing-14 << "   "title": "Google Network Speech",[\r][\n]"
12:52:27.652 [main] DEBUG org.apache.http.wire -- http-outgoing-14 << "   "type": "background_page",[\r][\n]"
12:52:27.652 [main] DEBUG org.apache.http.wire -- http-outgoing-14 << "   "url": "chrome-extension://neajdppkdcdipfabeoofebfddakdcjhd/_generated_background_page.html",[\r][\n]"
12:52:27.652 [main] DEBUG org.apache.http.wire -- http-outgoing-14 << "   "webSocketDebuggerUrl": "ws://localhost:54084/devtools/page/77550C567B6E05620D3476FC0EA45A3E"[\r][\n]"
12:52:27.652 [main] DEBUG org.apache.http.wire -- http-outgoing-14 << "}, {[\r][\n]"
12:52:27.652 [main] DEBUG org.apache.http.wire -- http-outgoing-14 << "   "description": "",[\r][\n]"
12:52:27.652 [main] DEBUG org.apache.http.wire -- http-outgoing-14 << "   "devtoolsFrontendUrl": "/devtools/inspector.html?ws=localhost:54084/devtools/page/7D29F022C411190A7C7614387F0216E2",[\r][\n]"
12:52:27.652 [main] DEBUG org.apache.http.wire -- http-outgoing-14 << "   "id": "7D29F022C411190A7C7614387F0216E2",[\r][\n]"
12:52:27.652 [main] DEBUG org.apache.http.wire -- http-outgoing-14 << "   "title": "Google Hangouts",[\r][\n]"
12:52:27.652 [main] DEBUG org.apache.http.wire -- http-outgoing-14 << "   "type": "background_page",[\r][\n]"
12:52:27.652 [main] DEBUG org.apache.http.wire -- http-outgoing-14 << "   "url": "chrome-extension://nkeimhogjdpnpccoofpliimaahmaaome/background.html",[\r][\n]"
12:52:27.652 [main] DEBUG org.apache.http.wire -- http-outgoing-14 << "   "webSocketDebuggerUrl": "ws://localhost:54084/devtools/page/7D29F022C411190A7C7614387F0216E2"[\r][\n]"
12:52:27.652 [main] DEBUG org.apache.http.wire -- http-outgoing-14 << "}, {[\r][\n]"
12:52:27.652 [main] DEBUG org.apache.http.wire -- http-outgoing-14 << "   "description": "",[\r][\n]"
12:52:27.652 [main] DEBUG org.apache.http.wire -- http-outgoing-14 << "   "devtoolsFrontendUrl": "/devtools/inspector.html?ws=localhost:54084/devtools/page/FE2E8DCEC35CA8C3129997781D114636",[\r][\n]"
12:52:27.652 [main] DEBUG org.apache.http.wire -- http-outgoing-14 << "   "id": "FE2E8DCEC35CA8C3129997781D114636",[\r][\n]"
12:52:27.652 [main] DEBUG org.apache.http.wire -- http-outgoing-14 << "   "title": "New Tab",[\r][\n]"
12:52:27.652 [main] DEBUG org.apache.http.wire -- http-outgoing-14 << "   "type": "page",[\r][\n]"
12:52:27.652 [main] DEBUG org.apache.http.wire -- http-outgoing-14 << "   "url": "chrome://newtab/",[\r][\n]"
12:52:27.652 [main] DEBUG org.apache.http.wire -- http-outgoing-14 << "   "webSocketDebuggerUrl": "ws://localhost:54084/devtools/page/FE2E8DCEC35CA8C3129997781D114636"[\r][\n]"
12:52:27.652 [main] DEBUG org.apache.http.wire -- http-outgoing-14 << "} ][\r][\n]"
12:52:27.652 [main] DEBUG org.apache.http.headers -- http-outgoing-14 << HTTP/1.1 200 OK
12:52:27.652 [main] DEBUG org.apache.http.headers -- http-outgoing-14 << Content-Security-Policy:frame-ancestors 'none'
12:52:27.652 [main] DEBUG org.apache.http.headers -- http-outgoing-14 << Content-Length:1273
12:52:27.652 [main] DEBUG org.apache.http.headers -- http-outgoing-14 << Content-Type:application/json; charset=UTF-8
12:52:27.652 [main] DEBUG org.apache.http.impl.execchain.MainClientExec -- Connection can be kept alive indefinitely
12:52:27.652 [main] DEBUG org.apache.http.impl.conn.PoolingHttpClientConnectionManager -- Connection [id: 14][route: {}->http://localhost:54084] can be kept alive indefinitely
12:52:27.652 [main] DEBUG org.apache.http.impl.conn.DefaultManagedHttpClientConnection -- http-outgoing-14: set socket timeout to 0
12:52:27.652 [main] DEBUG org.apache.http.impl.conn.PoolingHttpClientConnectionManager -- Connection released: [id: 14][route: {}->http://localhost:54084][total available: 1; route allocated: 1 of 5; total allocated: 1 of 10]
12:52:27.652 [main] DEBUG org.apache.http.impl.conn.PoolingHttpClientConnectionManager -- Connection manager is shutting down
12:52:27.652 [main] DEBUG org.apache.http.impl.conn.DefaultManagedHttpClientConnection -- http-outgoing-14: Close connection
12:52:27.652 [main] DEBUG org.apache.http.impl.conn.PoolingHttpClientConnectionManager -- Connection manager shut down
12:52:27.652 [main] DEBUG com.intuit.karate -- response time in milliseconds: 0
1 < 200
1 < Content-Security-Policy: frame-ancestors 'none'
1 < Content-Length: 1273
1 < Content-Type: application/json; charset=UTF-8
[ {
   "description": "",
   "devtoolsFrontendUrl": "/devtools/inspector.html?ws=localhost:54084/devtools/page/77550C567B6E05620D3476FC0EA45A3E",
   "id": "77550C567B6E05620D3476FC0EA45A3E",
   "title": "Google Network Speech",
   "type": "background_page",
   "url": "chrome-extension://neajdppkdcdipfabeoofebfddakdcjhd/_generated_background_page.html",
   "webSocketDebuggerUrl": "ws://localhost:54084/devtools/page/77550C567B6E05620D3476FC0EA45A3E"
}, {
   "description": "",
   "devtoolsFrontendUrl": "/devtools/inspector.html?ws=localhost:54084/devtools/page/7D29F022C411190A7C7614387F0216E2",
   "id": "7D29F022C411190A7C7614387F0216E2",
   "title": "Google Hangouts",
   "type": "background_page",
   "url": "chrome-extension://nkeimhogjdpnpccoofpliimaahmaaome/background.html",
   "webSocketDebuggerUrl": "ws://localhost:54084/devtools/page/7D29F022C411190A7C7614387F0216E2"
}, {
   "description": "",
   "devtoolsFrontendUrl": "/devtools/inspector.html?ws=localhost:54084/devtools/page/FE2E8DCEC35CA8C3129997781D114636",
   "id": "FE2E8DCEC35CA8C3129997781D114636",
   "title": "New Tab",
   "type": "page",
   "url": "chrome://newtab/",
   "webSocketDebuggerUrl": "ws://localhost:54084/devtools/page/FE2E8DCEC35CA8C3129997781D114636"
} ]


12:52:27.652 [main] DEBUG com.jayway.jsonpath.internal.path.CompiledPath -- Evaluating path: $
12:52:27.652 [main] DEBUG com.intuit.karate.shell.Command -- ready to accept http connections after 37 ms - http://localhost:54084/json
12:52:27.652 [main] DEBUG org.apache.http.client.protocol.RequestAddCookies -- CookieSpec selected: karate
12:52:27.652 [main] DEBUG org.apache.http.client.protocol.RequestAuthCache -- Auth cache not set in the context
12:52:27.652 [main] DEBUG com.intuit.karate -- request:
1 > GET http://localhost:54084/json
1 > Host: localhost:54084
1 > Connection: Keep-Alive
1 > User-Agent: Apache-HttpClient/4.5.14 (Java/17.0.11)
1 > Accept-Encoding: gzip,deflate


12:52:27.652 [main] DEBUG org.apache.http.impl.conn.PoolingHttpClientConnectionManager -- Connection request: [route: {}->http://localhost:54084][total available: 0; route allocated: 0 of 5; total allocated: 0 of 10]
12:52:27.652 [main] DEBUG org.apache.http.impl.conn.PoolingHttpClientConnectionManager -- Connection leased: [id: 15][route: {}->http://localhost:54084][total available: 0; route allocated: 1 of 5; total allocated: 1 of 10]
12:52:27.652 [main] DEBUG org.apache.http.impl.execchain.MainClientExec -- Opening connection {}->http://localhost:54084
12:52:27.662 [main] DEBUG org.apache.http.impl.conn.DefaultHttpClientConnectionOperator -- Connecting to localhost/127.0.0.1:54084
12:52:27.662 [main] DEBUG org.apache.http.impl.conn.DefaultHttpClientConnectionOperator -- Connection established 127.0.0.1:54089<->127.0.0.1:54084
12:52:27.662 [main] DEBUG org.apache.http.impl.conn.DefaultManagedHttpClientConnection -- http-outgoing-15: set socket timeout to 30000
12:52:27.662 [main] DEBUG org.apache.http.impl.execchain.MainClientExec -- Executing request GET /json HTTP/1.1
12:52:27.662 [main] DEBUG org.apache.http.impl.execchain.MainClientExec -- Target auth state: UNCHALLENGED
12:52:27.662 [main] DEBUG org.apache.http.impl.execchain.MainClientExec -- Proxy auth state: UNCHALLENGED
12:52:27.662 [main] DEBUG org.apache.http.headers -- http-outgoing-15 >> GET /json HTTP/1.1
12:52:27.662 [main] DEBUG org.apache.http.headers -- http-outgoing-15 >> Host: localhost:54084
12:52:27.662 [main] DEBUG org.apache.http.headers -- http-outgoing-15 >> Connection: Keep-Alive
12:52:27.662 [main] DEBUG org.apache.http.headers -- http-outgoing-15 >> User-Agent: Apache-HttpClient/4.5.14 (Java/17.0.11)
12:52:27.662 [main] DEBUG org.apache.http.headers -- http-outgoing-15 >> Accept-Encoding: gzip,deflate
12:52:27.662 [main] DEBUG org.apache.http.wire -- http-outgoing-15 >> "GET /json HTTP/1.1[\r][\n]"
12:52:27.662 [main] DEBUG org.apache.http.wire -- http-outgoing-15 >> "Host: localhost:54084[\r][\n]"
12:52:27.662 [main] DEBUG org.apache.http.wire -- http-outgoing-15 >> "Connection: Keep-Alive[\r][\n]"
12:52:27.662 [main] DEBUG org.apache.http.wire -- http-outgoing-15 >> "User-Agent: Apache-HttpClient/4.5.14 (Java/17.0.11)[\r][\n]"
12:52:27.662 [main] DEBUG org.apache.http.wire -- http-outgoing-15 >> "Accept-Encoding: gzip,deflate[\r][\n]"
12:52:27.662 [main] DEBUG org.apache.http.wire -- http-outgoing-15 >> "[\r][\n]"
12:52:27.665 [main] DEBUG org.apache.http.wire -- http-outgoing-15 << "HTTP/1.1 200 OK[\r][\n]"
12:52:27.665 [main] DEBUG org.apache.http.wire -- http-outgoing-15 << "Content-Security-Policy:frame-ancestors 'none'[\r][\n]"
12:52:27.665 [main] DEBUG org.apache.http.wire -- http-outgoing-15 << "Content-Length:1273[\r][\n]"
12:52:27.665 [main] DEBUG org.apache.http.wire -- http-outgoing-15 << "Content-Type:application/json; charset=UTF-8[\r][\n]"
12:52:27.665 [main] DEBUG org.apache.http.wire -- http-outgoing-15 << "[\r][\n]"
12:52:27.665 [main] DEBUG org.apache.http.wire -- http-outgoing-15 << "[ {[\r][\n]"
12:52:27.665 [main] DEBUG org.apache.http.wire -- http-outgoing-15 << "   "description": "",[\r][\n]"
12:52:27.665 [main] DEBUG org.apache.http.wire -- http-outgoing-15 << "   "devtoolsFrontendUrl": "/devtools/inspector.html?ws=localhost:54084/devtools/page/77550C567B6E05620D3476FC0EA45A3E",[\r][\n]"
12:52:27.665 [main] DEBUG org.apache.http.wire -- http-outgoing-15 << "   "id": "77550C567B6E05620D3476FC0EA45A3E",[\r][\n]"
12:52:27.665 [main] DEBUG org.apache.http.wire -- http-outgoing-15 << "   "title": "Google Network Speech",[\r][\n]"
12:52:27.665 [main] DEBUG org.apache.http.wire -- http-outgoing-15 << "   "type": "background_page",[\r][\n]"
12:52:27.665 [main] DEBUG org.apache.http.wire -- http-outgoing-15 << "   "url": "chrome-extension://neajdppkdcdipfabeoofebfddakdcjhd/_generated_background_page.html",[\r][\n]"
12:52:27.665 [main] DEBUG org.apache.http.wire -- http-outgoing-15 << "   "webSocketDebuggerUrl": "ws://localhost:54084/devtools/page/77550C567B6E05620D3476FC0EA45A3E"[\r][\n]"
12:52:27.665 [main] DEBUG org.apache.http.wire -- http-outgoing-15 << "}, {[\r][\n]"
12:52:27.665 [main] DEBUG org.apache.http.wire -- http-outgoing-15 << "   "description": "",[\r][\n]"
12:52:27.665 [main] DEBUG org.apache.http.wire -- http-outgoing-15 << "   "devtoolsFrontendUrl": "/devtools/inspector.html?ws=localhost:54084/devtools/page/7D29F022C411190A7C7614387F0216E2",[\r][\n]"
12:52:27.665 [main] DEBUG org.apache.http.wire -- http-outgoing-15 << "   "id": "7D29F022C411190A7C7614387F0216E2",[\r][\n]"
12:52:27.665 [main] DEBUG org.apache.http.wire -- http-outgoing-15 << "   "title": "Google Hangouts",[\r][\n]"
12:52:27.665 [main] DEBUG org.apache.http.wire -- http-outgoing-15 << "   "type": "background_page",[\r][\n]"
12:52:27.665 [main] DEBUG org.apache.http.wire -- http-outgoing-15 << "   "url": "chrome-extension://nkeimhogjdpnpccoofpliimaahmaaome/background.html",[\r][\n]"
12:52:27.665 [main] DEBUG org.apache.http.wire -- http-outgoing-15 << "   "webSocketDebuggerUrl": "ws://localhost:54084/devtools/page/7D29F022C411190A7C7614387F0216E2"[\r][\n]"
12:52:27.665 [main] DEBUG org.apache.http.wire -- http-outgoing-15 << "}, {[\r][\n]"
12:52:27.665 [main] DEBUG org.apache.http.wire -- http-outgoing-15 << "   "description": "",[\r][\n]"
12:52:27.665 [main] DEBUG org.apache.http.wire -- http-outgoing-15 << "   "devtoolsFrontendUrl": "/devtools/inspector.html?ws=localhost:54084/devtools/page/FE2E8DCEC35CA8C3129997781D114636",[\r][\n]"
12:52:27.665 [main] DEBUG org.apache.http.wire -- http-outgoing-15 << "   "id": "FE2E8DCEC35CA8C3129997781D114636",[\r][\n]"
12:52:27.665 [main] DEBUG org.apache.http.wire -- http-outgoing-15 << "   "title": "New Tab",[\r][\n]"
12:52:27.665 [main] DEBUG org.apache.http.wire -- http-outgoing-15 << "   "type": "page",[\r][\n]"
12:52:27.665 [main] DEBUG org.apache.http.wire -- http-outgoing-15 << "   "url": "chrome://newtab/",[\r][\n]"
12:52:27.665 [main] DEBUG org.apache.http.wire -- http-outgoing-15 << "   "webSocketDebuggerUrl": "ws://localhost:54084/devtools/page/FE2E8DCEC35CA8C3129997781D114636"[\r][\n]"
12:52:27.665 [main] DEBUG org.apache.http.wire -- http-outgoing-15 << "} ][\r][\n]"
12:52:27.665 [main] DEBUG org.apache.http.headers -- http-outgoing-15 << HTTP/1.1 200 OK
12:52:27.665 [main] DEBUG org.apache.http.headers -- http-outgoing-15 << Content-Security-Policy:frame-ancestors 'none'
12:52:27.665 [main] DEBUG org.apache.http.headers -- http-outgoing-15 << Content-Length:1273
12:52:27.665 [main] DEBUG org.apache.http.headers -- http-outgoing-15 << Content-Type:application/json; charset=UTF-8
12:52:27.665 [main] DEBUG org.apache.http.impl.execchain.MainClientExec -- Connection can be kept alive indefinitely
12:52:27.665 [main] DEBUG org.apache.http.impl.conn.PoolingHttpClientConnectionManager -- Connection [id: 15][route: {}->http://localhost:54084] can be kept alive indefinitely
12:52:27.665 [main] DEBUG org.apache.http.impl.conn.DefaultManagedHttpClientConnection -- http-outgoing-15: set socket timeout to 0
12:52:27.666 [main] DEBUG org.apache.http.impl.conn.PoolingHttpClientConnectionManager -- Connection released: [id: 15][route: {}->http://localhost:54084][total available: 1; route allocated: 1 of 5; total allocated: 1 of 10]
12:52:27.666 [main] DEBUG org.apache.http.impl.conn.PoolingHttpClientConnectionManager -- Connection manager is shutting down
12:52:27.666 [main] DEBUG org.apache.http.impl.conn.DefaultManagedHttpClientConnection -- http-outgoing-15: Close connection
12:52:27.666 [main] DEBUG org.apache.http.impl.conn.PoolingHttpClientConnectionManager -- Connection manager shut down
12:52:27.667 [main] DEBUG com.intuit.karate -- response time in milliseconds: 14
1 < 200
1 < Content-Security-Policy: frame-ancestors 'none'
1 < Content-Length: 1273
1 < Content-Type: application/json; charset=UTF-8
[ {
   "description": "",
   "devtoolsFrontendUrl": "/devtools/inspector.html?ws=localhost:54084/devtools/page/77550C567B6E05620D3476FC0EA45A3E",
   "id": "77550C567B6E05620D3476FC0EA45A3E",
   "title": "Google Network Speech",
   "type": "background_page",
   "url": "chrome-extension://neajdppkdcdipfabeoofebfddakdcjhd/_generated_background_page.html",
   "webSocketDebuggerUrl": "ws://localhost:54084/devtools/page/77550C567B6E05620D3476FC0EA45A3E"
}, {
   "description": "",
   "devtoolsFrontendUrl": "/devtools/inspector.html?ws=localhost:54084/devtools/page/7D29F022C411190A7C7614387F0216E2",
   "id": "7D29F022C411190A7C7614387F0216E2",
   "title": "Google Hangouts",
   "type": "background_page",
   "url": "chrome-extension://nkeimhogjdpnpccoofpliimaahmaaome/background.html",
   "webSocketDebuggerUrl": "ws://localhost:54084/devtools/page/7D29F022C411190A7C7614387F0216E2"
}, {
   "description": "",
   "devtoolsFrontendUrl": "/devtools/inspector.html?ws=localhost:54084/devtools/page/FE2E8DCEC35CA8C3129997781D114636",
   "id": "FE2E8DCEC35CA8C3129997781D114636",
   "title": "New Tab",
   "type": "page",
   "url": "chrome://newtab/",
   "webSocketDebuggerUrl": "ws://localhost:54084/devtools/page/FE2E8DCEC35CA8C3129997781D114636"
} ]


12:52:27.667 [main] DEBUG com.jayway.jsonpath.internal.path.CompiledPath -- Evaluating path: $
12:52:27.667 [main] DEBUG com.jayway.jsonpath.internal.path.CompiledPath -- Evaluating path: $
12:52:27.667 [main] DEBUG com.intuit.karate.driver.chrome_1718781747070 -- root frame id: FE2E8DCEC35CA8C3129997781D114636
12:52:27.749 [nioEventLoopGroup-9-1] DEBUG io.netty.handler.codec.http.websocketx.WebSocketClientHandshaker13 -- WebSocket version 13 client handshake key: +Z/Q/Ip4OcLEiE25/1b6QQ==, expected response: Zv2zqwX2JJXdiRy0wcmHtApcCK0=
12:52:27.757 [nioEventLoopGroup-9-1] DEBUG com.intuit.karate.http.WebSocketClientHandler -- websocket client connected
12:52:27.757 [main] DEBUG com.jayway.jsonpath.internal.path.CompiledPath -- Evaluating path: $['targetId']
12:52:27.757 [main] DEBUG com.jayway.jsonpath.internal.path.CompiledPath -- Evaluating path: $
12:52:27.757 [main] DEBUG com.jayway.jsonpath.internal.path.CompiledPath -- Evaluating path: $
12:52:27.757 [main] DEBUG com.jayway.jsonpath.internal.JsonContext -- Put path $ key targetId value {}
12:52:27.757 [main] DEBUG com.jayway.jsonpath.internal.path.CompiledPath -- Evaluating path: $
12:52:27.757 [main] DEBUG com.jayway.jsonpath.internal.JsonContext -- Put path $ key targetId value FE2E8DCEC35CA8C3129997781D114636
12:52:27.757 [main] DEBUG com.jayway.jsonpath.internal.path.CompiledPath -- Evaluating path: $['flatten']
12:52:27.757 [main] DEBUG com.jayway.jsonpath.internal.path.CompiledPath -- Evaluating path: $
12:52:27.757 [main] DEBUG com.jayway.jsonpath.internal.path.CompiledPath -- Evaluating path: $
12:52:27.757 [main] DEBUG com.jayway.jsonpath.internal.JsonContext -- Put path $ key flatten value {}
12:52:27.757 [main] DEBUG com.jayway.jsonpath.internal.path.CompiledPath -- Evaluating path: $
12:52:27.757 [main] DEBUG com.jayway.jsonpath.internal.JsonContext -- Put path $ key flatten value true
12:52:27.757 [main] DEBUG com.jayway.jsonpath.internal.path.CompiledPath -- Evaluating path: $
12:52:27.757 [main] DEBUG com.intuit.karate.driver.chrome_1718781747070 -- >> {"id":1,"method":"Target.attachToTarget","params":{"targetId":"FE2E8DCEC35CA8C3129997781D114636","flatten":true}}
12:52:27.764 [nioEventLoopGroup-9-1] DEBUG com.intuit.karate.driver.chrome_1718781747070 -- << {"method":"Target.attachedToTarget","params":{"sessionId":"6E8AA30DD668A003F92C379996F3A942","targetInfo":{"targetId":"FE2E8DCEC35CA8C3129997781D114636","type":"page","title":"New Tab","url":"chrome://newtab/","attached":true,"canAccessOpener":false,"browserContextId":"106492DD51EEBA303063F917A6556C04"},"waitingForDebugger":false}}
12:52:27.764 [nioEventLoopGroup-9-1] DEBUG com.jayway.jsonpath.internal.path.CompiledPath -- Evaluating path: $
12:52:27.764 [nioEventLoopGroup-9-1] DEBUG com.jayway.jsonpath.internal.path.CompiledPath -- Evaluating path: $['targetInfo']['type']
12:52:27.764 [nioEventLoopGroup-9-1] DEBUG com.intuit.karate.driver.chrome_1718781747070 -- << {"id":1,"result":{"sessionId":"6E8AA30DD668A003F92C379996F3A942"}}
12:52:27.764 [nioEventLoopGroup-9-1] DEBUG com.jayway.jsonpath.internal.path.CompiledPath -- Evaluating path: $
12:52:27.764 [main] DEBUG com.jayway.jsonpath.internal.path.CompiledPath -- Evaluating path: $['sessionId']
12:52:27.764 [main] DEBUG com.jayway.jsonpath.internal.path.CompiledPath -- Evaluating path: $['targetId']
12:52:27.764 [main] DEBUG com.jayway.jsonpath.internal.path.CompiledPath -- Evaluating path: $
12:52:27.764 [main] DEBUG com.jayway.jsonpath.internal.path.CompiledPath -- Evaluating path: $
12:52:27.764 [main] DEBUG com.jayway.jsonpath.internal.JsonContext -- Put path $ key targetId value {}
12:52:27.764 [main] DEBUG com.jayway.jsonpath.internal.path.CompiledPath -- Evaluating path: $
12:52:27.764 [main] DEBUG com.jayway.jsonpath.internal.JsonContext -- Put path $ key targetId value FE2E8DCEC35CA8C3129997781D114636
12:52:27.764 [main] DEBUG com.jayway.jsonpath.internal.path.CompiledPath -- Evaluating path: $
12:52:27.764 [main] DEBUG com.intuit.karate.driver.chrome_1718781747070 -- >> {"id":2,"sessionId":"6E8AA30DD668A003F92C379996F3A942","method":"Target.activateTarget","params":{"targetId":"FE2E8DCEC35CA8C3129997781D114636"}}
12:52:27.764 [nioEventLoopGroup-9-1] DEBUG com.intuit.karate.driver.chrome_1718781747070 -- << {"id":2,"result":{},"sessionId":"6E8AA30DD668A003F92C379996F3A942"}
12:52:27.764 [nioEventLoopGroup-9-1] DEBUG com.jayway.jsonpath.internal.path.CompiledPath -- Evaluating path: $
12:52:27.764 [main] DEBUG com.jayway.jsonpath.internal.path.CompiledPath -- Evaluating path: $['discover']
12:52:27.764 [main] DEBUG com.jayway.jsonpath.internal.path.CompiledPath -- Evaluating path: $
12:52:27.764 [main] DEBUG com.jayway.jsonpath.internal.path.CompiledPath -- Evaluating path: $
12:52:27.764 [main] DEBUG com.jayway.jsonpath.internal.JsonContext -- Put path $ key discover value {}
12:52:27.764 [main] DEBUG com.jayway.jsonpath.internal.path.CompiledPath -- Evaluating path: $
12:52:27.764 [main] DEBUG com.jayway.jsonpath.internal.JsonContext -- Put path $ key discover value true
12:52:27.764 [main] DEBUG com.jayway.jsonpath.internal.path.CompiledPath -- Evaluating path: $
12:52:27.764 [main] DEBUG com.intuit.karate.driver.chrome_1718781747070 -- >> {"id":3,"sessionId":"6E8AA30DD668A003F92C379996F3A942","method":"Target.setDiscoverTargets","params":{"discover":true}}
12:52:27.764 [nioEventLoopGroup-9-1] DEBUG com.intuit.karate.driver.chrome_1718781747070 -- << {"method":"Target.targetCreated","params":{"targetInfo":{"targetId":"77550C567B6E05620D3476FC0EA45A3E","type":"background_page","title":"Google Network Speech","url":"chrome-extension://neajdppkdcdipfabeoofebfddakdcjhd/_generated_background_page.html","attached":false,"canAccessOpener":false,"browserContextId":"106492DD51EEBA303063F917A6556C04"}},"sessionId":"6E8AA30DD668A003F92C379996F3A942"}
12:52:27.764 [nioEventLoopGroup-9-1] DEBUG com.jayway.jsonpath.internal.path.CompiledPath -- Evaluating path: $
12:52:27.764 [nioEventLoopGroup-9-1] DEBUG com.intuit.karate.driver.chrome_1718781747070 -- << {"method":"Target.targetCreated","params":{"targetInfo":{"targetId":"7D29F022C411190A7C7614387F0216E2","type":"background_page","title":"Google Hangouts","url":"chrome-extension://nkeimhogjdpnpccoofpliimaahmaaome/background.html","attached":false,"canAccessOpener":false,"browserContextId":"106492DD51EEBA303063F917A6556C04"}},"sessionId":"6E8AA30DD668A003F92C379996F3A942"}
12:52:27.764 [nioEventLoopGroup-9-1] DEBUG com.jayway.jsonpath.internal.path.CompiledPath -- Evaluating path: $
12:52:27.764 [nioEventLoopGroup-9-1] DEBUG com.intuit.karate.driver.chrome_1718781747070 -- << {"method":"Target.targetCreated","params":{"targetInfo":{"targetId":"FE2E8DCEC35CA8C3129997781D114636","type":"page","title":"New Tab","url":"chrome://newtab/","attached":true,"canAccessOpener":false,"browserContextId":"106492DD51EEBA303063F917A6556C04"}},"sessionId":"6E8AA30DD668A003F92C379996F3A942"}
12:52:27.764 [nioEventLoopGroup-9-1] DEBUG com.jayway.jsonpath.internal.path.CompiledPath -- Evaluating path: $
12:52:27.764 [nioEventLoopGroup-9-1] DEBUG com.intuit.karate.driver.chrome_1718781747070 -- << {"id":3,"result":{},"sessionId":"6E8AA30DD668A003F92C379996F3A942"}
12:52:27.764 [nioEventLoopGroup-9-1] DEBUG com.jayway.jsonpath.internal.path.CompiledPath -- Evaluating path: $
12:52:27.764 [main] DEBUG com.intuit.karate.driver.chrome_1718781747070 -- >> {"id":4,"sessionId":"6E8AA30DD668A003F92C379996F3A942","method":"Page.enable"}
12:52:27.817 [nioEventLoopGroup-9-1] DEBUG com.intuit.karate.driver.chrome_1718781747070 -- << {"method":"Target.targetInfoChanged","params":{"targetInfo":{"targetId":"FE2E8DCEC35CA8C3129997781D114636","type":"page","title":"New Tab","url":"chrome://newtab/","attached":true,"canAccessOpener":false,"browserContextId":"106492DD51EEBA303063F917A6556C04"}},"sessionId":"6E8AA30DD668A003F92C379996F3A942"}
12:52:27.817 [nioEventLoopGroup-9-1] DEBUG com.jayway.jsonpath.internal.path.CompiledPath -- Evaluating path: $
12:52:27.817 [nioEventLoopGroup-9-1] DEBUG com.jayway.jsonpath.internal.path.CompiledPath -- Evaluating path: $['targetInfo']['targetId']
12:52:27.817 [nioEventLoopGroup-9-1] DEBUG com.intuit.karate.driver.chrome_1718781747070 -- << {"id":4,"result":{},"sessionId":"6E8AA30DD668A003F92C379996F3A942"}
12:52:27.817 [nioEventLoopGroup-9-1] DEBUG com.jayway.jsonpath.internal.path.CompiledPath -- Evaluating path: $
12:52:27.817 [main] DEBUG com.intuit.karate.driver.chrome_1718781747070 -- >> {"id":5,"sessionId":"6E8AA30DD668A003F92C379996F3A942","method":"Runtime.enable"}
12:52:27.834 [nioEventLoopGroup-9-1] DEBUG com.intuit.karate.driver.chrome_1718781747070 -- << {"method":"Page.frameAttached","params":{"frameId":"FEF540E25747F9AFB4CEB0952826B5A5","parentFrameId":"FE2E8DCEC35CA8C3129997781D114636"},"sessionId":"6E8AA30DD668A003F92C379996F3A942"}
12:52:27.834 [nioEventLoopGroup-9-1] DEBUG com.jayway.jsonpath.internal.path.CompiledPath -- Evaluating path: $
12:52:27.834 [nioEventLoopGroup-9-1] DEBUG com.intuit.karate.driver.chrome_1718781747070 -- << {"method":"Page.frameStartedLoading","params":{"frameId":"FEF540E25747F9AFB4CEB0952826B5A5"},"sessionId":"6E8AA30DD668A003F92C379996F3A942"}
12:52:27.834 [nioEventLoopGroup-9-1] DEBUG com.jayway.jsonpath.internal.path.CompiledPath -- Evaluating path: $
12:52:27.834 [nioEventLoopGroup-9-1] DEBUG com.jayway.jsonpath.internal.path.CompiledPath -- Evaluating path: $['frameId']
12:52:27.838 [nioEventLoopGroup-9-1] DEBUG com.intuit.karate.driver.chrome_1718781747070 -- << {"method":"Page.frameNavigated","params":{"frame":{"id":"FEF540E25747F9AFB4CEB0952826B5A5","parentId":"FE2E8DCEC35CA8C3129997781D114636","loaderId":"2B8F45C40D2788D65D6C0C299EAFFBD3","name":"backgroundImage","url":"about:blank","domainAndRegistry":"","securityOrigin":"://","mimeType":"text/html","adFrameStatus":{"adFrameType":"none","explanations":[]},"secureContextType":"Secure","crossOriginIsolatedContextType":"NotIsolated","gatedAPIFeatures":[]},"type":"Navigation"},"sessionId":"6E8AA30DD668A003F92C379996F3A942"}
12:52:27.838 [nioEventLoopGroup-9-1] DEBUG com.jayway.jsonpath.internal.path.CompiledPath -- Evaluating path: $
12:52:27.838 [nioEventLoopGroup-9-1] DEBUG com.jayway.jsonpath.internal.path.CompiledPath -- Evaluating path: $['frame']['id']
12:52:27.838 [nioEventLoopGroup-9-1] DEBUG com.jayway.jsonpath.internal.path.CompiledPath -- Evaluating path: $['frame']['url']
12:52:27.838 [nioEventLoopGroup-9-1] DEBUG com.jayway.jsonpath.internal.path.CompiledPath -- Evaluating path: $['frame']['name']
12:52:27.838 [nioEventLoopGroup-9-1] DEBUG com.intuit.karate.driver.chrome_1718781747070 -- << {"method":"Page.frameStoppedLoading","params":{"frameId":"FEF540E25747F9AFB4CEB0952826B5A5"},"sessionId":"6E8AA30DD668A003F92C379996F3A942"}
12:52:27.838 [nioEventLoopGroup-9-1] DEBUG com.jayway.jsonpath.internal.path.CompiledPath -- Evaluating path: $
12:52:27.838 [nioEventLoopGroup-9-1] DEBUG com.jayway.jsonpath.internal.path.CompiledPath -- Evaluating path: $['frameId']
12:52:27.845 [nioEventLoopGroup-9-1] DEBUG com.intuit.karate.driver.chrome_1718781747070 -- << {"method":"Runtime.executionContextCreated","params":{"context":{"id":2,"origin":"chrome://new-tab-page","name":"","uniqueId":"7724475790192497496.-1981626347126380845","auxData":{"isDefault":true,"type":"default","frameId":"FEF540E25747F9AFB4CEB0952826B5A5"}}},"sessionId":"6E8AA30DD668A003F92C379996F3A942"}
12:52:27.845 [nioEventLoopGroup-9-1] DEBUG com.jayway.jsonpath.internal.path.CompiledPath -- Evaluating path: $
12:52:27.845 [nioEventLoopGroup-9-1] DEBUG com.jayway.jsonpath.internal.path.CompiledPath -- Evaluating path: $['context']['auxData']['frameId']
12:52:27.845 [nioEventLoopGroup-9-1] DEBUG com.jayway.jsonpath.internal.path.CompiledPath -- Evaluating path: $['context']['id']
12:52:27.845 [nioEventLoopGroup-9-1] DEBUG com.intuit.karate.driver.chrome_1718781747070 -- << {"method":"Runtime.executionContextCreated","params":{"context":{"id":1,"origin":"chrome://new-tab-page","name":"","uniqueId":"-2381919430816164649.5513718979296497518","auxData":{"isDefault":true,"type":"default","frameId":"FE2E8DCEC35CA8C3129997781D114636"}}},"sessionId":"6E8AA30DD668A003F92C379996F3A942"}
12:52:27.845 [nioEventLoopGroup-9-1] DEBUG com.jayway.jsonpath.internal.path.CompiledPath -- Evaluating path: $
12:52:27.845 [nioEventLoopGroup-9-1] DEBUG com.jayway.jsonpath.internal.path.CompiledPath -- Evaluating path: $['context']['auxData']['frameId']
12:52:27.845 [nioEventLoopGroup-9-1] DEBUG com.jayway.jsonpath.internal.path.CompiledPath -- Evaluating path: $['context']['id']
12:52:27.845 [nioEventLoopGroup-9-1] DEBUG com.intuit.karate.driver.chrome_1718781747070 -- << {"id":5,"result":{},"sessionId":"6E8AA30DD668A003F92C379996F3A942"}
12:52:27.845 [nioEventLoopGroup-9-1] DEBUG com.jayway.jsonpath.internal.path.CompiledPath -- Evaluating path: $
12:52:27.845 [main] DEBUG com.jayway.jsonpath.internal.path.CompiledPath -- Evaluating path: $['targetId']
12:52:27.845 [main] DEBUG com.jayway.jsonpath.internal.path.CompiledPath -- Evaluating path: $
12:52:27.845 [main] DEBUG com.jayway.jsonpath.internal.path.CompiledPath -- Evaluating path: $
12:52:27.845 [main] DEBUG com.jayway.jsonpath.internal.JsonContext -- Put path $ key targetId value {}
12:52:27.845 [main] DEBUG com.jayway.jsonpath.internal.path.CompiledPath -- Evaluating path: $
12:52:27.845 [main] DEBUG com.jayway.jsonpath.internal.JsonContext -- Put path $ key targetId value FE2E8DCEC35CA8C3129997781D114636
12:52:27.845 [main] DEBUG com.jayway.jsonpath.internal.path.CompiledPath -- Evaluating path: $
12:52:27.845 [main] DEBUG com.intuit.karate.driver.chrome_1718781747070 -- >> {"id":6,"sessionId":"6E8AA30DD668A003F92C379996F3A942","method":"Browser.getWindowForTarget","params":{"targetId":"FE2E8DCEC35CA8C3129997781D114636"}}
12:52:27.845 [nioEventLoopGroup-9-1] DEBUG com.intuit.karate.driver.chrome_1718781747070 -- << {"id":6,"result":{"windowId":1740318557,"bounds":{"left":10,"top":10,"width":1050,"height":652,"windowState":"normal"}},"sessionId":"6E8AA30DD668A003F92C379996F3A942"}
12:52:27.845 [nioEventLoopGroup-9-1] DEBUG com.jayway.jsonpath.internal.path.CompiledPath -- Evaluating path: $
12:52:27.852 [nioEventLoopGroup-9-1] DEBUG com.intuit.karate.driver.chrome_1718781747070 -- << {"method":"Target.targetInfoChanged","params":{"targetInfo":{"targetId":"7D29F022C411190A7C7614387F0216E2","type":"background_page","title":"Google Hangouts","url":"chrome-extension://nkeimhogjdpnpccoofpliimaahmaaome/background.html","attached":false,"canAccessOpener":false,"browserContextId":"106492DD51EEBA303063F917A6556C04"}},"sessionId":"6E8AA30DD668A003F92C379996F3A942"}
12:52:27.852 [nioEventLoopGroup-9-1] DEBUG com.jayway.jsonpath.internal.path.CompiledPath -- Evaluating path: $
12:52:27.852 [nioEventLoopGroup-9-1] DEBUG com.jayway.jsonpath.internal.path.CompiledPath -- Evaluating path: $['targetInfo']['targetId']
12:52:27.896 [nioEventLoopGroup-9-1] DEBUG com.intuit.karate.driver.chrome_1718781747070 -- << {"method":"Target.targetInfoChanged","params":{"targetInfo":{"targetId":"77550C567B6E05620D3476FC0EA45A3E","type":"background_page","title":"Google Network Speech","url":"chrome-extension://neajdppkdcdipfabeoofebfddakdcjhd/_generated_background_page.html","attached":false,"canAccessOpener":false,"browserContextId":"106492DD51EEBA303063F917A6556C04"}},"sessionId":"6E8AA30DD668A003F92C379996F3A942"}
12:52:27.896 [nioEventLoopGroup-9-1] DEBUG com.jayway.jsonpath.internal.path.CompiledPath -- Evaluating path: $
12:52:27.896 [nioEventLoopGroup-9-1] DEBUG com.jayway.jsonpath.internal.path.CompiledPath -- Evaluating path: $['targetInfo']['targetId']
12:52:27.950 [main] DEBUG com.jayway.jsonpath.internal.path.CompiledPath -- Evaluating path: $['url']
12:52:27.950 [main] DEBUG com.jayway.jsonpath.internal.path.CompiledPath -- Evaluating path: $
12:52:27.950 [main] DEBUG com.jayway.jsonpath.internal.path.CompiledPath -- Evaluating path: $
12:52:27.950 [main] DEBUG com.jayway.jsonpath.internal.JsonContext -- Put path $ key url value {}
12:52:27.950 [main] DEBUG com.jayway.jsonpath.internal.path.CompiledPath -- Evaluating path: $
12:52:27.950 [main] DEBUG com.jayway.jsonpath.internal.JsonContext -- Put path $ key url value https://www.saucedemo.com/
12:52:27.950 [main] DEBUG com.jayway.jsonpath.internal.path.CompiledPath -- Evaluating path: $
12:52:27.950 [main] DEBUG com.intuit.karate.driver.chrome_1718781747070 -- >> {"id":7,"sessionId":"6E8AA30DD668A003F92C379996F3A942","method":"Page.navigate","params":{"url":"https:\/\/www.saucedemo.com\/"}}
12:52:27.958 [nioEventLoopGroup-9-1] DEBUG com.intuit.karate.driver.chrome_1718781747070 -- << {"method":"Page.frameStartedLoading","params":{"frameId":"FE2E8DCEC35CA8C3129997781D114636"},"sessionId":"6E8AA30DD668A003F92C379996F3A942"}
12:52:27.958 [nioEventLoopGroup-9-1] DEBUG com.jayway.jsonpath.internal.path.CompiledPath -- Evaluating path: $
12:52:27.958 [nioEventLoopGroup-9-1] DEBUG com.jayway.jsonpath.internal.path.CompiledPath -- Evaluating path: $['frameId']
12:52:27.972 [nioEventLoopGroup-9-1] DEBUG com.intuit.karate.driver.chrome_1718781747070 -- << {"method":"Page.domContentEventFired","params":{"timestamp":52826.48396},"sessionId":"6E8AA30DD668A003F92C379996F3A942"}
12:52:27.972 [nioEventLoopGroup-9-1] DEBUG com.jayway.jsonpath.internal.path.CompiledPath -- Evaluating path: $
12:52:27.977 [main] DEBUG com.jayway.jsonpath.internal.path.CompiledPath -- Evaluating path: $['expression']
12:52:27.977 [main] DEBUG com.jayway.jsonpath.internal.path.CompiledPath -- Evaluating path: $
12:52:27.977 [main] DEBUG com.jayway.jsonpath.internal.path.CompiledPath -- Evaluating path: $
12:52:27.977 [main] DEBUG com.jayway.jsonpath.internal.JsonContext -- Put path $ key expression value {}
12:52:27.977 [main] DEBUG com.jayway.jsonpath.internal.path.CompiledPath -- Evaluating path: $
12:52:27.977 [main] DEBUG com.jayway.jsonpath.internal.JsonContext -- Put path $ key expression value var e = document.evaluate("//*[@id='user-name']", document, null, 9, null).singleNodeValue; e.focus(); try { e.selectionStart = e.selectionEnd = e.value.length } catch(x) {}
12:52:27.977 [main] DEBUG com.jayway.jsonpath.internal.path.CompiledPath -- Evaluating path: $['returnByValue']
12:52:27.977 [main] DEBUG com.jayway.jsonpath.internal.path.CompiledPath -- Evaluating path: $
12:52:27.977 [main] DEBUG com.jayway.jsonpath.internal.path.CompiledPath -- Evaluating path: $
12:52:27.977 [main] DEBUG com.jayway.jsonpath.internal.JsonContext -- Put path $ key returnByValue value {}
12:52:27.977 [main] DEBUG com.jayway.jsonpath.internal.path.CompiledPath -- Evaluating path: $
12:52:27.977 [main] DEBUG com.jayway.jsonpath.internal.JsonContext -- Put path $ key returnByValue value true
12:52:27.977 [main] DEBUG com.jayway.jsonpath.internal.path.CompiledPath -- Evaluating path: $
12:52:27.977 [main] DEBUG com.intuit.karate.driver.chrome_1718781747070 -- >> {"id":8,"sessionId":"6E8AA30DD668A003F92C379996F3A942","method":"Runtime.evaluate","params":{"expression":"var e = document.evaluate(\"\/\/*[@id='user-name']\", document, null, 9, null).singleNodeValue; e.focus(); try { e.selectionStart = e.selectionEnd = e.value.length } catch(x) {}","returnByValue":true}}
12:52:27.995 [nioEventLoopGroup-9-1] DEBUG com.intuit.karate.driver.chrome_1718781747070 -- << {"method":"Page.loadEventFired","params":{"timestamp":52826.506776},"sessionId":"6E8AA30DD668A003F92C379996F3A942"}
12:52:27.995 [nioEventLoopGroup-9-1] DEBUG com.jayway.jsonpath.internal.path.CompiledPath -- Evaluating path: $
12:52:27.995 [nioEventLoopGroup-9-1] DEBUG com.intuit.karate.driver.chrome_1718781747070 -- << {"method":"Page.frameStartedLoading","params":{"frameId":"FE2E8DCEC35CA8C3129997781D114636"},"sessionId":"6E8AA30DD668A003F92C379996F3A942"}
12:52:27.995 [nioEventLoopGroup-9-1] DEBUG com.jayway.jsonpath.internal.path.CompiledPath -- Evaluating path: $
12:52:27.995 [nioEventLoopGroup-9-1] DEBUG com.jayway.jsonpath.internal.path.CompiledPath -- Evaluating path: $['frameId']
12:52:28.014 [nioEventLoopGroup-9-1] DEBUG com.intuit.karate.driver.chrome_1718781747070 -- << {"method":"Page.frameAttached","params":{"frameId":"6C445492A75BB10E53887025AD20BA1C","parentFrameId":"FE2E8DCEC35CA8C3129997781D114636","stack":{"callFrames":[{"functionName":"__createAndInsertInstance","scriptId":"8","url":"chrome://resources/polymer/v3_0/polymer/polymer_bundled.min.js","lineNumber":0,"columnNumber":63594},{"functionName":"__ensureInstance","scriptId":"8","url":"chrome://resources/polymer/v3_0/polymer/polymer_bundled.min.js","lineNumber":0,"columnNumber":62645},{"functionName":"__render","scriptId":"8","url":"chrome://resources/polymer/v3_0/polymer/polymer_bundled.min.js","lineNumber":0,"columnNumber":62729},{"functionName":"","scriptId":"8","url":"chrome://resources/polymer/v3_0/polymer/polymer_bundled.min.js","lineNumber":0,"columnNumber":61709},{"functionName":"","scriptId":"8","url":"chrome://resources/polymer/v3_0/polymer/polymer_bundled.min.js","lineNumber":0,"columnNumber":1381},{"functionName":"","scriptId":"8","url":"chrome://resources/polymer/v3_0/polymer/polymer_bundled.min.js"," ...
12:52:28.014 [nioEventLoopGroup-9-1] DEBUG com.jayway.jsonpath.internal.path.CompiledPath -- Evaluating path: $
12:52:28.014 [nioEventLoopGroup-9-1] DEBUG com.intuit.karate.driver.chrome_1718781747070 -- << {"method":"Page.frameStartedLoading","params":{"frameId":"6C445492A75BB10E53887025AD20BA1C"},"sessionId":"6E8AA30DD668A003F92C379996F3A942"}
12:52:28.014 [nioEventLoopGroup-9-1] DEBUG com.jayway.jsonpath.internal.path.CompiledPath -- Evaluating path: $
12:52:28.014 [nioEventLoopGroup-9-1] DEBUG com.jayway.jsonpath.internal.path.CompiledPath -- Evaluating path: $['frameId']
12:52:28.072 [nioEventLoopGroup-9-1] DEBUG com.intuit.karate.driver.chrome_1718781747070 -- << {"id":7,"result":{"frameId":"FE2E8DCEC35CA8C3129997781D114636","loaderId":"803F73E5722E4D4398B97A59B76326CE"},"sessionId":"6E8AA30DD668A003F92C379996F3A942"}
12:52:28.072 [nioEventLoopGroup-9-1] DEBUG com.jayway.jsonpath.internal.path.CompiledPath -- Evaluating path: $
12:52:28.072 [nioEventLoopGroup-9-1] DEBUG com.intuit.karate.driver.chrome_1718781747070 -- << {"method":"Runtime.executionContextsCleared","params":{},"sessionId":"6E8AA30DD668A003F92C379996F3A942"}
12:52:28.072 [nioEventLoopGroup-9-1] DEBUG com.jayway.jsonpath.internal.path.CompiledPath -- Evaluating path: $
12:52:28.072 [nioEventLoopGroup-9-1] DEBUG com.intuit.karate.driver.chrome_1718781747070 -- << {"method":"Page.frameStoppedLoading","params":{"frameId":"6C445492A75BB10E53887025AD20BA1C"},"sessionId":"6E8AA30DD668A003F92C379996F3A942"}
12:52:28.072 [nioEventLoopGroup-9-1] DEBUG com.jayway.jsonpath.internal.path.CompiledPath -- Evaluating path: $
12:52:28.072 [nioEventLoopGroup-9-1] DEBUG com.jayway.jsonpath.internal.path.CompiledPath -- Evaluating path: $['frameId']
12:52:28.087 [nioEventLoopGroup-9-1] DEBUG com.intuit.karate.driver.chrome_1718781747070 -- << {"method":"Target.targetInfoChanged","params":{"targetInfo":{"targetId":"FE2E8DCEC35CA8C3129997781D114636","type":"page","title":"saucedemo.com","url":"https://www.saucedemo.com/","attached":true,"canAccessOpener":false,"browserContextId":"106492DD51EEBA303063F917A6556C04"}},"sessionId":"6E8AA30DD668A003F92C379996F3A942"}
12:52:28.087 [nioEventLoopGroup-9-1] DEBUG com.jayway.jsonpath.internal.path.CompiledPath -- Evaluating path: $
12:52:28.087 [nioEventLoopGroup-9-1] DEBUG com.jayway.jsonpath.internal.path.CompiledPath -- Evaluating path: $['targetInfo']['targetId']
12:52:28.087 [nioEventLoopGroup-9-1] DEBUG com.intuit.karate.driver.chrome_1718781747070 -- << {"method":"Runtime.executionContextsCleared","params":{},"sessionId":"6E8AA30DD668A003F92C379996F3A942"}
12:52:28.087 [nioEventLoopGroup-9-1] DEBUG com.jayway.jsonpath.internal.path.CompiledPath -- Evaluating path: $
12:52:28.087 [nioEventLoopGroup-9-1] DEBUG com.intuit.karate.driver.chrome_1718781747070 -- << {"method":"Page.frameNavigated","params":{"frame":{"id":"FE2E8DCEC35CA8C3129997781D114636","loaderId":"803F73E5722E4D4398B97A59B76326CE","url":"https://www.saucedemo.com/","domainAndRegistry":"saucedemo.com","securityOrigin":"https://www.saucedemo.com","mimeType":"text/html","adFrameStatus":{"adFrameType":"none"},"secureContextType":"Secure","crossOriginIsolatedContextType":"NotIsolated","gatedAPIFeatures":[]},"type":"Navigation"},"sessionId":"6E8AA30DD668A003F92C379996F3A942"}
12:52:28.087 [nioEventLoopGroup-9-1] DEBUG com.jayway.jsonpath.internal.path.CompiledPath -- Evaluating path: $
12:52:28.087 [nioEventLoopGroup-9-1] DEBUG com.jayway.jsonpath.internal.path.CompiledPath -- Evaluating path: $['frame']['id']
12:52:28.087 [nioEventLoopGroup-9-1] DEBUG com.jayway.jsonpath.internal.path.CompiledPath -- Evaluating path: $['frame']['url']
12:52:28.087 [nioEventLoopGroup-9-1] DEBUG com.jayway.jsonpath.internal.path.CompiledPath -- Evaluating path: $['frame']['name']
12:52:28.087 [nioEventLoopGroup-9-1] DEBUG com.intuit.karate.driver.chrome_1718781747070 -- << {"method":"Runtime.executionContextCreated","params":{"context":{"id":1,"origin":"https://www.saucedemo.com","name":"","uniqueId":"-3748999828973837868.2183492762197064891","auxData":{"isDefault":true,"type":"default","frameId":"FE2E8DCEC35CA8C3129997781D114636"}}},"sessionId":"6E8AA30DD668A003F92C379996F3A942"}
12:52:28.087 [nioEventLoopGroup-9-1] DEBUG com.jayway.jsonpath.internal.path.CompiledPath -- Evaluating path: $
12:52:28.087 [nioEventLoopGroup-9-1] DEBUG com.jayway.jsonpath.internal.path.CompiledPath -- Evaluating path: $['context']['auxData']['frameId']
12:52:28.087 [nioEventLoopGroup-9-1] DEBUG com.jayway.jsonpath.internal.path.CompiledPath -- Evaluating path: $['context']['id']
12:52:28.153 [nioEventLoopGroup-9-1] DEBUG com.intuit.karate.driver.chrome_1718781747070 -- << {"id":8,"result":{"result":{"type":"object","subtype":"error","className":"TypeError","description":"TypeError: Cannot read properties of null (reading 'focus')\n    at <anonymous>:1:95","objectId":"-6137670630692618168.1.1"},"exceptionDetails":{"exceptionId":1,"text":"Uncaught","lineNumber":0,"columnNumber":94,"scriptId":"6","stackTrace":{"callFrames":[{"functionName":"","scriptId":"6","url":"","lineNumber":0,"columnNumber":94}]},"exception":{"type":"object","subtype":"error","className":"TypeError","description":"TypeError: Cannot read properties of null (reading 'focus')\n    at <anonymous>:1:95","objectId":"-6137670630692618168.1.2"}}},"sessionId":"6E8AA30DD668A003F92C379996F3A942"}
12:52:28.153 [nioEventLoopGroup-9-1] DEBUG com.jayway.jsonpath.internal.path.CompiledPath -- Evaluating path: $
12:52:28.153 [nioEventLoopGroup-9-1] WARN com.intuit.karate.driver.chrome_1718781747070 -- devtools error: [id: 8, sessionId: 6E8AA30DD668A003F92C379996F3A942, result: [type: MAP, value: {type=object, subtype=error, className=TypeError, description=TypeError: Cannot read properties of null (reading 'focus')
    at <anonymous>:1:95, objectId=-6137670630692618168.1.1}]]
12:52:28.153 [main] WARN com.intuit.karate.driver.chrome_1718781747070 -- js eval failed once:var e = document.evaluate("//*[@id='user-name']", document, null, 9, null).singleNodeValue; e.focus(); try { e.selectionStart = e.selectionEnd = e.value.length } catch(x) {}, error: [type: MAP, value: {type=object, subtype=error, className=TypeError, description=TypeError: Cannot read properties of null (reading 'focus')
    at <anonymous>:1:95, objectId=-6137670630692618168.1.1}]
12:52:28.436 [nioEventLoopGroup-9-1] DEBUG com.intuit.karate.driver.chrome_1718781747070 -- << {"method":"Page.domContentEventFired","params":{"timestamp":52826.947526},"sessionId":"6E8AA30DD668A003F92C379996F3A942"}
12:52:28.436 [nioEventLoopGroup-9-1] DEBUG com.jayway.jsonpath.internal.path.CompiledPath -- Evaluating path: $
12:52:28.517 [nioEventLoopGroup-9-1] DEBUG com.intuit.karate.driver.chrome_1718781747070 -- << {"method":"Target.targetCreated","params":{"targetInfo":{"targetId":"146C772EECA9CDCB37B317CB275A7F47","type":"service_worker","title":"Service Worker https://www.saucedemo.com/service-worker.js","url":"https://www.saucedemo.com/service-worker.js","attached":false,"canAccessOpener":false,"browserContextId":"106492DD51EEBA303063F917A6556C04"}},"sessionId":"6E8AA30DD668A003F92C379996F3A942"}
12:52:28.517 [nioEventLoopGroup-9-1] DEBUG com.jayway.jsonpath.internal.path.CompiledPath -- Evaluating path: $
12:52:28.525 [nioEventLoopGroup-9-1] DEBUG com.intuit.karate.driver.chrome_1718781747070 -- << {"method":"Page.loadEventFired","params":{"timestamp":52827.023892},"sessionId":"6E8AA30DD668A003F92C379996F3A942"}
12:52:28.525 [nioEventLoopGroup-9-1] DEBUG com.jayway.jsonpath.internal.path.CompiledPath -- Evaluating path: $
12:52:28.528 [nioEventLoopGroup-9-1] DEBUG com.intuit.karate.driver.chrome_1718781747070 -- << {"method":"Page.frameStoppedLoading","params":{"frameId":"FE2E8DCEC35CA8C3129997781D114636"},"sessionId":"6E8AA30DD668A003F92C379996F3A942"}
12:52:28.528 [nioEventLoopGroup-9-1] DEBUG com.jayway.jsonpath.internal.path.CompiledPath -- Evaluating path: $
12:52:28.528 [nioEventLoopGroup-9-1] DEBUG com.jayway.jsonpath.internal.path.CompiledPath -- Evaluating path: $['frameId']
12:52:28.564 [nioEventLoopGroup-9-1] DEBUG com.intuit.karate.driver.chrome_1718781747070 -- << {"method":"Target.targetDestroyed","params":{"targetId":"146C772EECA9CDCB37B317CB275A7F47"},"sessionId":"6E8AA30DD668A003F92C379996F3A942"}
12:52:28.564 [nioEventLoopGroup-9-1] DEBUG com.jayway.jsonpath.internal.path.CompiledPath -- Evaluating path: $
12:52:28.713 [chrome_1718781728853] WARN com.intuit.karate.shell.Command -- exit code was non-zero: 1 - [C:\Program Files\Google\Chrome\Application\chrome.exe, --remote-debugging-port=54048, --remote-allow-origins=*, --no-first-run, --user-data-dir=C:\Users\HarshvardhanNigaveka\OneDrive - Academian India Private Limited\Desktop\GitHubActions\karateUI\UI_Automation_Project\target\chrome_1718781728853, --disable-popup-blocking] working dir: target\chrome_1718781728853
12:52:29.031 [nioEventLoopGroup-8-1] DEBUG io.netty.buffer.PoolThreadCache -- Freed 36 thread-local buffer(s) from thread: nioEventLoopGroup-8-1
12:52:31.161 [main] DEBUG com.jayway.jsonpath.internal.path.CompiledPath -- Evaluating path: $['expression']
12:52:31.161 [main] DEBUG com.jayway.jsonpath.internal.path.CompiledPath -- Evaluating path: $
12:52:31.161 [main] DEBUG com.jayway.jsonpath.internal.path.CompiledPath -- Evaluating path: $
12:52:31.161 [main] DEBUG com.jayway.jsonpath.internal.JsonContext -- Put path $ key expression value {}
12:52:31.161 [main] DEBUG com.jayway.jsonpath.internal.path.CompiledPath -- Evaluating path: $
12:52:31.161 [main] DEBUG com.jayway.jsonpath.internal.JsonContext -- Put path $ key expression value var e = document.evaluate("//*[@id='user-name']", document, null, 9, null).singleNodeValue; e.focus(); try { e.selectionStart = e.selectionEnd = e.value.length } catch(x) {}
12:52:31.161 [main] DEBUG com.jayway.jsonpath.internal.path.CompiledPath -- Evaluating path: $['returnByValue']
12:52:31.161 [main] DEBUG com.jayway.jsonpath.internal.path.CompiledPath -- Evaluating path: $
12:52:31.161 [main] DEBUG com.jayway.jsonpath.internal.path.CompiledPath -- Evaluating path: $
12:52:31.161 [main] DEBUG com.jayway.jsonpath.internal.JsonContext -- Put path $ key returnByValue value {}
12:52:31.161 [main] DEBUG com.jayway.jsonpath.internal.path.CompiledPath -- Evaluating path: $
12:52:31.161 [main] DEBUG com.jayway.jsonpath.internal.JsonContext -- Put path $ key returnByValue value true
12:52:31.161 [main] DEBUG com.jayway.jsonpath.internal.path.CompiledPath -- Evaluating path: $
12:52:31.161 [main] DEBUG com.intuit.karate.driver.chrome_1718781747070 -- >> {"id":9,"sessionId":"6E8AA30DD668A003F92C379996F3A942","method":"Runtime.evaluate","params":{"expression":"var e = document.evaluate(\"\/\/*[@id='user-name']\", document, null, 9, null).singleNodeValue; e.focus(); try { e.selectionStart = e.selectionEnd = e.value.length } catch(x) {}","returnByValue":true}}
12:52:31.164 [nioEventLoopGroup-9-1] DEBUG com.intuit.karate.driver.chrome_1718781747070 -- << {"id":9,"result":{"result":{"type":"number","value":0,"description":"0"}},"sessionId":"6E8AA30DD668A003F92C379996F3A942"}
12:52:31.164 [nioEventLoopGroup-9-1] DEBUG com.jayway.jsonpath.internal.path.CompiledPath -- Evaluating path: $
12:52:31.164 [main] DEBUG com.jayway.jsonpath.internal.path.CompiledPath -- Evaluating path: $['modifiers']
12:52:31.164 [main] DEBUG com.jayway.jsonpath.internal.path.CompiledPath -- Evaluating path: $
12:52:31.164 [main] DEBUG com.jayway.jsonpath.internal.path.CompiledPath -- Evaluating path: $
12:52:31.164 [main] DEBUG com.jayway.jsonpath.internal.JsonContext -- Put path $ key modifiers value {}
12:52:31.164 [main] DEBUG com.jayway.jsonpath.internal.path.CompiledPath -- Evaluating path: $
12:52:31.164 [main] DEBUG com.jayway.jsonpath.internal.JsonContext -- Put path $ key modifiers value 0
12:52:31.164 [main] DEBUG com.jayway.jsonpath.internal.path.CompiledPath -- Evaluating path: $['type']
12:52:31.164 [main] DEBUG com.jayway.jsonpath.internal.path.CompiledPath -- Evaluating path: $
12:52:31.164 [main] DEBUG com.jayway.jsonpath.internal.path.CompiledPath -- Evaluating path: $
12:52:31.164 [main] DEBUG com.jayway.jsonpath.internal.JsonContext -- Put path $ key type value {}
12:52:31.164 [main] DEBUG com.jayway.jsonpath.internal.path.CompiledPath -- Evaluating path: $
12:52:31.164 [main] DEBUG com.jayway.jsonpath.internal.JsonContext -- Put path $ key type value rawKeyDown
12:52:31.164 [main] DEBUG com.jayway.jsonpath.internal.path.CompiledPath -- Evaluating path: $['text']
12:52:31.164 [main] DEBUG com.jayway.jsonpath.internal.path.CompiledPath -- Evaluating path: $
12:52:31.164 [main] DEBUG com.jayway.jsonpath.internal.path.CompiledPath -- Evaluating path: $
12:52:31.164 [main] DEBUG com.jayway.jsonpath.internal.JsonContext -- Put path $ key text value {}
12:52:31.164 [main] DEBUG com.jayway.jsonpath.internal.path.CompiledPath -- Evaluating path: $
12:52:31.164 [main] DEBUG com.jayway.jsonpath.internal.JsonContext -- Put path $ key text value s
12:52:31.164 [main] DEBUG com.jayway.jsonpath.internal.path.CompiledPath -- Evaluating path: $['windowsVirtualKeyCode']
12:52:31.164 [main] DEBUG com.jayway.jsonpath.internal.path.CompiledPath -- Evaluating path: $
12:52:31.164 [main] DEBUG com.jayway.jsonpath.internal.path.CompiledPath -- Evaluating path: $
12:52:31.164 [main] DEBUG com.jayway.jsonpath.internal.JsonContext -- Put path $ key windowsVirtualKeyCode value {}
12:52:31.164 [main] DEBUG com.jayway.jsonpath.internal.path.CompiledPath -- Evaluating path: $
12:52:31.164 [main] DEBUG com.jayway.jsonpath.internal.JsonContext -- Put path $ key windowsVirtualKeyCode value 115
12:52:31.164 [main] DEBUG com.jayway.jsonpath.internal.path.CompiledPath -- Evaluating path: $
12:52:31.164 [main] DEBUG com.intuit.karate.driver.chrome_1718781747070 -- >> {"id":10,"sessionId":"6E8AA30DD668A003F92C379996F3A942","method":"Input.dispatchKeyEvent","params":{"modifiers":0,"type":"rawKeyDown","text":"s","windowsVirtualKeyCode":115}}
12:52:31.164 [nioEventLoopGroup-9-1] DEBUG com.intuit.karate.driver.chrome_1718781747070 -- << {"id":10,"result":{},"sessionId":"6E8AA30DD668A003F92C379996F3A942"}
12:52:31.164 [nioEventLoopGroup-9-1] DEBUG com.jayway.jsonpath.internal.path.CompiledPath -- Evaluating path: $
12:52:31.164 [main] DEBUG com.jayway.jsonpath.internal.path.CompiledPath -- Evaluating path: $['modifiers']
12:52:31.164 [main] DEBUG com.jayway.jsonpath.internal.path.CompiledPath -- Evaluating path: $
12:52:31.164 [main] DEBUG com.jayway.jsonpath.internal.path.CompiledPath -- Evaluating path: $
12:52:31.164 [main] DEBUG com.jayway.jsonpath.internal.JsonContext -- Put path $ key modifiers value {}
12:52:31.164 [main] DEBUG com.jayway.jsonpath.internal.path.CompiledPath -- Evaluating path: $
12:52:31.164 [main] DEBUG com.jayway.jsonpath.internal.JsonContext -- Put path $ key modifiers value 0
12:52:31.164 [main] DEBUG com.jayway.jsonpath.internal.path.CompiledPath -- Evaluating path: $['type']
12:52:31.164 [main] DEBUG com.jayway.jsonpath.internal.path.CompiledPath -- Evaluating path: $
12:52:31.164 [main] DEBUG com.jayway.jsonpath.internal.path.CompiledPath -- Evaluating path: $
12:52:31.164 [main] DEBUG com.jayway.jsonpath.internal.JsonContext -- Put path $ key type value {}
12:52:31.164 [main] DEBUG com.jayway.jsonpath.internal.path.CompiledPath -- Evaluating path: $
12:52:31.164 [main] DEBUG com.jayway.jsonpath.internal.JsonContext -- Put path $ key type value char
12:52:31.164 [main] DEBUG com.jayway.jsonpath.internal.path.CompiledPath -- Evaluating path: $['text']
12:52:31.164 [main] DEBUG com.jayway.jsonpath.internal.path.CompiledPath -- Evaluating path: $
12:52:31.164 [main] DEBUG com.jayway.jsonpath.internal.path.CompiledPath -- Evaluating path: $
12:52:31.164 [main] DEBUG com.jayway.jsonpath.internal.JsonContext -- Put path $ key text value {}
12:52:31.164 [main] DEBUG com.jayway.jsonpath.internal.path.CompiledPath -- Evaluating path: $
12:52:31.164 [main] DEBUG com.jayway.jsonpath.internal.JsonContext -- Put path $ key text value s
12:52:31.164 [main] DEBUG com.jayway.jsonpath.internal.path.CompiledPath -- Evaluating path: $['windowsVirtualKeyCode']
12:52:31.164 [main] DEBUG com.jayway.jsonpath.internal.path.CompiledPath -- Evaluating path: $
12:52:31.164 [main] DEBUG com.jayway.jsonpath.internal.path.CompiledPath -- Evaluating path: $
12:52:31.164 [main] DEBUG com.jayway.jsonpath.internal.JsonContext -- Put path $ key windowsVirtualKeyCode value {}
12:52:31.164 [main] DEBUG com.jayway.jsonpath.internal.path.CompiledPath -- Evaluating path: $
12:52:31.164 [main] DEBUG com.jayway.jsonpath.internal.JsonContext -- Put path $ key windowsVirtualKeyCode value 115
12:52:31.164 [main] DEBUG com.jayway.jsonpath.internal.path.CompiledPath -- Evaluating path: $
12:52:31.164 [main] DEBUG com.intuit.karate.driver.chrome_1718781747070 -- >> {"id":11,"sessionId":"6E8AA30DD668A003F92C379996F3A942","method":"Input.dispatchKeyEvent","params":{"modifiers":0,"type":"char","text":"s","windowsVirtualKeyCode":115}}
12:52:31.169 [nioEventLoopGroup-9-1] DEBUG com.intuit.karate.driver.chrome_1718781747070 -- << {"id":11,"result":{},"sessionId":"6E8AA30DD668A003F92C379996F3A942"}
12:52:31.169 [nioEventLoopGroup-9-1] DEBUG com.jayway.jsonpath.internal.path.CompiledPath -- Evaluating path: $
12:52:31.169 [main] DEBUG com.jayway.jsonpath.internal.path.CompiledPath -- Evaluating path: $['modifiers']
12:52:31.169 [main] DEBUG com.jayway.jsonpath.internal.path.CompiledPath -- Evaluating path: $
12:52:31.169 [main] DEBUG com.jayway.jsonpath.internal.path.CompiledPath -- Evaluating path: $
12:52:31.169 [main] DEBUG com.jayway.jsonpath.internal.JsonContext -- Put path $ key modifiers value {}
12:52:31.169 [main] DEBUG com.jayway.jsonpath.internal.path.CompiledPath -- Evaluating path: $
12:52:31.169 [main] DEBUG com.jayway.jsonpath.internal.JsonContext -- Put path $ key modifiers value 0
12:52:31.169 [main] DEBUG com.jayway.jsonpath.internal.path.CompiledPath -- Evaluating path: $['type']
12:52:31.169 [main] DEBUG com.jayway.jsonpath.internal.path.CompiledPath -- Evaluating path: $
12:52:31.169 [main] DEBUG com.jayway.jsonpath.internal.path.CompiledPath -- Evaluating path: $
12:52:31.169 [main] DEBUG com.jayway.jsonpath.internal.JsonContext -- Put path $ key type value {}
12:52:31.169 [main] DEBUG com.jayway.jsonpath.internal.path.CompiledPath -- Evaluating path: $
12:52:31.169 [main] DEBUG com.jayway.jsonpath.internal.JsonContext -- Put path $ key type value keyUp
12:52:31.169 [main] DEBUG com.jayway.jsonpath.internal.path.CompiledPath -- Evaluating path: $['text']
12:52:31.169 [main] DEBUG com.jayway.jsonpath.internal.path.CompiledPath -- Evaluating path: $
12:52:31.169 [main] DEBUG com.jayway.jsonpath.internal.path.CompiledPath -- Evaluating path: $
12:52:31.169 [main] DEBUG com.jayway.jsonpath.internal.JsonContext -- Put path $ key text value {}
12:52:31.169 [main] DEBUG com.jayway.jsonpath.internal.path.CompiledPath -- Evaluating path: $
12:52:31.169 [main] DEBUG com.jayway.jsonpath.internal.JsonContext -- Put path $ key text value s
12:52:31.169 [main] DEBUG com.jayway.jsonpath.internal.path.CompiledPath -- Evaluating path: $['windowsVirtualKeyCode']
12:52:31.169 [main] DEBUG com.jayway.jsonpath.internal.path.CompiledPath -- Evaluating path: $
12:52:31.169 [main] DEBUG com.jayway.jsonpath.internal.path.CompiledPath -- Evaluating path: $
12:52:31.169 [main] DEBUG com.jayway.jsonpath.internal.JsonContext -- Put path $ key windowsVirtualKeyCode value {}
12:52:31.169 [main] DEBUG com.jayway.jsonpath.internal.path.CompiledPath -- Evaluating path: $
12:52:31.169 [main] DEBUG com.jayway.jsonpath.internal.JsonContext -- Put path $ key windowsVirtualKeyCode value 115
12:52:31.169 [main] DEBUG com.jayway.jsonpath.internal.path.CompiledPath -- Evaluating path: $
12:52:31.169 [main] DEBUG com.intuit.karate.driver.chrome_1718781747070 -- >> {"id":12,"sessionId":"6E8AA30DD668A003F92C379996F3A942","method":"Input.dispatchKeyEvent","params":{"modifiers":0,"type":"keyUp","text":"s","windowsVirtualKeyCode":115}}
12:52:31.177 [nioEventLoopGroup-9-1] DEBUG com.intuit.karate.driver.chrome_1718781747070 -- << {"id":12,"result":{},"sessionId":"6E8AA30DD668A003F92C379996F3A942"}
12:52:31.177 [nioEventLoopGroup-9-1] DEBUG com.jayway.jsonpath.internal.path.CompiledPath -- Evaluating path: $
12:52:31.177 [main] DEBUG com.jayway.jsonpath.internal.path.CompiledPath -- Evaluating path: $['modifiers']
12:52:31.177 [main] DEBUG com.jayway.jsonpath.internal.path.CompiledPath -- Evaluating path: $
12:52:31.177 [main] DEBUG com.jayway.jsonpath.internal.path.CompiledPath -- Evaluating path: $
12:52:31.177 [main] DEBUG com.jayway.jsonpath.internal.JsonContext -- Put path $ key modifiers value {}
12:52:31.177 [main] DEBUG com.jayway.jsonpath.internal.path.CompiledPath -- Evaluating path: $
12:52:31.177 [main] DEBUG com.jayway.jsonpath.internal.JsonContext -- Put path $ key modifiers value 0
12:52:31.177 [main] DEBUG com.jayway.jsonpath.internal.path.CompiledPath -- Evaluating path: $['type']
12:52:31.177 [main] DEBUG com.jayway.jsonpath.internal.path.CompiledPath -- Evaluating path: $
12:52:31.177 [main] DEBUG com.jayway.jsonpath.internal.path.CompiledPath -- Evaluating path: $
12:52:31.177 [main] DEBUG com.jayway.jsonpath.internal.JsonContext -- Put path $ key type value {}
12:52:31.177 [main] DEBUG com.jayway.jsonpath.internal.path.CompiledPath -- Evaluating path: $
12:52:31.177 [main] DEBUG com.jayway.jsonpath.internal.JsonContext -- Put path $ key type value rawKeyDown
12:52:31.177 [main] DEBUG com.jayway.jsonpath.internal.path.CompiledPath -- Evaluating path: $['text']
12:52:31.177 [main] DEBUG com.jayway.jsonpath.internal.path.CompiledPath -- Evaluating path: $
12:52:31.177 [main] DEBUG com.jayway.jsonpath.internal.path.CompiledPath -- Evaluating path: $
12:52:31.177 [main] DEBUG com.jayway.jsonpath.internal.JsonContext -- Put path $ key text value {}
12:52:31.177 [main] DEBUG com.jayway.jsonpath.internal.path.CompiledPath -- Evaluating path: $
12:52:31.177 [main] DEBUG com.jayway.jsonpath.internal.JsonContext -- Put path $ key text value t
12:52:31.177 [main] DEBUG com.jayway.jsonpath.internal.path.CompiledPath -- Evaluating path: $['windowsVirtualKeyCode']
12:52:31.177 [main] DEBUG com.jayway.jsonpath.internal.path.CompiledPath -- Evaluating path: $
12:52:31.177 [main] DEBUG com.jayway.jsonpath.internal.path.CompiledPath -- Evaluating path: $
12:52:31.177 [main] DEBUG com.jayway.jsonpath.internal.JsonContext -- Put path $ key windowsVirtualKeyCode value {}
12:52:31.177 [main] DEBUG com.jayway.jsonpath.internal.path.CompiledPath -- Evaluating path: $
12:52:31.177 [main] DEBUG com.jayway.jsonpath.internal.JsonContext -- Put path $ key windowsVirtualKeyCode value 116
12:52:31.177 [main] DEBUG com.jayway.jsonpath.internal.path.CompiledPath -- Evaluating path: $
12:52:31.177 [main] DEBUG com.intuit.karate.driver.chrome_1718781747070 -- >> {"id":13,"sessionId":"6E8AA30DD668A003F92C379996F3A942","method":"Input.dispatchKeyEvent","params":{"modifiers":0,"type":"rawKeyDown","text":"t","windowsVirtualKeyCode":116}}
12:52:31.184 [nioEventLoopGroup-9-1] DEBUG com.intuit.karate.driver.chrome_1718781747070 -- << {"id":13,"result":{},"sessionId":"6E8AA30DD668A003F92C379996F3A942"}
12:52:31.184 [nioEventLoopGroup-9-1] DEBUG com.jayway.jsonpath.internal.path.CompiledPath -- Evaluating path: $
12:52:31.184 [main] DEBUG com.jayway.jsonpath.internal.path.CompiledPath -- Evaluating path: $['modifiers']
12:52:31.184 [main] DEBUG com.jayway.jsonpath.internal.path.CompiledPath -- Evaluating path: $
12:52:31.184 [main] DEBUG com.jayway.jsonpath.internal.path.CompiledPath -- Evaluating path: $
12:52:31.184 [main] DEBUG com.jayway.jsonpath.internal.JsonContext -- Put path $ key modifiers value {}
12:52:31.184 [main] DEBUG com.jayway.jsonpath.internal.path.CompiledPath -- Evaluating path: $
12:52:31.184 [main] DEBUG com.jayway.jsonpath.internal.JsonContext -- Put path $ key modifiers value 0
12:52:31.184 [main] DEBUG com.jayway.jsonpath.internal.path.CompiledPath -- Evaluating path: $['type']
12:52:31.184 [main] DEBUG com.jayway.jsonpath.internal.path.CompiledPath -- Evaluating path: $
12:52:31.184 [main] DEBUG com.jayway.jsonpath.internal.path.CompiledPath -- Evaluating path: $
12:52:31.184 [main] DEBUG com.jayway.jsonpath.internal.JsonContext -- Put path $ key type value {}
12:52:31.184 [main] DEBUG com.jayway.jsonpath.internal.path.CompiledPath -- Evaluating path: $
12:52:31.184 [main] DEBUG com.jayway.jsonpath.internal.JsonContext -- Put path $ key type value char
12:52:31.184 [main] DEBUG com.jayway.jsonpath.internal.path.CompiledPath -- Evaluating path: $['text']
12:52:31.184 [main] DEBUG com.jayway.jsonpath.internal.path.CompiledPath -- Evaluating path: $
12:52:31.184 [main] DEBUG com.jayway.jsonpath.internal.path.CompiledPath -- Evaluating path: $
12:52:31.184 [main] DEBUG com.jayway.jsonpath.internal.JsonContext -- Put path $ key text value {}
12:52:31.184 [main] DEBUG com.jayway.jsonpath.internal.path.CompiledPath -- Evaluating path: $
12:52:31.184 [main] DEBUG com.jayway.jsonpath.internal.JsonContext -- Put path $ key text value t
12:52:31.184 [main] DEBUG com.jayway.jsonpath.internal.path.CompiledPath -- Evaluating path: $['windowsVirtualKeyCode']
12:52:31.184 [main] DEBUG com.jayway.jsonpath.internal.path.CompiledPath -- Evaluating path: $
12:52:31.184 [main] DEBUG com.jayway.jsonpath.internal.path.CompiledPath -- Evaluating path: $
12:52:31.184 [main] DEBUG com.jayway.jsonpath.internal.JsonContext -- Put path $ key windowsVirtualKeyCode value {}
12:52:31.184 [main] DEBUG com.jayway.jsonpath.internal.path.CompiledPath -- Evaluating path: $
12:52:31.184 [main] DEBUG com.jayway.jsonpath.internal.JsonContext -- Put path $ key windowsVirtualKeyCode value 116
12:52:31.184 [main] DEBUG com.jayway.jsonpath.internal.path.CompiledPath -- Evaluating path: $
12:52:31.184 [main] DEBUG com.intuit.karate.driver.chrome_1718781747070 -- >> {"id":14,"sessionId":"6E8AA30DD668A003F92C379996F3A942","method":"Input.dispatchKeyEvent","params":{"modifiers":0,"type":"char","text":"t","windowsVirtualKeyCode":116}}
12:52:31.191 [nioEventLoopGroup-9-1] DEBUG com.intuit.karate.driver.chrome_1718781747070 -- << {"id":14,"result":{},"sessionId":"6E8AA30DD668A003F92C379996F3A942"}
12:52:31.191 [nioEventLoopGroup-9-1] DEBUG com.jayway.jsonpath.internal.path.CompiledPath -- Evaluating path: $
12:52:31.191 [main] DEBUG com.jayway.jsonpath.internal.path.CompiledPath -- Evaluating path: $['modifiers']
12:52:31.191 [main] DEBUG com.jayway.jsonpath.internal.path.CompiledPath -- Evaluating path: $
12:52:31.191 [main] DEBUG com.jayway.jsonpath.internal.path.CompiledPath -- Evaluating path: $
12:52:31.191 [main] DEBUG com.jayway.jsonpath.internal.JsonContext -- Put path $ key modifiers value {}
12:52:31.191 [main] DEBUG com.jayway.jsonpath.internal.path.CompiledPath -- Evaluating path: $
12:52:31.191 [main] DEBUG com.jayway.jsonpath.internal.JsonContext -- Put path $ key modifiers value 0
12:52:31.191 [main] DEBUG com.jayway.jsonpath.internal.path.CompiledPath -- Evaluating path: $['type']
12:52:31.191 [main] DEBUG com.jayway.jsonpath.internal.path.CompiledPath -- Evaluating path: $
12:52:31.191 [main] DEBUG com.jayway.jsonpath.internal.path.CompiledPath -- Evaluating path: $
12:52:31.191 [main] DEBUG com.jayway.jsonpath.internal.JsonContext -- Put path $ key type value {}
12:52:31.191 [main] DEBUG com.jayway.jsonpath.internal.path.CompiledPath -- Evaluating path: $
12:52:31.191 [main] DEBUG com.jayway.jsonpath.internal.JsonContext -- Put path $ key type value keyUp
12:52:31.191 [main] DEBUG com.jayway.jsonpath.internal.path.CompiledPath -- Evaluating path: $['text']
12:52:31.191 [main] DEBUG com.jayway.jsonpath.internal.path.CompiledPath -- Evaluating path: $
12:52:31.191 [main] DEBUG com.jayway.jsonpath.internal.path.CompiledPath -- Evaluating path: $
12:52:31.191 [main] DEBUG com.jayway.jsonpath.internal.JsonContext -- Put path $ key text value {}
12:52:31.191 [main] DEBUG com.jayway.jsonpath.internal.path.CompiledPath -- Evaluating path: $
12:52:31.191 [main] DEBUG com.jayway.jsonpath.internal.JsonContext -- Put path $ key text value t
12:52:31.191 [main] DEBUG com.jayway.jsonpath.internal.path.CompiledPath -- Evaluating path: $['windowsVirtualKeyCode']
12:52:31.191 [main] DEBUG com.jayway.jsonpath.internal.path.CompiledPath -- Evaluating path: $
12:52:31.191 [main] DEBUG com.jayway.jsonpath.internal.path.CompiledPath -- Evaluating path: $
12:52:31.191 [main] DEBUG com.jayway.jsonpath.internal.JsonContext -- Put path $ key windowsVirtualKeyCode value {}
12:52:31.191 [main] DEBUG com.jayway.jsonpath.internal.path.CompiledPath -- Evaluating path: $
12:52:31.191 [main] DEBUG com.jayway.jsonpath.internal.JsonContext -- Put path $ key windowsVirtualKeyCode value 116
12:52:31.191 [main] DEBUG com.jayway.jsonpath.internal.path.CompiledPath -- Evaluating path: $
12:52:31.191 [main] DEBUG com.intuit.karate.driver.chrome_1718781747070 -- >> {"id":15,"sessionId":"6E8AA30DD668A003F92C379996F3A942","method":"Input.dispatchKeyEvent","params":{"modifiers":0,"type":"keyUp","text":"t","windowsVirtualKeyCode":116}}
12:52:31.194 [nioEventLoopGroup-9-1] DEBUG com.intuit.karate.driver.chrome_1718781747070 -- << {"id":15,"result":{},"sessionId":"6E8AA30DD668A003F92C379996F3A942"}
12:52:31.194 [nioEventLoopGroup-9-1] DEBUG com.jayway.jsonpath.internal.path.CompiledPath -- Evaluating path: $
12:52:31.194 [main] DEBUG com.jayway.jsonpath.internal.path.CompiledPath -- Evaluating path: $['modifiers']
12:52:31.194 [main] DEBUG com.jayway.jsonpath.internal.path.CompiledPath -- Evaluating path: $
12:52:31.194 [main] DEBUG com.jayway.jsonpath.internal.path.CompiledPath -- Evaluating path: $
12:52:31.194 [main] DEBUG com.jayway.jsonpath.internal.JsonContext -- Put path $ key modifiers value {}
12:52:31.194 [main] DEBUG com.jayway.jsonpath.internal.path.CompiledPath -- Evaluating path: $
12:52:31.194 [main] DEBUG com.jayway.jsonpath.internal.JsonContext -- Put path $ key modifiers value 0
12:52:31.194 [main] DEBUG com.jayway.jsonpath.internal.path.CompiledPath -- Evaluating path: $['type']
12:52:31.194 [main] DEBUG com.jayway.jsonpath.internal.path.CompiledPath -- Evaluating path: $
12:52:31.194 [main] DEBUG com.jayway.jsonpath.internal.path.CompiledPath -- Evaluating path: $
12:52:31.194 [main] DEBUG com.jayway.jsonpath.internal.JsonContext -- Put path $ key type value {}
12:52:31.194 [main] DEBUG com.jayway.jsonpath.internal.path.CompiledPath -- Evaluating path: $
12:52:31.194 [main] DEBUG com.jayway.jsonpath.internal.JsonContext -- Put path $ key type value rawKeyDown
12:52:31.194 [main] DEBUG com.jayway.jsonpath.internal.path.CompiledPath -- Evaluating path: $['text']
12:52:31.194 [main] DEBUG com.jayway.jsonpath.internal.path.CompiledPath -- Evaluating path: $
12:52:31.194 [main] DEBUG com.jayway.jsonpath.internal.path.CompiledPath -- Evaluating path: $
12:52:31.194 [main] DEBUG com.jayway.jsonpath.internal.JsonContext -- Put path $ key text value {}
12:52:31.194 [main] DEBUG com.jayway.jsonpath.internal.path.CompiledPath -- Evaluating path: $
12:52:31.194 [main] DEBUG com.jayway.jsonpath.internal.JsonContext -- Put path $ key text value a
12:52:31.194 [main] DEBUG com.jayway.jsonpath.internal.path.CompiledPath -- Evaluating path: $['windowsVirtualKeyCode']
12:52:31.194 [main] DEBUG com.jayway.jsonpath.internal.path.CompiledPath -- Evaluating path: $
12:52:31.194 [main] DEBUG com.jayway.jsonpath.internal.path.CompiledPath -- Evaluating path: $
12:52:31.194 [main] DEBUG com.jayway.jsonpath.internal.JsonContext -- Put path $ key windowsVirtualKeyCode value {}
12:52:31.194 [main] DEBUG com.jayway.jsonpath.internal.path.CompiledPath -- Evaluating path: $
12:52:31.194 [main] DEBUG com.jayway.jsonpath.internal.JsonContext -- Put path $ key windowsVirtualKeyCode value 97
12:52:31.194 [main] DEBUG com.jayway.jsonpath.internal.path.CompiledPath -- Evaluating path: $
12:52:31.194 [main] DEBUG com.intuit.karate.driver.chrome_1718781747070 -- >> {"id":16,"sessionId":"6E8AA30DD668A003F92C379996F3A942","method":"Input.dispatchKeyEvent","params":{"modifiers":0,"type":"rawKeyDown","text":"a","windowsVirtualKeyCode":97}}
12:52:31.198 [nioEventLoopGroup-9-1] DEBUG com.intuit.karate.driver.chrome_1718781747070 -- << {"id":16,"result":{},"sessionId":"6E8AA30DD668A003F92C379996F3A942"}
12:52:31.198 [nioEventLoopGroup-9-1] DEBUG com.jayway.jsonpath.internal.path.CompiledPath -- Evaluating path: $
12:52:31.198 [main] DEBUG com.jayway.jsonpath.internal.path.CompiledPath -- Evaluating path: $['modifiers']
12:52:31.198 [main] DEBUG com.jayway.jsonpath.internal.path.CompiledPath -- Evaluating path: $
12:52:31.198 [main] DEBUG com.jayway.jsonpath.internal.path.CompiledPath -- Evaluating path: $
12:52:31.198 [main] DEBUG com.jayway.jsonpath.internal.JsonContext -- Put path $ key modifiers value {}
12:52:31.198 [main] DEBUG com.jayway.jsonpath.internal.path.CompiledPath -- Evaluating path: $
12:52:31.198 [main] DEBUG com.jayway.jsonpath.internal.JsonContext -- Put path $ key modifiers value 0
12:52:31.198 [main] DEBUG com.jayway.jsonpath.internal.path.CompiledPath -- Evaluating path: $['type']
12:52:31.198 [main] DEBUG com.jayway.jsonpath.internal.path.CompiledPath -- Evaluating path: $
12:52:31.198 [main] DEBUG com.jayway.jsonpath.internal.path.CompiledPath -- Evaluating path: $
12:52:31.198 [main] DEBUG com.jayway.jsonpath.internal.JsonContext -- Put path $ key type value {}
12:52:31.198 [main] DEBUG com.jayway.jsonpath.internal.path.CompiledPath -- Evaluating path: $
12:52:31.198 [main] DEBUG com.jayway.jsonpath.internal.JsonContext -- Put path $ key type value char
12:52:31.198 [main] DEBUG com.jayway.jsonpath.internal.path.CompiledPath -- Evaluating path: $['text']
12:52:31.198 [main] DEBUG com.jayway.jsonpath.internal.path.CompiledPath -- Evaluating path: $
12:52:31.198 [main] DEBUG com.jayway.jsonpath.internal.path.CompiledPath -- Evaluating path: $
12:52:31.198 [main] DEBUG com.jayway.jsonpath.internal.JsonContext -- Put path $ key text value {}
12:52:31.198 [main] DEBUG com.jayway.jsonpath.internal.path.CompiledPath -- Evaluating path: $
12:52:31.198 [main] DEBUG com.jayway.jsonpath.internal.JsonContext -- Put path $ key text value a
12:52:31.198 [main] DEBUG com.jayway.jsonpath.internal.path.CompiledPath -- Evaluating path: $['windowsVirtualKeyCode']
12:52:31.198 [main] DEBUG com.jayway.jsonpath.internal.path.CompiledPath -- Evaluating path: $
12:52:31.198 [main] DEBUG com.jayway.jsonpath.internal.path.CompiledPath -- Evaluating path: $
12:52:31.198 [main] DEBUG com.jayway.jsonpath.internal.JsonContext -- Put path $ key windowsVirtualKeyCode value {}
12:52:31.198 [main] DEBUG com.jayway.jsonpath.internal.path.CompiledPath -- Evaluating path: $
12:52:31.198 [main] DEBUG com.jayway.jsonpath.internal.JsonContext -- Put path $ key windowsVirtualKeyCode value 97
12:52:31.198 [main] DEBUG com.jayway.jsonpath.internal.path.CompiledPath -- Evaluating path: $
12:52:31.198 [main] DEBUG com.intuit.karate.driver.chrome_1718781747070 -- >> {"id":17,"sessionId":"6E8AA30DD668A003F92C379996F3A942","method":"Input.dispatchKeyEvent","params":{"modifiers":0,"type":"char","text":"a","windowsVirtualKeyCode":97}}
12:52:31.199 [nioEventLoopGroup-9-1] DEBUG com.intuit.karate.driver.chrome_1718781747070 -- << {"id":17,"result":{},"sessionId":"6E8AA30DD668A003F92C379996F3A942"}
12:52:31.199 [nioEventLoopGroup-9-1] DEBUG com.jayway.jsonpath.internal.path.CompiledPath -- Evaluating path: $
12:52:31.199 [main] DEBUG com.jayway.jsonpath.internal.path.CompiledPath -- Evaluating path: $['modifiers']
12:52:31.199 [main] DEBUG com.jayway.jsonpath.internal.path.CompiledPath -- Evaluating path: $
12:52:31.199 [main] DEBUG com.jayway.jsonpath.internal.path.CompiledPath -- Evaluating path: $
12:52:31.199 [main] DEBUG com.jayway.jsonpath.internal.JsonContext -- Put path $ key modifiers value {}
12:52:31.199 [main] DEBUG com.jayway.jsonpath.internal.path.CompiledPath -- Evaluating path: $
12:52:31.199 [main] DEBUG com.jayway.jsonpath.internal.JsonContext -- Put path $ key modifiers value 0
12:52:31.199 [main] DEBUG com.jayway.jsonpath.internal.path.CompiledPath -- Evaluating path: $['type']
12:52:31.199 [main] DEBUG com.jayway.jsonpath.internal.path.CompiledPath -- Evaluating path: $
12:52:31.199 [main] DEBUG com.jayway.jsonpath.internal.path.CompiledPath -- Evaluating path: $
12:52:31.199 [main] DEBUG com.jayway.jsonpath.internal.JsonContext -- Put path $ key type value {}
12:52:31.199 [main] DEBUG com.jayway.jsonpath.internal.path.CompiledPath -- Evaluating path: $
12:52:31.199 [main] DEBUG com.jayway.jsonpath.internal.JsonContext -- Put path $ key type value keyUp
12:52:31.199 [main] DEBUG com.jayway.jsonpath.internal.path.CompiledPath -- Evaluating path: $['text']
12:52:31.199 [main] DEBUG com.jayway.jsonpath.internal.path.CompiledPath -- Evaluating path: $
12:52:31.199 [main] DEBUG com.jayway.jsonpath.internal.path.CompiledPath -- Evaluating path: $
12:52:31.199 [main] DEBUG com.jayway.jsonpath.internal.JsonContext -- Put path $ key text value {}
12:52:31.199 [main] DEBUG com.jayway.jsonpath.internal.path.CompiledPath -- Evaluating path: $
12:52:31.199 [main] DEBUG com.jayway.jsonpath.internal.JsonContext -- Put path $ key text value a
12:52:31.199 [main] DEBUG com.jayway.jsonpath.internal.path.CompiledPath -- Evaluating path: $['windowsVirtualKeyCode']
12:52:31.199 [main] DEBUG com.jayway.jsonpath.internal.path.CompiledPath -- Evaluating path: $
12:52:31.199 [main] DEBUG com.jayway.jsonpath.internal.path.CompiledPath -- Evaluating path: $
12:52:31.199 [main] DEBUG com.jayway.jsonpath.internal.JsonContext -- Put path $ key windowsVirtualKeyCode value {}
12:52:31.199 [main] DEBUG com.jayway.jsonpath.internal.path.CompiledPath -- Evaluating path: $
12:52:31.199 [main] DEBUG com.jayway.jsonpath.internal.JsonContext -- Put path $ key windowsVirtualKeyCode value 97
12:52:31.199 [main] DEBUG com.jayway.jsonpath.internal.path.CompiledPath -- Evaluating path: $
12:52:31.199 [main] DEBUG com.intuit.karate.driver.chrome_1718781747070 -- >> {"id":18,"sessionId":"6E8AA30DD668A003F92C379996F3A942","method":"Input.dispatchKeyEvent","params":{"modifiers":0,"type":"keyUp","text":"a","windowsVirtualKeyCode":97}}
12:52:31.206 [nioEventLoopGroup-9-1] DEBUG com.intuit.karate.driver.chrome_1718781747070 -- << {"id":18,"result":{},"sessionId":"6E8AA30DD668A003F92C379996F3A942"}
12:52:31.206 [nioEventLoopGroup-9-1] DEBUG com.jayway.jsonpath.internal.path.CompiledPath -- Evaluating path: $
12:52:31.206 [main] DEBUG com.jayway.jsonpath.internal.path.CompiledPath -- Evaluating path: $['modifiers']
12:52:31.206 [main] DEBUG com.jayway.jsonpath.internal.path.CompiledPath -- Evaluating path: $
12:52:31.206 [main] DEBUG com.jayway.jsonpath.internal.path.CompiledPath -- Evaluating path: $
12:52:31.206 [main] DEBUG com.jayway.jsonpath.internal.JsonContext -- Put path $ key modifiers value {}
12:52:31.206 [main] DEBUG com.jayway.jsonpath.internal.path.CompiledPath -- Evaluating path: $
12:52:31.206 [main] DEBUG com.jayway.jsonpath.internal.JsonContext -- Put path $ key modifiers value 0
12:52:31.206 [main] DEBUG com.jayway.jsonpath.internal.path.CompiledPath -- Evaluating path: $['type']
12:52:31.206 [main] DEBUG com.jayway.jsonpath.internal.path.CompiledPath -- Evaluating path: $
12:52:31.206 [main] DEBUG com.jayway.jsonpath.internal.path.CompiledPath -- Evaluating path: $
12:52:31.206 [main] DEBUG com.jayway.jsonpath.internal.JsonContext -- Put path $ key type value {}
12:52:31.206 [main] DEBUG com.jayway.jsonpath.internal.path.CompiledPath -- Evaluating path: $
12:52:31.206 [main] DEBUG com.jayway.jsonpath.internal.JsonContext -- Put path $ key type value rawKeyDown
12:52:31.206 [main] DEBUG com.jayway.jsonpath.internal.path.CompiledPath -- Evaluating path: $['text']
12:52:31.206 [main] DEBUG com.jayway.jsonpath.internal.path.CompiledPath -- Evaluating path: $
12:52:31.206 [main] DEBUG com.jayway.jsonpath.internal.path.CompiledPath -- Evaluating path: $
12:52:31.206 [main] DEBUG com.jayway.jsonpath.internal.JsonContext -- Put path $ key text value {}
12:52:31.206 [main] DEBUG com.jayway.jsonpath.internal.path.CompiledPath -- Evaluating path: $
12:52:31.206 [main] DEBUG com.jayway.jsonpath.internal.JsonContext -- Put path $ key text value n
12:52:31.206 [main] DEBUG com.jayway.jsonpath.internal.path.CompiledPath -- Evaluating path: $['windowsVirtualKeyCode']
12:52:31.206 [main] DEBUG com.jayway.jsonpath.internal.path.CompiledPath -- Evaluating path: $
12:52:31.206 [main] DEBUG com.jayway.jsonpath.internal.path.CompiledPath -- Evaluating path: $
12:52:31.206 [main] DEBUG com.jayway.jsonpath.internal.JsonContext -- Put path $ key windowsVirtualKeyCode value {}
12:52:31.206 [main] DEBUG com.jayway.jsonpath.internal.path.CompiledPath -- Evaluating path: $
12:52:31.206 [main] DEBUG com.jayway.jsonpath.internal.JsonContext -- Put path $ key windowsVirtualKeyCode value 110
12:52:31.206 [main] DEBUG com.jayway.jsonpath.internal.path.CompiledPath -- Evaluating path: $
12:52:31.206 [main] DEBUG com.intuit.karate.driver.chrome_1718781747070 -- >> {"id":19,"sessionId":"6E8AA30DD668A003F92C379996F3A942","method":"Input.dispatchKeyEvent","params":{"modifiers":0,"type":"rawKeyDown","text":"n","windowsVirtualKeyCode":110}}
12:52:31.209 [nioEventLoopGroup-9-1] DEBUG com.intuit.karate.driver.chrome_1718781747070 -- << {"id":19,"result":{},"sessionId":"6E8AA30DD668A003F92C379996F3A942"}
12:52:31.209 [nioEventLoopGroup-9-1] DEBUG com.jayway.jsonpath.internal.path.CompiledPath -- Evaluating path: $
12:52:31.209 [main] DEBUG com.jayway.jsonpath.internal.path.CompiledPath -- Evaluating path: $['modifiers']
12:52:31.209 [main] DEBUG com.jayway.jsonpath.internal.path.CompiledPath -- Evaluating path: $
12:52:31.209 [main] DEBUG com.jayway.jsonpath.internal.path.CompiledPath -- Evaluating path: $
12:52:31.209 [main] DEBUG com.jayway.jsonpath.internal.JsonContext -- Put path $ key modifiers value {}
12:52:31.209 [main] DEBUG com.jayway.jsonpath.internal.path.CompiledPath -- Evaluating path: $
12:52:31.209 [main] DEBUG com.jayway.jsonpath.internal.JsonContext -- Put path $ key modifiers value 0
12:52:31.209 [main] DEBUG com.jayway.jsonpath.internal.path.CompiledPath -- Evaluating path: $['type']
12:52:31.209 [main] DEBUG com.jayway.jsonpath.internal.path.CompiledPath -- Evaluating path: $
12:52:31.209 [main] DEBUG com.jayway.jsonpath.internal.path.CompiledPath -- Evaluating path: $
12:52:31.209 [main] DEBUG com.jayway.jsonpath.internal.JsonContext -- Put path $ key type value {}
12:52:31.209 [main] DEBUG com.jayway.jsonpath.internal.path.CompiledPath -- Evaluating path: $
12:52:31.209 [main] DEBUG com.jayway.jsonpath.internal.JsonContext -- Put path $ key type value char
12:52:31.209 [main] DEBUG com.jayway.jsonpath.internal.path.CompiledPath -- Evaluating path: $['text']
12:52:31.209 [main] DEBUG com.jayway.jsonpath.internal.path.CompiledPath -- Evaluating path: $
12:52:31.209 [main] DEBUG com.jayway.jsonpath.internal.path.CompiledPath -- Evaluating path: $
12:52:31.209 [main] DEBUG com.jayway.jsonpath.internal.JsonContext -- Put path $ key text value {}
12:52:31.209 [main] DEBUG com.jayway.jsonpath.internal.path.CompiledPath -- Evaluating path: $
12:52:31.209 [main] DEBUG com.jayway.jsonpath.internal.JsonContext -- Put path $ key text value n
12:52:31.209 [main] DEBUG com.jayway.jsonpath.internal.path.CompiledPath -- Evaluating path: $['windowsVirtualKeyCode']
12:52:31.209 [main] DEBUG com.jayway.jsonpath.internal.path.CompiledPath -- Evaluating path: $
12:52:31.209 [main] DEBUG com.jayway.jsonpath.internal.path.CompiledPath -- Evaluating path: $
12:52:31.209 [main] DEBUG com.jayway.jsonpath.internal.JsonContext -- Put path $ key windowsVirtualKeyCode value {}
12:52:31.209 [main] DEBUG com.jayway.jsonpath.internal.path.CompiledPath -- Evaluating path: $
12:52:31.209 [main] DEBUG com.jayway.jsonpath.internal.JsonContext -- Put path $ key windowsVirtualKeyCode value 110
12:52:31.209 [main] DEBUG com.jayway.jsonpath.internal.path.CompiledPath -- Evaluating path: $
12:52:31.209 [main] DEBUG com.intuit.karate.driver.chrome_1718781747070 -- >> {"id":20,"sessionId":"6E8AA30DD668A003F92C379996F3A942","method":"Input.dispatchKeyEvent","params":{"modifiers":0,"type":"char","text":"n","windowsVirtualKeyCode":110}}
12:52:31.212 [nioEventLoopGroup-9-1] DEBUG com.intuit.karate.driver.chrome_1718781747070 -- << {"id":20,"result":{},"sessionId":"6E8AA30DD668A003F92C379996F3A942"}
12:52:31.212 [nioEventLoopGroup-9-1] DEBUG com.jayway.jsonpath.internal.path.CompiledPath -- Evaluating path: $
12:52:31.212 [main] DEBUG com.jayway.jsonpath.internal.path.CompiledPath -- Evaluating path: $['modifiers']
12:52:31.212 [main] DEBUG com.jayway.jsonpath.internal.path.CompiledPath -- Evaluating path: $
12:52:31.212 [main] DEBUG com.jayway.jsonpath.internal.path.CompiledPath -- Evaluating path: $
12:52:31.212 [main] DEBUG com.jayway.jsonpath.internal.JsonContext -- Put path $ key modifiers value {}
12:52:31.212 [main] DEBUG com.jayway.jsonpath.internal.path.CompiledPath -- Evaluating path: $
12:52:31.212 [main] DEBUG com.jayway.jsonpath.internal.JsonContext -- Put path $ key modifiers value 0
12:52:31.212 [main] DEBUG com.jayway.jsonpath.internal.path.CompiledPath -- Evaluating path: $['type']
12:52:31.212 [main] DEBUG com.jayway.jsonpath.internal.path.CompiledPath -- Evaluating path: $
12:52:31.212 [main] DEBUG com.jayway.jsonpath.internal.path.CompiledPath -- Evaluating path: $
12:52:31.212 [main] DEBUG com.jayway.jsonpath.internal.JsonContext -- Put path $ key type value {}
12:52:31.212 [main] DEBUG com.jayway.jsonpath.internal.path.CompiledPath -- Evaluating path: $
12:52:31.212 [main] DEBUG com.jayway.jsonpath.internal.JsonContext -- Put path $ key type value keyUp
12:52:31.212 [main] DEBUG com.jayway.jsonpath.internal.path.CompiledPath -- Evaluating path: $['text']
12:52:31.212 [main] DEBUG com.jayway.jsonpath.internal.path.CompiledPath -- Evaluating path: $
12:52:31.212 [main] DEBUG com.jayway.jsonpath.internal.path.CompiledPath -- Evaluating path: $
12:52:31.212 [main] DEBUG com.jayway.jsonpath.internal.JsonContext -- Put path $ key text value {}
12:52:31.212 [main] DEBUG com.jayway.jsonpath.internal.path.CompiledPath -- Evaluating path: $
12:52:31.212 [main] DEBUG com.jayway.jsonpath.internal.JsonContext -- Put path $ key text value n
12:52:31.212 [main] DEBUG com.jayway.jsonpath.internal.path.CompiledPath -- Evaluating path: $['windowsVirtualKeyCode']
12:52:31.212 [main] DEBUG com.jayway.jsonpath.internal.path.CompiledPath -- Evaluating path: $
12:52:31.212 [main] DEBUG com.jayway.jsonpath.internal.path.CompiledPath -- Evaluating path: $
12:52:31.212 [main] DEBUG com.jayway.jsonpath.internal.JsonContext -- Put path $ key windowsVirtualKeyCode value {}
12:52:31.212 [main] DEBUG com.jayway.jsonpath.internal.path.CompiledPath -- Evaluating path: $
12:52:31.212 [main] DEBUG com.jayway.jsonpath.internal.JsonContext -- Put path $ key windowsVirtualKeyCode value 110
12:52:31.212 [main] DEBUG com.jayway.jsonpath.internal.path.CompiledPath -- Evaluating path: $
12:52:31.212 [main] DEBUG com.intuit.karate.driver.chrome_1718781747070 -- >> {"id":21,"sessionId":"6E8AA30DD668A003F92C379996F3A942","method":"Input.dispatchKeyEvent","params":{"modifiers":0,"type":"keyUp","text":"n","windowsVirtualKeyCode":110}}
12:52:31.214 [nioEventLoopGroup-9-1] DEBUG com.intuit.karate.driver.chrome_1718781747070 -- << {"id":21,"result":{},"sessionId":"6E8AA30DD668A003F92C379996F3A942"}
12:52:31.214 [nioEventLoopGroup-9-1] DEBUG com.jayway.jsonpath.internal.path.CompiledPath -- Evaluating path: $
12:52:31.214 [main] DEBUG com.jayway.jsonpath.internal.path.CompiledPath -- Evaluating path: $['modifiers']
12:52:31.214 [main] DEBUG com.jayway.jsonpath.internal.path.CompiledPath -- Evaluating path: $
12:52:31.214 [main] DEBUG com.jayway.jsonpath.internal.path.CompiledPath -- Evaluating path: $
12:52:31.214 [main] DEBUG com.jayway.jsonpath.internal.JsonContext -- Put path $ key modifiers value {}
12:52:31.214 [main] DEBUG com.jayway.jsonpath.internal.path.CompiledPath -- Evaluating path: $
12:52:31.214 [main] DEBUG com.jayway.jsonpath.internal.JsonContext -- Put path $ key modifiers value 0
12:52:31.214 [main] DEBUG com.jayway.jsonpath.internal.path.CompiledPath -- Evaluating path: $['type']
12:52:31.214 [main] DEBUG com.jayway.jsonpath.internal.path.CompiledPath -- Evaluating path: $
12:52:31.214 [main] DEBUG com.jayway.jsonpath.internal.path.CompiledPath -- Evaluating path: $
12:52:31.214 [main] DEBUG com.jayway.jsonpath.internal.JsonContext -- Put path $ key type value {}
12:52:31.214 [main] DEBUG com.jayway.jsonpath.internal.path.CompiledPath -- Evaluating path: $
12:52:31.214 [main] DEBUG com.jayway.jsonpath.internal.JsonContext -- Put path $ key type value rawKeyDown
12:52:31.214 [main] DEBUG com.jayway.jsonpath.internal.path.CompiledPath -- Evaluating path: $['text']
12:52:31.214 [main] DEBUG com.jayway.jsonpath.internal.path.CompiledPath -- Evaluating path: $
12:52:31.214 [main] DEBUG com.jayway.jsonpath.internal.path.CompiledPath -- Evaluating path: $
12:52:31.214 [main] DEBUG com.jayway.jsonpath.internal.JsonContext -- Put path $ key text value {}
12:52:31.214 [main] DEBUG com.jayway.jsonpath.internal.path.CompiledPath -- Evaluating path: $
12:52:31.214 [main] DEBUG com.jayway.jsonpath.internal.JsonContext -- Put path $ key text value d
12:52:31.214 [main] DEBUG com.jayway.jsonpath.internal.path.CompiledPath -- Evaluating path: $['windowsVirtualKeyCode']
12:52:31.214 [main] DEBUG com.jayway.jsonpath.internal.path.CompiledPath -- Evaluating path: $
12:52:31.214 [main] DEBUG com.jayway.jsonpath.internal.path.CompiledPath -- Evaluating path: $
12:52:31.214 [main] DEBUG com.jayway.jsonpath.internal.JsonContext -- Put path $ key windowsVirtualKeyCode value {}
12:52:31.214 [main] DEBUG com.jayway.jsonpath.internal.path.CompiledPath -- Evaluating path: $
12:52:31.214 [main] DEBUG com.jayway.jsonpath.internal.JsonContext -- Put path $ key windowsVirtualKeyCode value 100
12:52:31.214 [main] DEBUG com.jayway.jsonpath.internal.path.CompiledPath -- Evaluating path: $
12:52:31.214 [main] DEBUG com.intuit.karate.driver.chrome_1718781747070 -- >> {"id":22,"sessionId":"6E8AA30DD668A003F92C379996F3A942","method":"Input.dispatchKeyEvent","params":{"modifiers":0,"type":"rawKeyDown","text":"d","windowsVirtualKeyCode":100}}
12:52:31.218 [nioEventLoopGroup-9-1] DEBUG com.intuit.karate.driver.chrome_1718781747070 -- << {"id":22,"result":{},"sessionId":"6E8AA30DD668A003F92C379996F3A942"}
12:52:31.218 [nioEventLoopGroup-9-1] DEBUG com.jayway.jsonpath.internal.path.CompiledPath -- Evaluating path: $
12:52:31.218 [main] DEBUG com.jayway.jsonpath.internal.path.CompiledPath -- Evaluating path: $['modifiers']
12:52:31.218 [main] DEBUG com.jayway.jsonpath.internal.path.CompiledPath -- Evaluating path: $
12:52:31.218 [main] DEBUG com.jayway.jsonpath.internal.path.CompiledPath -- Evaluating path: $
12:52:31.218 [main] DEBUG com.jayway.jsonpath.internal.JsonContext -- Put path $ key modifiers value {}
12:52:31.218 [main] DEBUG com.jayway.jsonpath.internal.path.CompiledPath -- Evaluating path: $
12:52:31.218 [main] DEBUG com.jayway.jsonpath.internal.JsonContext -- Put path $ key modifiers value 0
12:52:31.218 [main] DEBUG com.jayway.jsonpath.internal.path.CompiledPath -- Evaluating path: $['type']
12:52:31.218 [main] DEBUG com.jayway.jsonpath.internal.path.CompiledPath -- Evaluating path: $
12:52:31.218 [main] DEBUG com.jayway.jsonpath.internal.path.CompiledPath -- Evaluating path: $
12:52:31.218 [main] DEBUG com.jayway.jsonpath.internal.JsonContext -- Put path $ key type value {}
12:52:31.218 [main] DEBUG com.jayway.jsonpath.internal.path.CompiledPath -- Evaluating path: $
12:52:31.218 [main] DEBUG com.jayway.jsonpath.internal.JsonContext -- Put path $ key type value char
12:52:31.218 [main] DEBUG com.jayway.jsonpath.internal.path.CompiledPath -- Evaluating path: $['text']
12:52:31.218 [main] DEBUG com.jayway.jsonpath.internal.path.CompiledPath -- Evaluating path: $
12:52:31.218 [main] DEBUG com.jayway.jsonpath.internal.path.CompiledPath -- Evaluating path: $
12:52:31.218 [main] DEBUG com.jayway.jsonpath.internal.JsonContext -- Put path $ key text value {}
12:52:31.218 [main] DEBUG com.jayway.jsonpath.internal.path.CompiledPath -- Evaluating path: $
12:52:31.218 [main] DEBUG com.jayway.jsonpath.internal.JsonContext -- Put path $ key text value d
12:52:31.218 [main] DEBUG com.jayway.jsonpath.internal.path.CompiledPath -- Evaluating path: $['windowsVirtualKeyCode']
12:52:31.218 [main] DEBUG com.jayway.jsonpath.internal.path.CompiledPath -- Evaluating path: $
12:52:31.218 [main] DEBUG com.jayway.jsonpath.internal.path.CompiledPath -- Evaluating path: $
12:52:31.218 [main] DEBUG com.jayway.jsonpath.internal.JsonContext -- Put path $ key windowsVirtualKeyCode value {}
12:52:31.218 [main] DEBUG com.jayway.jsonpath.internal.path.CompiledPath -- Evaluating path: $
12:52:31.218 [main] DEBUG com.jayway.jsonpath.internal.JsonContext -- Put path $ key windowsVirtualKeyCode value 100
12:52:31.218 [main] DEBUG com.jayway.jsonpath.internal.path.CompiledPath -- Evaluating path: $
12:52:31.218 [main] DEBUG com.intuit.karate.driver.chrome_1718781747070 -- >> {"id":23,"sessionId":"6E8AA30DD668A003F92C379996F3A942","method":"Input.dispatchKeyEvent","params":{"modifiers":0,"type":"char","text":"d","windowsVirtualKeyCode":100}}
12:52:31.218 [nioEventLoopGroup-9-1] DEBUG com.intuit.karate.driver.chrome_1718781747070 -- << {"id":23,"result":{},"sessionId":"6E8AA30DD668A003F92C379996F3A942"}
12:52:31.218 [nioEventLoopGroup-9-1] DEBUG com.jayway.jsonpath.internal.path.CompiledPath -- Evaluating path: $
12:52:31.218 [main] DEBUG com.jayway.jsonpath.internal.path.CompiledPath -- Evaluating path: $['modifiers']
12:52:31.218 [main] DEBUG com.jayway.jsonpath.internal.path.CompiledPath -- Evaluating path: $
12:52:31.218 [main] DEBUG com.jayway.jsonpath.internal.path.CompiledPath -- Evaluating path: $
12:52:31.218 [main] DEBUG com.jayway.jsonpath.internal.JsonContext -- Put path $ key modifiers value {}
12:52:31.218 [main] DEBUG com.jayway.jsonpath.internal.path.CompiledPath -- Evaluating path: $
12:52:31.218 [main] DEBUG com.jayway.jsonpath.internal.JsonContext -- Put path $ key modifiers value 0
12:52:31.218 [main] DEBUG com.jayway.jsonpath.internal.path.CompiledPath -- Evaluating path: $['type']
12:52:31.218 [main] DEBUG com.jayway.jsonpath.internal.path.CompiledPath -- Evaluating path: $
12:52:31.218 [main] DEBUG com.jayway.jsonpath.internal.path.CompiledPath -- Evaluating path: $
12:52:31.218 [main] DEBUG com.jayway.jsonpath.internal.JsonContext -- Put path $ key type value {}
12:52:31.218 [main] DEBUG com.jayway.jsonpath.internal.path.CompiledPath -- Evaluating path: $
12:52:31.218 [main] DEBUG com.jayway.jsonpath.internal.JsonContext -- Put path $ key type value keyUp
12:52:31.218 [main] DEBUG com.jayway.jsonpath.internal.path.CompiledPath -- Evaluating path: $['text']
12:52:31.218 [main] DEBUG com.jayway.jsonpath.internal.path.CompiledPath -- Evaluating path: $
12:52:31.218 [main] DEBUG com.jayway.jsonpath.internal.path.CompiledPath -- Evaluating path: $
12:52:31.218 [main] DEBUG com.jayway.jsonpath.internal.JsonContext -- Put path $ key text value {}
12:52:31.218 [main] DEBUG com.jayway.jsonpath.internal.path.CompiledPath -- Evaluating path: $
12:52:31.218 [main] DEBUG com.jayway.jsonpath.internal.JsonContext -- Put path $ key text value d
12:52:31.218 [main] DEBUG com.jayway.jsonpath.internal.path.CompiledPath -- Evaluating path: $['windowsVirtualKeyCode']
12:52:31.218 [main] DEBUG com.jayway.jsonpath.internal.path.CompiledPath -- Evaluating path: $
12:52:31.218 [main] DEBUG com.jayway.jsonpath.internal.path.CompiledPath -- Evaluating path: $
12:52:31.218 [main] DEBUG com.jayway.jsonpath.internal.JsonContext -- Put path $ key windowsVirtualKeyCode value {}
12:52:31.218 [main] DEBUG com.jayway.jsonpath.internal.path.CompiledPath -- Evaluating path: $
12:52:31.218 [main] DEBUG com.jayway.jsonpath.internal.JsonContext -- Put path $ key windowsVirtualKeyCode value 100
12:52:31.218 [main] DEBUG com.jayway.jsonpath.internal.path.CompiledPath -- Evaluating path: $
12:52:31.218 [main] DEBUG com.intuit.karate.driver.chrome_1718781747070 -- >> {"id":24,"sessionId":"6E8AA30DD668A003F92C379996F3A942","method":"Input.dispatchKeyEvent","params":{"modifiers":0,"type":"keyUp","text":"d","windowsVirtualKeyCode":100}}
12:52:31.218 [nioEventLoopGroup-9-1] DEBUG com.intuit.karate.driver.chrome_1718781747070 -- << {"id":24,"result":{},"sessionId":"6E8AA30DD668A003F92C379996F3A942"}
12:52:31.218 [nioEventLoopGroup-9-1] DEBUG com.jayway.jsonpath.internal.path.CompiledPath -- Evaluating path: $
12:52:31.218 [main] DEBUG com.jayway.jsonpath.internal.path.CompiledPath -- Evaluating path: $['modifiers']
12:52:31.218 [main] DEBUG com.jayway.jsonpath.internal.path.CompiledPath -- Evaluating path: $
12:52:31.218 [main] DEBUG com.jayway.jsonpath.internal.path.CompiledPath -- Evaluating path: $
12:52:31.218 [main] DEBUG com.jayway.jsonpath.internal.JsonContext -- Put path $ key modifiers value {}
12:52:31.218 [main] DEBUG com.jayway.jsonpath.internal.path.CompiledPath -- Evaluating path: $
12:52:31.218 [main] DEBUG com.jayway.jsonpath.internal.JsonContext -- Put path $ key modifiers value 0
12:52:31.218 [main] DEBUG com.jayway.jsonpath.internal.path.CompiledPath -- Evaluating path: $['type']
12:52:31.218 [main] DEBUG com.jayway.jsonpath.internal.path.CompiledPath -- Evaluating path: $
12:52:31.218 [main] DEBUG com.jayway.jsonpath.internal.path.CompiledPath -- Evaluating path: $
12:52:31.218 [main] DEBUG com.jayway.jsonpath.internal.JsonContext -- Put path $ key type value {}
12:52:31.218 [main] DEBUG com.jayway.jsonpath.internal.path.CompiledPath -- Evaluating path: $
12:52:31.218 [main] DEBUG com.jayway.jsonpath.internal.JsonContext -- Put path $ key type value rawKeyDown
12:52:31.218 [main] DEBUG com.jayway.jsonpath.internal.path.CompiledPath -- Evaluating path: $['text']
12:52:31.218 [main] DEBUG com.jayway.jsonpath.internal.path.CompiledPath -- Evaluating path: $
12:52:31.218 [main] DEBUG com.jayway.jsonpath.internal.path.CompiledPath -- Evaluating path: $
12:52:31.218 [main] DEBUG com.jayway.jsonpath.internal.JsonContext -- Put path $ key text value {}
12:52:31.218 [main] DEBUG com.jayway.jsonpath.internal.path.CompiledPath -- Evaluating path: $
12:52:31.218 [main] DEBUG com.jayway.jsonpath.internal.JsonContext -- Put path $ key text value a
12:52:31.218 [main] DEBUG com.jayway.jsonpath.internal.path.CompiledPath -- Evaluating path: $['windowsVirtualKeyCode']
12:52:31.218 [main] DEBUG com.jayway.jsonpath.internal.path.CompiledPath -- Evaluating path: $
12:52:31.218 [main] DEBUG com.jayway.jsonpath.internal.path.CompiledPath -- Evaluating path: $
12:52:31.218 [main] DEBUG com.jayway.jsonpath.internal.JsonContext -- Put path $ key windowsVirtualKeyCode value {}
12:52:31.218 [main] DEBUG com.jayway.jsonpath.internal.path.CompiledPath -- Evaluating path: $
12:52:31.218 [main] DEBUG com.jayway.jsonpath.internal.JsonContext -- Put path $ key windowsVirtualKeyCode value 97
12:52:31.218 [main] DEBUG com.jayway.jsonpath.internal.path.CompiledPath -- Evaluating path: $
12:52:31.218 [main] DEBUG com.intuit.karate.driver.chrome_1718781747070 -- >> {"id":25,"sessionId":"6E8AA30DD668A003F92C379996F3A942","method":"Input.dispatchKeyEvent","params":{"modifiers":0,"type":"rawKeyDown","text":"a","windowsVirtualKeyCode":97}}
12:52:31.229 [nioEventLoopGroup-9-1] DEBUG com.intuit.karate.driver.chrome_1718781747070 -- << {"id":25,"result":{},"sessionId":"6E8AA30DD668A003F92C379996F3A942"}
12:52:31.229 [nioEventLoopGroup-9-1] DEBUG com.jayway.jsonpath.internal.path.CompiledPath -- Evaluating path: $
12:52:31.231 [main] DEBUG com.jayway.jsonpath.internal.path.CompiledPath -- Evaluating path: $['modifiers']
12:52:31.231 [main] DEBUG com.jayway.jsonpath.internal.path.CompiledPath -- Evaluating path: $
12:52:31.231 [main] DEBUG com.jayway.jsonpath.internal.path.CompiledPath -- Evaluating path: $
12:52:31.231 [main] DEBUG com.jayway.jsonpath.internal.JsonContext -- Put path $ key modifiers value {}
12:52:31.231 [main] DEBUG com.jayway.jsonpath.internal.path.CompiledPath -- Evaluating path: $
12:52:31.231 [main] DEBUG com.jayway.jsonpath.internal.JsonContext -- Put path $ key modifiers value 0
12:52:31.231 [main] DEBUG com.jayway.jsonpath.internal.path.CompiledPath -- Evaluating path: $['type']
12:52:31.231 [main] DEBUG com.jayway.jsonpath.internal.path.CompiledPath -- Evaluating path: $
12:52:31.231 [main] DEBUG com.jayway.jsonpath.internal.path.CompiledPath -- Evaluating path: $
12:52:31.231 [main] DEBUG com.jayway.jsonpath.internal.JsonContext -- Put path $ key type value {}
12:52:31.231 [main] DEBUG com.jayway.jsonpath.internal.path.CompiledPath -- Evaluating path: $
12:52:31.231 [main] DEBUG com.jayway.jsonpath.internal.JsonContext -- Put path $ key type value char
12:52:31.231 [main] DEBUG com.jayway.jsonpath.internal.path.CompiledPath -- Evaluating path: $['text']
12:52:31.231 [main] DEBUG com.jayway.jsonpath.internal.path.CompiledPath -- Evaluating path: $
12:52:31.231 [main] DEBUG com.jayway.jsonpath.internal.path.CompiledPath -- Evaluating path: $
12:52:31.231 [main] DEBUG com.jayway.jsonpath.internal.JsonContext -- Put path $ key text value {}
12:52:31.231 [main] DEBUG com.jayway.jsonpath.internal.path.CompiledPath -- Evaluating path: $
12:52:31.231 [main] DEBUG com.jayway.jsonpath.internal.JsonContext -- Put path $ key text value a
12:52:31.231 [main] DEBUG com.jayway.jsonpath.internal.path.CompiledPath -- Evaluating path: $['windowsVirtualKeyCode']
12:52:31.231 [main] DEBUG com.jayway.jsonpath.internal.path.CompiledPath -- Evaluating path: $
12:52:31.231 [main] DEBUG com.jayway.jsonpath.internal.path.CompiledPath -- Evaluating path: $
12:52:31.231 [main] DEBUG com.jayway.jsonpath.internal.JsonContext -- Put path $ key windowsVirtualKeyCode value {}
12:52:31.231 [main] DEBUG com.jayway.jsonpath.internal.path.CompiledPath -- Evaluating path: $
12:52:31.231 [main] DEBUG com.jayway.jsonpath.internal.JsonContext -- Put path $ key windowsVirtualKeyCode value 97
12:52:31.231 [main] DEBUG com.jayway.jsonpath.internal.path.CompiledPath -- Evaluating path: $
12:52:31.231 [main] DEBUG com.intuit.karate.driver.chrome_1718781747070 -- >> {"id":26,"sessionId":"6E8AA30DD668A003F92C379996F3A942","method":"Input.dispatchKeyEvent","params":{"modifiers":0,"type":"char","text":"a","windowsVirtualKeyCode":97}}
12:52:31.233 [nioEventLoopGroup-9-1] DEBUG com.intuit.karate.driver.chrome_1718781747070 -- << {"id":26,"result":{},"sessionId":"6E8AA30DD668A003F92C379996F3A942"}
12:52:31.233 [nioEventLoopGroup-9-1] DEBUG com.jayway.jsonpath.internal.path.CompiledPath -- Evaluating path: $
12:52:31.233 [main] DEBUG com.jayway.jsonpath.internal.path.CompiledPath -- Evaluating path: $['modifiers']
12:52:31.233 [main] DEBUG com.jayway.jsonpath.internal.path.CompiledPath -- Evaluating path: $
12:52:31.233 [main] DEBUG com.jayway.jsonpath.internal.path.CompiledPath -- Evaluating path: $
12:52:31.233 [main] DEBUG com.jayway.jsonpath.internal.JsonContext -- Put path $ key modifiers value {}
12:52:31.233 [main] DEBUG com.jayway.jsonpath.internal.path.CompiledPath -- Evaluating path: $
12:52:31.233 [main] DEBUG com.jayway.jsonpath.internal.JsonContext -- Put path $ key modifiers value 0
12:52:31.233 [main] DEBUG com.jayway.jsonpath.internal.path.CompiledPath -- Evaluating path: $['type']
12:52:31.233 [main] DEBUG com.jayway.jsonpath.internal.path.CompiledPath -- Evaluating path: $
12:52:31.233 [main] DEBUG com.jayway.jsonpath.internal.path.CompiledPath -- Evaluating path: $
12:52:31.233 [main] DEBUG com.jayway.jsonpath.internal.JsonContext -- Put path $ key type value {}
12:52:31.233 [main] DEBUG com.jayway.jsonpath.internal.path.CompiledPath -- Evaluating path: $
12:52:31.233 [main] DEBUG com.jayway.jsonpath.internal.JsonContext -- Put path $ key type value keyUp
12:52:31.233 [main] DEBUG com.jayway.jsonpath.internal.path.CompiledPath -- Evaluating path: $['text']
12:52:31.233 [main] DEBUG com.jayway.jsonpath.internal.path.CompiledPath -- Evaluating path: $
12:52:31.233 [main] DEBUG com.jayway.jsonpath.internal.path.CompiledPath -- Evaluating path: $
12:52:31.233 [main] DEBUG com.jayway.jsonpath.internal.JsonContext -- Put path $ key text value {}
12:52:31.233 [main] DEBUG com.jayway.jsonpath.internal.path.CompiledPath -- Evaluating path: $
12:52:31.233 [main] DEBUG com.jayway.jsonpath.internal.JsonContext -- Put path $ key text value a
12:52:31.233 [main] DEBUG com.jayway.jsonpath.internal.path.CompiledPath -- Evaluating path: $['windowsVirtualKeyCode']
12:52:31.233 [main] DEBUG com.jayway.jsonpath.internal.path.CompiledPath -- Evaluating path: $
12:52:31.233 [main] DEBUG com.jayway.jsonpath.internal.path.CompiledPath -- Evaluating path: $
12:52:31.233 [main] DEBUG com.jayway.jsonpath.internal.JsonContext -- Put path $ key windowsVirtualKeyCode value {}
12:52:31.233 [main] DEBUG com.jayway.jsonpath.internal.path.CompiledPath -- Evaluating path: $
12:52:31.233 [main] DEBUG com.jayway.jsonpath.internal.JsonContext -- Put path $ key windowsVirtualKeyCode value 97
12:52:31.233 [main] DEBUG com.jayway.jsonpath.internal.path.CompiledPath -- Evaluating path: $
12:52:31.233 [main] DEBUG com.intuit.karate.driver.chrome_1718781747070 -- >> {"id":27,"sessionId":"6E8AA30DD668A003F92C379996F3A942","method":"Input.dispatchKeyEvent","params":{"modifiers":0,"type":"keyUp","text":"a","windowsVirtualKeyCode":97}}
12:52:31.233 [nioEventLoopGroup-9-1] DEBUG com.intuit.karate.driver.chrome_1718781747070 -- << {"id":27,"result":{},"sessionId":"6E8AA30DD668A003F92C379996F3A942"}
12:52:31.233 [nioEventLoopGroup-9-1] DEBUG com.jayway.jsonpath.internal.path.CompiledPath -- Evaluating path: $
12:52:31.233 [main] DEBUG com.jayway.jsonpath.internal.path.CompiledPath -- Evaluating path: $['modifiers']
12:52:31.233 [main] DEBUG com.jayway.jsonpath.internal.path.CompiledPath -- Evaluating path: $
12:52:31.233 [main] DEBUG com.jayway.jsonpath.internal.path.CompiledPath -- Evaluating path: $
12:52:31.233 [main] DEBUG com.jayway.jsonpath.internal.JsonContext -- Put path $ key modifiers value {}
12:52:31.233 [main] DEBUG com.jayway.jsonpath.internal.path.CompiledPath -- Evaluating path: $
12:52:31.233 [main] DEBUG com.jayway.jsonpath.internal.JsonContext -- Put path $ key modifiers value 0
12:52:31.233 [main] DEBUG com.jayway.jsonpath.internal.path.CompiledPath -- Evaluating path: $['type']
12:52:31.233 [main] DEBUG com.jayway.jsonpath.internal.path.CompiledPath -- Evaluating path: $
12:52:31.233 [main] DEBUG com.jayway.jsonpath.internal.path.CompiledPath -- Evaluating path: $
12:52:31.233 [main] DEBUG com.jayway.jsonpath.internal.JsonContext -- Put path $ key type value {}
12:52:31.233 [main] DEBUG com.jayway.jsonpath.internal.path.CompiledPath -- Evaluating path: $
12:52:31.233 [main] DEBUG com.jayway.jsonpath.internal.JsonContext -- Put path $ key type value rawKeyDown
12:52:31.233 [main] DEBUG com.jayway.jsonpath.internal.path.CompiledPath -- Evaluating path: $['text']
12:52:31.233 [main] DEBUG com.jayway.jsonpath.internal.path.CompiledPath -- Evaluating path: $
12:52:31.233 [main] DEBUG com.jayway.jsonpath.internal.path.CompiledPath -- Evaluating path: $
12:52:31.233 [main] DEBUG com.jayway.jsonpath.internal.JsonContext -- Put path $ key text value {}
12:52:31.233 [main] DEBUG com.jayway.jsonpath.internal.path.CompiledPath -- Evaluating path: $
12:52:31.233 [main] DEBUG com.jayway.jsonpath.internal.JsonContext -- Put path $ key text value r
12:52:31.233 [main] DEBUG com.jayway.jsonpath.internal.path.CompiledPath -- Evaluating path: $['windowsVirtualKeyCode']
12:52:31.233 [main] DEBUG com.jayway.jsonpath.internal.path.CompiledPath -- Evaluating path: $
12:52:31.233 [main] DEBUG com.jayway.jsonpath.internal.path.CompiledPath -- Evaluating path: $
12:52:31.233 [main] DEBUG com.jayway.jsonpath.internal.JsonContext -- Put path $ key windowsVirtualKeyCode value {}
12:52:31.233 [main] DEBUG com.jayway.jsonpath.internal.path.CompiledPath -- Evaluating path: $
12:52:31.233 [main] DEBUG com.jayway.jsonpath.internal.JsonContext -- Put path $ key windowsVirtualKeyCode value 114
12:52:31.233 [main] DEBUG com.jayway.jsonpath.internal.path.CompiledPath -- Evaluating path: $
12:52:31.233 [main] DEBUG com.intuit.karate.driver.chrome_1718781747070 -- >> {"id":28,"sessionId":"6E8AA30DD668A003F92C379996F3A942","method":"Input.dispatchKeyEvent","params":{"modifiers":0,"type":"rawKeyDown","text":"r","windowsVirtualKeyCode":114}}
12:52:31.233 [nioEventLoopGroup-9-1] DEBUG com.intuit.karate.driver.chrome_1718781747070 -- << {"id":28,"result":{},"sessionId":"6E8AA30DD668A003F92C379996F3A942"}
12:52:31.233 [nioEventLoopGroup-9-1] DEBUG com.jayway.jsonpath.internal.path.CompiledPath -- Evaluating path: $
12:52:31.233 [main] DEBUG com.jayway.jsonpath.internal.path.CompiledPath -- Evaluating path: $['modifiers']
12:52:31.233 [main] DEBUG com.jayway.jsonpath.internal.path.CompiledPath -- Evaluating path: $
12:52:31.233 [main] DEBUG com.jayway.jsonpath.internal.path.CompiledPath -- Evaluating path: $
12:52:31.233 [main] DEBUG com.jayway.jsonpath.internal.JsonContext -- Put path $ key modifiers value {}
12:52:31.233 [main] DEBUG com.jayway.jsonpath.internal.path.CompiledPath -- Evaluating path: $
12:52:31.233 [main] DEBUG com.jayway.jsonpath.internal.JsonContext -- Put path $ key modifiers value 0
12:52:31.233 [main] DEBUG com.jayway.jsonpath.internal.path.CompiledPath -- Evaluating path: $['type']
12:52:31.233 [main] DEBUG com.jayway.jsonpath.internal.path.CompiledPath -- Evaluating path: $
12:52:31.233 [main] DEBUG com.jayway.jsonpath.internal.path.CompiledPath -- Evaluating path: $
12:52:31.233 [main] DEBUG com.jayway.jsonpath.internal.JsonContext -- Put path $ key type value {}
12:52:31.233 [main] DEBUG com.jayway.jsonpath.internal.path.CompiledPath -- Evaluating path: $
12:52:31.233 [main] DEBUG com.jayway.jsonpath.internal.JsonContext -- Put path $ key type value char
12:52:31.233 [main] DEBUG com.jayway.jsonpath.internal.path.CompiledPath -- Evaluating path: $['text']
12:52:31.233 [main] DEBUG com.jayway.jsonpath.internal.path.CompiledPath -- Evaluating path: $
12:52:31.233 [main] DEBUG com.jayway.jsonpath.internal.path.CompiledPath -- Evaluating path: $
12:52:31.233 [main] DEBUG com.jayway.jsonpath.internal.JsonContext -- Put path $ key text value {}
12:52:31.233 [main] DEBUG com.jayway.jsonpath.internal.path.CompiledPath -- Evaluating path: $
12:52:31.233 [main] DEBUG com.jayway.jsonpath.internal.JsonContext -- Put path $ key text value r
12:52:31.233 [main] DEBUG com.jayway.jsonpath.internal.path.CompiledPath -- Evaluating path: $['windowsVirtualKeyCode']
12:52:31.233 [main] DEBUG com.jayway.jsonpath.internal.path.CompiledPath -- Evaluating path: $
12:52:31.233 [main] DEBUG com.jayway.jsonpath.internal.path.CompiledPath -- Evaluating path: $
12:52:31.233 [main] DEBUG com.jayway.jsonpath.internal.JsonContext -- Put path $ key windowsVirtualKeyCode value {}
12:52:31.233 [main] DEBUG com.jayway.jsonpath.internal.path.CompiledPath -- Evaluating path: $
12:52:31.233 [main] DEBUG com.jayway.jsonpath.internal.JsonContext -- Put path $ key windowsVirtualKeyCode value 114
12:52:31.233 [main] DEBUG com.jayway.jsonpath.internal.path.CompiledPath -- Evaluating path: $
12:52:31.233 [main] DEBUG com.intuit.karate.driver.chrome_1718781747070 -- >> {"id":29,"sessionId":"6E8AA30DD668A003F92C379996F3A942","method":"Input.dispatchKeyEvent","params":{"modifiers":0,"type":"char","text":"r","windowsVirtualKeyCode":114}}
12:52:31.233 [nioEventLoopGroup-9-1] DEBUG com.intuit.karate.driver.chrome_1718781747070 -- << {"id":29,"result":{},"sessionId":"6E8AA30DD668A003F92C379996F3A942"}
12:52:31.233 [nioEventLoopGroup-9-1] DEBUG com.jayway.jsonpath.internal.path.CompiledPath -- Evaluating path: $
12:52:31.233 [main] DEBUG com.jayway.jsonpath.internal.path.CompiledPath -- Evaluating path: $['modifiers']
12:52:31.233 [main] DEBUG com.jayway.jsonpath.internal.path.CompiledPath -- Evaluating path: $
12:52:31.233 [main] DEBUG com.jayway.jsonpath.internal.path.CompiledPath -- Evaluating path: $
12:52:31.233 [main] DEBUG com.jayway.jsonpath.internal.JsonContext -- Put path $ key modifiers value {}
12:52:31.233 [main] DEBUG com.jayway.jsonpath.internal.path.CompiledPath -- Evaluating path: $
12:52:31.233 [main] DEBUG com.jayway.jsonpath.internal.JsonContext -- Put path $ key modifiers value 0
12:52:31.233 [main] DEBUG com.jayway.jsonpath.internal.path.CompiledPath -- Evaluating path: $['type']
12:52:31.233 [main] DEBUG com.jayway.jsonpath.internal.path.CompiledPath -- Evaluating path: $
12:52:31.233 [main] DEBUG com.jayway.jsonpath.internal.path.CompiledPath -- Evaluating path: $
12:52:31.233 [main] DEBUG com.jayway.jsonpath.internal.JsonContext -- Put path $ key type value {}
12:52:31.233 [main] DEBUG com.jayway.jsonpath.internal.path.CompiledPath -- Evaluating path: $
12:52:31.233 [main] DEBUG com.jayway.jsonpath.internal.JsonContext -- Put path $ key type value keyUp
12:52:31.233 [main] DEBUG com.jayway.jsonpath.internal.path.CompiledPath -- Evaluating path: $['text']
12:52:31.233 [main] DEBUG com.jayway.jsonpath.internal.path.CompiledPath -- Evaluating path: $
12:52:31.233 [main] DEBUG com.jayway.jsonpath.internal.path.CompiledPath -- Evaluating path: $
12:52:31.233 [main] DEBUG com.jayway.jsonpath.internal.JsonContext -- Put path $ key text value {}
12:52:31.233 [main] DEBUG com.jayway.jsonpath.internal.path.CompiledPath -- Evaluating path: $
12:52:31.233 [main] DEBUG com.jayway.jsonpath.internal.JsonContext -- Put path $ key text value r
12:52:31.233 [main] DEBUG com.jayway.jsonpath.internal.path.CompiledPath -- Evaluating path: $['windowsVirtualKeyCode']
12:52:31.233 [main] DEBUG com.jayway.jsonpath.internal.path.CompiledPath -- Evaluating path: $
12:52:31.233 [main] DEBUG com.jayway.jsonpath.internal.path.CompiledPath -- Evaluating path: $
12:52:31.233 [main] DEBUG com.jayway.jsonpath.internal.JsonContext -- Put path $ key windowsVirtualKeyCode value {}
12:52:31.233 [main] DEBUG com.jayway.jsonpath.internal.path.CompiledPath -- Evaluating path: $
12:52:31.233 [main] DEBUG com.jayway.jsonpath.internal.JsonContext -- Put path $ key windowsVirtualKeyCode value 114
12:52:31.233 [main] DEBUG com.jayway.jsonpath.internal.path.CompiledPath -- Evaluating path: $
12:52:31.233 [main] DEBUG com.intuit.karate.driver.chrome_1718781747070 -- >> {"id":30,"sessionId":"6E8AA30DD668A003F92C379996F3A942","method":"Input.dispatchKeyEvent","params":{"modifiers":0,"type":"keyUp","text":"r","windowsVirtualKeyCode":114}}
12:52:31.248 [nioEventLoopGroup-9-1] DEBUG com.intuit.karate.driver.chrome_1718781747070 -- << {"id":30,"result":{},"sessionId":"6E8AA30DD668A003F92C379996F3A942"}
12:52:31.248 [nioEventLoopGroup-9-1] DEBUG com.jayway.jsonpath.internal.path.CompiledPath -- Evaluating path: $
12:52:31.248 [main] DEBUG com.jayway.jsonpath.internal.path.CompiledPath -- Evaluating path: $['modifiers']
12:52:31.248 [main] DEBUG com.jayway.jsonpath.internal.path.CompiledPath -- Evaluating path: $
12:52:31.248 [main] DEBUG com.jayway.jsonpath.internal.path.CompiledPath -- Evaluating path: $
12:52:31.248 [main] DEBUG com.jayway.jsonpath.internal.JsonContext -- Put path $ key modifiers value {}
12:52:31.248 [main] DEBUG com.jayway.jsonpath.internal.path.CompiledPath -- Evaluating path: $
12:52:31.248 [main] DEBUG com.jayway.jsonpath.internal.JsonContext -- Put path $ key modifiers value 0
12:52:31.248 [main] DEBUG com.jayway.jsonpath.internal.path.CompiledPath -- Evaluating path: $['type']
12:52:31.248 [main] DEBUG com.jayway.jsonpath.internal.path.CompiledPath -- Evaluating path: $
12:52:31.248 [main] DEBUG com.jayway.jsonpath.internal.path.CompiledPath -- Evaluating path: $
12:52:31.248 [main] DEBUG com.jayway.jsonpath.internal.JsonContext -- Put path $ key type value {}
12:52:31.248 [main] DEBUG com.jayway.jsonpath.internal.path.CompiledPath -- Evaluating path: $
12:52:31.248 [main] DEBUG com.jayway.jsonpath.internal.JsonContext -- Put path $ key type value rawKeyDown
12:52:31.248 [main] DEBUG com.jayway.jsonpath.internal.path.CompiledPath -- Evaluating path: $['text']
12:52:31.248 [main] DEBUG com.jayway.jsonpath.internal.path.CompiledPath -- Evaluating path: $
12:52:31.248 [main] DEBUG com.jayway.jsonpath.internal.path.CompiledPath -- Evaluating path: $
12:52:31.248 [main] DEBUG com.jayway.jsonpath.internal.JsonContext -- Put path $ key text value {}
12:52:31.248 [main] DEBUG com.jayway.jsonpath.internal.path.CompiledPath -- Evaluating path: $
12:52:31.248 [main] DEBUG com.jayway.jsonpath.internal.JsonContext -- Put path $ key text value d
12:52:31.248 [main] DEBUG com.jayway.jsonpath.internal.path.CompiledPath -- Evaluating path: $['windowsVirtualKeyCode']
12:52:31.248 [main] DEBUG com.jayway.jsonpath.internal.path.CompiledPath -- Evaluating path: $
12:52:31.248 [main] DEBUG com.jayway.jsonpath.internal.path.CompiledPath -- Evaluating path: $
12:52:31.248 [main] DEBUG com.jayway.jsonpath.internal.JsonContext -- Put path $ key windowsVirtualKeyCode value {}
12:52:31.248 [main] DEBUG com.jayway.jsonpath.internal.path.CompiledPath -- Evaluating path: $
12:52:31.248 [main] DEBUG com.jayway.jsonpath.internal.JsonContext -- Put path $ key windowsVirtualKeyCode value 100
12:52:31.248 [main] DEBUG com.jayway.jsonpath.internal.path.CompiledPath -- Evaluating path: $
12:52:31.248 [main] DEBUG com.intuit.karate.driver.chrome_1718781747070 -- >> {"id":31,"sessionId":"6E8AA30DD668A003F92C379996F3A942","method":"Input.dispatchKeyEvent","params":{"modifiers":0,"type":"rawKeyDown","text":"d","windowsVirtualKeyCode":100}}
12:52:31.248 [nioEventLoopGroup-9-1] DEBUG com.intuit.karate.driver.chrome_1718781747070 -- << {"id":31,"result":{},"sessionId":"6E8AA30DD668A003F92C379996F3A942"}
12:52:31.248 [nioEventLoopGroup-9-1] DEBUG com.jayway.jsonpath.internal.path.CompiledPath -- Evaluating path: $
12:52:31.248 [main] DEBUG com.jayway.jsonpath.internal.path.CompiledPath -- Evaluating path: $['modifiers']
12:52:31.248 [main] DEBUG com.jayway.jsonpath.internal.path.CompiledPath -- Evaluating path: $
12:52:31.248 [main] DEBUG com.jayway.jsonpath.internal.path.CompiledPath -- Evaluating path: $
12:52:31.248 [main] DEBUG com.jayway.jsonpath.internal.JsonContext -- Put path $ key modifiers value {}
12:52:31.248 [main] DEBUG com.jayway.jsonpath.internal.path.CompiledPath -- Evaluating path: $
12:52:31.248 [main] DEBUG com.jayway.jsonpath.internal.JsonContext -- Put path $ key modifiers value 0
12:52:31.248 [main] DEBUG com.jayway.jsonpath.internal.path.CompiledPath -- Evaluating path: $['type']
12:52:31.248 [main] DEBUG com.jayway.jsonpath.internal.path.CompiledPath -- Evaluating path: $
12:52:31.248 [main] DEBUG com.jayway.jsonpath.internal.path.CompiledPath -- Evaluating path: $
12:52:31.248 [main] DEBUG com.jayway.jsonpath.internal.JsonContext -- Put path $ key type value {}
12:52:31.248 [main] DEBUG com.jayway.jsonpath.internal.path.CompiledPath -- Evaluating path: $
12:52:31.248 [main] DEBUG com.jayway.jsonpath.internal.JsonContext -- Put path $ key type value char
12:52:31.248 [main] DEBUG com.jayway.jsonpath.internal.path.CompiledPath -- Evaluating path: $['text']
12:52:31.248 [main] DEBUG com.jayway.jsonpath.internal.path.CompiledPath -- Evaluating path: $
12:52:31.248 [main] DEBUG com.jayway.jsonpath.internal.path.CompiledPath -- Evaluating path: $
12:52:31.248 [main] DEBUG com.jayway.jsonpath.internal.JsonContext -- Put path $ key text value {}
12:52:31.248 [main] DEBUG com.jayway.jsonpath.internal.path.CompiledPath -- Evaluating path: $
12:52:31.248 [main] DEBUG com.jayway.jsonpath.internal.JsonContext -- Put path $ key text value d
12:52:31.248 [main] DEBUG com.jayway.jsonpath.internal.path.CompiledPath -- Evaluating path: $['windowsVirtualKeyCode']
12:52:31.248 [main] DEBUG com.jayway.jsonpath.internal.path.CompiledPath -- Evaluating path: $
12:52:31.248 [main] DEBUG com.jayway.jsonpath.internal.path.CompiledPath -- Evaluating path: $
12:52:31.248 [main] DEBUG com.jayway.jsonpath.internal.JsonContext -- Put path $ key windowsVirtualKeyCode value {}
12:52:31.248 [main] DEBUG com.jayway.jsonpath.internal.path.CompiledPath -- Evaluating path: $
12:52:31.248 [main] DEBUG com.jayway.jsonpath.internal.JsonContext -- Put path $ key windowsVirtualKeyCode value 100
12:52:31.248 [main] DEBUG com.jayway.jsonpath.internal.path.CompiledPath -- Evaluating path: $
12:52:31.248 [main] DEBUG com.intuit.karate.driver.chrome_1718781747070 -- >> {"id":32,"sessionId":"6E8AA30DD668A003F92C379996F3A942","method":"Input.dispatchKeyEvent","params":{"modifiers":0,"type":"char","text":"d","windowsVirtualKeyCode":100}}
12:52:31.248 [nioEventLoopGroup-9-1] DEBUG com.intuit.karate.driver.chrome_1718781747070 -- << {"id":32,"result":{},"sessionId":"6E8AA30DD668A003F92C379996F3A942"}
12:52:31.248 [nioEventLoopGroup-9-1] DEBUG com.jayway.jsonpath.internal.path.CompiledPath -- Evaluating path: $
12:52:31.248 [main] DEBUG com.jayway.jsonpath.internal.path.CompiledPath -- Evaluating path: $['modifiers']
12:52:31.248 [main] DEBUG com.jayway.jsonpath.internal.path.CompiledPath -- Evaluating path: $
12:52:31.248 [main] DEBUG com.jayway.jsonpath.internal.path.CompiledPath -- Evaluating path: $
12:52:31.248 [main] DEBUG com.jayway.jsonpath.internal.JsonContext -- Put path $ key modifiers value {}
12:52:31.248 [main] DEBUG com.jayway.jsonpath.internal.path.CompiledPath -- Evaluating path: $
12:52:31.248 [main] DEBUG com.jayway.jsonpath.internal.JsonContext -- Put path $ key modifiers value 0
12:52:31.248 [main] DEBUG com.jayway.jsonpath.internal.path.CompiledPath -- Evaluating path: $['type']
12:52:31.248 [main] DEBUG com.jayway.jsonpath.internal.path.CompiledPath -- Evaluating path: $
12:52:31.248 [main] DEBUG com.jayway.jsonpath.internal.path.CompiledPath -- Evaluating path: $
12:52:31.248 [main] DEBUG com.jayway.jsonpath.internal.JsonContext -- Put path $ key type value {}
12:52:31.248 [main] DEBUG com.jayway.jsonpath.internal.path.CompiledPath -- Evaluating path: $
12:52:31.248 [main] DEBUG com.jayway.jsonpath.internal.JsonContext -- Put path $ key type value keyUp
12:52:31.248 [main] DEBUG com.jayway.jsonpath.internal.path.CompiledPath -- Evaluating path: $['text']
12:52:31.248 [main] DEBUG com.jayway.jsonpath.internal.path.CompiledPath -- Evaluating path: $
12:52:31.248 [main] DEBUG com.jayway.jsonpath.internal.path.CompiledPath -- Evaluating path: $
12:52:31.248 [main] DEBUG com.jayway.jsonpath.internal.JsonContext -- Put path $ key text value {}
12:52:31.248 [main] DEBUG com.jayway.jsonpath.internal.path.CompiledPath -- Evaluating path: $
12:52:31.248 [main] DEBUG com.jayway.jsonpath.internal.JsonContext -- Put path $ key text value d
12:52:31.248 [main] DEBUG com.jayway.jsonpath.internal.path.CompiledPath -- Evaluating path: $['windowsVirtualKeyCode']
12:52:31.248 [main] DEBUG com.jayway.jsonpath.internal.path.CompiledPath -- Evaluating path: $
12:52:31.248 [main] DEBUG com.jayway.jsonpath.internal.path.CompiledPath -- Evaluating path: $
12:52:31.248 [main] DEBUG com.jayway.jsonpath.internal.JsonContext -- Put path $ key windowsVirtualKeyCode value {}
12:52:31.248 [main] DEBUG com.jayway.jsonpath.internal.path.CompiledPath -- Evaluating path: $
12:52:31.248 [main] DEBUG com.jayway.jsonpath.internal.JsonContext -- Put path $ key windowsVirtualKeyCode value 100
12:52:31.248 [main] DEBUG com.jayway.jsonpath.internal.path.CompiledPath -- Evaluating path: $
12:52:31.248 [main] DEBUG com.intuit.karate.driver.chrome_1718781747070 -- >> {"id":33,"sessionId":"6E8AA30DD668A003F92C379996F3A942","method":"Input.dispatchKeyEvent","params":{"modifiers":0,"type":"keyUp","text":"d","windowsVirtualKeyCode":100}}
12:52:31.248 [nioEventLoopGroup-9-1] DEBUG com.intuit.karate.driver.chrome_1718781747070 -- << {"id":33,"result":{},"sessionId":"6E8AA30DD668A003F92C379996F3A942"}
12:52:31.248 [nioEventLoopGroup-9-1] DEBUG com.jayway.jsonpath.internal.path.CompiledPath -- Evaluating path: $
12:52:31.248 [main] DEBUG com.jayway.jsonpath.internal.path.CompiledPath -- Evaluating path: $['modifiers']
12:52:31.248 [main] DEBUG com.jayway.jsonpath.internal.path.CompiledPath -- Evaluating path: $
12:52:31.248 [main] DEBUG com.jayway.jsonpath.internal.path.CompiledPath -- Evaluating path: $
12:52:31.248 [main] DEBUG com.jayway.jsonpath.internal.JsonContext -- Put path $ key modifiers value {}
12:52:31.248 [main] DEBUG com.jayway.jsonpath.internal.path.CompiledPath -- Evaluating path: $
12:52:31.248 [main] DEBUG com.jayway.jsonpath.internal.JsonContext -- Put path $ key modifiers value 0
12:52:31.248 [main] DEBUG com.jayway.jsonpath.internal.path.CompiledPath -- Evaluating path: $['type']
12:52:31.248 [main] DEBUG com.jayway.jsonpath.internal.path.CompiledPath -- Evaluating path: $
12:52:31.248 [main] DEBUG com.jayway.jsonpath.internal.path.CompiledPath -- Evaluating path: $
12:52:31.248 [main] DEBUG com.jayway.jsonpath.internal.JsonContext -- Put path $ key type value {}
12:52:31.248 [main] DEBUG com.jayway.jsonpath.internal.path.CompiledPath -- Evaluating path: $
12:52:31.248 [main] DEBUG com.jayway.jsonpath.internal.JsonContext -- Put path $ key type value rawKeyDown
12:52:31.248 [main] DEBUG com.jayway.jsonpath.internal.path.CompiledPath -- Evaluating path: $['text']
12:52:31.248 [main] DEBUG com.jayway.jsonpath.internal.path.CompiledPath -- Evaluating path: $
12:52:31.248 [main] DEBUG com.jayway.jsonpath.internal.path.CompiledPath -- Evaluating path: $
12:52:31.248 [main] DEBUG com.jayway.jsonpath.internal.JsonContext -- Put path $ key text value {}
12:52:31.248 [main] DEBUG com.jayway.jsonpath.internal.path.CompiledPath -- Evaluating path: $
12:52:31.248 [main] DEBUG com.jayway.jsonpath.internal.JsonContext -- Put path $ key text value _
12:52:31.248 [main] DEBUG com.jayway.jsonpath.internal.path.CompiledPath -- Evaluating path: $['windowsVirtualKeyCode']
12:52:31.248 [main] DEBUG com.jayway.jsonpath.internal.path.CompiledPath -- Evaluating path: $
12:52:31.248 [main] DEBUG com.jayway.jsonpath.internal.path.CompiledPath -- Evaluating path: $
12:52:31.248 [main] DEBUG com.jayway.jsonpath.internal.JsonContext -- Put path $ key windowsVirtualKeyCode value {}
12:52:31.248 [main] DEBUG com.jayway.jsonpath.internal.path.CompiledPath -- Evaluating path: $
12:52:31.248 [main] DEBUG com.jayway.jsonpath.internal.JsonContext -- Put path $ key windowsVirtualKeyCode value 523
12:52:31.248 [main] DEBUG com.jayway.jsonpath.internal.path.CompiledPath -- Evaluating path: $
12:52:31.248 [main] DEBUG com.intuit.karate.driver.chrome_1718781747070 -- >> {"id":34,"sessionId":"6E8AA30DD668A003F92C379996F3A942","method":"Input.dispatchKeyEvent","params":{"modifiers":0,"type":"rawKeyDown","text":"_","windowsVirtualKeyCode":523}}
12:52:31.248 [nioEventLoopGroup-9-1] DEBUG com.intuit.karate.driver.chrome_1718781747070 -- << {"id":34,"result":{},"sessionId":"6E8AA30DD668A003F92C379996F3A942"}
12:52:31.248 [nioEventLoopGroup-9-1] DEBUG com.jayway.jsonpath.internal.path.CompiledPath -- Evaluating path: $
12:52:31.248 [main] DEBUG com.jayway.jsonpath.internal.path.CompiledPath -- Evaluating path: $['modifiers']
12:52:31.248 [main] DEBUG com.jayway.jsonpath.internal.path.CompiledPath -- Evaluating path: $
12:52:31.248 [main] DEBUG com.jayway.jsonpath.internal.path.CompiledPath -- Evaluating path: $
12:52:31.248 [main] DEBUG com.jayway.jsonpath.internal.JsonContext -- Put path $ key modifiers value {}
12:52:31.248 [main] DEBUG com.jayway.jsonpath.internal.path.CompiledPath -- Evaluating path: $
12:52:31.248 [main] DEBUG com.jayway.jsonpath.internal.JsonContext -- Put path $ key modifiers value 0
12:52:31.248 [main] DEBUG com.jayway.jsonpath.internal.path.CompiledPath -- Evaluating path: $['type']
12:52:31.248 [main] DEBUG com.jayway.jsonpath.internal.path.CompiledPath -- Evaluating path: $
12:52:31.248 [main] DEBUG com.jayway.jsonpath.internal.path.CompiledPath -- Evaluating path: $
12:52:31.248 [main] DEBUG com.jayway.jsonpath.internal.JsonContext -- Put path $ key type value {}
12:52:31.248 [main] DEBUG com.jayway.jsonpath.internal.path.CompiledPath -- Evaluating path: $
12:52:31.248 [main] DEBUG com.jayway.jsonpath.internal.JsonContext -- Put path $ key type value char
12:52:31.248 [main] DEBUG com.jayway.jsonpath.internal.path.CompiledPath -- Evaluating path: $['text']
12:52:31.248 [main] DEBUG com.jayway.jsonpath.internal.path.CompiledPath -- Evaluating path: $
12:52:31.248 [main] DEBUG com.jayway.jsonpath.internal.path.CompiledPath -- Evaluating path: $
12:52:31.248 [main] DEBUG com.jayway.jsonpath.internal.JsonContext -- Put path $ key text value {}
12:52:31.248 [main] DEBUG com.jayway.jsonpath.internal.path.CompiledPath -- Evaluating path: $
12:52:31.248 [main] DEBUG com.jayway.jsonpath.internal.JsonContext -- Put path $ key text value _
12:52:31.248 [main] DEBUG com.jayway.jsonpath.internal.path.CompiledPath -- Evaluating path: $['windowsVirtualKeyCode']
12:52:31.248 [main] DEBUG com.jayway.jsonpath.internal.path.CompiledPath -- Evaluating path: $
12:52:31.248 [main] DEBUG com.jayway.jsonpath.internal.path.CompiledPath -- Evaluating path: $
12:52:31.248 [main] DEBUG com.jayway.jsonpath.internal.JsonContext -- Put path $ key windowsVirtualKeyCode value {}
12:52:31.248 [main] DEBUG com.jayway.jsonpath.internal.path.CompiledPath -- Evaluating path: $
12:52:31.248 [main] DEBUG com.jayway.jsonpath.internal.JsonContext -- Put path $ key windowsVirtualKeyCode value 523
12:52:31.248 [main] DEBUG com.jayway.jsonpath.internal.path.CompiledPath -- Evaluating path: $
12:52:31.248 [main] DEBUG com.intuit.karate.driver.chrome_1718781747070 -- >> {"id":35,"sessionId":"6E8AA30DD668A003F92C379996F3A942","method":"Input.dispatchKeyEvent","params":{"modifiers":0,"type":"char","text":"_","windowsVirtualKeyCode":523}}
12:52:31.262 [nioEventLoopGroup-9-1] DEBUG com.intuit.karate.driver.chrome_1718781747070 -- << {"id":35,"result":{},"sessionId":"6E8AA30DD668A003F92C379996F3A942"}
12:52:31.262 [nioEventLoopGroup-9-1] DEBUG com.jayway.jsonpath.internal.path.CompiledPath -- Evaluating path: $
12:52:31.262 [main] DEBUG com.jayway.jsonpath.internal.path.CompiledPath -- Evaluating path: $['modifiers']
12:52:31.262 [main] DEBUG com.jayway.jsonpath.internal.path.CompiledPath -- Evaluating path: $
12:52:31.262 [main] DEBUG com.jayway.jsonpath.internal.path.CompiledPath -- Evaluating path: $
12:52:31.262 [main] DEBUG com.jayway.jsonpath.internal.JsonContext -- Put path $ key modifiers value {}
12:52:31.262 [main] DEBUG com.jayway.jsonpath.internal.path.CompiledPath -- Evaluating path: $
12:52:31.262 [main] DEBUG com.jayway.jsonpath.internal.JsonContext -- Put path $ key modifiers value 0
12:52:31.262 [main] DEBUG com.jayway.jsonpath.internal.path.CompiledPath -- Evaluating path: $['type']
12:52:31.262 [main] DEBUG com.jayway.jsonpath.internal.path.CompiledPath -- Evaluating path: $
12:52:31.262 [main] DEBUG com.jayway.jsonpath.internal.path.CompiledPath -- Evaluating path: $
12:52:31.262 [main] DEBUG com.jayway.jsonpath.internal.JsonContext -- Put path $ key type value {}
12:52:31.262 [main] DEBUG com.jayway.jsonpath.internal.path.CompiledPath -- Evaluating path: $
12:52:31.262 [main] DEBUG com.jayway.jsonpath.internal.JsonContext -- Put path $ key type value keyUp
12:52:31.262 [main] DEBUG com.jayway.jsonpath.internal.path.CompiledPath -- Evaluating path: $['text']
12:52:31.262 [main] DEBUG com.jayway.jsonpath.internal.path.CompiledPath -- Evaluating path: $
12:52:31.262 [main] DEBUG com.jayway.jsonpath.internal.path.CompiledPath -- Evaluating path: $
12:52:31.262 [main] DEBUG com.jayway.jsonpath.internal.JsonContext -- Put path $ key text value {}
12:52:31.262 [main] DEBUG com.jayway.jsonpath.internal.path.CompiledPath -- Evaluating path: $
12:52:31.262 [main] DEBUG com.jayway.jsonpath.internal.JsonContext -- Put path $ key text value _
12:52:31.262 [main] DEBUG com.jayway.jsonpath.internal.path.CompiledPath -- Evaluating path: $['windowsVirtualKeyCode']
12:52:31.262 [main] DEBUG com.jayway.jsonpath.internal.path.CompiledPath -- Evaluating path: $
12:52:31.262 [main] DEBUG com.jayway.jsonpath.internal.path.CompiledPath -- Evaluating path: $
12:52:31.262 [main] DEBUG com.jayway.jsonpath.internal.JsonContext -- Put path $ key windowsVirtualKeyCode value {}
12:52:31.262 [main] DEBUG com.jayway.jsonpath.internal.path.CompiledPath -- Evaluating path: $
12:52:31.262 [main] DEBUG com.jayway.jsonpath.internal.JsonContext -- Put path $ key windowsVirtualKeyCode value 523
12:52:31.262 [main] DEBUG com.jayway.jsonpath.internal.path.CompiledPath -- Evaluating path: $
12:52:31.262 [main] DEBUG com.intuit.karate.driver.chrome_1718781747070 -- >> {"id":36,"sessionId":"6E8AA30DD668A003F92C379996F3A942","method":"Input.dispatchKeyEvent","params":{"modifiers":0,"type":"keyUp","text":"_","windowsVirtualKeyCode":523}}
12:52:31.267 [nioEventLoopGroup-9-1] DEBUG com.intuit.karate.driver.chrome_1718781747070 -- << {"id":36,"result":{},"sessionId":"6E8AA30DD668A003F92C379996F3A942"}
12:52:31.267 [nioEventLoopGroup-9-1] DEBUG com.jayway.jsonpath.internal.path.CompiledPath -- Evaluating path: $
12:52:31.267 [main] DEBUG com.jayway.jsonpath.internal.path.CompiledPath -- Evaluating path: $['modifiers']
12:52:31.267 [main] DEBUG com.jayway.jsonpath.internal.path.CompiledPath -- Evaluating path: $
12:52:31.267 [main] DEBUG com.jayway.jsonpath.internal.path.CompiledPath -- Evaluating path: $
12:52:31.267 [main] DEBUG com.jayway.jsonpath.internal.JsonContext -- Put path $ key modifiers value {}
12:52:31.267 [main] DEBUG com.jayway.jsonpath.internal.path.CompiledPath -- Evaluating path: $
12:52:31.267 [main] DEBUG com.jayway.jsonpath.internal.JsonContext -- Put path $ key modifiers value 0
12:52:31.267 [main] DEBUG com.jayway.jsonpath.internal.path.CompiledPath -- Evaluating path: $['type']
12:52:31.267 [main] DEBUG com.jayway.jsonpath.internal.path.CompiledPath -- Evaluating path: $
12:52:31.267 [main] DEBUG com.jayway.jsonpath.internal.path.CompiledPath -- Evaluating path: $
12:52:31.267 [main] DEBUG com.jayway.jsonpath.internal.JsonContext -- Put path $ key type value {}
12:52:31.267 [main] DEBUG com.jayway.jsonpath.internal.path.CompiledPath -- Evaluating path: $
12:52:31.267 [main] DEBUG com.jayway.jsonpath.internal.JsonContext -- Put path $ key type value rawKeyDown
12:52:31.267 [main] DEBUG com.jayway.jsonpath.internal.path.CompiledPath -- Evaluating path: $['text']
12:52:31.267 [main] DEBUG com.jayway.jsonpath.internal.path.CompiledPath -- Evaluating path: $
12:52:31.267 [main] DEBUG com.jayway.jsonpath.internal.path.CompiledPath -- Evaluating path: $
12:52:31.267 [main] DEBUG com.jayway.jsonpath.internal.JsonContext -- Put path $ key text value {}
12:52:31.267 [main] DEBUG com.jayway.jsonpath.internal.path.CompiledPath -- Evaluating path: $
12:52:31.267 [main] DEBUG com.jayway.jsonpath.internal.JsonContext -- Put path $ key text value i
12:52:31.267 [main] DEBUG com.jayway.jsonpath.internal.path.CompiledPath -- Evaluating path: $['windowsVirtualKeyCode']
12:52:31.267 [main] DEBUG com.jayway.jsonpath.internal.path.CompiledPath -- Evaluating path: $
12:52:31.267 [main] DEBUG com.jayway.jsonpath.internal.path.CompiledPath -- Evaluating path: $
12:52:31.267 [main] DEBUG com.jayway.jsonpath.internal.JsonContext -- Put path $ key windowsVirtualKeyCode value {}
12:52:31.267 [main] DEBUG com.jayway.jsonpath.internal.path.CompiledPath -- Evaluating path: $
12:52:31.267 [main] DEBUG com.jayway.jsonpath.internal.JsonContext -- Put path $ key windowsVirtualKeyCode value 105
12:52:31.267 [main] DEBUG com.jayway.jsonpath.internal.path.CompiledPath -- Evaluating path: $
12:52:31.267 [main] DEBUG com.intuit.karate.driver.chrome_1718781747070 -- >> {"id":37,"sessionId":"6E8AA30DD668A003F92C379996F3A942","method":"Input.dispatchKeyEvent","params":{"modifiers":0,"type":"rawKeyDown","text":"i","windowsVirtualKeyCode":105}}
12:52:31.267 [nioEventLoopGroup-9-1] DEBUG com.intuit.karate.driver.chrome_1718781747070 -- << {"id":37,"result":{},"sessionId":"6E8AA30DD668A003F92C379996F3A942"}
12:52:31.267 [nioEventLoopGroup-9-1] DEBUG com.jayway.jsonpath.internal.path.CompiledPath -- Evaluating path: $
12:52:31.267 [main] DEBUG com.jayway.jsonpath.internal.path.CompiledPath -- Evaluating path: $['modifiers']
12:52:31.267 [main] DEBUG com.jayway.jsonpath.internal.path.CompiledPath -- Evaluating path: $
12:52:31.267 [main] DEBUG com.jayway.jsonpath.internal.path.CompiledPath -- Evaluating path: $
12:52:31.267 [main] DEBUG com.jayway.jsonpath.internal.JsonContext -- Put path $ key modifiers value {}
12:52:31.267 [main] DEBUG com.jayway.jsonpath.internal.path.CompiledPath -- Evaluating path: $
12:52:31.267 [main] DEBUG com.jayway.jsonpath.internal.JsonContext -- Put path $ key modifiers value 0
12:52:31.267 [main] DEBUG com.jayway.jsonpath.internal.path.CompiledPath -- Evaluating path: $['type']
12:52:31.267 [main] DEBUG com.jayway.jsonpath.internal.path.CompiledPath -- Evaluating path: $
12:52:31.267 [main] DEBUG com.jayway.jsonpath.internal.path.CompiledPath -- Evaluating path: $
12:52:31.267 [main] DEBUG com.jayway.jsonpath.internal.JsonContext -- Put path $ key type value {}
12:52:31.267 [main] DEBUG com.jayway.jsonpath.internal.path.CompiledPath -- Evaluating path: $
12:52:31.267 [main] DEBUG com.jayway.jsonpath.internal.JsonContext -- Put path $ key type value char
12:52:31.267 [main] DEBUG com.jayway.jsonpath.internal.path.CompiledPath -- Evaluating path: $['text']
12:52:31.267 [main] DEBUG com.jayway.jsonpath.internal.path.CompiledPath -- Evaluating path: $
12:52:31.267 [main] DEBUG com.jayway.jsonpath.internal.path.CompiledPath -- Evaluating path: $
12:52:31.267 [main] DEBUG com.jayway.jsonpath.internal.JsonContext -- Put path $ key text value {}
12:52:31.267 [main] DEBUG com.jayway.jsonpath.internal.path.CompiledPath -- Evaluating path: $
12:52:31.267 [main] DEBUG com.jayway.jsonpath.internal.JsonContext -- Put path $ key text value i
12:52:31.267 [main] DEBUG com.jayway.jsonpath.internal.path.CompiledPath -- Evaluating path: $['windowsVirtualKeyCode']
12:52:31.267 [main] DEBUG com.jayway.jsonpath.internal.path.CompiledPath -- Evaluating path: $
12:52:31.267 [main] DEBUG com.jayway.jsonpath.internal.path.CompiledPath -- Evaluating path: $
12:52:31.267 [main] DEBUG com.jayway.jsonpath.internal.JsonContext -- Put path $ key windowsVirtualKeyCode value {}
12:52:31.267 [main] DEBUG com.jayway.jsonpath.internal.path.CompiledPath -- Evaluating path: $
12:52:31.267 [main] DEBUG com.jayway.jsonpath.internal.JsonContext -- Put path $ key windowsVirtualKeyCode value 105
12:52:31.267 [main] DEBUG com.jayway.jsonpath.internal.path.CompiledPath -- Evaluating path: $
12:52:31.267 [main] DEBUG com.intuit.karate.driver.chrome_1718781747070 -- >> {"id":38,"sessionId":"6E8AA30DD668A003F92C379996F3A942","method":"Input.dispatchKeyEvent","params":{"modifiers":0,"type":"char","text":"i","windowsVirtualKeyCode":105}}
12:52:31.267 [nioEventLoopGroup-9-1] DEBUG com.intuit.karate.driver.chrome_1718781747070 -- << {"id":38,"result":{},"sessionId":"6E8AA30DD668A003F92C379996F3A942"}
12:52:31.267 [nioEventLoopGroup-9-1] DEBUG com.jayway.jsonpath.internal.path.CompiledPath -- Evaluating path: $
12:52:31.267 [main] DEBUG com.jayway.jsonpath.internal.path.CompiledPath -- Evaluating path: $['modifiers']
12:52:31.267 [main] DEBUG com.jayway.jsonpath.internal.path.CompiledPath -- Evaluating path: $
12:52:31.267 [main] DEBUG com.jayway.jsonpath.internal.path.CompiledPath -- Evaluating path: $
12:52:31.267 [main] DEBUG com.jayway.jsonpath.internal.JsonContext -- Put path $ key modifiers value {}
12:52:31.267 [main] DEBUG com.jayway.jsonpath.internal.path.CompiledPath -- Evaluating path: $
12:52:31.267 [main] DEBUG com.jayway.jsonpath.internal.JsonContext -- Put path $ key modifiers value 0
12:52:31.267 [main] DEBUG com.jayway.jsonpath.internal.path.CompiledPath -- Evaluating path: $['type']
12:52:31.267 [main] DEBUG com.jayway.jsonpath.internal.path.CompiledPath -- Evaluating path: $
12:52:31.267 [main] DEBUG com.jayway.jsonpath.internal.path.CompiledPath -- Evaluating path: $
12:52:31.267 [main] DEBUG com.jayway.jsonpath.internal.JsonContext -- Put path $ key type value {}
12:52:31.267 [main] DEBUG com.jayway.jsonpath.internal.path.CompiledPath -- Evaluating path: $
12:52:31.267 [main] DEBUG com.jayway.jsonpath.internal.JsonContext -- Put path $ key type value keyUp
12:52:31.267 [main] DEBUG com.jayway.jsonpath.internal.path.CompiledPath -- Evaluating path: $['text']
12:52:31.267 [main] DEBUG com.jayway.jsonpath.internal.path.CompiledPath -- Evaluating path: $
12:52:31.267 [main] DEBUG com.jayway.jsonpath.internal.path.CompiledPath -- Evaluating path: $
12:52:31.267 [main] DEBUG com.jayway.jsonpath.internal.JsonContext -- Put path $ key text value {}
12:52:31.267 [main] DEBUG com.jayway.jsonpath.internal.path.CompiledPath -- Evaluating path: $
12:52:31.267 [main] DEBUG com.jayway.jsonpath.internal.JsonContext -- Put path $ key text value i
12:52:31.267 [main] DEBUG com.jayway.jsonpath.internal.path.CompiledPath -- Evaluating path: $['windowsVirtualKeyCode']
12:52:31.267 [main] DEBUG com.jayway.jsonpath.internal.path.CompiledPath -- Evaluating path: $
12:52:31.267 [main] DEBUG com.jayway.jsonpath.internal.path.CompiledPath -- Evaluating path: $
12:52:31.267 [main] DEBUG com.jayway.jsonpath.internal.JsonContext -- Put path $ key windowsVirtualKeyCode value {}
12:52:31.267 [main] DEBUG com.jayway.jsonpath.internal.path.CompiledPath -- Evaluating path: $
12:52:31.267 [main] DEBUG com.jayway.jsonpath.internal.JsonContext -- Put path $ key windowsVirtualKeyCode value 105
12:52:31.267 [main] DEBUG com.jayway.jsonpath.internal.path.CompiledPath -- Evaluating path: $
12:52:31.267 [main] DEBUG com.intuit.karate.driver.chrome_1718781747070 -- >> {"id":39,"sessionId":"6E8AA30DD668A003F92C379996F3A942","method":"Input.dispatchKeyEvent","params":{"modifiers":0,"type":"keyUp","text":"i","windowsVirtualKeyCode":105}}
12:52:31.267 [nioEventLoopGroup-9-1] DEBUG com.intuit.karate.driver.chrome_1718781747070 -- << {"id":39,"result":{},"sessionId":"6E8AA30DD668A003F92C379996F3A942"}
12:52:31.267 [nioEventLoopGroup-9-1] DEBUG com.jayway.jsonpath.internal.path.CompiledPath -- Evaluating path: $
12:52:31.267 [main] DEBUG com.jayway.jsonpath.internal.path.CompiledPath -- Evaluating path: $['modifiers']
12:52:31.278 [main] DEBUG com.jayway.jsonpath.internal.path.CompiledPath -- Evaluating path: $
12:52:31.278 [main] DEBUG com.jayway.jsonpath.internal.path.CompiledPath -- Evaluating path: $
12:52:31.278 [main] DEBUG com.jayway.jsonpath.internal.JsonContext -- Put path $ key modifiers value {}
12:52:31.278 [main] DEBUG com.jayway.jsonpath.internal.path.CompiledPath -- Evaluating path: $
12:52:31.278 [main] DEBUG com.jayway.jsonpath.internal.JsonContext -- Put path $ key modifiers value 0
12:52:31.278 [main] DEBUG com.jayway.jsonpath.internal.path.CompiledPath -- Evaluating path: $['type']
12:52:31.278 [main] DEBUG com.jayway.jsonpath.internal.path.CompiledPath -- Evaluating path: $
12:52:31.278 [main] DEBUG com.jayway.jsonpath.internal.path.CompiledPath -- Evaluating path: $
12:52:31.278 [main] DEBUG com.jayway.jsonpath.internal.JsonContext -- Put path $ key type value {}
12:52:31.278 [main] DEBUG com.jayway.jsonpath.internal.path.CompiledPath -- Evaluating path: $
12:52:31.278 [main] DEBUG com.jayway.jsonpath.internal.JsonContext -- Put path $ key type value rawKeyDown
12:52:31.278 [main] DEBUG com.jayway.jsonpath.internal.path.CompiledPath -- Evaluating path: $['text']
12:52:31.278 [main] DEBUG com.jayway.jsonpath.internal.path.CompiledPath -- Evaluating path: $
12:52:31.278 [main] DEBUG com.jayway.jsonpath.internal.path.CompiledPath -- Evaluating path: $
12:52:31.278 [main] DEBUG com.jayway.jsonpath.internal.JsonContext -- Put path $ key text value {}
12:52:31.278 [main] DEBUG com.jayway.jsonpath.internal.path.CompiledPath -- Evaluating path: $
12:52:31.278 [main] DEBUG com.jayway.jsonpath.internal.JsonContext -- Put path $ key text value n
12:52:31.278 [main] DEBUG com.jayway.jsonpath.internal.path.CompiledPath -- Evaluating path: $['windowsVirtualKeyCode']
12:52:31.278 [main] DEBUG com.jayway.jsonpath.internal.path.CompiledPath -- Evaluating path: $
12:52:31.278 [main] DEBUG com.jayway.jsonpath.internal.path.CompiledPath -- Evaluating path: $
12:52:31.278 [main] DEBUG com.jayway.jsonpath.internal.JsonContext -- Put path $ key windowsVirtualKeyCode value {}
12:52:31.278 [main] DEBUG com.jayway.jsonpath.internal.path.CompiledPath -- Evaluating path: $
12:52:31.278 [main] DEBUG com.jayway.jsonpath.internal.JsonContext -- Put path $ key windowsVirtualKeyCode value 110
12:52:31.278 [main] DEBUG com.jayway.jsonpath.internal.path.CompiledPath -- Evaluating path: $
12:52:31.278 [main] DEBUG com.intuit.karate.driver.chrome_1718781747070 -- >> {"id":40,"sessionId":"6E8AA30DD668A003F92C379996F3A942","method":"Input.dispatchKeyEvent","params":{"modifiers":0,"type":"rawKeyDown","text":"n","windowsVirtualKeyCode":110}}
12:52:31.281 [nioEventLoopGroup-9-1] DEBUG com.intuit.karate.driver.chrome_1718781747070 -- << {"id":40,"result":{},"sessionId":"6E8AA30DD668A003F92C379996F3A942"}
12:52:31.281 [nioEventLoopGroup-9-1] DEBUG com.jayway.jsonpath.internal.path.CompiledPath -- Evaluating path: $
12:52:31.281 [main] DEBUG com.jayway.jsonpath.internal.path.CompiledPath -- Evaluating path: $['modifiers']
12:52:31.281 [main] DEBUG com.jayway.jsonpath.internal.path.CompiledPath -- Evaluating path: $
12:52:31.281 [main] DEBUG com.jayway.jsonpath.internal.path.CompiledPath -- Evaluating path: $
12:52:31.281 [main] DEBUG com.jayway.jsonpath.internal.JsonContext -- Put path $ key modifiers value {}
12:52:31.281 [main] DEBUG com.jayway.jsonpath.internal.path.CompiledPath -- Evaluating path: $
12:52:31.281 [main] DEBUG com.jayway.jsonpath.internal.JsonContext -- Put path $ key modifiers value 0
12:52:31.281 [main] DEBUG com.jayway.jsonpath.internal.path.CompiledPath -- Evaluating path: $['type']
12:52:31.281 [main] DEBUG com.jayway.jsonpath.internal.path.CompiledPath -- Evaluating path: $
12:52:31.281 [main] DEBUG com.jayway.jsonpath.internal.path.CompiledPath -- Evaluating path: $
12:52:31.281 [main] DEBUG com.jayway.jsonpath.internal.JsonContext -- Put path $ key type value {}
12:52:31.281 [main] DEBUG com.jayway.jsonpath.internal.path.CompiledPath -- Evaluating path: $
12:52:31.281 [main] DEBUG com.jayway.jsonpath.internal.JsonContext -- Put path $ key type value char
12:52:31.281 [main] DEBUG com.jayway.jsonpath.internal.path.CompiledPath -- Evaluating path: $['text']
12:52:31.281 [main] DEBUG com.jayway.jsonpath.internal.path.CompiledPath -- Evaluating path: $
12:52:31.281 [main] DEBUG com.jayway.jsonpath.internal.path.CompiledPath -- Evaluating path: $
12:52:31.281 [main] DEBUG com.jayway.jsonpath.internal.JsonContext -- Put path $ key text value {}
12:52:31.281 [main] DEBUG com.jayway.jsonpath.internal.path.CompiledPath -- Evaluating path: $
12:52:31.281 [main] DEBUG com.jayway.jsonpath.internal.JsonContext -- Put path $ key text value n
12:52:31.281 [main] DEBUG com.jayway.jsonpath.internal.path.CompiledPath -- Evaluating path: $['windowsVirtualKeyCode']
12:52:31.281 [main] DEBUG com.jayway.jsonpath.internal.path.CompiledPath -- Evaluating path: $
12:52:31.281 [main] DEBUG com.jayway.jsonpath.internal.path.CompiledPath -- Evaluating path: $
12:52:31.281 [main] DEBUG com.jayway.jsonpath.internal.JsonContext -- Put path $ key windowsVirtualKeyCode value {}
12:52:31.281 [main] DEBUG com.jayway.jsonpath.internal.path.CompiledPath -- Evaluating path: $
12:52:31.281 [main] DEBUG com.jayway.jsonpath.internal.JsonContext -- Put path $ key windowsVirtualKeyCode value 110
12:52:31.281 [main] DEBUG com.jayway.jsonpath.internal.path.CompiledPath -- Evaluating path: $
12:52:31.281 [main] DEBUG com.intuit.karate.driver.chrome_1718781747070 -- >> {"id":41,"sessionId":"6E8AA30DD668A003F92C379996F3A942","method":"Input.dispatchKeyEvent","params":{"modifiers":0,"type":"char","text":"n","windowsVirtualKeyCode":110}}
12:52:31.281 [nioEventLoopGroup-9-1] DEBUG com.intuit.karate.driver.chrome_1718781747070 -- << {"id":41,"result":{},"sessionId":"6E8AA30DD668A003F92C379996F3A942"}
12:52:31.281 [nioEventLoopGroup-9-1] DEBUG com.jayway.jsonpath.internal.path.CompiledPath -- Evaluating path: $
12:52:31.281 [main] DEBUG com.jayway.jsonpath.internal.path.CompiledPath -- Evaluating path: $['modifiers']
12:52:31.281 [main] DEBUG com.jayway.jsonpath.internal.path.CompiledPath -- Evaluating path: $
12:52:31.281 [main] DEBUG com.jayway.jsonpath.internal.path.CompiledPath -- Evaluating path: $
12:52:31.281 [main] DEBUG com.jayway.jsonpath.internal.JsonContext -- Put path $ key modifiers value {}
12:52:31.281 [main] DEBUG com.jayway.jsonpath.internal.path.CompiledPath -- Evaluating path: $
12:52:31.281 [main] DEBUG com.jayway.jsonpath.internal.JsonContext -- Put path $ key modifiers value 0
12:52:31.281 [main] DEBUG com.jayway.jsonpath.internal.path.CompiledPath -- Evaluating path: $['type']
12:52:31.281 [main] DEBUG com.jayway.jsonpath.internal.path.CompiledPath -- Evaluating path: $
12:52:31.281 [main] DEBUG com.jayway.jsonpath.internal.path.CompiledPath -- Evaluating path: $
12:52:31.281 [main] DEBUG com.jayway.jsonpath.internal.JsonContext -- Put path $ key type value {}
12:52:31.281 [main] DEBUG com.jayway.jsonpath.internal.path.CompiledPath -- Evaluating path: $
12:52:31.281 [main] DEBUG com.jayway.jsonpath.internal.JsonContext -- Put path $ key type value keyUp
12:52:31.281 [main] DEBUG com.jayway.jsonpath.internal.path.CompiledPath -- Evaluating path: $['text']
12:52:31.281 [main] DEBUG com.jayway.jsonpath.internal.path.CompiledPath -- Evaluating path: $
12:52:31.281 [main] DEBUG com.jayway.jsonpath.internal.path.CompiledPath -- Evaluating path: $
12:52:31.281 [main] DEBUG com.jayway.jsonpath.internal.JsonContext -- Put path $ key text value {}
12:52:31.281 [main] DEBUG com.jayway.jsonpath.internal.path.CompiledPath -- Evaluating path: $
12:52:31.281 [main] DEBUG com.jayway.jsonpath.internal.JsonContext -- Put path $ key text value n
12:52:31.281 [main] DEBUG com.jayway.jsonpath.internal.path.CompiledPath -- Evaluating path: $['windowsVirtualKeyCode']
12:52:31.281 [main] DEBUG com.jayway.jsonpath.internal.path.CompiledPath -- Evaluating path: $
12:52:31.281 [main] DEBUG com.jayway.jsonpath.internal.path.CompiledPath -- Evaluating path: $
12:52:31.281 [main] DEBUG com.jayway.jsonpath.internal.JsonContext -- Put path $ key windowsVirtualKeyCode value {}
12:52:31.281 [main] DEBUG com.jayway.jsonpath.internal.path.CompiledPath -- Evaluating path: $
12:52:31.281 [main] DEBUG com.jayway.jsonpath.internal.JsonContext -- Put path $ key windowsVirtualKeyCode value 110
12:52:31.281 [main] DEBUG com.jayway.jsonpath.internal.path.CompiledPath -- Evaluating path: $
12:52:31.281 [main] DEBUG com.intuit.karate.driver.chrome_1718781747070 -- >> {"id":42,"sessionId":"6E8AA30DD668A003F92C379996F3A942","method":"Input.dispatchKeyEvent","params":{"modifiers":0,"type":"keyUp","text":"n","windowsVirtualKeyCode":110}}
12:52:31.281 [nioEventLoopGroup-9-1] DEBUG com.intuit.karate.driver.chrome_1718781747070 -- << {"id":42,"result":{},"sessionId":"6E8AA30DD668A003F92C379996F3A942"}
12:52:31.281 [nioEventLoopGroup-9-1] DEBUG com.jayway.jsonpath.internal.path.CompiledPath -- Evaluating path: $
12:52:31.281 [main] DEBUG com.jayway.jsonpath.internal.path.CompiledPath -- Evaluating path: $['modifiers']
12:52:31.281 [main] DEBUG com.jayway.jsonpath.internal.path.CompiledPath -- Evaluating path: $
12:52:31.281 [main] DEBUG com.jayway.jsonpath.internal.path.CompiledPath -- Evaluating path: $
12:52:31.281 [main] DEBUG com.jayway.jsonpath.internal.JsonContext -- Put path $ key modifiers value {}
12:52:31.281 [main] DEBUG com.jayway.jsonpath.internal.path.CompiledPath -- Evaluating path: $
12:52:31.281 [main] DEBUG com.jayway.jsonpath.internal.JsonContext -- Put path $ key modifiers value 0
12:52:31.281 [main] DEBUG com.jayway.jsonpath.internal.path.CompiledPath -- Evaluating path: $['type']
12:52:31.281 [main] DEBUG com.jayway.jsonpath.internal.path.CompiledPath -- Evaluating path: $
12:52:31.281 [main] DEBUG com.jayway.jsonpath.internal.path.CompiledPath -- Evaluating path: $
12:52:31.281 [main] DEBUG com.jayway.jsonpath.internal.JsonContext -- Put path $ key type value {}
12:52:31.281 [main] DEBUG com.jayway.jsonpath.internal.path.CompiledPath -- Evaluating path: $
12:52:31.281 [main] DEBUG com.jayway.jsonpath.internal.JsonContext -- Put path $ key type value rawKeyDown
12:52:31.281 [main] DEBUG com.jayway.jsonpath.internal.path.CompiledPath -- Evaluating path: $['text']
12:52:31.281 [main] DEBUG com.jayway.jsonpath.internal.path.CompiledPath -- Evaluating path: $
12:52:31.281 [main] DEBUG com.jayway.jsonpath.internal.path.CompiledPath -- Evaluating path: $
12:52:31.281 [main] DEBUG com.jayway.jsonpath.internal.JsonContext -- Put path $ key text value {}
12:52:31.281 [main] DEBUG com.jayway.jsonpath.internal.path.CompiledPath -- Evaluating path: $
12:52:31.281 [main] DEBUG com.jayway.jsonpath.internal.JsonContext -- Put path $ key text value v
12:52:31.281 [main] DEBUG com.jayway.jsonpath.internal.path.CompiledPath -- Evaluating path: $['windowsVirtualKeyCode']
12:52:31.281 [main] DEBUG com.jayway.jsonpath.internal.path.CompiledPath -- Evaluating path: $
12:52:31.281 [main] DEBUG com.jayway.jsonpath.internal.path.CompiledPath -- Evaluating path: $
12:52:31.281 [main] DEBUG com.jayway.jsonpath.internal.JsonContext -- Put path $ key windowsVirtualKeyCode value {}
12:52:31.281 [main] DEBUG com.jayway.jsonpath.internal.path.CompiledPath -- Evaluating path: $
12:52:31.281 [main] DEBUG com.jayway.jsonpath.internal.JsonContext -- Put path $ key windowsVirtualKeyCode value 118
12:52:31.281 [main] DEBUG com.jayway.jsonpath.internal.path.CompiledPath -- Evaluating path: $
12:52:31.281 [main] DEBUG com.intuit.karate.driver.chrome_1718781747070 -- >> {"id":43,"sessionId":"6E8AA30DD668A003F92C379996F3A942","method":"Input.dispatchKeyEvent","params":{"modifiers":0,"type":"rawKeyDown","text":"v","windowsVirtualKeyCode":118}}
12:52:31.281 [nioEventLoopGroup-9-1] DEBUG com.intuit.karate.driver.chrome_1718781747070 -- << {"id":43,"result":{},"sessionId":"6E8AA30DD668A003F92C379996F3A942"}
12:52:31.281 [nioEventLoopGroup-9-1] DEBUG com.jayway.jsonpath.internal.path.CompiledPath -- Evaluating path: $
12:52:31.281 [main] DEBUG com.jayway.jsonpath.internal.path.CompiledPath -- Evaluating path: $['modifiers']
12:52:31.281 [main] DEBUG com.jayway.jsonpath.internal.path.CompiledPath -- Evaluating path: $
12:52:31.281 [main] DEBUG com.jayway.jsonpath.internal.path.CompiledPath -- Evaluating path: $
12:52:31.281 [main] DEBUG com.jayway.jsonpath.internal.JsonContext -- Put path $ key modifiers value {}
12:52:31.281 [main] DEBUG com.jayway.jsonpath.internal.path.CompiledPath -- Evaluating path: $
12:52:31.281 [main] DEBUG com.jayway.jsonpath.internal.JsonContext -- Put path $ key modifiers value 0
12:52:31.281 [main] DEBUG com.jayway.jsonpath.internal.path.CompiledPath -- Evaluating path: $['type']
12:52:31.281 [main] DEBUG com.jayway.jsonpath.internal.path.CompiledPath -- Evaluating path: $
12:52:31.281 [main] DEBUG com.jayway.jsonpath.internal.path.CompiledPath -- Evaluating path: $
12:52:31.281 [main] DEBUG com.jayway.jsonpath.internal.JsonContext -- Put path $ key type value {}
12:52:31.281 [main] DEBUG com.jayway.jsonpath.internal.path.CompiledPath -- Evaluating path: $
12:52:31.281 [main] DEBUG com.jayway.jsonpath.internal.JsonContext -- Put path $ key type value char
12:52:31.281 [main] DEBUG com.jayway.jsonpath.internal.path.CompiledPath -- Evaluating path: $['text']
12:52:31.281 [main] DEBUG com.jayway.jsonpath.internal.path.CompiledPath -- Evaluating path: $
12:52:31.281 [main] DEBUG com.jayway.jsonpath.internal.path.CompiledPath -- Evaluating path: $
12:52:31.281 [main] DEBUG com.jayway.jsonpath.internal.JsonContext -- Put path $ key text value {}
12:52:31.281 [main] DEBUG com.jayway.jsonpath.internal.path.CompiledPath -- Evaluating path: $
12:52:31.281 [main] DEBUG com.jayway.jsonpath.internal.JsonContext -- Put path $ key text value v
12:52:31.281 [main] DEBUG com.jayway.jsonpath.internal.path.CompiledPath -- Evaluating path: $['windowsVirtualKeyCode']
12:52:31.281 [main] DEBUG com.jayway.jsonpath.internal.path.CompiledPath -- Evaluating path: $
12:52:31.281 [main] DEBUG com.jayway.jsonpath.internal.path.CompiledPath -- Evaluating path: $
12:52:31.281 [main] DEBUG com.jayway.jsonpath.internal.JsonContext -- Put path $ key windowsVirtualKeyCode value {}
12:52:31.281 [main] DEBUG com.jayway.jsonpath.internal.path.CompiledPath -- Evaluating path: $
12:52:31.281 [main] DEBUG com.jayway.jsonpath.internal.JsonContext -- Put path $ key windowsVirtualKeyCode value 118
12:52:31.281 [main] DEBUG com.jayway.jsonpath.internal.path.CompiledPath -- Evaluating path: $
12:52:31.281 [main] DEBUG com.intuit.karate.driver.chrome_1718781747070 -- >> {"id":44,"sessionId":"6E8AA30DD668A003F92C379996F3A942","method":"Input.dispatchKeyEvent","params":{"modifiers":0,"type":"char","text":"v","windowsVirtualKeyCode":118}}
12:52:31.298 [nioEventLoopGroup-9-1] DEBUG com.intuit.karate.driver.chrome_1718781747070 -- << {"id":44,"result":{},"sessionId":"6E8AA30DD668A003F92C379996F3A942"}
12:52:31.299 [nioEventLoopGroup-9-1] DEBUG com.jayway.jsonpath.internal.path.CompiledPath -- Evaluating path: $
12:52:31.299 [main] DEBUG com.jayway.jsonpath.internal.path.CompiledPath -- Evaluating path: $['modifiers']
12:52:31.299 [main] DEBUG com.jayway.jsonpath.internal.path.CompiledPath -- Evaluating path: $
12:52:31.299 [main] DEBUG com.jayway.jsonpath.internal.path.CompiledPath -- Evaluating path: $
12:52:31.299 [main] DEBUG com.jayway.jsonpath.internal.JsonContext -- Put path $ key modifiers value {}
12:52:31.299 [main] DEBUG com.jayway.jsonpath.internal.path.CompiledPath -- Evaluating path: $
12:52:31.299 [main] DEBUG com.jayway.jsonpath.internal.JsonContext -- Put path $ key modifiers value 0
12:52:31.299 [main] DEBUG com.jayway.jsonpath.internal.path.CompiledPath -- Evaluating path: $['type']
12:52:31.299 [main] DEBUG com.jayway.jsonpath.internal.path.CompiledPath -- Evaluating path: $
12:52:31.299 [main] DEBUG com.jayway.jsonpath.internal.path.CompiledPath -- Evaluating path: $
12:52:31.299 [main] DEBUG com.jayway.jsonpath.internal.JsonContext -- Put path $ key type value {}
12:52:31.299 [main] DEBUG com.jayway.jsonpath.internal.path.CompiledPath -- Evaluating path: $
12:52:31.299 [main] DEBUG com.jayway.jsonpath.internal.JsonContext -- Put path $ key type value keyUp
12:52:31.299 [main] DEBUG com.jayway.jsonpath.internal.path.CompiledPath -- Evaluating path: $['text']
12:52:31.299 [main] DEBUG com.jayway.jsonpath.internal.path.CompiledPath -- Evaluating path: $
12:52:31.299 [main] DEBUG com.jayway.jsonpath.internal.path.CompiledPath -- Evaluating path: $
12:52:31.299 [main] DEBUG com.jayway.jsonpath.internal.JsonContext -- Put path $ key text value {}
12:52:31.299 [main] DEBUG com.jayway.jsonpath.internal.path.CompiledPath -- Evaluating path: $
12:52:31.299 [main] DEBUG com.jayway.jsonpath.internal.JsonContext -- Put path $ key text value v
12:52:31.299 [main] DEBUG com.jayway.jsonpath.internal.path.CompiledPath -- Evaluating path: $['windowsVirtualKeyCode']
12:52:31.299 [main] DEBUG com.jayway.jsonpath.internal.path.CompiledPath -- Evaluating path: $
12:52:31.299 [main] DEBUG com.jayway.jsonpath.internal.path.CompiledPath -- Evaluating path: $
12:52:31.299 [main] DEBUG com.jayway.jsonpath.internal.JsonContext -- Put path $ key windowsVirtualKeyCode value {}
12:52:31.299 [main] DEBUG com.jayway.jsonpath.internal.path.CompiledPath -- Evaluating path: $
12:52:31.299 [main] DEBUG com.jayway.jsonpath.internal.JsonContext -- Put path $ key windowsVirtualKeyCode value 118
12:52:31.299 [main] DEBUG com.jayway.jsonpath.internal.path.CompiledPath -- Evaluating path: $
12:52:31.299 [main] DEBUG com.intuit.karate.driver.chrome_1718781747070 -- >> {"id":45,"sessionId":"6E8AA30DD668A003F92C379996F3A942","method":"Input.dispatchKeyEvent","params":{"modifiers":0,"type":"keyUp","text":"v","windowsVirtualKeyCode":118}}
12:52:31.299 [nioEventLoopGroup-9-1] DEBUG com.intuit.karate.driver.chrome_1718781747070 -- << {"id":45,"result":{},"sessionId":"6E8AA30DD668A003F92C379996F3A942"}
12:52:31.299 [nioEventLoopGroup-9-1] DEBUG com.jayway.jsonpath.internal.path.CompiledPath -- Evaluating path: $
12:52:31.299 [main] DEBUG com.jayway.jsonpath.internal.path.CompiledPath -- Evaluating path: $['modifiers']
12:52:31.299 [main] DEBUG com.jayway.jsonpath.internal.path.CompiledPath -- Evaluating path: $
12:52:31.299 [main] DEBUG com.jayway.jsonpath.internal.path.CompiledPath -- Evaluating path: $
12:52:31.299 [main] DEBUG com.jayway.jsonpath.internal.JsonContext -- Put path $ key modifiers value {}
12:52:31.299 [main] DEBUG com.jayway.jsonpath.internal.path.CompiledPath -- Evaluating path: $
12:52:31.299 [main] DEBUG com.jayway.jsonpath.internal.JsonContext -- Put path $ key modifiers value 0
12:52:31.299 [main] DEBUG com.jayway.jsonpath.internal.path.CompiledPath -- Evaluating path: $['type']
12:52:31.299 [main] DEBUG com.jayway.jsonpath.internal.path.CompiledPath -- Evaluating path: $
12:52:31.299 [main] DEBUG com.jayway.jsonpath.internal.path.CompiledPath -- Evaluating path: $
12:52:31.299 [main] DEBUG com.jayway.jsonpath.internal.JsonContext -- Put path $ key type value {}
12:52:31.299 [main] DEBUG com.jayway.jsonpath.internal.path.CompiledPath -- Evaluating path: $
12:52:31.299 [main] DEBUG com.jayway.jsonpath.internal.JsonContext -- Put path $ key type value rawKeyDown
12:52:31.299 [main] DEBUG com.jayway.jsonpath.internal.path.CompiledPath -- Evaluating path: $['text']
12:52:31.299 [main] DEBUG com.jayway.jsonpath.internal.path.CompiledPath -- Evaluating path: $
12:52:31.299 [main] DEBUG com.jayway.jsonpath.internal.path.CompiledPath -- Evaluating path: $
12:52:31.299 [main] DEBUG com.jayway.jsonpath.internal.JsonContext -- Put path $ key text value {}
12:52:31.299 [main] DEBUG com.jayway.jsonpath.internal.path.CompiledPath -- Evaluating path: $
12:52:31.299 [main] DEBUG com.jayway.jsonpath.internal.JsonContext -- Put path $ key text value a
12:52:31.299 [main] DEBUG com.jayway.jsonpath.internal.path.CompiledPath -- Evaluating path: $['windowsVirtualKeyCode']
12:52:31.299 [main] DEBUG com.jayway.jsonpath.internal.path.CompiledPath -- Evaluating path: $
12:52:31.299 [main] DEBUG com.jayway.jsonpath.internal.path.CompiledPath -- Evaluating path: $
12:52:31.299 [main] DEBUG com.jayway.jsonpath.internal.JsonContext -- Put path $ key windowsVirtualKeyCode value {}
12:52:31.299 [main] DEBUG com.jayway.jsonpath.internal.path.CompiledPath -- Evaluating path: $
12:52:31.299 [main] DEBUG com.jayway.jsonpath.internal.JsonContext -- Put path $ key windowsVirtualKeyCode value 97
12:52:31.299 [main] DEBUG com.jayway.jsonpath.internal.path.CompiledPath -- Evaluating path: $
12:52:31.299 [main] DEBUG com.intuit.karate.driver.chrome_1718781747070 -- >> {"id":46,"sessionId":"6E8AA30DD668A003F92C379996F3A942","method":"Input.dispatchKeyEvent","params":{"modifiers":0,"type":"rawKeyDown","text":"a","windowsVirtualKeyCode":97}}
12:52:31.299 [nioEventLoopGroup-9-1] DEBUG com.intuit.karate.driver.chrome_1718781747070 -- << {"id":46,"result":{},"sessionId":"6E8AA30DD668A003F92C379996F3A942"}
12:52:31.299 [nioEventLoopGroup-9-1] DEBUG com.jayway.jsonpath.internal.path.CompiledPath -- Evaluating path: $
12:52:31.299 [main] DEBUG com.jayway.jsonpath.internal.path.CompiledPath -- Evaluating path: $['modifiers']
12:52:31.299 [main] DEBUG com.jayway.jsonpath.internal.path.CompiledPath -- Evaluating path: $
12:52:31.299 [main] DEBUG com.jayway.jsonpath.internal.path.CompiledPath -- Evaluating path: $
12:52:31.299 [main] DEBUG com.jayway.jsonpath.internal.JsonContext -- Put path $ key modifiers value {}
12:52:31.299 [main] DEBUG com.jayway.jsonpath.internal.path.CompiledPath -- Evaluating path: $
12:52:31.299 [main] DEBUG com.jayway.jsonpath.internal.JsonContext -- Put path $ key modifiers value 0
12:52:31.299 [main] DEBUG com.jayway.jsonpath.internal.path.CompiledPath -- Evaluating path: $['type']
12:52:31.299 [main] DEBUG com.jayway.jsonpath.internal.path.CompiledPath -- Evaluating path: $
12:52:31.299 [main] DEBUG com.jayway.jsonpath.internal.path.CompiledPath -- Evaluating path: $
12:52:31.299 [main] DEBUG com.jayway.jsonpath.internal.JsonContext -- Put path $ key type value {}
12:52:31.299 [main] DEBUG com.jayway.jsonpath.internal.path.CompiledPath -- Evaluating path: $
12:52:31.299 [main] DEBUG com.jayway.jsonpath.internal.JsonContext -- Put path $ key type value char
12:52:31.299 [main] DEBUG com.jayway.jsonpath.internal.path.CompiledPath -- Evaluating path: $['text']
12:52:31.299 [main] DEBUG com.jayway.jsonpath.internal.path.CompiledPath -- Evaluating path: $
12:52:31.299 [main] DEBUG com.jayway.jsonpath.internal.path.CompiledPath -- Evaluating path: $
12:52:31.299 [main] DEBUG com.jayway.jsonpath.internal.JsonContext -- Put path $ key text value {}
12:52:31.299 [main] DEBUG com.jayway.jsonpath.internal.path.CompiledPath -- Evaluating path: $
12:52:31.299 [main] DEBUG com.jayway.jsonpath.internal.JsonContext -- Put path $ key text value a
12:52:31.299 [main] DEBUG com.jayway.jsonpath.internal.path.CompiledPath -- Evaluating path: $['windowsVirtualKeyCode']
12:52:31.299 [main] DEBUG com.jayway.jsonpath.internal.path.CompiledPath -- Evaluating path: $
12:52:31.299 [main] DEBUG com.jayway.jsonpath.internal.path.CompiledPath -- Evaluating path: $
12:52:31.299 [main] DEBUG com.jayway.jsonpath.internal.JsonContext -- Put path $ key windowsVirtualKeyCode value {}
12:52:31.299 [main] DEBUG com.jayway.jsonpath.internal.path.CompiledPath -- Evaluating path: $
12:52:31.299 [main] DEBUG com.jayway.jsonpath.internal.JsonContext -- Put path $ key windowsVirtualKeyCode value 97
12:52:31.299 [main] DEBUG com.jayway.jsonpath.internal.path.CompiledPath -- Evaluating path: $
12:52:31.299 [main] DEBUG com.intuit.karate.driver.chrome_1718781747070 -- >> {"id":47,"sessionId":"6E8AA30DD668A003F92C379996F3A942","method":"Input.dispatchKeyEvent","params":{"modifiers":0,"type":"char","text":"a","windowsVirtualKeyCode":97}}
12:52:31.310 [nioEventLoopGroup-9-1] DEBUG com.intuit.karate.driver.chrome_1718781747070 -- << {"id":47,"result":{},"sessionId":"6E8AA30DD668A003F92C379996F3A942"}
12:52:31.310 [nioEventLoopGroup-9-1] DEBUG com.jayway.jsonpath.internal.path.CompiledPath -- Evaluating path: $
12:52:31.310 [main] DEBUG com.jayway.jsonpath.internal.path.CompiledPath -- Evaluating path: $['modifiers']
12:52:31.310 [main] DEBUG com.jayway.jsonpath.internal.path.CompiledPath -- Evaluating path: $
12:52:31.310 [main] DEBUG com.jayway.jsonpath.internal.path.CompiledPath -- Evaluating path: $
12:52:31.310 [main] DEBUG com.jayway.jsonpath.internal.JsonContext -- Put path $ key modifiers value {}
12:52:31.310 [main] DEBUG com.jayway.jsonpath.internal.path.CompiledPath -- Evaluating path: $
12:52:31.310 [main] DEBUG com.jayway.jsonpath.internal.JsonContext -- Put path $ key modifiers value 0
12:52:31.310 [main] DEBUG com.jayway.jsonpath.internal.path.CompiledPath -- Evaluating path: $['type']
12:52:31.310 [main] DEBUG com.jayway.jsonpath.internal.path.CompiledPath -- Evaluating path: $
12:52:31.310 [main] DEBUG com.jayway.jsonpath.internal.path.CompiledPath -- Evaluating path: $
12:52:31.310 [main] DEBUG com.jayway.jsonpath.internal.JsonContext -- Put path $ key type value {}
12:52:31.310 [main] DEBUG com.jayway.jsonpath.internal.path.CompiledPath -- Evaluating path: $
12:52:31.310 [main] DEBUG com.jayway.jsonpath.internal.JsonContext -- Put path $ key type value keyUp
12:52:31.310 [main] DEBUG com.jayway.jsonpath.internal.path.CompiledPath -- Evaluating path: $['text']
12:52:31.310 [main] DEBUG com.jayway.jsonpath.internal.path.CompiledPath -- Evaluating path: $
12:52:31.310 [main] DEBUG com.jayway.jsonpath.internal.path.CompiledPath -- Evaluating path: $
12:52:31.310 [main] DEBUG com.jayway.jsonpath.internal.JsonContext -- Put path $ key text value {}
12:52:31.310 [main] DEBUG com.jayway.jsonpath.internal.path.CompiledPath -- Evaluating path: $
12:52:31.310 [main] DEBUG com.jayway.jsonpath.internal.JsonContext -- Put path $ key text value a
12:52:31.310 [main] DEBUG com.jayway.jsonpath.internal.path.CompiledPath -- Evaluating path: $['windowsVirtualKeyCode']
12:52:31.310 [main] DEBUG com.jayway.jsonpath.internal.path.CompiledPath -- Evaluating path: $
12:52:31.310 [main] DEBUG com.jayway.jsonpath.internal.path.CompiledPath -- Evaluating path: $
12:52:31.310 [main] DEBUG com.jayway.jsonpath.internal.JsonContext -- Put path $ key windowsVirtualKeyCode value {}
12:52:31.310 [main] DEBUG com.jayway.jsonpath.internal.path.CompiledPath -- Evaluating path: $
12:52:31.310 [main] DEBUG com.jayway.jsonpath.internal.JsonContext -- Put path $ key windowsVirtualKeyCode value 97
12:52:31.310 [main] DEBUG com.jayway.jsonpath.internal.path.CompiledPath -- Evaluating path: $
12:52:31.310 [main] DEBUG com.intuit.karate.driver.chrome_1718781747070 -- >> {"id":48,"sessionId":"6E8AA30DD668A003F92C379996F3A942","method":"Input.dispatchKeyEvent","params":{"modifiers":0,"type":"keyUp","text":"a","windowsVirtualKeyCode":97}}
12:52:31.312 [nioEventLoopGroup-9-1] DEBUG com.intuit.karate.driver.chrome_1718781747070 -- << {"id":48,"result":{},"sessionId":"6E8AA30DD668A003F92C379996F3A942"}
12:52:31.312 [nioEventLoopGroup-9-1] DEBUG com.jayway.jsonpath.internal.path.CompiledPath -- Evaluating path: $
12:52:31.312 [main] DEBUG com.jayway.jsonpath.internal.path.CompiledPath -- Evaluating path: $['modifiers']
12:52:31.312 [main] DEBUG com.jayway.jsonpath.internal.path.CompiledPath -- Evaluating path: $
12:52:31.312 [main] DEBUG com.jayway.jsonpath.internal.path.CompiledPath -- Evaluating path: $
12:52:31.312 [main] DEBUG com.jayway.jsonpath.internal.JsonContext -- Put path $ key modifiers value {}
12:52:31.312 [main] DEBUG com.jayway.jsonpath.internal.path.CompiledPath -- Evaluating path: $
12:52:31.312 [main] DEBUG com.jayway.jsonpath.internal.JsonContext -- Put path $ key modifiers value 0
12:52:31.312 [main] DEBUG com.jayway.jsonpath.internal.path.CompiledPath -- Evaluating path: $['type']
12:52:31.312 [main] DEBUG com.jayway.jsonpath.internal.path.CompiledPath -- Evaluating path: $
12:52:31.312 [main] DEBUG com.jayway.jsonpath.internal.path.CompiledPath -- Evaluating path: $
12:52:31.312 [main] DEBUG com.jayway.jsonpath.internal.JsonContext -- Put path $ key type value {}
12:52:31.312 [main] DEBUG com.jayway.jsonpath.internal.path.CompiledPath -- Evaluating path: $
12:52:31.312 [main] DEBUG com.jayway.jsonpath.internal.JsonContext -- Put path $ key type value rawKeyDown
12:52:31.312 [main] DEBUG com.jayway.jsonpath.internal.path.CompiledPath -- Evaluating path: $['text']
12:52:31.312 [main] DEBUG com.jayway.jsonpath.internal.path.CompiledPath -- Evaluating path: $
12:52:31.312 [main] DEBUG com.jayway.jsonpath.internal.path.CompiledPath -- Evaluating path: $
12:52:31.312 [main] DEBUG com.jayway.jsonpath.internal.JsonContext -- Put path $ key text value {}
12:52:31.312 [main] DEBUG com.jayway.jsonpath.internal.path.CompiledPath -- Evaluating path: $
12:52:31.312 [main] DEBUG com.jayway.jsonpath.internal.JsonContext -- Put path $ key text value l
12:52:31.312 [main] DEBUG com.jayway.jsonpath.internal.path.CompiledPath -- Evaluating path: $['windowsVirtualKeyCode']
12:52:31.312 [main] DEBUG com.jayway.jsonpath.internal.path.CompiledPath -- Evaluating path: $
12:52:31.312 [main] DEBUG com.jayway.jsonpath.internal.path.CompiledPath -- Evaluating path: $
12:52:31.312 [main] DEBUG com.jayway.jsonpath.internal.JsonContext -- Put path $ key windowsVirtualKeyCode value {}
12:52:31.312 [main] DEBUG com.jayway.jsonpath.internal.path.CompiledPath -- Evaluating path: $
12:52:31.312 [main] DEBUG com.jayway.jsonpath.internal.JsonContext -- Put path $ key windowsVirtualKeyCode value 108
12:52:31.312 [main] DEBUG com.jayway.jsonpath.internal.path.CompiledPath -- Evaluating path: $
12:52:31.312 [main] DEBUG com.intuit.karate.driver.chrome_1718781747070 -- >> {"id":49,"sessionId":"6E8AA30DD668A003F92C379996F3A942","method":"Input.dispatchKeyEvent","params":{"modifiers":0,"type":"rawKeyDown","text":"l","windowsVirtualKeyCode":108}}
12:52:31.314 [nioEventLoopGroup-9-1] DEBUG com.intuit.karate.driver.chrome_1718781747070 -- << {"id":49,"result":{},"sessionId":"6E8AA30DD668A003F92C379996F3A942"}
12:52:31.314 [nioEventLoopGroup-9-1] DEBUG com.jayway.jsonpath.internal.path.CompiledPath -- Evaluating path: $
12:52:31.314 [main] DEBUG com.jayway.jsonpath.internal.path.CompiledPath -- Evaluating path: $['modifiers']
12:52:31.314 [main] DEBUG com.jayway.jsonpath.internal.path.CompiledPath -- Evaluating path: $
12:52:31.314 [main] DEBUG com.jayway.jsonpath.internal.path.CompiledPath -- Evaluating path: $
12:52:31.314 [main] DEBUG com.jayway.jsonpath.internal.JsonContext -- Put path $ key modifiers value {}
12:52:31.314 [main] DEBUG com.jayway.jsonpath.internal.path.CompiledPath -- Evaluating path: $
12:52:31.314 [main] DEBUG com.jayway.jsonpath.internal.JsonContext -- Put path $ key modifiers value 0
12:52:31.314 [main] DEBUG com.jayway.jsonpath.internal.path.CompiledPath -- Evaluating path: $['type']
12:52:31.317 [main] DEBUG com.jayway.jsonpath.internal.path.CompiledPath -- Evaluating path: $
12:52:31.317 [main] DEBUG com.jayway.jsonpath.internal.path.CompiledPath -- Evaluating path: $
12:52:31.317 [main] DEBUG com.jayway.jsonpath.internal.JsonContext -- Put path $ key type value {}
12:52:31.317 [main] DEBUG com.jayway.jsonpath.internal.path.CompiledPath -- Evaluating path: $
12:52:31.317 [main] DEBUG com.jayway.jsonpath.internal.JsonContext -- Put path $ key type value char
12:52:31.317 [main] DEBUG com.jayway.jsonpath.internal.path.CompiledPath -- Evaluating path: $['text']
12:52:31.317 [main] DEBUG com.jayway.jsonpath.internal.path.CompiledPath -- Evaluating path: $
12:52:31.317 [main] DEBUG com.jayway.jsonpath.internal.path.CompiledPath -- Evaluating path: $
12:52:31.317 [main] DEBUG com.jayway.jsonpath.internal.JsonContext -- Put path $ key text value {}
12:52:31.317 [main] DEBUG com.jayway.jsonpath.internal.path.CompiledPath -- Evaluating path: $
12:52:31.317 [main] DEBUG com.jayway.jsonpath.internal.JsonContext -- Put path $ key text value l
12:52:31.317 [main] DEBUG com.jayway.jsonpath.internal.path.CompiledPath -- Evaluating path: $['windowsVirtualKeyCode']
12:52:31.317 [main] DEBUG com.jayway.jsonpath.internal.path.CompiledPath -- Evaluating path: $
12:52:31.317 [main] DEBUG com.jayway.jsonpath.internal.path.CompiledPath -- Evaluating path: $
12:52:31.317 [main] DEBUG com.jayway.jsonpath.internal.JsonContext -- Put path $ key windowsVirtualKeyCode value {}
12:52:31.317 [main] DEBUG com.jayway.jsonpath.internal.path.CompiledPath -- Evaluating path: $
12:52:31.317 [main] DEBUG com.jayway.jsonpath.internal.JsonContext -- Put path $ key windowsVirtualKeyCode value 108
12:52:31.317 [main] DEBUG com.jayway.jsonpath.internal.path.CompiledPath -- Evaluating path: $
12:52:31.317 [main] DEBUG com.intuit.karate.driver.chrome_1718781747070 -- >> {"id":50,"sessionId":"6E8AA30DD668A003F92C379996F3A942","method":"Input.dispatchKeyEvent","params":{"modifiers":0,"type":"char","text":"l","windowsVirtualKeyCode":108}}
12:52:31.317 [nioEventLoopGroup-9-1] DEBUG com.intuit.karate.driver.chrome_1718781747070 -- << {"id":50,"result":{},"sessionId":"6E8AA30DD668A003F92C379996F3A942"}
12:52:31.317 [nioEventLoopGroup-9-1] DEBUG com.jayway.jsonpath.internal.path.CompiledPath -- Evaluating path: $
12:52:31.317 [main] DEBUG com.jayway.jsonpath.internal.path.CompiledPath -- Evaluating path: $['modifiers']
12:52:31.317 [main] DEBUG com.jayway.jsonpath.internal.path.CompiledPath -- Evaluating path: $
12:52:31.317 [main] DEBUG com.jayway.jsonpath.internal.path.CompiledPath -- Evaluating path: $
12:52:31.317 [main] DEBUG com.jayway.jsonpath.internal.JsonContext -- Put path $ key modifiers value {}
12:52:31.317 [main] DEBUG com.jayway.jsonpath.internal.path.CompiledPath -- Evaluating path: $
12:52:31.317 [main] DEBUG com.jayway.jsonpath.internal.JsonContext -- Put path $ key modifiers value 0
12:52:31.317 [main] DEBUG com.jayway.jsonpath.internal.path.CompiledPath -- Evaluating path: $['type']
12:52:31.317 [main] DEBUG com.jayway.jsonpath.internal.path.CompiledPath -- Evaluating path: $
12:52:31.317 [main] DEBUG com.jayway.jsonpath.internal.path.CompiledPath -- Evaluating path: $
12:52:31.317 [main] DEBUG com.jayway.jsonpath.internal.JsonContext -- Put path $ key type value {}
12:52:31.317 [main] DEBUG com.jayway.jsonpath.internal.path.CompiledPath -- Evaluating path: $
12:52:31.317 [main] DEBUG com.jayway.jsonpath.internal.JsonContext -- Put path $ key type value keyUp
12:52:31.317 [main] DEBUG com.jayway.jsonpath.internal.path.CompiledPath -- Evaluating path: $['text']
12:52:31.317 [main] DEBUG com.jayway.jsonpath.internal.path.CompiledPath -- Evaluating path: $
12:52:31.317 [main] DEBUG com.jayway.jsonpath.internal.path.CompiledPath -- Evaluating path: $
12:52:31.317 [main] DEBUG com.jayway.jsonpath.internal.JsonContext -- Put path $ key text value {}
12:52:31.317 [main] DEBUG com.jayway.jsonpath.internal.path.CompiledPath -- Evaluating path: $
12:52:31.317 [main] DEBUG com.jayway.jsonpath.internal.JsonContext -- Put path $ key text value l
12:52:31.317 [main] DEBUG com.jayway.jsonpath.internal.path.CompiledPath -- Evaluating path: $['windowsVirtualKeyCode']
12:52:31.317 [main] DEBUG com.jayway.jsonpath.internal.path.CompiledPath -- Evaluating path: $
12:52:31.317 [main] DEBUG com.jayway.jsonpath.internal.path.CompiledPath -- Evaluating path: $
12:52:31.317 [main] DEBUG com.jayway.jsonpath.internal.JsonContext -- Put path $ key windowsVirtualKeyCode value {}
12:52:31.317 [main] DEBUG com.jayway.jsonpath.internal.path.CompiledPath -- Evaluating path: $
12:52:31.317 [main] DEBUG com.jayway.jsonpath.internal.JsonContext -- Put path $ key windowsVirtualKeyCode value 108
12:52:31.317 [main] DEBUG com.jayway.jsonpath.internal.path.CompiledPath -- Evaluating path: $
12:52:31.317 [main] DEBUG com.intuit.karate.driver.chrome_1718781747070 -- >> {"id":51,"sessionId":"6E8AA30DD668A003F92C379996F3A942","method":"Input.dispatchKeyEvent","params":{"modifiers":0,"type":"keyUp","text":"l","windowsVirtualKeyCode":108}}
12:52:31.317 [nioEventLoopGroup-9-1] DEBUG com.intuit.karate.driver.chrome_1718781747070 -- << {"id":51,"result":{},"sessionId":"6E8AA30DD668A003F92C379996F3A942"}
12:52:31.317 [nioEventLoopGroup-9-1] DEBUG com.jayway.jsonpath.internal.path.CompiledPath -- Evaluating path: $
12:52:31.317 [main] DEBUG com.jayway.jsonpath.internal.path.CompiledPath -- Evaluating path: $['modifiers']
12:52:31.317 [main] DEBUG com.jayway.jsonpath.internal.path.CompiledPath -- Evaluating path: $
12:52:31.317 [main] DEBUG com.jayway.jsonpath.internal.path.CompiledPath -- Evaluating path: $
12:52:31.317 [main] DEBUG com.jayway.jsonpath.internal.JsonContext -- Put path $ key modifiers value {}
12:52:31.317 [main] DEBUG com.jayway.jsonpath.internal.path.CompiledPath -- Evaluating path: $
12:52:31.317 [main] DEBUG com.jayway.jsonpath.internal.JsonContext -- Put path $ key modifiers value 0
12:52:31.317 [main] DEBUG com.jayway.jsonpath.internal.path.CompiledPath -- Evaluating path: $['type']
12:52:31.317 [main] DEBUG com.jayway.jsonpath.internal.path.CompiledPath -- Evaluating path: $
12:52:31.317 [main] DEBUG com.jayway.jsonpath.internal.path.CompiledPath -- Evaluating path: $
12:52:31.317 [main] DEBUG com.jayway.jsonpath.internal.JsonContext -- Put path $ key type value {}
12:52:31.317 [main] DEBUG com.jayway.jsonpath.internal.path.CompiledPath -- Evaluating path: $
12:52:31.317 [main] DEBUG com.jayway.jsonpath.internal.JsonContext -- Put path $ key type value rawKeyDown
12:52:31.317 [main] DEBUG com.jayway.jsonpath.internal.path.CompiledPath -- Evaluating path: $['text']
12:52:31.317 [main] DEBUG com.jayway.jsonpath.internal.path.CompiledPath -- Evaluating path: $
12:52:31.317 [main] DEBUG com.jayway.jsonpath.internal.path.CompiledPath -- Evaluating path: $
12:52:31.317 [main] DEBUG com.jayway.jsonpath.internal.JsonContext -- Put path $ key text value {}
12:52:31.317 [main] DEBUG com.jayway.jsonpath.internal.path.CompiledPath -- Evaluating path: $
12:52:31.317 [main] DEBUG com.jayway.jsonpath.internal.JsonContext -- Put path $ key text value i
12:52:31.317 [main] DEBUG com.jayway.jsonpath.internal.path.CompiledPath -- Evaluating path: $['windowsVirtualKeyCode']
12:52:31.317 [main] DEBUG com.jayway.jsonpath.internal.path.CompiledPath -- Evaluating path: $
12:52:31.317 [main] DEBUG com.jayway.jsonpath.internal.path.CompiledPath -- Evaluating path: $
12:52:31.317 [main] DEBUG com.jayway.jsonpath.internal.JsonContext -- Put path $ key windowsVirtualKeyCode value {}
12:52:31.317 [main] DEBUG com.jayway.jsonpath.internal.path.CompiledPath -- Evaluating path: $
12:52:31.317 [main] DEBUG com.jayway.jsonpath.internal.JsonContext -- Put path $ key windowsVirtualKeyCode value 105
12:52:31.317 [main] DEBUG com.jayway.jsonpath.internal.path.CompiledPath -- Evaluating path: $
12:52:31.317 [main] DEBUG com.intuit.karate.driver.chrome_1718781747070 -- >> {"id":52,"sessionId":"6E8AA30DD668A003F92C379996F3A942","method":"Input.dispatchKeyEvent","params":{"modifiers":0,"type":"rawKeyDown","text":"i","windowsVirtualKeyCode":105}}
12:52:31.317 [nioEventLoopGroup-9-1] DEBUG com.intuit.karate.driver.chrome_1718781747070 -- << {"id":52,"result":{},"sessionId":"6E8AA30DD668A003F92C379996F3A942"}
12:52:31.317 [nioEventLoopGroup-9-1] DEBUG com.jayway.jsonpath.internal.path.CompiledPath -- Evaluating path: $
12:52:31.317 [main] DEBUG com.jayway.jsonpath.internal.path.CompiledPath -- Evaluating path: $['modifiers']
12:52:31.317 [main] DEBUG com.jayway.jsonpath.internal.path.CompiledPath -- Evaluating path: $
12:52:31.317 [main] DEBUG com.jayway.jsonpath.internal.path.CompiledPath -- Evaluating path: $
12:52:31.317 [main] DEBUG com.jayway.jsonpath.internal.JsonContext -- Put path $ key modifiers value {}
12:52:31.317 [main] DEBUG com.jayway.jsonpath.internal.path.CompiledPath -- Evaluating path: $
12:52:31.317 [main] DEBUG com.jayway.jsonpath.internal.JsonContext -- Put path $ key modifiers value 0
12:52:31.317 [main] DEBUG com.jayway.jsonpath.internal.path.CompiledPath -- Evaluating path: $['type']
12:52:31.317 [main] DEBUG com.jayway.jsonpath.internal.path.CompiledPath -- Evaluating path: $
12:52:31.317 [main] DEBUG com.jayway.jsonpath.internal.path.CompiledPath -- Evaluating path: $
12:52:31.317 [main] DEBUG com.jayway.jsonpath.internal.JsonContext -- Put path $ key type value {}
12:52:31.326 [main] DEBUG com.jayway.jsonpath.internal.path.CompiledPath -- Evaluating path: $
12:52:31.326 [main] DEBUG com.jayway.jsonpath.internal.JsonContext -- Put path $ key type value char
12:52:31.326 [main] DEBUG com.jayway.jsonpath.internal.path.CompiledPath -- Evaluating path: $['text']
12:52:31.326 [main] DEBUG com.jayway.jsonpath.internal.path.CompiledPath -- Evaluating path: $
12:52:31.326 [main] DEBUG com.jayway.jsonpath.internal.path.CompiledPath -- Evaluating path: $
12:52:31.326 [main] DEBUG com.jayway.jsonpath.internal.JsonContext -- Put path $ key text value {}
12:52:31.326 [main] DEBUG com.jayway.jsonpath.internal.path.CompiledPath -- Evaluating path: $
12:52:31.326 [main] DEBUG com.jayway.jsonpath.internal.JsonContext -- Put path $ key text value i
12:52:31.326 [main] DEBUG com.jayway.jsonpath.internal.path.CompiledPath -- Evaluating path: $['windowsVirtualKeyCode']
12:52:31.326 [main] DEBUG com.jayway.jsonpath.internal.path.CompiledPath -- Evaluating path: $
12:52:31.326 [main] DEBUG com.jayway.jsonpath.internal.path.CompiledPath -- Evaluating path: $
12:52:31.326 [main] DEBUG com.jayway.jsonpath.internal.JsonContext -- Put path $ key windowsVirtualKeyCode value {}
12:52:31.326 [main] DEBUG com.jayway.jsonpath.internal.path.CompiledPath -- Evaluating path: $
12:52:31.326 [main] DEBUG com.jayway.jsonpath.internal.JsonContext -- Put path $ key windowsVirtualKeyCode value 105
12:52:31.326 [main] DEBUG com.jayway.jsonpath.internal.path.CompiledPath -- Evaluating path: $
12:52:31.326 [main] DEBUG com.intuit.karate.driver.chrome_1718781747070 -- >> {"id":53,"sessionId":"6E8AA30DD668A003F92C379996F3A942","method":"Input.dispatchKeyEvent","params":{"modifiers":0,"type":"char","text":"i","windowsVirtualKeyCode":105}}
12:52:31.329 [nioEventLoopGroup-9-1] DEBUG com.intuit.karate.driver.chrome_1718781747070 -- << {"id":53,"result":{},"sessionId":"6E8AA30DD668A003F92C379996F3A942"}
12:52:31.329 [nioEventLoopGroup-9-1] DEBUG com.jayway.jsonpath.internal.path.CompiledPath -- Evaluating path: $
12:52:31.329 [main] DEBUG com.jayway.jsonpath.internal.path.CompiledPath -- Evaluating path: $['modifiers']
12:52:31.329 [main] DEBUG com.jayway.jsonpath.internal.path.CompiledPath -- Evaluating path: $
12:52:31.329 [main] DEBUG com.jayway.jsonpath.internal.path.CompiledPath -- Evaluating path: $
12:52:31.329 [main] DEBUG com.jayway.jsonpath.internal.JsonContext -- Put path $ key modifiers value {}
12:52:31.329 [main] DEBUG com.jayway.jsonpath.internal.path.CompiledPath -- Evaluating path: $
12:52:31.329 [main] DEBUG com.jayway.jsonpath.internal.JsonContext -- Put path $ key modifiers value 0
12:52:31.329 [main] DEBUG com.jayway.jsonpath.internal.path.CompiledPath -- Evaluating path: $['type']
12:52:31.329 [main] DEBUG com.jayway.jsonpath.internal.path.CompiledPath -- Evaluating path: $
12:52:31.329 [main] DEBUG com.jayway.jsonpath.internal.path.CompiledPath -- Evaluating path: $
12:52:31.329 [main] DEBUG com.jayway.jsonpath.internal.JsonContext -- Put path $ key type value {}
12:52:31.329 [main] DEBUG com.jayway.jsonpath.internal.path.CompiledPath -- Evaluating path: $
12:52:31.329 [main] DEBUG com.jayway.jsonpath.internal.JsonContext -- Put path $ key type value keyUp
12:52:31.329 [main] DEBUG com.jayway.jsonpath.internal.path.CompiledPath -- Evaluating path: $['text']
12:52:31.329 [main] DEBUG com.jayway.jsonpath.internal.path.CompiledPath -- Evaluating path: $
12:52:31.329 [main] DEBUG com.jayway.jsonpath.internal.path.CompiledPath -- Evaluating path: $
12:52:31.329 [main] DEBUG com.jayway.jsonpath.internal.JsonContext -- Put path $ key text value {}
12:52:31.329 [main] DEBUG com.jayway.jsonpath.internal.path.CompiledPath -- Evaluating path: $
12:52:31.329 [main] DEBUG com.jayway.jsonpath.internal.JsonContext -- Put path $ key text value i
12:52:31.329 [main] DEBUG com.jayway.jsonpath.internal.path.CompiledPath -- Evaluating path: $['windowsVirtualKeyCode']
12:52:31.329 [main] DEBUG com.jayway.jsonpath.internal.path.CompiledPath -- Evaluating path: $
12:52:31.329 [main] DEBUG com.jayway.jsonpath.internal.path.CompiledPath -- Evaluating path: $
12:52:31.329 [main] DEBUG com.jayway.jsonpath.internal.JsonContext -- Put path $ key windowsVirtualKeyCode value {}
12:52:31.329 [main] DEBUG com.jayway.jsonpath.internal.path.CompiledPath -- Evaluating path: $
12:52:31.329 [main] DEBUG com.jayway.jsonpath.internal.JsonContext -- Put path $ key windowsVirtualKeyCode value 105
12:52:31.329 [main] DEBUG com.jayway.jsonpath.internal.path.CompiledPath -- Evaluating path: $
12:52:31.329 [main] DEBUG com.intuit.karate.driver.chrome_1718781747070 -- >> {"id":54,"sessionId":"6E8AA30DD668A003F92C379996F3A942","method":"Input.dispatchKeyEvent","params":{"modifiers":0,"type":"keyUp","text":"i","windowsVirtualKeyCode":105}}
12:52:31.332 [nioEventLoopGroup-9-1] DEBUG com.intuit.karate.driver.chrome_1718781747070 -- << {"id":54,"result":{},"sessionId":"6E8AA30DD668A003F92C379996F3A942"}
12:52:31.332 [nioEventLoopGroup-9-1] DEBUG com.jayway.jsonpath.internal.path.CompiledPath -- Evaluating path: $
12:52:31.332 [main] DEBUG com.jayway.jsonpath.internal.path.CompiledPath -- Evaluating path: $['modifiers']
12:52:31.332 [main] DEBUG com.jayway.jsonpath.internal.path.CompiledPath -- Evaluating path: $
12:52:31.332 [main] DEBUG com.jayway.jsonpath.internal.path.CompiledPath -- Evaluating path: $
12:52:31.332 [main] DEBUG com.jayway.jsonpath.internal.JsonContext -- Put path $ key modifiers value {}
12:52:31.332 [main] DEBUG com.jayway.jsonpath.internal.path.CompiledPath -- Evaluating path: $
12:52:31.332 [main] DEBUG com.jayway.jsonpath.internal.JsonContext -- Put path $ key modifiers value 0
12:52:31.332 [main] DEBUG com.jayway.jsonpath.internal.path.CompiledPath -- Evaluating path: $['type']
12:52:31.332 [main] DEBUG com.jayway.jsonpath.internal.path.CompiledPath -- Evaluating path: $
12:52:31.332 [main] DEBUG com.jayway.jsonpath.internal.path.CompiledPath -- Evaluating path: $
12:52:31.332 [main] DEBUG com.jayway.jsonpath.internal.JsonContext -- Put path $ key type value {}
12:52:31.332 [main] DEBUG com.jayway.jsonpath.internal.path.CompiledPath -- Evaluating path: $
12:52:31.332 [main] DEBUG com.jayway.jsonpath.internal.JsonContext -- Put path $ key type value rawKeyDown
12:52:31.332 [main] DEBUG com.jayway.jsonpath.internal.path.CompiledPath -- Evaluating path: $['text']
12:52:31.332 [main] DEBUG com.jayway.jsonpath.internal.path.CompiledPath -- Evaluating path: $
12:52:31.332 [main] DEBUG com.jayway.jsonpath.internal.path.CompiledPath -- Evaluating path: $
12:52:31.332 [main] DEBUG com.jayway.jsonpath.internal.JsonContext -- Put path $ key text value {}
12:52:31.332 [main] DEBUG com.jayway.jsonpath.internal.path.CompiledPath -- Evaluating path: $
12:52:31.332 [main] DEBUG com.jayway.jsonpath.internal.JsonContext -- Put path $ key text value d
12:52:31.332 [main] DEBUG com.jayway.jsonpath.internal.path.CompiledPath -- Evaluating path: $['windowsVirtualKeyCode']
12:52:31.332 [main] DEBUG com.jayway.jsonpath.internal.path.CompiledPath -- Evaluating path: $
12:52:31.332 [main] DEBUG com.jayway.jsonpath.internal.path.CompiledPath -- Evaluating path: $
12:52:31.332 [main] DEBUG com.jayway.jsonpath.internal.JsonContext -- Put path $ key windowsVirtualKeyCode value {}
12:52:31.332 [main] DEBUG com.jayway.jsonpath.internal.path.CompiledPath -- Evaluating path: $
12:52:31.332 [main] DEBUG com.jayway.jsonpath.internal.JsonContext -- Put path $ key windowsVirtualKeyCode value 100
12:52:31.332 [main] DEBUG com.jayway.jsonpath.internal.path.CompiledPath -- Evaluating path: $
12:52:31.332 [main] DEBUG com.intuit.karate.driver.chrome_1718781747070 -- >> {"id":55,"sessionId":"6E8AA30DD668A003F92C379996F3A942","method":"Input.dispatchKeyEvent","params":{"modifiers":0,"type":"rawKeyDown","text":"d","windowsVirtualKeyCode":100}}
12:52:31.332 [nioEventLoopGroup-9-1] DEBUG com.intuit.karate.driver.chrome_1718781747070 -- << {"id":55,"result":{},"sessionId":"6E8AA30DD668A003F92C379996F3A942"}
12:52:31.332 [nioEventLoopGroup-9-1] DEBUG com.jayway.jsonpath.internal.path.CompiledPath -- Evaluating path: $
12:52:31.332 [main] DEBUG com.jayway.jsonpath.internal.path.CompiledPath -- Evaluating path: $['modifiers']
12:52:31.332 [main] DEBUG com.jayway.jsonpath.internal.path.CompiledPath -- Evaluating path: $
12:52:31.332 [main] DEBUG com.jayway.jsonpath.internal.path.CompiledPath -- Evaluating path: $
12:52:31.332 [main] DEBUG com.jayway.jsonpath.internal.JsonContext -- Put path $ key modifiers value {}
12:52:31.332 [main] DEBUG com.jayway.jsonpath.internal.path.CompiledPath -- Evaluating path: $
12:52:31.332 [main] DEBUG com.jayway.jsonpath.internal.JsonContext -- Put path $ key modifiers value 0
12:52:31.332 [main] DEBUG com.jayway.jsonpath.internal.path.CompiledPath -- Evaluating path: $['type']
12:52:31.332 [main] DEBUG com.jayway.jsonpath.internal.path.CompiledPath -- Evaluating path: $
12:52:31.332 [main] DEBUG com.jayway.jsonpath.internal.path.CompiledPath -- Evaluating path: $
12:52:31.332 [main] DEBUG com.jayway.jsonpath.internal.JsonContext -- Put path $ key type value {}
12:52:31.332 [main] DEBUG com.jayway.jsonpath.internal.path.CompiledPath -- Evaluating path: $
12:52:31.332 [main] DEBUG com.jayway.jsonpath.internal.JsonContext -- Put path $ key type value char
12:52:31.332 [main] DEBUG com.jayway.jsonpath.internal.path.CompiledPath -- Evaluating path: $['text']
12:52:31.332 [main] DEBUG com.jayway.jsonpath.internal.path.CompiledPath -- Evaluating path: $
12:52:31.332 [main] DEBUG com.jayway.jsonpath.internal.path.CompiledPath -- Evaluating path: $
12:52:31.332 [main] DEBUG com.jayway.jsonpath.internal.JsonContext -- Put path $ key text value {}
12:52:31.332 [main] DEBUG com.jayway.jsonpath.internal.path.CompiledPath -- Evaluating path: $
12:52:31.332 [main] DEBUG com.jayway.jsonpath.internal.JsonContext -- Put path $ key text value d
12:52:31.332 [main] DEBUG com.jayway.jsonpath.internal.path.CompiledPath -- Evaluating path: $['windowsVirtualKeyCode']
12:52:31.332 [main] DEBUG com.jayway.jsonpath.internal.path.CompiledPath -- Evaluating path: $
12:52:31.332 [main] DEBUG com.jayway.jsonpath.internal.path.CompiledPath -- Evaluating path: $
12:52:31.332 [main] DEBUG com.jayway.jsonpath.internal.JsonContext -- Put path $ key windowsVirtualKeyCode value {}
12:52:31.332 [main] DEBUG com.jayway.jsonpath.internal.path.CompiledPath -- Evaluating path: $
12:52:31.332 [main] DEBUG com.jayway.jsonpath.internal.JsonContext -- Put path $ key windowsVirtualKeyCode value 100
12:52:31.332 [main] DEBUG com.jayway.jsonpath.internal.path.CompiledPath -- Evaluating path: $
12:52:31.332 [main] DEBUG com.intuit.karate.driver.chrome_1718781747070 -- >> {"id":56,"sessionId":"6E8AA30DD668A003F92C379996F3A942","method":"Input.dispatchKeyEvent","params":{"modifiers":0,"type":"char","text":"d","windowsVirtualKeyCode":100}}
12:52:31.332 [nioEventLoopGroup-9-1] DEBUG com.intuit.karate.driver.chrome_1718781747070 -- << {"id":56,"result":{},"sessionId":"6E8AA30DD668A003F92C379996F3A942"}
12:52:31.332 [nioEventLoopGroup-9-1] DEBUG com.jayway.jsonpath.internal.path.CompiledPath -- Evaluating path: $
12:52:31.332 [main] DEBUG com.jayway.jsonpath.internal.path.CompiledPath -- Evaluating path: $['modifiers']
12:52:31.332 [main] DEBUG com.jayway.jsonpath.internal.path.CompiledPath -- Evaluating path: $
12:52:31.332 [main] DEBUG com.jayway.jsonpath.internal.path.CompiledPath -- Evaluating path: $
12:52:31.332 [main] DEBUG com.jayway.jsonpath.internal.JsonContext -- Put path $ key modifiers value {}
12:52:31.332 [main] DEBUG com.jayway.jsonpath.internal.path.CompiledPath -- Evaluating path: $
12:52:31.332 [main] DEBUG com.jayway.jsonpath.internal.JsonContext -- Put path $ key modifiers value 0
12:52:31.332 [main] DEBUG com.jayway.jsonpath.internal.path.CompiledPath -- Evaluating path: $['type']
12:52:31.332 [main] DEBUG com.jayway.jsonpath.internal.path.CompiledPath -- Evaluating path: $
12:52:31.332 [main] DEBUG com.jayway.jsonpath.internal.path.CompiledPath -- Evaluating path: $
12:52:31.332 [main] DEBUG com.jayway.jsonpath.internal.JsonContext -- Put path $ key type value {}
12:52:31.332 [main] DEBUG com.jayway.jsonpath.internal.path.CompiledPath -- Evaluating path: $
12:52:31.332 [main] DEBUG com.jayway.jsonpath.internal.JsonContext -- Put path $ key type value keyUp
12:52:31.332 [main] DEBUG com.jayway.jsonpath.internal.path.CompiledPath -- Evaluating path: $['text']
12:52:31.332 [main] DEBUG com.jayway.jsonpath.internal.path.CompiledPath -- Evaluating path: $
12:52:31.332 [main] DEBUG com.jayway.jsonpath.internal.path.CompiledPath -- Evaluating path: $
12:52:31.332 [main] DEBUG com.jayway.jsonpath.internal.JsonContext -- Put path $ key text value {}
12:52:31.332 [main] DEBUG com.jayway.jsonpath.internal.path.CompiledPath -- Evaluating path: $
12:52:31.332 [main] DEBUG com.jayway.jsonpath.internal.JsonContext -- Put path $ key text value d
12:52:31.332 [main] DEBUG com.jayway.jsonpath.internal.path.CompiledPath -- Evaluating path: $['windowsVirtualKeyCode']
12:52:31.332 [main] DEBUG com.jayway.jsonpath.internal.path.CompiledPath -- Evaluating path: $
12:52:31.332 [main] DEBUG com.jayway.jsonpath.internal.path.CompiledPath -- Evaluating path: $
12:52:31.332 [main] DEBUG com.jayway.jsonpath.internal.JsonContext -- Put path $ key windowsVirtualKeyCode value {}
12:52:31.332 [main] DEBUG com.jayway.jsonpath.internal.path.CompiledPath -- Evaluating path: $
12:52:31.332 [main] DEBUG com.jayway.jsonpath.internal.JsonContext -- Put path $ key windowsVirtualKeyCode value 100
12:52:31.332 [main] DEBUG com.jayway.jsonpath.internal.path.CompiledPath -- Evaluating path: $
12:52:31.332 [main] DEBUG com.intuit.karate.driver.chrome_1718781747070 -- >> {"id":57,"sessionId":"6E8AA30DD668A003F92C379996F3A942","method":"Input.dispatchKeyEvent","params":{"modifiers":0,"type":"keyUp","text":"d","windowsVirtualKeyCode":100}}
12:52:31.341 [nioEventLoopGroup-9-1] DEBUG com.intuit.karate.driver.chrome_1718781747070 -- << {"id":57,"result":{},"sessionId":"6E8AA30DD668A003F92C379996F3A942"}
12:52:31.341 [nioEventLoopGroup-9-1] DEBUG com.jayway.jsonpath.internal.path.CompiledPath -- Evaluating path: $
12:52:31.341 [main] DEBUG com.jayway.jsonpath.internal.path.CompiledPath -- Evaluating path: $['modifiers']
12:52:31.341 [main] DEBUG com.jayway.jsonpath.internal.path.CompiledPath -- Evaluating path: $
12:52:31.341 [main] DEBUG com.jayway.jsonpath.internal.path.CompiledPath -- Evaluating path: $
12:52:31.341 [main] DEBUG com.jayway.jsonpath.internal.JsonContext -- Put path $ key modifiers value {}
12:52:31.341 [main] DEBUG com.jayway.jsonpath.internal.path.CompiledPath -- Evaluating path: $
12:52:31.341 [main] DEBUG com.jayway.jsonpath.internal.JsonContext -- Put path $ key modifiers value 0
12:52:31.341 [main] DEBUG com.jayway.jsonpath.internal.path.CompiledPath -- Evaluating path: $['type']
12:52:31.341 [main] DEBUG com.jayway.jsonpath.internal.path.CompiledPath -- Evaluating path: $
12:52:31.341 [main] DEBUG com.jayway.jsonpath.internal.path.CompiledPath -- Evaluating path: $
12:52:31.341 [main] DEBUG com.jayway.jsonpath.internal.JsonContext -- Put path $ key type value {}
12:52:31.341 [main] DEBUG com.jayway.jsonpath.internal.path.CompiledPath -- Evaluating path: $
12:52:31.341 [main] DEBUG com.jayway.jsonpath.internal.JsonContext -- Put path $ key type value rawKeyDown
12:52:31.341 [main] DEBUG com.jayway.jsonpath.internal.path.CompiledPath -- Evaluating path: $['text']
12:52:31.341 [main] DEBUG com.jayway.jsonpath.internal.path.CompiledPath -- Evaluating path: $
12:52:31.341 [main] DEBUG com.jayway.jsonpath.internal.path.CompiledPath -- Evaluating path: $
12:52:31.341 [main] DEBUG com.jayway.jsonpath.internal.JsonContext -- Put path $ key text value {}
12:52:31.341 [main] DEBUG com.jayway.jsonpath.internal.path.CompiledPath -- Evaluating path: $
12:52:31.341 [main] DEBUG com.jayway.jsonpath.internal.JsonContext -- Put path $ key text value _
12:52:31.341 [main] DEBUG com.jayway.jsonpath.internal.path.CompiledPath -- Evaluating path: $['windowsVirtualKeyCode']
12:52:31.341 [main] DEBUG com.jayway.jsonpath.internal.path.CompiledPath -- Evaluating path: $
12:52:31.341 [main] DEBUG com.jayway.jsonpath.internal.path.CompiledPath -- Evaluating path: $
12:52:31.341 [main] DEBUG com.jayway.jsonpath.internal.JsonContext -- Put path $ key windowsVirtualKeyCode value {}
12:52:31.341 [main] DEBUG com.jayway.jsonpath.internal.path.CompiledPath -- Evaluating path: $
12:52:31.341 [main] DEBUG com.jayway.jsonpath.internal.JsonContext -- Put path $ key windowsVirtualKeyCode value 523
12:52:31.341 [main] DEBUG com.jayway.jsonpath.internal.path.CompiledPath -- Evaluating path: $
12:52:31.341 [main] DEBUG com.intuit.karate.driver.chrome_1718781747070 -- >> {"id":58,"sessionId":"6E8AA30DD668A003F92C379996F3A942","method":"Input.dispatchKeyEvent","params":{"modifiers":0,"type":"rawKeyDown","text":"_","windowsVirtualKeyCode":523}}
12:52:31.345 [nioEventLoopGroup-9-1] DEBUG com.intuit.karate.driver.chrome_1718781747070 -- << {"id":58,"result":{},"sessionId":"6E8AA30DD668A003F92C379996F3A942"}
12:52:31.345 [nioEventLoopGroup-9-1] DEBUG com.jayway.jsonpath.internal.path.CompiledPath -- Evaluating path: $
12:52:31.347 [main] DEBUG com.jayway.jsonpath.internal.path.CompiledPath -- Evaluating path: $['modifiers']
12:52:31.347 [main] DEBUG com.jayway.jsonpath.internal.path.CompiledPath -- Evaluating path: $
12:52:31.347 [main] DEBUG com.jayway.jsonpath.internal.path.CompiledPath -- Evaluating path: $
12:52:31.347 [main] DEBUG com.jayway.jsonpath.internal.JsonContext -- Put path $ key modifiers value {}
12:52:31.347 [main] DEBUG com.jayway.jsonpath.internal.path.CompiledPath -- Evaluating path: $
12:52:31.347 [main] DEBUG com.jayway.jsonpath.internal.JsonContext -- Put path $ key modifiers value 0
12:52:31.347 [main] DEBUG com.jayway.jsonpath.internal.path.CompiledPath -- Evaluating path: $['type']
12:52:31.347 [main] DEBUG com.jayway.jsonpath.internal.path.CompiledPath -- Evaluating path: $
12:52:31.347 [main] DEBUG com.jayway.jsonpath.internal.path.CompiledPath -- Evaluating path: $
12:52:31.347 [main] DEBUG com.jayway.jsonpath.internal.JsonContext -- Put path $ key type value {}
12:52:31.347 [main] DEBUG com.jayway.jsonpath.internal.path.CompiledPath -- Evaluating path: $
12:52:31.347 [main] DEBUG com.jayway.jsonpath.internal.JsonContext -- Put path $ key type value char
12:52:31.347 [main] DEBUG com.jayway.jsonpath.internal.path.CompiledPath -- Evaluating path: $['text']
12:52:31.347 [main] DEBUG com.jayway.jsonpath.internal.path.CompiledPath -- Evaluating path: $
12:52:31.347 [main] DEBUG com.jayway.jsonpath.internal.path.CompiledPath -- Evaluating path: $
12:52:31.347 [main] DEBUG com.jayway.jsonpath.internal.JsonContext -- Put path $ key text value {}
12:52:31.347 [main] DEBUG com.jayway.jsonpath.internal.path.CompiledPath -- Evaluating path: $
12:52:31.347 [main] DEBUG com.jayway.jsonpath.internal.JsonContext -- Put path $ key text value _
12:52:31.347 [main] DEBUG com.jayway.jsonpath.internal.path.CompiledPath -- Evaluating path: $['windowsVirtualKeyCode']
12:52:31.347 [main] DEBUG com.jayway.jsonpath.internal.path.CompiledPath -- Evaluating path: $
12:52:31.347 [main] DEBUG com.jayway.jsonpath.internal.path.CompiledPath -- Evaluating path: $
12:52:31.347 [main] DEBUG com.jayway.jsonpath.internal.JsonContext -- Put path $ key windowsVirtualKeyCode value {}
12:52:31.347 [main] DEBUG com.jayway.jsonpath.internal.path.CompiledPath -- Evaluating path: $
12:52:31.347 [main] DEBUG com.jayway.jsonpath.internal.JsonContext -- Put path $ key windowsVirtualKeyCode value 523
12:52:31.347 [main] DEBUG com.jayway.jsonpath.internal.path.CompiledPath -- Evaluating path: $
12:52:31.347 [main] DEBUG com.intuit.karate.driver.chrome_1718781747070 -- >> {"id":59,"sessionId":"6E8AA30DD668A003F92C379996F3A942","method":"Input.dispatchKeyEvent","params":{"modifiers":0,"type":"char","text":"_","windowsVirtualKeyCode":523}}
12:52:31.347 [nioEventLoopGroup-9-1] DEBUG com.intuit.karate.driver.chrome_1718781747070 -- << {"id":59,"result":{},"sessionId":"6E8AA30DD668A003F92C379996F3A942"}
12:52:31.347 [nioEventLoopGroup-9-1] DEBUG com.jayway.jsonpath.internal.path.CompiledPath -- Evaluating path: $
12:52:31.347 [main] DEBUG com.jayway.jsonpath.internal.path.CompiledPath -- Evaluating path: $['modifiers']
12:52:31.347 [main] DEBUG com.jayway.jsonpath.internal.path.CompiledPath -- Evaluating path: $
12:52:31.347 [main] DEBUG com.jayway.jsonpath.internal.path.CompiledPath -- Evaluating path: $
12:52:31.347 [main] DEBUG com.jayway.jsonpath.internal.JsonContext -- Put path $ key modifiers value {}
12:52:31.347 [main] DEBUG com.jayway.jsonpath.internal.path.CompiledPath -- Evaluating path: $
12:52:31.347 [main] DEBUG com.jayway.jsonpath.internal.JsonContext -- Put path $ key modifiers value 0
12:52:31.347 [main] DEBUG com.jayway.jsonpath.internal.path.CompiledPath -- Evaluating path: $['type']
12:52:31.347 [main] DEBUG com.jayway.jsonpath.internal.path.CompiledPath -- Evaluating path: $
12:52:31.347 [main] DEBUG com.jayway.jsonpath.internal.path.CompiledPath -- Evaluating path: $
12:52:31.347 [main] DEBUG com.jayway.jsonpath.internal.JsonContext -- Put path $ key type value {}
12:52:31.347 [main] DEBUG com.jayway.jsonpath.internal.path.CompiledPath -- Evaluating path: $
12:52:31.347 [main] DEBUG com.jayway.jsonpath.internal.JsonContext -- Put path $ key type value keyUp
12:52:31.347 [main] DEBUG com.jayway.jsonpath.internal.path.CompiledPath -- Evaluating path: $['text']
12:52:31.347 [main] DEBUG com.jayway.jsonpath.internal.path.CompiledPath -- Evaluating path: $
12:52:31.347 [main] DEBUG com.jayway.jsonpath.internal.path.CompiledPath -- Evaluating path: $
12:52:31.347 [main] DEBUG com.jayway.jsonpath.internal.JsonContext -- Put path $ key text value {}
12:52:31.347 [main] DEBUG com.jayway.jsonpath.internal.path.CompiledPath -- Evaluating path: $
12:52:31.347 [main] DEBUG com.jayway.jsonpath.internal.JsonContext -- Put path $ key text value _
12:52:31.347 [main] DEBUG com.jayway.jsonpath.internal.path.CompiledPath -- Evaluating path: $['windowsVirtualKeyCode']
12:52:31.347 [main] DEBUG com.jayway.jsonpath.internal.path.CompiledPath -- Evaluating path: $
12:52:31.347 [main] DEBUG com.jayway.jsonpath.internal.path.CompiledPath -- Evaluating path: $
12:52:31.347 [main] DEBUG com.jayway.jsonpath.internal.JsonContext -- Put path $ key windowsVirtualKeyCode value {}
12:52:31.347 [main] DEBUG com.jayway.jsonpath.internal.path.CompiledPath -- Evaluating path: $
12:52:31.347 [main] DEBUG com.jayway.jsonpath.internal.JsonContext -- Put path $ key windowsVirtualKeyCode value 523
12:52:31.347 [main] DEBUG com.jayway.jsonpath.internal.path.CompiledPath -- Evaluating path: $
12:52:31.347 [main] DEBUG com.intuit.karate.driver.chrome_1718781747070 -- >> {"id":60,"sessionId":"6E8AA30DD668A003F92C379996F3A942","method":"Input.dispatchKeyEvent","params":{"modifiers":0,"type":"keyUp","text":"_","windowsVirtualKeyCode":523}}
12:52:31.347 [nioEventLoopGroup-9-1] DEBUG com.intuit.karate.driver.chrome_1718781747070 -- << {"id":60,"result":{},"sessionId":"6E8AA30DD668A003F92C379996F3A942"}
12:52:31.347 [nioEventLoopGroup-9-1] DEBUG com.jayway.jsonpath.internal.path.CompiledPath -- Evaluating path: $
12:52:31.347 [main] DEBUG com.jayway.jsonpath.internal.path.CompiledPath -- Evaluating path: $['modifiers']
12:52:31.347 [main] DEBUG com.jayway.jsonpath.internal.path.CompiledPath -- Evaluating path: $
12:52:31.347 [main] DEBUG com.jayway.jsonpath.internal.path.CompiledPath -- Evaluating path: $
12:52:31.347 [main] DEBUG com.jayway.jsonpath.internal.JsonContext -- Put path $ key modifiers value {}
12:52:31.347 [main] DEBUG com.jayway.jsonpath.internal.path.CompiledPath -- Evaluating path: $
12:52:31.347 [main] DEBUG com.jayway.jsonpath.internal.JsonContext -- Put path $ key modifiers value 0
12:52:31.347 [main] DEBUG com.jayway.jsonpath.internal.path.CompiledPath -- Evaluating path: $['type']
12:52:31.347 [main] DEBUG com.jayway.jsonpath.internal.path.CompiledPath -- Evaluating path: $
12:52:31.347 [main] DEBUG com.jayway.jsonpath.internal.path.CompiledPath -- Evaluating path: $
12:52:31.347 [main] DEBUG com.jayway.jsonpath.internal.JsonContext -- Put path $ key type value {}
12:52:31.347 [main] DEBUG com.jayway.jsonpath.internal.path.CompiledPath -- Evaluating path: $
12:52:31.347 [main] DEBUG com.jayway.jsonpath.internal.JsonContext -- Put path $ key type value rawKeyDown
12:52:31.347 [main] DEBUG com.jayway.jsonpath.internal.path.CompiledPath -- Evaluating path: $['text']
12:52:31.347 [main] DEBUG com.jayway.jsonpath.internal.path.CompiledPath -- Evaluating path: $
12:52:31.347 [main] DEBUG com.jayway.jsonpath.internal.path.CompiledPath -- Evaluating path: $
12:52:31.347 [main] DEBUG com.jayway.jsonpath.internal.JsonContext -- Put path $ key text value {}
12:52:31.347 [main] DEBUG com.jayway.jsonpath.internal.path.CompiledPath -- Evaluating path: $
12:52:31.347 [main] DEBUG com.jayway.jsonpath.internal.JsonContext -- Put path $ key text value u
12:52:31.347 [main] DEBUG com.jayway.jsonpath.internal.path.CompiledPath -- Evaluating path: $['windowsVirtualKeyCode']
12:52:31.347 [main] DEBUG com.jayway.jsonpath.internal.path.CompiledPath -- Evaluating path: $
12:52:31.347 [main] DEBUG com.jayway.jsonpath.internal.path.CompiledPath -- Evaluating path: $
12:52:31.347 [main] DEBUG com.jayway.jsonpath.internal.JsonContext -- Put path $ key windowsVirtualKeyCode value {}
12:52:31.347 [main] DEBUG com.jayway.jsonpath.internal.path.CompiledPath -- Evaluating path: $
12:52:31.347 [main] DEBUG com.jayway.jsonpath.internal.JsonContext -- Put path $ key windowsVirtualKeyCode value 117
12:52:31.347 [main] DEBUG com.jayway.jsonpath.internal.path.CompiledPath -- Evaluating path: $
12:52:31.347 [main] DEBUG com.intuit.karate.driver.chrome_1718781747070 -- >> {"id":61,"sessionId":"6E8AA30DD668A003F92C379996F3A942","method":"Input.dispatchKeyEvent","params":{"modifiers":0,"type":"rawKeyDown","text":"u","windowsVirtualKeyCode":117}}
12:52:31.347 [nioEventLoopGroup-9-1] DEBUG com.intuit.karate.driver.chrome_1718781747070 -- << {"id":61,"result":{},"sessionId":"6E8AA30DD668A003F92C379996F3A942"}
12:52:31.347 [nioEventLoopGroup-9-1] DEBUG com.jayway.jsonpath.internal.path.CompiledPath -- Evaluating path: $
12:52:31.347 [main] DEBUG com.jayway.jsonpath.internal.path.CompiledPath -- Evaluating path: $['modifiers']
12:52:31.347 [main] DEBUG com.jayway.jsonpath.internal.path.CompiledPath -- Evaluating path: $
12:52:31.347 [main] DEBUG com.jayway.jsonpath.internal.path.CompiledPath -- Evaluating path: $
12:52:31.347 [main] DEBUG com.jayway.jsonpath.internal.JsonContext -- Put path $ key modifiers value {}
12:52:31.347 [main] DEBUG com.jayway.jsonpath.internal.path.CompiledPath -- Evaluating path: $
12:52:31.347 [main] DEBUG com.jayway.jsonpath.internal.JsonContext -- Put path $ key modifiers value 0
12:52:31.347 [main] DEBUG com.jayway.jsonpath.internal.path.CompiledPath -- Evaluating path: $['type']
12:52:31.347 [main] DEBUG com.jayway.jsonpath.internal.path.CompiledPath -- Evaluating path: $
12:52:31.347 [main] DEBUG com.jayway.jsonpath.internal.path.CompiledPath -- Evaluating path: $
12:52:31.347 [main] DEBUG com.jayway.jsonpath.internal.JsonContext -- Put path $ key type value {}
12:52:31.347 [main] DEBUG com.jayway.jsonpath.internal.path.CompiledPath -- Evaluating path: $
12:52:31.347 [main] DEBUG com.jayway.jsonpath.internal.JsonContext -- Put path $ key type value char
12:52:31.347 [main] DEBUG com.jayway.jsonpath.internal.path.CompiledPath -- Evaluating path: $['text']
12:52:31.347 [main] DEBUG com.jayway.jsonpath.internal.path.CompiledPath -- Evaluating path: $
12:52:31.347 [main] DEBUG com.jayway.jsonpath.internal.path.CompiledPath -- Evaluating path: $
12:52:31.347 [main] DEBUG com.jayway.jsonpath.internal.JsonContext -- Put path $ key text value {}
12:52:31.347 [main] DEBUG com.jayway.jsonpath.internal.path.CompiledPath -- Evaluating path: $
12:52:31.347 [main] DEBUG com.jayway.jsonpath.internal.JsonContext -- Put path $ key text value u
12:52:31.347 [main] DEBUG com.jayway.jsonpath.internal.path.CompiledPath -- Evaluating path: $['windowsVirtualKeyCode']
12:52:31.347 [main] DEBUG com.jayway.jsonpath.internal.path.CompiledPath -- Evaluating path: $
12:52:31.347 [main] DEBUG com.jayway.jsonpath.internal.path.CompiledPath -- Evaluating path: $
12:52:31.347 [main] DEBUG com.jayway.jsonpath.internal.JsonContext -- Put path $ key windowsVirtualKeyCode value {}
12:52:31.347 [main] DEBUG com.jayway.jsonpath.internal.path.CompiledPath -- Evaluating path: $
12:52:31.347 [main] DEBUG com.jayway.jsonpath.internal.JsonContext -- Put path $ key windowsVirtualKeyCode value 117
12:52:31.347 [main] DEBUG com.jayway.jsonpath.internal.path.CompiledPath -- Evaluating path: $
12:52:31.347 [main] DEBUG com.intuit.karate.driver.chrome_1718781747070 -- >> {"id":62,"sessionId":"6E8AA30DD668A003F92C379996F3A942","method":"Input.dispatchKeyEvent","params":{"modifiers":0,"type":"char","text":"u","windowsVirtualKeyCode":117}}
12:52:31.357 [nioEventLoopGroup-9-1] DEBUG com.intuit.karate.driver.chrome_1718781747070 -- << {"id":62,"result":{},"sessionId":"6E8AA30DD668A003F92C379996F3A942"}
12:52:31.357 [nioEventLoopGroup-9-1] DEBUG com.jayway.jsonpath.internal.path.CompiledPath -- Evaluating path: $
12:52:31.357 [main] DEBUG com.jayway.jsonpath.internal.path.CompiledPath -- Evaluating path: $['modifiers']
12:52:31.357 [main] DEBUG com.jayway.jsonpath.internal.path.CompiledPath -- Evaluating path: $
12:52:31.357 [main] DEBUG com.jayway.jsonpath.internal.path.CompiledPath -- Evaluating path: $
12:52:31.357 [main] DEBUG com.jayway.jsonpath.internal.JsonContext -- Put path $ key modifiers value {}
12:52:31.357 [main] DEBUG com.jayway.jsonpath.internal.path.CompiledPath -- Evaluating path: $
12:52:31.357 [main] DEBUG com.jayway.jsonpath.internal.JsonContext -- Put path $ key modifiers value 0
12:52:31.357 [main] DEBUG com.jayway.jsonpath.internal.path.CompiledPath -- Evaluating path: $['type']
12:52:31.357 [main] DEBUG com.jayway.jsonpath.internal.path.CompiledPath -- Evaluating path: $
12:52:31.357 [main] DEBUG com.jayway.jsonpath.internal.path.CompiledPath -- Evaluating path: $
12:52:31.357 [main] DEBUG com.jayway.jsonpath.internal.JsonContext -- Put path $ key type value {}
12:52:31.357 [main] DEBUG com.jayway.jsonpath.internal.path.CompiledPath -- Evaluating path: $
12:52:31.357 [main] DEBUG com.jayway.jsonpath.internal.JsonContext -- Put path $ key type value keyUp
12:52:31.357 [main] DEBUG com.jayway.jsonpath.internal.path.CompiledPath -- Evaluating path: $['text']
12:52:31.357 [main] DEBUG com.jayway.jsonpath.internal.path.CompiledPath -- Evaluating path: $
12:52:31.357 [main] DEBUG com.jayway.jsonpath.internal.path.CompiledPath -- Evaluating path: $
12:52:31.357 [main] DEBUG com.jayway.jsonpath.internal.JsonContext -- Put path $ key text value {}
12:52:31.357 [main] DEBUG com.jayway.jsonpath.internal.path.CompiledPath -- Evaluating path: $
12:52:31.357 [main] DEBUG com.jayway.jsonpath.internal.JsonContext -- Put path $ key text value u
12:52:31.357 [main] DEBUG com.jayway.jsonpath.internal.path.CompiledPath -- Evaluating path: $['windowsVirtualKeyCode']
12:52:31.357 [main] DEBUG com.jayway.jsonpath.internal.path.CompiledPath -- Evaluating path: $
12:52:31.357 [main] DEBUG com.jayway.jsonpath.internal.path.CompiledPath -- Evaluating path: $
12:52:31.357 [main] DEBUG com.jayway.jsonpath.internal.JsonContext -- Put path $ key windowsVirtualKeyCode value {}
12:52:31.357 [main] DEBUG com.jayway.jsonpath.internal.path.CompiledPath -- Evaluating path: $
12:52:31.357 [main] DEBUG com.jayway.jsonpath.internal.JsonContext -- Put path $ key windowsVirtualKeyCode value 117
12:52:31.357 [main] DEBUG com.jayway.jsonpath.internal.path.CompiledPath -- Evaluating path: $
12:52:31.357 [main] DEBUG com.intuit.karate.driver.chrome_1718781747070 -- >> {"id":63,"sessionId":"6E8AA30DD668A003F92C379996F3A942","method":"Input.dispatchKeyEvent","params":{"modifiers":0,"type":"keyUp","text":"u","windowsVirtualKeyCode":117}}
12:52:31.357 [nioEventLoopGroup-9-1] DEBUG com.intuit.karate.driver.chrome_1718781747070 -- << {"id":63,"result":{},"sessionId":"6E8AA30DD668A003F92C379996F3A942"}
12:52:31.357 [nioEventLoopGroup-9-1] DEBUG com.jayway.jsonpath.internal.path.CompiledPath -- Evaluating path: $
12:52:31.357 [main] DEBUG com.jayway.jsonpath.internal.path.CompiledPath -- Evaluating path: $['modifiers']
12:52:31.357 [main] DEBUG com.jayway.jsonpath.internal.path.CompiledPath -- Evaluating path: $
12:52:31.357 [main] DEBUG com.jayway.jsonpath.internal.path.CompiledPath -- Evaluating path: $
12:52:31.357 [main] DEBUG com.jayway.jsonpath.internal.JsonContext -- Put path $ key modifiers value {}
12:52:31.357 [main] DEBUG com.jayway.jsonpath.internal.path.CompiledPath -- Evaluating path: $
12:52:31.357 [main] DEBUG com.jayway.jsonpath.internal.JsonContext -- Put path $ key modifiers value 0
12:52:31.357 [main] DEBUG com.jayway.jsonpath.internal.path.CompiledPath -- Evaluating path: $['type']
12:52:31.357 [main] DEBUG com.jayway.jsonpath.internal.path.CompiledPath -- Evaluating path: $
12:52:31.357 [main] DEBUG com.jayway.jsonpath.internal.path.CompiledPath -- Evaluating path: $
12:52:31.357 [main] DEBUG com.jayway.jsonpath.internal.JsonContext -- Put path $ key type value {}
12:52:31.357 [main] DEBUG com.jayway.jsonpath.internal.path.CompiledPath -- Evaluating path: $
12:52:31.357 [main] DEBUG com.jayway.jsonpath.internal.JsonContext -- Put path $ key type value rawKeyDown
12:52:31.357 [main] DEBUG com.jayway.jsonpath.internal.path.CompiledPath -- Evaluating path: $['text']
12:52:31.357 [main] DEBUG com.jayway.jsonpath.internal.path.CompiledPath -- Evaluating path: $
12:52:31.357 [main] DEBUG com.jayway.jsonpath.internal.path.CompiledPath -- Evaluating path: $
12:52:31.357 [main] DEBUG com.jayway.jsonpath.internal.JsonContext -- Put path $ key text value {}
12:52:31.357 [main] DEBUG com.jayway.jsonpath.internal.path.CompiledPath -- Evaluating path: $
12:52:31.357 [main] DEBUG com.jayway.jsonpath.internal.JsonContext -- Put path $ key text value s
12:52:31.357 [main] DEBUG com.jayway.jsonpath.internal.path.CompiledPath -- Evaluating path: $['windowsVirtualKeyCode']
12:52:31.357 [main] DEBUG com.jayway.jsonpath.internal.path.CompiledPath -- Evaluating path: $
12:52:31.357 [main] DEBUG com.jayway.jsonpath.internal.path.CompiledPath -- Evaluating path: $
12:52:31.357 [main] DEBUG com.jayway.jsonpath.internal.JsonContext -- Put path $ key windowsVirtualKeyCode value {}
12:52:31.357 [main] DEBUG com.jayway.jsonpath.internal.path.CompiledPath -- Evaluating path: $
12:52:31.357 [main] DEBUG com.jayway.jsonpath.internal.JsonContext -- Put path $ key windowsVirtualKeyCode value 115
12:52:31.357 [main] DEBUG com.jayway.jsonpath.internal.path.CompiledPath -- Evaluating path: $
12:52:31.357 [main] DEBUG com.intuit.karate.driver.chrome_1718781747070 -- >> {"id":64,"sessionId":"6E8AA30DD668A003F92C379996F3A942","method":"Input.dispatchKeyEvent","params":{"modifiers":0,"type":"rawKeyDown","text":"s","windowsVirtualKeyCode":115}}
12:52:31.362 [nioEventLoopGroup-9-1] DEBUG com.intuit.karate.driver.chrome_1718781747070 -- << {"id":64,"result":{},"sessionId":"6E8AA30DD668A003F92C379996F3A942"}
12:52:31.364 [nioEventLoopGroup-9-1] DEBUG com.jayway.jsonpath.internal.path.CompiledPath -- Evaluating path: $
12:52:31.364 [main] DEBUG com.jayway.jsonpath.internal.path.CompiledPath -- Evaluating path: $['modifiers']
12:52:31.364 [main] DEBUG com.jayway.jsonpath.internal.path.CompiledPath -- Evaluating path: $
12:52:31.364 [main] DEBUG com.jayway.jsonpath.internal.path.CompiledPath -- Evaluating path: $
12:52:31.364 [main] DEBUG com.jayway.jsonpath.internal.JsonContext -- Put path $ key modifiers value {}
12:52:31.364 [main] DEBUG com.jayway.jsonpath.internal.path.CompiledPath -- Evaluating path: $
12:52:31.364 [main] DEBUG com.jayway.jsonpath.internal.JsonContext -- Put path $ key modifiers value 0
12:52:31.364 [main] DEBUG com.jayway.jsonpath.internal.path.CompiledPath -- Evaluating path: $['type']
12:52:31.364 [main] DEBUG com.jayway.jsonpath.internal.path.CompiledPath -- Evaluating path: $
12:52:31.364 [main] DEBUG com.jayway.jsonpath.internal.path.CompiledPath -- Evaluating path: $
12:52:31.364 [main] DEBUG com.jayway.jsonpath.internal.JsonContext -- Put path $ key type value {}
12:52:31.364 [main] DEBUG com.jayway.jsonpath.internal.path.CompiledPath -- Evaluating path: $
12:52:31.364 [main] DEBUG com.jayway.jsonpath.internal.JsonContext -- Put path $ key type value char
12:52:31.364 [main] DEBUG com.jayway.jsonpath.internal.path.CompiledPath -- Evaluating path: $['text']
12:52:31.364 [main] DEBUG com.jayway.jsonpath.internal.path.CompiledPath -- Evaluating path: $
12:52:31.364 [main] DEBUG com.jayway.jsonpath.internal.path.CompiledPath -- Evaluating path: $
12:52:31.364 [main] DEBUG com.jayway.jsonpath.internal.JsonContext -- Put path $ key text value {}
12:52:31.364 [main] DEBUG com.jayway.jsonpath.internal.path.CompiledPath -- Evaluating path: $
12:52:31.364 [main] DEBUG com.jayway.jsonpath.internal.JsonContext -- Put path $ key text value s
12:52:31.364 [main] DEBUG com.jayway.jsonpath.internal.path.CompiledPath -- Evaluating path: $['windowsVirtualKeyCode']
12:52:31.364 [main] DEBUG com.jayway.jsonpath.internal.path.CompiledPath -- Evaluating path: $
12:52:31.364 [main] DEBUG com.jayway.jsonpath.internal.path.CompiledPath -- Evaluating path: $
12:52:31.364 [main] DEBUG com.jayway.jsonpath.internal.JsonContext -- Put path $ key windowsVirtualKeyCode value {}
12:52:31.364 [main] DEBUG com.jayway.jsonpath.internal.path.CompiledPath -- Evaluating path: $
12:52:31.364 [main] DEBUG com.jayway.jsonpath.internal.JsonContext -- Put path $ key windowsVirtualKeyCode value 115
12:52:31.364 [main] DEBUG com.jayway.jsonpath.internal.path.CompiledPath -- Evaluating path: $
12:52:31.364 [main] DEBUG com.intuit.karate.driver.chrome_1718781747070 -- >> {"id":65,"sessionId":"6E8AA30DD668A003F92C379996F3A942","method":"Input.dispatchKeyEvent","params":{"modifiers":0,"type":"char","text":"s","windowsVirtualKeyCode":115}}
12:52:31.368 [nioEventLoopGroup-9-1] DEBUG com.intuit.karate.driver.chrome_1718781747070 -- << {"id":65,"result":{},"sessionId":"6E8AA30DD668A003F92C379996F3A942"}
12:52:31.368 [nioEventLoopGroup-9-1] DEBUG com.jayway.jsonpath.internal.path.CompiledPath -- Evaluating path: $
12:52:31.368 [main] DEBUG com.jayway.jsonpath.internal.path.CompiledPath -- Evaluating path: $['modifiers']
12:52:31.368 [main] DEBUG com.jayway.jsonpath.internal.path.CompiledPath -- Evaluating path: $
12:52:31.368 [main] DEBUG com.jayway.jsonpath.internal.path.CompiledPath -- Evaluating path: $
12:52:31.368 [main] DEBUG com.jayway.jsonpath.internal.JsonContext -- Put path $ key modifiers value {}
12:52:31.368 [main] DEBUG com.jayway.jsonpath.internal.path.CompiledPath -- Evaluating path: $
12:52:31.368 [main] DEBUG com.jayway.jsonpath.internal.JsonContext -- Put path $ key modifiers value 0
12:52:31.368 [main] DEBUG com.jayway.jsonpath.internal.path.CompiledPath -- Evaluating path: $['type']
12:52:31.368 [main] DEBUG com.jayway.jsonpath.internal.path.CompiledPath -- Evaluating path: $
12:52:31.368 [main] DEBUG com.jayway.jsonpath.internal.path.CompiledPath -- Evaluating path: $
12:52:31.368 [main] DEBUG com.jayway.jsonpath.internal.JsonContext -- Put path $ key type value {}
12:52:31.368 [main] DEBUG com.jayway.jsonpath.internal.path.CompiledPath -- Evaluating path: $
12:52:31.368 [main] DEBUG com.jayway.jsonpath.internal.JsonContext -- Put path $ key type value keyUp
12:52:31.368 [main] DEBUG com.jayway.jsonpath.internal.path.CompiledPath -- Evaluating path: $['text']
12:52:31.368 [main] DEBUG com.jayway.jsonpath.internal.path.CompiledPath -- Evaluating path: $
12:52:31.368 [main] DEBUG com.jayway.jsonpath.internal.path.CompiledPath -- Evaluating path: $
12:52:31.368 [main] DEBUG com.jayway.jsonpath.internal.JsonContext -- Put path $ key text value {}
12:52:31.368 [main] DEBUG com.jayway.jsonpath.internal.path.CompiledPath -- Evaluating path: $
12:52:31.368 [main] DEBUG com.jayway.jsonpath.internal.JsonContext -- Put path $ key text value s
12:52:31.368 [main] DEBUG com.jayway.jsonpath.internal.path.CompiledPath -- Evaluating path: $['windowsVirtualKeyCode']
12:52:31.368 [main] DEBUG com.jayway.jsonpath.internal.path.CompiledPath -- Evaluating path: $
12:52:31.368 [main] DEBUG com.jayway.jsonpath.internal.path.CompiledPath -- Evaluating path: $
12:52:31.368 [main] DEBUG com.jayway.jsonpath.internal.JsonContext -- Put path $ key windowsVirtualKeyCode value {}
12:52:31.368 [main] DEBUG com.jayway.jsonpath.internal.path.CompiledPath -- Evaluating path: $
12:52:31.368 [main] DEBUG com.jayway.jsonpath.internal.JsonContext -- Put path $ key windowsVirtualKeyCode value 115
12:52:31.368 [main] DEBUG com.jayway.jsonpath.internal.path.CompiledPath -- Evaluating path: $
12:52:31.368 [main] DEBUG com.intuit.karate.driver.chrome_1718781747070 -- >> {"id":66,"sessionId":"6E8AA30DD668A003F92C379996F3A942","method":"Input.dispatchKeyEvent","params":{"modifiers":0,"type":"keyUp","text":"s","windowsVirtualKeyCode":115}}
12:52:31.370 [nioEventLoopGroup-9-1] DEBUG com.intuit.karate.driver.chrome_1718781747070 -- << {"id":66,"result":{},"sessionId":"6E8AA30DD668A003F92C379996F3A942"}
12:52:31.370 [nioEventLoopGroup-9-1] DEBUG com.jayway.jsonpath.internal.path.CompiledPath -- Evaluating path: $
12:52:31.370 [main] DEBUG com.jayway.jsonpath.internal.path.CompiledPath -- Evaluating path: $['modifiers']
12:52:31.370 [main] DEBUG com.jayway.jsonpath.internal.path.CompiledPath -- Evaluating path: $
12:52:31.370 [main] DEBUG com.jayway.jsonpath.internal.path.CompiledPath -- Evaluating path: $
12:52:31.370 [main] DEBUG com.jayway.jsonpath.internal.JsonContext -- Put path $ key modifiers value {}
12:52:31.370 [main] DEBUG com.jayway.jsonpath.internal.path.CompiledPath -- Evaluating path: $
12:52:31.370 [main] DEBUG com.jayway.jsonpath.internal.JsonContext -- Put path $ key modifiers value 0
12:52:31.370 [main] DEBUG com.jayway.jsonpath.internal.path.CompiledPath -- Evaluating path: $['type']
12:52:31.370 [main] DEBUG com.jayway.jsonpath.internal.path.CompiledPath -- Evaluating path: $
12:52:31.370 [main] DEBUG com.jayway.jsonpath.internal.path.CompiledPath -- Evaluating path: $
12:52:31.370 [main] DEBUG com.jayway.jsonpath.internal.JsonContext -- Put path $ key type value {}
12:52:31.370 [main] DEBUG com.jayway.jsonpath.internal.path.CompiledPath -- Evaluating path: $
12:52:31.370 [main] DEBUG com.jayway.jsonpath.internal.JsonContext -- Put path $ key type value rawKeyDown
12:52:31.370 [main] DEBUG com.jayway.jsonpath.internal.path.CompiledPath -- Evaluating path: $['text']
12:52:31.370 [main] DEBUG com.jayway.jsonpath.internal.path.CompiledPath -- Evaluating path: $
12:52:31.370 [main] DEBUG com.jayway.jsonpath.internal.path.CompiledPath -- Evaluating path: $
12:52:31.370 [main] DEBUG com.jayway.jsonpath.internal.JsonContext -- Put path $ key text value {}
12:52:31.370 [main] DEBUG com.jayway.jsonpath.internal.path.CompiledPath -- Evaluating path: $
12:52:31.370 [main] DEBUG com.jayway.jsonpath.internal.JsonContext -- Put path $ key text value e
12:52:31.370 [main] DEBUG com.jayway.jsonpath.internal.path.CompiledPath -- Evaluating path: $['windowsVirtualKeyCode']
12:52:31.370 [main] DEBUG com.jayway.jsonpath.internal.path.CompiledPath -- Evaluating path: $
12:52:31.370 [main] DEBUG com.jayway.jsonpath.internal.path.CompiledPath -- Evaluating path: $
12:52:31.370 [main] DEBUG com.jayway.jsonpath.internal.JsonContext -- Put path $ key windowsVirtualKeyCode value {}
12:52:31.370 [main] DEBUG com.jayway.jsonpath.internal.path.CompiledPath -- Evaluating path: $
12:52:31.370 [main] DEBUG com.jayway.jsonpath.internal.JsonContext -- Put path $ key windowsVirtualKeyCode value 101
12:52:31.370 [main] DEBUG com.jayway.jsonpath.internal.path.CompiledPath -- Evaluating path: $
12:52:31.370 [main] DEBUG com.intuit.karate.driver.chrome_1718781747070 -- >> {"id":67,"sessionId":"6E8AA30DD668A003F92C379996F3A942","method":"Input.dispatchKeyEvent","params":{"modifiers":0,"type":"rawKeyDown","text":"e","windowsVirtualKeyCode":101}}
12:52:31.372 [nioEventLoopGroup-9-1] DEBUG com.intuit.karate.driver.chrome_1718781747070 -- << {"id":67,"result":{},"sessionId":"6E8AA30DD668A003F92C379996F3A942"}
12:52:31.372 [nioEventLoopGroup-9-1] DEBUG com.jayway.jsonpath.internal.path.CompiledPath -- Evaluating path: $
12:52:31.372 [main] DEBUG com.jayway.jsonpath.internal.path.CompiledPath -- Evaluating path: $['modifiers']
12:52:31.372 [main] DEBUG com.jayway.jsonpath.internal.path.CompiledPath -- Evaluating path: $
12:52:31.372 [main] DEBUG com.jayway.jsonpath.internal.path.CompiledPath -- Evaluating path: $
12:52:31.372 [main] DEBUG com.jayway.jsonpath.internal.JsonContext -- Put path $ key modifiers value {}
12:52:31.372 [main] DEBUG com.jayway.jsonpath.internal.path.CompiledPath -- Evaluating path: $
12:52:31.372 [main] DEBUG com.jayway.jsonpath.internal.JsonContext -- Put path $ key modifiers value 0
12:52:31.372 [main] DEBUG com.jayway.jsonpath.internal.path.CompiledPath -- Evaluating path: $['type']
12:52:31.372 [main] DEBUG com.jayway.jsonpath.internal.path.CompiledPath -- Evaluating path: $
12:52:31.372 [main] DEBUG com.jayway.jsonpath.internal.path.CompiledPath -- Evaluating path: $
12:52:31.372 [main] DEBUG com.jayway.jsonpath.internal.JsonContext -- Put path $ key type value {}
12:52:31.372 [main] DEBUG com.jayway.jsonpath.internal.path.CompiledPath -- Evaluating path: $
12:52:31.372 [main] DEBUG com.jayway.jsonpath.internal.JsonContext -- Put path $ key type value char
12:52:31.372 [main] DEBUG com.jayway.jsonpath.internal.path.CompiledPath -- Evaluating path: $['text']
12:52:31.372 [main] DEBUG com.jayway.jsonpath.internal.path.CompiledPath -- Evaluating path: $
12:52:31.372 [main] DEBUG com.jayway.jsonpath.internal.path.CompiledPath -- Evaluating path: $
12:52:31.372 [main] DEBUG com.jayway.jsonpath.internal.JsonContext -- Put path $ key text value {}
12:52:31.372 [main] DEBUG com.jayway.jsonpath.internal.path.CompiledPath -- Evaluating path: $
12:52:31.372 [main] DEBUG com.jayway.jsonpath.internal.JsonContext -- Put path $ key text value e
12:52:31.372 [main] DEBUG com.jayway.jsonpath.internal.path.CompiledPath -- Evaluating path: $['windowsVirtualKeyCode']
12:52:31.372 [main] DEBUG com.jayway.jsonpath.internal.path.CompiledPath -- Evaluating path: $
12:52:31.372 [main] DEBUG com.jayway.jsonpath.internal.path.CompiledPath -- Evaluating path: $
12:52:31.372 [main] DEBUG com.jayway.jsonpath.internal.JsonContext -- Put path $ key windowsVirtualKeyCode value {}
12:52:31.372 [main] DEBUG com.jayway.jsonpath.internal.path.CompiledPath -- Evaluating path: $
12:52:31.372 [main] DEBUG com.jayway.jsonpath.internal.JsonContext -- Put path $ key windowsVirtualKeyCode value 101
12:52:31.372 [main] DEBUG com.jayway.jsonpath.internal.path.CompiledPath -- Evaluating path: $
12:52:31.372 [main] DEBUG com.intuit.karate.driver.chrome_1718781747070 -- >> {"id":68,"sessionId":"6E8AA30DD668A003F92C379996F3A942","method":"Input.dispatchKeyEvent","params":{"modifiers":0,"type":"char","text":"e","windowsVirtualKeyCode":101}}
12:52:31.376 [nioEventLoopGroup-9-1] DEBUG com.intuit.karate.driver.chrome_1718781747070 -- << {"id":68,"result":{},"sessionId":"6E8AA30DD668A003F92C379996F3A942"}
12:52:31.376 [nioEventLoopGroup-9-1] DEBUG com.jayway.jsonpath.internal.path.CompiledPath -- Evaluating path: $
12:52:31.376 [main] DEBUG com.jayway.jsonpath.internal.path.CompiledPath -- Evaluating path: $['modifiers']
12:52:31.376 [main] DEBUG com.jayway.jsonpath.internal.path.CompiledPath -- Evaluating path: $
12:52:31.376 [main] DEBUG com.jayway.jsonpath.internal.path.CompiledPath -- Evaluating path: $
12:52:31.376 [main] DEBUG com.jayway.jsonpath.internal.JsonContext -- Put path $ key modifiers value {}
12:52:31.376 [main] DEBUG com.jayway.jsonpath.internal.path.CompiledPath -- Evaluating path: $
12:52:31.376 [main] DEBUG com.jayway.jsonpath.internal.JsonContext -- Put path $ key modifiers value 0
12:52:31.376 [main] DEBUG com.jayway.jsonpath.internal.path.CompiledPath -- Evaluating path: $['type']
12:52:31.376 [main] DEBUG com.jayway.jsonpath.internal.path.CompiledPath -- Evaluating path: $
12:52:31.376 [main] DEBUG com.jayway.jsonpath.internal.path.CompiledPath -- Evaluating path: $
12:52:31.376 [main] DEBUG com.jayway.jsonpath.internal.JsonContext -- Put path $ key type value {}
12:52:31.376 [main] DEBUG com.jayway.jsonpath.internal.path.CompiledPath -- Evaluating path: $
12:52:31.376 [main] DEBUG com.jayway.jsonpath.internal.JsonContext -- Put path $ key type value keyUp
12:52:31.376 [main] DEBUG com.jayway.jsonpath.internal.path.CompiledPath -- Evaluating path: $['text']
12:52:31.376 [main] DEBUG com.jayway.jsonpath.internal.path.CompiledPath -- Evaluating path: $
12:52:31.376 [main] DEBUG com.jayway.jsonpath.internal.path.CompiledPath -- Evaluating path: $
12:52:31.376 [main] DEBUG com.jayway.jsonpath.internal.JsonContext -- Put path $ key text value {}
12:52:31.376 [main] DEBUG com.jayway.jsonpath.internal.path.CompiledPath -- Evaluating path: $
12:52:31.376 [main] DEBUG com.jayway.jsonpath.internal.JsonContext -- Put path $ key text value e
12:52:31.376 [main] DEBUG com.jayway.jsonpath.internal.path.CompiledPath -- Evaluating path: $['windowsVirtualKeyCode']
12:52:31.376 [main] DEBUG com.jayway.jsonpath.internal.path.CompiledPath -- Evaluating path: $
12:52:31.376 [main] DEBUG com.jayway.jsonpath.internal.path.CompiledPath -- Evaluating path: $
12:52:31.376 [main] DEBUG com.jayway.jsonpath.internal.JsonContext -- Put path $ key windowsVirtualKeyCode value {}
12:52:31.376 [main] DEBUG com.jayway.jsonpath.internal.path.CompiledPath -- Evaluating path: $
12:52:31.376 [main] DEBUG com.jayway.jsonpath.internal.JsonContext -- Put path $ key windowsVirtualKeyCode value 101
12:52:31.376 [main] DEBUG com.jayway.jsonpath.internal.path.CompiledPath -- Evaluating path: $
12:52:31.376 [main] DEBUG com.intuit.karate.driver.chrome_1718781747070 -- >> {"id":69,"sessionId":"6E8AA30DD668A003F92C379996F3A942","method":"Input.dispatchKeyEvent","params":{"modifiers":0,"type":"keyUp","text":"e","windowsVirtualKeyCode":101}}
12:52:31.378 [nioEventLoopGroup-9-1] DEBUG com.intuit.karate.driver.chrome_1718781747070 -- << {"id":69,"result":{},"sessionId":"6E8AA30DD668A003F92C379996F3A942"}
12:52:31.378 [nioEventLoopGroup-9-1] DEBUG com.jayway.jsonpath.internal.path.CompiledPath -- Evaluating path: $
12:52:31.378 [main] DEBUG com.jayway.jsonpath.internal.path.CompiledPath -- Evaluating path: $['modifiers']
12:52:31.378 [main] DEBUG com.jayway.jsonpath.internal.path.CompiledPath -- Evaluating path: $
12:52:31.378 [main] DEBUG com.jayway.jsonpath.internal.path.CompiledPath -- Evaluating path: $
12:52:31.378 [main] DEBUG com.jayway.jsonpath.internal.JsonContext -- Put path $ key modifiers value {}
12:52:31.378 [main] DEBUG com.jayway.jsonpath.internal.path.CompiledPath -- Evaluating path: $
12:52:31.378 [main] DEBUG com.jayway.jsonpath.internal.JsonContext -- Put path $ key modifiers value 0
12:52:31.378 [main] DEBUG com.jayway.jsonpath.internal.path.CompiledPath -- Evaluating path: $['type']
12:52:31.378 [main] DEBUG com.jayway.jsonpath.internal.path.CompiledPath -- Evaluating path: $
12:52:31.378 [main] DEBUG com.jayway.jsonpath.internal.path.CompiledPath -- Evaluating path: $
12:52:31.378 [main] DEBUG com.jayway.jsonpath.internal.JsonContext -- Put path $ key type value {}
12:52:31.378 [main] DEBUG com.jayway.jsonpath.internal.path.CompiledPath -- Evaluating path: $
12:52:31.378 [main] DEBUG com.jayway.jsonpath.internal.JsonContext -- Put path $ key type value rawKeyDown
12:52:31.378 [main] DEBUG com.jayway.jsonpath.internal.path.CompiledPath -- Evaluating path: $['text']
12:52:31.378 [main] DEBUG com.jayway.jsonpath.internal.path.CompiledPath -- Evaluating path: $
12:52:31.378 [main] DEBUG com.jayway.jsonpath.internal.path.CompiledPath -- Evaluating path: $
12:52:31.378 [main] DEBUG com.jayway.jsonpath.internal.JsonContext -- Put path $ key text value {}
12:52:31.378 [main] DEBUG com.jayway.jsonpath.internal.path.CompiledPath -- Evaluating path: $
12:52:31.378 [main] DEBUG com.jayway.jsonpath.internal.JsonContext -- Put path $ key text value r
12:52:31.378 [main] DEBUG com.jayway.jsonpath.internal.path.CompiledPath -- Evaluating path: $['windowsVirtualKeyCode']
12:52:31.378 [main] DEBUG com.jayway.jsonpath.internal.path.CompiledPath -- Evaluating path: $
12:52:31.378 [main] DEBUG com.jayway.jsonpath.internal.path.CompiledPath -- Evaluating path: $
12:52:31.378 [main] DEBUG com.jayway.jsonpath.internal.JsonContext -- Put path $ key windowsVirtualKeyCode value {}
12:52:31.378 [main] DEBUG com.jayway.jsonpath.internal.path.CompiledPath -- Evaluating path: $
12:52:31.378 [main] DEBUG com.jayway.jsonpath.internal.JsonContext -- Put path $ key windowsVirtualKeyCode value 114
12:52:31.378 [main] DEBUG com.jayway.jsonpath.internal.path.CompiledPath -- Evaluating path: $
12:52:31.378 [main] DEBUG com.intuit.karate.driver.chrome_1718781747070 -- >> {"id":70,"sessionId":"6E8AA30DD668A003F92C379996F3A942","method":"Input.dispatchKeyEvent","params":{"modifiers":0,"type":"rawKeyDown","text":"r","windowsVirtualKeyCode":114}}
12:52:31.380 [nioEventLoopGroup-9-1] DEBUG com.intuit.karate.driver.chrome_1718781747070 -- << {"id":70,"result":{},"sessionId":"6E8AA30DD668A003F92C379996F3A942"}
12:52:31.380 [nioEventLoopGroup-9-1] DEBUG com.jayway.jsonpath.internal.path.CompiledPath -- Evaluating path: $
12:52:31.380 [main] DEBUG com.jayway.jsonpath.internal.path.CompiledPath -- Evaluating path: $['modifiers']
12:52:31.380 [main] DEBUG com.jayway.jsonpath.internal.path.CompiledPath -- Evaluating path: $
12:52:31.380 [main] DEBUG com.jayway.jsonpath.internal.path.CompiledPath -- Evaluating path: $
12:52:31.380 [main] DEBUG com.jayway.jsonpath.internal.JsonContext -- Put path $ key modifiers value {}
12:52:31.380 [main] DEBUG com.jayway.jsonpath.internal.path.CompiledPath -- Evaluating path: $
12:52:31.380 [main] DEBUG com.jayway.jsonpath.internal.JsonContext -- Put path $ key modifiers value 0
12:52:31.380 [main] DEBUG com.jayway.jsonpath.internal.path.CompiledPath -- Evaluating path: $['type']
12:52:31.380 [main] DEBUG com.jayway.jsonpath.internal.path.CompiledPath -- Evaluating path: $
12:52:31.380 [main] DEBUG com.jayway.jsonpath.internal.path.CompiledPath -- Evaluating path: $
12:52:31.380 [main] DEBUG com.jayway.jsonpath.internal.JsonContext -- Put path $ key type value {}
12:52:31.380 [main] DEBUG com.jayway.jsonpath.internal.path.CompiledPath -- Evaluating path: $
12:52:31.380 [main] DEBUG com.jayway.jsonpath.internal.JsonContext -- Put path $ key type value char
12:52:31.380 [main] DEBUG com.jayway.jsonpath.internal.path.CompiledPath -- Evaluating path: $['text']
12:52:31.380 [main] DEBUG com.jayway.jsonpath.internal.path.CompiledPath -- Evaluating path: $
12:52:31.380 [main] DEBUG com.jayway.jsonpath.internal.path.CompiledPath -- Evaluating path: $
12:52:31.380 [main] DEBUG com.jayway.jsonpath.internal.JsonContext -- Put path $ key text value {}
12:52:31.380 [main] DEBUG com.jayway.jsonpath.internal.path.CompiledPath -- Evaluating path: $
12:52:31.380 [main] DEBUG com.jayway.jsonpath.internal.JsonContext -- Put path $ key text value r
12:52:31.380 [main] DEBUG com.jayway.jsonpath.internal.path.CompiledPath -- Evaluating path: $['windowsVirtualKeyCode']
12:52:31.380 [main] DEBUG com.jayway.jsonpath.internal.path.CompiledPath -- Evaluating path: $
12:52:31.380 [main] DEBUG com.jayway.jsonpath.internal.path.CompiledPath -- Evaluating path: $
12:52:31.380 [main] DEBUG com.jayway.jsonpath.internal.JsonContext -- Put path $ key windowsVirtualKeyCode value {}
12:52:31.380 [main] DEBUG com.jayway.jsonpath.internal.path.CompiledPath -- Evaluating path: $
12:52:31.380 [main] DEBUG com.jayway.jsonpath.internal.JsonContext -- Put path $ key windowsVirtualKeyCode value 114
12:52:31.380 [main] DEBUG com.jayway.jsonpath.internal.path.CompiledPath -- Evaluating path: $
12:52:31.380 [main] DEBUG com.intuit.karate.driver.chrome_1718781747070 -- >> {"id":71,"sessionId":"6E8AA30DD668A003F92C379996F3A942","method":"Input.dispatchKeyEvent","params":{"modifiers":0,"type":"char","text":"r","windowsVirtualKeyCode":114}}
12:52:31.380 [nioEventLoopGroup-9-1] DEBUG com.intuit.karate.driver.chrome_1718781747070 -- << {"id":71,"result":{},"sessionId":"6E8AA30DD668A003F92C379996F3A942"}
12:52:31.380 [nioEventLoopGroup-9-1] DEBUG com.jayway.jsonpath.internal.path.CompiledPath -- Evaluating path: $
12:52:31.380 [main] DEBUG com.jayway.jsonpath.internal.path.CompiledPath -- Evaluating path: $['modifiers']
12:52:31.380 [main] DEBUG com.jayway.jsonpath.internal.path.CompiledPath -- Evaluating path: $
12:52:31.380 [main] DEBUG com.jayway.jsonpath.internal.path.CompiledPath -- Evaluating path: $
12:52:31.380 [main] DEBUG com.jayway.jsonpath.internal.JsonContext -- Put path $ key modifiers value {}
12:52:31.380 [main] DEBUG com.jayway.jsonpath.internal.path.CompiledPath -- Evaluating path: $
12:52:31.380 [main] DEBUG com.jayway.jsonpath.internal.JsonContext -- Put path $ key modifiers value 0
12:52:31.380 [main] DEBUG com.jayway.jsonpath.internal.path.CompiledPath -- Evaluating path: $['type']
12:52:31.380 [main] DEBUG com.jayway.jsonpath.internal.path.CompiledPath -- Evaluating path: $
12:52:31.380 [main] DEBUG com.jayway.jsonpath.internal.path.CompiledPath -- Evaluating path: $
12:52:31.380 [main] DEBUG com.jayway.jsonpath.internal.JsonContext -- Put path $ key type value {}
12:52:31.380 [main] DEBUG com.jayway.jsonpath.internal.path.CompiledPath -- Evaluating path: $
12:52:31.380 [main] DEBUG com.jayway.jsonpath.internal.JsonContext -- Put path $ key type value keyUp
12:52:31.380 [main] DEBUG com.jayway.jsonpath.internal.path.CompiledPath -- Evaluating path: $['text']
12:52:31.380 [main] DEBUG com.jayway.jsonpath.internal.path.CompiledPath -- Evaluating path: $
12:52:31.380 [main] DEBUG com.jayway.jsonpath.internal.path.CompiledPath -- Evaluating path: $
12:52:31.380 [main] DEBUG com.jayway.jsonpath.internal.JsonContext -- Put path $ key text value {}
12:52:31.380 [main] DEBUG com.jayway.jsonpath.internal.path.CompiledPath -- Evaluating path: $
12:52:31.380 [main] DEBUG com.jayway.jsonpath.internal.JsonContext -- Put path $ key text value r
12:52:31.380 [main] DEBUG com.jayway.jsonpath.internal.path.CompiledPath -- Evaluating path: $['windowsVirtualKeyCode']
12:52:31.380 [main] DEBUG com.jayway.jsonpath.internal.path.CompiledPath -- Evaluating path: $
12:52:31.380 [main] DEBUG com.jayway.jsonpath.internal.path.CompiledPath -- Evaluating path: $
12:52:31.380 [main] DEBUG com.jayway.jsonpath.internal.JsonContext -- Put path $ key windowsVirtualKeyCode value {}
12:52:31.380 [main] DEBUG com.jayway.jsonpath.internal.path.CompiledPath -- Evaluating path: $
12:52:31.380 [main] DEBUG com.jayway.jsonpath.internal.JsonContext -- Put path $ key windowsVirtualKeyCode value 114
12:52:31.380 [main] DEBUG com.jayway.jsonpath.internal.path.CompiledPath -- Evaluating path: $
12:52:31.380 [main] DEBUG com.intuit.karate.driver.chrome_1718781747070 -- >> {"id":72,"sessionId":"6E8AA30DD668A003F92C379996F3A942","method":"Input.dispatchKeyEvent","params":{"modifiers":0,"type":"keyUp","text":"r","windowsVirtualKeyCode":114}}
12:52:31.380 [nioEventLoopGroup-9-1] DEBUG com.intuit.karate.driver.chrome_1718781747070 -- << {"id":72,"result":{},"sessionId":"6E8AA30DD668A003F92C379996F3A942"}
12:52:31.380 [nioEventLoopGroup-9-1] DEBUG com.jayway.jsonpath.internal.path.CompiledPath -- Evaluating path: $
12:52:34.405 [main] DEBUG com.jayway.jsonpath.internal.path.CompiledPath -- Evaluating path: $['expression']
12:52:34.405 [main] DEBUG com.jayway.jsonpath.internal.path.CompiledPath -- Evaluating path: $
12:52:34.405 [main] DEBUG com.jayway.jsonpath.internal.path.CompiledPath -- Evaluating path: $
12:52:34.405 [main] DEBUG com.jayway.jsonpath.internal.JsonContext -- Put path $ key expression value {}
12:52:34.405 [main] DEBUG com.jayway.jsonpath.internal.path.CompiledPath -- Evaluating path: $
12:52:34.405 [main] DEBUG com.jayway.jsonpath.internal.JsonContext -- Put path $ key expression value var e = document.evaluate("//*[@id='password']", document, null, 9, null).singleNodeValue; e.focus(); try { e.selectionStart = e.selectionEnd = e.value.length } catch(x) {}
12:52:34.405 [main] DEBUG com.jayway.jsonpath.internal.path.CompiledPath -- Evaluating path: $['returnByValue']
12:52:34.405 [main] DEBUG com.jayway.jsonpath.internal.path.CompiledPath -- Evaluating path: $
12:52:34.405 [main] DEBUG com.jayway.jsonpath.internal.path.CompiledPath -- Evaluating path: $
12:52:34.405 [main] DEBUG com.jayway.jsonpath.internal.JsonContext -- Put path $ key returnByValue value {}
12:52:34.405 [main] DEBUG com.jayway.jsonpath.internal.path.CompiledPath -- Evaluating path: $
12:52:34.405 [main] DEBUG com.jayway.jsonpath.internal.JsonContext -- Put path $ key returnByValue value true
12:52:34.405 [main] DEBUG com.jayway.jsonpath.internal.path.CompiledPath -- Evaluating path: $
12:52:34.405 [main] DEBUG com.intuit.karate.driver.chrome_1718781747070 -- >> {"id":73,"sessionId":"6E8AA30DD668A003F92C379996F3A942","method":"Runtime.evaluate","params":{"expression":"var e = document.evaluate(\"\/\/*[@id='password']\", document, null, 9, null).singleNodeValue; e.focus(); try { e.selectionStart = e.selectionEnd = e.value.length } catch(x) {}","returnByValue":true}}
12:52:34.409 [nioEventLoopGroup-9-1] DEBUG com.intuit.karate.driver.chrome_1718781747070 -- << {"id":73,"result":{"result":{"type":"number","value":0,"description":"0"}},"sessionId":"6E8AA30DD668A003F92C379996F3A942"}
12:52:34.409 [nioEventLoopGroup-9-1] DEBUG com.jayway.jsonpath.internal.path.CompiledPath -- Evaluating path: $
12:52:34.409 [main] DEBUG com.jayway.jsonpath.internal.path.CompiledPath -- Evaluating path: $['modifiers']
12:52:34.409 [main] DEBUG com.jayway.jsonpath.internal.path.CompiledPath -- Evaluating path: $
12:52:34.409 [main] DEBUG com.jayway.jsonpath.internal.path.CompiledPath -- Evaluating path: $
12:52:34.409 [main] DEBUG com.jayway.jsonpath.internal.JsonContext -- Put path $ key modifiers value {}
12:52:34.409 [main] DEBUG com.jayway.jsonpath.internal.path.CompiledPath -- Evaluating path: $
12:52:34.409 [main] DEBUG com.jayway.jsonpath.internal.JsonContext -- Put path $ key modifiers value 0
12:52:34.409 [main] DEBUG com.jayway.jsonpath.internal.path.CompiledPath -- Evaluating path: $['type']
12:52:34.409 [main] DEBUG com.jayway.jsonpath.internal.path.CompiledPath -- Evaluating path: $
12:52:34.409 [main] DEBUG com.jayway.jsonpath.internal.path.CompiledPath -- Evaluating path: $
12:52:34.409 [main] DEBUG com.jayway.jsonpath.internal.JsonContext -- Put path $ key type value {}
12:52:34.409 [main] DEBUG com.jayway.jsonpath.internal.path.CompiledPath -- Evaluating path: $
12:52:34.409 [main] DEBUG com.jayway.jsonpath.internal.JsonContext -- Put path $ key type value rawKeyDown
12:52:34.409 [main] DEBUG com.jayway.jsonpath.internal.path.CompiledPath -- Evaluating path: $['text']
12:52:34.409 [main] DEBUG com.jayway.jsonpath.internal.path.CompiledPath -- Evaluating path: $
12:52:34.409 [main] DEBUG com.jayway.jsonpath.internal.path.CompiledPath -- Evaluating path: $
12:52:34.409 [main] DEBUG com.jayway.jsonpath.internal.JsonContext -- Put path $ key text value {}
12:52:34.409 [main] DEBUG com.jayway.jsonpath.internal.path.CompiledPath -- Evaluating path: $
12:52:34.409 [main] DEBUG com.jayway.jsonpath.internal.JsonContext -- Put path $ key text value s
12:52:34.409 [main] DEBUG com.jayway.jsonpath.internal.path.CompiledPath -- Evaluating path: $['windowsVirtualKeyCode']
12:52:34.409 [main] DEBUG com.jayway.jsonpath.internal.path.CompiledPath -- Evaluating path: $
12:52:34.409 [main] DEBUG com.jayway.jsonpath.internal.path.CompiledPath -- Evaluating path: $
12:52:34.409 [main] DEBUG com.jayway.jsonpath.internal.JsonContext -- Put path $ key windowsVirtualKeyCode value {}
12:52:34.409 [main] DEBUG com.jayway.jsonpath.internal.path.CompiledPath -- Evaluating path: $
12:52:34.409 [main] DEBUG com.jayway.jsonpath.internal.JsonContext -- Put path $ key windowsVirtualKeyCode value 115
12:52:34.409 [main] DEBUG com.jayway.jsonpath.internal.path.CompiledPath -- Evaluating path: $
12:52:34.409 [main] DEBUG com.intuit.karate.driver.chrome_1718781747070 -- >> {"id":74,"sessionId":"6E8AA30DD668A003F92C379996F3A942","method":"Input.dispatchKeyEvent","params":{"modifiers":0,"type":"rawKeyDown","text":"s","windowsVirtualKeyCode":115}}
12:52:34.412 [nioEventLoopGroup-9-1] DEBUG com.intuit.karate.driver.chrome_1718781747070 -- << {"id":74,"result":{},"sessionId":"6E8AA30DD668A003F92C379996F3A942"}
12:52:34.412 [nioEventLoopGroup-9-1] DEBUG com.jayway.jsonpath.internal.path.CompiledPath -- Evaluating path: $
12:52:34.415 [main] DEBUG com.jayway.jsonpath.internal.path.CompiledPath -- Evaluating path: $['modifiers']
12:52:34.415 [main] DEBUG com.jayway.jsonpath.internal.path.CompiledPath -- Evaluating path: $
12:52:34.415 [main] DEBUG com.jayway.jsonpath.internal.path.CompiledPath -- Evaluating path: $
12:52:34.415 [main] DEBUG com.jayway.jsonpath.internal.JsonContext -- Put path $ key modifiers value {}
12:52:34.415 [main] DEBUG com.jayway.jsonpath.internal.path.CompiledPath -- Evaluating path: $
12:52:34.415 [main] DEBUG com.jayway.jsonpath.internal.JsonContext -- Put path $ key modifiers value 0
12:52:34.415 [main] DEBUG com.jayway.jsonpath.internal.path.CompiledPath -- Evaluating path: $['type']
12:52:34.415 [main] DEBUG com.jayway.jsonpath.internal.path.CompiledPath -- Evaluating path: $
12:52:34.415 [main] DEBUG com.jayway.jsonpath.internal.path.CompiledPath -- Evaluating path: $
12:52:34.415 [main] DEBUG com.jayway.jsonpath.internal.JsonContext -- Put path $ key type value {}
12:52:34.415 [main] DEBUG com.jayway.jsonpath.internal.path.CompiledPath -- Evaluating path: $
12:52:34.415 [main] DEBUG com.jayway.jsonpath.internal.JsonContext -- Put path $ key type value char
12:52:34.415 [main] DEBUG com.jayway.jsonpath.internal.path.CompiledPath -- Evaluating path: $['text']
12:52:34.415 [main] DEBUG com.jayway.jsonpath.internal.path.CompiledPath -- Evaluating path: $
12:52:34.415 [main] DEBUG com.jayway.jsonpath.internal.path.CompiledPath -- Evaluating path: $
12:52:34.415 [main] DEBUG com.jayway.jsonpath.internal.JsonContext -- Put path $ key text value {}
12:52:34.415 [main] DEBUG com.jayway.jsonpath.internal.path.CompiledPath -- Evaluating path: $
12:52:34.415 [main] DEBUG com.jayway.jsonpath.internal.JsonContext -- Put path $ key text value s
12:52:34.415 [main] DEBUG com.jayway.jsonpath.internal.path.CompiledPath -- Evaluating path: $['windowsVirtualKeyCode']
12:52:34.415 [main] DEBUG com.jayway.jsonpath.internal.path.CompiledPath -- Evaluating path: $
12:52:34.415 [main] DEBUG com.jayway.jsonpath.internal.path.CompiledPath -- Evaluating path: $
12:52:34.415 [main] DEBUG com.jayway.jsonpath.internal.JsonContext -- Put path $ key windowsVirtualKeyCode value {}
12:52:34.415 [main] DEBUG com.jayway.jsonpath.internal.path.CompiledPath -- Evaluating path: $
12:52:34.415 [main] DEBUG com.jayway.jsonpath.internal.JsonContext -- Put path $ key windowsVirtualKeyCode value 115
12:52:34.415 [main] DEBUG com.jayway.jsonpath.internal.path.CompiledPath -- Evaluating path: $
12:52:34.415 [main] DEBUG com.intuit.karate.driver.chrome_1718781747070 -- >> {"id":75,"sessionId":"6E8AA30DD668A003F92C379996F3A942","method":"Input.dispatchKeyEvent","params":{"modifiers":0,"type":"char","text":"s","windowsVirtualKeyCode":115}}
12:52:34.419 [nioEventLoopGroup-9-1] DEBUG com.intuit.karate.driver.chrome_1718781747070 -- << {"id":75,"result":{},"sessionId":"6E8AA30DD668A003F92C379996F3A942"}
12:52:34.419 [nioEventLoopGroup-9-1] DEBUG com.jayway.jsonpath.internal.path.CompiledPath -- Evaluating path: $
12:52:34.420 [main] DEBUG com.jayway.jsonpath.internal.path.CompiledPath -- Evaluating path: $['modifiers']
12:52:34.420 [main] DEBUG com.jayway.jsonpath.internal.path.CompiledPath -- Evaluating path: $
12:52:34.420 [main] DEBUG com.jayway.jsonpath.internal.path.CompiledPath -- Evaluating path: $
12:52:34.420 [main] DEBUG com.jayway.jsonpath.internal.JsonContext -- Put path $ key modifiers value {}
12:52:34.420 [main] DEBUG com.jayway.jsonpath.internal.path.CompiledPath -- Evaluating path: $
12:52:34.420 [main] DEBUG com.jayway.jsonpath.internal.JsonContext -- Put path $ key modifiers value 0
12:52:34.420 [main] DEBUG com.jayway.jsonpath.internal.path.CompiledPath -- Evaluating path: $['type']
12:52:34.420 [main] DEBUG com.jayway.jsonpath.internal.path.CompiledPath -- Evaluating path: $
12:52:34.420 [main] DEBUG com.jayway.jsonpath.internal.path.CompiledPath -- Evaluating path: $
12:52:34.420 [main] DEBUG com.jayway.jsonpath.internal.JsonContext -- Put path $ key type value {}
12:52:34.420 [main] DEBUG com.jayway.jsonpath.internal.path.CompiledPath -- Evaluating path: $
12:52:34.420 [main] DEBUG com.jayway.jsonpath.internal.JsonContext -- Put path $ key type value keyUp
12:52:34.420 [main] DEBUG com.jayway.jsonpath.internal.path.CompiledPath -- Evaluating path: $['text']
12:52:34.420 [main] DEBUG com.jayway.jsonpath.internal.path.CompiledPath -- Evaluating path: $
12:52:34.420 [main] DEBUG com.jayway.jsonpath.internal.path.CompiledPath -- Evaluating path: $
12:52:34.420 [main] DEBUG com.jayway.jsonpath.internal.JsonContext -- Put path $ key text value {}
12:52:34.420 [main] DEBUG com.jayway.jsonpath.internal.path.CompiledPath -- Evaluating path: $
12:52:34.420 [main] DEBUG com.jayway.jsonpath.internal.JsonContext -- Put path $ key text value s
12:52:34.420 [main] DEBUG com.jayway.jsonpath.internal.path.CompiledPath -- Evaluating path: $['windowsVirtualKeyCode']
12:52:34.420 [main] DEBUG com.jayway.jsonpath.internal.path.CompiledPath -- Evaluating path: $
12:52:34.420 [main] DEBUG com.jayway.jsonpath.internal.path.CompiledPath -- Evaluating path: $
12:52:34.420 [main] DEBUG com.jayway.jsonpath.internal.JsonContext -- Put path $ key windowsVirtualKeyCode value {}
12:52:34.420 [main] DEBUG com.jayway.jsonpath.internal.path.CompiledPath -- Evaluating path: $
12:52:34.420 [main] DEBUG com.jayway.jsonpath.internal.JsonContext -- Put path $ key windowsVirtualKeyCode value 115
12:52:34.420 [main] DEBUG com.jayway.jsonpath.internal.path.CompiledPath -- Evaluating path: $
12:52:34.420 [main] DEBUG com.intuit.karate.driver.chrome_1718781747070 -- >> {"id":76,"sessionId":"6E8AA30DD668A003F92C379996F3A942","method":"Input.dispatchKeyEvent","params":{"modifiers":0,"type":"keyUp","text":"s","windowsVirtualKeyCode":115}}
12:52:34.421 [nioEventLoopGroup-9-1] DEBUG com.intuit.karate.driver.chrome_1718781747070 -- << {"id":76,"result":{},"sessionId":"6E8AA30DD668A003F92C379996F3A942"}
12:52:34.421 [nioEventLoopGroup-9-1] DEBUG com.jayway.jsonpath.internal.path.CompiledPath -- Evaluating path: $
12:52:34.421 [main] DEBUG com.jayway.jsonpath.internal.path.CompiledPath -- Evaluating path: $['modifiers']
12:52:34.421 [main] DEBUG com.jayway.jsonpath.internal.path.CompiledPath -- Evaluating path: $
12:52:34.421 [main] DEBUG com.jayway.jsonpath.internal.path.CompiledPath -- Evaluating path: $
12:52:34.421 [main] DEBUG com.jayway.jsonpath.internal.JsonContext -- Put path $ key modifiers value {}
12:52:34.421 [main] DEBUG com.jayway.jsonpath.internal.path.CompiledPath -- Evaluating path: $
12:52:34.421 [main] DEBUG com.jayway.jsonpath.internal.JsonContext -- Put path $ key modifiers value 0
12:52:34.421 [main] DEBUG com.jayway.jsonpath.internal.path.CompiledPath -- Evaluating path: $['type']
12:52:34.421 [main] DEBUG com.jayway.jsonpath.internal.path.CompiledPath -- Evaluating path: $
12:52:34.421 [main] DEBUG com.jayway.jsonpath.internal.path.CompiledPath -- Evaluating path: $
12:52:34.421 [main] DEBUG com.jayway.jsonpath.internal.JsonContext -- Put path $ key type value {}
12:52:34.421 [main] DEBUG com.jayway.jsonpath.internal.path.CompiledPath -- Evaluating path: $
12:52:34.421 [main] DEBUG com.jayway.jsonpath.internal.JsonContext -- Put path $ key type value rawKeyDown
12:52:34.421 [main] DEBUG com.jayway.jsonpath.internal.path.CompiledPath -- Evaluating path: $['text']
12:52:34.421 [main] DEBUG com.jayway.jsonpath.internal.path.CompiledPath -- Evaluating path: $
12:52:34.421 [main] DEBUG com.jayway.jsonpath.internal.path.CompiledPath -- Evaluating path: $
12:52:34.421 [main] DEBUG com.jayway.jsonpath.internal.JsonContext -- Put path $ key text value {}
12:52:34.421 [main] DEBUG com.jayway.jsonpath.internal.path.CompiledPath -- Evaluating path: $
12:52:34.421 [main] DEBUG com.jayway.jsonpath.internal.JsonContext -- Put path $ key text value e
12:52:34.421 [main] DEBUG com.jayway.jsonpath.internal.path.CompiledPath -- Evaluating path: $['windowsVirtualKeyCode']
12:52:34.421 [main] DEBUG com.jayway.jsonpath.internal.path.CompiledPath -- Evaluating path: $
12:52:34.421 [main] DEBUG com.jayway.jsonpath.internal.path.CompiledPath -- Evaluating path: $
12:52:34.421 [main] DEBUG com.jayway.jsonpath.internal.JsonContext -- Put path $ key windowsVirtualKeyCode value {}
12:52:34.421 [main] DEBUG com.jayway.jsonpath.internal.path.CompiledPath -- Evaluating path: $
12:52:34.421 [main] DEBUG com.jayway.jsonpath.internal.JsonContext -- Put path $ key windowsVirtualKeyCode value 101
12:52:34.421 [main] DEBUG com.jayway.jsonpath.internal.path.CompiledPath -- Evaluating path: $
12:52:34.421 [main] DEBUG com.intuit.karate.driver.chrome_1718781747070 -- >> {"id":77,"sessionId":"6E8AA30DD668A003F92C379996F3A942","method":"Input.dispatchKeyEvent","params":{"modifiers":0,"type":"rawKeyDown","text":"e","windowsVirtualKeyCode":101}}
12:52:34.422 [nioEventLoopGroup-9-1] DEBUG com.intuit.karate.driver.chrome_1718781747070 -- << {"id":77,"result":{},"sessionId":"6E8AA30DD668A003F92C379996F3A942"}
12:52:34.422 [nioEventLoopGroup-9-1] DEBUG com.jayway.jsonpath.internal.path.CompiledPath -- Evaluating path: $
12:52:34.422 [main] DEBUG com.jayway.jsonpath.internal.path.CompiledPath -- Evaluating path: $['modifiers']
12:52:34.422 [main] DEBUG com.jayway.jsonpath.internal.path.CompiledPath -- Evaluating path: $
12:52:34.423 [main] DEBUG com.jayway.jsonpath.internal.path.CompiledPath -- Evaluating path: $
12:52:34.423 [main] DEBUG com.jayway.jsonpath.internal.JsonContext -- Put path $ key modifiers value {}
12:52:34.423 [main] DEBUG com.jayway.jsonpath.internal.path.CompiledPath -- Evaluating path: $
12:52:34.423 [main] DEBUG com.jayway.jsonpath.internal.JsonContext -- Put path $ key modifiers value 0
12:52:34.423 [main] DEBUG com.jayway.jsonpath.internal.path.CompiledPath -- Evaluating path: $['type']
12:52:34.423 [main] DEBUG com.jayway.jsonpath.internal.path.CompiledPath -- Evaluating path: $
12:52:34.423 [main] DEBUG com.jayway.jsonpath.internal.path.CompiledPath -- Evaluating path: $
12:52:34.423 [main] DEBUG com.jayway.jsonpath.internal.JsonContext -- Put path $ key type value {}
12:52:34.423 [main] DEBUG com.jayway.jsonpath.internal.path.CompiledPath -- Evaluating path: $
12:52:34.423 [main] DEBUG com.jayway.jsonpath.internal.JsonContext -- Put path $ key type value char
12:52:34.423 [main] DEBUG com.jayway.jsonpath.internal.path.CompiledPath -- Evaluating path: $['text']
12:52:34.423 [main] DEBUG com.jayway.jsonpath.internal.path.CompiledPath -- Evaluating path: $
12:52:34.423 [main] DEBUG com.jayway.jsonpath.internal.path.CompiledPath -- Evaluating path: $
12:52:34.423 [main] DEBUG com.jayway.jsonpath.internal.JsonContext -- Put path $ key text value {}
12:52:34.423 [main] DEBUG com.jayway.jsonpath.internal.path.CompiledPath -- Evaluating path: $
12:52:34.423 [main] DEBUG com.jayway.jsonpath.internal.JsonContext -- Put path $ key text value e
12:52:34.423 [main] DEBUG com.jayway.jsonpath.internal.path.CompiledPath -- Evaluating path: $['windowsVirtualKeyCode']
12:52:34.423 [main] DEBUG com.jayway.jsonpath.internal.path.CompiledPath -- Evaluating path: $
12:52:34.423 [main] DEBUG com.jayway.jsonpath.internal.path.CompiledPath -- Evaluating path: $
12:52:34.423 [main] DEBUG com.jayway.jsonpath.internal.JsonContext -- Put path $ key windowsVirtualKeyCode value {}
12:52:34.423 [main] DEBUG com.jayway.jsonpath.internal.path.CompiledPath -- Evaluating path: $
12:52:34.423 [main] DEBUG com.jayway.jsonpath.internal.JsonContext -- Put path $ key windowsVirtualKeyCode value 101
12:52:34.423 [main] DEBUG com.jayway.jsonpath.internal.path.CompiledPath -- Evaluating path: $
12:52:34.423 [main] DEBUG com.intuit.karate.driver.chrome_1718781747070 -- >> {"id":78,"sessionId":"6E8AA30DD668A003F92C379996F3A942","method":"Input.dispatchKeyEvent","params":{"modifiers":0,"type":"char","text":"e","windowsVirtualKeyCode":101}}
12:52:34.427 [nioEventLoopGroup-9-1] DEBUG com.intuit.karate.driver.chrome_1718781747070 -- << {"id":78,"result":{},"sessionId":"6E8AA30DD668A003F92C379996F3A942"}
12:52:34.427 [nioEventLoopGroup-9-1] DEBUG com.jayway.jsonpath.internal.path.CompiledPath -- Evaluating path: $
12:52:34.427 [main] DEBUG com.jayway.jsonpath.internal.path.CompiledPath -- Evaluating path: $['modifiers']
12:52:34.427 [main] DEBUG com.jayway.jsonpath.internal.path.CompiledPath -- Evaluating path: $
12:52:34.427 [main] DEBUG com.jayway.jsonpath.internal.path.CompiledPath -- Evaluating path: $
12:52:34.427 [main] DEBUG com.jayway.jsonpath.internal.JsonContext -- Put path $ key modifiers value {}
12:52:34.427 [main] DEBUG com.jayway.jsonpath.internal.path.CompiledPath -- Evaluating path: $
12:52:34.427 [main] DEBUG com.jayway.jsonpath.internal.JsonContext -- Put path $ key modifiers value 0
12:52:34.427 [main] DEBUG com.jayway.jsonpath.internal.path.CompiledPath -- Evaluating path: $['type']
12:52:34.427 [main] DEBUG com.jayway.jsonpath.internal.path.CompiledPath -- Evaluating path: $
12:52:34.427 [main] DEBUG com.jayway.jsonpath.internal.path.CompiledPath -- Evaluating path: $
12:52:34.427 [main] DEBUG com.jayway.jsonpath.internal.JsonContext -- Put path $ key type value {}
12:52:34.427 [main] DEBUG com.jayway.jsonpath.internal.path.CompiledPath -- Evaluating path: $
12:52:34.427 [main] DEBUG com.jayway.jsonpath.internal.JsonContext -- Put path $ key type value keyUp
12:52:34.427 [main] DEBUG com.jayway.jsonpath.internal.path.CompiledPath -- Evaluating path: $['text']
12:52:34.427 [main] DEBUG com.jayway.jsonpath.internal.path.CompiledPath -- Evaluating path: $
12:52:34.427 [main] DEBUG com.jayway.jsonpath.internal.path.CompiledPath -- Evaluating path: $
12:52:34.427 [main] DEBUG com.jayway.jsonpath.internal.JsonContext -- Put path $ key text value {}
12:52:34.427 [main] DEBUG com.jayway.jsonpath.internal.path.CompiledPath -- Evaluating path: $
12:52:34.427 [main] DEBUG com.jayway.jsonpath.internal.JsonContext -- Put path $ key text value e
12:52:34.427 [main] DEBUG com.jayway.jsonpath.internal.path.CompiledPath -- Evaluating path: $['windowsVirtualKeyCode']
12:52:34.427 [main] DEBUG com.jayway.jsonpath.internal.path.CompiledPath -- Evaluating path: $
12:52:34.427 [main] DEBUG com.jayway.jsonpath.internal.path.CompiledPath -- Evaluating path: $
12:52:34.427 [main] DEBUG com.jayway.jsonpath.internal.JsonContext -- Put path $ key windowsVirtualKeyCode value {}
12:52:34.427 [main] DEBUG com.jayway.jsonpath.internal.path.CompiledPath -- Evaluating path: $
12:52:34.427 [main] DEBUG com.jayway.jsonpath.internal.JsonContext -- Put path $ key windowsVirtualKeyCode value 101
12:52:34.427 [main] DEBUG com.jayway.jsonpath.internal.path.CompiledPath -- Evaluating path: $
12:52:34.427 [main] DEBUG com.intuit.karate.driver.chrome_1718781747070 -- >> {"id":79,"sessionId":"6E8AA30DD668A003F92C379996F3A942","method":"Input.dispatchKeyEvent","params":{"modifiers":0,"type":"keyUp","text":"e","windowsVirtualKeyCode":101}}
12:52:34.433 [nioEventLoopGroup-9-1] DEBUG com.intuit.karate.driver.chrome_1718781747070 -- << {"id":79,"result":{},"sessionId":"6E8AA30DD668A003F92C379996F3A942"}
12:52:34.433 [nioEventLoopGroup-9-1] DEBUG com.jayway.jsonpath.internal.path.CompiledPath -- Evaluating path: $
12:52:34.433 [main] DEBUG com.jayway.jsonpath.internal.path.CompiledPath -- Evaluating path: $['modifiers']
12:52:34.433 [main] DEBUG com.jayway.jsonpath.internal.path.CompiledPath -- Evaluating path: $
12:52:34.433 [main] DEBUG com.jayway.jsonpath.internal.path.CompiledPath -- Evaluating path: $
12:52:34.433 [main] DEBUG com.jayway.jsonpath.internal.JsonContext -- Put path $ key modifiers value {}
12:52:34.433 [main] DEBUG com.jayway.jsonpath.internal.path.CompiledPath -- Evaluating path: $
12:52:34.433 [main] DEBUG com.jayway.jsonpath.internal.JsonContext -- Put path $ key modifiers value 0
12:52:34.433 [main] DEBUG com.jayway.jsonpath.internal.path.CompiledPath -- Evaluating path: $['type']
12:52:34.433 [main] DEBUG com.jayway.jsonpath.internal.path.CompiledPath -- Evaluating path: $
12:52:34.433 [main] DEBUG com.jayway.jsonpath.internal.path.CompiledPath -- Evaluating path: $
12:52:34.433 [main] DEBUG com.jayway.jsonpath.internal.JsonContext -- Put path $ key type value {}
12:52:34.433 [main] DEBUG com.jayway.jsonpath.internal.path.CompiledPath -- Evaluating path: $
12:52:34.433 [main] DEBUG com.jayway.jsonpath.internal.JsonContext -- Put path $ key type value rawKeyDown
12:52:34.433 [main] DEBUG com.jayway.jsonpath.internal.path.CompiledPath -- Evaluating path: $['text']
12:52:34.433 [main] DEBUG com.jayway.jsonpath.internal.path.CompiledPath -- Evaluating path: $
12:52:34.433 [main] DEBUG com.jayway.jsonpath.internal.path.CompiledPath -- Evaluating path: $
12:52:34.433 [main] DEBUG com.jayway.jsonpath.internal.JsonContext -- Put path $ key text value {}
12:52:34.433 [main] DEBUG com.jayway.jsonpath.internal.path.CompiledPath -- Evaluating path: $
12:52:34.433 [main] DEBUG com.jayway.jsonpath.internal.JsonContext -- Put path $ key text value c
12:52:34.433 [main] DEBUG com.jayway.jsonpath.internal.path.CompiledPath -- Evaluating path: $['windowsVirtualKeyCode']
12:52:34.433 [main] DEBUG com.jayway.jsonpath.internal.path.CompiledPath -- Evaluating path: $
12:52:34.433 [main] DEBUG com.jayway.jsonpath.internal.path.CompiledPath -- Evaluating path: $
12:52:34.433 [main] DEBUG com.jayway.jsonpath.internal.JsonContext -- Put path $ key windowsVirtualKeyCode value {}
12:52:34.433 [main] DEBUG com.jayway.jsonpath.internal.path.CompiledPath -- Evaluating path: $
12:52:34.433 [main] DEBUG com.jayway.jsonpath.internal.JsonContext -- Put path $ key windowsVirtualKeyCode value 99
12:52:34.434 [main] DEBUG com.jayway.jsonpath.internal.path.CompiledPath -- Evaluating path: $
12:52:34.434 [main] DEBUG com.intuit.karate.driver.chrome_1718781747070 -- >> {"id":80,"sessionId":"6E8AA30DD668A003F92C379996F3A942","method":"Input.dispatchKeyEvent","params":{"modifiers":0,"type":"rawKeyDown","text":"c","windowsVirtualKeyCode":99}}
12:52:34.437 [nioEventLoopGroup-9-1] DEBUG com.intuit.karate.driver.chrome_1718781747070 -- << {"id":80,"result":{},"sessionId":"6E8AA30DD668A003F92C379996F3A942"}
12:52:34.437 [nioEventLoopGroup-9-1] DEBUG com.jayway.jsonpath.internal.path.CompiledPath -- Evaluating path: $
12:52:34.437 [main] DEBUG com.jayway.jsonpath.internal.path.CompiledPath -- Evaluating path: $['modifiers']
12:52:34.437 [main] DEBUG com.jayway.jsonpath.internal.path.CompiledPath -- Evaluating path: $
12:52:34.437 [main] DEBUG com.jayway.jsonpath.internal.path.CompiledPath -- Evaluating path: $
12:52:34.437 [main] DEBUG com.jayway.jsonpath.internal.JsonContext -- Put path $ key modifiers value {}
12:52:34.437 [main] DEBUG com.jayway.jsonpath.internal.path.CompiledPath -- Evaluating path: $
12:52:34.437 [main] DEBUG com.jayway.jsonpath.internal.JsonContext -- Put path $ key modifiers value 0
12:52:34.437 [main] DEBUG com.jayway.jsonpath.internal.path.CompiledPath -- Evaluating path: $['type']
12:52:34.437 [main] DEBUG com.jayway.jsonpath.internal.path.CompiledPath -- Evaluating path: $
12:52:34.437 [main] DEBUG com.jayway.jsonpath.internal.path.CompiledPath -- Evaluating path: $
12:52:34.437 [main] DEBUG com.jayway.jsonpath.internal.JsonContext -- Put path $ key type value {}
12:52:34.437 [main] DEBUG com.jayway.jsonpath.internal.path.CompiledPath -- Evaluating path: $
12:52:34.437 [main] DEBUG com.jayway.jsonpath.internal.JsonContext -- Put path $ key type value char
12:52:34.437 [main] DEBUG com.jayway.jsonpath.internal.path.CompiledPath -- Evaluating path: $['text']
12:52:34.437 [main] DEBUG com.jayway.jsonpath.internal.path.CompiledPath -- Evaluating path: $
12:52:34.437 [main] DEBUG com.jayway.jsonpath.internal.path.CompiledPath -- Evaluating path: $
12:52:34.437 [main] DEBUG com.jayway.jsonpath.internal.JsonContext -- Put path $ key text value {}
12:52:34.437 [main] DEBUG com.jayway.jsonpath.internal.path.CompiledPath -- Evaluating path: $
12:52:34.437 [main] DEBUG com.jayway.jsonpath.internal.JsonContext -- Put path $ key text value c
12:52:34.437 [main] DEBUG com.jayway.jsonpath.internal.path.CompiledPath -- Evaluating path: $['windowsVirtualKeyCode']
12:52:34.437 [main] DEBUG com.jayway.jsonpath.internal.path.CompiledPath -- Evaluating path: $
12:52:34.437 [main] DEBUG com.jayway.jsonpath.internal.path.CompiledPath -- Evaluating path: $
12:52:34.437 [main] DEBUG com.jayway.jsonpath.internal.JsonContext -- Put path $ key windowsVirtualKeyCode value {}
12:52:34.437 [main] DEBUG com.jayway.jsonpath.internal.path.CompiledPath -- Evaluating path: $
12:52:34.437 [main] DEBUG com.jayway.jsonpath.internal.JsonContext -- Put path $ key windowsVirtualKeyCode value 99
12:52:34.437 [main] DEBUG com.jayway.jsonpath.internal.path.CompiledPath -- Evaluating path: $
12:52:34.437 [main] DEBUG com.intuit.karate.driver.chrome_1718781747070 -- >> {"id":81,"sessionId":"6E8AA30DD668A003F92C379996F3A942","method":"Input.dispatchKeyEvent","params":{"modifiers":0,"type":"char","text":"c","windowsVirtualKeyCode":99}}
12:52:34.440 [nioEventLoopGroup-9-1] DEBUG com.intuit.karate.driver.chrome_1718781747070 -- << {"id":81,"result":{},"sessionId":"6E8AA30DD668A003F92C379996F3A942"}
12:52:34.440 [nioEventLoopGroup-9-1] DEBUG com.jayway.jsonpath.internal.path.CompiledPath -- Evaluating path: $
12:52:34.440 [main] DEBUG com.jayway.jsonpath.internal.path.CompiledPath -- Evaluating path: $['modifiers']
12:52:34.440 [main] DEBUG com.jayway.jsonpath.internal.path.CompiledPath -- Evaluating path: $
12:52:34.440 [main] DEBUG com.jayway.jsonpath.internal.path.CompiledPath -- Evaluating path: $
12:52:34.440 [main] DEBUG com.jayway.jsonpath.internal.JsonContext -- Put path $ key modifiers value {}
12:52:34.440 [main] DEBUG com.jayway.jsonpath.internal.path.CompiledPath -- Evaluating path: $
12:52:34.440 [main] DEBUG com.jayway.jsonpath.internal.JsonContext -- Put path $ key modifiers value 0
12:52:34.440 [main] DEBUG com.jayway.jsonpath.internal.path.CompiledPath -- Evaluating path: $['type']
12:52:34.440 [main] DEBUG com.jayway.jsonpath.internal.path.CompiledPath -- Evaluating path: $
12:52:34.440 [main] DEBUG com.jayway.jsonpath.internal.path.CompiledPath -- Evaluating path: $
12:52:34.440 [main] DEBUG com.jayway.jsonpath.internal.JsonContext -- Put path $ key type value {}
12:52:34.440 [main] DEBUG com.jayway.jsonpath.internal.path.CompiledPath -- Evaluating path: $
12:52:34.440 [main] DEBUG com.jayway.jsonpath.internal.JsonContext -- Put path $ key type value keyUp
12:52:34.440 [main] DEBUG com.jayway.jsonpath.internal.path.CompiledPath -- Evaluating path: $['text']
12:52:34.440 [main] DEBUG com.jayway.jsonpath.internal.path.CompiledPath -- Evaluating path: $
12:52:34.440 [main] DEBUG com.jayway.jsonpath.internal.path.CompiledPath -- Evaluating path: $
12:52:34.440 [main] DEBUG com.jayway.jsonpath.internal.JsonContext -- Put path $ key text value {}
12:52:34.440 [main] DEBUG com.jayway.jsonpath.internal.path.CompiledPath -- Evaluating path: $
12:52:34.440 [main] DEBUG com.jayway.jsonpath.internal.JsonContext -- Put path $ key text value c
12:52:34.440 [main] DEBUG com.jayway.jsonpath.internal.path.CompiledPath -- Evaluating path: $['windowsVirtualKeyCode']
12:52:34.441 [main] DEBUG com.jayway.jsonpath.internal.path.CompiledPath -- Evaluating path: $
12:52:34.441 [main] DEBUG com.jayway.jsonpath.internal.path.CompiledPath -- Evaluating path: $
12:52:34.441 [main] DEBUG com.jayway.jsonpath.internal.JsonContext -- Put path $ key windowsVirtualKeyCode value {}
12:52:34.441 [main] DEBUG com.jayway.jsonpath.internal.path.CompiledPath -- Evaluating path: $
12:52:34.441 [main] DEBUG com.jayway.jsonpath.internal.JsonContext -- Put path $ key windowsVirtualKeyCode value 99
12:52:34.441 [main] DEBUG com.jayway.jsonpath.internal.path.CompiledPath -- Evaluating path: $
12:52:34.441 [main] DEBUG com.intuit.karate.driver.chrome_1718781747070 -- >> {"id":82,"sessionId":"6E8AA30DD668A003F92C379996F3A942","method":"Input.dispatchKeyEvent","params":{"modifiers":0,"type":"keyUp","text":"c","windowsVirtualKeyCode":99}}
12:52:34.442 [nioEventLoopGroup-9-1] DEBUG com.intuit.karate.driver.chrome_1718781747070 -- << {"id":82,"result":{},"sessionId":"6E8AA30DD668A003F92C379996F3A942"}
12:52:34.442 [nioEventLoopGroup-9-1] DEBUG com.jayway.jsonpath.internal.path.CompiledPath -- Evaluating path: $
12:52:34.442 [main] DEBUG com.jayway.jsonpath.internal.path.CompiledPath -- Evaluating path: $['modifiers']
12:52:34.442 [main] DEBUG com.jayway.jsonpath.internal.path.CompiledPath -- Evaluating path: $
12:52:34.442 [main] DEBUG com.jayway.jsonpath.internal.path.CompiledPath -- Evaluating path: $
12:52:34.442 [main] DEBUG com.jayway.jsonpath.internal.JsonContext -- Put path $ key modifiers value {}
12:52:34.442 [main] DEBUG com.jayway.jsonpath.internal.path.CompiledPath -- Evaluating path: $
12:52:34.442 [main] DEBUG com.jayway.jsonpath.internal.JsonContext -- Put path $ key modifiers value 0
12:52:34.442 [main] DEBUG com.jayway.jsonpath.internal.path.CompiledPath -- Evaluating path: $['type']
12:52:34.442 [main] DEBUG com.jayway.jsonpath.internal.path.CompiledPath -- Evaluating path: $
12:52:34.442 [main] DEBUG com.jayway.jsonpath.internal.path.CompiledPath -- Evaluating path: $
12:52:34.442 [main] DEBUG com.jayway.jsonpath.internal.JsonContext -- Put path $ key type value {}
12:52:34.442 [main] DEBUG com.jayway.jsonpath.internal.path.CompiledPath -- Evaluating path: $
12:52:34.442 [main] DEBUG com.jayway.jsonpath.internal.JsonContext -- Put path $ key type value rawKeyDown
12:52:34.442 [main] DEBUG com.jayway.jsonpath.internal.path.CompiledPath -- Evaluating path: $['text']
12:52:34.442 [main] DEBUG com.jayway.jsonpath.internal.path.CompiledPath -- Evaluating path: $
12:52:34.442 [main] DEBUG com.jayway.jsonpath.internal.path.CompiledPath -- Evaluating path: $
12:52:34.442 [main] DEBUG com.jayway.jsonpath.internal.JsonContext -- Put path $ key text value {}
12:52:34.442 [main] DEBUG com.jayway.jsonpath.internal.path.CompiledPath -- Evaluating path: $
12:52:34.442 [main] DEBUG com.jayway.jsonpath.internal.JsonContext -- Put path $ key text value r
12:52:34.442 [main] DEBUG com.jayway.jsonpath.internal.path.CompiledPath -- Evaluating path: $['windowsVirtualKeyCode']
12:52:34.442 [main] DEBUG com.jayway.jsonpath.internal.path.CompiledPath -- Evaluating path: $
12:52:34.442 [main] DEBUG com.jayway.jsonpath.internal.path.CompiledPath -- Evaluating path: $
12:52:34.442 [main] DEBUG com.jayway.jsonpath.internal.JsonContext -- Put path $ key windowsVirtualKeyCode value {}
12:52:34.442 [main] DEBUG com.jayway.jsonpath.internal.path.CompiledPath -- Evaluating path: $
12:52:34.442 [main] DEBUG com.jayway.jsonpath.internal.JsonContext -- Put path $ key windowsVirtualKeyCode value 114
12:52:34.442 [main] DEBUG com.jayway.jsonpath.internal.path.CompiledPath -- Evaluating path: $
12:52:34.442 [main] DEBUG com.intuit.karate.driver.chrome_1718781747070 -- >> {"id":83,"sessionId":"6E8AA30DD668A003F92C379996F3A942","method":"Input.dispatchKeyEvent","params":{"modifiers":0,"type":"rawKeyDown","text":"r","windowsVirtualKeyCode":114}}
12:52:34.443 [nioEventLoopGroup-9-1] DEBUG com.intuit.karate.driver.chrome_1718781747070 -- << {"id":83,"result":{},"sessionId":"6E8AA30DD668A003F92C379996F3A942"}
12:52:34.443 [nioEventLoopGroup-9-1] DEBUG com.jayway.jsonpath.internal.path.CompiledPath -- Evaluating path: $
12:52:34.443 [main] DEBUG com.jayway.jsonpath.internal.path.CompiledPath -- Evaluating path: $['modifiers']
12:52:34.443 [main] DEBUG com.jayway.jsonpath.internal.path.CompiledPath -- Evaluating path: $
12:52:34.443 [main] DEBUG com.jayway.jsonpath.internal.path.CompiledPath -- Evaluating path: $
12:52:34.443 [main] DEBUG com.jayway.jsonpath.internal.JsonContext -- Put path $ key modifiers value {}
12:52:34.443 [main] DEBUG com.jayway.jsonpath.internal.path.CompiledPath -- Evaluating path: $
12:52:34.443 [main] DEBUG com.jayway.jsonpath.internal.JsonContext -- Put path $ key modifiers value 0
12:52:34.443 [main] DEBUG com.jayway.jsonpath.internal.path.CompiledPath -- Evaluating path: $['type']
12:52:34.443 [main] DEBUG com.jayway.jsonpath.internal.path.CompiledPath -- Evaluating path: $
12:52:34.443 [main] DEBUG com.jayway.jsonpath.internal.path.CompiledPath -- Evaluating path: $
12:52:34.443 [main] DEBUG com.jayway.jsonpath.internal.JsonContext -- Put path $ key type value {}
12:52:34.443 [main] DEBUG com.jayway.jsonpath.internal.path.CompiledPath -- Evaluating path: $
12:52:34.443 [main] DEBUG com.jayway.jsonpath.internal.JsonContext -- Put path $ key type value char
12:52:34.443 [main] DEBUG com.jayway.jsonpath.internal.path.CompiledPath -- Evaluating path: $['text']
12:52:34.443 [main] DEBUG com.jayway.jsonpath.internal.path.CompiledPath -- Evaluating path: $
12:52:34.443 [main] DEBUG com.jayway.jsonpath.internal.path.CompiledPath -- Evaluating path: $
12:52:34.443 [main] DEBUG com.jayway.jsonpath.internal.JsonContext -- Put path $ key text value {}
12:52:34.443 [main] DEBUG com.jayway.jsonpath.internal.path.CompiledPath -- Evaluating path: $
12:52:34.443 [main] DEBUG com.jayway.jsonpath.internal.JsonContext -- Put path $ key text value r
12:52:34.443 [main] DEBUG com.jayway.jsonpath.internal.path.CompiledPath -- Evaluating path: $['windowsVirtualKeyCode']
12:52:34.443 [main] DEBUG com.jayway.jsonpath.internal.path.CompiledPath -- Evaluating path: $
12:52:34.443 [main] DEBUG com.jayway.jsonpath.internal.path.CompiledPath -- Evaluating path: $
12:52:34.443 [main] DEBUG com.jayway.jsonpath.internal.JsonContext -- Put path $ key windowsVirtualKeyCode value {}
12:52:34.443 [main] DEBUG com.jayway.jsonpath.internal.path.CompiledPath -- Evaluating path: $
12:52:34.443 [main] DEBUG com.jayway.jsonpath.internal.JsonContext -- Put path $ key windowsVirtualKeyCode value 114
12:52:34.443 [main] DEBUG com.jayway.jsonpath.internal.path.CompiledPath -- Evaluating path: $
12:52:34.443 [main] DEBUG com.intuit.karate.driver.chrome_1718781747070 -- >> {"id":84,"sessionId":"6E8AA30DD668A003F92C379996F3A942","method":"Input.dispatchKeyEvent","params":{"modifiers":0,"type":"char","text":"r","windowsVirtualKeyCode":114}}
12:52:34.446 [nioEventLoopGroup-9-1] DEBUG com.intuit.karate.driver.chrome_1718781747070 -- << {"id":84,"result":{},"sessionId":"6E8AA30DD668A003F92C379996F3A942"}
12:52:34.446 [nioEventLoopGroup-9-1] DEBUG com.jayway.jsonpath.internal.path.CompiledPath -- Evaluating path: $
12:52:34.447 [main] DEBUG com.jayway.jsonpath.internal.path.CompiledPath -- Evaluating path: $['modifiers']
12:52:34.447 [main] DEBUG com.jayway.jsonpath.internal.path.CompiledPath -- Evaluating path: $
12:52:34.447 [main] DEBUG com.jayway.jsonpath.internal.path.CompiledPath -- Evaluating path: $
12:52:34.447 [main] DEBUG com.jayway.jsonpath.internal.JsonContext -- Put path $ key modifiers value {}
12:52:34.447 [main] DEBUG com.jayway.jsonpath.internal.path.CompiledPath -- Evaluating path: $
12:52:34.447 [main] DEBUG com.jayway.jsonpath.internal.JsonContext -- Put path $ key modifiers value 0
12:52:34.447 [main] DEBUG com.jayway.jsonpath.internal.path.CompiledPath -- Evaluating path: $['type']
12:52:34.447 [main] DEBUG com.jayway.jsonpath.internal.path.CompiledPath -- Evaluating path: $
12:52:34.447 [main] DEBUG com.jayway.jsonpath.internal.path.CompiledPath -- Evaluating path: $
12:52:34.447 [main] DEBUG com.jayway.jsonpath.internal.JsonContext -- Put path $ key type value {}
12:52:34.447 [main] DEBUG com.jayway.jsonpath.internal.path.CompiledPath -- Evaluating path: $
12:52:34.447 [main] DEBUG com.jayway.jsonpath.internal.JsonContext -- Put path $ key type value keyUp
12:52:34.447 [main] DEBUG com.jayway.jsonpath.internal.path.CompiledPath -- Evaluating path: $['text']
12:52:34.447 [main] DEBUG com.jayway.jsonpath.internal.path.CompiledPath -- Evaluating path: $
12:52:34.447 [main] DEBUG com.jayway.jsonpath.internal.path.CompiledPath -- Evaluating path: $
12:52:34.447 [main] DEBUG com.jayway.jsonpath.internal.JsonContext -- Put path $ key text value {}
12:52:34.447 [main] DEBUG com.jayway.jsonpath.internal.path.CompiledPath -- Evaluating path: $
12:52:34.447 [main] DEBUG com.jayway.jsonpath.internal.JsonContext -- Put path $ key text value r
12:52:34.447 [main] DEBUG com.jayway.jsonpath.internal.path.CompiledPath -- Evaluating path: $['windowsVirtualKeyCode']
12:52:34.447 [main] DEBUG com.jayway.jsonpath.internal.path.CompiledPath -- Evaluating path: $
12:52:34.447 [main] DEBUG com.jayway.jsonpath.internal.path.CompiledPath -- Evaluating path: $
12:52:34.447 [main] DEBUG com.jayway.jsonpath.internal.JsonContext -- Put path $ key windowsVirtualKeyCode value {}
12:52:34.447 [main] DEBUG com.jayway.jsonpath.internal.path.CompiledPath -- Evaluating path: $
12:52:34.447 [main] DEBUG com.jayway.jsonpath.internal.JsonContext -- Put path $ key windowsVirtualKeyCode value 114
12:52:34.447 [main] DEBUG com.jayway.jsonpath.internal.path.CompiledPath -- Evaluating path: $
12:52:34.447 [main] DEBUG com.intuit.karate.driver.chrome_1718781747070 -- >> {"id":85,"sessionId":"6E8AA30DD668A003F92C379996F3A942","method":"Input.dispatchKeyEvent","params":{"modifiers":0,"type":"keyUp","text":"r","windowsVirtualKeyCode":114}}
12:52:34.447 [nioEventLoopGroup-9-1] DEBUG com.intuit.karate.driver.chrome_1718781747070 -- << {"id":85,"result":{},"sessionId":"6E8AA30DD668A003F92C379996F3A942"}
12:52:34.447 [nioEventLoopGroup-9-1] DEBUG com.jayway.jsonpath.internal.path.CompiledPath -- Evaluating path: $
12:52:34.447 [main] DEBUG com.jayway.jsonpath.internal.path.CompiledPath -- Evaluating path: $['modifiers']
12:52:34.447 [main] DEBUG com.jayway.jsonpath.internal.path.CompiledPath -- Evaluating path: $
12:52:34.447 [main] DEBUG com.jayway.jsonpath.internal.path.CompiledPath -- Evaluating path: $
12:52:34.447 [main] DEBUG com.jayway.jsonpath.internal.JsonContext -- Put path $ key modifiers value {}
12:52:34.447 [main] DEBUG com.jayway.jsonpath.internal.path.CompiledPath -- Evaluating path: $
12:52:34.447 [main] DEBUG com.jayway.jsonpath.internal.JsonContext -- Put path $ key modifiers value 0
12:52:34.447 [main] DEBUG com.jayway.jsonpath.internal.path.CompiledPath -- Evaluating path: $['type']
12:52:34.449 [main] DEBUG com.jayway.jsonpath.internal.path.CompiledPath -- Evaluating path: $
12:52:34.449 [main] DEBUG com.jayway.jsonpath.internal.path.CompiledPath -- Evaluating path: $
12:52:34.449 [main] DEBUG com.jayway.jsonpath.internal.JsonContext -- Put path $ key type value {}
12:52:34.449 [main] DEBUG com.jayway.jsonpath.internal.path.CompiledPath -- Evaluating path: $
12:52:34.449 [main] DEBUG com.jayway.jsonpath.internal.JsonContext -- Put path $ key type value rawKeyDown
12:52:34.449 [main] DEBUG com.jayway.jsonpath.internal.path.CompiledPath -- Evaluating path: $['text']
12:52:34.449 [main] DEBUG com.jayway.jsonpath.internal.path.CompiledPath -- Evaluating path: $
12:52:34.449 [main] DEBUG com.jayway.jsonpath.internal.path.CompiledPath -- Evaluating path: $
12:52:34.449 [main] DEBUG com.jayway.jsonpath.internal.JsonContext -- Put path $ key text value {}
12:52:34.449 [main] DEBUG com.jayway.jsonpath.internal.path.CompiledPath -- Evaluating path: $
12:52:34.449 [main] DEBUG com.jayway.jsonpath.internal.JsonContext -- Put path $ key text value e
12:52:34.449 [main] DEBUG com.jayway.jsonpath.internal.path.CompiledPath -- Evaluating path: $['windowsVirtualKeyCode']
12:52:34.449 [main] DEBUG com.jayway.jsonpath.internal.path.CompiledPath -- Evaluating path: $
12:52:34.449 [main] DEBUG com.jayway.jsonpath.internal.path.CompiledPath -- Evaluating path: $
12:52:34.449 [main] DEBUG com.jayway.jsonpath.internal.JsonContext -- Put path $ key windowsVirtualKeyCode value {}
12:52:34.449 [main] DEBUG com.jayway.jsonpath.internal.path.CompiledPath -- Evaluating path: $
12:52:34.449 [main] DEBUG com.jayway.jsonpath.internal.JsonContext -- Put path $ key windowsVirtualKeyCode value 101
12:52:34.449 [main] DEBUG com.jayway.jsonpath.internal.path.CompiledPath -- Evaluating path: $
12:52:34.449 [main] DEBUG com.intuit.karate.driver.chrome_1718781747070 -- >> {"id":86,"sessionId":"6E8AA30DD668A003F92C379996F3A942","method":"Input.dispatchKeyEvent","params":{"modifiers":0,"type":"rawKeyDown","text":"e","windowsVirtualKeyCode":101}}
12:52:34.449 [nioEventLoopGroup-9-1] DEBUG com.intuit.karate.driver.chrome_1718781747070 -- << {"id":86,"result":{},"sessionId":"6E8AA30DD668A003F92C379996F3A942"}
12:52:34.449 [nioEventLoopGroup-9-1] DEBUG com.jayway.jsonpath.internal.path.CompiledPath -- Evaluating path: $
12:52:34.449 [main] DEBUG com.jayway.jsonpath.internal.path.CompiledPath -- Evaluating path: $['modifiers']
12:52:34.449 [main] DEBUG com.jayway.jsonpath.internal.path.CompiledPath -- Evaluating path: $
12:52:34.449 [main] DEBUG com.jayway.jsonpath.internal.path.CompiledPath -- Evaluating path: $
12:52:34.449 [main] DEBUG com.jayway.jsonpath.internal.JsonContext -- Put path $ key modifiers value {}
12:52:34.449 [main] DEBUG com.jayway.jsonpath.internal.path.CompiledPath -- Evaluating path: $
12:52:34.449 [main] DEBUG com.jayway.jsonpath.internal.JsonContext -- Put path $ key modifiers value 0
12:52:34.449 [main] DEBUG com.jayway.jsonpath.internal.path.CompiledPath -- Evaluating path: $['type']
12:52:34.449 [main] DEBUG com.jayway.jsonpath.internal.path.CompiledPath -- Evaluating path: $
12:52:34.449 [main] DEBUG com.jayway.jsonpath.internal.path.CompiledPath -- Evaluating path: $
12:52:34.449 [main] DEBUG com.jayway.jsonpath.internal.JsonContext -- Put path $ key type value {}
12:52:34.449 [main] DEBUG com.jayway.jsonpath.internal.path.CompiledPath -- Evaluating path: $
12:52:34.449 [main] DEBUG com.jayway.jsonpath.internal.JsonContext -- Put path $ key type value char
12:52:34.449 [main] DEBUG com.jayway.jsonpath.internal.path.CompiledPath -- Evaluating path: $['text']
12:52:34.449 [main] DEBUG com.jayway.jsonpath.internal.path.CompiledPath -- Evaluating path: $
12:52:34.449 [main] DEBUG com.jayway.jsonpath.internal.path.CompiledPath -- Evaluating path: $
12:52:34.449 [main] DEBUG com.jayway.jsonpath.internal.JsonContext -- Put path $ key text value {}
12:52:34.449 [main] DEBUG com.jayway.jsonpath.internal.path.CompiledPath -- Evaluating path: $
12:52:34.449 [main] DEBUG com.jayway.jsonpath.internal.JsonContext -- Put path $ key text value e
12:52:34.449 [main] DEBUG com.jayway.jsonpath.internal.path.CompiledPath -- Evaluating path: $['windowsVirtualKeyCode']
12:52:34.449 [main] DEBUG com.jayway.jsonpath.internal.path.CompiledPath -- Evaluating path: $
12:52:34.449 [main] DEBUG com.jayway.jsonpath.internal.path.CompiledPath -- Evaluating path: $
12:52:34.449 [main] DEBUG com.jayway.jsonpath.internal.JsonContext -- Put path $ key windowsVirtualKeyCode value {}
12:52:34.449 [main] DEBUG com.jayway.jsonpath.internal.path.CompiledPath -- Evaluating path: $
12:52:34.449 [main] DEBUG com.jayway.jsonpath.internal.JsonContext -- Put path $ key windowsVirtualKeyCode value 101
12:52:34.449 [main] DEBUG com.jayway.jsonpath.internal.path.CompiledPath -- Evaluating path: $
12:52:34.449 [main] DEBUG com.intuit.karate.driver.chrome_1718781747070 -- >> {"id":87,"sessionId":"6E8AA30DD668A003F92C379996F3A942","method":"Input.dispatchKeyEvent","params":{"modifiers":0,"type":"char","text":"e","windowsVirtualKeyCode":101}}
12:52:34.452 [nioEventLoopGroup-9-1] DEBUG com.intuit.karate.driver.chrome_1718781747070 -- << {"id":87,"result":{},"sessionId":"6E8AA30DD668A003F92C379996F3A942"}
12:52:34.452 [nioEventLoopGroup-9-1] DEBUG com.jayway.jsonpath.internal.path.CompiledPath -- Evaluating path: $
12:52:34.452 [main] DEBUG com.jayway.jsonpath.internal.path.CompiledPath -- Evaluating path: $['modifiers']
12:52:34.452 [main] DEBUG com.jayway.jsonpath.internal.path.CompiledPath -- Evaluating path: $
12:52:34.452 [main] DEBUG com.jayway.jsonpath.internal.path.CompiledPath -- Evaluating path: $
12:52:34.452 [main] DEBUG com.jayway.jsonpath.internal.JsonContext -- Put path $ key modifiers value {}
12:52:34.452 [main] DEBUG com.jayway.jsonpath.internal.path.CompiledPath -- Evaluating path: $
12:52:34.452 [main] DEBUG com.jayway.jsonpath.internal.JsonContext -- Put path $ key modifiers value 0
12:52:34.452 [main] DEBUG com.jayway.jsonpath.internal.path.CompiledPath -- Evaluating path: $['type']
12:52:34.452 [main] DEBUG com.jayway.jsonpath.internal.path.CompiledPath -- Evaluating path: $
12:52:34.452 [main] DEBUG com.jayway.jsonpath.internal.path.CompiledPath -- Evaluating path: $
12:52:34.452 [main] DEBUG com.jayway.jsonpath.internal.JsonContext -- Put path $ key type value {}
12:52:34.452 [main] DEBUG com.jayway.jsonpath.internal.path.CompiledPath -- Evaluating path: $
12:52:34.452 [main] DEBUG com.jayway.jsonpath.internal.JsonContext -- Put path $ key type value keyUp
12:52:34.452 [main] DEBUG com.jayway.jsonpath.internal.path.CompiledPath -- Evaluating path: $['text']
12:52:34.452 [main] DEBUG com.jayway.jsonpath.internal.path.CompiledPath -- Evaluating path: $
12:52:34.452 [main] DEBUG com.jayway.jsonpath.internal.path.CompiledPath -- Evaluating path: $
12:52:34.452 [main] DEBUG com.jayway.jsonpath.internal.JsonContext -- Put path $ key text value {}
12:52:34.452 [main] DEBUG com.jayway.jsonpath.internal.path.CompiledPath -- Evaluating path: $
12:52:34.452 [main] DEBUG com.jayway.jsonpath.internal.JsonContext -- Put path $ key text value e
12:52:34.452 [main] DEBUG com.jayway.jsonpath.internal.path.CompiledPath -- Evaluating path: $['windowsVirtualKeyCode']
12:52:34.452 [main] DEBUG com.jayway.jsonpath.internal.path.CompiledPath -- Evaluating path: $
12:52:34.452 [main] DEBUG com.jayway.jsonpath.internal.path.CompiledPath -- Evaluating path: $
12:52:34.452 [main] DEBUG com.jayway.jsonpath.internal.JsonContext -- Put path $ key windowsVirtualKeyCode value {}
12:52:34.452 [main] DEBUG com.jayway.jsonpath.internal.path.CompiledPath -- Evaluating path: $
12:52:34.452 [main] DEBUG com.jayway.jsonpath.internal.JsonContext -- Put path $ key windowsVirtualKeyCode value 101
12:52:34.452 [main] DEBUG com.jayway.jsonpath.internal.path.CompiledPath -- Evaluating path: $
12:52:34.452 [main] DEBUG com.intuit.karate.driver.chrome_1718781747070 -- >> {"id":88,"sessionId":"6E8AA30DD668A003F92C379996F3A942","method":"Input.dispatchKeyEvent","params":{"modifiers":0,"type":"keyUp","text":"e","windowsVirtualKeyCode":101}}
12:52:34.452 [nioEventLoopGroup-9-1] DEBUG com.intuit.karate.driver.chrome_1718781747070 -- << {"id":88,"result":{},"sessionId":"6E8AA30DD668A003F92C379996F3A942"}
12:52:34.452 [nioEventLoopGroup-9-1] DEBUG com.jayway.jsonpath.internal.path.CompiledPath -- Evaluating path: $
12:52:34.452 [main] DEBUG com.jayway.jsonpath.internal.path.CompiledPath -- Evaluating path: $['modifiers']
12:52:34.452 [main] DEBUG com.jayway.jsonpath.internal.path.CompiledPath -- Evaluating path: $
12:52:34.452 [main] DEBUG com.jayway.jsonpath.internal.path.CompiledPath -- Evaluating path: $
12:52:34.452 [main] DEBUG com.jayway.jsonpath.internal.JsonContext -- Put path $ key modifiers value {}
12:52:34.452 [main] DEBUG com.jayway.jsonpath.internal.path.CompiledPath -- Evaluating path: $
12:52:34.452 [main] DEBUG com.jayway.jsonpath.internal.JsonContext -- Put path $ key modifiers value 0
12:52:34.452 [main] DEBUG com.jayway.jsonpath.internal.path.CompiledPath -- Evaluating path: $['type']
12:52:34.452 [main] DEBUG com.jayway.jsonpath.internal.path.CompiledPath -- Evaluating path: $
12:52:34.452 [main] DEBUG com.jayway.jsonpath.internal.path.CompiledPath -- Evaluating path: $
12:52:34.452 [main] DEBUG com.jayway.jsonpath.internal.JsonContext -- Put path $ key type value {}
12:52:34.452 [main] DEBUG com.jayway.jsonpath.internal.path.CompiledPath -- Evaluating path: $
12:52:34.452 [main] DEBUG com.jayway.jsonpath.internal.JsonContext -- Put path $ key type value rawKeyDown
12:52:34.452 [main] DEBUG com.jayway.jsonpath.internal.path.CompiledPath -- Evaluating path: $['text']
12:52:34.452 [main] DEBUG com.jayway.jsonpath.internal.path.CompiledPath -- Evaluating path: $
12:52:34.452 [main] DEBUG com.jayway.jsonpath.internal.path.CompiledPath -- Evaluating path: $
12:52:34.452 [main] DEBUG com.jayway.jsonpath.internal.JsonContext -- Put path $ key text value {}
12:52:34.452 [main] DEBUG com.jayway.jsonpath.internal.path.CompiledPath -- Evaluating path: $
12:52:34.452 [main] DEBUG com.jayway.jsonpath.internal.JsonContext -- Put path $ key text value t
12:52:34.452 [main] DEBUG com.jayway.jsonpath.internal.path.CompiledPath -- Evaluating path: $['windowsVirtualKeyCode']
12:52:34.452 [main] DEBUG com.jayway.jsonpath.internal.path.CompiledPath -- Evaluating path: $
12:52:34.452 [main] DEBUG com.jayway.jsonpath.internal.path.CompiledPath -- Evaluating path: $
12:52:34.452 [main] DEBUG com.jayway.jsonpath.internal.JsonContext -- Put path $ key windowsVirtualKeyCode value {}
12:52:34.452 [main] DEBUG com.jayway.jsonpath.internal.path.CompiledPath -- Evaluating path: $
12:52:34.452 [main] DEBUG com.jayway.jsonpath.internal.JsonContext -- Put path $ key windowsVirtualKeyCode value 116
12:52:34.452 [main] DEBUG com.jayway.jsonpath.internal.path.CompiledPath -- Evaluating path: $
12:52:34.452 [main] DEBUG com.intuit.karate.driver.chrome_1718781747070 -- >> {"id":89,"sessionId":"6E8AA30DD668A003F92C379996F3A942","method":"Input.dispatchKeyEvent","params":{"modifiers":0,"type":"rawKeyDown","text":"t","windowsVirtualKeyCode":116}}
12:52:34.456 [nioEventLoopGroup-9-1] DEBUG com.intuit.karate.driver.chrome_1718781747070 -- << {"id":89,"result":{},"sessionId":"6E8AA30DD668A003F92C379996F3A942"}
12:52:34.456 [nioEventLoopGroup-9-1] DEBUG com.jayway.jsonpath.internal.path.CompiledPath -- Evaluating path: $
12:52:34.456 [main] DEBUG com.jayway.jsonpath.internal.path.CompiledPath -- Evaluating path: $['modifiers']
12:52:34.456 [main] DEBUG com.jayway.jsonpath.internal.path.CompiledPath -- Evaluating path: $
12:52:34.456 [main] DEBUG com.jayway.jsonpath.internal.path.CompiledPath -- Evaluating path: $
12:52:34.456 [main] DEBUG com.jayway.jsonpath.internal.JsonContext -- Put path $ key modifiers value {}
12:52:34.456 [main] DEBUG com.jayway.jsonpath.internal.path.CompiledPath -- Evaluating path: $
12:52:34.456 [main] DEBUG com.jayway.jsonpath.internal.JsonContext -- Put path $ key modifiers value 0
12:52:34.456 [main] DEBUG com.jayway.jsonpath.internal.path.CompiledPath -- Evaluating path: $['type']
12:52:34.456 [main] DEBUG com.jayway.jsonpath.internal.path.CompiledPath -- Evaluating path: $
12:52:34.456 [main] DEBUG com.jayway.jsonpath.internal.path.CompiledPath -- Evaluating path: $
12:52:34.456 [main] DEBUG com.jayway.jsonpath.internal.JsonContext -- Put path $ key type value {}
12:52:34.456 [main] DEBUG com.jayway.jsonpath.internal.path.CompiledPath -- Evaluating path: $
12:52:34.456 [main] DEBUG com.jayway.jsonpath.internal.JsonContext -- Put path $ key type value char
12:52:34.456 [main] DEBUG com.jayway.jsonpath.internal.path.CompiledPath -- Evaluating path: $['text']
12:52:34.456 [main] DEBUG com.jayway.jsonpath.internal.path.CompiledPath -- Evaluating path: $
12:52:34.456 [main] DEBUG com.jayway.jsonpath.internal.path.CompiledPath -- Evaluating path: $
12:52:34.456 [main] DEBUG com.jayway.jsonpath.internal.JsonContext -- Put path $ key text value {}
12:52:34.456 [main] DEBUG com.jayway.jsonpath.internal.path.CompiledPath -- Evaluating path: $
12:52:34.456 [main] DEBUG com.jayway.jsonpath.internal.JsonContext -- Put path $ key text value t
12:52:34.456 [main] DEBUG com.jayway.jsonpath.internal.path.CompiledPath -- Evaluating path: $['windowsVirtualKeyCode']
12:52:34.456 [main] DEBUG com.jayway.jsonpath.internal.path.CompiledPath -- Evaluating path: $
12:52:34.456 [main] DEBUG com.jayway.jsonpath.internal.path.CompiledPath -- Evaluating path: $
12:52:34.456 [main] DEBUG com.jayway.jsonpath.internal.JsonContext -- Put path $ key windowsVirtualKeyCode value {}
12:52:34.456 [main] DEBUG com.jayway.jsonpath.internal.path.CompiledPath -- Evaluating path: $
12:52:34.456 [main] DEBUG com.jayway.jsonpath.internal.JsonContext -- Put path $ key windowsVirtualKeyCode value 116
12:52:34.456 [main] DEBUG com.jayway.jsonpath.internal.path.CompiledPath -- Evaluating path: $
12:52:34.456 [main] DEBUG com.intuit.karate.driver.chrome_1718781747070 -- >> {"id":90,"sessionId":"6E8AA30DD668A003F92C379996F3A942","method":"Input.dispatchKeyEvent","params":{"modifiers":0,"type":"char","text":"t","windowsVirtualKeyCode":116}}
12:52:34.456 [nioEventLoopGroup-9-1] DEBUG com.intuit.karate.driver.chrome_1718781747070 -- << {"id":90,"result":{},"sessionId":"6E8AA30DD668A003F92C379996F3A942"}
12:52:34.456 [nioEventLoopGroup-9-1] DEBUG com.jayway.jsonpath.internal.path.CompiledPath -- Evaluating path: $
12:52:34.464 [main] DEBUG com.jayway.jsonpath.internal.path.CompiledPath -- Evaluating path: $['modifiers']
12:52:34.464 [main] DEBUG com.jayway.jsonpath.internal.path.CompiledPath -- Evaluating path: $
12:52:34.464 [main] DEBUG com.jayway.jsonpath.internal.path.CompiledPath -- Evaluating path: $
12:52:34.464 [main] DEBUG com.jayway.jsonpath.internal.JsonContext -- Put path $ key modifiers value {}
12:52:34.464 [main] DEBUG com.jayway.jsonpath.internal.path.CompiledPath -- Evaluating path: $
12:52:34.464 [main] DEBUG com.jayway.jsonpath.internal.JsonContext -- Put path $ key modifiers value 0
12:52:34.464 [main] DEBUG com.jayway.jsonpath.internal.path.CompiledPath -- Evaluating path: $['type']
12:52:34.464 [main] DEBUG com.jayway.jsonpath.internal.path.CompiledPath -- Evaluating path: $
12:52:34.464 [main] DEBUG com.jayway.jsonpath.internal.path.CompiledPath -- Evaluating path: $
12:52:34.464 [main] DEBUG com.jayway.jsonpath.internal.JsonContext -- Put path $ key type value {}
12:52:34.464 [main] DEBUG com.jayway.jsonpath.internal.path.CompiledPath -- Evaluating path: $
12:52:34.464 [main] DEBUG com.jayway.jsonpath.internal.JsonContext -- Put path $ key type value keyUp
12:52:34.464 [main] DEBUG com.jayway.jsonpath.internal.path.CompiledPath -- Evaluating path: $['text']
12:52:34.464 [main] DEBUG com.jayway.jsonpath.internal.path.CompiledPath -- Evaluating path: $
12:52:34.464 [main] DEBUG com.jayway.jsonpath.internal.path.CompiledPath -- Evaluating path: $
12:52:34.464 [main] DEBUG com.jayway.jsonpath.internal.JsonContext -- Put path $ key text value {}
12:52:34.464 [main] DEBUG com.jayway.jsonpath.internal.path.CompiledPath -- Evaluating path: $
12:52:34.464 [main] DEBUG com.jayway.jsonpath.internal.JsonContext -- Put path $ key text value t
12:52:34.464 [main] DEBUG com.jayway.jsonpath.internal.path.CompiledPath -- Evaluating path: $['windowsVirtualKeyCode']
12:52:34.464 [main] DEBUG com.jayway.jsonpath.internal.path.CompiledPath -- Evaluating path: $
12:52:34.464 [main] DEBUG com.jayway.jsonpath.internal.path.CompiledPath -- Evaluating path: $
12:52:34.464 [main] DEBUG com.jayway.jsonpath.internal.JsonContext -- Put path $ key windowsVirtualKeyCode value {}
12:52:34.464 [main] DEBUG com.jayway.jsonpath.internal.path.CompiledPath -- Evaluating path: $
12:52:34.464 [main] DEBUG com.jayway.jsonpath.internal.JsonContext -- Put path $ key windowsVirtualKeyCode value 116
12:52:34.464 [main] DEBUG com.jayway.jsonpath.internal.path.CompiledPath -- Evaluating path: $
12:52:34.464 [main] DEBUG com.intuit.karate.driver.chrome_1718781747070 -- >> {"id":91,"sessionId":"6E8AA30DD668A003F92C379996F3A942","method":"Input.dispatchKeyEvent","params":{"modifiers":0,"type":"keyUp","text":"t","windowsVirtualKeyCode":116}}
12:52:34.464 [nioEventLoopGroup-9-1] DEBUG com.intuit.karate.driver.chrome_1718781747070 -- << {"id":91,"result":{},"sessionId":"6E8AA30DD668A003F92C379996F3A942"}
12:52:34.464 [nioEventLoopGroup-9-1] DEBUG com.jayway.jsonpath.internal.path.CompiledPath -- Evaluating path: $
12:52:34.464 [main] DEBUG com.jayway.jsonpath.internal.path.CompiledPath -- Evaluating path: $['modifiers']
12:52:34.464 [main] DEBUG com.jayway.jsonpath.internal.path.CompiledPath -- Evaluating path: $
12:52:34.464 [main] DEBUG com.jayway.jsonpath.internal.path.CompiledPath -- Evaluating path: $
12:52:34.464 [main] DEBUG com.jayway.jsonpath.internal.JsonContext -- Put path $ key modifiers value {}
12:52:34.464 [main] DEBUG com.jayway.jsonpath.internal.path.CompiledPath -- Evaluating path: $
12:52:34.464 [main] DEBUG com.jayway.jsonpath.internal.JsonContext -- Put path $ key modifiers value 0
12:52:34.464 [main] DEBUG com.jayway.jsonpath.internal.path.CompiledPath -- Evaluating path: $['type']
12:52:34.464 [main] DEBUG com.jayway.jsonpath.internal.path.CompiledPath -- Evaluating path: $
12:52:34.464 [main] DEBUG com.jayway.jsonpath.internal.path.CompiledPath -- Evaluating path: $
12:52:34.464 [main] DEBUG com.jayway.jsonpath.internal.JsonContext -- Put path $ key type value {}
12:52:34.464 [main] DEBUG com.jayway.jsonpath.internal.path.CompiledPath -- Evaluating path: $
12:52:34.464 [main] DEBUG com.jayway.jsonpath.internal.JsonContext -- Put path $ key type value rawKeyDown
12:52:34.464 [main] DEBUG com.jayway.jsonpath.internal.path.CompiledPath -- Evaluating path: $['text']
12:52:34.464 [main] DEBUG com.jayway.jsonpath.internal.path.CompiledPath -- Evaluating path: $
12:52:34.464 [main] DEBUG com.jayway.jsonpath.internal.path.CompiledPath -- Evaluating path: $
12:52:34.464 [main] DEBUG com.jayway.jsonpath.internal.JsonContext -- Put path $ key text value {}
12:52:34.464 [main] DEBUG com.jayway.jsonpath.internal.path.CompiledPath -- Evaluating path: $
12:52:34.464 [main] DEBUG com.jayway.jsonpath.internal.JsonContext -- Put path $ key text value _
12:52:34.464 [main] DEBUG com.jayway.jsonpath.internal.path.CompiledPath -- Evaluating path: $['windowsVirtualKeyCode']
12:52:34.464 [main] DEBUG com.jayway.jsonpath.internal.path.CompiledPath -- Evaluating path: $
12:52:34.464 [main] DEBUG com.jayway.jsonpath.internal.path.CompiledPath -- Evaluating path: $
12:52:34.464 [main] DEBUG com.jayway.jsonpath.internal.JsonContext -- Put path $ key windowsVirtualKeyCode value {}
12:52:34.464 [main] DEBUG com.jayway.jsonpath.internal.path.CompiledPath -- Evaluating path: $
12:52:34.464 [main] DEBUG com.jayway.jsonpath.internal.JsonContext -- Put path $ key windowsVirtualKeyCode value 523
12:52:34.464 [main] DEBUG com.jayway.jsonpath.internal.path.CompiledPath -- Evaluating path: $
12:52:34.464 [main] DEBUG com.intuit.karate.driver.chrome_1718781747070 -- >> {"id":92,"sessionId":"6E8AA30DD668A003F92C379996F3A942","method":"Input.dispatchKeyEvent","params":{"modifiers":0,"type":"rawKeyDown","text":"_","windowsVirtualKeyCode":523}}
12:52:34.464 [nioEventLoopGroup-9-1] DEBUG com.intuit.karate.driver.chrome_1718781747070 -- << {"id":92,"result":{},"sessionId":"6E8AA30DD668A003F92C379996F3A942"}
12:52:34.464 [nioEventLoopGroup-9-1] DEBUG com.jayway.jsonpath.internal.path.CompiledPath -- Evaluating path: $
12:52:34.464 [main] DEBUG com.jayway.jsonpath.internal.path.CompiledPath -- Evaluating path: $['modifiers']
12:52:34.464 [main] DEBUG com.jayway.jsonpath.internal.path.CompiledPath -- Evaluating path: $
12:52:34.464 [main] DEBUG com.jayway.jsonpath.internal.path.CompiledPath -- Evaluating path: $
12:52:34.464 [main] DEBUG com.jayway.jsonpath.internal.JsonContext -- Put path $ key modifiers value {}
12:52:34.464 [main] DEBUG com.jayway.jsonpath.internal.path.CompiledPath -- Evaluating path: $
12:52:34.464 [main] DEBUG com.jayway.jsonpath.internal.JsonContext -- Put path $ key modifiers value 0
12:52:34.464 [main] DEBUG com.jayway.jsonpath.internal.path.CompiledPath -- Evaluating path: $['type']
12:52:34.464 [main] DEBUG com.jayway.jsonpath.internal.path.CompiledPath -- Evaluating path: $
12:52:34.464 [main] DEBUG com.jayway.jsonpath.internal.path.CompiledPath -- Evaluating path: $
12:52:34.464 [main] DEBUG com.jayway.jsonpath.internal.JsonContext -- Put path $ key type value {}
12:52:34.464 [main] DEBUG com.jayway.jsonpath.internal.path.CompiledPath -- Evaluating path: $
12:52:34.464 [main] DEBUG com.jayway.jsonpath.internal.JsonContext -- Put path $ key type value char
12:52:34.464 [main] DEBUG com.jayway.jsonpath.internal.path.CompiledPath -- Evaluating path: $['text']
12:52:34.464 [main] DEBUG com.jayway.jsonpath.internal.path.CompiledPath -- Evaluating path: $
12:52:34.464 [main] DEBUG com.jayway.jsonpath.internal.path.CompiledPath -- Evaluating path: $
12:52:34.464 [main] DEBUG com.jayway.jsonpath.internal.JsonContext -- Put path $ key text value {}
12:52:34.464 [main] DEBUG com.jayway.jsonpath.internal.path.CompiledPath -- Evaluating path: $
12:52:34.464 [main] DEBUG com.jayway.jsonpath.internal.JsonContext -- Put path $ key text value _
12:52:34.464 [main] DEBUG com.jayway.jsonpath.internal.path.CompiledPath -- Evaluating path: $['windowsVirtualKeyCode']
12:52:34.464 [main] DEBUG com.jayway.jsonpath.internal.path.CompiledPath -- Evaluating path: $
12:52:34.464 [main] DEBUG com.jayway.jsonpath.internal.path.CompiledPath -- Evaluating path: $
12:52:34.464 [main] DEBUG com.jayway.jsonpath.internal.JsonContext -- Put path $ key windowsVirtualKeyCode value {}
12:52:34.464 [main] DEBUG com.jayway.jsonpath.internal.path.CompiledPath -- Evaluating path: $
12:52:34.464 [main] DEBUG com.jayway.jsonpath.internal.JsonContext -- Put path $ key windowsVirtualKeyCode value 523
12:52:34.464 [main] DEBUG com.jayway.jsonpath.internal.path.CompiledPath -- Evaluating path: $
12:52:34.464 [main] DEBUG com.intuit.karate.driver.chrome_1718781747070 -- >> {"id":93,"sessionId":"6E8AA30DD668A003F92C379996F3A942","method":"Input.dispatchKeyEvent","params":{"modifiers":0,"type":"char","text":"_","windowsVirtualKeyCode":523}}
12:52:34.464 [nioEventLoopGroup-9-1] DEBUG com.intuit.karate.driver.chrome_1718781747070 -- << {"id":93,"result":{},"sessionId":"6E8AA30DD668A003F92C379996F3A942"}
12:52:34.464 [nioEventLoopGroup-9-1] DEBUG com.jayway.jsonpath.internal.path.CompiledPath -- Evaluating path: $
12:52:34.464 [main] DEBUG com.jayway.jsonpath.internal.path.CompiledPath -- Evaluating path: $['modifiers']
12:52:34.464 [main] DEBUG com.jayway.jsonpath.internal.path.CompiledPath -- Evaluating path: $
12:52:34.464 [main] DEBUG com.jayway.jsonpath.internal.path.CompiledPath -- Evaluating path: $
12:52:34.464 [main] DEBUG com.jayway.jsonpath.internal.JsonContext -- Put path $ key modifiers value {}
12:52:34.464 [main] DEBUG com.jayway.jsonpath.internal.path.CompiledPath -- Evaluating path: $
12:52:34.464 [main] DEBUG com.jayway.jsonpath.internal.JsonContext -- Put path $ key modifiers value 0
12:52:34.464 [main] DEBUG com.jayway.jsonpath.internal.path.CompiledPath -- Evaluating path: $['type']
12:52:34.464 [main] DEBUG com.jayway.jsonpath.internal.path.CompiledPath -- Evaluating path: $
12:52:34.464 [main] DEBUG com.jayway.jsonpath.internal.path.CompiledPath -- Evaluating path: $
12:52:34.464 [main] DEBUG com.jayway.jsonpath.internal.JsonContext -- Put path $ key type value {}
12:52:34.464 [main] DEBUG com.jayway.jsonpath.internal.path.CompiledPath -- Evaluating path: $
12:52:34.464 [main] DEBUG com.jayway.jsonpath.internal.JsonContext -- Put path $ key type value keyUp
12:52:34.464 [main] DEBUG com.jayway.jsonpath.internal.path.CompiledPath -- Evaluating path: $['text']
12:52:34.464 [main] DEBUG com.jayway.jsonpath.internal.path.CompiledPath -- Evaluating path: $
12:52:34.464 [main] DEBUG com.jayway.jsonpath.internal.path.CompiledPath -- Evaluating path: $
12:52:34.464 [main] DEBUG com.jayway.jsonpath.internal.JsonContext -- Put path $ key text value {}
12:52:34.464 [main] DEBUG com.jayway.jsonpath.internal.path.CompiledPath -- Evaluating path: $
12:52:34.464 [main] DEBUG com.jayway.jsonpath.internal.JsonContext -- Put path $ key text value _
12:52:34.464 [main] DEBUG com.jayway.jsonpath.internal.path.CompiledPath -- Evaluating path: $['windowsVirtualKeyCode']
12:52:34.464 [main] DEBUG com.jayway.jsonpath.internal.path.CompiledPath -- Evaluating path: $
12:52:34.464 [main] DEBUG com.jayway.jsonpath.internal.path.CompiledPath -- Evaluating path: $
12:52:34.464 [main] DEBUG com.jayway.jsonpath.internal.JsonContext -- Put path $ key windowsVirtualKeyCode value {}
12:52:34.464 [main] DEBUG com.jayway.jsonpath.internal.path.CompiledPath -- Evaluating path: $
12:52:34.464 [main] DEBUG com.jayway.jsonpath.internal.JsonContext -- Put path $ key windowsVirtualKeyCode value 523
12:52:34.464 [main] DEBUG com.jayway.jsonpath.internal.path.CompiledPath -- Evaluating path: $
12:52:34.464 [main] DEBUG com.intuit.karate.driver.chrome_1718781747070 -- >> {"id":94,"sessionId":"6E8AA30DD668A003F92C379996F3A942","method":"Input.dispatchKeyEvent","params":{"modifiers":0,"type":"keyUp","text":"_","windowsVirtualKeyCode":523}}
12:52:34.472 [nioEventLoopGroup-9-1] DEBUG com.intuit.karate.driver.chrome_1718781747070 -- << {"id":94,"result":{},"sessionId":"6E8AA30DD668A003F92C379996F3A942"}
12:52:34.472 [nioEventLoopGroup-9-1] DEBUG com.jayway.jsonpath.internal.path.CompiledPath -- Evaluating path: $
12:52:34.472 [main] DEBUG com.jayway.jsonpath.internal.path.CompiledPath -- Evaluating path: $['modifiers']
12:52:34.472 [main] DEBUG com.jayway.jsonpath.internal.path.CompiledPath -- Evaluating path: $
12:52:34.472 [main] DEBUG com.jayway.jsonpath.internal.path.CompiledPath -- Evaluating path: $
12:52:34.472 [main] DEBUG com.jayway.jsonpath.internal.JsonContext -- Put path $ key modifiers value {}
12:52:34.472 [main] DEBUG com.jayway.jsonpath.internal.path.CompiledPath -- Evaluating path: $
12:52:34.472 [main] DEBUG com.jayway.jsonpath.internal.JsonContext -- Put path $ key modifiers value 0
12:52:34.472 [main] DEBUG com.jayway.jsonpath.internal.path.CompiledPath -- Evaluating path: $['type']
12:52:34.472 [main] DEBUG com.jayway.jsonpath.internal.path.CompiledPath -- Evaluating path: $
12:52:34.472 [main] DEBUG com.jayway.jsonpath.internal.path.CompiledPath -- Evaluating path: $
12:52:34.472 [main] DEBUG com.jayway.jsonpath.internal.JsonContext -- Put path $ key type value {}
12:52:34.472 [main] DEBUG com.jayway.jsonpath.internal.path.CompiledPath -- Evaluating path: $
12:52:34.472 [main] DEBUG com.jayway.jsonpath.internal.JsonContext -- Put path $ key type value rawKeyDown
12:52:34.472 [main] DEBUG com.jayway.jsonpath.internal.path.CompiledPath -- Evaluating path: $['text']
12:52:34.472 [main] DEBUG com.jayway.jsonpath.internal.path.CompiledPath -- Evaluating path: $
12:52:34.472 [main] DEBUG com.jayway.jsonpath.internal.path.CompiledPath -- Evaluating path: $
12:52:34.472 [main] DEBUG com.jayway.jsonpath.internal.JsonContext -- Put path $ key text value {}
12:52:34.472 [main] DEBUG com.jayway.jsonpath.internal.path.CompiledPath -- Evaluating path: $
12:52:34.472 [main] DEBUG com.jayway.jsonpath.internal.JsonContext -- Put path $ key text value s
12:52:34.472 [main] DEBUG com.jayway.jsonpath.internal.path.CompiledPath -- Evaluating path: $['windowsVirtualKeyCode']
12:52:34.472 [main] DEBUG com.jayway.jsonpath.internal.path.CompiledPath -- Evaluating path: $
12:52:34.472 [main] DEBUG com.jayway.jsonpath.internal.path.CompiledPath -- Evaluating path: $
12:52:34.472 [main] DEBUG com.jayway.jsonpath.internal.JsonContext -- Put path $ key windowsVirtualKeyCode value {}
12:52:34.472 [main] DEBUG com.jayway.jsonpath.internal.path.CompiledPath -- Evaluating path: $
12:52:34.472 [main] DEBUG com.jayway.jsonpath.internal.JsonContext -- Put path $ key windowsVirtualKeyCode value 115
12:52:34.472 [main] DEBUG com.jayway.jsonpath.internal.path.CompiledPath -- Evaluating path: $
12:52:34.472 [main] DEBUG com.intuit.karate.driver.chrome_1718781747070 -- >> {"id":95,"sessionId":"6E8AA30DD668A003F92C379996F3A942","method":"Input.dispatchKeyEvent","params":{"modifiers":0,"type":"rawKeyDown","text":"s","windowsVirtualKeyCode":115}}
12:52:34.472 [nioEventLoopGroup-9-1] DEBUG com.intuit.karate.driver.chrome_1718781747070 -- << {"id":95,"result":{},"sessionId":"6E8AA30DD668A003F92C379996F3A942"}
12:52:34.472 [nioEventLoopGroup-9-1] DEBUG com.jayway.jsonpath.internal.path.CompiledPath -- Evaluating path: $
12:52:34.472 [main] DEBUG com.jayway.jsonpath.internal.path.CompiledPath -- Evaluating path: $['modifiers']
12:52:34.472 [main] DEBUG com.jayway.jsonpath.internal.path.CompiledPath -- Evaluating path: $
12:52:34.472 [main] DEBUG com.jayway.jsonpath.internal.path.CompiledPath -- Evaluating path: $
12:52:34.472 [main] DEBUG com.jayway.jsonpath.internal.JsonContext -- Put path $ key modifiers value {}
12:52:34.472 [main] DEBUG com.jayway.jsonpath.internal.path.CompiledPath -- Evaluating path: $
12:52:34.472 [main] DEBUG com.jayway.jsonpath.internal.JsonContext -- Put path $ key modifiers value 0
12:52:34.472 [main] DEBUG com.jayway.jsonpath.internal.path.CompiledPath -- Evaluating path: $['type']
12:52:34.472 [main] DEBUG com.jayway.jsonpath.internal.path.CompiledPath -- Evaluating path: $
12:52:34.472 [main] DEBUG com.jayway.jsonpath.internal.path.CompiledPath -- Evaluating path: $
12:52:34.472 [main] DEBUG com.jayway.jsonpath.internal.JsonContext -- Put path $ key type value {}
12:52:34.472 [main] DEBUG com.jayway.jsonpath.internal.path.CompiledPath -- Evaluating path: $
12:52:34.472 [main] DEBUG com.jayway.jsonpath.internal.JsonContext -- Put path $ key type value char
12:52:34.472 [main] DEBUG com.jayway.jsonpath.internal.path.CompiledPath -- Evaluating path: $['text']
12:52:34.472 [main] DEBUG com.jayway.jsonpath.internal.path.CompiledPath -- Evaluating path: $
12:52:34.472 [main] DEBUG com.jayway.jsonpath.internal.path.CompiledPath -- Evaluating path: $
12:52:34.472 [main] DEBUG com.jayway.jsonpath.internal.JsonContext -- Put path $ key text value {}
12:52:34.472 [main] DEBUG com.jayway.jsonpath.internal.path.CompiledPath -- Evaluating path: $
12:52:34.472 [main] DEBUG com.jayway.jsonpath.internal.JsonContext -- Put path $ key text value s
12:52:34.472 [main] DEBUG com.jayway.jsonpath.internal.path.CompiledPath -- Evaluating path: $['windowsVirtualKeyCode']
12:52:34.472 [main] DEBUG com.jayway.jsonpath.internal.path.CompiledPath -- Evaluating path: $
12:52:34.472 [main] DEBUG com.jayway.jsonpath.internal.path.CompiledPath -- Evaluating path: $
12:52:34.472 [main] DEBUG com.jayway.jsonpath.internal.JsonContext -- Put path $ key windowsVirtualKeyCode value {}
12:52:34.472 [main] DEBUG com.jayway.jsonpath.internal.path.CompiledPath -- Evaluating path: $
12:52:34.472 [main] DEBUG com.jayway.jsonpath.internal.JsonContext -- Put path $ key windowsVirtualKeyCode value 115
12:52:34.472 [main] DEBUG com.jayway.jsonpath.internal.path.CompiledPath -- Evaluating path: $
12:52:34.472 [main] DEBUG com.intuit.karate.driver.chrome_1718781747070 -- >> {"id":96,"sessionId":"6E8AA30DD668A003F92C379996F3A942","method":"Input.dispatchKeyEvent","params":{"modifiers":0,"type":"char","text":"s","windowsVirtualKeyCode":115}}
12:52:34.472 [nioEventLoopGroup-9-1] DEBUG com.intuit.karate.driver.chrome_1718781747070 -- << {"id":96,"result":{},"sessionId":"6E8AA30DD668A003F92C379996F3A942"}
12:52:34.472 [nioEventLoopGroup-9-1] DEBUG com.jayway.jsonpath.internal.path.CompiledPath -- Evaluating path: $
12:52:34.472 [main] DEBUG com.jayway.jsonpath.internal.path.CompiledPath -- Evaluating path: $['modifiers']
12:52:34.472 [main] DEBUG com.jayway.jsonpath.internal.path.CompiledPath -- Evaluating path: $
12:52:34.472 [main] DEBUG com.jayway.jsonpath.internal.path.CompiledPath -- Evaluating path: $
12:52:34.472 [main] DEBUG com.jayway.jsonpath.internal.JsonContext -- Put path $ key modifiers value {}
12:52:34.472 [main] DEBUG com.jayway.jsonpath.internal.path.CompiledPath -- Evaluating path: $
12:52:34.472 [main] DEBUG com.jayway.jsonpath.internal.JsonContext -- Put path $ key modifiers value 0
12:52:34.472 [main] DEBUG com.jayway.jsonpath.internal.path.CompiledPath -- Evaluating path: $['type']
12:52:34.472 [main] DEBUG com.jayway.jsonpath.internal.path.CompiledPath -- Evaluating path: $
12:52:34.472 [main] DEBUG com.jayway.jsonpath.internal.path.CompiledPath -- Evaluating path: $
12:52:34.472 [main] DEBUG com.jayway.jsonpath.internal.JsonContext -- Put path $ key type value {}
12:52:34.472 [main] DEBUG com.jayway.jsonpath.internal.path.CompiledPath -- Evaluating path: $
12:52:34.472 [main] DEBUG com.jayway.jsonpath.internal.JsonContext -- Put path $ key type value keyUp
12:52:34.472 [main] DEBUG com.jayway.jsonpath.internal.path.CompiledPath -- Evaluating path: $['text']
12:52:34.472 [main] DEBUG com.jayway.jsonpath.internal.path.CompiledPath -- Evaluating path: $
12:52:34.472 [main] DEBUG com.jayway.jsonpath.internal.path.CompiledPath -- Evaluating path: $
12:52:34.472 [main] DEBUG com.jayway.jsonpath.internal.JsonContext -- Put path $ key text value {}
12:52:34.472 [main] DEBUG com.jayway.jsonpath.internal.path.CompiledPath -- Evaluating path: $
12:52:34.472 [main] DEBUG com.jayway.jsonpath.internal.JsonContext -- Put path $ key text value s
12:52:34.472 [main] DEBUG com.jayway.jsonpath.internal.path.CompiledPath -- Evaluating path: $['windowsVirtualKeyCode']
12:52:34.472 [main] DEBUG com.jayway.jsonpath.internal.path.CompiledPath -- Evaluating path: $
12:52:34.472 [main] DEBUG com.jayway.jsonpath.internal.path.CompiledPath -- Evaluating path: $
12:52:34.472 [main] DEBUG com.jayway.jsonpath.internal.JsonContext -- Put path $ key windowsVirtualKeyCode value {}
12:52:34.472 [main] DEBUG com.jayway.jsonpath.internal.path.CompiledPath -- Evaluating path: $
12:52:34.472 [main] DEBUG com.jayway.jsonpath.internal.JsonContext -- Put path $ key windowsVirtualKeyCode value 115
12:52:34.472 [main] DEBUG com.jayway.jsonpath.internal.path.CompiledPath -- Evaluating path: $
12:52:34.472 [main] DEBUG com.intuit.karate.driver.chrome_1718781747070 -- >> {"id":97,"sessionId":"6E8AA30DD668A003F92C379996F3A942","method":"Input.dispatchKeyEvent","params":{"modifiers":0,"type":"keyUp","text":"s","windowsVirtualKeyCode":115}}
12:52:34.472 [nioEventLoopGroup-9-1] DEBUG com.intuit.karate.driver.chrome_1718781747070 -- << {"id":97,"result":{},"sessionId":"6E8AA30DD668A003F92C379996F3A942"}
12:52:34.472 [nioEventLoopGroup-9-1] DEBUG com.jayway.jsonpath.internal.path.CompiledPath -- Evaluating path: $
12:52:34.472 [main] DEBUG com.jayway.jsonpath.internal.path.CompiledPath -- Evaluating path: $['modifiers']
12:52:34.472 [main] DEBUG com.jayway.jsonpath.internal.path.CompiledPath -- Evaluating path: $
12:52:34.472 [main] DEBUG com.jayway.jsonpath.internal.path.CompiledPath -- Evaluating path: $
12:52:34.472 [main] DEBUG com.jayway.jsonpath.internal.JsonContext -- Put path $ key modifiers value {}
12:52:34.472 [main] DEBUG com.jayway.jsonpath.internal.path.CompiledPath -- Evaluating path: $
12:52:34.472 [main] DEBUG com.jayway.jsonpath.internal.JsonContext -- Put path $ key modifiers value 0
12:52:34.472 [main] DEBUG com.jayway.jsonpath.internal.path.CompiledPath -- Evaluating path: $['type']
12:52:34.472 [main] DEBUG com.jayway.jsonpath.internal.path.CompiledPath -- Evaluating path: $
12:52:34.472 [main] DEBUG com.jayway.jsonpath.internal.path.CompiledPath -- Evaluating path: $
12:52:34.472 [main] DEBUG com.jayway.jsonpath.internal.JsonContext -- Put path $ key type value {}
12:52:34.472 [main] DEBUG com.jayway.jsonpath.internal.path.CompiledPath -- Evaluating path: $
12:52:34.472 [main] DEBUG com.jayway.jsonpath.internal.JsonContext -- Put path $ key type value rawKeyDown
12:52:34.472 [main] DEBUG com.jayway.jsonpath.internal.path.CompiledPath -- Evaluating path: $['text']
12:52:34.472 [main] DEBUG com.jayway.jsonpath.internal.path.CompiledPath -- Evaluating path: $
12:52:34.472 [main] DEBUG com.jayway.jsonpath.internal.path.CompiledPath -- Evaluating path: $
12:52:34.472 [main] DEBUG com.jayway.jsonpath.internal.JsonContext -- Put path $ key text value {}
12:52:34.472 [main] DEBUG com.jayway.jsonpath.internal.path.CompiledPath -- Evaluating path: $
12:52:34.472 [main] DEBUG com.jayway.jsonpath.internal.JsonContext -- Put path $ key text value a
12:52:34.472 [main] DEBUG com.jayway.jsonpath.internal.path.CompiledPath -- Evaluating path: $['windowsVirtualKeyCode']
12:52:34.472 [main] DEBUG com.jayway.jsonpath.internal.path.CompiledPath -- Evaluating path: $
12:52:34.479 [main] DEBUG com.jayway.jsonpath.internal.path.CompiledPath -- Evaluating path: $
12:52:34.479 [main] DEBUG com.jayway.jsonpath.internal.JsonContext -- Put path $ key windowsVirtualKeyCode value {}
12:52:34.479 [main] DEBUG com.jayway.jsonpath.internal.path.CompiledPath -- Evaluating path: $
12:52:34.479 [main] DEBUG com.jayway.jsonpath.internal.JsonContext -- Put path $ key windowsVirtualKeyCode value 97
12:52:34.479 [main] DEBUG com.jayway.jsonpath.internal.path.CompiledPath -- Evaluating path: $
12:52:34.479 [main] DEBUG com.intuit.karate.driver.chrome_1718781747070 -- >> {"id":98,"sessionId":"6E8AA30DD668A003F92C379996F3A942","method":"Input.dispatchKeyEvent","params":{"modifiers":0,"type":"rawKeyDown","text":"a","windowsVirtualKeyCode":97}}
12:52:34.481 [nioEventLoopGroup-9-1] DEBUG com.intuit.karate.driver.chrome_1718781747070 -- << {"id":98,"result":{},"sessionId":"6E8AA30DD668A003F92C379996F3A942"}
12:52:34.481 [nioEventLoopGroup-9-1] DEBUG com.jayway.jsonpath.internal.path.CompiledPath -- Evaluating path: $
12:52:34.481 [main] DEBUG com.jayway.jsonpath.internal.path.CompiledPath -- Evaluating path: $['modifiers']
12:52:34.481 [main] DEBUG com.jayway.jsonpath.internal.path.CompiledPath -- Evaluating path: $
12:52:34.481 [main] DEBUG com.jayway.jsonpath.internal.path.CompiledPath -- Evaluating path: $
12:52:34.481 [main] DEBUG com.jayway.jsonpath.internal.JsonContext -- Put path $ key modifiers value {}
12:52:34.481 [main] DEBUG com.jayway.jsonpath.internal.path.CompiledPath -- Evaluating path: $
12:52:34.481 [main] DEBUG com.jayway.jsonpath.internal.JsonContext -- Put path $ key modifiers value 0
12:52:34.481 [main] DEBUG com.jayway.jsonpath.internal.path.CompiledPath -- Evaluating path: $['type']
12:52:34.481 [main] DEBUG com.jayway.jsonpath.internal.path.CompiledPath -- Evaluating path: $
12:52:34.481 [main] DEBUG com.jayway.jsonpath.internal.path.CompiledPath -- Evaluating path: $
12:52:34.481 [main] DEBUG com.jayway.jsonpath.internal.JsonContext -- Put path $ key type value {}
12:52:34.481 [main] DEBUG com.jayway.jsonpath.internal.path.CompiledPath -- Evaluating path: $
12:52:34.481 [main] DEBUG com.jayway.jsonpath.internal.JsonContext -- Put path $ key type value char
12:52:34.481 [main] DEBUG com.jayway.jsonpath.internal.path.CompiledPath -- Evaluating path: $['text']
12:52:34.481 [main] DEBUG com.jayway.jsonpath.internal.path.CompiledPath -- Evaluating path: $
12:52:34.481 [main] DEBUG com.jayway.jsonpath.internal.path.CompiledPath -- Evaluating path: $
12:52:34.481 [main] DEBUG com.jayway.jsonpath.internal.JsonContext -- Put path $ key text value {}
12:52:34.481 [main] DEBUG com.jayway.jsonpath.internal.path.CompiledPath -- Evaluating path: $
12:52:34.481 [main] DEBUG com.jayway.jsonpath.internal.JsonContext -- Put path $ key text value a
12:52:34.481 [main] DEBUG com.jayway.jsonpath.internal.path.CompiledPath -- Evaluating path: $['windowsVirtualKeyCode']
12:52:34.481 [main] DEBUG com.jayway.jsonpath.internal.path.CompiledPath -- Evaluating path: $
12:52:34.481 [main] DEBUG com.jayway.jsonpath.internal.path.CompiledPath -- Evaluating path: $
12:52:34.481 [main] DEBUG com.jayway.jsonpath.internal.JsonContext -- Put path $ key windowsVirtualKeyCode value {}
12:52:34.481 [main] DEBUG com.jayway.jsonpath.internal.path.CompiledPath -- Evaluating path: $
12:52:34.481 [main] DEBUG com.jayway.jsonpath.internal.JsonContext -- Put path $ key windowsVirtualKeyCode value 97
12:52:34.481 [main] DEBUG com.jayway.jsonpath.internal.path.CompiledPath -- Evaluating path: $
12:52:34.481 [main] DEBUG com.intuit.karate.driver.chrome_1718781747070 -- >> {"id":99,"sessionId":"6E8AA30DD668A003F92C379996F3A942","method":"Input.dispatchKeyEvent","params":{"modifiers":0,"type":"char","text":"a","windowsVirtualKeyCode":97}}
12:52:34.481 [nioEventLoopGroup-9-1] DEBUG com.intuit.karate.driver.chrome_1718781747070 -- << {"id":99,"result":{},"sessionId":"6E8AA30DD668A003F92C379996F3A942"}
12:52:34.481 [nioEventLoopGroup-9-1] DEBUG com.jayway.jsonpath.internal.path.CompiledPath -- Evaluating path: $
12:52:34.481 [main] DEBUG com.jayway.jsonpath.internal.path.CompiledPath -- Evaluating path: $['modifiers']
12:52:34.481 [main] DEBUG com.jayway.jsonpath.internal.path.CompiledPath -- Evaluating path: $
12:52:34.481 [main] DEBUG com.jayway.jsonpath.internal.path.CompiledPath -- Evaluating path: $
12:52:34.481 [main] DEBUG com.jayway.jsonpath.internal.JsonContext -- Put path $ key modifiers value {}
12:52:34.481 [main] DEBUG com.jayway.jsonpath.internal.path.CompiledPath -- Evaluating path: $
12:52:34.481 [main] DEBUG com.jayway.jsonpath.internal.JsonContext -- Put path $ key modifiers value 0
12:52:34.481 [main] DEBUG com.jayway.jsonpath.internal.path.CompiledPath -- Evaluating path: $['type']
12:52:34.481 [main] DEBUG com.jayway.jsonpath.internal.path.CompiledPath -- Evaluating path: $
12:52:34.481 [main] DEBUG com.jayway.jsonpath.internal.path.CompiledPath -- Evaluating path: $
12:52:34.481 [main] DEBUG com.jayway.jsonpath.internal.JsonContext -- Put path $ key type value {}
12:52:34.481 [main] DEBUG com.jayway.jsonpath.internal.path.CompiledPath -- Evaluating path: $
12:52:34.481 [main] DEBUG com.jayway.jsonpath.internal.JsonContext -- Put path $ key type value keyUp
12:52:34.481 [main] DEBUG com.jayway.jsonpath.internal.path.CompiledPath -- Evaluating path: $['text']
12:52:34.481 [main] DEBUG com.jayway.jsonpath.internal.path.CompiledPath -- Evaluating path: $
12:52:34.481 [main] DEBUG com.jayway.jsonpath.internal.path.CompiledPath -- Evaluating path: $
12:52:34.481 [main] DEBUG com.jayway.jsonpath.internal.JsonContext -- Put path $ key text value {}
12:52:34.481 [main] DEBUG com.jayway.jsonpath.internal.path.CompiledPath -- Evaluating path: $
12:52:34.481 [main] DEBUG com.jayway.jsonpath.internal.JsonContext -- Put path $ key text value a
12:52:34.481 [main] DEBUG com.jayway.jsonpath.internal.path.CompiledPath -- Evaluating path: $['windowsVirtualKeyCode']
12:52:34.481 [main] DEBUG com.jayway.jsonpath.internal.path.CompiledPath -- Evaluating path: $
12:52:34.481 [main] DEBUG com.jayway.jsonpath.internal.path.CompiledPath -- Evaluating path: $
12:52:34.481 [main] DEBUG com.jayway.jsonpath.internal.JsonContext -- Put path $ key windowsVirtualKeyCode value {}
12:52:34.481 [main] DEBUG com.jayway.jsonpath.internal.path.CompiledPath -- Evaluating path: $
12:52:34.481 [main] DEBUG com.jayway.jsonpath.internal.JsonContext -- Put path $ key windowsVirtualKeyCode value 97
12:52:34.481 [main] DEBUG com.jayway.jsonpath.internal.path.CompiledPath -- Evaluating path: $
12:52:34.481 [main] DEBUG com.intuit.karate.driver.chrome_1718781747070 -- >> {"id":100,"sessionId":"6E8AA30DD668A003F92C379996F3A942","method":"Input.dispatchKeyEvent","params":{"modifiers":0,"type":"keyUp","text":"a","windowsVirtualKeyCode":97}}
12:52:34.481 [nioEventLoopGroup-9-1] DEBUG com.intuit.karate.driver.chrome_1718781747070 -- << {"id":100,"result":{},"sessionId":"6E8AA30DD668A003F92C379996F3A942"}
12:52:34.481 [nioEventLoopGroup-9-1] DEBUG com.jayway.jsonpath.internal.path.CompiledPath -- Evaluating path: $
12:52:34.481 [main] DEBUG com.jayway.jsonpath.internal.path.CompiledPath -- Evaluating path: $['modifiers']
12:52:34.481 [main] DEBUG com.jayway.jsonpath.internal.path.CompiledPath -- Evaluating path: $
12:52:34.481 [main] DEBUG com.jayway.jsonpath.internal.path.CompiledPath -- Evaluating path: $
12:52:34.481 [main] DEBUG com.jayway.jsonpath.internal.JsonContext -- Put path $ key modifiers value {}
12:52:34.481 [main] DEBUG com.jayway.jsonpath.internal.path.CompiledPath -- Evaluating path: $
12:52:34.481 [main] DEBUG com.jayway.jsonpath.internal.JsonContext -- Put path $ key modifiers value 0
12:52:34.481 [main] DEBUG com.jayway.jsonpath.internal.path.CompiledPath -- Evaluating path: $['type']
12:52:34.481 [main] DEBUG com.jayway.jsonpath.internal.path.CompiledPath -- Evaluating path: $
12:52:34.481 [main] DEBUG com.jayway.jsonpath.internal.path.CompiledPath -- Evaluating path: $
12:52:34.481 [main] DEBUG com.jayway.jsonpath.internal.JsonContext -- Put path $ key type value {}
12:52:34.481 [main] DEBUG com.jayway.jsonpath.internal.path.CompiledPath -- Evaluating path: $
12:52:34.481 [main] DEBUG com.jayway.jsonpath.internal.JsonContext -- Put path $ key type value rawKeyDown
12:52:34.481 [main] DEBUG com.jayway.jsonpath.internal.path.CompiledPath -- Evaluating path: $['text']
12:52:34.481 [main] DEBUG com.jayway.jsonpath.internal.path.CompiledPath -- Evaluating path: $
12:52:34.481 [main] DEBUG com.jayway.jsonpath.internal.path.CompiledPath -- Evaluating path: $
12:52:34.481 [main] DEBUG com.jayway.jsonpath.internal.JsonContext -- Put path $ key text value {}
12:52:34.481 [main] DEBUG com.jayway.jsonpath.internal.path.CompiledPath -- Evaluating path: $
12:52:34.481 [main] DEBUG com.jayway.jsonpath.internal.JsonContext -- Put path $ key text value u
12:52:34.481 [main] DEBUG com.jayway.jsonpath.internal.path.CompiledPath -- Evaluating path: $['windowsVirtualKeyCode']
12:52:34.481 [main] DEBUG com.jayway.jsonpath.internal.path.CompiledPath -- Evaluating path: $
12:52:34.481 [main] DEBUG com.jayway.jsonpath.internal.path.CompiledPath -- Evaluating path: $
12:52:34.481 [main] DEBUG com.jayway.jsonpath.internal.JsonContext -- Put path $ key windowsVirtualKeyCode value {}
12:52:34.481 [main] DEBUG com.jayway.jsonpath.internal.path.CompiledPath -- Evaluating path: $
12:52:34.481 [main] DEBUG com.jayway.jsonpath.internal.JsonContext -- Put path $ key windowsVirtualKeyCode value 117
12:52:34.481 [main] DEBUG com.jayway.jsonpath.internal.path.CompiledPath -- Evaluating path: $
12:52:34.481 [main] DEBUG com.intuit.karate.driver.chrome_1718781747070 -- >> {"id":101,"sessionId":"6E8AA30DD668A003F92C379996F3A942","method":"Input.dispatchKeyEvent","params":{"modifiers":0,"type":"rawKeyDown","text":"u","windowsVirtualKeyCode":117}}
12:52:34.481 [nioEventLoopGroup-9-1] DEBUG com.intuit.karate.driver.chrome_1718781747070 -- << {"id":101,"result":{},"sessionId":"6E8AA30DD668A003F92C379996F3A942"}
12:52:34.481 [nioEventLoopGroup-9-1] DEBUG com.jayway.jsonpath.internal.path.CompiledPath -- Evaluating path: $
12:52:34.481 [main] DEBUG com.jayway.jsonpath.internal.path.CompiledPath -- Evaluating path: $['modifiers']
12:52:34.481 [main] DEBUG com.jayway.jsonpath.internal.path.CompiledPath -- Evaluating path: $
12:52:34.481 [main] DEBUG com.jayway.jsonpath.internal.path.CompiledPath -- Evaluating path: $
12:52:34.481 [main] DEBUG com.jayway.jsonpath.internal.JsonContext -- Put path $ key modifiers value {}
12:52:34.481 [main] DEBUG com.jayway.jsonpath.internal.path.CompiledPath -- Evaluating path: $
12:52:34.481 [main] DEBUG com.jayway.jsonpath.internal.JsonContext -- Put path $ key modifiers value 0
12:52:34.481 [main] DEBUG com.jayway.jsonpath.internal.path.CompiledPath -- Evaluating path: $['type']
12:52:34.481 [main] DEBUG com.jayway.jsonpath.internal.path.CompiledPath -- Evaluating path: $
12:52:34.481 [main] DEBUG com.jayway.jsonpath.internal.path.CompiledPath -- Evaluating path: $
12:52:34.481 [main] DEBUG com.jayway.jsonpath.internal.JsonContext -- Put path $ key type value {}
12:52:34.481 [main] DEBUG com.jayway.jsonpath.internal.path.CompiledPath -- Evaluating path: $
12:52:34.481 [main] DEBUG com.jayway.jsonpath.internal.JsonContext -- Put path $ key type value char
12:52:34.481 [main] DEBUG com.jayway.jsonpath.internal.path.CompiledPath -- Evaluating path: $['text']
12:52:34.481 [main] DEBUG com.jayway.jsonpath.internal.path.CompiledPath -- Evaluating path: $
12:52:34.481 [main] DEBUG com.jayway.jsonpath.internal.path.CompiledPath -- Evaluating path: $
12:52:34.481 [main] DEBUG com.jayway.jsonpath.internal.JsonContext -- Put path $ key text value {}
12:52:34.481 [main] DEBUG com.jayway.jsonpath.internal.path.CompiledPath -- Evaluating path: $
12:52:34.481 [main] DEBUG com.jayway.jsonpath.internal.JsonContext -- Put path $ key text value u
12:52:34.481 [main] DEBUG com.jayway.jsonpath.internal.path.CompiledPath -- Evaluating path: $['windowsVirtualKeyCode']
12:52:34.481 [main] DEBUG com.jayway.jsonpath.internal.path.CompiledPath -- Evaluating path: $
12:52:34.481 [main] DEBUG com.jayway.jsonpath.internal.path.CompiledPath -- Evaluating path: $
12:52:34.481 [main] DEBUG com.jayway.jsonpath.internal.JsonContext -- Put path $ key windowsVirtualKeyCode value {}
12:52:34.481 [main] DEBUG com.jayway.jsonpath.internal.path.CompiledPath -- Evaluating path: $
12:52:34.481 [main] DEBUG com.jayway.jsonpath.internal.JsonContext -- Put path $ key windowsVirtualKeyCode value 117
12:52:34.481 [main] DEBUG com.jayway.jsonpath.internal.path.CompiledPath -- Evaluating path: $
12:52:34.481 [main] DEBUG com.intuit.karate.driver.chrome_1718781747070 -- >> {"id":102,"sessionId":"6E8AA30DD668A003F92C379996F3A942","method":"Input.dispatchKeyEvent","params":{"modifiers":0,"type":"char","text":"u","windowsVirtualKeyCode":117}}
12:52:34.481 [nioEventLoopGroup-9-1] DEBUG com.intuit.karate.driver.chrome_1718781747070 -- << {"id":102,"result":{},"sessionId":"6E8AA30DD668A003F92C379996F3A942"}
12:52:34.481 [nioEventLoopGroup-9-1] DEBUG com.jayway.jsonpath.internal.path.CompiledPath -- Evaluating path: $
12:52:34.481 [main] DEBUG com.jayway.jsonpath.internal.path.CompiledPath -- Evaluating path: $['modifiers']
12:52:34.481 [main] DEBUG com.jayway.jsonpath.internal.path.CompiledPath -- Evaluating path: $
12:52:34.481 [main] DEBUG com.jayway.jsonpath.internal.path.CompiledPath -- Evaluating path: $
12:52:34.481 [main] DEBUG com.jayway.jsonpath.internal.JsonContext -- Put path $ key modifiers value {}
12:52:34.481 [main] DEBUG com.jayway.jsonpath.internal.path.CompiledPath -- Evaluating path: $
12:52:34.481 [main] DEBUG com.jayway.jsonpath.internal.JsonContext -- Put path $ key modifiers value 0
12:52:34.481 [main] DEBUG com.jayway.jsonpath.internal.path.CompiledPath -- Evaluating path: $['type']
12:52:34.481 [main] DEBUG com.jayway.jsonpath.internal.path.CompiledPath -- Evaluating path: $
12:52:34.481 [main] DEBUG com.jayway.jsonpath.internal.path.CompiledPath -- Evaluating path: $
12:52:34.481 [main] DEBUG com.jayway.jsonpath.internal.JsonContext -- Put path $ key type value {}
12:52:34.481 [main] DEBUG com.jayway.jsonpath.internal.path.CompiledPath -- Evaluating path: $
12:52:34.481 [main] DEBUG com.jayway.jsonpath.internal.JsonContext -- Put path $ key type value keyUp
12:52:34.481 [main] DEBUG com.jayway.jsonpath.internal.path.CompiledPath -- Evaluating path: $['text']
12:52:34.481 [main] DEBUG com.jayway.jsonpath.internal.path.CompiledPath -- Evaluating path: $
12:52:34.481 [main] DEBUG com.jayway.jsonpath.internal.path.CompiledPath -- Evaluating path: $
12:52:34.481 [main] DEBUG com.jayway.jsonpath.internal.JsonContext -- Put path $ key text value {}
12:52:34.481 [main] DEBUG com.jayway.jsonpath.internal.path.CompiledPath -- Evaluating path: $
12:52:34.481 [main] DEBUG com.jayway.jsonpath.internal.JsonContext -- Put path $ key text value u
12:52:34.481 [main] DEBUG com.jayway.jsonpath.internal.path.CompiledPath -- Evaluating path: $['windowsVirtualKeyCode']
12:52:34.481 [main] DEBUG com.jayway.jsonpath.internal.path.CompiledPath -- Evaluating path: $
12:52:34.481 [main] DEBUG com.jayway.jsonpath.internal.path.CompiledPath -- Evaluating path: $
12:52:34.481 [main] DEBUG com.jayway.jsonpath.internal.JsonContext -- Put path $ key windowsVirtualKeyCode value {}
12:52:34.481 [main] DEBUG com.jayway.jsonpath.internal.path.CompiledPath -- Evaluating path: $
12:52:34.481 [main] DEBUG com.jayway.jsonpath.internal.JsonContext -- Put path $ key windowsVirtualKeyCode value 117
12:52:34.481 [main] DEBUG com.jayway.jsonpath.internal.path.CompiledPath -- Evaluating path: $
12:52:34.481 [main] DEBUG com.intuit.karate.driver.chrome_1718781747070 -- >> {"id":103,"sessionId":"6E8AA30DD668A003F92C379996F3A942","method":"Input.dispatchKeyEvent","params":{"modifiers":0,"type":"keyUp","text":"u","windowsVirtualKeyCode":117}}
12:52:34.481 [nioEventLoopGroup-9-1] DEBUG com.intuit.karate.driver.chrome_1718781747070 -- << {"id":103,"result":{},"sessionId":"6E8AA30DD668A003F92C379996F3A942"}
12:52:34.481 [nioEventLoopGroup-9-1] DEBUG com.jayway.jsonpath.internal.path.CompiledPath -- Evaluating path: $
12:52:34.481 [main] DEBUG com.jayway.jsonpath.internal.path.CompiledPath -- Evaluating path: $['modifiers']
12:52:34.481 [main] DEBUG com.jayway.jsonpath.internal.path.CompiledPath -- Evaluating path: $
12:52:34.481 [main] DEBUG com.jayway.jsonpath.internal.path.CompiledPath -- Evaluating path: $
12:52:34.481 [main] DEBUG com.jayway.jsonpath.internal.JsonContext -- Put path $ key modifiers value {}
12:52:34.481 [main] DEBUG com.jayway.jsonpath.internal.path.CompiledPath -- Evaluating path: $
12:52:34.481 [main] DEBUG com.jayway.jsonpath.internal.JsonContext -- Put path $ key modifiers value 0
12:52:34.481 [main] DEBUG com.jayway.jsonpath.internal.path.CompiledPath -- Evaluating path: $['type']
12:52:34.481 [main] DEBUG com.jayway.jsonpath.internal.path.CompiledPath -- Evaluating path: $
12:52:34.481 [main] DEBUG com.jayway.jsonpath.internal.path.CompiledPath -- Evaluating path: $
12:52:34.481 [main] DEBUG com.jayway.jsonpath.internal.JsonContext -- Put path $ key type value {}
12:52:34.481 [main] DEBUG com.jayway.jsonpath.internal.path.CompiledPath -- Evaluating path: $
12:52:34.481 [main] DEBUG com.jayway.jsonpath.internal.JsonContext -- Put path $ key type value rawKeyDown
12:52:34.481 [main] DEBUG com.jayway.jsonpath.internal.path.CompiledPath -- Evaluating path: $['text']
12:52:34.481 [main] DEBUG com.jayway.jsonpath.internal.path.CompiledPath -- Evaluating path: $
12:52:34.481 [main] DEBUG com.jayway.jsonpath.internal.path.CompiledPath -- Evaluating path: $
12:52:34.481 [main] DEBUG com.jayway.jsonpath.internal.JsonContext -- Put path $ key text value {}
12:52:34.481 [main] DEBUG com.jayway.jsonpath.internal.path.CompiledPath -- Evaluating path: $
12:52:34.481 [main] DEBUG com.jayway.jsonpath.internal.JsonContext -- Put path $ key text value c
12:52:34.481 [main] DEBUG com.jayway.jsonpath.internal.path.CompiledPath -- Evaluating path: $['windowsVirtualKeyCode']
12:52:34.481 [main] DEBUG com.jayway.jsonpath.internal.path.CompiledPath -- Evaluating path: $
12:52:34.481 [main] DEBUG com.jayway.jsonpath.internal.path.CompiledPath -- Evaluating path: $
12:52:34.481 [main] DEBUG com.jayway.jsonpath.internal.JsonContext -- Put path $ key windowsVirtualKeyCode value {}
12:52:34.481 [main] DEBUG com.jayway.jsonpath.internal.path.CompiledPath -- Evaluating path: $
12:52:34.481 [main] DEBUG com.jayway.jsonpath.internal.JsonContext -- Put path $ key windowsVirtualKeyCode value 99
12:52:34.481 [main] DEBUG com.jayway.jsonpath.internal.path.CompiledPath -- Evaluating path: $
12:52:34.481 [main] DEBUG com.intuit.karate.driver.chrome_1718781747070 -- >> {"id":104,"sessionId":"6E8AA30DD668A003F92C379996F3A942","method":"Input.dispatchKeyEvent","params":{"modifiers":0,"type":"rawKeyDown","text":"c","windowsVirtualKeyCode":99}}
12:52:34.481 [nioEventLoopGroup-9-1] DEBUG com.intuit.karate.driver.chrome_1718781747070 -- << {"id":104,"result":{},"sessionId":"6E8AA30DD668A003F92C379996F3A942"}
12:52:34.481 [nioEventLoopGroup-9-1] DEBUG com.jayway.jsonpath.internal.path.CompiledPath -- Evaluating path: $
12:52:34.481 [main] DEBUG com.jayway.jsonpath.internal.path.CompiledPath -- Evaluating path: $['modifiers']
12:52:34.481 [main] DEBUG com.jayway.jsonpath.internal.path.CompiledPath -- Evaluating path: $
12:52:34.481 [main] DEBUG com.jayway.jsonpath.internal.path.CompiledPath -- Evaluating path: $
12:52:34.481 [main] DEBUG com.jayway.jsonpath.internal.JsonContext -- Put path $ key modifiers value {}
12:52:34.481 [main] DEBUG com.jayway.jsonpath.internal.path.CompiledPath -- Evaluating path: $
12:52:34.481 [main] DEBUG com.jayway.jsonpath.internal.JsonContext -- Put path $ key modifiers value 0
12:52:34.481 [main] DEBUG com.jayway.jsonpath.internal.path.CompiledPath -- Evaluating path: $['type']
12:52:34.481 [main] DEBUG com.jayway.jsonpath.internal.path.CompiledPath -- Evaluating path: $
12:52:34.481 [main] DEBUG com.jayway.jsonpath.internal.path.CompiledPath -- Evaluating path: $
12:52:34.481 [main] DEBUG com.jayway.jsonpath.internal.JsonContext -- Put path $ key type value {}
12:52:34.481 [main] DEBUG com.jayway.jsonpath.internal.path.CompiledPath -- Evaluating path: $
12:52:34.481 [main] DEBUG com.jayway.jsonpath.internal.JsonContext -- Put path $ key type value char
12:52:34.481 [main] DEBUG com.jayway.jsonpath.internal.path.CompiledPath -- Evaluating path: $['text']
12:52:34.481 [main] DEBUG com.jayway.jsonpath.internal.path.CompiledPath -- Evaluating path: $
12:52:34.481 [main] DEBUG com.jayway.jsonpath.internal.path.CompiledPath -- Evaluating path: $
12:52:34.481 [main] DEBUG com.jayway.jsonpath.internal.JsonContext -- Put path $ key text value {}
12:52:34.481 [main] DEBUG com.jayway.jsonpath.internal.path.CompiledPath -- Evaluating path: $
12:52:34.481 [main] DEBUG com.jayway.jsonpath.internal.JsonContext -- Put path $ key text value c
12:52:34.481 [main] DEBUG com.jayway.jsonpath.internal.path.CompiledPath -- Evaluating path: $['windowsVirtualKeyCode']
12:52:34.481 [main] DEBUG com.jayway.jsonpath.internal.path.CompiledPath -- Evaluating path: $
12:52:34.481 [main] DEBUG com.jayway.jsonpath.internal.path.CompiledPath -- Evaluating path: $
12:52:34.481 [main] DEBUG com.jayway.jsonpath.internal.JsonContext -- Put path $ key windowsVirtualKeyCode value {}
12:52:34.481 [main] DEBUG com.jayway.jsonpath.internal.path.CompiledPath -- Evaluating path: $
12:52:34.481 [main] DEBUG com.jayway.jsonpath.internal.JsonContext -- Put path $ key windowsVirtualKeyCode value 99
12:52:34.481 [main] DEBUG com.jayway.jsonpath.internal.path.CompiledPath -- Evaluating path: $
12:52:34.481 [main] DEBUG com.intuit.karate.driver.chrome_1718781747070 -- >> {"id":105,"sessionId":"6E8AA30DD668A003F92C379996F3A942","method":"Input.dispatchKeyEvent","params":{"modifiers":0,"type":"char","text":"c","windowsVirtualKeyCode":99}}
12:52:34.481 [nioEventLoopGroup-9-1] DEBUG com.intuit.karate.driver.chrome_1718781747070 -- << {"id":105,"result":{},"sessionId":"6E8AA30DD668A003F92C379996F3A942"}
12:52:34.481 [nioEventLoopGroup-9-1] DEBUG com.jayway.jsonpath.internal.path.CompiledPath -- Evaluating path: $
12:52:34.481 [main] DEBUG com.jayway.jsonpath.internal.path.CompiledPath -- Evaluating path: $['modifiers']
12:52:34.481 [main] DEBUG com.jayway.jsonpath.internal.path.CompiledPath -- Evaluating path: $
12:52:34.481 [main] DEBUG com.jayway.jsonpath.internal.path.CompiledPath -- Evaluating path: $
12:52:34.481 [main] DEBUG com.jayway.jsonpath.internal.JsonContext -- Put path $ key modifiers value {}
12:52:34.481 [main] DEBUG com.jayway.jsonpath.internal.path.CompiledPath -- Evaluating path: $
12:52:34.481 [main] DEBUG com.jayway.jsonpath.internal.JsonContext -- Put path $ key modifiers value 0
12:52:34.481 [main] DEBUG com.jayway.jsonpath.internal.path.CompiledPath -- Evaluating path: $['type']
12:52:34.481 [main] DEBUG com.jayway.jsonpath.internal.path.CompiledPath -- Evaluating path: $
12:52:34.481 [main] DEBUG com.jayway.jsonpath.internal.path.CompiledPath -- Evaluating path: $
12:52:34.481 [main] DEBUG com.jayway.jsonpath.internal.JsonContext -- Put path $ key type value {}
12:52:34.481 [main] DEBUG com.jayway.jsonpath.internal.path.CompiledPath -- Evaluating path: $
12:52:34.481 [main] DEBUG com.jayway.jsonpath.internal.JsonContext -- Put path $ key type value keyUp
12:52:34.481 [main] DEBUG com.jayway.jsonpath.internal.path.CompiledPath -- Evaluating path: $['text']
12:52:34.481 [main] DEBUG com.jayway.jsonpath.internal.path.CompiledPath -- Evaluating path: $
12:52:34.481 [main] DEBUG com.jayway.jsonpath.internal.path.CompiledPath -- Evaluating path: $
12:52:34.481 [main] DEBUG com.jayway.jsonpath.internal.JsonContext -- Put path $ key text value {}
12:52:34.481 [main] DEBUG com.jayway.jsonpath.internal.path.CompiledPath -- Evaluating path: $
12:52:34.481 [main] DEBUG com.jayway.jsonpath.internal.JsonContext -- Put path $ key text value c
12:52:34.481 [main] DEBUG com.jayway.jsonpath.internal.path.CompiledPath -- Evaluating path: $['windowsVirtualKeyCode']
12:52:34.481 [main] DEBUG com.jayway.jsonpath.internal.path.CompiledPath -- Evaluating path: $
12:52:34.481 [main] DEBUG com.jayway.jsonpath.internal.path.CompiledPath -- Evaluating path: $
12:52:34.481 [main] DEBUG com.jayway.jsonpath.internal.JsonContext -- Put path $ key windowsVirtualKeyCode value {}
12:52:34.481 [main] DEBUG com.jayway.jsonpath.internal.path.CompiledPath -- Evaluating path: $
12:52:34.481 [main] DEBUG com.jayway.jsonpath.internal.JsonContext -- Put path $ key windowsVirtualKeyCode value 99
12:52:34.495 [main] DEBUG com.jayway.jsonpath.internal.path.CompiledPath -- Evaluating path: $
12:52:34.495 [main] DEBUG com.intuit.karate.driver.chrome_1718781747070 -- >> {"id":106,"sessionId":"6E8AA30DD668A003F92C379996F3A942","method":"Input.dispatchKeyEvent","params":{"modifiers":0,"type":"keyUp","text":"c","windowsVirtualKeyCode":99}}
12:52:34.497 [nioEventLoopGroup-9-1] DEBUG com.intuit.karate.driver.chrome_1718781747070 -- << {"id":106,"result":{},"sessionId":"6E8AA30DD668A003F92C379996F3A942"}
12:52:34.497 [nioEventLoopGroup-9-1] DEBUG com.jayway.jsonpath.internal.path.CompiledPath -- Evaluating path: $
12:52:34.497 [main] DEBUG com.jayway.jsonpath.internal.path.CompiledPath -- Evaluating path: $['modifiers']
12:52:34.497 [main] DEBUG com.jayway.jsonpath.internal.path.CompiledPath -- Evaluating path: $
12:52:34.497 [main] DEBUG com.jayway.jsonpath.internal.path.CompiledPath -- Evaluating path: $
12:52:34.497 [main] DEBUG com.jayway.jsonpath.internal.JsonContext -- Put path $ key modifiers value {}
12:52:34.497 [main] DEBUG com.jayway.jsonpath.internal.path.CompiledPath -- Evaluating path: $
12:52:34.497 [main] DEBUG com.jayway.jsonpath.internal.JsonContext -- Put path $ key modifiers value 0
12:52:34.497 [main] DEBUG com.jayway.jsonpath.internal.path.CompiledPath -- Evaluating path: $['type']
12:52:34.497 [main] DEBUG com.jayway.jsonpath.internal.path.CompiledPath -- Evaluating path: $
12:52:34.497 [main] DEBUG com.jayway.jsonpath.internal.path.CompiledPath -- Evaluating path: $
12:52:34.497 [main] DEBUG com.jayway.jsonpath.internal.JsonContext -- Put path $ key type value {}
12:52:34.497 [main] DEBUG com.jayway.jsonpath.internal.path.CompiledPath -- Evaluating path: $
12:52:34.497 [main] DEBUG com.jayway.jsonpath.internal.JsonContext -- Put path $ key type value rawKeyDown
12:52:34.497 [main] DEBUG com.jayway.jsonpath.internal.path.CompiledPath -- Evaluating path: $['text']
12:52:34.497 [main] DEBUG com.jayway.jsonpath.internal.path.CompiledPath -- Evaluating path: $
12:52:34.497 [main] DEBUG com.jayway.jsonpath.internal.path.CompiledPath -- Evaluating path: $
12:52:34.497 [main] DEBUG com.jayway.jsonpath.internal.JsonContext -- Put path $ key text value {}
12:52:34.497 [main] DEBUG com.jayway.jsonpath.internal.path.CompiledPath -- Evaluating path: $
12:52:34.497 [main] DEBUG com.jayway.jsonpath.internal.JsonContext -- Put path $ key text value e
12:52:34.497 [main] DEBUG com.jayway.jsonpath.internal.path.CompiledPath -- Evaluating path: $['windowsVirtualKeyCode']
12:52:34.497 [main] DEBUG com.jayway.jsonpath.internal.path.CompiledPath -- Evaluating path: $
12:52:34.497 [main] DEBUG com.jayway.jsonpath.internal.path.CompiledPath -- Evaluating path: $
12:52:34.497 [main] DEBUG com.jayway.jsonpath.internal.JsonContext -- Put path $ key windowsVirtualKeyCode value {}
12:52:34.497 [main] DEBUG com.jayway.jsonpath.internal.path.CompiledPath -- Evaluating path: $
12:52:34.497 [main] DEBUG com.jayway.jsonpath.internal.JsonContext -- Put path $ key windowsVirtualKeyCode value 101
12:52:34.497 [main] DEBUG com.jayway.jsonpath.internal.path.CompiledPath -- Evaluating path: $
12:52:34.497 [main] DEBUG com.intuit.karate.driver.chrome_1718781747070 -- >> {"id":107,"sessionId":"6E8AA30DD668A003F92C379996F3A942","method":"Input.dispatchKeyEvent","params":{"modifiers":0,"type":"rawKeyDown","text":"e","windowsVirtualKeyCode":101}}
12:52:34.497 [nioEventLoopGroup-9-1] DEBUG com.intuit.karate.driver.chrome_1718781747070 -- << {"id":107,"result":{},"sessionId":"6E8AA30DD668A003F92C379996F3A942"}
12:52:34.497 [nioEventLoopGroup-9-1] DEBUG com.jayway.jsonpath.internal.path.CompiledPath -- Evaluating path: $
12:52:34.497 [main] DEBUG com.jayway.jsonpath.internal.path.CompiledPath -- Evaluating path: $['modifiers']
12:52:34.497 [main] DEBUG com.jayway.jsonpath.internal.path.CompiledPath -- Evaluating path: $
12:52:34.497 [main] DEBUG com.jayway.jsonpath.internal.path.CompiledPath -- Evaluating path: $
12:52:34.497 [main] DEBUG com.jayway.jsonpath.internal.JsonContext -- Put path $ key modifiers value {}
12:52:34.497 [main] DEBUG com.jayway.jsonpath.internal.path.CompiledPath -- Evaluating path: $
12:52:34.497 [main] DEBUG com.jayway.jsonpath.internal.JsonContext -- Put path $ key modifiers value 0
12:52:34.497 [main] DEBUG com.jayway.jsonpath.internal.path.CompiledPath -- Evaluating path: $['type']
12:52:34.497 [main] DEBUG com.jayway.jsonpath.internal.path.CompiledPath -- Evaluating path: $
12:52:34.497 [main] DEBUG com.jayway.jsonpath.internal.path.CompiledPath -- Evaluating path: $
12:52:34.497 [main] DEBUG com.jayway.jsonpath.internal.JsonContext -- Put path $ key type value {}
12:52:34.497 [main] DEBUG com.jayway.jsonpath.internal.path.CompiledPath -- Evaluating path: $
12:52:34.497 [main] DEBUG com.jayway.jsonpath.internal.JsonContext -- Put path $ key type value char
12:52:34.497 [main] DEBUG com.jayway.jsonpath.internal.path.CompiledPath -- Evaluating path: $['text']
12:52:34.497 [main] DEBUG com.jayway.jsonpath.internal.path.CompiledPath -- Evaluating path: $
12:52:34.497 [main] DEBUG com.jayway.jsonpath.internal.path.CompiledPath -- Evaluating path: $
12:52:34.497 [main] DEBUG com.jayway.jsonpath.internal.JsonContext -- Put path $ key text value {}
12:52:34.497 [main] DEBUG com.jayway.jsonpath.internal.path.CompiledPath -- Evaluating path: $
12:52:34.497 [main] DEBUG com.jayway.jsonpath.internal.JsonContext -- Put path $ key text value e
12:52:34.497 [main] DEBUG com.jayway.jsonpath.internal.path.CompiledPath -- Evaluating path: $['windowsVirtualKeyCode']
12:52:34.497 [main] DEBUG com.jayway.jsonpath.internal.path.CompiledPath -- Evaluating path: $
12:52:34.497 [main] DEBUG com.jayway.jsonpath.internal.path.CompiledPath -- Evaluating path: $
12:52:34.497 [main] DEBUG com.jayway.jsonpath.internal.JsonContext -- Put path $ key windowsVirtualKeyCode value {}
12:52:34.497 [main] DEBUG com.jayway.jsonpath.internal.path.CompiledPath -- Evaluating path: $
12:52:34.497 [main] DEBUG com.jayway.jsonpath.internal.JsonContext -- Put path $ key windowsVirtualKeyCode value 101
12:52:34.497 [main] DEBUG com.jayway.jsonpath.internal.path.CompiledPath -- Evaluating path: $
12:52:34.497 [main] DEBUG com.intuit.karate.driver.chrome_1718781747070 -- >> {"id":108,"sessionId":"6E8AA30DD668A003F92C379996F3A942","method":"Input.dispatchKeyEvent","params":{"modifiers":0,"type":"char","text":"e","windowsVirtualKeyCode":101}}
12:52:34.497 [nioEventLoopGroup-9-1] DEBUG com.intuit.karate.driver.chrome_1718781747070 -- << {"id":108,"result":{},"sessionId":"6E8AA30DD668A003F92C379996F3A942"}
12:52:34.497 [nioEventLoopGroup-9-1] DEBUG com.jayway.jsonpath.internal.path.CompiledPath -- Evaluating path: $
12:52:34.497 [main] DEBUG com.jayway.jsonpath.internal.path.CompiledPath -- Evaluating path: $['modifiers']
12:52:34.497 [main] DEBUG com.jayway.jsonpath.internal.path.CompiledPath -- Evaluating path: $
12:52:34.497 [main] DEBUG com.jayway.jsonpath.internal.path.CompiledPath -- Evaluating path: $
12:52:34.497 [main] DEBUG com.jayway.jsonpath.internal.JsonContext -- Put path $ key modifiers value {}
12:52:34.497 [main] DEBUG com.jayway.jsonpath.internal.path.CompiledPath -- Evaluating path: $
12:52:34.497 [main] DEBUG com.jayway.jsonpath.internal.JsonContext -- Put path $ key modifiers value 0
12:52:34.497 [main] DEBUG com.jayway.jsonpath.internal.path.CompiledPath -- Evaluating path: $['type']
12:52:34.497 [main] DEBUG com.jayway.jsonpath.internal.path.CompiledPath -- Evaluating path: $
12:52:34.497 [main] DEBUG com.jayway.jsonpath.internal.path.CompiledPath -- Evaluating path: $
12:52:34.497 [main] DEBUG com.jayway.jsonpath.internal.JsonContext -- Put path $ key type value {}
12:52:34.497 [main] DEBUG com.jayway.jsonpath.internal.path.CompiledPath -- Evaluating path: $
12:52:34.497 [main] DEBUG com.jayway.jsonpath.internal.JsonContext -- Put path $ key type value keyUp
12:52:34.497 [main] DEBUG com.jayway.jsonpath.internal.path.CompiledPath -- Evaluating path: $['text']
12:52:34.497 [main] DEBUG com.jayway.jsonpath.internal.path.CompiledPath -- Evaluating path: $
12:52:34.497 [main] DEBUG com.jayway.jsonpath.internal.path.CompiledPath -- Evaluating path: $
12:52:34.497 [main] DEBUG com.jayway.jsonpath.internal.JsonContext -- Put path $ key text value {}
12:52:34.497 [main] DEBUG com.jayway.jsonpath.internal.path.CompiledPath -- Evaluating path: $
12:52:34.497 [main] DEBUG com.jayway.jsonpath.internal.JsonContext -- Put path $ key text value e
12:52:34.497 [main] DEBUG com.jayway.jsonpath.internal.path.CompiledPath -- Evaluating path: $['windowsVirtualKeyCode']
12:52:34.497 [main] DEBUG com.jayway.jsonpath.internal.path.CompiledPath -- Evaluating path: $
12:52:34.497 [main] DEBUG com.jayway.jsonpath.internal.path.CompiledPath -- Evaluating path: $
12:52:34.497 [main] DEBUG com.jayway.jsonpath.internal.JsonContext -- Put path $ key windowsVirtualKeyCode value {}
12:52:34.497 [main] DEBUG com.jayway.jsonpath.internal.path.CompiledPath -- Evaluating path: $
12:52:34.497 [main] DEBUG com.jayway.jsonpath.internal.JsonContext -- Put path $ key windowsVirtualKeyCode value 101
12:52:34.497 [main] DEBUG com.jayway.jsonpath.internal.path.CompiledPath -- Evaluating path: $
12:52:34.497 [main] DEBUG com.intuit.karate.driver.chrome_1718781747070 -- >> {"id":109,"sessionId":"6E8AA30DD668A003F92C379996F3A942","method":"Input.dispatchKeyEvent","params":{"modifiers":0,"type":"keyUp","text":"e","windowsVirtualKeyCode":101}}
12:52:34.497 [nioEventLoopGroup-9-1] DEBUG com.intuit.karate.driver.chrome_1718781747070 -- << {"id":109,"result":{},"sessionId":"6E8AA30DD668A003F92C379996F3A942"}
12:52:34.497 [nioEventLoopGroup-9-1] DEBUG com.jayway.jsonpath.internal.path.CompiledPath -- Evaluating path: $
12:52:35.577 [nioEventLoopGroup-9-1] DEBUG com.intuit.karate.driver.chrome_1718781747070 -- << {"method":"Target.targetCreated","params":{"targetInfo":{"targetId":"7550B3D617864EA307F32C5522F10647","type":"service_worker","title":"Service Worker chrome-extension://ghbmnnjooekpmoecnnnilnnbdlolhkhi/service_worker_bin_prod.js","url":"chrome-extension://ghbmnnjooekpmoecnnnilnnbdlolhkhi/service_worker_bin_prod.js","attached":false,"canAccessOpener":false,"browserContextId":"106492DD51EEBA303063F917A6556C04"}},"sessionId":"6E8AA30DD668A003F92C379996F3A942"}
12:52:35.578 [nioEventLoopGroup-9-1] DEBUG com.jayway.jsonpath.internal.path.CompiledPath -- Evaluating path: $
12:52:37.513 [main] DEBUG com.jayway.jsonpath.internal.path.CompiledPath -- Evaluating path: $['expression']
12:52:37.513 [main] DEBUG com.jayway.jsonpath.internal.path.CompiledPath -- Evaluating path: $
12:52:37.513 [main] DEBUG com.jayway.jsonpath.internal.path.CompiledPath -- Evaluating path: $
12:52:37.513 [main] DEBUG com.jayway.jsonpath.internal.JsonContext -- Put path $ key expression value {}
12:52:37.513 [main] DEBUG com.jayway.jsonpath.internal.path.CompiledPath -- Evaluating path: $
12:52:37.513 [main] DEBUG com.jayway.jsonpath.internal.JsonContext -- Put path $ key expression value document.evaluate("//*[@id='login-button']", document, null, 9, null).singleNodeValue.click()
12:52:37.513 [main] DEBUG com.jayway.jsonpath.internal.path.CompiledPath -- Evaluating path: $['returnByValue']
12:52:37.513 [main] DEBUG com.jayway.jsonpath.internal.path.CompiledPath -- Evaluating path: $
12:52:37.513 [main] DEBUG com.jayway.jsonpath.internal.path.CompiledPath -- Evaluating path: $
12:52:37.513 [main] DEBUG com.jayway.jsonpath.internal.JsonContext -- Put path $ key returnByValue value {}
12:52:37.513 [main] DEBUG com.jayway.jsonpath.internal.path.CompiledPath -- Evaluating path: $
12:52:37.513 [main] DEBUG com.jayway.jsonpath.internal.JsonContext -- Put path $ key returnByValue value true
12:52:37.513 [main] DEBUG com.jayway.jsonpath.internal.path.CompiledPath -- Evaluating path: $
12:52:37.513 [main] DEBUG com.intuit.karate.driver.chrome_1718781747070 -- >> {"id":110,"sessionId":"6E8AA30DD668A003F92C379996F3A942","method":"Runtime.evaluate","params":{"expression":"document.evaluate(\"\/\/*[@id='login-button']\", document, null, 9, null).singleNodeValue.click()","returnByValue":true}}
12:52:37.531 [nioEventLoopGroup-9-1] DEBUG com.intuit.karate.driver.chrome_1718781747070 -- << {"id":110,"result":{"result":{"type":"undefined"}},"sessionId":"6E8AA30DD668A003F92C379996F3A942"}
12:52:37.531 [nioEventLoopGroup-9-1] DEBUG com.jayway.jsonpath.internal.path.CompiledPath -- Evaluating path: $
12:52:40.575 [main] DEBUG com.jayway.jsonpath.internal.path.CompiledPath -- Evaluating path: $['expression']
12:52:40.576 [main] DEBUG com.jayway.jsonpath.internal.path.CompiledPath -- Evaluating path: $
12:52:40.576 [main] DEBUG com.jayway.jsonpath.internal.path.CompiledPath -- Evaluating path: $
12:52:40.576 [main] DEBUG com.jayway.jsonpath.internal.JsonContext -- Put path $ key expression value {}
12:52:40.576 [main] DEBUG com.jayway.jsonpath.internal.path.CompiledPath -- Evaluating path: $
12:52:40.576 [main] DEBUG com.jayway.jsonpath.internal.JsonContext -- Put path $ key expression value document.evaluate("//*[@id='login_button_container']/div/form/div[3]", document, null, 9, null).singleNodeValue['textContent']
12:52:40.576 [main] DEBUG com.jayway.jsonpath.internal.path.CompiledPath -- Evaluating path: $['returnByValue']
12:52:40.576 [main] DEBUG com.jayway.jsonpath.internal.path.CompiledPath -- Evaluating path: $
12:52:40.576 [main] DEBUG com.jayway.jsonpath.internal.path.CompiledPath -- Evaluating path: $
12:52:40.576 [main] DEBUG com.jayway.jsonpath.internal.JsonContext -- Put path $ key returnByValue value {}
12:52:40.576 [main] DEBUG com.jayway.jsonpath.internal.path.CompiledPath -- Evaluating path: $
12:52:40.576 [main] DEBUG com.jayway.jsonpath.internal.JsonContext -- Put path $ key returnByValue value true
12:52:40.576 [main] DEBUG com.jayway.jsonpath.internal.path.CompiledPath -- Evaluating path: $
12:52:40.576 [main] DEBUG com.intuit.karate.driver.chrome_1718781747070 -- >> {"id":111,"sessionId":"6E8AA30DD668A003F92C379996F3A942","method":"Runtime.evaluate","params":{"expression":"document.evaluate(\"\/\/*[@id='login_button_container']\/div\/form\/div[3]\", document, null, 9, null).singleNodeValue['textContent']","returnByValue":true}}
12:52:40.781 [nioEventLoopGroup-9-1] DEBUG com.intuit.karate.driver.chrome_1718781747070 -- << {"id":111,"result":{"result":{"type":"string","value":"Epic sadface: Username and password do not match any user in this service"}},"sessionId":"6E8AA30DD668A003F92C379996F3A942"}
12:52:40.781 [nioEventLoopGroup-9-1] DEBUG com.jayway.jsonpath.internal.path.CompiledPath -- Evaluating path: $
12:52:42.656 [nioEventLoopGroup-9-1] DEBUG com.intuit.karate.driver.chrome_1718781747070 -- << {"method":"Target.targetCreated","params":{"targetInfo":{"targetId":"DB9FDA1E0A36937CF67FA5C8B54AB7FD","type":"app","title":"Chrome Web Store Payments","url":"","attached":false,"canAccessOpener":false,"browserContextId":"106492DD51EEBA303063F917A6556C04"}},"sessionId":"6E8AA30DD668A003F92C379996F3A942"}
12:52:42.656 [nioEventLoopGroup-9-1] DEBUG com.jayway.jsonpath.internal.path.CompiledPath -- Evaluating path: $
12:52:42.797 [nioEventLoopGroup-9-1] DEBUG com.intuit.karate.driver.chrome_1718781747070 -- << {"method":"Target.targetInfoChanged","params":{"targetInfo":{"targetId":"DB9FDA1E0A36937CF67FA5C8B54AB7FD","type":"background_page","title":"Chrome Web Store Payments","url":"chrome-extension://nmmhkkegccagdldgiimedpiccmgmieda/_generated_background_page.html","attached":false,"canAccessOpener":false,"browserContextId":"106492DD51EEBA303063F917A6556C04"}},"sessionId":"6E8AA30DD668A003F92C379996F3A942"}
12:52:42.797 [nioEventLoopGroup-9-1] DEBUG com.jayway.jsonpath.internal.path.CompiledPath -- Evaluating path: $
12:52:42.797 [nioEventLoopGroup-9-1] DEBUG com.jayway.jsonpath.internal.path.CompiledPath -- Evaluating path: $['targetInfo']['targetId']
12:52:42.923 [nioEventLoopGroup-9-1] DEBUG com.intuit.karate.driver.chrome_1718781747070 -- << {"method":"Target.targetDestroyed","params":{"targetId":"7D29F022C411190A7C7614387F0216E2"},"sessionId":"6E8AA30DD668A003F92C379996F3A942"}
12:52:42.923 [nioEventLoopGroup-9-1] DEBUG com.jayway.jsonpath.internal.path.CompiledPath -- Evaluating path: $
12:52:42.943 [nioEventLoopGroup-9-1] DEBUG com.intuit.karate.driver.chrome_1718781747070 -- << {"method":"Target.targetDestroyed","params":{"targetId":"77550C567B6E05620D3476FC0EA45A3E"},"sessionId":"6E8AA30DD668A003F92C379996F3A942"}
12:52:42.943 [nioEventLoopGroup-9-1] DEBUG com.jayway.jsonpath.internal.path.CompiledPath -- Evaluating path: $
12:52:43.850 [main] DEBUG com.jayway.jsonpath.internal.path.CompiledPath -- Evaluating path: $['targetId']
12:52:43.850 [main] DEBUG com.jayway.jsonpath.internal.path.CompiledPath -- Evaluating path: $
12:52:43.850 [main] DEBUG com.jayway.jsonpath.internal.path.CompiledPath -- Evaluating path: $
12:52:43.850 [main] DEBUG com.jayway.jsonpath.internal.JsonContext -- Put path $ key targetId value {}
12:52:43.850 [main] DEBUG com.jayway.jsonpath.internal.path.CompiledPath -- Evaluating path: $
12:52:43.850 [main] DEBUG com.jayway.jsonpath.internal.JsonContext -- Put path $ key targetId value FE2E8DCEC35CA8C3129997781D114636
12:52:43.850 [main] DEBUG com.jayway.jsonpath.internal.path.CompiledPath -- Evaluating path: $
12:52:43.850 [main] DEBUG com.intuit.karate.driver.chrome_1718781747070 -- >> {"id":112,"sessionId":"6E8AA30DD668A003F92C379996F3A942","method":"Target.closeTarget","params":{"targetId":"FE2E8DCEC35CA8C3129997781D114636"}}
12:52:43.850 [nioEventLoopGroup-9-1] DEBUG com.intuit.karate.http.WebSocketClientHandler -- websocket closing
12:52:43.850 [nioEventLoopGroup-9-1] DEBUG com.intuit.karate.http.WebSocketClientHandler -- websocket client disconnected
12:52:43.850 [main] DEBUG com.intuit.karate.shell.Command -- closing command: chrome_1718781747070
]]></system-out>
  </testcase>
  <testcase name="[4.2:67] Login with invalid login credentials" classname="UI_Automation_Project/login/login" time="23.492">
    <system-out><![CDATA[12:52:43.864 [main] INFO com.intuit.karate -- karate.env system property was: null 
12:52:43.866 [main] INFO com.intuit.karate -- the browser set is: chromedriver, default: "chrome" 
12:52:43.869 [main] DEBUG com.jayway.jsonpath.internal.path.CompiledPath -- Evaluating path: $
12:52:43.869 [main] DEBUG com.jayway.jsonpath.internal.path.CompiledPath -- Evaluating path: $
12:52:43.869 [main] DEBUG com.jayway.jsonpath.internal.path.CompiledPath -- Evaluating path: $
12:52:43.869 [main] DEBUG com.intuit.karate.shell.Command -- found / verified free local port: 54122
12:52:43.869 [main] WARN com.intuit.karate.driver.DriverOptions -- preferred port 9222 not available, will use: 54122
12:52:43.869 [main] DEBUG com.intuit.karate.driver.chrome_1718781763869 -- poll attempt #0 for port to be ready - localhost:54122
12:52:43.869 [chrome_1718781763869] DEBUG com.intuit.karate.driver.chrome_1718781763869 -- command: [C:\Program Files\Google\Chrome\Application\chrome.exe, --remote-debugging-port=54122, --remote-allow-origins=*, --no-first-run, --user-data-dir=C:\Users\HarshvardhanNigaveka\OneDrive - Academian India Private Limited\Desktop\GitHubActions\karateUI\UI_Automation_Project\target\chrome_1718781763869, --disable-popup-blocking], working dir: target\chrome_1718781763869
12:52:44.150 [main] DEBUG com.intuit.karate.driver.chrome_1718781763869 -- poll attempt #1 for port to be ready - localhost:54122
12:52:44.339 [chrome_1718781763869-out] DEBUG com.intuit.karate.driver.chrome_1718781763869 -- 
12:52:44.339 [chrome_1718781763869-out] DEBUG com.intuit.karate.driver.chrome_1718781763869 -- DevTools listening on ws://127.0.0.1:54122/devtools/browser/89d0b100-815c-41af-bd44-cdf8ec6d53d0
12:52:44.417 [main] DEBUG com.intuit.karate.driver.chrome_1718781763869 -- poll attempt #2 for port to be ready - localhost:54122
12:52:44.527 [main] DEBUG org.apache.http.client.protocol.RequestAddCookies -- CookieSpec selected: karate
12:52:44.527 [main] DEBUG org.apache.http.client.protocol.RequestAuthCache -- Auth cache not set in the context
12:52:44.527 [main] DEBUG com.intuit.karate -- request:
1 > GET http://localhost:54122/json
1 > Host: localhost:54122
1 > Connection: Keep-Alive
1 > User-Agent: Apache-HttpClient/4.5.14 (Java/17.0.11)
1 > Accept-Encoding: gzip,deflate


12:52:44.527 [main] DEBUG org.apache.http.impl.conn.PoolingHttpClientConnectionManager -- Connection request: [route: {}->http://localhost:54122][total available: 0; route allocated: 0 of 5; total allocated: 0 of 10]
12:52:44.527 [main] DEBUG org.apache.http.impl.conn.PoolingHttpClientConnectionManager -- Connection leased: [id: 16][route: {}->http://localhost:54122][total available: 0; route allocated: 1 of 5; total allocated: 1 of 10]
12:52:44.527 [main] DEBUG org.apache.http.impl.execchain.MainClientExec -- Opening connection {}->http://localhost:54122
12:52:44.527 [main] DEBUG org.apache.http.impl.conn.DefaultHttpClientConnectionOperator -- Connecting to localhost/127.0.0.1:54122
12:52:44.527 [main] DEBUG org.apache.http.impl.conn.DefaultHttpClientConnectionOperator -- Connection established 127.0.0.1:54126<->127.0.0.1:54122
12:52:44.527 [main] DEBUG org.apache.http.impl.conn.DefaultManagedHttpClientConnection -- http-outgoing-16: set socket timeout to 30000
12:52:44.527 [main] DEBUG org.apache.http.impl.execchain.MainClientExec -- Executing request GET /json HTTP/1.1
12:52:44.527 [main] DEBUG org.apache.http.impl.execchain.MainClientExec -- Target auth state: UNCHALLENGED
12:52:44.527 [main] DEBUG org.apache.http.impl.execchain.MainClientExec -- Proxy auth state: UNCHALLENGED
12:52:44.527 [main] DEBUG org.apache.http.headers -- http-outgoing-16 >> GET /json HTTP/1.1
12:52:44.527 [main] DEBUG org.apache.http.headers -- http-outgoing-16 >> Host: localhost:54122
12:52:44.527 [main] DEBUG org.apache.http.headers -- http-outgoing-16 >> Connection: Keep-Alive
12:52:44.527 [main] DEBUG org.apache.http.headers -- http-outgoing-16 >> User-Agent: Apache-HttpClient/4.5.14 (Java/17.0.11)
12:52:44.527 [main] DEBUG org.apache.http.headers -- http-outgoing-16 >> Accept-Encoding: gzip,deflate
12:52:44.527 [main] DEBUG org.apache.http.wire -- http-outgoing-16 >> "GET /json HTTP/1.1[\r][\n]"
12:52:44.527 [main] DEBUG org.apache.http.wire -- http-outgoing-16 >> "Host: localhost:54122[\r][\n]"
12:52:44.527 [main] DEBUG org.apache.http.wire -- http-outgoing-16 >> "Connection: Keep-Alive[\r][\n]"
12:52:44.527 [main] DEBUG org.apache.http.wire -- http-outgoing-16 >> "User-Agent: Apache-HttpClient/4.5.14 (Java/17.0.11)[\r][\n]"
12:52:44.527 [main] DEBUG org.apache.http.wire -- http-outgoing-16 >> "Accept-Encoding: gzip,deflate[\r][\n]"
12:52:44.527 [main] DEBUG org.apache.http.wire -- http-outgoing-16 >> "[\r][\n]"
12:52:44.527 [main] DEBUG org.apache.http.wire -- http-outgoing-16 << "HTTP/1.1 200 OK[\r][\n]"
12:52:44.527 [main] DEBUG org.apache.http.wire -- http-outgoing-16 << "Content-Security-Policy:frame-ancestors 'none'[\r][\n]"
12:52:44.527 [main] DEBUG org.apache.http.wire -- http-outgoing-16 << "Content-Length:1273[\r][\n]"
12:52:44.527 [main] DEBUG org.apache.http.wire -- http-outgoing-16 << "Content-Type:application/json; charset=UTF-8[\r][\n]"
12:52:44.527 [main] DEBUG org.apache.http.wire -- http-outgoing-16 << "[\r][\n]"
12:52:44.527 [main] DEBUG org.apache.http.wire -- http-outgoing-16 << "[ {[\r][\n]"
12:52:44.527 [main] DEBUG org.apache.http.wire -- http-outgoing-16 << "   "description": "",[\r][\n]"
12:52:44.527 [main] DEBUG org.apache.http.wire -- http-outgoing-16 << "   "devtoolsFrontendUrl": "/devtools/inspector.html?ws=localhost:54122/devtools/page/D23B71565E97BA43CCCBBDD6A5A2A081",[\r][\n]"
12:52:44.527 [main] DEBUG org.apache.http.wire -- http-outgoing-16 << "   "id": "D23B71565E97BA43CCCBBDD6A5A2A081",[\r][\n]"
12:52:44.527 [main] DEBUG org.apache.http.wire -- http-outgoing-16 << "   "title": "Google Network Speech",[\r][\n]"
12:52:44.527 [main] DEBUG org.apache.http.wire -- http-outgoing-16 << "   "type": "background_page",[\r][\n]"
12:52:44.527 [main] DEBUG org.apache.http.wire -- http-outgoing-16 << "   "url": "chrome-extension://neajdppkdcdipfabeoofebfddakdcjhd/_generated_background_page.html",[\r][\n]"
12:52:44.527 [main] DEBUG org.apache.http.wire -- http-outgoing-16 << "   "webSocketDebuggerUrl": "ws://localhost:54122/devtools/page/D23B71565E97BA43CCCBBDD6A5A2A081"[\r][\n]"
12:52:44.527 [main] DEBUG org.apache.http.wire -- http-outgoing-16 << "}, {[\r][\n]"
12:52:44.527 [main] DEBUG org.apache.http.wire -- http-outgoing-16 << "   "description": "",[\r][\n]"
12:52:44.527 [main] DEBUG org.apache.http.wire -- http-outgoing-16 << "   "devtoolsFrontendUrl": "/devtools/inspector.html?ws=localhost:54122/devtools/page/27CDA5A1DC470584E9D9B01EED2D3D83",[\r][\n]"
12:52:44.527 [main] DEBUG org.apache.http.wire -- http-outgoing-16 << "   "id": "27CDA5A1DC470584E9D9B01EED2D3D83",[\r][\n]"
12:52:44.527 [main] DEBUG org.apache.http.wire -- http-outgoing-16 << "   "title": "Google Hangouts",[\r][\n]"
12:52:44.527 [main] DEBUG org.apache.http.wire -- http-outgoing-16 << "   "type": "background_page",[\r][\n]"
12:52:44.527 [main] DEBUG org.apache.http.wire -- http-outgoing-16 << "   "url": "chrome-extension://nkeimhogjdpnpccoofpliimaahmaaome/background.html",[\r][\n]"
12:52:44.527 [main] DEBUG org.apache.http.wire -- http-outgoing-16 << "   "webSocketDebuggerUrl": "ws://localhost:54122/devtools/page/27CDA5A1DC470584E9D9B01EED2D3D83"[\r][\n]"
12:52:44.527 [main] DEBUG org.apache.http.wire -- http-outgoing-16 << "}, {[\r][\n]"
12:52:44.527 [main] DEBUG org.apache.http.wire -- http-outgoing-16 << "   "description": "",[\r][\n]"
12:52:44.527 [main] DEBUG org.apache.http.wire -- http-outgoing-16 << "   "devtoolsFrontendUrl": "/devtools/inspector.html?ws=localhost:54122/devtools/page/B0D4DFFEF2AFCDCD7A793FEF30172F62",[\r][\n]"
12:52:44.527 [main] DEBUG org.apache.http.wire -- http-outgoing-16 << "   "id": "B0D4DFFEF2AFCDCD7A793FEF30172F62",[\r][\n]"
12:52:44.527 [main] DEBUG org.apache.http.wire -- http-outgoing-16 << "   "title": "New Tab",[\r][\n]"
12:52:44.527 [main] DEBUG org.apache.http.wire -- http-outgoing-16 << "   "type": "page",[\r][\n]"
12:52:44.527 [main] DEBUG org.apache.http.wire -- http-outgoing-16 << "   "url": "chrome://newtab/",[\r][\n]"
12:52:44.527 [main] DEBUG org.apache.http.wire -- http-outgoing-16 << "   "webSocketDebuggerUrl": "ws://localhost:54122/devtools/page/B0D4DFFEF2AFCDCD7A793FEF30172F62"[\r][\n]"
12:52:44.527 [main] DEBUG org.apache.http.wire -- http-outgoing-16 << "} ][\r][\n]"
12:52:44.527 [main] DEBUG org.apache.http.headers -- http-outgoing-16 << HTTP/1.1 200 OK
12:52:44.527 [main] DEBUG org.apache.http.headers -- http-outgoing-16 << Content-Security-Policy:frame-ancestors 'none'
12:52:44.527 [main] DEBUG org.apache.http.headers -- http-outgoing-16 << Content-Length:1273
12:52:44.527 [main] DEBUG org.apache.http.headers -- http-outgoing-16 << Content-Type:application/json; charset=UTF-8
12:52:44.527 [main] DEBUG org.apache.http.impl.execchain.MainClientExec -- Connection can be kept alive indefinitely
12:52:44.527 [main] DEBUG org.apache.http.impl.conn.PoolingHttpClientConnectionManager -- Connection [id: 16][route: {}->http://localhost:54122] can be kept alive indefinitely
12:52:44.527 [main] DEBUG org.apache.http.impl.conn.DefaultManagedHttpClientConnection -- http-outgoing-16: set socket timeout to 0
12:52:44.527 [main] DEBUG org.apache.http.impl.conn.PoolingHttpClientConnectionManager -- Connection released: [id: 16][route: {}->http://localhost:54122][total available: 1; route allocated: 1 of 5; total allocated: 1 of 10]
12:52:44.527 [main] DEBUG org.apache.http.impl.conn.PoolingHttpClientConnectionManager -- Connection manager is shutting down
12:52:44.527 [main] DEBUG org.apache.http.impl.conn.DefaultManagedHttpClientConnection -- http-outgoing-16: Close connection
12:52:44.527 [main] DEBUG org.apache.http.impl.conn.PoolingHttpClientConnectionManager -- Connection manager shut down
12:52:44.527 [main] DEBUG com.intuit.karate -- response time in milliseconds: 0
1 < 200
1 < Content-Security-Policy: frame-ancestors 'none'
1 < Content-Length: 1273
1 < Content-Type: application/json; charset=UTF-8
[ {
   "description": "",
   "devtoolsFrontendUrl": "/devtools/inspector.html?ws=localhost:54122/devtools/page/D23B71565E97BA43CCCBBDD6A5A2A081",
   "id": "D23B71565E97BA43CCCBBDD6A5A2A081",
   "title": "Google Network Speech",
   "type": "background_page",
   "url": "chrome-extension://neajdppkdcdipfabeoofebfddakdcjhd/_generated_background_page.html",
   "webSocketDebuggerUrl": "ws://localhost:54122/devtools/page/D23B71565E97BA43CCCBBDD6A5A2A081"
}, {
   "description": "",
   "devtoolsFrontendUrl": "/devtools/inspector.html?ws=localhost:54122/devtools/page/27CDA5A1DC470584E9D9B01EED2D3D83",
   "id": "27CDA5A1DC470584E9D9B01EED2D3D83",
   "title": "Google Hangouts",
   "type": "background_page",
   "url": "chrome-extension://nkeimhogjdpnpccoofpliimaahmaaome/background.html",
   "webSocketDebuggerUrl": "ws://localhost:54122/devtools/page/27CDA5A1DC470584E9D9B01EED2D3D83"
}, {
   "description": "",
   "devtoolsFrontendUrl": "/devtools/inspector.html?ws=localhost:54122/devtools/page/B0D4DFFEF2AFCDCD7A793FEF30172F62",
   "id": "B0D4DFFEF2AFCDCD7A793FEF30172F62",
   "title": "New Tab",
   "type": "page",
   "url": "chrome://newtab/",
   "webSocketDebuggerUrl": "ws://localhost:54122/devtools/page/B0D4DFFEF2AFCDCD7A793FEF30172F62"
} ]


12:52:44.536 [main] DEBUG com.jayway.jsonpath.internal.path.CompiledPath -- Evaluating path: $
12:52:44.536 [main] DEBUG com.intuit.karate.shell.Command -- ready to accept http connections after 56 ms - http://localhost:54122/json
12:52:44.536 [main] DEBUG org.apache.http.client.protocol.RequestAddCookies -- CookieSpec selected: karate
12:52:44.536 [main] DEBUG org.apache.http.client.protocol.RequestAuthCache -- Auth cache not set in the context
12:52:44.536 [main] DEBUG com.intuit.karate -- request:
1 > GET http://localhost:54122/json
1 > Host: localhost:54122
1 > Connection: Keep-Alive
1 > User-Agent: Apache-HttpClient/4.5.14 (Java/17.0.11)
1 > Accept-Encoding: gzip,deflate


12:52:44.536 [main] DEBUG org.apache.http.impl.conn.PoolingHttpClientConnectionManager -- Connection request: [route: {}->http://localhost:54122][total available: 0; route allocated: 0 of 5; total allocated: 0 of 10]
12:52:44.536 [main] DEBUG org.apache.http.impl.conn.PoolingHttpClientConnectionManager -- Connection leased: [id: 17][route: {}->http://localhost:54122][total available: 0; route allocated: 1 of 5; total allocated: 1 of 10]
12:52:44.536 [main] DEBUG org.apache.http.impl.execchain.MainClientExec -- Opening connection {}->http://localhost:54122
12:52:44.536 [main] DEBUG org.apache.http.impl.conn.DefaultHttpClientConnectionOperator -- Connecting to localhost/127.0.0.1:54122
12:52:44.536 [main] DEBUG org.apache.http.impl.conn.DefaultHttpClientConnectionOperator -- Connection established 127.0.0.1:54127<->127.0.0.1:54122
12:52:44.536 [main] DEBUG org.apache.http.impl.conn.DefaultManagedHttpClientConnection -- http-outgoing-17: set socket timeout to 30000
12:52:44.536 [main] DEBUG org.apache.http.impl.execchain.MainClientExec -- Executing request GET /json HTTP/1.1
12:52:44.536 [main] DEBUG org.apache.http.impl.execchain.MainClientExec -- Target auth state: UNCHALLENGED
12:52:44.536 [main] DEBUG org.apache.http.impl.execchain.MainClientExec -- Proxy auth state: UNCHALLENGED
12:52:44.536 [main] DEBUG org.apache.http.headers -- http-outgoing-17 >> GET /json HTTP/1.1
12:52:44.536 [main] DEBUG org.apache.http.headers -- http-outgoing-17 >> Host: localhost:54122
12:52:44.536 [main] DEBUG org.apache.http.headers -- http-outgoing-17 >> Connection: Keep-Alive
12:52:44.536 [main] DEBUG org.apache.http.headers -- http-outgoing-17 >> User-Agent: Apache-HttpClient/4.5.14 (Java/17.0.11)
12:52:44.536 [main] DEBUG org.apache.http.headers -- http-outgoing-17 >> Accept-Encoding: gzip,deflate
12:52:44.536 [main] DEBUG org.apache.http.wire -- http-outgoing-17 >> "GET /json HTTP/1.1[\r][\n]"
12:52:44.536 [main] DEBUG org.apache.http.wire -- http-outgoing-17 >> "Host: localhost:54122[\r][\n]"
12:52:44.536 [main] DEBUG org.apache.http.wire -- http-outgoing-17 >> "Connection: Keep-Alive[\r][\n]"
12:52:44.536 [main] DEBUG org.apache.http.wire -- http-outgoing-17 >> "User-Agent: Apache-HttpClient/4.5.14 (Java/17.0.11)[\r][\n]"
12:52:44.536 [main] DEBUG org.apache.http.wire -- http-outgoing-17 >> "Accept-Encoding: gzip,deflate[\r][\n]"
12:52:44.536 [main] DEBUG org.apache.http.wire -- http-outgoing-17 >> "[\r][\n]"
12:52:44.536 [main] DEBUG org.apache.http.wire -- http-outgoing-17 << "HTTP/1.1 200 OK[\r][\n]"
12:52:44.536 [main] DEBUG org.apache.http.wire -- http-outgoing-17 << "Content-Security-Policy:frame-ancestors 'none'[\r][\n]"
12:52:44.536 [main] DEBUG org.apache.http.wire -- http-outgoing-17 << "Content-Length:1273[\r][\n]"
12:52:44.536 [main] DEBUG org.apache.http.wire -- http-outgoing-17 << "Content-Type:application/json; charset=UTF-8[\r][\n]"
12:52:44.536 [main] DEBUG org.apache.http.wire -- http-outgoing-17 << "[\r][\n]"
12:52:44.536 [main] DEBUG org.apache.http.wire -- http-outgoing-17 << "[ {[\r][\n]"
12:52:44.536 [main] DEBUG org.apache.http.wire -- http-outgoing-17 << "   "description": "",[\r][\n]"
12:52:44.536 [main] DEBUG org.apache.http.wire -- http-outgoing-17 << "   "devtoolsFrontendUrl": "/devtools/inspector.html?ws=localhost:54122/devtools/page/D23B71565E97BA43CCCBBDD6A5A2A081",[\r][\n]"
12:52:44.536 [main] DEBUG org.apache.http.wire -- http-outgoing-17 << "   "id": "D23B71565E97BA43CCCBBDD6A5A2A081",[\r][\n]"
12:52:44.536 [main] DEBUG org.apache.http.wire -- http-outgoing-17 << "   "title": "Google Network Speech",[\r][\n]"
12:52:44.536 [main] DEBUG org.apache.http.wire -- http-outgoing-17 << "   "type": "background_page",[\r][\n]"
12:52:44.536 [main] DEBUG org.apache.http.wire -- http-outgoing-17 << "   "url": "chrome-extension://neajdppkdcdipfabeoofebfddakdcjhd/_generated_background_page.html",[\r][\n]"
12:52:44.536 [main] DEBUG org.apache.http.wire -- http-outgoing-17 << "   "webSocketDebuggerUrl": "ws://localhost:54122/devtools/page/D23B71565E97BA43CCCBBDD6A5A2A081"[\r][\n]"
12:52:44.536 [main] DEBUG org.apache.http.wire -- http-outgoing-17 << "}, {[\r][\n]"
12:52:44.536 [main] DEBUG org.apache.http.wire -- http-outgoing-17 << "   "description": "",[\r][\n]"
12:52:44.536 [main] DEBUG org.apache.http.wire -- http-outgoing-17 << "   "devtoolsFrontendUrl": "/devtools/inspector.html?ws=localhost:54122/devtools/page/27CDA5A1DC470584E9D9B01EED2D3D83",[\r][\n]"
12:52:44.536 [main] DEBUG org.apache.http.wire -- http-outgoing-17 << "   "id": "27CDA5A1DC470584E9D9B01EED2D3D83",[\r][\n]"
12:52:44.536 [main] DEBUG org.apache.http.wire -- http-outgoing-17 << "   "title": "Google Hangouts",[\r][\n]"
12:52:44.536 [main] DEBUG org.apache.http.wire -- http-outgoing-17 << "   "type": "background_page",[\r][\n]"
12:52:44.536 [main] DEBUG org.apache.http.wire -- http-outgoing-17 << "   "url": "chrome-extension://nkeimhogjdpnpccoofpliimaahmaaome/background.html",[\r][\n]"
12:52:44.536 [main] DEBUG org.apache.http.wire -- http-outgoing-17 << "   "webSocketDebuggerUrl": "ws://localhost:54122/devtools/page/27CDA5A1DC470584E9D9B01EED2D3D83"[\r][\n]"
12:52:44.536 [main] DEBUG org.apache.http.wire -- http-outgoing-17 << "}, {[\r][\n]"
12:52:44.536 [main] DEBUG org.apache.http.wire -- http-outgoing-17 << "   "description": "",[\r][\n]"
12:52:44.536 [main] DEBUG org.apache.http.wire -- http-outgoing-17 << "   "devtoolsFrontendUrl": "/devtools/inspector.html?ws=localhost:54122/devtools/page/B0D4DFFEF2AFCDCD7A793FEF30172F62",[\r][\n]"
12:52:44.536 [main] DEBUG org.apache.http.wire -- http-outgoing-17 << "   "id": "B0D4DFFEF2AFCDCD7A793FEF30172F62",[\r][\n]"
12:52:44.536 [main] DEBUG org.apache.http.wire -- http-outgoing-17 << "   "title": "New Tab",[\r][\n]"
12:52:44.536 [main] DEBUG org.apache.http.wire -- http-outgoing-17 << "   "type": "page",[\r][\n]"
12:52:44.536 [main] DEBUG org.apache.http.wire -- http-outgoing-17 << "   "url": "chrome://newtab/",[\r][\n]"
12:52:44.536 [main] DEBUG org.apache.http.wire -- http-outgoing-17 << "   "webSocketDebuggerUrl": "ws://localhost:54122/devtools/page/B0D4DFFEF2AFCDCD7A793FEF30172F62"[\r][\n]"
12:52:44.536 [main] DEBUG org.apache.http.wire -- http-outgoing-17 << "} ][\r][\n]"
12:52:44.536 [main] DEBUG org.apache.http.headers -- http-outgoing-17 << HTTP/1.1 200 OK
12:52:44.536 [main] DEBUG org.apache.http.headers -- http-outgoing-17 << Content-Security-Policy:frame-ancestors 'none'
12:52:44.536 [main] DEBUG org.apache.http.headers -- http-outgoing-17 << Content-Length:1273
12:52:44.536 [main] DEBUG org.apache.http.headers -- http-outgoing-17 << Content-Type:application/json; charset=UTF-8
12:52:44.536 [main] DEBUG org.apache.http.impl.execchain.MainClientExec -- Connection can be kept alive indefinitely
12:52:44.536 [main] DEBUG org.apache.http.impl.conn.PoolingHttpClientConnectionManager -- Connection [id: 17][route: {}->http://localhost:54122] can be kept alive indefinitely
12:52:44.536 [main] DEBUG org.apache.http.impl.conn.DefaultManagedHttpClientConnection -- http-outgoing-17: set socket timeout to 0
12:52:44.536 [main] DEBUG org.apache.http.impl.conn.PoolingHttpClientConnectionManager -- Connection released: [id: 17][route: {}->http://localhost:54122][total available: 1; route allocated: 1 of 5; total allocated: 1 of 10]
12:52:44.536 [main] DEBUG org.apache.http.impl.conn.PoolingHttpClientConnectionManager -- Connection manager is shutting down
12:52:44.536 [main] DEBUG org.apache.http.impl.conn.DefaultManagedHttpClientConnection -- http-outgoing-17: Close connection
12:52:44.536 [main] DEBUG org.apache.http.impl.conn.PoolingHttpClientConnectionManager -- Connection manager shut down
12:52:44.536 [main] DEBUG com.intuit.karate -- response time in milliseconds: 0
1 < 200
1 < Content-Security-Policy: frame-ancestors 'none'
1 < Content-Length: 1273
1 < Content-Type: application/json; charset=UTF-8
[ {
   "description": "",
   "devtoolsFrontendUrl": "/devtools/inspector.html?ws=localhost:54122/devtools/page/D23B71565E97BA43CCCBBDD6A5A2A081",
   "id": "D23B71565E97BA43CCCBBDD6A5A2A081",
   "title": "Google Network Speech",
   "type": "background_page",
   "url": "chrome-extension://neajdppkdcdipfabeoofebfddakdcjhd/_generated_background_page.html",
   "webSocketDebuggerUrl": "ws://localhost:54122/devtools/page/D23B71565E97BA43CCCBBDD6A5A2A081"
}, {
   "description": "",
   "devtoolsFrontendUrl": "/devtools/inspector.html?ws=localhost:54122/devtools/page/27CDA5A1DC470584E9D9B01EED2D3D83",
   "id": "27CDA5A1DC470584E9D9B01EED2D3D83",
   "title": "Google Hangouts",
   "type": "background_page",
   "url": "chrome-extension://nkeimhogjdpnpccoofpliimaahmaaome/background.html",
   "webSocketDebuggerUrl": "ws://localhost:54122/devtools/page/27CDA5A1DC470584E9D9B01EED2D3D83"
}, {
   "description": "",
   "devtoolsFrontendUrl": "/devtools/inspector.html?ws=localhost:54122/devtools/page/B0D4DFFEF2AFCDCD7A793FEF30172F62",
   "id": "B0D4DFFEF2AFCDCD7A793FEF30172F62",
   "title": "New Tab",
   "type": "page",
   "url": "chrome://newtab/",
   "webSocketDebuggerUrl": "ws://localhost:54122/devtools/page/B0D4DFFEF2AFCDCD7A793FEF30172F62"
} ]


12:52:44.536 [main] DEBUG com.jayway.jsonpath.internal.path.CompiledPath -- Evaluating path: $
12:52:44.536 [main] DEBUG com.jayway.jsonpath.internal.path.CompiledPath -- Evaluating path: $
12:52:44.536 [main] DEBUG com.intuit.karate.driver.chrome_1718781763869 -- root frame id: B0D4DFFEF2AFCDCD7A793FEF30172F62
12:52:44.606 [nioEventLoopGroup-10-1] DEBUG io.netty.handler.codec.http.websocketx.WebSocketClientHandshaker13 -- WebSocket version 13 client handshake key: y6IC60DMNnYEQGaWz1UwTg==, expected response: CmwrI2l10NWThL2DixD+qk22E/0=
12:52:44.606 [nioEventLoopGroup-10-1] DEBUG com.intuit.karate.http.WebSocketClientHandler -- websocket client connected
12:52:44.606 [main] DEBUG com.jayway.jsonpath.internal.path.CompiledPath -- Evaluating path: $['targetId']
12:52:44.606 [main] DEBUG com.jayway.jsonpath.internal.path.CompiledPath -- Evaluating path: $
12:52:44.606 [main] DEBUG com.jayway.jsonpath.internal.path.CompiledPath -- Evaluating path: $
12:52:44.606 [main] DEBUG com.jayway.jsonpath.internal.JsonContext -- Put path $ key targetId value {}
12:52:44.606 [main] DEBUG com.jayway.jsonpath.internal.path.CompiledPath -- Evaluating path: $
12:52:44.606 [main] DEBUG com.jayway.jsonpath.internal.JsonContext -- Put path $ key targetId value B0D4DFFEF2AFCDCD7A793FEF30172F62
12:52:44.606 [main] DEBUG com.jayway.jsonpath.internal.path.CompiledPath -- Evaluating path: $['flatten']
12:52:44.606 [main] DEBUG com.jayway.jsonpath.internal.path.CompiledPath -- Evaluating path: $
12:52:44.606 [main] DEBUG com.jayway.jsonpath.internal.path.CompiledPath -- Evaluating path: $
12:52:44.606 [main] DEBUG com.jayway.jsonpath.internal.JsonContext -- Put path $ key flatten value {}
12:52:44.606 [main] DEBUG com.jayway.jsonpath.internal.path.CompiledPath -- Evaluating path: $
12:52:44.606 [main] DEBUG com.jayway.jsonpath.internal.JsonContext -- Put path $ key flatten value true
12:52:44.606 [main] DEBUG com.jayway.jsonpath.internal.path.CompiledPath -- Evaluating path: $
12:52:44.606 [main] DEBUG com.intuit.karate.driver.chrome_1718781763869 -- >> {"id":1,"method":"Target.attachToTarget","params":{"targetId":"B0D4DFFEF2AFCDCD7A793FEF30172F62","flatten":true}}
12:52:44.606 [nioEventLoopGroup-10-1] DEBUG com.intuit.karate.driver.chrome_1718781763869 -- << {"method":"Target.attachedToTarget","params":{"sessionId":"2ACBFFE90E2D25278B539EB66C5835A5","targetInfo":{"targetId":"B0D4DFFEF2AFCDCD7A793FEF30172F62","type":"page","title":"New Tab","url":"chrome://newtab/","attached":true,"canAccessOpener":false,"browserContextId":"A0D8D7246DEA94D3F2A1558F9D19DA06"},"waitingForDebugger":false}}
12:52:44.606 [nioEventLoopGroup-10-1] DEBUG com.jayway.jsonpath.internal.path.CompiledPath -- Evaluating path: $
12:52:44.606 [nioEventLoopGroup-10-1] DEBUG com.jayway.jsonpath.internal.path.CompiledPath -- Evaluating path: $['targetInfo']['type']
12:52:44.606 [nioEventLoopGroup-10-1] DEBUG com.intuit.karate.driver.chrome_1718781763869 -- << {"id":1,"result":{"sessionId":"2ACBFFE90E2D25278B539EB66C5835A5"}}
12:52:44.606 [nioEventLoopGroup-10-1] DEBUG com.jayway.jsonpath.internal.path.CompiledPath -- Evaluating path: $
12:52:44.606 [main] DEBUG com.jayway.jsonpath.internal.path.CompiledPath -- Evaluating path: $['sessionId']
12:52:44.606 [main] DEBUG com.jayway.jsonpath.internal.path.CompiledPath -- Evaluating path: $['targetId']
12:52:44.606 [main] DEBUG com.jayway.jsonpath.internal.path.CompiledPath -- Evaluating path: $
12:52:44.606 [main] DEBUG com.jayway.jsonpath.internal.path.CompiledPath -- Evaluating path: $
12:52:44.606 [main] DEBUG com.jayway.jsonpath.internal.JsonContext -- Put path $ key targetId value {}
12:52:44.606 [main] DEBUG com.jayway.jsonpath.internal.path.CompiledPath -- Evaluating path: $
12:52:44.606 [main] DEBUG com.jayway.jsonpath.internal.JsonContext -- Put path $ key targetId value B0D4DFFEF2AFCDCD7A793FEF30172F62
12:52:44.606 [main] DEBUG com.jayway.jsonpath.internal.path.CompiledPath -- Evaluating path: $
12:52:44.606 [main] DEBUG com.intuit.karate.driver.chrome_1718781763869 -- >> {"id":2,"sessionId":"2ACBFFE90E2D25278B539EB66C5835A5","method":"Target.activateTarget","params":{"targetId":"B0D4DFFEF2AFCDCD7A793FEF30172F62"}}
12:52:44.606 [nioEventLoopGroup-10-1] DEBUG com.intuit.karate.driver.chrome_1718781763869 -- << {"id":2,"result":{},"sessionId":"2ACBFFE90E2D25278B539EB66C5835A5"}
12:52:44.606 [nioEventLoopGroup-10-1] DEBUG com.jayway.jsonpath.internal.path.CompiledPath -- Evaluating path: $
12:52:44.606 [main] DEBUG com.jayway.jsonpath.internal.path.CompiledPath -- Evaluating path: $['discover']
12:52:44.606 [main] DEBUG com.jayway.jsonpath.internal.path.CompiledPath -- Evaluating path: $
12:52:44.606 [main] DEBUG com.jayway.jsonpath.internal.path.CompiledPath -- Evaluating path: $
12:52:44.606 [main] DEBUG com.jayway.jsonpath.internal.JsonContext -- Put path $ key discover value {}
12:52:44.606 [main] DEBUG com.jayway.jsonpath.internal.path.CompiledPath -- Evaluating path: $
12:52:44.606 [main] DEBUG com.jayway.jsonpath.internal.JsonContext -- Put path $ key discover value true
12:52:44.606 [main] DEBUG com.jayway.jsonpath.internal.path.CompiledPath -- Evaluating path: $
12:52:44.606 [main] DEBUG com.intuit.karate.driver.chrome_1718781763869 -- >> {"id":3,"sessionId":"2ACBFFE90E2D25278B539EB66C5835A5","method":"Target.setDiscoverTargets","params":{"discover":true}}
12:52:44.622 [nioEventLoopGroup-10-1] DEBUG com.intuit.karate.driver.chrome_1718781763869 -- << {"method":"Target.targetCreated","params":{"targetInfo":{"targetId":"27CDA5A1DC470584E9D9B01EED2D3D83","type":"background_page","title":"Google Hangouts","url":"chrome-extension://nkeimhogjdpnpccoofpliimaahmaaome/background.html","attached":false,"canAccessOpener":false,"browserContextId":"A0D8D7246DEA94D3F2A1558F9D19DA06"}},"sessionId":"2ACBFFE90E2D25278B539EB66C5835A5"}
12:52:44.622 [nioEventLoopGroup-10-1] DEBUG com.jayway.jsonpath.internal.path.CompiledPath -- Evaluating path: $
12:52:44.622 [nioEventLoopGroup-10-1] DEBUG com.intuit.karate.driver.chrome_1718781763869 -- << {"method":"Target.targetCreated","params":{"targetInfo":{"targetId":"B0D4DFFEF2AFCDCD7A793FEF30172F62","type":"page","title":"New Tab","url":"chrome://newtab/","attached":true,"canAccessOpener":false,"browserContextId":"A0D8D7246DEA94D3F2A1558F9D19DA06"}},"sessionId":"2ACBFFE90E2D25278B539EB66C5835A5"}
12:52:44.622 [nioEventLoopGroup-10-1] DEBUG com.jayway.jsonpath.internal.path.CompiledPath -- Evaluating path: $
12:52:44.622 [nioEventLoopGroup-10-1] DEBUG com.intuit.karate.driver.chrome_1718781763869 -- << {"method":"Target.targetCreated","params":{"targetInfo":{"targetId":"D23B71565E97BA43CCCBBDD6A5A2A081","type":"background_page","title":"Google Network Speech","url":"chrome-extension://neajdppkdcdipfabeoofebfddakdcjhd/_generated_background_page.html","attached":false,"canAccessOpener":false,"browserContextId":"A0D8D7246DEA94D3F2A1558F9D19DA06"}},"sessionId":"2ACBFFE90E2D25278B539EB66C5835A5"}
12:52:44.622 [nioEventLoopGroup-10-1] DEBUG com.jayway.jsonpath.internal.path.CompiledPath -- Evaluating path: $
12:52:44.622 [nioEventLoopGroup-10-1] DEBUG com.intuit.karate.driver.chrome_1718781763869 -- << {"id":3,"result":{},"sessionId":"2ACBFFE90E2D25278B539EB66C5835A5"}
12:52:44.622 [nioEventLoopGroup-10-1] DEBUG com.jayway.jsonpath.internal.path.CompiledPath -- Evaluating path: $
12:52:44.622 [main] DEBUG com.intuit.karate.driver.chrome_1718781763869 -- >> {"id":4,"sessionId":"2ACBFFE90E2D25278B539EB66C5835A5","method":"Page.enable"}
12:52:44.837 [nioEventLoopGroup-10-1] DEBUG com.intuit.karate.driver.chrome_1718781763869 -- << {"method":"Target.targetInfoChanged","params":{"targetInfo":{"targetId":"D23B71565E97BA43CCCBBDD6A5A2A081","type":"background_page","title":"Google Network Speech","url":"chrome-extension://neajdppkdcdipfabeoofebfddakdcjhd/_generated_background_page.html","attached":false,"canAccessOpener":false,"browserContextId":"A0D8D7246DEA94D3F2A1558F9D19DA06"}},"sessionId":"2ACBFFE90E2D25278B539EB66C5835A5"}
12:52:44.837 [nioEventLoopGroup-10-1] DEBUG com.jayway.jsonpath.internal.path.CompiledPath -- Evaluating path: $
12:52:44.837 [nioEventLoopGroup-10-1] DEBUG com.jayway.jsonpath.internal.path.CompiledPath -- Evaluating path: $['targetInfo']['targetId']
12:52:45.178 [nioEventLoopGroup-10-1] DEBUG com.intuit.karate.driver.chrome_1718781763869 -- << {"method":"Target.targetInfoChanged","params":{"targetInfo":{"targetId":"27CDA5A1DC470584E9D9B01EED2D3D83","type":"background_page","title":"Google Hangouts","url":"chrome-extension://nkeimhogjdpnpccoofpliimaahmaaome/background.html","attached":false,"canAccessOpener":false,"browserContextId":"A0D8D7246DEA94D3F2A1558F9D19DA06"}},"sessionId":"2ACBFFE90E2D25278B539EB66C5835A5"}
12:52:45.178 [nioEventLoopGroup-10-1] DEBUG com.jayway.jsonpath.internal.path.CompiledPath -- Evaluating path: $
12:52:45.178 [nioEventLoopGroup-10-1] DEBUG com.jayway.jsonpath.internal.path.CompiledPath -- Evaluating path: $['targetInfo']['targetId']
12:52:45.206 [nioEventLoopGroup-10-1] DEBUG com.intuit.karate.driver.chrome_1718781763869 -- << {"method":"Target.targetInfoChanged","params":{"targetInfo":{"targetId":"B0D4DFFEF2AFCDCD7A793FEF30172F62","type":"page","title":"New Tab","url":"chrome://newtab/","attached":true,"canAccessOpener":false,"browserContextId":"A0D8D7246DEA94D3F2A1558F9D19DA06"}},"sessionId":"2ACBFFE90E2D25278B539EB66C5835A5"}
12:52:45.206 [nioEventLoopGroup-10-1] DEBUG com.jayway.jsonpath.internal.path.CompiledPath -- Evaluating path: $
12:52:45.206 [nioEventLoopGroup-10-1] DEBUG com.jayway.jsonpath.internal.path.CompiledPath -- Evaluating path: $['targetInfo']['targetId']
12:52:45.212 [nioEventLoopGroup-10-1] DEBUG com.intuit.karate.driver.chrome_1718781763869 -- << {"id":4,"result":{},"sessionId":"2ACBFFE90E2D25278B539EB66C5835A5"}
12:52:45.212 [nioEventLoopGroup-10-1] DEBUG com.jayway.jsonpath.internal.path.CompiledPath -- Evaluating path: $
12:52:45.212 [main] DEBUG com.intuit.karate.driver.chrome_1718781763869 -- >> {"id":5,"sessionId":"2ACBFFE90E2D25278B539EB66C5835A5","method":"Runtime.enable"}
12:52:45.220 [nioEventLoopGroup-10-1] DEBUG com.intuit.karate.driver.chrome_1718781763869 -- << {"method":"Page.frameAttached","params":{"frameId":"1E2288F13DCB8813D8F867A397A32720","parentFrameId":"B0D4DFFEF2AFCDCD7A793FEF30172F62"},"sessionId":"2ACBFFE90E2D25278B539EB66C5835A5"}
12:52:45.220 [nioEventLoopGroup-10-1] DEBUG com.jayway.jsonpath.internal.path.CompiledPath -- Evaluating path: $
12:52:45.220 [nioEventLoopGroup-10-1] DEBUG com.intuit.karate.driver.chrome_1718781763869 -- << {"method":"Page.frameStartedLoading","params":{"frameId":"1E2288F13DCB8813D8F867A397A32720"},"sessionId":"2ACBFFE90E2D25278B539EB66C5835A5"}
12:52:45.220 [nioEventLoopGroup-10-1] DEBUG com.jayway.jsonpath.internal.path.CompiledPath -- Evaluating path: $
12:52:45.220 [nioEventLoopGroup-10-1] DEBUG com.jayway.jsonpath.internal.path.CompiledPath -- Evaluating path: $['frameId']
12:52:45.220 [nioEventLoopGroup-10-1] DEBUG com.intuit.karate.driver.chrome_1718781763869 -- << {"method":"Page.frameNavigated","params":{"frame":{"id":"1E2288F13DCB8813D8F867A397A32720","parentId":"B0D4DFFEF2AFCDCD7A793FEF30172F62","loaderId":"72A00643EFB10E380F8531C0E68BACA7","name":"backgroundImage","url":"about:blank","domainAndRegistry":"","securityOrigin":"://","mimeType":"text/html","adFrameStatus":{"adFrameType":"none","explanations":[]},"secureContextType":"Secure","crossOriginIsolatedContextType":"NotIsolated","gatedAPIFeatures":[]},"type":"Navigation"},"sessionId":"2ACBFFE90E2D25278B539EB66C5835A5"}
12:52:45.220 [nioEventLoopGroup-10-1] DEBUG com.jayway.jsonpath.internal.path.CompiledPath -- Evaluating path: $
12:52:45.220 [nioEventLoopGroup-10-1] DEBUG com.jayway.jsonpath.internal.path.CompiledPath -- Evaluating path: $['frame']['id']
12:52:45.220 [nioEventLoopGroup-10-1] DEBUG com.jayway.jsonpath.internal.path.CompiledPath -- Evaluating path: $['frame']['url']
12:52:45.220 [nioEventLoopGroup-10-1] DEBUG com.jayway.jsonpath.internal.path.CompiledPath -- Evaluating path: $['frame']['name']
12:52:45.220 [nioEventLoopGroup-10-1] DEBUG com.intuit.karate.driver.chrome_1718781763869 -- << {"method":"Page.frameStoppedLoading","params":{"frameId":"1E2288F13DCB8813D8F867A397A32720"},"sessionId":"2ACBFFE90E2D25278B539EB66C5835A5"}
12:52:45.220 [nioEventLoopGroup-10-1] DEBUG com.jayway.jsonpath.internal.path.CompiledPath -- Evaluating path: $
12:52:45.220 [nioEventLoopGroup-10-1] DEBUG com.jayway.jsonpath.internal.path.CompiledPath -- Evaluating path: $['frameId']
12:52:45.227 [nioEventLoopGroup-10-1] DEBUG com.intuit.karate.driver.chrome_1718781763869 -- << {"method":"Runtime.executionContextCreated","params":{"context":{"id":2,"origin":"chrome://new-tab-page","name":"","uniqueId":"2870138456752287042.-4531897516893893124","auxData":{"isDefault":true,"type":"default","frameId":"1E2288F13DCB8813D8F867A397A32720"}}},"sessionId":"2ACBFFE90E2D25278B539EB66C5835A5"}
12:52:45.227 [nioEventLoopGroup-10-1] DEBUG com.jayway.jsonpath.internal.path.CompiledPath -- Evaluating path: $
12:52:45.227 [nioEventLoopGroup-10-1] DEBUG com.jayway.jsonpath.internal.path.CompiledPath -- Evaluating path: $['context']['auxData']['frameId']
12:52:45.227 [nioEventLoopGroup-10-1] DEBUG com.jayway.jsonpath.internal.path.CompiledPath -- Evaluating path: $['context']['id']
12:52:45.227 [nioEventLoopGroup-10-1] DEBUG com.intuit.karate.driver.chrome_1718781763869 -- << {"method":"Runtime.executionContextCreated","params":{"context":{"id":1,"origin":"chrome://new-tab-page","name":"","uniqueId":"496696206442799734.-7504849060210737878","auxData":{"isDefault":true,"type":"default","frameId":"B0D4DFFEF2AFCDCD7A793FEF30172F62"}}},"sessionId":"2ACBFFE90E2D25278B539EB66C5835A5"}
12:52:45.227 [nioEventLoopGroup-10-1] DEBUG com.jayway.jsonpath.internal.path.CompiledPath -- Evaluating path: $
12:52:45.227 [nioEventLoopGroup-10-1] DEBUG com.jayway.jsonpath.internal.path.CompiledPath -- Evaluating path: $['context']['auxData']['frameId']
12:52:45.227 [nioEventLoopGroup-10-1] DEBUG com.jayway.jsonpath.internal.path.CompiledPath -- Evaluating path: $['context']['id']
12:52:45.227 [nioEventLoopGroup-10-1] DEBUG com.intuit.karate.driver.chrome_1718781763869 -- << {"id":5,"result":{},"sessionId":"2ACBFFE90E2D25278B539EB66C5835A5"}
12:52:45.227 [nioEventLoopGroup-10-1] DEBUG com.jayway.jsonpath.internal.path.CompiledPath -- Evaluating path: $
12:52:45.228 [main] DEBUG com.jayway.jsonpath.internal.path.CompiledPath -- Evaluating path: $['targetId']
12:52:45.228 [main] DEBUG com.jayway.jsonpath.internal.path.CompiledPath -- Evaluating path: $
12:52:45.228 [main] DEBUG com.jayway.jsonpath.internal.path.CompiledPath -- Evaluating path: $
12:52:45.228 [main] DEBUG com.jayway.jsonpath.internal.JsonContext -- Put path $ key targetId value {}
12:52:45.228 [main] DEBUG com.jayway.jsonpath.internal.path.CompiledPath -- Evaluating path: $
12:52:45.228 [main] DEBUG com.jayway.jsonpath.internal.JsonContext -- Put path $ key targetId value B0D4DFFEF2AFCDCD7A793FEF30172F62
12:52:45.228 [main] DEBUG com.jayway.jsonpath.internal.path.CompiledPath -- Evaluating path: $
12:52:45.228 [main] DEBUG com.intuit.karate.driver.chrome_1718781763869 -- >> {"id":6,"sessionId":"2ACBFFE90E2D25278B539EB66C5835A5","method":"Browser.getWindowForTarget","params":{"targetId":"B0D4DFFEF2AFCDCD7A793FEF30172F62"}}
12:52:45.228 [nioEventLoopGroup-10-1] DEBUG com.intuit.karate.driver.chrome_1718781763869 -- << {"id":6,"result":{"windowId":512892237,"bounds":{"left":10,"top":10,"width":1050,"height":652,"windowState":"normal"}},"sessionId":"2ACBFFE90E2D25278B539EB66C5835A5"}
12:52:45.228 [nioEventLoopGroup-10-1] DEBUG com.jayway.jsonpath.internal.path.CompiledPath -- Evaluating path: $
12:52:45.236 [main] DEBUG com.jayway.jsonpath.internal.path.CompiledPath -- Evaluating path: $['url']
12:52:45.236 [main] DEBUG com.jayway.jsonpath.internal.path.CompiledPath -- Evaluating path: $
12:52:45.236 [main] DEBUG com.jayway.jsonpath.internal.path.CompiledPath -- Evaluating path: $
12:52:45.236 [main] DEBUG com.jayway.jsonpath.internal.JsonContext -- Put path $ key url value {}
12:52:45.236 [main] DEBUG com.jayway.jsonpath.internal.path.CompiledPath -- Evaluating path: $
12:52:45.236 [main] DEBUG com.jayway.jsonpath.internal.JsonContext -- Put path $ key url value https://www.saucedemo.com/
12:52:45.236 [main] DEBUG com.jayway.jsonpath.internal.path.CompiledPath -- Evaluating path: $
12:52:45.236 [main] DEBUG com.intuit.karate.driver.chrome_1718781763869 -- >> {"id":7,"sessionId":"2ACBFFE90E2D25278B539EB66C5835A5","method":"Page.navigate","params":{"url":"https:\/\/www.saucedemo.com\/"}}
12:52:45.245 [nioEventLoopGroup-10-1] DEBUG com.intuit.karate.driver.chrome_1718781763869 -- << {"method":"Page.frameStartedLoading","params":{"frameId":"B0D4DFFEF2AFCDCD7A793FEF30172F62"},"sessionId":"2ACBFFE90E2D25278B539EB66C5835A5"}
12:52:45.245 [nioEventLoopGroup-10-1] DEBUG com.jayway.jsonpath.internal.path.CompiledPath -- Evaluating path: $
12:52:45.245 [nioEventLoopGroup-10-1] DEBUG com.jayway.jsonpath.internal.path.CompiledPath -- Evaluating path: $['frameId']
12:52:45.383 [nioEventLoopGroup-10-1] DEBUG com.intuit.karate.driver.chrome_1718781763869 -- << {"method":"Page.domContentEventFired","params":{"timestamp":52843.890266},"sessionId":"2ACBFFE90E2D25278B539EB66C5835A5"}
12:52:45.383 [nioEventLoopGroup-10-1] DEBUG com.jayway.jsonpath.internal.path.CompiledPath -- Evaluating path: $
12:52:45.383 [main] DEBUG com.jayway.jsonpath.internal.path.CompiledPath -- Evaluating path: $['expression']
12:52:45.383 [main] DEBUG com.jayway.jsonpath.internal.path.CompiledPath -- Evaluating path: $
12:52:45.383 [main] DEBUG com.jayway.jsonpath.internal.path.CompiledPath -- Evaluating path: $
12:52:45.383 [main] DEBUG com.jayway.jsonpath.internal.JsonContext -- Put path $ key expression value {}
12:52:45.383 [main] DEBUG com.jayway.jsonpath.internal.path.CompiledPath -- Evaluating path: $
12:52:45.383 [main] DEBUG com.jayway.jsonpath.internal.JsonContext -- Put path $ key expression value var e = document.evaluate("//*[@id='user-name']", document, null, 9, null).singleNodeValue; e.focus(); try { e.selectionStart = e.selectionEnd = e.value.length } catch(x) {}
12:52:45.383 [main] DEBUG com.jayway.jsonpath.internal.path.CompiledPath -- Evaluating path: $['returnByValue']
12:52:45.383 [main] DEBUG com.jayway.jsonpath.internal.path.CompiledPath -- Evaluating path: $
12:52:45.383 [main] DEBUG com.jayway.jsonpath.internal.path.CompiledPath -- Evaluating path: $
12:52:45.383 [main] DEBUG com.jayway.jsonpath.internal.JsonContext -- Put path $ key returnByValue value {}
12:52:45.383 [main] DEBUG com.jayway.jsonpath.internal.path.CompiledPath -- Evaluating path: $
12:52:45.383 [main] DEBUG com.jayway.jsonpath.internal.JsonContext -- Put path $ key returnByValue value true
12:52:45.383 [main] DEBUG com.jayway.jsonpath.internal.path.CompiledPath -- Evaluating path: $
12:52:45.383 [main] DEBUG com.intuit.karate.driver.chrome_1718781763869 -- >> {"id":8,"sessionId":"2ACBFFE90E2D25278B539EB66C5835A5","method":"Runtime.evaluate","params":{"expression":"var e = document.evaluate(\"\/\/*[@id='user-name']\", document, null, 9, null).singleNodeValue; e.focus(); try { e.selectionStart = e.selectionEnd = e.value.length } catch(x) {}","returnByValue":true}}
12:52:45.383 [nioEventLoopGroup-10-1] DEBUG com.intuit.karate.driver.chrome_1718781763869 -- << {"id":7,"result":{"frameId":"B0D4DFFEF2AFCDCD7A793FEF30172F62","loaderId":"55BDB9ADEA2C7861DFCE514043ECD818"},"sessionId":"2ACBFFE90E2D25278B539EB66C5835A5"}
12:52:45.383 [nioEventLoopGroup-10-1] DEBUG com.jayway.jsonpath.internal.path.CompiledPath -- Evaluating path: $
12:52:45.383 [nioEventLoopGroup-10-1] DEBUG com.intuit.karate.driver.chrome_1718781763869 -- << {"method":"Runtime.executionContextsCleared","params":{},"sessionId":"2ACBFFE90E2D25278B539EB66C5835A5"}
12:52:45.383 [nioEventLoopGroup-10-1] DEBUG com.jayway.jsonpath.internal.path.CompiledPath -- Evaluating path: $
12:52:45.399 [nioEventLoopGroup-10-1] DEBUG com.intuit.karate.driver.chrome_1718781763869 -- << {"method":"Target.targetInfoChanged","params":{"targetInfo":{"targetId":"B0D4DFFEF2AFCDCD7A793FEF30172F62","type":"page","title":"saucedemo.com","url":"https://www.saucedemo.com/","attached":true,"canAccessOpener":false,"browserContextId":"A0D8D7246DEA94D3F2A1558F9D19DA06"}},"sessionId":"2ACBFFE90E2D25278B539EB66C5835A5"}
12:52:45.399 [nioEventLoopGroup-10-1] DEBUG com.jayway.jsonpath.internal.path.CompiledPath -- Evaluating path: $
12:52:45.399 [nioEventLoopGroup-10-1] DEBUG com.jayway.jsonpath.internal.path.CompiledPath -- Evaluating path: $['targetInfo']['targetId']
12:52:45.399 [nioEventLoopGroup-10-1] DEBUG com.intuit.karate.driver.chrome_1718781763869 -- << {"method":"Runtime.executionContextsCleared","params":{},"sessionId":"2ACBFFE90E2D25278B539EB66C5835A5"}
12:52:45.399 [nioEventLoopGroup-10-1] DEBUG com.jayway.jsonpath.internal.path.CompiledPath -- Evaluating path: $
12:52:45.402 [nioEventLoopGroup-10-1] DEBUG com.intuit.karate.driver.chrome_1718781763869 -- << {"method":"Page.frameNavigated","params":{"frame":{"id":"B0D4DFFEF2AFCDCD7A793FEF30172F62","loaderId":"55BDB9ADEA2C7861DFCE514043ECD818","url":"https://www.saucedemo.com/","domainAndRegistry":"saucedemo.com","securityOrigin":"https://www.saucedemo.com","mimeType":"text/html","adFrameStatus":{"adFrameType":"none"},"secureContextType":"Secure","crossOriginIsolatedContextType":"NotIsolated","gatedAPIFeatures":[]},"type":"Navigation"},"sessionId":"2ACBFFE90E2D25278B539EB66C5835A5"}
12:52:45.403 [nioEventLoopGroup-10-1] DEBUG com.jayway.jsonpath.internal.path.CompiledPath -- Evaluating path: $
12:52:45.403 [nioEventLoopGroup-10-1] DEBUG com.jayway.jsonpath.internal.path.CompiledPath -- Evaluating path: $['frame']['id']
12:52:45.403 [nioEventLoopGroup-10-1] DEBUG com.jayway.jsonpath.internal.path.CompiledPath -- Evaluating path: $['frame']['url']
12:52:45.403 [nioEventLoopGroup-10-1] DEBUG com.jayway.jsonpath.internal.path.CompiledPath -- Evaluating path: $['frame']['name']
12:52:45.403 [nioEventLoopGroup-10-1] DEBUG com.intuit.karate.driver.chrome_1718781763869 -- << {"method":"Runtime.executionContextCreated","params":{"context":{"id":1,"origin":"https://www.saucedemo.com","name":"","uniqueId":"-7793464663618493469.8264985017392331294","auxData":{"isDefault":true,"type":"default","frameId":"B0D4DFFEF2AFCDCD7A793FEF30172F62"}}},"sessionId":"2ACBFFE90E2D25278B539EB66C5835A5"}
12:52:45.403 [nioEventLoopGroup-10-1] DEBUG com.jayway.jsonpath.internal.path.CompiledPath -- Evaluating path: $
12:52:45.403 [nioEventLoopGroup-10-1] DEBUG com.jayway.jsonpath.internal.path.CompiledPath -- Evaluating path: $['context']['auxData']['frameId']
12:52:45.403 [nioEventLoopGroup-10-1] DEBUG com.jayway.jsonpath.internal.path.CompiledPath -- Evaluating path: $['context']['id']
12:52:45.403 [nioEventLoopGroup-10-1] DEBUG com.intuit.karate.driver.chrome_1718781763869 -- << {"id":8,"result":{"result":{"type":"object","subtype":"error","className":"TypeError","description":"TypeError: Cannot read properties of null (reading 'focus')\n    at <anonymous>:1:95","objectId":"-4082860878520444345.1.1"},"exceptionDetails":{"exceptionId":1,"text":"Uncaught","lineNumber":0,"columnNumber":94,"scriptId":"6","stackTrace":{"callFrames":[{"functionName":"","scriptId":"6","url":"","lineNumber":0,"columnNumber":94}]},"exception":{"type":"object","subtype":"error","className":"TypeError","description":"TypeError: Cannot read properties of null (reading 'focus')\n    at <anonymous>:1:95","objectId":"-4082860878520444345.1.2"}}},"sessionId":"2ACBFFE90E2D25278B539EB66C5835A5"}
12:52:45.403 [nioEventLoopGroup-10-1] DEBUG com.jayway.jsonpath.internal.path.CompiledPath -- Evaluating path: $
12:52:45.403 [nioEventLoopGroup-10-1] WARN com.intuit.karate.driver.chrome_1718781763869 -- devtools error: [id: 8, sessionId: 2ACBFFE90E2D25278B539EB66C5835A5, result: [type: MAP, value: {type=object, subtype=error, className=TypeError, description=TypeError: Cannot read properties of null (reading 'focus')
    at <anonymous>:1:95, objectId=-4082860878520444345.1.1}]]
12:52:45.403 [main] WARN com.intuit.karate.driver.chrome_1718781763869 -- js eval failed once:var e = document.evaluate("//*[@id='user-name']", document, null, 9, null).singleNodeValue; e.focus(); try { e.selectionStart = e.selectionEnd = e.value.length } catch(x) {}, error: [type: MAP, value: {type=object, subtype=error, className=TypeError, description=TypeError: Cannot read properties of null (reading 'focus')
    at <anonymous>:1:95, objectId=-4082860878520444345.1.1}]
12:52:45.666 [chrome_1718781747070] WARN com.intuit.karate.shell.Command -- exit code was non-zero: 1 - [C:\Program Files\Google\Chrome\Application\chrome.exe, --remote-debugging-port=54084, --remote-allow-origins=*, --no-first-run, --user-data-dir=C:\Users\HarshvardhanNigaveka\OneDrive - Academian India Private Limited\Desktop\GitHubActions\karateUI\UI_Automation_Project\target\chrome_1718781747070, --disable-popup-blocking] working dir: target\chrome_1718781747070
12:52:45.768 [nioEventLoopGroup-10-1] DEBUG com.intuit.karate.driver.chrome_1718781763869 -- << {"method":"Page.domContentEventFired","params":{"timestamp":52844.283423},"sessionId":"2ACBFFE90E2D25278B539EB66C5835A5"}
12:52:45.768 [nioEventLoopGroup-10-1] DEBUG com.jayway.jsonpath.internal.path.CompiledPath -- Evaluating path: $
12:52:45.826 [nioEventLoopGroup-10-1] DEBUG com.intuit.karate.driver.chrome_1718781763869 -- << {"method":"Target.targetCreated","params":{"targetInfo":{"targetId":"20D13FC1A3594D5546151011D3306374","type":"service_worker","title":"Service Worker https://www.saucedemo.com/service-worker.js","url":"https://www.saucedemo.com/service-worker.js","attached":false,"canAccessOpener":false,"browserContextId":"A0D8D7246DEA94D3F2A1558F9D19DA06"}},"sessionId":"2ACBFFE90E2D25278B539EB66C5835A5"}
12:52:45.829 [nioEventLoopGroup-10-1] DEBUG com.jayway.jsonpath.internal.path.CompiledPath -- Evaluating path: $
12:52:45.829 [nioEventLoopGroup-10-1] DEBUG com.intuit.karate.driver.chrome_1718781763869 -- << {"method":"Page.loadEventFired","params":{"timestamp":52844.333976},"sessionId":"2ACBFFE90E2D25278B539EB66C5835A5"}
12:52:45.829 [nioEventLoopGroup-10-1] DEBUG com.jayway.jsonpath.internal.path.CompiledPath -- Evaluating path: $
12:52:45.829 [nioEventLoopGroup-10-1] DEBUG com.intuit.karate.driver.chrome_1718781763869 -- << {"method":"Page.frameStoppedLoading","params":{"frameId":"B0D4DFFEF2AFCDCD7A793FEF30172F62"},"sessionId":"2ACBFFE90E2D25278B539EB66C5835A5"}
12:52:45.829 [nioEventLoopGroup-10-1] DEBUG com.jayway.jsonpath.internal.path.CompiledPath -- Evaluating path: $
12:52:45.829 [nioEventLoopGroup-10-1] DEBUG com.jayway.jsonpath.internal.path.CompiledPath -- Evaluating path: $['frameId']
12:52:45.895 [nioEventLoopGroup-10-1] DEBUG com.intuit.karate.driver.chrome_1718781763869 -- << {"method":"Target.targetDestroyed","params":{"targetId":"20D13FC1A3594D5546151011D3306374"},"sessionId":"2ACBFFE90E2D25278B539EB66C5835A5"}
12:52:45.895 [nioEventLoopGroup-10-1] DEBUG com.jayway.jsonpath.internal.path.CompiledPath -- Evaluating path: $
12:52:45.912 [nioEventLoopGroup-9-1] DEBUG io.netty.buffer.PoolThreadCache -- Freed 36 thread-local buffer(s) from thread: nioEventLoopGroup-9-1
12:52:48.415 [main] DEBUG com.jayway.jsonpath.internal.path.CompiledPath -- Evaluating path: $['expression']
12:52:48.415 [main] DEBUG com.jayway.jsonpath.internal.path.CompiledPath -- Evaluating path: $
12:52:48.415 [main] DEBUG com.jayway.jsonpath.internal.path.CompiledPath -- Evaluating path: $
12:52:48.416 [main] DEBUG com.jayway.jsonpath.internal.JsonContext -- Put path $ key expression value {}
12:52:48.416 [main] DEBUG com.jayway.jsonpath.internal.path.CompiledPath -- Evaluating path: $
12:52:48.416 [main] DEBUG com.jayway.jsonpath.internal.JsonContext -- Put path $ key expression value var e = document.evaluate("//*[@id='user-name']", document, null, 9, null).singleNodeValue; e.focus(); try { e.selectionStart = e.selectionEnd = e.value.length } catch(x) {}
12:52:48.416 [main] DEBUG com.jayway.jsonpath.internal.path.CompiledPath -- Evaluating path: $['returnByValue']
12:52:48.416 [main] DEBUG com.jayway.jsonpath.internal.path.CompiledPath -- Evaluating path: $
12:52:48.416 [main] DEBUG com.jayway.jsonpath.internal.path.CompiledPath -- Evaluating path: $
12:52:48.416 [main] DEBUG com.jayway.jsonpath.internal.JsonContext -- Put path $ key returnByValue value {}
12:52:48.416 [main] DEBUG com.jayway.jsonpath.internal.path.CompiledPath -- Evaluating path: $
12:52:48.416 [main] DEBUG com.jayway.jsonpath.internal.JsonContext -- Put path $ key returnByValue value true
12:52:48.416 [main] DEBUG com.jayway.jsonpath.internal.path.CompiledPath -- Evaluating path: $
12:52:48.416 [main] DEBUG com.intuit.karate.driver.chrome_1718781763869 -- >> {"id":9,"sessionId":"2ACBFFE90E2D25278B539EB66C5835A5","method":"Runtime.evaluate","params":{"expression":"var e = document.evaluate(\"\/\/*[@id='user-name']\", document, null, 9, null).singleNodeValue; e.focus(); try { e.selectionStart = e.selectionEnd = e.value.length } catch(x) {}","returnByValue":true}}
12:52:48.429 [nioEventLoopGroup-10-1] DEBUG com.intuit.karate.driver.chrome_1718781763869 -- << {"id":9,"result":{"result":{"type":"number","value":0,"description":"0"}},"sessionId":"2ACBFFE90E2D25278B539EB66C5835A5"}
12:52:48.429 [nioEventLoopGroup-10-1] DEBUG com.jayway.jsonpath.internal.path.CompiledPath -- Evaluating path: $
12:52:48.429 [main] DEBUG com.jayway.jsonpath.internal.path.CompiledPath -- Evaluating path: $['modifiers']
12:52:48.429 [main] DEBUG com.jayway.jsonpath.internal.path.CompiledPath -- Evaluating path: $
12:52:48.429 [main] DEBUG com.jayway.jsonpath.internal.path.CompiledPath -- Evaluating path: $
12:52:48.429 [main] DEBUG com.jayway.jsonpath.internal.JsonContext -- Put path $ key modifiers value {}
12:52:48.429 [main] DEBUG com.jayway.jsonpath.internal.path.CompiledPath -- Evaluating path: $
12:52:48.429 [main] DEBUG com.jayway.jsonpath.internal.JsonContext -- Put path $ key modifiers value 0
12:52:48.429 [main] DEBUG com.jayway.jsonpath.internal.path.CompiledPath -- Evaluating path: $['type']
12:52:48.429 [main] DEBUG com.jayway.jsonpath.internal.path.CompiledPath -- Evaluating path: $
12:52:48.429 [main] DEBUG com.jayway.jsonpath.internal.path.CompiledPath -- Evaluating path: $
12:52:48.429 [main] DEBUG com.jayway.jsonpath.internal.JsonContext -- Put path $ key type value {}
12:52:48.429 [main] DEBUG com.jayway.jsonpath.internal.path.CompiledPath -- Evaluating path: $
12:52:48.429 [main] DEBUG com.jayway.jsonpath.internal.JsonContext -- Put path $ key type value rawKeyDown
12:52:48.429 [main] DEBUG com.jayway.jsonpath.internal.path.CompiledPath -- Evaluating path: $['text']
12:52:48.429 [main] DEBUG com.jayway.jsonpath.internal.path.CompiledPath -- Evaluating path: $
12:52:48.429 [main] DEBUG com.jayway.jsonpath.internal.path.CompiledPath -- Evaluating path: $
12:52:48.429 [main] DEBUG com.jayway.jsonpath.internal.JsonContext -- Put path $ key text value {}
12:52:48.429 [main] DEBUG com.jayway.jsonpath.internal.path.CompiledPath -- Evaluating path: $
12:52:48.429 [main] DEBUG com.jayway.jsonpath.internal.JsonContext -- Put path $ key text value s
12:52:48.429 [main] DEBUG com.jayway.jsonpath.internal.path.CompiledPath -- Evaluating path: $['windowsVirtualKeyCode']
12:52:48.429 [main] DEBUG com.jayway.jsonpath.internal.path.CompiledPath -- Evaluating path: $
12:52:48.429 [main] DEBUG com.jayway.jsonpath.internal.path.CompiledPath -- Evaluating path: $
12:52:48.429 [main] DEBUG com.jayway.jsonpath.internal.JsonContext -- Put path $ key windowsVirtualKeyCode value {}
12:52:48.429 [main] DEBUG com.jayway.jsonpath.internal.path.CompiledPath -- Evaluating path: $
12:52:48.429 [main] DEBUG com.jayway.jsonpath.internal.JsonContext -- Put path $ key windowsVirtualKeyCode value 115
12:52:48.429 [main] DEBUG com.jayway.jsonpath.internal.path.CompiledPath -- Evaluating path: $
12:52:48.429 [main] DEBUG com.intuit.karate.driver.chrome_1718781763869 -- >> {"id":10,"sessionId":"2ACBFFE90E2D25278B539EB66C5835A5","method":"Input.dispatchKeyEvent","params":{"modifiers":0,"type":"rawKeyDown","text":"s","windowsVirtualKeyCode":115}}
12:52:48.647 [nioEventLoopGroup-10-1] DEBUG com.intuit.karate.driver.chrome_1718781763869 -- << {"id":10,"result":{},"sessionId":"2ACBFFE90E2D25278B539EB66C5835A5"}
12:52:48.647 [nioEventLoopGroup-10-1] DEBUG com.jayway.jsonpath.internal.path.CompiledPath -- Evaluating path: $
12:52:48.647 [main] DEBUG com.jayway.jsonpath.internal.path.CompiledPath -- Evaluating path: $['modifiers']
12:52:48.647 [main] DEBUG com.jayway.jsonpath.internal.path.CompiledPath -- Evaluating path: $
12:52:48.647 [main] DEBUG com.jayway.jsonpath.internal.path.CompiledPath -- Evaluating path: $
12:52:48.647 [main] DEBUG com.jayway.jsonpath.internal.JsonContext -- Put path $ key modifiers value {}
12:52:48.647 [main] DEBUG com.jayway.jsonpath.internal.path.CompiledPath -- Evaluating path: $
12:52:48.647 [main] DEBUG com.jayway.jsonpath.internal.JsonContext -- Put path $ key modifiers value 0
12:52:48.647 [main] DEBUG com.jayway.jsonpath.internal.path.CompiledPath -- Evaluating path: $['type']
12:52:48.647 [main] DEBUG com.jayway.jsonpath.internal.path.CompiledPath -- Evaluating path: $
12:52:48.647 [main] DEBUG com.jayway.jsonpath.internal.path.CompiledPath -- Evaluating path: $
12:52:48.647 [main] DEBUG com.jayway.jsonpath.internal.JsonContext -- Put path $ key type value {}
12:52:48.647 [main] DEBUG com.jayway.jsonpath.internal.path.CompiledPath -- Evaluating path: $
12:52:48.647 [main] DEBUG com.jayway.jsonpath.internal.JsonContext -- Put path $ key type value char
12:52:48.647 [main] DEBUG com.jayway.jsonpath.internal.path.CompiledPath -- Evaluating path: $['text']
12:52:48.647 [main] DEBUG com.jayway.jsonpath.internal.path.CompiledPath -- Evaluating path: $
12:52:48.647 [main] DEBUG com.jayway.jsonpath.internal.path.CompiledPath -- Evaluating path: $
12:52:48.647 [main] DEBUG com.jayway.jsonpath.internal.JsonContext -- Put path $ key text value {}
12:52:48.647 [main] DEBUG com.jayway.jsonpath.internal.path.CompiledPath -- Evaluating path: $
12:52:48.647 [main] DEBUG com.jayway.jsonpath.internal.JsonContext -- Put path $ key text value s
12:52:48.647 [main] DEBUG com.jayway.jsonpath.internal.path.CompiledPath -- Evaluating path: $['windowsVirtualKeyCode']
12:52:48.647 [main] DEBUG com.jayway.jsonpath.internal.path.CompiledPath -- Evaluating path: $
12:52:48.647 [main] DEBUG com.jayway.jsonpath.internal.path.CompiledPath -- Evaluating path: $
12:52:48.647 [main] DEBUG com.jayway.jsonpath.internal.JsonContext -- Put path $ key windowsVirtualKeyCode value {}
12:52:48.647 [main] DEBUG com.jayway.jsonpath.internal.path.CompiledPath -- Evaluating path: $
12:52:48.647 [main] DEBUG com.jayway.jsonpath.internal.JsonContext -- Put path $ key windowsVirtualKeyCode value 115
12:52:48.647 [main] DEBUG com.jayway.jsonpath.internal.path.CompiledPath -- Evaluating path: $
12:52:48.647 [main] DEBUG com.intuit.karate.driver.chrome_1718781763869 -- >> {"id":11,"sessionId":"2ACBFFE90E2D25278B539EB66C5835A5","method":"Input.dispatchKeyEvent","params":{"modifiers":0,"type":"char","text":"s","windowsVirtualKeyCode":115}}
12:52:48.666 [nioEventLoopGroup-10-1] DEBUG com.intuit.karate.driver.chrome_1718781763869 -- << {"id":11,"result":{},"sessionId":"2ACBFFE90E2D25278B539EB66C5835A5"}
12:52:48.666 [nioEventLoopGroup-10-1] DEBUG com.jayway.jsonpath.internal.path.CompiledPath -- Evaluating path: $
12:52:48.666 [main] DEBUG com.jayway.jsonpath.internal.path.CompiledPath -- Evaluating path: $['modifiers']
12:52:48.666 [main] DEBUG com.jayway.jsonpath.internal.path.CompiledPath -- Evaluating path: $
12:52:48.666 [main] DEBUG com.jayway.jsonpath.internal.path.CompiledPath -- Evaluating path: $
12:52:48.666 [main] DEBUG com.jayway.jsonpath.internal.JsonContext -- Put path $ key modifiers value {}
12:52:48.666 [main] DEBUG com.jayway.jsonpath.internal.path.CompiledPath -- Evaluating path: $
12:52:48.666 [main] DEBUG com.jayway.jsonpath.internal.JsonContext -- Put path $ key modifiers value 0
12:52:48.666 [main] DEBUG com.jayway.jsonpath.internal.path.CompiledPath -- Evaluating path: $['type']
12:52:48.666 [main] DEBUG com.jayway.jsonpath.internal.path.CompiledPath -- Evaluating path: $
12:52:48.666 [main] DEBUG com.jayway.jsonpath.internal.path.CompiledPath -- Evaluating path: $
12:52:48.666 [main] DEBUG com.jayway.jsonpath.internal.JsonContext -- Put path $ key type value {}
12:52:48.666 [main] DEBUG com.jayway.jsonpath.internal.path.CompiledPath -- Evaluating path: $
12:52:48.666 [main] DEBUG com.jayway.jsonpath.internal.JsonContext -- Put path $ key type value keyUp
12:52:48.666 [main] DEBUG com.jayway.jsonpath.internal.path.CompiledPath -- Evaluating path: $['text']
12:52:48.666 [main] DEBUG com.jayway.jsonpath.internal.path.CompiledPath -- Evaluating path: $
12:52:48.666 [main] DEBUG com.jayway.jsonpath.internal.path.CompiledPath -- Evaluating path: $
12:52:48.666 [main] DEBUG com.jayway.jsonpath.internal.JsonContext -- Put path $ key text value {}
12:52:48.666 [main] DEBUG com.jayway.jsonpath.internal.path.CompiledPath -- Evaluating path: $
12:52:48.666 [main] DEBUG com.jayway.jsonpath.internal.JsonContext -- Put path $ key text value s
12:52:48.666 [main] DEBUG com.jayway.jsonpath.internal.path.CompiledPath -- Evaluating path: $['windowsVirtualKeyCode']
12:52:48.666 [main] DEBUG com.jayway.jsonpath.internal.path.CompiledPath -- Evaluating path: $
12:52:48.666 [main] DEBUG com.jayway.jsonpath.internal.path.CompiledPath -- Evaluating path: $
12:52:48.666 [main] DEBUG com.jayway.jsonpath.internal.JsonContext -- Put path $ key windowsVirtualKeyCode value {}
12:52:48.666 [main] DEBUG com.jayway.jsonpath.internal.path.CompiledPath -- Evaluating path: $
12:52:48.666 [main] DEBUG com.jayway.jsonpath.internal.JsonContext -- Put path $ key windowsVirtualKeyCode value 115
12:52:48.666 [main] DEBUG com.jayway.jsonpath.internal.path.CompiledPath -- Evaluating path: $
12:52:48.666 [main] DEBUG com.intuit.karate.driver.chrome_1718781763869 -- >> {"id":12,"sessionId":"2ACBFFE90E2D25278B539EB66C5835A5","method":"Input.dispatchKeyEvent","params":{"modifiers":0,"type":"keyUp","text":"s","windowsVirtualKeyCode":115}}
12:52:48.677 [nioEventLoopGroup-10-1] DEBUG com.intuit.karate.driver.chrome_1718781763869 -- << {"id":12,"result":{},"sessionId":"2ACBFFE90E2D25278B539EB66C5835A5"}
12:52:48.677 [nioEventLoopGroup-10-1] DEBUG com.jayway.jsonpath.internal.path.CompiledPath -- Evaluating path: $
12:52:48.677 [main] DEBUG com.jayway.jsonpath.internal.path.CompiledPath -- Evaluating path: $['modifiers']
12:52:48.677 [main] DEBUG com.jayway.jsonpath.internal.path.CompiledPath -- Evaluating path: $
12:52:48.677 [main] DEBUG com.jayway.jsonpath.internal.path.CompiledPath -- Evaluating path: $
12:52:48.677 [main] DEBUG com.jayway.jsonpath.internal.JsonContext -- Put path $ key modifiers value {}
12:52:48.677 [main] DEBUG com.jayway.jsonpath.internal.path.CompiledPath -- Evaluating path: $
12:52:48.677 [main] DEBUG com.jayway.jsonpath.internal.JsonContext -- Put path $ key modifiers value 0
12:52:48.677 [main] DEBUG com.jayway.jsonpath.internal.path.CompiledPath -- Evaluating path: $['type']
12:52:48.677 [main] DEBUG com.jayway.jsonpath.internal.path.CompiledPath -- Evaluating path: $
12:52:48.677 [main] DEBUG com.jayway.jsonpath.internal.path.CompiledPath -- Evaluating path: $
12:52:48.677 [main] DEBUG com.jayway.jsonpath.internal.JsonContext -- Put path $ key type value {}
12:52:48.677 [main] DEBUG com.jayway.jsonpath.internal.path.CompiledPath -- Evaluating path: $
12:52:48.677 [main] DEBUG com.jayway.jsonpath.internal.JsonContext -- Put path $ key type value rawKeyDown
12:52:48.677 [main] DEBUG com.jayway.jsonpath.internal.path.CompiledPath -- Evaluating path: $['text']
12:52:48.677 [main] DEBUG com.jayway.jsonpath.internal.path.CompiledPath -- Evaluating path: $
12:52:48.677 [main] DEBUG com.jayway.jsonpath.internal.path.CompiledPath -- Evaluating path: $
12:52:48.677 [main] DEBUG com.jayway.jsonpath.internal.JsonContext -- Put path $ key text value {}
12:52:48.677 [main] DEBUG com.jayway.jsonpath.internal.path.CompiledPath -- Evaluating path: $
12:52:48.677 [main] DEBUG com.jayway.jsonpath.internal.JsonContext -- Put path $ key text value t
12:52:48.677 [main] DEBUG com.jayway.jsonpath.internal.path.CompiledPath -- Evaluating path: $['windowsVirtualKeyCode']
12:52:48.677 [main] DEBUG com.jayway.jsonpath.internal.path.CompiledPath -- Evaluating path: $
12:52:48.677 [main] DEBUG com.jayway.jsonpath.internal.path.CompiledPath -- Evaluating path: $
12:52:48.677 [main] DEBUG com.jayway.jsonpath.internal.JsonContext -- Put path $ key windowsVirtualKeyCode value {}
12:52:48.677 [main] DEBUG com.jayway.jsonpath.internal.path.CompiledPath -- Evaluating path: $
12:52:48.677 [main] DEBUG com.jayway.jsonpath.internal.JsonContext -- Put path $ key windowsVirtualKeyCode value 116
12:52:48.677 [main] DEBUG com.jayway.jsonpath.internal.path.CompiledPath -- Evaluating path: $
12:52:48.677 [main] DEBUG com.intuit.karate.driver.chrome_1718781763869 -- >> {"id":13,"sessionId":"2ACBFFE90E2D25278B539EB66C5835A5","method":"Input.dispatchKeyEvent","params":{"modifiers":0,"type":"rawKeyDown","text":"t","windowsVirtualKeyCode":116}}
12:52:48.803 [nioEventLoopGroup-10-1] DEBUG com.intuit.karate.driver.chrome_1718781763869 -- << {"id":13,"result":{},"sessionId":"2ACBFFE90E2D25278B539EB66C5835A5"}
12:52:48.803 [nioEventLoopGroup-10-1] DEBUG com.jayway.jsonpath.internal.path.CompiledPath -- Evaluating path: $
12:52:48.803 [main] DEBUG com.jayway.jsonpath.internal.path.CompiledPath -- Evaluating path: $['modifiers']
12:52:48.803 [main] DEBUG com.jayway.jsonpath.internal.path.CompiledPath -- Evaluating path: $
12:52:48.803 [main] DEBUG com.jayway.jsonpath.internal.path.CompiledPath -- Evaluating path: $
12:52:48.803 [main] DEBUG com.jayway.jsonpath.internal.JsonContext -- Put path $ key modifiers value {}
12:52:48.803 [main] DEBUG com.jayway.jsonpath.internal.path.CompiledPath -- Evaluating path: $
12:52:48.803 [main] DEBUG com.jayway.jsonpath.internal.JsonContext -- Put path $ key modifiers value 0
12:52:48.803 [main] DEBUG com.jayway.jsonpath.internal.path.CompiledPath -- Evaluating path: $['type']
12:52:48.803 [main] DEBUG com.jayway.jsonpath.internal.path.CompiledPath -- Evaluating path: $
12:52:48.803 [main] DEBUG com.jayway.jsonpath.internal.path.CompiledPath -- Evaluating path: $
12:52:48.803 [main] DEBUG com.jayway.jsonpath.internal.JsonContext -- Put path $ key type value {}
12:52:48.803 [main] DEBUG com.jayway.jsonpath.internal.path.CompiledPath -- Evaluating path: $
12:52:48.803 [main] DEBUG com.jayway.jsonpath.internal.JsonContext -- Put path $ key type value char
12:52:48.803 [main] DEBUG com.jayway.jsonpath.internal.path.CompiledPath -- Evaluating path: $['text']
12:52:48.803 [main] DEBUG com.jayway.jsonpath.internal.path.CompiledPath -- Evaluating path: $
12:52:48.803 [main] DEBUG com.jayway.jsonpath.internal.path.CompiledPath -- Evaluating path: $
12:52:48.803 [main] DEBUG com.jayway.jsonpath.internal.JsonContext -- Put path $ key text value {}
12:52:48.803 [main] DEBUG com.jayway.jsonpath.internal.path.CompiledPath -- Evaluating path: $
12:52:48.803 [main] DEBUG com.jayway.jsonpath.internal.JsonContext -- Put path $ key text value t
12:52:48.803 [main] DEBUG com.jayway.jsonpath.internal.path.CompiledPath -- Evaluating path: $['windowsVirtualKeyCode']
12:52:48.803 [main] DEBUG com.jayway.jsonpath.internal.path.CompiledPath -- Evaluating path: $
12:52:48.803 [main] DEBUG com.jayway.jsonpath.internal.path.CompiledPath -- Evaluating path: $
12:52:48.803 [main] DEBUG com.jayway.jsonpath.internal.JsonContext -- Put path $ key windowsVirtualKeyCode value {}
12:52:48.803 [main] DEBUG com.jayway.jsonpath.internal.path.CompiledPath -- Evaluating path: $
12:52:48.803 [main] DEBUG com.jayway.jsonpath.internal.JsonContext -- Put path $ key windowsVirtualKeyCode value 116
12:52:48.803 [main] DEBUG com.jayway.jsonpath.internal.path.CompiledPath -- Evaluating path: $
12:52:48.803 [main] DEBUG com.intuit.karate.driver.chrome_1718781763869 -- >> {"id":14,"sessionId":"2ACBFFE90E2D25278B539EB66C5835A5","method":"Input.dispatchKeyEvent","params":{"modifiers":0,"type":"char","text":"t","windowsVirtualKeyCode":116}}
12:52:48.805 [nioEventLoopGroup-10-1] DEBUG com.intuit.karate.driver.chrome_1718781763869 -- << {"id":14,"result":{},"sessionId":"2ACBFFE90E2D25278B539EB66C5835A5"}
12:52:48.805 [nioEventLoopGroup-10-1] DEBUG com.jayway.jsonpath.internal.path.CompiledPath -- Evaluating path: $
12:52:48.805 [main] DEBUG com.jayway.jsonpath.internal.path.CompiledPath -- Evaluating path: $['modifiers']
12:52:48.805 [main] DEBUG com.jayway.jsonpath.internal.path.CompiledPath -- Evaluating path: $
12:52:48.805 [main] DEBUG com.jayway.jsonpath.internal.path.CompiledPath -- Evaluating path: $
12:52:48.805 [main] DEBUG com.jayway.jsonpath.internal.JsonContext -- Put path $ key modifiers value {}
12:52:48.805 [main] DEBUG com.jayway.jsonpath.internal.path.CompiledPath -- Evaluating path: $
12:52:48.805 [main] DEBUG com.jayway.jsonpath.internal.JsonContext -- Put path $ key modifiers value 0
12:52:48.805 [main] DEBUG com.jayway.jsonpath.internal.path.CompiledPath -- Evaluating path: $['type']
12:52:48.805 [main] DEBUG com.jayway.jsonpath.internal.path.CompiledPath -- Evaluating path: $
12:52:48.805 [main] DEBUG com.jayway.jsonpath.internal.path.CompiledPath -- Evaluating path: $
12:52:48.805 [main] DEBUG com.jayway.jsonpath.internal.JsonContext -- Put path $ key type value {}
12:52:48.805 [main] DEBUG com.jayway.jsonpath.internal.path.CompiledPath -- Evaluating path: $
12:52:48.805 [main] DEBUG com.jayway.jsonpath.internal.JsonContext -- Put path $ key type value keyUp
12:52:48.805 [main] DEBUG com.jayway.jsonpath.internal.path.CompiledPath -- Evaluating path: $['text']
12:52:48.805 [main] DEBUG com.jayway.jsonpath.internal.path.CompiledPath -- Evaluating path: $
12:52:48.805 [main] DEBUG com.jayway.jsonpath.internal.path.CompiledPath -- Evaluating path: $
12:52:48.805 [main] DEBUG com.jayway.jsonpath.internal.JsonContext -- Put path $ key text value {}
12:52:48.805 [main] DEBUG com.jayway.jsonpath.internal.path.CompiledPath -- Evaluating path: $
12:52:48.805 [main] DEBUG com.jayway.jsonpath.internal.JsonContext -- Put path $ key text value t
12:52:48.805 [main] DEBUG com.jayway.jsonpath.internal.path.CompiledPath -- Evaluating path: $['windowsVirtualKeyCode']
12:52:48.805 [main] DEBUG com.jayway.jsonpath.internal.path.CompiledPath -- Evaluating path: $
12:52:48.805 [main] DEBUG com.jayway.jsonpath.internal.path.CompiledPath -- Evaluating path: $
12:52:48.805 [main] DEBUG com.jayway.jsonpath.internal.JsonContext -- Put path $ key windowsVirtualKeyCode value {}
12:52:48.805 [main] DEBUG com.jayway.jsonpath.internal.path.CompiledPath -- Evaluating path: $
12:52:48.805 [main] DEBUG com.jayway.jsonpath.internal.JsonContext -- Put path $ key windowsVirtualKeyCode value 116
12:52:48.805 [main] DEBUG com.jayway.jsonpath.internal.path.CompiledPath -- Evaluating path: $
12:52:48.805 [main] DEBUG com.intuit.karate.driver.chrome_1718781763869 -- >> {"id":15,"sessionId":"2ACBFFE90E2D25278B539EB66C5835A5","method":"Input.dispatchKeyEvent","params":{"modifiers":0,"type":"keyUp","text":"t","windowsVirtualKeyCode":116}}
12:52:48.805 [nioEventLoopGroup-10-1] DEBUG com.intuit.karate.driver.chrome_1718781763869 -- << {"id":15,"result":{},"sessionId":"2ACBFFE90E2D25278B539EB66C5835A5"}
12:52:48.805 [nioEventLoopGroup-10-1] DEBUG com.jayway.jsonpath.internal.path.CompiledPath -- Evaluating path: $
12:52:48.805 [main] DEBUG com.jayway.jsonpath.internal.path.CompiledPath -- Evaluating path: $['modifiers']
12:52:48.805 [main] DEBUG com.jayway.jsonpath.internal.path.CompiledPath -- Evaluating path: $
12:52:48.805 [main] DEBUG com.jayway.jsonpath.internal.path.CompiledPath -- Evaluating path: $
12:52:48.805 [main] DEBUG com.jayway.jsonpath.internal.JsonContext -- Put path $ key modifiers value {}
12:52:48.805 [main] DEBUG com.jayway.jsonpath.internal.path.CompiledPath -- Evaluating path: $
12:52:48.805 [main] DEBUG com.jayway.jsonpath.internal.JsonContext -- Put path $ key modifiers value 0
12:52:48.805 [main] DEBUG com.jayway.jsonpath.internal.path.CompiledPath -- Evaluating path: $['type']
12:52:48.805 [main] DEBUG com.jayway.jsonpath.internal.path.CompiledPath -- Evaluating path: $
12:52:48.805 [main] DEBUG com.jayway.jsonpath.internal.path.CompiledPath -- Evaluating path: $
12:52:48.805 [main] DEBUG com.jayway.jsonpath.internal.JsonContext -- Put path $ key type value {}
12:52:48.805 [main] DEBUG com.jayway.jsonpath.internal.path.CompiledPath -- Evaluating path: $
12:52:48.805 [main] DEBUG com.jayway.jsonpath.internal.JsonContext -- Put path $ key type value rawKeyDown
12:52:48.805 [main] DEBUG com.jayway.jsonpath.internal.path.CompiledPath -- Evaluating path: $['text']
12:52:48.805 [main] DEBUG com.jayway.jsonpath.internal.path.CompiledPath -- Evaluating path: $
12:52:48.805 [main] DEBUG com.jayway.jsonpath.internal.path.CompiledPath -- Evaluating path: $
12:52:48.805 [main] DEBUG com.jayway.jsonpath.internal.JsonContext -- Put path $ key text value {}
12:52:48.805 [main] DEBUG com.jayway.jsonpath.internal.path.CompiledPath -- Evaluating path: $
12:52:48.805 [main] DEBUG com.jayway.jsonpath.internal.JsonContext -- Put path $ key text value a
12:52:48.805 [main] DEBUG com.jayway.jsonpath.internal.path.CompiledPath -- Evaluating path: $['windowsVirtualKeyCode']
12:52:48.805 [main] DEBUG com.jayway.jsonpath.internal.path.CompiledPath -- Evaluating path: $
12:52:48.805 [main] DEBUG com.jayway.jsonpath.internal.path.CompiledPath -- Evaluating path: $
12:52:48.805 [main] DEBUG com.jayway.jsonpath.internal.JsonContext -- Put path $ key windowsVirtualKeyCode value {}
12:52:48.805 [main] DEBUG com.jayway.jsonpath.internal.path.CompiledPath -- Evaluating path: $
12:52:48.805 [main] DEBUG com.jayway.jsonpath.internal.JsonContext -- Put path $ key windowsVirtualKeyCode value 97
12:52:48.805 [main] DEBUG com.jayway.jsonpath.internal.path.CompiledPath -- Evaluating path: $
12:52:48.805 [main] DEBUG com.intuit.karate.driver.chrome_1718781763869 -- >> {"id":16,"sessionId":"2ACBFFE90E2D25278B539EB66C5835A5","method":"Input.dispatchKeyEvent","params":{"modifiers":0,"type":"rawKeyDown","text":"a","windowsVirtualKeyCode":97}}
12:52:48.805 [nioEventLoopGroup-10-1] DEBUG com.intuit.karate.driver.chrome_1718781763869 -- << {"id":16,"result":{},"sessionId":"2ACBFFE90E2D25278B539EB66C5835A5"}
12:52:48.805 [nioEventLoopGroup-10-1] DEBUG com.jayway.jsonpath.internal.path.CompiledPath -- Evaluating path: $
12:52:48.805 [main] DEBUG com.jayway.jsonpath.internal.path.CompiledPath -- Evaluating path: $['modifiers']
12:52:48.805 [main] DEBUG com.jayway.jsonpath.internal.path.CompiledPath -- Evaluating path: $
12:52:48.805 [main] DEBUG com.jayway.jsonpath.internal.path.CompiledPath -- Evaluating path: $
12:52:48.805 [main] DEBUG com.jayway.jsonpath.internal.JsonContext -- Put path $ key modifiers value {}
12:52:48.805 [main] DEBUG com.jayway.jsonpath.internal.path.CompiledPath -- Evaluating path: $
12:52:48.805 [main] DEBUG com.jayway.jsonpath.internal.JsonContext -- Put path $ key modifiers value 0
12:52:48.805 [main] DEBUG com.jayway.jsonpath.internal.path.CompiledPath -- Evaluating path: $['type']
12:52:48.805 [main] DEBUG com.jayway.jsonpath.internal.path.CompiledPath -- Evaluating path: $
12:52:48.805 [main] DEBUG com.jayway.jsonpath.internal.path.CompiledPath -- Evaluating path: $
12:52:48.805 [main] DEBUG com.jayway.jsonpath.internal.JsonContext -- Put path $ key type value {}
12:52:48.805 [main] DEBUG com.jayway.jsonpath.internal.path.CompiledPath -- Evaluating path: $
12:52:48.805 [main] DEBUG com.jayway.jsonpath.internal.JsonContext -- Put path $ key type value char
12:52:48.805 [main] DEBUG com.jayway.jsonpath.internal.path.CompiledPath -- Evaluating path: $['text']
12:52:48.805 [main] DEBUG com.jayway.jsonpath.internal.path.CompiledPath -- Evaluating path: $
12:52:48.805 [main] DEBUG com.jayway.jsonpath.internal.path.CompiledPath -- Evaluating path: $
12:52:48.805 [main] DEBUG com.jayway.jsonpath.internal.JsonContext -- Put path $ key text value {}
12:52:48.805 [main] DEBUG com.jayway.jsonpath.internal.path.CompiledPath -- Evaluating path: $
12:52:48.805 [main] DEBUG com.jayway.jsonpath.internal.JsonContext -- Put path $ key text value a
12:52:48.805 [main] DEBUG com.jayway.jsonpath.internal.path.CompiledPath -- Evaluating path: $['windowsVirtualKeyCode']
12:52:48.805 [main] DEBUG com.jayway.jsonpath.internal.path.CompiledPath -- Evaluating path: $
12:52:48.805 [main] DEBUG com.jayway.jsonpath.internal.path.CompiledPath -- Evaluating path: $
12:52:48.805 [main] DEBUG com.jayway.jsonpath.internal.JsonContext -- Put path $ key windowsVirtualKeyCode value {}
12:52:48.805 [main] DEBUG com.jayway.jsonpath.internal.path.CompiledPath -- Evaluating path: $
12:52:48.805 [main] DEBUG com.jayway.jsonpath.internal.JsonContext -- Put path $ key windowsVirtualKeyCode value 97
12:52:48.805 [main] DEBUG com.jayway.jsonpath.internal.path.CompiledPath -- Evaluating path: $
12:52:48.805 [main] DEBUG com.intuit.karate.driver.chrome_1718781763869 -- >> {"id":17,"sessionId":"2ACBFFE90E2D25278B539EB66C5835A5","method":"Input.dispatchKeyEvent","params":{"modifiers":0,"type":"char","text":"a","windowsVirtualKeyCode":97}}
12:52:48.821 [nioEventLoopGroup-10-1] DEBUG com.intuit.karate.driver.chrome_1718781763869 -- << {"id":17,"result":{},"sessionId":"2ACBFFE90E2D25278B539EB66C5835A5"}
12:52:48.821 [nioEventLoopGroup-10-1] DEBUG com.jayway.jsonpath.internal.path.CompiledPath -- Evaluating path: $
12:52:48.821 [main] DEBUG com.jayway.jsonpath.internal.path.CompiledPath -- Evaluating path: $['modifiers']
12:52:48.821 [main] DEBUG com.jayway.jsonpath.internal.path.CompiledPath -- Evaluating path: $
12:52:48.821 [main] DEBUG com.jayway.jsonpath.internal.path.CompiledPath -- Evaluating path: $
12:52:48.821 [main] DEBUG com.jayway.jsonpath.internal.JsonContext -- Put path $ key modifiers value {}
12:52:48.821 [main] DEBUG com.jayway.jsonpath.internal.path.CompiledPath -- Evaluating path: $
12:52:48.821 [main] DEBUG com.jayway.jsonpath.internal.JsonContext -- Put path $ key modifiers value 0
12:52:48.821 [main] DEBUG com.jayway.jsonpath.internal.path.CompiledPath -- Evaluating path: $['type']
12:52:48.821 [main] DEBUG com.jayway.jsonpath.internal.path.CompiledPath -- Evaluating path: $
12:52:48.821 [main] DEBUG com.jayway.jsonpath.internal.path.CompiledPath -- Evaluating path: $
12:52:48.821 [main] DEBUG com.jayway.jsonpath.internal.JsonContext -- Put path $ key type value {}
12:52:48.821 [main] DEBUG com.jayway.jsonpath.internal.path.CompiledPath -- Evaluating path: $
12:52:48.821 [main] DEBUG com.jayway.jsonpath.internal.JsonContext -- Put path $ key type value keyUp
12:52:48.821 [main] DEBUG com.jayway.jsonpath.internal.path.CompiledPath -- Evaluating path: $['text']
12:52:48.821 [main] DEBUG com.jayway.jsonpath.internal.path.CompiledPath -- Evaluating path: $
12:52:48.821 [main] DEBUG com.jayway.jsonpath.internal.path.CompiledPath -- Evaluating path: $
12:52:48.821 [main] DEBUG com.jayway.jsonpath.internal.JsonContext -- Put path $ key text value {}
12:52:48.821 [main] DEBUG com.jayway.jsonpath.internal.path.CompiledPath -- Evaluating path: $
12:52:48.821 [main] DEBUG com.jayway.jsonpath.internal.JsonContext -- Put path $ key text value a
12:52:48.821 [main] DEBUG com.jayway.jsonpath.internal.path.CompiledPath -- Evaluating path: $['windowsVirtualKeyCode']
12:52:48.821 [main] DEBUG com.jayway.jsonpath.internal.path.CompiledPath -- Evaluating path: $
12:52:48.821 [main] DEBUG com.jayway.jsonpath.internal.path.CompiledPath -- Evaluating path: $
12:52:48.821 [main] DEBUG com.jayway.jsonpath.internal.JsonContext -- Put path $ key windowsVirtualKeyCode value {}
12:52:48.821 [main] DEBUG com.jayway.jsonpath.internal.path.CompiledPath -- Evaluating path: $
12:52:48.821 [main] DEBUG com.jayway.jsonpath.internal.JsonContext -- Put path $ key windowsVirtualKeyCode value 97
12:52:48.821 [main] DEBUG com.jayway.jsonpath.internal.path.CompiledPath -- Evaluating path: $
12:52:48.821 [main] DEBUG com.intuit.karate.driver.chrome_1718781763869 -- >> {"id":18,"sessionId":"2ACBFFE90E2D25278B539EB66C5835A5","method":"Input.dispatchKeyEvent","params":{"modifiers":0,"type":"keyUp","text":"a","windowsVirtualKeyCode":97}}
12:52:48.821 [nioEventLoopGroup-10-1] DEBUG com.intuit.karate.driver.chrome_1718781763869 -- << {"id":18,"result":{},"sessionId":"2ACBFFE90E2D25278B539EB66C5835A5"}
12:52:48.821 [nioEventLoopGroup-10-1] DEBUG com.jayway.jsonpath.internal.path.CompiledPath -- Evaluating path: $
12:52:48.821 [main] DEBUG com.jayway.jsonpath.internal.path.CompiledPath -- Evaluating path: $['modifiers']
12:52:48.821 [main] DEBUG com.jayway.jsonpath.internal.path.CompiledPath -- Evaluating path: $
12:52:48.821 [main] DEBUG com.jayway.jsonpath.internal.path.CompiledPath -- Evaluating path: $
12:52:48.821 [main] DEBUG com.jayway.jsonpath.internal.JsonContext -- Put path $ key modifiers value {}
12:52:48.821 [main] DEBUG com.jayway.jsonpath.internal.path.CompiledPath -- Evaluating path: $
12:52:48.821 [main] DEBUG com.jayway.jsonpath.internal.JsonContext -- Put path $ key modifiers value 0
12:52:48.821 [main] DEBUG com.jayway.jsonpath.internal.path.CompiledPath -- Evaluating path: $['type']
12:52:48.821 [main] DEBUG com.jayway.jsonpath.internal.path.CompiledPath -- Evaluating path: $
12:52:48.821 [main] DEBUG com.jayway.jsonpath.internal.path.CompiledPath -- Evaluating path: $
12:52:48.821 [main] DEBUG com.jayway.jsonpath.internal.JsonContext -- Put path $ key type value {}
12:52:48.821 [main] DEBUG com.jayway.jsonpath.internal.path.CompiledPath -- Evaluating path: $
12:52:48.821 [main] DEBUG com.jayway.jsonpath.internal.JsonContext -- Put path $ key type value rawKeyDown
12:52:48.821 [main] DEBUG com.jayway.jsonpath.internal.path.CompiledPath -- Evaluating path: $['text']
12:52:48.821 [main] DEBUG com.jayway.jsonpath.internal.path.CompiledPath -- Evaluating path: $
12:52:48.821 [main] DEBUG com.jayway.jsonpath.internal.path.CompiledPath -- Evaluating path: $
12:52:48.821 [main] DEBUG com.jayway.jsonpath.internal.JsonContext -- Put path $ key text value {}
12:52:48.821 [main] DEBUG com.jayway.jsonpath.internal.path.CompiledPath -- Evaluating path: $
12:52:48.821 [main] DEBUG com.jayway.jsonpath.internal.JsonContext -- Put path $ key text value n
12:52:48.821 [main] DEBUG com.jayway.jsonpath.internal.path.CompiledPath -- Evaluating path: $['windowsVirtualKeyCode']
12:52:48.821 [main] DEBUG com.jayway.jsonpath.internal.path.CompiledPath -- Evaluating path: $
12:52:48.821 [main] DEBUG com.jayway.jsonpath.internal.path.CompiledPath -- Evaluating path: $
12:52:48.821 [main] DEBUG com.jayway.jsonpath.internal.JsonContext -- Put path $ key windowsVirtualKeyCode value {}
12:52:48.821 [main] DEBUG com.jayway.jsonpath.internal.path.CompiledPath -- Evaluating path: $
12:52:48.821 [main] DEBUG com.jayway.jsonpath.internal.JsonContext -- Put path $ key windowsVirtualKeyCode value 110
12:52:48.821 [main] DEBUG com.jayway.jsonpath.internal.path.CompiledPath -- Evaluating path: $
12:52:48.821 [main] DEBUG com.intuit.karate.driver.chrome_1718781763869 -- >> {"id":19,"sessionId":"2ACBFFE90E2D25278B539EB66C5835A5","method":"Input.dispatchKeyEvent","params":{"modifiers":0,"type":"rawKeyDown","text":"n","windowsVirtualKeyCode":110}}
12:52:48.821 [nioEventLoopGroup-10-1] DEBUG com.intuit.karate.driver.chrome_1718781763869 -- << {"id":19,"result":{},"sessionId":"2ACBFFE90E2D25278B539EB66C5835A5"}
12:52:48.821 [nioEventLoopGroup-10-1] DEBUG com.jayway.jsonpath.internal.path.CompiledPath -- Evaluating path: $
12:52:48.821 [main] DEBUG com.jayway.jsonpath.internal.path.CompiledPath -- Evaluating path: $['modifiers']
12:52:48.821 [main] DEBUG com.jayway.jsonpath.internal.path.CompiledPath -- Evaluating path: $
12:52:48.821 [main] DEBUG com.jayway.jsonpath.internal.path.CompiledPath -- Evaluating path: $
12:52:48.821 [main] DEBUG com.jayway.jsonpath.internal.JsonContext -- Put path $ key modifiers value {}
12:52:48.821 [main] DEBUG com.jayway.jsonpath.internal.path.CompiledPath -- Evaluating path: $
12:52:48.821 [main] DEBUG com.jayway.jsonpath.internal.JsonContext -- Put path $ key modifiers value 0
12:52:48.821 [main] DEBUG com.jayway.jsonpath.internal.path.CompiledPath -- Evaluating path: $['type']
12:52:48.821 [main] DEBUG com.jayway.jsonpath.internal.path.CompiledPath -- Evaluating path: $
12:52:48.821 [main] DEBUG com.jayway.jsonpath.internal.path.CompiledPath -- Evaluating path: $
12:52:48.821 [main] DEBUG com.jayway.jsonpath.internal.JsonContext -- Put path $ key type value {}
12:52:48.821 [main] DEBUG com.jayway.jsonpath.internal.path.CompiledPath -- Evaluating path: $
12:52:48.821 [main] DEBUG com.jayway.jsonpath.internal.JsonContext -- Put path $ key type value char
12:52:48.821 [main] DEBUG com.jayway.jsonpath.internal.path.CompiledPath -- Evaluating path: $['text']
12:52:48.821 [main] DEBUG com.jayway.jsonpath.internal.path.CompiledPath -- Evaluating path: $
12:52:48.821 [main] DEBUG com.jayway.jsonpath.internal.path.CompiledPath -- Evaluating path: $
12:52:48.821 [main] DEBUG com.jayway.jsonpath.internal.JsonContext -- Put path $ key text value {}
12:52:48.821 [main] DEBUG com.jayway.jsonpath.internal.path.CompiledPath -- Evaluating path: $
12:52:48.821 [main] DEBUG com.jayway.jsonpath.internal.JsonContext -- Put path $ key text value n
12:52:48.821 [main] DEBUG com.jayway.jsonpath.internal.path.CompiledPath -- Evaluating path: $['windowsVirtualKeyCode']
12:52:48.821 [main] DEBUG com.jayway.jsonpath.internal.path.CompiledPath -- Evaluating path: $
12:52:48.821 [main] DEBUG com.jayway.jsonpath.internal.path.CompiledPath -- Evaluating path: $
12:52:48.821 [main] DEBUG com.jayway.jsonpath.internal.JsonContext -- Put path $ key windowsVirtualKeyCode value {}
12:52:48.821 [main] DEBUG com.jayway.jsonpath.internal.path.CompiledPath -- Evaluating path: $
12:52:48.821 [main] DEBUG com.jayway.jsonpath.internal.JsonContext -- Put path $ key windowsVirtualKeyCode value 110
12:52:48.821 [main] DEBUG com.jayway.jsonpath.internal.path.CompiledPath -- Evaluating path: $
12:52:48.821 [main] DEBUG com.intuit.karate.driver.chrome_1718781763869 -- >> {"id":20,"sessionId":"2ACBFFE90E2D25278B539EB66C5835A5","method":"Input.dispatchKeyEvent","params":{"modifiers":0,"type":"char","text":"n","windowsVirtualKeyCode":110}}
12:52:48.943 [nioEventLoopGroup-10-1] DEBUG com.intuit.karate.driver.chrome_1718781763869 -- << {"id":20,"result":{},"sessionId":"2ACBFFE90E2D25278B539EB66C5835A5"}
12:52:48.943 [nioEventLoopGroup-10-1] DEBUG com.jayway.jsonpath.internal.path.CompiledPath -- Evaluating path: $
12:52:48.943 [main] DEBUG com.jayway.jsonpath.internal.path.CompiledPath -- Evaluating path: $['modifiers']
12:52:48.943 [main] DEBUG com.jayway.jsonpath.internal.path.CompiledPath -- Evaluating path: $
12:52:48.943 [main] DEBUG com.jayway.jsonpath.internal.path.CompiledPath -- Evaluating path: $
12:52:48.943 [main] DEBUG com.jayway.jsonpath.internal.JsonContext -- Put path $ key modifiers value {}
12:52:48.943 [main] DEBUG com.jayway.jsonpath.internal.path.CompiledPath -- Evaluating path: $
12:52:48.943 [main] DEBUG com.jayway.jsonpath.internal.JsonContext -- Put path $ key modifiers value 0
12:52:48.943 [main] DEBUG com.jayway.jsonpath.internal.path.CompiledPath -- Evaluating path: $['type']
12:52:48.943 [main] DEBUG com.jayway.jsonpath.internal.path.CompiledPath -- Evaluating path: $
12:52:48.943 [main] DEBUG com.jayway.jsonpath.internal.path.CompiledPath -- Evaluating path: $
12:52:48.943 [main] DEBUG com.jayway.jsonpath.internal.JsonContext -- Put path $ key type value {}
12:52:48.943 [main] DEBUG com.jayway.jsonpath.internal.path.CompiledPath -- Evaluating path: $
12:52:48.943 [main] DEBUG com.jayway.jsonpath.internal.JsonContext -- Put path $ key type value keyUp
12:52:48.943 [main] DEBUG com.jayway.jsonpath.internal.path.CompiledPath -- Evaluating path: $['text']
12:52:48.943 [main] DEBUG com.jayway.jsonpath.internal.path.CompiledPath -- Evaluating path: $
12:52:48.943 [main] DEBUG com.jayway.jsonpath.internal.path.CompiledPath -- Evaluating path: $
12:52:48.943 [main] DEBUG com.jayway.jsonpath.internal.JsonContext -- Put path $ key text value {}
12:52:48.943 [main] DEBUG com.jayway.jsonpath.internal.path.CompiledPath -- Evaluating path: $
12:52:48.943 [main] DEBUG com.jayway.jsonpath.internal.JsonContext -- Put path $ key text value n
12:52:48.943 [main] DEBUG com.jayway.jsonpath.internal.path.CompiledPath -- Evaluating path: $['windowsVirtualKeyCode']
12:52:48.943 [main] DEBUG com.jayway.jsonpath.internal.path.CompiledPath -- Evaluating path: $
12:52:48.943 [main] DEBUG com.jayway.jsonpath.internal.path.CompiledPath -- Evaluating path: $
12:52:48.943 [main] DEBUG com.jayway.jsonpath.internal.JsonContext -- Put path $ key windowsVirtualKeyCode value {}
12:52:48.943 [main] DEBUG com.jayway.jsonpath.internal.path.CompiledPath -- Evaluating path: $
12:52:48.943 [main] DEBUG com.jayway.jsonpath.internal.JsonContext -- Put path $ key windowsVirtualKeyCode value 110
12:52:48.943 [main] DEBUG com.jayway.jsonpath.internal.path.CompiledPath -- Evaluating path: $
12:52:48.943 [main] DEBUG com.intuit.karate.driver.chrome_1718781763869 -- >> {"id":21,"sessionId":"2ACBFFE90E2D25278B539EB66C5835A5","method":"Input.dispatchKeyEvent","params":{"modifiers":0,"type":"keyUp","text":"n","windowsVirtualKeyCode":110}}
12:52:48.947 [nioEventLoopGroup-10-1] DEBUG com.intuit.karate.driver.chrome_1718781763869 -- << {"id":21,"result":{},"sessionId":"2ACBFFE90E2D25278B539EB66C5835A5"}
12:52:48.947 [nioEventLoopGroup-10-1] DEBUG com.jayway.jsonpath.internal.path.CompiledPath -- Evaluating path: $
12:52:48.947 [main] DEBUG com.jayway.jsonpath.internal.path.CompiledPath -- Evaluating path: $['modifiers']
12:52:48.947 [main] DEBUG com.jayway.jsonpath.internal.path.CompiledPath -- Evaluating path: $
12:52:48.947 [main] DEBUG com.jayway.jsonpath.internal.path.CompiledPath -- Evaluating path: $
12:52:48.947 [main] DEBUG com.jayway.jsonpath.internal.JsonContext -- Put path $ key modifiers value {}
12:52:48.947 [main] DEBUG com.jayway.jsonpath.internal.path.CompiledPath -- Evaluating path: $
12:52:48.947 [main] DEBUG com.jayway.jsonpath.internal.JsonContext -- Put path $ key modifiers value 0
12:52:48.947 [main] DEBUG com.jayway.jsonpath.internal.path.CompiledPath -- Evaluating path: $['type']
12:52:48.947 [main] DEBUG com.jayway.jsonpath.internal.path.CompiledPath -- Evaluating path: $
12:52:48.947 [main] DEBUG com.jayway.jsonpath.internal.path.CompiledPath -- Evaluating path: $
12:52:48.947 [main] DEBUG com.jayway.jsonpath.internal.JsonContext -- Put path $ key type value {}
12:52:48.947 [main] DEBUG com.jayway.jsonpath.internal.path.CompiledPath -- Evaluating path: $
12:52:48.947 [main] DEBUG com.jayway.jsonpath.internal.JsonContext -- Put path $ key type value rawKeyDown
12:52:48.947 [main] DEBUG com.jayway.jsonpath.internal.path.CompiledPath -- Evaluating path: $['text']
12:52:48.947 [main] DEBUG com.jayway.jsonpath.internal.path.CompiledPath -- Evaluating path: $
12:52:48.947 [main] DEBUG com.jayway.jsonpath.internal.path.CompiledPath -- Evaluating path: $
12:52:48.947 [main] DEBUG com.jayway.jsonpath.internal.JsonContext -- Put path $ key text value {}
12:52:48.947 [main] DEBUG com.jayway.jsonpath.internal.path.CompiledPath -- Evaluating path: $
12:52:48.947 [main] DEBUG com.jayway.jsonpath.internal.JsonContext -- Put path $ key text value d
12:52:48.947 [main] DEBUG com.jayway.jsonpath.internal.path.CompiledPath -- Evaluating path: $['windowsVirtualKeyCode']
12:52:48.947 [main] DEBUG com.jayway.jsonpath.internal.path.CompiledPath -- Evaluating path: $
12:52:48.947 [main] DEBUG com.jayway.jsonpath.internal.path.CompiledPath -- Evaluating path: $
12:52:48.947 [main] DEBUG com.jayway.jsonpath.internal.JsonContext -- Put path $ key windowsVirtualKeyCode value {}
12:52:48.947 [main] DEBUG com.jayway.jsonpath.internal.path.CompiledPath -- Evaluating path: $
12:52:48.947 [main] DEBUG com.jayway.jsonpath.internal.JsonContext -- Put path $ key windowsVirtualKeyCode value 100
12:52:48.947 [main] DEBUG com.jayway.jsonpath.internal.path.CompiledPath -- Evaluating path: $
12:52:48.947 [main] DEBUG com.intuit.karate.driver.chrome_1718781763869 -- >> {"id":22,"sessionId":"2ACBFFE90E2D25278B539EB66C5835A5","method":"Input.dispatchKeyEvent","params":{"modifiers":0,"type":"rawKeyDown","text":"d","windowsVirtualKeyCode":100}}
12:52:48.947 [nioEventLoopGroup-10-1] DEBUG com.intuit.karate.driver.chrome_1718781763869 -- << {"id":22,"result":{},"sessionId":"2ACBFFE90E2D25278B539EB66C5835A5"}
12:52:48.947 [nioEventLoopGroup-10-1] DEBUG com.jayway.jsonpath.internal.path.CompiledPath -- Evaluating path: $
12:52:48.947 [main] DEBUG com.jayway.jsonpath.internal.path.CompiledPath -- Evaluating path: $['modifiers']
12:52:48.947 [main] DEBUG com.jayway.jsonpath.internal.path.CompiledPath -- Evaluating path: $
12:52:48.947 [main] DEBUG com.jayway.jsonpath.internal.path.CompiledPath -- Evaluating path: $
12:52:48.947 [main] DEBUG com.jayway.jsonpath.internal.JsonContext -- Put path $ key modifiers value {}
12:52:48.947 [main] DEBUG com.jayway.jsonpath.internal.path.CompiledPath -- Evaluating path: $
12:52:48.947 [main] DEBUG com.jayway.jsonpath.internal.JsonContext -- Put path $ key modifiers value 0
12:52:48.947 [main] DEBUG com.jayway.jsonpath.internal.path.CompiledPath -- Evaluating path: $['type']
12:52:48.947 [main] DEBUG com.jayway.jsonpath.internal.path.CompiledPath -- Evaluating path: $
12:52:48.947 [main] DEBUG com.jayway.jsonpath.internal.path.CompiledPath -- Evaluating path: $
12:52:48.947 [main] DEBUG com.jayway.jsonpath.internal.JsonContext -- Put path $ key type value {}
12:52:48.947 [main] DEBUG com.jayway.jsonpath.internal.path.CompiledPath -- Evaluating path: $
12:52:48.947 [main] DEBUG com.jayway.jsonpath.internal.JsonContext -- Put path $ key type value char
12:52:48.947 [main] DEBUG com.jayway.jsonpath.internal.path.CompiledPath -- Evaluating path: $['text']
12:52:48.947 [main] DEBUG com.jayway.jsonpath.internal.path.CompiledPath -- Evaluating path: $
12:52:48.947 [main] DEBUG com.jayway.jsonpath.internal.path.CompiledPath -- Evaluating path: $
12:52:48.947 [main] DEBUG com.jayway.jsonpath.internal.JsonContext -- Put path $ key text value {}
12:52:48.947 [main] DEBUG com.jayway.jsonpath.internal.path.CompiledPath -- Evaluating path: $
12:52:48.947 [main] DEBUG com.jayway.jsonpath.internal.JsonContext -- Put path $ key text value d
12:52:48.947 [main] DEBUG com.jayway.jsonpath.internal.path.CompiledPath -- Evaluating path: $['windowsVirtualKeyCode']
12:52:48.947 [main] DEBUG com.jayway.jsonpath.internal.path.CompiledPath -- Evaluating path: $
12:52:48.947 [main] DEBUG com.jayway.jsonpath.internal.path.CompiledPath -- Evaluating path: $
12:52:48.947 [main] DEBUG com.jayway.jsonpath.internal.JsonContext -- Put path $ key windowsVirtualKeyCode value {}
12:52:48.947 [main] DEBUG com.jayway.jsonpath.internal.path.CompiledPath -- Evaluating path: $
12:52:48.947 [main] DEBUG com.jayway.jsonpath.internal.JsonContext -- Put path $ key windowsVirtualKeyCode value 100
12:52:48.947 [main] DEBUG com.jayway.jsonpath.internal.path.CompiledPath -- Evaluating path: $
12:52:48.947 [main] DEBUG com.intuit.karate.driver.chrome_1718781763869 -- >> {"id":23,"sessionId":"2ACBFFE90E2D25278B539EB66C5835A5","method":"Input.dispatchKeyEvent","params":{"modifiers":0,"type":"char","text":"d","windowsVirtualKeyCode":100}}
12:52:48.957 [nioEventLoopGroup-10-1] DEBUG com.intuit.karate.driver.chrome_1718781763869 -- << {"id":23,"result":{},"sessionId":"2ACBFFE90E2D25278B539EB66C5835A5"}
12:52:48.957 [nioEventLoopGroup-10-1] DEBUG com.jayway.jsonpath.internal.path.CompiledPath -- Evaluating path: $
12:52:48.957 [main] DEBUG com.jayway.jsonpath.internal.path.CompiledPath -- Evaluating path: $['modifiers']
12:52:48.957 [main] DEBUG com.jayway.jsonpath.internal.path.CompiledPath -- Evaluating path: $
12:52:48.957 [main] DEBUG com.jayway.jsonpath.internal.path.CompiledPath -- Evaluating path: $
12:52:48.957 [main] DEBUG com.jayway.jsonpath.internal.JsonContext -- Put path $ key modifiers value {}
12:52:48.957 [main] DEBUG com.jayway.jsonpath.internal.path.CompiledPath -- Evaluating path: $
12:52:48.957 [main] DEBUG com.jayway.jsonpath.internal.JsonContext -- Put path $ key modifiers value 0
12:52:48.957 [main] DEBUG com.jayway.jsonpath.internal.path.CompiledPath -- Evaluating path: $['type']
12:52:48.957 [main] DEBUG com.jayway.jsonpath.internal.path.CompiledPath -- Evaluating path: $
12:52:48.957 [main] DEBUG com.jayway.jsonpath.internal.path.CompiledPath -- Evaluating path: $
12:52:48.957 [main] DEBUG com.jayway.jsonpath.internal.JsonContext -- Put path $ key type value {}
12:52:48.957 [main] DEBUG com.jayway.jsonpath.internal.path.CompiledPath -- Evaluating path: $
12:52:48.957 [main] DEBUG com.jayway.jsonpath.internal.JsonContext -- Put path $ key type value keyUp
12:52:48.957 [main] DEBUG com.jayway.jsonpath.internal.path.CompiledPath -- Evaluating path: $['text']
12:52:48.957 [main] DEBUG com.jayway.jsonpath.internal.path.CompiledPath -- Evaluating path: $
12:52:48.957 [main] DEBUG com.jayway.jsonpath.internal.path.CompiledPath -- Evaluating path: $
12:52:48.957 [main] DEBUG com.jayway.jsonpath.internal.JsonContext -- Put path $ key text value {}
12:52:48.957 [main] DEBUG com.jayway.jsonpath.internal.path.CompiledPath -- Evaluating path: $
12:52:48.957 [main] DEBUG com.jayway.jsonpath.internal.JsonContext -- Put path $ key text value d
12:52:48.957 [main] DEBUG com.jayway.jsonpath.internal.path.CompiledPath -- Evaluating path: $['windowsVirtualKeyCode']
12:52:48.957 [main] DEBUG com.jayway.jsonpath.internal.path.CompiledPath -- Evaluating path: $
12:52:48.957 [main] DEBUG com.jayway.jsonpath.internal.path.CompiledPath -- Evaluating path: $
12:52:48.957 [main] DEBUG com.jayway.jsonpath.internal.JsonContext -- Put path $ key windowsVirtualKeyCode value {}
12:52:48.957 [main] DEBUG com.jayway.jsonpath.internal.path.CompiledPath -- Evaluating path: $
12:52:48.957 [main] DEBUG com.jayway.jsonpath.internal.JsonContext -- Put path $ key windowsVirtualKeyCode value 100
12:52:48.957 [main] DEBUG com.jayway.jsonpath.internal.path.CompiledPath -- Evaluating path: $
12:52:48.957 [main] DEBUG com.intuit.karate.driver.chrome_1718781763869 -- >> {"id":24,"sessionId":"2ACBFFE90E2D25278B539EB66C5835A5","method":"Input.dispatchKeyEvent","params":{"modifiers":0,"type":"keyUp","text":"d","windowsVirtualKeyCode":100}}
12:52:48.972 [nioEventLoopGroup-10-1] DEBUG com.intuit.karate.driver.chrome_1718781763869 -- << {"id":24,"result":{},"sessionId":"2ACBFFE90E2D25278B539EB66C5835A5"}
12:52:48.972 [nioEventLoopGroup-10-1] DEBUG com.jayway.jsonpath.internal.path.CompiledPath -- Evaluating path: $
12:52:48.972 [main] DEBUG com.jayway.jsonpath.internal.path.CompiledPath -- Evaluating path: $['modifiers']
12:52:48.972 [main] DEBUG com.jayway.jsonpath.internal.path.CompiledPath -- Evaluating path: $
12:52:48.972 [main] DEBUG com.jayway.jsonpath.internal.path.CompiledPath -- Evaluating path: $
12:52:48.972 [main] DEBUG com.jayway.jsonpath.internal.JsonContext -- Put path $ key modifiers value {}
12:52:48.972 [main] DEBUG com.jayway.jsonpath.internal.path.CompiledPath -- Evaluating path: $
12:52:48.972 [main] DEBUG com.jayway.jsonpath.internal.JsonContext -- Put path $ key modifiers value 0
12:52:48.972 [main] DEBUG com.jayway.jsonpath.internal.path.CompiledPath -- Evaluating path: $['type']
12:52:48.972 [main] DEBUG com.jayway.jsonpath.internal.path.CompiledPath -- Evaluating path: $
12:52:48.972 [main] DEBUG com.jayway.jsonpath.internal.path.CompiledPath -- Evaluating path: $
12:52:48.972 [main] DEBUG com.jayway.jsonpath.internal.JsonContext -- Put path $ key type value {}
12:52:48.972 [main] DEBUG com.jayway.jsonpath.internal.path.CompiledPath -- Evaluating path: $
12:52:48.972 [main] DEBUG com.jayway.jsonpath.internal.JsonContext -- Put path $ key type value rawKeyDown
12:52:48.972 [main] DEBUG com.jayway.jsonpath.internal.path.CompiledPath -- Evaluating path: $['text']
12:52:48.972 [main] DEBUG com.jayway.jsonpath.internal.path.CompiledPath -- Evaluating path: $
12:52:48.972 [main] DEBUG com.jayway.jsonpath.internal.path.CompiledPath -- Evaluating path: $
12:52:48.972 [main] DEBUG com.jayway.jsonpath.internal.JsonContext -- Put path $ key text value {}
12:52:48.972 [main] DEBUG com.jayway.jsonpath.internal.path.CompiledPath -- Evaluating path: $
12:52:48.972 [main] DEBUG com.jayway.jsonpath.internal.JsonContext -- Put path $ key text value a
12:52:48.972 [main] DEBUG com.jayway.jsonpath.internal.path.CompiledPath -- Evaluating path: $['windowsVirtualKeyCode']
12:52:48.972 [main] DEBUG com.jayway.jsonpath.internal.path.CompiledPath -- Evaluating path: $
12:52:48.972 [main] DEBUG com.jayway.jsonpath.internal.path.CompiledPath -- Evaluating path: $
12:52:48.972 [main] DEBUG com.jayway.jsonpath.internal.JsonContext -- Put path $ key windowsVirtualKeyCode value {}
12:52:48.972 [main] DEBUG com.jayway.jsonpath.internal.path.CompiledPath -- Evaluating path: $
12:52:48.972 [main] DEBUG com.jayway.jsonpath.internal.JsonContext -- Put path $ key windowsVirtualKeyCode value 97
12:52:48.972 [main] DEBUG com.jayway.jsonpath.internal.path.CompiledPath -- Evaluating path: $
12:52:48.972 [main] DEBUG com.intuit.karate.driver.chrome_1718781763869 -- >> {"id":25,"sessionId":"2ACBFFE90E2D25278B539EB66C5835A5","method":"Input.dispatchKeyEvent","params":{"modifiers":0,"type":"rawKeyDown","text":"a","windowsVirtualKeyCode":97}}
12:52:48.972 [nioEventLoopGroup-10-1] DEBUG com.intuit.karate.driver.chrome_1718781763869 -- << {"id":25,"result":{},"sessionId":"2ACBFFE90E2D25278B539EB66C5835A5"}
12:52:48.972 [nioEventLoopGroup-10-1] DEBUG com.jayway.jsonpath.internal.path.CompiledPath -- Evaluating path: $
12:52:48.972 [main] DEBUG com.jayway.jsonpath.internal.path.CompiledPath -- Evaluating path: $['modifiers']
12:52:48.972 [main] DEBUG com.jayway.jsonpath.internal.path.CompiledPath -- Evaluating path: $
12:52:48.972 [main] DEBUG com.jayway.jsonpath.internal.path.CompiledPath -- Evaluating path: $
12:52:48.972 [main] DEBUG com.jayway.jsonpath.internal.JsonContext -- Put path $ key modifiers value {}
12:52:48.972 [main] DEBUG com.jayway.jsonpath.internal.path.CompiledPath -- Evaluating path: $
12:52:48.972 [main] DEBUG com.jayway.jsonpath.internal.JsonContext -- Put path $ key modifiers value 0
12:52:48.972 [main] DEBUG com.jayway.jsonpath.internal.path.CompiledPath -- Evaluating path: $['type']
12:52:48.972 [main] DEBUG com.jayway.jsonpath.internal.path.CompiledPath -- Evaluating path: $
12:52:48.972 [main] DEBUG com.jayway.jsonpath.internal.path.CompiledPath -- Evaluating path: $
12:52:48.972 [main] DEBUG com.jayway.jsonpath.internal.JsonContext -- Put path $ key type value {}
12:52:48.972 [main] DEBUG com.jayway.jsonpath.internal.path.CompiledPath -- Evaluating path: $
12:52:48.972 [main] DEBUG com.jayway.jsonpath.internal.JsonContext -- Put path $ key type value char
12:52:48.972 [main] DEBUG com.jayway.jsonpath.internal.path.CompiledPath -- Evaluating path: $['text']
12:52:48.972 [main] DEBUG com.jayway.jsonpath.internal.path.CompiledPath -- Evaluating path: $
12:52:48.972 [main] DEBUG com.jayway.jsonpath.internal.path.CompiledPath -- Evaluating path: $
12:52:48.972 [main] DEBUG com.jayway.jsonpath.internal.JsonContext -- Put path $ key text value {}
12:52:48.972 [main] DEBUG com.jayway.jsonpath.internal.path.CompiledPath -- Evaluating path: $
12:52:48.972 [main] DEBUG com.jayway.jsonpath.internal.JsonContext -- Put path $ key text value a
12:52:48.972 [main] DEBUG com.jayway.jsonpath.internal.path.CompiledPath -- Evaluating path: $['windowsVirtualKeyCode']
12:52:48.972 [main] DEBUG com.jayway.jsonpath.internal.path.CompiledPath -- Evaluating path: $
12:52:48.973 [main] DEBUG com.jayway.jsonpath.internal.path.CompiledPath -- Evaluating path: $
12:52:48.973 [main] DEBUG com.jayway.jsonpath.internal.JsonContext -- Put path $ key windowsVirtualKeyCode value {}
12:52:48.973 [main] DEBUG com.jayway.jsonpath.internal.path.CompiledPath -- Evaluating path: $
12:52:48.973 [main] DEBUG com.jayway.jsonpath.internal.JsonContext -- Put path $ key windowsVirtualKeyCode value 97
12:52:48.973 [main] DEBUG com.jayway.jsonpath.internal.path.CompiledPath -- Evaluating path: $
12:52:48.973 [main] DEBUG com.intuit.karate.driver.chrome_1718781763869 -- >> {"id":26,"sessionId":"2ACBFFE90E2D25278B539EB66C5835A5","method":"Input.dispatchKeyEvent","params":{"modifiers":0,"type":"char","text":"a","windowsVirtualKeyCode":97}}
12:52:48.976 [nioEventLoopGroup-10-1] DEBUG com.intuit.karate.driver.chrome_1718781763869 -- << {"id":26,"result":{},"sessionId":"2ACBFFE90E2D25278B539EB66C5835A5"}
12:52:48.976 [nioEventLoopGroup-10-1] DEBUG com.jayway.jsonpath.internal.path.CompiledPath -- Evaluating path: $
12:52:48.976 [main] DEBUG com.jayway.jsonpath.internal.path.CompiledPath -- Evaluating path: $['modifiers']
12:52:48.976 [main] DEBUG com.jayway.jsonpath.internal.path.CompiledPath -- Evaluating path: $
12:52:48.976 [main] DEBUG com.jayway.jsonpath.internal.path.CompiledPath -- Evaluating path: $
12:52:48.976 [main] DEBUG com.jayway.jsonpath.internal.JsonContext -- Put path $ key modifiers value {}
12:52:48.976 [main] DEBUG com.jayway.jsonpath.internal.path.CompiledPath -- Evaluating path: $
12:52:48.976 [main] DEBUG com.jayway.jsonpath.internal.JsonContext -- Put path $ key modifiers value 0
12:52:48.976 [main] DEBUG com.jayway.jsonpath.internal.path.CompiledPath -- Evaluating path: $['type']
12:52:48.976 [main] DEBUG com.jayway.jsonpath.internal.path.CompiledPath -- Evaluating path: $
12:52:48.976 [main] DEBUG com.jayway.jsonpath.internal.path.CompiledPath -- Evaluating path: $
12:52:48.976 [main] DEBUG com.jayway.jsonpath.internal.JsonContext -- Put path $ key type value {}
12:52:48.976 [main] DEBUG com.jayway.jsonpath.internal.path.CompiledPath -- Evaluating path: $
12:52:48.976 [main] DEBUG com.jayway.jsonpath.internal.JsonContext -- Put path $ key type value keyUp
12:52:48.976 [main] DEBUG com.jayway.jsonpath.internal.path.CompiledPath -- Evaluating path: $['text']
12:52:48.976 [main] DEBUG com.jayway.jsonpath.internal.path.CompiledPath -- Evaluating path: $
12:52:48.976 [main] DEBUG com.jayway.jsonpath.internal.path.CompiledPath -- Evaluating path: $
12:52:48.976 [main] DEBUG com.jayway.jsonpath.internal.JsonContext -- Put path $ key text value {}
12:52:48.976 [main] DEBUG com.jayway.jsonpath.internal.path.CompiledPath -- Evaluating path: $
12:52:48.976 [main] DEBUG com.jayway.jsonpath.internal.JsonContext -- Put path $ key text value a
12:52:48.976 [main] DEBUG com.jayway.jsonpath.internal.path.CompiledPath -- Evaluating path: $['windowsVirtualKeyCode']
12:52:48.976 [main] DEBUG com.jayway.jsonpath.internal.path.CompiledPath -- Evaluating path: $
12:52:48.976 [main] DEBUG com.jayway.jsonpath.internal.path.CompiledPath -- Evaluating path: $
12:52:48.976 [main] DEBUG com.jayway.jsonpath.internal.JsonContext -- Put path $ key windowsVirtualKeyCode value {}
12:52:48.976 [main] DEBUG com.jayway.jsonpath.internal.path.CompiledPath -- Evaluating path: $
12:52:48.976 [main] DEBUG com.jayway.jsonpath.internal.JsonContext -- Put path $ key windowsVirtualKeyCode value 97
12:52:48.976 [main] DEBUG com.jayway.jsonpath.internal.path.CompiledPath -- Evaluating path: $
12:52:48.976 [main] DEBUG com.intuit.karate.driver.chrome_1718781763869 -- >> {"id":27,"sessionId":"2ACBFFE90E2D25278B539EB66C5835A5","method":"Input.dispatchKeyEvent","params":{"modifiers":0,"type":"keyUp","text":"a","windowsVirtualKeyCode":97}}
12:52:48.976 [nioEventLoopGroup-10-1] DEBUG com.intuit.karate.driver.chrome_1718781763869 -- << {"id":27,"result":{},"sessionId":"2ACBFFE90E2D25278B539EB66C5835A5"}
12:52:48.976 [nioEventLoopGroup-10-1] DEBUG com.jayway.jsonpath.internal.path.CompiledPath -- Evaluating path: $
12:52:48.976 [main] DEBUG com.jayway.jsonpath.internal.path.CompiledPath -- Evaluating path: $['modifiers']
12:52:48.976 [main] DEBUG com.jayway.jsonpath.internal.path.CompiledPath -- Evaluating path: $
12:52:48.976 [main] DEBUG com.jayway.jsonpath.internal.path.CompiledPath -- Evaluating path: $
12:52:48.976 [main] DEBUG com.jayway.jsonpath.internal.JsonContext -- Put path $ key modifiers value {}
12:52:48.976 [main] DEBUG com.jayway.jsonpath.internal.path.CompiledPath -- Evaluating path: $
12:52:48.976 [main] DEBUG com.jayway.jsonpath.internal.JsonContext -- Put path $ key modifiers value 0
12:52:48.976 [main] DEBUG com.jayway.jsonpath.internal.path.CompiledPath -- Evaluating path: $['type']
12:52:48.976 [main] DEBUG com.jayway.jsonpath.internal.path.CompiledPath -- Evaluating path: $
12:52:48.976 [main] DEBUG com.jayway.jsonpath.internal.path.CompiledPath -- Evaluating path: $
12:52:48.976 [main] DEBUG com.jayway.jsonpath.internal.JsonContext -- Put path $ key type value {}
12:52:48.976 [main] DEBUG com.jayway.jsonpath.internal.path.CompiledPath -- Evaluating path: $
12:52:48.976 [main] DEBUG com.jayway.jsonpath.internal.JsonContext -- Put path $ key type value rawKeyDown
12:52:48.976 [main] DEBUG com.jayway.jsonpath.internal.path.CompiledPath -- Evaluating path: $['text']
12:52:48.976 [main] DEBUG com.jayway.jsonpath.internal.path.CompiledPath -- Evaluating path: $
12:52:48.976 [main] DEBUG com.jayway.jsonpath.internal.path.CompiledPath -- Evaluating path: $
12:52:48.976 [main] DEBUG com.jayway.jsonpath.internal.JsonContext -- Put path $ key text value {}
12:52:48.976 [main] DEBUG com.jayway.jsonpath.internal.path.CompiledPath -- Evaluating path: $
12:52:48.976 [main] DEBUG com.jayway.jsonpath.internal.JsonContext -- Put path $ key text value r
12:52:48.976 [main] DEBUG com.jayway.jsonpath.internal.path.CompiledPath -- Evaluating path: $['windowsVirtualKeyCode']
12:52:48.976 [main] DEBUG com.jayway.jsonpath.internal.path.CompiledPath -- Evaluating path: $
12:52:48.976 [main] DEBUG com.jayway.jsonpath.internal.path.CompiledPath -- Evaluating path: $
12:52:48.976 [main] DEBUG com.jayway.jsonpath.internal.JsonContext -- Put path $ key windowsVirtualKeyCode value {}
12:52:48.976 [main] DEBUG com.jayway.jsonpath.internal.path.CompiledPath -- Evaluating path: $
12:52:48.976 [main] DEBUG com.jayway.jsonpath.internal.JsonContext -- Put path $ key windowsVirtualKeyCode value 114
12:52:48.976 [main] DEBUG com.jayway.jsonpath.internal.path.CompiledPath -- Evaluating path: $
12:52:48.976 [main] DEBUG com.intuit.karate.driver.chrome_1718781763869 -- >> {"id":28,"sessionId":"2ACBFFE90E2D25278B539EB66C5835A5","method":"Input.dispatchKeyEvent","params":{"modifiers":0,"type":"rawKeyDown","text":"r","windowsVirtualKeyCode":114}}
12:52:48.977 [nioEventLoopGroup-10-1] DEBUG com.intuit.karate.driver.chrome_1718781763869 -- << {"id":28,"result":{},"sessionId":"2ACBFFE90E2D25278B539EB66C5835A5"}
12:52:48.977 [nioEventLoopGroup-10-1] DEBUG com.jayway.jsonpath.internal.path.CompiledPath -- Evaluating path: $
12:52:48.977 [main] DEBUG com.jayway.jsonpath.internal.path.CompiledPath -- Evaluating path: $['modifiers']
12:52:48.977 [main] DEBUG com.jayway.jsonpath.internal.path.CompiledPath -- Evaluating path: $
12:52:48.977 [main] DEBUG com.jayway.jsonpath.internal.path.CompiledPath -- Evaluating path: $
12:52:48.977 [main] DEBUG com.jayway.jsonpath.internal.JsonContext -- Put path $ key modifiers value {}
12:52:48.977 [main] DEBUG com.jayway.jsonpath.internal.path.CompiledPath -- Evaluating path: $
12:52:48.977 [main] DEBUG com.jayway.jsonpath.internal.JsonContext -- Put path $ key modifiers value 0
12:52:48.977 [main] DEBUG com.jayway.jsonpath.internal.path.CompiledPath -- Evaluating path: $['type']
12:52:48.977 [main] DEBUG com.jayway.jsonpath.internal.path.CompiledPath -- Evaluating path: $
12:52:48.977 [main] DEBUG com.jayway.jsonpath.internal.path.CompiledPath -- Evaluating path: $
12:52:48.977 [main] DEBUG com.jayway.jsonpath.internal.JsonContext -- Put path $ key type value {}
12:52:48.977 [main] DEBUG com.jayway.jsonpath.internal.path.CompiledPath -- Evaluating path: $
12:52:48.977 [main] DEBUG com.jayway.jsonpath.internal.JsonContext -- Put path $ key type value char
12:52:48.977 [main] DEBUG com.jayway.jsonpath.internal.path.CompiledPath -- Evaluating path: $['text']
12:52:48.977 [main] DEBUG com.jayway.jsonpath.internal.path.CompiledPath -- Evaluating path: $
12:52:48.977 [main] DEBUG com.jayway.jsonpath.internal.path.CompiledPath -- Evaluating path: $
12:52:48.977 [main] DEBUG com.jayway.jsonpath.internal.JsonContext -- Put path $ key text value {}
12:52:48.977 [main] DEBUG com.jayway.jsonpath.internal.path.CompiledPath -- Evaluating path: $
12:52:48.977 [main] DEBUG com.jayway.jsonpath.internal.JsonContext -- Put path $ key text value r
12:52:48.977 [main] DEBUG com.jayway.jsonpath.internal.path.CompiledPath -- Evaluating path: $['windowsVirtualKeyCode']
12:52:48.977 [main] DEBUG com.jayway.jsonpath.internal.path.CompiledPath -- Evaluating path: $
12:52:48.977 [main] DEBUG com.jayway.jsonpath.internal.path.CompiledPath -- Evaluating path: $
12:52:48.977 [main] DEBUG com.jayway.jsonpath.internal.JsonContext -- Put path $ key windowsVirtualKeyCode value {}
12:52:48.977 [main] DEBUG com.jayway.jsonpath.internal.path.CompiledPath -- Evaluating path: $
12:52:48.977 [main] DEBUG com.jayway.jsonpath.internal.JsonContext -- Put path $ key windowsVirtualKeyCode value 114
12:52:48.977 [main] DEBUG com.jayway.jsonpath.internal.path.CompiledPath -- Evaluating path: $
12:52:48.977 [main] DEBUG com.intuit.karate.driver.chrome_1718781763869 -- >> {"id":29,"sessionId":"2ACBFFE90E2D25278B539EB66C5835A5","method":"Input.dispatchKeyEvent","params":{"modifiers":0,"type":"char","text":"r","windowsVirtualKeyCode":114}}
12:52:48.980 [nioEventLoopGroup-10-1] DEBUG com.intuit.karate.driver.chrome_1718781763869 -- << {"id":29,"result":{},"sessionId":"2ACBFFE90E2D25278B539EB66C5835A5"}
12:52:48.980 [nioEventLoopGroup-10-1] DEBUG com.jayway.jsonpath.internal.path.CompiledPath -- Evaluating path: $
12:52:48.980 [main] DEBUG com.jayway.jsonpath.internal.path.CompiledPath -- Evaluating path: $['modifiers']
12:52:48.980 [main] DEBUG com.jayway.jsonpath.internal.path.CompiledPath -- Evaluating path: $
12:52:48.980 [main] DEBUG com.jayway.jsonpath.internal.path.CompiledPath -- Evaluating path: $
12:52:48.980 [main] DEBUG com.jayway.jsonpath.internal.JsonContext -- Put path $ key modifiers value {}
12:52:48.980 [main] DEBUG com.jayway.jsonpath.internal.path.CompiledPath -- Evaluating path: $
12:52:48.980 [main] DEBUG com.jayway.jsonpath.internal.JsonContext -- Put path $ key modifiers value 0
12:52:48.980 [main] DEBUG com.jayway.jsonpath.internal.path.CompiledPath -- Evaluating path: $['type']
12:52:48.980 [main] DEBUG com.jayway.jsonpath.internal.path.CompiledPath -- Evaluating path: $
12:52:48.980 [main] DEBUG com.jayway.jsonpath.internal.path.CompiledPath -- Evaluating path: $
12:52:48.980 [main] DEBUG com.jayway.jsonpath.internal.JsonContext -- Put path $ key type value {}
12:52:48.980 [main] DEBUG com.jayway.jsonpath.internal.path.CompiledPath -- Evaluating path: $
12:52:48.980 [main] DEBUG com.jayway.jsonpath.internal.JsonContext -- Put path $ key type value keyUp
12:52:48.980 [main] DEBUG com.jayway.jsonpath.internal.path.CompiledPath -- Evaluating path: $['text']
12:52:48.980 [main] DEBUG com.jayway.jsonpath.internal.path.CompiledPath -- Evaluating path: $
12:52:48.980 [main] DEBUG com.jayway.jsonpath.internal.path.CompiledPath -- Evaluating path: $
12:52:48.980 [main] DEBUG com.jayway.jsonpath.internal.JsonContext -- Put path $ key text value {}
12:52:48.980 [main] DEBUG com.jayway.jsonpath.internal.path.CompiledPath -- Evaluating path: $
12:52:48.980 [main] DEBUG com.jayway.jsonpath.internal.JsonContext -- Put path $ key text value r
12:52:48.980 [main] DEBUG com.jayway.jsonpath.internal.path.CompiledPath -- Evaluating path: $['windowsVirtualKeyCode']
12:52:48.980 [main] DEBUG com.jayway.jsonpath.internal.path.CompiledPath -- Evaluating path: $
12:52:48.980 [main] DEBUG com.jayway.jsonpath.internal.path.CompiledPath -- Evaluating path: $
12:52:48.980 [main] DEBUG com.jayway.jsonpath.internal.JsonContext -- Put path $ key windowsVirtualKeyCode value {}
12:52:48.980 [main] DEBUG com.jayway.jsonpath.internal.path.CompiledPath -- Evaluating path: $
12:52:48.980 [main] DEBUG com.jayway.jsonpath.internal.JsonContext -- Put path $ key windowsVirtualKeyCode value 114
12:52:48.980 [main] DEBUG com.jayway.jsonpath.internal.path.CompiledPath -- Evaluating path: $
12:52:48.980 [main] DEBUG com.intuit.karate.driver.chrome_1718781763869 -- >> {"id":30,"sessionId":"2ACBFFE90E2D25278B539EB66C5835A5","method":"Input.dispatchKeyEvent","params":{"modifiers":0,"type":"keyUp","text":"r","windowsVirtualKeyCode":114}}
12:52:48.980 [nioEventLoopGroup-10-1] DEBUG com.intuit.karate.driver.chrome_1718781763869 -- << {"id":30,"result":{},"sessionId":"2ACBFFE90E2D25278B539EB66C5835A5"}
12:52:48.980 [nioEventLoopGroup-10-1] DEBUG com.jayway.jsonpath.internal.path.CompiledPath -- Evaluating path: $
12:52:48.980 [main] DEBUG com.jayway.jsonpath.internal.path.CompiledPath -- Evaluating path: $['modifiers']
12:52:48.980 [main] DEBUG com.jayway.jsonpath.internal.path.CompiledPath -- Evaluating path: $
12:52:48.980 [main] DEBUG com.jayway.jsonpath.internal.path.CompiledPath -- Evaluating path: $
12:52:48.980 [main] DEBUG com.jayway.jsonpath.internal.JsonContext -- Put path $ key modifiers value {}
12:52:48.980 [main] DEBUG com.jayway.jsonpath.internal.path.CompiledPath -- Evaluating path: $
12:52:48.980 [main] DEBUG com.jayway.jsonpath.internal.JsonContext -- Put path $ key modifiers value 0
12:52:48.980 [main] DEBUG com.jayway.jsonpath.internal.path.CompiledPath -- Evaluating path: $['type']
12:52:48.980 [main] DEBUG com.jayway.jsonpath.internal.path.CompiledPath -- Evaluating path: $
12:52:48.980 [main] DEBUG com.jayway.jsonpath.internal.path.CompiledPath -- Evaluating path: $
12:52:48.980 [main] DEBUG com.jayway.jsonpath.internal.JsonContext -- Put path $ key type value {}
12:52:48.980 [main] DEBUG com.jayway.jsonpath.internal.path.CompiledPath -- Evaluating path: $
12:52:48.980 [main] DEBUG com.jayway.jsonpath.internal.JsonContext -- Put path $ key type value rawKeyDown
12:52:48.980 [main] DEBUG com.jayway.jsonpath.internal.path.CompiledPath -- Evaluating path: $['text']
12:52:48.980 [main] DEBUG com.jayway.jsonpath.internal.path.CompiledPath -- Evaluating path: $
12:52:48.980 [main] DEBUG com.jayway.jsonpath.internal.path.CompiledPath -- Evaluating path: $
12:52:48.980 [main] DEBUG com.jayway.jsonpath.internal.JsonContext -- Put path $ key text value {}
12:52:48.980 [main] DEBUG com.jayway.jsonpath.internal.path.CompiledPath -- Evaluating path: $
12:52:48.980 [main] DEBUG com.jayway.jsonpath.internal.JsonContext -- Put path $ key text value d
12:52:48.980 [main] DEBUG com.jayway.jsonpath.internal.path.CompiledPath -- Evaluating path: $['windowsVirtualKeyCode']
12:52:48.980 [main] DEBUG com.jayway.jsonpath.internal.path.CompiledPath -- Evaluating path: $
12:52:48.980 [main] DEBUG com.jayway.jsonpath.internal.path.CompiledPath -- Evaluating path: $
12:52:48.980 [main] DEBUG com.jayway.jsonpath.internal.JsonContext -- Put path $ key windowsVirtualKeyCode value {}
12:52:48.980 [main] DEBUG com.jayway.jsonpath.internal.path.CompiledPath -- Evaluating path: $
12:52:48.980 [main] DEBUG com.jayway.jsonpath.internal.JsonContext -- Put path $ key windowsVirtualKeyCode value 100
12:52:48.980 [main] DEBUG com.jayway.jsonpath.internal.path.CompiledPath -- Evaluating path: $
12:52:48.980 [main] DEBUG com.intuit.karate.driver.chrome_1718781763869 -- >> {"id":31,"sessionId":"2ACBFFE90E2D25278B539EB66C5835A5","method":"Input.dispatchKeyEvent","params":{"modifiers":0,"type":"rawKeyDown","text":"d","windowsVirtualKeyCode":100}}
12:52:48.983 [nioEventLoopGroup-10-1] DEBUG com.intuit.karate.driver.chrome_1718781763869 -- << {"id":31,"result":{},"sessionId":"2ACBFFE90E2D25278B539EB66C5835A5"}
12:52:48.983 [nioEventLoopGroup-10-1] DEBUG com.jayway.jsonpath.internal.path.CompiledPath -- Evaluating path: $
12:52:48.983 [main] DEBUG com.jayway.jsonpath.internal.path.CompiledPath -- Evaluating path: $['modifiers']
12:52:48.983 [main] DEBUG com.jayway.jsonpath.internal.path.CompiledPath -- Evaluating path: $
12:52:48.983 [main] DEBUG com.jayway.jsonpath.internal.path.CompiledPath -- Evaluating path: $
12:52:48.983 [main] DEBUG com.jayway.jsonpath.internal.JsonContext -- Put path $ key modifiers value {}
12:52:48.983 [main] DEBUG com.jayway.jsonpath.internal.path.CompiledPath -- Evaluating path: $
12:52:48.983 [main] DEBUG com.jayway.jsonpath.internal.JsonContext -- Put path $ key modifiers value 0
12:52:48.983 [main] DEBUG com.jayway.jsonpath.internal.path.CompiledPath -- Evaluating path: $['type']
12:52:48.983 [main] DEBUG com.jayway.jsonpath.internal.path.CompiledPath -- Evaluating path: $
12:52:48.983 [main] DEBUG com.jayway.jsonpath.internal.path.CompiledPath -- Evaluating path: $
12:52:48.983 [main] DEBUG com.jayway.jsonpath.internal.JsonContext -- Put path $ key type value {}
12:52:48.983 [main] DEBUG com.jayway.jsonpath.internal.path.CompiledPath -- Evaluating path: $
12:52:48.983 [main] DEBUG com.jayway.jsonpath.internal.JsonContext -- Put path $ key type value char
12:52:48.983 [main] DEBUG com.jayway.jsonpath.internal.path.CompiledPath -- Evaluating path: $['text']
12:52:48.983 [main] DEBUG com.jayway.jsonpath.internal.path.CompiledPath -- Evaluating path: $
12:52:48.983 [main] DEBUG com.jayway.jsonpath.internal.path.CompiledPath -- Evaluating path: $
12:52:48.983 [main] DEBUG com.jayway.jsonpath.internal.JsonContext -- Put path $ key text value {}
12:52:48.983 [main] DEBUG com.jayway.jsonpath.internal.path.CompiledPath -- Evaluating path: $
12:52:48.983 [main] DEBUG com.jayway.jsonpath.internal.JsonContext -- Put path $ key text value d
12:52:48.983 [main] DEBUG com.jayway.jsonpath.internal.path.CompiledPath -- Evaluating path: $['windowsVirtualKeyCode']
12:52:48.983 [main] DEBUG com.jayway.jsonpath.internal.path.CompiledPath -- Evaluating path: $
12:52:48.983 [main] DEBUG com.jayway.jsonpath.internal.path.CompiledPath -- Evaluating path: $
12:52:48.983 [main] DEBUG com.jayway.jsonpath.internal.JsonContext -- Put path $ key windowsVirtualKeyCode value {}
12:52:48.983 [main] DEBUG com.jayway.jsonpath.internal.path.CompiledPath -- Evaluating path: $
12:52:48.983 [main] DEBUG com.jayway.jsonpath.internal.JsonContext -- Put path $ key windowsVirtualKeyCode value 100
12:52:48.983 [main] DEBUG com.jayway.jsonpath.internal.path.CompiledPath -- Evaluating path: $
12:52:48.983 [main] DEBUG com.intuit.karate.driver.chrome_1718781763869 -- >> {"id":32,"sessionId":"2ACBFFE90E2D25278B539EB66C5835A5","method":"Input.dispatchKeyEvent","params":{"modifiers":0,"type":"char","text":"d","windowsVirtualKeyCode":100}}
12:52:48.985 [nioEventLoopGroup-10-1] DEBUG com.intuit.karate.driver.chrome_1718781763869 -- << {"id":32,"result":{},"sessionId":"2ACBFFE90E2D25278B539EB66C5835A5"}
12:52:48.985 [nioEventLoopGroup-10-1] DEBUG com.jayway.jsonpath.internal.path.CompiledPath -- Evaluating path: $
12:52:48.985 [main] DEBUG com.jayway.jsonpath.internal.path.CompiledPath -- Evaluating path: $['modifiers']
12:52:48.985 [main] DEBUG com.jayway.jsonpath.internal.path.CompiledPath -- Evaluating path: $
12:52:48.985 [main] DEBUG com.jayway.jsonpath.internal.path.CompiledPath -- Evaluating path: $
12:52:48.985 [main] DEBUG com.jayway.jsonpath.internal.JsonContext -- Put path $ key modifiers value {}
12:52:48.985 [main] DEBUG com.jayway.jsonpath.internal.path.CompiledPath -- Evaluating path: $
12:52:48.985 [main] DEBUG com.jayway.jsonpath.internal.JsonContext -- Put path $ key modifiers value 0
12:52:48.985 [main] DEBUG com.jayway.jsonpath.internal.path.CompiledPath -- Evaluating path: $['type']
12:52:48.985 [main] DEBUG com.jayway.jsonpath.internal.path.CompiledPath -- Evaluating path: $
12:52:48.985 [main] DEBUG com.jayway.jsonpath.internal.path.CompiledPath -- Evaluating path: $
12:52:48.985 [main] DEBUG com.jayway.jsonpath.internal.JsonContext -- Put path $ key type value {}
12:52:48.985 [main] DEBUG com.jayway.jsonpath.internal.path.CompiledPath -- Evaluating path: $
12:52:48.985 [main] DEBUG com.jayway.jsonpath.internal.JsonContext -- Put path $ key type value keyUp
12:52:48.985 [main] DEBUG com.jayway.jsonpath.internal.path.CompiledPath -- Evaluating path: $['text']
12:52:48.985 [main] DEBUG com.jayway.jsonpath.internal.path.CompiledPath -- Evaluating path: $
12:52:48.985 [main] DEBUG com.jayway.jsonpath.internal.path.CompiledPath -- Evaluating path: $
12:52:48.985 [main] DEBUG com.jayway.jsonpath.internal.JsonContext -- Put path $ key text value {}
12:52:48.985 [main] DEBUG com.jayway.jsonpath.internal.path.CompiledPath -- Evaluating path: $
12:52:48.985 [main] DEBUG com.jayway.jsonpath.internal.JsonContext -- Put path $ key text value d
12:52:48.985 [main] DEBUG com.jayway.jsonpath.internal.path.CompiledPath -- Evaluating path: $['windowsVirtualKeyCode']
12:52:48.985 [main] DEBUG com.jayway.jsonpath.internal.path.CompiledPath -- Evaluating path: $
12:52:48.985 [main] DEBUG com.jayway.jsonpath.internal.path.CompiledPath -- Evaluating path: $
12:52:48.985 [main] DEBUG com.jayway.jsonpath.internal.JsonContext -- Put path $ key windowsVirtualKeyCode value {}
12:52:48.985 [main] DEBUG com.jayway.jsonpath.internal.path.CompiledPath -- Evaluating path: $
12:52:48.985 [main] DEBUG com.jayway.jsonpath.internal.JsonContext -- Put path $ key windowsVirtualKeyCode value 100
12:52:48.985 [main] DEBUG com.jayway.jsonpath.internal.path.CompiledPath -- Evaluating path: $
12:52:48.985 [main] DEBUG com.intuit.karate.driver.chrome_1718781763869 -- >> {"id":33,"sessionId":"2ACBFFE90E2D25278B539EB66C5835A5","method":"Input.dispatchKeyEvent","params":{"modifiers":0,"type":"keyUp","text":"d","windowsVirtualKeyCode":100}}
12:52:48.991 [nioEventLoopGroup-10-1] DEBUG com.intuit.karate.driver.chrome_1718781763869 -- << {"id":33,"result":{},"sessionId":"2ACBFFE90E2D25278B539EB66C5835A5"}
12:52:48.991 [nioEventLoopGroup-10-1] DEBUG com.jayway.jsonpath.internal.path.CompiledPath -- Evaluating path: $
12:52:48.991 [main] DEBUG com.jayway.jsonpath.internal.path.CompiledPath -- Evaluating path: $['modifiers']
12:52:48.991 [main] DEBUG com.jayway.jsonpath.internal.path.CompiledPath -- Evaluating path: $
12:52:48.991 [main] DEBUG com.jayway.jsonpath.internal.path.CompiledPath -- Evaluating path: $
12:52:48.991 [main] DEBUG com.jayway.jsonpath.internal.JsonContext -- Put path $ key modifiers value {}
12:52:48.991 [main] DEBUG com.jayway.jsonpath.internal.path.CompiledPath -- Evaluating path: $
12:52:48.991 [main] DEBUG com.jayway.jsonpath.internal.JsonContext -- Put path $ key modifiers value 0
12:52:48.991 [main] DEBUG com.jayway.jsonpath.internal.path.CompiledPath -- Evaluating path: $['type']
12:52:48.991 [main] DEBUG com.jayway.jsonpath.internal.path.CompiledPath -- Evaluating path: $
12:52:48.991 [main] DEBUG com.jayway.jsonpath.internal.path.CompiledPath -- Evaluating path: $
12:52:48.991 [main] DEBUG com.jayway.jsonpath.internal.JsonContext -- Put path $ key type value {}
12:52:48.991 [main] DEBUG com.jayway.jsonpath.internal.path.CompiledPath -- Evaluating path: $
12:52:48.991 [main] DEBUG com.jayway.jsonpath.internal.JsonContext -- Put path $ key type value rawKeyDown
12:52:48.991 [main] DEBUG com.jayway.jsonpath.internal.path.CompiledPath -- Evaluating path: $['text']
12:52:48.991 [main] DEBUG com.jayway.jsonpath.internal.path.CompiledPath -- Evaluating path: $
12:52:48.991 [main] DEBUG com.jayway.jsonpath.internal.path.CompiledPath -- Evaluating path: $
12:52:48.991 [main] DEBUG com.jayway.jsonpath.internal.JsonContext -- Put path $ key text value {}
12:52:48.991 [main] DEBUG com.jayway.jsonpath.internal.path.CompiledPath -- Evaluating path: $
12:52:48.991 [main] DEBUG com.jayway.jsonpath.internal.JsonContext -- Put path $ key text value _
12:52:48.991 [main] DEBUG com.jayway.jsonpath.internal.path.CompiledPath -- Evaluating path: $['windowsVirtualKeyCode']
12:52:48.991 [main] DEBUG com.jayway.jsonpath.internal.path.CompiledPath -- Evaluating path: $
12:52:48.992 [main] DEBUG com.jayway.jsonpath.internal.path.CompiledPath -- Evaluating path: $
12:52:48.992 [main] DEBUG com.jayway.jsonpath.internal.JsonContext -- Put path $ key windowsVirtualKeyCode value {}
12:52:48.992 [main] DEBUG com.jayway.jsonpath.internal.path.CompiledPath -- Evaluating path: $
12:52:48.992 [main] DEBUG com.jayway.jsonpath.internal.JsonContext -- Put path $ key windowsVirtualKeyCode value 523
12:52:48.992 [main] DEBUG com.jayway.jsonpath.internal.path.CompiledPath -- Evaluating path: $
12:52:48.992 [main] DEBUG com.intuit.karate.driver.chrome_1718781763869 -- >> {"id":34,"sessionId":"2ACBFFE90E2D25278B539EB66C5835A5","method":"Input.dispatchKeyEvent","params":{"modifiers":0,"type":"rawKeyDown","text":"_","windowsVirtualKeyCode":523}}
12:52:48.993 [nioEventLoopGroup-10-1] DEBUG com.intuit.karate.driver.chrome_1718781763869 -- << {"id":34,"result":{},"sessionId":"2ACBFFE90E2D25278B539EB66C5835A5"}
12:52:48.993 [nioEventLoopGroup-10-1] DEBUG com.jayway.jsonpath.internal.path.CompiledPath -- Evaluating path: $
12:52:48.993 [main] DEBUG com.jayway.jsonpath.internal.path.CompiledPath -- Evaluating path: $['modifiers']
12:52:48.993 [main] DEBUG com.jayway.jsonpath.internal.path.CompiledPath -- Evaluating path: $
12:52:48.993 [main] DEBUG com.jayway.jsonpath.internal.path.CompiledPath -- Evaluating path: $
12:52:48.993 [main] DEBUG com.jayway.jsonpath.internal.JsonContext -- Put path $ key modifiers value {}
12:52:48.993 [main] DEBUG com.jayway.jsonpath.internal.path.CompiledPath -- Evaluating path: $
12:52:48.993 [main] DEBUG com.jayway.jsonpath.internal.JsonContext -- Put path $ key modifiers value 0
12:52:48.993 [main] DEBUG com.jayway.jsonpath.internal.path.CompiledPath -- Evaluating path: $['type']
12:52:48.993 [main] DEBUG com.jayway.jsonpath.internal.path.CompiledPath -- Evaluating path: $
12:52:48.993 [main] DEBUG com.jayway.jsonpath.internal.path.CompiledPath -- Evaluating path: $
12:52:48.993 [main] DEBUG com.jayway.jsonpath.internal.JsonContext -- Put path $ key type value {}
12:52:48.993 [main] DEBUG com.jayway.jsonpath.internal.path.CompiledPath -- Evaluating path: $
12:52:48.993 [main] DEBUG com.jayway.jsonpath.internal.JsonContext -- Put path $ key type value char
12:52:48.993 [main] DEBUG com.jayway.jsonpath.internal.path.CompiledPath -- Evaluating path: $['text']
12:52:48.993 [main] DEBUG com.jayway.jsonpath.internal.path.CompiledPath -- Evaluating path: $
12:52:48.993 [main] DEBUG com.jayway.jsonpath.internal.path.CompiledPath -- Evaluating path: $
12:52:48.993 [main] DEBUG com.jayway.jsonpath.internal.JsonContext -- Put path $ key text value {}
12:52:48.993 [main] DEBUG com.jayway.jsonpath.internal.path.CompiledPath -- Evaluating path: $
12:52:48.993 [main] DEBUG com.jayway.jsonpath.internal.JsonContext -- Put path $ key text value _
12:52:48.993 [main] DEBUG com.jayway.jsonpath.internal.path.CompiledPath -- Evaluating path: $['windowsVirtualKeyCode']
12:52:48.993 [main] DEBUG com.jayway.jsonpath.internal.path.CompiledPath -- Evaluating path: $
12:52:48.993 [main] DEBUG com.jayway.jsonpath.internal.path.CompiledPath -- Evaluating path: $
12:52:48.993 [main] DEBUG com.jayway.jsonpath.internal.JsonContext -- Put path $ key windowsVirtualKeyCode value {}
12:52:48.993 [main] DEBUG com.jayway.jsonpath.internal.path.CompiledPath -- Evaluating path: $
12:52:48.993 [main] DEBUG com.jayway.jsonpath.internal.JsonContext -- Put path $ key windowsVirtualKeyCode value 523
12:52:48.993 [main] DEBUG com.jayway.jsonpath.internal.path.CompiledPath -- Evaluating path: $
12:52:48.993 [main] DEBUG com.intuit.karate.driver.chrome_1718781763869 -- >> {"id":35,"sessionId":"2ACBFFE90E2D25278B539EB66C5835A5","method":"Input.dispatchKeyEvent","params":{"modifiers":0,"type":"char","text":"_","windowsVirtualKeyCode":523}}
12:52:48.995 [nioEventLoopGroup-10-1] DEBUG com.intuit.karate.driver.chrome_1718781763869 -- << {"id":35,"result":{},"sessionId":"2ACBFFE90E2D25278B539EB66C5835A5"}
12:52:48.995 [nioEventLoopGroup-10-1] DEBUG com.jayway.jsonpath.internal.path.CompiledPath -- Evaluating path: $
12:52:48.995 [main] DEBUG com.jayway.jsonpath.internal.path.CompiledPath -- Evaluating path: $['modifiers']
12:52:48.995 [main] DEBUG com.jayway.jsonpath.internal.path.CompiledPath -- Evaluating path: $
12:52:48.995 [main] DEBUG com.jayway.jsonpath.internal.path.CompiledPath -- Evaluating path: $
12:52:48.995 [main] DEBUG com.jayway.jsonpath.internal.JsonContext -- Put path $ key modifiers value {}
12:52:48.995 [main] DEBUG com.jayway.jsonpath.internal.path.CompiledPath -- Evaluating path: $
12:52:48.995 [main] DEBUG com.jayway.jsonpath.internal.JsonContext -- Put path $ key modifiers value 0
12:52:48.995 [main] DEBUG com.jayway.jsonpath.internal.path.CompiledPath -- Evaluating path: $['type']
12:52:48.995 [main] DEBUG com.jayway.jsonpath.internal.path.CompiledPath -- Evaluating path: $
12:52:48.995 [main] DEBUG com.jayway.jsonpath.internal.path.CompiledPath -- Evaluating path: $
12:52:48.995 [main] DEBUG com.jayway.jsonpath.internal.JsonContext -- Put path $ key type value {}
12:52:48.995 [main] DEBUG com.jayway.jsonpath.internal.path.CompiledPath -- Evaluating path: $
12:52:48.995 [main] DEBUG com.jayway.jsonpath.internal.JsonContext -- Put path $ key type value keyUp
12:52:48.995 [main] DEBUG com.jayway.jsonpath.internal.path.CompiledPath -- Evaluating path: $['text']
12:52:48.995 [main] DEBUG com.jayway.jsonpath.internal.path.CompiledPath -- Evaluating path: $
12:52:48.995 [main] DEBUG com.jayway.jsonpath.internal.path.CompiledPath -- Evaluating path: $
12:52:48.995 [main] DEBUG com.jayway.jsonpath.internal.JsonContext -- Put path $ key text value {}
12:52:48.995 [main] DEBUG com.jayway.jsonpath.internal.path.CompiledPath -- Evaluating path: $
12:52:48.995 [main] DEBUG com.jayway.jsonpath.internal.JsonContext -- Put path $ key text value _
12:52:48.995 [main] DEBUG com.jayway.jsonpath.internal.path.CompiledPath -- Evaluating path: $['windowsVirtualKeyCode']
12:52:48.995 [main] DEBUG com.jayway.jsonpath.internal.path.CompiledPath -- Evaluating path: $
12:52:48.995 [main] DEBUG com.jayway.jsonpath.internal.path.CompiledPath -- Evaluating path: $
12:52:48.995 [main] DEBUG com.jayway.jsonpath.internal.JsonContext -- Put path $ key windowsVirtualKeyCode value {}
12:52:48.995 [main] DEBUG com.jayway.jsonpath.internal.path.CompiledPath -- Evaluating path: $
12:52:48.995 [main] DEBUG com.jayway.jsonpath.internal.JsonContext -- Put path $ key windowsVirtualKeyCode value 523
12:52:48.995 [main] DEBUG com.jayway.jsonpath.internal.path.CompiledPath -- Evaluating path: $
12:52:48.995 [main] DEBUG com.intuit.karate.driver.chrome_1718781763869 -- >> {"id":36,"sessionId":"2ACBFFE90E2D25278B539EB66C5835A5","method":"Input.dispatchKeyEvent","params":{"modifiers":0,"type":"keyUp","text":"_","windowsVirtualKeyCode":523}}
12:52:48.995 [nioEventLoopGroup-10-1] DEBUG com.intuit.karate.driver.chrome_1718781763869 -- << {"id":36,"result":{},"sessionId":"2ACBFFE90E2D25278B539EB66C5835A5"}
12:52:48.995 [nioEventLoopGroup-10-1] DEBUG com.jayway.jsonpath.internal.path.CompiledPath -- Evaluating path: $
12:52:49.000 [main] DEBUG com.jayway.jsonpath.internal.path.CompiledPath -- Evaluating path: $['modifiers']
12:52:49.000 [main] DEBUG com.jayway.jsonpath.internal.path.CompiledPath -- Evaluating path: $
12:52:49.000 [main] DEBUG com.jayway.jsonpath.internal.path.CompiledPath -- Evaluating path: $
12:52:49.000 [main] DEBUG com.jayway.jsonpath.internal.JsonContext -- Put path $ key modifiers value {}
12:52:49.000 [main] DEBUG com.jayway.jsonpath.internal.path.CompiledPath -- Evaluating path: $
12:52:49.000 [main] DEBUG com.jayway.jsonpath.internal.JsonContext -- Put path $ key modifiers value 0
12:52:49.000 [main] DEBUG com.jayway.jsonpath.internal.path.CompiledPath -- Evaluating path: $['type']
12:52:49.000 [main] DEBUG com.jayway.jsonpath.internal.path.CompiledPath -- Evaluating path: $
12:52:49.000 [main] DEBUG com.jayway.jsonpath.internal.path.CompiledPath -- Evaluating path: $
12:52:49.000 [main] DEBUG com.jayway.jsonpath.internal.JsonContext -- Put path $ key type value {}
12:52:49.000 [main] DEBUG com.jayway.jsonpath.internal.path.CompiledPath -- Evaluating path: $
12:52:49.000 [main] DEBUG com.jayway.jsonpath.internal.JsonContext -- Put path $ key type value rawKeyDown
12:52:49.000 [main] DEBUG com.jayway.jsonpath.internal.path.CompiledPath -- Evaluating path: $['text']
12:52:49.000 [main] DEBUG com.jayway.jsonpath.internal.path.CompiledPath -- Evaluating path: $
12:52:49.000 [main] DEBUG com.jayway.jsonpath.internal.path.CompiledPath -- Evaluating path: $
12:52:49.000 [main] DEBUG com.jayway.jsonpath.internal.JsonContext -- Put path $ key text value {}
12:52:49.000 [main] DEBUG com.jayway.jsonpath.internal.path.CompiledPath -- Evaluating path: $
12:52:49.000 [main] DEBUG com.jayway.jsonpath.internal.JsonContext -- Put path $ key text value u
12:52:49.000 [main] DEBUG com.jayway.jsonpath.internal.path.CompiledPath -- Evaluating path: $['windowsVirtualKeyCode']
12:52:49.000 [main] DEBUG com.jayway.jsonpath.internal.path.CompiledPath -- Evaluating path: $
12:52:49.000 [main] DEBUG com.jayway.jsonpath.internal.path.CompiledPath -- Evaluating path: $
12:52:49.000 [main] DEBUG com.jayway.jsonpath.internal.JsonContext -- Put path $ key windowsVirtualKeyCode value {}
12:52:49.000 [main] DEBUG com.jayway.jsonpath.internal.path.CompiledPath -- Evaluating path: $
12:52:49.000 [main] DEBUG com.jayway.jsonpath.internal.JsonContext -- Put path $ key windowsVirtualKeyCode value 117
12:52:49.000 [main] DEBUG com.jayway.jsonpath.internal.path.CompiledPath -- Evaluating path: $
12:52:49.000 [main] DEBUG com.intuit.karate.driver.chrome_1718781763869 -- >> {"id":37,"sessionId":"2ACBFFE90E2D25278B539EB66C5835A5","method":"Input.dispatchKeyEvent","params":{"modifiers":0,"type":"rawKeyDown","text":"u","windowsVirtualKeyCode":117}}
12:52:49.001 [nioEventLoopGroup-10-1] DEBUG com.intuit.karate.driver.chrome_1718781763869 -- << {"id":37,"result":{},"sessionId":"2ACBFFE90E2D25278B539EB66C5835A5"}
12:52:49.001 [nioEventLoopGroup-10-1] DEBUG com.jayway.jsonpath.internal.path.CompiledPath -- Evaluating path: $
12:52:49.001 [main] DEBUG com.jayway.jsonpath.internal.path.CompiledPath -- Evaluating path: $['modifiers']
12:52:49.001 [main] DEBUG com.jayway.jsonpath.internal.path.CompiledPath -- Evaluating path: $
12:52:49.001 [main] DEBUG com.jayway.jsonpath.internal.path.CompiledPath -- Evaluating path: $
12:52:49.001 [main] DEBUG com.jayway.jsonpath.internal.JsonContext -- Put path $ key modifiers value {}
12:52:49.001 [main] DEBUG com.jayway.jsonpath.internal.path.CompiledPath -- Evaluating path: $
12:52:49.001 [main] DEBUG com.jayway.jsonpath.internal.JsonContext -- Put path $ key modifiers value 0
12:52:49.001 [main] DEBUG com.jayway.jsonpath.internal.path.CompiledPath -- Evaluating path: $['type']
12:52:49.001 [main] DEBUG com.jayway.jsonpath.internal.path.CompiledPath -- Evaluating path: $
12:52:49.001 [main] DEBUG com.jayway.jsonpath.internal.path.CompiledPath -- Evaluating path: $
12:52:49.001 [main] DEBUG com.jayway.jsonpath.internal.JsonContext -- Put path $ key type value {}
12:52:49.001 [main] DEBUG com.jayway.jsonpath.internal.path.CompiledPath -- Evaluating path: $
12:52:49.001 [main] DEBUG com.jayway.jsonpath.internal.JsonContext -- Put path $ key type value char
12:52:49.001 [main] DEBUG com.jayway.jsonpath.internal.path.CompiledPath -- Evaluating path: $['text']
12:52:49.001 [main] DEBUG com.jayway.jsonpath.internal.path.CompiledPath -- Evaluating path: $
12:52:49.001 [main] DEBUG com.jayway.jsonpath.internal.path.CompiledPath -- Evaluating path: $
12:52:49.001 [main] DEBUG com.jayway.jsonpath.internal.JsonContext -- Put path $ key text value {}
12:52:49.001 [main] DEBUG com.jayway.jsonpath.internal.path.CompiledPath -- Evaluating path: $
12:52:49.001 [main] DEBUG com.jayway.jsonpath.internal.JsonContext -- Put path $ key text value u
12:52:49.001 [main] DEBUG com.jayway.jsonpath.internal.path.CompiledPath -- Evaluating path: $['windowsVirtualKeyCode']
12:52:49.001 [main] DEBUG com.jayway.jsonpath.internal.path.CompiledPath -- Evaluating path: $
12:52:49.001 [main] DEBUG com.jayway.jsonpath.internal.path.CompiledPath -- Evaluating path: $
12:52:49.001 [main] DEBUG com.jayway.jsonpath.internal.JsonContext -- Put path $ key windowsVirtualKeyCode value {}
12:52:49.001 [main] DEBUG com.jayway.jsonpath.internal.path.CompiledPath -- Evaluating path: $
12:52:49.001 [main] DEBUG com.jayway.jsonpath.internal.JsonContext -- Put path $ key windowsVirtualKeyCode value 117
12:52:49.001 [main] DEBUG com.jayway.jsonpath.internal.path.CompiledPath -- Evaluating path: $
12:52:49.001 [main] DEBUG com.intuit.karate.driver.chrome_1718781763869 -- >> {"id":38,"sessionId":"2ACBFFE90E2D25278B539EB66C5835A5","method":"Input.dispatchKeyEvent","params":{"modifiers":0,"type":"char","text":"u","windowsVirtualKeyCode":117}}
12:52:49.140 [nioEventLoopGroup-10-1] DEBUG com.intuit.karate.driver.chrome_1718781763869 -- << {"id":38,"result":{},"sessionId":"2ACBFFE90E2D25278B539EB66C5835A5"}
12:52:49.140 [nioEventLoopGroup-10-1] DEBUG com.jayway.jsonpath.internal.path.CompiledPath -- Evaluating path: $
12:52:49.140 [main] DEBUG com.jayway.jsonpath.internal.path.CompiledPath -- Evaluating path: $['modifiers']
12:52:49.140 [main] DEBUG com.jayway.jsonpath.internal.path.CompiledPath -- Evaluating path: $
12:52:49.140 [main] DEBUG com.jayway.jsonpath.internal.path.CompiledPath -- Evaluating path: $
12:52:49.140 [main] DEBUG com.jayway.jsonpath.internal.JsonContext -- Put path $ key modifiers value {}
12:52:49.140 [main] DEBUG com.jayway.jsonpath.internal.path.CompiledPath -- Evaluating path: $
12:52:49.140 [main] DEBUG com.jayway.jsonpath.internal.JsonContext -- Put path $ key modifiers value 0
12:52:49.140 [main] DEBUG com.jayway.jsonpath.internal.path.CompiledPath -- Evaluating path: $['type']
12:52:49.140 [main] DEBUG com.jayway.jsonpath.internal.path.CompiledPath -- Evaluating path: $
12:52:49.140 [main] DEBUG com.jayway.jsonpath.internal.path.CompiledPath -- Evaluating path: $
12:52:49.140 [main] DEBUG com.jayway.jsonpath.internal.JsonContext -- Put path $ key type value {}
12:52:49.140 [main] DEBUG com.jayway.jsonpath.internal.path.CompiledPath -- Evaluating path: $
12:52:49.140 [main] DEBUG com.jayway.jsonpath.internal.JsonContext -- Put path $ key type value keyUp
12:52:49.140 [main] DEBUG com.jayway.jsonpath.internal.path.CompiledPath -- Evaluating path: $['text']
12:52:49.140 [main] DEBUG com.jayway.jsonpath.internal.path.CompiledPath -- Evaluating path: $
12:52:49.140 [main] DEBUG com.jayway.jsonpath.internal.path.CompiledPath -- Evaluating path: $
12:52:49.140 [main] DEBUG com.jayway.jsonpath.internal.JsonContext -- Put path $ key text value {}
12:52:49.140 [main] DEBUG com.jayway.jsonpath.internal.path.CompiledPath -- Evaluating path: $
12:52:49.140 [main] DEBUG com.jayway.jsonpath.internal.JsonContext -- Put path $ key text value u
12:52:49.140 [main] DEBUG com.jayway.jsonpath.internal.path.CompiledPath -- Evaluating path: $['windowsVirtualKeyCode']
12:52:49.140 [main] DEBUG com.jayway.jsonpath.internal.path.CompiledPath -- Evaluating path: $
12:52:49.140 [main] DEBUG com.jayway.jsonpath.internal.path.CompiledPath -- Evaluating path: $
12:52:49.140 [main] DEBUG com.jayway.jsonpath.internal.JsonContext -- Put path $ key windowsVirtualKeyCode value {}
12:52:49.140 [main] DEBUG com.jayway.jsonpath.internal.path.CompiledPath -- Evaluating path: $
12:52:49.140 [main] DEBUG com.jayway.jsonpath.internal.JsonContext -- Put path $ key windowsVirtualKeyCode value 117
12:52:49.140 [main] DEBUG com.jayway.jsonpath.internal.path.CompiledPath -- Evaluating path: $
12:52:49.140 [main] DEBUG com.intuit.karate.driver.chrome_1718781763869 -- >> {"id":39,"sessionId":"2ACBFFE90E2D25278B539EB66C5835A5","method":"Input.dispatchKeyEvent","params":{"modifiers":0,"type":"keyUp","text":"u","windowsVirtualKeyCode":117}}
12:52:49.153 [nioEventLoopGroup-10-1] DEBUG com.intuit.karate.driver.chrome_1718781763869 -- << {"id":39,"result":{},"sessionId":"2ACBFFE90E2D25278B539EB66C5835A5"}
12:52:49.153 [nioEventLoopGroup-10-1] DEBUG com.jayway.jsonpath.internal.path.CompiledPath -- Evaluating path: $
12:52:49.153 [main] DEBUG com.jayway.jsonpath.internal.path.CompiledPath -- Evaluating path: $['modifiers']
12:52:49.153 [main] DEBUG com.jayway.jsonpath.internal.path.CompiledPath -- Evaluating path: $
12:52:49.153 [main] DEBUG com.jayway.jsonpath.internal.path.CompiledPath -- Evaluating path: $
12:52:49.153 [main] DEBUG com.jayway.jsonpath.internal.JsonContext -- Put path $ key modifiers value {}
12:52:49.153 [main] DEBUG com.jayway.jsonpath.internal.path.CompiledPath -- Evaluating path: $
12:52:49.153 [main] DEBUG com.jayway.jsonpath.internal.JsonContext -- Put path $ key modifiers value 0
12:52:49.153 [main] DEBUG com.jayway.jsonpath.internal.path.CompiledPath -- Evaluating path: $['type']
12:52:49.153 [main] DEBUG com.jayway.jsonpath.internal.path.CompiledPath -- Evaluating path: $
12:52:49.153 [main] DEBUG com.jayway.jsonpath.internal.path.CompiledPath -- Evaluating path: $
12:52:49.153 [main] DEBUG com.jayway.jsonpath.internal.JsonContext -- Put path $ key type value {}
12:52:49.153 [main] DEBUG com.jayway.jsonpath.internal.path.CompiledPath -- Evaluating path: $
12:52:49.153 [main] DEBUG com.jayway.jsonpath.internal.JsonContext -- Put path $ key type value rawKeyDown
12:52:49.153 [main] DEBUG com.jayway.jsonpath.internal.path.CompiledPath -- Evaluating path: $['text']
12:52:49.153 [main] DEBUG com.jayway.jsonpath.internal.path.CompiledPath -- Evaluating path: $
12:52:49.153 [main] DEBUG com.jayway.jsonpath.internal.path.CompiledPath -- Evaluating path: $
12:52:49.153 [main] DEBUG com.jayway.jsonpath.internal.JsonContext -- Put path $ key text value {}
12:52:49.153 [main] DEBUG com.jayway.jsonpath.internal.path.CompiledPath -- Evaluating path: $
12:52:49.153 [main] DEBUG com.jayway.jsonpath.internal.JsonContext -- Put path $ key text value s
12:52:49.153 [main] DEBUG com.jayway.jsonpath.internal.path.CompiledPath -- Evaluating path: $['windowsVirtualKeyCode']
12:52:49.153 [main] DEBUG com.jayway.jsonpath.internal.path.CompiledPath -- Evaluating path: $
12:52:49.153 [main] DEBUG com.jayway.jsonpath.internal.path.CompiledPath -- Evaluating path: $
12:52:49.153 [main] DEBUG com.jayway.jsonpath.internal.JsonContext -- Put path $ key windowsVirtualKeyCode value {}
12:52:49.153 [main] DEBUG com.jayway.jsonpath.internal.path.CompiledPath -- Evaluating path: $
12:52:49.153 [main] DEBUG com.jayway.jsonpath.internal.JsonContext -- Put path $ key windowsVirtualKeyCode value 115
12:52:49.153 [main] DEBUG com.jayway.jsonpath.internal.path.CompiledPath -- Evaluating path: $
12:52:49.153 [main] DEBUG com.intuit.karate.driver.chrome_1718781763869 -- >> {"id":40,"sessionId":"2ACBFFE90E2D25278B539EB66C5835A5","method":"Input.dispatchKeyEvent","params":{"modifiers":0,"type":"rawKeyDown","text":"s","windowsVirtualKeyCode":115}}
12:52:49.153 [nioEventLoopGroup-10-1] DEBUG com.intuit.karate.driver.chrome_1718781763869 -- << {"id":40,"result":{},"sessionId":"2ACBFFE90E2D25278B539EB66C5835A5"}
12:52:49.153 [nioEventLoopGroup-10-1] DEBUG com.jayway.jsonpath.internal.path.CompiledPath -- Evaluating path: $
12:52:49.153 [main] DEBUG com.jayway.jsonpath.internal.path.CompiledPath -- Evaluating path: $['modifiers']
12:52:49.153 [main] DEBUG com.jayway.jsonpath.internal.path.CompiledPath -- Evaluating path: $
12:52:49.153 [main] DEBUG com.jayway.jsonpath.internal.path.CompiledPath -- Evaluating path: $
12:52:49.153 [main] DEBUG com.jayway.jsonpath.internal.JsonContext -- Put path $ key modifiers value {}
12:52:49.153 [main] DEBUG com.jayway.jsonpath.internal.path.CompiledPath -- Evaluating path: $
12:52:49.153 [main] DEBUG com.jayway.jsonpath.internal.JsonContext -- Put path $ key modifiers value 0
12:52:49.153 [main] DEBUG com.jayway.jsonpath.internal.path.CompiledPath -- Evaluating path: $['type']
12:52:49.153 [main] DEBUG com.jayway.jsonpath.internal.path.CompiledPath -- Evaluating path: $
12:52:49.153 [main] DEBUG com.jayway.jsonpath.internal.path.CompiledPath -- Evaluating path: $
12:52:49.153 [main] DEBUG com.jayway.jsonpath.internal.JsonContext -- Put path $ key type value {}
12:52:49.153 [main] DEBUG com.jayway.jsonpath.internal.path.CompiledPath -- Evaluating path: $
12:52:49.153 [main] DEBUG com.jayway.jsonpath.internal.JsonContext -- Put path $ key type value char
12:52:49.153 [main] DEBUG com.jayway.jsonpath.internal.path.CompiledPath -- Evaluating path: $['text']
12:52:49.153 [main] DEBUG com.jayway.jsonpath.internal.path.CompiledPath -- Evaluating path: $
12:52:49.153 [main] DEBUG com.jayway.jsonpath.internal.path.CompiledPath -- Evaluating path: $
12:52:49.153 [main] DEBUG com.jayway.jsonpath.internal.JsonContext -- Put path $ key text value {}
12:52:49.153 [main] DEBUG com.jayway.jsonpath.internal.path.CompiledPath -- Evaluating path: $
12:52:49.153 [main] DEBUG com.jayway.jsonpath.internal.JsonContext -- Put path $ key text value s
12:52:49.153 [main] DEBUG com.jayway.jsonpath.internal.path.CompiledPath -- Evaluating path: $['windowsVirtualKeyCode']
12:52:49.153 [main] DEBUG com.jayway.jsonpath.internal.path.CompiledPath -- Evaluating path: $
12:52:49.153 [main] DEBUG com.jayway.jsonpath.internal.path.CompiledPath -- Evaluating path: $
12:52:49.153 [main] DEBUG com.jayway.jsonpath.internal.JsonContext -- Put path $ key windowsVirtualKeyCode value {}
12:52:49.153 [main] DEBUG com.jayway.jsonpath.internal.path.CompiledPath -- Evaluating path: $
12:52:49.153 [main] DEBUG com.jayway.jsonpath.internal.JsonContext -- Put path $ key windowsVirtualKeyCode value 115
12:52:49.153 [main] DEBUG com.jayway.jsonpath.internal.path.CompiledPath -- Evaluating path: $
12:52:49.153 [main] DEBUG com.intuit.karate.driver.chrome_1718781763869 -- >> {"id":41,"sessionId":"2ACBFFE90E2D25278B539EB66C5835A5","method":"Input.dispatchKeyEvent","params":{"modifiers":0,"type":"char","text":"s","windowsVirtualKeyCode":115}}
12:52:49.153 [nioEventLoopGroup-10-1] DEBUG com.intuit.karate.driver.chrome_1718781763869 -- << {"id":41,"result":{},"sessionId":"2ACBFFE90E2D25278B539EB66C5835A5"}
12:52:49.153 [nioEventLoopGroup-10-1] DEBUG com.jayway.jsonpath.internal.path.CompiledPath -- Evaluating path: $
12:52:49.153 [main] DEBUG com.jayway.jsonpath.internal.path.CompiledPath -- Evaluating path: $['modifiers']
12:52:49.153 [main] DEBUG com.jayway.jsonpath.internal.path.CompiledPath -- Evaluating path: $
12:52:49.153 [main] DEBUG com.jayway.jsonpath.internal.path.CompiledPath -- Evaluating path: $
12:52:49.153 [main] DEBUG com.jayway.jsonpath.internal.JsonContext -- Put path $ key modifiers value {}
12:52:49.153 [main] DEBUG com.jayway.jsonpath.internal.path.CompiledPath -- Evaluating path: $
12:52:49.153 [main] DEBUG com.jayway.jsonpath.internal.JsonContext -- Put path $ key modifiers value 0
12:52:49.153 [main] DEBUG com.jayway.jsonpath.internal.path.CompiledPath -- Evaluating path: $['type']
12:52:49.153 [main] DEBUG com.jayway.jsonpath.internal.path.CompiledPath -- Evaluating path: $
12:52:49.153 [main] DEBUG com.jayway.jsonpath.internal.path.CompiledPath -- Evaluating path: $
12:52:49.153 [main] DEBUG com.jayway.jsonpath.internal.JsonContext -- Put path $ key type value {}
12:52:49.153 [main] DEBUG com.jayway.jsonpath.internal.path.CompiledPath -- Evaluating path: $
12:52:49.153 [main] DEBUG com.jayway.jsonpath.internal.JsonContext -- Put path $ key type value keyUp
12:52:49.153 [main] DEBUG com.jayway.jsonpath.internal.path.CompiledPath -- Evaluating path: $['text']
12:52:49.153 [main] DEBUG com.jayway.jsonpath.internal.path.CompiledPath -- Evaluating path: $
12:52:49.153 [main] DEBUG com.jayway.jsonpath.internal.path.CompiledPath -- Evaluating path: $
12:52:49.153 [main] DEBUG com.jayway.jsonpath.internal.JsonContext -- Put path $ key text value {}
12:52:49.153 [main] DEBUG com.jayway.jsonpath.internal.path.CompiledPath -- Evaluating path: $
12:52:49.153 [main] DEBUG com.jayway.jsonpath.internal.JsonContext -- Put path $ key text value s
12:52:49.153 [main] DEBUG com.jayway.jsonpath.internal.path.CompiledPath -- Evaluating path: $['windowsVirtualKeyCode']
12:52:49.153 [main] DEBUG com.jayway.jsonpath.internal.path.CompiledPath -- Evaluating path: $
12:52:49.153 [main] DEBUG com.jayway.jsonpath.internal.path.CompiledPath -- Evaluating path: $
12:52:49.153 [main] DEBUG com.jayway.jsonpath.internal.JsonContext -- Put path $ key windowsVirtualKeyCode value {}
12:52:49.153 [main] DEBUG com.jayway.jsonpath.internal.path.CompiledPath -- Evaluating path: $
12:52:49.153 [main] DEBUG com.jayway.jsonpath.internal.JsonContext -- Put path $ key windowsVirtualKeyCode value 115
12:52:49.153 [main] DEBUG com.jayway.jsonpath.internal.path.CompiledPath -- Evaluating path: $
12:52:49.153 [main] DEBUG com.intuit.karate.driver.chrome_1718781763869 -- >> {"id":42,"sessionId":"2ACBFFE90E2D25278B539EB66C5835A5","method":"Input.dispatchKeyEvent","params":{"modifiers":0,"type":"keyUp","text":"s","windowsVirtualKeyCode":115}}
12:52:49.153 [nioEventLoopGroup-10-1] DEBUG com.intuit.karate.driver.chrome_1718781763869 -- << {"id":42,"result":{},"sessionId":"2ACBFFE90E2D25278B539EB66C5835A5"}
12:52:49.153 [nioEventLoopGroup-10-1] DEBUG com.jayway.jsonpath.internal.path.CompiledPath -- Evaluating path: $
12:52:49.153 [main] DEBUG com.jayway.jsonpath.internal.path.CompiledPath -- Evaluating path: $['modifiers']
12:52:49.153 [main] DEBUG com.jayway.jsonpath.internal.path.CompiledPath -- Evaluating path: $
12:52:49.153 [main] DEBUG com.jayway.jsonpath.internal.path.CompiledPath -- Evaluating path: $
12:52:49.153 [main] DEBUG com.jayway.jsonpath.internal.JsonContext -- Put path $ key modifiers value {}
12:52:49.153 [main] DEBUG com.jayway.jsonpath.internal.path.CompiledPath -- Evaluating path: $
12:52:49.153 [main] DEBUG com.jayway.jsonpath.internal.JsonContext -- Put path $ key modifiers value 0
12:52:49.153 [main] DEBUG com.jayway.jsonpath.internal.path.CompiledPath -- Evaluating path: $['type']
12:52:49.153 [main] DEBUG com.jayway.jsonpath.internal.path.CompiledPath -- Evaluating path: $
12:52:49.153 [main] DEBUG com.jayway.jsonpath.internal.path.CompiledPath -- Evaluating path: $
12:52:49.153 [main] DEBUG com.jayway.jsonpath.internal.JsonContext -- Put path $ key type value {}
12:52:49.153 [main] DEBUG com.jayway.jsonpath.internal.path.CompiledPath -- Evaluating path: $
12:52:49.153 [main] DEBUG com.jayway.jsonpath.internal.JsonContext -- Put path $ key type value rawKeyDown
12:52:49.153 [main] DEBUG com.jayway.jsonpath.internal.path.CompiledPath -- Evaluating path: $['text']
12:52:49.153 [main] DEBUG com.jayway.jsonpath.internal.path.CompiledPath -- Evaluating path: $
12:52:49.153 [main] DEBUG com.jayway.jsonpath.internal.path.CompiledPath -- Evaluating path: $
12:52:49.153 [main] DEBUG com.jayway.jsonpath.internal.JsonContext -- Put path $ key text value {}
12:52:49.153 [main] DEBUG com.jayway.jsonpath.internal.path.CompiledPath -- Evaluating path: $
12:52:49.153 [main] DEBUG com.jayway.jsonpath.internal.JsonContext -- Put path $ key text value e
12:52:49.153 [main] DEBUG com.jayway.jsonpath.internal.path.CompiledPath -- Evaluating path: $['windowsVirtualKeyCode']
12:52:49.153 [main] DEBUG com.jayway.jsonpath.internal.path.CompiledPath -- Evaluating path: $
12:52:49.153 [main] DEBUG com.jayway.jsonpath.internal.path.CompiledPath -- Evaluating path: $
12:52:49.153 [main] DEBUG com.jayway.jsonpath.internal.JsonContext -- Put path $ key windowsVirtualKeyCode value {}
12:52:49.153 [main] DEBUG com.jayway.jsonpath.internal.path.CompiledPath -- Evaluating path: $
12:52:49.153 [main] DEBUG com.jayway.jsonpath.internal.JsonContext -- Put path $ key windowsVirtualKeyCode value 101
12:52:49.153 [main] DEBUG com.jayway.jsonpath.internal.path.CompiledPath -- Evaluating path: $
12:52:49.153 [main] DEBUG com.intuit.karate.driver.chrome_1718781763869 -- >> {"id":43,"sessionId":"2ACBFFE90E2D25278B539EB66C5835A5","method":"Input.dispatchKeyEvent","params":{"modifiers":0,"type":"rawKeyDown","text":"e","windowsVirtualKeyCode":101}}
12:52:49.153 [nioEventLoopGroup-10-1] DEBUG com.intuit.karate.driver.chrome_1718781763869 -- << {"id":43,"result":{},"sessionId":"2ACBFFE90E2D25278B539EB66C5835A5"}
12:52:49.153 [nioEventLoopGroup-10-1] DEBUG com.jayway.jsonpath.internal.path.CompiledPath -- Evaluating path: $
12:52:49.153 [main] DEBUG com.jayway.jsonpath.internal.path.CompiledPath -- Evaluating path: $['modifiers']
12:52:49.153 [main] DEBUG com.jayway.jsonpath.internal.path.CompiledPath -- Evaluating path: $
12:52:49.153 [main] DEBUG com.jayway.jsonpath.internal.path.CompiledPath -- Evaluating path: $
12:52:49.153 [main] DEBUG com.jayway.jsonpath.internal.JsonContext -- Put path $ key modifiers value {}
12:52:49.153 [main] DEBUG com.jayway.jsonpath.internal.path.CompiledPath -- Evaluating path: $
12:52:49.153 [main] DEBUG com.jayway.jsonpath.internal.JsonContext -- Put path $ key modifiers value 0
12:52:49.153 [main] DEBUG com.jayway.jsonpath.internal.path.CompiledPath -- Evaluating path: $['type']
12:52:49.153 [main] DEBUG com.jayway.jsonpath.internal.path.CompiledPath -- Evaluating path: $
12:52:49.153 [main] DEBUG com.jayway.jsonpath.internal.path.CompiledPath -- Evaluating path: $
12:52:49.153 [main] DEBUG com.jayway.jsonpath.internal.JsonContext -- Put path $ key type value {}
12:52:49.153 [main] DEBUG com.jayway.jsonpath.internal.path.CompiledPath -- Evaluating path: $
12:52:49.153 [main] DEBUG com.jayway.jsonpath.internal.JsonContext -- Put path $ key type value char
12:52:49.153 [main] DEBUG com.jayway.jsonpath.internal.path.CompiledPath -- Evaluating path: $['text']
12:52:49.153 [main] DEBUG com.jayway.jsonpath.internal.path.CompiledPath -- Evaluating path: $
12:52:49.153 [main] DEBUG com.jayway.jsonpath.internal.path.CompiledPath -- Evaluating path: $
12:52:49.153 [main] DEBUG com.jayway.jsonpath.internal.JsonContext -- Put path $ key text value {}
12:52:49.153 [main] DEBUG com.jayway.jsonpath.internal.path.CompiledPath -- Evaluating path: $
12:52:49.153 [main] DEBUG com.jayway.jsonpath.internal.JsonContext -- Put path $ key text value e
12:52:49.153 [main] DEBUG com.jayway.jsonpath.internal.path.CompiledPath -- Evaluating path: $['windowsVirtualKeyCode']
12:52:49.153 [main] DEBUG com.jayway.jsonpath.internal.path.CompiledPath -- Evaluating path: $
12:52:49.153 [main] DEBUG com.jayway.jsonpath.internal.path.CompiledPath -- Evaluating path: $
12:52:49.153 [main] DEBUG com.jayway.jsonpath.internal.JsonContext -- Put path $ key windowsVirtualKeyCode value {}
12:52:49.153 [main] DEBUG com.jayway.jsonpath.internal.path.CompiledPath -- Evaluating path: $
12:52:49.153 [main] DEBUG com.jayway.jsonpath.internal.JsonContext -- Put path $ key windowsVirtualKeyCode value 101
12:52:49.153 [main] DEBUG com.jayway.jsonpath.internal.path.CompiledPath -- Evaluating path: $
12:52:49.153 [main] DEBUG com.intuit.karate.driver.chrome_1718781763869 -- >> {"id":44,"sessionId":"2ACBFFE90E2D25278B539EB66C5835A5","method":"Input.dispatchKeyEvent","params":{"modifiers":0,"type":"char","text":"e","windowsVirtualKeyCode":101}}
12:52:49.153 [nioEventLoopGroup-10-1] DEBUG com.intuit.karate.driver.chrome_1718781763869 -- << {"id":44,"result":{},"sessionId":"2ACBFFE90E2D25278B539EB66C5835A5"}
12:52:49.153 [nioEventLoopGroup-10-1] DEBUG com.jayway.jsonpath.internal.path.CompiledPath -- Evaluating path: $
12:52:49.153 [main] DEBUG com.jayway.jsonpath.internal.path.CompiledPath -- Evaluating path: $['modifiers']
12:52:49.153 [main] DEBUG com.jayway.jsonpath.internal.path.CompiledPath -- Evaluating path: $
12:52:49.153 [main] DEBUG com.jayway.jsonpath.internal.path.CompiledPath -- Evaluating path: $
12:52:49.153 [main] DEBUG com.jayway.jsonpath.internal.JsonContext -- Put path $ key modifiers value {}
12:52:49.153 [main] DEBUG com.jayway.jsonpath.internal.path.CompiledPath -- Evaluating path: $
12:52:49.153 [main] DEBUG com.jayway.jsonpath.internal.JsonContext -- Put path $ key modifiers value 0
12:52:49.153 [main] DEBUG com.jayway.jsonpath.internal.path.CompiledPath -- Evaluating path: $['type']
12:52:49.153 [main] DEBUG com.jayway.jsonpath.internal.path.CompiledPath -- Evaluating path: $
12:52:49.153 [main] DEBUG com.jayway.jsonpath.internal.path.CompiledPath -- Evaluating path: $
12:52:49.153 [main] DEBUG com.jayway.jsonpath.internal.JsonContext -- Put path $ key type value {}
12:52:49.153 [main] DEBUG com.jayway.jsonpath.internal.path.CompiledPath -- Evaluating path: $
12:52:49.153 [main] DEBUG com.jayway.jsonpath.internal.JsonContext -- Put path $ key type value keyUp
12:52:49.153 [main] DEBUG com.jayway.jsonpath.internal.path.CompiledPath -- Evaluating path: $['text']
12:52:49.153 [main] DEBUG com.jayway.jsonpath.internal.path.CompiledPath -- Evaluating path: $
12:52:49.153 [main] DEBUG com.jayway.jsonpath.internal.path.CompiledPath -- Evaluating path: $
12:52:49.153 [main] DEBUG com.jayway.jsonpath.internal.JsonContext -- Put path $ key text value {}
12:52:49.153 [main] DEBUG com.jayway.jsonpath.internal.path.CompiledPath -- Evaluating path: $
12:52:49.153 [main] DEBUG com.jayway.jsonpath.internal.JsonContext -- Put path $ key text value e
12:52:49.153 [main] DEBUG com.jayway.jsonpath.internal.path.CompiledPath -- Evaluating path: $['windowsVirtualKeyCode']
12:52:49.153 [main] DEBUG com.jayway.jsonpath.internal.path.CompiledPath -- Evaluating path: $
12:52:49.153 [main] DEBUG com.jayway.jsonpath.internal.path.CompiledPath -- Evaluating path: $
12:52:49.153 [main] DEBUG com.jayway.jsonpath.internal.JsonContext -- Put path $ key windowsVirtualKeyCode value {}
12:52:49.153 [main] DEBUG com.jayway.jsonpath.internal.path.CompiledPath -- Evaluating path: $
12:52:49.153 [main] DEBUG com.jayway.jsonpath.internal.JsonContext -- Put path $ key windowsVirtualKeyCode value 101
12:52:49.153 [main] DEBUG com.jayway.jsonpath.internal.path.CompiledPath -- Evaluating path: $
12:52:49.153 [main] DEBUG com.intuit.karate.driver.chrome_1718781763869 -- >> {"id":45,"sessionId":"2ACBFFE90E2D25278B539EB66C5835A5","method":"Input.dispatchKeyEvent","params":{"modifiers":0,"type":"keyUp","text":"e","windowsVirtualKeyCode":101}}
12:52:49.153 [nioEventLoopGroup-10-1] DEBUG com.intuit.karate.driver.chrome_1718781763869 -- << {"id":45,"result":{},"sessionId":"2ACBFFE90E2D25278B539EB66C5835A5"}
12:52:49.153 [nioEventLoopGroup-10-1] DEBUG com.jayway.jsonpath.internal.path.CompiledPath -- Evaluating path: $
12:52:49.153 [main] DEBUG com.jayway.jsonpath.internal.path.CompiledPath -- Evaluating path: $['modifiers']
12:52:49.153 [main] DEBUG com.jayway.jsonpath.internal.path.CompiledPath -- Evaluating path: $
12:52:49.153 [main] DEBUG com.jayway.jsonpath.internal.path.CompiledPath -- Evaluating path: $
12:52:49.153 [main] DEBUG com.jayway.jsonpath.internal.JsonContext -- Put path $ key modifiers value {}
12:52:49.153 [main] DEBUG com.jayway.jsonpath.internal.path.CompiledPath -- Evaluating path: $
12:52:49.153 [main] DEBUG com.jayway.jsonpath.internal.JsonContext -- Put path $ key modifiers value 0
12:52:49.153 [main] DEBUG com.jayway.jsonpath.internal.path.CompiledPath -- Evaluating path: $['type']
12:52:49.153 [main] DEBUG com.jayway.jsonpath.internal.path.CompiledPath -- Evaluating path: $
12:52:49.153 [main] DEBUG com.jayway.jsonpath.internal.path.CompiledPath -- Evaluating path: $
12:52:49.153 [main] DEBUG com.jayway.jsonpath.internal.JsonContext -- Put path $ key type value {}
12:52:49.153 [main] DEBUG com.jayway.jsonpath.internal.path.CompiledPath -- Evaluating path: $
12:52:49.153 [main] DEBUG com.jayway.jsonpath.internal.JsonContext -- Put path $ key type value rawKeyDown
12:52:49.153 [main] DEBUG com.jayway.jsonpath.internal.path.CompiledPath -- Evaluating path: $['text']
12:52:49.153 [main] DEBUG com.jayway.jsonpath.internal.path.CompiledPath -- Evaluating path: $
12:52:49.153 [main] DEBUG com.jayway.jsonpath.internal.path.CompiledPath -- Evaluating path: $
12:52:49.153 [main] DEBUG com.jayway.jsonpath.internal.JsonContext -- Put path $ key text value {}
12:52:49.153 [main] DEBUG com.jayway.jsonpath.internal.path.CompiledPath -- Evaluating path: $
12:52:49.153 [main] DEBUG com.jayway.jsonpath.internal.JsonContext -- Put path $ key text value r
12:52:49.153 [main] DEBUG com.jayway.jsonpath.internal.path.CompiledPath -- Evaluating path: $['windowsVirtualKeyCode']
12:52:49.153 [main] DEBUG com.jayway.jsonpath.internal.path.CompiledPath -- Evaluating path: $
12:52:49.153 [main] DEBUG com.jayway.jsonpath.internal.path.CompiledPath -- Evaluating path: $
12:52:49.153 [main] DEBUG com.jayway.jsonpath.internal.JsonContext -- Put path $ key windowsVirtualKeyCode value {}
12:52:49.153 [main] DEBUG com.jayway.jsonpath.internal.path.CompiledPath -- Evaluating path: $
12:52:49.153 [main] DEBUG com.jayway.jsonpath.internal.JsonContext -- Put path $ key windowsVirtualKeyCode value 114
12:52:49.153 [main] DEBUG com.jayway.jsonpath.internal.path.CompiledPath -- Evaluating path: $
12:52:49.153 [main] DEBUG com.intuit.karate.driver.chrome_1718781763869 -- >> {"id":46,"sessionId":"2ACBFFE90E2D25278B539EB66C5835A5","method":"Input.dispatchKeyEvent","params":{"modifiers":0,"type":"rawKeyDown","text":"r","windowsVirtualKeyCode":114}}
12:52:49.153 [nioEventLoopGroup-10-1] DEBUG com.intuit.karate.driver.chrome_1718781763869 -- << {"id":46,"result":{},"sessionId":"2ACBFFE90E2D25278B539EB66C5835A5"}
12:52:49.153 [nioEventLoopGroup-10-1] DEBUG com.jayway.jsonpath.internal.path.CompiledPath -- Evaluating path: $
12:52:49.153 [main] DEBUG com.jayway.jsonpath.internal.path.CompiledPath -- Evaluating path: $['modifiers']
12:52:49.153 [main] DEBUG com.jayway.jsonpath.internal.path.CompiledPath -- Evaluating path: $
12:52:49.153 [main] DEBUG com.jayway.jsonpath.internal.path.CompiledPath -- Evaluating path: $
12:52:49.153 [main] DEBUG com.jayway.jsonpath.internal.JsonContext -- Put path $ key modifiers value {}
12:52:49.153 [main] DEBUG com.jayway.jsonpath.internal.path.CompiledPath -- Evaluating path: $
12:52:49.153 [main] DEBUG com.jayway.jsonpath.internal.JsonContext -- Put path $ key modifiers value 0
12:52:49.153 [main] DEBUG com.jayway.jsonpath.internal.path.CompiledPath -- Evaluating path: $['type']
12:52:49.153 [main] DEBUG com.jayway.jsonpath.internal.path.CompiledPath -- Evaluating path: $
12:52:49.153 [main] DEBUG com.jayway.jsonpath.internal.path.CompiledPath -- Evaluating path: $
12:52:49.153 [main] DEBUG com.jayway.jsonpath.internal.JsonContext -- Put path $ key type value {}
12:52:49.153 [main] DEBUG com.jayway.jsonpath.internal.path.CompiledPath -- Evaluating path: $
12:52:49.153 [main] DEBUG com.jayway.jsonpath.internal.JsonContext -- Put path $ key type value char
12:52:49.153 [main] DEBUG com.jayway.jsonpath.internal.path.CompiledPath -- Evaluating path: $['text']
12:52:49.153 [main] DEBUG com.jayway.jsonpath.internal.path.CompiledPath -- Evaluating path: $
12:52:49.153 [main] DEBUG com.jayway.jsonpath.internal.path.CompiledPath -- Evaluating path: $
12:52:49.153 [main] DEBUG com.jayway.jsonpath.internal.JsonContext -- Put path $ key text value {}
12:52:49.153 [main] DEBUG com.jayway.jsonpath.internal.path.CompiledPath -- Evaluating path: $
12:52:49.153 [main] DEBUG com.jayway.jsonpath.internal.JsonContext -- Put path $ key text value r
12:52:49.153 [main] DEBUG com.jayway.jsonpath.internal.path.CompiledPath -- Evaluating path: $['windowsVirtualKeyCode']
12:52:49.153 [main] DEBUG com.jayway.jsonpath.internal.path.CompiledPath -- Evaluating path: $
12:52:49.153 [main] DEBUG com.jayway.jsonpath.internal.path.CompiledPath -- Evaluating path: $
12:52:49.153 [main] DEBUG com.jayway.jsonpath.internal.JsonContext -- Put path $ key windowsVirtualKeyCode value {}
12:52:49.153 [main] DEBUG com.jayway.jsonpath.internal.path.CompiledPath -- Evaluating path: $
12:52:49.153 [main] DEBUG com.jayway.jsonpath.internal.JsonContext -- Put path $ key windowsVirtualKeyCode value 114
12:52:49.153 [main] DEBUG com.jayway.jsonpath.internal.path.CompiledPath -- Evaluating path: $
12:52:49.153 [main] DEBUG com.intuit.karate.driver.chrome_1718781763869 -- >> {"id":47,"sessionId":"2ACBFFE90E2D25278B539EB66C5835A5","method":"Input.dispatchKeyEvent","params":{"modifiers":0,"type":"char","text":"r","windowsVirtualKeyCode":114}}
12:52:49.169 [nioEventLoopGroup-10-1] DEBUG com.intuit.karate.driver.chrome_1718781763869 -- << {"id":47,"result":{},"sessionId":"2ACBFFE90E2D25278B539EB66C5835A5"}
12:52:49.171 [nioEventLoopGroup-10-1] DEBUG com.jayway.jsonpath.internal.path.CompiledPath -- Evaluating path: $
12:52:49.171 [main] DEBUG com.jayway.jsonpath.internal.path.CompiledPath -- Evaluating path: $['modifiers']
12:52:49.171 [main] DEBUG com.jayway.jsonpath.internal.path.CompiledPath -- Evaluating path: $
12:52:49.171 [main] DEBUG com.jayway.jsonpath.internal.path.CompiledPath -- Evaluating path: $
12:52:49.171 [main] DEBUG com.jayway.jsonpath.internal.JsonContext -- Put path $ key modifiers value {}
12:52:49.171 [main] DEBUG com.jayway.jsonpath.internal.path.CompiledPath -- Evaluating path: $
12:52:49.171 [main] DEBUG com.jayway.jsonpath.internal.JsonContext -- Put path $ key modifiers value 0
12:52:49.171 [main] DEBUG com.jayway.jsonpath.internal.path.CompiledPath -- Evaluating path: $['type']
12:52:49.171 [main] DEBUG com.jayway.jsonpath.internal.path.CompiledPath -- Evaluating path: $
12:52:49.171 [main] DEBUG com.jayway.jsonpath.internal.path.CompiledPath -- Evaluating path: $
12:52:49.171 [main] DEBUG com.jayway.jsonpath.internal.JsonContext -- Put path $ key type value {}
12:52:49.171 [main] DEBUG com.jayway.jsonpath.internal.path.CompiledPath -- Evaluating path: $
12:52:49.171 [main] DEBUG com.jayway.jsonpath.internal.JsonContext -- Put path $ key type value keyUp
12:52:49.171 [main] DEBUG com.jayway.jsonpath.internal.path.CompiledPath -- Evaluating path: $['text']
12:52:49.171 [main] DEBUG com.jayway.jsonpath.internal.path.CompiledPath -- Evaluating path: $
12:52:49.171 [main] DEBUG com.jayway.jsonpath.internal.path.CompiledPath -- Evaluating path: $
12:52:49.171 [main] DEBUG com.jayway.jsonpath.internal.JsonContext -- Put path $ key text value {}
12:52:49.171 [main] DEBUG com.jayway.jsonpath.internal.path.CompiledPath -- Evaluating path: $
12:52:49.171 [main] DEBUG com.jayway.jsonpath.internal.JsonContext -- Put path $ key text value r
12:52:49.171 [main] DEBUG com.jayway.jsonpath.internal.path.CompiledPath -- Evaluating path: $['windowsVirtualKeyCode']
12:52:49.171 [main] DEBUG com.jayway.jsonpath.internal.path.CompiledPath -- Evaluating path: $
12:52:49.171 [main] DEBUG com.jayway.jsonpath.internal.path.CompiledPath -- Evaluating path: $
12:52:49.171 [main] DEBUG com.jayway.jsonpath.internal.JsonContext -- Put path $ key windowsVirtualKeyCode value {}
12:52:49.171 [main] DEBUG com.jayway.jsonpath.internal.path.CompiledPath -- Evaluating path: $
12:52:49.171 [main] DEBUG com.jayway.jsonpath.internal.JsonContext -- Put path $ key windowsVirtualKeyCode value 114
12:52:49.171 [main] DEBUG com.jayway.jsonpath.internal.path.CompiledPath -- Evaluating path: $
12:52:49.171 [main] DEBUG com.intuit.karate.driver.chrome_1718781763869 -- >> {"id":48,"sessionId":"2ACBFFE90E2D25278B539EB66C5835A5","method":"Input.dispatchKeyEvent","params":{"modifiers":0,"type":"keyUp","text":"r","windowsVirtualKeyCode":114}}
12:52:49.172 [nioEventLoopGroup-10-1] DEBUG com.intuit.karate.driver.chrome_1718781763869 -- << {"id":48,"result":{},"sessionId":"2ACBFFE90E2D25278B539EB66C5835A5"}
12:52:49.172 [nioEventLoopGroup-10-1] DEBUG com.jayway.jsonpath.internal.path.CompiledPath -- Evaluating path: $
12:52:52.214 [main] DEBUG com.jayway.jsonpath.internal.path.CompiledPath -- Evaluating path: $['expression']
12:52:52.214 [main] DEBUG com.jayway.jsonpath.internal.path.CompiledPath -- Evaluating path: $
12:52:52.214 [main] DEBUG com.jayway.jsonpath.internal.path.CompiledPath -- Evaluating path: $
12:52:52.214 [main] DEBUG com.jayway.jsonpath.internal.JsonContext -- Put path $ key expression value {}
12:52:52.214 [main] DEBUG com.jayway.jsonpath.internal.path.CompiledPath -- Evaluating path: $
12:52:52.214 [main] DEBUG com.jayway.jsonpath.internal.JsonContext -- Put path $ key expression value var e = document.evaluate("//*[@id='password']", document, null, 9, null).singleNodeValue; e.focus(); try { e.selectionStart = e.selectionEnd = e.value.length } catch(x) {}
12:52:52.214 [main] DEBUG com.jayway.jsonpath.internal.path.CompiledPath -- Evaluating path: $['returnByValue']
12:52:52.214 [main] DEBUG com.jayway.jsonpath.internal.path.CompiledPath -- Evaluating path: $
12:52:52.214 [main] DEBUG com.jayway.jsonpath.internal.path.CompiledPath -- Evaluating path: $
12:52:52.214 [main] DEBUG com.jayway.jsonpath.internal.JsonContext -- Put path $ key returnByValue value {}
12:52:52.214 [main] DEBUG com.jayway.jsonpath.internal.path.CompiledPath -- Evaluating path: $
12:52:52.214 [main] DEBUG com.jayway.jsonpath.internal.JsonContext -- Put path $ key returnByValue value true
12:52:52.214 [main] DEBUG com.jayway.jsonpath.internal.path.CompiledPath -- Evaluating path: $
12:52:52.214 [main] DEBUG com.intuit.karate.driver.chrome_1718781763869 -- >> {"id":49,"sessionId":"2ACBFFE90E2D25278B539EB66C5835A5","method":"Runtime.evaluate","params":{"expression":"var e = document.evaluate(\"\/\/*[@id='password']\", document, null, 9, null).singleNodeValue; e.focus(); try { e.selectionStart = e.selectionEnd = e.value.length } catch(x) {}","returnByValue":true}}
12:52:52.230 [nioEventLoopGroup-10-1] DEBUG com.intuit.karate.driver.chrome_1718781763869 -- << {"id":49,"result":{"result":{"type":"number","value":0,"description":"0"}},"sessionId":"2ACBFFE90E2D25278B539EB66C5835A5"}
12:52:52.230 [nioEventLoopGroup-10-1] DEBUG com.jayway.jsonpath.internal.path.CompiledPath -- Evaluating path: $
12:52:52.230 [main] DEBUG com.jayway.jsonpath.internal.path.CompiledPath -- Evaluating path: $['modifiers']
12:52:52.230 [main] DEBUG com.jayway.jsonpath.internal.path.CompiledPath -- Evaluating path: $
12:52:52.230 [main] DEBUG com.jayway.jsonpath.internal.path.CompiledPath -- Evaluating path: $
12:52:52.230 [main] DEBUG com.jayway.jsonpath.internal.JsonContext -- Put path $ key modifiers value {}
12:52:52.230 [main] DEBUG com.jayway.jsonpath.internal.path.CompiledPath -- Evaluating path: $
12:52:52.230 [main] DEBUG com.jayway.jsonpath.internal.JsonContext -- Put path $ key modifiers value 0
12:52:52.230 [main] DEBUG com.jayway.jsonpath.internal.path.CompiledPath -- Evaluating path: $['type']
12:52:52.230 [main] DEBUG com.jayway.jsonpath.internal.path.CompiledPath -- Evaluating path: $
12:52:52.230 [main] DEBUG com.jayway.jsonpath.internal.path.CompiledPath -- Evaluating path: $
12:52:52.230 [main] DEBUG com.jayway.jsonpath.internal.JsonContext -- Put path $ key type value {}
12:52:52.230 [main] DEBUG com.jayway.jsonpath.internal.path.CompiledPath -- Evaluating path: $
12:52:52.230 [main] DEBUG com.jayway.jsonpath.internal.JsonContext -- Put path $ key type value rawKeyDown
12:52:52.230 [main] DEBUG com.jayway.jsonpath.internal.path.CompiledPath -- Evaluating path: $['text']
12:52:52.230 [main] DEBUG com.jayway.jsonpath.internal.path.CompiledPath -- Evaluating path: $
12:52:52.230 [main] DEBUG com.jayway.jsonpath.internal.path.CompiledPath -- Evaluating path: $
12:52:52.230 [main] DEBUG com.jayway.jsonpath.internal.JsonContext -- Put path $ key text value {}
12:52:52.230 [main] DEBUG com.jayway.jsonpath.internal.path.CompiledPath -- Evaluating path: $
12:52:52.230 [main] DEBUG com.jayway.jsonpath.internal.JsonContext -- Put path $ key text value i
12:52:52.230 [main] DEBUG com.jayway.jsonpath.internal.path.CompiledPath -- Evaluating path: $['windowsVirtualKeyCode']
12:52:52.230 [main] DEBUG com.jayway.jsonpath.internal.path.CompiledPath -- Evaluating path: $
12:52:52.230 [main] DEBUG com.jayway.jsonpath.internal.path.CompiledPath -- Evaluating path: $
12:52:52.230 [main] DEBUG com.jayway.jsonpath.internal.JsonContext -- Put path $ key windowsVirtualKeyCode value {}
12:52:52.230 [main] DEBUG com.jayway.jsonpath.internal.path.CompiledPath -- Evaluating path: $
12:52:52.230 [main] DEBUG com.jayway.jsonpath.internal.JsonContext -- Put path $ key windowsVirtualKeyCode value 105
12:52:52.230 [main] DEBUG com.jayway.jsonpath.internal.path.CompiledPath -- Evaluating path: $
12:52:52.230 [main] DEBUG com.intuit.karate.driver.chrome_1718781763869 -- >> {"id":50,"sessionId":"2ACBFFE90E2D25278B539EB66C5835A5","method":"Input.dispatchKeyEvent","params":{"modifiers":0,"type":"rawKeyDown","text":"i","windowsVirtualKeyCode":105}}
12:52:52.622 [nioEventLoopGroup-10-1] DEBUG com.intuit.karate.driver.chrome_1718781763869 -- << {"id":50,"result":{},"sessionId":"2ACBFFE90E2D25278B539EB66C5835A5"}
12:52:52.622 [nioEventLoopGroup-10-1] DEBUG com.jayway.jsonpath.internal.path.CompiledPath -- Evaluating path: $
12:52:52.622 [main] DEBUG com.jayway.jsonpath.internal.path.CompiledPath -- Evaluating path: $['modifiers']
12:52:52.622 [main] DEBUG com.jayway.jsonpath.internal.path.CompiledPath -- Evaluating path: $
12:52:52.622 [main] DEBUG com.jayway.jsonpath.internal.path.CompiledPath -- Evaluating path: $
12:52:52.622 [main] DEBUG com.jayway.jsonpath.internal.JsonContext -- Put path $ key modifiers value {}
12:52:52.622 [main] DEBUG com.jayway.jsonpath.internal.path.CompiledPath -- Evaluating path: $
12:52:52.622 [main] DEBUG com.jayway.jsonpath.internal.JsonContext -- Put path $ key modifiers value 0
12:52:52.622 [main] DEBUG com.jayway.jsonpath.internal.path.CompiledPath -- Evaluating path: $['type']
12:52:52.622 [main] DEBUG com.jayway.jsonpath.internal.path.CompiledPath -- Evaluating path: $
12:52:52.622 [main] DEBUG com.jayway.jsonpath.internal.path.CompiledPath -- Evaluating path: $
12:52:52.622 [main] DEBUG com.jayway.jsonpath.internal.JsonContext -- Put path $ key type value {}
12:52:52.622 [main] DEBUG com.jayway.jsonpath.internal.path.CompiledPath -- Evaluating path: $
12:52:52.622 [main] DEBUG com.jayway.jsonpath.internal.JsonContext -- Put path $ key type value char
12:52:52.622 [main] DEBUG com.jayway.jsonpath.internal.path.CompiledPath -- Evaluating path: $['text']
12:52:52.622 [main] DEBUG com.jayway.jsonpath.internal.path.CompiledPath -- Evaluating path: $
12:52:52.622 [main] DEBUG com.jayway.jsonpath.internal.path.CompiledPath -- Evaluating path: $
12:52:52.622 [main] DEBUG com.jayway.jsonpath.internal.JsonContext -- Put path $ key text value {}
12:52:52.622 [main] DEBUG com.jayway.jsonpath.internal.path.CompiledPath -- Evaluating path: $
12:52:52.622 [main] DEBUG com.jayway.jsonpath.internal.JsonContext -- Put path $ key text value i
12:52:52.622 [main] DEBUG com.jayway.jsonpath.internal.path.CompiledPath -- Evaluating path: $['windowsVirtualKeyCode']
12:52:52.622 [main] DEBUG com.jayway.jsonpath.internal.path.CompiledPath -- Evaluating path: $
12:52:52.622 [main] DEBUG com.jayway.jsonpath.internal.path.CompiledPath -- Evaluating path: $
12:52:52.622 [main] DEBUG com.jayway.jsonpath.internal.JsonContext -- Put path $ key windowsVirtualKeyCode value {}
12:52:52.622 [main] DEBUG com.jayway.jsonpath.internal.path.CompiledPath -- Evaluating path: $
12:52:52.622 [main] DEBUG com.jayway.jsonpath.internal.JsonContext -- Put path $ key windowsVirtualKeyCode value 105
12:52:52.622 [main] DEBUG com.jayway.jsonpath.internal.path.CompiledPath -- Evaluating path: $
12:52:52.622 [main] DEBUG com.intuit.karate.driver.chrome_1718781763869 -- >> {"id":51,"sessionId":"2ACBFFE90E2D25278B539EB66C5835A5","method":"Input.dispatchKeyEvent","params":{"modifiers":0,"type":"char","text":"i","windowsVirtualKeyCode":105}}
12:52:52.642 [nioEventLoopGroup-10-1] DEBUG com.intuit.karate.driver.chrome_1718781763869 -- << {"id":51,"result":{},"sessionId":"2ACBFFE90E2D25278B539EB66C5835A5"}
12:52:52.642 [nioEventLoopGroup-10-1] DEBUG com.jayway.jsonpath.internal.path.CompiledPath -- Evaluating path: $
12:52:52.642 [main] DEBUG com.jayway.jsonpath.internal.path.CompiledPath -- Evaluating path: $['modifiers']
12:52:52.642 [main] DEBUG com.jayway.jsonpath.internal.path.CompiledPath -- Evaluating path: $
12:52:52.642 [main] DEBUG com.jayway.jsonpath.internal.path.CompiledPath -- Evaluating path: $
12:52:52.642 [main] DEBUG com.jayway.jsonpath.internal.JsonContext -- Put path $ key modifiers value {}
12:52:52.642 [main] DEBUG com.jayway.jsonpath.internal.path.CompiledPath -- Evaluating path: $
12:52:52.642 [main] DEBUG com.jayway.jsonpath.internal.JsonContext -- Put path $ key modifiers value 0
12:52:52.642 [main] DEBUG com.jayway.jsonpath.internal.path.CompiledPath -- Evaluating path: $['type']
12:52:52.643 [main] DEBUG com.jayway.jsonpath.internal.path.CompiledPath -- Evaluating path: $
12:52:52.643 [main] DEBUG com.jayway.jsonpath.internal.path.CompiledPath -- Evaluating path: $
12:52:52.643 [main] DEBUG com.jayway.jsonpath.internal.JsonContext -- Put path $ key type value {}
12:52:52.643 [main] DEBUG com.jayway.jsonpath.internal.path.CompiledPath -- Evaluating path: $
12:52:52.643 [main] DEBUG com.jayway.jsonpath.internal.JsonContext -- Put path $ key type value keyUp
12:52:52.643 [main] DEBUG com.jayway.jsonpath.internal.path.CompiledPath -- Evaluating path: $['text']
12:52:52.643 [main] DEBUG com.jayway.jsonpath.internal.path.CompiledPath -- Evaluating path: $
12:52:52.643 [main] DEBUG com.jayway.jsonpath.internal.path.CompiledPath -- Evaluating path: $
12:52:52.643 [main] DEBUG com.jayway.jsonpath.internal.JsonContext -- Put path $ key text value {}
12:52:52.643 [main] DEBUG com.jayway.jsonpath.internal.path.CompiledPath -- Evaluating path: $
12:52:52.643 [main] DEBUG com.jayway.jsonpath.internal.JsonContext -- Put path $ key text value i
12:52:52.643 [main] DEBUG com.jayway.jsonpath.internal.path.CompiledPath -- Evaluating path: $['windowsVirtualKeyCode']
12:52:52.643 [main] DEBUG com.jayway.jsonpath.internal.path.CompiledPath -- Evaluating path: $
12:52:52.643 [main] DEBUG com.jayway.jsonpath.internal.path.CompiledPath -- Evaluating path: $
12:52:52.643 [main] DEBUG com.jayway.jsonpath.internal.JsonContext -- Put path $ key windowsVirtualKeyCode value {}
12:52:52.643 [main] DEBUG com.jayway.jsonpath.internal.path.CompiledPath -- Evaluating path: $
12:52:52.643 [main] DEBUG com.jayway.jsonpath.internal.JsonContext -- Put path $ key windowsVirtualKeyCode value 105
12:52:52.643 [main] DEBUG com.jayway.jsonpath.internal.path.CompiledPath -- Evaluating path: $
12:52:52.643 [main] DEBUG com.intuit.karate.driver.chrome_1718781763869 -- >> {"id":52,"sessionId":"2ACBFFE90E2D25278B539EB66C5835A5","method":"Input.dispatchKeyEvent","params":{"modifiers":0,"type":"keyUp","text":"i","windowsVirtualKeyCode":105}}
12:52:52.645 [nioEventLoopGroup-10-1] DEBUG com.intuit.karate.driver.chrome_1718781763869 -- << {"id":52,"result":{},"sessionId":"2ACBFFE90E2D25278B539EB66C5835A5"}
12:52:52.645 [nioEventLoopGroup-10-1] DEBUG com.jayway.jsonpath.internal.path.CompiledPath -- Evaluating path: $
12:52:52.645 [main] DEBUG com.jayway.jsonpath.internal.path.CompiledPath -- Evaluating path: $['modifiers']
12:52:52.645 [main] DEBUG com.jayway.jsonpath.internal.path.CompiledPath -- Evaluating path: $
12:52:52.645 [main] DEBUG com.jayway.jsonpath.internal.path.CompiledPath -- Evaluating path: $
12:52:52.645 [main] DEBUG com.jayway.jsonpath.internal.JsonContext -- Put path $ key modifiers value {}
12:52:52.645 [main] DEBUG com.jayway.jsonpath.internal.path.CompiledPath -- Evaluating path: $
12:52:52.645 [main] DEBUG com.jayway.jsonpath.internal.JsonContext -- Put path $ key modifiers value 0
12:52:52.645 [main] DEBUG com.jayway.jsonpath.internal.path.CompiledPath -- Evaluating path: $['type']
12:52:52.645 [main] DEBUG com.jayway.jsonpath.internal.path.CompiledPath -- Evaluating path: $
12:52:52.645 [main] DEBUG com.jayway.jsonpath.internal.path.CompiledPath -- Evaluating path: $
12:52:52.645 [main] DEBUG com.jayway.jsonpath.internal.JsonContext -- Put path $ key type value {}
12:52:52.645 [main] DEBUG com.jayway.jsonpath.internal.path.CompiledPath -- Evaluating path: $
12:52:52.645 [main] DEBUG com.jayway.jsonpath.internal.JsonContext -- Put path $ key type value rawKeyDown
12:52:52.645 [main] DEBUG com.jayway.jsonpath.internal.path.CompiledPath -- Evaluating path: $['text']
12:52:52.645 [main] DEBUG com.jayway.jsonpath.internal.path.CompiledPath -- Evaluating path: $
12:52:52.645 [main] DEBUG com.jayway.jsonpath.internal.path.CompiledPath -- Evaluating path: $
12:52:52.645 [main] DEBUG com.jayway.jsonpath.internal.JsonContext -- Put path $ key text value {}
12:52:52.645 [main] DEBUG com.jayway.jsonpath.internal.path.CompiledPath -- Evaluating path: $
12:52:52.645 [main] DEBUG com.jayway.jsonpath.internal.JsonContext -- Put path $ key text value n
12:52:52.645 [main] DEBUG com.jayway.jsonpath.internal.path.CompiledPath -- Evaluating path: $['windowsVirtualKeyCode']
12:52:52.645 [main] DEBUG com.jayway.jsonpath.internal.path.CompiledPath -- Evaluating path: $
12:52:52.645 [main] DEBUG com.jayway.jsonpath.internal.path.CompiledPath -- Evaluating path: $
12:52:52.645 [main] DEBUG com.jayway.jsonpath.internal.JsonContext -- Put path $ key windowsVirtualKeyCode value {}
12:52:52.645 [main] DEBUG com.jayway.jsonpath.internal.path.CompiledPath -- Evaluating path: $
12:52:52.645 [main] DEBUG com.jayway.jsonpath.internal.JsonContext -- Put path $ key windowsVirtualKeyCode value 110
12:52:52.645 [main] DEBUG com.jayway.jsonpath.internal.path.CompiledPath -- Evaluating path: $
12:52:52.645 [main] DEBUG com.intuit.karate.driver.chrome_1718781763869 -- >> {"id":53,"sessionId":"2ACBFFE90E2D25278B539EB66C5835A5","method":"Input.dispatchKeyEvent","params":{"modifiers":0,"type":"rawKeyDown","text":"n","windowsVirtualKeyCode":110}}
12:52:52.648 [nioEventLoopGroup-10-1] DEBUG com.intuit.karate.driver.chrome_1718781763869 -- << {"id":53,"result":{},"sessionId":"2ACBFFE90E2D25278B539EB66C5835A5"}
12:52:52.648 [nioEventLoopGroup-10-1] DEBUG com.jayway.jsonpath.internal.path.CompiledPath -- Evaluating path: $
12:52:52.648 [main] DEBUG com.jayway.jsonpath.internal.path.CompiledPath -- Evaluating path: $['modifiers']
12:52:52.648 [main] DEBUG com.jayway.jsonpath.internal.path.CompiledPath -- Evaluating path: $
12:52:52.648 [main] DEBUG com.jayway.jsonpath.internal.path.CompiledPath -- Evaluating path: $
12:52:52.648 [main] DEBUG com.jayway.jsonpath.internal.JsonContext -- Put path $ key modifiers value {}
12:52:52.648 [main] DEBUG com.jayway.jsonpath.internal.path.CompiledPath -- Evaluating path: $
12:52:52.648 [main] DEBUG com.jayway.jsonpath.internal.JsonContext -- Put path $ key modifiers value 0
12:52:52.648 [main] DEBUG com.jayway.jsonpath.internal.path.CompiledPath -- Evaluating path: $['type']
12:52:52.648 [main] DEBUG com.jayway.jsonpath.internal.path.CompiledPath -- Evaluating path: $
12:52:52.648 [main] DEBUG com.jayway.jsonpath.internal.path.CompiledPath -- Evaluating path: $
12:52:52.648 [main] DEBUG com.jayway.jsonpath.internal.JsonContext -- Put path $ key type value {}
12:52:52.648 [main] DEBUG com.jayway.jsonpath.internal.path.CompiledPath -- Evaluating path: $
12:52:52.648 [main] DEBUG com.jayway.jsonpath.internal.JsonContext -- Put path $ key type value char
12:52:52.648 [main] DEBUG com.jayway.jsonpath.internal.path.CompiledPath -- Evaluating path: $['text']
12:52:52.648 [main] DEBUG com.jayway.jsonpath.internal.path.CompiledPath -- Evaluating path: $
12:52:52.648 [main] DEBUG com.jayway.jsonpath.internal.path.CompiledPath -- Evaluating path: $
12:52:52.648 [main] DEBUG com.jayway.jsonpath.internal.JsonContext -- Put path $ key text value {}
12:52:52.648 [main] DEBUG com.jayway.jsonpath.internal.path.CompiledPath -- Evaluating path: $
12:52:52.648 [main] DEBUG com.jayway.jsonpath.internal.JsonContext -- Put path $ key text value n
12:52:52.648 [main] DEBUG com.jayway.jsonpath.internal.path.CompiledPath -- Evaluating path: $['windowsVirtualKeyCode']
12:52:52.648 [main] DEBUG com.jayway.jsonpath.internal.path.CompiledPath -- Evaluating path: $
12:52:52.648 [main] DEBUG com.jayway.jsonpath.internal.path.CompiledPath -- Evaluating path: $
12:52:52.648 [main] DEBUG com.jayway.jsonpath.internal.JsonContext -- Put path $ key windowsVirtualKeyCode value {}
12:52:52.648 [main] DEBUG com.jayway.jsonpath.internal.path.CompiledPath -- Evaluating path: $
12:52:52.648 [main] DEBUG com.jayway.jsonpath.internal.JsonContext -- Put path $ key windowsVirtualKeyCode value 110
12:52:52.648 [main] DEBUG com.jayway.jsonpath.internal.path.CompiledPath -- Evaluating path: $
12:52:52.648 [main] DEBUG com.intuit.karate.driver.chrome_1718781763869 -- >> {"id":54,"sessionId":"2ACBFFE90E2D25278B539EB66C5835A5","method":"Input.dispatchKeyEvent","params":{"modifiers":0,"type":"char","text":"n","windowsVirtualKeyCode":110}}
12:52:52.653 [nioEventLoopGroup-10-1] DEBUG com.intuit.karate.driver.chrome_1718781763869 -- << {"id":54,"result":{},"sessionId":"2ACBFFE90E2D25278B539EB66C5835A5"}
12:52:52.653 [nioEventLoopGroup-10-1] DEBUG com.jayway.jsonpath.internal.path.CompiledPath -- Evaluating path: $
12:52:52.654 [main] DEBUG com.jayway.jsonpath.internal.path.CompiledPath -- Evaluating path: $['modifiers']
12:52:52.654 [main] DEBUG com.jayway.jsonpath.internal.path.CompiledPath -- Evaluating path: $
12:52:52.654 [main] DEBUG com.jayway.jsonpath.internal.path.CompiledPath -- Evaluating path: $
12:52:52.654 [main] DEBUG com.jayway.jsonpath.internal.JsonContext -- Put path $ key modifiers value {}
12:52:52.654 [main] DEBUG com.jayway.jsonpath.internal.path.CompiledPath -- Evaluating path: $
12:52:52.654 [main] DEBUG com.jayway.jsonpath.internal.JsonContext -- Put path $ key modifiers value 0
12:52:52.654 [main] DEBUG com.jayway.jsonpath.internal.path.CompiledPath -- Evaluating path: $['type']
12:52:52.654 [main] DEBUG com.jayway.jsonpath.internal.path.CompiledPath -- Evaluating path: $
12:52:52.654 [main] DEBUG com.jayway.jsonpath.internal.path.CompiledPath -- Evaluating path: $
12:52:52.654 [main] DEBUG com.jayway.jsonpath.internal.JsonContext -- Put path $ key type value {}
12:52:52.654 [main] DEBUG com.jayway.jsonpath.internal.path.CompiledPath -- Evaluating path: $
12:52:52.654 [main] DEBUG com.jayway.jsonpath.internal.JsonContext -- Put path $ key type value keyUp
12:52:52.654 [main] DEBUG com.jayway.jsonpath.internal.path.CompiledPath -- Evaluating path: $['text']
12:52:52.654 [main] DEBUG com.jayway.jsonpath.internal.path.CompiledPath -- Evaluating path: $
12:52:52.654 [main] DEBUG com.jayway.jsonpath.internal.path.CompiledPath -- Evaluating path: $
12:52:52.654 [main] DEBUG com.jayway.jsonpath.internal.JsonContext -- Put path $ key text value {}
12:52:52.654 [main] DEBUG com.jayway.jsonpath.internal.path.CompiledPath -- Evaluating path: $
12:52:52.654 [main] DEBUG com.jayway.jsonpath.internal.JsonContext -- Put path $ key text value n
12:52:52.654 [main] DEBUG com.jayway.jsonpath.internal.path.CompiledPath -- Evaluating path: $['windowsVirtualKeyCode']
12:52:52.654 [main] DEBUG com.jayway.jsonpath.internal.path.CompiledPath -- Evaluating path: $
12:52:52.654 [main] DEBUG com.jayway.jsonpath.internal.path.CompiledPath -- Evaluating path: $
12:52:52.654 [main] DEBUG com.jayway.jsonpath.internal.JsonContext -- Put path $ key windowsVirtualKeyCode value {}
12:52:52.654 [main] DEBUG com.jayway.jsonpath.internal.path.CompiledPath -- Evaluating path: $
12:52:52.654 [main] DEBUG com.jayway.jsonpath.internal.JsonContext -- Put path $ key windowsVirtualKeyCode value 110
12:52:52.654 [main] DEBUG com.jayway.jsonpath.internal.path.CompiledPath -- Evaluating path: $
12:52:52.654 [main] DEBUG com.intuit.karate.driver.chrome_1718781763869 -- >> {"id":55,"sessionId":"2ACBFFE90E2D25278B539EB66C5835A5","method":"Input.dispatchKeyEvent","params":{"modifiers":0,"type":"keyUp","text":"n","windowsVirtualKeyCode":110}}
12:52:52.657 [nioEventLoopGroup-10-1] DEBUG com.intuit.karate.driver.chrome_1718781763869 -- << {"id":55,"result":{},"sessionId":"2ACBFFE90E2D25278B539EB66C5835A5"}
12:52:52.657 [nioEventLoopGroup-10-1] DEBUG com.jayway.jsonpath.internal.path.CompiledPath -- Evaluating path: $
12:52:52.657 [main] DEBUG com.jayway.jsonpath.internal.path.CompiledPath -- Evaluating path: $['modifiers']
12:52:52.657 [main] DEBUG com.jayway.jsonpath.internal.path.CompiledPath -- Evaluating path: $
12:52:52.657 [main] DEBUG com.jayway.jsonpath.internal.path.CompiledPath -- Evaluating path: $
12:52:52.657 [main] DEBUG com.jayway.jsonpath.internal.JsonContext -- Put path $ key modifiers value {}
12:52:52.657 [main] DEBUG com.jayway.jsonpath.internal.path.CompiledPath -- Evaluating path: $
12:52:52.657 [main] DEBUG com.jayway.jsonpath.internal.JsonContext -- Put path $ key modifiers value 0
12:52:52.657 [main] DEBUG com.jayway.jsonpath.internal.path.CompiledPath -- Evaluating path: $['type']
12:52:52.657 [main] DEBUG com.jayway.jsonpath.internal.path.CompiledPath -- Evaluating path: $
12:52:52.657 [main] DEBUG com.jayway.jsonpath.internal.path.CompiledPath -- Evaluating path: $
12:52:52.657 [main] DEBUG com.jayway.jsonpath.internal.JsonContext -- Put path $ key type value {}
12:52:52.657 [main] DEBUG com.jayway.jsonpath.internal.path.CompiledPath -- Evaluating path: $
12:52:52.657 [main] DEBUG com.jayway.jsonpath.internal.JsonContext -- Put path $ key type value rawKeyDown
12:52:52.657 [main] DEBUG com.jayway.jsonpath.internal.path.CompiledPath -- Evaluating path: $['text']
12:52:52.657 [main] DEBUG com.jayway.jsonpath.internal.path.CompiledPath -- Evaluating path: $
12:52:52.657 [main] DEBUG com.jayway.jsonpath.internal.path.CompiledPath -- Evaluating path: $
12:52:52.657 [main] DEBUG com.jayway.jsonpath.internal.JsonContext -- Put path $ key text value {}
12:52:52.657 [main] DEBUG com.jayway.jsonpath.internal.path.CompiledPath -- Evaluating path: $
12:52:52.657 [main] DEBUG com.jayway.jsonpath.internal.JsonContext -- Put path $ key text value v
12:52:52.657 [main] DEBUG com.jayway.jsonpath.internal.path.CompiledPath -- Evaluating path: $['windowsVirtualKeyCode']
12:52:52.657 [main] DEBUG com.jayway.jsonpath.internal.path.CompiledPath -- Evaluating path: $
12:52:52.657 [main] DEBUG com.jayway.jsonpath.internal.path.CompiledPath -- Evaluating path: $
12:52:52.657 [main] DEBUG com.jayway.jsonpath.internal.JsonContext -- Put path $ key windowsVirtualKeyCode value {}
12:52:52.657 [main] DEBUG com.jayway.jsonpath.internal.path.CompiledPath -- Evaluating path: $
12:52:52.657 [main] DEBUG com.jayway.jsonpath.internal.JsonContext -- Put path $ key windowsVirtualKeyCode value 118
12:52:52.657 [main] DEBUG com.jayway.jsonpath.internal.path.CompiledPath -- Evaluating path: $
12:52:52.657 [main] DEBUG com.intuit.karate.driver.chrome_1718781763869 -- >> {"id":56,"sessionId":"2ACBFFE90E2D25278B539EB66C5835A5","method":"Input.dispatchKeyEvent","params":{"modifiers":0,"type":"rawKeyDown","text":"v","windowsVirtualKeyCode":118}}
12:52:52.753 [nioEventLoopGroup-10-1] DEBUG com.intuit.karate.driver.chrome_1718781763869 -- << {"id":56,"result":{},"sessionId":"2ACBFFE90E2D25278B539EB66C5835A5"}
12:52:52.753 [nioEventLoopGroup-10-1] DEBUG com.jayway.jsonpath.internal.path.CompiledPath -- Evaluating path: $
12:52:52.753 [main] DEBUG com.jayway.jsonpath.internal.path.CompiledPath -- Evaluating path: $['modifiers']
12:52:52.753 [main] DEBUG com.jayway.jsonpath.internal.path.CompiledPath -- Evaluating path: $
12:52:52.753 [main] DEBUG com.jayway.jsonpath.internal.path.CompiledPath -- Evaluating path: $
12:52:52.753 [main] DEBUG com.jayway.jsonpath.internal.JsonContext -- Put path $ key modifiers value {}
12:52:52.753 [main] DEBUG com.jayway.jsonpath.internal.path.CompiledPath -- Evaluating path: $
12:52:52.753 [main] DEBUG com.jayway.jsonpath.internal.JsonContext -- Put path $ key modifiers value 0
12:52:52.753 [main] DEBUG com.jayway.jsonpath.internal.path.CompiledPath -- Evaluating path: $['type']
12:52:52.753 [main] DEBUG com.jayway.jsonpath.internal.path.CompiledPath -- Evaluating path: $
12:52:52.753 [main] DEBUG com.jayway.jsonpath.internal.path.CompiledPath -- Evaluating path: $
12:52:52.753 [main] DEBUG com.jayway.jsonpath.internal.JsonContext -- Put path $ key type value {}
12:52:52.753 [main] DEBUG com.jayway.jsonpath.internal.path.CompiledPath -- Evaluating path: $
12:52:52.753 [main] DEBUG com.jayway.jsonpath.internal.JsonContext -- Put path $ key type value char
12:52:52.753 [main] DEBUG com.jayway.jsonpath.internal.path.CompiledPath -- Evaluating path: $['text']
12:52:52.753 [main] DEBUG com.jayway.jsonpath.internal.path.CompiledPath -- Evaluating path: $
12:52:52.753 [main] DEBUG com.jayway.jsonpath.internal.path.CompiledPath -- Evaluating path: $
12:52:52.753 [main] DEBUG com.jayway.jsonpath.internal.JsonContext -- Put path $ key text value {}
12:52:52.753 [main] DEBUG com.jayway.jsonpath.internal.path.CompiledPath -- Evaluating path: $
12:52:52.753 [main] DEBUG com.jayway.jsonpath.internal.JsonContext -- Put path $ key text value v
12:52:52.753 [main] DEBUG com.jayway.jsonpath.internal.path.CompiledPath -- Evaluating path: $['windowsVirtualKeyCode']
12:52:52.753 [main] DEBUG com.jayway.jsonpath.internal.path.CompiledPath -- Evaluating path: $
12:52:52.753 [main] DEBUG com.jayway.jsonpath.internal.path.CompiledPath -- Evaluating path: $
12:52:52.753 [main] DEBUG com.jayway.jsonpath.internal.JsonContext -- Put path $ key windowsVirtualKeyCode value {}
12:52:52.753 [main] DEBUG com.jayway.jsonpath.internal.path.CompiledPath -- Evaluating path: $
12:52:52.753 [main] DEBUG com.jayway.jsonpath.internal.JsonContext -- Put path $ key windowsVirtualKeyCode value 118
12:52:52.753 [main] DEBUG com.jayway.jsonpath.internal.path.CompiledPath -- Evaluating path: $
12:52:52.753 [main] DEBUG com.intuit.karate.driver.chrome_1718781763869 -- >> {"id":57,"sessionId":"2ACBFFE90E2D25278B539EB66C5835A5","method":"Input.dispatchKeyEvent","params":{"modifiers":0,"type":"char","text":"v","windowsVirtualKeyCode":118}}
12:52:52.759 [nioEventLoopGroup-10-1] DEBUG com.intuit.karate.driver.chrome_1718781763869 -- << {"id":57,"result":{},"sessionId":"2ACBFFE90E2D25278B539EB66C5835A5"}
12:52:52.759 [nioEventLoopGroup-10-1] DEBUG com.jayway.jsonpath.internal.path.CompiledPath -- Evaluating path: $
12:52:52.760 [main] DEBUG com.jayway.jsonpath.internal.path.CompiledPath -- Evaluating path: $['modifiers']
12:52:52.760 [main] DEBUG com.jayway.jsonpath.internal.path.CompiledPath -- Evaluating path: $
12:52:52.760 [main] DEBUG com.jayway.jsonpath.internal.path.CompiledPath -- Evaluating path: $
12:52:52.760 [main] DEBUG com.jayway.jsonpath.internal.JsonContext -- Put path $ key modifiers value {}
12:52:52.760 [main] DEBUG com.jayway.jsonpath.internal.path.CompiledPath -- Evaluating path: $
12:52:52.760 [main] DEBUG com.jayway.jsonpath.internal.JsonContext -- Put path $ key modifiers value 0
12:52:52.760 [main] DEBUG com.jayway.jsonpath.internal.path.CompiledPath -- Evaluating path: $['type']
12:52:52.760 [main] DEBUG com.jayway.jsonpath.internal.path.CompiledPath -- Evaluating path: $
12:52:52.760 [main] DEBUG com.jayway.jsonpath.internal.path.CompiledPath -- Evaluating path: $
12:52:52.760 [main] DEBUG com.jayway.jsonpath.internal.JsonContext -- Put path $ key type value {}
12:52:52.760 [main] DEBUG com.jayway.jsonpath.internal.path.CompiledPath -- Evaluating path: $
12:52:52.760 [main] DEBUG com.jayway.jsonpath.internal.JsonContext -- Put path $ key type value keyUp
12:52:52.760 [main] DEBUG com.jayway.jsonpath.internal.path.CompiledPath -- Evaluating path: $['text']
12:52:52.760 [main] DEBUG com.jayway.jsonpath.internal.path.CompiledPath -- Evaluating path: $
12:52:52.760 [main] DEBUG com.jayway.jsonpath.internal.path.CompiledPath -- Evaluating path: $
12:52:52.760 [main] DEBUG com.jayway.jsonpath.internal.JsonContext -- Put path $ key text value {}
12:52:52.760 [main] DEBUG com.jayway.jsonpath.internal.path.CompiledPath -- Evaluating path: $
12:52:52.760 [main] DEBUG com.jayway.jsonpath.internal.JsonContext -- Put path $ key text value v
12:52:52.760 [main] DEBUG com.jayway.jsonpath.internal.path.CompiledPath -- Evaluating path: $['windowsVirtualKeyCode']
12:52:52.760 [main] DEBUG com.jayway.jsonpath.internal.path.CompiledPath -- Evaluating path: $
12:52:52.760 [main] DEBUG com.jayway.jsonpath.internal.path.CompiledPath -- Evaluating path: $
12:52:52.760 [main] DEBUG com.jayway.jsonpath.internal.JsonContext -- Put path $ key windowsVirtualKeyCode value {}
12:52:52.760 [main] DEBUG com.jayway.jsonpath.internal.path.CompiledPath -- Evaluating path: $
12:52:52.760 [main] DEBUG com.jayway.jsonpath.internal.JsonContext -- Put path $ key windowsVirtualKeyCode value 118
12:52:52.760 [main] DEBUG com.jayway.jsonpath.internal.path.CompiledPath -- Evaluating path: $
12:52:52.760 [main] DEBUG com.intuit.karate.driver.chrome_1718781763869 -- >> {"id":58,"sessionId":"2ACBFFE90E2D25278B539EB66C5835A5","method":"Input.dispatchKeyEvent","params":{"modifiers":0,"type":"keyUp","text":"v","windowsVirtualKeyCode":118}}
12:52:52.769 [nioEventLoopGroup-10-1] DEBUG com.intuit.karate.driver.chrome_1718781763869 -- << {"id":58,"result":{},"sessionId":"2ACBFFE90E2D25278B539EB66C5835A5"}
12:52:52.769 [nioEventLoopGroup-10-1] DEBUG com.jayway.jsonpath.internal.path.CompiledPath -- Evaluating path: $
12:52:52.769 [main] DEBUG com.jayway.jsonpath.internal.path.CompiledPath -- Evaluating path: $['modifiers']
12:52:52.769 [main] DEBUG com.jayway.jsonpath.internal.path.CompiledPath -- Evaluating path: $
12:52:52.769 [main] DEBUG com.jayway.jsonpath.internal.path.CompiledPath -- Evaluating path: $
12:52:52.769 [main] DEBUG com.jayway.jsonpath.internal.JsonContext -- Put path $ key modifiers value {}
12:52:52.769 [main] DEBUG com.jayway.jsonpath.internal.path.CompiledPath -- Evaluating path: $
12:52:52.769 [main] DEBUG com.jayway.jsonpath.internal.JsonContext -- Put path $ key modifiers value 0
12:52:52.769 [main] DEBUG com.jayway.jsonpath.internal.path.CompiledPath -- Evaluating path: $['type']
12:52:52.769 [main] DEBUG com.jayway.jsonpath.internal.path.CompiledPath -- Evaluating path: $
12:52:52.769 [main] DEBUG com.jayway.jsonpath.internal.path.CompiledPath -- Evaluating path: $
12:52:52.769 [main] DEBUG com.jayway.jsonpath.internal.JsonContext -- Put path $ key type value {}
12:52:52.769 [main] DEBUG com.jayway.jsonpath.internal.path.CompiledPath -- Evaluating path: $
12:52:52.769 [main] DEBUG com.jayway.jsonpath.internal.JsonContext -- Put path $ key type value rawKeyDown
12:52:52.769 [main] DEBUG com.jayway.jsonpath.internal.path.CompiledPath -- Evaluating path: $['text']
12:52:52.769 [main] DEBUG com.jayway.jsonpath.internal.path.CompiledPath -- Evaluating path: $
12:52:52.769 [main] DEBUG com.jayway.jsonpath.internal.path.CompiledPath -- Evaluating path: $
12:52:52.769 [main] DEBUG com.jayway.jsonpath.internal.JsonContext -- Put path $ key text value {}
12:52:52.769 [main] DEBUG com.jayway.jsonpath.internal.path.CompiledPath -- Evaluating path: $
12:52:52.769 [main] DEBUG com.jayway.jsonpath.internal.JsonContext -- Put path $ key text value a
12:52:52.769 [main] DEBUG com.jayway.jsonpath.internal.path.CompiledPath -- Evaluating path: $['windowsVirtualKeyCode']
12:52:52.769 [main] DEBUG com.jayway.jsonpath.internal.path.CompiledPath -- Evaluating path: $
12:52:52.769 [main] DEBUG com.jayway.jsonpath.internal.path.CompiledPath -- Evaluating path: $
12:52:52.769 [main] DEBUG com.jayway.jsonpath.internal.JsonContext -- Put path $ key windowsVirtualKeyCode value {}
12:52:52.769 [main] DEBUG com.jayway.jsonpath.internal.path.CompiledPath -- Evaluating path: $
12:52:52.769 [main] DEBUG com.jayway.jsonpath.internal.JsonContext -- Put path $ key windowsVirtualKeyCode value 97
12:52:52.769 [main] DEBUG com.jayway.jsonpath.internal.path.CompiledPath -- Evaluating path: $
12:52:52.769 [main] DEBUG com.intuit.karate.driver.chrome_1718781763869 -- >> {"id":59,"sessionId":"2ACBFFE90E2D25278B539EB66C5835A5","method":"Input.dispatchKeyEvent","params":{"modifiers":0,"type":"rawKeyDown","text":"a","windowsVirtualKeyCode":97}}
12:52:52.772 [nioEventLoopGroup-10-1] DEBUG com.intuit.karate.driver.chrome_1718781763869 -- << {"id":59,"result":{},"sessionId":"2ACBFFE90E2D25278B539EB66C5835A5"}
12:52:52.772 [nioEventLoopGroup-10-1] DEBUG com.jayway.jsonpath.internal.path.CompiledPath -- Evaluating path: $
12:52:52.772 [main] DEBUG com.jayway.jsonpath.internal.path.CompiledPath -- Evaluating path: $['modifiers']
12:52:52.772 [main] DEBUG com.jayway.jsonpath.internal.path.CompiledPath -- Evaluating path: $
12:52:52.772 [main] DEBUG com.jayway.jsonpath.internal.path.CompiledPath -- Evaluating path: $
12:52:52.772 [main] DEBUG com.jayway.jsonpath.internal.JsonContext -- Put path $ key modifiers value {}
12:52:52.772 [main] DEBUG com.jayway.jsonpath.internal.path.CompiledPath -- Evaluating path: $
12:52:52.772 [main] DEBUG com.jayway.jsonpath.internal.JsonContext -- Put path $ key modifiers value 0
12:52:52.772 [main] DEBUG com.jayway.jsonpath.internal.path.CompiledPath -- Evaluating path: $['type']
12:52:52.773 [main] DEBUG com.jayway.jsonpath.internal.path.CompiledPath -- Evaluating path: $
12:52:52.773 [main] DEBUG com.jayway.jsonpath.internal.path.CompiledPath -- Evaluating path: $
12:52:52.773 [main] DEBUG com.jayway.jsonpath.internal.JsonContext -- Put path $ key type value {}
12:52:52.773 [main] DEBUG com.jayway.jsonpath.internal.path.CompiledPath -- Evaluating path: $
12:52:52.773 [main] DEBUG com.jayway.jsonpath.internal.JsonContext -- Put path $ key type value char
12:52:52.773 [main] DEBUG com.jayway.jsonpath.internal.path.CompiledPath -- Evaluating path: $['text']
12:52:52.773 [main] DEBUG com.jayway.jsonpath.internal.path.CompiledPath -- Evaluating path: $
12:52:52.773 [main] DEBUG com.jayway.jsonpath.internal.path.CompiledPath -- Evaluating path: $
12:52:52.773 [main] DEBUG com.jayway.jsonpath.internal.JsonContext -- Put path $ key text value {}
12:52:52.773 [main] DEBUG com.jayway.jsonpath.internal.path.CompiledPath -- Evaluating path: $
12:52:52.773 [main] DEBUG com.jayway.jsonpath.internal.JsonContext -- Put path $ key text value a
12:52:52.773 [main] DEBUG com.jayway.jsonpath.internal.path.CompiledPath -- Evaluating path: $['windowsVirtualKeyCode']
12:52:52.773 [main] DEBUG com.jayway.jsonpath.internal.path.CompiledPath -- Evaluating path: $
12:52:52.773 [main] DEBUG com.jayway.jsonpath.internal.path.CompiledPath -- Evaluating path: $
12:52:52.773 [main] DEBUG com.jayway.jsonpath.internal.JsonContext -- Put path $ key windowsVirtualKeyCode value {}
12:52:52.773 [main] DEBUG com.jayway.jsonpath.internal.path.CompiledPath -- Evaluating path: $
12:52:52.773 [main] DEBUG com.jayway.jsonpath.internal.JsonContext -- Put path $ key windowsVirtualKeyCode value 97
12:52:52.773 [main] DEBUG com.jayway.jsonpath.internal.path.CompiledPath -- Evaluating path: $
12:52:52.773 [main] DEBUG com.intuit.karate.driver.chrome_1718781763869 -- >> {"id":60,"sessionId":"2ACBFFE90E2D25278B539EB66C5835A5","method":"Input.dispatchKeyEvent","params":{"modifiers":0,"type":"char","text":"a","windowsVirtualKeyCode":97}}
12:52:52.787 [nioEventLoopGroup-10-1] DEBUG com.intuit.karate.driver.chrome_1718781763869 -- << {"id":60,"result":{},"sessionId":"2ACBFFE90E2D25278B539EB66C5835A5"}
12:52:52.788 [nioEventLoopGroup-10-1] DEBUG com.jayway.jsonpath.internal.path.CompiledPath -- Evaluating path: $
12:52:52.788 [main] DEBUG com.jayway.jsonpath.internal.path.CompiledPath -- Evaluating path: $['modifiers']
12:52:52.788 [main] DEBUG com.jayway.jsonpath.internal.path.CompiledPath -- Evaluating path: $
12:52:52.788 [main] DEBUG com.jayway.jsonpath.internal.path.CompiledPath -- Evaluating path: $
12:52:52.788 [main] DEBUG com.jayway.jsonpath.internal.JsonContext -- Put path $ key modifiers value {}
12:52:52.788 [main] DEBUG com.jayway.jsonpath.internal.path.CompiledPath -- Evaluating path: $
12:52:52.788 [main] DEBUG com.jayway.jsonpath.internal.JsonContext -- Put path $ key modifiers value 0
12:52:52.788 [main] DEBUG com.jayway.jsonpath.internal.path.CompiledPath -- Evaluating path: $['type']
12:52:52.788 [main] DEBUG com.jayway.jsonpath.internal.path.CompiledPath -- Evaluating path: $
12:52:52.788 [main] DEBUG com.jayway.jsonpath.internal.path.CompiledPath -- Evaluating path: $
12:52:52.788 [main] DEBUG com.jayway.jsonpath.internal.JsonContext -- Put path $ key type value {}
12:52:52.788 [main] DEBUG com.jayway.jsonpath.internal.path.CompiledPath -- Evaluating path: $
12:52:52.788 [main] DEBUG com.jayway.jsonpath.internal.JsonContext -- Put path $ key type value keyUp
12:52:52.788 [main] DEBUG com.jayway.jsonpath.internal.path.CompiledPath -- Evaluating path: $['text']
12:52:52.788 [main] DEBUG com.jayway.jsonpath.internal.path.CompiledPath -- Evaluating path: $
12:52:52.788 [main] DEBUG com.jayway.jsonpath.internal.path.CompiledPath -- Evaluating path: $
12:52:52.788 [main] DEBUG com.jayway.jsonpath.internal.JsonContext -- Put path $ key text value {}
12:52:52.788 [main] DEBUG com.jayway.jsonpath.internal.path.CompiledPath -- Evaluating path: $
12:52:52.788 [main] DEBUG com.jayway.jsonpath.internal.JsonContext -- Put path $ key text value a
12:52:52.788 [main] DEBUG com.jayway.jsonpath.internal.path.CompiledPath -- Evaluating path: $['windowsVirtualKeyCode']
12:52:52.788 [main] DEBUG com.jayway.jsonpath.internal.path.CompiledPath -- Evaluating path: $
12:52:52.788 [main] DEBUG com.jayway.jsonpath.internal.path.CompiledPath -- Evaluating path: $
12:52:52.788 [main] DEBUG com.jayway.jsonpath.internal.JsonContext -- Put path $ key windowsVirtualKeyCode value {}
12:52:52.788 [main] DEBUG com.jayway.jsonpath.internal.path.CompiledPath -- Evaluating path: $
12:52:52.788 [main] DEBUG com.jayway.jsonpath.internal.JsonContext -- Put path $ key windowsVirtualKeyCode value 97
12:52:52.788 [main] DEBUG com.jayway.jsonpath.internal.path.CompiledPath -- Evaluating path: $
12:52:52.788 [main] DEBUG com.intuit.karate.driver.chrome_1718781763869 -- >> {"id":61,"sessionId":"2ACBFFE90E2D25278B539EB66C5835A5","method":"Input.dispatchKeyEvent","params":{"modifiers":0,"type":"keyUp","text":"a","windowsVirtualKeyCode":97}}
12:52:52.790 [nioEventLoopGroup-10-1] DEBUG com.intuit.karate.driver.chrome_1718781763869 -- << {"id":61,"result":{},"sessionId":"2ACBFFE90E2D25278B539EB66C5835A5"}
12:52:52.790 [nioEventLoopGroup-10-1] DEBUG com.jayway.jsonpath.internal.path.CompiledPath -- Evaluating path: $
12:52:52.790 [main] DEBUG com.jayway.jsonpath.internal.path.CompiledPath -- Evaluating path: $['modifiers']
12:52:52.790 [main] DEBUG com.jayway.jsonpath.internal.path.CompiledPath -- Evaluating path: $
12:52:52.790 [main] DEBUG com.jayway.jsonpath.internal.path.CompiledPath -- Evaluating path: $
12:52:52.790 [main] DEBUG com.jayway.jsonpath.internal.JsonContext -- Put path $ key modifiers value {}
12:52:52.790 [main] DEBUG com.jayway.jsonpath.internal.path.CompiledPath -- Evaluating path: $
12:52:52.790 [main] DEBUG com.jayway.jsonpath.internal.JsonContext -- Put path $ key modifiers value 0
12:52:52.790 [main] DEBUG com.jayway.jsonpath.internal.path.CompiledPath -- Evaluating path: $['type']
12:52:52.791 [main] DEBUG com.jayway.jsonpath.internal.path.CompiledPath -- Evaluating path: $
12:52:52.791 [main] DEBUG com.jayway.jsonpath.internal.path.CompiledPath -- Evaluating path: $
12:52:52.791 [main] DEBUG com.jayway.jsonpath.internal.JsonContext -- Put path $ key type value {}
12:52:52.791 [main] DEBUG com.jayway.jsonpath.internal.path.CompiledPath -- Evaluating path: $
12:52:52.791 [main] DEBUG com.jayway.jsonpath.internal.JsonContext -- Put path $ key type value rawKeyDown
12:52:52.791 [main] DEBUG com.jayway.jsonpath.internal.path.CompiledPath -- Evaluating path: $['text']
12:52:52.791 [main] DEBUG com.jayway.jsonpath.internal.path.CompiledPath -- Evaluating path: $
12:52:52.791 [main] DEBUG com.jayway.jsonpath.internal.path.CompiledPath -- Evaluating path: $
12:52:52.791 [main] DEBUG com.jayway.jsonpath.internal.JsonContext -- Put path $ key text value {}
12:52:52.791 [main] DEBUG com.jayway.jsonpath.internal.path.CompiledPath -- Evaluating path: $
12:52:52.791 [main] DEBUG com.jayway.jsonpath.internal.JsonContext -- Put path $ key text value l
12:52:52.791 [main] DEBUG com.jayway.jsonpath.internal.path.CompiledPath -- Evaluating path: $['windowsVirtualKeyCode']
12:52:52.791 [main] DEBUG com.jayway.jsonpath.internal.path.CompiledPath -- Evaluating path: $
12:52:52.791 [main] DEBUG com.jayway.jsonpath.internal.path.CompiledPath -- Evaluating path: $
12:52:52.791 [main] DEBUG com.jayway.jsonpath.internal.JsonContext -- Put path $ key windowsVirtualKeyCode value {}
12:52:52.791 [main] DEBUG com.jayway.jsonpath.internal.path.CompiledPath -- Evaluating path: $
12:52:52.791 [main] DEBUG com.jayway.jsonpath.internal.JsonContext -- Put path $ key windowsVirtualKeyCode value 108
12:52:52.791 [main] DEBUG com.jayway.jsonpath.internal.path.CompiledPath -- Evaluating path: $
12:52:52.791 [main] DEBUG com.intuit.karate.driver.chrome_1718781763869 -- >> {"id":62,"sessionId":"2ACBFFE90E2D25278B539EB66C5835A5","method":"Input.dispatchKeyEvent","params":{"modifiers":0,"type":"rawKeyDown","text":"l","windowsVirtualKeyCode":108}}
12:52:52.798 [nioEventLoopGroup-10-1] DEBUG com.intuit.karate.driver.chrome_1718781763869 -- << {"id":62,"result":{},"sessionId":"2ACBFFE90E2D25278B539EB66C5835A5"}
12:52:52.798 [nioEventLoopGroup-10-1] DEBUG com.jayway.jsonpath.internal.path.CompiledPath -- Evaluating path: $
12:52:52.798 [main] DEBUG com.jayway.jsonpath.internal.path.CompiledPath -- Evaluating path: $['modifiers']
12:52:52.798 [main] DEBUG com.jayway.jsonpath.internal.path.CompiledPath -- Evaluating path: $
12:52:52.798 [main] DEBUG com.jayway.jsonpath.internal.path.CompiledPath -- Evaluating path: $
12:52:52.798 [main] DEBUG com.jayway.jsonpath.internal.JsonContext -- Put path $ key modifiers value {}
12:52:52.798 [main] DEBUG com.jayway.jsonpath.internal.path.CompiledPath -- Evaluating path: $
12:52:52.798 [main] DEBUG com.jayway.jsonpath.internal.JsonContext -- Put path $ key modifiers value 0
12:52:52.798 [main] DEBUG com.jayway.jsonpath.internal.path.CompiledPath -- Evaluating path: $['type']
12:52:52.798 [main] DEBUG com.jayway.jsonpath.internal.path.CompiledPath -- Evaluating path: $
12:52:52.798 [main] DEBUG com.jayway.jsonpath.internal.path.CompiledPath -- Evaluating path: $
12:52:52.798 [main] DEBUG com.jayway.jsonpath.internal.JsonContext -- Put path $ key type value {}
12:52:52.798 [main] DEBUG com.jayway.jsonpath.internal.path.CompiledPath -- Evaluating path: $
12:52:52.798 [main] DEBUG com.jayway.jsonpath.internal.JsonContext -- Put path $ key type value char
12:52:52.798 [main] DEBUG com.jayway.jsonpath.internal.path.CompiledPath -- Evaluating path: $['text']
12:52:52.798 [main] DEBUG com.jayway.jsonpath.internal.path.CompiledPath -- Evaluating path: $
12:52:52.798 [main] DEBUG com.jayway.jsonpath.internal.path.CompiledPath -- Evaluating path: $
12:52:52.798 [main] DEBUG com.jayway.jsonpath.internal.JsonContext -- Put path $ key text value {}
12:52:52.798 [main] DEBUG com.jayway.jsonpath.internal.path.CompiledPath -- Evaluating path: $
12:52:52.798 [main] DEBUG com.jayway.jsonpath.internal.JsonContext -- Put path $ key text value l
12:52:52.798 [main] DEBUG com.jayway.jsonpath.internal.path.CompiledPath -- Evaluating path: $['windowsVirtualKeyCode']
12:52:52.798 [main] DEBUG com.jayway.jsonpath.internal.path.CompiledPath -- Evaluating path: $
12:52:52.798 [main] DEBUG com.jayway.jsonpath.internal.path.CompiledPath -- Evaluating path: $
12:52:52.798 [main] DEBUG com.jayway.jsonpath.internal.JsonContext -- Put path $ key windowsVirtualKeyCode value {}
12:52:52.798 [main] DEBUG com.jayway.jsonpath.internal.path.CompiledPath -- Evaluating path: $
12:52:52.798 [main] DEBUG com.jayway.jsonpath.internal.JsonContext -- Put path $ key windowsVirtualKeyCode value 108
12:52:52.798 [main] DEBUG com.jayway.jsonpath.internal.path.CompiledPath -- Evaluating path: $
12:52:52.798 [main] DEBUG com.intuit.karate.driver.chrome_1718781763869 -- >> {"id":63,"sessionId":"2ACBFFE90E2D25278B539EB66C5835A5","method":"Input.dispatchKeyEvent","params":{"modifiers":0,"type":"char","text":"l","windowsVirtualKeyCode":108}}
12:52:52.805 [nioEventLoopGroup-10-1] DEBUG com.intuit.karate.driver.chrome_1718781763869 -- << {"id":63,"result":{},"sessionId":"2ACBFFE90E2D25278B539EB66C5835A5"}
12:52:52.805 [nioEventLoopGroup-10-1] DEBUG com.jayway.jsonpath.internal.path.CompiledPath -- Evaluating path: $
12:52:52.806 [main] DEBUG com.jayway.jsonpath.internal.path.CompiledPath -- Evaluating path: $['modifiers']
12:52:52.806 [main] DEBUG com.jayway.jsonpath.internal.path.CompiledPath -- Evaluating path: $
12:52:52.806 [main] DEBUG com.jayway.jsonpath.internal.path.CompiledPath -- Evaluating path: $
12:52:52.806 [main] DEBUG com.jayway.jsonpath.internal.JsonContext -- Put path $ key modifiers value {}
12:52:52.806 [main] DEBUG com.jayway.jsonpath.internal.path.CompiledPath -- Evaluating path: $
12:52:52.806 [main] DEBUG com.jayway.jsonpath.internal.JsonContext -- Put path $ key modifiers value 0
12:52:52.806 [main] DEBUG com.jayway.jsonpath.internal.path.CompiledPath -- Evaluating path: $['type']
12:52:52.806 [main] DEBUG com.jayway.jsonpath.internal.path.CompiledPath -- Evaluating path: $
12:52:52.806 [main] DEBUG com.jayway.jsonpath.internal.path.CompiledPath -- Evaluating path: $
12:52:52.806 [main] DEBUG com.jayway.jsonpath.internal.JsonContext -- Put path $ key type value {}
12:52:52.806 [main] DEBUG com.jayway.jsonpath.internal.path.CompiledPath -- Evaluating path: $
12:52:52.806 [main] DEBUG com.jayway.jsonpath.internal.JsonContext -- Put path $ key type value keyUp
12:52:52.806 [main] DEBUG com.jayway.jsonpath.internal.path.CompiledPath -- Evaluating path: $['text']
12:52:52.806 [main] DEBUG com.jayway.jsonpath.internal.path.CompiledPath -- Evaluating path: $
12:52:52.806 [main] DEBUG com.jayway.jsonpath.internal.path.CompiledPath -- Evaluating path: $
12:52:52.806 [main] DEBUG com.jayway.jsonpath.internal.JsonContext -- Put path $ key text value {}
12:52:52.806 [main] DEBUG com.jayway.jsonpath.internal.path.CompiledPath -- Evaluating path: $
12:52:52.806 [main] DEBUG com.jayway.jsonpath.internal.JsonContext -- Put path $ key text value l
12:52:52.806 [main] DEBUG com.jayway.jsonpath.internal.path.CompiledPath -- Evaluating path: $['windowsVirtualKeyCode']
12:52:52.806 [main] DEBUG com.jayway.jsonpath.internal.path.CompiledPath -- Evaluating path: $
12:52:52.806 [main] DEBUG com.jayway.jsonpath.internal.path.CompiledPath -- Evaluating path: $
12:52:52.806 [main] DEBUG com.jayway.jsonpath.internal.JsonContext -- Put path $ key windowsVirtualKeyCode value {}
12:52:52.806 [main] DEBUG com.jayway.jsonpath.internal.path.CompiledPath -- Evaluating path: $
12:52:52.806 [main] DEBUG com.jayway.jsonpath.internal.JsonContext -- Put path $ key windowsVirtualKeyCode value 108
12:52:52.806 [main] DEBUG com.jayway.jsonpath.internal.path.CompiledPath -- Evaluating path: $
12:52:52.806 [main] DEBUG com.intuit.karate.driver.chrome_1718781763869 -- >> {"id":64,"sessionId":"2ACBFFE90E2D25278B539EB66C5835A5","method":"Input.dispatchKeyEvent","params":{"modifiers":0,"type":"keyUp","text":"l","windowsVirtualKeyCode":108}}
12:52:52.812 [nioEventLoopGroup-10-1] DEBUG com.intuit.karate.driver.chrome_1718781763869 -- << {"id":64,"result":{},"sessionId":"2ACBFFE90E2D25278B539EB66C5835A5"}
12:52:52.812 [nioEventLoopGroup-10-1] DEBUG com.jayway.jsonpath.internal.path.CompiledPath -- Evaluating path: $
12:52:52.813 [main] DEBUG com.jayway.jsonpath.internal.path.CompiledPath -- Evaluating path: $['modifiers']
12:52:52.813 [main] DEBUG com.jayway.jsonpath.internal.path.CompiledPath -- Evaluating path: $
12:52:52.813 [main] DEBUG com.jayway.jsonpath.internal.path.CompiledPath -- Evaluating path: $
12:52:52.813 [main] DEBUG com.jayway.jsonpath.internal.JsonContext -- Put path $ key modifiers value {}
12:52:52.813 [main] DEBUG com.jayway.jsonpath.internal.path.CompiledPath -- Evaluating path: $
12:52:52.813 [main] DEBUG com.jayway.jsonpath.internal.JsonContext -- Put path $ key modifiers value 0
12:52:52.813 [main] DEBUG com.jayway.jsonpath.internal.path.CompiledPath -- Evaluating path: $['type']
12:52:52.813 [main] DEBUG com.jayway.jsonpath.internal.path.CompiledPath -- Evaluating path: $
12:52:52.813 [main] DEBUG com.jayway.jsonpath.internal.path.CompiledPath -- Evaluating path: $
12:52:52.813 [main] DEBUG com.jayway.jsonpath.internal.JsonContext -- Put path $ key type value {}
12:52:52.813 [main] DEBUG com.jayway.jsonpath.internal.path.CompiledPath -- Evaluating path: $
12:52:52.813 [main] DEBUG com.jayway.jsonpath.internal.JsonContext -- Put path $ key type value rawKeyDown
12:52:52.813 [main] DEBUG com.jayway.jsonpath.internal.path.CompiledPath -- Evaluating path: $['text']
12:52:52.813 [main] DEBUG com.jayway.jsonpath.internal.path.CompiledPath -- Evaluating path: $
12:52:52.813 [main] DEBUG com.jayway.jsonpath.internal.path.CompiledPath -- Evaluating path: $
12:52:52.813 [main] DEBUG com.jayway.jsonpath.internal.JsonContext -- Put path $ key text value {}
12:52:52.813 [main] DEBUG com.jayway.jsonpath.internal.path.CompiledPath -- Evaluating path: $
12:52:52.813 [main] DEBUG com.jayway.jsonpath.internal.JsonContext -- Put path $ key text value i
12:52:52.813 [main] DEBUG com.jayway.jsonpath.internal.path.CompiledPath -- Evaluating path: $['windowsVirtualKeyCode']
12:52:52.813 [main] DEBUG com.jayway.jsonpath.internal.path.CompiledPath -- Evaluating path: $
12:52:52.813 [main] DEBUG com.jayway.jsonpath.internal.path.CompiledPath -- Evaluating path: $
12:52:52.813 [main] DEBUG com.jayway.jsonpath.internal.JsonContext -- Put path $ key windowsVirtualKeyCode value {}
12:52:52.813 [main] DEBUG com.jayway.jsonpath.internal.path.CompiledPath -- Evaluating path: $
12:52:52.813 [main] DEBUG com.jayway.jsonpath.internal.JsonContext -- Put path $ key windowsVirtualKeyCode value 105
12:52:52.813 [main] DEBUG com.jayway.jsonpath.internal.path.CompiledPath -- Evaluating path: $
12:52:52.813 [main] DEBUG com.intuit.karate.driver.chrome_1718781763869 -- >> {"id":65,"sessionId":"2ACBFFE90E2D25278B539EB66C5835A5","method":"Input.dispatchKeyEvent","params":{"modifiers":0,"type":"rawKeyDown","text":"i","windowsVirtualKeyCode":105}}
12:52:52.936 [nioEventLoopGroup-10-1] DEBUG com.intuit.karate.driver.chrome_1718781763869 -- << {"id":65,"result":{},"sessionId":"2ACBFFE90E2D25278B539EB66C5835A5"}
12:52:52.937 [nioEventLoopGroup-10-1] DEBUG com.jayway.jsonpath.internal.path.CompiledPath -- Evaluating path: $
12:52:52.937 [main] DEBUG com.jayway.jsonpath.internal.path.CompiledPath -- Evaluating path: $['modifiers']
12:52:52.937 [main] DEBUG com.jayway.jsonpath.internal.path.CompiledPath -- Evaluating path: $
12:52:52.937 [main] DEBUG com.jayway.jsonpath.internal.path.CompiledPath -- Evaluating path: $
12:52:52.937 [main] DEBUG com.jayway.jsonpath.internal.JsonContext -- Put path $ key modifiers value {}
12:52:52.937 [main] DEBUG com.jayway.jsonpath.internal.path.CompiledPath -- Evaluating path: $
12:52:52.937 [main] DEBUG com.jayway.jsonpath.internal.JsonContext -- Put path $ key modifiers value 0
12:52:52.937 [main] DEBUG com.jayway.jsonpath.internal.path.CompiledPath -- Evaluating path: $['type']
12:52:52.937 [main] DEBUG com.jayway.jsonpath.internal.path.CompiledPath -- Evaluating path: $
12:52:52.937 [main] DEBUG com.jayway.jsonpath.internal.path.CompiledPath -- Evaluating path: $
12:52:52.937 [main] DEBUG com.jayway.jsonpath.internal.JsonContext -- Put path $ key type value {}
12:52:52.937 [main] DEBUG com.jayway.jsonpath.internal.path.CompiledPath -- Evaluating path: $
12:52:52.937 [main] DEBUG com.jayway.jsonpath.internal.JsonContext -- Put path $ key type value char
12:52:52.937 [main] DEBUG com.jayway.jsonpath.internal.path.CompiledPath -- Evaluating path: $['text']
12:52:52.937 [main] DEBUG com.jayway.jsonpath.internal.path.CompiledPath -- Evaluating path: $
12:52:52.937 [main] DEBUG com.jayway.jsonpath.internal.path.CompiledPath -- Evaluating path: $
12:52:52.937 [main] DEBUG com.jayway.jsonpath.internal.JsonContext -- Put path $ key text value {}
12:52:52.937 [main] DEBUG com.jayway.jsonpath.internal.path.CompiledPath -- Evaluating path: $
12:52:52.937 [main] DEBUG com.jayway.jsonpath.internal.JsonContext -- Put path $ key text value i
12:52:52.937 [main] DEBUG com.jayway.jsonpath.internal.path.CompiledPath -- Evaluating path: $['windowsVirtualKeyCode']
12:52:52.937 [main] DEBUG com.jayway.jsonpath.internal.path.CompiledPath -- Evaluating path: $
12:52:52.937 [main] DEBUG com.jayway.jsonpath.internal.path.CompiledPath -- Evaluating path: $
12:52:52.937 [main] DEBUG com.jayway.jsonpath.internal.JsonContext -- Put path $ key windowsVirtualKeyCode value {}
12:52:52.937 [main] DEBUG com.jayway.jsonpath.internal.path.CompiledPath -- Evaluating path: $
12:52:52.937 [main] DEBUG com.jayway.jsonpath.internal.JsonContext -- Put path $ key windowsVirtualKeyCode value 105
12:52:52.937 [main] DEBUG com.jayway.jsonpath.internal.path.CompiledPath -- Evaluating path: $
12:52:52.937 [main] DEBUG com.intuit.karate.driver.chrome_1718781763869 -- >> {"id":66,"sessionId":"2ACBFFE90E2D25278B539EB66C5835A5","method":"Input.dispatchKeyEvent","params":{"modifiers":0,"type":"char","text":"i","windowsVirtualKeyCode":105}}
12:52:52.948 [nioEventLoopGroup-10-1] DEBUG com.intuit.karate.driver.chrome_1718781763869 -- << {"id":66,"result":{},"sessionId":"2ACBFFE90E2D25278B539EB66C5835A5"}
12:52:52.949 [nioEventLoopGroup-10-1] DEBUG com.jayway.jsonpath.internal.path.CompiledPath -- Evaluating path: $
12:52:52.949 [main] DEBUG com.jayway.jsonpath.internal.path.CompiledPath -- Evaluating path: $['modifiers']
12:52:52.949 [main] DEBUG com.jayway.jsonpath.internal.path.CompiledPath -- Evaluating path: $
12:52:52.949 [main] DEBUG com.jayway.jsonpath.internal.path.CompiledPath -- Evaluating path: $
12:52:52.949 [main] DEBUG com.jayway.jsonpath.internal.JsonContext -- Put path $ key modifiers value {}
12:52:52.949 [main] DEBUG com.jayway.jsonpath.internal.path.CompiledPath -- Evaluating path: $
12:52:52.949 [main] DEBUG com.jayway.jsonpath.internal.JsonContext -- Put path $ key modifiers value 0
12:52:52.949 [main] DEBUG com.jayway.jsonpath.internal.path.CompiledPath -- Evaluating path: $['type']
12:52:52.949 [main] DEBUG com.jayway.jsonpath.internal.path.CompiledPath -- Evaluating path: $
12:52:52.949 [main] DEBUG com.jayway.jsonpath.internal.path.CompiledPath -- Evaluating path: $
12:52:52.949 [main] DEBUG com.jayway.jsonpath.internal.JsonContext -- Put path $ key type value {}
12:52:52.949 [main] DEBUG com.jayway.jsonpath.internal.path.CompiledPath -- Evaluating path: $
12:52:52.949 [main] DEBUG com.jayway.jsonpath.internal.JsonContext -- Put path $ key type value keyUp
12:52:52.949 [main] DEBUG com.jayway.jsonpath.internal.path.CompiledPath -- Evaluating path: $['text']
12:52:52.949 [main] DEBUG com.jayway.jsonpath.internal.path.CompiledPath -- Evaluating path: $
12:52:52.949 [main] DEBUG com.jayway.jsonpath.internal.path.CompiledPath -- Evaluating path: $
12:52:52.949 [main] DEBUG com.jayway.jsonpath.internal.JsonContext -- Put path $ key text value {}
12:52:52.949 [main] DEBUG com.jayway.jsonpath.internal.path.CompiledPath -- Evaluating path: $
12:52:52.949 [main] DEBUG com.jayway.jsonpath.internal.JsonContext -- Put path $ key text value i
12:52:52.949 [main] DEBUG com.jayway.jsonpath.internal.path.CompiledPath -- Evaluating path: $['windowsVirtualKeyCode']
12:52:52.949 [main] DEBUG com.jayway.jsonpath.internal.path.CompiledPath -- Evaluating path: $
12:52:52.949 [main] DEBUG com.jayway.jsonpath.internal.path.CompiledPath -- Evaluating path: $
12:52:52.949 [main] DEBUG com.jayway.jsonpath.internal.JsonContext -- Put path $ key windowsVirtualKeyCode value {}
12:52:52.949 [main] DEBUG com.jayway.jsonpath.internal.path.CompiledPath -- Evaluating path: $
12:52:52.949 [main] DEBUG com.jayway.jsonpath.internal.JsonContext -- Put path $ key windowsVirtualKeyCode value 105
12:52:52.949 [main] DEBUG com.jayway.jsonpath.internal.path.CompiledPath -- Evaluating path: $
12:52:52.949 [main] DEBUG com.intuit.karate.driver.chrome_1718781763869 -- >> {"id":67,"sessionId":"2ACBFFE90E2D25278B539EB66C5835A5","method":"Input.dispatchKeyEvent","params":{"modifiers":0,"type":"keyUp","text":"i","windowsVirtualKeyCode":105}}
12:52:52.952 [nioEventLoopGroup-10-1] DEBUG com.intuit.karate.driver.chrome_1718781763869 -- << {"id":67,"result":{},"sessionId":"2ACBFFE90E2D25278B539EB66C5835A5"}
12:52:52.952 [nioEventLoopGroup-10-1] DEBUG com.jayway.jsonpath.internal.path.CompiledPath -- Evaluating path: $
12:52:52.952 [main] DEBUG com.jayway.jsonpath.internal.path.CompiledPath -- Evaluating path: $['modifiers']
12:52:52.952 [main] DEBUG com.jayway.jsonpath.internal.path.CompiledPath -- Evaluating path: $
12:52:52.952 [main] DEBUG com.jayway.jsonpath.internal.path.CompiledPath -- Evaluating path: $
12:52:52.952 [main] DEBUG com.jayway.jsonpath.internal.JsonContext -- Put path $ key modifiers value {}
12:52:52.952 [main] DEBUG com.jayway.jsonpath.internal.path.CompiledPath -- Evaluating path: $
12:52:52.952 [main] DEBUG com.jayway.jsonpath.internal.JsonContext -- Put path $ key modifiers value 0
12:52:52.952 [main] DEBUG com.jayway.jsonpath.internal.path.CompiledPath -- Evaluating path: $['type']
12:52:52.952 [main] DEBUG com.jayway.jsonpath.internal.path.CompiledPath -- Evaluating path: $
12:52:52.952 [main] DEBUG com.jayway.jsonpath.internal.path.CompiledPath -- Evaluating path: $
12:52:52.952 [main] DEBUG com.jayway.jsonpath.internal.JsonContext -- Put path $ key type value {}
12:52:52.952 [main] DEBUG com.jayway.jsonpath.internal.path.CompiledPath -- Evaluating path: $
12:52:52.952 [main] DEBUG com.jayway.jsonpath.internal.JsonContext -- Put path $ key type value rawKeyDown
12:52:52.952 [main] DEBUG com.jayway.jsonpath.internal.path.CompiledPath -- Evaluating path: $['text']
12:52:52.952 [main] DEBUG com.jayway.jsonpath.internal.path.CompiledPath -- Evaluating path: $
12:52:52.952 [main] DEBUG com.jayway.jsonpath.internal.path.CompiledPath -- Evaluating path: $
12:52:52.952 [main] DEBUG com.jayway.jsonpath.internal.JsonContext -- Put path $ key text value {}
12:52:52.952 [main] DEBUG com.jayway.jsonpath.internal.path.CompiledPath -- Evaluating path: $
12:52:52.952 [main] DEBUG com.jayway.jsonpath.internal.JsonContext -- Put path $ key text value d
12:52:52.952 [main] DEBUG com.jayway.jsonpath.internal.path.CompiledPath -- Evaluating path: $['windowsVirtualKeyCode']
12:52:52.952 [main] DEBUG com.jayway.jsonpath.internal.path.CompiledPath -- Evaluating path: $
12:52:52.952 [main] DEBUG com.jayway.jsonpath.internal.path.CompiledPath -- Evaluating path: $
12:52:52.952 [main] DEBUG com.jayway.jsonpath.internal.JsonContext -- Put path $ key windowsVirtualKeyCode value {}
12:52:52.952 [main] DEBUG com.jayway.jsonpath.internal.path.CompiledPath -- Evaluating path: $
12:52:52.952 [main] DEBUG com.jayway.jsonpath.internal.JsonContext -- Put path $ key windowsVirtualKeyCode value 100
12:52:52.952 [main] DEBUG com.jayway.jsonpath.internal.path.CompiledPath -- Evaluating path: $
12:52:52.952 [main] DEBUG com.intuit.karate.driver.chrome_1718781763869 -- >> {"id":68,"sessionId":"2ACBFFE90E2D25278B539EB66C5835A5","method":"Input.dispatchKeyEvent","params":{"modifiers":0,"type":"rawKeyDown","text":"d","windowsVirtualKeyCode":100}}
12:52:52.955 [nioEventLoopGroup-10-1] DEBUG com.intuit.karate.driver.chrome_1718781763869 -- << {"id":68,"result":{},"sessionId":"2ACBFFE90E2D25278B539EB66C5835A5"}
12:52:52.955 [nioEventLoopGroup-10-1] DEBUG com.jayway.jsonpath.internal.path.CompiledPath -- Evaluating path: $
12:52:52.955 [main] DEBUG com.jayway.jsonpath.internal.path.CompiledPath -- Evaluating path: $['modifiers']
12:52:52.955 [main] DEBUG com.jayway.jsonpath.internal.path.CompiledPath -- Evaluating path: $
12:52:52.955 [main] DEBUG com.jayway.jsonpath.internal.path.CompiledPath -- Evaluating path: $
12:52:52.955 [main] DEBUG com.jayway.jsonpath.internal.JsonContext -- Put path $ key modifiers value {}
12:52:52.955 [main] DEBUG com.jayway.jsonpath.internal.path.CompiledPath -- Evaluating path: $
12:52:52.955 [main] DEBUG com.jayway.jsonpath.internal.JsonContext -- Put path $ key modifiers value 0
12:52:52.955 [main] DEBUG com.jayway.jsonpath.internal.path.CompiledPath -- Evaluating path: $['type']
12:52:52.955 [main] DEBUG com.jayway.jsonpath.internal.path.CompiledPath -- Evaluating path: $
12:52:52.955 [main] DEBUG com.jayway.jsonpath.internal.path.CompiledPath -- Evaluating path: $
12:52:52.955 [main] DEBUG com.jayway.jsonpath.internal.JsonContext -- Put path $ key type value {}
12:52:52.955 [main] DEBUG com.jayway.jsonpath.internal.path.CompiledPath -- Evaluating path: $
12:52:52.955 [main] DEBUG com.jayway.jsonpath.internal.JsonContext -- Put path $ key type value char
12:52:52.955 [main] DEBUG com.jayway.jsonpath.internal.path.CompiledPath -- Evaluating path: $['text']
12:52:52.955 [main] DEBUG com.jayway.jsonpath.internal.path.CompiledPath -- Evaluating path: $
12:52:52.955 [main] DEBUG com.jayway.jsonpath.internal.path.CompiledPath -- Evaluating path: $
12:52:52.955 [main] DEBUG com.jayway.jsonpath.internal.JsonContext -- Put path $ key text value {}
12:52:52.955 [main] DEBUG com.jayway.jsonpath.internal.path.CompiledPath -- Evaluating path: $
12:52:52.955 [main] DEBUG com.jayway.jsonpath.internal.JsonContext -- Put path $ key text value d
12:52:52.955 [main] DEBUG com.jayway.jsonpath.internal.path.CompiledPath -- Evaluating path: $['windowsVirtualKeyCode']
12:52:52.955 [main] DEBUG com.jayway.jsonpath.internal.path.CompiledPath -- Evaluating path: $
12:52:52.955 [main] DEBUG com.jayway.jsonpath.internal.path.CompiledPath -- Evaluating path: $
12:52:52.955 [main] DEBUG com.jayway.jsonpath.internal.JsonContext -- Put path $ key windowsVirtualKeyCode value {}
12:52:52.955 [main] DEBUG com.jayway.jsonpath.internal.path.CompiledPath -- Evaluating path: $
12:52:52.955 [main] DEBUG com.jayway.jsonpath.internal.JsonContext -- Put path $ key windowsVirtualKeyCode value 100
12:52:52.955 [main] DEBUG com.jayway.jsonpath.internal.path.CompiledPath -- Evaluating path: $
12:52:52.955 [main] DEBUG com.intuit.karate.driver.chrome_1718781763869 -- >> {"id":69,"sessionId":"2ACBFFE90E2D25278B539EB66C5835A5","method":"Input.dispatchKeyEvent","params":{"modifiers":0,"type":"char","text":"d","windowsVirtualKeyCode":100}}
12:52:52.964 [nioEventLoopGroup-10-1] DEBUG com.intuit.karate.driver.chrome_1718781763869 -- << {"id":69,"result":{},"sessionId":"2ACBFFE90E2D25278B539EB66C5835A5"}
12:52:52.964 [nioEventLoopGroup-10-1] DEBUG com.jayway.jsonpath.internal.path.CompiledPath -- Evaluating path: $
12:52:52.964 [main] DEBUG com.jayway.jsonpath.internal.path.CompiledPath -- Evaluating path: $['modifiers']
12:52:52.964 [main] DEBUG com.jayway.jsonpath.internal.path.CompiledPath -- Evaluating path: $
12:52:52.964 [main] DEBUG com.jayway.jsonpath.internal.path.CompiledPath -- Evaluating path: $
12:52:52.964 [main] DEBUG com.jayway.jsonpath.internal.JsonContext -- Put path $ key modifiers value {}
12:52:52.964 [main] DEBUG com.jayway.jsonpath.internal.path.CompiledPath -- Evaluating path: $
12:52:52.964 [main] DEBUG com.jayway.jsonpath.internal.JsonContext -- Put path $ key modifiers value 0
12:52:52.964 [main] DEBUG com.jayway.jsonpath.internal.path.CompiledPath -- Evaluating path: $['type']
12:52:52.964 [main] DEBUG com.jayway.jsonpath.internal.path.CompiledPath -- Evaluating path: $
12:52:52.964 [main] DEBUG com.jayway.jsonpath.internal.path.CompiledPath -- Evaluating path: $
12:52:52.964 [main] DEBUG com.jayway.jsonpath.internal.JsonContext -- Put path $ key type value {}
12:52:52.964 [main] DEBUG com.jayway.jsonpath.internal.path.CompiledPath -- Evaluating path: $
12:52:52.964 [main] DEBUG com.jayway.jsonpath.internal.JsonContext -- Put path $ key type value keyUp
12:52:52.964 [main] DEBUG com.jayway.jsonpath.internal.path.CompiledPath -- Evaluating path: $['text']
12:52:52.964 [main] DEBUG com.jayway.jsonpath.internal.path.CompiledPath -- Evaluating path: $
12:52:52.964 [main] DEBUG com.jayway.jsonpath.internal.path.CompiledPath -- Evaluating path: $
12:52:52.964 [main] DEBUG com.jayway.jsonpath.internal.JsonContext -- Put path $ key text value {}
12:52:52.964 [main] DEBUG com.jayway.jsonpath.internal.path.CompiledPath -- Evaluating path: $
12:52:52.964 [main] DEBUG com.jayway.jsonpath.internal.JsonContext -- Put path $ key text value d
12:52:52.964 [main] DEBUG com.jayway.jsonpath.internal.path.CompiledPath -- Evaluating path: $['windowsVirtualKeyCode']
12:52:52.964 [main] DEBUG com.jayway.jsonpath.internal.path.CompiledPath -- Evaluating path: $
12:52:52.964 [main] DEBUG com.jayway.jsonpath.internal.path.CompiledPath -- Evaluating path: $
12:52:52.964 [main] DEBUG com.jayway.jsonpath.internal.JsonContext -- Put path $ key windowsVirtualKeyCode value {}
12:52:52.964 [main] DEBUG com.jayway.jsonpath.internal.path.CompiledPath -- Evaluating path: $
12:52:52.964 [main] DEBUG com.jayway.jsonpath.internal.JsonContext -- Put path $ key windowsVirtualKeyCode value 100
12:52:52.964 [main] DEBUG com.jayway.jsonpath.internal.path.CompiledPath -- Evaluating path: $
12:52:52.964 [main] DEBUG com.intuit.karate.driver.chrome_1718781763869 -- >> {"id":70,"sessionId":"2ACBFFE90E2D25278B539EB66C5835A5","method":"Input.dispatchKeyEvent","params":{"modifiers":0,"type":"keyUp","text":"d","windowsVirtualKeyCode":100}}
12:52:52.966 [nioEventLoopGroup-10-1] DEBUG com.intuit.karate.driver.chrome_1718781763869 -- << {"id":70,"result":{},"sessionId":"2ACBFFE90E2D25278B539EB66C5835A5"}
12:52:52.966 [nioEventLoopGroup-10-1] DEBUG com.jayway.jsonpath.internal.path.CompiledPath -- Evaluating path: $
12:52:52.966 [main] DEBUG com.jayway.jsonpath.internal.path.CompiledPath -- Evaluating path: $['modifiers']
12:52:52.966 [main] DEBUG com.jayway.jsonpath.internal.path.CompiledPath -- Evaluating path: $
12:52:52.966 [main] DEBUG com.jayway.jsonpath.internal.path.CompiledPath -- Evaluating path: $
12:52:52.966 [main] DEBUG com.jayway.jsonpath.internal.JsonContext -- Put path $ key modifiers value {}
12:52:52.966 [main] DEBUG com.jayway.jsonpath.internal.path.CompiledPath -- Evaluating path: $
12:52:52.966 [main] DEBUG com.jayway.jsonpath.internal.JsonContext -- Put path $ key modifiers value 0
12:52:52.966 [main] DEBUG com.jayway.jsonpath.internal.path.CompiledPath -- Evaluating path: $['type']
12:52:52.966 [main] DEBUG com.jayway.jsonpath.internal.path.CompiledPath -- Evaluating path: $
12:52:52.966 [main] DEBUG com.jayway.jsonpath.internal.path.CompiledPath -- Evaluating path: $
12:52:52.966 [main] DEBUG com.jayway.jsonpath.internal.JsonContext -- Put path $ key type value {}
12:52:52.966 [main] DEBUG com.jayway.jsonpath.internal.path.CompiledPath -- Evaluating path: $
12:52:52.966 [main] DEBUG com.jayway.jsonpath.internal.JsonContext -- Put path $ key type value rawKeyDown
12:52:52.966 [main] DEBUG com.jayway.jsonpath.internal.path.CompiledPath -- Evaluating path: $['text']
12:52:52.966 [main] DEBUG com.jayway.jsonpath.internal.path.CompiledPath -- Evaluating path: $
12:52:52.966 [main] DEBUG com.jayway.jsonpath.internal.path.CompiledPath -- Evaluating path: $
12:52:52.966 [main] DEBUG com.jayway.jsonpath.internal.JsonContext -- Put path $ key text value {}
12:52:52.966 [main] DEBUG com.jayway.jsonpath.internal.path.CompiledPath -- Evaluating path: $
12:52:52.966 [main] DEBUG com.jayway.jsonpath.internal.JsonContext -- Put path $ key text value _
12:52:52.966 [main] DEBUG com.jayway.jsonpath.internal.path.CompiledPath -- Evaluating path: $['windowsVirtualKeyCode']
12:52:52.966 [main] DEBUG com.jayway.jsonpath.internal.path.CompiledPath -- Evaluating path: $
12:52:52.966 [main] DEBUG com.jayway.jsonpath.internal.path.CompiledPath -- Evaluating path: $
12:52:52.966 [main] DEBUG com.jayway.jsonpath.internal.JsonContext -- Put path $ key windowsVirtualKeyCode value {}
12:52:52.966 [main] DEBUG com.jayway.jsonpath.internal.path.CompiledPath -- Evaluating path: $
12:52:52.966 [main] DEBUG com.jayway.jsonpath.internal.JsonContext -- Put path $ key windowsVirtualKeyCode value 523
12:52:52.966 [main] DEBUG com.jayway.jsonpath.internal.path.CompiledPath -- Evaluating path: $
12:52:52.966 [main] DEBUG com.intuit.karate.driver.chrome_1718781763869 -- >> {"id":71,"sessionId":"2ACBFFE90E2D25278B539EB66C5835A5","method":"Input.dispatchKeyEvent","params":{"modifiers":0,"type":"rawKeyDown","text":"_","windowsVirtualKeyCode":523}}
12:52:52.968 [nioEventLoopGroup-10-1] DEBUG com.intuit.karate.driver.chrome_1718781763869 -- << {"id":71,"result":{},"sessionId":"2ACBFFE90E2D25278B539EB66C5835A5"}
12:52:52.968 [nioEventLoopGroup-10-1] DEBUG com.jayway.jsonpath.internal.path.CompiledPath -- Evaluating path: $
12:52:52.968 [main] DEBUG com.jayway.jsonpath.internal.path.CompiledPath -- Evaluating path: $['modifiers']
12:52:52.968 [main] DEBUG com.jayway.jsonpath.internal.path.CompiledPath -- Evaluating path: $
12:52:52.968 [main] DEBUG com.jayway.jsonpath.internal.path.CompiledPath -- Evaluating path: $
12:52:52.968 [main] DEBUG com.jayway.jsonpath.internal.JsonContext -- Put path $ key modifiers value {}
12:52:52.968 [main] DEBUG com.jayway.jsonpath.internal.path.CompiledPath -- Evaluating path: $
12:52:52.968 [main] DEBUG com.jayway.jsonpath.internal.JsonContext -- Put path $ key modifiers value 0
12:52:52.968 [main] DEBUG com.jayway.jsonpath.internal.path.CompiledPath -- Evaluating path: $['type']
12:52:52.968 [main] DEBUG com.jayway.jsonpath.internal.path.CompiledPath -- Evaluating path: $
12:52:52.968 [main] DEBUG com.jayway.jsonpath.internal.path.CompiledPath -- Evaluating path: $
12:52:52.968 [main] DEBUG com.jayway.jsonpath.internal.JsonContext -- Put path $ key type value {}
12:52:52.968 [main] DEBUG com.jayway.jsonpath.internal.path.CompiledPath -- Evaluating path: $
12:52:52.968 [main] DEBUG com.jayway.jsonpath.internal.JsonContext -- Put path $ key type value char
12:52:52.968 [main] DEBUG com.jayway.jsonpath.internal.path.CompiledPath -- Evaluating path: $['text']
12:52:52.968 [main] DEBUG com.jayway.jsonpath.internal.path.CompiledPath -- Evaluating path: $
12:52:52.968 [main] DEBUG com.jayway.jsonpath.internal.path.CompiledPath -- Evaluating path: $
12:52:52.968 [main] DEBUG com.jayway.jsonpath.internal.JsonContext -- Put path $ key text value {}
12:52:52.968 [main] DEBUG com.jayway.jsonpath.internal.path.CompiledPath -- Evaluating path: $
12:52:52.968 [main] DEBUG com.jayway.jsonpath.internal.JsonContext -- Put path $ key text value _
12:52:52.968 [main] DEBUG com.jayway.jsonpath.internal.path.CompiledPath -- Evaluating path: $['windowsVirtualKeyCode']
12:52:52.968 [main] DEBUG com.jayway.jsonpath.internal.path.CompiledPath -- Evaluating path: $
12:52:52.968 [main] DEBUG com.jayway.jsonpath.internal.path.CompiledPath -- Evaluating path: $
12:52:52.968 [main] DEBUG com.jayway.jsonpath.internal.JsonContext -- Put path $ key windowsVirtualKeyCode value {}
12:52:52.968 [main] DEBUG com.jayway.jsonpath.internal.path.CompiledPath -- Evaluating path: $
12:52:52.968 [main] DEBUG com.jayway.jsonpath.internal.JsonContext -- Put path $ key windowsVirtualKeyCode value 523
12:52:52.968 [main] DEBUG com.jayway.jsonpath.internal.path.CompiledPath -- Evaluating path: $
12:52:52.968 [main] DEBUG com.intuit.karate.driver.chrome_1718781763869 -- >> {"id":72,"sessionId":"2ACBFFE90E2D25278B539EB66C5835A5","method":"Input.dispatchKeyEvent","params":{"modifiers":0,"type":"char","text":"_","windowsVirtualKeyCode":523}}
12:52:52.972 [nioEventLoopGroup-10-1] DEBUG com.intuit.karate.driver.chrome_1718781763869 -- << {"id":72,"result":{},"sessionId":"2ACBFFE90E2D25278B539EB66C5835A5"}
12:52:52.972 [nioEventLoopGroup-10-1] DEBUG com.jayway.jsonpath.internal.path.CompiledPath -- Evaluating path: $
12:52:52.972 [main] DEBUG com.jayway.jsonpath.internal.path.CompiledPath -- Evaluating path: $['modifiers']
12:52:52.972 [main] DEBUG com.jayway.jsonpath.internal.path.CompiledPath -- Evaluating path: $
12:52:52.972 [main] DEBUG com.jayway.jsonpath.internal.path.CompiledPath -- Evaluating path: $
12:52:52.972 [main] DEBUG com.jayway.jsonpath.internal.JsonContext -- Put path $ key modifiers value {}
12:52:52.972 [main] DEBUG com.jayway.jsonpath.internal.path.CompiledPath -- Evaluating path: $
12:52:52.972 [main] DEBUG com.jayway.jsonpath.internal.JsonContext -- Put path $ key modifiers value 0
12:52:52.972 [main] DEBUG com.jayway.jsonpath.internal.path.CompiledPath -- Evaluating path: $['type']
12:52:52.972 [main] DEBUG com.jayway.jsonpath.internal.path.CompiledPath -- Evaluating path: $
12:52:52.972 [main] DEBUG com.jayway.jsonpath.internal.path.CompiledPath -- Evaluating path: $
12:52:52.972 [main] DEBUG com.jayway.jsonpath.internal.JsonContext -- Put path $ key type value {}
12:52:52.972 [main] DEBUG com.jayway.jsonpath.internal.path.CompiledPath -- Evaluating path: $
12:52:52.972 [main] DEBUG com.jayway.jsonpath.internal.JsonContext -- Put path $ key type value keyUp
12:52:52.972 [main] DEBUG com.jayway.jsonpath.internal.path.CompiledPath -- Evaluating path: $['text']
12:52:52.972 [main] DEBUG com.jayway.jsonpath.internal.path.CompiledPath -- Evaluating path: $
12:52:52.972 [main] DEBUG com.jayway.jsonpath.internal.path.CompiledPath -- Evaluating path: $
12:52:52.972 [main] DEBUG com.jayway.jsonpath.internal.JsonContext -- Put path $ key text value {}
12:52:52.972 [main] DEBUG com.jayway.jsonpath.internal.path.CompiledPath -- Evaluating path: $
12:52:52.972 [main] DEBUG com.jayway.jsonpath.internal.JsonContext -- Put path $ key text value _
12:52:52.972 [main] DEBUG com.jayway.jsonpath.internal.path.CompiledPath -- Evaluating path: $['windowsVirtualKeyCode']
12:52:52.972 [main] DEBUG com.jayway.jsonpath.internal.path.CompiledPath -- Evaluating path: $
12:52:52.972 [main] DEBUG com.jayway.jsonpath.internal.path.CompiledPath -- Evaluating path: $
12:52:52.972 [main] DEBUG com.jayway.jsonpath.internal.JsonContext -- Put path $ key windowsVirtualKeyCode value {}
12:52:52.972 [main] DEBUG com.jayway.jsonpath.internal.path.CompiledPath -- Evaluating path: $
12:52:52.972 [main] DEBUG com.jayway.jsonpath.internal.JsonContext -- Put path $ key windowsVirtualKeyCode value 523
12:52:52.972 [main] DEBUG com.jayway.jsonpath.internal.path.CompiledPath -- Evaluating path: $
12:52:52.972 [main] DEBUG com.intuit.karate.driver.chrome_1718781763869 -- >> {"id":73,"sessionId":"2ACBFFE90E2D25278B539EB66C5835A5","method":"Input.dispatchKeyEvent","params":{"modifiers":0,"type":"keyUp","text":"_","windowsVirtualKeyCode":523}}
12:52:52.974 [nioEventLoopGroup-10-1] DEBUG com.intuit.karate.driver.chrome_1718781763869 -- << {"id":73,"result":{},"sessionId":"2ACBFFE90E2D25278B539EB66C5835A5"}
12:52:52.974 [nioEventLoopGroup-10-1] DEBUG com.jayway.jsonpath.internal.path.CompiledPath -- Evaluating path: $
12:52:52.974 [main] DEBUG com.jayway.jsonpath.internal.path.CompiledPath -- Evaluating path: $['modifiers']
12:52:52.974 [main] DEBUG com.jayway.jsonpath.internal.path.CompiledPath -- Evaluating path: $
12:52:52.974 [main] DEBUG com.jayway.jsonpath.internal.path.CompiledPath -- Evaluating path: $
12:52:52.974 [main] DEBUG com.jayway.jsonpath.internal.JsonContext -- Put path $ key modifiers value {}
12:52:52.974 [main] DEBUG com.jayway.jsonpath.internal.path.CompiledPath -- Evaluating path: $
12:52:52.974 [main] DEBUG com.jayway.jsonpath.internal.JsonContext -- Put path $ key modifiers value 0
12:52:52.974 [main] DEBUG com.jayway.jsonpath.internal.path.CompiledPath -- Evaluating path: $['type']
12:52:52.974 [main] DEBUG com.jayway.jsonpath.internal.path.CompiledPath -- Evaluating path: $
12:52:52.974 [main] DEBUG com.jayway.jsonpath.internal.path.CompiledPath -- Evaluating path: $
12:52:52.974 [main] DEBUG com.jayway.jsonpath.internal.JsonContext -- Put path $ key type value {}
12:52:52.974 [main] DEBUG com.jayway.jsonpath.internal.path.CompiledPath -- Evaluating path: $
12:52:52.974 [main] DEBUG com.jayway.jsonpath.internal.JsonContext -- Put path $ key type value rawKeyDown
12:52:52.974 [main] DEBUG com.jayway.jsonpath.internal.path.CompiledPath -- Evaluating path: $['text']
12:52:52.974 [main] DEBUG com.jayway.jsonpath.internal.path.CompiledPath -- Evaluating path: $
12:52:52.974 [main] DEBUG com.jayway.jsonpath.internal.path.CompiledPath -- Evaluating path: $
12:52:52.974 [main] DEBUG com.jayway.jsonpath.internal.JsonContext -- Put path $ key text value {}
12:52:52.974 [main] DEBUG com.jayway.jsonpath.internal.path.CompiledPath -- Evaluating path: $
12:52:52.974 [main] DEBUG com.jayway.jsonpath.internal.JsonContext -- Put path $ key text value s
12:52:52.974 [main] DEBUG com.jayway.jsonpath.internal.path.CompiledPath -- Evaluating path: $['windowsVirtualKeyCode']
12:52:52.974 [main] DEBUG com.jayway.jsonpath.internal.path.CompiledPath -- Evaluating path: $
12:52:52.974 [main] DEBUG com.jayway.jsonpath.internal.path.CompiledPath -- Evaluating path: $
12:52:52.974 [main] DEBUG com.jayway.jsonpath.internal.JsonContext -- Put path $ key windowsVirtualKeyCode value {}
12:52:52.974 [main] DEBUG com.jayway.jsonpath.internal.path.CompiledPath -- Evaluating path: $
12:52:52.974 [main] DEBUG com.jayway.jsonpath.internal.JsonContext -- Put path $ key windowsVirtualKeyCode value 115
12:52:52.974 [main] DEBUG com.jayway.jsonpath.internal.path.CompiledPath -- Evaluating path: $
12:52:52.974 [main] DEBUG com.intuit.karate.driver.chrome_1718781763869 -- >> {"id":74,"sessionId":"2ACBFFE90E2D25278B539EB66C5835A5","method":"Input.dispatchKeyEvent","params":{"modifiers":0,"type":"rawKeyDown","text":"s","windowsVirtualKeyCode":115}}
12:52:52.976 [nioEventLoopGroup-10-1] DEBUG com.intuit.karate.driver.chrome_1718781763869 -- << {"id":74,"result":{},"sessionId":"2ACBFFE90E2D25278B539EB66C5835A5"}
12:52:52.976 [nioEventLoopGroup-10-1] DEBUG com.jayway.jsonpath.internal.path.CompiledPath -- Evaluating path: $
12:52:52.976 [main] DEBUG com.jayway.jsonpath.internal.path.CompiledPath -- Evaluating path: $['modifiers']
12:52:52.976 [main] DEBUG com.jayway.jsonpath.internal.path.CompiledPath -- Evaluating path: $
12:52:52.976 [main] DEBUG com.jayway.jsonpath.internal.path.CompiledPath -- Evaluating path: $
12:52:52.976 [main] DEBUG com.jayway.jsonpath.internal.JsonContext -- Put path $ key modifiers value {}
12:52:52.976 [main] DEBUG com.jayway.jsonpath.internal.path.CompiledPath -- Evaluating path: $
12:52:52.976 [main] DEBUG com.jayway.jsonpath.internal.JsonContext -- Put path $ key modifiers value 0
12:52:52.976 [main] DEBUG com.jayway.jsonpath.internal.path.CompiledPath -- Evaluating path: $['type']
12:52:52.976 [main] DEBUG com.jayway.jsonpath.internal.path.CompiledPath -- Evaluating path: $
12:52:52.976 [main] DEBUG com.jayway.jsonpath.internal.path.CompiledPath -- Evaluating path: $
12:52:52.976 [main] DEBUG com.jayway.jsonpath.internal.JsonContext -- Put path $ key type value {}
12:52:52.976 [main] DEBUG com.jayway.jsonpath.internal.path.CompiledPath -- Evaluating path: $
12:52:52.976 [main] DEBUG com.jayway.jsonpath.internal.JsonContext -- Put path $ key type value char
12:52:52.976 [main] DEBUG com.jayway.jsonpath.internal.path.CompiledPath -- Evaluating path: $['text']
12:52:52.976 [main] DEBUG com.jayway.jsonpath.internal.path.CompiledPath -- Evaluating path: $
12:52:52.976 [main] DEBUG com.jayway.jsonpath.internal.path.CompiledPath -- Evaluating path: $
12:52:52.976 [main] DEBUG com.jayway.jsonpath.internal.JsonContext -- Put path $ key text value {}
12:52:52.976 [main] DEBUG com.jayway.jsonpath.internal.path.CompiledPath -- Evaluating path: $
12:52:52.976 [main] DEBUG com.jayway.jsonpath.internal.JsonContext -- Put path $ key text value s
12:52:52.976 [main] DEBUG com.jayway.jsonpath.internal.path.CompiledPath -- Evaluating path: $['windowsVirtualKeyCode']
12:52:52.976 [main] DEBUG com.jayway.jsonpath.internal.path.CompiledPath -- Evaluating path: $
12:52:52.976 [main] DEBUG com.jayway.jsonpath.internal.path.CompiledPath -- Evaluating path: $
12:52:52.976 [main] DEBUG com.jayway.jsonpath.internal.JsonContext -- Put path $ key windowsVirtualKeyCode value {}
12:52:52.976 [main] DEBUG com.jayway.jsonpath.internal.path.CompiledPath -- Evaluating path: $
12:52:52.976 [main] DEBUG com.jayway.jsonpath.internal.JsonContext -- Put path $ key windowsVirtualKeyCode value 115
12:52:52.976 [main] DEBUG com.jayway.jsonpath.internal.path.CompiledPath -- Evaluating path: $
12:52:52.976 [main] DEBUG com.intuit.karate.driver.chrome_1718781763869 -- >> {"id":75,"sessionId":"2ACBFFE90E2D25278B539EB66C5835A5","method":"Input.dispatchKeyEvent","params":{"modifiers":0,"type":"char","text":"s","windowsVirtualKeyCode":115}}
12:52:52.983 [nioEventLoopGroup-10-1] DEBUG com.intuit.karate.driver.chrome_1718781763869 -- << {"id":75,"result":{},"sessionId":"2ACBFFE90E2D25278B539EB66C5835A5"}
12:52:52.983 [nioEventLoopGroup-10-1] DEBUG com.jayway.jsonpath.internal.path.CompiledPath -- Evaluating path: $
12:52:52.983 [main] DEBUG com.jayway.jsonpath.internal.path.CompiledPath -- Evaluating path: $['modifiers']
12:52:52.983 [main] DEBUG com.jayway.jsonpath.internal.path.CompiledPath -- Evaluating path: $
12:52:52.983 [main] DEBUG com.jayway.jsonpath.internal.path.CompiledPath -- Evaluating path: $
12:52:52.983 [main] DEBUG com.jayway.jsonpath.internal.JsonContext -- Put path $ key modifiers value {}
12:52:52.983 [main] DEBUG com.jayway.jsonpath.internal.path.CompiledPath -- Evaluating path: $
12:52:52.983 [main] DEBUG com.jayway.jsonpath.internal.JsonContext -- Put path $ key modifiers value 0
12:52:52.983 [main] DEBUG com.jayway.jsonpath.internal.path.CompiledPath -- Evaluating path: $['type']
12:52:52.983 [main] DEBUG com.jayway.jsonpath.internal.path.CompiledPath -- Evaluating path: $
12:52:52.983 [main] DEBUG com.jayway.jsonpath.internal.path.CompiledPath -- Evaluating path: $
12:52:52.983 [main] DEBUG com.jayway.jsonpath.internal.JsonContext -- Put path $ key type value {}
12:52:52.983 [main] DEBUG com.jayway.jsonpath.internal.path.CompiledPath -- Evaluating path: $
12:52:52.983 [main] DEBUG com.jayway.jsonpath.internal.JsonContext -- Put path $ key type value keyUp
12:52:52.983 [main] DEBUG com.jayway.jsonpath.internal.path.CompiledPath -- Evaluating path: $['text']
12:52:52.983 [main] DEBUG com.jayway.jsonpath.internal.path.CompiledPath -- Evaluating path: $
12:52:52.983 [main] DEBUG com.jayway.jsonpath.internal.path.CompiledPath -- Evaluating path: $
12:52:52.983 [main] DEBUG com.jayway.jsonpath.internal.JsonContext -- Put path $ key text value {}
12:52:52.983 [main] DEBUG com.jayway.jsonpath.internal.path.CompiledPath -- Evaluating path: $
12:52:52.983 [main] DEBUG com.jayway.jsonpath.internal.JsonContext -- Put path $ key text value s
12:52:52.983 [main] DEBUG com.jayway.jsonpath.internal.path.CompiledPath -- Evaluating path: $['windowsVirtualKeyCode']
12:52:52.983 [main] DEBUG com.jayway.jsonpath.internal.path.CompiledPath -- Evaluating path: $
12:52:52.983 [main] DEBUG com.jayway.jsonpath.internal.path.CompiledPath -- Evaluating path: $
12:52:52.983 [main] DEBUG com.jayway.jsonpath.internal.JsonContext -- Put path $ key windowsVirtualKeyCode value {}
12:52:52.983 [main] DEBUG com.jayway.jsonpath.internal.path.CompiledPath -- Evaluating path: $
12:52:52.983 [main] DEBUG com.jayway.jsonpath.internal.JsonContext -- Put path $ key windowsVirtualKeyCode value 115
12:52:52.983 [main] DEBUG com.jayway.jsonpath.internal.path.CompiledPath -- Evaluating path: $
12:52:52.983 [main] DEBUG com.intuit.karate.driver.chrome_1718781763869 -- >> {"id":76,"sessionId":"2ACBFFE90E2D25278B539EB66C5835A5","method":"Input.dispatchKeyEvent","params":{"modifiers":0,"type":"keyUp","text":"s","windowsVirtualKeyCode":115}}
12:52:52.985 [nioEventLoopGroup-10-1] DEBUG com.intuit.karate.driver.chrome_1718781763869 -- << {"id":76,"result":{},"sessionId":"2ACBFFE90E2D25278B539EB66C5835A5"}
12:52:52.985 [nioEventLoopGroup-10-1] DEBUG com.jayway.jsonpath.internal.path.CompiledPath -- Evaluating path: $
12:52:52.985 [main] DEBUG com.jayway.jsonpath.internal.path.CompiledPath -- Evaluating path: $['modifiers']
12:52:52.985 [main] DEBUG com.jayway.jsonpath.internal.path.CompiledPath -- Evaluating path: $
12:52:52.985 [main] DEBUG com.jayway.jsonpath.internal.path.CompiledPath -- Evaluating path: $
12:52:52.985 [main] DEBUG com.jayway.jsonpath.internal.JsonContext -- Put path $ key modifiers value {}
12:52:52.985 [main] DEBUG com.jayway.jsonpath.internal.path.CompiledPath -- Evaluating path: $
12:52:52.985 [main] DEBUG com.jayway.jsonpath.internal.JsonContext -- Put path $ key modifiers value 0
12:52:52.985 [main] DEBUG com.jayway.jsonpath.internal.path.CompiledPath -- Evaluating path: $['type']
12:52:52.985 [main] DEBUG com.jayway.jsonpath.internal.path.CompiledPath -- Evaluating path: $
12:52:52.985 [main] DEBUG com.jayway.jsonpath.internal.path.CompiledPath -- Evaluating path: $
12:52:52.985 [main] DEBUG com.jayway.jsonpath.internal.JsonContext -- Put path $ key type value {}
12:52:52.985 [main] DEBUG com.jayway.jsonpath.internal.path.CompiledPath -- Evaluating path: $
12:52:52.985 [main] DEBUG com.jayway.jsonpath.internal.JsonContext -- Put path $ key type value rawKeyDown
12:52:52.985 [main] DEBUG com.jayway.jsonpath.internal.path.CompiledPath -- Evaluating path: $['text']
12:52:52.985 [main] DEBUG com.jayway.jsonpath.internal.path.CompiledPath -- Evaluating path: $
12:52:52.985 [main] DEBUG com.jayway.jsonpath.internal.path.CompiledPath -- Evaluating path: $
12:52:52.985 [main] DEBUG com.jayway.jsonpath.internal.JsonContext -- Put path $ key text value {}
12:52:52.985 [main] DEBUG com.jayway.jsonpath.internal.path.CompiledPath -- Evaluating path: $
12:52:52.985 [main] DEBUG com.jayway.jsonpath.internal.JsonContext -- Put path $ key text value e
12:52:52.985 [main] DEBUG com.jayway.jsonpath.internal.path.CompiledPath -- Evaluating path: $['windowsVirtualKeyCode']
12:52:52.985 [main] DEBUG com.jayway.jsonpath.internal.path.CompiledPath -- Evaluating path: $
12:52:52.985 [main] DEBUG com.jayway.jsonpath.internal.path.CompiledPath -- Evaluating path: $
12:52:52.985 [main] DEBUG com.jayway.jsonpath.internal.JsonContext -- Put path $ key windowsVirtualKeyCode value {}
12:52:52.985 [main] DEBUG com.jayway.jsonpath.internal.path.CompiledPath -- Evaluating path: $
12:52:52.985 [main] DEBUG com.jayway.jsonpath.internal.JsonContext -- Put path $ key windowsVirtualKeyCode value 101
12:52:52.985 [main] DEBUG com.jayway.jsonpath.internal.path.CompiledPath -- Evaluating path: $
12:52:52.985 [main] DEBUG com.intuit.karate.driver.chrome_1718781763869 -- >> {"id":77,"sessionId":"2ACBFFE90E2D25278B539EB66C5835A5","method":"Input.dispatchKeyEvent","params":{"modifiers":0,"type":"rawKeyDown","text":"e","windowsVirtualKeyCode":101}}
12:52:52.987 [nioEventLoopGroup-10-1] DEBUG com.intuit.karate.driver.chrome_1718781763869 -- << {"id":77,"result":{},"sessionId":"2ACBFFE90E2D25278B539EB66C5835A5"}
12:52:52.987 [nioEventLoopGroup-10-1] DEBUG com.jayway.jsonpath.internal.path.CompiledPath -- Evaluating path: $
12:52:52.987 [main] DEBUG com.jayway.jsonpath.internal.path.CompiledPath -- Evaluating path: $['modifiers']
12:52:52.987 [main] DEBUG com.jayway.jsonpath.internal.path.CompiledPath -- Evaluating path: $
12:52:52.987 [main] DEBUG com.jayway.jsonpath.internal.path.CompiledPath -- Evaluating path: $
12:52:52.987 [main] DEBUG com.jayway.jsonpath.internal.JsonContext -- Put path $ key modifiers value {}
12:52:52.987 [main] DEBUG com.jayway.jsonpath.internal.path.CompiledPath -- Evaluating path: $
12:52:52.987 [main] DEBUG com.jayway.jsonpath.internal.JsonContext -- Put path $ key modifiers value 0
12:52:52.987 [main] DEBUG com.jayway.jsonpath.internal.path.CompiledPath -- Evaluating path: $['type']
12:52:52.988 [main] DEBUG com.jayway.jsonpath.internal.path.CompiledPath -- Evaluating path: $
12:52:52.988 [main] DEBUG com.jayway.jsonpath.internal.path.CompiledPath -- Evaluating path: $
12:52:52.988 [main] DEBUG com.jayway.jsonpath.internal.JsonContext -- Put path $ key type value {}
12:52:52.988 [main] DEBUG com.jayway.jsonpath.internal.path.CompiledPath -- Evaluating path: $
12:52:52.988 [main] DEBUG com.jayway.jsonpath.internal.JsonContext -- Put path $ key type value char
12:52:52.988 [main] DEBUG com.jayway.jsonpath.internal.path.CompiledPath -- Evaluating path: $['text']
12:52:52.988 [main] DEBUG com.jayway.jsonpath.internal.path.CompiledPath -- Evaluating path: $
12:52:52.988 [main] DEBUG com.jayway.jsonpath.internal.path.CompiledPath -- Evaluating path: $
12:52:52.988 [main] DEBUG com.jayway.jsonpath.internal.JsonContext -- Put path $ key text value {}
12:52:52.988 [main] DEBUG com.jayway.jsonpath.internal.path.CompiledPath -- Evaluating path: $
12:52:52.988 [main] DEBUG com.jayway.jsonpath.internal.JsonContext -- Put path $ key text value e
12:52:52.988 [main] DEBUG com.jayway.jsonpath.internal.path.CompiledPath -- Evaluating path: $['windowsVirtualKeyCode']
12:52:52.988 [main] DEBUG com.jayway.jsonpath.internal.path.CompiledPath -- Evaluating path: $
12:52:52.988 [main] DEBUG com.jayway.jsonpath.internal.path.CompiledPath -- Evaluating path: $
12:52:52.988 [main] DEBUG com.jayway.jsonpath.internal.JsonContext -- Put path $ key windowsVirtualKeyCode value {}
12:52:52.988 [main] DEBUG com.jayway.jsonpath.internal.path.CompiledPath -- Evaluating path: $
12:52:52.988 [main] DEBUG com.jayway.jsonpath.internal.JsonContext -- Put path $ key windowsVirtualKeyCode value 101
12:52:52.988 [main] DEBUG com.jayway.jsonpath.internal.path.CompiledPath -- Evaluating path: $
12:52:52.988 [main] DEBUG com.intuit.karate.driver.chrome_1718781763869 -- >> {"id":78,"sessionId":"2ACBFFE90E2D25278B539EB66C5835A5","method":"Input.dispatchKeyEvent","params":{"modifiers":0,"type":"char","text":"e","windowsVirtualKeyCode":101}}
12:52:52.993 [nioEventLoopGroup-10-1] DEBUG com.intuit.karate.driver.chrome_1718781763869 -- << {"id":78,"result":{},"sessionId":"2ACBFFE90E2D25278B539EB66C5835A5"}
12:52:52.993 [nioEventLoopGroup-10-1] DEBUG com.jayway.jsonpath.internal.path.CompiledPath -- Evaluating path: $
12:52:52.993 [main] DEBUG com.jayway.jsonpath.internal.path.CompiledPath -- Evaluating path: $['modifiers']
12:52:52.993 [main] DEBUG com.jayway.jsonpath.internal.path.CompiledPath -- Evaluating path: $
12:52:52.993 [main] DEBUG com.jayway.jsonpath.internal.path.CompiledPath -- Evaluating path: $
12:52:52.993 [main] DEBUG com.jayway.jsonpath.internal.JsonContext -- Put path $ key modifiers value {}
12:52:52.993 [main] DEBUG com.jayway.jsonpath.internal.path.CompiledPath -- Evaluating path: $
12:52:52.993 [main] DEBUG com.jayway.jsonpath.internal.JsonContext -- Put path $ key modifiers value 0
12:52:52.993 [main] DEBUG com.jayway.jsonpath.internal.path.CompiledPath -- Evaluating path: $['type']
12:52:52.993 [main] DEBUG com.jayway.jsonpath.internal.path.CompiledPath -- Evaluating path: $
12:52:52.993 [main] DEBUG com.jayway.jsonpath.internal.path.CompiledPath -- Evaluating path: $
12:52:52.993 [main] DEBUG com.jayway.jsonpath.internal.JsonContext -- Put path $ key type value {}
12:52:52.993 [main] DEBUG com.jayway.jsonpath.internal.path.CompiledPath -- Evaluating path: $
12:52:52.993 [main] DEBUG com.jayway.jsonpath.internal.JsonContext -- Put path $ key type value keyUp
12:52:52.993 [main] DEBUG com.jayway.jsonpath.internal.path.CompiledPath -- Evaluating path: $['text']
12:52:52.993 [main] DEBUG com.jayway.jsonpath.internal.path.CompiledPath -- Evaluating path: $
12:52:52.993 [main] DEBUG com.jayway.jsonpath.internal.path.CompiledPath -- Evaluating path: $
12:52:52.993 [main] DEBUG com.jayway.jsonpath.internal.JsonContext -- Put path $ key text value {}
12:52:52.993 [main] DEBUG com.jayway.jsonpath.internal.path.CompiledPath -- Evaluating path: $
12:52:52.993 [main] DEBUG com.jayway.jsonpath.internal.JsonContext -- Put path $ key text value e
12:52:52.993 [main] DEBUG com.jayway.jsonpath.internal.path.CompiledPath -- Evaluating path: $['windowsVirtualKeyCode']
12:52:52.993 [main] DEBUG com.jayway.jsonpath.internal.path.CompiledPath -- Evaluating path: $
12:52:52.993 [main] DEBUG com.jayway.jsonpath.internal.path.CompiledPath -- Evaluating path: $
12:52:52.993 [main] DEBUG com.jayway.jsonpath.internal.JsonContext -- Put path $ key windowsVirtualKeyCode value {}
12:52:52.993 [main] DEBUG com.jayway.jsonpath.internal.path.CompiledPath -- Evaluating path: $
12:52:52.993 [main] DEBUG com.jayway.jsonpath.internal.JsonContext -- Put path $ key windowsVirtualKeyCode value 101
12:52:52.993 [main] DEBUG com.jayway.jsonpath.internal.path.CompiledPath -- Evaluating path: $
12:52:52.993 [main] DEBUG com.intuit.karate.driver.chrome_1718781763869 -- >> {"id":79,"sessionId":"2ACBFFE90E2D25278B539EB66C5835A5","method":"Input.dispatchKeyEvent","params":{"modifiers":0,"type":"keyUp","text":"e","windowsVirtualKeyCode":101}}
12:52:53.134 [nioEventLoopGroup-10-1] DEBUG com.intuit.karate.driver.chrome_1718781763869 -- << {"id":79,"result":{},"sessionId":"2ACBFFE90E2D25278B539EB66C5835A5"}
12:52:53.134 [nioEventLoopGroup-10-1] DEBUG com.jayway.jsonpath.internal.path.CompiledPath -- Evaluating path: $
12:52:53.134 [main] DEBUG com.jayway.jsonpath.internal.path.CompiledPath -- Evaluating path: $['modifiers']
12:52:53.134 [main] DEBUG com.jayway.jsonpath.internal.path.CompiledPath -- Evaluating path: $
12:52:53.134 [main] DEBUG com.jayway.jsonpath.internal.path.CompiledPath -- Evaluating path: $
12:52:53.134 [main] DEBUG com.jayway.jsonpath.internal.JsonContext -- Put path $ key modifiers value {}
12:52:53.134 [main] DEBUG com.jayway.jsonpath.internal.path.CompiledPath -- Evaluating path: $
12:52:53.134 [main] DEBUG com.jayway.jsonpath.internal.JsonContext -- Put path $ key modifiers value 0
12:52:53.134 [main] DEBUG com.jayway.jsonpath.internal.path.CompiledPath -- Evaluating path: $['type']
12:52:53.134 [main] DEBUG com.jayway.jsonpath.internal.path.CompiledPath -- Evaluating path: $
12:52:53.134 [main] DEBUG com.jayway.jsonpath.internal.path.CompiledPath -- Evaluating path: $
12:52:53.134 [main] DEBUG com.jayway.jsonpath.internal.JsonContext -- Put path $ key type value {}
12:52:53.134 [main] DEBUG com.jayway.jsonpath.internal.path.CompiledPath -- Evaluating path: $
12:52:53.134 [main] DEBUG com.jayway.jsonpath.internal.JsonContext -- Put path $ key type value rawKeyDown
12:52:53.134 [main] DEBUG com.jayway.jsonpath.internal.path.CompiledPath -- Evaluating path: $['text']
12:52:53.134 [main] DEBUG com.jayway.jsonpath.internal.path.CompiledPath -- Evaluating path: $
12:52:53.134 [main] DEBUG com.jayway.jsonpath.internal.path.CompiledPath -- Evaluating path: $
12:52:53.134 [main] DEBUG com.jayway.jsonpath.internal.JsonContext -- Put path $ key text value {}
12:52:53.134 [main] DEBUG com.jayway.jsonpath.internal.path.CompiledPath -- Evaluating path: $
12:52:53.134 [main] DEBUG com.jayway.jsonpath.internal.JsonContext -- Put path $ key text value c
12:52:53.134 [main] DEBUG com.jayway.jsonpath.internal.path.CompiledPath -- Evaluating path: $['windowsVirtualKeyCode']
12:52:53.134 [main] DEBUG com.jayway.jsonpath.internal.path.CompiledPath -- Evaluating path: $
12:52:53.134 [main] DEBUG com.jayway.jsonpath.internal.path.CompiledPath -- Evaluating path: $
12:52:53.134 [main] DEBUG com.jayway.jsonpath.internal.JsonContext -- Put path $ key windowsVirtualKeyCode value {}
12:52:53.134 [main] DEBUG com.jayway.jsonpath.internal.path.CompiledPath -- Evaluating path: $
12:52:53.134 [main] DEBUG com.jayway.jsonpath.internal.JsonContext -- Put path $ key windowsVirtualKeyCode value 99
12:52:53.134 [main] DEBUG com.jayway.jsonpath.internal.path.CompiledPath -- Evaluating path: $
12:52:53.134 [main] DEBUG com.intuit.karate.driver.chrome_1718781763869 -- >> {"id":80,"sessionId":"2ACBFFE90E2D25278B539EB66C5835A5","method":"Input.dispatchKeyEvent","params":{"modifiers":0,"type":"rawKeyDown","text":"c","windowsVirtualKeyCode":99}}
12:52:53.136 [nioEventLoopGroup-10-1] DEBUG com.intuit.karate.driver.chrome_1718781763869 -- << {"id":80,"result":{},"sessionId":"2ACBFFE90E2D25278B539EB66C5835A5"}
12:52:53.137 [nioEventLoopGroup-10-1] DEBUG com.jayway.jsonpath.internal.path.CompiledPath -- Evaluating path: $
12:52:53.137 [main] DEBUG com.jayway.jsonpath.internal.path.CompiledPath -- Evaluating path: $['modifiers']
12:52:53.137 [main] DEBUG com.jayway.jsonpath.internal.path.CompiledPath -- Evaluating path: $
12:52:53.137 [main] DEBUG com.jayway.jsonpath.internal.path.CompiledPath -- Evaluating path: $
12:52:53.137 [main] DEBUG com.jayway.jsonpath.internal.JsonContext -- Put path $ key modifiers value {}
12:52:53.137 [main] DEBUG com.jayway.jsonpath.internal.path.CompiledPath -- Evaluating path: $
12:52:53.137 [main] DEBUG com.jayway.jsonpath.internal.JsonContext -- Put path $ key modifiers value 0
12:52:53.137 [main] DEBUG com.jayway.jsonpath.internal.path.CompiledPath -- Evaluating path: $['type']
12:52:53.137 [main] DEBUG com.jayway.jsonpath.internal.path.CompiledPath -- Evaluating path: $
12:52:53.137 [main] DEBUG com.jayway.jsonpath.internal.path.CompiledPath -- Evaluating path: $
12:52:53.137 [main] DEBUG com.jayway.jsonpath.internal.JsonContext -- Put path $ key type value {}
12:52:53.137 [main] DEBUG com.jayway.jsonpath.internal.path.CompiledPath -- Evaluating path: $
12:52:53.137 [main] DEBUG com.jayway.jsonpath.internal.JsonContext -- Put path $ key type value char
12:52:53.137 [main] DEBUG com.jayway.jsonpath.internal.path.CompiledPath -- Evaluating path: $['text']
12:52:53.137 [main] DEBUG com.jayway.jsonpath.internal.path.CompiledPath -- Evaluating path: $
12:52:53.137 [main] DEBUG com.jayway.jsonpath.internal.path.CompiledPath -- Evaluating path: $
12:52:53.137 [main] DEBUG com.jayway.jsonpath.internal.JsonContext -- Put path $ key text value {}
12:52:53.137 [main] DEBUG com.jayway.jsonpath.internal.path.CompiledPath -- Evaluating path: $
12:52:53.137 [main] DEBUG com.jayway.jsonpath.internal.JsonContext -- Put path $ key text value c
12:52:53.137 [main] DEBUG com.jayway.jsonpath.internal.path.CompiledPath -- Evaluating path: $['windowsVirtualKeyCode']
12:52:53.137 [main] DEBUG com.jayway.jsonpath.internal.path.CompiledPath -- Evaluating path: $
12:52:53.137 [main] DEBUG com.jayway.jsonpath.internal.path.CompiledPath -- Evaluating path: $
12:52:53.137 [main] DEBUG com.jayway.jsonpath.internal.JsonContext -- Put path $ key windowsVirtualKeyCode value {}
12:52:53.137 [main] DEBUG com.jayway.jsonpath.internal.path.CompiledPath -- Evaluating path: $
12:52:53.137 [main] DEBUG com.jayway.jsonpath.internal.JsonContext -- Put path $ key windowsVirtualKeyCode value 99
12:52:53.137 [main] DEBUG com.jayway.jsonpath.internal.path.CompiledPath -- Evaluating path: $
12:52:53.137 [main] DEBUG com.intuit.karate.driver.chrome_1718781763869 -- >> {"id":81,"sessionId":"2ACBFFE90E2D25278B539EB66C5835A5","method":"Input.dispatchKeyEvent","params":{"modifiers":0,"type":"char","text":"c","windowsVirtualKeyCode":99}}
12:52:53.140 [nioEventLoopGroup-10-1] DEBUG com.intuit.karate.driver.chrome_1718781763869 -- << {"id":81,"result":{},"sessionId":"2ACBFFE90E2D25278B539EB66C5835A5"}
12:52:53.140 [nioEventLoopGroup-10-1] DEBUG com.jayway.jsonpath.internal.path.CompiledPath -- Evaluating path: $
12:52:53.141 [main] DEBUG com.jayway.jsonpath.internal.path.CompiledPath -- Evaluating path: $['modifiers']
12:52:53.141 [main] DEBUG com.jayway.jsonpath.internal.path.CompiledPath -- Evaluating path: $
12:52:53.141 [main] DEBUG com.jayway.jsonpath.internal.path.CompiledPath -- Evaluating path: $
12:52:53.141 [main] DEBUG com.jayway.jsonpath.internal.JsonContext -- Put path $ key modifiers value {}
12:52:53.141 [main] DEBUG com.jayway.jsonpath.internal.path.CompiledPath -- Evaluating path: $
12:52:53.141 [main] DEBUG com.jayway.jsonpath.internal.JsonContext -- Put path $ key modifiers value 0
12:52:53.141 [main] DEBUG com.jayway.jsonpath.internal.path.CompiledPath -- Evaluating path: $['type']
12:52:53.141 [main] DEBUG com.jayway.jsonpath.internal.path.CompiledPath -- Evaluating path: $
12:52:53.141 [main] DEBUG com.jayway.jsonpath.internal.path.CompiledPath -- Evaluating path: $
12:52:53.141 [main] DEBUG com.jayway.jsonpath.internal.JsonContext -- Put path $ key type value {}
12:52:53.141 [main] DEBUG com.jayway.jsonpath.internal.path.CompiledPath -- Evaluating path: $
12:52:53.141 [main] DEBUG com.jayway.jsonpath.internal.JsonContext -- Put path $ key type value keyUp
12:52:53.141 [main] DEBUG com.jayway.jsonpath.internal.path.CompiledPath -- Evaluating path: $['text']
12:52:53.141 [main] DEBUG com.jayway.jsonpath.internal.path.CompiledPath -- Evaluating path: $
12:52:53.141 [main] DEBUG com.jayway.jsonpath.internal.path.CompiledPath -- Evaluating path: $
12:52:53.141 [main] DEBUG com.jayway.jsonpath.internal.JsonContext -- Put path $ key text value {}
12:52:53.141 [main] DEBUG com.jayway.jsonpath.internal.path.CompiledPath -- Evaluating path: $
12:52:53.141 [main] DEBUG com.jayway.jsonpath.internal.JsonContext -- Put path $ key text value c
12:52:53.141 [main] DEBUG com.jayway.jsonpath.internal.path.CompiledPath -- Evaluating path: $['windowsVirtualKeyCode']
12:52:53.141 [main] DEBUG com.jayway.jsonpath.internal.path.CompiledPath -- Evaluating path: $
12:52:53.141 [main] DEBUG com.jayway.jsonpath.internal.path.CompiledPath -- Evaluating path: $
12:52:53.141 [main] DEBUG com.jayway.jsonpath.internal.JsonContext -- Put path $ key windowsVirtualKeyCode value {}
12:52:53.141 [main] DEBUG com.jayway.jsonpath.internal.path.CompiledPath -- Evaluating path: $
12:52:53.141 [main] DEBUG com.jayway.jsonpath.internal.JsonContext -- Put path $ key windowsVirtualKeyCode value 99
12:52:53.141 [main] DEBUG com.jayway.jsonpath.internal.path.CompiledPath -- Evaluating path: $
12:52:53.141 [main] DEBUG com.intuit.karate.driver.chrome_1718781763869 -- >> {"id":82,"sessionId":"2ACBFFE90E2D25278B539EB66C5835A5","method":"Input.dispatchKeyEvent","params":{"modifiers":0,"type":"keyUp","text":"c","windowsVirtualKeyCode":99}}
12:52:53.142 [nioEventLoopGroup-10-1] DEBUG com.intuit.karate.driver.chrome_1718781763869 -- << {"id":82,"result":{},"sessionId":"2ACBFFE90E2D25278B539EB66C5835A5"}
12:52:53.142 [nioEventLoopGroup-10-1] DEBUG com.jayway.jsonpath.internal.path.CompiledPath -- Evaluating path: $
12:52:53.142 [main] DEBUG com.jayway.jsonpath.internal.path.CompiledPath -- Evaluating path: $['modifiers']
12:52:53.142 [main] DEBUG com.jayway.jsonpath.internal.path.CompiledPath -- Evaluating path: $
12:52:53.142 [main] DEBUG com.jayway.jsonpath.internal.path.CompiledPath -- Evaluating path: $
12:52:53.142 [main] DEBUG com.jayway.jsonpath.internal.JsonContext -- Put path $ key modifiers value {}
12:52:53.142 [main] DEBUG com.jayway.jsonpath.internal.path.CompiledPath -- Evaluating path: $
12:52:53.142 [main] DEBUG com.jayway.jsonpath.internal.JsonContext -- Put path $ key modifiers value 0
12:52:53.142 [main] DEBUG com.jayway.jsonpath.internal.path.CompiledPath -- Evaluating path: $['type']
12:52:53.142 [main] DEBUG com.jayway.jsonpath.internal.path.CompiledPath -- Evaluating path: $
12:52:53.142 [main] DEBUG com.jayway.jsonpath.internal.path.CompiledPath -- Evaluating path: $
12:52:53.142 [main] DEBUG com.jayway.jsonpath.internal.JsonContext -- Put path $ key type value {}
12:52:53.142 [main] DEBUG com.jayway.jsonpath.internal.path.CompiledPath -- Evaluating path: $
12:52:53.142 [main] DEBUG com.jayway.jsonpath.internal.JsonContext -- Put path $ key type value rawKeyDown
12:52:53.142 [main] DEBUG com.jayway.jsonpath.internal.path.CompiledPath -- Evaluating path: $['text']
12:52:53.142 [main] DEBUG com.jayway.jsonpath.internal.path.CompiledPath -- Evaluating path: $
12:52:53.142 [main] DEBUG com.jayway.jsonpath.internal.path.CompiledPath -- Evaluating path: $
12:52:53.142 [main] DEBUG com.jayway.jsonpath.internal.JsonContext -- Put path $ key text value {}
12:52:53.142 [main] DEBUG com.jayway.jsonpath.internal.path.CompiledPath -- Evaluating path: $
12:52:53.142 [main] DEBUG com.jayway.jsonpath.internal.JsonContext -- Put path $ key text value r
12:52:53.142 [main] DEBUG com.jayway.jsonpath.internal.path.CompiledPath -- Evaluating path: $['windowsVirtualKeyCode']
12:52:53.142 [main] DEBUG com.jayway.jsonpath.internal.path.CompiledPath -- Evaluating path: $
12:52:53.142 [main] DEBUG com.jayway.jsonpath.internal.path.CompiledPath -- Evaluating path: $
12:52:53.142 [main] DEBUG com.jayway.jsonpath.internal.JsonContext -- Put path $ key windowsVirtualKeyCode value {}
12:52:53.142 [main] DEBUG com.jayway.jsonpath.internal.path.CompiledPath -- Evaluating path: $
12:52:53.142 [main] DEBUG com.jayway.jsonpath.internal.JsonContext -- Put path $ key windowsVirtualKeyCode value 114
12:52:53.142 [main] DEBUG com.jayway.jsonpath.internal.path.CompiledPath -- Evaluating path: $
12:52:53.142 [main] DEBUG com.intuit.karate.driver.chrome_1718781763869 -- >> {"id":83,"sessionId":"2ACBFFE90E2D25278B539EB66C5835A5","method":"Input.dispatchKeyEvent","params":{"modifiers":0,"type":"rawKeyDown","text":"r","windowsVirtualKeyCode":114}}
12:52:53.144 [nioEventLoopGroup-10-1] DEBUG com.intuit.karate.driver.chrome_1718781763869 -- << {"id":83,"result":{},"sessionId":"2ACBFFE90E2D25278B539EB66C5835A5"}
12:52:53.144 [nioEventLoopGroup-10-1] DEBUG com.jayway.jsonpath.internal.path.CompiledPath -- Evaluating path: $
12:52:53.144 [main] DEBUG com.jayway.jsonpath.internal.path.CompiledPath -- Evaluating path: $['modifiers']
12:52:53.144 [main] DEBUG com.jayway.jsonpath.internal.path.CompiledPath -- Evaluating path: $
12:52:53.144 [main] DEBUG com.jayway.jsonpath.internal.path.CompiledPath -- Evaluating path: $
12:52:53.144 [main] DEBUG com.jayway.jsonpath.internal.JsonContext -- Put path $ key modifiers value {}
12:52:53.144 [main] DEBUG com.jayway.jsonpath.internal.path.CompiledPath -- Evaluating path: $
12:52:53.144 [main] DEBUG com.jayway.jsonpath.internal.JsonContext -- Put path $ key modifiers value 0
12:52:53.144 [main] DEBUG com.jayway.jsonpath.internal.path.CompiledPath -- Evaluating path: $['type']
12:52:53.144 [main] DEBUG com.jayway.jsonpath.internal.path.CompiledPath -- Evaluating path: $
12:52:53.144 [main] DEBUG com.jayway.jsonpath.internal.path.CompiledPath -- Evaluating path: $
12:52:53.144 [main] DEBUG com.jayway.jsonpath.internal.JsonContext -- Put path $ key type value {}
12:52:53.144 [main] DEBUG com.jayway.jsonpath.internal.path.CompiledPath -- Evaluating path: $
12:52:53.144 [main] DEBUG com.jayway.jsonpath.internal.JsonContext -- Put path $ key type value char
12:52:53.144 [main] DEBUG com.jayway.jsonpath.internal.path.CompiledPath -- Evaluating path: $['text']
12:52:53.144 [main] DEBUG com.jayway.jsonpath.internal.path.CompiledPath -- Evaluating path: $
12:52:53.144 [main] DEBUG com.jayway.jsonpath.internal.path.CompiledPath -- Evaluating path: $
12:52:53.144 [main] DEBUG com.jayway.jsonpath.internal.JsonContext -- Put path $ key text value {}
12:52:53.144 [main] DEBUG com.jayway.jsonpath.internal.path.CompiledPath -- Evaluating path: $
12:52:53.144 [main] DEBUG com.jayway.jsonpath.internal.JsonContext -- Put path $ key text value r
12:52:53.144 [main] DEBUG com.jayway.jsonpath.internal.path.CompiledPath -- Evaluating path: $['windowsVirtualKeyCode']
12:52:53.144 [main] DEBUG com.jayway.jsonpath.internal.path.CompiledPath -- Evaluating path: $
12:52:53.144 [main] DEBUG com.jayway.jsonpath.internal.path.CompiledPath -- Evaluating path: $
12:52:53.144 [main] DEBUG com.jayway.jsonpath.internal.JsonContext -- Put path $ key windowsVirtualKeyCode value {}
12:52:53.144 [main] DEBUG com.jayway.jsonpath.internal.path.CompiledPath -- Evaluating path: $
12:52:53.144 [main] DEBUG com.jayway.jsonpath.internal.JsonContext -- Put path $ key windowsVirtualKeyCode value 114
12:52:53.144 [main] DEBUG com.jayway.jsonpath.internal.path.CompiledPath -- Evaluating path: $
12:52:53.144 [main] DEBUG com.intuit.karate.driver.chrome_1718781763869 -- >> {"id":84,"sessionId":"2ACBFFE90E2D25278B539EB66C5835A5","method":"Input.dispatchKeyEvent","params":{"modifiers":0,"type":"char","text":"r","windowsVirtualKeyCode":114}}
12:52:53.148 [nioEventLoopGroup-10-1] DEBUG com.intuit.karate.driver.chrome_1718781763869 -- << {"id":84,"result":{},"sessionId":"2ACBFFE90E2D25278B539EB66C5835A5"}
12:52:53.148 [nioEventLoopGroup-10-1] DEBUG com.jayway.jsonpath.internal.path.CompiledPath -- Evaluating path: $
12:52:53.148 [main] DEBUG com.jayway.jsonpath.internal.path.CompiledPath -- Evaluating path: $['modifiers']
12:52:53.148 [main] DEBUG com.jayway.jsonpath.internal.path.CompiledPath -- Evaluating path: $
12:52:53.148 [main] DEBUG com.jayway.jsonpath.internal.path.CompiledPath -- Evaluating path: $
12:52:53.148 [main] DEBUG com.jayway.jsonpath.internal.JsonContext -- Put path $ key modifiers value {}
12:52:53.148 [main] DEBUG com.jayway.jsonpath.internal.path.CompiledPath -- Evaluating path: $
12:52:53.148 [main] DEBUG com.jayway.jsonpath.internal.JsonContext -- Put path $ key modifiers value 0
12:52:53.148 [main] DEBUG com.jayway.jsonpath.internal.path.CompiledPath -- Evaluating path: $['type']
12:52:53.148 [main] DEBUG com.jayway.jsonpath.internal.path.CompiledPath -- Evaluating path: $
12:52:53.148 [main] DEBUG com.jayway.jsonpath.internal.path.CompiledPath -- Evaluating path: $
12:52:53.148 [main] DEBUG com.jayway.jsonpath.internal.JsonContext -- Put path $ key type value {}
12:52:53.148 [main] DEBUG com.jayway.jsonpath.internal.path.CompiledPath -- Evaluating path: $
12:52:53.148 [main] DEBUG com.jayway.jsonpath.internal.JsonContext -- Put path $ key type value keyUp
12:52:53.148 [main] DEBUG com.jayway.jsonpath.internal.path.CompiledPath -- Evaluating path: $['text']
12:52:53.148 [main] DEBUG com.jayway.jsonpath.internal.path.CompiledPath -- Evaluating path: $
12:52:53.148 [main] DEBUG com.jayway.jsonpath.internal.path.CompiledPath -- Evaluating path: $
12:52:53.148 [main] DEBUG com.jayway.jsonpath.internal.JsonContext -- Put path $ key text value {}
12:52:53.148 [main] DEBUG com.jayway.jsonpath.internal.path.CompiledPath -- Evaluating path: $
12:52:53.148 [main] DEBUG com.jayway.jsonpath.internal.JsonContext -- Put path $ key text value r
12:52:53.148 [main] DEBUG com.jayway.jsonpath.internal.path.CompiledPath -- Evaluating path: $['windowsVirtualKeyCode']
12:52:53.148 [main] DEBUG com.jayway.jsonpath.internal.path.CompiledPath -- Evaluating path: $
12:52:53.148 [main] DEBUG com.jayway.jsonpath.internal.path.CompiledPath -- Evaluating path: $
12:52:53.148 [main] DEBUG com.jayway.jsonpath.internal.JsonContext -- Put path $ key windowsVirtualKeyCode value {}
12:52:53.148 [main] DEBUG com.jayway.jsonpath.internal.path.CompiledPath -- Evaluating path: $
12:52:53.148 [main] DEBUG com.jayway.jsonpath.internal.JsonContext -- Put path $ key windowsVirtualKeyCode value 114
12:52:53.148 [main] DEBUG com.jayway.jsonpath.internal.path.CompiledPath -- Evaluating path: $
12:52:53.148 [main] DEBUG com.intuit.karate.driver.chrome_1718781763869 -- >> {"id":85,"sessionId":"2ACBFFE90E2D25278B539EB66C5835A5","method":"Input.dispatchKeyEvent","params":{"modifiers":0,"type":"keyUp","text":"r","windowsVirtualKeyCode":114}}
12:52:53.150 [nioEventLoopGroup-10-1] DEBUG com.intuit.karate.driver.chrome_1718781763869 -- << {"id":85,"result":{},"sessionId":"2ACBFFE90E2D25278B539EB66C5835A5"}
12:52:53.150 [nioEventLoopGroup-10-1] DEBUG com.jayway.jsonpath.internal.path.CompiledPath -- Evaluating path: $
12:52:53.150 [main] DEBUG com.jayway.jsonpath.internal.path.CompiledPath -- Evaluating path: $['modifiers']
12:52:53.150 [main] DEBUG com.jayway.jsonpath.internal.path.CompiledPath -- Evaluating path: $
12:52:53.150 [main] DEBUG com.jayway.jsonpath.internal.path.CompiledPath -- Evaluating path: $
12:52:53.150 [main] DEBUG com.jayway.jsonpath.internal.JsonContext -- Put path $ key modifiers value {}
12:52:53.150 [main] DEBUG com.jayway.jsonpath.internal.path.CompiledPath -- Evaluating path: $
12:52:53.150 [main] DEBUG com.jayway.jsonpath.internal.JsonContext -- Put path $ key modifiers value 0
12:52:53.150 [main] DEBUG com.jayway.jsonpath.internal.path.CompiledPath -- Evaluating path: $['type']
12:52:53.150 [main] DEBUG com.jayway.jsonpath.internal.path.CompiledPath -- Evaluating path: $
12:52:53.150 [main] DEBUG com.jayway.jsonpath.internal.path.CompiledPath -- Evaluating path: $
12:52:53.150 [main] DEBUG com.jayway.jsonpath.internal.JsonContext -- Put path $ key type value {}
12:52:53.150 [main] DEBUG com.jayway.jsonpath.internal.path.CompiledPath -- Evaluating path: $
12:52:53.150 [main] DEBUG com.jayway.jsonpath.internal.JsonContext -- Put path $ key type value rawKeyDown
12:52:53.150 [main] DEBUG com.jayway.jsonpath.internal.path.CompiledPath -- Evaluating path: $['text']
12:52:53.150 [main] DEBUG com.jayway.jsonpath.internal.path.CompiledPath -- Evaluating path: $
12:52:53.150 [main] DEBUG com.jayway.jsonpath.internal.path.CompiledPath -- Evaluating path: $
12:52:53.150 [main] DEBUG com.jayway.jsonpath.internal.JsonContext -- Put path $ key text value {}
12:52:53.150 [main] DEBUG com.jayway.jsonpath.internal.path.CompiledPath -- Evaluating path: $
12:52:53.150 [main] DEBUG com.jayway.jsonpath.internal.JsonContext -- Put path $ key text value e
12:52:53.150 [main] DEBUG com.jayway.jsonpath.internal.path.CompiledPath -- Evaluating path: $['windowsVirtualKeyCode']
12:52:53.150 [main] DEBUG com.jayway.jsonpath.internal.path.CompiledPath -- Evaluating path: $
12:52:53.150 [main] DEBUG com.jayway.jsonpath.internal.path.CompiledPath -- Evaluating path: $
12:52:53.150 [main] DEBUG com.jayway.jsonpath.internal.JsonContext -- Put path $ key windowsVirtualKeyCode value {}
12:52:53.150 [main] DEBUG com.jayway.jsonpath.internal.path.CompiledPath -- Evaluating path: $
12:52:53.150 [main] DEBUG com.jayway.jsonpath.internal.JsonContext -- Put path $ key windowsVirtualKeyCode value 101
12:52:53.150 [main] DEBUG com.jayway.jsonpath.internal.path.CompiledPath -- Evaluating path: $
12:52:53.150 [main] DEBUG com.intuit.karate.driver.chrome_1718781763869 -- >> {"id":86,"sessionId":"2ACBFFE90E2D25278B539EB66C5835A5","method":"Input.dispatchKeyEvent","params":{"modifiers":0,"type":"rawKeyDown","text":"e","windowsVirtualKeyCode":101}}
12:52:53.151 [nioEventLoopGroup-10-1] DEBUG com.intuit.karate.driver.chrome_1718781763869 -- << {"id":86,"result":{},"sessionId":"2ACBFFE90E2D25278B539EB66C5835A5"}
12:52:53.151 [nioEventLoopGroup-10-1] DEBUG com.jayway.jsonpath.internal.path.CompiledPath -- Evaluating path: $
12:52:53.151 [main] DEBUG com.jayway.jsonpath.internal.path.CompiledPath -- Evaluating path: $['modifiers']
12:52:53.151 [main] DEBUG com.jayway.jsonpath.internal.path.CompiledPath -- Evaluating path: $
12:52:53.151 [main] DEBUG com.jayway.jsonpath.internal.path.CompiledPath -- Evaluating path: $
12:52:53.151 [main] DEBUG com.jayway.jsonpath.internal.JsonContext -- Put path $ key modifiers value {}
12:52:53.151 [main] DEBUG com.jayway.jsonpath.internal.path.CompiledPath -- Evaluating path: $
12:52:53.151 [main] DEBUG com.jayway.jsonpath.internal.JsonContext -- Put path $ key modifiers value 0
12:52:53.151 [main] DEBUG com.jayway.jsonpath.internal.path.CompiledPath -- Evaluating path: $['type']
12:52:53.151 [main] DEBUG com.jayway.jsonpath.internal.path.CompiledPath -- Evaluating path: $
12:52:53.151 [main] DEBUG com.jayway.jsonpath.internal.path.CompiledPath -- Evaluating path: $
12:52:53.151 [main] DEBUG com.jayway.jsonpath.internal.JsonContext -- Put path $ key type value {}
12:52:53.151 [main] DEBUG com.jayway.jsonpath.internal.path.CompiledPath -- Evaluating path: $
12:52:53.151 [main] DEBUG com.jayway.jsonpath.internal.JsonContext -- Put path $ key type value char
12:52:53.151 [main] DEBUG com.jayway.jsonpath.internal.path.CompiledPath -- Evaluating path: $['text']
12:52:53.151 [main] DEBUG com.jayway.jsonpath.internal.path.CompiledPath -- Evaluating path: $
12:52:53.151 [main] DEBUG com.jayway.jsonpath.internal.path.CompiledPath -- Evaluating path: $
12:52:53.151 [main] DEBUG com.jayway.jsonpath.internal.JsonContext -- Put path $ key text value {}
12:52:53.151 [main] DEBUG com.jayway.jsonpath.internal.path.CompiledPath -- Evaluating path: $
12:52:53.151 [main] DEBUG com.jayway.jsonpath.internal.JsonContext -- Put path $ key text value e
12:52:53.151 [main] DEBUG com.jayway.jsonpath.internal.path.CompiledPath -- Evaluating path: $['windowsVirtualKeyCode']
12:52:53.151 [main] DEBUG com.jayway.jsonpath.internal.path.CompiledPath -- Evaluating path: $
12:52:53.151 [main] DEBUG com.jayway.jsonpath.internal.path.CompiledPath -- Evaluating path: $
12:52:53.151 [main] DEBUG com.jayway.jsonpath.internal.JsonContext -- Put path $ key windowsVirtualKeyCode value {}
12:52:53.151 [main] DEBUG com.jayway.jsonpath.internal.path.CompiledPath -- Evaluating path: $
12:52:53.151 [main] DEBUG com.jayway.jsonpath.internal.JsonContext -- Put path $ key windowsVirtualKeyCode value 101
12:52:53.151 [main] DEBUG com.jayway.jsonpath.internal.path.CompiledPath -- Evaluating path: $
12:52:53.151 [main] DEBUG com.intuit.karate.driver.chrome_1718781763869 -- >> {"id":87,"sessionId":"2ACBFFE90E2D25278B539EB66C5835A5","method":"Input.dispatchKeyEvent","params":{"modifiers":0,"type":"char","text":"e","windowsVirtualKeyCode":101}}
12:52:53.155 [nioEventLoopGroup-10-1] DEBUG com.intuit.karate.driver.chrome_1718781763869 -- << {"id":87,"result":{},"sessionId":"2ACBFFE90E2D25278B539EB66C5835A5"}
12:52:53.155 [nioEventLoopGroup-10-1] DEBUG com.jayway.jsonpath.internal.path.CompiledPath -- Evaluating path: $
12:52:53.155 [main] DEBUG com.jayway.jsonpath.internal.path.CompiledPath -- Evaluating path: $['modifiers']
12:52:53.155 [main] DEBUG com.jayway.jsonpath.internal.path.CompiledPath -- Evaluating path: $
12:52:53.155 [main] DEBUG com.jayway.jsonpath.internal.path.CompiledPath -- Evaluating path: $
12:52:53.156 [main] DEBUG com.jayway.jsonpath.internal.JsonContext -- Put path $ key modifiers value {}
12:52:53.156 [main] DEBUG com.jayway.jsonpath.internal.path.CompiledPath -- Evaluating path: $
12:52:53.156 [main] DEBUG com.jayway.jsonpath.internal.JsonContext -- Put path $ key modifiers value 0
12:52:53.156 [main] DEBUG com.jayway.jsonpath.internal.path.CompiledPath -- Evaluating path: $['type']
12:52:53.156 [main] DEBUG com.jayway.jsonpath.internal.path.CompiledPath -- Evaluating path: $
12:52:53.156 [main] DEBUG com.jayway.jsonpath.internal.path.CompiledPath -- Evaluating path: $
12:52:53.156 [main] DEBUG com.jayway.jsonpath.internal.JsonContext -- Put path $ key type value {}
12:52:53.156 [main] DEBUG com.jayway.jsonpath.internal.path.CompiledPath -- Evaluating path: $
12:52:53.156 [main] DEBUG com.jayway.jsonpath.internal.JsonContext -- Put path $ key type value keyUp
12:52:53.156 [main] DEBUG com.jayway.jsonpath.internal.path.CompiledPath -- Evaluating path: $['text']
12:52:53.156 [main] DEBUG com.jayway.jsonpath.internal.path.CompiledPath -- Evaluating path: $
12:52:53.156 [main] DEBUG com.jayway.jsonpath.internal.path.CompiledPath -- Evaluating path: $
12:52:53.156 [main] DEBUG com.jayway.jsonpath.internal.JsonContext -- Put path $ key text value {}
12:52:53.156 [main] DEBUG com.jayway.jsonpath.internal.path.CompiledPath -- Evaluating path: $
12:52:53.156 [main] DEBUG com.jayway.jsonpath.internal.JsonContext -- Put path $ key text value e
12:52:53.156 [main] DEBUG com.jayway.jsonpath.internal.path.CompiledPath -- Evaluating path: $['windowsVirtualKeyCode']
12:52:53.156 [main] DEBUG com.jayway.jsonpath.internal.path.CompiledPath -- Evaluating path: $
12:52:53.156 [main] DEBUG com.jayway.jsonpath.internal.path.CompiledPath -- Evaluating path: $
12:52:53.156 [main] DEBUG com.jayway.jsonpath.internal.JsonContext -- Put path $ key windowsVirtualKeyCode value {}
12:52:53.156 [main] DEBUG com.jayway.jsonpath.internal.path.CompiledPath -- Evaluating path: $
12:52:53.156 [main] DEBUG com.jayway.jsonpath.internal.JsonContext -- Put path $ key windowsVirtualKeyCode value 101
12:52:53.156 [main] DEBUG com.jayway.jsonpath.internal.path.CompiledPath -- Evaluating path: $
12:52:53.156 [main] DEBUG com.intuit.karate.driver.chrome_1718781763869 -- >> {"id":88,"sessionId":"2ACBFFE90E2D25278B539EB66C5835A5","method":"Input.dispatchKeyEvent","params":{"modifiers":0,"type":"keyUp","text":"e","windowsVirtualKeyCode":101}}
12:52:53.157 [nioEventLoopGroup-10-1] DEBUG com.intuit.karate.driver.chrome_1718781763869 -- << {"id":88,"result":{},"sessionId":"2ACBFFE90E2D25278B539EB66C5835A5"}
12:52:53.157 [nioEventLoopGroup-10-1] DEBUG com.jayway.jsonpath.internal.path.CompiledPath -- Evaluating path: $
12:52:53.157 [main] DEBUG com.jayway.jsonpath.internal.path.CompiledPath -- Evaluating path: $['modifiers']
12:52:53.157 [main] DEBUG com.jayway.jsonpath.internal.path.CompiledPath -- Evaluating path: $
12:52:53.157 [main] DEBUG com.jayway.jsonpath.internal.path.CompiledPath -- Evaluating path: $
12:52:53.157 [main] DEBUG com.jayway.jsonpath.internal.JsonContext -- Put path $ key modifiers value {}
12:52:53.157 [main] DEBUG com.jayway.jsonpath.internal.path.CompiledPath -- Evaluating path: $
12:52:53.157 [main] DEBUG com.jayway.jsonpath.internal.JsonContext -- Put path $ key modifiers value 0
12:52:53.157 [main] DEBUG com.jayway.jsonpath.internal.path.CompiledPath -- Evaluating path: $['type']
12:52:53.157 [main] DEBUG com.jayway.jsonpath.internal.path.CompiledPath -- Evaluating path: $
12:52:53.157 [main] DEBUG com.jayway.jsonpath.internal.path.CompiledPath -- Evaluating path: $
12:52:53.157 [main] DEBUG com.jayway.jsonpath.internal.JsonContext -- Put path $ key type value {}
12:52:53.157 [main] DEBUG com.jayway.jsonpath.internal.path.CompiledPath -- Evaluating path: $
12:52:53.157 [main] DEBUG com.jayway.jsonpath.internal.JsonContext -- Put path $ key type value rawKeyDown
12:52:53.157 [main] DEBUG com.jayway.jsonpath.internal.path.CompiledPath -- Evaluating path: $['text']
12:52:53.157 [main] DEBUG com.jayway.jsonpath.internal.path.CompiledPath -- Evaluating path: $
12:52:53.157 [main] DEBUG com.jayway.jsonpath.internal.path.CompiledPath -- Evaluating path: $
12:52:53.157 [main] DEBUG com.jayway.jsonpath.internal.JsonContext -- Put path $ key text value {}
12:52:53.157 [main] DEBUG com.jayway.jsonpath.internal.path.CompiledPath -- Evaluating path: $
12:52:53.157 [main] DEBUG com.jayway.jsonpath.internal.JsonContext -- Put path $ key text value t
12:52:53.157 [main] DEBUG com.jayway.jsonpath.internal.path.CompiledPath -- Evaluating path: $['windowsVirtualKeyCode']
12:52:53.157 [main] DEBUG com.jayway.jsonpath.internal.path.CompiledPath -- Evaluating path: $
12:52:53.157 [main] DEBUG com.jayway.jsonpath.internal.path.CompiledPath -- Evaluating path: $
12:52:53.157 [main] DEBUG com.jayway.jsonpath.internal.JsonContext -- Put path $ key windowsVirtualKeyCode value {}
12:52:53.157 [main] DEBUG com.jayway.jsonpath.internal.path.CompiledPath -- Evaluating path: $
12:52:53.157 [main] DEBUG com.jayway.jsonpath.internal.JsonContext -- Put path $ key windowsVirtualKeyCode value 116
12:52:53.157 [main] DEBUG com.jayway.jsonpath.internal.path.CompiledPath -- Evaluating path: $
12:52:53.157 [main] DEBUG com.intuit.karate.driver.chrome_1718781763869 -- >> {"id":89,"sessionId":"2ACBFFE90E2D25278B539EB66C5835A5","method":"Input.dispatchKeyEvent","params":{"modifiers":0,"type":"rawKeyDown","text":"t","windowsVirtualKeyCode":116}}
12:52:53.159 [nioEventLoopGroup-10-1] DEBUG com.intuit.karate.driver.chrome_1718781763869 -- << {"id":89,"result":{},"sessionId":"2ACBFFE90E2D25278B539EB66C5835A5"}
12:52:53.159 [nioEventLoopGroup-10-1] DEBUG com.jayway.jsonpath.internal.path.CompiledPath -- Evaluating path: $
12:52:53.159 [main] DEBUG com.jayway.jsonpath.internal.path.CompiledPath -- Evaluating path: $['modifiers']
12:52:53.159 [main] DEBUG com.jayway.jsonpath.internal.path.CompiledPath -- Evaluating path: $
12:52:53.159 [main] DEBUG com.jayway.jsonpath.internal.path.CompiledPath -- Evaluating path: $
12:52:53.159 [main] DEBUG com.jayway.jsonpath.internal.JsonContext -- Put path $ key modifiers value {}
12:52:53.159 [main] DEBUG com.jayway.jsonpath.internal.path.CompiledPath -- Evaluating path: $
12:52:53.159 [main] DEBUG com.jayway.jsonpath.internal.JsonContext -- Put path $ key modifiers value 0
12:52:53.159 [main] DEBUG com.jayway.jsonpath.internal.path.CompiledPath -- Evaluating path: $['type']
12:52:53.159 [main] DEBUG com.jayway.jsonpath.internal.path.CompiledPath -- Evaluating path: $
12:52:53.159 [main] DEBUG com.jayway.jsonpath.internal.path.CompiledPath -- Evaluating path: $
12:52:53.159 [main] DEBUG com.jayway.jsonpath.internal.JsonContext -- Put path $ key type value {}
12:52:53.159 [main] DEBUG com.jayway.jsonpath.internal.path.CompiledPath -- Evaluating path: $
12:52:53.159 [main] DEBUG com.jayway.jsonpath.internal.JsonContext -- Put path $ key type value char
12:52:53.159 [main] DEBUG com.jayway.jsonpath.internal.path.CompiledPath -- Evaluating path: $['text']
12:52:53.159 [main] DEBUG com.jayway.jsonpath.internal.path.CompiledPath -- Evaluating path: $
12:52:53.159 [main] DEBUG com.jayway.jsonpath.internal.path.CompiledPath -- Evaluating path: $
12:52:53.159 [main] DEBUG com.jayway.jsonpath.internal.JsonContext -- Put path $ key text value {}
12:52:53.159 [main] DEBUG com.jayway.jsonpath.internal.path.CompiledPath -- Evaluating path: $
12:52:53.159 [main] DEBUG com.jayway.jsonpath.internal.JsonContext -- Put path $ key text value t
12:52:53.159 [main] DEBUG com.jayway.jsonpath.internal.path.CompiledPath -- Evaluating path: $['windowsVirtualKeyCode']
12:52:53.159 [main] DEBUG com.jayway.jsonpath.internal.path.CompiledPath -- Evaluating path: $
12:52:53.159 [main] DEBUG com.jayway.jsonpath.internal.path.CompiledPath -- Evaluating path: $
12:52:53.159 [main] DEBUG com.jayway.jsonpath.internal.JsonContext -- Put path $ key windowsVirtualKeyCode value {}
12:52:53.159 [main] DEBUG com.jayway.jsonpath.internal.path.CompiledPath -- Evaluating path: $
12:52:53.159 [main] DEBUG com.jayway.jsonpath.internal.JsonContext -- Put path $ key windowsVirtualKeyCode value 116
12:52:53.159 [main] DEBUG com.jayway.jsonpath.internal.path.CompiledPath -- Evaluating path: $
12:52:53.159 [main] DEBUG com.intuit.karate.driver.chrome_1718781763869 -- >> {"id":90,"sessionId":"2ACBFFE90E2D25278B539EB66C5835A5","method":"Input.dispatchKeyEvent","params":{"modifiers":0,"type":"char","text":"t","windowsVirtualKeyCode":116}}
12:52:53.165 [nioEventLoopGroup-10-1] DEBUG com.intuit.karate.driver.chrome_1718781763869 -- << {"id":90,"result":{},"sessionId":"2ACBFFE90E2D25278B539EB66C5835A5"}
12:52:53.165 [nioEventLoopGroup-10-1] DEBUG com.jayway.jsonpath.internal.path.CompiledPath -- Evaluating path: $
12:52:53.165 [main] DEBUG com.jayway.jsonpath.internal.path.CompiledPath -- Evaluating path: $['modifiers']
12:52:53.165 [main] DEBUG com.jayway.jsonpath.internal.path.CompiledPath -- Evaluating path: $
12:52:53.166 [main] DEBUG com.jayway.jsonpath.internal.path.CompiledPath -- Evaluating path: $
12:52:53.166 [main] DEBUG com.jayway.jsonpath.internal.JsonContext -- Put path $ key modifiers value {}
12:52:53.166 [main] DEBUG com.jayway.jsonpath.internal.path.CompiledPath -- Evaluating path: $
12:52:53.166 [main] DEBUG com.jayway.jsonpath.internal.JsonContext -- Put path $ key modifiers value 0
12:52:53.166 [main] DEBUG com.jayway.jsonpath.internal.path.CompiledPath -- Evaluating path: $['type']
12:52:53.166 [main] DEBUG com.jayway.jsonpath.internal.path.CompiledPath -- Evaluating path: $
12:52:53.166 [main] DEBUG com.jayway.jsonpath.internal.path.CompiledPath -- Evaluating path: $
12:52:53.166 [main] DEBUG com.jayway.jsonpath.internal.JsonContext -- Put path $ key type value {}
12:52:53.166 [main] DEBUG com.jayway.jsonpath.internal.path.CompiledPath -- Evaluating path: $
12:52:53.166 [main] DEBUG com.jayway.jsonpath.internal.JsonContext -- Put path $ key type value keyUp
12:52:53.166 [main] DEBUG com.jayway.jsonpath.internal.path.CompiledPath -- Evaluating path: $['text']
12:52:53.166 [main] DEBUG com.jayway.jsonpath.internal.path.CompiledPath -- Evaluating path: $
12:52:53.166 [main] DEBUG com.jayway.jsonpath.internal.path.CompiledPath -- Evaluating path: $
12:52:53.166 [main] DEBUG com.jayway.jsonpath.internal.JsonContext -- Put path $ key text value {}
12:52:53.166 [main] DEBUG com.jayway.jsonpath.internal.path.CompiledPath -- Evaluating path: $
12:52:53.166 [main] DEBUG com.jayway.jsonpath.internal.JsonContext -- Put path $ key text value t
12:52:53.166 [main] DEBUG com.jayway.jsonpath.internal.path.CompiledPath -- Evaluating path: $['windowsVirtualKeyCode']
12:52:53.166 [main] DEBUG com.jayway.jsonpath.internal.path.CompiledPath -- Evaluating path: $
12:52:53.166 [main] DEBUG com.jayway.jsonpath.internal.path.CompiledPath -- Evaluating path: $
12:52:53.166 [main] DEBUG com.jayway.jsonpath.internal.JsonContext -- Put path $ key windowsVirtualKeyCode value {}
12:52:53.166 [main] DEBUG com.jayway.jsonpath.internal.path.CompiledPath -- Evaluating path: $
12:52:53.166 [main] DEBUG com.jayway.jsonpath.internal.JsonContext -- Put path $ key windowsVirtualKeyCode value 116
12:52:53.166 [main] DEBUG com.jayway.jsonpath.internal.path.CompiledPath -- Evaluating path: $
12:52:53.166 [main] DEBUG com.intuit.karate.driver.chrome_1718781763869 -- >> {"id":91,"sessionId":"2ACBFFE90E2D25278B539EB66C5835A5","method":"Input.dispatchKeyEvent","params":{"modifiers":0,"type":"keyUp","text":"t","windowsVirtualKeyCode":116}}
12:52:53.168 [nioEventLoopGroup-10-1] DEBUG com.intuit.karate.driver.chrome_1718781763869 -- << {"id":91,"result":{},"sessionId":"2ACBFFE90E2D25278B539EB66C5835A5"}
12:52:53.168 [nioEventLoopGroup-10-1] DEBUG com.jayway.jsonpath.internal.path.CompiledPath -- Evaluating path: $
12:52:53.168 [main] DEBUG com.jayway.jsonpath.internal.path.CompiledPath -- Evaluating path: $['modifiers']
12:52:53.168 [main] DEBUG com.jayway.jsonpath.internal.path.CompiledPath -- Evaluating path: $
12:52:53.168 [main] DEBUG com.jayway.jsonpath.internal.path.CompiledPath -- Evaluating path: $
12:52:53.168 [main] DEBUG com.jayway.jsonpath.internal.JsonContext -- Put path $ key modifiers value {}
12:52:53.168 [main] DEBUG com.jayway.jsonpath.internal.path.CompiledPath -- Evaluating path: $
12:52:53.168 [main] DEBUG com.jayway.jsonpath.internal.JsonContext -- Put path $ key modifiers value 0
12:52:53.168 [main] DEBUG com.jayway.jsonpath.internal.path.CompiledPath -- Evaluating path: $['type']
12:52:53.168 [main] DEBUG com.jayway.jsonpath.internal.path.CompiledPath -- Evaluating path: $
12:52:53.168 [main] DEBUG com.jayway.jsonpath.internal.path.CompiledPath -- Evaluating path: $
12:52:53.168 [main] DEBUG com.jayway.jsonpath.internal.JsonContext -- Put path $ key type value {}
12:52:53.168 [main] DEBUG com.jayway.jsonpath.internal.path.CompiledPath -- Evaluating path: $
12:52:53.168 [main] DEBUG com.jayway.jsonpath.internal.JsonContext -- Put path $ key type value rawKeyDown
12:52:53.168 [main] DEBUG com.jayway.jsonpath.internal.path.CompiledPath -- Evaluating path: $['text']
12:52:53.168 [main] DEBUG com.jayway.jsonpath.internal.path.CompiledPath -- Evaluating path: $
12:52:53.168 [main] DEBUG com.jayway.jsonpath.internal.path.CompiledPath -- Evaluating path: $
12:52:53.168 [main] DEBUG com.jayway.jsonpath.internal.JsonContext -- Put path $ key text value {}
12:52:53.168 [main] DEBUG com.jayway.jsonpath.internal.path.CompiledPath -- Evaluating path: $
12:52:53.168 [main] DEBUG com.jayway.jsonpath.internal.JsonContext -- Put path $ key text value _
12:52:53.169 [main] DEBUG com.jayway.jsonpath.internal.path.CompiledPath -- Evaluating path: $['windowsVirtualKeyCode']
12:52:53.169 [main] DEBUG com.jayway.jsonpath.internal.path.CompiledPath -- Evaluating path: $
12:52:53.169 [main] DEBUG com.jayway.jsonpath.internal.path.CompiledPath -- Evaluating path: $
12:52:53.169 [main] DEBUG com.jayway.jsonpath.internal.JsonContext -- Put path $ key windowsVirtualKeyCode value {}
12:52:53.169 [main] DEBUG com.jayway.jsonpath.internal.path.CompiledPath -- Evaluating path: $
12:52:53.169 [main] DEBUG com.jayway.jsonpath.internal.JsonContext -- Put path $ key windowsVirtualKeyCode value 523
12:52:53.169 [main] DEBUG com.jayway.jsonpath.internal.path.CompiledPath -- Evaluating path: $
12:52:53.169 [main] DEBUG com.intuit.karate.driver.chrome_1718781763869 -- >> {"id":92,"sessionId":"2ACBFFE90E2D25278B539EB66C5835A5","method":"Input.dispatchKeyEvent","params":{"modifiers":0,"type":"rawKeyDown","text":"_","windowsVirtualKeyCode":523}}
12:52:53.170 [nioEventLoopGroup-10-1] DEBUG com.intuit.karate.driver.chrome_1718781763869 -- << {"id":92,"result":{},"sessionId":"2ACBFFE90E2D25278B539EB66C5835A5"}
12:52:53.170 [nioEventLoopGroup-10-1] DEBUG com.jayway.jsonpath.internal.path.CompiledPath -- Evaluating path: $
12:52:53.171 [main] DEBUG com.jayway.jsonpath.internal.path.CompiledPath -- Evaluating path: $['modifiers']
12:52:53.171 [main] DEBUG com.jayway.jsonpath.internal.path.CompiledPath -- Evaluating path: $
12:52:53.171 [main] DEBUG com.jayway.jsonpath.internal.path.CompiledPath -- Evaluating path: $
12:52:53.171 [main] DEBUG com.jayway.jsonpath.internal.JsonContext -- Put path $ key modifiers value {}
12:52:53.171 [main] DEBUG com.jayway.jsonpath.internal.path.CompiledPath -- Evaluating path: $
12:52:53.171 [main] DEBUG com.jayway.jsonpath.internal.JsonContext -- Put path $ key modifiers value 0
12:52:53.171 [main] DEBUG com.jayway.jsonpath.internal.path.CompiledPath -- Evaluating path: $['type']
12:52:53.171 [main] DEBUG com.jayway.jsonpath.internal.path.CompiledPath -- Evaluating path: $
12:52:53.171 [main] DEBUG com.jayway.jsonpath.internal.path.CompiledPath -- Evaluating path: $
12:52:53.171 [main] DEBUG com.jayway.jsonpath.internal.JsonContext -- Put path $ key type value {}
12:52:53.171 [main] DEBUG com.jayway.jsonpath.internal.path.CompiledPath -- Evaluating path: $
12:52:53.171 [main] DEBUG com.jayway.jsonpath.internal.JsonContext -- Put path $ key type value char
12:52:53.171 [main] DEBUG com.jayway.jsonpath.internal.path.CompiledPath -- Evaluating path: $['text']
12:52:53.171 [main] DEBUG com.jayway.jsonpath.internal.path.CompiledPath -- Evaluating path: $
12:52:53.171 [main] DEBUG com.jayway.jsonpath.internal.path.CompiledPath -- Evaluating path: $
12:52:53.171 [main] DEBUG com.jayway.jsonpath.internal.JsonContext -- Put path $ key text value {}
12:52:53.171 [main] DEBUG com.jayway.jsonpath.internal.path.CompiledPath -- Evaluating path: $
12:52:53.171 [main] DEBUG com.jayway.jsonpath.internal.JsonContext -- Put path $ key text value _
12:52:53.171 [main] DEBUG com.jayway.jsonpath.internal.path.CompiledPath -- Evaluating path: $['windowsVirtualKeyCode']
12:52:53.171 [main] DEBUG com.jayway.jsonpath.internal.path.CompiledPath -- Evaluating path: $
12:52:53.171 [main] DEBUG com.jayway.jsonpath.internal.path.CompiledPath -- Evaluating path: $
12:52:53.171 [main] DEBUG com.jayway.jsonpath.internal.JsonContext -- Put path $ key windowsVirtualKeyCode value {}
12:52:53.171 [main] DEBUG com.jayway.jsonpath.internal.path.CompiledPath -- Evaluating path: $
12:52:53.171 [main] DEBUG com.jayway.jsonpath.internal.JsonContext -- Put path $ key windowsVirtualKeyCode value 523
12:52:53.171 [main] DEBUG com.jayway.jsonpath.internal.path.CompiledPath -- Evaluating path: $
12:52:53.171 [main] DEBUG com.intuit.karate.driver.chrome_1718781763869 -- >> {"id":93,"sessionId":"2ACBFFE90E2D25278B539EB66C5835A5","method":"Input.dispatchKeyEvent","params":{"modifiers":0,"type":"char","text":"_","windowsVirtualKeyCode":523}}
12:52:53.264 [nioEventLoopGroup-10-1] DEBUG com.intuit.karate.driver.chrome_1718781763869 -- << {"id":93,"result":{},"sessionId":"2ACBFFE90E2D25278B539EB66C5835A5"}
12:52:53.264 [nioEventLoopGroup-10-1] DEBUG com.jayway.jsonpath.internal.path.CompiledPath -- Evaluating path: $
12:52:53.264 [main] DEBUG com.jayway.jsonpath.internal.path.CompiledPath -- Evaluating path: $['modifiers']
12:52:53.264 [main] DEBUG com.jayway.jsonpath.internal.path.CompiledPath -- Evaluating path: $
12:52:53.264 [main] DEBUG com.jayway.jsonpath.internal.path.CompiledPath -- Evaluating path: $
12:52:53.264 [main] DEBUG com.jayway.jsonpath.internal.JsonContext -- Put path $ key modifiers value {}
12:52:53.264 [main] DEBUG com.jayway.jsonpath.internal.path.CompiledPath -- Evaluating path: $
12:52:53.264 [main] DEBUG com.jayway.jsonpath.internal.JsonContext -- Put path $ key modifiers value 0
12:52:53.264 [main] DEBUG com.jayway.jsonpath.internal.path.CompiledPath -- Evaluating path: $['type']
12:52:53.264 [main] DEBUG com.jayway.jsonpath.internal.path.CompiledPath -- Evaluating path: $
12:52:53.264 [main] DEBUG com.jayway.jsonpath.internal.path.CompiledPath -- Evaluating path: $
12:52:53.264 [main] DEBUG com.jayway.jsonpath.internal.JsonContext -- Put path $ key type value {}
12:52:53.264 [main] DEBUG com.jayway.jsonpath.internal.path.CompiledPath -- Evaluating path: $
12:52:53.264 [main] DEBUG com.jayway.jsonpath.internal.JsonContext -- Put path $ key type value keyUp
12:52:53.264 [main] DEBUG com.jayway.jsonpath.internal.path.CompiledPath -- Evaluating path: $['text']
12:52:53.264 [main] DEBUG com.jayway.jsonpath.internal.path.CompiledPath -- Evaluating path: $
12:52:53.264 [main] DEBUG com.jayway.jsonpath.internal.path.CompiledPath -- Evaluating path: $
12:52:53.264 [main] DEBUG com.jayway.jsonpath.internal.JsonContext -- Put path $ key text value {}
12:52:53.264 [main] DEBUG com.jayway.jsonpath.internal.path.CompiledPath -- Evaluating path: $
12:52:53.264 [main] DEBUG com.jayway.jsonpath.internal.JsonContext -- Put path $ key text value _
12:52:53.264 [main] DEBUG com.jayway.jsonpath.internal.path.CompiledPath -- Evaluating path: $['windowsVirtualKeyCode']
12:52:53.264 [main] DEBUG com.jayway.jsonpath.internal.path.CompiledPath -- Evaluating path: $
12:52:53.264 [main] DEBUG com.jayway.jsonpath.internal.path.CompiledPath -- Evaluating path: $
12:52:53.264 [main] DEBUG com.jayway.jsonpath.internal.JsonContext -- Put path $ key windowsVirtualKeyCode value {}
12:52:53.264 [main] DEBUG com.jayway.jsonpath.internal.path.CompiledPath -- Evaluating path: $
12:52:53.264 [main] DEBUG com.jayway.jsonpath.internal.JsonContext -- Put path $ key windowsVirtualKeyCode value 523
12:52:53.264 [main] DEBUG com.jayway.jsonpath.internal.path.CompiledPath -- Evaluating path: $
12:52:53.264 [main] DEBUG com.intuit.karate.driver.chrome_1718781763869 -- >> {"id":94,"sessionId":"2ACBFFE90E2D25278B539EB66C5835A5","method":"Input.dispatchKeyEvent","params":{"modifiers":0,"type":"keyUp","text":"_","windowsVirtualKeyCode":523}}
12:52:53.266 [nioEventLoopGroup-10-1] DEBUG com.intuit.karate.driver.chrome_1718781763869 -- << {"id":94,"result":{},"sessionId":"2ACBFFE90E2D25278B539EB66C5835A5"}
12:52:53.266 [nioEventLoopGroup-10-1] DEBUG com.jayway.jsonpath.internal.path.CompiledPath -- Evaluating path: $
12:52:53.266 [main] DEBUG com.jayway.jsonpath.internal.path.CompiledPath -- Evaluating path: $['modifiers']
12:52:53.266 [main] DEBUG com.jayway.jsonpath.internal.path.CompiledPath -- Evaluating path: $
12:52:53.266 [main] DEBUG com.jayway.jsonpath.internal.path.CompiledPath -- Evaluating path: $
12:52:53.266 [main] DEBUG com.jayway.jsonpath.internal.JsonContext -- Put path $ key modifiers value {}
12:52:53.266 [main] DEBUG com.jayway.jsonpath.internal.path.CompiledPath -- Evaluating path: $
12:52:53.266 [main] DEBUG com.jayway.jsonpath.internal.JsonContext -- Put path $ key modifiers value 0
12:52:53.266 [main] DEBUG com.jayway.jsonpath.internal.path.CompiledPath -- Evaluating path: $['type']
12:52:53.266 [main] DEBUG com.jayway.jsonpath.internal.path.CompiledPath -- Evaluating path: $
12:52:53.266 [main] DEBUG com.jayway.jsonpath.internal.path.CompiledPath -- Evaluating path: $
12:52:53.266 [main] DEBUG com.jayway.jsonpath.internal.JsonContext -- Put path $ key type value {}
12:52:53.266 [main] DEBUG com.jayway.jsonpath.internal.path.CompiledPath -- Evaluating path: $
12:52:53.266 [main] DEBUG com.jayway.jsonpath.internal.JsonContext -- Put path $ key type value rawKeyDown
12:52:53.266 [main] DEBUG com.jayway.jsonpath.internal.path.CompiledPath -- Evaluating path: $['text']
12:52:53.266 [main] DEBUG com.jayway.jsonpath.internal.path.CompiledPath -- Evaluating path: $
12:52:53.266 [main] DEBUG com.jayway.jsonpath.internal.path.CompiledPath -- Evaluating path: $
12:52:53.266 [main] DEBUG com.jayway.jsonpath.internal.JsonContext -- Put path $ key text value {}
12:52:53.266 [main] DEBUG com.jayway.jsonpath.internal.path.CompiledPath -- Evaluating path: $
12:52:53.266 [main] DEBUG com.jayway.jsonpath.internal.JsonContext -- Put path $ key text value s
12:52:53.266 [main] DEBUG com.jayway.jsonpath.internal.path.CompiledPath -- Evaluating path: $['windowsVirtualKeyCode']
12:52:53.266 [main] DEBUG com.jayway.jsonpath.internal.path.CompiledPath -- Evaluating path: $
12:52:53.266 [main] DEBUG com.jayway.jsonpath.internal.path.CompiledPath -- Evaluating path: $
12:52:53.266 [main] DEBUG com.jayway.jsonpath.internal.JsonContext -- Put path $ key windowsVirtualKeyCode value {}
12:52:53.266 [main] DEBUG com.jayway.jsonpath.internal.path.CompiledPath -- Evaluating path: $
12:52:53.266 [main] DEBUG com.jayway.jsonpath.internal.JsonContext -- Put path $ key windowsVirtualKeyCode value 115
12:52:53.266 [main] DEBUG com.jayway.jsonpath.internal.path.CompiledPath -- Evaluating path: $
12:52:53.266 [main] DEBUG com.intuit.karate.driver.chrome_1718781763869 -- >> {"id":95,"sessionId":"2ACBFFE90E2D25278B539EB66C5835A5","method":"Input.dispatchKeyEvent","params":{"modifiers":0,"type":"rawKeyDown","text":"s","windowsVirtualKeyCode":115}}
12:52:53.267 [nioEventLoopGroup-10-1] DEBUG com.intuit.karate.driver.chrome_1718781763869 -- << {"id":95,"result":{},"sessionId":"2ACBFFE90E2D25278B539EB66C5835A5"}
12:52:53.268 [nioEventLoopGroup-10-1] DEBUG com.jayway.jsonpath.internal.path.CompiledPath -- Evaluating path: $
12:52:53.268 [main] DEBUG com.jayway.jsonpath.internal.path.CompiledPath -- Evaluating path: $['modifiers']
12:52:53.268 [main] DEBUG com.jayway.jsonpath.internal.path.CompiledPath -- Evaluating path: $
12:52:53.268 [main] DEBUG com.jayway.jsonpath.internal.path.CompiledPath -- Evaluating path: $
12:52:53.268 [main] DEBUG com.jayway.jsonpath.internal.JsonContext -- Put path $ key modifiers value {}
12:52:53.268 [main] DEBUG com.jayway.jsonpath.internal.path.CompiledPath -- Evaluating path: $
12:52:53.268 [main] DEBUG com.jayway.jsonpath.internal.JsonContext -- Put path $ key modifiers value 0
12:52:53.268 [main] DEBUG com.jayway.jsonpath.internal.path.CompiledPath -- Evaluating path: $['type']
12:52:53.268 [main] DEBUG com.jayway.jsonpath.internal.path.CompiledPath -- Evaluating path: $
12:52:53.268 [main] DEBUG com.jayway.jsonpath.internal.path.CompiledPath -- Evaluating path: $
12:52:53.268 [main] DEBUG com.jayway.jsonpath.internal.JsonContext -- Put path $ key type value {}
12:52:53.268 [main] DEBUG com.jayway.jsonpath.internal.path.CompiledPath -- Evaluating path: $
12:52:53.268 [main] DEBUG com.jayway.jsonpath.internal.JsonContext -- Put path $ key type value char
12:52:53.268 [main] DEBUG com.jayway.jsonpath.internal.path.CompiledPath -- Evaluating path: $['text']
12:52:53.268 [main] DEBUG com.jayway.jsonpath.internal.path.CompiledPath -- Evaluating path: $
12:52:53.268 [main] DEBUG com.jayway.jsonpath.internal.path.CompiledPath -- Evaluating path: $
12:52:53.268 [main] DEBUG com.jayway.jsonpath.internal.JsonContext -- Put path $ key text value {}
12:52:53.268 [main] DEBUG com.jayway.jsonpath.internal.path.CompiledPath -- Evaluating path: $
12:52:53.268 [main] DEBUG com.jayway.jsonpath.internal.JsonContext -- Put path $ key text value s
12:52:53.268 [main] DEBUG com.jayway.jsonpath.internal.path.CompiledPath -- Evaluating path: $['windowsVirtualKeyCode']
12:52:53.268 [main] DEBUG com.jayway.jsonpath.internal.path.CompiledPath -- Evaluating path: $
12:52:53.268 [main] DEBUG com.jayway.jsonpath.internal.path.CompiledPath -- Evaluating path: $
12:52:53.268 [main] DEBUG com.jayway.jsonpath.internal.JsonContext -- Put path $ key windowsVirtualKeyCode value {}
12:52:53.268 [main] DEBUG com.jayway.jsonpath.internal.path.CompiledPath -- Evaluating path: $
12:52:53.268 [main] DEBUG com.jayway.jsonpath.internal.JsonContext -- Put path $ key windowsVirtualKeyCode value 115
12:52:53.268 [main] DEBUG com.jayway.jsonpath.internal.path.CompiledPath -- Evaluating path: $
12:52:53.268 [main] DEBUG com.intuit.karate.driver.chrome_1718781763869 -- >> {"id":96,"sessionId":"2ACBFFE90E2D25278B539EB66C5835A5","method":"Input.dispatchKeyEvent","params":{"modifiers":0,"type":"char","text":"s","windowsVirtualKeyCode":115}}
12:52:53.273 [nioEventLoopGroup-10-1] DEBUG com.intuit.karate.driver.chrome_1718781763869 -- << {"id":96,"result":{},"sessionId":"2ACBFFE90E2D25278B539EB66C5835A5"}
12:52:53.273 [nioEventLoopGroup-10-1] DEBUG com.jayway.jsonpath.internal.path.CompiledPath -- Evaluating path: $
12:52:53.273 [main] DEBUG com.jayway.jsonpath.internal.path.CompiledPath -- Evaluating path: $['modifiers']
12:52:53.273 [main] DEBUG com.jayway.jsonpath.internal.path.CompiledPath -- Evaluating path: $
12:52:53.273 [main] DEBUG com.jayway.jsonpath.internal.path.CompiledPath -- Evaluating path: $
12:52:53.273 [main] DEBUG com.jayway.jsonpath.internal.JsonContext -- Put path $ key modifiers value {}
12:52:53.273 [main] DEBUG com.jayway.jsonpath.internal.path.CompiledPath -- Evaluating path: $
12:52:53.273 [main] DEBUG com.jayway.jsonpath.internal.JsonContext -- Put path $ key modifiers value 0
12:52:53.273 [main] DEBUG com.jayway.jsonpath.internal.path.CompiledPath -- Evaluating path: $['type']
12:52:53.273 [main] DEBUG com.jayway.jsonpath.internal.path.CompiledPath -- Evaluating path: $
12:52:53.273 [main] DEBUG com.jayway.jsonpath.internal.path.CompiledPath -- Evaluating path: $
12:52:53.273 [main] DEBUG com.jayway.jsonpath.internal.JsonContext -- Put path $ key type value {}
12:52:53.273 [main] DEBUG com.jayway.jsonpath.internal.path.CompiledPath -- Evaluating path: $
12:52:53.273 [main] DEBUG com.jayway.jsonpath.internal.JsonContext -- Put path $ key type value keyUp
12:52:53.273 [main] DEBUG com.jayway.jsonpath.internal.path.CompiledPath -- Evaluating path: $['text']
12:52:53.273 [main] DEBUG com.jayway.jsonpath.internal.path.CompiledPath -- Evaluating path: $
12:52:53.273 [main] DEBUG com.jayway.jsonpath.internal.path.CompiledPath -- Evaluating path: $
12:52:53.273 [main] DEBUG com.jayway.jsonpath.internal.JsonContext -- Put path $ key text value {}
12:52:53.273 [main] DEBUG com.jayway.jsonpath.internal.path.CompiledPath -- Evaluating path: $
12:52:53.273 [main] DEBUG com.jayway.jsonpath.internal.JsonContext -- Put path $ key text value s
12:52:53.273 [main] DEBUG com.jayway.jsonpath.internal.path.CompiledPath -- Evaluating path: $['windowsVirtualKeyCode']
12:52:53.273 [main] DEBUG com.jayway.jsonpath.internal.path.CompiledPath -- Evaluating path: $
12:52:53.273 [main] DEBUG com.jayway.jsonpath.internal.path.CompiledPath -- Evaluating path: $
12:52:53.273 [main] DEBUG com.jayway.jsonpath.internal.JsonContext -- Put path $ key windowsVirtualKeyCode value {}
12:52:53.273 [main] DEBUG com.jayway.jsonpath.internal.path.CompiledPath -- Evaluating path: $
12:52:53.273 [main] DEBUG com.jayway.jsonpath.internal.JsonContext -- Put path $ key windowsVirtualKeyCode value 115
12:52:53.273 [main] DEBUG com.jayway.jsonpath.internal.path.CompiledPath -- Evaluating path: $
12:52:53.273 [main] DEBUG com.intuit.karate.driver.chrome_1718781763869 -- >> {"id":97,"sessionId":"2ACBFFE90E2D25278B539EB66C5835A5","method":"Input.dispatchKeyEvent","params":{"modifiers":0,"type":"keyUp","text":"s","windowsVirtualKeyCode":115}}
12:52:53.275 [nioEventLoopGroup-10-1] DEBUG com.intuit.karate.driver.chrome_1718781763869 -- << {"id":97,"result":{},"sessionId":"2ACBFFE90E2D25278B539EB66C5835A5"}
12:52:53.275 [nioEventLoopGroup-10-1] DEBUG com.jayway.jsonpath.internal.path.CompiledPath -- Evaluating path: $
12:52:53.275 [main] DEBUG com.jayway.jsonpath.internal.path.CompiledPath -- Evaluating path: $['modifiers']
12:52:53.275 [main] DEBUG com.jayway.jsonpath.internal.path.CompiledPath -- Evaluating path: $
12:52:53.275 [main] DEBUG com.jayway.jsonpath.internal.path.CompiledPath -- Evaluating path: $
12:52:53.275 [main] DEBUG com.jayway.jsonpath.internal.JsonContext -- Put path $ key modifiers value {}
12:52:53.275 [main] DEBUG com.jayway.jsonpath.internal.path.CompiledPath -- Evaluating path: $
12:52:53.275 [main] DEBUG com.jayway.jsonpath.internal.JsonContext -- Put path $ key modifiers value 0
12:52:53.275 [main] DEBUG com.jayway.jsonpath.internal.path.CompiledPath -- Evaluating path: $['type']
12:52:53.275 [main] DEBUG com.jayway.jsonpath.internal.path.CompiledPath -- Evaluating path: $
12:52:53.275 [main] DEBUG com.jayway.jsonpath.internal.path.CompiledPath -- Evaluating path: $
12:52:53.275 [main] DEBUG com.jayway.jsonpath.internal.JsonContext -- Put path $ key type value {}
12:52:53.275 [main] DEBUG com.jayway.jsonpath.internal.path.CompiledPath -- Evaluating path: $
12:52:53.275 [main] DEBUG com.jayway.jsonpath.internal.JsonContext -- Put path $ key type value rawKeyDown
12:52:53.275 [main] DEBUG com.jayway.jsonpath.internal.path.CompiledPath -- Evaluating path: $['text']
12:52:53.275 [main] DEBUG com.jayway.jsonpath.internal.path.CompiledPath -- Evaluating path: $
12:52:53.275 [main] DEBUG com.jayway.jsonpath.internal.path.CompiledPath -- Evaluating path: $
12:52:53.275 [main] DEBUG com.jayway.jsonpath.internal.JsonContext -- Put path $ key text value {}
12:52:53.275 [main] DEBUG com.jayway.jsonpath.internal.path.CompiledPath -- Evaluating path: $
12:52:53.275 [main] DEBUG com.jayway.jsonpath.internal.JsonContext -- Put path $ key text value a
12:52:53.275 [main] DEBUG com.jayway.jsonpath.internal.path.CompiledPath -- Evaluating path: $['windowsVirtualKeyCode']
12:52:53.275 [main] DEBUG com.jayway.jsonpath.internal.path.CompiledPath -- Evaluating path: $
12:52:53.275 [main] DEBUG com.jayway.jsonpath.internal.path.CompiledPath -- Evaluating path: $
12:52:53.275 [main] DEBUG com.jayway.jsonpath.internal.JsonContext -- Put path $ key windowsVirtualKeyCode value {}
12:52:53.275 [main] DEBUG com.jayway.jsonpath.internal.path.CompiledPath -- Evaluating path: $
12:52:53.275 [main] DEBUG com.jayway.jsonpath.internal.JsonContext -- Put path $ key windowsVirtualKeyCode value 97
12:52:53.275 [main] DEBUG com.jayway.jsonpath.internal.path.CompiledPath -- Evaluating path: $
12:52:53.275 [main] DEBUG com.intuit.karate.driver.chrome_1718781763869 -- >> {"id":98,"sessionId":"2ACBFFE90E2D25278B539EB66C5835A5","method":"Input.dispatchKeyEvent","params":{"modifiers":0,"type":"rawKeyDown","text":"a","windowsVirtualKeyCode":97}}
12:52:53.277 [nioEventLoopGroup-10-1] DEBUG com.intuit.karate.driver.chrome_1718781763869 -- << {"id":98,"result":{},"sessionId":"2ACBFFE90E2D25278B539EB66C5835A5"}
12:52:53.277 [nioEventLoopGroup-10-1] DEBUG com.jayway.jsonpath.internal.path.CompiledPath -- Evaluating path: $
12:52:53.277 [main] DEBUG com.jayway.jsonpath.internal.path.CompiledPath -- Evaluating path: $['modifiers']
12:52:53.277 [main] DEBUG com.jayway.jsonpath.internal.path.CompiledPath -- Evaluating path: $
12:52:53.277 [main] DEBUG com.jayway.jsonpath.internal.path.CompiledPath -- Evaluating path: $
12:52:53.277 [main] DEBUG com.jayway.jsonpath.internal.JsonContext -- Put path $ key modifiers value {}
12:52:53.277 [main] DEBUG com.jayway.jsonpath.internal.path.CompiledPath -- Evaluating path: $
12:52:53.277 [main] DEBUG com.jayway.jsonpath.internal.JsonContext -- Put path $ key modifiers value 0
12:52:53.277 [main] DEBUG com.jayway.jsonpath.internal.path.CompiledPath -- Evaluating path: $['type']
12:52:53.277 [main] DEBUG com.jayway.jsonpath.internal.path.CompiledPath -- Evaluating path: $
12:52:53.277 [main] DEBUG com.jayway.jsonpath.internal.path.CompiledPath -- Evaluating path: $
12:52:53.277 [main] DEBUG com.jayway.jsonpath.internal.JsonContext -- Put path $ key type value {}
12:52:53.277 [main] DEBUG com.jayway.jsonpath.internal.path.CompiledPath -- Evaluating path: $
12:52:53.277 [main] DEBUG com.jayway.jsonpath.internal.JsonContext -- Put path $ key type value char
12:52:53.277 [main] DEBUG com.jayway.jsonpath.internal.path.CompiledPath -- Evaluating path: $['text']
12:52:53.277 [main] DEBUG com.jayway.jsonpath.internal.path.CompiledPath -- Evaluating path: $
12:52:53.277 [main] DEBUG com.jayway.jsonpath.internal.path.CompiledPath -- Evaluating path: $
12:52:53.277 [main] DEBUG com.jayway.jsonpath.internal.JsonContext -- Put path $ key text value {}
12:52:53.277 [main] DEBUG com.jayway.jsonpath.internal.path.CompiledPath -- Evaluating path: $
12:52:53.277 [main] DEBUG com.jayway.jsonpath.internal.JsonContext -- Put path $ key text value a
12:52:53.277 [main] DEBUG com.jayway.jsonpath.internal.path.CompiledPath -- Evaluating path: $['windowsVirtualKeyCode']
12:52:53.277 [main] DEBUG com.jayway.jsonpath.internal.path.CompiledPath -- Evaluating path: $
12:52:53.277 [main] DEBUG com.jayway.jsonpath.internal.path.CompiledPath -- Evaluating path: $
12:52:53.277 [main] DEBUG com.jayway.jsonpath.internal.JsonContext -- Put path $ key windowsVirtualKeyCode value {}
12:52:53.277 [main] DEBUG com.jayway.jsonpath.internal.path.CompiledPath -- Evaluating path: $
12:52:53.277 [main] DEBUG com.jayway.jsonpath.internal.JsonContext -- Put path $ key windowsVirtualKeyCode value 97
12:52:53.277 [main] DEBUG com.jayway.jsonpath.internal.path.CompiledPath -- Evaluating path: $
12:52:53.277 [main] DEBUG com.intuit.karate.driver.chrome_1718781763869 -- >> {"id":99,"sessionId":"2ACBFFE90E2D25278B539EB66C5835A5","method":"Input.dispatchKeyEvent","params":{"modifiers":0,"type":"char","text":"a","windowsVirtualKeyCode":97}}
12:52:53.424 [nioEventLoopGroup-10-1] DEBUG com.intuit.karate.driver.chrome_1718781763869 -- << {"id":99,"result":{},"sessionId":"2ACBFFE90E2D25278B539EB66C5835A5"}
12:52:53.424 [nioEventLoopGroup-10-1] DEBUG com.jayway.jsonpath.internal.path.CompiledPath -- Evaluating path: $
12:52:53.424 [main] DEBUG com.jayway.jsonpath.internal.path.CompiledPath -- Evaluating path: $['modifiers']
12:52:53.424 [main] DEBUG com.jayway.jsonpath.internal.path.CompiledPath -- Evaluating path: $
12:52:53.424 [main] DEBUG com.jayway.jsonpath.internal.path.CompiledPath -- Evaluating path: $
12:52:53.424 [main] DEBUG com.jayway.jsonpath.internal.JsonContext -- Put path $ key modifiers value {}
12:52:53.424 [main] DEBUG com.jayway.jsonpath.internal.path.CompiledPath -- Evaluating path: $
12:52:53.424 [main] DEBUG com.jayway.jsonpath.internal.JsonContext -- Put path $ key modifiers value 0
12:52:53.424 [main] DEBUG com.jayway.jsonpath.internal.path.CompiledPath -- Evaluating path: $['type']
12:52:53.424 [main] DEBUG com.jayway.jsonpath.internal.path.CompiledPath -- Evaluating path: $
12:52:53.424 [main] DEBUG com.jayway.jsonpath.internal.path.CompiledPath -- Evaluating path: $
12:52:53.424 [main] DEBUG com.jayway.jsonpath.internal.JsonContext -- Put path $ key type value {}
12:52:53.424 [main] DEBUG com.jayway.jsonpath.internal.path.CompiledPath -- Evaluating path: $
12:52:53.424 [main] DEBUG com.jayway.jsonpath.internal.JsonContext -- Put path $ key type value keyUp
12:52:53.424 [main] DEBUG com.jayway.jsonpath.internal.path.CompiledPath -- Evaluating path: $['text']
12:52:53.424 [main] DEBUG com.jayway.jsonpath.internal.path.CompiledPath -- Evaluating path: $
12:52:53.424 [main] DEBUG com.jayway.jsonpath.internal.path.CompiledPath -- Evaluating path: $
12:52:53.424 [main] DEBUG com.jayway.jsonpath.internal.JsonContext -- Put path $ key text value {}
12:52:53.424 [main] DEBUG com.jayway.jsonpath.internal.path.CompiledPath -- Evaluating path: $
12:52:53.424 [main] DEBUG com.jayway.jsonpath.internal.JsonContext -- Put path $ key text value a
12:52:53.424 [main] DEBUG com.jayway.jsonpath.internal.path.CompiledPath -- Evaluating path: $['windowsVirtualKeyCode']
12:52:53.424 [main] DEBUG com.jayway.jsonpath.internal.path.CompiledPath -- Evaluating path: $
12:52:53.424 [main] DEBUG com.jayway.jsonpath.internal.path.CompiledPath -- Evaluating path: $
12:52:53.424 [main] DEBUG com.jayway.jsonpath.internal.JsonContext -- Put path $ key windowsVirtualKeyCode value {}
12:52:53.424 [main] DEBUG com.jayway.jsonpath.internal.path.CompiledPath -- Evaluating path: $
12:52:53.424 [main] DEBUG com.jayway.jsonpath.internal.JsonContext -- Put path $ key windowsVirtualKeyCode value 97
12:52:53.424 [main] DEBUG com.jayway.jsonpath.internal.path.CompiledPath -- Evaluating path: $
12:52:53.424 [main] DEBUG com.intuit.karate.driver.chrome_1718781763869 -- >> {"id":100,"sessionId":"2ACBFFE90E2D25278B539EB66C5835A5","method":"Input.dispatchKeyEvent","params":{"modifiers":0,"type":"keyUp","text":"a","windowsVirtualKeyCode":97}}
12:52:53.623 [nioEventLoopGroup-10-1] DEBUG com.intuit.karate.driver.chrome_1718781763869 -- << {"id":100,"result":{},"sessionId":"2ACBFFE90E2D25278B539EB66C5835A5"}
12:52:53.623 [nioEventLoopGroup-10-1] DEBUG com.jayway.jsonpath.internal.path.CompiledPath -- Evaluating path: $
12:52:53.624 [main] DEBUG com.jayway.jsonpath.internal.path.CompiledPath -- Evaluating path: $['modifiers']
12:52:53.624 [main] DEBUG com.jayway.jsonpath.internal.path.CompiledPath -- Evaluating path: $
12:52:53.624 [main] DEBUG com.jayway.jsonpath.internal.path.CompiledPath -- Evaluating path: $
12:52:53.624 [main] DEBUG com.jayway.jsonpath.internal.JsonContext -- Put path $ key modifiers value {}
12:52:53.624 [main] DEBUG com.jayway.jsonpath.internal.path.CompiledPath -- Evaluating path: $
12:52:53.624 [main] DEBUG com.jayway.jsonpath.internal.JsonContext -- Put path $ key modifiers value 0
12:52:53.624 [main] DEBUG com.jayway.jsonpath.internal.path.CompiledPath -- Evaluating path: $['type']
12:52:53.624 [main] DEBUG com.jayway.jsonpath.internal.path.CompiledPath -- Evaluating path: $
12:52:53.624 [main] DEBUG com.jayway.jsonpath.internal.path.CompiledPath -- Evaluating path: $
12:52:53.624 [main] DEBUG com.jayway.jsonpath.internal.JsonContext -- Put path $ key type value {}
12:52:53.624 [main] DEBUG com.jayway.jsonpath.internal.path.CompiledPath -- Evaluating path: $
12:52:53.624 [main] DEBUG com.jayway.jsonpath.internal.JsonContext -- Put path $ key type value rawKeyDown
12:52:53.624 [main] DEBUG com.jayway.jsonpath.internal.path.CompiledPath -- Evaluating path: $['text']
12:52:53.624 [main] DEBUG com.jayway.jsonpath.internal.path.CompiledPath -- Evaluating path: $
12:52:53.624 [main] DEBUG com.jayway.jsonpath.internal.path.CompiledPath -- Evaluating path: $
12:52:53.624 [main] DEBUG com.jayway.jsonpath.internal.JsonContext -- Put path $ key text value {}
12:52:53.624 [main] DEBUG com.jayway.jsonpath.internal.path.CompiledPath -- Evaluating path: $
12:52:53.624 [main] DEBUG com.jayway.jsonpath.internal.JsonContext -- Put path $ key text value u
12:52:53.624 [main] DEBUG com.jayway.jsonpath.internal.path.CompiledPath -- Evaluating path: $['windowsVirtualKeyCode']
12:52:53.624 [main] DEBUG com.jayway.jsonpath.internal.path.CompiledPath -- Evaluating path: $
12:52:53.624 [main] DEBUG com.jayway.jsonpath.internal.path.CompiledPath -- Evaluating path: $
12:52:53.624 [main] DEBUG com.jayway.jsonpath.internal.JsonContext -- Put path $ key windowsVirtualKeyCode value {}
12:52:53.624 [main] DEBUG com.jayway.jsonpath.internal.path.CompiledPath -- Evaluating path: $
12:52:53.624 [main] DEBUG com.jayway.jsonpath.internal.JsonContext -- Put path $ key windowsVirtualKeyCode value 117
12:52:53.624 [main] DEBUG com.jayway.jsonpath.internal.path.CompiledPath -- Evaluating path: $
12:52:53.624 [main] DEBUG com.intuit.karate.driver.chrome_1718781763869 -- >> {"id":101,"sessionId":"2ACBFFE90E2D25278B539EB66C5835A5","method":"Input.dispatchKeyEvent","params":{"modifiers":0,"type":"rawKeyDown","text":"u","windowsVirtualKeyCode":117}}
12:52:53.627 [nioEventLoopGroup-10-1] DEBUG com.intuit.karate.driver.chrome_1718781763869 -- << {"id":101,"result":{},"sessionId":"2ACBFFE90E2D25278B539EB66C5835A5"}
12:52:53.627 [nioEventLoopGroup-10-1] DEBUG com.jayway.jsonpath.internal.path.CompiledPath -- Evaluating path: $
12:52:53.627 [main] DEBUG com.jayway.jsonpath.internal.path.CompiledPath -- Evaluating path: $['modifiers']
12:52:53.627 [main] DEBUG com.jayway.jsonpath.internal.path.CompiledPath -- Evaluating path: $
12:52:53.627 [main] DEBUG com.jayway.jsonpath.internal.path.CompiledPath -- Evaluating path: $
12:52:53.627 [main] DEBUG com.jayway.jsonpath.internal.JsonContext -- Put path $ key modifiers value {}
12:52:53.627 [main] DEBUG com.jayway.jsonpath.internal.path.CompiledPath -- Evaluating path: $
12:52:53.627 [main] DEBUG com.jayway.jsonpath.internal.JsonContext -- Put path $ key modifiers value 0
12:52:53.627 [main] DEBUG com.jayway.jsonpath.internal.path.CompiledPath -- Evaluating path: $['type']
12:52:53.627 [main] DEBUG com.jayway.jsonpath.internal.path.CompiledPath -- Evaluating path: $
12:52:53.627 [main] DEBUG com.jayway.jsonpath.internal.path.CompiledPath -- Evaluating path: $
12:52:53.627 [main] DEBUG com.jayway.jsonpath.internal.JsonContext -- Put path $ key type value {}
12:52:53.627 [main] DEBUG com.jayway.jsonpath.internal.path.CompiledPath -- Evaluating path: $
12:52:53.627 [main] DEBUG com.jayway.jsonpath.internal.JsonContext -- Put path $ key type value char
12:52:53.627 [main] DEBUG com.jayway.jsonpath.internal.path.CompiledPath -- Evaluating path: $['text']
12:52:53.627 [main] DEBUG com.jayway.jsonpath.internal.path.CompiledPath -- Evaluating path: $
12:52:53.627 [main] DEBUG com.jayway.jsonpath.internal.path.CompiledPath -- Evaluating path: $
12:52:53.627 [main] DEBUG com.jayway.jsonpath.internal.JsonContext -- Put path $ key text value {}
12:52:53.627 [main] DEBUG com.jayway.jsonpath.internal.path.CompiledPath -- Evaluating path: $
12:52:53.627 [main] DEBUG com.jayway.jsonpath.internal.JsonContext -- Put path $ key text value u
12:52:53.627 [main] DEBUG com.jayway.jsonpath.internal.path.CompiledPath -- Evaluating path: $['windowsVirtualKeyCode']
12:52:53.627 [main] DEBUG com.jayway.jsonpath.internal.path.CompiledPath -- Evaluating path: $
12:52:53.627 [main] DEBUG com.jayway.jsonpath.internal.path.CompiledPath -- Evaluating path: $
12:52:53.627 [main] DEBUG com.jayway.jsonpath.internal.JsonContext -- Put path $ key windowsVirtualKeyCode value {}
12:52:53.627 [main] DEBUG com.jayway.jsonpath.internal.path.CompiledPath -- Evaluating path: $
12:52:53.627 [main] DEBUG com.jayway.jsonpath.internal.JsonContext -- Put path $ key windowsVirtualKeyCode value 117
12:52:53.627 [main] DEBUG com.jayway.jsonpath.internal.path.CompiledPath -- Evaluating path: $
12:52:53.627 [main] DEBUG com.intuit.karate.driver.chrome_1718781763869 -- >> {"id":102,"sessionId":"2ACBFFE90E2D25278B539EB66C5835A5","method":"Input.dispatchKeyEvent","params":{"modifiers":0,"type":"char","text":"u","windowsVirtualKeyCode":117}}
12:52:53.635 [nioEventLoopGroup-10-1] DEBUG com.intuit.karate.driver.chrome_1718781763869 -- << {"id":102,"result":{},"sessionId":"2ACBFFE90E2D25278B539EB66C5835A5"}
12:52:53.635 [nioEventLoopGroup-10-1] DEBUG com.jayway.jsonpath.internal.path.CompiledPath -- Evaluating path: $
12:52:53.635 [main] DEBUG com.jayway.jsonpath.internal.path.CompiledPath -- Evaluating path: $['modifiers']
12:52:53.635 [main] DEBUG com.jayway.jsonpath.internal.path.CompiledPath -- Evaluating path: $
12:52:53.635 [main] DEBUG com.jayway.jsonpath.internal.path.CompiledPath -- Evaluating path: $
12:52:53.635 [main] DEBUG com.jayway.jsonpath.internal.JsonContext -- Put path $ key modifiers value {}
12:52:53.635 [main] DEBUG com.jayway.jsonpath.internal.path.CompiledPath -- Evaluating path: $
12:52:53.639 [main] DEBUG com.jayway.jsonpath.internal.JsonContext -- Put path $ key modifiers value 0
12:52:53.639 [main] DEBUG com.jayway.jsonpath.internal.path.CompiledPath -- Evaluating path: $['type']
12:52:53.639 [main] DEBUG com.jayway.jsonpath.internal.path.CompiledPath -- Evaluating path: $
12:52:53.639 [main] DEBUG com.jayway.jsonpath.internal.path.CompiledPath -- Evaluating path: $
12:52:53.640 [main] DEBUG com.jayway.jsonpath.internal.JsonContext -- Put path $ key type value {}
12:52:53.640 [main] DEBUG com.jayway.jsonpath.internal.path.CompiledPath -- Evaluating path: $
12:52:53.640 [main] DEBUG com.jayway.jsonpath.internal.JsonContext -- Put path $ key type value keyUp
12:52:53.640 [main] DEBUG com.jayway.jsonpath.internal.path.CompiledPath -- Evaluating path: $['text']
12:52:53.640 [main] DEBUG com.jayway.jsonpath.internal.path.CompiledPath -- Evaluating path: $
12:52:53.640 [main] DEBUG com.jayway.jsonpath.internal.path.CompiledPath -- Evaluating path: $
12:52:53.640 [main] DEBUG com.jayway.jsonpath.internal.JsonContext -- Put path $ key text value {}
12:52:53.640 [main] DEBUG com.jayway.jsonpath.internal.path.CompiledPath -- Evaluating path: $
12:52:53.640 [main] DEBUG com.jayway.jsonpath.internal.JsonContext -- Put path $ key text value u
12:52:53.640 [main] DEBUG com.jayway.jsonpath.internal.path.CompiledPath -- Evaluating path: $['windowsVirtualKeyCode']
12:52:53.640 [main] DEBUG com.jayway.jsonpath.internal.path.CompiledPath -- Evaluating path: $
12:52:53.640 [main] DEBUG com.jayway.jsonpath.internal.path.CompiledPath -- Evaluating path: $
12:52:53.640 [main] DEBUG com.jayway.jsonpath.internal.JsonContext -- Put path $ key windowsVirtualKeyCode value {}
12:52:53.640 [main] DEBUG com.jayway.jsonpath.internal.path.CompiledPath -- Evaluating path: $
12:52:53.640 [main] DEBUG com.jayway.jsonpath.internal.JsonContext -- Put path $ key windowsVirtualKeyCode value 117
12:52:53.640 [main] DEBUG com.jayway.jsonpath.internal.path.CompiledPath -- Evaluating path: $
12:52:53.640 [main] DEBUG com.intuit.karate.driver.chrome_1718781763869 -- >> {"id":103,"sessionId":"2ACBFFE90E2D25278B539EB66C5835A5","method":"Input.dispatchKeyEvent","params":{"modifiers":0,"type":"keyUp","text":"u","windowsVirtualKeyCode":117}}
12:52:53.656 [nioEventLoopGroup-10-1] DEBUG com.intuit.karate.driver.chrome_1718781763869 -- << {"id":103,"result":{},"sessionId":"2ACBFFE90E2D25278B539EB66C5835A5"}
12:52:53.656 [nioEventLoopGroup-10-1] DEBUG com.jayway.jsonpath.internal.path.CompiledPath -- Evaluating path: $
12:52:53.656 [main] DEBUG com.jayway.jsonpath.internal.path.CompiledPath -- Evaluating path: $['modifiers']
12:52:53.656 [main] DEBUG com.jayway.jsonpath.internal.path.CompiledPath -- Evaluating path: $
12:52:53.656 [main] DEBUG com.jayway.jsonpath.internal.path.CompiledPath -- Evaluating path: $
12:52:53.656 [main] DEBUG com.jayway.jsonpath.internal.JsonContext -- Put path $ key modifiers value {}
12:52:53.656 [main] DEBUG com.jayway.jsonpath.internal.path.CompiledPath -- Evaluating path: $
12:52:53.656 [main] DEBUG com.jayway.jsonpath.internal.JsonContext -- Put path $ key modifiers value 0
12:52:53.656 [main] DEBUG com.jayway.jsonpath.internal.path.CompiledPath -- Evaluating path: $['type']
12:52:53.656 [main] DEBUG com.jayway.jsonpath.internal.path.CompiledPath -- Evaluating path: $
12:52:53.656 [main] DEBUG com.jayway.jsonpath.internal.path.CompiledPath -- Evaluating path: $
12:52:53.656 [main] DEBUG com.jayway.jsonpath.internal.JsonContext -- Put path $ key type value {}
12:52:53.656 [main] DEBUG com.jayway.jsonpath.internal.path.CompiledPath -- Evaluating path: $
12:52:53.656 [main] DEBUG com.jayway.jsonpath.internal.JsonContext -- Put path $ key type value rawKeyDown
12:52:53.656 [main] DEBUG com.jayway.jsonpath.internal.path.CompiledPath -- Evaluating path: $['text']
12:52:53.656 [main] DEBUG com.jayway.jsonpath.internal.path.CompiledPath -- Evaluating path: $
12:52:53.656 [main] DEBUG com.jayway.jsonpath.internal.path.CompiledPath -- Evaluating path: $
12:52:53.656 [main] DEBUG com.jayway.jsonpath.internal.JsonContext -- Put path $ key text value {}
12:52:53.656 [main] DEBUG com.jayway.jsonpath.internal.path.CompiledPath -- Evaluating path: $
12:52:53.656 [main] DEBUG com.jayway.jsonpath.internal.JsonContext -- Put path $ key text value c
12:52:53.656 [main] DEBUG com.jayway.jsonpath.internal.path.CompiledPath -- Evaluating path: $['windowsVirtualKeyCode']
12:52:53.656 [main] DEBUG com.jayway.jsonpath.internal.path.CompiledPath -- Evaluating path: $
12:52:53.656 [main] DEBUG com.jayway.jsonpath.internal.path.CompiledPath -- Evaluating path: $
12:52:53.656 [main] DEBUG com.jayway.jsonpath.internal.JsonContext -- Put path $ key windowsVirtualKeyCode value {}
12:52:53.656 [main] DEBUG com.jayway.jsonpath.internal.path.CompiledPath -- Evaluating path: $
12:52:53.656 [main] DEBUG com.jayway.jsonpath.internal.JsonContext -- Put path $ key windowsVirtualKeyCode value 99
12:52:53.656 [main] DEBUG com.jayway.jsonpath.internal.path.CompiledPath -- Evaluating path: $
12:52:53.656 [main] DEBUG com.intuit.karate.driver.chrome_1718781763869 -- >> {"id":104,"sessionId":"2ACBFFE90E2D25278B539EB66C5835A5","method":"Input.dispatchKeyEvent","params":{"modifiers":0,"type":"rawKeyDown","text":"c","windowsVirtualKeyCode":99}}
12:52:53.659 [nioEventLoopGroup-10-1] DEBUG com.intuit.karate.driver.chrome_1718781763869 -- << {"id":104,"result":{},"sessionId":"2ACBFFE90E2D25278B539EB66C5835A5"}
12:52:53.659 [nioEventLoopGroup-10-1] DEBUG com.jayway.jsonpath.internal.path.CompiledPath -- Evaluating path: $
12:52:53.659 [main] DEBUG com.jayway.jsonpath.internal.path.CompiledPath -- Evaluating path: $['modifiers']
12:52:53.659 [main] DEBUG com.jayway.jsonpath.internal.path.CompiledPath -- Evaluating path: $
12:52:53.659 [main] DEBUG com.jayway.jsonpath.internal.path.CompiledPath -- Evaluating path: $
12:52:53.659 [main] DEBUG com.jayway.jsonpath.internal.JsonContext -- Put path $ key modifiers value {}
12:52:53.659 [main] DEBUG com.jayway.jsonpath.internal.path.CompiledPath -- Evaluating path: $
12:52:53.659 [main] DEBUG com.jayway.jsonpath.internal.JsonContext -- Put path $ key modifiers value 0
12:52:53.659 [main] DEBUG com.jayway.jsonpath.internal.path.CompiledPath -- Evaluating path: $['type']
12:52:53.659 [main] DEBUG com.jayway.jsonpath.internal.path.CompiledPath -- Evaluating path: $
12:52:53.659 [main] DEBUG com.jayway.jsonpath.internal.path.CompiledPath -- Evaluating path: $
12:52:53.659 [main] DEBUG com.jayway.jsonpath.internal.JsonContext -- Put path $ key type value {}
12:52:53.659 [main] DEBUG com.jayway.jsonpath.internal.path.CompiledPath -- Evaluating path: $
12:52:53.659 [main] DEBUG com.jayway.jsonpath.internal.JsonContext -- Put path $ key type value char
12:52:53.659 [main] DEBUG com.jayway.jsonpath.internal.path.CompiledPath -- Evaluating path: $['text']
12:52:53.659 [main] DEBUG com.jayway.jsonpath.internal.path.CompiledPath -- Evaluating path: $
12:52:53.659 [main] DEBUG com.jayway.jsonpath.internal.path.CompiledPath -- Evaluating path: $
12:52:53.659 [main] DEBUG com.jayway.jsonpath.internal.JsonContext -- Put path $ key text value {}
12:52:53.659 [main] DEBUG com.jayway.jsonpath.internal.path.CompiledPath -- Evaluating path: $
12:52:53.659 [main] DEBUG com.jayway.jsonpath.internal.JsonContext -- Put path $ key text value c
12:52:53.659 [main] DEBUG com.jayway.jsonpath.internal.path.CompiledPath -- Evaluating path: $['windowsVirtualKeyCode']
12:52:53.659 [main] DEBUG com.jayway.jsonpath.internal.path.CompiledPath -- Evaluating path: $
12:52:53.659 [main] DEBUG com.jayway.jsonpath.internal.path.CompiledPath -- Evaluating path: $
12:52:53.659 [main] DEBUG com.jayway.jsonpath.internal.JsonContext -- Put path $ key windowsVirtualKeyCode value {}
12:52:53.659 [main] DEBUG com.jayway.jsonpath.internal.path.CompiledPath -- Evaluating path: $
12:52:53.659 [main] DEBUG com.jayway.jsonpath.internal.JsonContext -- Put path $ key windowsVirtualKeyCode value 99
12:52:53.659 [main] DEBUG com.jayway.jsonpath.internal.path.CompiledPath -- Evaluating path: $
12:52:53.659 [main] DEBUG com.intuit.karate.driver.chrome_1718781763869 -- >> {"id":105,"sessionId":"2ACBFFE90E2D25278B539EB66C5835A5","method":"Input.dispatchKeyEvent","params":{"modifiers":0,"type":"char","text":"c","windowsVirtualKeyCode":99}}
12:52:53.666 [nioEventLoopGroup-10-1] DEBUG com.intuit.karate.driver.chrome_1718781763869 -- << {"id":105,"result":{},"sessionId":"2ACBFFE90E2D25278B539EB66C5835A5"}
12:52:53.666 [nioEventLoopGroup-10-1] DEBUG com.jayway.jsonpath.internal.path.CompiledPath -- Evaluating path: $
12:52:53.666 [main] DEBUG com.jayway.jsonpath.internal.path.CompiledPath -- Evaluating path: $['modifiers']
12:52:53.666 [main] DEBUG com.jayway.jsonpath.internal.path.CompiledPath -- Evaluating path: $
12:52:53.666 [main] DEBUG com.jayway.jsonpath.internal.path.CompiledPath -- Evaluating path: $
12:52:53.666 [main] DEBUG com.jayway.jsonpath.internal.JsonContext -- Put path $ key modifiers value {}
12:52:53.666 [main] DEBUG com.jayway.jsonpath.internal.path.CompiledPath -- Evaluating path: $
12:52:53.666 [main] DEBUG com.jayway.jsonpath.internal.JsonContext -- Put path $ key modifiers value 0
12:52:53.666 [main] DEBUG com.jayway.jsonpath.internal.path.CompiledPath -- Evaluating path: $['type']
12:52:53.666 [main] DEBUG com.jayway.jsonpath.internal.path.CompiledPath -- Evaluating path: $
12:52:53.666 [main] DEBUG com.jayway.jsonpath.internal.path.CompiledPath -- Evaluating path: $
12:52:53.666 [main] DEBUG com.jayway.jsonpath.internal.JsonContext -- Put path $ key type value {}
12:52:53.666 [main] DEBUG com.jayway.jsonpath.internal.path.CompiledPath -- Evaluating path: $
12:52:53.666 [main] DEBUG com.jayway.jsonpath.internal.JsonContext -- Put path $ key type value keyUp
12:52:53.666 [main] DEBUG com.jayway.jsonpath.internal.path.CompiledPath -- Evaluating path: $['text']
12:52:53.666 [main] DEBUG com.jayway.jsonpath.internal.path.CompiledPath -- Evaluating path: $
12:52:53.666 [main] DEBUG com.jayway.jsonpath.internal.path.CompiledPath -- Evaluating path: $
12:52:53.666 [main] DEBUG com.jayway.jsonpath.internal.JsonContext -- Put path $ key text value {}
12:52:53.666 [main] DEBUG com.jayway.jsonpath.internal.path.CompiledPath -- Evaluating path: $
12:52:53.666 [main] DEBUG com.jayway.jsonpath.internal.JsonContext -- Put path $ key text value c
12:52:53.666 [main] DEBUG com.jayway.jsonpath.internal.path.CompiledPath -- Evaluating path: $['windowsVirtualKeyCode']
12:52:53.666 [main] DEBUG com.jayway.jsonpath.internal.path.CompiledPath -- Evaluating path: $
12:52:53.666 [main] DEBUG com.jayway.jsonpath.internal.path.CompiledPath -- Evaluating path: $
12:52:53.666 [main] DEBUG com.jayway.jsonpath.internal.JsonContext -- Put path $ key windowsVirtualKeyCode value {}
12:52:53.666 [main] DEBUG com.jayway.jsonpath.internal.path.CompiledPath -- Evaluating path: $
12:52:53.666 [main] DEBUG com.jayway.jsonpath.internal.JsonContext -- Put path $ key windowsVirtualKeyCode value 99
12:52:53.666 [main] DEBUG com.jayway.jsonpath.internal.path.CompiledPath -- Evaluating path: $
12:52:53.666 [main] DEBUG com.intuit.karate.driver.chrome_1718781763869 -- >> {"id":106,"sessionId":"2ACBFFE90E2D25278B539EB66C5835A5","method":"Input.dispatchKeyEvent","params":{"modifiers":0,"type":"keyUp","text":"c","windowsVirtualKeyCode":99}}
12:52:53.669 [nioEventLoopGroup-10-1] DEBUG com.intuit.karate.driver.chrome_1718781763869 -- << {"id":106,"result":{},"sessionId":"2ACBFFE90E2D25278B539EB66C5835A5"}
12:52:53.669 [nioEventLoopGroup-10-1] DEBUG com.jayway.jsonpath.internal.path.CompiledPath -- Evaluating path: $
12:52:53.669 [main] DEBUG com.jayway.jsonpath.internal.path.CompiledPath -- Evaluating path: $['modifiers']
12:52:53.669 [main] DEBUG com.jayway.jsonpath.internal.path.CompiledPath -- Evaluating path: $
12:52:53.669 [main] DEBUG com.jayway.jsonpath.internal.path.CompiledPath -- Evaluating path: $
12:52:53.669 [main] DEBUG com.jayway.jsonpath.internal.JsonContext -- Put path $ key modifiers value {}
12:52:53.669 [main] DEBUG com.jayway.jsonpath.internal.path.CompiledPath -- Evaluating path: $
12:52:53.669 [main] DEBUG com.jayway.jsonpath.internal.JsonContext -- Put path $ key modifiers value 0
12:52:53.669 [main] DEBUG com.jayway.jsonpath.internal.path.CompiledPath -- Evaluating path: $['type']
12:52:53.669 [main] DEBUG com.jayway.jsonpath.internal.path.CompiledPath -- Evaluating path: $
12:52:53.669 [main] DEBUG com.jayway.jsonpath.internal.path.CompiledPath -- Evaluating path: $
12:52:53.669 [main] DEBUG com.jayway.jsonpath.internal.JsonContext -- Put path $ key type value {}
12:52:53.669 [main] DEBUG com.jayway.jsonpath.internal.path.CompiledPath -- Evaluating path: $
12:52:53.669 [main] DEBUG com.jayway.jsonpath.internal.JsonContext -- Put path $ key type value rawKeyDown
12:52:53.669 [main] DEBUG com.jayway.jsonpath.internal.path.CompiledPath -- Evaluating path: $['text']
12:52:53.669 [main] DEBUG com.jayway.jsonpath.internal.path.CompiledPath -- Evaluating path: $
12:52:53.669 [main] DEBUG com.jayway.jsonpath.internal.path.CompiledPath -- Evaluating path: $
12:52:53.669 [main] DEBUG com.jayway.jsonpath.internal.JsonContext -- Put path $ key text value {}
12:52:53.669 [main] DEBUG com.jayway.jsonpath.internal.path.CompiledPath -- Evaluating path: $
12:52:53.669 [main] DEBUG com.jayway.jsonpath.internal.JsonContext -- Put path $ key text value e
12:52:53.669 [main] DEBUG com.jayway.jsonpath.internal.path.CompiledPath -- Evaluating path: $['windowsVirtualKeyCode']
12:52:53.669 [main] DEBUG com.jayway.jsonpath.internal.path.CompiledPath -- Evaluating path: $
12:52:53.669 [main] DEBUG com.jayway.jsonpath.internal.path.CompiledPath -- Evaluating path: $
12:52:53.669 [main] DEBUG com.jayway.jsonpath.internal.JsonContext -- Put path $ key windowsVirtualKeyCode value {}
12:52:53.669 [main] DEBUG com.jayway.jsonpath.internal.path.CompiledPath -- Evaluating path: $
12:52:53.669 [main] DEBUG com.jayway.jsonpath.internal.JsonContext -- Put path $ key windowsVirtualKeyCode value 101
12:52:53.669 [main] DEBUG com.jayway.jsonpath.internal.path.CompiledPath -- Evaluating path: $
12:52:53.669 [main] DEBUG com.intuit.karate.driver.chrome_1718781763869 -- >> {"id":107,"sessionId":"2ACBFFE90E2D25278B539EB66C5835A5","method":"Input.dispatchKeyEvent","params":{"modifiers":0,"type":"rawKeyDown","text":"e","windowsVirtualKeyCode":101}}
12:52:53.670 [nioEventLoopGroup-10-1] DEBUG com.intuit.karate.driver.chrome_1718781763869 -- << {"id":107,"result":{},"sessionId":"2ACBFFE90E2D25278B539EB66C5835A5"}
12:52:53.670 [nioEventLoopGroup-10-1] DEBUG com.jayway.jsonpath.internal.path.CompiledPath -- Evaluating path: $
12:52:53.670 [main] DEBUG com.jayway.jsonpath.internal.path.CompiledPath -- Evaluating path: $['modifiers']
12:52:53.670 [main] DEBUG com.jayway.jsonpath.internal.path.CompiledPath -- Evaluating path: $
12:52:53.670 [main] DEBUG com.jayway.jsonpath.internal.path.CompiledPath -- Evaluating path: $
12:52:53.670 [main] DEBUG com.jayway.jsonpath.internal.JsonContext -- Put path $ key modifiers value {}
12:52:53.670 [main] DEBUG com.jayway.jsonpath.internal.path.CompiledPath -- Evaluating path: $
12:52:53.670 [main] DEBUG com.jayway.jsonpath.internal.JsonContext -- Put path $ key modifiers value 0
12:52:53.670 [main] DEBUG com.jayway.jsonpath.internal.path.CompiledPath -- Evaluating path: $['type']
12:52:53.670 [main] DEBUG com.jayway.jsonpath.internal.path.CompiledPath -- Evaluating path: $
12:52:53.670 [main] DEBUG com.jayway.jsonpath.internal.path.CompiledPath -- Evaluating path: $
12:52:53.670 [main] DEBUG com.jayway.jsonpath.internal.JsonContext -- Put path $ key type value {}
12:52:53.670 [main] DEBUG com.jayway.jsonpath.internal.path.CompiledPath -- Evaluating path: $
12:52:53.670 [main] DEBUG com.jayway.jsonpath.internal.JsonContext -- Put path $ key type value char
12:52:53.670 [main] DEBUG com.jayway.jsonpath.internal.path.CompiledPath -- Evaluating path: $['text']
12:52:53.670 [main] DEBUG com.jayway.jsonpath.internal.path.CompiledPath -- Evaluating path: $
12:52:53.670 [main] DEBUG com.jayway.jsonpath.internal.path.CompiledPath -- Evaluating path: $
12:52:53.670 [main] DEBUG com.jayway.jsonpath.internal.JsonContext -- Put path $ key text value {}
12:52:53.670 [main] DEBUG com.jayway.jsonpath.internal.path.CompiledPath -- Evaluating path: $
12:52:53.670 [main] DEBUG com.jayway.jsonpath.internal.JsonContext -- Put path $ key text value e
12:52:53.670 [main] DEBUG com.jayway.jsonpath.internal.path.CompiledPath -- Evaluating path: $['windowsVirtualKeyCode']
12:52:53.670 [main] DEBUG com.jayway.jsonpath.internal.path.CompiledPath -- Evaluating path: $
12:52:53.670 [main] DEBUG com.jayway.jsonpath.internal.path.CompiledPath -- Evaluating path: $
12:52:53.670 [main] DEBUG com.jayway.jsonpath.internal.JsonContext -- Put path $ key windowsVirtualKeyCode value {}
12:52:53.670 [main] DEBUG com.jayway.jsonpath.internal.path.CompiledPath -- Evaluating path: $
12:52:53.670 [main] DEBUG com.jayway.jsonpath.internal.JsonContext -- Put path $ key windowsVirtualKeyCode value 101
12:52:53.670 [main] DEBUG com.jayway.jsonpath.internal.path.CompiledPath -- Evaluating path: $
12:52:53.670 [main] DEBUG com.intuit.karate.driver.chrome_1718781763869 -- >> {"id":108,"sessionId":"2ACBFFE90E2D25278B539EB66C5835A5","method":"Input.dispatchKeyEvent","params":{"modifiers":0,"type":"char","text":"e","windowsVirtualKeyCode":101}}
12:52:53.672 [nioEventLoopGroup-10-1] DEBUG com.intuit.karate.driver.chrome_1718781763869 -- << {"id":108,"result":{},"sessionId":"2ACBFFE90E2D25278B539EB66C5835A5"}
12:52:53.672 [nioEventLoopGroup-10-1] DEBUG com.jayway.jsonpath.internal.path.CompiledPath -- Evaluating path: $
12:52:53.672 [main] DEBUG com.jayway.jsonpath.internal.path.CompiledPath -- Evaluating path: $['modifiers']
12:52:53.672 [main] DEBUG com.jayway.jsonpath.internal.path.CompiledPath -- Evaluating path: $
12:52:53.672 [main] DEBUG com.jayway.jsonpath.internal.path.CompiledPath -- Evaluating path: $
12:52:53.672 [main] DEBUG com.jayway.jsonpath.internal.JsonContext -- Put path $ key modifiers value {}
12:52:53.672 [main] DEBUG com.jayway.jsonpath.internal.path.CompiledPath -- Evaluating path: $
12:52:53.672 [main] DEBUG com.jayway.jsonpath.internal.JsonContext -- Put path $ key modifiers value 0
12:52:53.672 [main] DEBUG com.jayway.jsonpath.internal.path.CompiledPath -- Evaluating path: $['type']
12:52:53.672 [main] DEBUG com.jayway.jsonpath.internal.path.CompiledPath -- Evaluating path: $
12:52:53.672 [main] DEBUG com.jayway.jsonpath.internal.path.CompiledPath -- Evaluating path: $
12:52:53.672 [main] DEBUG com.jayway.jsonpath.internal.JsonContext -- Put path $ key type value {}
12:52:53.672 [main] DEBUG com.jayway.jsonpath.internal.path.CompiledPath -- Evaluating path: $
12:52:53.672 [main] DEBUG com.jayway.jsonpath.internal.JsonContext -- Put path $ key type value keyUp
12:52:53.672 [main] DEBUG com.jayway.jsonpath.internal.path.CompiledPath -- Evaluating path: $['text']
12:52:53.672 [main] DEBUG com.jayway.jsonpath.internal.path.CompiledPath -- Evaluating path: $
12:52:53.672 [main] DEBUG com.jayway.jsonpath.internal.path.CompiledPath -- Evaluating path: $
12:52:53.672 [main] DEBUG com.jayway.jsonpath.internal.JsonContext -- Put path $ key text value {}
12:52:53.672 [main] DEBUG com.jayway.jsonpath.internal.path.CompiledPath -- Evaluating path: $
12:52:53.672 [main] DEBUG com.jayway.jsonpath.internal.JsonContext -- Put path $ key text value e
12:52:53.672 [main] DEBUG com.jayway.jsonpath.internal.path.CompiledPath -- Evaluating path: $['windowsVirtualKeyCode']
12:52:53.672 [main] DEBUG com.jayway.jsonpath.internal.path.CompiledPath -- Evaluating path: $
12:52:53.672 [main] DEBUG com.jayway.jsonpath.internal.path.CompiledPath -- Evaluating path: $
12:52:53.672 [main] DEBUG com.jayway.jsonpath.internal.JsonContext -- Put path $ key windowsVirtualKeyCode value {}
12:52:53.672 [main] DEBUG com.jayway.jsonpath.internal.path.CompiledPath -- Evaluating path: $
12:52:53.672 [main] DEBUG com.jayway.jsonpath.internal.JsonContext -- Put path $ key windowsVirtualKeyCode value 101
12:52:53.672 [main] DEBUG com.jayway.jsonpath.internal.path.CompiledPath -- Evaluating path: $
12:52:53.672 [main] DEBUG com.intuit.karate.driver.chrome_1718781763869 -- >> {"id":109,"sessionId":"2ACBFFE90E2D25278B539EB66C5835A5","method":"Input.dispatchKeyEvent","params":{"modifiers":0,"type":"keyUp","text":"e","windowsVirtualKeyCode":101}}
12:52:53.673 [nioEventLoopGroup-10-1] DEBUG com.intuit.karate.driver.chrome_1718781763869 -- << {"id":109,"result":{},"sessionId":"2ACBFFE90E2D25278B539EB66C5835A5"}
12:52:53.673 [nioEventLoopGroup-10-1] DEBUG com.jayway.jsonpath.internal.path.CompiledPath -- Evaluating path: $
12:52:56.908 [main] DEBUG com.jayway.jsonpath.internal.path.CompiledPath -- Evaluating path: $['expression']
12:52:56.908 [main] DEBUG com.jayway.jsonpath.internal.path.CompiledPath -- Evaluating path: $
12:52:56.908 [main] DEBUG com.jayway.jsonpath.internal.path.CompiledPath -- Evaluating path: $
12:52:56.908 [main] DEBUG com.jayway.jsonpath.internal.JsonContext -- Put path $ key expression value {}
12:52:56.908 [main] DEBUG com.jayway.jsonpath.internal.path.CompiledPath -- Evaluating path: $
12:52:56.908 [main] DEBUG com.jayway.jsonpath.internal.JsonContext -- Put path $ key expression value document.evaluate("//*[@id='login-button']", document, null, 9, null).singleNodeValue.click()
12:52:56.908 [main] DEBUG com.jayway.jsonpath.internal.path.CompiledPath -- Evaluating path: $['returnByValue']
12:52:56.908 [main] DEBUG com.jayway.jsonpath.internal.path.CompiledPath -- Evaluating path: $
12:52:56.908 [main] DEBUG com.jayway.jsonpath.internal.path.CompiledPath -- Evaluating path: $
12:52:56.908 [main] DEBUG com.jayway.jsonpath.internal.JsonContext -- Put path $ key returnByValue value {}
12:52:56.908 [main] DEBUG com.jayway.jsonpath.internal.path.CompiledPath -- Evaluating path: $
12:52:56.908 [main] DEBUG com.jayway.jsonpath.internal.JsonContext -- Put path $ key returnByValue value true
12:52:56.908 [main] DEBUG com.jayway.jsonpath.internal.path.CompiledPath -- Evaluating path: $
12:52:56.908 [main] DEBUG com.intuit.karate.driver.chrome_1718781763869 -- >> {"id":110,"sessionId":"2ACBFFE90E2D25278B539EB66C5835A5","method":"Runtime.evaluate","params":{"expression":"document.evaluate(\"\/\/*[@id='login-button']\", document, null, 9, null).singleNodeValue.click()","returnByValue":true}}
12:52:59.892 [nioEventLoopGroup-10-1] DEBUG com.intuit.karate.driver.chrome_1718781763869 -- << {"method":"Target.targetDestroyed","params":{"targetId":"D23B71565E97BA43CCCBBDD6A5A2A081"},"sessionId":"2ACBFFE90E2D25278B539EB66C5835A5"}
12:52:59.892 [nioEventLoopGroup-10-1] DEBUG com.jayway.jsonpath.internal.path.CompiledPath -- Evaluating path: $
12:53:00.337 [nioEventLoopGroup-10-1] DEBUG com.intuit.karate.driver.chrome_1718781763869 -- << {"method":"Target.targetDestroyed","params":{"targetId":"27CDA5A1DC470584E9D9B01EED2D3D83"},"sessionId":"2ACBFFE90E2D25278B539EB66C5835A5"}
12:53:00.337 [nioEventLoopGroup-10-1] DEBUG com.jayway.jsonpath.internal.path.CompiledPath -- Evaluating path: $
12:53:00.685 [nioEventLoopGroup-10-1] DEBUG com.intuit.karate.driver.chrome_1718781763869 -- << {"id":110,"result":{"result":{"type":"undefined"}},"sessionId":"2ACBFFE90E2D25278B539EB66C5835A5"}
12:53:00.685 [nioEventLoopGroup-10-1] DEBUG com.jayway.jsonpath.internal.path.CompiledPath -- Evaluating path: $
12:53:03.695 [main] DEBUG com.jayway.jsonpath.internal.path.CompiledPath -- Evaluating path: $['expression']
12:53:03.695 [main] DEBUG com.jayway.jsonpath.internal.path.CompiledPath -- Evaluating path: $
12:53:03.695 [main] DEBUG com.jayway.jsonpath.internal.path.CompiledPath -- Evaluating path: $
12:53:03.695 [main] DEBUG com.jayway.jsonpath.internal.JsonContext -- Put path $ key expression value {}
12:53:03.695 [main] DEBUG com.jayway.jsonpath.internal.path.CompiledPath -- Evaluating path: $
12:53:03.695 [main] DEBUG com.jayway.jsonpath.internal.JsonContext -- Put path $ key expression value document.evaluate("//*[@id='login_button_container']/div/form/div[3]", document, null, 9, null).singleNodeValue['textContent']
12:53:03.695 [main] DEBUG com.jayway.jsonpath.internal.path.CompiledPath -- Evaluating path: $['returnByValue']
12:53:03.695 [main] DEBUG com.jayway.jsonpath.internal.path.CompiledPath -- Evaluating path: $
12:53:03.695 [main] DEBUG com.jayway.jsonpath.internal.path.CompiledPath -- Evaluating path: $
12:53:03.695 [main] DEBUG com.jayway.jsonpath.internal.JsonContext -- Put path $ key returnByValue value {}
12:53:03.695 [main] DEBUG com.jayway.jsonpath.internal.path.CompiledPath -- Evaluating path: $
12:53:03.695 [main] DEBUG com.jayway.jsonpath.internal.JsonContext -- Put path $ key returnByValue value true
12:53:03.695 [main] DEBUG com.jayway.jsonpath.internal.path.CompiledPath -- Evaluating path: $
12:53:03.695 [main] DEBUG com.intuit.karate.driver.chrome_1718781763869 -- >> {"id":111,"sessionId":"2ACBFFE90E2D25278B539EB66C5835A5","method":"Runtime.evaluate","params":{"expression":"document.evaluate(\"\/\/*[@id='login_button_container']\/div\/form\/div[3]\", document, null, 9, null).singleNodeValue['textContent']","returnByValue":true}}
12:53:04.266 [nioEventLoopGroup-10-1] DEBUG com.intuit.karate.driver.chrome_1718781763869 -- << {"id":111,"result":{"result":{"type":"string","value":"Epic sadface: Username and password do not match any user in this service"}},"sessionId":"2ACBFFE90E2D25278B539EB66C5835A5"}
12:53:04.266 [nioEventLoopGroup-10-1] DEBUG com.jayway.jsonpath.internal.path.CompiledPath -- Evaluating path: $
12:53:05.965 [nioEventLoopGroup-10-1] DEBUG com.intuit.karate.driver.chrome_1718781763869 -- << {"method":"Target.targetCreated","params":{"targetInfo":{"targetId":"B3DF256DEAA963115718A7E97D546F7B","type":"app","title":"Chrome Web Store Payments","url":"","attached":false,"canAccessOpener":false,"browserContextId":"A0D8D7246DEA94D3F2A1558F9D19DA06"}},"sessionId":"2ACBFFE90E2D25278B539EB66C5835A5"}
12:53:05.965 [nioEventLoopGroup-10-1] DEBUG com.jayway.jsonpath.internal.path.CompiledPath -- Evaluating path: $
12:53:06.102 [nioEventLoopGroup-10-1] DEBUG com.intuit.karate.driver.chrome_1718781763869 -- << {"method":"Target.targetInfoChanged","params":{"targetInfo":{"targetId":"B3DF256DEAA963115718A7E97D546F7B","type":"background_page","title":"Chrome Web Store Payments","url":"chrome-extension://nmmhkkegccagdldgiimedpiccmgmieda/_generated_background_page.html","attached":false,"canAccessOpener":false,"browserContextId":"A0D8D7246DEA94D3F2A1558F9D19DA06"}},"sessionId":"2ACBFFE90E2D25278B539EB66C5835A5"}
12:53:06.102 [nioEventLoopGroup-10-1] DEBUG com.jayway.jsonpath.internal.path.CompiledPath -- Evaluating path: $
12:53:06.102 [nioEventLoopGroup-10-1] DEBUG com.jayway.jsonpath.internal.path.CompiledPath -- Evaluating path: $['targetInfo']['targetId']
12:53:07.279 [main] DEBUG com.jayway.jsonpath.internal.path.CompiledPath -- Evaluating path: $['targetId']
12:53:07.279 [main] DEBUG com.jayway.jsonpath.internal.path.CompiledPath -- Evaluating path: $
12:53:07.279 [main] DEBUG com.jayway.jsonpath.internal.path.CompiledPath -- Evaluating path: $
12:53:07.279 [main] DEBUG com.jayway.jsonpath.internal.JsonContext -- Put path $ key targetId value {}
12:53:07.279 [main] DEBUG com.jayway.jsonpath.internal.path.CompiledPath -- Evaluating path: $
12:53:07.279 [main] DEBUG com.jayway.jsonpath.internal.JsonContext -- Put path $ key targetId value B0D4DFFEF2AFCDCD7A793FEF30172F62
12:53:07.279 [main] DEBUG com.jayway.jsonpath.internal.path.CompiledPath -- Evaluating path: $
12:53:07.279 [main] DEBUG com.intuit.karate.driver.chrome_1718781763869 -- >> {"id":112,"sessionId":"2ACBFFE90E2D25278B539EB66C5835A5","method":"Target.closeTarget","params":{"targetId":"B0D4DFFEF2AFCDCD7A793FEF30172F62"}}
12:53:07.349 [nioEventLoopGroup-10-1] DEBUG com.intuit.karate.http.WebSocketClientHandler -- websocket closing
12:53:07.349 [nioEventLoopGroup-10-1] DEBUG com.intuit.karate.http.WebSocketClientHandler -- websocket client disconnected
12:53:07.349 [main] DEBUG com.intuit.karate.shell.Command -- closing command: chrome_1718781763869
]]></system-out>
  </testcase>
  <testcase name="[4.3:67] Login with invalid login credentials" classname="UI_Automation_Project/login/login" time="24.99">
    <system-out><![CDATA[12:53:07.368 [main] INFO com.intuit.karate -- karate.env system property was: null 
12:53:07.368 [main] INFO com.intuit.karate -- the browser set is: chromedriver, default: "chrome" 
12:53:07.382 [main] DEBUG com.jayway.jsonpath.internal.path.CompiledPath -- Evaluating path: $
12:53:07.382 [main] DEBUG com.jayway.jsonpath.internal.path.CompiledPath -- Evaluating path: $
12:53:07.382 [main] DEBUG com.jayway.jsonpath.internal.path.CompiledPath -- Evaluating path: $
12:53:07.382 [main] DEBUG com.intuit.karate.shell.Command -- found / verified free local port: 54159
12:53:07.382 [main] WARN com.intuit.karate.driver.DriverOptions -- preferred port 9222 not available, will use: 54159
12:53:07.382 [chrome_1718781787382] DEBUG com.intuit.karate.driver.chrome_1718781787382 -- command: [C:\Program Files\Google\Chrome\Application\chrome.exe, --remote-debugging-port=54159, --remote-allow-origins=*, --no-first-run, --user-data-dir=C:\Users\HarshvardhanNigaveka\OneDrive - Academian India Private Limited\Desktop\GitHubActions\karateUI\UI_Automation_Project\target\chrome_1718781787382, --disable-popup-blocking], working dir: target\chrome_1718781787382
12:53:07.382 [main] DEBUG com.intuit.karate.driver.chrome_1718781787382 -- poll attempt #0 for port to be ready - localhost:54159
12:53:07.644 [main] DEBUG com.intuit.karate.driver.chrome_1718781787382 -- poll attempt #1 for port to be ready - localhost:54159
12:53:07.898 [main] DEBUG com.intuit.karate.driver.chrome_1718781787382 -- poll attempt #2 for port to be ready - localhost:54159
12:53:08.160 [main] DEBUG com.intuit.karate.driver.chrome_1718781787382 -- poll attempt #3 for port to be ready - localhost:54159
12:53:08.418 [main] DEBUG com.intuit.karate.driver.chrome_1718781787382 -- poll attempt #4 for port to be ready - localhost:54159
12:53:08.592 [chrome_1718781787382-out] DEBUG com.intuit.karate.driver.chrome_1718781787382 -- 
12:53:08.592 [chrome_1718781787382-out] DEBUG com.intuit.karate.driver.chrome_1718781787382 -- DevTools listening on ws://127.0.0.1:54159/devtools/browser/d402a33b-be09-4323-acb4-e7c5bc6b892c
12:53:08.670 [main] DEBUG com.intuit.karate.driver.chrome_1718781787382 -- poll attempt #5 for port to be ready - localhost:54159
12:53:08.670 [main] DEBUG org.apache.http.client.protocol.RequestAddCookies -- CookieSpec selected: karate
12:53:08.670 [main] DEBUG org.apache.http.client.protocol.RequestAuthCache -- Auth cache not set in the context
12:53:08.670 [main] DEBUG com.intuit.karate -- request:
1 > GET http://localhost:54159/json
1 > Host: localhost:54159
1 > Connection: Keep-Alive
1 > User-Agent: Apache-HttpClient/4.5.14 (Java/17.0.11)
1 > Accept-Encoding: gzip,deflate


12:53:08.670 [main] DEBUG org.apache.http.impl.conn.PoolingHttpClientConnectionManager -- Connection request: [route: {}->http://localhost:54159][total available: 0; route allocated: 0 of 5; total allocated: 0 of 10]
12:53:08.670 [main] DEBUG org.apache.http.impl.conn.PoolingHttpClientConnectionManager -- Connection leased: [id: 18][route: {}->http://localhost:54159][total available: 0; route allocated: 1 of 5; total allocated: 1 of 10]
12:53:08.670 [main] DEBUG org.apache.http.impl.execchain.MainClientExec -- Opening connection {}->http://localhost:54159
12:53:08.670 [main] DEBUG org.apache.http.impl.conn.DefaultHttpClientConnectionOperator -- Connecting to localhost/127.0.0.1:54159
12:53:08.670 [main] DEBUG org.apache.http.impl.conn.DefaultHttpClientConnectionOperator -- Connection established 127.0.0.1:54166<->127.0.0.1:54159
12:53:08.670 [main] DEBUG org.apache.http.impl.conn.DefaultManagedHttpClientConnection -- http-outgoing-18: set socket timeout to 30000
12:53:08.670 [main] DEBUG org.apache.http.impl.execchain.MainClientExec -- Executing request GET /json HTTP/1.1
12:53:08.670 [main] DEBUG org.apache.http.impl.execchain.MainClientExec -- Target auth state: UNCHALLENGED
12:53:08.670 [main] DEBUG org.apache.http.impl.execchain.MainClientExec -- Proxy auth state: UNCHALLENGED
12:53:08.670 [main] DEBUG org.apache.http.headers -- http-outgoing-18 >> GET /json HTTP/1.1
12:53:08.670 [main] DEBUG org.apache.http.headers -- http-outgoing-18 >> Host: localhost:54159
12:53:08.670 [main] DEBUG org.apache.http.headers -- http-outgoing-18 >> Connection: Keep-Alive
12:53:08.670 [main] DEBUG org.apache.http.headers -- http-outgoing-18 >> User-Agent: Apache-HttpClient/4.5.14 (Java/17.0.11)
12:53:08.670 [main] DEBUG org.apache.http.headers -- http-outgoing-18 >> Accept-Encoding: gzip,deflate
12:53:08.670 [main] DEBUG org.apache.http.wire -- http-outgoing-18 >> "GET /json HTTP/1.1[\r][\n]"
12:53:08.670 [main] DEBUG org.apache.http.wire -- http-outgoing-18 >> "Host: localhost:54159[\r][\n]"
12:53:08.670 [main] DEBUG org.apache.http.wire -- http-outgoing-18 >> "Connection: Keep-Alive[\r][\n]"
12:53:08.670 [main] DEBUG org.apache.http.wire -- http-outgoing-18 >> "User-Agent: Apache-HttpClient/4.5.14 (Java/17.0.11)[\r][\n]"
12:53:08.670 [main] DEBUG org.apache.http.wire -- http-outgoing-18 >> "Accept-Encoding: gzip,deflate[\r][\n]"
12:53:08.670 [main] DEBUG org.apache.http.wire -- http-outgoing-18 >> "[\r][\n]"
12:53:08.748 [main] DEBUG org.apache.http.wire -- http-outgoing-18 << "HTTP/1.1 200 OK[\r][\n]"
12:53:08.748 [main] DEBUG org.apache.http.wire -- http-outgoing-18 << "Content-Security-Policy:frame-ancestors 'none'[\r][\n]"
12:53:08.748 [main] DEBUG org.apache.http.wire -- http-outgoing-18 << "Content-Length:1123[\r][\n]"
12:53:08.748 [main] DEBUG org.apache.http.wire -- http-outgoing-18 << "Content-Type:application/json; charset=UTF-8[\r][\n]"
12:53:08.748 [main] DEBUG org.apache.http.wire -- http-outgoing-18 << "[\r][\n]"
12:53:08.748 [main] DEBUG org.apache.http.wire -- http-outgoing-18 << "[ {[\r][\n]"
12:53:08.748 [main] DEBUG org.apache.http.wire -- http-outgoing-18 << "   "description": "",[\r][\n]"
12:53:08.748 [main] DEBUG org.apache.http.wire -- http-outgoing-18 << "   "devtoolsFrontendUrl": "/devtools/inspector.html?ws=localhost:54159/devtools/page/A3A3E03BE4D7814B0731DA99E8464E4E",[\r][\n]"
12:53:08.748 [main] DEBUG org.apache.http.wire -- http-outgoing-18 << "   "id": "A3A3E03BE4D7814B0731DA99E8464E4E",[\r][\n]"
12:53:08.748 [main] DEBUG org.apache.http.wire -- http-outgoing-18 << "   "title": "Google Network Speech",[\r][\n]"
12:53:08.748 [main] DEBUG org.apache.http.wire -- http-outgoing-18 << "   "type": "background_page",[\r][\n]"
12:53:08.748 [main] DEBUG org.apache.http.wire -- http-outgoing-18 << "   "url": "",[\r][\n]"
12:53:08.748 [main] DEBUG org.apache.http.wire -- http-outgoing-18 << "   "webSocketDebuggerUrl": "ws://localhost:54159/devtools/page/A3A3E03BE4D7814B0731DA99E8464E4E"[\r][\n]"
12:53:08.748 [main] DEBUG org.apache.http.wire -- http-outgoing-18 << "}, {[\r][\n]"
12:53:08.748 [main] DEBUG org.apache.http.wire -- http-outgoing-18 << "   "description": "",[\r][\n]"
12:53:08.748 [main] DEBUG org.apache.http.wire -- http-outgoing-18 << "   "devtoolsFrontendUrl": "/devtools/inspector.html?ws=localhost:54159/devtools/page/DB76027B8DBC0D8219774DD71D45E0A4",[\r][\n]"
12:53:08.748 [main] DEBUG org.apache.http.wire -- http-outgoing-18 << "   "id": "DB76027B8DBC0D8219774DD71D45E0A4",[\r][\n]"
12:53:08.748 [main] DEBUG org.apache.http.wire -- http-outgoing-18 << "   "title": "Google Hangouts",[\r][\n]"
12:53:08.748 [main] DEBUG org.apache.http.wire -- http-outgoing-18 << "   "type": "background_page",[\r][\n]"
12:53:08.748 [main] DEBUG org.apache.http.wire -- http-outgoing-18 << "   "url": "",[\r][\n]"
12:53:08.748 [main] DEBUG org.apache.http.wire -- http-outgoing-18 << "   "webSocketDebuggerUrl": "ws://localhost:54159/devtools/page/DB76027B8DBC0D8219774DD71D45E0A4"[\r][\n]"
12:53:08.748 [main] DEBUG org.apache.http.wire -- http-outgoing-18 << "}, {[\r][\n]"
12:53:08.748 [main] DEBUG org.apache.http.wire -- http-outgoing-18 << "   "description": "",[\r][\n]"
12:53:08.748 [main] DEBUG org.apache.http.wire -- http-outgoing-18 << "   "devtoolsFrontendUrl": "/devtools/inspector.html?ws=localhost:54159/devtools/page/874FD38645C0C9B5769759B7880B1AF2",[\r][\n]"
12:53:08.748 [main] DEBUG org.apache.http.wire -- http-outgoing-18 << "   "id": "874FD38645C0C9B5769759B7880B1AF2",[\r][\n]"
12:53:08.748 [main] DEBUG org.apache.http.wire -- http-outgoing-18 << "   "title": "New Tab",[\r][\n]"
12:53:08.748 [main] DEBUG org.apache.http.wire -- http-outgoing-18 << "   "type": "page",[\r][\n]"
12:53:08.748 [main] DEBUG org.apache.http.wire -- http-outgoing-18 << "   "url": "chrome://newtab/",[\r][\n]"
12:53:08.748 [main] DEBUG org.apache.http.wire -- http-outgoing-18 << "   "webSocketDebuggerUrl": "ws://localhost:54159/devtools/page/874FD38645C0C9B5769759B7880B1AF2"[\r][\n]"
12:53:08.748 [main] DEBUG org.apache.http.wire -- http-outgoing-18 << "} ][\r][\n]"
12:53:08.748 [main] DEBUG org.apache.http.headers -- http-outgoing-18 << HTTP/1.1 200 OK
12:53:08.748 [main] DEBUG org.apache.http.headers -- http-outgoing-18 << Content-Security-Policy:frame-ancestors 'none'
12:53:08.748 [main] DEBUG org.apache.http.headers -- http-outgoing-18 << Content-Length:1123
12:53:08.748 [main] DEBUG org.apache.http.headers -- http-outgoing-18 << Content-Type:application/json; charset=UTF-8
12:53:08.748 [main] DEBUG org.apache.http.impl.execchain.MainClientExec -- Connection can be kept alive indefinitely
12:53:08.748 [main] DEBUG org.apache.http.impl.conn.PoolingHttpClientConnectionManager -- Connection [id: 18][route: {}->http://localhost:54159] can be kept alive indefinitely
12:53:08.748 [main] DEBUG org.apache.http.impl.conn.DefaultManagedHttpClientConnection -- http-outgoing-18: set socket timeout to 0
12:53:08.748 [main] DEBUG org.apache.http.impl.conn.PoolingHttpClientConnectionManager -- Connection released: [id: 18][route: {}->http://localhost:54159][total available: 1; route allocated: 1 of 5; total allocated: 1 of 10]
12:53:08.748 [main] DEBUG org.apache.http.impl.conn.PoolingHttpClientConnectionManager -- Connection manager is shutting down
12:53:08.748 [main] DEBUG org.apache.http.impl.conn.DefaultManagedHttpClientConnection -- http-outgoing-18: Close connection
12:53:08.748 [main] DEBUG org.apache.http.impl.conn.PoolingHttpClientConnectionManager -- Connection manager shut down
12:53:08.748 [main] DEBUG com.intuit.karate -- response time in milliseconds: 78
1 < 200
1 < Content-Security-Policy: frame-ancestors 'none'
1 < Content-Length: 1123
1 < Content-Type: application/json; charset=UTF-8
[ {
   "description": "",
   "devtoolsFrontendUrl": "/devtools/inspector.html?ws=localhost:54159/devtools/page/A3A3E03BE4D7814B0731DA99E8464E4E",
   "id": "A3A3E03BE4D7814B0731DA99E8464E4E",
   "title": "Google Network Speech",
   "type": "background_page",
   "url": "",
   "webSocketDebuggerUrl": "ws://localhost:54159/devtools/page/A3A3E03BE4D7814B0731DA99E8464E4E"
}, {
   "description": "",
   "devtoolsFrontendUrl": "/devtools/inspector.html?ws=localhost:54159/devtools/page/DB76027B8DBC0D8219774DD71D45E0A4",
   "id": "DB76027B8DBC0D8219774DD71D45E0A4",
   "title": "Google Hangouts",
   "type": "background_page",
   "url": "",
   "webSocketDebuggerUrl": "ws://localhost:54159/devtools/page/DB76027B8DBC0D8219774DD71D45E0A4"
}, {
   "description": "",
   "devtoolsFrontendUrl": "/devtools/inspector.html?ws=localhost:54159/devtools/page/874FD38645C0C9B5769759B7880B1AF2",
   "id": "874FD38645C0C9B5769759B7880B1AF2",
   "title": "New Tab",
   "type": "page",
   "url": "chrome://newtab/",
   "webSocketDebuggerUrl": "ws://localhost:54159/devtools/page/874FD38645C0C9B5769759B7880B1AF2"
} ]


12:53:08.748 [main] DEBUG com.jayway.jsonpath.internal.path.CompiledPath -- Evaluating path: $
12:53:08.748 [main] DEBUG com.intuit.karate.shell.Command -- ready to accept http connections after 78 ms - http://localhost:54159/json
12:53:08.748 [main] DEBUG org.apache.http.client.protocol.RequestAddCookies -- CookieSpec selected: karate
12:53:08.748 [main] DEBUG org.apache.http.client.protocol.RequestAuthCache -- Auth cache not set in the context
12:53:08.748 [main] DEBUG com.intuit.karate -- request:
1 > GET http://localhost:54159/json
1 > Host: localhost:54159
1 > Connection: Keep-Alive
1 > User-Agent: Apache-HttpClient/4.5.14 (Java/17.0.11)
1 > Accept-Encoding: gzip,deflate


12:53:08.748 [main] DEBUG org.apache.http.impl.conn.PoolingHttpClientConnectionManager -- Connection request: [route: {}->http://localhost:54159][total available: 0; route allocated: 0 of 5; total allocated: 0 of 10]
12:53:08.764 [main] DEBUG org.apache.http.impl.conn.PoolingHttpClientConnectionManager -- Connection leased: [id: 19][route: {}->http://localhost:54159][total available: 0; route allocated: 1 of 5; total allocated: 1 of 10]
12:53:08.764 [main] DEBUG org.apache.http.impl.execchain.MainClientExec -- Opening connection {}->http://localhost:54159
12:53:08.764 [main] DEBUG org.apache.http.impl.conn.DefaultHttpClientConnectionOperator -- Connecting to localhost/127.0.0.1:54159
12:53:08.764 [main] DEBUG org.apache.http.impl.conn.DefaultHttpClientConnectionOperator -- Connection established 127.0.0.1:54167<->127.0.0.1:54159
12:53:08.764 [main] DEBUG org.apache.http.impl.conn.DefaultManagedHttpClientConnection -- http-outgoing-19: set socket timeout to 30000
12:53:08.764 [main] DEBUG org.apache.http.impl.execchain.MainClientExec -- Executing request GET /json HTTP/1.1
12:53:08.764 [main] DEBUG org.apache.http.impl.execchain.MainClientExec -- Target auth state: UNCHALLENGED
12:53:08.764 [main] DEBUG org.apache.http.impl.execchain.MainClientExec -- Proxy auth state: UNCHALLENGED
12:53:08.764 [main] DEBUG org.apache.http.headers -- http-outgoing-19 >> GET /json HTTP/1.1
12:53:08.764 [main] DEBUG org.apache.http.headers -- http-outgoing-19 >> Host: localhost:54159
12:53:08.764 [main] DEBUG org.apache.http.headers -- http-outgoing-19 >> Connection: Keep-Alive
12:53:08.764 [main] DEBUG org.apache.http.headers -- http-outgoing-19 >> User-Agent: Apache-HttpClient/4.5.14 (Java/17.0.11)
12:53:08.764 [main] DEBUG org.apache.http.headers -- http-outgoing-19 >> Accept-Encoding: gzip,deflate
12:53:08.764 [main] DEBUG org.apache.http.wire -- http-outgoing-19 >> "GET /json HTTP/1.1[\r][\n]"
12:53:08.764 [main] DEBUG org.apache.http.wire -- http-outgoing-19 >> "Host: localhost:54159[\r][\n]"
12:53:08.764 [main] DEBUG org.apache.http.wire -- http-outgoing-19 >> "Connection: Keep-Alive[\r][\n]"
12:53:08.764 [main] DEBUG org.apache.http.wire -- http-outgoing-19 >> "User-Agent: Apache-HttpClient/4.5.14 (Java/17.0.11)[\r][\n]"
12:53:08.764 [main] DEBUG org.apache.http.wire -- http-outgoing-19 >> "Accept-Encoding: gzip,deflate[\r][\n]"
12:53:08.764 [main] DEBUG org.apache.http.wire -- http-outgoing-19 >> "[\r][\n]"
12:53:08.780 [main] DEBUG org.apache.http.wire -- http-outgoing-19 << "HTTP/1.1 200 OK[\r][\n]"
12:53:08.780 [main] DEBUG org.apache.http.wire -- http-outgoing-19 << "Content-Security-Policy:frame-ancestors 'none'[\r][\n]"
12:53:08.780 [main] DEBUG org.apache.http.wire -- http-outgoing-19 << "Content-Length:1273[\r][\n]"
12:53:08.780 [main] DEBUG org.apache.http.wire -- http-outgoing-19 << "Content-Type:application/json; charset=UTF-8[\r][\n]"
12:53:08.780 [main] DEBUG org.apache.http.wire -- http-outgoing-19 << "[\r][\n]"
12:53:08.780 [main] DEBUG org.apache.http.wire -- http-outgoing-19 << "[ {[\r][\n]"
12:53:08.780 [main] DEBUG org.apache.http.wire -- http-outgoing-19 << "   "description": "",[\r][\n]"
12:53:08.780 [main] DEBUG org.apache.http.wire -- http-outgoing-19 << "   "devtoolsFrontendUrl": "/devtools/inspector.html?ws=localhost:54159/devtools/page/A3A3E03BE4D7814B0731DA99E8464E4E",[\r][\n]"
12:53:08.780 [main] DEBUG org.apache.http.wire -- http-outgoing-19 << "   "id": "A3A3E03BE4D7814B0731DA99E8464E4E",[\r][\n]"
12:53:08.780 [main] DEBUG org.apache.http.wire -- http-outgoing-19 << "   "title": "Google Network Speech",[\r][\n]"
12:53:08.780 [main] DEBUG org.apache.http.wire -- http-outgoing-19 << "   "type": "background_page",[\r][\n]"
12:53:08.780 [main] DEBUG org.apache.http.wire -- http-outgoing-19 << "   "url": "chrome-extension://neajdppkdcdipfabeoofebfddakdcjhd/_generated_background_page.html",[\r][\n]"
12:53:08.780 [main] DEBUG org.apache.http.wire -- http-outgoing-19 << "   "webSocketDebuggerUrl": "ws://localhost:54159/devtools/page/A3A3E03BE4D7814B0731DA99E8464E4E"[\r][\n]"
12:53:08.780 [main] DEBUG org.apache.http.wire -- http-outgoing-19 << "}, {[\r][\n]"
12:53:08.780 [main] DEBUG org.apache.http.wire -- http-outgoing-19 << "   "description": "",[\r][\n]"
12:53:08.780 [main] DEBUG org.apache.http.wire -- http-outgoing-19 << "   "devtoolsFrontendUrl": "/devtools/inspector.html?ws=localhost:54159/devtools/page/DB76027B8DBC0D8219774DD71D45E0A4",[\r][\n]"
12:53:08.780 [main] DEBUG org.apache.http.wire -- http-outgoing-19 << "   "id": "DB76027B8DBC0D8219774DD71D45E0A4",[\r][\n]"
12:53:08.780 [main] DEBUG org.apache.http.wire -- http-outgoing-19 << "   "title": "Google Hangouts",[\r][\n]"
12:53:08.780 [main] DEBUG org.apache.http.wire -- http-outgoing-19 << "   "type": "background_page",[\r][\n]"
12:53:08.780 [main] DEBUG org.apache.http.wire -- http-outgoing-19 << "   "url": "chrome-extension://nkeimhogjdpnpccoofpliimaahmaaome/background.html",[\r][\n]"
12:53:08.780 [main] DEBUG org.apache.http.wire -- http-outgoing-19 << "   "webSocketDebuggerUrl": "ws://localhost:54159/devtools/page/DB76027B8DBC0D8219774DD71D45E0A4"[\r][\n]"
12:53:08.780 [main] DEBUG org.apache.http.wire -- http-outgoing-19 << "}, {[\r][\n]"
12:53:08.780 [main] DEBUG org.apache.http.wire -- http-outgoing-19 << "   "description": "",[\r][\n]"
12:53:08.780 [main] DEBUG org.apache.http.wire -- http-outgoing-19 << "   "devtoolsFrontendUrl": "/devtools/inspector.html?ws=localhost:54159/devtools/page/874FD38645C0C9B5769759B7880B1AF2",[\r][\n]"
12:53:08.780 [main] DEBUG org.apache.http.wire -- http-outgoing-19 << "   "id": "874FD38645C0C9B5769759B7880B1AF2",[\r][\n]"
12:53:08.780 [main] DEBUG org.apache.http.wire -- http-outgoing-19 << "   "title": "New Tab",[\r][\n]"
12:53:08.780 [main] DEBUG org.apache.http.wire -- http-outgoing-19 << "   "type": "page",[\r][\n]"
12:53:08.780 [main] DEBUG org.apache.http.wire -- http-outgoing-19 << "   "url": "chrome://newtab/",[\r][\n]"
12:53:08.780 [main] DEBUG org.apache.http.wire -- http-outgoing-19 << "   "webSocketDebuggerUrl": "ws://localhost:54159/devtools/page/874FD38645C0C9B5769759B7880B1AF2"[\r][\n]"
12:53:08.780 [main] DEBUG org.apache.http.wire -- http-outgoing-19 << "} ][\r][\n]"
12:53:08.780 [main] DEBUG org.apache.http.headers -- http-outgoing-19 << HTTP/1.1 200 OK
12:53:08.780 [main] DEBUG org.apache.http.headers -- http-outgoing-19 << Content-Security-Policy:frame-ancestors 'none'
12:53:08.780 [main] DEBUG org.apache.http.headers -- http-outgoing-19 << Content-Length:1273
12:53:08.780 [main] DEBUG org.apache.http.headers -- http-outgoing-19 << Content-Type:application/json; charset=UTF-8
12:53:08.780 [main] DEBUG org.apache.http.impl.execchain.MainClientExec -- Connection can be kept alive indefinitely
12:53:08.780 [main] DEBUG org.apache.http.impl.conn.PoolingHttpClientConnectionManager -- Connection [id: 19][route: {}->http://localhost:54159] can be kept alive indefinitely
12:53:08.780 [main] DEBUG org.apache.http.impl.conn.DefaultManagedHttpClientConnection -- http-outgoing-19: set socket timeout to 0
12:53:08.780 [main] DEBUG org.apache.http.impl.conn.PoolingHttpClientConnectionManager -- Connection released: [id: 19][route: {}->http://localhost:54159][total available: 1; route allocated: 1 of 5; total allocated: 1 of 10]
12:53:08.780 [main] DEBUG org.apache.http.impl.conn.PoolingHttpClientConnectionManager -- Connection manager is shutting down
12:53:08.780 [main] DEBUG org.apache.http.impl.conn.DefaultManagedHttpClientConnection -- http-outgoing-19: Close connection
12:53:08.780 [main] DEBUG org.apache.http.impl.conn.PoolingHttpClientConnectionManager -- Connection manager shut down
12:53:08.780 [main] DEBUG com.intuit.karate -- response time in milliseconds: 32
1 < 200
1 < Content-Security-Policy: frame-ancestors 'none'
1 < Content-Length: 1273
1 < Content-Type: application/json; charset=UTF-8
[ {
   "description": "",
   "devtoolsFrontendUrl": "/devtools/inspector.html?ws=localhost:54159/devtools/page/A3A3E03BE4D7814B0731DA99E8464E4E",
   "id": "A3A3E03BE4D7814B0731DA99E8464E4E",
   "title": "Google Network Speech",
   "type": "background_page",
   "url": "chrome-extension://neajdppkdcdipfabeoofebfddakdcjhd/_generated_background_page.html",
   "webSocketDebuggerUrl": "ws://localhost:54159/devtools/page/A3A3E03BE4D7814B0731DA99E8464E4E"
}, {
   "description": "",
   "devtoolsFrontendUrl": "/devtools/inspector.html?ws=localhost:54159/devtools/page/DB76027B8DBC0D8219774DD71D45E0A4",
   "id": "DB76027B8DBC0D8219774DD71D45E0A4",
   "title": "Google Hangouts",
   "type": "background_page",
   "url": "chrome-extension://nkeimhogjdpnpccoofpliimaahmaaome/background.html",
   "webSocketDebuggerUrl": "ws://localhost:54159/devtools/page/DB76027B8DBC0D8219774DD71D45E0A4"
}, {
   "description": "",
   "devtoolsFrontendUrl": "/devtools/inspector.html?ws=localhost:54159/devtools/page/874FD38645C0C9B5769759B7880B1AF2",
   "id": "874FD38645C0C9B5769759B7880B1AF2",
   "title": "New Tab",
   "type": "page",
   "url": "chrome://newtab/",
   "webSocketDebuggerUrl": "ws://localhost:54159/devtools/page/874FD38645C0C9B5769759B7880B1AF2"
} ]


12:53:08.780 [main] DEBUG com.jayway.jsonpath.internal.path.CompiledPath -- Evaluating path: $
12:53:08.780 [main] DEBUG com.jayway.jsonpath.internal.path.CompiledPath -- Evaluating path: $
12:53:08.780 [main] DEBUG com.intuit.karate.driver.chrome_1718781787382 -- root frame id: 874FD38645C0C9B5769759B7880B1AF2
12:53:08.858 [nioEventLoopGroup-11-1] DEBUG io.netty.handler.codec.http.websocketx.WebSocketClientHandshaker13 -- WebSocket version 13 client handshake key: EPw7EjMlqUcWWWIckGfwlA==, expected response: e1Rv5ermY6QofndJDRkDDs6+f84=
12:53:08.858 [nioEventLoopGroup-11-1] DEBUG com.intuit.karate.http.WebSocketClientHandler -- websocket client connected
12:53:08.858 [main] DEBUG com.jayway.jsonpath.internal.path.CompiledPath -- Evaluating path: $['targetId']
12:53:08.858 [main] DEBUG com.jayway.jsonpath.internal.path.CompiledPath -- Evaluating path: $
12:53:08.858 [main] DEBUG com.jayway.jsonpath.internal.path.CompiledPath -- Evaluating path: $
12:53:08.858 [main] DEBUG com.jayway.jsonpath.internal.JsonContext -- Put path $ key targetId value {}
12:53:08.858 [main] DEBUG com.jayway.jsonpath.internal.path.CompiledPath -- Evaluating path: $
12:53:08.858 [main] DEBUG com.jayway.jsonpath.internal.JsonContext -- Put path $ key targetId value 874FD38645C0C9B5769759B7880B1AF2
12:53:08.858 [main] DEBUG com.jayway.jsonpath.internal.path.CompiledPath -- Evaluating path: $['flatten']
12:53:08.858 [main] DEBUG com.jayway.jsonpath.internal.path.CompiledPath -- Evaluating path: $
12:53:08.858 [main] DEBUG com.jayway.jsonpath.internal.path.CompiledPath -- Evaluating path: $
12:53:08.858 [main] DEBUG com.jayway.jsonpath.internal.JsonContext -- Put path $ key flatten value {}
12:53:08.858 [main] DEBUG com.jayway.jsonpath.internal.path.CompiledPath -- Evaluating path: $
12:53:08.858 [main] DEBUG com.jayway.jsonpath.internal.JsonContext -- Put path $ key flatten value true
12:53:08.858 [main] DEBUG com.jayway.jsonpath.internal.path.CompiledPath -- Evaluating path: $
12:53:08.858 [main] DEBUG com.intuit.karate.driver.chrome_1718781787382 -- >> {"id":1,"method":"Target.attachToTarget","params":{"targetId":"874FD38645C0C9B5769759B7880B1AF2","flatten":true}}
12:53:08.871 [nioEventLoopGroup-11-1] DEBUG com.intuit.karate.driver.chrome_1718781787382 -- << {"method":"Target.attachedToTarget","params":{"sessionId":"C948EB84EF55B0DD980335EE566A6085","targetInfo":{"targetId":"874FD38645C0C9B5769759B7880B1AF2","type":"page","title":"New Tab","url":"chrome://newtab/","attached":true,"canAccessOpener":false,"browserContextId":"EC6FDD8870158C6BCF18FFBF212D1704"},"waitingForDebugger":false}}
12:53:08.871 [nioEventLoopGroup-11-1] DEBUG com.jayway.jsonpath.internal.path.CompiledPath -- Evaluating path: $
12:53:08.871 [nioEventLoopGroup-11-1] DEBUG com.jayway.jsonpath.internal.path.CompiledPath -- Evaluating path: $['targetInfo']['type']
12:53:08.871 [nioEventLoopGroup-11-1] DEBUG com.intuit.karate.driver.chrome_1718781787382 -- << {"id":1,"result":{"sessionId":"C948EB84EF55B0DD980335EE566A6085"}}
12:53:08.871 [nioEventLoopGroup-11-1] DEBUG com.jayway.jsonpath.internal.path.CompiledPath -- Evaluating path: $
12:53:08.871 [main] DEBUG com.jayway.jsonpath.internal.path.CompiledPath -- Evaluating path: $['sessionId']
12:53:08.871 [main] DEBUG com.jayway.jsonpath.internal.path.CompiledPath -- Evaluating path: $['targetId']
12:53:08.871 [main] DEBUG com.jayway.jsonpath.internal.path.CompiledPath -- Evaluating path: $
12:53:08.871 [main] DEBUG com.jayway.jsonpath.internal.path.CompiledPath -- Evaluating path: $
12:53:08.871 [main] DEBUG com.jayway.jsonpath.internal.JsonContext -- Put path $ key targetId value {}
12:53:08.871 [main] DEBUG com.jayway.jsonpath.internal.path.CompiledPath -- Evaluating path: $
12:53:08.871 [main] DEBUG com.jayway.jsonpath.internal.JsonContext -- Put path $ key targetId value 874FD38645C0C9B5769759B7880B1AF2
12:53:08.871 [main] DEBUG com.jayway.jsonpath.internal.path.CompiledPath -- Evaluating path: $
12:53:08.871 [main] DEBUG com.intuit.karate.driver.chrome_1718781787382 -- >> {"id":2,"sessionId":"C948EB84EF55B0DD980335EE566A6085","method":"Target.activateTarget","params":{"targetId":"874FD38645C0C9B5769759B7880B1AF2"}}
12:53:08.874 [nioEventLoopGroup-11-1] DEBUG com.intuit.karate.driver.chrome_1718781787382 -- << {"id":2,"result":{},"sessionId":"C948EB84EF55B0DD980335EE566A6085"}
12:53:08.874 [nioEventLoopGroup-11-1] DEBUG com.jayway.jsonpath.internal.path.CompiledPath -- Evaluating path: $
12:53:08.874 [main] DEBUG com.jayway.jsonpath.internal.path.CompiledPath -- Evaluating path: $['discover']
12:53:08.874 [main] DEBUG com.jayway.jsonpath.internal.path.CompiledPath -- Evaluating path: $
12:53:08.874 [main] DEBUG com.jayway.jsonpath.internal.path.CompiledPath -- Evaluating path: $
12:53:08.874 [main] DEBUG com.jayway.jsonpath.internal.JsonContext -- Put path $ key discover value {}
12:53:08.874 [main] DEBUG com.jayway.jsonpath.internal.path.CompiledPath -- Evaluating path: $
12:53:08.874 [main] DEBUG com.jayway.jsonpath.internal.JsonContext -- Put path $ key discover value true
12:53:08.874 [main] DEBUG com.jayway.jsonpath.internal.path.CompiledPath -- Evaluating path: $
12:53:08.874 [main] DEBUG com.intuit.karate.driver.chrome_1718781787382 -- >> {"id":3,"sessionId":"C948EB84EF55B0DD980335EE566A6085","method":"Target.setDiscoverTargets","params":{"discover":true}}
12:53:08.874 [nioEventLoopGroup-11-1] DEBUG com.intuit.karate.driver.chrome_1718781787382 -- << {"method":"Target.targetCreated","params":{"targetInfo":{"targetId":"874FD38645C0C9B5769759B7880B1AF2","type":"page","title":"New Tab","url":"chrome://newtab/","attached":true,"canAccessOpener":false,"browserContextId":"EC6FDD8870158C6BCF18FFBF212D1704"}},"sessionId":"C948EB84EF55B0DD980335EE566A6085"}
12:53:08.874 [nioEventLoopGroup-11-1] DEBUG com.jayway.jsonpath.internal.path.CompiledPath -- Evaluating path: $
12:53:08.874 [nioEventLoopGroup-11-1] DEBUG com.intuit.karate.driver.chrome_1718781787382 -- << {"method":"Target.targetCreated","params":{"targetInfo":{"targetId":"A3A3E03BE4D7814B0731DA99E8464E4E","type":"background_page","title":"Google Network Speech","url":"chrome-extension://neajdppkdcdipfabeoofebfddakdcjhd/_generated_background_page.html","attached":false,"canAccessOpener":false,"browserContextId":"EC6FDD8870158C6BCF18FFBF212D1704"}},"sessionId":"C948EB84EF55B0DD980335EE566A6085"}
12:53:08.874 [nioEventLoopGroup-11-1] DEBUG com.jayway.jsonpath.internal.path.CompiledPath -- Evaluating path: $
12:53:08.874 [nioEventLoopGroup-11-1] DEBUG com.intuit.karate.driver.chrome_1718781787382 -- << {"method":"Target.targetCreated","params":{"targetInfo":{"targetId":"DB76027B8DBC0D8219774DD71D45E0A4","type":"background_page","title":"Google Hangouts","url":"chrome-extension://nkeimhogjdpnpccoofpliimaahmaaome/background.html","attached":false,"canAccessOpener":false,"browserContextId":"EC6FDD8870158C6BCF18FFBF212D1704"}},"sessionId":"C948EB84EF55B0DD980335EE566A6085"}
12:53:08.874 [nioEventLoopGroup-11-1] DEBUG com.jayway.jsonpath.internal.path.CompiledPath -- Evaluating path: $
12:53:08.874 [nioEventLoopGroup-11-1] DEBUG com.intuit.karate.driver.chrome_1718781787382 -- << {"id":3,"result":{},"sessionId":"C948EB84EF55B0DD980335EE566A6085"}
12:53:08.874 [nioEventLoopGroup-11-1] DEBUG com.jayway.jsonpath.internal.path.CompiledPath -- Evaluating path: $
12:53:08.874 [main] DEBUG com.intuit.karate.driver.chrome_1718781787382 -- >> {"id":4,"sessionId":"C948EB84EF55B0DD980335EE566A6085","method":"Page.enable"}
12:53:08.922 [nioEventLoopGroup-11-1] DEBUG com.intuit.karate.driver.chrome_1718781787382 -- << {"method":"Target.targetInfoChanged","params":{"targetInfo":{"targetId":"874FD38645C0C9B5769759B7880B1AF2","type":"page","title":"New Tab","url":"chrome://newtab/","attached":true,"canAccessOpener":false,"browserContextId":"EC6FDD8870158C6BCF18FFBF212D1704"}},"sessionId":"C948EB84EF55B0DD980335EE566A6085"}
12:53:08.922 [nioEventLoopGroup-11-1] DEBUG com.jayway.jsonpath.internal.path.CompiledPath -- Evaluating path: $
12:53:08.922 [nioEventLoopGroup-11-1] DEBUG com.jayway.jsonpath.internal.path.CompiledPath -- Evaluating path: $['targetInfo']['targetId']
12:53:08.933 [nioEventLoopGroup-11-1] DEBUG com.intuit.karate.driver.chrome_1718781787382 -- << {"id":4,"result":{},"sessionId":"C948EB84EF55B0DD980335EE566A6085"}
12:53:08.933 [nioEventLoopGroup-11-1] DEBUG com.jayway.jsonpath.internal.path.CompiledPath -- Evaluating path: $
12:53:08.933 [main] DEBUG com.intuit.karate.driver.chrome_1718781787382 -- >> {"id":5,"sessionId":"C948EB84EF55B0DD980335EE566A6085","method":"Runtime.enable"}
12:53:08.985 [nioEventLoopGroup-11-1] DEBUG com.intuit.karate.driver.chrome_1718781787382 -- << {"method":"Target.targetInfoChanged","params":{"targetInfo":{"targetId":"DB76027B8DBC0D8219774DD71D45E0A4","type":"background_page","title":"Google Hangouts","url":"chrome-extension://nkeimhogjdpnpccoofpliimaahmaaome/background.html","attached":false,"canAccessOpener":false,"browserContextId":"EC6FDD8870158C6BCF18FFBF212D1704"}},"sessionId":"C948EB84EF55B0DD980335EE566A6085"}
12:53:08.985 [nioEventLoopGroup-11-1] DEBUG com.jayway.jsonpath.internal.path.CompiledPath -- Evaluating path: $
12:53:08.985 [nioEventLoopGroup-11-1] DEBUG com.jayway.jsonpath.internal.path.CompiledPath -- Evaluating path: $['targetInfo']['targetId']
12:53:08.985 [nioEventLoopGroup-11-1] DEBUG com.intuit.karate.driver.chrome_1718781787382 -- << {"method":"Page.frameAttached","params":{"frameId":"0531C1357190F98F707B5299ACD12909","parentFrameId":"874FD38645C0C9B5769759B7880B1AF2"},"sessionId":"C948EB84EF55B0DD980335EE566A6085"}
12:53:08.985 [nioEventLoopGroup-11-1] DEBUG com.jayway.jsonpath.internal.path.CompiledPath -- Evaluating path: $
12:53:08.989 [nioEventLoopGroup-11-1] DEBUG com.intuit.karate.driver.chrome_1718781787382 -- << {"method":"Page.frameStartedLoading","params":{"frameId":"0531C1357190F98F707B5299ACD12909"},"sessionId":"C948EB84EF55B0DD980335EE566A6085"}
12:53:08.989 [nioEventLoopGroup-11-1] DEBUG com.jayway.jsonpath.internal.path.CompiledPath -- Evaluating path: $
12:53:08.989 [nioEventLoopGroup-11-1] DEBUG com.jayway.jsonpath.internal.path.CompiledPath -- Evaluating path: $['frameId']
12:53:08.989 [nioEventLoopGroup-11-1] DEBUG com.intuit.karate.driver.chrome_1718781787382 -- << {"method":"Page.frameNavigated","params":{"frame":{"id":"0531C1357190F98F707B5299ACD12909","parentId":"874FD38645C0C9B5769759B7880B1AF2","loaderId":"AAFB5E8C9A95019F721231418334EEE0","name":"backgroundImage","url":"about:blank","domainAndRegistry":"","securityOrigin":"://","mimeType":"text/html","adFrameStatus":{"adFrameType":"none","explanations":[]},"secureContextType":"Secure","crossOriginIsolatedContextType":"NotIsolated","gatedAPIFeatures":[]},"type":"Navigation"},"sessionId":"C948EB84EF55B0DD980335EE566A6085"}
12:53:08.989 [nioEventLoopGroup-11-1] DEBUG com.jayway.jsonpath.internal.path.CompiledPath -- Evaluating path: $
12:53:08.989 [nioEventLoopGroup-11-1] DEBUG com.jayway.jsonpath.internal.path.CompiledPath -- Evaluating path: $['frame']['id']
12:53:08.989 [nioEventLoopGroup-11-1] DEBUG com.jayway.jsonpath.internal.path.CompiledPath -- Evaluating path: $['frame']['url']
12:53:08.989 [nioEventLoopGroup-11-1] DEBUG com.jayway.jsonpath.internal.path.CompiledPath -- Evaluating path: $['frame']['name']
12:53:08.989 [nioEventLoopGroup-11-1] DEBUG com.intuit.karate.driver.chrome_1718781787382 -- << {"method":"Page.frameStoppedLoading","params":{"frameId":"0531C1357190F98F707B5299ACD12909"},"sessionId":"C948EB84EF55B0DD980335EE566A6085"}
12:53:08.989 [nioEventLoopGroup-11-1] DEBUG com.jayway.jsonpath.internal.path.CompiledPath -- Evaluating path: $
12:53:08.989 [nioEventLoopGroup-11-1] DEBUG com.jayway.jsonpath.internal.path.CompiledPath -- Evaluating path: $['frameId']
12:53:09.006 [nioEventLoopGroup-11-1] DEBUG com.intuit.karate.driver.chrome_1718781787382 -- << {"method":"Runtime.executionContextCreated","params":{"context":{"id":2,"origin":"chrome://new-tab-page","name":"","uniqueId":"9038949248375043432.8693183905750406829","auxData":{"isDefault":true,"type":"default","frameId":"0531C1357190F98F707B5299ACD12909"}}},"sessionId":"C948EB84EF55B0DD980335EE566A6085"}
12:53:09.006 [nioEventLoopGroup-11-1] DEBUG com.jayway.jsonpath.internal.path.CompiledPath -- Evaluating path: $
12:53:09.006 [nioEventLoopGroup-11-1] DEBUG com.jayway.jsonpath.internal.path.CompiledPath -- Evaluating path: $['context']['auxData']['frameId']
12:53:09.011 [nioEventLoopGroup-11-1] DEBUG com.jayway.jsonpath.internal.path.CompiledPath -- Evaluating path: $['context']['id']
12:53:09.011 [nioEventLoopGroup-11-1] DEBUG com.intuit.karate.driver.chrome_1718781787382 -- << {"method":"Runtime.executionContextCreated","params":{"context":{"id":1,"origin":"chrome://new-tab-page","name":"","uniqueId":"-2049896401351091817.6442979752731777264","auxData":{"isDefault":true,"type":"default","frameId":"874FD38645C0C9B5769759B7880B1AF2"}}},"sessionId":"C948EB84EF55B0DD980335EE566A6085"}
12:53:09.011 [nioEventLoopGroup-11-1] DEBUG com.jayway.jsonpath.internal.path.CompiledPath -- Evaluating path: $
12:53:09.011 [nioEventLoopGroup-11-1] DEBUG com.jayway.jsonpath.internal.path.CompiledPath -- Evaluating path: $['context']['auxData']['frameId']
12:53:09.011 [nioEventLoopGroup-11-1] DEBUG com.jayway.jsonpath.internal.path.CompiledPath -- Evaluating path: $['context']['id']
12:53:09.011 [nioEventLoopGroup-11-1] DEBUG com.intuit.karate.driver.chrome_1718781787382 -- << {"id":5,"result":{},"sessionId":"C948EB84EF55B0DD980335EE566A6085"}
12:53:09.011 [nioEventLoopGroup-11-1] DEBUG com.jayway.jsonpath.internal.path.CompiledPath -- Evaluating path: $
12:53:09.011 [main] DEBUG com.jayway.jsonpath.internal.path.CompiledPath -- Evaluating path: $['targetId']
12:53:09.011 [main] DEBUG com.jayway.jsonpath.internal.path.CompiledPath -- Evaluating path: $
12:53:09.011 [main] DEBUG com.jayway.jsonpath.internal.path.CompiledPath -- Evaluating path: $
12:53:09.011 [main] DEBUG com.jayway.jsonpath.internal.JsonContext -- Put path $ key targetId value {}
12:53:09.011 [main] DEBUG com.jayway.jsonpath.internal.path.CompiledPath -- Evaluating path: $
12:53:09.011 [main] DEBUG com.jayway.jsonpath.internal.JsonContext -- Put path $ key targetId value 874FD38645C0C9B5769759B7880B1AF2
12:53:09.011 [main] DEBUG com.jayway.jsonpath.internal.path.CompiledPath -- Evaluating path: $
12:53:09.011 [main] DEBUG com.intuit.karate.driver.chrome_1718781787382 -- >> {"id":6,"sessionId":"C948EB84EF55B0DD980335EE566A6085","method":"Browser.getWindowForTarget","params":{"targetId":"874FD38645C0C9B5769759B7880B1AF2"}}
12:53:09.012 [nioEventLoopGroup-11-1] DEBUG com.intuit.karate.driver.chrome_1718781787382 -- << {"id":6,"result":{"windowId":1635854086,"bounds":{"left":10,"top":10,"width":1050,"height":652,"windowState":"normal"}},"sessionId":"C948EB84EF55B0DD980335EE566A6085"}
12:53:09.012 [nioEventLoopGroup-11-1] DEBUG com.jayway.jsonpath.internal.path.CompiledPath -- Evaluating path: $
12:53:09.050 [main] DEBUG com.jayway.jsonpath.internal.path.CompiledPath -- Evaluating path: $['url']
12:53:09.050 [main] DEBUG com.jayway.jsonpath.internal.path.CompiledPath -- Evaluating path: $
12:53:09.050 [main] DEBUG com.jayway.jsonpath.internal.path.CompiledPath -- Evaluating path: $
12:53:09.050 [main] DEBUG com.jayway.jsonpath.internal.JsonContext -- Put path $ key url value {}
12:53:09.050 [main] DEBUG com.jayway.jsonpath.internal.path.CompiledPath -- Evaluating path: $
12:53:09.050 [main] DEBUG com.jayway.jsonpath.internal.JsonContext -- Put path $ key url value https://www.saucedemo.com/
12:53:09.050 [main] DEBUG com.jayway.jsonpath.internal.path.CompiledPath -- Evaluating path: $
12:53:09.050 [main] DEBUG com.intuit.karate.driver.chrome_1718781787382 -- >> {"id":7,"sessionId":"C948EB84EF55B0DD980335EE566A6085","method":"Page.navigate","params":{"url":"https:\/\/www.saucedemo.com\/"}}
12:53:09.052 [nioEventLoopGroup-11-1] DEBUG com.intuit.karate.driver.chrome_1718781787382 -- << {"method":"Page.frameStartedLoading","params":{"frameId":"874FD38645C0C9B5769759B7880B1AF2"},"sessionId":"C948EB84EF55B0DD980335EE566A6085"}
12:53:09.052 [nioEventLoopGroup-11-1] DEBUG com.jayway.jsonpath.internal.path.CompiledPath -- Evaluating path: $
12:53:09.052 [nioEventLoopGroup-11-1] DEBUG com.jayway.jsonpath.internal.path.CompiledPath -- Evaluating path: $['frameId']
12:53:09.117 [nioEventLoopGroup-11-1] DEBUG com.intuit.karate.driver.chrome_1718781787382 -- << {"method":"Target.targetInfoChanged","params":{"targetInfo":{"targetId":"A3A3E03BE4D7814B0731DA99E8464E4E","type":"background_page","title":"Google Network Speech","url":"chrome-extension://neajdppkdcdipfabeoofebfddakdcjhd/_generated_background_page.html","attached":false,"canAccessOpener":false,"browserContextId":"EC6FDD8870158C6BCF18FFBF212D1704"}},"sessionId":"C948EB84EF55B0DD980335EE566A6085"}
12:53:09.117 [nioEventLoopGroup-11-1] DEBUG com.jayway.jsonpath.internal.path.CompiledPath -- Evaluating path: $
12:53:09.117 [nioEventLoopGroup-11-1] DEBUG com.jayway.jsonpath.internal.path.CompiledPath -- Evaluating path: $['targetInfo']['targetId']
12:53:09.127 [nioEventLoopGroup-11-1] DEBUG com.intuit.karate.driver.chrome_1718781787382 -- << {"method":"Page.domContentEventFired","params":{"timestamp":52867.637868},"sessionId":"C948EB84EF55B0DD980335EE566A6085"}
12:53:09.127 [nioEventLoopGroup-11-1] DEBUG com.jayway.jsonpath.internal.path.CompiledPath -- Evaluating path: $
12:53:09.127 [main] DEBUG com.jayway.jsonpath.internal.path.CompiledPath -- Evaluating path: $['expression']
12:53:09.127 [main] DEBUG com.jayway.jsonpath.internal.path.CompiledPath -- Evaluating path: $
12:53:09.127 [main] DEBUG com.jayway.jsonpath.internal.path.CompiledPath -- Evaluating path: $
12:53:09.127 [main] DEBUG com.jayway.jsonpath.internal.JsonContext -- Put path $ key expression value {}
12:53:09.127 [main] DEBUG com.jayway.jsonpath.internal.path.CompiledPath -- Evaluating path: $
12:53:09.127 [main] DEBUG com.jayway.jsonpath.internal.JsonContext -- Put path $ key expression value var e = document.evaluate("//*[@id='user-name']", document, null, 9, null).singleNodeValue; e.focus(); try { e.selectionStart = e.selectionEnd = e.value.length } catch(x) {}
12:53:09.127 [main] DEBUG com.jayway.jsonpath.internal.path.CompiledPath -- Evaluating path: $['returnByValue']
12:53:09.127 [main] DEBUG com.jayway.jsonpath.internal.path.CompiledPath -- Evaluating path: $
12:53:09.127 [main] DEBUG com.jayway.jsonpath.internal.path.CompiledPath -- Evaluating path: $
12:53:09.127 [main] DEBUG com.jayway.jsonpath.internal.JsonContext -- Put path $ key returnByValue value {}
12:53:09.127 [main] DEBUG com.jayway.jsonpath.internal.path.CompiledPath -- Evaluating path: $
12:53:09.127 [main] DEBUG com.jayway.jsonpath.internal.JsonContext -- Put path $ key returnByValue value true
12:53:09.127 [main] DEBUG com.jayway.jsonpath.internal.path.CompiledPath -- Evaluating path: $
12:53:09.127 [main] DEBUG com.intuit.karate.driver.chrome_1718781787382 -- >> {"id":8,"sessionId":"C948EB84EF55B0DD980335EE566A6085","method":"Runtime.evaluate","params":{"expression":"var e = document.evaluate(\"\/\/*[@id='user-name']\", document, null, 9, null).singleNodeValue; e.focus(); try { e.selectionStart = e.selectionEnd = e.value.length } catch(x) {}","returnByValue":true}}
12:53:09.139 [nioEventLoopGroup-11-1] DEBUG com.intuit.karate.driver.chrome_1718781787382 -- << {"method":"Page.loadEventFired","params":{"timestamp":52867.655521},"sessionId":"C948EB84EF55B0DD980335EE566A6085"}
12:53:09.139 [nioEventLoopGroup-11-1] DEBUG com.jayway.jsonpath.internal.path.CompiledPath -- Evaluating path: $
12:53:09.139 [nioEventLoopGroup-11-1] DEBUG com.intuit.karate.driver.chrome_1718781787382 -- << {"method":"Page.frameStartedLoading","params":{"frameId":"874FD38645C0C9B5769759B7880B1AF2"},"sessionId":"C948EB84EF55B0DD980335EE566A6085"}
12:53:09.139 [nioEventLoopGroup-11-1] DEBUG com.jayway.jsonpath.internal.path.CompiledPath -- Evaluating path: $
12:53:09.139 [nioEventLoopGroup-11-1] DEBUG com.jayway.jsonpath.internal.path.CompiledPath -- Evaluating path: $['frameId']
12:53:09.157 [nioEventLoopGroup-11-1] DEBUG com.intuit.karate.driver.chrome_1718781787382 -- << {"method":"Page.frameAttached","params":{"frameId":"FD694EAC11B7654D88CDFC9C9499A383","parentFrameId":"874FD38645C0C9B5769759B7880B1AF2","stack":{"callFrames":[{"functionName":"__createAndInsertInstance","scriptId":"9","url":"chrome://resources/polymer/v3_0/polymer/polymer_bundled.min.js","lineNumber":0,"columnNumber":63594},{"functionName":"__ensureInstance","scriptId":"9","url":"chrome://resources/polymer/v3_0/polymer/polymer_bundled.min.js","lineNumber":0,"columnNumber":62645},{"functionName":"__render","scriptId":"9","url":"chrome://resources/polymer/v3_0/polymer/polymer_bundled.min.js","lineNumber":0,"columnNumber":62729},{"functionName":"","scriptId":"9","url":"chrome://resources/polymer/v3_0/polymer/polymer_bundled.min.js","lineNumber":0,"columnNumber":61709},{"functionName":"","scriptId":"9","url":"chrome://resources/polymer/v3_0/polymer/polymer_bundled.min.js","lineNumber":0,"columnNumber":1381},{"functionName":"","scriptId":"9","url":"chrome://resources/polymer/v3_0/polymer/polymer_bundled.min.js"," ...
12:53:09.157 [nioEventLoopGroup-11-1] DEBUG com.jayway.jsonpath.internal.path.CompiledPath -- Evaluating path: $
12:53:09.157 [nioEventLoopGroup-11-1] DEBUG com.intuit.karate.driver.chrome_1718781787382 -- << {"method":"Page.frameStartedLoading","params":{"frameId":"FD694EAC11B7654D88CDFC9C9499A383"},"sessionId":"C948EB84EF55B0DD980335EE566A6085"}
12:53:09.157 [nioEventLoopGroup-11-1] DEBUG com.jayway.jsonpath.internal.path.CompiledPath -- Evaluating path: $
12:53:09.157 [nioEventLoopGroup-11-1] DEBUG com.jayway.jsonpath.internal.path.CompiledPath -- Evaluating path: $['frameId']
12:53:09.161 [nioEventLoopGroup-11-1] DEBUG com.intuit.karate.driver.chrome_1718781787382 -- << {"id":7,"result":{"frameId":"874FD38645C0C9B5769759B7880B1AF2","loaderId":"79797C87E3FCBC2F219A706C6C26309E"},"sessionId":"C948EB84EF55B0DD980335EE566A6085"}
12:53:09.161 [nioEventLoopGroup-11-1] DEBUG com.jayway.jsonpath.internal.path.CompiledPath -- Evaluating path: $
12:53:09.161 [nioEventLoopGroup-11-1] DEBUG com.intuit.karate.driver.chrome_1718781787382 -- << {"method":"Runtime.executionContextsCleared","params":{},"sessionId":"C948EB84EF55B0DD980335EE566A6085"}
12:53:09.161 [nioEventLoopGroup-11-1] DEBUG com.jayway.jsonpath.internal.path.CompiledPath -- Evaluating path: $
12:53:09.161 [nioEventLoopGroup-11-1] DEBUG com.intuit.karate.driver.chrome_1718781787382 -- << {"method":"Page.frameStoppedLoading","params":{"frameId":"FD694EAC11B7654D88CDFC9C9499A383"},"sessionId":"C948EB84EF55B0DD980335EE566A6085"}
12:53:09.161 [nioEventLoopGroup-11-1] DEBUG com.jayway.jsonpath.internal.path.CompiledPath -- Evaluating path: $
12:53:09.161 [nioEventLoopGroup-11-1] DEBUG com.jayway.jsonpath.internal.path.CompiledPath -- Evaluating path: $['frameId']
12:53:09.171 [nioEventLoopGroup-11-1] DEBUG com.intuit.karate.driver.chrome_1718781787382 -- << {"method":"Target.targetInfoChanged","params":{"targetInfo":{"targetId":"874FD38645C0C9B5769759B7880B1AF2","type":"page","title":"saucedemo.com","url":"https://www.saucedemo.com/","attached":true,"canAccessOpener":false,"browserContextId":"EC6FDD8870158C6BCF18FFBF212D1704"}},"sessionId":"C948EB84EF55B0DD980335EE566A6085"}
12:53:09.171 [nioEventLoopGroup-11-1] DEBUG com.jayway.jsonpath.internal.path.CompiledPath -- Evaluating path: $
12:53:09.171 [nioEventLoopGroup-11-1] DEBUG com.jayway.jsonpath.internal.path.CompiledPath -- Evaluating path: $['targetInfo']['targetId']
12:53:09.177 [nioEventLoopGroup-11-1] DEBUG com.intuit.karate.driver.chrome_1718781787382 -- << {"method":"Runtime.executionContextsCleared","params":{},"sessionId":"C948EB84EF55B0DD980335EE566A6085"}
12:53:09.177 [nioEventLoopGroup-11-1] DEBUG com.jayway.jsonpath.internal.path.CompiledPath -- Evaluating path: $
12:53:09.177 [nioEventLoopGroup-11-1] DEBUG com.intuit.karate.driver.chrome_1718781787382 -- << {"method":"Page.frameNavigated","params":{"frame":{"id":"874FD38645C0C9B5769759B7880B1AF2","loaderId":"79797C87E3FCBC2F219A706C6C26309E","url":"https://www.saucedemo.com/","domainAndRegistry":"saucedemo.com","securityOrigin":"https://www.saucedemo.com","mimeType":"text/html","adFrameStatus":{"adFrameType":"none"},"secureContextType":"Secure","crossOriginIsolatedContextType":"NotIsolated","gatedAPIFeatures":[]},"type":"Navigation"},"sessionId":"C948EB84EF55B0DD980335EE566A6085"}
12:53:09.177 [nioEventLoopGroup-11-1] DEBUG com.jayway.jsonpath.internal.path.CompiledPath -- Evaluating path: $
12:53:09.177 [nioEventLoopGroup-11-1] DEBUG com.jayway.jsonpath.internal.path.CompiledPath -- Evaluating path: $['frame']['id']
12:53:09.177 [nioEventLoopGroup-11-1] DEBUG com.jayway.jsonpath.internal.path.CompiledPath -- Evaluating path: $['frame']['url']
12:53:09.177 [nioEventLoopGroup-11-1] DEBUG com.jayway.jsonpath.internal.path.CompiledPath -- Evaluating path: $['frame']['name']
12:53:09.177 [nioEventLoopGroup-11-1] DEBUG com.intuit.karate.driver.chrome_1718781787382 -- << {"method":"Runtime.executionContextCreated","params":{"context":{"id":1,"origin":"https://www.saucedemo.com","name":"","uniqueId":"-4236918641366528644.-5134914274160282269","auxData":{"isDefault":true,"type":"default","frameId":"874FD38645C0C9B5769759B7880B1AF2"}}},"sessionId":"C948EB84EF55B0DD980335EE566A6085"}
12:53:09.177 [nioEventLoopGroup-11-1] DEBUG com.jayway.jsonpath.internal.path.CompiledPath -- Evaluating path: $
12:53:09.177 [nioEventLoopGroup-11-1] DEBUG com.jayway.jsonpath.internal.path.CompiledPath -- Evaluating path: $['context']['auxData']['frameId']
12:53:09.177 [nioEventLoopGroup-11-1] DEBUG com.jayway.jsonpath.internal.path.CompiledPath -- Evaluating path: $['context']['id']
12:53:09.289 [nioEventLoopGroup-11-1] DEBUG com.intuit.karate.driver.chrome_1718781787382 -- << {"id":8,"result":{"result":{"type":"object","subtype":"error","className":"TypeError","description":"TypeError: Cannot read properties of null (reading 'focus')\n    at <anonymous>:1:95","objectId":"-1925642108612561515.1.1"},"exceptionDetails":{"exceptionId":1,"text":"Uncaught","lineNumber":0,"columnNumber":94,"scriptId":"6","stackTrace":{"callFrames":[{"functionName":"","scriptId":"6","url":"","lineNumber":0,"columnNumber":94}]},"exception":{"type":"object","subtype":"error","className":"TypeError","description":"TypeError: Cannot read properties of null (reading 'focus')\n    at <anonymous>:1:95","objectId":"-1925642108612561515.1.2"}}},"sessionId":"C948EB84EF55B0DD980335EE566A6085"}
12:53:09.289 [nioEventLoopGroup-11-1] DEBUG com.jayway.jsonpath.internal.path.CompiledPath -- Evaluating path: $
12:53:09.289 [nioEventLoopGroup-11-1] WARN com.intuit.karate.driver.chrome_1718781787382 -- devtools error: [id: 8, sessionId: C948EB84EF55B0DD980335EE566A6085, result: [type: MAP, value: {type=object, subtype=error, className=TypeError, description=TypeError: Cannot read properties of null (reading 'focus')
    at <anonymous>:1:95, objectId=-1925642108612561515.1.1}]]
12:53:09.289 [main] WARN com.intuit.karate.driver.chrome_1718781787382 -- js eval failed once:var e = document.evaluate("//*[@id='user-name']", document, null, 9, null).singleNodeValue; e.focus(); try { e.selectionStart = e.selectionEnd = e.value.length } catch(x) {}, error: [type: MAP, value: {type=object, subtype=error, className=TypeError, description=TypeError: Cannot read properties of null (reading 'focus')
    at <anonymous>:1:95, objectId=-1925642108612561515.1.1}]
12:53:09.402 [nioEventLoopGroup-10-1] DEBUG io.netty.buffer.PoolThreadCache -- Freed 36 thread-local buffer(s) from thread: nioEventLoopGroup-10-1
12:53:09.478 [nioEventLoopGroup-11-1] DEBUG com.intuit.karate.driver.chrome_1718781787382 -- << {"method":"Page.domContentEventFired","params":{"timestamp":52867.990134},"sessionId":"C948EB84EF55B0DD980335EE566A6085"}
12:53:09.478 [nioEventLoopGroup-11-1] DEBUG com.jayway.jsonpath.internal.path.CompiledPath -- Evaluating path: $
12:53:09.482 [chrome_1718781763869] WARN com.intuit.karate.shell.Command -- exit code was non-zero: 1 - [C:\Program Files\Google\Chrome\Application\chrome.exe, --remote-debugging-port=54122, --remote-allow-origins=*, --no-first-run, --user-data-dir=C:\Users\HarshvardhanNigaveka\OneDrive - Academian India Private Limited\Desktop\GitHubActions\karateUI\UI_Automation_Project\target\chrome_1718781763869, --disable-popup-blocking] working dir: target\chrome_1718781763869
12:53:09.551 [nioEventLoopGroup-11-1] DEBUG com.intuit.karate.driver.chrome_1718781787382 -- << {"method":"Target.targetCreated","params":{"targetInfo":{"targetId":"256B35EF791F7D523C0735FD075D29CD","type":"service_worker","title":"Service Worker https://www.saucedemo.com/service-worker.js","url":"https://www.saucedemo.com/service-worker.js","attached":false,"canAccessOpener":false,"browserContextId":"EC6FDD8870158C6BCF18FFBF212D1704"}},"sessionId":"C948EB84EF55B0DD980335EE566A6085"}
12:53:09.551 [nioEventLoopGroup-11-1] DEBUG com.jayway.jsonpath.internal.path.CompiledPath -- Evaluating path: $
12:53:09.556 [nioEventLoopGroup-11-1] DEBUG com.intuit.karate.driver.chrome_1718781787382 -- << {"method":"Page.loadEventFired","params":{"timestamp":52868.060339},"sessionId":"C948EB84EF55B0DD980335EE566A6085"}
12:53:09.556 [nioEventLoopGroup-11-1] DEBUG com.jayway.jsonpath.internal.path.CompiledPath -- Evaluating path: $
12:53:09.556 [nioEventLoopGroup-11-1] DEBUG com.intuit.karate.driver.chrome_1718781787382 -- << {"method":"Page.frameStoppedLoading","params":{"frameId":"874FD38645C0C9B5769759B7880B1AF2"},"sessionId":"C948EB84EF55B0DD980335EE566A6085"}
12:53:09.556 [nioEventLoopGroup-11-1] DEBUG com.jayway.jsonpath.internal.path.CompiledPath -- Evaluating path: $
12:53:09.556 [nioEventLoopGroup-11-1] DEBUG com.jayway.jsonpath.internal.path.CompiledPath -- Evaluating path: $['frameId']
12:53:09.603 [nioEventLoopGroup-11-1] DEBUG com.intuit.karate.driver.chrome_1718781787382 -- << {"method":"Target.targetDestroyed","params":{"targetId":"256B35EF791F7D523C0735FD075D29CD"},"sessionId":"C948EB84EF55B0DD980335EE566A6085"}
12:53:09.603 [nioEventLoopGroup-11-1] DEBUG com.jayway.jsonpath.internal.path.CompiledPath -- Evaluating path: $
12:53:12.303 [main] DEBUG com.jayway.jsonpath.internal.path.CompiledPath -- Evaluating path: $['expression']
12:53:12.303 [main] DEBUG com.jayway.jsonpath.internal.path.CompiledPath -- Evaluating path: $
12:53:12.303 [main] DEBUG com.jayway.jsonpath.internal.path.CompiledPath -- Evaluating path: $
12:53:12.303 [main] DEBUG com.jayway.jsonpath.internal.JsonContext -- Put path $ key expression value {}
12:53:12.303 [main] DEBUG com.jayway.jsonpath.internal.path.CompiledPath -- Evaluating path: $
12:53:12.303 [main] DEBUG com.jayway.jsonpath.internal.JsonContext -- Put path $ key expression value var e = document.evaluate("//*[@id='user-name']", document, null, 9, null).singleNodeValue; e.focus(); try { e.selectionStart = e.selectionEnd = e.value.length } catch(x) {}
12:53:12.303 [main] DEBUG com.jayway.jsonpath.internal.path.CompiledPath -- Evaluating path: $['returnByValue']
12:53:12.303 [main] DEBUG com.jayway.jsonpath.internal.path.CompiledPath -- Evaluating path: $
12:53:12.303 [main] DEBUG com.jayway.jsonpath.internal.path.CompiledPath -- Evaluating path: $
12:53:12.303 [main] DEBUG com.jayway.jsonpath.internal.JsonContext -- Put path $ key returnByValue value {}
12:53:12.303 [main] DEBUG com.jayway.jsonpath.internal.path.CompiledPath -- Evaluating path: $
12:53:12.303 [main] DEBUG com.jayway.jsonpath.internal.JsonContext -- Put path $ key returnByValue value true
12:53:12.303 [main] DEBUG com.jayway.jsonpath.internal.path.CompiledPath -- Evaluating path: $
12:53:12.303 [main] DEBUG com.intuit.karate.driver.chrome_1718781787382 -- >> {"id":9,"sessionId":"C948EB84EF55B0DD980335EE566A6085","method":"Runtime.evaluate","params":{"expression":"var e = document.evaluate(\"\/\/*[@id='user-name']\", document, null, 9, null).singleNodeValue; e.focus(); try { e.selectionStart = e.selectionEnd = e.value.length } catch(x) {}","returnByValue":true}}
12:53:13.126 [nioEventLoopGroup-11-1] DEBUG com.intuit.karate.driver.chrome_1718781787382 -- << {"id":9,"result":{"result":{"type":"number","value":0,"description":"0"}},"sessionId":"C948EB84EF55B0DD980335EE566A6085"}
12:53:13.127 [nioEventLoopGroup-11-1] DEBUG com.jayway.jsonpath.internal.path.CompiledPath -- Evaluating path: $
12:53:13.128 [main] DEBUG com.jayway.jsonpath.internal.path.CompiledPath -- Evaluating path: $['modifiers']
12:53:13.128 [main] DEBUG com.jayway.jsonpath.internal.path.CompiledPath -- Evaluating path: $
12:53:13.128 [main] DEBUG com.jayway.jsonpath.internal.path.CompiledPath -- Evaluating path: $
12:53:13.128 [main] DEBUG com.jayway.jsonpath.internal.JsonContext -- Put path $ key modifiers value {}
12:53:13.128 [main] DEBUG com.jayway.jsonpath.internal.path.CompiledPath -- Evaluating path: $
12:53:13.128 [main] DEBUG com.jayway.jsonpath.internal.JsonContext -- Put path $ key modifiers value 0
12:53:13.128 [main] DEBUG com.jayway.jsonpath.internal.path.CompiledPath -- Evaluating path: $['type']
12:53:13.128 [main] DEBUG com.jayway.jsonpath.internal.path.CompiledPath -- Evaluating path: $
12:53:13.128 [main] DEBUG com.jayway.jsonpath.internal.path.CompiledPath -- Evaluating path: $
12:53:13.129 [main] DEBUG com.jayway.jsonpath.internal.JsonContext -- Put path $ key type value {}
12:53:13.129 [main] DEBUG com.jayway.jsonpath.internal.path.CompiledPath -- Evaluating path: $
12:53:13.129 [main] DEBUG com.jayway.jsonpath.internal.JsonContext -- Put path $ key type value rawKeyDown
12:53:13.129 [main] DEBUG com.jayway.jsonpath.internal.path.CompiledPath -- Evaluating path: $['text']
12:53:13.129 [main] DEBUG com.jayway.jsonpath.internal.path.CompiledPath -- Evaluating path: $
12:53:13.129 [main] DEBUG com.jayway.jsonpath.internal.path.CompiledPath -- Evaluating path: $
12:53:13.129 [main] DEBUG com.jayway.jsonpath.internal.JsonContext -- Put path $ key text value {}
12:53:13.129 [main] DEBUG com.jayway.jsonpath.internal.path.CompiledPath -- Evaluating path: $
12:53:13.129 [main] DEBUG com.jayway.jsonpath.internal.JsonContext -- Put path $ key text value s
12:53:13.129 [main] DEBUG com.jayway.jsonpath.internal.path.CompiledPath -- Evaluating path: $['windowsVirtualKeyCode']
12:53:13.129 [main] DEBUG com.jayway.jsonpath.internal.path.CompiledPath -- Evaluating path: $
12:53:13.129 [main] DEBUG com.jayway.jsonpath.internal.path.CompiledPath -- Evaluating path: $
12:53:13.129 [main] DEBUG com.jayway.jsonpath.internal.JsonContext -- Put path $ key windowsVirtualKeyCode value {}
12:53:13.129 [main] DEBUG com.jayway.jsonpath.internal.path.CompiledPath -- Evaluating path: $
12:53:13.129 [main] DEBUG com.jayway.jsonpath.internal.JsonContext -- Put path $ key windowsVirtualKeyCode value 115
12:53:13.129 [main] DEBUG com.jayway.jsonpath.internal.path.CompiledPath -- Evaluating path: $
12:53:13.129 [main] DEBUG com.intuit.karate.driver.chrome_1718781787382 -- >> {"id":10,"sessionId":"C948EB84EF55B0DD980335EE566A6085","method":"Input.dispatchKeyEvent","params":{"modifiers":0,"type":"rawKeyDown","text":"s","windowsVirtualKeyCode":115}}
12:53:13.270 [nioEventLoopGroup-11-1] DEBUG com.intuit.karate.driver.chrome_1718781787382 -- << {"id":10,"result":{},"sessionId":"C948EB84EF55B0DD980335EE566A6085"}
12:53:13.270 [nioEventLoopGroup-11-1] DEBUG com.jayway.jsonpath.internal.path.CompiledPath -- Evaluating path: $
12:53:13.270 [main] DEBUG com.jayway.jsonpath.internal.path.CompiledPath -- Evaluating path: $['modifiers']
12:53:13.270 [main] DEBUG com.jayway.jsonpath.internal.path.CompiledPath -- Evaluating path: $
12:53:13.270 [main] DEBUG com.jayway.jsonpath.internal.path.CompiledPath -- Evaluating path: $
12:53:13.270 [main] DEBUG com.jayway.jsonpath.internal.JsonContext -- Put path $ key modifiers value {}
12:53:13.270 [main] DEBUG com.jayway.jsonpath.internal.path.CompiledPath -- Evaluating path: $
12:53:13.270 [main] DEBUG com.jayway.jsonpath.internal.JsonContext -- Put path $ key modifiers value 0
12:53:13.270 [main] DEBUG com.jayway.jsonpath.internal.path.CompiledPath -- Evaluating path: $['type']
12:53:13.270 [main] DEBUG com.jayway.jsonpath.internal.path.CompiledPath -- Evaluating path: $
12:53:13.270 [main] DEBUG com.jayway.jsonpath.internal.path.CompiledPath -- Evaluating path: $
12:53:13.270 [main] DEBUG com.jayway.jsonpath.internal.JsonContext -- Put path $ key type value {}
12:53:13.270 [main] DEBUG com.jayway.jsonpath.internal.path.CompiledPath -- Evaluating path: $
12:53:13.270 [main] DEBUG com.jayway.jsonpath.internal.JsonContext -- Put path $ key type value char
12:53:13.270 [main] DEBUG com.jayway.jsonpath.internal.path.CompiledPath -- Evaluating path: $['text']
12:53:13.270 [main] DEBUG com.jayway.jsonpath.internal.path.CompiledPath -- Evaluating path: $
12:53:13.270 [main] DEBUG com.jayway.jsonpath.internal.path.CompiledPath -- Evaluating path: $
12:53:13.270 [main] DEBUG com.jayway.jsonpath.internal.JsonContext -- Put path $ key text value {}
12:53:13.270 [main] DEBUG com.jayway.jsonpath.internal.path.CompiledPath -- Evaluating path: $
12:53:13.270 [main] DEBUG com.jayway.jsonpath.internal.JsonContext -- Put path $ key text value s
12:53:13.270 [main] DEBUG com.jayway.jsonpath.internal.path.CompiledPath -- Evaluating path: $['windowsVirtualKeyCode']
12:53:13.270 [main] DEBUG com.jayway.jsonpath.internal.path.CompiledPath -- Evaluating path: $
12:53:13.270 [main] DEBUG com.jayway.jsonpath.internal.path.CompiledPath -- Evaluating path: $
12:53:13.270 [main] DEBUG com.jayway.jsonpath.internal.JsonContext -- Put path $ key windowsVirtualKeyCode value {}
12:53:13.270 [main] DEBUG com.jayway.jsonpath.internal.path.CompiledPath -- Evaluating path: $
12:53:13.270 [main] DEBUG com.jayway.jsonpath.internal.JsonContext -- Put path $ key windowsVirtualKeyCode value 115
12:53:13.270 [main] DEBUG com.jayway.jsonpath.internal.path.CompiledPath -- Evaluating path: $
12:53:13.270 [main] DEBUG com.intuit.karate.driver.chrome_1718781787382 -- >> {"id":11,"sessionId":"C948EB84EF55B0DD980335EE566A6085","method":"Input.dispatchKeyEvent","params":{"modifiers":0,"type":"char","text":"s","windowsVirtualKeyCode":115}}
12:53:13.370 [nioEventLoopGroup-11-1] DEBUG com.intuit.karate.driver.chrome_1718781787382 -- << {"id":11,"result":{},"sessionId":"C948EB84EF55B0DD980335EE566A6085"}
12:53:13.370 [nioEventLoopGroup-11-1] DEBUG com.jayway.jsonpath.internal.path.CompiledPath -- Evaluating path: $
12:53:13.370 [main] DEBUG com.jayway.jsonpath.internal.path.CompiledPath -- Evaluating path: $['modifiers']
12:53:13.370 [main] DEBUG com.jayway.jsonpath.internal.path.CompiledPath -- Evaluating path: $
12:53:13.370 [main] DEBUG com.jayway.jsonpath.internal.path.CompiledPath -- Evaluating path: $
12:53:13.370 [main] DEBUG com.jayway.jsonpath.internal.JsonContext -- Put path $ key modifiers value {}
12:53:13.370 [main] DEBUG com.jayway.jsonpath.internal.path.CompiledPath -- Evaluating path: $
12:53:13.370 [main] DEBUG com.jayway.jsonpath.internal.JsonContext -- Put path $ key modifiers value 0
12:53:13.370 [main] DEBUG com.jayway.jsonpath.internal.path.CompiledPath -- Evaluating path: $['type']
12:53:13.370 [main] DEBUG com.jayway.jsonpath.internal.path.CompiledPath -- Evaluating path: $
12:53:13.370 [main] DEBUG com.jayway.jsonpath.internal.path.CompiledPath -- Evaluating path: $
12:53:13.370 [main] DEBUG com.jayway.jsonpath.internal.JsonContext -- Put path $ key type value {}
12:53:13.370 [main] DEBUG com.jayway.jsonpath.internal.path.CompiledPath -- Evaluating path: $
12:53:13.370 [main] DEBUG com.jayway.jsonpath.internal.JsonContext -- Put path $ key type value keyUp
12:53:13.370 [main] DEBUG com.jayway.jsonpath.internal.path.CompiledPath -- Evaluating path: $['text']
12:53:13.370 [main] DEBUG com.jayway.jsonpath.internal.path.CompiledPath -- Evaluating path: $
12:53:13.370 [main] DEBUG com.jayway.jsonpath.internal.path.CompiledPath -- Evaluating path: $
12:53:13.370 [main] DEBUG com.jayway.jsonpath.internal.JsonContext -- Put path $ key text value {}
12:53:13.370 [main] DEBUG com.jayway.jsonpath.internal.path.CompiledPath -- Evaluating path: $
12:53:13.370 [main] DEBUG com.jayway.jsonpath.internal.JsonContext -- Put path $ key text value s
12:53:13.370 [main] DEBUG com.jayway.jsonpath.internal.path.CompiledPath -- Evaluating path: $['windowsVirtualKeyCode']
12:53:13.370 [main] DEBUG com.jayway.jsonpath.internal.path.CompiledPath -- Evaluating path: $
12:53:13.370 [main] DEBUG com.jayway.jsonpath.internal.path.CompiledPath -- Evaluating path: $
12:53:13.370 [main] DEBUG com.jayway.jsonpath.internal.JsonContext -- Put path $ key windowsVirtualKeyCode value {}
12:53:13.370 [main] DEBUG com.jayway.jsonpath.internal.path.CompiledPath -- Evaluating path: $
12:53:13.370 [main] DEBUG com.jayway.jsonpath.internal.JsonContext -- Put path $ key windowsVirtualKeyCode value 115
12:53:13.370 [main] DEBUG com.jayway.jsonpath.internal.path.CompiledPath -- Evaluating path: $
12:53:13.370 [main] DEBUG com.intuit.karate.driver.chrome_1718781787382 -- >> {"id":12,"sessionId":"C948EB84EF55B0DD980335EE566A6085","method":"Input.dispatchKeyEvent","params":{"modifiers":0,"type":"keyUp","text":"s","windowsVirtualKeyCode":115}}
12:53:13.373 [nioEventLoopGroup-11-1] DEBUG com.intuit.karate.driver.chrome_1718781787382 -- << {"id":12,"result":{},"sessionId":"C948EB84EF55B0DD980335EE566A6085"}
12:53:13.373 [nioEventLoopGroup-11-1] DEBUG com.jayway.jsonpath.internal.path.CompiledPath -- Evaluating path: $
12:53:13.373 [main] DEBUG com.jayway.jsonpath.internal.path.CompiledPath -- Evaluating path: $['modifiers']
12:53:13.373 [main] DEBUG com.jayway.jsonpath.internal.path.CompiledPath -- Evaluating path: $
12:53:13.373 [main] DEBUG com.jayway.jsonpath.internal.path.CompiledPath -- Evaluating path: $
12:53:13.373 [main] DEBUG com.jayway.jsonpath.internal.JsonContext -- Put path $ key modifiers value {}
12:53:13.373 [main] DEBUG com.jayway.jsonpath.internal.path.CompiledPath -- Evaluating path: $
12:53:13.373 [main] DEBUG com.jayway.jsonpath.internal.JsonContext -- Put path $ key modifiers value 0
12:53:13.373 [main] DEBUG com.jayway.jsonpath.internal.path.CompiledPath -- Evaluating path: $['type']
12:53:13.373 [main] DEBUG com.jayway.jsonpath.internal.path.CompiledPath -- Evaluating path: $
12:53:13.373 [main] DEBUG com.jayway.jsonpath.internal.path.CompiledPath -- Evaluating path: $
12:53:13.373 [main] DEBUG com.jayway.jsonpath.internal.JsonContext -- Put path $ key type value {}
12:53:13.373 [main] DEBUG com.jayway.jsonpath.internal.path.CompiledPath -- Evaluating path: $
12:53:13.373 [main] DEBUG com.jayway.jsonpath.internal.JsonContext -- Put path $ key type value rawKeyDown
12:53:13.373 [main] DEBUG com.jayway.jsonpath.internal.path.CompiledPath -- Evaluating path: $['text']
12:53:13.373 [main] DEBUG com.jayway.jsonpath.internal.path.CompiledPath -- Evaluating path: $
12:53:13.373 [main] DEBUG com.jayway.jsonpath.internal.path.CompiledPath -- Evaluating path: $
12:53:13.373 [main] DEBUG com.jayway.jsonpath.internal.JsonContext -- Put path $ key text value {}
12:53:13.373 [main] DEBUG com.jayway.jsonpath.internal.path.CompiledPath -- Evaluating path: $
12:53:13.373 [main] DEBUG com.jayway.jsonpath.internal.JsonContext -- Put path $ key text value t
12:53:13.373 [main] DEBUG com.jayway.jsonpath.internal.path.CompiledPath -- Evaluating path: $['windowsVirtualKeyCode']
12:53:13.373 [main] DEBUG com.jayway.jsonpath.internal.path.CompiledPath -- Evaluating path: $
12:53:13.373 [main] DEBUG com.jayway.jsonpath.internal.path.CompiledPath -- Evaluating path: $
12:53:13.373 [main] DEBUG com.jayway.jsonpath.internal.JsonContext -- Put path $ key windowsVirtualKeyCode value {}
12:53:13.373 [main] DEBUG com.jayway.jsonpath.internal.path.CompiledPath -- Evaluating path: $
12:53:13.373 [main] DEBUG com.jayway.jsonpath.internal.JsonContext -- Put path $ key windowsVirtualKeyCode value 116
12:53:13.373 [main] DEBUG com.jayway.jsonpath.internal.path.CompiledPath -- Evaluating path: $
12:53:13.373 [main] DEBUG com.intuit.karate.driver.chrome_1718781787382 -- >> {"id":13,"sessionId":"C948EB84EF55B0DD980335EE566A6085","method":"Input.dispatchKeyEvent","params":{"modifiers":0,"type":"rawKeyDown","text":"t","windowsVirtualKeyCode":116}}
12:53:13.380 [nioEventLoopGroup-11-1] DEBUG com.intuit.karate.driver.chrome_1718781787382 -- << {"id":13,"result":{},"sessionId":"C948EB84EF55B0DD980335EE566A6085"}
12:53:13.380 [nioEventLoopGroup-11-1] DEBUG com.jayway.jsonpath.internal.path.CompiledPath -- Evaluating path: $
12:53:13.382 [main] DEBUG com.jayway.jsonpath.internal.path.CompiledPath -- Evaluating path: $['modifiers']
12:53:13.382 [main] DEBUG com.jayway.jsonpath.internal.path.CompiledPath -- Evaluating path: $
12:53:13.382 [main] DEBUG com.jayway.jsonpath.internal.path.CompiledPath -- Evaluating path: $
12:53:13.382 [main] DEBUG com.jayway.jsonpath.internal.JsonContext -- Put path $ key modifiers value {}
12:53:13.382 [main] DEBUG com.jayway.jsonpath.internal.path.CompiledPath -- Evaluating path: $
12:53:13.382 [main] DEBUG com.jayway.jsonpath.internal.JsonContext -- Put path $ key modifiers value 0
12:53:13.382 [main] DEBUG com.jayway.jsonpath.internal.path.CompiledPath -- Evaluating path: $['type']
12:53:13.382 [main] DEBUG com.jayway.jsonpath.internal.path.CompiledPath -- Evaluating path: $
12:53:13.382 [main] DEBUG com.jayway.jsonpath.internal.path.CompiledPath -- Evaluating path: $
12:53:13.382 [main] DEBUG com.jayway.jsonpath.internal.JsonContext -- Put path $ key type value {}
12:53:13.382 [main] DEBUG com.jayway.jsonpath.internal.path.CompiledPath -- Evaluating path: $
12:53:13.382 [main] DEBUG com.jayway.jsonpath.internal.JsonContext -- Put path $ key type value char
12:53:13.382 [main] DEBUG com.jayway.jsonpath.internal.path.CompiledPath -- Evaluating path: $['text']
12:53:13.382 [main] DEBUG com.jayway.jsonpath.internal.path.CompiledPath -- Evaluating path: $
12:53:13.382 [main] DEBUG com.jayway.jsonpath.internal.path.CompiledPath -- Evaluating path: $
12:53:13.382 [main] DEBUG com.jayway.jsonpath.internal.JsonContext -- Put path $ key text value {}
12:53:13.382 [main] DEBUG com.jayway.jsonpath.internal.path.CompiledPath -- Evaluating path: $
12:53:13.382 [main] DEBUG com.jayway.jsonpath.internal.JsonContext -- Put path $ key text value t
12:53:13.382 [main] DEBUG com.jayway.jsonpath.internal.path.CompiledPath -- Evaluating path: $['windowsVirtualKeyCode']
12:53:13.382 [main] DEBUG com.jayway.jsonpath.internal.path.CompiledPath -- Evaluating path: $
12:53:13.382 [main] DEBUG com.jayway.jsonpath.internal.path.CompiledPath -- Evaluating path: $
12:53:13.382 [main] DEBUG com.jayway.jsonpath.internal.JsonContext -- Put path $ key windowsVirtualKeyCode value {}
12:53:13.382 [main] DEBUG com.jayway.jsonpath.internal.path.CompiledPath -- Evaluating path: $
12:53:13.382 [main] DEBUG com.jayway.jsonpath.internal.JsonContext -- Put path $ key windowsVirtualKeyCode value 116
12:53:13.382 [main] DEBUG com.jayway.jsonpath.internal.path.CompiledPath -- Evaluating path: $
12:53:13.382 [main] DEBUG com.intuit.karate.driver.chrome_1718781787382 -- >> {"id":14,"sessionId":"C948EB84EF55B0DD980335EE566A6085","method":"Input.dispatchKeyEvent","params":{"modifiers":0,"type":"char","text":"t","windowsVirtualKeyCode":116}}
12:53:13.504 [nioEventLoopGroup-11-1] DEBUG com.intuit.karate.driver.chrome_1718781787382 -- << {"id":14,"result":{},"sessionId":"C948EB84EF55B0DD980335EE566A6085"}
12:53:13.504 [nioEventLoopGroup-11-1] DEBUG com.jayway.jsonpath.internal.path.CompiledPath -- Evaluating path: $
12:53:13.504 [main] DEBUG com.jayway.jsonpath.internal.path.CompiledPath -- Evaluating path: $['modifiers']
12:53:13.504 [main] DEBUG com.jayway.jsonpath.internal.path.CompiledPath -- Evaluating path: $
12:53:13.504 [main] DEBUG com.jayway.jsonpath.internal.path.CompiledPath -- Evaluating path: $
12:53:13.504 [main] DEBUG com.jayway.jsonpath.internal.JsonContext -- Put path $ key modifiers value {}
12:53:13.504 [main] DEBUG com.jayway.jsonpath.internal.path.CompiledPath -- Evaluating path: $
12:53:13.504 [main] DEBUG com.jayway.jsonpath.internal.JsonContext -- Put path $ key modifiers value 0
12:53:13.504 [main] DEBUG com.jayway.jsonpath.internal.path.CompiledPath -- Evaluating path: $['type']
12:53:13.504 [main] DEBUG com.jayway.jsonpath.internal.path.CompiledPath -- Evaluating path: $
12:53:13.504 [main] DEBUG com.jayway.jsonpath.internal.path.CompiledPath -- Evaluating path: $
12:53:13.504 [main] DEBUG com.jayway.jsonpath.internal.JsonContext -- Put path $ key type value {}
12:53:13.504 [main] DEBUG com.jayway.jsonpath.internal.path.CompiledPath -- Evaluating path: $
12:53:13.504 [main] DEBUG com.jayway.jsonpath.internal.JsonContext -- Put path $ key type value keyUp
12:53:13.504 [main] DEBUG com.jayway.jsonpath.internal.path.CompiledPath -- Evaluating path: $['text']
12:53:13.504 [main] DEBUG com.jayway.jsonpath.internal.path.CompiledPath -- Evaluating path: $
12:53:13.504 [main] DEBUG com.jayway.jsonpath.internal.path.CompiledPath -- Evaluating path: $
12:53:13.504 [main] DEBUG com.jayway.jsonpath.internal.JsonContext -- Put path $ key text value {}
12:53:13.504 [main] DEBUG com.jayway.jsonpath.internal.path.CompiledPath -- Evaluating path: $
12:53:13.504 [main] DEBUG com.jayway.jsonpath.internal.JsonContext -- Put path $ key text value t
12:53:13.504 [main] DEBUG com.jayway.jsonpath.internal.path.CompiledPath -- Evaluating path: $['windowsVirtualKeyCode']
12:53:13.504 [main] DEBUG com.jayway.jsonpath.internal.path.CompiledPath -- Evaluating path: $
12:53:13.504 [main] DEBUG com.jayway.jsonpath.internal.path.CompiledPath -- Evaluating path: $
12:53:13.504 [main] DEBUG com.jayway.jsonpath.internal.JsonContext -- Put path $ key windowsVirtualKeyCode value {}
12:53:13.504 [main] DEBUG com.jayway.jsonpath.internal.path.CompiledPath -- Evaluating path: $
12:53:13.504 [main] DEBUG com.jayway.jsonpath.internal.JsonContext -- Put path $ key windowsVirtualKeyCode value 116
12:53:13.504 [main] DEBUG com.jayway.jsonpath.internal.path.CompiledPath -- Evaluating path: $
12:53:13.504 [main] DEBUG com.intuit.karate.driver.chrome_1718781787382 -- >> {"id":15,"sessionId":"C948EB84EF55B0DD980335EE566A6085","method":"Input.dispatchKeyEvent","params":{"modifiers":0,"type":"keyUp","text":"t","windowsVirtualKeyCode":116}}
12:53:13.513 [nioEventLoopGroup-11-1] DEBUG com.intuit.karate.driver.chrome_1718781787382 -- << {"id":15,"result":{},"sessionId":"C948EB84EF55B0DD980335EE566A6085"}
12:53:13.513 [nioEventLoopGroup-11-1] DEBUG com.jayway.jsonpath.internal.path.CompiledPath -- Evaluating path: $
12:53:13.513 [main] DEBUG com.jayway.jsonpath.internal.path.CompiledPath -- Evaluating path: $['modifiers']
12:53:13.513 [main] DEBUG com.jayway.jsonpath.internal.path.CompiledPath -- Evaluating path: $
12:53:13.513 [main] DEBUG com.jayway.jsonpath.internal.path.CompiledPath -- Evaluating path: $
12:53:13.513 [main] DEBUG com.jayway.jsonpath.internal.JsonContext -- Put path $ key modifiers value {}
12:53:13.513 [main] DEBUG com.jayway.jsonpath.internal.path.CompiledPath -- Evaluating path: $
12:53:13.513 [main] DEBUG com.jayway.jsonpath.internal.JsonContext -- Put path $ key modifiers value 0
12:53:13.513 [main] DEBUG com.jayway.jsonpath.internal.path.CompiledPath -- Evaluating path: $['type']
12:53:13.513 [main] DEBUG com.jayway.jsonpath.internal.path.CompiledPath -- Evaluating path: $
12:53:13.513 [main] DEBUG com.jayway.jsonpath.internal.path.CompiledPath -- Evaluating path: $
12:53:13.513 [main] DEBUG com.jayway.jsonpath.internal.JsonContext -- Put path $ key type value {}
12:53:13.513 [main] DEBUG com.jayway.jsonpath.internal.path.CompiledPath -- Evaluating path: $
12:53:13.513 [main] DEBUG com.jayway.jsonpath.internal.JsonContext -- Put path $ key type value rawKeyDown
12:53:13.513 [main] DEBUG com.jayway.jsonpath.internal.path.CompiledPath -- Evaluating path: $['text']
12:53:13.513 [main] DEBUG com.jayway.jsonpath.internal.path.CompiledPath -- Evaluating path: $
12:53:13.513 [main] DEBUG com.jayway.jsonpath.internal.path.CompiledPath -- Evaluating path: $
12:53:13.513 [main] DEBUG com.jayway.jsonpath.internal.JsonContext -- Put path $ key text value {}
12:53:13.513 [main] DEBUG com.jayway.jsonpath.internal.path.CompiledPath -- Evaluating path: $
12:53:13.513 [main] DEBUG com.jayway.jsonpath.internal.JsonContext -- Put path $ key text value a
12:53:13.513 [main] DEBUG com.jayway.jsonpath.internal.path.CompiledPath -- Evaluating path: $['windowsVirtualKeyCode']
12:53:13.513 [main] DEBUG com.jayway.jsonpath.internal.path.CompiledPath -- Evaluating path: $
12:53:13.513 [main] DEBUG com.jayway.jsonpath.internal.path.CompiledPath -- Evaluating path: $
12:53:13.513 [main] DEBUG com.jayway.jsonpath.internal.JsonContext -- Put path $ key windowsVirtualKeyCode value {}
12:53:13.513 [main] DEBUG com.jayway.jsonpath.internal.path.CompiledPath -- Evaluating path: $
12:53:13.513 [main] DEBUG com.jayway.jsonpath.internal.JsonContext -- Put path $ key windowsVirtualKeyCode value 97
12:53:13.513 [main] DEBUG com.jayway.jsonpath.internal.path.CompiledPath -- Evaluating path: $
12:53:13.513 [main] DEBUG com.intuit.karate.driver.chrome_1718781787382 -- >> {"id":16,"sessionId":"C948EB84EF55B0DD980335EE566A6085","method":"Input.dispatchKeyEvent","params":{"modifiers":0,"type":"rawKeyDown","text":"a","windowsVirtualKeyCode":97}}
12:53:13.639 [nioEventLoopGroup-11-1] DEBUG com.intuit.karate.driver.chrome_1718781787382 -- << {"id":16,"result":{},"sessionId":"C948EB84EF55B0DD980335EE566A6085"}
12:53:13.640 [nioEventLoopGroup-11-1] DEBUG com.jayway.jsonpath.internal.path.CompiledPath -- Evaluating path: $
12:53:13.640 [main] DEBUG com.jayway.jsonpath.internal.path.CompiledPath -- Evaluating path: $['modifiers']
12:53:13.640 [main] DEBUG com.jayway.jsonpath.internal.path.CompiledPath -- Evaluating path: $
12:53:13.640 [main] DEBUG com.jayway.jsonpath.internal.path.CompiledPath -- Evaluating path: $
12:53:13.640 [main] DEBUG com.jayway.jsonpath.internal.JsonContext -- Put path $ key modifiers value {}
12:53:13.640 [main] DEBUG com.jayway.jsonpath.internal.path.CompiledPath -- Evaluating path: $
12:53:13.640 [main] DEBUG com.jayway.jsonpath.internal.JsonContext -- Put path $ key modifiers value 0
12:53:13.640 [main] DEBUG com.jayway.jsonpath.internal.path.CompiledPath -- Evaluating path: $['type']
12:53:13.640 [main] DEBUG com.jayway.jsonpath.internal.path.CompiledPath -- Evaluating path: $
12:53:13.640 [main] DEBUG com.jayway.jsonpath.internal.path.CompiledPath -- Evaluating path: $
12:53:13.640 [main] DEBUG com.jayway.jsonpath.internal.JsonContext -- Put path $ key type value {}
12:53:13.640 [main] DEBUG com.jayway.jsonpath.internal.path.CompiledPath -- Evaluating path: $
12:53:13.640 [main] DEBUG com.jayway.jsonpath.internal.JsonContext -- Put path $ key type value char
12:53:13.640 [main] DEBUG com.jayway.jsonpath.internal.path.CompiledPath -- Evaluating path: $['text']
12:53:13.640 [main] DEBUG com.jayway.jsonpath.internal.path.CompiledPath -- Evaluating path: $
12:53:13.640 [main] DEBUG com.jayway.jsonpath.internal.path.CompiledPath -- Evaluating path: $
12:53:13.640 [main] DEBUG com.jayway.jsonpath.internal.JsonContext -- Put path $ key text value {}
12:53:13.640 [main] DEBUG com.jayway.jsonpath.internal.path.CompiledPath -- Evaluating path: $
12:53:13.640 [main] DEBUG com.jayway.jsonpath.internal.JsonContext -- Put path $ key text value a
12:53:13.640 [main] DEBUG com.jayway.jsonpath.internal.path.CompiledPath -- Evaluating path: $['windowsVirtualKeyCode']
12:53:13.640 [main] DEBUG com.jayway.jsonpath.internal.path.CompiledPath -- Evaluating path: $
12:53:13.640 [main] DEBUG com.jayway.jsonpath.internal.path.CompiledPath -- Evaluating path: $
12:53:13.640 [main] DEBUG com.jayway.jsonpath.internal.JsonContext -- Put path $ key windowsVirtualKeyCode value {}
12:53:13.640 [main] DEBUG com.jayway.jsonpath.internal.path.CompiledPath -- Evaluating path: $
12:53:13.640 [main] DEBUG com.jayway.jsonpath.internal.JsonContext -- Put path $ key windowsVirtualKeyCode value 97
12:53:13.640 [main] DEBUG com.jayway.jsonpath.internal.path.CompiledPath -- Evaluating path: $
12:53:13.640 [main] DEBUG com.intuit.karate.driver.chrome_1718781787382 -- >> {"id":17,"sessionId":"C948EB84EF55B0DD980335EE566A6085","method":"Input.dispatchKeyEvent","params":{"modifiers":0,"type":"char","text":"a","windowsVirtualKeyCode":97}}
12:53:13.809 [nioEventLoopGroup-11-1] DEBUG com.intuit.karate.driver.chrome_1718781787382 -- << {"id":17,"result":{},"sessionId":"C948EB84EF55B0DD980335EE566A6085"}
12:53:13.809 [nioEventLoopGroup-11-1] DEBUG com.jayway.jsonpath.internal.path.CompiledPath -- Evaluating path: $
12:53:13.809 [main] DEBUG com.jayway.jsonpath.internal.path.CompiledPath -- Evaluating path: $['modifiers']
12:53:13.809 [main] DEBUG com.jayway.jsonpath.internal.path.CompiledPath -- Evaluating path: $
12:53:13.809 [main] DEBUG com.jayway.jsonpath.internal.path.CompiledPath -- Evaluating path: $
12:53:13.809 [main] DEBUG com.jayway.jsonpath.internal.JsonContext -- Put path $ key modifiers value {}
12:53:13.809 [main] DEBUG com.jayway.jsonpath.internal.path.CompiledPath -- Evaluating path: $
12:53:13.809 [main] DEBUG com.jayway.jsonpath.internal.JsonContext -- Put path $ key modifiers value 0
12:53:13.809 [main] DEBUG com.jayway.jsonpath.internal.path.CompiledPath -- Evaluating path: $['type']
12:53:13.809 [main] DEBUG com.jayway.jsonpath.internal.path.CompiledPath -- Evaluating path: $
12:53:13.809 [main] DEBUG com.jayway.jsonpath.internal.path.CompiledPath -- Evaluating path: $
12:53:13.809 [main] DEBUG com.jayway.jsonpath.internal.JsonContext -- Put path $ key type value {}
12:53:13.809 [main] DEBUG com.jayway.jsonpath.internal.path.CompiledPath -- Evaluating path: $
12:53:13.809 [main] DEBUG com.jayway.jsonpath.internal.JsonContext -- Put path $ key type value keyUp
12:53:13.809 [main] DEBUG com.jayway.jsonpath.internal.path.CompiledPath -- Evaluating path: $['text']
12:53:13.809 [main] DEBUG com.jayway.jsonpath.internal.path.CompiledPath -- Evaluating path: $
12:53:13.809 [main] DEBUG com.jayway.jsonpath.internal.path.CompiledPath -- Evaluating path: $
12:53:13.809 [main] DEBUG com.jayway.jsonpath.internal.JsonContext -- Put path $ key text value {}
12:53:13.809 [main] DEBUG com.jayway.jsonpath.internal.path.CompiledPath -- Evaluating path: $
12:53:13.809 [main] DEBUG com.jayway.jsonpath.internal.JsonContext -- Put path $ key text value a
12:53:13.809 [main] DEBUG com.jayway.jsonpath.internal.path.CompiledPath -- Evaluating path: $['windowsVirtualKeyCode']
12:53:13.809 [main] DEBUG com.jayway.jsonpath.internal.path.CompiledPath -- Evaluating path: $
12:53:13.809 [main] DEBUG com.jayway.jsonpath.internal.path.CompiledPath -- Evaluating path: $
12:53:13.809 [main] DEBUG com.jayway.jsonpath.internal.JsonContext -- Put path $ key windowsVirtualKeyCode value {}
12:53:13.809 [main] DEBUG com.jayway.jsonpath.internal.path.CompiledPath -- Evaluating path: $
12:53:13.809 [main] DEBUG com.jayway.jsonpath.internal.JsonContext -- Put path $ key windowsVirtualKeyCode value 97
12:53:13.809 [main] DEBUG com.jayway.jsonpath.internal.path.CompiledPath -- Evaluating path: $
12:53:13.809 [main] DEBUG com.intuit.karate.driver.chrome_1718781787382 -- >> {"id":18,"sessionId":"C948EB84EF55B0DD980335EE566A6085","method":"Input.dispatchKeyEvent","params":{"modifiers":0,"type":"keyUp","text":"a","windowsVirtualKeyCode":97}}
12:53:14.675 [nioEventLoopGroup-11-1] DEBUG com.intuit.karate.driver.chrome_1718781787382 -- << {"id":18,"result":{},"sessionId":"C948EB84EF55B0DD980335EE566A6085"}
12:53:14.675 [nioEventLoopGroup-11-1] DEBUG com.jayway.jsonpath.internal.path.CompiledPath -- Evaluating path: $
12:53:14.675 [main] DEBUG com.jayway.jsonpath.internal.path.CompiledPath -- Evaluating path: $['modifiers']
12:53:14.675 [main] DEBUG com.jayway.jsonpath.internal.path.CompiledPath -- Evaluating path: $
12:53:14.675 [main] DEBUG com.jayway.jsonpath.internal.path.CompiledPath -- Evaluating path: $
12:53:14.675 [main] DEBUG com.jayway.jsonpath.internal.JsonContext -- Put path $ key modifiers value {}
12:53:14.675 [main] DEBUG com.jayway.jsonpath.internal.path.CompiledPath -- Evaluating path: $
12:53:14.675 [main] DEBUG com.jayway.jsonpath.internal.JsonContext -- Put path $ key modifiers value 0
12:53:14.675 [main] DEBUG com.jayway.jsonpath.internal.path.CompiledPath -- Evaluating path: $['type']
12:53:14.675 [main] DEBUG com.jayway.jsonpath.internal.path.CompiledPath -- Evaluating path: $
12:53:14.675 [main] DEBUG com.jayway.jsonpath.internal.path.CompiledPath -- Evaluating path: $
12:53:14.675 [main] DEBUG com.jayway.jsonpath.internal.JsonContext -- Put path $ key type value {}
12:53:14.675 [main] DEBUG com.jayway.jsonpath.internal.path.CompiledPath -- Evaluating path: $
12:53:14.675 [main] DEBUG com.jayway.jsonpath.internal.JsonContext -- Put path $ key type value rawKeyDown
12:53:14.675 [main] DEBUG com.jayway.jsonpath.internal.path.CompiledPath -- Evaluating path: $['text']
12:53:14.675 [main] DEBUG com.jayway.jsonpath.internal.path.CompiledPath -- Evaluating path: $
12:53:14.675 [main] DEBUG com.jayway.jsonpath.internal.path.CompiledPath -- Evaluating path: $
12:53:14.675 [main] DEBUG com.jayway.jsonpath.internal.JsonContext -- Put path $ key text value {}
12:53:14.675 [main] DEBUG com.jayway.jsonpath.internal.path.CompiledPath -- Evaluating path: $
12:53:14.675 [main] DEBUG com.jayway.jsonpath.internal.JsonContext -- Put path $ key text value n
12:53:14.675 [main] DEBUG com.jayway.jsonpath.internal.path.CompiledPath -- Evaluating path: $['windowsVirtualKeyCode']
12:53:14.675 [main] DEBUG com.jayway.jsonpath.internal.path.CompiledPath -- Evaluating path: $
12:53:14.675 [main] DEBUG com.jayway.jsonpath.internal.path.CompiledPath -- Evaluating path: $
12:53:14.675 [main] DEBUG com.jayway.jsonpath.internal.JsonContext -- Put path $ key windowsVirtualKeyCode value {}
12:53:14.675 [main] DEBUG com.jayway.jsonpath.internal.path.CompiledPath -- Evaluating path: $
12:53:14.675 [main] DEBUG com.jayway.jsonpath.internal.JsonContext -- Put path $ key windowsVirtualKeyCode value 110
12:53:14.675 [main] DEBUG com.jayway.jsonpath.internal.path.CompiledPath -- Evaluating path: $
12:53:14.675 [main] DEBUG com.intuit.karate.driver.chrome_1718781787382 -- >> {"id":19,"sessionId":"C948EB84EF55B0DD980335EE566A6085","method":"Input.dispatchKeyEvent","params":{"modifiers":0,"type":"rawKeyDown","text":"n","windowsVirtualKeyCode":110}}
12:53:14.983 [nioEventLoopGroup-11-1] DEBUG com.intuit.karate.driver.chrome_1718781787382 -- << {"id":19,"result":{},"sessionId":"C948EB84EF55B0DD980335EE566A6085"}
12:53:14.983 [nioEventLoopGroup-11-1] DEBUG com.jayway.jsonpath.internal.path.CompiledPath -- Evaluating path: $
12:53:14.983 [main] DEBUG com.jayway.jsonpath.internal.path.CompiledPath -- Evaluating path: $['modifiers']
12:53:14.983 [main] DEBUG com.jayway.jsonpath.internal.path.CompiledPath -- Evaluating path: $
12:53:14.983 [main] DEBUG com.jayway.jsonpath.internal.path.CompiledPath -- Evaluating path: $
12:53:14.983 [main] DEBUG com.jayway.jsonpath.internal.JsonContext -- Put path $ key modifiers value {}
12:53:14.983 [main] DEBUG com.jayway.jsonpath.internal.path.CompiledPath -- Evaluating path: $
12:53:14.983 [main] DEBUG com.jayway.jsonpath.internal.JsonContext -- Put path $ key modifiers value 0
12:53:14.983 [main] DEBUG com.jayway.jsonpath.internal.path.CompiledPath -- Evaluating path: $['type']
12:53:14.983 [main] DEBUG com.jayway.jsonpath.internal.path.CompiledPath -- Evaluating path: $
12:53:14.983 [main] DEBUG com.jayway.jsonpath.internal.path.CompiledPath -- Evaluating path: $
12:53:14.983 [main] DEBUG com.jayway.jsonpath.internal.JsonContext -- Put path $ key type value {}
12:53:14.983 [main] DEBUG com.jayway.jsonpath.internal.path.CompiledPath -- Evaluating path: $
12:53:14.983 [main] DEBUG com.jayway.jsonpath.internal.JsonContext -- Put path $ key type value char
12:53:14.983 [main] DEBUG com.jayway.jsonpath.internal.path.CompiledPath -- Evaluating path: $['text']
12:53:14.983 [main] DEBUG com.jayway.jsonpath.internal.path.CompiledPath -- Evaluating path: $
12:53:14.983 [main] DEBUG com.jayway.jsonpath.internal.path.CompiledPath -- Evaluating path: $
12:53:14.983 [main] DEBUG com.jayway.jsonpath.internal.JsonContext -- Put path $ key text value {}
12:53:14.983 [main] DEBUG com.jayway.jsonpath.internal.path.CompiledPath -- Evaluating path: $
12:53:14.983 [main] DEBUG com.jayway.jsonpath.internal.JsonContext -- Put path $ key text value n
12:53:14.983 [main] DEBUG com.jayway.jsonpath.internal.path.CompiledPath -- Evaluating path: $['windowsVirtualKeyCode']
12:53:14.983 [main] DEBUG com.jayway.jsonpath.internal.path.CompiledPath -- Evaluating path: $
12:53:14.983 [main] DEBUG com.jayway.jsonpath.internal.path.CompiledPath -- Evaluating path: $
12:53:14.983 [main] DEBUG com.jayway.jsonpath.internal.JsonContext -- Put path $ key windowsVirtualKeyCode value {}
12:53:14.983 [main] DEBUG com.jayway.jsonpath.internal.path.CompiledPath -- Evaluating path: $
12:53:14.983 [main] DEBUG com.jayway.jsonpath.internal.JsonContext -- Put path $ key windowsVirtualKeyCode value 110
12:53:14.983 [main] DEBUG com.jayway.jsonpath.internal.path.CompiledPath -- Evaluating path: $
12:53:14.983 [main] DEBUG com.intuit.karate.driver.chrome_1718781787382 -- >> {"id":20,"sessionId":"C948EB84EF55B0DD980335EE566A6085","method":"Input.dispatchKeyEvent","params":{"modifiers":0,"type":"char","text":"n","windowsVirtualKeyCode":110}}
12:53:15.087 [nioEventLoopGroup-11-1] DEBUG com.intuit.karate.driver.chrome_1718781787382 -- << {"id":20,"result":{},"sessionId":"C948EB84EF55B0DD980335EE566A6085"}
12:53:15.088 [nioEventLoopGroup-11-1] DEBUG com.jayway.jsonpath.internal.path.CompiledPath -- Evaluating path: $
12:53:15.088 [main] DEBUG com.jayway.jsonpath.internal.path.CompiledPath -- Evaluating path: $['modifiers']
12:53:15.088 [main] DEBUG com.jayway.jsonpath.internal.path.CompiledPath -- Evaluating path: $
12:53:15.088 [main] DEBUG com.jayway.jsonpath.internal.path.CompiledPath -- Evaluating path: $
12:53:15.088 [main] DEBUG com.jayway.jsonpath.internal.JsonContext -- Put path $ key modifiers value {}
12:53:15.088 [main] DEBUG com.jayway.jsonpath.internal.path.CompiledPath -- Evaluating path: $
12:53:15.088 [main] DEBUG com.jayway.jsonpath.internal.JsonContext -- Put path $ key modifiers value 0
12:53:15.088 [main] DEBUG com.jayway.jsonpath.internal.path.CompiledPath -- Evaluating path: $['type']
12:53:15.088 [main] DEBUG com.jayway.jsonpath.internal.path.CompiledPath -- Evaluating path: $
12:53:15.088 [main] DEBUG com.jayway.jsonpath.internal.path.CompiledPath -- Evaluating path: $
12:53:15.088 [main] DEBUG com.jayway.jsonpath.internal.JsonContext -- Put path $ key type value {}
12:53:15.088 [main] DEBUG com.jayway.jsonpath.internal.path.CompiledPath -- Evaluating path: $
12:53:15.088 [main] DEBUG com.jayway.jsonpath.internal.JsonContext -- Put path $ key type value keyUp
12:53:15.088 [main] DEBUG com.jayway.jsonpath.internal.path.CompiledPath -- Evaluating path: $['text']
12:53:15.088 [main] DEBUG com.jayway.jsonpath.internal.path.CompiledPath -- Evaluating path: $
12:53:15.088 [main] DEBUG com.jayway.jsonpath.internal.path.CompiledPath -- Evaluating path: $
12:53:15.088 [main] DEBUG com.jayway.jsonpath.internal.JsonContext -- Put path $ key text value {}
12:53:15.088 [main] DEBUG com.jayway.jsonpath.internal.path.CompiledPath -- Evaluating path: $
12:53:15.088 [main] DEBUG com.jayway.jsonpath.internal.JsonContext -- Put path $ key text value n
12:53:15.088 [main] DEBUG com.jayway.jsonpath.internal.path.CompiledPath -- Evaluating path: $['windowsVirtualKeyCode']
12:53:15.088 [main] DEBUG com.jayway.jsonpath.internal.path.CompiledPath -- Evaluating path: $
12:53:15.088 [main] DEBUG com.jayway.jsonpath.internal.path.CompiledPath -- Evaluating path: $
12:53:15.088 [main] DEBUG com.jayway.jsonpath.internal.JsonContext -- Put path $ key windowsVirtualKeyCode value {}
12:53:15.088 [main] DEBUG com.jayway.jsonpath.internal.path.CompiledPath -- Evaluating path: $
12:53:15.088 [main] DEBUG com.jayway.jsonpath.internal.JsonContext -- Put path $ key windowsVirtualKeyCode value 110
12:53:15.088 [main] DEBUG com.jayway.jsonpath.internal.path.CompiledPath -- Evaluating path: $
12:53:15.088 [main] DEBUG com.intuit.karate.driver.chrome_1718781787382 -- >> {"id":21,"sessionId":"C948EB84EF55B0DD980335EE566A6085","method":"Input.dispatchKeyEvent","params":{"modifiers":0,"type":"keyUp","text":"n","windowsVirtualKeyCode":110}}
12:53:15.091 [nioEventLoopGroup-11-1] DEBUG com.intuit.karate.driver.chrome_1718781787382 -- << {"id":21,"result":{},"sessionId":"C948EB84EF55B0DD980335EE566A6085"}
12:53:15.091 [nioEventLoopGroup-11-1] DEBUG com.jayway.jsonpath.internal.path.CompiledPath -- Evaluating path: $
12:53:15.092 [main] DEBUG com.jayway.jsonpath.internal.path.CompiledPath -- Evaluating path: $['modifiers']
12:53:15.092 [main] DEBUG com.jayway.jsonpath.internal.path.CompiledPath -- Evaluating path: $
12:53:15.092 [main] DEBUG com.jayway.jsonpath.internal.path.CompiledPath -- Evaluating path: $
12:53:15.092 [main] DEBUG com.jayway.jsonpath.internal.JsonContext -- Put path $ key modifiers value {}
12:53:15.092 [main] DEBUG com.jayway.jsonpath.internal.path.CompiledPath -- Evaluating path: $
12:53:15.092 [main] DEBUG com.jayway.jsonpath.internal.JsonContext -- Put path $ key modifiers value 0
12:53:15.092 [main] DEBUG com.jayway.jsonpath.internal.path.CompiledPath -- Evaluating path: $['type']
12:53:15.092 [main] DEBUG com.jayway.jsonpath.internal.path.CompiledPath -- Evaluating path: $
12:53:15.092 [main] DEBUG com.jayway.jsonpath.internal.path.CompiledPath -- Evaluating path: $
12:53:15.092 [main] DEBUG com.jayway.jsonpath.internal.JsonContext -- Put path $ key type value {}
12:53:15.092 [main] DEBUG com.jayway.jsonpath.internal.path.CompiledPath -- Evaluating path: $
12:53:15.092 [main] DEBUG com.jayway.jsonpath.internal.JsonContext -- Put path $ key type value rawKeyDown
12:53:15.092 [main] DEBUG com.jayway.jsonpath.internal.path.CompiledPath -- Evaluating path: $['text']
12:53:15.092 [main] DEBUG com.jayway.jsonpath.internal.path.CompiledPath -- Evaluating path: $
12:53:15.092 [main] DEBUG com.jayway.jsonpath.internal.path.CompiledPath -- Evaluating path: $
12:53:15.092 [main] DEBUG com.jayway.jsonpath.internal.JsonContext -- Put path $ key text value {}
12:53:15.092 [main] DEBUG com.jayway.jsonpath.internal.path.CompiledPath -- Evaluating path: $
12:53:15.092 [main] DEBUG com.jayway.jsonpath.internal.JsonContext -- Put path $ key text value d
12:53:15.092 [main] DEBUG com.jayway.jsonpath.internal.path.CompiledPath -- Evaluating path: $['windowsVirtualKeyCode']
12:53:15.092 [main] DEBUG com.jayway.jsonpath.internal.path.CompiledPath -- Evaluating path: $
12:53:15.092 [main] DEBUG com.jayway.jsonpath.internal.path.CompiledPath -- Evaluating path: $
12:53:15.092 [main] DEBUG com.jayway.jsonpath.internal.JsonContext -- Put path $ key windowsVirtualKeyCode value {}
12:53:15.092 [main] DEBUG com.jayway.jsonpath.internal.path.CompiledPath -- Evaluating path: $
12:53:15.092 [main] DEBUG com.jayway.jsonpath.internal.JsonContext -- Put path $ key windowsVirtualKeyCode value 100
12:53:15.092 [main] DEBUG com.jayway.jsonpath.internal.path.CompiledPath -- Evaluating path: $
12:53:15.092 [main] DEBUG com.intuit.karate.driver.chrome_1718781787382 -- >> {"id":22,"sessionId":"C948EB84EF55B0DD980335EE566A6085","method":"Input.dispatchKeyEvent","params":{"modifiers":0,"type":"rawKeyDown","text":"d","windowsVirtualKeyCode":100}}
12:53:15.097 [nioEventLoopGroup-11-1] DEBUG com.intuit.karate.driver.chrome_1718781787382 -- << {"id":22,"result":{},"sessionId":"C948EB84EF55B0DD980335EE566A6085"}
12:53:15.097 [nioEventLoopGroup-11-1] DEBUG com.jayway.jsonpath.internal.path.CompiledPath -- Evaluating path: $
12:53:15.097 [main] DEBUG com.jayway.jsonpath.internal.path.CompiledPath -- Evaluating path: $['modifiers']
12:53:15.097 [main] DEBUG com.jayway.jsonpath.internal.path.CompiledPath -- Evaluating path: $
12:53:15.097 [main] DEBUG com.jayway.jsonpath.internal.path.CompiledPath -- Evaluating path: $
12:53:15.097 [main] DEBUG com.jayway.jsonpath.internal.JsonContext -- Put path $ key modifiers value {}
12:53:15.097 [main] DEBUG com.jayway.jsonpath.internal.path.CompiledPath -- Evaluating path: $
12:53:15.097 [main] DEBUG com.jayway.jsonpath.internal.JsonContext -- Put path $ key modifiers value 0
12:53:15.097 [main] DEBUG com.jayway.jsonpath.internal.path.CompiledPath -- Evaluating path: $['type']
12:53:15.097 [main] DEBUG com.jayway.jsonpath.internal.path.CompiledPath -- Evaluating path: $
12:53:15.097 [main] DEBUG com.jayway.jsonpath.internal.path.CompiledPath -- Evaluating path: $
12:53:15.097 [main] DEBUG com.jayway.jsonpath.internal.JsonContext -- Put path $ key type value {}
12:53:15.097 [main] DEBUG com.jayway.jsonpath.internal.path.CompiledPath -- Evaluating path: $
12:53:15.097 [main] DEBUG com.jayway.jsonpath.internal.JsonContext -- Put path $ key type value char
12:53:15.097 [main] DEBUG com.jayway.jsonpath.internal.path.CompiledPath -- Evaluating path: $['text']
12:53:15.097 [main] DEBUG com.jayway.jsonpath.internal.path.CompiledPath -- Evaluating path: $
12:53:15.097 [main] DEBUG com.jayway.jsonpath.internal.path.CompiledPath -- Evaluating path: $
12:53:15.097 [main] DEBUG com.jayway.jsonpath.internal.JsonContext -- Put path $ key text value {}
12:53:15.097 [main] DEBUG com.jayway.jsonpath.internal.path.CompiledPath -- Evaluating path: $
12:53:15.097 [main] DEBUG com.jayway.jsonpath.internal.JsonContext -- Put path $ key text value d
12:53:15.097 [main] DEBUG com.jayway.jsonpath.internal.path.CompiledPath -- Evaluating path: $['windowsVirtualKeyCode']
12:53:15.097 [main] DEBUG com.jayway.jsonpath.internal.path.CompiledPath -- Evaluating path: $
12:53:15.097 [main] DEBUG com.jayway.jsonpath.internal.path.CompiledPath -- Evaluating path: $
12:53:15.097 [main] DEBUG com.jayway.jsonpath.internal.JsonContext -- Put path $ key windowsVirtualKeyCode value {}
12:53:15.097 [main] DEBUG com.jayway.jsonpath.internal.path.CompiledPath -- Evaluating path: $
12:53:15.097 [main] DEBUG com.jayway.jsonpath.internal.JsonContext -- Put path $ key windowsVirtualKeyCode value 100
12:53:15.097 [main] DEBUG com.jayway.jsonpath.internal.path.CompiledPath -- Evaluating path: $
12:53:15.097 [main] DEBUG com.intuit.karate.driver.chrome_1718781787382 -- >> {"id":23,"sessionId":"C948EB84EF55B0DD980335EE566A6085","method":"Input.dispatchKeyEvent","params":{"modifiers":0,"type":"char","text":"d","windowsVirtualKeyCode":100}}
12:53:15.195 [nioEventLoopGroup-11-1] DEBUG com.intuit.karate.driver.chrome_1718781787382 -- << {"id":23,"result":{},"sessionId":"C948EB84EF55B0DD980335EE566A6085"}
12:53:15.195 [nioEventLoopGroup-11-1] DEBUG com.jayway.jsonpath.internal.path.CompiledPath -- Evaluating path: $
12:53:15.195 [main] DEBUG com.jayway.jsonpath.internal.path.CompiledPath -- Evaluating path: $['modifiers']
12:53:15.195 [main] DEBUG com.jayway.jsonpath.internal.path.CompiledPath -- Evaluating path: $
12:53:15.195 [main] DEBUG com.jayway.jsonpath.internal.path.CompiledPath -- Evaluating path: $
12:53:15.195 [main] DEBUG com.jayway.jsonpath.internal.JsonContext -- Put path $ key modifiers value {}
12:53:15.195 [main] DEBUG com.jayway.jsonpath.internal.path.CompiledPath -- Evaluating path: $
12:53:15.195 [main] DEBUG com.jayway.jsonpath.internal.JsonContext -- Put path $ key modifiers value 0
12:53:15.195 [main] DEBUG com.jayway.jsonpath.internal.path.CompiledPath -- Evaluating path: $['type']
12:53:15.195 [main] DEBUG com.jayway.jsonpath.internal.path.CompiledPath -- Evaluating path: $
12:53:15.195 [main] DEBUG com.jayway.jsonpath.internal.path.CompiledPath -- Evaluating path: $
12:53:15.195 [main] DEBUG com.jayway.jsonpath.internal.JsonContext -- Put path $ key type value {}
12:53:15.195 [main] DEBUG com.jayway.jsonpath.internal.path.CompiledPath -- Evaluating path: $
12:53:15.195 [main] DEBUG com.jayway.jsonpath.internal.JsonContext -- Put path $ key type value keyUp
12:53:15.195 [main] DEBUG com.jayway.jsonpath.internal.path.CompiledPath -- Evaluating path: $['text']
12:53:15.195 [main] DEBUG com.jayway.jsonpath.internal.path.CompiledPath -- Evaluating path: $
12:53:15.195 [main] DEBUG com.jayway.jsonpath.internal.path.CompiledPath -- Evaluating path: $
12:53:15.195 [main] DEBUG com.jayway.jsonpath.internal.JsonContext -- Put path $ key text value {}
12:53:15.195 [main] DEBUG com.jayway.jsonpath.internal.path.CompiledPath -- Evaluating path: $
12:53:15.195 [main] DEBUG com.jayway.jsonpath.internal.JsonContext -- Put path $ key text value d
12:53:15.195 [main] DEBUG com.jayway.jsonpath.internal.path.CompiledPath -- Evaluating path: $['windowsVirtualKeyCode']
12:53:15.195 [main] DEBUG com.jayway.jsonpath.internal.path.CompiledPath -- Evaluating path: $
12:53:15.195 [main] DEBUG com.jayway.jsonpath.internal.path.CompiledPath -- Evaluating path: $
12:53:15.195 [main] DEBUG com.jayway.jsonpath.internal.JsonContext -- Put path $ key windowsVirtualKeyCode value {}
12:53:15.195 [main] DEBUG com.jayway.jsonpath.internal.path.CompiledPath -- Evaluating path: $
12:53:15.195 [main] DEBUG com.jayway.jsonpath.internal.JsonContext -- Put path $ key windowsVirtualKeyCode value 100
12:53:15.195 [main] DEBUG com.jayway.jsonpath.internal.path.CompiledPath -- Evaluating path: $
12:53:15.195 [main] DEBUG com.intuit.karate.driver.chrome_1718781787382 -- >> {"id":24,"sessionId":"C948EB84EF55B0DD980335EE566A6085","method":"Input.dispatchKeyEvent","params":{"modifiers":0,"type":"keyUp","text":"d","windowsVirtualKeyCode":100}}
12:53:15.207 [nioEventLoopGroup-11-1] DEBUG com.intuit.karate.driver.chrome_1718781787382 -- << {"id":24,"result":{},"sessionId":"C948EB84EF55B0DD980335EE566A6085"}
12:53:15.207 [nioEventLoopGroup-11-1] DEBUG com.jayway.jsonpath.internal.path.CompiledPath -- Evaluating path: $
12:53:15.207 [main] DEBUG com.jayway.jsonpath.internal.path.CompiledPath -- Evaluating path: $['modifiers']
12:53:15.207 [main] DEBUG com.jayway.jsonpath.internal.path.CompiledPath -- Evaluating path: $
12:53:15.207 [main] DEBUG com.jayway.jsonpath.internal.path.CompiledPath -- Evaluating path: $
12:53:15.207 [main] DEBUG com.jayway.jsonpath.internal.JsonContext -- Put path $ key modifiers value {}
12:53:15.207 [main] DEBUG com.jayway.jsonpath.internal.path.CompiledPath -- Evaluating path: $
12:53:15.207 [main] DEBUG com.jayway.jsonpath.internal.JsonContext -- Put path $ key modifiers value 0
12:53:15.207 [main] DEBUG com.jayway.jsonpath.internal.path.CompiledPath -- Evaluating path: $['type']
12:53:15.207 [main] DEBUG com.jayway.jsonpath.internal.path.CompiledPath -- Evaluating path: $
12:53:15.207 [main] DEBUG com.jayway.jsonpath.internal.path.CompiledPath -- Evaluating path: $
12:53:15.207 [main] DEBUG com.jayway.jsonpath.internal.JsonContext -- Put path $ key type value {}
12:53:15.207 [main] DEBUG com.jayway.jsonpath.internal.path.CompiledPath -- Evaluating path: $
12:53:15.207 [main] DEBUG com.jayway.jsonpath.internal.JsonContext -- Put path $ key type value rawKeyDown
12:53:15.207 [main] DEBUG com.jayway.jsonpath.internal.path.CompiledPath -- Evaluating path: $['text']
12:53:15.207 [main] DEBUG com.jayway.jsonpath.internal.path.CompiledPath -- Evaluating path: $
12:53:15.207 [main] DEBUG com.jayway.jsonpath.internal.path.CompiledPath -- Evaluating path: $
12:53:15.207 [main] DEBUG com.jayway.jsonpath.internal.JsonContext -- Put path $ key text value {}
12:53:15.207 [main] DEBUG com.jayway.jsonpath.internal.path.CompiledPath -- Evaluating path: $
12:53:15.207 [main] DEBUG com.jayway.jsonpath.internal.JsonContext -- Put path $ key text value a
12:53:15.207 [main] DEBUG com.jayway.jsonpath.internal.path.CompiledPath -- Evaluating path: $['windowsVirtualKeyCode']
12:53:15.207 [main] DEBUG com.jayway.jsonpath.internal.path.CompiledPath -- Evaluating path: $
12:53:15.207 [main] DEBUG com.jayway.jsonpath.internal.path.CompiledPath -- Evaluating path: $
12:53:15.207 [main] DEBUG com.jayway.jsonpath.internal.JsonContext -- Put path $ key windowsVirtualKeyCode value {}
12:53:15.207 [main] DEBUG com.jayway.jsonpath.internal.path.CompiledPath -- Evaluating path: $
12:53:15.207 [main] DEBUG com.jayway.jsonpath.internal.JsonContext -- Put path $ key windowsVirtualKeyCode value 97
12:53:15.207 [main] DEBUG com.jayway.jsonpath.internal.path.CompiledPath -- Evaluating path: $
12:53:15.207 [main] DEBUG com.intuit.karate.driver.chrome_1718781787382 -- >> {"id":25,"sessionId":"C948EB84EF55B0DD980335EE566A6085","method":"Input.dispatchKeyEvent","params":{"modifiers":0,"type":"rawKeyDown","text":"a","windowsVirtualKeyCode":97}}
12:53:15.210 [nioEventLoopGroup-11-1] DEBUG com.intuit.karate.driver.chrome_1718781787382 -- << {"id":25,"result":{},"sessionId":"C948EB84EF55B0DD980335EE566A6085"}
12:53:15.210 [nioEventLoopGroup-11-1] DEBUG com.jayway.jsonpath.internal.path.CompiledPath -- Evaluating path: $
12:53:15.210 [main] DEBUG com.jayway.jsonpath.internal.path.CompiledPath -- Evaluating path: $['modifiers']
12:53:15.210 [main] DEBUG com.jayway.jsonpath.internal.path.CompiledPath -- Evaluating path: $
12:53:15.210 [main] DEBUG com.jayway.jsonpath.internal.path.CompiledPath -- Evaluating path: $
12:53:15.210 [main] DEBUG com.jayway.jsonpath.internal.JsonContext -- Put path $ key modifiers value {}
12:53:15.210 [main] DEBUG com.jayway.jsonpath.internal.path.CompiledPath -- Evaluating path: $
12:53:15.210 [main] DEBUG com.jayway.jsonpath.internal.JsonContext -- Put path $ key modifiers value 0
12:53:15.210 [main] DEBUG com.jayway.jsonpath.internal.path.CompiledPath -- Evaluating path: $['type']
12:53:15.210 [main] DEBUG com.jayway.jsonpath.internal.path.CompiledPath -- Evaluating path: $
12:53:15.210 [main] DEBUG com.jayway.jsonpath.internal.path.CompiledPath -- Evaluating path: $
12:53:15.210 [main] DEBUG com.jayway.jsonpath.internal.JsonContext -- Put path $ key type value {}
12:53:15.210 [main] DEBUG com.jayway.jsonpath.internal.path.CompiledPath -- Evaluating path: $
12:53:15.210 [main] DEBUG com.jayway.jsonpath.internal.JsonContext -- Put path $ key type value char
12:53:15.210 [main] DEBUG com.jayway.jsonpath.internal.path.CompiledPath -- Evaluating path: $['text']
12:53:15.210 [main] DEBUG com.jayway.jsonpath.internal.path.CompiledPath -- Evaluating path: $
12:53:15.210 [main] DEBUG com.jayway.jsonpath.internal.path.CompiledPath -- Evaluating path: $
12:53:15.210 [main] DEBUG com.jayway.jsonpath.internal.JsonContext -- Put path $ key text value {}
12:53:15.210 [main] DEBUG com.jayway.jsonpath.internal.path.CompiledPath -- Evaluating path: $
12:53:15.210 [main] DEBUG com.jayway.jsonpath.internal.JsonContext -- Put path $ key text value a
12:53:15.210 [main] DEBUG com.jayway.jsonpath.internal.path.CompiledPath -- Evaluating path: $['windowsVirtualKeyCode']
12:53:15.210 [main] DEBUG com.jayway.jsonpath.internal.path.CompiledPath -- Evaluating path: $
12:53:15.210 [main] DEBUG com.jayway.jsonpath.internal.path.CompiledPath -- Evaluating path: $
12:53:15.210 [main] DEBUG com.jayway.jsonpath.internal.JsonContext -- Put path $ key windowsVirtualKeyCode value {}
12:53:15.210 [main] DEBUG com.jayway.jsonpath.internal.path.CompiledPath -- Evaluating path: $
12:53:15.210 [main] DEBUG com.jayway.jsonpath.internal.JsonContext -- Put path $ key windowsVirtualKeyCode value 97
12:53:15.210 [main] DEBUG com.jayway.jsonpath.internal.path.CompiledPath -- Evaluating path: $
12:53:15.210 [main] DEBUG com.intuit.karate.driver.chrome_1718781787382 -- >> {"id":26,"sessionId":"C948EB84EF55B0DD980335EE566A6085","method":"Input.dispatchKeyEvent","params":{"modifiers":0,"type":"char","text":"a","windowsVirtualKeyCode":97}}
12:53:15.224 [nioEventLoopGroup-11-1] DEBUG com.intuit.karate.driver.chrome_1718781787382 -- << {"id":26,"result":{},"sessionId":"C948EB84EF55B0DD980335EE566A6085"}
12:53:15.225 [nioEventLoopGroup-11-1] DEBUG com.jayway.jsonpath.internal.path.CompiledPath -- Evaluating path: $
12:53:15.225 [main] DEBUG com.jayway.jsonpath.internal.path.CompiledPath -- Evaluating path: $['modifiers']
12:53:15.225 [main] DEBUG com.jayway.jsonpath.internal.path.CompiledPath -- Evaluating path: $
12:53:15.225 [main] DEBUG com.jayway.jsonpath.internal.path.CompiledPath -- Evaluating path: $
12:53:15.225 [main] DEBUG com.jayway.jsonpath.internal.JsonContext -- Put path $ key modifiers value {}
12:53:15.225 [main] DEBUG com.jayway.jsonpath.internal.path.CompiledPath -- Evaluating path: $
12:53:15.225 [main] DEBUG com.jayway.jsonpath.internal.JsonContext -- Put path $ key modifiers value 0
12:53:15.225 [main] DEBUG com.jayway.jsonpath.internal.path.CompiledPath -- Evaluating path: $['type']
12:53:15.225 [main] DEBUG com.jayway.jsonpath.internal.path.CompiledPath -- Evaluating path: $
12:53:15.225 [main] DEBUG com.jayway.jsonpath.internal.path.CompiledPath -- Evaluating path: $
12:53:15.225 [main] DEBUG com.jayway.jsonpath.internal.JsonContext -- Put path $ key type value {}
12:53:15.225 [main] DEBUG com.jayway.jsonpath.internal.path.CompiledPath -- Evaluating path: $
12:53:15.225 [main] DEBUG com.jayway.jsonpath.internal.JsonContext -- Put path $ key type value keyUp
12:53:15.225 [main] DEBUG com.jayway.jsonpath.internal.path.CompiledPath -- Evaluating path: $['text']
12:53:15.225 [main] DEBUG com.jayway.jsonpath.internal.path.CompiledPath -- Evaluating path: $
12:53:15.225 [main] DEBUG com.jayway.jsonpath.internal.path.CompiledPath -- Evaluating path: $
12:53:15.225 [main] DEBUG com.jayway.jsonpath.internal.JsonContext -- Put path $ key text value {}
12:53:15.225 [main] DEBUG com.jayway.jsonpath.internal.path.CompiledPath -- Evaluating path: $
12:53:15.225 [main] DEBUG com.jayway.jsonpath.internal.JsonContext -- Put path $ key text value a
12:53:15.225 [main] DEBUG com.jayway.jsonpath.internal.path.CompiledPath -- Evaluating path: $['windowsVirtualKeyCode']
12:53:15.225 [main] DEBUG com.jayway.jsonpath.internal.path.CompiledPath -- Evaluating path: $
12:53:15.225 [main] DEBUG com.jayway.jsonpath.internal.path.CompiledPath -- Evaluating path: $
12:53:15.225 [main] DEBUG com.jayway.jsonpath.internal.JsonContext -- Put path $ key windowsVirtualKeyCode value {}
12:53:15.225 [main] DEBUG com.jayway.jsonpath.internal.path.CompiledPath -- Evaluating path: $
12:53:15.225 [main] DEBUG com.jayway.jsonpath.internal.JsonContext -- Put path $ key windowsVirtualKeyCode value 97
12:53:15.225 [main] DEBUG com.jayway.jsonpath.internal.path.CompiledPath -- Evaluating path: $
12:53:15.225 [main] DEBUG com.intuit.karate.driver.chrome_1718781787382 -- >> {"id":27,"sessionId":"C948EB84EF55B0DD980335EE566A6085","method":"Input.dispatchKeyEvent","params":{"modifiers":0,"type":"keyUp","text":"a","windowsVirtualKeyCode":97}}
12:53:15.229 [nioEventLoopGroup-11-1] DEBUG com.intuit.karate.driver.chrome_1718781787382 -- << {"id":27,"result":{},"sessionId":"C948EB84EF55B0DD980335EE566A6085"}
12:53:15.229 [nioEventLoopGroup-11-1] DEBUG com.jayway.jsonpath.internal.path.CompiledPath -- Evaluating path: $
12:53:15.230 [main] DEBUG com.jayway.jsonpath.internal.path.CompiledPath -- Evaluating path: $['modifiers']
12:53:15.230 [main] DEBUG com.jayway.jsonpath.internal.path.CompiledPath -- Evaluating path: $
12:53:15.230 [main] DEBUG com.jayway.jsonpath.internal.path.CompiledPath -- Evaluating path: $
12:53:15.230 [main] DEBUG com.jayway.jsonpath.internal.JsonContext -- Put path $ key modifiers value {}
12:53:15.230 [main] DEBUG com.jayway.jsonpath.internal.path.CompiledPath -- Evaluating path: $
12:53:15.230 [main] DEBUG com.jayway.jsonpath.internal.JsonContext -- Put path $ key modifiers value 0
12:53:15.230 [main] DEBUG com.jayway.jsonpath.internal.path.CompiledPath -- Evaluating path: $['type']
12:53:15.230 [main] DEBUG com.jayway.jsonpath.internal.path.CompiledPath -- Evaluating path: $
12:53:15.230 [main] DEBUG com.jayway.jsonpath.internal.path.CompiledPath -- Evaluating path: $
12:53:15.230 [main] DEBUG com.jayway.jsonpath.internal.JsonContext -- Put path $ key type value {}
12:53:15.230 [main] DEBUG com.jayway.jsonpath.internal.path.CompiledPath -- Evaluating path: $
12:53:15.230 [main] DEBUG com.jayway.jsonpath.internal.JsonContext -- Put path $ key type value rawKeyDown
12:53:15.230 [main] DEBUG com.jayway.jsonpath.internal.path.CompiledPath -- Evaluating path: $['text']
12:53:15.230 [main] DEBUG com.jayway.jsonpath.internal.path.CompiledPath -- Evaluating path: $
12:53:15.230 [main] DEBUG com.jayway.jsonpath.internal.path.CompiledPath -- Evaluating path: $
12:53:15.230 [main] DEBUG com.jayway.jsonpath.internal.JsonContext -- Put path $ key text value {}
12:53:15.230 [main] DEBUG com.jayway.jsonpath.internal.path.CompiledPath -- Evaluating path: $
12:53:15.230 [main] DEBUG com.jayway.jsonpath.internal.JsonContext -- Put path $ key text value r
12:53:15.230 [main] DEBUG com.jayway.jsonpath.internal.path.CompiledPath -- Evaluating path: $['windowsVirtualKeyCode']
12:53:15.230 [main] DEBUG com.jayway.jsonpath.internal.path.CompiledPath -- Evaluating path: $
12:53:15.230 [main] DEBUG com.jayway.jsonpath.internal.path.CompiledPath -- Evaluating path: $
12:53:15.230 [main] DEBUG com.jayway.jsonpath.internal.JsonContext -- Put path $ key windowsVirtualKeyCode value {}
12:53:15.230 [main] DEBUG com.jayway.jsonpath.internal.path.CompiledPath -- Evaluating path: $
12:53:15.230 [main] DEBUG com.jayway.jsonpath.internal.JsonContext -- Put path $ key windowsVirtualKeyCode value 114
12:53:15.230 [main] DEBUG com.jayway.jsonpath.internal.path.CompiledPath -- Evaluating path: $
12:53:15.230 [main] DEBUG com.intuit.karate.driver.chrome_1718781787382 -- >> {"id":28,"sessionId":"C948EB84EF55B0DD980335EE566A6085","method":"Input.dispatchKeyEvent","params":{"modifiers":0,"type":"rawKeyDown","text":"r","windowsVirtualKeyCode":114}}
12:53:15.233 [nioEventLoopGroup-11-1] DEBUG com.intuit.karate.driver.chrome_1718781787382 -- << {"id":28,"result":{},"sessionId":"C948EB84EF55B0DD980335EE566A6085"}
12:53:15.233 [nioEventLoopGroup-11-1] DEBUG com.jayway.jsonpath.internal.path.CompiledPath -- Evaluating path: $
12:53:15.233 [main] DEBUG com.jayway.jsonpath.internal.path.CompiledPath -- Evaluating path: $['modifiers']
12:53:15.233 [main] DEBUG com.jayway.jsonpath.internal.path.CompiledPath -- Evaluating path: $
12:53:15.233 [main] DEBUG com.jayway.jsonpath.internal.path.CompiledPath -- Evaluating path: $
12:53:15.233 [main] DEBUG com.jayway.jsonpath.internal.JsonContext -- Put path $ key modifiers value {}
12:53:15.233 [main] DEBUG com.jayway.jsonpath.internal.path.CompiledPath -- Evaluating path: $
12:53:15.233 [main] DEBUG com.jayway.jsonpath.internal.JsonContext -- Put path $ key modifiers value 0
12:53:15.233 [main] DEBUG com.jayway.jsonpath.internal.path.CompiledPath -- Evaluating path: $['type']
12:53:15.233 [main] DEBUG com.jayway.jsonpath.internal.path.CompiledPath -- Evaluating path: $
12:53:15.233 [main] DEBUG com.jayway.jsonpath.internal.path.CompiledPath -- Evaluating path: $
12:53:15.233 [main] DEBUG com.jayway.jsonpath.internal.JsonContext -- Put path $ key type value {}
12:53:15.233 [main] DEBUG com.jayway.jsonpath.internal.path.CompiledPath -- Evaluating path: $
12:53:15.233 [main] DEBUG com.jayway.jsonpath.internal.JsonContext -- Put path $ key type value char
12:53:15.233 [main] DEBUG com.jayway.jsonpath.internal.path.CompiledPath -- Evaluating path: $['text']
12:53:15.233 [main] DEBUG com.jayway.jsonpath.internal.path.CompiledPath -- Evaluating path: $
12:53:15.233 [main] DEBUG com.jayway.jsonpath.internal.path.CompiledPath -- Evaluating path: $
12:53:15.233 [main] DEBUG com.jayway.jsonpath.internal.JsonContext -- Put path $ key text value {}
12:53:15.233 [main] DEBUG com.jayway.jsonpath.internal.path.CompiledPath -- Evaluating path: $
12:53:15.233 [main] DEBUG com.jayway.jsonpath.internal.JsonContext -- Put path $ key text value r
12:53:15.233 [main] DEBUG com.jayway.jsonpath.internal.path.CompiledPath -- Evaluating path: $['windowsVirtualKeyCode']
12:53:15.233 [main] DEBUG com.jayway.jsonpath.internal.path.CompiledPath -- Evaluating path: $
12:53:15.233 [main] DEBUG com.jayway.jsonpath.internal.path.CompiledPath -- Evaluating path: $
12:53:15.233 [main] DEBUG com.jayway.jsonpath.internal.JsonContext -- Put path $ key windowsVirtualKeyCode value {}
12:53:15.233 [main] DEBUG com.jayway.jsonpath.internal.path.CompiledPath -- Evaluating path: $
12:53:15.233 [main] DEBUG com.jayway.jsonpath.internal.JsonContext -- Put path $ key windowsVirtualKeyCode value 114
12:53:15.233 [main] DEBUG com.jayway.jsonpath.internal.path.CompiledPath -- Evaluating path: $
12:53:15.233 [main] DEBUG com.intuit.karate.driver.chrome_1718781787382 -- >> {"id":29,"sessionId":"C948EB84EF55B0DD980335EE566A6085","method":"Input.dispatchKeyEvent","params":{"modifiers":0,"type":"char","text":"r","windowsVirtualKeyCode":114}}
12:53:15.881 [nioEventLoopGroup-11-1] DEBUG com.intuit.karate.driver.chrome_1718781787382 -- << {"id":29,"result":{},"sessionId":"C948EB84EF55B0DD980335EE566A6085"}
12:53:15.882 [nioEventLoopGroup-11-1] DEBUG com.jayway.jsonpath.internal.path.CompiledPath -- Evaluating path: $
12:53:15.882 [main] DEBUG com.jayway.jsonpath.internal.path.CompiledPath -- Evaluating path: $['modifiers']
12:53:15.882 [main] DEBUG com.jayway.jsonpath.internal.path.CompiledPath -- Evaluating path: $
12:53:15.882 [main] DEBUG com.jayway.jsonpath.internal.path.CompiledPath -- Evaluating path: $
12:53:15.882 [main] DEBUG com.jayway.jsonpath.internal.JsonContext -- Put path $ key modifiers value {}
12:53:15.882 [main] DEBUG com.jayway.jsonpath.internal.path.CompiledPath -- Evaluating path: $
12:53:15.882 [main] DEBUG com.jayway.jsonpath.internal.JsonContext -- Put path $ key modifiers value 0
12:53:15.882 [main] DEBUG com.jayway.jsonpath.internal.path.CompiledPath -- Evaluating path: $['type']
12:53:15.882 [main] DEBUG com.jayway.jsonpath.internal.path.CompiledPath -- Evaluating path: $
12:53:15.882 [main] DEBUG com.jayway.jsonpath.internal.path.CompiledPath -- Evaluating path: $
12:53:15.882 [main] DEBUG com.jayway.jsonpath.internal.JsonContext -- Put path $ key type value {}
12:53:15.882 [main] DEBUG com.jayway.jsonpath.internal.path.CompiledPath -- Evaluating path: $
12:53:15.882 [main] DEBUG com.jayway.jsonpath.internal.JsonContext -- Put path $ key type value keyUp
12:53:15.882 [main] DEBUG com.jayway.jsonpath.internal.path.CompiledPath -- Evaluating path: $['text']
12:53:15.882 [main] DEBUG com.jayway.jsonpath.internal.path.CompiledPath -- Evaluating path: $
12:53:15.882 [main] DEBUG com.jayway.jsonpath.internal.path.CompiledPath -- Evaluating path: $
12:53:15.882 [main] DEBUG com.jayway.jsonpath.internal.JsonContext -- Put path $ key text value {}
12:53:15.882 [main] DEBUG com.jayway.jsonpath.internal.path.CompiledPath -- Evaluating path: $
12:53:15.882 [main] DEBUG com.jayway.jsonpath.internal.JsonContext -- Put path $ key text value r
12:53:15.882 [main] DEBUG com.jayway.jsonpath.internal.path.CompiledPath -- Evaluating path: $['windowsVirtualKeyCode']
12:53:15.882 [main] DEBUG com.jayway.jsonpath.internal.path.CompiledPath -- Evaluating path: $
12:53:15.882 [main] DEBUG com.jayway.jsonpath.internal.path.CompiledPath -- Evaluating path: $
12:53:15.882 [main] DEBUG com.jayway.jsonpath.internal.JsonContext -- Put path $ key windowsVirtualKeyCode value {}
12:53:15.882 [main] DEBUG com.jayway.jsonpath.internal.path.CompiledPath -- Evaluating path: $
12:53:15.882 [main] DEBUG com.jayway.jsonpath.internal.JsonContext -- Put path $ key windowsVirtualKeyCode value 114
12:53:15.882 [main] DEBUG com.jayway.jsonpath.internal.path.CompiledPath -- Evaluating path: $
12:53:15.882 [main] DEBUG com.intuit.karate.driver.chrome_1718781787382 -- >> {"id":30,"sessionId":"C948EB84EF55B0DD980335EE566A6085","method":"Input.dispatchKeyEvent","params":{"modifiers":0,"type":"keyUp","text":"r","windowsVirtualKeyCode":114}}
12:53:16.006 [nioEventLoopGroup-11-1] DEBUG com.intuit.karate.driver.chrome_1718781787382 -- << {"id":30,"result":{},"sessionId":"C948EB84EF55B0DD980335EE566A6085"}
12:53:16.006 [nioEventLoopGroup-11-1] DEBUG com.jayway.jsonpath.internal.path.CompiledPath -- Evaluating path: $
12:53:16.006 [main] DEBUG com.jayway.jsonpath.internal.path.CompiledPath -- Evaluating path: $['modifiers']
12:53:16.006 [main] DEBUG com.jayway.jsonpath.internal.path.CompiledPath -- Evaluating path: $
12:53:16.006 [main] DEBUG com.jayway.jsonpath.internal.path.CompiledPath -- Evaluating path: $
12:53:16.006 [main] DEBUG com.jayway.jsonpath.internal.JsonContext -- Put path $ key modifiers value {}
12:53:16.006 [main] DEBUG com.jayway.jsonpath.internal.path.CompiledPath -- Evaluating path: $
12:53:16.006 [main] DEBUG com.jayway.jsonpath.internal.JsonContext -- Put path $ key modifiers value 0
12:53:16.006 [main] DEBUG com.jayway.jsonpath.internal.path.CompiledPath -- Evaluating path: $['type']
12:53:16.006 [main] DEBUG com.jayway.jsonpath.internal.path.CompiledPath -- Evaluating path: $
12:53:16.006 [main] DEBUG com.jayway.jsonpath.internal.path.CompiledPath -- Evaluating path: $
12:53:16.006 [main] DEBUG com.jayway.jsonpath.internal.JsonContext -- Put path $ key type value {}
12:53:16.006 [main] DEBUG com.jayway.jsonpath.internal.path.CompiledPath -- Evaluating path: $
12:53:16.006 [main] DEBUG com.jayway.jsonpath.internal.JsonContext -- Put path $ key type value rawKeyDown
12:53:16.006 [main] DEBUG com.jayway.jsonpath.internal.path.CompiledPath -- Evaluating path: $['text']
12:53:16.006 [main] DEBUG com.jayway.jsonpath.internal.path.CompiledPath -- Evaluating path: $
12:53:16.006 [main] DEBUG com.jayway.jsonpath.internal.path.CompiledPath -- Evaluating path: $
12:53:16.006 [main] DEBUG com.jayway.jsonpath.internal.JsonContext -- Put path $ key text value {}
12:53:16.006 [main] DEBUG com.jayway.jsonpath.internal.path.CompiledPath -- Evaluating path: $
12:53:16.006 [main] DEBUG com.jayway.jsonpath.internal.JsonContext -- Put path $ key text value d
12:53:16.006 [main] DEBUG com.jayway.jsonpath.internal.path.CompiledPath -- Evaluating path: $['windowsVirtualKeyCode']
12:53:16.006 [main] DEBUG com.jayway.jsonpath.internal.path.CompiledPath -- Evaluating path: $
12:53:16.006 [main] DEBUG com.jayway.jsonpath.internal.path.CompiledPath -- Evaluating path: $
12:53:16.006 [main] DEBUG com.jayway.jsonpath.internal.JsonContext -- Put path $ key windowsVirtualKeyCode value {}
12:53:16.006 [main] DEBUG com.jayway.jsonpath.internal.path.CompiledPath -- Evaluating path: $
12:53:16.006 [main] DEBUG com.jayway.jsonpath.internal.JsonContext -- Put path $ key windowsVirtualKeyCode value 100
12:53:16.006 [main] DEBUG com.jayway.jsonpath.internal.path.CompiledPath -- Evaluating path: $
12:53:16.006 [main] DEBUG com.intuit.karate.driver.chrome_1718781787382 -- >> {"id":31,"sessionId":"C948EB84EF55B0DD980335EE566A6085","method":"Input.dispatchKeyEvent","params":{"modifiers":0,"type":"rawKeyDown","text":"d","windowsVirtualKeyCode":100}}
12:53:16.008 [nioEventLoopGroup-11-1] DEBUG com.intuit.karate.driver.chrome_1718781787382 -- << {"id":31,"result":{},"sessionId":"C948EB84EF55B0DD980335EE566A6085"}
12:53:16.008 [nioEventLoopGroup-11-1] DEBUG com.jayway.jsonpath.internal.path.CompiledPath -- Evaluating path: $
12:53:16.008 [main] DEBUG com.jayway.jsonpath.internal.path.CompiledPath -- Evaluating path: $['modifiers']
12:53:16.008 [main] DEBUG com.jayway.jsonpath.internal.path.CompiledPath -- Evaluating path: $
12:53:16.008 [main] DEBUG com.jayway.jsonpath.internal.path.CompiledPath -- Evaluating path: $
12:53:16.008 [main] DEBUG com.jayway.jsonpath.internal.JsonContext -- Put path $ key modifiers value {}
12:53:16.008 [main] DEBUG com.jayway.jsonpath.internal.path.CompiledPath -- Evaluating path: $
12:53:16.008 [main] DEBUG com.jayway.jsonpath.internal.JsonContext -- Put path $ key modifiers value 0
12:53:16.008 [main] DEBUG com.jayway.jsonpath.internal.path.CompiledPath -- Evaluating path: $['type']
12:53:16.008 [main] DEBUG com.jayway.jsonpath.internal.path.CompiledPath -- Evaluating path: $
12:53:16.008 [main] DEBUG com.jayway.jsonpath.internal.path.CompiledPath -- Evaluating path: $
12:53:16.008 [main] DEBUG com.jayway.jsonpath.internal.JsonContext -- Put path $ key type value {}
12:53:16.008 [main] DEBUG com.jayway.jsonpath.internal.path.CompiledPath -- Evaluating path: $
12:53:16.008 [main] DEBUG com.jayway.jsonpath.internal.JsonContext -- Put path $ key type value char
12:53:16.008 [main] DEBUG com.jayway.jsonpath.internal.path.CompiledPath -- Evaluating path: $['text']
12:53:16.008 [main] DEBUG com.jayway.jsonpath.internal.path.CompiledPath -- Evaluating path: $
12:53:16.008 [main] DEBUG com.jayway.jsonpath.internal.path.CompiledPath -- Evaluating path: $
12:53:16.008 [main] DEBUG com.jayway.jsonpath.internal.JsonContext -- Put path $ key text value {}
12:53:16.008 [main] DEBUG com.jayway.jsonpath.internal.path.CompiledPath -- Evaluating path: $
12:53:16.008 [main] DEBUG com.jayway.jsonpath.internal.JsonContext -- Put path $ key text value d
12:53:16.008 [main] DEBUG com.jayway.jsonpath.internal.path.CompiledPath -- Evaluating path: $['windowsVirtualKeyCode']
12:53:16.008 [main] DEBUG com.jayway.jsonpath.internal.path.CompiledPath -- Evaluating path: $
12:53:16.008 [main] DEBUG com.jayway.jsonpath.internal.path.CompiledPath -- Evaluating path: $
12:53:16.008 [main] DEBUG com.jayway.jsonpath.internal.JsonContext -- Put path $ key windowsVirtualKeyCode value {}
12:53:16.008 [main] DEBUG com.jayway.jsonpath.internal.path.CompiledPath -- Evaluating path: $
12:53:16.008 [main] DEBUG com.jayway.jsonpath.internal.JsonContext -- Put path $ key windowsVirtualKeyCode value 100
12:53:16.008 [main] DEBUG com.jayway.jsonpath.internal.path.CompiledPath -- Evaluating path: $
12:53:16.008 [main] DEBUG com.intuit.karate.driver.chrome_1718781787382 -- >> {"id":32,"sessionId":"C948EB84EF55B0DD980335EE566A6085","method":"Input.dispatchKeyEvent","params":{"modifiers":0,"type":"char","text":"d","windowsVirtualKeyCode":100}}
12:53:16.014 [nioEventLoopGroup-11-1] DEBUG com.intuit.karate.driver.chrome_1718781787382 -- << {"id":32,"result":{},"sessionId":"C948EB84EF55B0DD980335EE566A6085"}
12:53:16.014 [nioEventLoopGroup-11-1] DEBUG com.jayway.jsonpath.internal.path.CompiledPath -- Evaluating path: $
12:53:16.014 [main] DEBUG com.jayway.jsonpath.internal.path.CompiledPath -- Evaluating path: $['modifiers']
12:53:16.014 [main] DEBUG com.jayway.jsonpath.internal.path.CompiledPath -- Evaluating path: $
12:53:16.014 [main] DEBUG com.jayway.jsonpath.internal.path.CompiledPath -- Evaluating path: $
12:53:16.014 [main] DEBUG com.jayway.jsonpath.internal.JsonContext -- Put path $ key modifiers value {}
12:53:16.014 [main] DEBUG com.jayway.jsonpath.internal.path.CompiledPath -- Evaluating path: $
12:53:16.014 [main] DEBUG com.jayway.jsonpath.internal.JsonContext -- Put path $ key modifiers value 0
12:53:16.014 [main] DEBUG com.jayway.jsonpath.internal.path.CompiledPath -- Evaluating path: $['type']
12:53:16.014 [main] DEBUG com.jayway.jsonpath.internal.path.CompiledPath -- Evaluating path: $
12:53:16.014 [main] DEBUG com.jayway.jsonpath.internal.path.CompiledPath -- Evaluating path: $
12:53:16.014 [main] DEBUG com.jayway.jsonpath.internal.JsonContext -- Put path $ key type value {}
12:53:16.014 [main] DEBUG com.jayway.jsonpath.internal.path.CompiledPath -- Evaluating path: $
12:53:16.014 [main] DEBUG com.jayway.jsonpath.internal.JsonContext -- Put path $ key type value keyUp
12:53:16.014 [main] DEBUG com.jayway.jsonpath.internal.path.CompiledPath -- Evaluating path: $['text']
12:53:16.014 [main] DEBUG com.jayway.jsonpath.internal.path.CompiledPath -- Evaluating path: $
12:53:16.014 [main] DEBUG com.jayway.jsonpath.internal.path.CompiledPath -- Evaluating path: $
12:53:16.014 [main] DEBUG com.jayway.jsonpath.internal.JsonContext -- Put path $ key text value {}
12:53:16.014 [main] DEBUG com.jayway.jsonpath.internal.path.CompiledPath -- Evaluating path: $
12:53:16.014 [main] DEBUG com.jayway.jsonpath.internal.JsonContext -- Put path $ key text value d
12:53:16.014 [main] DEBUG com.jayway.jsonpath.internal.path.CompiledPath -- Evaluating path: $['windowsVirtualKeyCode']
12:53:16.014 [main] DEBUG com.jayway.jsonpath.internal.path.CompiledPath -- Evaluating path: $
12:53:16.014 [main] DEBUG com.jayway.jsonpath.internal.path.CompiledPath -- Evaluating path: $
12:53:16.014 [main] DEBUG com.jayway.jsonpath.internal.JsonContext -- Put path $ key windowsVirtualKeyCode value {}
12:53:16.014 [main] DEBUG com.jayway.jsonpath.internal.path.CompiledPath -- Evaluating path: $
12:53:16.014 [main] DEBUG com.jayway.jsonpath.internal.JsonContext -- Put path $ key windowsVirtualKeyCode value 100
12:53:16.014 [main] DEBUG com.jayway.jsonpath.internal.path.CompiledPath -- Evaluating path: $
12:53:16.014 [main] DEBUG com.intuit.karate.driver.chrome_1718781787382 -- >> {"id":33,"sessionId":"C948EB84EF55B0DD980335EE566A6085","method":"Input.dispatchKeyEvent","params":{"modifiers":0,"type":"keyUp","text":"d","windowsVirtualKeyCode":100}}
12:53:16.016 [nioEventLoopGroup-11-1] DEBUG com.intuit.karate.driver.chrome_1718781787382 -- << {"id":33,"result":{},"sessionId":"C948EB84EF55B0DD980335EE566A6085"}
12:53:16.016 [nioEventLoopGroup-11-1] DEBUG com.jayway.jsonpath.internal.path.CompiledPath -- Evaluating path: $
12:53:16.016 [main] DEBUG com.jayway.jsonpath.internal.path.CompiledPath -- Evaluating path: $['modifiers']
12:53:16.016 [main] DEBUG com.jayway.jsonpath.internal.path.CompiledPath -- Evaluating path: $
12:53:16.016 [main] DEBUG com.jayway.jsonpath.internal.path.CompiledPath -- Evaluating path: $
12:53:16.016 [main] DEBUG com.jayway.jsonpath.internal.JsonContext -- Put path $ key modifiers value {}
12:53:16.016 [main] DEBUG com.jayway.jsonpath.internal.path.CompiledPath -- Evaluating path: $
12:53:16.016 [main] DEBUG com.jayway.jsonpath.internal.JsonContext -- Put path $ key modifiers value 0
12:53:16.016 [main] DEBUG com.jayway.jsonpath.internal.path.CompiledPath -- Evaluating path: $['type']
12:53:16.016 [main] DEBUG com.jayway.jsonpath.internal.path.CompiledPath -- Evaluating path: $
12:53:16.016 [main] DEBUG com.jayway.jsonpath.internal.path.CompiledPath -- Evaluating path: $
12:53:16.016 [main] DEBUG com.jayway.jsonpath.internal.JsonContext -- Put path $ key type value {}
12:53:16.016 [main] DEBUG com.jayway.jsonpath.internal.path.CompiledPath -- Evaluating path: $
12:53:16.016 [main] DEBUG com.jayway.jsonpath.internal.JsonContext -- Put path $ key type value rawKeyDown
12:53:16.016 [main] DEBUG com.jayway.jsonpath.internal.path.CompiledPath -- Evaluating path: $['text']
12:53:16.016 [main] DEBUG com.jayway.jsonpath.internal.path.CompiledPath -- Evaluating path: $
12:53:16.016 [main] DEBUG com.jayway.jsonpath.internal.path.CompiledPath -- Evaluating path: $
12:53:16.016 [main] DEBUG com.jayway.jsonpath.internal.JsonContext -- Put path $ key text value {}
12:53:16.016 [main] DEBUG com.jayway.jsonpath.internal.path.CompiledPath -- Evaluating path: $
12:53:16.016 [main] DEBUG com.jayway.jsonpath.internal.JsonContext -- Put path $ key text value _
12:53:16.016 [main] DEBUG com.jayway.jsonpath.internal.path.CompiledPath -- Evaluating path: $['windowsVirtualKeyCode']
12:53:16.016 [main] DEBUG com.jayway.jsonpath.internal.path.CompiledPath -- Evaluating path: $
12:53:16.016 [main] DEBUG com.jayway.jsonpath.internal.path.CompiledPath -- Evaluating path: $
12:53:16.016 [main] DEBUG com.jayway.jsonpath.internal.JsonContext -- Put path $ key windowsVirtualKeyCode value {}
12:53:16.016 [main] DEBUG com.jayway.jsonpath.internal.path.CompiledPath -- Evaluating path: $
12:53:16.016 [main] DEBUG com.jayway.jsonpath.internal.JsonContext -- Put path $ key windowsVirtualKeyCode value 523
12:53:16.017 [main] DEBUG com.jayway.jsonpath.internal.path.CompiledPath -- Evaluating path: $
12:53:16.017 [main] DEBUG com.intuit.karate.driver.chrome_1718781787382 -- >> {"id":34,"sessionId":"C948EB84EF55B0DD980335EE566A6085","method":"Input.dispatchKeyEvent","params":{"modifiers":0,"type":"rawKeyDown","text":"_","windowsVirtualKeyCode":523}}
12:53:16.018 [nioEventLoopGroup-11-1] DEBUG com.intuit.karate.driver.chrome_1718781787382 -- << {"id":34,"result":{},"sessionId":"C948EB84EF55B0DD980335EE566A6085"}
12:53:16.018 [nioEventLoopGroup-11-1] DEBUG com.jayway.jsonpath.internal.path.CompiledPath -- Evaluating path: $
12:53:16.018 [main] DEBUG com.jayway.jsonpath.internal.path.CompiledPath -- Evaluating path: $['modifiers']
12:53:16.018 [main] DEBUG com.jayway.jsonpath.internal.path.CompiledPath -- Evaluating path: $
12:53:16.018 [main] DEBUG com.jayway.jsonpath.internal.path.CompiledPath -- Evaluating path: $
12:53:16.018 [main] DEBUG com.jayway.jsonpath.internal.JsonContext -- Put path $ key modifiers value {}
12:53:16.018 [main] DEBUG com.jayway.jsonpath.internal.path.CompiledPath -- Evaluating path: $
12:53:16.018 [main] DEBUG com.jayway.jsonpath.internal.JsonContext -- Put path $ key modifiers value 0
12:53:16.018 [main] DEBUG com.jayway.jsonpath.internal.path.CompiledPath -- Evaluating path: $['type']
12:53:16.018 [main] DEBUG com.jayway.jsonpath.internal.path.CompiledPath -- Evaluating path: $
12:53:16.018 [main] DEBUG com.jayway.jsonpath.internal.path.CompiledPath -- Evaluating path: $
12:53:16.018 [main] DEBUG com.jayway.jsonpath.internal.JsonContext -- Put path $ key type value {}
12:53:16.018 [main] DEBUG com.jayway.jsonpath.internal.path.CompiledPath -- Evaluating path: $
12:53:16.018 [main] DEBUG com.jayway.jsonpath.internal.JsonContext -- Put path $ key type value char
12:53:16.018 [main] DEBUG com.jayway.jsonpath.internal.path.CompiledPath -- Evaluating path: $['text']
12:53:16.018 [main] DEBUG com.jayway.jsonpath.internal.path.CompiledPath -- Evaluating path: $
12:53:16.018 [main] DEBUG com.jayway.jsonpath.internal.path.CompiledPath -- Evaluating path: $
12:53:16.018 [main] DEBUG com.jayway.jsonpath.internal.JsonContext -- Put path $ key text value {}
12:53:16.018 [main] DEBUG com.jayway.jsonpath.internal.path.CompiledPath -- Evaluating path: $
12:53:16.018 [main] DEBUG com.jayway.jsonpath.internal.JsonContext -- Put path $ key text value _
12:53:16.018 [main] DEBUG com.jayway.jsonpath.internal.path.CompiledPath -- Evaluating path: $['windowsVirtualKeyCode']
12:53:16.018 [main] DEBUG com.jayway.jsonpath.internal.path.CompiledPath -- Evaluating path: $
12:53:16.018 [main] DEBUG com.jayway.jsonpath.internal.path.CompiledPath -- Evaluating path: $
12:53:16.018 [main] DEBUG com.jayway.jsonpath.internal.JsonContext -- Put path $ key windowsVirtualKeyCode value {}
12:53:16.018 [main] DEBUG com.jayway.jsonpath.internal.path.CompiledPath -- Evaluating path: $
12:53:16.018 [main] DEBUG com.jayway.jsonpath.internal.JsonContext -- Put path $ key windowsVirtualKeyCode value 523
12:53:16.018 [main] DEBUG com.jayway.jsonpath.internal.path.CompiledPath -- Evaluating path: $
12:53:16.018 [main] DEBUG com.intuit.karate.driver.chrome_1718781787382 -- >> {"id":35,"sessionId":"C948EB84EF55B0DD980335EE566A6085","method":"Input.dispatchKeyEvent","params":{"modifiers":0,"type":"char","text":"_","windowsVirtualKeyCode":523}}
12:53:16.023 [nioEventLoopGroup-11-1] DEBUG com.intuit.karate.driver.chrome_1718781787382 -- << {"id":35,"result":{},"sessionId":"C948EB84EF55B0DD980335EE566A6085"}
12:53:16.023 [nioEventLoopGroup-11-1] DEBUG com.jayway.jsonpath.internal.path.CompiledPath -- Evaluating path: $
12:53:16.023 [main] DEBUG com.jayway.jsonpath.internal.path.CompiledPath -- Evaluating path: $['modifiers']
12:53:16.023 [main] DEBUG com.jayway.jsonpath.internal.path.CompiledPath -- Evaluating path: $
12:53:16.023 [main] DEBUG com.jayway.jsonpath.internal.path.CompiledPath -- Evaluating path: $
12:53:16.023 [main] DEBUG com.jayway.jsonpath.internal.JsonContext -- Put path $ key modifiers value {}
12:53:16.023 [main] DEBUG com.jayway.jsonpath.internal.path.CompiledPath -- Evaluating path: $
12:53:16.023 [main] DEBUG com.jayway.jsonpath.internal.JsonContext -- Put path $ key modifiers value 0
12:53:16.023 [main] DEBUG com.jayway.jsonpath.internal.path.CompiledPath -- Evaluating path: $['type']
12:53:16.023 [main] DEBUG com.jayway.jsonpath.internal.path.CompiledPath -- Evaluating path: $
12:53:16.023 [main] DEBUG com.jayway.jsonpath.internal.path.CompiledPath -- Evaluating path: $
12:53:16.023 [main] DEBUG com.jayway.jsonpath.internal.JsonContext -- Put path $ key type value {}
12:53:16.023 [main] DEBUG com.jayway.jsonpath.internal.path.CompiledPath -- Evaluating path: $
12:53:16.023 [main] DEBUG com.jayway.jsonpath.internal.JsonContext -- Put path $ key type value keyUp
12:53:16.023 [main] DEBUG com.jayway.jsonpath.internal.path.CompiledPath -- Evaluating path: $['text']
12:53:16.023 [main] DEBUG com.jayway.jsonpath.internal.path.CompiledPath -- Evaluating path: $
12:53:16.023 [main] DEBUG com.jayway.jsonpath.internal.path.CompiledPath -- Evaluating path: $
12:53:16.023 [main] DEBUG com.jayway.jsonpath.internal.JsonContext -- Put path $ key text value {}
12:53:16.023 [main] DEBUG com.jayway.jsonpath.internal.path.CompiledPath -- Evaluating path: $
12:53:16.023 [main] DEBUG com.jayway.jsonpath.internal.JsonContext -- Put path $ key text value _
12:53:16.023 [main] DEBUG com.jayway.jsonpath.internal.path.CompiledPath -- Evaluating path: $['windowsVirtualKeyCode']
12:53:16.023 [main] DEBUG com.jayway.jsonpath.internal.path.CompiledPath -- Evaluating path: $
12:53:16.023 [main] DEBUG com.jayway.jsonpath.internal.path.CompiledPath -- Evaluating path: $
12:53:16.023 [main] DEBUG com.jayway.jsonpath.internal.JsonContext -- Put path $ key windowsVirtualKeyCode value {}
12:53:16.023 [main] DEBUG com.jayway.jsonpath.internal.path.CompiledPath -- Evaluating path: $
12:53:16.023 [main] DEBUG com.jayway.jsonpath.internal.JsonContext -- Put path $ key windowsVirtualKeyCode value 523
12:53:16.023 [main] DEBUG com.jayway.jsonpath.internal.path.CompiledPath -- Evaluating path: $
12:53:16.023 [main] DEBUG com.intuit.karate.driver.chrome_1718781787382 -- >> {"id":36,"sessionId":"C948EB84EF55B0DD980335EE566A6085","method":"Input.dispatchKeyEvent","params":{"modifiers":0,"type":"keyUp","text":"_","windowsVirtualKeyCode":523}}
12:53:16.025 [nioEventLoopGroup-11-1] DEBUG com.intuit.karate.driver.chrome_1718781787382 -- << {"id":36,"result":{},"sessionId":"C948EB84EF55B0DD980335EE566A6085"}
12:53:16.025 [nioEventLoopGroup-11-1] DEBUG com.jayway.jsonpath.internal.path.CompiledPath -- Evaluating path: $
12:53:16.025 [main] DEBUG com.jayway.jsonpath.internal.path.CompiledPath -- Evaluating path: $['modifiers']
12:53:16.025 [main] DEBUG com.jayway.jsonpath.internal.path.CompiledPath -- Evaluating path: $
12:53:16.025 [main] DEBUG com.jayway.jsonpath.internal.path.CompiledPath -- Evaluating path: $
12:53:16.025 [main] DEBUG com.jayway.jsonpath.internal.JsonContext -- Put path $ key modifiers value {}
12:53:16.025 [main] DEBUG com.jayway.jsonpath.internal.path.CompiledPath -- Evaluating path: $
12:53:16.025 [main] DEBUG com.jayway.jsonpath.internal.JsonContext -- Put path $ key modifiers value 0
12:53:16.025 [main] DEBUG com.jayway.jsonpath.internal.path.CompiledPath -- Evaluating path: $['type']
12:53:16.025 [main] DEBUG com.jayway.jsonpath.internal.path.CompiledPath -- Evaluating path: $
12:53:16.025 [main] DEBUG com.jayway.jsonpath.internal.path.CompiledPath -- Evaluating path: $
12:53:16.025 [main] DEBUG com.jayway.jsonpath.internal.JsonContext -- Put path $ key type value {}
12:53:16.025 [main] DEBUG com.jayway.jsonpath.internal.path.CompiledPath -- Evaluating path: $
12:53:16.025 [main] DEBUG com.jayway.jsonpath.internal.JsonContext -- Put path $ key type value rawKeyDown
12:53:16.025 [main] DEBUG com.jayway.jsonpath.internal.path.CompiledPath -- Evaluating path: $['text']
12:53:16.025 [main] DEBUG com.jayway.jsonpath.internal.path.CompiledPath -- Evaluating path: $
12:53:16.025 [main] DEBUG com.jayway.jsonpath.internal.path.CompiledPath -- Evaluating path: $
12:53:16.025 [main] DEBUG com.jayway.jsonpath.internal.JsonContext -- Put path $ key text value {}
12:53:16.025 [main] DEBUG com.jayway.jsonpath.internal.path.CompiledPath -- Evaluating path: $
12:53:16.025 [main] DEBUG com.jayway.jsonpath.internal.JsonContext -- Put path $ key text value i
12:53:16.025 [main] DEBUG com.jayway.jsonpath.internal.path.CompiledPath -- Evaluating path: $['windowsVirtualKeyCode']
12:53:16.025 [main] DEBUG com.jayway.jsonpath.internal.path.CompiledPath -- Evaluating path: $
12:53:16.025 [main] DEBUG com.jayway.jsonpath.internal.path.CompiledPath -- Evaluating path: $
12:53:16.025 [main] DEBUG com.jayway.jsonpath.internal.JsonContext -- Put path $ key windowsVirtualKeyCode value {}
12:53:16.025 [main] DEBUG com.jayway.jsonpath.internal.path.CompiledPath -- Evaluating path: $
12:53:16.025 [main] DEBUG com.jayway.jsonpath.internal.JsonContext -- Put path $ key windowsVirtualKeyCode value 105
12:53:16.025 [main] DEBUG com.jayway.jsonpath.internal.path.CompiledPath -- Evaluating path: $
12:53:16.025 [main] DEBUG com.intuit.karate.driver.chrome_1718781787382 -- >> {"id":37,"sessionId":"C948EB84EF55B0DD980335EE566A6085","method":"Input.dispatchKeyEvent","params":{"modifiers":0,"type":"rawKeyDown","text":"i","windowsVirtualKeyCode":105}}
12:53:16.027 [nioEventLoopGroup-11-1] DEBUG com.intuit.karate.driver.chrome_1718781787382 -- << {"id":37,"result":{},"sessionId":"C948EB84EF55B0DD980335EE566A6085"}
12:53:16.027 [nioEventLoopGroup-11-1] DEBUG com.jayway.jsonpath.internal.path.CompiledPath -- Evaluating path: $
12:53:16.027 [main] DEBUG com.jayway.jsonpath.internal.path.CompiledPath -- Evaluating path: $['modifiers']
12:53:16.027 [main] DEBUG com.jayway.jsonpath.internal.path.CompiledPath -- Evaluating path: $
12:53:16.027 [main] DEBUG com.jayway.jsonpath.internal.path.CompiledPath -- Evaluating path: $
12:53:16.027 [main] DEBUG com.jayway.jsonpath.internal.JsonContext -- Put path $ key modifiers value {}
12:53:16.027 [main] DEBUG com.jayway.jsonpath.internal.path.CompiledPath -- Evaluating path: $
12:53:16.027 [main] DEBUG com.jayway.jsonpath.internal.JsonContext -- Put path $ key modifiers value 0
12:53:16.027 [main] DEBUG com.jayway.jsonpath.internal.path.CompiledPath -- Evaluating path: $['type']
12:53:16.027 [main] DEBUG com.jayway.jsonpath.internal.path.CompiledPath -- Evaluating path: $
12:53:16.027 [main] DEBUG com.jayway.jsonpath.internal.path.CompiledPath -- Evaluating path: $
12:53:16.027 [main] DEBUG com.jayway.jsonpath.internal.JsonContext -- Put path $ key type value {}
12:53:16.027 [main] DEBUG com.jayway.jsonpath.internal.path.CompiledPath -- Evaluating path: $
12:53:16.027 [main] DEBUG com.jayway.jsonpath.internal.JsonContext -- Put path $ key type value char
12:53:16.027 [main] DEBUG com.jayway.jsonpath.internal.path.CompiledPath -- Evaluating path: $['text']
12:53:16.027 [main] DEBUG com.jayway.jsonpath.internal.path.CompiledPath -- Evaluating path: $
12:53:16.027 [main] DEBUG com.jayway.jsonpath.internal.path.CompiledPath -- Evaluating path: $
12:53:16.027 [main] DEBUG com.jayway.jsonpath.internal.JsonContext -- Put path $ key text value {}
12:53:16.027 [main] DEBUG com.jayway.jsonpath.internal.path.CompiledPath -- Evaluating path: $
12:53:16.027 [main] DEBUG com.jayway.jsonpath.internal.JsonContext -- Put path $ key text value i
12:53:16.027 [main] DEBUG com.jayway.jsonpath.internal.path.CompiledPath -- Evaluating path: $['windowsVirtualKeyCode']
12:53:16.027 [main] DEBUG com.jayway.jsonpath.internal.path.CompiledPath -- Evaluating path: $
12:53:16.027 [main] DEBUG com.jayway.jsonpath.internal.path.CompiledPath -- Evaluating path: $
12:53:16.027 [main] DEBUG com.jayway.jsonpath.internal.JsonContext -- Put path $ key windowsVirtualKeyCode value {}
12:53:16.027 [main] DEBUG com.jayway.jsonpath.internal.path.CompiledPath -- Evaluating path: $
12:53:16.027 [main] DEBUG com.jayway.jsonpath.internal.JsonContext -- Put path $ key windowsVirtualKeyCode value 105
12:53:16.027 [main] DEBUG com.jayway.jsonpath.internal.path.CompiledPath -- Evaluating path: $
12:53:16.027 [main] DEBUG com.intuit.karate.driver.chrome_1718781787382 -- >> {"id":38,"sessionId":"C948EB84EF55B0DD980335EE566A6085","method":"Input.dispatchKeyEvent","params":{"modifiers":0,"type":"char","text":"i","windowsVirtualKeyCode":105}}
12:53:16.035 [nioEventLoopGroup-11-1] DEBUG com.intuit.karate.driver.chrome_1718781787382 -- << {"id":38,"result":{},"sessionId":"C948EB84EF55B0DD980335EE566A6085"}
12:53:16.035 [nioEventLoopGroup-11-1] DEBUG com.jayway.jsonpath.internal.path.CompiledPath -- Evaluating path: $
12:53:16.037 [main] DEBUG com.jayway.jsonpath.internal.path.CompiledPath -- Evaluating path: $['modifiers']
12:53:16.037 [main] DEBUG com.jayway.jsonpath.internal.path.CompiledPath -- Evaluating path: $
12:53:16.037 [main] DEBUG com.jayway.jsonpath.internal.path.CompiledPath -- Evaluating path: $
12:53:16.037 [main] DEBUG com.jayway.jsonpath.internal.JsonContext -- Put path $ key modifiers value {}
12:53:16.037 [main] DEBUG com.jayway.jsonpath.internal.path.CompiledPath -- Evaluating path: $
12:53:16.037 [main] DEBUG com.jayway.jsonpath.internal.JsonContext -- Put path $ key modifiers value 0
12:53:16.037 [main] DEBUG com.jayway.jsonpath.internal.path.CompiledPath -- Evaluating path: $['type']
12:53:16.037 [main] DEBUG com.jayway.jsonpath.internal.path.CompiledPath -- Evaluating path: $
12:53:16.037 [main] DEBUG com.jayway.jsonpath.internal.path.CompiledPath -- Evaluating path: $
12:53:16.037 [main] DEBUG com.jayway.jsonpath.internal.JsonContext -- Put path $ key type value {}
12:53:16.037 [main] DEBUG com.jayway.jsonpath.internal.path.CompiledPath -- Evaluating path: $
12:53:16.037 [main] DEBUG com.jayway.jsonpath.internal.JsonContext -- Put path $ key type value keyUp
12:53:16.037 [main] DEBUG com.jayway.jsonpath.internal.path.CompiledPath -- Evaluating path: $['text']
12:53:16.037 [main] DEBUG com.jayway.jsonpath.internal.path.CompiledPath -- Evaluating path: $
12:53:16.037 [main] DEBUG com.jayway.jsonpath.internal.path.CompiledPath -- Evaluating path: $
12:53:16.037 [main] DEBUG com.jayway.jsonpath.internal.JsonContext -- Put path $ key text value {}
12:53:16.037 [main] DEBUG com.jayway.jsonpath.internal.path.CompiledPath -- Evaluating path: $
12:53:16.037 [main] DEBUG com.jayway.jsonpath.internal.JsonContext -- Put path $ key text value i
12:53:16.037 [main] DEBUG com.jayway.jsonpath.internal.path.CompiledPath -- Evaluating path: $['windowsVirtualKeyCode']
12:53:16.037 [main] DEBUG com.jayway.jsonpath.internal.path.CompiledPath -- Evaluating path: $
12:53:16.037 [main] DEBUG com.jayway.jsonpath.internal.path.CompiledPath -- Evaluating path: $
12:53:16.037 [main] DEBUG com.jayway.jsonpath.internal.JsonContext -- Put path $ key windowsVirtualKeyCode value {}
12:53:16.037 [main] DEBUG com.jayway.jsonpath.internal.path.CompiledPath -- Evaluating path: $
12:53:16.037 [main] DEBUG com.jayway.jsonpath.internal.JsonContext -- Put path $ key windowsVirtualKeyCode value 105
12:53:16.037 [main] DEBUG com.jayway.jsonpath.internal.path.CompiledPath -- Evaluating path: $
12:53:16.037 [main] DEBUG com.intuit.karate.driver.chrome_1718781787382 -- >> {"id":39,"sessionId":"C948EB84EF55B0DD980335EE566A6085","method":"Input.dispatchKeyEvent","params":{"modifiers":0,"type":"keyUp","text":"i","windowsVirtualKeyCode":105}}
12:53:16.185 [nioEventLoopGroup-11-1] DEBUG com.intuit.karate.driver.chrome_1718781787382 -- << {"id":39,"result":{},"sessionId":"C948EB84EF55B0DD980335EE566A6085"}
12:53:16.186 [nioEventLoopGroup-11-1] DEBUG com.jayway.jsonpath.internal.path.CompiledPath -- Evaluating path: $
12:53:16.186 [main] DEBUG com.jayway.jsonpath.internal.path.CompiledPath -- Evaluating path: $['modifiers']
12:53:16.186 [main] DEBUG com.jayway.jsonpath.internal.path.CompiledPath -- Evaluating path: $
12:53:16.186 [main] DEBUG com.jayway.jsonpath.internal.path.CompiledPath -- Evaluating path: $
12:53:16.186 [main] DEBUG com.jayway.jsonpath.internal.JsonContext -- Put path $ key modifiers value {}
12:53:16.186 [main] DEBUG com.jayway.jsonpath.internal.path.CompiledPath -- Evaluating path: $
12:53:16.186 [main] DEBUG com.jayway.jsonpath.internal.JsonContext -- Put path $ key modifiers value 0
12:53:16.186 [main] DEBUG com.jayway.jsonpath.internal.path.CompiledPath -- Evaluating path: $['type']
12:53:16.186 [main] DEBUG com.jayway.jsonpath.internal.path.CompiledPath -- Evaluating path: $
12:53:16.186 [main] DEBUG com.jayway.jsonpath.internal.path.CompiledPath -- Evaluating path: $
12:53:16.186 [main] DEBUG com.jayway.jsonpath.internal.JsonContext -- Put path $ key type value {}
12:53:16.186 [main] DEBUG com.jayway.jsonpath.internal.path.CompiledPath -- Evaluating path: $
12:53:16.186 [main] DEBUG com.jayway.jsonpath.internal.JsonContext -- Put path $ key type value rawKeyDown
12:53:16.186 [main] DEBUG com.jayway.jsonpath.internal.path.CompiledPath -- Evaluating path: $['text']
12:53:16.186 [main] DEBUG com.jayway.jsonpath.internal.path.CompiledPath -- Evaluating path: $
12:53:16.186 [main] DEBUG com.jayway.jsonpath.internal.path.CompiledPath -- Evaluating path: $
12:53:16.186 [main] DEBUG com.jayway.jsonpath.internal.JsonContext -- Put path $ key text value {}
12:53:16.186 [main] DEBUG com.jayway.jsonpath.internal.path.CompiledPath -- Evaluating path: $
12:53:16.186 [main] DEBUG com.jayway.jsonpath.internal.JsonContext -- Put path $ key text value n
12:53:16.186 [main] DEBUG com.jayway.jsonpath.internal.path.CompiledPath -- Evaluating path: $['windowsVirtualKeyCode']
12:53:16.186 [main] DEBUG com.jayway.jsonpath.internal.path.CompiledPath -- Evaluating path: $
12:53:16.186 [main] DEBUG com.jayway.jsonpath.internal.path.CompiledPath -- Evaluating path: $
12:53:16.186 [main] DEBUG com.jayway.jsonpath.internal.JsonContext -- Put path $ key windowsVirtualKeyCode value {}
12:53:16.186 [main] DEBUG com.jayway.jsonpath.internal.path.CompiledPath -- Evaluating path: $
12:53:16.186 [main] DEBUG com.jayway.jsonpath.internal.JsonContext -- Put path $ key windowsVirtualKeyCode value 110
12:53:16.187 [main] DEBUG com.jayway.jsonpath.internal.path.CompiledPath -- Evaluating path: $
12:53:16.187 [main] DEBUG com.intuit.karate.driver.chrome_1718781787382 -- >> {"id":40,"sessionId":"C948EB84EF55B0DD980335EE566A6085","method":"Input.dispatchKeyEvent","params":{"modifiers":0,"type":"rawKeyDown","text":"n","windowsVirtualKeyCode":110}}
12:53:16.799 [nioEventLoopGroup-11-1] DEBUG com.intuit.karate.driver.chrome_1718781787382 -- << {"id":40,"result":{},"sessionId":"C948EB84EF55B0DD980335EE566A6085"}
12:53:16.799 [nioEventLoopGroup-11-1] DEBUG com.jayway.jsonpath.internal.path.CompiledPath -- Evaluating path: $
12:53:16.799 [main] DEBUG com.jayway.jsonpath.internal.path.CompiledPath -- Evaluating path: $['modifiers']
12:53:16.799 [main] DEBUG com.jayway.jsonpath.internal.path.CompiledPath -- Evaluating path: $
12:53:16.799 [main] DEBUG com.jayway.jsonpath.internal.path.CompiledPath -- Evaluating path: $
12:53:16.799 [main] DEBUG com.jayway.jsonpath.internal.JsonContext -- Put path $ key modifiers value {}
12:53:16.799 [main] DEBUG com.jayway.jsonpath.internal.path.CompiledPath -- Evaluating path: $
12:53:16.799 [main] DEBUG com.jayway.jsonpath.internal.JsonContext -- Put path $ key modifiers value 0
12:53:16.799 [main] DEBUG com.jayway.jsonpath.internal.path.CompiledPath -- Evaluating path: $['type']
12:53:16.799 [main] DEBUG com.jayway.jsonpath.internal.path.CompiledPath -- Evaluating path: $
12:53:16.799 [main] DEBUG com.jayway.jsonpath.internal.path.CompiledPath -- Evaluating path: $
12:53:16.799 [main] DEBUG com.jayway.jsonpath.internal.JsonContext -- Put path $ key type value {}
12:53:16.799 [main] DEBUG com.jayway.jsonpath.internal.path.CompiledPath -- Evaluating path: $
12:53:16.799 [main] DEBUG com.jayway.jsonpath.internal.JsonContext -- Put path $ key type value char
12:53:16.799 [main] DEBUG com.jayway.jsonpath.internal.path.CompiledPath -- Evaluating path: $['text']
12:53:16.799 [main] DEBUG com.jayway.jsonpath.internal.path.CompiledPath -- Evaluating path: $
12:53:16.799 [main] DEBUG com.jayway.jsonpath.internal.path.CompiledPath -- Evaluating path: $
12:53:16.799 [main] DEBUG com.jayway.jsonpath.internal.JsonContext -- Put path $ key text value {}
12:53:16.799 [main] DEBUG com.jayway.jsonpath.internal.path.CompiledPath -- Evaluating path: $
12:53:16.799 [main] DEBUG com.jayway.jsonpath.internal.JsonContext -- Put path $ key text value n
12:53:16.799 [main] DEBUG com.jayway.jsonpath.internal.path.CompiledPath -- Evaluating path: $['windowsVirtualKeyCode']
12:53:16.799 [main] DEBUG com.jayway.jsonpath.internal.path.CompiledPath -- Evaluating path: $
12:53:16.799 [main] DEBUG com.jayway.jsonpath.internal.path.CompiledPath -- Evaluating path: $
12:53:16.799 [main] DEBUG com.jayway.jsonpath.internal.JsonContext -- Put path $ key windowsVirtualKeyCode value {}
12:53:16.799 [main] DEBUG com.jayway.jsonpath.internal.path.CompiledPath -- Evaluating path: $
12:53:16.799 [main] DEBUG com.jayway.jsonpath.internal.JsonContext -- Put path $ key windowsVirtualKeyCode value 110
12:53:16.799 [main] DEBUG com.jayway.jsonpath.internal.path.CompiledPath -- Evaluating path: $
12:53:16.799 [main] DEBUG com.intuit.karate.driver.chrome_1718781787382 -- >> {"id":41,"sessionId":"C948EB84EF55B0DD980335EE566A6085","method":"Input.dispatchKeyEvent","params":{"modifiers":0,"type":"char","text":"n","windowsVirtualKeyCode":110}}
12:53:17.111 [nioEventLoopGroup-11-1] DEBUG com.intuit.karate.driver.chrome_1718781787382 -- << {"id":41,"result":{},"sessionId":"C948EB84EF55B0DD980335EE566A6085"}
12:53:17.112 [nioEventLoopGroup-11-1] DEBUG com.jayway.jsonpath.internal.path.CompiledPath -- Evaluating path: $
12:53:17.112 [main] DEBUG com.jayway.jsonpath.internal.path.CompiledPath -- Evaluating path: $['modifiers']
12:53:17.112 [main] DEBUG com.jayway.jsonpath.internal.path.CompiledPath -- Evaluating path: $
12:53:17.112 [main] DEBUG com.jayway.jsonpath.internal.path.CompiledPath -- Evaluating path: $
12:53:17.112 [main] DEBUG com.jayway.jsonpath.internal.JsonContext -- Put path $ key modifiers value {}
12:53:17.112 [main] DEBUG com.jayway.jsonpath.internal.path.CompiledPath -- Evaluating path: $
12:53:17.112 [main] DEBUG com.jayway.jsonpath.internal.JsonContext -- Put path $ key modifiers value 0
12:53:17.112 [main] DEBUG com.jayway.jsonpath.internal.path.CompiledPath -- Evaluating path: $['type']
12:53:17.112 [main] DEBUG com.jayway.jsonpath.internal.path.CompiledPath -- Evaluating path: $
12:53:17.112 [main] DEBUG com.jayway.jsonpath.internal.path.CompiledPath -- Evaluating path: $
12:53:17.112 [main] DEBUG com.jayway.jsonpath.internal.JsonContext -- Put path $ key type value {}
12:53:17.112 [main] DEBUG com.jayway.jsonpath.internal.path.CompiledPath -- Evaluating path: $
12:53:17.112 [main] DEBUG com.jayway.jsonpath.internal.JsonContext -- Put path $ key type value keyUp
12:53:17.112 [main] DEBUG com.jayway.jsonpath.internal.path.CompiledPath -- Evaluating path: $['text']
12:53:17.112 [main] DEBUG com.jayway.jsonpath.internal.path.CompiledPath -- Evaluating path: $
12:53:17.112 [main] DEBUG com.jayway.jsonpath.internal.path.CompiledPath -- Evaluating path: $
12:53:17.112 [main] DEBUG com.jayway.jsonpath.internal.JsonContext -- Put path $ key text value {}
12:53:17.112 [main] DEBUG com.jayway.jsonpath.internal.path.CompiledPath -- Evaluating path: $
12:53:17.112 [main] DEBUG com.jayway.jsonpath.internal.JsonContext -- Put path $ key text value n
12:53:17.112 [main] DEBUG com.jayway.jsonpath.internal.path.CompiledPath -- Evaluating path: $['windowsVirtualKeyCode']
12:53:17.112 [main] DEBUG com.jayway.jsonpath.internal.path.CompiledPath -- Evaluating path: $
12:53:17.112 [main] DEBUG com.jayway.jsonpath.internal.path.CompiledPath -- Evaluating path: $
12:53:17.112 [main] DEBUG com.jayway.jsonpath.internal.JsonContext -- Put path $ key windowsVirtualKeyCode value {}
12:53:17.112 [main] DEBUG com.jayway.jsonpath.internal.path.CompiledPath -- Evaluating path: $
12:53:17.112 [main] DEBUG com.jayway.jsonpath.internal.JsonContext -- Put path $ key windowsVirtualKeyCode value 110
12:53:17.112 [main] DEBUG com.jayway.jsonpath.internal.path.CompiledPath -- Evaluating path: $
12:53:17.112 [main] DEBUG com.intuit.karate.driver.chrome_1718781787382 -- >> {"id":42,"sessionId":"C948EB84EF55B0DD980335EE566A6085","method":"Input.dispatchKeyEvent","params":{"modifiers":0,"type":"keyUp","text":"n","windowsVirtualKeyCode":110}}
12:53:17.443 [nioEventLoopGroup-11-1] DEBUG com.intuit.karate.driver.chrome_1718781787382 -- << {"id":42,"result":{},"sessionId":"C948EB84EF55B0DD980335EE566A6085"}
12:53:17.443 [nioEventLoopGroup-11-1] DEBUG com.jayway.jsonpath.internal.path.CompiledPath -- Evaluating path: $
12:53:17.443 [main] DEBUG com.jayway.jsonpath.internal.path.CompiledPath -- Evaluating path: $['modifiers']
12:53:17.443 [main] DEBUG com.jayway.jsonpath.internal.path.CompiledPath -- Evaluating path: $
12:53:17.443 [main] DEBUG com.jayway.jsonpath.internal.path.CompiledPath -- Evaluating path: $
12:53:17.443 [main] DEBUG com.jayway.jsonpath.internal.JsonContext -- Put path $ key modifiers value {}
12:53:17.443 [main] DEBUG com.jayway.jsonpath.internal.path.CompiledPath -- Evaluating path: $
12:53:17.443 [main] DEBUG com.jayway.jsonpath.internal.JsonContext -- Put path $ key modifiers value 0
12:53:17.443 [main] DEBUG com.jayway.jsonpath.internal.path.CompiledPath -- Evaluating path: $['type']
12:53:17.443 [main] DEBUG com.jayway.jsonpath.internal.path.CompiledPath -- Evaluating path: $
12:53:17.443 [main] DEBUG com.jayway.jsonpath.internal.path.CompiledPath -- Evaluating path: $
12:53:17.443 [main] DEBUG com.jayway.jsonpath.internal.JsonContext -- Put path $ key type value {}
12:53:17.443 [main] DEBUG com.jayway.jsonpath.internal.path.CompiledPath -- Evaluating path: $
12:53:17.443 [main] DEBUG com.jayway.jsonpath.internal.JsonContext -- Put path $ key type value rawKeyDown
12:53:17.443 [main] DEBUG com.jayway.jsonpath.internal.path.CompiledPath -- Evaluating path: $['text']
12:53:17.443 [main] DEBUG com.jayway.jsonpath.internal.path.CompiledPath -- Evaluating path: $
12:53:17.443 [main] DEBUG com.jayway.jsonpath.internal.path.CompiledPath -- Evaluating path: $
12:53:17.443 [main] DEBUG com.jayway.jsonpath.internal.JsonContext -- Put path $ key text value {}
12:53:17.443 [main] DEBUG com.jayway.jsonpath.internal.path.CompiledPath -- Evaluating path: $
12:53:17.443 [main] DEBUG com.jayway.jsonpath.internal.JsonContext -- Put path $ key text value v
12:53:17.443 [main] DEBUG com.jayway.jsonpath.internal.path.CompiledPath -- Evaluating path: $['windowsVirtualKeyCode']
12:53:17.443 [main] DEBUG com.jayway.jsonpath.internal.path.CompiledPath -- Evaluating path: $
12:53:17.443 [main] DEBUG com.jayway.jsonpath.internal.path.CompiledPath -- Evaluating path: $
12:53:17.443 [main] DEBUG com.jayway.jsonpath.internal.JsonContext -- Put path $ key windowsVirtualKeyCode value {}
12:53:17.443 [main] DEBUG com.jayway.jsonpath.internal.path.CompiledPath -- Evaluating path: $
12:53:17.443 [main] DEBUG com.jayway.jsonpath.internal.JsonContext -- Put path $ key windowsVirtualKeyCode value 118
12:53:17.443 [main] DEBUG com.jayway.jsonpath.internal.path.CompiledPath -- Evaluating path: $
12:53:17.443 [main] DEBUG com.intuit.karate.driver.chrome_1718781787382 -- >> {"id":43,"sessionId":"C948EB84EF55B0DD980335EE566A6085","method":"Input.dispatchKeyEvent","params":{"modifiers":0,"type":"rawKeyDown","text":"v","windowsVirtualKeyCode":118}}
12:53:17.443 [nioEventLoopGroup-11-1] DEBUG com.intuit.karate.driver.chrome_1718781787382 -- << {"id":43,"result":{},"sessionId":"C948EB84EF55B0DD980335EE566A6085"}
12:53:17.443 [nioEventLoopGroup-11-1] DEBUG com.jayway.jsonpath.internal.path.CompiledPath -- Evaluating path: $
12:53:17.443 [main] DEBUG com.jayway.jsonpath.internal.path.CompiledPath -- Evaluating path: $['modifiers']
12:53:17.443 [main] DEBUG com.jayway.jsonpath.internal.path.CompiledPath -- Evaluating path: $
12:53:17.443 [main] DEBUG com.jayway.jsonpath.internal.path.CompiledPath -- Evaluating path: $
12:53:17.443 [main] DEBUG com.jayway.jsonpath.internal.JsonContext -- Put path $ key modifiers value {}
12:53:17.443 [main] DEBUG com.jayway.jsonpath.internal.path.CompiledPath -- Evaluating path: $
12:53:17.443 [main] DEBUG com.jayway.jsonpath.internal.JsonContext -- Put path $ key modifiers value 0
12:53:17.443 [main] DEBUG com.jayway.jsonpath.internal.path.CompiledPath -- Evaluating path: $['type']
12:53:17.443 [main] DEBUG com.jayway.jsonpath.internal.path.CompiledPath -- Evaluating path: $
12:53:17.443 [main] DEBUG com.jayway.jsonpath.internal.path.CompiledPath -- Evaluating path: $
12:53:17.443 [main] DEBUG com.jayway.jsonpath.internal.JsonContext -- Put path $ key type value {}
12:53:17.443 [main] DEBUG com.jayway.jsonpath.internal.path.CompiledPath -- Evaluating path: $
12:53:17.443 [main] DEBUG com.jayway.jsonpath.internal.JsonContext -- Put path $ key type value char
12:53:17.443 [main] DEBUG com.jayway.jsonpath.internal.path.CompiledPath -- Evaluating path: $['text']
12:53:17.443 [main] DEBUG com.jayway.jsonpath.internal.path.CompiledPath -- Evaluating path: $
12:53:17.443 [main] DEBUG com.jayway.jsonpath.internal.path.CompiledPath -- Evaluating path: $
12:53:17.443 [main] DEBUG com.jayway.jsonpath.internal.JsonContext -- Put path $ key text value {}
12:53:17.443 [main] DEBUG com.jayway.jsonpath.internal.path.CompiledPath -- Evaluating path: $
12:53:17.443 [main] DEBUG com.jayway.jsonpath.internal.JsonContext -- Put path $ key text value v
12:53:17.443 [main] DEBUG com.jayway.jsonpath.internal.path.CompiledPath -- Evaluating path: $['windowsVirtualKeyCode']
12:53:17.443 [main] DEBUG com.jayway.jsonpath.internal.path.CompiledPath -- Evaluating path: $
12:53:17.443 [main] DEBUG com.jayway.jsonpath.internal.path.CompiledPath -- Evaluating path: $
12:53:17.443 [main] DEBUG com.jayway.jsonpath.internal.JsonContext -- Put path $ key windowsVirtualKeyCode value {}
12:53:17.443 [main] DEBUG com.jayway.jsonpath.internal.path.CompiledPath -- Evaluating path: $
12:53:17.443 [main] DEBUG com.jayway.jsonpath.internal.JsonContext -- Put path $ key windowsVirtualKeyCode value 118
12:53:17.443 [main] DEBUG com.jayway.jsonpath.internal.path.CompiledPath -- Evaluating path: $
12:53:17.443 [main] DEBUG com.intuit.karate.driver.chrome_1718781787382 -- >> {"id":44,"sessionId":"C948EB84EF55B0DD980335EE566A6085","method":"Input.dispatchKeyEvent","params":{"modifiers":0,"type":"char","text":"v","windowsVirtualKeyCode":118}}
12:53:17.443 [nioEventLoopGroup-11-1] DEBUG com.intuit.karate.driver.chrome_1718781787382 -- << {"id":44,"result":{},"sessionId":"C948EB84EF55B0DD980335EE566A6085"}
12:53:17.443 [nioEventLoopGroup-11-1] DEBUG com.jayway.jsonpath.internal.path.CompiledPath -- Evaluating path: $
12:53:17.443 [main] DEBUG com.jayway.jsonpath.internal.path.CompiledPath -- Evaluating path: $['modifiers']
12:53:17.443 [main] DEBUG com.jayway.jsonpath.internal.path.CompiledPath -- Evaluating path: $
12:53:17.443 [main] DEBUG com.jayway.jsonpath.internal.path.CompiledPath -- Evaluating path: $
12:53:17.443 [main] DEBUG com.jayway.jsonpath.internal.JsonContext -- Put path $ key modifiers value {}
12:53:17.443 [main] DEBUG com.jayway.jsonpath.internal.path.CompiledPath -- Evaluating path: $
12:53:17.443 [main] DEBUG com.jayway.jsonpath.internal.JsonContext -- Put path $ key modifiers value 0
12:53:17.443 [main] DEBUG com.jayway.jsonpath.internal.path.CompiledPath -- Evaluating path: $['type']
12:53:17.443 [main] DEBUG com.jayway.jsonpath.internal.path.CompiledPath -- Evaluating path: $
12:53:17.443 [main] DEBUG com.jayway.jsonpath.internal.path.CompiledPath -- Evaluating path: $
12:53:17.443 [main] DEBUG com.jayway.jsonpath.internal.JsonContext -- Put path $ key type value {}
12:53:17.443 [main] DEBUG com.jayway.jsonpath.internal.path.CompiledPath -- Evaluating path: $
12:53:17.443 [main] DEBUG com.jayway.jsonpath.internal.JsonContext -- Put path $ key type value keyUp
12:53:17.443 [main] DEBUG com.jayway.jsonpath.internal.path.CompiledPath -- Evaluating path: $['text']
12:53:17.443 [main] DEBUG com.jayway.jsonpath.internal.path.CompiledPath -- Evaluating path: $
12:53:17.443 [main] DEBUG com.jayway.jsonpath.internal.path.CompiledPath -- Evaluating path: $
12:53:17.443 [main] DEBUG com.jayway.jsonpath.internal.JsonContext -- Put path $ key text value {}
12:53:17.443 [main] DEBUG com.jayway.jsonpath.internal.path.CompiledPath -- Evaluating path: $
12:53:17.443 [main] DEBUG com.jayway.jsonpath.internal.JsonContext -- Put path $ key text value v
12:53:17.443 [main] DEBUG com.jayway.jsonpath.internal.path.CompiledPath -- Evaluating path: $['windowsVirtualKeyCode']
12:53:17.443 [main] DEBUG com.jayway.jsonpath.internal.path.CompiledPath -- Evaluating path: $
12:53:17.443 [main] DEBUG com.jayway.jsonpath.internal.path.CompiledPath -- Evaluating path: $
12:53:17.443 [main] DEBUG com.jayway.jsonpath.internal.JsonContext -- Put path $ key windowsVirtualKeyCode value {}
12:53:17.443 [main] DEBUG com.jayway.jsonpath.internal.path.CompiledPath -- Evaluating path: $
12:53:17.443 [main] DEBUG com.jayway.jsonpath.internal.JsonContext -- Put path $ key windowsVirtualKeyCode value 118
12:53:17.443 [main] DEBUG com.jayway.jsonpath.internal.path.CompiledPath -- Evaluating path: $
12:53:17.443 [main] DEBUG com.intuit.karate.driver.chrome_1718781787382 -- >> {"id":45,"sessionId":"C948EB84EF55B0DD980335EE566A6085","method":"Input.dispatchKeyEvent","params":{"modifiers":0,"type":"keyUp","text":"v","windowsVirtualKeyCode":118}}
12:53:17.460 [nioEventLoopGroup-11-1] DEBUG com.intuit.karate.driver.chrome_1718781787382 -- << {"id":45,"result":{},"sessionId":"C948EB84EF55B0DD980335EE566A6085"}
12:53:17.460 [nioEventLoopGroup-11-1] DEBUG com.jayway.jsonpath.internal.path.CompiledPath -- Evaluating path: $
12:53:17.460 [main] DEBUG com.jayway.jsonpath.internal.path.CompiledPath -- Evaluating path: $['modifiers']
12:53:17.460 [main] DEBUG com.jayway.jsonpath.internal.path.CompiledPath -- Evaluating path: $
12:53:17.460 [main] DEBUG com.jayway.jsonpath.internal.path.CompiledPath -- Evaluating path: $
12:53:17.460 [main] DEBUG com.jayway.jsonpath.internal.JsonContext -- Put path $ key modifiers value {}
12:53:17.460 [main] DEBUG com.jayway.jsonpath.internal.path.CompiledPath -- Evaluating path: $
12:53:17.460 [main] DEBUG com.jayway.jsonpath.internal.JsonContext -- Put path $ key modifiers value 0
12:53:17.460 [main] DEBUG com.jayway.jsonpath.internal.path.CompiledPath -- Evaluating path: $['type']
12:53:17.460 [main] DEBUG com.jayway.jsonpath.internal.path.CompiledPath -- Evaluating path: $
12:53:17.460 [main] DEBUG com.jayway.jsonpath.internal.path.CompiledPath -- Evaluating path: $
12:53:17.460 [main] DEBUG com.jayway.jsonpath.internal.JsonContext -- Put path $ key type value {}
12:53:17.460 [main] DEBUG com.jayway.jsonpath.internal.path.CompiledPath -- Evaluating path: $
12:53:17.460 [main] DEBUG com.jayway.jsonpath.internal.JsonContext -- Put path $ key type value rawKeyDown
12:53:17.460 [main] DEBUG com.jayway.jsonpath.internal.path.CompiledPath -- Evaluating path: $['text']
12:53:17.460 [main] DEBUG com.jayway.jsonpath.internal.path.CompiledPath -- Evaluating path: $
12:53:17.460 [main] DEBUG com.jayway.jsonpath.internal.path.CompiledPath -- Evaluating path: $
12:53:17.460 [main] DEBUG com.jayway.jsonpath.internal.JsonContext -- Put path $ key text value {}
12:53:17.460 [main] DEBUG com.jayway.jsonpath.internal.path.CompiledPath -- Evaluating path: $
12:53:17.460 [main] DEBUG com.jayway.jsonpath.internal.JsonContext -- Put path $ key text value a
12:53:17.460 [main] DEBUG com.jayway.jsonpath.internal.path.CompiledPath -- Evaluating path: $['windowsVirtualKeyCode']
12:53:17.460 [main] DEBUG com.jayway.jsonpath.internal.path.CompiledPath -- Evaluating path: $
12:53:17.460 [main] DEBUG com.jayway.jsonpath.internal.path.CompiledPath -- Evaluating path: $
12:53:17.460 [main] DEBUG com.jayway.jsonpath.internal.JsonContext -- Put path $ key windowsVirtualKeyCode value {}
12:53:17.460 [main] DEBUG com.jayway.jsonpath.internal.path.CompiledPath -- Evaluating path: $
12:53:17.460 [main] DEBUG com.jayway.jsonpath.internal.JsonContext -- Put path $ key windowsVirtualKeyCode value 97
12:53:17.460 [main] DEBUG com.jayway.jsonpath.internal.path.CompiledPath -- Evaluating path: $
12:53:17.460 [main] DEBUG com.intuit.karate.driver.chrome_1718781787382 -- >> {"id":46,"sessionId":"C948EB84EF55B0DD980335EE566A6085","method":"Input.dispatchKeyEvent","params":{"modifiers":0,"type":"rawKeyDown","text":"a","windowsVirtualKeyCode":97}}
12:53:17.460 [nioEventLoopGroup-11-1] DEBUG com.intuit.karate.driver.chrome_1718781787382 -- << {"id":46,"result":{},"sessionId":"C948EB84EF55B0DD980335EE566A6085"}
12:53:17.460 [nioEventLoopGroup-11-1] DEBUG com.jayway.jsonpath.internal.path.CompiledPath -- Evaluating path: $
12:53:17.460 [main] DEBUG com.jayway.jsonpath.internal.path.CompiledPath -- Evaluating path: $['modifiers']
12:53:17.460 [main] DEBUG com.jayway.jsonpath.internal.path.CompiledPath -- Evaluating path: $
12:53:17.460 [main] DEBUG com.jayway.jsonpath.internal.path.CompiledPath -- Evaluating path: $
12:53:17.460 [main] DEBUG com.jayway.jsonpath.internal.JsonContext -- Put path $ key modifiers value {}
12:53:17.460 [main] DEBUG com.jayway.jsonpath.internal.path.CompiledPath -- Evaluating path: $
12:53:17.460 [main] DEBUG com.jayway.jsonpath.internal.JsonContext -- Put path $ key modifiers value 0
12:53:17.460 [main] DEBUG com.jayway.jsonpath.internal.path.CompiledPath -- Evaluating path: $['type']
12:53:17.460 [main] DEBUG com.jayway.jsonpath.internal.path.CompiledPath -- Evaluating path: $
12:53:17.460 [main] DEBUG com.jayway.jsonpath.internal.path.CompiledPath -- Evaluating path: $
12:53:17.460 [main] DEBUG com.jayway.jsonpath.internal.JsonContext -- Put path $ key type value {}
12:53:17.460 [main] DEBUG com.jayway.jsonpath.internal.path.CompiledPath -- Evaluating path: $
12:53:17.460 [main] DEBUG com.jayway.jsonpath.internal.JsonContext -- Put path $ key type value char
12:53:17.460 [main] DEBUG com.jayway.jsonpath.internal.path.CompiledPath -- Evaluating path: $['text']
12:53:17.460 [main] DEBUG com.jayway.jsonpath.internal.path.CompiledPath -- Evaluating path: $
12:53:17.460 [main] DEBUG com.jayway.jsonpath.internal.path.CompiledPath -- Evaluating path: $
12:53:17.460 [main] DEBUG com.jayway.jsonpath.internal.JsonContext -- Put path $ key text value {}
12:53:17.460 [main] DEBUG com.jayway.jsonpath.internal.path.CompiledPath -- Evaluating path: $
12:53:17.460 [main] DEBUG com.jayway.jsonpath.internal.JsonContext -- Put path $ key text value a
12:53:17.460 [main] DEBUG com.jayway.jsonpath.internal.path.CompiledPath -- Evaluating path: $['windowsVirtualKeyCode']
12:53:17.460 [main] DEBUG com.jayway.jsonpath.internal.path.CompiledPath -- Evaluating path: $
12:53:17.460 [main] DEBUG com.jayway.jsonpath.internal.path.CompiledPath -- Evaluating path: $
12:53:17.460 [main] DEBUG com.jayway.jsonpath.internal.JsonContext -- Put path $ key windowsVirtualKeyCode value {}
12:53:17.460 [main] DEBUG com.jayway.jsonpath.internal.path.CompiledPath -- Evaluating path: $
12:53:17.460 [main] DEBUG com.jayway.jsonpath.internal.JsonContext -- Put path $ key windowsVirtualKeyCode value 97
12:53:17.460 [main] DEBUG com.jayway.jsonpath.internal.path.CompiledPath -- Evaluating path: $
12:53:17.460 [main] DEBUG com.intuit.karate.driver.chrome_1718781787382 -- >> {"id":47,"sessionId":"C948EB84EF55B0DD980335EE566A6085","method":"Input.dispatchKeyEvent","params":{"modifiers":0,"type":"char","text":"a","windowsVirtualKeyCode":97}}
12:53:17.460 [nioEventLoopGroup-11-1] DEBUG com.intuit.karate.driver.chrome_1718781787382 -- << {"id":47,"result":{},"sessionId":"C948EB84EF55B0DD980335EE566A6085"}
12:53:17.460 [nioEventLoopGroup-11-1] DEBUG com.jayway.jsonpath.internal.path.CompiledPath -- Evaluating path: $
12:53:17.460 [main] DEBUG com.jayway.jsonpath.internal.path.CompiledPath -- Evaluating path: $['modifiers']
12:53:17.460 [main] DEBUG com.jayway.jsonpath.internal.path.CompiledPath -- Evaluating path: $
12:53:17.460 [main] DEBUG com.jayway.jsonpath.internal.path.CompiledPath -- Evaluating path: $
12:53:17.460 [main] DEBUG com.jayway.jsonpath.internal.JsonContext -- Put path $ key modifiers value {}
12:53:17.460 [main] DEBUG com.jayway.jsonpath.internal.path.CompiledPath -- Evaluating path: $
12:53:17.460 [main] DEBUG com.jayway.jsonpath.internal.JsonContext -- Put path $ key modifiers value 0
12:53:17.460 [main] DEBUG com.jayway.jsonpath.internal.path.CompiledPath -- Evaluating path: $['type']
12:53:17.460 [main] DEBUG com.jayway.jsonpath.internal.path.CompiledPath -- Evaluating path: $
12:53:17.460 [main] DEBUG com.jayway.jsonpath.internal.path.CompiledPath -- Evaluating path: $
12:53:17.460 [main] DEBUG com.jayway.jsonpath.internal.JsonContext -- Put path $ key type value {}
12:53:17.460 [main] DEBUG com.jayway.jsonpath.internal.path.CompiledPath -- Evaluating path: $
12:53:17.460 [main] DEBUG com.jayway.jsonpath.internal.JsonContext -- Put path $ key type value keyUp
12:53:17.460 [main] DEBUG com.jayway.jsonpath.internal.path.CompiledPath -- Evaluating path: $['text']
12:53:17.460 [main] DEBUG com.jayway.jsonpath.internal.path.CompiledPath -- Evaluating path: $
12:53:17.460 [main] DEBUG com.jayway.jsonpath.internal.path.CompiledPath -- Evaluating path: $
12:53:17.460 [main] DEBUG com.jayway.jsonpath.internal.JsonContext -- Put path $ key text value {}
12:53:17.460 [main] DEBUG com.jayway.jsonpath.internal.path.CompiledPath -- Evaluating path: $
12:53:17.460 [main] DEBUG com.jayway.jsonpath.internal.JsonContext -- Put path $ key text value a
12:53:17.460 [main] DEBUG com.jayway.jsonpath.internal.path.CompiledPath -- Evaluating path: $['windowsVirtualKeyCode']
12:53:17.460 [main] DEBUG com.jayway.jsonpath.internal.path.CompiledPath -- Evaluating path: $
12:53:17.460 [main] DEBUG com.jayway.jsonpath.internal.path.CompiledPath -- Evaluating path: $
12:53:17.460 [main] DEBUG com.jayway.jsonpath.internal.JsonContext -- Put path $ key windowsVirtualKeyCode value {}
12:53:17.460 [main] DEBUG com.jayway.jsonpath.internal.path.CompiledPath -- Evaluating path: $
12:53:17.460 [main] DEBUG com.jayway.jsonpath.internal.JsonContext -- Put path $ key windowsVirtualKeyCode value 97
12:53:17.460 [main] DEBUG com.jayway.jsonpath.internal.path.CompiledPath -- Evaluating path: $
12:53:17.460 [main] DEBUG com.intuit.karate.driver.chrome_1718781787382 -- >> {"id":48,"sessionId":"C948EB84EF55B0DD980335EE566A6085","method":"Input.dispatchKeyEvent","params":{"modifiers":0,"type":"keyUp","text":"a","windowsVirtualKeyCode":97}}
12:53:17.633 [nioEventLoopGroup-11-1] DEBUG com.intuit.karate.driver.chrome_1718781787382 -- << {"id":48,"result":{},"sessionId":"C948EB84EF55B0DD980335EE566A6085"}
12:53:17.633 [nioEventLoopGroup-11-1] DEBUG com.jayway.jsonpath.internal.path.CompiledPath -- Evaluating path: $
12:53:17.633 [main] DEBUG com.jayway.jsonpath.internal.path.CompiledPath -- Evaluating path: $['modifiers']
12:53:17.633 [main] DEBUG com.jayway.jsonpath.internal.path.CompiledPath -- Evaluating path: $
12:53:17.633 [main] DEBUG com.jayway.jsonpath.internal.path.CompiledPath -- Evaluating path: $
12:53:17.633 [main] DEBUG com.jayway.jsonpath.internal.JsonContext -- Put path $ key modifiers value {}
12:53:17.633 [main] DEBUG com.jayway.jsonpath.internal.path.CompiledPath -- Evaluating path: $
12:53:17.633 [main] DEBUG com.jayway.jsonpath.internal.JsonContext -- Put path $ key modifiers value 0
12:53:17.633 [main] DEBUG com.jayway.jsonpath.internal.path.CompiledPath -- Evaluating path: $['type']
12:53:17.633 [main] DEBUG com.jayway.jsonpath.internal.path.CompiledPath -- Evaluating path: $
12:53:17.633 [main] DEBUG com.jayway.jsonpath.internal.path.CompiledPath -- Evaluating path: $
12:53:17.633 [main] DEBUG com.jayway.jsonpath.internal.JsonContext -- Put path $ key type value {}
12:53:17.633 [main] DEBUG com.jayway.jsonpath.internal.path.CompiledPath -- Evaluating path: $
12:53:17.633 [main] DEBUG com.jayway.jsonpath.internal.JsonContext -- Put path $ key type value rawKeyDown
12:53:17.633 [main] DEBUG com.jayway.jsonpath.internal.path.CompiledPath -- Evaluating path: $['text']
12:53:17.633 [main] DEBUG com.jayway.jsonpath.internal.path.CompiledPath -- Evaluating path: $
12:53:17.633 [main] DEBUG com.jayway.jsonpath.internal.path.CompiledPath -- Evaluating path: $
12:53:17.633 [main] DEBUG com.jayway.jsonpath.internal.JsonContext -- Put path $ key text value {}
12:53:17.633 [main] DEBUG com.jayway.jsonpath.internal.path.CompiledPath -- Evaluating path: $
12:53:17.633 [main] DEBUG com.jayway.jsonpath.internal.JsonContext -- Put path $ key text value l
12:53:17.633 [main] DEBUG com.jayway.jsonpath.internal.path.CompiledPath -- Evaluating path: $['windowsVirtualKeyCode']
12:53:17.633 [main] DEBUG com.jayway.jsonpath.internal.path.CompiledPath -- Evaluating path: $
12:53:17.633 [main] DEBUG com.jayway.jsonpath.internal.path.CompiledPath -- Evaluating path: $
12:53:17.633 [main] DEBUG com.jayway.jsonpath.internal.JsonContext -- Put path $ key windowsVirtualKeyCode value {}
12:53:17.633 [main] DEBUG com.jayway.jsonpath.internal.path.CompiledPath -- Evaluating path: $
12:53:17.633 [main] DEBUG com.jayway.jsonpath.internal.JsonContext -- Put path $ key windowsVirtualKeyCode value 108
12:53:17.633 [main] DEBUG com.jayway.jsonpath.internal.path.CompiledPath -- Evaluating path: $
12:53:17.633 [main] DEBUG com.intuit.karate.driver.chrome_1718781787382 -- >> {"id":49,"sessionId":"C948EB84EF55B0DD980335EE566A6085","method":"Input.dispatchKeyEvent","params":{"modifiers":0,"type":"rawKeyDown","text":"l","windowsVirtualKeyCode":108}}
12:53:17.633 [nioEventLoopGroup-11-1] DEBUG com.intuit.karate.driver.chrome_1718781787382 -- << {"id":49,"result":{},"sessionId":"C948EB84EF55B0DD980335EE566A6085"}
12:53:17.633 [nioEventLoopGroup-11-1] DEBUG com.jayway.jsonpath.internal.path.CompiledPath -- Evaluating path: $
12:53:17.633 [main] DEBUG com.jayway.jsonpath.internal.path.CompiledPath -- Evaluating path: $['modifiers']
12:53:17.633 [main] DEBUG com.jayway.jsonpath.internal.path.CompiledPath -- Evaluating path: $
12:53:17.633 [main] DEBUG com.jayway.jsonpath.internal.path.CompiledPath -- Evaluating path: $
12:53:17.633 [main] DEBUG com.jayway.jsonpath.internal.JsonContext -- Put path $ key modifiers value {}
12:53:17.633 [main] DEBUG com.jayway.jsonpath.internal.path.CompiledPath -- Evaluating path: $
12:53:17.633 [main] DEBUG com.jayway.jsonpath.internal.JsonContext -- Put path $ key modifiers value 0
12:53:17.633 [main] DEBUG com.jayway.jsonpath.internal.path.CompiledPath -- Evaluating path: $['type']
12:53:17.633 [main] DEBUG com.jayway.jsonpath.internal.path.CompiledPath -- Evaluating path: $
12:53:17.633 [main] DEBUG com.jayway.jsonpath.internal.path.CompiledPath -- Evaluating path: $
12:53:17.633 [main] DEBUG com.jayway.jsonpath.internal.JsonContext -- Put path $ key type value {}
12:53:17.633 [main] DEBUG com.jayway.jsonpath.internal.path.CompiledPath -- Evaluating path: $
12:53:17.633 [main] DEBUG com.jayway.jsonpath.internal.JsonContext -- Put path $ key type value char
12:53:17.633 [main] DEBUG com.jayway.jsonpath.internal.path.CompiledPath -- Evaluating path: $['text']
12:53:17.633 [main] DEBUG com.jayway.jsonpath.internal.path.CompiledPath -- Evaluating path: $
12:53:17.633 [main] DEBUG com.jayway.jsonpath.internal.path.CompiledPath -- Evaluating path: $
12:53:17.633 [main] DEBUG com.jayway.jsonpath.internal.JsonContext -- Put path $ key text value {}
12:53:17.633 [main] DEBUG com.jayway.jsonpath.internal.path.CompiledPath -- Evaluating path: $
12:53:17.633 [main] DEBUG com.jayway.jsonpath.internal.JsonContext -- Put path $ key text value l
12:53:17.633 [main] DEBUG com.jayway.jsonpath.internal.path.CompiledPath -- Evaluating path: $['windowsVirtualKeyCode']
12:53:17.633 [main] DEBUG com.jayway.jsonpath.internal.path.CompiledPath -- Evaluating path: $
12:53:17.633 [main] DEBUG com.jayway.jsonpath.internal.path.CompiledPath -- Evaluating path: $
12:53:17.633 [main] DEBUG com.jayway.jsonpath.internal.JsonContext -- Put path $ key windowsVirtualKeyCode value {}
12:53:17.633 [main] DEBUG com.jayway.jsonpath.internal.path.CompiledPath -- Evaluating path: $
12:53:17.633 [main] DEBUG com.jayway.jsonpath.internal.JsonContext -- Put path $ key windowsVirtualKeyCode value 108
12:53:17.633 [main] DEBUG com.jayway.jsonpath.internal.path.CompiledPath -- Evaluating path: $
12:53:17.633 [main] DEBUG com.intuit.karate.driver.chrome_1718781787382 -- >> {"id":50,"sessionId":"C948EB84EF55B0DD980335EE566A6085","method":"Input.dispatchKeyEvent","params":{"modifiers":0,"type":"char","text":"l","windowsVirtualKeyCode":108}}
12:53:17.633 [nioEventLoopGroup-11-1] DEBUG com.intuit.karate.driver.chrome_1718781787382 -- << {"id":50,"result":{},"sessionId":"C948EB84EF55B0DD980335EE566A6085"}
12:53:17.633 [nioEventLoopGroup-11-1] DEBUG com.jayway.jsonpath.internal.path.CompiledPath -- Evaluating path: $
12:53:17.633 [main] DEBUG com.jayway.jsonpath.internal.path.CompiledPath -- Evaluating path: $['modifiers']
12:53:17.633 [main] DEBUG com.jayway.jsonpath.internal.path.CompiledPath -- Evaluating path: $
12:53:17.633 [main] DEBUG com.jayway.jsonpath.internal.path.CompiledPath -- Evaluating path: $
12:53:17.633 [main] DEBUG com.jayway.jsonpath.internal.JsonContext -- Put path $ key modifiers value {}
12:53:17.633 [main] DEBUG com.jayway.jsonpath.internal.path.CompiledPath -- Evaluating path: $
12:53:17.633 [main] DEBUG com.jayway.jsonpath.internal.JsonContext -- Put path $ key modifiers value 0
12:53:17.633 [main] DEBUG com.jayway.jsonpath.internal.path.CompiledPath -- Evaluating path: $['type']
12:53:17.633 [main] DEBUG com.jayway.jsonpath.internal.path.CompiledPath -- Evaluating path: $
12:53:17.633 [main] DEBUG com.jayway.jsonpath.internal.path.CompiledPath -- Evaluating path: $
12:53:17.633 [main] DEBUG com.jayway.jsonpath.internal.JsonContext -- Put path $ key type value {}
12:53:17.633 [main] DEBUG com.jayway.jsonpath.internal.path.CompiledPath -- Evaluating path: $
12:53:17.633 [main] DEBUG com.jayway.jsonpath.internal.JsonContext -- Put path $ key type value keyUp
12:53:17.633 [main] DEBUG com.jayway.jsonpath.internal.path.CompiledPath -- Evaluating path: $['text']
12:53:17.633 [main] DEBUG com.jayway.jsonpath.internal.path.CompiledPath -- Evaluating path: $
12:53:17.633 [main] DEBUG com.jayway.jsonpath.internal.path.CompiledPath -- Evaluating path: $
12:53:17.633 [main] DEBUG com.jayway.jsonpath.internal.JsonContext -- Put path $ key text value {}
12:53:17.633 [main] DEBUG com.jayway.jsonpath.internal.path.CompiledPath -- Evaluating path: $
12:53:17.633 [main] DEBUG com.jayway.jsonpath.internal.JsonContext -- Put path $ key text value l
12:53:17.633 [main] DEBUG com.jayway.jsonpath.internal.path.CompiledPath -- Evaluating path: $['windowsVirtualKeyCode']
12:53:17.633 [main] DEBUG com.jayway.jsonpath.internal.path.CompiledPath -- Evaluating path: $
12:53:17.633 [main] DEBUG com.jayway.jsonpath.internal.path.CompiledPath -- Evaluating path: $
12:53:17.633 [main] DEBUG com.jayway.jsonpath.internal.JsonContext -- Put path $ key windowsVirtualKeyCode value {}
12:53:17.633 [main] DEBUG com.jayway.jsonpath.internal.path.CompiledPath -- Evaluating path: $
12:53:17.633 [main] DEBUG com.jayway.jsonpath.internal.JsonContext -- Put path $ key windowsVirtualKeyCode value 108
12:53:17.633 [main] DEBUG com.jayway.jsonpath.internal.path.CompiledPath -- Evaluating path: $
12:53:17.633 [main] DEBUG com.intuit.karate.driver.chrome_1718781787382 -- >> {"id":51,"sessionId":"C948EB84EF55B0DD980335EE566A6085","method":"Input.dispatchKeyEvent","params":{"modifiers":0,"type":"keyUp","text":"l","windowsVirtualKeyCode":108}}
12:53:17.648 [nioEventLoopGroup-11-1] DEBUG com.intuit.karate.driver.chrome_1718781787382 -- << {"id":51,"result":{},"sessionId":"C948EB84EF55B0DD980335EE566A6085"}
12:53:17.648 [nioEventLoopGroup-11-1] DEBUG com.jayway.jsonpath.internal.path.CompiledPath -- Evaluating path: $
12:53:17.648 [main] DEBUG com.jayway.jsonpath.internal.path.CompiledPath -- Evaluating path: $['modifiers']
12:53:17.648 [main] DEBUG com.jayway.jsonpath.internal.path.CompiledPath -- Evaluating path: $
12:53:17.648 [main] DEBUG com.jayway.jsonpath.internal.path.CompiledPath -- Evaluating path: $
12:53:17.648 [main] DEBUG com.jayway.jsonpath.internal.JsonContext -- Put path $ key modifiers value {}
12:53:17.648 [main] DEBUG com.jayway.jsonpath.internal.path.CompiledPath -- Evaluating path: $
12:53:17.648 [main] DEBUG com.jayway.jsonpath.internal.JsonContext -- Put path $ key modifiers value 0
12:53:17.648 [main] DEBUG com.jayway.jsonpath.internal.path.CompiledPath -- Evaluating path: $['type']
12:53:17.648 [main] DEBUG com.jayway.jsonpath.internal.path.CompiledPath -- Evaluating path: $
12:53:17.648 [main] DEBUG com.jayway.jsonpath.internal.path.CompiledPath -- Evaluating path: $
12:53:17.648 [main] DEBUG com.jayway.jsonpath.internal.JsonContext -- Put path $ key type value {}
12:53:17.648 [main] DEBUG com.jayway.jsonpath.internal.path.CompiledPath -- Evaluating path: $
12:53:17.648 [main] DEBUG com.jayway.jsonpath.internal.JsonContext -- Put path $ key type value rawKeyDown
12:53:17.648 [main] DEBUG com.jayway.jsonpath.internal.path.CompiledPath -- Evaluating path: $['text']
12:53:17.648 [main] DEBUG com.jayway.jsonpath.internal.path.CompiledPath -- Evaluating path: $
12:53:17.648 [main] DEBUG com.jayway.jsonpath.internal.path.CompiledPath -- Evaluating path: $
12:53:17.648 [main] DEBUG com.jayway.jsonpath.internal.JsonContext -- Put path $ key text value {}
12:53:17.648 [main] DEBUG com.jayway.jsonpath.internal.path.CompiledPath -- Evaluating path: $
12:53:17.648 [main] DEBUG com.jayway.jsonpath.internal.JsonContext -- Put path $ key text value i
12:53:17.648 [main] DEBUG com.jayway.jsonpath.internal.path.CompiledPath -- Evaluating path: $['windowsVirtualKeyCode']
12:53:17.648 [main] DEBUG com.jayway.jsonpath.internal.path.CompiledPath -- Evaluating path: $
12:53:17.648 [main] DEBUG com.jayway.jsonpath.internal.path.CompiledPath -- Evaluating path: $
12:53:17.648 [main] DEBUG com.jayway.jsonpath.internal.JsonContext -- Put path $ key windowsVirtualKeyCode value {}
12:53:17.648 [main] DEBUG com.jayway.jsonpath.internal.path.CompiledPath -- Evaluating path: $
12:53:17.648 [main] DEBUG com.jayway.jsonpath.internal.JsonContext -- Put path $ key windowsVirtualKeyCode value 105
12:53:17.648 [main] DEBUG com.jayway.jsonpath.internal.path.CompiledPath -- Evaluating path: $
12:53:17.648 [main] DEBUG com.intuit.karate.driver.chrome_1718781787382 -- >> {"id":52,"sessionId":"C948EB84EF55B0DD980335EE566A6085","method":"Input.dispatchKeyEvent","params":{"modifiers":0,"type":"rawKeyDown","text":"i","windowsVirtualKeyCode":105}}
12:53:17.650 [nioEventLoopGroup-11-1] DEBUG com.intuit.karate.driver.chrome_1718781787382 -- << {"id":52,"result":{},"sessionId":"C948EB84EF55B0DD980335EE566A6085"}
12:53:17.650 [nioEventLoopGroup-11-1] DEBUG com.jayway.jsonpath.internal.path.CompiledPath -- Evaluating path: $
12:53:17.650 [main] DEBUG com.jayway.jsonpath.internal.path.CompiledPath -- Evaluating path: $['modifiers']
12:53:17.650 [main] DEBUG com.jayway.jsonpath.internal.path.CompiledPath -- Evaluating path: $
12:53:17.650 [main] DEBUG com.jayway.jsonpath.internal.path.CompiledPath -- Evaluating path: $
12:53:17.650 [main] DEBUG com.jayway.jsonpath.internal.JsonContext -- Put path $ key modifiers value {}
12:53:17.650 [main] DEBUG com.jayway.jsonpath.internal.path.CompiledPath -- Evaluating path: $
12:53:17.650 [main] DEBUG com.jayway.jsonpath.internal.JsonContext -- Put path $ key modifiers value 0
12:53:17.650 [main] DEBUG com.jayway.jsonpath.internal.path.CompiledPath -- Evaluating path: $['type']
12:53:17.650 [main] DEBUG com.jayway.jsonpath.internal.path.CompiledPath -- Evaluating path: $
12:53:17.650 [main] DEBUG com.jayway.jsonpath.internal.path.CompiledPath -- Evaluating path: $
12:53:17.650 [main] DEBUG com.jayway.jsonpath.internal.JsonContext -- Put path $ key type value {}
12:53:17.650 [main] DEBUG com.jayway.jsonpath.internal.path.CompiledPath -- Evaluating path: $
12:53:17.650 [main] DEBUG com.jayway.jsonpath.internal.JsonContext -- Put path $ key type value char
12:53:17.650 [main] DEBUG com.jayway.jsonpath.internal.path.CompiledPath -- Evaluating path: $['text']
12:53:17.650 [main] DEBUG com.jayway.jsonpath.internal.path.CompiledPath -- Evaluating path: $
12:53:17.650 [main] DEBUG com.jayway.jsonpath.internal.path.CompiledPath -- Evaluating path: $
12:53:17.650 [main] DEBUG com.jayway.jsonpath.internal.JsonContext -- Put path $ key text value {}
12:53:17.650 [main] DEBUG com.jayway.jsonpath.internal.path.CompiledPath -- Evaluating path: $
12:53:17.650 [main] DEBUG com.jayway.jsonpath.internal.JsonContext -- Put path $ key text value i
12:53:17.650 [main] DEBUG com.jayway.jsonpath.internal.path.CompiledPath -- Evaluating path: $['windowsVirtualKeyCode']
12:53:17.650 [main] DEBUG com.jayway.jsonpath.internal.path.CompiledPath -- Evaluating path: $
12:53:17.650 [main] DEBUG com.jayway.jsonpath.internal.path.CompiledPath -- Evaluating path: $
12:53:17.650 [main] DEBUG com.jayway.jsonpath.internal.JsonContext -- Put path $ key windowsVirtualKeyCode value {}
12:53:17.650 [main] DEBUG com.jayway.jsonpath.internal.path.CompiledPath -- Evaluating path: $
12:53:17.650 [main] DEBUG com.jayway.jsonpath.internal.JsonContext -- Put path $ key windowsVirtualKeyCode value 105
12:53:17.650 [main] DEBUG com.jayway.jsonpath.internal.path.CompiledPath -- Evaluating path: $
12:53:17.650 [main] DEBUG com.intuit.karate.driver.chrome_1718781787382 -- >> {"id":53,"sessionId":"C948EB84EF55B0DD980335EE566A6085","method":"Input.dispatchKeyEvent","params":{"modifiers":0,"type":"char","text":"i","windowsVirtualKeyCode":105}}
12:53:17.650 [nioEventLoopGroup-11-1] DEBUG com.intuit.karate.driver.chrome_1718781787382 -- << {"id":53,"result":{},"sessionId":"C948EB84EF55B0DD980335EE566A6085"}
12:53:17.650 [nioEventLoopGroup-11-1] DEBUG com.jayway.jsonpath.internal.path.CompiledPath -- Evaluating path: $
12:53:17.650 [main] DEBUG com.jayway.jsonpath.internal.path.CompiledPath -- Evaluating path: $['modifiers']
12:53:17.650 [main] DEBUG com.jayway.jsonpath.internal.path.CompiledPath -- Evaluating path: $
12:53:17.650 [main] DEBUG com.jayway.jsonpath.internal.path.CompiledPath -- Evaluating path: $
12:53:17.650 [main] DEBUG com.jayway.jsonpath.internal.JsonContext -- Put path $ key modifiers value {}
12:53:17.650 [main] DEBUG com.jayway.jsonpath.internal.path.CompiledPath -- Evaluating path: $
12:53:17.650 [main] DEBUG com.jayway.jsonpath.internal.JsonContext -- Put path $ key modifiers value 0
12:53:17.650 [main] DEBUG com.jayway.jsonpath.internal.path.CompiledPath -- Evaluating path: $['type']
12:53:17.650 [main] DEBUG com.jayway.jsonpath.internal.path.CompiledPath -- Evaluating path: $
12:53:17.650 [main] DEBUG com.jayway.jsonpath.internal.path.CompiledPath -- Evaluating path: $
12:53:17.650 [main] DEBUG com.jayway.jsonpath.internal.JsonContext -- Put path $ key type value {}
12:53:17.650 [main] DEBUG com.jayway.jsonpath.internal.path.CompiledPath -- Evaluating path: $
12:53:17.650 [main] DEBUG com.jayway.jsonpath.internal.JsonContext -- Put path $ key type value keyUp
12:53:17.650 [main] DEBUG com.jayway.jsonpath.internal.path.CompiledPath -- Evaluating path: $['text']
12:53:17.650 [main] DEBUG com.jayway.jsonpath.internal.path.CompiledPath -- Evaluating path: $
12:53:17.650 [main] DEBUG com.jayway.jsonpath.internal.path.CompiledPath -- Evaluating path: $
12:53:17.650 [main] DEBUG com.jayway.jsonpath.internal.JsonContext -- Put path $ key text value {}
12:53:17.650 [main] DEBUG com.jayway.jsonpath.internal.path.CompiledPath -- Evaluating path: $
12:53:17.650 [main] DEBUG com.jayway.jsonpath.internal.JsonContext -- Put path $ key text value i
12:53:17.650 [main] DEBUG com.jayway.jsonpath.internal.path.CompiledPath -- Evaluating path: $['windowsVirtualKeyCode']
12:53:17.650 [main] DEBUG com.jayway.jsonpath.internal.path.CompiledPath -- Evaluating path: $
12:53:17.650 [main] DEBUG com.jayway.jsonpath.internal.path.CompiledPath -- Evaluating path: $
12:53:17.650 [main] DEBUG com.jayway.jsonpath.internal.JsonContext -- Put path $ key windowsVirtualKeyCode value {}
12:53:17.650 [main] DEBUG com.jayway.jsonpath.internal.path.CompiledPath -- Evaluating path: $
12:53:17.650 [main] DEBUG com.jayway.jsonpath.internal.JsonContext -- Put path $ key windowsVirtualKeyCode value 105
12:53:17.650 [main] DEBUG com.jayway.jsonpath.internal.path.CompiledPath -- Evaluating path: $
12:53:17.650 [main] DEBUG com.intuit.karate.driver.chrome_1718781787382 -- >> {"id":54,"sessionId":"C948EB84EF55B0DD980335EE566A6085","method":"Input.dispatchKeyEvent","params":{"modifiers":0,"type":"keyUp","text":"i","windowsVirtualKeyCode":105}}
12:53:17.774 [nioEventLoopGroup-11-1] DEBUG com.intuit.karate.driver.chrome_1718781787382 -- << {"id":54,"result":{},"sessionId":"C948EB84EF55B0DD980335EE566A6085"}
12:53:17.774 [nioEventLoopGroup-11-1] DEBUG com.jayway.jsonpath.internal.path.CompiledPath -- Evaluating path: $
12:53:17.774 [main] DEBUG com.jayway.jsonpath.internal.path.CompiledPath -- Evaluating path: $['modifiers']
12:53:17.774 [main] DEBUG com.jayway.jsonpath.internal.path.CompiledPath -- Evaluating path: $
12:53:17.774 [main] DEBUG com.jayway.jsonpath.internal.path.CompiledPath -- Evaluating path: $
12:53:17.774 [main] DEBUG com.jayway.jsonpath.internal.JsonContext -- Put path $ key modifiers value {}
12:53:17.774 [main] DEBUG com.jayway.jsonpath.internal.path.CompiledPath -- Evaluating path: $
12:53:17.774 [main] DEBUG com.jayway.jsonpath.internal.JsonContext -- Put path $ key modifiers value 0
12:53:17.774 [main] DEBUG com.jayway.jsonpath.internal.path.CompiledPath -- Evaluating path: $['type']
12:53:17.774 [main] DEBUG com.jayway.jsonpath.internal.path.CompiledPath -- Evaluating path: $
12:53:17.774 [main] DEBUG com.jayway.jsonpath.internal.path.CompiledPath -- Evaluating path: $
12:53:17.774 [main] DEBUG com.jayway.jsonpath.internal.JsonContext -- Put path $ key type value {}
12:53:17.774 [main] DEBUG com.jayway.jsonpath.internal.path.CompiledPath -- Evaluating path: $
12:53:17.774 [main] DEBUG com.jayway.jsonpath.internal.JsonContext -- Put path $ key type value rawKeyDown
12:53:17.774 [main] DEBUG com.jayway.jsonpath.internal.path.CompiledPath -- Evaluating path: $['text']
12:53:17.774 [main] DEBUG com.jayway.jsonpath.internal.path.CompiledPath -- Evaluating path: $
12:53:17.774 [main] DEBUG com.jayway.jsonpath.internal.path.CompiledPath -- Evaluating path: $
12:53:17.774 [main] DEBUG com.jayway.jsonpath.internal.JsonContext -- Put path $ key text value {}
12:53:17.774 [main] DEBUG com.jayway.jsonpath.internal.path.CompiledPath -- Evaluating path: $
12:53:17.774 [main] DEBUG com.jayway.jsonpath.internal.JsonContext -- Put path $ key text value d
12:53:17.774 [main] DEBUG com.jayway.jsonpath.internal.path.CompiledPath -- Evaluating path: $['windowsVirtualKeyCode']
12:53:17.774 [main] DEBUG com.jayway.jsonpath.internal.path.CompiledPath -- Evaluating path: $
12:53:17.774 [main] DEBUG com.jayway.jsonpath.internal.path.CompiledPath -- Evaluating path: $
12:53:17.774 [main] DEBUG com.jayway.jsonpath.internal.JsonContext -- Put path $ key windowsVirtualKeyCode value {}
12:53:17.774 [main] DEBUG com.jayway.jsonpath.internal.path.CompiledPath -- Evaluating path: $
12:53:17.774 [main] DEBUG com.jayway.jsonpath.internal.JsonContext -- Put path $ key windowsVirtualKeyCode value 100
12:53:17.774 [main] DEBUG com.jayway.jsonpath.internal.path.CompiledPath -- Evaluating path: $
12:53:17.774 [main] DEBUG com.intuit.karate.driver.chrome_1718781787382 -- >> {"id":55,"sessionId":"C948EB84EF55B0DD980335EE566A6085","method":"Input.dispatchKeyEvent","params":{"modifiers":0,"type":"rawKeyDown","text":"d","windowsVirtualKeyCode":100}}
12:53:17.774 [nioEventLoopGroup-11-1] DEBUG com.intuit.karate.driver.chrome_1718781787382 -- << {"id":55,"result":{},"sessionId":"C948EB84EF55B0DD980335EE566A6085"}
12:53:17.774 [nioEventLoopGroup-11-1] DEBUG com.jayway.jsonpath.internal.path.CompiledPath -- Evaluating path: $
12:53:17.774 [main] DEBUG com.jayway.jsonpath.internal.path.CompiledPath -- Evaluating path: $['modifiers']
12:53:17.774 [main] DEBUG com.jayway.jsonpath.internal.path.CompiledPath -- Evaluating path: $
12:53:17.774 [main] DEBUG com.jayway.jsonpath.internal.path.CompiledPath -- Evaluating path: $
12:53:17.774 [main] DEBUG com.jayway.jsonpath.internal.JsonContext -- Put path $ key modifiers value {}
12:53:17.774 [main] DEBUG com.jayway.jsonpath.internal.path.CompiledPath -- Evaluating path: $
12:53:17.774 [main] DEBUG com.jayway.jsonpath.internal.JsonContext -- Put path $ key modifiers value 0
12:53:17.774 [main] DEBUG com.jayway.jsonpath.internal.path.CompiledPath -- Evaluating path: $['type']
12:53:17.774 [main] DEBUG com.jayway.jsonpath.internal.path.CompiledPath -- Evaluating path: $
12:53:17.774 [main] DEBUG com.jayway.jsonpath.internal.path.CompiledPath -- Evaluating path: $
12:53:17.774 [main] DEBUG com.jayway.jsonpath.internal.JsonContext -- Put path $ key type value {}
12:53:17.774 [main] DEBUG com.jayway.jsonpath.internal.path.CompiledPath -- Evaluating path: $
12:53:17.774 [main] DEBUG com.jayway.jsonpath.internal.JsonContext -- Put path $ key type value char
12:53:17.774 [main] DEBUG com.jayway.jsonpath.internal.path.CompiledPath -- Evaluating path: $['text']
12:53:17.774 [main] DEBUG com.jayway.jsonpath.internal.path.CompiledPath -- Evaluating path: $
12:53:17.774 [main] DEBUG com.jayway.jsonpath.internal.path.CompiledPath -- Evaluating path: $
12:53:17.774 [main] DEBUG com.jayway.jsonpath.internal.JsonContext -- Put path $ key text value {}
12:53:17.774 [main] DEBUG com.jayway.jsonpath.internal.path.CompiledPath -- Evaluating path: $
12:53:17.774 [main] DEBUG com.jayway.jsonpath.internal.JsonContext -- Put path $ key text value d
12:53:17.774 [main] DEBUG com.jayway.jsonpath.internal.path.CompiledPath -- Evaluating path: $['windowsVirtualKeyCode']
12:53:17.774 [main] DEBUG com.jayway.jsonpath.internal.path.CompiledPath -- Evaluating path: $
12:53:17.774 [main] DEBUG com.jayway.jsonpath.internal.path.CompiledPath -- Evaluating path: $
12:53:17.774 [main] DEBUG com.jayway.jsonpath.internal.JsonContext -- Put path $ key windowsVirtualKeyCode value {}
12:53:17.774 [main] DEBUG com.jayway.jsonpath.internal.path.CompiledPath -- Evaluating path: $
12:53:17.774 [main] DEBUG com.jayway.jsonpath.internal.JsonContext -- Put path $ key windowsVirtualKeyCode value 100
12:53:17.774 [main] DEBUG com.jayway.jsonpath.internal.path.CompiledPath -- Evaluating path: $
12:53:17.774 [main] DEBUG com.intuit.karate.driver.chrome_1718781787382 -- >> {"id":56,"sessionId":"C948EB84EF55B0DD980335EE566A6085","method":"Input.dispatchKeyEvent","params":{"modifiers":0,"type":"char","text":"d","windowsVirtualKeyCode":100}}
12:53:17.782 [nioEventLoopGroup-11-1] DEBUG com.intuit.karate.driver.chrome_1718781787382 -- << {"id":56,"result":{},"sessionId":"C948EB84EF55B0DD980335EE566A6085"}
12:53:17.782 [nioEventLoopGroup-11-1] DEBUG com.jayway.jsonpath.internal.path.CompiledPath -- Evaluating path: $
12:53:17.782 [main] DEBUG com.jayway.jsonpath.internal.path.CompiledPath -- Evaluating path: $['modifiers']
12:53:17.782 [main] DEBUG com.jayway.jsonpath.internal.path.CompiledPath -- Evaluating path: $
12:53:17.782 [main] DEBUG com.jayway.jsonpath.internal.path.CompiledPath -- Evaluating path: $
12:53:17.782 [main] DEBUG com.jayway.jsonpath.internal.JsonContext -- Put path $ key modifiers value {}
12:53:17.782 [main] DEBUG com.jayway.jsonpath.internal.path.CompiledPath -- Evaluating path: $
12:53:17.782 [main] DEBUG com.jayway.jsonpath.internal.JsonContext -- Put path $ key modifiers value 0
12:53:17.782 [main] DEBUG com.jayway.jsonpath.internal.path.CompiledPath -- Evaluating path: $['type']
12:53:17.782 [main] DEBUG com.jayway.jsonpath.internal.path.CompiledPath -- Evaluating path: $
12:53:17.782 [main] DEBUG com.jayway.jsonpath.internal.path.CompiledPath -- Evaluating path: $
12:53:17.782 [main] DEBUG com.jayway.jsonpath.internal.JsonContext -- Put path $ key type value {}
12:53:17.782 [main] DEBUG com.jayway.jsonpath.internal.path.CompiledPath -- Evaluating path: $
12:53:17.782 [main] DEBUG com.jayway.jsonpath.internal.JsonContext -- Put path $ key type value keyUp
12:53:17.782 [main] DEBUG com.jayway.jsonpath.internal.path.CompiledPath -- Evaluating path: $['text']
12:53:17.782 [main] DEBUG com.jayway.jsonpath.internal.path.CompiledPath -- Evaluating path: $
12:53:17.782 [main] DEBUG com.jayway.jsonpath.internal.path.CompiledPath -- Evaluating path: $
12:53:17.782 [main] DEBUG com.jayway.jsonpath.internal.JsonContext -- Put path $ key text value {}
12:53:17.782 [main] DEBUG com.jayway.jsonpath.internal.path.CompiledPath -- Evaluating path: $
12:53:17.782 [main] DEBUG com.jayway.jsonpath.internal.JsonContext -- Put path $ key text value d
12:53:17.782 [main] DEBUG com.jayway.jsonpath.internal.path.CompiledPath -- Evaluating path: $['windowsVirtualKeyCode']
12:53:17.782 [main] DEBUG com.jayway.jsonpath.internal.path.CompiledPath -- Evaluating path: $
12:53:17.782 [main] DEBUG com.jayway.jsonpath.internal.path.CompiledPath -- Evaluating path: $
12:53:17.782 [main] DEBUG com.jayway.jsonpath.internal.JsonContext -- Put path $ key windowsVirtualKeyCode value {}
12:53:17.782 [main] DEBUG com.jayway.jsonpath.internal.path.CompiledPath -- Evaluating path: $
12:53:17.782 [main] DEBUG com.jayway.jsonpath.internal.JsonContext -- Put path $ key windowsVirtualKeyCode value 100
12:53:17.782 [main] DEBUG com.jayway.jsonpath.internal.path.CompiledPath -- Evaluating path: $
12:53:17.782 [main] DEBUG com.intuit.karate.driver.chrome_1718781787382 -- >> {"id":57,"sessionId":"C948EB84EF55B0DD980335EE566A6085","method":"Input.dispatchKeyEvent","params":{"modifiers":0,"type":"keyUp","text":"d","windowsVirtualKeyCode":100}}
12:53:17.782 [nioEventLoopGroup-11-1] DEBUG com.intuit.karate.driver.chrome_1718781787382 -- << {"id":57,"result":{},"sessionId":"C948EB84EF55B0DD980335EE566A6085"}
12:53:17.782 [nioEventLoopGroup-11-1] DEBUG com.jayway.jsonpath.internal.path.CompiledPath -- Evaluating path: $
12:53:17.782 [main] DEBUG com.jayway.jsonpath.internal.path.CompiledPath -- Evaluating path: $['modifiers']
12:53:17.782 [main] DEBUG com.jayway.jsonpath.internal.path.CompiledPath -- Evaluating path: $
12:53:17.782 [main] DEBUG com.jayway.jsonpath.internal.path.CompiledPath -- Evaluating path: $
12:53:17.782 [main] DEBUG com.jayway.jsonpath.internal.JsonContext -- Put path $ key modifiers value {}
12:53:17.782 [main] DEBUG com.jayway.jsonpath.internal.path.CompiledPath -- Evaluating path: $
12:53:17.782 [main] DEBUG com.jayway.jsonpath.internal.JsonContext -- Put path $ key modifiers value 0
12:53:17.782 [main] DEBUG com.jayway.jsonpath.internal.path.CompiledPath -- Evaluating path: $['type']
12:53:17.782 [main] DEBUG com.jayway.jsonpath.internal.path.CompiledPath -- Evaluating path: $
12:53:17.782 [main] DEBUG com.jayway.jsonpath.internal.path.CompiledPath -- Evaluating path: $
12:53:17.782 [main] DEBUG com.jayway.jsonpath.internal.JsonContext -- Put path $ key type value {}
12:53:17.782 [main] DEBUG com.jayway.jsonpath.internal.path.CompiledPath -- Evaluating path: $
12:53:17.782 [main] DEBUG com.jayway.jsonpath.internal.JsonContext -- Put path $ key type value rawKeyDown
12:53:17.782 [main] DEBUG com.jayway.jsonpath.internal.path.CompiledPath -- Evaluating path: $['text']
12:53:17.782 [main] DEBUG com.jayway.jsonpath.internal.path.CompiledPath -- Evaluating path: $
12:53:17.782 [main] DEBUG com.jayway.jsonpath.internal.path.CompiledPath -- Evaluating path: $
12:53:17.782 [main] DEBUG com.jayway.jsonpath.internal.JsonContext -- Put path $ key text value {}
12:53:17.782 [main] DEBUG com.jayway.jsonpath.internal.path.CompiledPath -- Evaluating path: $
12:53:17.782 [main] DEBUG com.jayway.jsonpath.internal.JsonContext -- Put path $ key text value _
12:53:17.782 [main] DEBUG com.jayway.jsonpath.internal.path.CompiledPath -- Evaluating path: $['windowsVirtualKeyCode']
12:53:17.782 [main] DEBUG com.jayway.jsonpath.internal.path.CompiledPath -- Evaluating path: $
12:53:17.782 [main] DEBUG com.jayway.jsonpath.internal.path.CompiledPath -- Evaluating path: $
12:53:17.782 [main] DEBUG com.jayway.jsonpath.internal.JsonContext -- Put path $ key windowsVirtualKeyCode value {}
12:53:17.782 [main] DEBUG com.jayway.jsonpath.internal.path.CompiledPath -- Evaluating path: $
12:53:17.782 [main] DEBUG com.jayway.jsonpath.internal.JsonContext -- Put path $ key windowsVirtualKeyCode value 523
12:53:17.782 [main] DEBUG com.jayway.jsonpath.internal.path.CompiledPath -- Evaluating path: $
12:53:17.782 [main] DEBUG com.intuit.karate.driver.chrome_1718781787382 -- >> {"id":58,"sessionId":"C948EB84EF55B0DD980335EE566A6085","method":"Input.dispatchKeyEvent","params":{"modifiers":0,"type":"rawKeyDown","text":"_","windowsVirtualKeyCode":523}}
12:53:17.782 [nioEventLoopGroup-11-1] DEBUG com.intuit.karate.driver.chrome_1718781787382 -- << {"id":58,"result":{},"sessionId":"C948EB84EF55B0DD980335EE566A6085"}
12:53:17.782 [nioEventLoopGroup-11-1] DEBUG com.jayway.jsonpath.internal.path.CompiledPath -- Evaluating path: $
12:53:17.782 [main] DEBUG com.jayway.jsonpath.internal.path.CompiledPath -- Evaluating path: $['modifiers']
12:53:17.782 [main] DEBUG com.jayway.jsonpath.internal.path.CompiledPath -- Evaluating path: $
12:53:17.782 [main] DEBUG com.jayway.jsonpath.internal.path.CompiledPath -- Evaluating path: $
12:53:17.782 [main] DEBUG com.jayway.jsonpath.internal.JsonContext -- Put path $ key modifiers value {}
12:53:17.782 [main] DEBUG com.jayway.jsonpath.internal.path.CompiledPath -- Evaluating path: $
12:53:17.782 [main] DEBUG com.jayway.jsonpath.internal.JsonContext -- Put path $ key modifiers value 0
12:53:17.782 [main] DEBUG com.jayway.jsonpath.internal.path.CompiledPath -- Evaluating path: $['type']
12:53:17.782 [main] DEBUG com.jayway.jsonpath.internal.path.CompiledPath -- Evaluating path: $
12:53:17.782 [main] DEBUG com.jayway.jsonpath.internal.path.CompiledPath -- Evaluating path: $
12:53:17.782 [main] DEBUG com.jayway.jsonpath.internal.JsonContext -- Put path $ key type value {}
12:53:17.790 [main] DEBUG com.jayway.jsonpath.internal.path.CompiledPath -- Evaluating path: $
12:53:17.790 [main] DEBUG com.jayway.jsonpath.internal.JsonContext -- Put path $ key type value char
12:53:17.790 [main] DEBUG com.jayway.jsonpath.internal.path.CompiledPath -- Evaluating path: $['text']
12:53:17.790 [main] DEBUG com.jayway.jsonpath.internal.path.CompiledPath -- Evaluating path: $
12:53:17.790 [main] DEBUG com.jayway.jsonpath.internal.path.CompiledPath -- Evaluating path: $
12:53:17.790 [main] DEBUG com.jayway.jsonpath.internal.JsonContext -- Put path $ key text value {}
12:53:17.790 [main] DEBUG com.jayway.jsonpath.internal.path.CompiledPath -- Evaluating path: $
12:53:17.790 [main] DEBUG com.jayway.jsonpath.internal.JsonContext -- Put path $ key text value _
12:53:17.790 [main] DEBUG com.jayway.jsonpath.internal.path.CompiledPath -- Evaluating path: $['windowsVirtualKeyCode']
12:53:17.790 [main] DEBUG com.jayway.jsonpath.internal.path.CompiledPath -- Evaluating path: $
12:53:17.790 [main] DEBUG com.jayway.jsonpath.internal.path.CompiledPath -- Evaluating path: $
12:53:17.790 [main] DEBUG com.jayway.jsonpath.internal.JsonContext -- Put path $ key windowsVirtualKeyCode value {}
12:53:17.790 [main] DEBUG com.jayway.jsonpath.internal.path.CompiledPath -- Evaluating path: $
12:53:17.790 [main] DEBUG com.jayway.jsonpath.internal.JsonContext -- Put path $ key windowsVirtualKeyCode value 523
12:53:17.790 [main] DEBUG com.jayway.jsonpath.internal.path.CompiledPath -- Evaluating path: $
12:53:17.790 [main] DEBUG com.intuit.karate.driver.chrome_1718781787382 -- >> {"id":59,"sessionId":"C948EB84EF55B0DD980335EE566A6085","method":"Input.dispatchKeyEvent","params":{"modifiers":0,"type":"char","text":"_","windowsVirtualKeyCode":523}}
12:53:17.790 [nioEventLoopGroup-11-1] DEBUG com.intuit.karate.driver.chrome_1718781787382 -- << {"id":59,"result":{},"sessionId":"C948EB84EF55B0DD980335EE566A6085"}
12:53:17.790 [nioEventLoopGroup-11-1] DEBUG com.jayway.jsonpath.internal.path.CompiledPath -- Evaluating path: $
12:53:17.790 [main] DEBUG com.jayway.jsonpath.internal.path.CompiledPath -- Evaluating path: $['modifiers']
12:53:17.790 [main] DEBUG com.jayway.jsonpath.internal.path.CompiledPath -- Evaluating path: $
12:53:17.790 [main] DEBUG com.jayway.jsonpath.internal.path.CompiledPath -- Evaluating path: $
12:53:17.790 [main] DEBUG com.jayway.jsonpath.internal.JsonContext -- Put path $ key modifiers value {}
12:53:17.790 [main] DEBUG com.jayway.jsonpath.internal.path.CompiledPath -- Evaluating path: $
12:53:17.790 [main] DEBUG com.jayway.jsonpath.internal.JsonContext -- Put path $ key modifiers value 0
12:53:17.790 [main] DEBUG com.jayway.jsonpath.internal.path.CompiledPath -- Evaluating path: $['type']
12:53:17.790 [main] DEBUG com.jayway.jsonpath.internal.path.CompiledPath -- Evaluating path: $
12:53:17.790 [main] DEBUG com.jayway.jsonpath.internal.path.CompiledPath -- Evaluating path: $
12:53:17.790 [main] DEBUG com.jayway.jsonpath.internal.JsonContext -- Put path $ key type value {}
12:53:17.790 [main] DEBUG com.jayway.jsonpath.internal.path.CompiledPath -- Evaluating path: $
12:53:17.790 [main] DEBUG com.jayway.jsonpath.internal.JsonContext -- Put path $ key type value keyUp
12:53:17.790 [main] DEBUG com.jayway.jsonpath.internal.path.CompiledPath -- Evaluating path: $['text']
12:53:17.790 [main] DEBUG com.jayway.jsonpath.internal.path.CompiledPath -- Evaluating path: $
12:53:17.790 [main] DEBUG com.jayway.jsonpath.internal.path.CompiledPath -- Evaluating path: $
12:53:17.790 [main] DEBUG com.jayway.jsonpath.internal.JsonContext -- Put path $ key text value {}
12:53:17.790 [main] DEBUG com.jayway.jsonpath.internal.path.CompiledPath -- Evaluating path: $
12:53:17.790 [main] DEBUG com.jayway.jsonpath.internal.JsonContext -- Put path $ key text value _
12:53:17.790 [main] DEBUG com.jayway.jsonpath.internal.path.CompiledPath -- Evaluating path: $['windowsVirtualKeyCode']
12:53:17.790 [main] DEBUG com.jayway.jsonpath.internal.path.CompiledPath -- Evaluating path: $
12:53:17.790 [main] DEBUG com.jayway.jsonpath.internal.path.CompiledPath -- Evaluating path: $
12:53:17.790 [main] DEBUG com.jayway.jsonpath.internal.JsonContext -- Put path $ key windowsVirtualKeyCode value {}
12:53:17.790 [main] DEBUG com.jayway.jsonpath.internal.path.CompiledPath -- Evaluating path: $
12:53:17.790 [main] DEBUG com.jayway.jsonpath.internal.JsonContext -- Put path $ key windowsVirtualKeyCode value 523
12:53:17.790 [main] DEBUG com.jayway.jsonpath.internal.path.CompiledPath -- Evaluating path: $
12:53:17.790 [main] DEBUG com.intuit.karate.driver.chrome_1718781787382 -- >> {"id":60,"sessionId":"C948EB84EF55B0DD980335EE566A6085","method":"Input.dispatchKeyEvent","params":{"modifiers":0,"type":"keyUp","text":"_","windowsVirtualKeyCode":523}}
12:53:17.790 [nioEventLoopGroup-11-1] DEBUG com.intuit.karate.driver.chrome_1718781787382 -- << {"id":60,"result":{},"sessionId":"C948EB84EF55B0DD980335EE566A6085"}
12:53:17.790 [nioEventLoopGroup-11-1] DEBUG com.jayway.jsonpath.internal.path.CompiledPath -- Evaluating path: $
12:53:17.790 [main] DEBUG com.jayway.jsonpath.internal.path.CompiledPath -- Evaluating path: $['modifiers']
12:53:17.790 [main] DEBUG com.jayway.jsonpath.internal.path.CompiledPath -- Evaluating path: $
12:53:17.790 [main] DEBUG com.jayway.jsonpath.internal.path.CompiledPath -- Evaluating path: $
12:53:17.790 [main] DEBUG com.jayway.jsonpath.internal.JsonContext -- Put path $ key modifiers value {}
12:53:17.790 [main] DEBUG com.jayway.jsonpath.internal.path.CompiledPath -- Evaluating path: $
12:53:17.790 [main] DEBUG com.jayway.jsonpath.internal.JsonContext -- Put path $ key modifiers value 0
12:53:17.790 [main] DEBUG com.jayway.jsonpath.internal.path.CompiledPath -- Evaluating path: $['type']
12:53:17.790 [main] DEBUG com.jayway.jsonpath.internal.path.CompiledPath -- Evaluating path: $
12:53:17.790 [main] DEBUG com.jayway.jsonpath.internal.path.CompiledPath -- Evaluating path: $
12:53:17.790 [main] DEBUG com.jayway.jsonpath.internal.JsonContext -- Put path $ key type value {}
12:53:17.790 [main] DEBUG com.jayway.jsonpath.internal.path.CompiledPath -- Evaluating path: $
12:53:17.790 [main] DEBUG com.jayway.jsonpath.internal.JsonContext -- Put path $ key type value rawKeyDown
12:53:17.790 [main] DEBUG com.jayway.jsonpath.internal.path.CompiledPath -- Evaluating path: $['text']
12:53:17.790 [main] DEBUG com.jayway.jsonpath.internal.path.CompiledPath -- Evaluating path: $
12:53:17.790 [main] DEBUG com.jayway.jsonpath.internal.path.CompiledPath -- Evaluating path: $
12:53:17.790 [main] DEBUG com.jayway.jsonpath.internal.JsonContext -- Put path $ key text value {}
12:53:17.790 [main] DEBUG com.jayway.jsonpath.internal.path.CompiledPath -- Evaluating path: $
12:53:17.790 [main] DEBUG com.jayway.jsonpath.internal.JsonContext -- Put path $ key text value u
12:53:17.790 [main] DEBUG com.jayway.jsonpath.internal.path.CompiledPath -- Evaluating path: $['windowsVirtualKeyCode']
12:53:17.790 [main] DEBUG com.jayway.jsonpath.internal.path.CompiledPath -- Evaluating path: $
12:53:17.790 [main] DEBUG com.jayway.jsonpath.internal.path.CompiledPath -- Evaluating path: $
12:53:17.790 [main] DEBUG com.jayway.jsonpath.internal.JsonContext -- Put path $ key windowsVirtualKeyCode value {}
12:53:17.790 [main] DEBUG com.jayway.jsonpath.internal.path.CompiledPath -- Evaluating path: $
12:53:17.790 [main] DEBUG com.jayway.jsonpath.internal.JsonContext -- Put path $ key windowsVirtualKeyCode value 117
12:53:17.790 [main] DEBUG com.jayway.jsonpath.internal.path.CompiledPath -- Evaluating path: $
12:53:17.790 [main] DEBUG com.intuit.karate.driver.chrome_1718781787382 -- >> {"id":61,"sessionId":"C948EB84EF55B0DD980335EE566A6085","method":"Input.dispatchKeyEvent","params":{"modifiers":0,"type":"rawKeyDown","text":"u","windowsVirtualKeyCode":117}}
12:53:17.790 [nioEventLoopGroup-11-1] DEBUG com.intuit.karate.driver.chrome_1718781787382 -- << {"id":61,"result":{},"sessionId":"C948EB84EF55B0DD980335EE566A6085"}
12:53:17.790 [nioEventLoopGroup-11-1] DEBUG com.jayway.jsonpath.internal.path.CompiledPath -- Evaluating path: $
12:53:17.790 [main] DEBUG com.jayway.jsonpath.internal.path.CompiledPath -- Evaluating path: $['modifiers']
12:53:17.790 [main] DEBUG com.jayway.jsonpath.internal.path.CompiledPath -- Evaluating path: $
12:53:17.790 [main] DEBUG com.jayway.jsonpath.internal.path.CompiledPath -- Evaluating path: $
12:53:17.790 [main] DEBUG com.jayway.jsonpath.internal.JsonContext -- Put path $ key modifiers value {}
12:53:17.790 [main] DEBUG com.jayway.jsonpath.internal.path.CompiledPath -- Evaluating path: $
12:53:17.790 [main] DEBUG com.jayway.jsonpath.internal.JsonContext -- Put path $ key modifiers value 0
12:53:17.790 [main] DEBUG com.jayway.jsonpath.internal.path.CompiledPath -- Evaluating path: $['type']
12:53:17.790 [main] DEBUG com.jayway.jsonpath.internal.path.CompiledPath -- Evaluating path: $
12:53:17.790 [main] DEBUG com.jayway.jsonpath.internal.path.CompiledPath -- Evaluating path: $
12:53:17.790 [main] DEBUG com.jayway.jsonpath.internal.JsonContext -- Put path $ key type value {}
12:53:17.790 [main] DEBUG com.jayway.jsonpath.internal.path.CompiledPath -- Evaluating path: $
12:53:17.790 [main] DEBUG com.jayway.jsonpath.internal.JsonContext -- Put path $ key type value char
12:53:17.790 [main] DEBUG com.jayway.jsonpath.internal.path.CompiledPath -- Evaluating path: $['text']
12:53:17.790 [main] DEBUG com.jayway.jsonpath.internal.path.CompiledPath -- Evaluating path: $
12:53:17.790 [main] DEBUG com.jayway.jsonpath.internal.path.CompiledPath -- Evaluating path: $
12:53:17.790 [main] DEBUG com.jayway.jsonpath.internal.JsonContext -- Put path $ key text value {}
12:53:17.790 [main] DEBUG com.jayway.jsonpath.internal.path.CompiledPath -- Evaluating path: $
12:53:17.790 [main] DEBUG com.jayway.jsonpath.internal.JsonContext -- Put path $ key text value u
12:53:17.790 [main] DEBUG com.jayway.jsonpath.internal.path.CompiledPath -- Evaluating path: $['windowsVirtualKeyCode']
12:53:17.790 [main] DEBUG com.jayway.jsonpath.internal.path.CompiledPath -- Evaluating path: $
12:53:17.790 [main] DEBUG com.jayway.jsonpath.internal.path.CompiledPath -- Evaluating path: $
12:53:17.790 [main] DEBUG com.jayway.jsonpath.internal.JsonContext -- Put path $ key windowsVirtualKeyCode value {}
12:53:17.790 [main] DEBUG com.jayway.jsonpath.internal.path.CompiledPath -- Evaluating path: $
12:53:17.790 [main] DEBUG com.jayway.jsonpath.internal.JsonContext -- Put path $ key windowsVirtualKeyCode value 117
12:53:17.790 [main] DEBUG com.jayway.jsonpath.internal.path.CompiledPath -- Evaluating path: $
12:53:17.790 [main] DEBUG com.intuit.karate.driver.chrome_1718781787382 -- >> {"id":62,"sessionId":"C948EB84EF55B0DD980335EE566A6085","method":"Input.dispatchKeyEvent","params":{"modifiers":0,"type":"char","text":"u","windowsVirtualKeyCode":117}}
12:53:17.790 [nioEventLoopGroup-11-1] DEBUG com.intuit.karate.driver.chrome_1718781787382 -- << {"id":62,"result":{},"sessionId":"C948EB84EF55B0DD980335EE566A6085"}
12:53:17.790 [nioEventLoopGroup-11-1] DEBUG com.jayway.jsonpath.internal.path.CompiledPath -- Evaluating path: $
12:53:17.790 [main] DEBUG com.jayway.jsonpath.internal.path.CompiledPath -- Evaluating path: $['modifiers']
12:53:17.790 [main] DEBUG com.jayway.jsonpath.internal.path.CompiledPath -- Evaluating path: $
12:53:17.790 [main] DEBUG com.jayway.jsonpath.internal.path.CompiledPath -- Evaluating path: $
12:53:17.790 [main] DEBUG com.jayway.jsonpath.internal.JsonContext -- Put path $ key modifiers value {}
12:53:17.790 [main] DEBUG com.jayway.jsonpath.internal.path.CompiledPath -- Evaluating path: $
12:53:17.790 [main] DEBUG com.jayway.jsonpath.internal.JsonContext -- Put path $ key modifiers value 0
12:53:17.790 [main] DEBUG com.jayway.jsonpath.internal.path.CompiledPath -- Evaluating path: $['type']
12:53:17.790 [main] DEBUG com.jayway.jsonpath.internal.path.CompiledPath -- Evaluating path: $
12:53:17.790 [main] DEBUG com.jayway.jsonpath.internal.path.CompiledPath -- Evaluating path: $
12:53:17.790 [main] DEBUG com.jayway.jsonpath.internal.JsonContext -- Put path $ key type value {}
12:53:17.790 [main] DEBUG com.jayway.jsonpath.internal.path.CompiledPath -- Evaluating path: $
12:53:17.790 [main] DEBUG com.jayway.jsonpath.internal.JsonContext -- Put path $ key type value keyUp
12:53:17.790 [main] DEBUG com.jayway.jsonpath.internal.path.CompiledPath -- Evaluating path: $['text']
12:53:17.790 [main] DEBUG com.jayway.jsonpath.internal.path.CompiledPath -- Evaluating path: $
12:53:17.790 [main] DEBUG com.jayway.jsonpath.internal.path.CompiledPath -- Evaluating path: $
12:53:17.790 [main] DEBUG com.jayway.jsonpath.internal.JsonContext -- Put path $ key text value {}
12:53:17.790 [main] DEBUG com.jayway.jsonpath.internal.path.CompiledPath -- Evaluating path: $
12:53:17.790 [main] DEBUG com.jayway.jsonpath.internal.JsonContext -- Put path $ key text value u
12:53:17.790 [main] DEBUG com.jayway.jsonpath.internal.path.CompiledPath -- Evaluating path: $['windowsVirtualKeyCode']
12:53:17.790 [main] DEBUG com.jayway.jsonpath.internal.path.CompiledPath -- Evaluating path: $
12:53:17.790 [main] DEBUG com.jayway.jsonpath.internal.path.CompiledPath -- Evaluating path: $
12:53:17.790 [main] DEBUG com.jayway.jsonpath.internal.JsonContext -- Put path $ key windowsVirtualKeyCode value {}
12:53:17.790 [main] DEBUG com.jayway.jsonpath.internal.path.CompiledPath -- Evaluating path: $
12:53:17.790 [main] DEBUG com.jayway.jsonpath.internal.JsonContext -- Put path $ key windowsVirtualKeyCode value 117
12:53:17.790 [main] DEBUG com.jayway.jsonpath.internal.path.CompiledPath -- Evaluating path: $
12:53:17.790 [main] DEBUG com.intuit.karate.driver.chrome_1718781787382 -- >> {"id":63,"sessionId":"C948EB84EF55B0DD980335EE566A6085","method":"Input.dispatchKeyEvent","params":{"modifiers":0,"type":"keyUp","text":"u","windowsVirtualKeyCode":117}}
12:53:17.790 [nioEventLoopGroup-11-1] DEBUG com.intuit.karate.driver.chrome_1718781787382 -- << {"id":63,"result":{},"sessionId":"C948EB84EF55B0DD980335EE566A6085"}
12:53:17.790 [nioEventLoopGroup-11-1] DEBUG com.jayway.jsonpath.internal.path.CompiledPath -- Evaluating path: $
12:53:17.790 [main] DEBUG com.jayway.jsonpath.internal.path.CompiledPath -- Evaluating path: $['modifiers']
12:53:17.790 [main] DEBUG com.jayway.jsonpath.internal.path.CompiledPath -- Evaluating path: $
12:53:17.790 [main] DEBUG com.jayway.jsonpath.internal.path.CompiledPath -- Evaluating path: $
12:53:17.790 [main] DEBUG com.jayway.jsonpath.internal.JsonContext -- Put path $ key modifiers value {}
12:53:17.790 [main] DEBUG com.jayway.jsonpath.internal.path.CompiledPath -- Evaluating path: $
12:53:17.790 [main] DEBUG com.jayway.jsonpath.internal.JsonContext -- Put path $ key modifiers value 0
12:53:17.790 [main] DEBUG com.jayway.jsonpath.internal.path.CompiledPath -- Evaluating path: $['type']
12:53:17.790 [main] DEBUG com.jayway.jsonpath.internal.path.CompiledPath -- Evaluating path: $
12:53:17.790 [main] DEBUG com.jayway.jsonpath.internal.path.CompiledPath -- Evaluating path: $
12:53:17.790 [main] DEBUG com.jayway.jsonpath.internal.JsonContext -- Put path $ key type value {}
12:53:17.790 [main] DEBUG com.jayway.jsonpath.internal.path.CompiledPath -- Evaluating path: $
12:53:17.790 [main] DEBUG com.jayway.jsonpath.internal.JsonContext -- Put path $ key type value rawKeyDown
12:53:17.790 [main] DEBUG com.jayway.jsonpath.internal.path.CompiledPath -- Evaluating path: $['text']
12:53:17.790 [main] DEBUG com.jayway.jsonpath.internal.path.CompiledPath -- Evaluating path: $
12:53:17.790 [main] DEBUG com.jayway.jsonpath.internal.path.CompiledPath -- Evaluating path: $
12:53:17.790 [main] DEBUG com.jayway.jsonpath.internal.JsonContext -- Put path $ key text value {}
12:53:17.790 [main] DEBUG com.jayway.jsonpath.internal.path.CompiledPath -- Evaluating path: $
12:53:17.790 [main] DEBUG com.jayway.jsonpath.internal.JsonContext -- Put path $ key text value s
12:53:17.790 [main] DEBUG com.jayway.jsonpath.internal.path.CompiledPath -- Evaluating path: $['windowsVirtualKeyCode']
12:53:17.790 [main] DEBUG com.jayway.jsonpath.internal.path.CompiledPath -- Evaluating path: $
12:53:17.790 [main] DEBUG com.jayway.jsonpath.internal.path.CompiledPath -- Evaluating path: $
12:53:17.790 [main] DEBUG com.jayway.jsonpath.internal.JsonContext -- Put path $ key windowsVirtualKeyCode value {}
12:53:17.790 [main] DEBUG com.jayway.jsonpath.internal.path.CompiledPath -- Evaluating path: $
12:53:17.790 [main] DEBUG com.jayway.jsonpath.internal.JsonContext -- Put path $ key windowsVirtualKeyCode value 115
12:53:17.790 [main] DEBUG com.jayway.jsonpath.internal.path.CompiledPath -- Evaluating path: $
12:53:17.806 [main] DEBUG com.intuit.karate.driver.chrome_1718781787382 -- >> {"id":64,"sessionId":"C948EB84EF55B0DD980335EE566A6085","method":"Input.dispatchKeyEvent","params":{"modifiers":0,"type":"rawKeyDown","text":"s","windowsVirtualKeyCode":115}}
12:53:17.806 [nioEventLoopGroup-11-1] DEBUG com.intuit.karate.driver.chrome_1718781787382 -- << {"id":64,"result":{},"sessionId":"C948EB84EF55B0DD980335EE566A6085"}
12:53:17.806 [nioEventLoopGroup-11-1] DEBUG com.jayway.jsonpath.internal.path.CompiledPath -- Evaluating path: $
12:53:17.806 [main] DEBUG com.jayway.jsonpath.internal.path.CompiledPath -- Evaluating path: $['modifiers']
12:53:17.806 [main] DEBUG com.jayway.jsonpath.internal.path.CompiledPath -- Evaluating path: $
12:53:17.806 [main] DEBUG com.jayway.jsonpath.internal.path.CompiledPath -- Evaluating path: $
12:53:17.806 [main] DEBUG com.jayway.jsonpath.internal.JsonContext -- Put path $ key modifiers value {}
12:53:17.806 [main] DEBUG com.jayway.jsonpath.internal.path.CompiledPath -- Evaluating path: $
12:53:17.806 [main] DEBUG com.jayway.jsonpath.internal.JsonContext -- Put path $ key modifiers value 0
12:53:17.806 [main] DEBUG com.jayway.jsonpath.internal.path.CompiledPath -- Evaluating path: $['type']
12:53:17.806 [main] DEBUG com.jayway.jsonpath.internal.path.CompiledPath -- Evaluating path: $
12:53:17.806 [main] DEBUG com.jayway.jsonpath.internal.path.CompiledPath -- Evaluating path: $
12:53:17.806 [main] DEBUG com.jayway.jsonpath.internal.JsonContext -- Put path $ key type value {}
12:53:17.806 [main] DEBUG com.jayway.jsonpath.internal.path.CompiledPath -- Evaluating path: $
12:53:17.806 [main] DEBUG com.jayway.jsonpath.internal.JsonContext -- Put path $ key type value char
12:53:17.806 [main] DEBUG com.jayway.jsonpath.internal.path.CompiledPath -- Evaluating path: $['text']
12:53:17.806 [main] DEBUG com.jayway.jsonpath.internal.path.CompiledPath -- Evaluating path: $
12:53:17.806 [main] DEBUG com.jayway.jsonpath.internal.path.CompiledPath -- Evaluating path: $
12:53:17.806 [main] DEBUG com.jayway.jsonpath.internal.JsonContext -- Put path $ key text value {}
12:53:17.806 [main] DEBUG com.jayway.jsonpath.internal.path.CompiledPath -- Evaluating path: $
12:53:17.806 [main] DEBUG com.jayway.jsonpath.internal.JsonContext -- Put path $ key text value s
12:53:17.806 [main] DEBUG com.jayway.jsonpath.internal.path.CompiledPath -- Evaluating path: $['windowsVirtualKeyCode']
12:53:17.806 [main] DEBUG com.jayway.jsonpath.internal.path.CompiledPath -- Evaluating path: $
12:53:17.806 [main] DEBUG com.jayway.jsonpath.internal.path.CompiledPath -- Evaluating path: $
12:53:17.806 [main] DEBUG com.jayway.jsonpath.internal.JsonContext -- Put path $ key windowsVirtualKeyCode value {}
12:53:17.806 [main] DEBUG com.jayway.jsonpath.internal.path.CompiledPath -- Evaluating path: $
12:53:17.806 [main] DEBUG com.jayway.jsonpath.internal.JsonContext -- Put path $ key windowsVirtualKeyCode value 115
12:53:17.806 [main] DEBUG com.jayway.jsonpath.internal.path.CompiledPath -- Evaluating path: $
12:53:17.806 [main] DEBUG com.intuit.karate.driver.chrome_1718781787382 -- >> {"id":65,"sessionId":"C948EB84EF55B0DD980335EE566A6085","method":"Input.dispatchKeyEvent","params":{"modifiers":0,"type":"char","text":"s","windowsVirtualKeyCode":115}}
12:53:17.806 [nioEventLoopGroup-11-1] DEBUG com.intuit.karate.driver.chrome_1718781787382 -- << {"id":65,"result":{},"sessionId":"C948EB84EF55B0DD980335EE566A6085"}
12:53:17.806 [nioEventLoopGroup-11-1] DEBUG com.jayway.jsonpath.internal.path.CompiledPath -- Evaluating path: $
12:53:17.806 [main] DEBUG com.jayway.jsonpath.internal.path.CompiledPath -- Evaluating path: $['modifiers']
12:53:17.806 [main] DEBUG com.jayway.jsonpath.internal.path.CompiledPath -- Evaluating path: $
12:53:17.806 [main] DEBUG com.jayway.jsonpath.internal.path.CompiledPath -- Evaluating path: $
12:53:17.806 [main] DEBUG com.jayway.jsonpath.internal.JsonContext -- Put path $ key modifiers value {}
12:53:17.806 [main] DEBUG com.jayway.jsonpath.internal.path.CompiledPath -- Evaluating path: $
12:53:17.806 [main] DEBUG com.jayway.jsonpath.internal.JsonContext -- Put path $ key modifiers value 0
12:53:17.806 [main] DEBUG com.jayway.jsonpath.internal.path.CompiledPath -- Evaluating path: $['type']
12:53:17.806 [main] DEBUG com.jayway.jsonpath.internal.path.CompiledPath -- Evaluating path: $
12:53:17.806 [main] DEBUG com.jayway.jsonpath.internal.path.CompiledPath -- Evaluating path: $
12:53:17.806 [main] DEBUG com.jayway.jsonpath.internal.JsonContext -- Put path $ key type value {}
12:53:17.806 [main] DEBUG com.jayway.jsonpath.internal.path.CompiledPath -- Evaluating path: $
12:53:17.806 [main] DEBUG com.jayway.jsonpath.internal.JsonContext -- Put path $ key type value keyUp
12:53:17.806 [main] DEBUG com.jayway.jsonpath.internal.path.CompiledPath -- Evaluating path: $['text']
12:53:17.806 [main] DEBUG com.jayway.jsonpath.internal.path.CompiledPath -- Evaluating path: $
12:53:17.806 [main] DEBUG com.jayway.jsonpath.internal.path.CompiledPath -- Evaluating path: $
12:53:17.806 [main] DEBUG com.jayway.jsonpath.internal.JsonContext -- Put path $ key text value {}
12:53:17.806 [main] DEBUG com.jayway.jsonpath.internal.path.CompiledPath -- Evaluating path: $
12:53:17.806 [main] DEBUG com.jayway.jsonpath.internal.JsonContext -- Put path $ key text value s
12:53:17.806 [main] DEBUG com.jayway.jsonpath.internal.path.CompiledPath -- Evaluating path: $['windowsVirtualKeyCode']
12:53:17.806 [main] DEBUG com.jayway.jsonpath.internal.path.CompiledPath -- Evaluating path: $
12:53:17.806 [main] DEBUG com.jayway.jsonpath.internal.path.CompiledPath -- Evaluating path: $
12:53:17.806 [main] DEBUG com.jayway.jsonpath.internal.JsonContext -- Put path $ key windowsVirtualKeyCode value {}
12:53:17.806 [main] DEBUG com.jayway.jsonpath.internal.path.CompiledPath -- Evaluating path: $
12:53:17.806 [main] DEBUG com.jayway.jsonpath.internal.JsonContext -- Put path $ key windowsVirtualKeyCode value 115
12:53:17.806 [main] DEBUG com.jayway.jsonpath.internal.path.CompiledPath -- Evaluating path: $
12:53:17.806 [main] DEBUG com.intuit.karate.driver.chrome_1718781787382 -- >> {"id":66,"sessionId":"C948EB84EF55B0DD980335EE566A6085","method":"Input.dispatchKeyEvent","params":{"modifiers":0,"type":"keyUp","text":"s","windowsVirtualKeyCode":115}}
12:53:17.806 [nioEventLoopGroup-11-1] DEBUG com.intuit.karate.driver.chrome_1718781787382 -- << {"id":66,"result":{},"sessionId":"C948EB84EF55B0DD980335EE566A6085"}
12:53:17.806 [nioEventLoopGroup-11-1] DEBUG com.jayway.jsonpath.internal.path.CompiledPath -- Evaluating path: $
12:53:17.806 [main] DEBUG com.jayway.jsonpath.internal.path.CompiledPath -- Evaluating path: $['modifiers']
12:53:17.806 [main] DEBUG com.jayway.jsonpath.internal.path.CompiledPath -- Evaluating path: $
12:53:17.806 [main] DEBUG com.jayway.jsonpath.internal.path.CompiledPath -- Evaluating path: $
12:53:17.806 [main] DEBUG com.jayway.jsonpath.internal.JsonContext -- Put path $ key modifiers value {}
12:53:17.806 [main] DEBUG com.jayway.jsonpath.internal.path.CompiledPath -- Evaluating path: $
12:53:17.806 [main] DEBUG com.jayway.jsonpath.internal.JsonContext -- Put path $ key modifiers value 0
12:53:17.806 [main] DEBUG com.jayway.jsonpath.internal.path.CompiledPath -- Evaluating path: $['type']
12:53:17.806 [main] DEBUG com.jayway.jsonpath.internal.path.CompiledPath -- Evaluating path: $
12:53:17.806 [main] DEBUG com.jayway.jsonpath.internal.path.CompiledPath -- Evaluating path: $
12:53:17.806 [main] DEBUG com.jayway.jsonpath.internal.JsonContext -- Put path $ key type value {}
12:53:17.806 [main] DEBUG com.jayway.jsonpath.internal.path.CompiledPath -- Evaluating path: $
12:53:17.806 [main] DEBUG com.jayway.jsonpath.internal.JsonContext -- Put path $ key type value rawKeyDown
12:53:17.806 [main] DEBUG com.jayway.jsonpath.internal.path.CompiledPath -- Evaluating path: $['text']
12:53:17.806 [main] DEBUG com.jayway.jsonpath.internal.path.CompiledPath -- Evaluating path: $
12:53:17.806 [main] DEBUG com.jayway.jsonpath.internal.path.CompiledPath -- Evaluating path: $
12:53:17.806 [main] DEBUG com.jayway.jsonpath.internal.JsonContext -- Put path $ key text value {}
12:53:17.806 [main] DEBUG com.jayway.jsonpath.internal.path.CompiledPath -- Evaluating path: $
12:53:17.806 [main] DEBUG com.jayway.jsonpath.internal.JsonContext -- Put path $ key text value e
12:53:17.806 [main] DEBUG com.jayway.jsonpath.internal.path.CompiledPath -- Evaluating path: $['windowsVirtualKeyCode']
12:53:17.806 [main] DEBUG com.jayway.jsonpath.internal.path.CompiledPath -- Evaluating path: $
12:53:17.806 [main] DEBUG com.jayway.jsonpath.internal.path.CompiledPath -- Evaluating path: $
12:53:17.806 [main] DEBUG com.jayway.jsonpath.internal.JsonContext -- Put path $ key windowsVirtualKeyCode value {}
12:53:17.806 [main] DEBUG com.jayway.jsonpath.internal.path.CompiledPath -- Evaluating path: $
12:53:17.806 [main] DEBUG com.jayway.jsonpath.internal.JsonContext -- Put path $ key windowsVirtualKeyCode value 101
12:53:17.806 [main] DEBUG com.jayway.jsonpath.internal.path.CompiledPath -- Evaluating path: $
12:53:17.806 [main] DEBUG com.intuit.karate.driver.chrome_1718781787382 -- >> {"id":67,"sessionId":"C948EB84EF55B0DD980335EE566A6085","method":"Input.dispatchKeyEvent","params":{"modifiers":0,"type":"rawKeyDown","text":"e","windowsVirtualKeyCode":101}}
12:53:17.806 [nioEventLoopGroup-11-1] DEBUG com.intuit.karate.driver.chrome_1718781787382 -- << {"id":67,"result":{},"sessionId":"C948EB84EF55B0DD980335EE566A6085"}
12:53:17.806 [nioEventLoopGroup-11-1] DEBUG com.jayway.jsonpath.internal.path.CompiledPath -- Evaluating path: $
12:53:17.806 [main] DEBUG com.jayway.jsonpath.internal.path.CompiledPath -- Evaluating path: $['modifiers']
12:53:17.806 [main] DEBUG com.jayway.jsonpath.internal.path.CompiledPath -- Evaluating path: $
12:53:17.806 [main] DEBUG com.jayway.jsonpath.internal.path.CompiledPath -- Evaluating path: $
12:53:17.806 [main] DEBUG com.jayway.jsonpath.internal.JsonContext -- Put path $ key modifiers value {}
12:53:17.806 [main] DEBUG com.jayway.jsonpath.internal.path.CompiledPath -- Evaluating path: $
12:53:17.806 [main] DEBUG com.jayway.jsonpath.internal.JsonContext -- Put path $ key modifiers value 0
12:53:17.806 [main] DEBUG com.jayway.jsonpath.internal.path.CompiledPath -- Evaluating path: $['type']
12:53:17.806 [main] DEBUG com.jayway.jsonpath.internal.path.CompiledPath -- Evaluating path: $
12:53:17.806 [main] DEBUG com.jayway.jsonpath.internal.path.CompiledPath -- Evaluating path: $
12:53:17.806 [main] DEBUG com.jayway.jsonpath.internal.JsonContext -- Put path $ key type value {}
12:53:17.806 [main] DEBUG com.jayway.jsonpath.internal.path.CompiledPath -- Evaluating path: $
12:53:17.806 [main] DEBUG com.jayway.jsonpath.internal.JsonContext -- Put path $ key type value char
12:53:17.806 [main] DEBUG com.jayway.jsonpath.internal.path.CompiledPath -- Evaluating path: $['text']
12:53:17.806 [main] DEBUG com.jayway.jsonpath.internal.path.CompiledPath -- Evaluating path: $
12:53:17.806 [main] DEBUG com.jayway.jsonpath.internal.path.CompiledPath -- Evaluating path: $
12:53:17.806 [main] DEBUG com.jayway.jsonpath.internal.JsonContext -- Put path $ key text value {}
12:53:17.806 [main] DEBUG com.jayway.jsonpath.internal.path.CompiledPath -- Evaluating path: $
12:53:17.806 [main] DEBUG com.jayway.jsonpath.internal.JsonContext -- Put path $ key text value e
12:53:17.806 [main] DEBUG com.jayway.jsonpath.internal.path.CompiledPath -- Evaluating path: $['windowsVirtualKeyCode']
12:53:17.806 [main] DEBUG com.jayway.jsonpath.internal.path.CompiledPath -- Evaluating path: $
12:53:17.806 [main] DEBUG com.jayway.jsonpath.internal.path.CompiledPath -- Evaluating path: $
12:53:17.806 [main] DEBUG com.jayway.jsonpath.internal.JsonContext -- Put path $ key windowsVirtualKeyCode value {}
12:53:17.806 [main] DEBUG com.jayway.jsonpath.internal.path.CompiledPath -- Evaluating path: $
12:53:17.806 [main] DEBUG com.jayway.jsonpath.internal.JsonContext -- Put path $ key windowsVirtualKeyCode value 101
12:53:17.806 [main] DEBUG com.jayway.jsonpath.internal.path.CompiledPath -- Evaluating path: $
12:53:17.806 [main] DEBUG com.intuit.karate.driver.chrome_1718781787382 -- >> {"id":68,"sessionId":"C948EB84EF55B0DD980335EE566A6085","method":"Input.dispatchKeyEvent","params":{"modifiers":0,"type":"char","text":"e","windowsVirtualKeyCode":101}}
12:53:17.821 [nioEventLoopGroup-11-1] DEBUG com.intuit.karate.driver.chrome_1718781787382 -- << {"id":68,"result":{},"sessionId":"C948EB84EF55B0DD980335EE566A6085"}
12:53:17.821 [nioEventLoopGroup-11-1] DEBUG com.jayway.jsonpath.internal.path.CompiledPath -- Evaluating path: $
12:53:17.821 [main] DEBUG com.jayway.jsonpath.internal.path.CompiledPath -- Evaluating path: $['modifiers']
12:53:17.821 [main] DEBUG com.jayway.jsonpath.internal.path.CompiledPath -- Evaluating path: $
12:53:17.821 [main] DEBUG com.jayway.jsonpath.internal.path.CompiledPath -- Evaluating path: $
12:53:17.821 [main] DEBUG com.jayway.jsonpath.internal.JsonContext -- Put path $ key modifiers value {}
12:53:17.821 [main] DEBUG com.jayway.jsonpath.internal.path.CompiledPath -- Evaluating path: $
12:53:17.821 [main] DEBUG com.jayway.jsonpath.internal.JsonContext -- Put path $ key modifiers value 0
12:53:17.821 [main] DEBUG com.jayway.jsonpath.internal.path.CompiledPath -- Evaluating path: $['type']
12:53:17.821 [main] DEBUG com.jayway.jsonpath.internal.path.CompiledPath -- Evaluating path: $
12:53:17.821 [main] DEBUG com.jayway.jsonpath.internal.path.CompiledPath -- Evaluating path: $
12:53:17.821 [main] DEBUG com.jayway.jsonpath.internal.JsonContext -- Put path $ key type value {}
12:53:17.821 [main] DEBUG com.jayway.jsonpath.internal.path.CompiledPath -- Evaluating path: $
12:53:17.821 [main] DEBUG com.jayway.jsonpath.internal.JsonContext -- Put path $ key type value keyUp
12:53:17.821 [main] DEBUG com.jayway.jsonpath.internal.path.CompiledPath -- Evaluating path: $['text']
12:53:17.821 [main] DEBUG com.jayway.jsonpath.internal.path.CompiledPath -- Evaluating path: $
12:53:17.821 [main] DEBUG com.jayway.jsonpath.internal.path.CompiledPath -- Evaluating path: $
12:53:17.821 [main] DEBUG com.jayway.jsonpath.internal.JsonContext -- Put path $ key text value {}
12:53:17.821 [main] DEBUG com.jayway.jsonpath.internal.path.CompiledPath -- Evaluating path: $
12:53:17.821 [main] DEBUG com.jayway.jsonpath.internal.JsonContext -- Put path $ key text value e
12:53:17.821 [main] DEBUG com.jayway.jsonpath.internal.path.CompiledPath -- Evaluating path: $['windowsVirtualKeyCode']
12:53:17.821 [main] DEBUG com.jayway.jsonpath.internal.path.CompiledPath -- Evaluating path: $
12:53:17.821 [main] DEBUG com.jayway.jsonpath.internal.path.CompiledPath -- Evaluating path: $
12:53:17.821 [main] DEBUG com.jayway.jsonpath.internal.JsonContext -- Put path $ key windowsVirtualKeyCode value {}
12:53:17.821 [main] DEBUG com.jayway.jsonpath.internal.path.CompiledPath -- Evaluating path: $
12:53:17.821 [main] DEBUG com.jayway.jsonpath.internal.JsonContext -- Put path $ key windowsVirtualKeyCode value 101
12:53:17.821 [main] DEBUG com.jayway.jsonpath.internal.path.CompiledPath -- Evaluating path: $
12:53:17.821 [main] DEBUG com.intuit.karate.driver.chrome_1718781787382 -- >> {"id":69,"sessionId":"C948EB84EF55B0DD980335EE566A6085","method":"Input.dispatchKeyEvent","params":{"modifiers":0,"type":"keyUp","text":"e","windowsVirtualKeyCode":101}}
12:53:17.821 [nioEventLoopGroup-11-1] DEBUG com.intuit.karate.driver.chrome_1718781787382 -- << {"id":69,"result":{},"sessionId":"C948EB84EF55B0DD980335EE566A6085"}
12:53:17.821 [nioEventLoopGroup-11-1] DEBUG com.jayway.jsonpath.internal.path.CompiledPath -- Evaluating path: $
12:53:17.821 [main] DEBUG com.jayway.jsonpath.internal.path.CompiledPath -- Evaluating path: $['modifiers']
12:53:17.821 [main] DEBUG com.jayway.jsonpath.internal.path.CompiledPath -- Evaluating path: $
12:53:17.821 [main] DEBUG com.jayway.jsonpath.internal.path.CompiledPath -- Evaluating path: $
12:53:17.821 [main] DEBUG com.jayway.jsonpath.internal.JsonContext -- Put path $ key modifiers value {}
12:53:17.821 [main] DEBUG com.jayway.jsonpath.internal.path.CompiledPath -- Evaluating path: $
12:53:17.821 [main] DEBUG com.jayway.jsonpath.internal.JsonContext -- Put path $ key modifiers value 0
12:53:17.821 [main] DEBUG com.jayway.jsonpath.internal.path.CompiledPath -- Evaluating path: $['type']
12:53:17.821 [main] DEBUG com.jayway.jsonpath.internal.path.CompiledPath -- Evaluating path: $
12:53:17.821 [main] DEBUG com.jayway.jsonpath.internal.path.CompiledPath -- Evaluating path: $
12:53:17.821 [main] DEBUG com.jayway.jsonpath.internal.JsonContext -- Put path $ key type value {}
12:53:17.821 [main] DEBUG com.jayway.jsonpath.internal.path.CompiledPath -- Evaluating path: $
12:53:17.821 [main] DEBUG com.jayway.jsonpath.internal.JsonContext -- Put path $ key type value rawKeyDown
12:53:17.821 [main] DEBUG com.jayway.jsonpath.internal.path.CompiledPath -- Evaluating path: $['text']
12:53:17.821 [main] DEBUG com.jayway.jsonpath.internal.path.CompiledPath -- Evaluating path: $
12:53:17.821 [main] DEBUG com.jayway.jsonpath.internal.path.CompiledPath -- Evaluating path: $
12:53:17.821 [main] DEBUG com.jayway.jsonpath.internal.JsonContext -- Put path $ key text value {}
12:53:17.821 [main] DEBUG com.jayway.jsonpath.internal.path.CompiledPath -- Evaluating path: $
12:53:17.821 [main] DEBUG com.jayway.jsonpath.internal.JsonContext -- Put path $ key text value r
12:53:17.821 [main] DEBUG com.jayway.jsonpath.internal.path.CompiledPath -- Evaluating path: $['windowsVirtualKeyCode']
12:53:17.821 [main] DEBUG com.jayway.jsonpath.internal.path.CompiledPath -- Evaluating path: $
12:53:17.821 [main] DEBUG com.jayway.jsonpath.internal.path.CompiledPath -- Evaluating path: $
12:53:17.821 [main] DEBUG com.jayway.jsonpath.internal.JsonContext -- Put path $ key windowsVirtualKeyCode value {}
12:53:17.821 [main] DEBUG com.jayway.jsonpath.internal.path.CompiledPath -- Evaluating path: $
12:53:17.821 [main] DEBUG com.jayway.jsonpath.internal.JsonContext -- Put path $ key windowsVirtualKeyCode value 114
12:53:17.821 [main] DEBUG com.jayway.jsonpath.internal.path.CompiledPath -- Evaluating path: $
12:53:17.821 [main] DEBUG com.intuit.karate.driver.chrome_1718781787382 -- >> {"id":70,"sessionId":"C948EB84EF55B0DD980335EE566A6085","method":"Input.dispatchKeyEvent","params":{"modifiers":0,"type":"rawKeyDown","text":"r","windowsVirtualKeyCode":114}}
12:53:17.821 [nioEventLoopGroup-11-1] DEBUG com.intuit.karate.driver.chrome_1718781787382 -- << {"id":70,"result":{},"sessionId":"C948EB84EF55B0DD980335EE566A6085"}
12:53:17.821 [nioEventLoopGroup-11-1] DEBUG com.jayway.jsonpath.internal.path.CompiledPath -- Evaluating path: $
12:53:17.821 [main] DEBUG com.jayway.jsonpath.internal.path.CompiledPath -- Evaluating path: $['modifiers']
12:53:17.821 [main] DEBUG com.jayway.jsonpath.internal.path.CompiledPath -- Evaluating path: $
12:53:17.821 [main] DEBUG com.jayway.jsonpath.internal.path.CompiledPath -- Evaluating path: $
12:53:17.821 [main] DEBUG com.jayway.jsonpath.internal.JsonContext -- Put path $ key modifiers value {}
12:53:17.821 [main] DEBUG com.jayway.jsonpath.internal.path.CompiledPath -- Evaluating path: $
12:53:17.821 [main] DEBUG com.jayway.jsonpath.internal.JsonContext -- Put path $ key modifiers value 0
12:53:17.821 [main] DEBUG com.jayway.jsonpath.internal.path.CompiledPath -- Evaluating path: $['type']
12:53:17.821 [main] DEBUG com.jayway.jsonpath.internal.path.CompiledPath -- Evaluating path: $
12:53:17.821 [main] DEBUG com.jayway.jsonpath.internal.path.CompiledPath -- Evaluating path: $
12:53:17.821 [main] DEBUG com.jayway.jsonpath.internal.JsonContext -- Put path $ key type value {}
12:53:17.821 [main] DEBUG com.jayway.jsonpath.internal.path.CompiledPath -- Evaluating path: $
12:53:17.821 [main] DEBUG com.jayway.jsonpath.internal.JsonContext -- Put path $ key type value char
12:53:17.821 [main] DEBUG com.jayway.jsonpath.internal.path.CompiledPath -- Evaluating path: $['text']
12:53:17.821 [main] DEBUG com.jayway.jsonpath.internal.path.CompiledPath -- Evaluating path: $
12:53:17.821 [main] DEBUG com.jayway.jsonpath.internal.path.CompiledPath -- Evaluating path: $
12:53:17.821 [main] DEBUG com.jayway.jsonpath.internal.JsonContext -- Put path $ key text value {}
12:53:17.821 [main] DEBUG com.jayway.jsonpath.internal.path.CompiledPath -- Evaluating path: $
12:53:17.821 [main] DEBUG com.jayway.jsonpath.internal.JsonContext -- Put path $ key text value r
12:53:17.821 [main] DEBUG com.jayway.jsonpath.internal.path.CompiledPath -- Evaluating path: $['windowsVirtualKeyCode']
12:53:17.821 [main] DEBUG com.jayway.jsonpath.internal.path.CompiledPath -- Evaluating path: $
12:53:17.821 [main] DEBUG com.jayway.jsonpath.internal.path.CompiledPath -- Evaluating path: $
12:53:17.821 [main] DEBUG com.jayway.jsonpath.internal.JsonContext -- Put path $ key windowsVirtualKeyCode value {}
12:53:17.821 [main] DEBUG com.jayway.jsonpath.internal.path.CompiledPath -- Evaluating path: $
12:53:17.821 [main] DEBUG com.jayway.jsonpath.internal.JsonContext -- Put path $ key windowsVirtualKeyCode value 114
12:53:17.821 [main] DEBUG com.jayway.jsonpath.internal.path.CompiledPath -- Evaluating path: $
12:53:17.821 [main] DEBUG com.intuit.karate.driver.chrome_1718781787382 -- >> {"id":71,"sessionId":"C948EB84EF55B0DD980335EE566A6085","method":"Input.dispatchKeyEvent","params":{"modifiers":0,"type":"char","text":"r","windowsVirtualKeyCode":114}}
12:53:17.963 [nioEventLoopGroup-11-1] DEBUG com.intuit.karate.driver.chrome_1718781787382 -- << {"id":71,"result":{},"sessionId":"C948EB84EF55B0DD980335EE566A6085"}
12:53:17.963 [nioEventLoopGroup-11-1] DEBUG com.jayway.jsonpath.internal.path.CompiledPath -- Evaluating path: $
12:53:17.963 [main] DEBUG com.jayway.jsonpath.internal.path.CompiledPath -- Evaluating path: $['modifiers']
12:53:17.963 [main] DEBUG com.jayway.jsonpath.internal.path.CompiledPath -- Evaluating path: $
12:53:17.963 [main] DEBUG com.jayway.jsonpath.internal.path.CompiledPath -- Evaluating path: $
12:53:17.963 [main] DEBUG com.jayway.jsonpath.internal.JsonContext -- Put path $ key modifiers value {}
12:53:17.963 [main] DEBUG com.jayway.jsonpath.internal.path.CompiledPath -- Evaluating path: $
12:53:17.963 [main] DEBUG com.jayway.jsonpath.internal.JsonContext -- Put path $ key modifiers value 0
12:53:17.963 [main] DEBUG com.jayway.jsonpath.internal.path.CompiledPath -- Evaluating path: $['type']
12:53:17.963 [main] DEBUG com.jayway.jsonpath.internal.path.CompiledPath -- Evaluating path: $
12:53:17.963 [main] DEBUG com.jayway.jsonpath.internal.path.CompiledPath -- Evaluating path: $
12:53:17.963 [main] DEBUG com.jayway.jsonpath.internal.JsonContext -- Put path $ key type value {}
12:53:17.963 [main] DEBUG com.jayway.jsonpath.internal.path.CompiledPath -- Evaluating path: $
12:53:17.963 [main] DEBUG com.jayway.jsonpath.internal.JsonContext -- Put path $ key type value keyUp
12:53:17.963 [main] DEBUG com.jayway.jsonpath.internal.path.CompiledPath -- Evaluating path: $['text']
12:53:17.963 [main] DEBUG com.jayway.jsonpath.internal.path.CompiledPath -- Evaluating path: $
12:53:17.963 [main] DEBUG com.jayway.jsonpath.internal.path.CompiledPath -- Evaluating path: $
12:53:17.963 [main] DEBUG com.jayway.jsonpath.internal.JsonContext -- Put path $ key text value {}
12:53:17.963 [main] DEBUG com.jayway.jsonpath.internal.path.CompiledPath -- Evaluating path: $
12:53:17.963 [main] DEBUG com.jayway.jsonpath.internal.JsonContext -- Put path $ key text value r
12:53:17.963 [main] DEBUG com.jayway.jsonpath.internal.path.CompiledPath -- Evaluating path: $['windowsVirtualKeyCode']
12:53:17.963 [main] DEBUG com.jayway.jsonpath.internal.path.CompiledPath -- Evaluating path: $
12:53:17.963 [main] DEBUG com.jayway.jsonpath.internal.path.CompiledPath -- Evaluating path: $
12:53:17.963 [main] DEBUG com.jayway.jsonpath.internal.JsonContext -- Put path $ key windowsVirtualKeyCode value {}
12:53:17.963 [main] DEBUG com.jayway.jsonpath.internal.path.CompiledPath -- Evaluating path: $
12:53:17.963 [main] DEBUG com.jayway.jsonpath.internal.JsonContext -- Put path $ key windowsVirtualKeyCode value 114
12:53:17.963 [main] DEBUG com.jayway.jsonpath.internal.path.CompiledPath -- Evaluating path: $
12:53:17.963 [main] DEBUG com.intuit.karate.driver.chrome_1718781787382 -- >> {"id":72,"sessionId":"C948EB84EF55B0DD980335EE566A6085","method":"Input.dispatchKeyEvent","params":{"modifiers":0,"type":"keyUp","text":"r","windowsVirtualKeyCode":114}}
12:53:17.982 [nioEventLoopGroup-11-1] DEBUG com.intuit.karate.driver.chrome_1718781787382 -- << {"id":72,"result":{},"sessionId":"C948EB84EF55B0DD980335EE566A6085"}
12:53:17.982 [nioEventLoopGroup-11-1] DEBUG com.jayway.jsonpath.internal.path.CompiledPath -- Evaluating path: $
12:53:21.016 [main] DEBUG com.jayway.jsonpath.internal.path.CompiledPath -- Evaluating path: $['expression']
12:53:21.016 [main] DEBUG com.jayway.jsonpath.internal.path.CompiledPath -- Evaluating path: $
12:53:21.016 [main] DEBUG com.jayway.jsonpath.internal.path.CompiledPath -- Evaluating path: $
12:53:21.016 [main] DEBUG com.jayway.jsonpath.internal.JsonContext -- Put path $ key expression value {}
12:53:21.016 [main] DEBUG com.jayway.jsonpath.internal.path.CompiledPath -- Evaluating path: $
12:53:21.016 [main] DEBUG com.jayway.jsonpath.internal.JsonContext -- Put path $ key expression value var e = document.evaluate("//*[@id='password']", document, null, 9, null).singleNodeValue; e.focus(); try { e.selectionStart = e.selectionEnd = e.value.length } catch(x) {}
12:53:21.016 [main] DEBUG com.jayway.jsonpath.internal.path.CompiledPath -- Evaluating path: $['returnByValue']
12:53:21.016 [main] DEBUG com.jayway.jsonpath.internal.path.CompiledPath -- Evaluating path: $
12:53:21.016 [main] DEBUG com.jayway.jsonpath.internal.path.CompiledPath -- Evaluating path: $
12:53:21.016 [main] DEBUG com.jayway.jsonpath.internal.JsonContext -- Put path $ key returnByValue value {}
12:53:21.016 [main] DEBUG com.jayway.jsonpath.internal.path.CompiledPath -- Evaluating path: $
12:53:21.016 [main] DEBUG com.jayway.jsonpath.internal.JsonContext -- Put path $ key returnByValue value true
12:53:21.016 [main] DEBUG com.jayway.jsonpath.internal.path.CompiledPath -- Evaluating path: $
12:53:21.016 [main] DEBUG com.intuit.karate.driver.chrome_1718781787382 -- >> {"id":73,"sessionId":"C948EB84EF55B0DD980335EE566A6085","method":"Runtime.evaluate","params":{"expression":"var e = document.evaluate(\"\/\/*[@id='password']\", document, null, 9, null).singleNodeValue; e.focus(); try { e.selectionStart = e.selectionEnd = e.value.length } catch(x) {}","returnByValue":true}}
12:53:21.032 [nioEventLoopGroup-11-1] DEBUG com.intuit.karate.driver.chrome_1718781787382 -- << {"id":73,"result":{"result":{"type":"number","value":0,"description":"0"}},"sessionId":"C948EB84EF55B0DD980335EE566A6085"}
12:53:21.032 [nioEventLoopGroup-11-1] DEBUG com.jayway.jsonpath.internal.path.CompiledPath -- Evaluating path: $
12:53:21.032 [main] DEBUG com.jayway.jsonpath.internal.path.CompiledPath -- Evaluating path: $['modifiers']
12:53:21.032 [main] DEBUG com.jayway.jsonpath.internal.path.CompiledPath -- Evaluating path: $
12:53:21.032 [main] DEBUG com.jayway.jsonpath.internal.path.CompiledPath -- Evaluating path: $
12:53:21.032 [main] DEBUG com.jayway.jsonpath.internal.JsonContext -- Put path $ key modifiers value {}
12:53:21.032 [main] DEBUG com.jayway.jsonpath.internal.path.CompiledPath -- Evaluating path: $
12:53:21.032 [main] DEBUG com.jayway.jsonpath.internal.JsonContext -- Put path $ key modifiers value 0
12:53:21.032 [main] DEBUG com.jayway.jsonpath.internal.path.CompiledPath -- Evaluating path: $['type']
12:53:21.032 [main] DEBUG com.jayway.jsonpath.internal.path.CompiledPath -- Evaluating path: $
12:53:21.032 [main] DEBUG com.jayway.jsonpath.internal.path.CompiledPath -- Evaluating path: $
12:53:21.032 [main] DEBUG com.jayway.jsonpath.internal.JsonContext -- Put path $ key type value {}
12:53:21.032 [main] DEBUG com.jayway.jsonpath.internal.path.CompiledPath -- Evaluating path: $
12:53:21.032 [main] DEBUG com.jayway.jsonpath.internal.JsonContext -- Put path $ key type value rawKeyDown
12:53:21.032 [main] DEBUG com.jayway.jsonpath.internal.path.CompiledPath -- Evaluating path: $['text']
12:53:21.032 [main] DEBUG com.jayway.jsonpath.internal.path.CompiledPath -- Evaluating path: $
12:53:21.032 [main] DEBUG com.jayway.jsonpath.internal.path.CompiledPath -- Evaluating path: $
12:53:21.032 [main] DEBUG com.jayway.jsonpath.internal.JsonContext -- Put path $ key text value {}
12:53:21.032 [main] DEBUG com.jayway.jsonpath.internal.path.CompiledPath -- Evaluating path: $
12:53:21.032 [main] DEBUG com.jayway.jsonpath.internal.JsonContext -- Put path $ key text value i
12:53:21.032 [main] DEBUG com.jayway.jsonpath.internal.path.CompiledPath -- Evaluating path: $['windowsVirtualKeyCode']
12:53:21.032 [main] DEBUG com.jayway.jsonpath.internal.path.CompiledPath -- Evaluating path: $
12:53:21.032 [main] DEBUG com.jayway.jsonpath.internal.path.CompiledPath -- Evaluating path: $
12:53:21.032 [main] DEBUG com.jayway.jsonpath.internal.JsonContext -- Put path $ key windowsVirtualKeyCode value {}
12:53:21.032 [main] DEBUG com.jayway.jsonpath.internal.path.CompiledPath -- Evaluating path: $
12:53:21.032 [main] DEBUG com.jayway.jsonpath.internal.JsonContext -- Put path $ key windowsVirtualKeyCode value 105
12:53:21.032 [main] DEBUG com.jayway.jsonpath.internal.path.CompiledPath -- Evaluating path: $
12:53:21.032 [main] DEBUG com.intuit.karate.driver.chrome_1718781787382 -- >> {"id":74,"sessionId":"C948EB84EF55B0DD980335EE566A6085","method":"Input.dispatchKeyEvent","params":{"modifiers":0,"type":"rawKeyDown","text":"i","windowsVirtualKeyCode":105}}
12:53:21.047 [nioEventLoopGroup-11-1] DEBUG com.intuit.karate.driver.chrome_1718781787382 -- << {"id":74,"result":{},"sessionId":"C948EB84EF55B0DD980335EE566A6085"}
12:53:21.047 [nioEventLoopGroup-11-1] DEBUG com.jayway.jsonpath.internal.path.CompiledPath -- Evaluating path: $
12:53:21.047 [main] DEBUG com.jayway.jsonpath.internal.path.CompiledPath -- Evaluating path: $['modifiers']
12:53:21.047 [main] DEBUG com.jayway.jsonpath.internal.path.CompiledPath -- Evaluating path: $
12:53:21.047 [main] DEBUG com.jayway.jsonpath.internal.path.CompiledPath -- Evaluating path: $
12:53:21.047 [main] DEBUG com.jayway.jsonpath.internal.JsonContext -- Put path $ key modifiers value {}
12:53:21.047 [main] DEBUG com.jayway.jsonpath.internal.path.CompiledPath -- Evaluating path: $
12:53:21.047 [main] DEBUG com.jayway.jsonpath.internal.JsonContext -- Put path $ key modifiers value 0
12:53:21.047 [main] DEBUG com.jayway.jsonpath.internal.path.CompiledPath -- Evaluating path: $['type']
12:53:21.047 [main] DEBUG com.jayway.jsonpath.internal.path.CompiledPath -- Evaluating path: $
12:53:21.047 [main] DEBUG com.jayway.jsonpath.internal.path.CompiledPath -- Evaluating path: $
12:53:21.047 [main] DEBUG com.jayway.jsonpath.internal.JsonContext -- Put path $ key type value {}
12:53:21.047 [main] DEBUG com.jayway.jsonpath.internal.path.CompiledPath -- Evaluating path: $
12:53:21.047 [main] DEBUG com.jayway.jsonpath.internal.JsonContext -- Put path $ key type value char
12:53:21.047 [main] DEBUG com.jayway.jsonpath.internal.path.CompiledPath -- Evaluating path: $['text']
12:53:21.047 [main] DEBUG com.jayway.jsonpath.internal.path.CompiledPath -- Evaluating path: $
12:53:21.047 [main] DEBUG com.jayway.jsonpath.internal.path.CompiledPath -- Evaluating path: $
12:53:21.047 [main] DEBUG com.jayway.jsonpath.internal.JsonContext -- Put path $ key text value {}
12:53:21.047 [main] DEBUG com.jayway.jsonpath.internal.path.CompiledPath -- Evaluating path: $
12:53:21.047 [main] DEBUG com.jayway.jsonpath.internal.JsonContext -- Put path $ key text value i
12:53:21.047 [main] DEBUG com.jayway.jsonpath.internal.path.CompiledPath -- Evaluating path: $['windowsVirtualKeyCode']
12:53:21.047 [main] DEBUG com.jayway.jsonpath.internal.path.CompiledPath -- Evaluating path: $
12:53:21.047 [main] DEBUG com.jayway.jsonpath.internal.path.CompiledPath -- Evaluating path: $
12:53:21.047 [main] DEBUG com.jayway.jsonpath.internal.JsonContext -- Put path $ key windowsVirtualKeyCode value {}
12:53:21.047 [main] DEBUG com.jayway.jsonpath.internal.path.CompiledPath -- Evaluating path: $
12:53:21.047 [main] DEBUG com.jayway.jsonpath.internal.JsonContext -- Put path $ key windowsVirtualKeyCode value 105
12:53:21.047 [main] DEBUG com.jayway.jsonpath.internal.path.CompiledPath -- Evaluating path: $
12:53:21.047 [main] DEBUG com.intuit.karate.driver.chrome_1718781787382 -- >> {"id":75,"sessionId":"C948EB84EF55B0DD980335EE566A6085","method":"Input.dispatchKeyEvent","params":{"modifiers":0,"type":"char","text":"i","windowsVirtualKeyCode":105}}
12:53:21.047 [nioEventLoopGroup-11-1] DEBUG com.intuit.karate.driver.chrome_1718781787382 -- << {"id":75,"result":{},"sessionId":"C948EB84EF55B0DD980335EE566A6085"}
12:53:21.047 [nioEventLoopGroup-11-1] DEBUG com.jayway.jsonpath.internal.path.CompiledPath -- Evaluating path: $
12:53:21.047 [main] DEBUG com.jayway.jsonpath.internal.path.CompiledPath -- Evaluating path: $['modifiers']
12:53:21.047 [main] DEBUG com.jayway.jsonpath.internal.path.CompiledPath -- Evaluating path: $
12:53:21.047 [main] DEBUG com.jayway.jsonpath.internal.path.CompiledPath -- Evaluating path: $
12:53:21.047 [main] DEBUG com.jayway.jsonpath.internal.JsonContext -- Put path $ key modifiers value {}
12:53:21.047 [main] DEBUG com.jayway.jsonpath.internal.path.CompiledPath -- Evaluating path: $
12:53:21.047 [main] DEBUG com.jayway.jsonpath.internal.JsonContext -- Put path $ key modifiers value 0
12:53:21.047 [main] DEBUG com.jayway.jsonpath.internal.path.CompiledPath -- Evaluating path: $['type']
12:53:21.047 [main] DEBUG com.jayway.jsonpath.internal.path.CompiledPath -- Evaluating path: $
12:53:21.047 [main] DEBUG com.jayway.jsonpath.internal.path.CompiledPath -- Evaluating path: $
12:53:21.047 [main] DEBUG com.jayway.jsonpath.internal.JsonContext -- Put path $ key type value {}
12:53:21.047 [main] DEBUG com.jayway.jsonpath.internal.path.CompiledPath -- Evaluating path: $
12:53:21.047 [main] DEBUG com.jayway.jsonpath.internal.JsonContext -- Put path $ key type value keyUp
12:53:21.047 [main] DEBUG com.jayway.jsonpath.internal.path.CompiledPath -- Evaluating path: $['text']
12:53:21.047 [main] DEBUG com.jayway.jsonpath.internal.path.CompiledPath -- Evaluating path: $
12:53:21.047 [main] DEBUG com.jayway.jsonpath.internal.path.CompiledPath -- Evaluating path: $
12:53:21.047 [main] DEBUG com.jayway.jsonpath.internal.JsonContext -- Put path $ key text value {}
12:53:21.047 [main] DEBUG com.jayway.jsonpath.internal.path.CompiledPath -- Evaluating path: $
12:53:21.047 [main] DEBUG com.jayway.jsonpath.internal.JsonContext -- Put path $ key text value i
12:53:21.047 [main] DEBUG com.jayway.jsonpath.internal.path.CompiledPath -- Evaluating path: $['windowsVirtualKeyCode']
12:53:21.047 [main] DEBUG com.jayway.jsonpath.internal.path.CompiledPath -- Evaluating path: $
12:53:21.047 [main] DEBUG com.jayway.jsonpath.internal.path.CompiledPath -- Evaluating path: $
12:53:21.047 [main] DEBUG com.jayway.jsonpath.internal.JsonContext -- Put path $ key windowsVirtualKeyCode value {}
12:53:21.047 [main] DEBUG com.jayway.jsonpath.internal.path.CompiledPath -- Evaluating path: $
12:53:21.047 [main] DEBUG com.jayway.jsonpath.internal.JsonContext -- Put path $ key windowsVirtualKeyCode value 105
12:53:21.047 [main] DEBUG com.jayway.jsonpath.internal.path.CompiledPath -- Evaluating path: $
12:53:21.047 [main] DEBUG com.intuit.karate.driver.chrome_1718781787382 -- >> {"id":76,"sessionId":"C948EB84EF55B0DD980335EE566A6085","method":"Input.dispatchKeyEvent","params":{"modifiers":0,"type":"keyUp","text":"i","windowsVirtualKeyCode":105}}
12:53:21.047 [nioEventLoopGroup-11-1] DEBUG com.intuit.karate.driver.chrome_1718781787382 -- << {"id":76,"result":{},"sessionId":"C948EB84EF55B0DD980335EE566A6085"}
12:53:21.047 [nioEventLoopGroup-11-1] DEBUG com.jayway.jsonpath.internal.path.CompiledPath -- Evaluating path: $
12:53:21.047 [main] DEBUG com.jayway.jsonpath.internal.path.CompiledPath -- Evaluating path: $['modifiers']
12:53:21.047 [main] DEBUG com.jayway.jsonpath.internal.path.CompiledPath -- Evaluating path: $
12:53:21.047 [main] DEBUG com.jayway.jsonpath.internal.path.CompiledPath -- Evaluating path: $
12:53:21.047 [main] DEBUG com.jayway.jsonpath.internal.JsonContext -- Put path $ key modifiers value {}
12:53:21.047 [main] DEBUG com.jayway.jsonpath.internal.path.CompiledPath -- Evaluating path: $
12:53:21.047 [main] DEBUG com.jayway.jsonpath.internal.JsonContext -- Put path $ key modifiers value 0
12:53:21.047 [main] DEBUG com.jayway.jsonpath.internal.path.CompiledPath -- Evaluating path: $['type']
12:53:21.047 [main] DEBUG com.jayway.jsonpath.internal.path.CompiledPath -- Evaluating path: $
12:53:21.047 [main] DEBUG com.jayway.jsonpath.internal.path.CompiledPath -- Evaluating path: $
12:53:21.047 [main] DEBUG com.jayway.jsonpath.internal.JsonContext -- Put path $ key type value {}
12:53:21.047 [main] DEBUG com.jayway.jsonpath.internal.path.CompiledPath -- Evaluating path: $
12:53:21.047 [main] DEBUG com.jayway.jsonpath.internal.JsonContext -- Put path $ key type value rawKeyDown
12:53:21.047 [main] DEBUG com.jayway.jsonpath.internal.path.CompiledPath -- Evaluating path: $['text']
12:53:21.047 [main] DEBUG com.jayway.jsonpath.internal.path.CompiledPath -- Evaluating path: $
12:53:21.047 [main] DEBUG com.jayway.jsonpath.internal.path.CompiledPath -- Evaluating path: $
12:53:21.047 [main] DEBUG com.jayway.jsonpath.internal.JsonContext -- Put path $ key text value {}
12:53:21.047 [main] DEBUG com.jayway.jsonpath.internal.path.CompiledPath -- Evaluating path: $
12:53:21.047 [main] DEBUG com.jayway.jsonpath.internal.JsonContext -- Put path $ key text value n
12:53:21.047 [main] DEBUG com.jayway.jsonpath.internal.path.CompiledPath -- Evaluating path: $['windowsVirtualKeyCode']
12:53:21.047 [main] DEBUG com.jayway.jsonpath.internal.path.CompiledPath -- Evaluating path: $
12:53:21.047 [main] DEBUG com.jayway.jsonpath.internal.path.CompiledPath -- Evaluating path: $
12:53:21.047 [main] DEBUG com.jayway.jsonpath.internal.JsonContext -- Put path $ key windowsVirtualKeyCode value {}
12:53:21.047 [main] DEBUG com.jayway.jsonpath.internal.path.CompiledPath -- Evaluating path: $
12:53:21.047 [main] DEBUG com.jayway.jsonpath.internal.JsonContext -- Put path $ key windowsVirtualKeyCode value 110
12:53:21.047 [main] DEBUG com.jayway.jsonpath.internal.path.CompiledPath -- Evaluating path: $
12:53:21.047 [main] DEBUG com.intuit.karate.driver.chrome_1718781787382 -- >> {"id":77,"sessionId":"C948EB84EF55B0DD980335EE566A6085","method":"Input.dispatchKeyEvent","params":{"modifiers":0,"type":"rawKeyDown","text":"n","windowsVirtualKeyCode":110}}
12:53:21.047 [nioEventLoopGroup-11-1] DEBUG com.intuit.karate.driver.chrome_1718781787382 -- << {"id":77,"result":{},"sessionId":"C948EB84EF55B0DD980335EE566A6085"}
12:53:21.047 [nioEventLoopGroup-11-1] DEBUG com.jayway.jsonpath.internal.path.CompiledPath -- Evaluating path: $
12:53:21.047 [main] DEBUG com.jayway.jsonpath.internal.path.CompiledPath -- Evaluating path: $['modifiers']
12:53:21.047 [main] DEBUG com.jayway.jsonpath.internal.path.CompiledPath -- Evaluating path: $
12:53:21.047 [main] DEBUG com.jayway.jsonpath.internal.path.CompiledPath -- Evaluating path: $
12:53:21.047 [main] DEBUG com.jayway.jsonpath.internal.JsonContext -- Put path $ key modifiers value {}
12:53:21.047 [main] DEBUG com.jayway.jsonpath.internal.path.CompiledPath -- Evaluating path: $
12:53:21.047 [main] DEBUG com.jayway.jsonpath.internal.JsonContext -- Put path $ key modifiers value 0
12:53:21.047 [main] DEBUG com.jayway.jsonpath.internal.path.CompiledPath -- Evaluating path: $['type']
12:53:21.047 [main] DEBUG com.jayway.jsonpath.internal.path.CompiledPath -- Evaluating path: $
12:53:21.047 [main] DEBUG com.jayway.jsonpath.internal.path.CompiledPath -- Evaluating path: $
12:53:21.047 [main] DEBUG com.jayway.jsonpath.internal.JsonContext -- Put path $ key type value {}
12:53:21.047 [main] DEBUG com.jayway.jsonpath.internal.path.CompiledPath -- Evaluating path: $
12:53:21.047 [main] DEBUG com.jayway.jsonpath.internal.JsonContext -- Put path $ key type value char
12:53:21.047 [main] DEBUG com.jayway.jsonpath.internal.path.CompiledPath -- Evaluating path: $['text']
12:53:21.047 [main] DEBUG com.jayway.jsonpath.internal.path.CompiledPath -- Evaluating path: $
12:53:21.047 [main] DEBUG com.jayway.jsonpath.internal.path.CompiledPath -- Evaluating path: $
12:53:21.047 [main] DEBUG com.jayway.jsonpath.internal.JsonContext -- Put path $ key text value {}
12:53:21.047 [main] DEBUG com.jayway.jsonpath.internal.path.CompiledPath -- Evaluating path: $
12:53:21.047 [main] DEBUG com.jayway.jsonpath.internal.JsonContext -- Put path $ key text value n
12:53:21.047 [main] DEBUG com.jayway.jsonpath.internal.path.CompiledPath -- Evaluating path: $['windowsVirtualKeyCode']
12:53:21.047 [main] DEBUG com.jayway.jsonpath.internal.path.CompiledPath -- Evaluating path: $
12:53:21.047 [main] DEBUG com.jayway.jsonpath.internal.path.CompiledPath -- Evaluating path: $
12:53:21.047 [main] DEBUG com.jayway.jsonpath.internal.JsonContext -- Put path $ key windowsVirtualKeyCode value {}
12:53:21.047 [main] DEBUG com.jayway.jsonpath.internal.path.CompiledPath -- Evaluating path: $
12:53:21.047 [main] DEBUG com.jayway.jsonpath.internal.JsonContext -- Put path $ key windowsVirtualKeyCode value 110
12:53:21.047 [main] DEBUG com.jayway.jsonpath.internal.path.CompiledPath -- Evaluating path: $
12:53:21.047 [main] DEBUG com.intuit.karate.driver.chrome_1718781787382 -- >> {"id":78,"sessionId":"C948EB84EF55B0DD980335EE566A6085","method":"Input.dispatchKeyEvent","params":{"modifiers":0,"type":"char","text":"n","windowsVirtualKeyCode":110}}
12:53:21.063 [nioEventLoopGroup-11-1] DEBUG com.intuit.karate.driver.chrome_1718781787382 -- << {"id":78,"result":{},"sessionId":"C948EB84EF55B0DD980335EE566A6085"}
12:53:21.063 [nioEventLoopGroup-11-1] DEBUG com.jayway.jsonpath.internal.path.CompiledPath -- Evaluating path: $
12:53:21.063 [main] DEBUG com.jayway.jsonpath.internal.path.CompiledPath -- Evaluating path: $['modifiers']
12:53:21.063 [main] DEBUG com.jayway.jsonpath.internal.path.CompiledPath -- Evaluating path: $
12:53:21.063 [main] DEBUG com.jayway.jsonpath.internal.path.CompiledPath -- Evaluating path: $
12:53:21.063 [main] DEBUG com.jayway.jsonpath.internal.JsonContext -- Put path $ key modifiers value {}
12:53:21.063 [main] DEBUG com.jayway.jsonpath.internal.path.CompiledPath -- Evaluating path: $
12:53:21.063 [main] DEBUG com.jayway.jsonpath.internal.JsonContext -- Put path $ key modifiers value 0
12:53:21.063 [main] DEBUG com.jayway.jsonpath.internal.path.CompiledPath -- Evaluating path: $['type']
12:53:21.063 [main] DEBUG com.jayway.jsonpath.internal.path.CompiledPath -- Evaluating path: $
12:53:21.063 [main] DEBUG com.jayway.jsonpath.internal.path.CompiledPath -- Evaluating path: $
12:53:21.063 [main] DEBUG com.jayway.jsonpath.internal.JsonContext -- Put path $ key type value {}
12:53:21.063 [main] DEBUG com.jayway.jsonpath.internal.path.CompiledPath -- Evaluating path: $
12:53:21.063 [main] DEBUG com.jayway.jsonpath.internal.JsonContext -- Put path $ key type value keyUp
12:53:21.063 [main] DEBUG com.jayway.jsonpath.internal.path.CompiledPath -- Evaluating path: $['text']
12:53:21.063 [main] DEBUG com.jayway.jsonpath.internal.path.CompiledPath -- Evaluating path: $
12:53:21.063 [main] DEBUG com.jayway.jsonpath.internal.path.CompiledPath -- Evaluating path: $
12:53:21.063 [main] DEBUG com.jayway.jsonpath.internal.JsonContext -- Put path $ key text value {}
12:53:21.063 [main] DEBUG com.jayway.jsonpath.internal.path.CompiledPath -- Evaluating path: $
12:53:21.063 [main] DEBUG com.jayway.jsonpath.internal.JsonContext -- Put path $ key text value n
12:53:21.063 [main] DEBUG com.jayway.jsonpath.internal.path.CompiledPath -- Evaluating path: $['windowsVirtualKeyCode']
12:53:21.063 [main] DEBUG com.jayway.jsonpath.internal.path.CompiledPath -- Evaluating path: $
12:53:21.063 [main] DEBUG com.jayway.jsonpath.internal.path.CompiledPath -- Evaluating path: $
12:53:21.063 [main] DEBUG com.jayway.jsonpath.internal.JsonContext -- Put path $ key windowsVirtualKeyCode value {}
12:53:21.063 [main] DEBUG com.jayway.jsonpath.internal.path.CompiledPath -- Evaluating path: $
12:53:21.063 [main] DEBUG com.jayway.jsonpath.internal.JsonContext -- Put path $ key windowsVirtualKeyCode value 110
12:53:21.063 [main] DEBUG com.jayway.jsonpath.internal.path.CompiledPath -- Evaluating path: $
12:53:21.063 [main] DEBUG com.intuit.karate.driver.chrome_1718781787382 -- >> {"id":79,"sessionId":"C948EB84EF55B0DD980335EE566A6085","method":"Input.dispatchKeyEvent","params":{"modifiers":0,"type":"keyUp","text":"n","windowsVirtualKeyCode":110}}
12:53:21.063 [nioEventLoopGroup-11-1] DEBUG com.intuit.karate.driver.chrome_1718781787382 -- << {"id":79,"result":{},"sessionId":"C948EB84EF55B0DD980335EE566A6085"}
12:53:21.063 [nioEventLoopGroup-11-1] DEBUG com.jayway.jsonpath.internal.path.CompiledPath -- Evaluating path: $
12:53:21.063 [main] DEBUG com.jayway.jsonpath.internal.path.CompiledPath -- Evaluating path: $['modifiers']
12:53:21.063 [main] DEBUG com.jayway.jsonpath.internal.path.CompiledPath -- Evaluating path: $
12:53:21.063 [main] DEBUG com.jayway.jsonpath.internal.path.CompiledPath -- Evaluating path: $
12:53:21.063 [main] DEBUG com.jayway.jsonpath.internal.JsonContext -- Put path $ key modifiers value {}
12:53:21.063 [main] DEBUG com.jayway.jsonpath.internal.path.CompiledPath -- Evaluating path: $
12:53:21.063 [main] DEBUG com.jayway.jsonpath.internal.JsonContext -- Put path $ key modifiers value 0
12:53:21.063 [main] DEBUG com.jayway.jsonpath.internal.path.CompiledPath -- Evaluating path: $['type']
12:53:21.063 [main] DEBUG com.jayway.jsonpath.internal.path.CompiledPath -- Evaluating path: $
12:53:21.063 [main] DEBUG com.jayway.jsonpath.internal.path.CompiledPath -- Evaluating path: $
12:53:21.063 [main] DEBUG com.jayway.jsonpath.internal.JsonContext -- Put path $ key type value {}
12:53:21.063 [main] DEBUG com.jayway.jsonpath.internal.path.CompiledPath -- Evaluating path: $
12:53:21.063 [main] DEBUG com.jayway.jsonpath.internal.JsonContext -- Put path $ key type value rawKeyDown
12:53:21.063 [main] DEBUG com.jayway.jsonpath.internal.path.CompiledPath -- Evaluating path: $['text']
12:53:21.063 [main] DEBUG com.jayway.jsonpath.internal.path.CompiledPath -- Evaluating path: $
12:53:21.063 [main] DEBUG com.jayway.jsonpath.internal.path.CompiledPath -- Evaluating path: $
12:53:21.063 [main] DEBUG com.jayway.jsonpath.internal.JsonContext -- Put path $ key text value {}
12:53:21.063 [main] DEBUG com.jayway.jsonpath.internal.path.CompiledPath -- Evaluating path: $
12:53:21.063 [main] DEBUG com.jayway.jsonpath.internal.JsonContext -- Put path $ key text value v
12:53:21.063 [main] DEBUG com.jayway.jsonpath.internal.path.CompiledPath -- Evaluating path: $['windowsVirtualKeyCode']
12:53:21.063 [main] DEBUG com.jayway.jsonpath.internal.path.CompiledPath -- Evaluating path: $
12:53:21.063 [main] DEBUG com.jayway.jsonpath.internal.path.CompiledPath -- Evaluating path: $
12:53:21.063 [main] DEBUG com.jayway.jsonpath.internal.JsonContext -- Put path $ key windowsVirtualKeyCode value {}
12:53:21.063 [main] DEBUG com.jayway.jsonpath.internal.path.CompiledPath -- Evaluating path: $
12:53:21.063 [main] DEBUG com.jayway.jsonpath.internal.JsonContext -- Put path $ key windowsVirtualKeyCode value 118
12:53:21.063 [main] DEBUG com.jayway.jsonpath.internal.path.CompiledPath -- Evaluating path: $
12:53:21.063 [main] DEBUG com.intuit.karate.driver.chrome_1718781787382 -- >> {"id":80,"sessionId":"C948EB84EF55B0DD980335EE566A6085","method":"Input.dispatchKeyEvent","params":{"modifiers":0,"type":"rawKeyDown","text":"v","windowsVirtualKeyCode":118}}
12:53:21.063 [nioEventLoopGroup-11-1] DEBUG com.intuit.karate.driver.chrome_1718781787382 -- << {"id":80,"result":{},"sessionId":"C948EB84EF55B0DD980335EE566A6085"}
12:53:21.063 [nioEventLoopGroup-11-1] DEBUG com.jayway.jsonpath.internal.path.CompiledPath -- Evaluating path: $
12:53:21.063 [main] DEBUG com.jayway.jsonpath.internal.path.CompiledPath -- Evaluating path: $['modifiers']
12:53:21.063 [main] DEBUG com.jayway.jsonpath.internal.path.CompiledPath -- Evaluating path: $
12:53:21.063 [main] DEBUG com.jayway.jsonpath.internal.path.CompiledPath -- Evaluating path: $
12:53:21.063 [main] DEBUG com.jayway.jsonpath.internal.JsonContext -- Put path $ key modifiers value {}
12:53:21.063 [main] DEBUG com.jayway.jsonpath.internal.path.CompiledPath -- Evaluating path: $
12:53:21.063 [main] DEBUG com.jayway.jsonpath.internal.JsonContext -- Put path $ key modifiers value 0
12:53:21.063 [main] DEBUG com.jayway.jsonpath.internal.path.CompiledPath -- Evaluating path: $['type']
12:53:21.063 [main] DEBUG com.jayway.jsonpath.internal.path.CompiledPath -- Evaluating path: $
12:53:21.063 [main] DEBUG com.jayway.jsonpath.internal.path.CompiledPath -- Evaluating path: $
12:53:21.063 [main] DEBUG com.jayway.jsonpath.internal.JsonContext -- Put path $ key type value {}
12:53:21.063 [main] DEBUG com.jayway.jsonpath.internal.path.CompiledPath -- Evaluating path: $
12:53:21.063 [main] DEBUG com.jayway.jsonpath.internal.JsonContext -- Put path $ key type value char
12:53:21.063 [main] DEBUG com.jayway.jsonpath.internal.path.CompiledPath -- Evaluating path: $['text']
12:53:21.063 [main] DEBUG com.jayway.jsonpath.internal.path.CompiledPath -- Evaluating path: $
12:53:21.063 [main] DEBUG com.jayway.jsonpath.internal.path.CompiledPath -- Evaluating path: $
12:53:21.063 [main] DEBUG com.jayway.jsonpath.internal.JsonContext -- Put path $ key text value {}
12:53:21.063 [main] DEBUG com.jayway.jsonpath.internal.path.CompiledPath -- Evaluating path: $
12:53:21.063 [main] DEBUG com.jayway.jsonpath.internal.JsonContext -- Put path $ key text value v
12:53:21.063 [main] DEBUG com.jayway.jsonpath.internal.path.CompiledPath -- Evaluating path: $['windowsVirtualKeyCode']
12:53:21.063 [main] DEBUG com.jayway.jsonpath.internal.path.CompiledPath -- Evaluating path: $
12:53:21.063 [main] DEBUG com.jayway.jsonpath.internal.path.CompiledPath -- Evaluating path: $
12:53:21.063 [main] DEBUG com.jayway.jsonpath.internal.JsonContext -- Put path $ key windowsVirtualKeyCode value {}
12:53:21.063 [main] DEBUG com.jayway.jsonpath.internal.path.CompiledPath -- Evaluating path: $
12:53:21.063 [main] DEBUG com.jayway.jsonpath.internal.JsonContext -- Put path $ key windowsVirtualKeyCode value 118
12:53:21.063 [main] DEBUG com.jayway.jsonpath.internal.path.CompiledPath -- Evaluating path: $
12:53:21.063 [main] DEBUG com.intuit.karate.driver.chrome_1718781787382 -- >> {"id":81,"sessionId":"C948EB84EF55B0DD980335EE566A6085","method":"Input.dispatchKeyEvent","params":{"modifiers":0,"type":"char","text":"v","windowsVirtualKeyCode":118}}
12:53:21.063 [nioEventLoopGroup-11-1] DEBUG com.intuit.karate.driver.chrome_1718781787382 -- << {"id":81,"result":{},"sessionId":"C948EB84EF55B0DD980335EE566A6085"}
12:53:21.063 [nioEventLoopGroup-11-1] DEBUG com.jayway.jsonpath.internal.path.CompiledPath -- Evaluating path: $
12:53:21.063 [main] DEBUG com.jayway.jsonpath.internal.path.CompiledPath -- Evaluating path: $['modifiers']
12:53:21.063 [main] DEBUG com.jayway.jsonpath.internal.path.CompiledPath -- Evaluating path: $
12:53:21.063 [main] DEBUG com.jayway.jsonpath.internal.path.CompiledPath -- Evaluating path: $
12:53:21.063 [main] DEBUG com.jayway.jsonpath.internal.JsonContext -- Put path $ key modifiers value {}
12:53:21.063 [main] DEBUG com.jayway.jsonpath.internal.path.CompiledPath -- Evaluating path: $
12:53:21.063 [main] DEBUG com.jayway.jsonpath.internal.JsonContext -- Put path $ key modifiers value 0
12:53:21.063 [main] DEBUG com.jayway.jsonpath.internal.path.CompiledPath -- Evaluating path: $['type']
12:53:21.063 [main] DEBUG com.jayway.jsonpath.internal.path.CompiledPath -- Evaluating path: $
12:53:21.063 [main] DEBUG com.jayway.jsonpath.internal.path.CompiledPath -- Evaluating path: $
12:53:21.063 [main] DEBUG com.jayway.jsonpath.internal.JsonContext -- Put path $ key type value {}
12:53:21.063 [main] DEBUG com.jayway.jsonpath.internal.path.CompiledPath -- Evaluating path: $
12:53:21.063 [main] DEBUG com.jayway.jsonpath.internal.JsonContext -- Put path $ key type value keyUp
12:53:21.063 [main] DEBUG com.jayway.jsonpath.internal.path.CompiledPath -- Evaluating path: $['text']
12:53:21.063 [main] DEBUG com.jayway.jsonpath.internal.path.CompiledPath -- Evaluating path: $
12:53:21.063 [main] DEBUG com.jayway.jsonpath.internal.path.CompiledPath -- Evaluating path: $
12:53:21.063 [main] DEBUG com.jayway.jsonpath.internal.JsonContext -- Put path $ key text value {}
12:53:21.063 [main] DEBUG com.jayway.jsonpath.internal.path.CompiledPath -- Evaluating path: $
12:53:21.063 [main] DEBUG com.jayway.jsonpath.internal.JsonContext -- Put path $ key text value v
12:53:21.063 [main] DEBUG com.jayway.jsonpath.internal.path.CompiledPath -- Evaluating path: $['windowsVirtualKeyCode']
12:53:21.063 [main] DEBUG com.jayway.jsonpath.internal.path.CompiledPath -- Evaluating path: $
12:53:21.063 [main] DEBUG com.jayway.jsonpath.internal.path.CompiledPath -- Evaluating path: $
12:53:21.063 [main] DEBUG com.jayway.jsonpath.internal.JsonContext -- Put path $ key windowsVirtualKeyCode value {}
12:53:21.063 [main] DEBUG com.jayway.jsonpath.internal.path.CompiledPath -- Evaluating path: $
12:53:21.063 [main] DEBUG com.jayway.jsonpath.internal.JsonContext -- Put path $ key windowsVirtualKeyCode value 118
12:53:21.063 [main] DEBUG com.jayway.jsonpath.internal.path.CompiledPath -- Evaluating path: $
12:53:21.063 [main] DEBUG com.intuit.karate.driver.chrome_1718781787382 -- >> {"id":82,"sessionId":"C948EB84EF55B0DD980335EE566A6085","method":"Input.dispatchKeyEvent","params":{"modifiers":0,"type":"keyUp","text":"v","windowsVirtualKeyCode":118}}
12:53:21.063 [nioEventLoopGroup-11-1] DEBUG com.intuit.karate.driver.chrome_1718781787382 -- << {"id":82,"result":{},"sessionId":"C948EB84EF55B0DD980335EE566A6085"}
12:53:21.063 [nioEventLoopGroup-11-1] DEBUG com.jayway.jsonpath.internal.path.CompiledPath -- Evaluating path: $
12:53:21.063 [main] DEBUG com.jayway.jsonpath.internal.path.CompiledPath -- Evaluating path: $['modifiers']
12:53:21.063 [main] DEBUG com.jayway.jsonpath.internal.path.CompiledPath -- Evaluating path: $
12:53:21.063 [main] DEBUG com.jayway.jsonpath.internal.path.CompiledPath -- Evaluating path: $
12:53:21.063 [main] DEBUG com.jayway.jsonpath.internal.JsonContext -- Put path $ key modifiers value {}
12:53:21.063 [main] DEBUG com.jayway.jsonpath.internal.path.CompiledPath -- Evaluating path: $
12:53:21.063 [main] DEBUG com.jayway.jsonpath.internal.JsonContext -- Put path $ key modifiers value 0
12:53:21.063 [main] DEBUG com.jayway.jsonpath.internal.path.CompiledPath -- Evaluating path: $['type']
12:53:21.063 [main] DEBUG com.jayway.jsonpath.internal.path.CompiledPath -- Evaluating path: $
12:53:21.063 [main] DEBUG com.jayway.jsonpath.internal.path.CompiledPath -- Evaluating path: $
12:53:21.063 [main] DEBUG com.jayway.jsonpath.internal.JsonContext -- Put path $ key type value {}
12:53:21.063 [main] DEBUG com.jayway.jsonpath.internal.path.CompiledPath -- Evaluating path: $
12:53:21.063 [main] DEBUG com.jayway.jsonpath.internal.JsonContext -- Put path $ key type value rawKeyDown
12:53:21.063 [main] DEBUG com.jayway.jsonpath.internal.path.CompiledPath -- Evaluating path: $['text']
12:53:21.063 [main] DEBUG com.jayway.jsonpath.internal.path.CompiledPath -- Evaluating path: $
12:53:21.063 [main] DEBUG com.jayway.jsonpath.internal.path.CompiledPath -- Evaluating path: $
12:53:21.063 [main] DEBUG com.jayway.jsonpath.internal.JsonContext -- Put path $ key text value {}
12:53:21.063 [main] DEBUG com.jayway.jsonpath.internal.path.CompiledPath -- Evaluating path: $
12:53:21.063 [main] DEBUG com.jayway.jsonpath.internal.JsonContext -- Put path $ key text value a
12:53:21.063 [main] DEBUG com.jayway.jsonpath.internal.path.CompiledPath -- Evaluating path: $['windowsVirtualKeyCode']
12:53:21.063 [main] DEBUG com.jayway.jsonpath.internal.path.CompiledPath -- Evaluating path: $
12:53:21.063 [main] DEBUG com.jayway.jsonpath.internal.path.CompiledPath -- Evaluating path: $
12:53:21.063 [main] DEBUG com.jayway.jsonpath.internal.JsonContext -- Put path $ key windowsVirtualKeyCode value {}
12:53:21.063 [main] DEBUG com.jayway.jsonpath.internal.path.CompiledPath -- Evaluating path: $
12:53:21.063 [main] DEBUG com.jayway.jsonpath.internal.JsonContext -- Put path $ key windowsVirtualKeyCode value 97
12:53:21.063 [main] DEBUG com.jayway.jsonpath.internal.path.CompiledPath -- Evaluating path: $
12:53:21.063 [main] DEBUG com.intuit.karate.driver.chrome_1718781787382 -- >> {"id":83,"sessionId":"C948EB84EF55B0DD980335EE566A6085","method":"Input.dispatchKeyEvent","params":{"modifiers":0,"type":"rawKeyDown","text":"a","windowsVirtualKeyCode":97}}
12:53:21.063 [nioEventLoopGroup-11-1] DEBUG com.intuit.karate.driver.chrome_1718781787382 -- << {"id":83,"result":{},"sessionId":"C948EB84EF55B0DD980335EE566A6085"}
12:53:21.063 [nioEventLoopGroup-11-1] DEBUG com.jayway.jsonpath.internal.path.CompiledPath -- Evaluating path: $
12:53:21.063 [main] DEBUG com.jayway.jsonpath.internal.path.CompiledPath -- Evaluating path: $['modifiers']
12:53:21.063 [main] DEBUG com.jayway.jsonpath.internal.path.CompiledPath -- Evaluating path: $
12:53:21.063 [main] DEBUG com.jayway.jsonpath.internal.path.CompiledPath -- Evaluating path: $
12:53:21.063 [main] DEBUG com.jayway.jsonpath.internal.JsonContext -- Put path $ key modifiers value {}
12:53:21.063 [main] DEBUG com.jayway.jsonpath.internal.path.CompiledPath -- Evaluating path: $
12:53:21.063 [main] DEBUG com.jayway.jsonpath.internal.JsonContext -- Put path $ key modifiers value 0
12:53:21.063 [main] DEBUG com.jayway.jsonpath.internal.path.CompiledPath -- Evaluating path: $['type']
12:53:21.063 [main] DEBUG com.jayway.jsonpath.internal.path.CompiledPath -- Evaluating path: $
12:53:21.063 [main] DEBUG com.jayway.jsonpath.internal.path.CompiledPath -- Evaluating path: $
12:53:21.063 [main] DEBUG com.jayway.jsonpath.internal.JsonContext -- Put path $ key type value {}
12:53:21.063 [main] DEBUG com.jayway.jsonpath.internal.path.CompiledPath -- Evaluating path: $
12:53:21.063 [main] DEBUG com.jayway.jsonpath.internal.JsonContext -- Put path $ key type value char
12:53:21.063 [main] DEBUG com.jayway.jsonpath.internal.path.CompiledPath -- Evaluating path: $['text']
12:53:21.063 [main] DEBUG com.jayway.jsonpath.internal.path.CompiledPath -- Evaluating path: $
12:53:21.063 [main] DEBUG com.jayway.jsonpath.internal.path.CompiledPath -- Evaluating path: $
12:53:21.063 [main] DEBUG com.jayway.jsonpath.internal.JsonContext -- Put path $ key text value {}
12:53:21.063 [main] DEBUG com.jayway.jsonpath.internal.path.CompiledPath -- Evaluating path: $
12:53:21.063 [main] DEBUG com.jayway.jsonpath.internal.JsonContext -- Put path $ key text value a
12:53:21.063 [main] DEBUG com.jayway.jsonpath.internal.path.CompiledPath -- Evaluating path: $['windowsVirtualKeyCode']
12:53:21.063 [main] DEBUG com.jayway.jsonpath.internal.path.CompiledPath -- Evaluating path: $
12:53:21.063 [main] DEBUG com.jayway.jsonpath.internal.path.CompiledPath -- Evaluating path: $
12:53:21.063 [main] DEBUG com.jayway.jsonpath.internal.JsonContext -- Put path $ key windowsVirtualKeyCode value {}
12:53:21.063 [main] DEBUG com.jayway.jsonpath.internal.path.CompiledPath -- Evaluating path: $
12:53:21.063 [main] DEBUG com.jayway.jsonpath.internal.JsonContext -- Put path $ key windowsVirtualKeyCode value 97
12:53:21.063 [main] DEBUG com.jayway.jsonpath.internal.path.CompiledPath -- Evaluating path: $
12:53:21.063 [main] DEBUG com.intuit.karate.driver.chrome_1718781787382 -- >> {"id":84,"sessionId":"C948EB84EF55B0DD980335EE566A6085","method":"Input.dispatchKeyEvent","params":{"modifiers":0,"type":"char","text":"a","windowsVirtualKeyCode":97}}
12:53:21.078 [nioEventLoopGroup-11-1] DEBUG com.intuit.karate.driver.chrome_1718781787382 -- << {"id":84,"result":{},"sessionId":"C948EB84EF55B0DD980335EE566A6085"}
12:53:21.078 [nioEventLoopGroup-11-1] DEBUG com.jayway.jsonpath.internal.path.CompiledPath -- Evaluating path: $
12:53:21.078 [main] DEBUG com.jayway.jsonpath.internal.path.CompiledPath -- Evaluating path: $['modifiers']
12:53:21.078 [main] DEBUG com.jayway.jsonpath.internal.path.CompiledPath -- Evaluating path: $
12:53:21.078 [main] DEBUG com.jayway.jsonpath.internal.path.CompiledPath -- Evaluating path: $
12:53:21.078 [main] DEBUG com.jayway.jsonpath.internal.JsonContext -- Put path $ key modifiers value {}
12:53:21.078 [main] DEBUG com.jayway.jsonpath.internal.path.CompiledPath -- Evaluating path: $
12:53:21.078 [main] DEBUG com.jayway.jsonpath.internal.JsonContext -- Put path $ key modifiers value 0
12:53:21.078 [main] DEBUG com.jayway.jsonpath.internal.path.CompiledPath -- Evaluating path: $['type']
12:53:21.078 [main] DEBUG com.jayway.jsonpath.internal.path.CompiledPath -- Evaluating path: $
12:53:21.078 [main] DEBUG com.jayway.jsonpath.internal.path.CompiledPath -- Evaluating path: $
12:53:21.078 [main] DEBUG com.jayway.jsonpath.internal.JsonContext -- Put path $ key type value {}
12:53:21.078 [main] DEBUG com.jayway.jsonpath.internal.path.CompiledPath -- Evaluating path: $
12:53:21.078 [main] DEBUG com.jayway.jsonpath.internal.JsonContext -- Put path $ key type value keyUp
12:53:21.078 [main] DEBUG com.jayway.jsonpath.internal.path.CompiledPath -- Evaluating path: $['text']
12:53:21.078 [main] DEBUG com.jayway.jsonpath.internal.path.CompiledPath -- Evaluating path: $
12:53:21.078 [main] DEBUG com.jayway.jsonpath.internal.path.CompiledPath -- Evaluating path: $
12:53:21.078 [main] DEBUG com.jayway.jsonpath.internal.JsonContext -- Put path $ key text value {}
12:53:21.078 [main] DEBUG com.jayway.jsonpath.internal.path.CompiledPath -- Evaluating path: $
12:53:21.078 [main] DEBUG com.jayway.jsonpath.internal.JsonContext -- Put path $ key text value a
12:53:21.078 [main] DEBUG com.jayway.jsonpath.internal.path.CompiledPath -- Evaluating path: $['windowsVirtualKeyCode']
12:53:21.078 [main] DEBUG com.jayway.jsonpath.internal.path.CompiledPath -- Evaluating path: $
12:53:21.078 [main] DEBUG com.jayway.jsonpath.internal.path.CompiledPath -- Evaluating path: $
12:53:21.078 [main] DEBUG com.jayway.jsonpath.internal.JsonContext -- Put path $ key windowsVirtualKeyCode value {}
12:53:21.078 [main] DEBUG com.jayway.jsonpath.internal.path.CompiledPath -- Evaluating path: $
12:53:21.078 [main] DEBUG com.jayway.jsonpath.internal.JsonContext -- Put path $ key windowsVirtualKeyCode value 97
12:53:21.078 [main] DEBUG com.jayway.jsonpath.internal.path.CompiledPath -- Evaluating path: $
12:53:21.078 [main] DEBUG com.intuit.karate.driver.chrome_1718781787382 -- >> {"id":85,"sessionId":"C948EB84EF55B0DD980335EE566A6085","method":"Input.dispatchKeyEvent","params":{"modifiers":0,"type":"keyUp","text":"a","windowsVirtualKeyCode":97}}
12:53:21.078 [nioEventLoopGroup-11-1] DEBUG com.intuit.karate.driver.chrome_1718781787382 -- << {"id":85,"result":{},"sessionId":"C948EB84EF55B0DD980335EE566A6085"}
12:53:21.078 [nioEventLoopGroup-11-1] DEBUG com.jayway.jsonpath.internal.path.CompiledPath -- Evaluating path: $
12:53:21.078 [main] DEBUG com.jayway.jsonpath.internal.path.CompiledPath -- Evaluating path: $['modifiers']
12:53:21.078 [main] DEBUG com.jayway.jsonpath.internal.path.CompiledPath -- Evaluating path: $
12:53:21.078 [main] DEBUG com.jayway.jsonpath.internal.path.CompiledPath -- Evaluating path: $
12:53:21.078 [main] DEBUG com.jayway.jsonpath.internal.JsonContext -- Put path $ key modifiers value {}
12:53:21.078 [main] DEBUG com.jayway.jsonpath.internal.path.CompiledPath -- Evaluating path: $
12:53:21.078 [main] DEBUG com.jayway.jsonpath.internal.JsonContext -- Put path $ key modifiers value 0
12:53:21.078 [main] DEBUG com.jayway.jsonpath.internal.path.CompiledPath -- Evaluating path: $['type']
12:53:21.078 [main] DEBUG com.jayway.jsonpath.internal.path.CompiledPath -- Evaluating path: $
12:53:21.078 [main] DEBUG com.jayway.jsonpath.internal.path.CompiledPath -- Evaluating path: $
12:53:21.078 [main] DEBUG com.jayway.jsonpath.internal.JsonContext -- Put path $ key type value {}
12:53:21.078 [main] DEBUG com.jayway.jsonpath.internal.path.CompiledPath -- Evaluating path: $
12:53:21.078 [main] DEBUG com.jayway.jsonpath.internal.JsonContext -- Put path $ key type value rawKeyDown
12:53:21.078 [main] DEBUG com.jayway.jsonpath.internal.path.CompiledPath -- Evaluating path: $['text']
12:53:21.078 [main] DEBUG com.jayway.jsonpath.internal.path.CompiledPath -- Evaluating path: $
12:53:21.078 [main] DEBUG com.jayway.jsonpath.internal.path.CompiledPath -- Evaluating path: $
12:53:21.078 [main] DEBUG com.jayway.jsonpath.internal.JsonContext -- Put path $ key text value {}
12:53:21.078 [main] DEBUG com.jayway.jsonpath.internal.path.CompiledPath -- Evaluating path: $
12:53:21.078 [main] DEBUG com.jayway.jsonpath.internal.JsonContext -- Put path $ key text value l
12:53:21.078 [main] DEBUG com.jayway.jsonpath.internal.path.CompiledPath -- Evaluating path: $['windowsVirtualKeyCode']
12:53:21.078 [main] DEBUG com.jayway.jsonpath.internal.path.CompiledPath -- Evaluating path: $
12:53:21.078 [main] DEBUG com.jayway.jsonpath.internal.path.CompiledPath -- Evaluating path: $
12:53:21.078 [main] DEBUG com.jayway.jsonpath.internal.JsonContext -- Put path $ key windowsVirtualKeyCode value {}
12:53:21.078 [main] DEBUG com.jayway.jsonpath.internal.path.CompiledPath -- Evaluating path: $
12:53:21.078 [main] DEBUG com.jayway.jsonpath.internal.JsonContext -- Put path $ key windowsVirtualKeyCode value 108
12:53:21.078 [main] DEBUG com.jayway.jsonpath.internal.path.CompiledPath -- Evaluating path: $
12:53:21.078 [main] DEBUG com.intuit.karate.driver.chrome_1718781787382 -- >> {"id":86,"sessionId":"C948EB84EF55B0DD980335EE566A6085","method":"Input.dispatchKeyEvent","params":{"modifiers":0,"type":"rawKeyDown","text":"l","windowsVirtualKeyCode":108}}
12:53:21.254 [nioEventLoopGroup-11-1] DEBUG com.intuit.karate.driver.chrome_1718781787382 -- << {"id":86,"result":{},"sessionId":"C948EB84EF55B0DD980335EE566A6085"}
12:53:21.254 [nioEventLoopGroup-11-1] DEBUG com.jayway.jsonpath.internal.path.CompiledPath -- Evaluating path: $
12:53:21.254 [main] DEBUG com.jayway.jsonpath.internal.path.CompiledPath -- Evaluating path: $['modifiers']
12:53:21.254 [main] DEBUG com.jayway.jsonpath.internal.path.CompiledPath -- Evaluating path: $
12:53:21.254 [main] DEBUG com.jayway.jsonpath.internal.path.CompiledPath -- Evaluating path: $
12:53:21.254 [main] DEBUG com.jayway.jsonpath.internal.JsonContext -- Put path $ key modifiers value {}
12:53:21.254 [main] DEBUG com.jayway.jsonpath.internal.path.CompiledPath -- Evaluating path: $
12:53:21.254 [main] DEBUG com.jayway.jsonpath.internal.JsonContext -- Put path $ key modifiers value 0
12:53:21.254 [main] DEBUG com.jayway.jsonpath.internal.path.CompiledPath -- Evaluating path: $['type']
12:53:21.254 [main] DEBUG com.jayway.jsonpath.internal.path.CompiledPath -- Evaluating path: $
12:53:21.254 [main] DEBUG com.jayway.jsonpath.internal.path.CompiledPath -- Evaluating path: $
12:53:21.254 [main] DEBUG com.jayway.jsonpath.internal.JsonContext -- Put path $ key type value {}
12:53:21.254 [main] DEBUG com.jayway.jsonpath.internal.path.CompiledPath -- Evaluating path: $
12:53:21.254 [main] DEBUG com.jayway.jsonpath.internal.JsonContext -- Put path $ key type value char
12:53:21.254 [main] DEBUG com.jayway.jsonpath.internal.path.CompiledPath -- Evaluating path: $['text']
12:53:21.254 [main] DEBUG com.jayway.jsonpath.internal.path.CompiledPath -- Evaluating path: $
12:53:21.254 [main] DEBUG com.jayway.jsonpath.internal.path.CompiledPath -- Evaluating path: $
12:53:21.254 [main] DEBUG com.jayway.jsonpath.internal.JsonContext -- Put path $ key text value {}
12:53:21.254 [main] DEBUG com.jayway.jsonpath.internal.path.CompiledPath -- Evaluating path: $
12:53:21.254 [main] DEBUG com.jayway.jsonpath.internal.JsonContext -- Put path $ key text value l
12:53:21.254 [main] DEBUG com.jayway.jsonpath.internal.path.CompiledPath -- Evaluating path: $['windowsVirtualKeyCode']
12:53:21.254 [main] DEBUG com.jayway.jsonpath.internal.path.CompiledPath -- Evaluating path: $
12:53:21.254 [main] DEBUG com.jayway.jsonpath.internal.path.CompiledPath -- Evaluating path: $
12:53:21.254 [main] DEBUG com.jayway.jsonpath.internal.JsonContext -- Put path $ key windowsVirtualKeyCode value {}
12:53:21.254 [main] DEBUG com.jayway.jsonpath.internal.path.CompiledPath -- Evaluating path: $
12:53:21.254 [main] DEBUG com.jayway.jsonpath.internal.JsonContext -- Put path $ key windowsVirtualKeyCode value 108
12:53:21.254 [main] DEBUG com.jayway.jsonpath.internal.path.CompiledPath -- Evaluating path: $
12:53:21.254 [main] DEBUG com.intuit.karate.driver.chrome_1718781787382 -- >> {"id":87,"sessionId":"C948EB84EF55B0DD980335EE566A6085","method":"Input.dispatchKeyEvent","params":{"modifiers":0,"type":"char","text":"l","windowsVirtualKeyCode":108}}
12:53:21.566 [nioEventLoopGroup-11-1] DEBUG com.intuit.karate.driver.chrome_1718781787382 -- << {"id":87,"result":{},"sessionId":"C948EB84EF55B0DD980335EE566A6085"}
12:53:21.566 [nioEventLoopGroup-11-1] DEBUG com.jayway.jsonpath.internal.path.CompiledPath -- Evaluating path: $
12:53:21.566 [main] DEBUG com.jayway.jsonpath.internal.path.CompiledPath -- Evaluating path: $['modifiers']
12:53:21.566 [main] DEBUG com.jayway.jsonpath.internal.path.CompiledPath -- Evaluating path: $
12:53:21.566 [main] DEBUG com.jayway.jsonpath.internal.path.CompiledPath -- Evaluating path: $
12:53:21.566 [main] DEBUG com.jayway.jsonpath.internal.JsonContext -- Put path $ key modifiers value {}
12:53:21.566 [main] DEBUG com.jayway.jsonpath.internal.path.CompiledPath -- Evaluating path: $
12:53:21.566 [main] DEBUG com.jayway.jsonpath.internal.JsonContext -- Put path $ key modifiers value 0
12:53:21.566 [main] DEBUG com.jayway.jsonpath.internal.path.CompiledPath -- Evaluating path: $['type']
12:53:21.566 [main] DEBUG com.jayway.jsonpath.internal.path.CompiledPath -- Evaluating path: $
12:53:21.566 [main] DEBUG com.jayway.jsonpath.internal.path.CompiledPath -- Evaluating path: $
12:53:21.566 [main] DEBUG com.jayway.jsonpath.internal.JsonContext -- Put path $ key type value {}
12:53:21.566 [main] DEBUG com.jayway.jsonpath.internal.path.CompiledPath -- Evaluating path: $
12:53:21.566 [main] DEBUG com.jayway.jsonpath.internal.JsonContext -- Put path $ key type value keyUp
12:53:21.566 [main] DEBUG com.jayway.jsonpath.internal.path.CompiledPath -- Evaluating path: $['text']
12:53:21.566 [main] DEBUG com.jayway.jsonpath.internal.path.CompiledPath -- Evaluating path: $
12:53:21.566 [main] DEBUG com.jayway.jsonpath.internal.path.CompiledPath -- Evaluating path: $
12:53:21.566 [main] DEBUG com.jayway.jsonpath.internal.JsonContext -- Put path $ key text value {}
12:53:21.566 [main] DEBUG com.jayway.jsonpath.internal.path.CompiledPath -- Evaluating path: $
12:53:21.566 [main] DEBUG com.jayway.jsonpath.internal.JsonContext -- Put path $ key text value l
12:53:21.566 [main] DEBUG com.jayway.jsonpath.internal.path.CompiledPath -- Evaluating path: $['windowsVirtualKeyCode']
12:53:21.566 [main] DEBUG com.jayway.jsonpath.internal.path.CompiledPath -- Evaluating path: $
12:53:21.566 [main] DEBUG com.jayway.jsonpath.internal.path.CompiledPath -- Evaluating path: $
12:53:21.566 [main] DEBUG com.jayway.jsonpath.internal.JsonContext -- Put path $ key windowsVirtualKeyCode value {}
12:53:21.566 [main] DEBUG com.jayway.jsonpath.internal.path.CompiledPath -- Evaluating path: $
12:53:21.566 [main] DEBUG com.jayway.jsonpath.internal.JsonContext -- Put path $ key windowsVirtualKeyCode value 108
12:53:21.566 [main] DEBUG com.jayway.jsonpath.internal.path.CompiledPath -- Evaluating path: $
12:53:21.566 [main] DEBUG com.intuit.karate.driver.chrome_1718781787382 -- >> {"id":88,"sessionId":"C948EB84EF55B0DD980335EE566A6085","method":"Input.dispatchKeyEvent","params":{"modifiers":0,"type":"keyUp","text":"l","windowsVirtualKeyCode":108}}
12:53:21.566 [nioEventLoopGroup-11-1] DEBUG com.intuit.karate.driver.chrome_1718781787382 -- << {"id":88,"result":{},"sessionId":"C948EB84EF55B0DD980335EE566A6085"}
12:53:21.566 [nioEventLoopGroup-11-1] DEBUG com.jayway.jsonpath.internal.path.CompiledPath -- Evaluating path: $
12:53:21.566 [main] DEBUG com.jayway.jsonpath.internal.path.CompiledPath -- Evaluating path: $['modifiers']
12:53:21.566 [main] DEBUG com.jayway.jsonpath.internal.path.CompiledPath -- Evaluating path: $
12:53:21.566 [main] DEBUG com.jayway.jsonpath.internal.path.CompiledPath -- Evaluating path: $
12:53:21.566 [main] DEBUG com.jayway.jsonpath.internal.JsonContext -- Put path $ key modifiers value {}
12:53:21.566 [main] DEBUG com.jayway.jsonpath.internal.path.CompiledPath -- Evaluating path: $
12:53:21.566 [main] DEBUG com.jayway.jsonpath.internal.JsonContext -- Put path $ key modifiers value 0
12:53:21.566 [main] DEBUG com.jayway.jsonpath.internal.path.CompiledPath -- Evaluating path: $['type']
12:53:21.566 [main] DEBUG com.jayway.jsonpath.internal.path.CompiledPath -- Evaluating path: $
12:53:21.566 [main] DEBUG com.jayway.jsonpath.internal.path.CompiledPath -- Evaluating path: $
12:53:21.566 [main] DEBUG com.jayway.jsonpath.internal.JsonContext -- Put path $ key type value {}
12:53:21.566 [main] DEBUG com.jayway.jsonpath.internal.path.CompiledPath -- Evaluating path: $
12:53:21.566 [main] DEBUG com.jayway.jsonpath.internal.JsonContext -- Put path $ key type value rawKeyDown
12:53:21.566 [main] DEBUG com.jayway.jsonpath.internal.path.CompiledPath -- Evaluating path: $['text']
12:53:21.566 [main] DEBUG com.jayway.jsonpath.internal.path.CompiledPath -- Evaluating path: $
12:53:21.566 [main] DEBUG com.jayway.jsonpath.internal.path.CompiledPath -- Evaluating path: $
12:53:21.566 [main] DEBUG com.jayway.jsonpath.internal.JsonContext -- Put path $ key text value {}
12:53:21.566 [main] DEBUG com.jayway.jsonpath.internal.path.CompiledPath -- Evaluating path: $
12:53:21.566 [main] DEBUG com.jayway.jsonpath.internal.JsonContext -- Put path $ key text value i
12:53:21.566 [main] DEBUG com.jayway.jsonpath.internal.path.CompiledPath -- Evaluating path: $['windowsVirtualKeyCode']
12:53:21.566 [main] DEBUG com.jayway.jsonpath.internal.path.CompiledPath -- Evaluating path: $
12:53:21.566 [main] DEBUG com.jayway.jsonpath.internal.path.CompiledPath -- Evaluating path: $
12:53:21.566 [main] DEBUG com.jayway.jsonpath.internal.JsonContext -- Put path $ key windowsVirtualKeyCode value {}
12:53:21.566 [main] DEBUG com.jayway.jsonpath.internal.path.CompiledPath -- Evaluating path: $
12:53:21.566 [main] DEBUG com.jayway.jsonpath.internal.JsonContext -- Put path $ key windowsVirtualKeyCode value 105
12:53:21.566 [main] DEBUG com.jayway.jsonpath.internal.path.CompiledPath -- Evaluating path: $
12:53:21.566 [main] DEBUG com.intuit.karate.driver.chrome_1718781787382 -- >> {"id":89,"sessionId":"C948EB84EF55B0DD980335EE566A6085","method":"Input.dispatchKeyEvent","params":{"modifiers":0,"type":"rawKeyDown","text":"i","windowsVirtualKeyCode":105}}
12:53:21.566 [nioEventLoopGroup-11-1] DEBUG com.intuit.karate.driver.chrome_1718781787382 -- << {"id":89,"result":{},"sessionId":"C948EB84EF55B0DD980335EE566A6085"}
12:53:21.566 [nioEventLoopGroup-11-1] DEBUG com.jayway.jsonpath.internal.path.CompiledPath -- Evaluating path: $
12:53:21.566 [main] DEBUG com.jayway.jsonpath.internal.path.CompiledPath -- Evaluating path: $['modifiers']
12:53:21.566 [main] DEBUG com.jayway.jsonpath.internal.path.CompiledPath -- Evaluating path: $
12:53:21.566 [main] DEBUG com.jayway.jsonpath.internal.path.CompiledPath -- Evaluating path: $
12:53:21.566 [main] DEBUG com.jayway.jsonpath.internal.JsonContext -- Put path $ key modifiers value {}
12:53:21.566 [main] DEBUG com.jayway.jsonpath.internal.path.CompiledPath -- Evaluating path: $
12:53:21.566 [main] DEBUG com.jayway.jsonpath.internal.JsonContext -- Put path $ key modifiers value 0
12:53:21.566 [main] DEBUG com.jayway.jsonpath.internal.path.CompiledPath -- Evaluating path: $['type']
12:53:21.566 [main] DEBUG com.jayway.jsonpath.internal.path.CompiledPath -- Evaluating path: $
12:53:21.566 [main] DEBUG com.jayway.jsonpath.internal.path.CompiledPath -- Evaluating path: $
12:53:21.566 [main] DEBUG com.jayway.jsonpath.internal.JsonContext -- Put path $ key type value {}
12:53:21.566 [main] DEBUG com.jayway.jsonpath.internal.path.CompiledPath -- Evaluating path: $
12:53:21.566 [main] DEBUG com.jayway.jsonpath.internal.JsonContext -- Put path $ key type value char
12:53:21.566 [main] DEBUG com.jayway.jsonpath.internal.path.CompiledPath -- Evaluating path: $['text']
12:53:21.566 [main] DEBUG com.jayway.jsonpath.internal.path.CompiledPath -- Evaluating path: $
12:53:21.566 [main] DEBUG com.jayway.jsonpath.internal.path.CompiledPath -- Evaluating path: $
12:53:21.566 [main] DEBUG com.jayway.jsonpath.internal.JsonContext -- Put path $ key text value {}
12:53:21.566 [main] DEBUG com.jayway.jsonpath.internal.path.CompiledPath -- Evaluating path: $
12:53:21.566 [main] DEBUG com.jayway.jsonpath.internal.JsonContext -- Put path $ key text value i
12:53:21.566 [main] DEBUG com.jayway.jsonpath.internal.path.CompiledPath -- Evaluating path: $['windowsVirtualKeyCode']
12:53:21.566 [main] DEBUG com.jayway.jsonpath.internal.path.CompiledPath -- Evaluating path: $
12:53:21.566 [main] DEBUG com.jayway.jsonpath.internal.path.CompiledPath -- Evaluating path: $
12:53:21.566 [main] DEBUG com.jayway.jsonpath.internal.JsonContext -- Put path $ key windowsVirtualKeyCode value {}
12:53:21.566 [main] DEBUG com.jayway.jsonpath.internal.path.CompiledPath -- Evaluating path: $
12:53:21.566 [main] DEBUG com.jayway.jsonpath.internal.JsonContext -- Put path $ key windowsVirtualKeyCode value 105
12:53:21.566 [main] DEBUG com.jayway.jsonpath.internal.path.CompiledPath -- Evaluating path: $
12:53:21.566 [main] DEBUG com.intuit.karate.driver.chrome_1718781787382 -- >> {"id":90,"sessionId":"C948EB84EF55B0DD980335EE566A6085","method":"Input.dispatchKeyEvent","params":{"modifiers":0,"type":"char","text":"i","windowsVirtualKeyCode":105}}
12:53:21.582 [nioEventLoopGroup-11-1] DEBUG com.intuit.karate.driver.chrome_1718781787382 -- << {"id":90,"result":{},"sessionId":"C948EB84EF55B0DD980335EE566A6085"}
12:53:21.582 [nioEventLoopGroup-11-1] DEBUG com.jayway.jsonpath.internal.path.CompiledPath -- Evaluating path: $
12:53:21.582 [main] DEBUG com.jayway.jsonpath.internal.path.CompiledPath -- Evaluating path: $['modifiers']
12:53:21.582 [main] DEBUG com.jayway.jsonpath.internal.path.CompiledPath -- Evaluating path: $
12:53:21.582 [main] DEBUG com.jayway.jsonpath.internal.path.CompiledPath -- Evaluating path: $
12:53:21.582 [main] DEBUG com.jayway.jsonpath.internal.JsonContext -- Put path $ key modifiers value {}
12:53:21.582 [main] DEBUG com.jayway.jsonpath.internal.path.CompiledPath -- Evaluating path: $
12:53:21.582 [main] DEBUG com.jayway.jsonpath.internal.JsonContext -- Put path $ key modifiers value 0
12:53:21.582 [main] DEBUG com.jayway.jsonpath.internal.path.CompiledPath -- Evaluating path: $['type']
12:53:21.582 [main] DEBUG com.jayway.jsonpath.internal.path.CompiledPath -- Evaluating path: $
12:53:21.582 [main] DEBUG com.jayway.jsonpath.internal.path.CompiledPath -- Evaluating path: $
12:53:21.582 [main] DEBUG com.jayway.jsonpath.internal.JsonContext -- Put path $ key type value {}
12:53:21.582 [main] DEBUG com.jayway.jsonpath.internal.path.CompiledPath -- Evaluating path: $
12:53:21.582 [main] DEBUG com.jayway.jsonpath.internal.JsonContext -- Put path $ key type value keyUp
12:53:21.582 [main] DEBUG com.jayway.jsonpath.internal.path.CompiledPath -- Evaluating path: $['text']
12:53:21.582 [main] DEBUG com.jayway.jsonpath.internal.path.CompiledPath -- Evaluating path: $
12:53:21.582 [main] DEBUG com.jayway.jsonpath.internal.path.CompiledPath -- Evaluating path: $
12:53:21.582 [main] DEBUG com.jayway.jsonpath.internal.JsonContext -- Put path $ key text value {}
12:53:21.582 [main] DEBUG com.jayway.jsonpath.internal.path.CompiledPath -- Evaluating path: $
12:53:21.582 [main] DEBUG com.jayway.jsonpath.internal.JsonContext -- Put path $ key text value i
12:53:21.582 [main] DEBUG com.jayway.jsonpath.internal.path.CompiledPath -- Evaluating path: $['windowsVirtualKeyCode']
12:53:21.582 [main] DEBUG com.jayway.jsonpath.internal.path.CompiledPath -- Evaluating path: $
12:53:21.582 [main] DEBUG com.jayway.jsonpath.internal.path.CompiledPath -- Evaluating path: $
12:53:21.582 [main] DEBUG com.jayway.jsonpath.internal.JsonContext -- Put path $ key windowsVirtualKeyCode value {}
12:53:21.582 [main] DEBUG com.jayway.jsonpath.internal.path.CompiledPath -- Evaluating path: $
12:53:21.582 [main] DEBUG com.jayway.jsonpath.internal.JsonContext -- Put path $ key windowsVirtualKeyCode value 105
12:53:21.582 [main] DEBUG com.jayway.jsonpath.internal.path.CompiledPath -- Evaluating path: $
12:53:21.582 [main] DEBUG com.intuit.karate.driver.chrome_1718781787382 -- >> {"id":91,"sessionId":"C948EB84EF55B0DD980335EE566A6085","method":"Input.dispatchKeyEvent","params":{"modifiers":0,"type":"keyUp","text":"i","windowsVirtualKeyCode":105}}
12:53:21.588 [nioEventLoopGroup-11-1] DEBUG com.intuit.karate.driver.chrome_1718781787382 -- << {"id":91,"result":{},"sessionId":"C948EB84EF55B0DD980335EE566A6085"}
12:53:21.588 [nioEventLoopGroup-11-1] DEBUG com.jayway.jsonpath.internal.path.CompiledPath -- Evaluating path: $
12:53:21.588 [main] DEBUG com.jayway.jsonpath.internal.path.CompiledPath -- Evaluating path: $['modifiers']
12:53:21.588 [main] DEBUG com.jayway.jsonpath.internal.path.CompiledPath -- Evaluating path: $
12:53:21.588 [main] DEBUG com.jayway.jsonpath.internal.path.CompiledPath -- Evaluating path: $
12:53:21.588 [main] DEBUG com.jayway.jsonpath.internal.JsonContext -- Put path $ key modifiers value {}
12:53:21.588 [main] DEBUG com.jayway.jsonpath.internal.path.CompiledPath -- Evaluating path: $
12:53:21.588 [main] DEBUG com.jayway.jsonpath.internal.JsonContext -- Put path $ key modifiers value 0
12:53:21.588 [main] DEBUG com.jayway.jsonpath.internal.path.CompiledPath -- Evaluating path: $['type']
12:53:21.588 [main] DEBUG com.jayway.jsonpath.internal.path.CompiledPath -- Evaluating path: $
12:53:21.588 [main] DEBUG com.jayway.jsonpath.internal.path.CompiledPath -- Evaluating path: $
12:53:21.588 [main] DEBUG com.jayway.jsonpath.internal.JsonContext -- Put path $ key type value {}
12:53:21.588 [main] DEBUG com.jayway.jsonpath.internal.path.CompiledPath -- Evaluating path: $
12:53:21.588 [main] DEBUG com.jayway.jsonpath.internal.JsonContext -- Put path $ key type value rawKeyDown
12:53:21.588 [main] DEBUG com.jayway.jsonpath.internal.path.CompiledPath -- Evaluating path: $['text']
12:53:21.588 [main] DEBUG com.jayway.jsonpath.internal.path.CompiledPath -- Evaluating path: $
12:53:21.588 [main] DEBUG com.jayway.jsonpath.internal.path.CompiledPath -- Evaluating path: $
12:53:21.588 [main] DEBUG com.jayway.jsonpath.internal.JsonContext -- Put path $ key text value {}
12:53:21.588 [main] DEBUG com.jayway.jsonpath.internal.path.CompiledPath -- Evaluating path: $
12:53:21.588 [main] DEBUG com.jayway.jsonpath.internal.JsonContext -- Put path $ key text value d
12:53:21.588 [main] DEBUG com.jayway.jsonpath.internal.path.CompiledPath -- Evaluating path: $['windowsVirtualKeyCode']
12:53:21.588 [main] DEBUG com.jayway.jsonpath.internal.path.CompiledPath -- Evaluating path: $
12:53:21.588 [main] DEBUG com.jayway.jsonpath.internal.path.CompiledPath -- Evaluating path: $
12:53:21.588 [main] DEBUG com.jayway.jsonpath.internal.JsonContext -- Put path $ key windowsVirtualKeyCode value {}
12:53:21.588 [main] DEBUG com.jayway.jsonpath.internal.path.CompiledPath -- Evaluating path: $
12:53:21.588 [main] DEBUG com.jayway.jsonpath.internal.JsonContext -- Put path $ key windowsVirtualKeyCode value 100
12:53:21.588 [main] DEBUG com.jayway.jsonpath.internal.path.CompiledPath -- Evaluating path: $
12:53:21.588 [main] DEBUG com.intuit.karate.driver.chrome_1718781787382 -- >> {"id":92,"sessionId":"C948EB84EF55B0DD980335EE566A6085","method":"Input.dispatchKeyEvent","params":{"modifiers":0,"type":"rawKeyDown","text":"d","windowsVirtualKeyCode":100}}
12:53:21.588 [nioEventLoopGroup-11-1] DEBUG com.intuit.karate.driver.chrome_1718781787382 -- << {"id":92,"result":{},"sessionId":"C948EB84EF55B0DD980335EE566A6085"}
12:53:21.588 [nioEventLoopGroup-11-1] DEBUG com.jayway.jsonpath.internal.path.CompiledPath -- Evaluating path: $
12:53:21.588 [main] DEBUG com.jayway.jsonpath.internal.path.CompiledPath -- Evaluating path: $['modifiers']
12:53:21.588 [main] DEBUG com.jayway.jsonpath.internal.path.CompiledPath -- Evaluating path: $
12:53:21.588 [main] DEBUG com.jayway.jsonpath.internal.path.CompiledPath -- Evaluating path: $
12:53:21.588 [main] DEBUG com.jayway.jsonpath.internal.JsonContext -- Put path $ key modifiers value {}
12:53:21.588 [main] DEBUG com.jayway.jsonpath.internal.path.CompiledPath -- Evaluating path: $
12:53:21.588 [main] DEBUG com.jayway.jsonpath.internal.JsonContext -- Put path $ key modifiers value 0
12:53:21.588 [main] DEBUG com.jayway.jsonpath.internal.path.CompiledPath -- Evaluating path: $['type']
12:53:21.588 [main] DEBUG com.jayway.jsonpath.internal.path.CompiledPath -- Evaluating path: $
12:53:21.588 [main] DEBUG com.jayway.jsonpath.internal.path.CompiledPath -- Evaluating path: $
12:53:21.588 [main] DEBUG com.jayway.jsonpath.internal.JsonContext -- Put path $ key type value {}
12:53:21.588 [main] DEBUG com.jayway.jsonpath.internal.path.CompiledPath -- Evaluating path: $
12:53:21.588 [main] DEBUG com.jayway.jsonpath.internal.JsonContext -- Put path $ key type value char
12:53:21.588 [main] DEBUG com.jayway.jsonpath.internal.path.CompiledPath -- Evaluating path: $['text']
12:53:21.588 [main] DEBUG com.jayway.jsonpath.internal.path.CompiledPath -- Evaluating path: $
12:53:21.588 [main] DEBUG com.jayway.jsonpath.internal.path.CompiledPath -- Evaluating path: $
12:53:21.588 [main] DEBUG com.jayway.jsonpath.internal.JsonContext -- Put path $ key text value {}
12:53:21.588 [main] DEBUG com.jayway.jsonpath.internal.path.CompiledPath -- Evaluating path: $
12:53:21.588 [main] DEBUG com.jayway.jsonpath.internal.JsonContext -- Put path $ key text value d
12:53:21.588 [main] DEBUG com.jayway.jsonpath.internal.path.CompiledPath -- Evaluating path: $['windowsVirtualKeyCode']
12:53:21.588 [main] DEBUG com.jayway.jsonpath.internal.path.CompiledPath -- Evaluating path: $
12:53:21.588 [main] DEBUG com.jayway.jsonpath.internal.path.CompiledPath -- Evaluating path: $
12:53:21.588 [main] DEBUG com.jayway.jsonpath.internal.JsonContext -- Put path $ key windowsVirtualKeyCode value {}
12:53:21.588 [main] DEBUG com.jayway.jsonpath.internal.path.CompiledPath -- Evaluating path: $
12:53:21.588 [main] DEBUG com.jayway.jsonpath.internal.JsonContext -- Put path $ key windowsVirtualKeyCode value 100
12:53:21.588 [main] DEBUG com.jayway.jsonpath.internal.path.CompiledPath -- Evaluating path: $
12:53:21.588 [main] DEBUG com.intuit.karate.driver.chrome_1718781787382 -- >> {"id":93,"sessionId":"C948EB84EF55B0DD980335EE566A6085","method":"Input.dispatchKeyEvent","params":{"modifiers":0,"type":"char","text":"d","windowsVirtualKeyCode":100}}
12:53:21.588 [nioEventLoopGroup-11-1] DEBUG com.intuit.karate.driver.chrome_1718781787382 -- << {"id":93,"result":{},"sessionId":"C948EB84EF55B0DD980335EE566A6085"}
12:53:21.588 [nioEventLoopGroup-11-1] DEBUG com.jayway.jsonpath.internal.path.CompiledPath -- Evaluating path: $
12:53:21.588 [main] DEBUG com.jayway.jsonpath.internal.path.CompiledPath -- Evaluating path: $['modifiers']
12:53:21.588 [main] DEBUG com.jayway.jsonpath.internal.path.CompiledPath -- Evaluating path: $
12:53:21.588 [main] DEBUG com.jayway.jsonpath.internal.path.CompiledPath -- Evaluating path: $
12:53:21.588 [main] DEBUG com.jayway.jsonpath.internal.JsonContext -- Put path $ key modifiers value {}
12:53:21.588 [main] DEBUG com.jayway.jsonpath.internal.path.CompiledPath -- Evaluating path: $
12:53:21.588 [main] DEBUG com.jayway.jsonpath.internal.JsonContext -- Put path $ key modifiers value 0
12:53:21.588 [main] DEBUG com.jayway.jsonpath.internal.path.CompiledPath -- Evaluating path: $['type']
12:53:21.588 [main] DEBUG com.jayway.jsonpath.internal.path.CompiledPath -- Evaluating path: $
12:53:21.588 [main] DEBUG com.jayway.jsonpath.internal.path.CompiledPath -- Evaluating path: $
12:53:21.588 [main] DEBUG com.jayway.jsonpath.internal.JsonContext -- Put path $ key type value {}
12:53:21.588 [main] DEBUG com.jayway.jsonpath.internal.path.CompiledPath -- Evaluating path: $
12:53:21.588 [main] DEBUG com.jayway.jsonpath.internal.JsonContext -- Put path $ key type value keyUp
12:53:21.588 [main] DEBUG com.jayway.jsonpath.internal.path.CompiledPath -- Evaluating path: $['text']
12:53:21.588 [main] DEBUG com.jayway.jsonpath.internal.path.CompiledPath -- Evaluating path: $
12:53:21.588 [main] DEBUG com.jayway.jsonpath.internal.path.CompiledPath -- Evaluating path: $
12:53:21.588 [main] DEBUG com.jayway.jsonpath.internal.JsonContext -- Put path $ key text value {}
12:53:21.588 [main] DEBUG com.jayway.jsonpath.internal.path.CompiledPath -- Evaluating path: $
12:53:21.588 [main] DEBUG com.jayway.jsonpath.internal.JsonContext -- Put path $ key text value d
12:53:21.588 [main] DEBUG com.jayway.jsonpath.internal.path.CompiledPath -- Evaluating path: $['windowsVirtualKeyCode']
12:53:21.588 [main] DEBUG com.jayway.jsonpath.internal.path.CompiledPath -- Evaluating path: $
12:53:21.588 [main] DEBUG com.jayway.jsonpath.internal.path.CompiledPath -- Evaluating path: $
12:53:21.588 [main] DEBUG com.jayway.jsonpath.internal.JsonContext -- Put path $ key windowsVirtualKeyCode value {}
12:53:21.588 [main] DEBUG com.jayway.jsonpath.internal.path.CompiledPath -- Evaluating path: $
12:53:21.588 [main] DEBUG com.jayway.jsonpath.internal.JsonContext -- Put path $ key windowsVirtualKeyCode value 100
12:53:21.588 [main] DEBUG com.jayway.jsonpath.internal.path.CompiledPath -- Evaluating path: $
12:53:21.588 [main] DEBUG com.intuit.karate.driver.chrome_1718781787382 -- >> {"id":94,"sessionId":"C948EB84EF55B0DD980335EE566A6085","method":"Input.dispatchKeyEvent","params":{"modifiers":0,"type":"keyUp","text":"d","windowsVirtualKeyCode":100}}
12:53:21.588 [nioEventLoopGroup-11-1] DEBUG com.intuit.karate.driver.chrome_1718781787382 -- << {"id":94,"result":{},"sessionId":"C948EB84EF55B0DD980335EE566A6085"}
12:53:21.588 [nioEventLoopGroup-11-1] DEBUG com.jayway.jsonpath.internal.path.CompiledPath -- Evaluating path: $
12:53:21.588 [main] DEBUG com.jayway.jsonpath.internal.path.CompiledPath -- Evaluating path: $['modifiers']
12:53:21.588 [main] DEBUG com.jayway.jsonpath.internal.path.CompiledPath -- Evaluating path: $
12:53:21.588 [main] DEBUG com.jayway.jsonpath.internal.path.CompiledPath -- Evaluating path: $
12:53:21.588 [main] DEBUG com.jayway.jsonpath.internal.JsonContext -- Put path $ key modifiers value {}
12:53:21.588 [main] DEBUG com.jayway.jsonpath.internal.path.CompiledPath -- Evaluating path: $
12:53:21.588 [main] DEBUG com.jayway.jsonpath.internal.JsonContext -- Put path $ key modifiers value 0
12:53:21.588 [main] DEBUG com.jayway.jsonpath.internal.path.CompiledPath -- Evaluating path: $['type']
12:53:21.588 [main] DEBUG com.jayway.jsonpath.internal.path.CompiledPath -- Evaluating path: $
12:53:21.588 [main] DEBUG com.jayway.jsonpath.internal.path.CompiledPath -- Evaluating path: $
12:53:21.588 [main] DEBUG com.jayway.jsonpath.internal.JsonContext -- Put path $ key type value {}
12:53:21.588 [main] DEBUG com.jayway.jsonpath.internal.path.CompiledPath -- Evaluating path: $
12:53:21.588 [main] DEBUG com.jayway.jsonpath.internal.JsonContext -- Put path $ key type value rawKeyDown
12:53:21.588 [main] DEBUG com.jayway.jsonpath.internal.path.CompiledPath -- Evaluating path: $['text']
12:53:21.588 [main] DEBUG com.jayway.jsonpath.internal.path.CompiledPath -- Evaluating path: $
12:53:21.588 [main] DEBUG com.jayway.jsonpath.internal.path.CompiledPath -- Evaluating path: $
12:53:21.588 [main] DEBUG com.jayway.jsonpath.internal.JsonContext -- Put path $ key text value {}
12:53:21.588 [main] DEBUG com.jayway.jsonpath.internal.path.CompiledPath -- Evaluating path: $
12:53:21.588 [main] DEBUG com.jayway.jsonpath.internal.JsonContext -- Put path $ key text value _
12:53:21.588 [main] DEBUG com.jayway.jsonpath.internal.path.CompiledPath -- Evaluating path: $['windowsVirtualKeyCode']
12:53:21.588 [main] DEBUG com.jayway.jsonpath.internal.path.CompiledPath -- Evaluating path: $
12:53:21.588 [main] DEBUG com.jayway.jsonpath.internal.path.CompiledPath -- Evaluating path: $
12:53:21.588 [main] DEBUG com.jayway.jsonpath.internal.JsonContext -- Put path $ key windowsVirtualKeyCode value {}
12:53:21.588 [main] DEBUG com.jayway.jsonpath.internal.path.CompiledPath -- Evaluating path: $
12:53:21.588 [main] DEBUG com.jayway.jsonpath.internal.JsonContext -- Put path $ key windowsVirtualKeyCode value 523
12:53:21.588 [main] DEBUG com.jayway.jsonpath.internal.path.CompiledPath -- Evaluating path: $
12:53:21.588 [main] DEBUG com.intuit.karate.driver.chrome_1718781787382 -- >> {"id":95,"sessionId":"C948EB84EF55B0DD980335EE566A6085","method":"Input.dispatchKeyEvent","params":{"modifiers":0,"type":"rawKeyDown","text":"_","windowsVirtualKeyCode":523}}
12:53:21.588 [nioEventLoopGroup-11-1] DEBUG com.intuit.karate.driver.chrome_1718781787382 -- << {"id":95,"result":{},"sessionId":"C948EB84EF55B0DD980335EE566A6085"}
12:53:21.588 [nioEventLoopGroup-11-1] DEBUG com.jayway.jsonpath.internal.path.CompiledPath -- Evaluating path: $
12:53:21.588 [main] DEBUG com.jayway.jsonpath.internal.path.CompiledPath -- Evaluating path: $['modifiers']
12:53:21.588 [main] DEBUG com.jayway.jsonpath.internal.path.CompiledPath -- Evaluating path: $
12:53:21.588 [main] DEBUG com.jayway.jsonpath.internal.path.CompiledPath -- Evaluating path: $
12:53:21.588 [main] DEBUG com.jayway.jsonpath.internal.JsonContext -- Put path $ key modifiers value {}
12:53:21.588 [main] DEBUG com.jayway.jsonpath.internal.path.CompiledPath -- Evaluating path: $
12:53:21.588 [main] DEBUG com.jayway.jsonpath.internal.JsonContext -- Put path $ key modifiers value 0
12:53:21.588 [main] DEBUG com.jayway.jsonpath.internal.path.CompiledPath -- Evaluating path: $['type']
12:53:21.588 [main] DEBUG com.jayway.jsonpath.internal.path.CompiledPath -- Evaluating path: $
12:53:21.588 [main] DEBUG com.jayway.jsonpath.internal.path.CompiledPath -- Evaluating path: $
12:53:21.588 [main] DEBUG com.jayway.jsonpath.internal.JsonContext -- Put path $ key type value {}
12:53:21.588 [main] DEBUG com.jayway.jsonpath.internal.path.CompiledPath -- Evaluating path: $
12:53:21.588 [main] DEBUG com.jayway.jsonpath.internal.JsonContext -- Put path $ key type value char
12:53:21.588 [main] DEBUG com.jayway.jsonpath.internal.path.CompiledPath -- Evaluating path: $['text']
12:53:21.588 [main] DEBUG com.jayway.jsonpath.internal.path.CompiledPath -- Evaluating path: $
12:53:21.588 [main] DEBUG com.jayway.jsonpath.internal.path.CompiledPath -- Evaluating path: $
12:53:21.588 [main] DEBUG com.jayway.jsonpath.internal.JsonContext -- Put path $ key text value {}
12:53:21.588 [main] DEBUG com.jayway.jsonpath.internal.path.CompiledPath -- Evaluating path: $
12:53:21.588 [main] DEBUG com.jayway.jsonpath.internal.JsonContext -- Put path $ key text value _
12:53:21.588 [main] DEBUG com.jayway.jsonpath.internal.path.CompiledPath -- Evaluating path: $['windowsVirtualKeyCode']
12:53:21.588 [main] DEBUG com.jayway.jsonpath.internal.path.CompiledPath -- Evaluating path: $
12:53:21.588 [main] DEBUG com.jayway.jsonpath.internal.path.CompiledPath -- Evaluating path: $
12:53:21.588 [main] DEBUG com.jayway.jsonpath.internal.JsonContext -- Put path $ key windowsVirtualKeyCode value {}
12:53:21.588 [main] DEBUG com.jayway.jsonpath.internal.path.CompiledPath -- Evaluating path: $
12:53:21.588 [main] DEBUG com.jayway.jsonpath.internal.JsonContext -- Put path $ key windowsVirtualKeyCode value 523
12:53:21.588 [main] DEBUG com.jayway.jsonpath.internal.path.CompiledPath -- Evaluating path: $
12:53:21.588 [main] DEBUG com.intuit.karate.driver.chrome_1718781787382 -- >> {"id":96,"sessionId":"C948EB84EF55B0DD980335EE566A6085","method":"Input.dispatchKeyEvent","params":{"modifiers":0,"type":"char","text":"_","windowsVirtualKeyCode":523}}
12:53:21.598 [nioEventLoopGroup-11-1] DEBUG com.intuit.karate.driver.chrome_1718781787382 -- << {"id":96,"result":{},"sessionId":"C948EB84EF55B0DD980335EE566A6085"}
12:53:21.598 [nioEventLoopGroup-11-1] DEBUG com.jayway.jsonpath.internal.path.CompiledPath -- Evaluating path: $
12:53:21.598 [main] DEBUG com.jayway.jsonpath.internal.path.CompiledPath -- Evaluating path: $['modifiers']
12:53:21.598 [main] DEBUG com.jayway.jsonpath.internal.path.CompiledPath -- Evaluating path: $
12:53:21.598 [main] DEBUG com.jayway.jsonpath.internal.path.CompiledPath -- Evaluating path: $
12:53:21.598 [main] DEBUG com.jayway.jsonpath.internal.JsonContext -- Put path $ key modifiers value {}
12:53:21.598 [main] DEBUG com.jayway.jsonpath.internal.path.CompiledPath -- Evaluating path: $
12:53:21.598 [main] DEBUG com.jayway.jsonpath.internal.JsonContext -- Put path $ key modifiers value 0
12:53:21.598 [main] DEBUG com.jayway.jsonpath.internal.path.CompiledPath -- Evaluating path: $['type']
12:53:21.598 [main] DEBUG com.jayway.jsonpath.internal.path.CompiledPath -- Evaluating path: $
12:53:21.598 [main] DEBUG com.jayway.jsonpath.internal.path.CompiledPath -- Evaluating path: $
12:53:21.598 [main] DEBUG com.jayway.jsonpath.internal.JsonContext -- Put path $ key type value {}
12:53:21.598 [main] DEBUG com.jayway.jsonpath.internal.path.CompiledPath -- Evaluating path: $
12:53:21.598 [main] DEBUG com.jayway.jsonpath.internal.JsonContext -- Put path $ key type value keyUp
12:53:21.598 [main] DEBUG com.jayway.jsonpath.internal.path.CompiledPath -- Evaluating path: $['text']
12:53:21.598 [main] DEBUG com.jayway.jsonpath.internal.path.CompiledPath -- Evaluating path: $
12:53:21.598 [main] DEBUG com.jayway.jsonpath.internal.path.CompiledPath -- Evaluating path: $
12:53:21.598 [main] DEBUG com.jayway.jsonpath.internal.JsonContext -- Put path $ key text value {}
12:53:21.598 [main] DEBUG com.jayway.jsonpath.internal.path.CompiledPath -- Evaluating path: $
12:53:21.598 [main] DEBUG com.jayway.jsonpath.internal.JsonContext -- Put path $ key text value _
12:53:21.598 [main] DEBUG com.jayway.jsonpath.internal.path.CompiledPath -- Evaluating path: $['windowsVirtualKeyCode']
12:53:21.598 [main] DEBUG com.jayway.jsonpath.internal.path.CompiledPath -- Evaluating path: $
12:53:21.598 [main] DEBUG com.jayway.jsonpath.internal.path.CompiledPath -- Evaluating path: $
12:53:21.598 [main] DEBUG com.jayway.jsonpath.internal.JsonContext -- Put path $ key windowsVirtualKeyCode value {}
12:53:21.598 [main] DEBUG com.jayway.jsonpath.internal.path.CompiledPath -- Evaluating path: $
12:53:21.598 [main] DEBUG com.jayway.jsonpath.internal.JsonContext -- Put path $ key windowsVirtualKeyCode value 523
12:53:21.598 [main] DEBUG com.jayway.jsonpath.internal.path.CompiledPath -- Evaluating path: $
12:53:21.598 [main] DEBUG com.intuit.karate.driver.chrome_1718781787382 -- >> {"id":97,"sessionId":"C948EB84EF55B0DD980335EE566A6085","method":"Input.dispatchKeyEvent","params":{"modifiers":0,"type":"keyUp","text":"_","windowsVirtualKeyCode":523}}
12:53:21.598 [nioEventLoopGroup-11-1] DEBUG com.intuit.karate.driver.chrome_1718781787382 -- << {"id":97,"result":{},"sessionId":"C948EB84EF55B0DD980335EE566A6085"}
12:53:21.598 [nioEventLoopGroup-11-1] DEBUG com.jayway.jsonpath.internal.path.CompiledPath -- Evaluating path: $
12:53:21.598 [main] DEBUG com.jayway.jsonpath.internal.path.CompiledPath -- Evaluating path: $['modifiers']
12:53:21.598 [main] DEBUG com.jayway.jsonpath.internal.path.CompiledPath -- Evaluating path: $
12:53:21.598 [main] DEBUG com.jayway.jsonpath.internal.path.CompiledPath -- Evaluating path: $
12:53:21.598 [main] DEBUG com.jayway.jsonpath.internal.JsonContext -- Put path $ key modifiers value {}
12:53:21.598 [main] DEBUG com.jayway.jsonpath.internal.path.CompiledPath -- Evaluating path: $
12:53:21.598 [main] DEBUG com.jayway.jsonpath.internal.JsonContext -- Put path $ key modifiers value 0
12:53:21.598 [main] DEBUG com.jayway.jsonpath.internal.path.CompiledPath -- Evaluating path: $['type']
12:53:21.598 [main] DEBUG com.jayway.jsonpath.internal.path.CompiledPath -- Evaluating path: $
12:53:21.598 [main] DEBUG com.jayway.jsonpath.internal.path.CompiledPath -- Evaluating path: $
12:53:21.598 [main] DEBUG com.jayway.jsonpath.internal.JsonContext -- Put path $ key type value {}
12:53:21.598 [main] DEBUG com.jayway.jsonpath.internal.path.CompiledPath -- Evaluating path: $
12:53:21.598 [main] DEBUG com.jayway.jsonpath.internal.JsonContext -- Put path $ key type value rawKeyDown
12:53:21.598 [main] DEBUG com.jayway.jsonpath.internal.path.CompiledPath -- Evaluating path: $['text']
12:53:21.598 [main] DEBUG com.jayway.jsonpath.internal.path.CompiledPath -- Evaluating path: $
12:53:21.598 [main] DEBUG com.jayway.jsonpath.internal.path.CompiledPath -- Evaluating path: $
12:53:21.598 [main] DEBUG com.jayway.jsonpath.internal.JsonContext -- Put path $ key text value {}
12:53:21.598 [main] DEBUG com.jayway.jsonpath.internal.path.CompiledPath -- Evaluating path: $
12:53:21.598 [main] DEBUG com.jayway.jsonpath.internal.JsonContext -- Put path $ key text value s
12:53:21.598 [main] DEBUG com.jayway.jsonpath.internal.path.CompiledPath -- Evaluating path: $['windowsVirtualKeyCode']
12:53:21.598 [main] DEBUG com.jayway.jsonpath.internal.path.CompiledPath -- Evaluating path: $
12:53:21.598 [main] DEBUG com.jayway.jsonpath.internal.path.CompiledPath -- Evaluating path: $
12:53:21.598 [main] DEBUG com.jayway.jsonpath.internal.JsonContext -- Put path $ key windowsVirtualKeyCode value {}
12:53:21.598 [main] DEBUG com.jayway.jsonpath.internal.path.CompiledPath -- Evaluating path: $
12:53:21.598 [main] DEBUG com.jayway.jsonpath.internal.JsonContext -- Put path $ key windowsVirtualKeyCode value 115
12:53:21.598 [main] DEBUG com.jayway.jsonpath.internal.path.CompiledPath -- Evaluating path: $
12:53:21.598 [main] DEBUG com.intuit.karate.driver.chrome_1718781787382 -- >> {"id":98,"sessionId":"C948EB84EF55B0DD980335EE566A6085","method":"Input.dispatchKeyEvent","params":{"modifiers":0,"type":"rawKeyDown","text":"s","windowsVirtualKeyCode":115}}
12:53:21.598 [nioEventLoopGroup-11-1] DEBUG com.intuit.karate.driver.chrome_1718781787382 -- << {"id":98,"result":{},"sessionId":"C948EB84EF55B0DD980335EE566A6085"}
12:53:21.598 [nioEventLoopGroup-11-1] DEBUG com.jayway.jsonpath.internal.path.CompiledPath -- Evaluating path: $
12:53:21.598 [main] DEBUG com.jayway.jsonpath.internal.path.CompiledPath -- Evaluating path: $['modifiers']
12:53:21.598 [main] DEBUG com.jayway.jsonpath.internal.path.CompiledPath -- Evaluating path: $
12:53:21.598 [main] DEBUG com.jayway.jsonpath.internal.path.CompiledPath -- Evaluating path: $
12:53:21.598 [main] DEBUG com.jayway.jsonpath.internal.JsonContext -- Put path $ key modifiers value {}
12:53:21.598 [main] DEBUG com.jayway.jsonpath.internal.path.CompiledPath -- Evaluating path: $
12:53:21.598 [main] DEBUG com.jayway.jsonpath.internal.JsonContext -- Put path $ key modifiers value 0
12:53:21.598 [main] DEBUG com.jayway.jsonpath.internal.path.CompiledPath -- Evaluating path: $['type']
12:53:21.598 [main] DEBUG com.jayway.jsonpath.internal.path.CompiledPath -- Evaluating path: $
12:53:21.598 [main] DEBUG com.jayway.jsonpath.internal.path.CompiledPath -- Evaluating path: $
12:53:21.598 [main] DEBUG com.jayway.jsonpath.internal.JsonContext -- Put path $ key type value {}
12:53:21.598 [main] DEBUG com.jayway.jsonpath.internal.path.CompiledPath -- Evaluating path: $
12:53:21.598 [main] DEBUG com.jayway.jsonpath.internal.JsonContext -- Put path $ key type value char
12:53:21.598 [main] DEBUG com.jayway.jsonpath.internal.path.CompiledPath -- Evaluating path: $['text']
12:53:21.598 [main] DEBUG com.jayway.jsonpath.internal.path.CompiledPath -- Evaluating path: $
12:53:21.598 [main] DEBUG com.jayway.jsonpath.internal.path.CompiledPath -- Evaluating path: $
12:53:21.598 [main] DEBUG com.jayway.jsonpath.internal.JsonContext -- Put path $ key text value {}
12:53:21.598 [main] DEBUG com.jayway.jsonpath.internal.path.CompiledPath -- Evaluating path: $
12:53:21.598 [main] DEBUG com.jayway.jsonpath.internal.JsonContext -- Put path $ key text value s
12:53:21.598 [main] DEBUG com.jayway.jsonpath.internal.path.CompiledPath -- Evaluating path: $['windowsVirtualKeyCode']
12:53:21.598 [main] DEBUG com.jayway.jsonpath.internal.path.CompiledPath -- Evaluating path: $
12:53:21.598 [main] DEBUG com.jayway.jsonpath.internal.path.CompiledPath -- Evaluating path: $
12:53:21.598 [main] DEBUG com.jayway.jsonpath.internal.JsonContext -- Put path $ key windowsVirtualKeyCode value {}
12:53:21.598 [main] DEBUG com.jayway.jsonpath.internal.path.CompiledPath -- Evaluating path: $
12:53:21.598 [main] DEBUG com.jayway.jsonpath.internal.JsonContext -- Put path $ key windowsVirtualKeyCode value 115
12:53:21.598 [main] DEBUG com.jayway.jsonpath.internal.path.CompiledPath -- Evaluating path: $
12:53:21.598 [main] DEBUG com.intuit.karate.driver.chrome_1718781787382 -- >> {"id":99,"sessionId":"C948EB84EF55B0DD980335EE566A6085","method":"Input.dispatchKeyEvent","params":{"modifiers":0,"type":"char","text":"s","windowsVirtualKeyCode":115}}
12:53:21.598 [nioEventLoopGroup-11-1] DEBUG com.intuit.karate.driver.chrome_1718781787382 -- << {"id":99,"result":{},"sessionId":"C948EB84EF55B0DD980335EE566A6085"}
12:53:21.598 [nioEventLoopGroup-11-1] DEBUG com.jayway.jsonpath.internal.path.CompiledPath -- Evaluating path: $
12:53:21.598 [main] DEBUG com.jayway.jsonpath.internal.path.CompiledPath -- Evaluating path: $['modifiers']
12:53:21.598 [main] DEBUG com.jayway.jsonpath.internal.path.CompiledPath -- Evaluating path: $
12:53:21.598 [main] DEBUG com.jayway.jsonpath.internal.path.CompiledPath -- Evaluating path: $
12:53:21.598 [main] DEBUG com.jayway.jsonpath.internal.JsonContext -- Put path $ key modifiers value {}
12:53:21.598 [main] DEBUG com.jayway.jsonpath.internal.path.CompiledPath -- Evaluating path: $
12:53:21.598 [main] DEBUG com.jayway.jsonpath.internal.JsonContext -- Put path $ key modifiers value 0
12:53:21.598 [main] DEBUG com.jayway.jsonpath.internal.path.CompiledPath -- Evaluating path: $['type']
12:53:21.598 [main] DEBUG com.jayway.jsonpath.internal.path.CompiledPath -- Evaluating path: $
12:53:21.598 [main] DEBUG com.jayway.jsonpath.internal.path.CompiledPath -- Evaluating path: $
12:53:21.598 [main] DEBUG com.jayway.jsonpath.internal.JsonContext -- Put path $ key type value {}
12:53:21.598 [main] DEBUG com.jayway.jsonpath.internal.path.CompiledPath -- Evaluating path: $
12:53:21.598 [main] DEBUG com.jayway.jsonpath.internal.JsonContext -- Put path $ key type value keyUp
12:53:21.598 [main] DEBUG com.jayway.jsonpath.internal.path.CompiledPath -- Evaluating path: $['text']
12:53:21.598 [main] DEBUG com.jayway.jsonpath.internal.path.CompiledPath -- Evaluating path: $
12:53:21.598 [main] DEBUG com.jayway.jsonpath.internal.path.CompiledPath -- Evaluating path: $
12:53:21.598 [main] DEBUG com.jayway.jsonpath.internal.JsonContext -- Put path $ key text value {}
12:53:21.598 [main] DEBUG com.jayway.jsonpath.internal.path.CompiledPath -- Evaluating path: $
12:53:21.598 [main] DEBUG com.jayway.jsonpath.internal.JsonContext -- Put path $ key text value s
12:53:21.598 [main] DEBUG com.jayway.jsonpath.internal.path.CompiledPath -- Evaluating path: $['windowsVirtualKeyCode']
12:53:21.598 [main] DEBUG com.jayway.jsonpath.internal.path.CompiledPath -- Evaluating path: $
12:53:21.598 [main] DEBUG com.jayway.jsonpath.internal.path.CompiledPath -- Evaluating path: $
12:53:21.598 [main] DEBUG com.jayway.jsonpath.internal.JsonContext -- Put path $ key windowsVirtualKeyCode value {}
12:53:21.598 [main] DEBUG com.jayway.jsonpath.internal.path.CompiledPath -- Evaluating path: $
12:53:21.598 [main] DEBUG com.jayway.jsonpath.internal.JsonContext -- Put path $ key windowsVirtualKeyCode value 115
12:53:21.598 [main] DEBUG com.jayway.jsonpath.internal.path.CompiledPath -- Evaluating path: $
12:53:21.598 [main] DEBUG com.intuit.karate.driver.chrome_1718781787382 -- >> {"id":100,"sessionId":"C948EB84EF55B0DD980335EE566A6085","method":"Input.dispatchKeyEvent","params":{"modifiers":0,"type":"keyUp","text":"s","windowsVirtualKeyCode":115}}
12:53:21.598 [nioEventLoopGroup-11-1] DEBUG com.intuit.karate.driver.chrome_1718781787382 -- << {"id":100,"result":{},"sessionId":"C948EB84EF55B0DD980335EE566A6085"}
12:53:21.613 [nioEventLoopGroup-11-1] DEBUG com.jayway.jsonpath.internal.path.CompiledPath -- Evaluating path: $
12:53:21.613 [main] DEBUG com.jayway.jsonpath.internal.path.CompiledPath -- Evaluating path: $['modifiers']
12:53:21.613 [main] DEBUG com.jayway.jsonpath.internal.path.CompiledPath -- Evaluating path: $
12:53:21.613 [main] DEBUG com.jayway.jsonpath.internal.path.CompiledPath -- Evaluating path: $
12:53:21.613 [main] DEBUG com.jayway.jsonpath.internal.JsonContext -- Put path $ key modifiers value {}
12:53:21.613 [main] DEBUG com.jayway.jsonpath.internal.path.CompiledPath -- Evaluating path: $
12:53:21.613 [main] DEBUG com.jayway.jsonpath.internal.JsonContext -- Put path $ key modifiers value 0
12:53:21.613 [main] DEBUG com.jayway.jsonpath.internal.path.CompiledPath -- Evaluating path: $['type']
12:53:21.613 [main] DEBUG com.jayway.jsonpath.internal.path.CompiledPath -- Evaluating path: $
12:53:21.613 [main] DEBUG com.jayway.jsonpath.internal.path.CompiledPath -- Evaluating path: $
12:53:21.613 [main] DEBUG com.jayway.jsonpath.internal.JsonContext -- Put path $ key type value {}
12:53:21.613 [main] DEBUG com.jayway.jsonpath.internal.path.CompiledPath -- Evaluating path: $
12:53:21.613 [main] DEBUG com.jayway.jsonpath.internal.JsonContext -- Put path $ key type value rawKeyDown
12:53:21.613 [main] DEBUG com.jayway.jsonpath.internal.path.CompiledPath -- Evaluating path: $['text']
12:53:21.613 [main] DEBUG com.jayway.jsonpath.internal.path.CompiledPath -- Evaluating path: $
12:53:21.613 [main] DEBUG com.jayway.jsonpath.internal.path.CompiledPath -- Evaluating path: $
12:53:21.613 [main] DEBUG com.jayway.jsonpath.internal.JsonContext -- Put path $ key text value {}
12:53:21.613 [main] DEBUG com.jayway.jsonpath.internal.path.CompiledPath -- Evaluating path: $
12:53:21.613 [main] DEBUG com.jayway.jsonpath.internal.JsonContext -- Put path $ key text value e
12:53:21.613 [main] DEBUG com.jayway.jsonpath.internal.path.CompiledPath -- Evaluating path: $['windowsVirtualKeyCode']
12:53:21.613 [main] DEBUG com.jayway.jsonpath.internal.path.CompiledPath -- Evaluating path: $
12:53:21.613 [main] DEBUG com.jayway.jsonpath.internal.path.CompiledPath -- Evaluating path: $
12:53:21.613 [main] DEBUG com.jayway.jsonpath.internal.JsonContext -- Put path $ key windowsVirtualKeyCode value {}
12:53:21.613 [main] DEBUG com.jayway.jsonpath.internal.path.CompiledPath -- Evaluating path: $
12:53:21.613 [main] DEBUG com.jayway.jsonpath.internal.JsonContext -- Put path $ key windowsVirtualKeyCode value 101
12:53:21.613 [main] DEBUG com.jayway.jsonpath.internal.path.CompiledPath -- Evaluating path: $
12:53:21.613 [main] DEBUG com.intuit.karate.driver.chrome_1718781787382 -- >> {"id":101,"sessionId":"C948EB84EF55B0DD980335EE566A6085","method":"Input.dispatchKeyEvent","params":{"modifiers":0,"type":"rawKeyDown","text":"e","windowsVirtualKeyCode":101}}
12:53:21.739 [nioEventLoopGroup-11-1] DEBUG com.intuit.karate.driver.chrome_1718781787382 -- << {"id":101,"result":{},"sessionId":"C948EB84EF55B0DD980335EE566A6085"}
12:53:21.739 [nioEventLoopGroup-11-1] DEBUG com.jayway.jsonpath.internal.path.CompiledPath -- Evaluating path: $
12:53:21.739 [main] DEBUG com.jayway.jsonpath.internal.path.CompiledPath -- Evaluating path: $['modifiers']
12:53:21.739 [main] DEBUG com.jayway.jsonpath.internal.path.CompiledPath -- Evaluating path: $
12:53:21.739 [main] DEBUG com.jayway.jsonpath.internal.path.CompiledPath -- Evaluating path: $
12:53:21.739 [main] DEBUG com.jayway.jsonpath.internal.JsonContext -- Put path $ key modifiers value {}
12:53:21.739 [main] DEBUG com.jayway.jsonpath.internal.path.CompiledPath -- Evaluating path: $
12:53:21.739 [main] DEBUG com.jayway.jsonpath.internal.JsonContext -- Put path $ key modifiers value 0
12:53:21.739 [main] DEBUG com.jayway.jsonpath.internal.path.CompiledPath -- Evaluating path: $['type']
12:53:21.739 [main] DEBUG com.jayway.jsonpath.internal.path.CompiledPath -- Evaluating path: $
12:53:21.739 [main] DEBUG com.jayway.jsonpath.internal.path.CompiledPath -- Evaluating path: $
12:53:21.739 [main] DEBUG com.jayway.jsonpath.internal.JsonContext -- Put path $ key type value {}
12:53:21.739 [main] DEBUG com.jayway.jsonpath.internal.path.CompiledPath -- Evaluating path: $
12:53:21.739 [main] DEBUG com.jayway.jsonpath.internal.JsonContext -- Put path $ key type value char
12:53:21.739 [main] DEBUG com.jayway.jsonpath.internal.path.CompiledPath -- Evaluating path: $['text']
12:53:21.739 [main] DEBUG com.jayway.jsonpath.internal.path.CompiledPath -- Evaluating path: $
12:53:21.739 [main] DEBUG com.jayway.jsonpath.internal.path.CompiledPath -- Evaluating path: $
12:53:21.739 [main] DEBUG com.jayway.jsonpath.internal.JsonContext -- Put path $ key text value {}
12:53:21.739 [main] DEBUG com.jayway.jsonpath.internal.path.CompiledPath -- Evaluating path: $
12:53:21.739 [main] DEBUG com.jayway.jsonpath.internal.JsonContext -- Put path $ key text value e
12:53:21.739 [main] DEBUG com.jayway.jsonpath.internal.path.CompiledPath -- Evaluating path: $['windowsVirtualKeyCode']
12:53:21.739 [main] DEBUG com.jayway.jsonpath.internal.path.CompiledPath -- Evaluating path: $
12:53:21.739 [main] DEBUG com.jayway.jsonpath.internal.path.CompiledPath -- Evaluating path: $
12:53:21.739 [main] DEBUG com.jayway.jsonpath.internal.JsonContext -- Put path $ key windowsVirtualKeyCode value {}
12:53:21.739 [main] DEBUG com.jayway.jsonpath.internal.path.CompiledPath -- Evaluating path: $
12:53:21.739 [main] DEBUG com.jayway.jsonpath.internal.JsonContext -- Put path $ key windowsVirtualKeyCode value 101
12:53:21.739 [main] DEBUG com.jayway.jsonpath.internal.path.CompiledPath -- Evaluating path: $
12:53:21.739 [main] DEBUG com.intuit.karate.driver.chrome_1718781787382 -- >> {"id":102,"sessionId":"C948EB84EF55B0DD980335EE566A6085","method":"Input.dispatchKeyEvent","params":{"modifiers":0,"type":"char","text":"e","windowsVirtualKeyCode":101}}
12:53:21.771 [nioEventLoopGroup-11-1] DEBUG com.intuit.karate.driver.chrome_1718781787382 -- << {"id":102,"result":{},"sessionId":"C948EB84EF55B0DD980335EE566A6085"}
12:53:21.771 [nioEventLoopGroup-11-1] DEBUG com.jayway.jsonpath.internal.path.CompiledPath -- Evaluating path: $
12:53:21.771 [main] DEBUG com.jayway.jsonpath.internal.path.CompiledPath -- Evaluating path: $['modifiers']
12:53:21.771 [main] DEBUG com.jayway.jsonpath.internal.path.CompiledPath -- Evaluating path: $
12:53:21.771 [main] DEBUG com.jayway.jsonpath.internal.path.CompiledPath -- Evaluating path: $
12:53:21.771 [main] DEBUG com.jayway.jsonpath.internal.JsonContext -- Put path $ key modifiers value {}
12:53:21.771 [main] DEBUG com.jayway.jsonpath.internal.path.CompiledPath -- Evaluating path: $
12:53:21.771 [main] DEBUG com.jayway.jsonpath.internal.JsonContext -- Put path $ key modifiers value 0
12:53:21.771 [main] DEBUG com.jayway.jsonpath.internal.path.CompiledPath -- Evaluating path: $['type']
12:53:21.771 [main] DEBUG com.jayway.jsonpath.internal.path.CompiledPath -- Evaluating path: $
12:53:21.771 [main] DEBUG com.jayway.jsonpath.internal.path.CompiledPath -- Evaluating path: $
12:53:21.771 [main] DEBUG com.jayway.jsonpath.internal.JsonContext -- Put path $ key type value {}
12:53:21.771 [main] DEBUG com.jayway.jsonpath.internal.path.CompiledPath -- Evaluating path: $
12:53:21.771 [main] DEBUG com.jayway.jsonpath.internal.JsonContext -- Put path $ key type value keyUp
12:53:21.771 [main] DEBUG com.jayway.jsonpath.internal.path.CompiledPath -- Evaluating path: $['text']
12:53:21.771 [main] DEBUG com.jayway.jsonpath.internal.path.CompiledPath -- Evaluating path: $
12:53:21.771 [main] DEBUG com.jayway.jsonpath.internal.path.CompiledPath -- Evaluating path: $
12:53:21.771 [main] DEBUG com.jayway.jsonpath.internal.JsonContext -- Put path $ key text value {}
12:53:21.771 [main] DEBUG com.jayway.jsonpath.internal.path.CompiledPath -- Evaluating path: $
12:53:21.771 [main] DEBUG com.jayway.jsonpath.internal.JsonContext -- Put path $ key text value e
12:53:21.771 [main] DEBUG com.jayway.jsonpath.internal.path.CompiledPath -- Evaluating path: $['windowsVirtualKeyCode']
12:53:21.771 [main] DEBUG com.jayway.jsonpath.internal.path.CompiledPath -- Evaluating path: $
12:53:21.771 [main] DEBUG com.jayway.jsonpath.internal.path.CompiledPath -- Evaluating path: $
12:53:21.771 [main] DEBUG com.jayway.jsonpath.internal.JsonContext -- Put path $ key windowsVirtualKeyCode value {}
12:53:21.771 [main] DEBUG com.jayway.jsonpath.internal.path.CompiledPath -- Evaluating path: $
12:53:21.771 [main] DEBUG com.jayway.jsonpath.internal.JsonContext -- Put path $ key windowsVirtualKeyCode value 101
12:53:21.771 [main] DEBUG com.jayway.jsonpath.internal.path.CompiledPath -- Evaluating path: $
12:53:21.771 [main] DEBUG com.intuit.karate.driver.chrome_1718781787382 -- >> {"id":103,"sessionId":"C948EB84EF55B0DD980335EE566A6085","method":"Input.dispatchKeyEvent","params":{"modifiers":0,"type":"keyUp","text":"e","windowsVirtualKeyCode":101}}
12:53:21.779 [nioEventLoopGroup-11-1] DEBUG com.intuit.karate.driver.chrome_1718781787382 -- << {"id":103,"result":{},"sessionId":"C948EB84EF55B0DD980335EE566A6085"}
12:53:21.779 [nioEventLoopGroup-11-1] DEBUG com.jayway.jsonpath.internal.path.CompiledPath -- Evaluating path: $
12:53:21.779 [main] DEBUG com.jayway.jsonpath.internal.path.CompiledPath -- Evaluating path: $['modifiers']
12:53:21.779 [main] DEBUG com.jayway.jsonpath.internal.path.CompiledPath -- Evaluating path: $
12:53:21.779 [main] DEBUG com.jayway.jsonpath.internal.path.CompiledPath -- Evaluating path: $
12:53:21.779 [main] DEBUG com.jayway.jsonpath.internal.JsonContext -- Put path $ key modifiers value {}
12:53:21.779 [main] DEBUG com.jayway.jsonpath.internal.path.CompiledPath -- Evaluating path: $
12:53:21.779 [main] DEBUG com.jayway.jsonpath.internal.JsonContext -- Put path $ key modifiers value 0
12:53:21.779 [main] DEBUG com.jayway.jsonpath.internal.path.CompiledPath -- Evaluating path: $['type']
12:53:21.779 [main] DEBUG com.jayway.jsonpath.internal.path.CompiledPath -- Evaluating path: $
12:53:21.779 [main] DEBUG com.jayway.jsonpath.internal.path.CompiledPath -- Evaluating path: $
12:53:21.779 [main] DEBUG com.jayway.jsonpath.internal.JsonContext -- Put path $ key type value {}
12:53:21.779 [main] DEBUG com.jayway.jsonpath.internal.path.CompiledPath -- Evaluating path: $
12:53:21.779 [main] DEBUG com.jayway.jsonpath.internal.JsonContext -- Put path $ key type value rawKeyDown
12:53:21.779 [main] DEBUG com.jayway.jsonpath.internal.path.CompiledPath -- Evaluating path: $['text']
12:53:21.779 [main] DEBUG com.jayway.jsonpath.internal.path.CompiledPath -- Evaluating path: $
12:53:21.779 [main] DEBUG com.jayway.jsonpath.internal.path.CompiledPath -- Evaluating path: $
12:53:21.779 [main] DEBUG com.jayway.jsonpath.internal.JsonContext -- Put path $ key text value {}
12:53:21.779 [main] DEBUG com.jayway.jsonpath.internal.path.CompiledPath -- Evaluating path: $
12:53:21.779 [main] DEBUG com.jayway.jsonpath.internal.JsonContext -- Put path $ key text value c
12:53:21.779 [main] DEBUG com.jayway.jsonpath.internal.path.CompiledPath -- Evaluating path: $['windowsVirtualKeyCode']
12:53:21.779 [main] DEBUG com.jayway.jsonpath.internal.path.CompiledPath -- Evaluating path: $
12:53:21.779 [main] DEBUG com.jayway.jsonpath.internal.path.CompiledPath -- Evaluating path: $
12:53:21.779 [main] DEBUG com.jayway.jsonpath.internal.JsonContext -- Put path $ key windowsVirtualKeyCode value {}
12:53:21.779 [main] DEBUG com.jayway.jsonpath.internal.path.CompiledPath -- Evaluating path: $
12:53:21.779 [main] DEBUG com.jayway.jsonpath.internal.JsonContext -- Put path $ key windowsVirtualKeyCode value 99
12:53:21.779 [main] DEBUG com.jayway.jsonpath.internal.path.CompiledPath -- Evaluating path: $
12:53:21.779 [main] DEBUG com.intuit.karate.driver.chrome_1718781787382 -- >> {"id":104,"sessionId":"C948EB84EF55B0DD980335EE566A6085","method":"Input.dispatchKeyEvent","params":{"modifiers":0,"type":"rawKeyDown","text":"c","windowsVirtualKeyCode":99}}
12:53:21.779 [nioEventLoopGroup-11-1] DEBUG com.intuit.karate.driver.chrome_1718781787382 -- << {"id":104,"result":{},"sessionId":"C948EB84EF55B0DD980335EE566A6085"}
12:53:21.779 [nioEventLoopGroup-11-1] DEBUG com.jayway.jsonpath.internal.path.CompiledPath -- Evaluating path: $
12:53:21.779 [main] DEBUG com.jayway.jsonpath.internal.path.CompiledPath -- Evaluating path: $['modifiers']
12:53:21.779 [main] DEBUG com.jayway.jsonpath.internal.path.CompiledPath -- Evaluating path: $
12:53:21.779 [main] DEBUG com.jayway.jsonpath.internal.path.CompiledPath -- Evaluating path: $
12:53:21.779 [main] DEBUG com.jayway.jsonpath.internal.JsonContext -- Put path $ key modifiers value {}
12:53:21.779 [main] DEBUG com.jayway.jsonpath.internal.path.CompiledPath -- Evaluating path: $
12:53:21.779 [main] DEBUG com.jayway.jsonpath.internal.JsonContext -- Put path $ key modifiers value 0
12:53:21.779 [main] DEBUG com.jayway.jsonpath.internal.path.CompiledPath -- Evaluating path: $['type']
12:53:21.779 [main] DEBUG com.jayway.jsonpath.internal.path.CompiledPath -- Evaluating path: $
12:53:21.779 [main] DEBUG com.jayway.jsonpath.internal.path.CompiledPath -- Evaluating path: $
12:53:21.779 [main] DEBUG com.jayway.jsonpath.internal.JsonContext -- Put path $ key type value {}
12:53:21.779 [main] DEBUG com.jayway.jsonpath.internal.path.CompiledPath -- Evaluating path: $
12:53:21.779 [main] DEBUG com.jayway.jsonpath.internal.JsonContext -- Put path $ key type value char
12:53:21.779 [main] DEBUG com.jayway.jsonpath.internal.path.CompiledPath -- Evaluating path: $['text']
12:53:21.779 [main] DEBUG com.jayway.jsonpath.internal.path.CompiledPath -- Evaluating path: $
12:53:21.779 [main] DEBUG com.jayway.jsonpath.internal.path.CompiledPath -- Evaluating path: $
12:53:21.779 [main] DEBUG com.jayway.jsonpath.internal.JsonContext -- Put path $ key text value {}
12:53:21.779 [main] DEBUG com.jayway.jsonpath.internal.path.CompiledPath -- Evaluating path: $
12:53:21.779 [main] DEBUG com.jayway.jsonpath.internal.JsonContext -- Put path $ key text value c
12:53:21.779 [main] DEBUG com.jayway.jsonpath.internal.path.CompiledPath -- Evaluating path: $['windowsVirtualKeyCode']
12:53:21.779 [main] DEBUG com.jayway.jsonpath.internal.path.CompiledPath -- Evaluating path: $
12:53:21.779 [main] DEBUG com.jayway.jsonpath.internal.path.CompiledPath -- Evaluating path: $
12:53:21.779 [main] DEBUG com.jayway.jsonpath.internal.JsonContext -- Put path $ key windowsVirtualKeyCode value {}
12:53:21.779 [main] DEBUG com.jayway.jsonpath.internal.path.CompiledPath -- Evaluating path: $
12:53:21.779 [main] DEBUG com.jayway.jsonpath.internal.JsonContext -- Put path $ key windowsVirtualKeyCode value 99
12:53:21.779 [main] DEBUG com.jayway.jsonpath.internal.path.CompiledPath -- Evaluating path: $
12:53:21.779 [main] DEBUG com.intuit.karate.driver.chrome_1718781787382 -- >> {"id":105,"sessionId":"C948EB84EF55B0DD980335EE566A6085","method":"Input.dispatchKeyEvent","params":{"modifiers":0,"type":"char","text":"c","windowsVirtualKeyCode":99}}
12:53:21.788 [nioEventLoopGroup-11-1] DEBUG com.intuit.karate.driver.chrome_1718781787382 -- << {"id":105,"result":{},"sessionId":"C948EB84EF55B0DD980335EE566A6085"}
12:53:21.788 [nioEventLoopGroup-11-1] DEBUG com.jayway.jsonpath.internal.path.CompiledPath -- Evaluating path: $
12:53:21.788 [main] DEBUG com.jayway.jsonpath.internal.path.CompiledPath -- Evaluating path: $['modifiers']
12:53:21.788 [main] DEBUG com.jayway.jsonpath.internal.path.CompiledPath -- Evaluating path: $
12:53:21.788 [main] DEBUG com.jayway.jsonpath.internal.path.CompiledPath -- Evaluating path: $
12:53:21.788 [main] DEBUG com.jayway.jsonpath.internal.JsonContext -- Put path $ key modifiers value {}
12:53:21.788 [main] DEBUG com.jayway.jsonpath.internal.path.CompiledPath -- Evaluating path: $
12:53:21.788 [main] DEBUG com.jayway.jsonpath.internal.JsonContext -- Put path $ key modifiers value 0
12:53:21.788 [main] DEBUG com.jayway.jsonpath.internal.path.CompiledPath -- Evaluating path: $['type']
12:53:21.788 [main] DEBUG com.jayway.jsonpath.internal.path.CompiledPath -- Evaluating path: $
12:53:21.788 [main] DEBUG com.jayway.jsonpath.internal.path.CompiledPath -- Evaluating path: $
12:53:21.788 [main] DEBUG com.jayway.jsonpath.internal.JsonContext -- Put path $ key type value {}
12:53:21.788 [main] DEBUG com.jayway.jsonpath.internal.path.CompiledPath -- Evaluating path: $
12:53:21.788 [main] DEBUG com.jayway.jsonpath.internal.JsonContext -- Put path $ key type value keyUp
12:53:21.788 [main] DEBUG com.jayway.jsonpath.internal.path.CompiledPath -- Evaluating path: $['text']
12:53:21.788 [main] DEBUG com.jayway.jsonpath.internal.path.CompiledPath -- Evaluating path: $
12:53:21.788 [main] DEBUG com.jayway.jsonpath.internal.path.CompiledPath -- Evaluating path: $
12:53:21.788 [main] DEBUG com.jayway.jsonpath.internal.JsonContext -- Put path $ key text value {}
12:53:21.788 [main] DEBUG com.jayway.jsonpath.internal.path.CompiledPath -- Evaluating path: $
12:53:21.788 [main] DEBUG com.jayway.jsonpath.internal.JsonContext -- Put path $ key text value c
12:53:21.788 [main] DEBUG com.jayway.jsonpath.internal.path.CompiledPath -- Evaluating path: $['windowsVirtualKeyCode']
12:53:21.788 [main] DEBUG com.jayway.jsonpath.internal.path.CompiledPath -- Evaluating path: $
12:53:21.788 [main] DEBUG com.jayway.jsonpath.internal.path.CompiledPath -- Evaluating path: $
12:53:21.788 [main] DEBUG com.jayway.jsonpath.internal.JsonContext -- Put path $ key windowsVirtualKeyCode value {}
12:53:21.788 [main] DEBUG com.jayway.jsonpath.internal.path.CompiledPath -- Evaluating path: $
12:53:21.788 [main] DEBUG com.jayway.jsonpath.internal.JsonContext -- Put path $ key windowsVirtualKeyCode value 99
12:53:21.788 [main] DEBUG com.jayway.jsonpath.internal.path.CompiledPath -- Evaluating path: $
12:53:21.788 [main] DEBUG com.intuit.karate.driver.chrome_1718781787382 -- >> {"id":106,"sessionId":"C948EB84EF55B0DD980335EE566A6085","method":"Input.dispatchKeyEvent","params":{"modifiers":0,"type":"keyUp","text":"c","windowsVirtualKeyCode":99}}
12:53:21.788 [nioEventLoopGroup-11-1] DEBUG com.intuit.karate.driver.chrome_1718781787382 -- << {"id":106,"result":{},"sessionId":"C948EB84EF55B0DD980335EE566A6085"}
12:53:21.788 [nioEventLoopGroup-11-1] DEBUG com.jayway.jsonpath.internal.path.CompiledPath -- Evaluating path: $
12:53:21.788 [main] DEBUG com.jayway.jsonpath.internal.path.CompiledPath -- Evaluating path: $['modifiers']
12:53:21.788 [main] DEBUG com.jayway.jsonpath.internal.path.CompiledPath -- Evaluating path: $
12:53:21.788 [main] DEBUG com.jayway.jsonpath.internal.path.CompiledPath -- Evaluating path: $
12:53:21.788 [main] DEBUG com.jayway.jsonpath.internal.JsonContext -- Put path $ key modifiers value {}
12:53:21.788 [main] DEBUG com.jayway.jsonpath.internal.path.CompiledPath -- Evaluating path: $
12:53:21.788 [main] DEBUG com.jayway.jsonpath.internal.JsonContext -- Put path $ key modifiers value 0
12:53:21.788 [main] DEBUG com.jayway.jsonpath.internal.path.CompiledPath -- Evaluating path: $['type']
12:53:21.788 [main] DEBUG com.jayway.jsonpath.internal.path.CompiledPath -- Evaluating path: $
12:53:21.788 [main] DEBUG com.jayway.jsonpath.internal.path.CompiledPath -- Evaluating path: $
12:53:21.788 [main] DEBUG com.jayway.jsonpath.internal.JsonContext -- Put path $ key type value {}
12:53:21.788 [main] DEBUG com.jayway.jsonpath.internal.path.CompiledPath -- Evaluating path: $
12:53:21.788 [main] DEBUG com.jayway.jsonpath.internal.JsonContext -- Put path $ key type value rawKeyDown
12:53:21.788 [main] DEBUG com.jayway.jsonpath.internal.path.CompiledPath -- Evaluating path: $['text']
12:53:21.788 [main] DEBUG com.jayway.jsonpath.internal.path.CompiledPath -- Evaluating path: $
12:53:21.788 [main] DEBUG com.jayway.jsonpath.internal.path.CompiledPath -- Evaluating path: $
12:53:21.788 [main] DEBUG com.jayway.jsonpath.internal.JsonContext -- Put path $ key text value {}
12:53:21.788 [main] DEBUG com.jayway.jsonpath.internal.path.CompiledPath -- Evaluating path: $
12:53:21.788 [main] DEBUG com.jayway.jsonpath.internal.JsonContext -- Put path $ key text value r
12:53:21.788 [main] DEBUG com.jayway.jsonpath.internal.path.CompiledPath -- Evaluating path: $['windowsVirtualKeyCode']
12:53:21.788 [main] DEBUG com.jayway.jsonpath.internal.path.CompiledPath -- Evaluating path: $
12:53:21.788 [main] DEBUG com.jayway.jsonpath.internal.path.CompiledPath -- Evaluating path: $
12:53:21.788 [main] DEBUG com.jayway.jsonpath.internal.JsonContext -- Put path $ key windowsVirtualKeyCode value {}
12:53:21.788 [main] DEBUG com.jayway.jsonpath.internal.path.CompiledPath -- Evaluating path: $
12:53:21.788 [main] DEBUG com.jayway.jsonpath.internal.JsonContext -- Put path $ key windowsVirtualKeyCode value 114
12:53:21.788 [main] DEBUG com.jayway.jsonpath.internal.path.CompiledPath -- Evaluating path: $
12:53:21.803 [main] DEBUG com.intuit.karate.driver.chrome_1718781787382 -- >> {"id":107,"sessionId":"C948EB84EF55B0DD980335EE566A6085","method":"Input.dispatchKeyEvent","params":{"modifiers":0,"type":"rawKeyDown","text":"r","windowsVirtualKeyCode":114}}
12:53:21.889 [nioEventLoopGroup-11-1] DEBUG com.intuit.karate.driver.chrome_1718781787382 -- << {"id":107,"result":{},"sessionId":"C948EB84EF55B0DD980335EE566A6085"}
12:53:21.889 [nioEventLoopGroup-11-1] DEBUG com.jayway.jsonpath.internal.path.CompiledPath -- Evaluating path: $
12:53:21.889 [main] DEBUG com.jayway.jsonpath.internal.path.CompiledPath -- Evaluating path: $['modifiers']
12:53:21.889 [main] DEBUG com.jayway.jsonpath.internal.path.CompiledPath -- Evaluating path: $
12:53:21.889 [main] DEBUG com.jayway.jsonpath.internal.path.CompiledPath -- Evaluating path: $
12:53:21.889 [main] DEBUG com.jayway.jsonpath.internal.JsonContext -- Put path $ key modifiers value {}
12:53:21.889 [main] DEBUG com.jayway.jsonpath.internal.path.CompiledPath -- Evaluating path: $
12:53:21.889 [main] DEBUG com.jayway.jsonpath.internal.JsonContext -- Put path $ key modifiers value 0
12:53:21.889 [main] DEBUG com.jayway.jsonpath.internal.path.CompiledPath -- Evaluating path: $['type']
12:53:21.889 [main] DEBUG com.jayway.jsonpath.internal.path.CompiledPath -- Evaluating path: $
12:53:21.889 [main] DEBUG com.jayway.jsonpath.internal.path.CompiledPath -- Evaluating path: $
12:53:21.889 [main] DEBUG com.jayway.jsonpath.internal.JsonContext -- Put path $ key type value {}
12:53:21.889 [main] DEBUG com.jayway.jsonpath.internal.path.CompiledPath -- Evaluating path: $
12:53:21.889 [main] DEBUG com.jayway.jsonpath.internal.JsonContext -- Put path $ key type value char
12:53:21.889 [main] DEBUG com.jayway.jsonpath.internal.path.CompiledPath -- Evaluating path: $['text']
12:53:21.889 [main] DEBUG com.jayway.jsonpath.internal.path.CompiledPath -- Evaluating path: $
12:53:21.889 [main] DEBUG com.jayway.jsonpath.internal.path.CompiledPath -- Evaluating path: $
12:53:21.889 [main] DEBUG com.jayway.jsonpath.internal.JsonContext -- Put path $ key text value {}
12:53:21.889 [main] DEBUG com.jayway.jsonpath.internal.path.CompiledPath -- Evaluating path: $
12:53:21.889 [main] DEBUG com.jayway.jsonpath.internal.JsonContext -- Put path $ key text value r
12:53:21.889 [main] DEBUG com.jayway.jsonpath.internal.path.CompiledPath -- Evaluating path: $['windowsVirtualKeyCode']
12:53:21.889 [main] DEBUG com.jayway.jsonpath.internal.path.CompiledPath -- Evaluating path: $
12:53:21.889 [main] DEBUG com.jayway.jsonpath.internal.path.CompiledPath -- Evaluating path: $
12:53:21.889 [main] DEBUG com.jayway.jsonpath.internal.JsonContext -- Put path $ key windowsVirtualKeyCode value {}
12:53:21.889 [main] DEBUG com.jayway.jsonpath.internal.path.CompiledPath -- Evaluating path: $
12:53:21.889 [main] DEBUG com.jayway.jsonpath.internal.JsonContext -- Put path $ key windowsVirtualKeyCode value 114
12:53:21.889 [main] DEBUG com.jayway.jsonpath.internal.path.CompiledPath -- Evaluating path: $
12:53:21.889 [main] DEBUG com.intuit.karate.driver.chrome_1718781787382 -- >> {"id":108,"sessionId":"C948EB84EF55B0DD980335EE566A6085","method":"Input.dispatchKeyEvent","params":{"modifiers":0,"type":"char","text":"r","windowsVirtualKeyCode":114}}
12:53:21.897 [nioEventLoopGroup-11-1] DEBUG com.intuit.karate.driver.chrome_1718781787382 -- << {"id":108,"result":{},"sessionId":"C948EB84EF55B0DD980335EE566A6085"}
12:53:21.897 [nioEventLoopGroup-11-1] DEBUG com.jayway.jsonpath.internal.path.CompiledPath -- Evaluating path: $
12:53:21.897 [main] DEBUG com.jayway.jsonpath.internal.path.CompiledPath -- Evaluating path: $['modifiers']
12:53:21.897 [main] DEBUG com.jayway.jsonpath.internal.path.CompiledPath -- Evaluating path: $
12:53:21.897 [main] DEBUG com.jayway.jsonpath.internal.path.CompiledPath -- Evaluating path: $
12:53:21.897 [main] DEBUG com.jayway.jsonpath.internal.JsonContext -- Put path $ key modifiers value {}
12:53:21.897 [main] DEBUG com.jayway.jsonpath.internal.path.CompiledPath -- Evaluating path: $
12:53:21.897 [main] DEBUG com.jayway.jsonpath.internal.JsonContext -- Put path $ key modifiers value 0
12:53:21.897 [main] DEBUG com.jayway.jsonpath.internal.path.CompiledPath -- Evaluating path: $['type']
12:53:21.897 [main] DEBUG com.jayway.jsonpath.internal.path.CompiledPath -- Evaluating path: $
12:53:21.897 [main] DEBUG com.jayway.jsonpath.internal.path.CompiledPath -- Evaluating path: $
12:53:21.897 [main] DEBUG com.jayway.jsonpath.internal.JsonContext -- Put path $ key type value {}
12:53:21.897 [main] DEBUG com.jayway.jsonpath.internal.path.CompiledPath -- Evaluating path: $
12:53:21.897 [main] DEBUG com.jayway.jsonpath.internal.JsonContext -- Put path $ key type value keyUp
12:53:21.897 [main] DEBUG com.jayway.jsonpath.internal.path.CompiledPath -- Evaluating path: $['text']
12:53:21.897 [main] DEBUG com.jayway.jsonpath.internal.path.CompiledPath -- Evaluating path: $
12:53:21.897 [main] DEBUG com.jayway.jsonpath.internal.path.CompiledPath -- Evaluating path: $
12:53:21.897 [main] DEBUG com.jayway.jsonpath.internal.JsonContext -- Put path $ key text value {}
12:53:21.897 [main] DEBUG com.jayway.jsonpath.internal.path.CompiledPath -- Evaluating path: $
12:53:21.897 [main] DEBUG com.jayway.jsonpath.internal.JsonContext -- Put path $ key text value r
12:53:21.897 [main] DEBUG com.jayway.jsonpath.internal.path.CompiledPath -- Evaluating path: $['windowsVirtualKeyCode']
12:53:21.897 [main] DEBUG com.jayway.jsonpath.internal.path.CompiledPath -- Evaluating path: $
12:53:21.897 [main] DEBUG com.jayway.jsonpath.internal.path.CompiledPath -- Evaluating path: $
12:53:21.897 [main] DEBUG com.jayway.jsonpath.internal.JsonContext -- Put path $ key windowsVirtualKeyCode value {}
12:53:21.897 [main] DEBUG com.jayway.jsonpath.internal.path.CompiledPath -- Evaluating path: $
12:53:21.897 [main] DEBUG com.jayway.jsonpath.internal.JsonContext -- Put path $ key windowsVirtualKeyCode value 114
12:53:21.897 [main] DEBUG com.jayway.jsonpath.internal.path.CompiledPath -- Evaluating path: $
12:53:21.897 [main] DEBUG com.intuit.karate.driver.chrome_1718781787382 -- >> {"id":109,"sessionId":"C948EB84EF55B0DD980335EE566A6085","method":"Input.dispatchKeyEvent","params":{"modifiers":0,"type":"keyUp","text":"r","windowsVirtualKeyCode":114}}
12:53:21.897 [nioEventLoopGroup-11-1] DEBUG com.intuit.karate.driver.chrome_1718781787382 -- << {"id":109,"result":{},"sessionId":"C948EB84EF55B0DD980335EE566A6085"}
12:53:21.897 [nioEventLoopGroup-11-1] DEBUG com.jayway.jsonpath.internal.path.CompiledPath -- Evaluating path: $
12:53:21.897 [main] DEBUG com.jayway.jsonpath.internal.path.CompiledPath -- Evaluating path: $['modifiers']
12:53:21.897 [main] DEBUG com.jayway.jsonpath.internal.path.CompiledPath -- Evaluating path: $
12:53:21.897 [main] DEBUG com.jayway.jsonpath.internal.path.CompiledPath -- Evaluating path: $
12:53:21.897 [main] DEBUG com.jayway.jsonpath.internal.JsonContext -- Put path $ key modifiers value {}
12:53:21.897 [main] DEBUG com.jayway.jsonpath.internal.path.CompiledPath -- Evaluating path: $
12:53:21.897 [main] DEBUG com.jayway.jsonpath.internal.JsonContext -- Put path $ key modifiers value 0
12:53:21.897 [main] DEBUG com.jayway.jsonpath.internal.path.CompiledPath -- Evaluating path: $['type']
12:53:21.897 [main] DEBUG com.jayway.jsonpath.internal.path.CompiledPath -- Evaluating path: $
12:53:21.897 [main] DEBUG com.jayway.jsonpath.internal.path.CompiledPath -- Evaluating path: $
12:53:21.897 [main] DEBUG com.jayway.jsonpath.internal.JsonContext -- Put path $ key type value {}
12:53:21.897 [main] DEBUG com.jayway.jsonpath.internal.path.CompiledPath -- Evaluating path: $
12:53:21.897 [main] DEBUG com.jayway.jsonpath.internal.JsonContext -- Put path $ key type value rawKeyDown
12:53:21.897 [main] DEBUG com.jayway.jsonpath.internal.path.CompiledPath -- Evaluating path: $['text']
12:53:21.897 [main] DEBUG com.jayway.jsonpath.internal.path.CompiledPath -- Evaluating path: $
12:53:21.897 [main] DEBUG com.jayway.jsonpath.internal.path.CompiledPath -- Evaluating path: $
12:53:21.897 [main] DEBUG com.jayway.jsonpath.internal.JsonContext -- Put path $ key text value {}
12:53:21.897 [main] DEBUG com.jayway.jsonpath.internal.path.CompiledPath -- Evaluating path: $
12:53:21.897 [main] DEBUG com.jayway.jsonpath.internal.JsonContext -- Put path $ key text value e
12:53:21.897 [main] DEBUG com.jayway.jsonpath.internal.path.CompiledPath -- Evaluating path: $['windowsVirtualKeyCode']
12:53:21.897 [main] DEBUG com.jayway.jsonpath.internal.path.CompiledPath -- Evaluating path: $
12:53:21.897 [main] DEBUG com.jayway.jsonpath.internal.path.CompiledPath -- Evaluating path: $
12:53:21.897 [main] DEBUG com.jayway.jsonpath.internal.JsonContext -- Put path $ key windowsVirtualKeyCode value {}
12:53:21.897 [main] DEBUG com.jayway.jsonpath.internal.path.CompiledPath -- Evaluating path: $
12:53:21.897 [main] DEBUG com.jayway.jsonpath.internal.JsonContext -- Put path $ key windowsVirtualKeyCode value 101
12:53:21.897 [main] DEBUG com.jayway.jsonpath.internal.path.CompiledPath -- Evaluating path: $
12:53:21.897 [main] DEBUG com.intuit.karate.driver.chrome_1718781787382 -- >> {"id":110,"sessionId":"C948EB84EF55B0DD980335EE566A6085","method":"Input.dispatchKeyEvent","params":{"modifiers":0,"type":"rawKeyDown","text":"e","windowsVirtualKeyCode":101}}
12:53:21.897 [nioEventLoopGroup-11-1] DEBUG com.intuit.karate.driver.chrome_1718781787382 -- << {"id":110,"result":{},"sessionId":"C948EB84EF55B0DD980335EE566A6085"}
12:53:21.897 [nioEventLoopGroup-11-1] DEBUG com.jayway.jsonpath.internal.path.CompiledPath -- Evaluating path: $
12:53:21.897 [main] DEBUG com.jayway.jsonpath.internal.path.CompiledPath -- Evaluating path: $['modifiers']
12:53:21.897 [main] DEBUG com.jayway.jsonpath.internal.path.CompiledPath -- Evaluating path: $
12:53:21.897 [main] DEBUG com.jayway.jsonpath.internal.path.CompiledPath -- Evaluating path: $
12:53:21.897 [main] DEBUG com.jayway.jsonpath.internal.JsonContext -- Put path $ key modifiers value {}
12:53:21.897 [main] DEBUG com.jayway.jsonpath.internal.path.CompiledPath -- Evaluating path: $
12:53:21.897 [main] DEBUG com.jayway.jsonpath.internal.JsonContext -- Put path $ key modifiers value 0
12:53:21.897 [main] DEBUG com.jayway.jsonpath.internal.path.CompiledPath -- Evaluating path: $['type']
12:53:21.897 [main] DEBUG com.jayway.jsonpath.internal.path.CompiledPath -- Evaluating path: $
12:53:21.897 [main] DEBUG com.jayway.jsonpath.internal.path.CompiledPath -- Evaluating path: $
12:53:21.897 [main] DEBUG com.jayway.jsonpath.internal.JsonContext -- Put path $ key type value {}
12:53:21.897 [main] DEBUG com.jayway.jsonpath.internal.path.CompiledPath -- Evaluating path: $
12:53:21.897 [main] DEBUG com.jayway.jsonpath.internal.JsonContext -- Put path $ key type value char
12:53:21.897 [main] DEBUG com.jayway.jsonpath.internal.path.CompiledPath -- Evaluating path: $['text']
12:53:21.897 [main] DEBUG com.jayway.jsonpath.internal.path.CompiledPath -- Evaluating path: $
12:53:21.897 [main] DEBUG com.jayway.jsonpath.internal.path.CompiledPath -- Evaluating path: $
12:53:21.897 [main] DEBUG com.jayway.jsonpath.internal.JsonContext -- Put path $ key text value {}
12:53:21.897 [main] DEBUG com.jayway.jsonpath.internal.path.CompiledPath -- Evaluating path: $
12:53:21.897 [main] DEBUG com.jayway.jsonpath.internal.JsonContext -- Put path $ key text value e
12:53:21.897 [main] DEBUG com.jayway.jsonpath.internal.path.CompiledPath -- Evaluating path: $['windowsVirtualKeyCode']
12:53:21.897 [main] DEBUG com.jayway.jsonpath.internal.path.CompiledPath -- Evaluating path: $
12:53:21.897 [main] DEBUG com.jayway.jsonpath.internal.path.CompiledPath -- Evaluating path: $
12:53:21.897 [main] DEBUG com.jayway.jsonpath.internal.JsonContext -- Put path $ key windowsVirtualKeyCode value {}
12:53:21.897 [main] DEBUG com.jayway.jsonpath.internal.path.CompiledPath -- Evaluating path: $
12:53:21.897 [main] DEBUG com.jayway.jsonpath.internal.JsonContext -- Put path $ key windowsVirtualKeyCode value 101
12:53:21.897 [main] DEBUG com.jayway.jsonpath.internal.path.CompiledPath -- Evaluating path: $
12:53:21.897 [main] DEBUG com.intuit.karate.driver.chrome_1718781787382 -- >> {"id":111,"sessionId":"C948EB84EF55B0DD980335EE566A6085","method":"Input.dispatchKeyEvent","params":{"modifiers":0,"type":"char","text":"e","windowsVirtualKeyCode":101}}
12:53:21.897 [nioEventLoopGroup-11-1] DEBUG com.intuit.karate.driver.chrome_1718781787382 -- << {"id":111,"result":{},"sessionId":"C948EB84EF55B0DD980335EE566A6085"}
12:53:21.897 [nioEventLoopGroup-11-1] DEBUG com.jayway.jsonpath.internal.path.CompiledPath -- Evaluating path: $
12:53:21.897 [main] DEBUG com.jayway.jsonpath.internal.path.CompiledPath -- Evaluating path: $['modifiers']
12:53:21.897 [main] DEBUG com.jayway.jsonpath.internal.path.CompiledPath -- Evaluating path: $
12:53:21.897 [main] DEBUG com.jayway.jsonpath.internal.path.CompiledPath -- Evaluating path: $
12:53:21.897 [main] DEBUG com.jayway.jsonpath.internal.JsonContext -- Put path $ key modifiers value {}
12:53:21.897 [main] DEBUG com.jayway.jsonpath.internal.path.CompiledPath -- Evaluating path: $
12:53:21.897 [main] DEBUG com.jayway.jsonpath.internal.JsonContext -- Put path $ key modifiers value 0
12:53:21.913 [main] DEBUG com.jayway.jsonpath.internal.path.CompiledPath -- Evaluating path: $['type']
12:53:21.913 [main] DEBUG com.jayway.jsonpath.internal.path.CompiledPath -- Evaluating path: $
12:53:21.913 [main] DEBUG com.jayway.jsonpath.internal.path.CompiledPath -- Evaluating path: $
12:53:21.913 [main] DEBUG com.jayway.jsonpath.internal.JsonContext -- Put path $ key type value {}
12:53:21.913 [main] DEBUG com.jayway.jsonpath.internal.path.CompiledPath -- Evaluating path: $
12:53:21.913 [main] DEBUG com.jayway.jsonpath.internal.JsonContext -- Put path $ key type value keyUp
12:53:21.913 [main] DEBUG com.jayway.jsonpath.internal.path.CompiledPath -- Evaluating path: $['text']
12:53:21.913 [main] DEBUG com.jayway.jsonpath.internal.path.CompiledPath -- Evaluating path: $
12:53:21.913 [main] DEBUG com.jayway.jsonpath.internal.path.CompiledPath -- Evaluating path: $
12:53:21.913 [main] DEBUG com.jayway.jsonpath.internal.JsonContext -- Put path $ key text value {}
12:53:21.913 [main] DEBUG com.jayway.jsonpath.internal.path.CompiledPath -- Evaluating path: $
12:53:21.913 [main] DEBUG com.jayway.jsonpath.internal.JsonContext -- Put path $ key text value e
12:53:21.913 [main] DEBUG com.jayway.jsonpath.internal.path.CompiledPath -- Evaluating path: $['windowsVirtualKeyCode']
12:53:21.913 [main] DEBUG com.jayway.jsonpath.internal.path.CompiledPath -- Evaluating path: $
12:53:21.913 [main] DEBUG com.jayway.jsonpath.internal.path.CompiledPath -- Evaluating path: $
12:53:21.913 [main] DEBUG com.jayway.jsonpath.internal.JsonContext -- Put path $ key windowsVirtualKeyCode value {}
12:53:21.913 [main] DEBUG com.jayway.jsonpath.internal.path.CompiledPath -- Evaluating path: $
12:53:21.913 [main] DEBUG com.jayway.jsonpath.internal.JsonContext -- Put path $ key windowsVirtualKeyCode value 101
12:53:21.913 [main] DEBUG com.jayway.jsonpath.internal.path.CompiledPath -- Evaluating path: $
12:53:21.913 [main] DEBUG com.intuit.karate.driver.chrome_1718781787382 -- >> {"id":112,"sessionId":"C948EB84EF55B0DD980335EE566A6085","method":"Input.dispatchKeyEvent","params":{"modifiers":0,"type":"keyUp","text":"e","windowsVirtualKeyCode":101}}
12:53:21.913 [nioEventLoopGroup-11-1] DEBUG com.intuit.karate.driver.chrome_1718781787382 -- << {"id":112,"result":{},"sessionId":"C948EB84EF55B0DD980335EE566A6085"}
12:53:21.913 [nioEventLoopGroup-11-1] DEBUG com.jayway.jsonpath.internal.path.CompiledPath -- Evaluating path: $
12:53:21.913 [main] DEBUG com.jayway.jsonpath.internal.path.CompiledPath -- Evaluating path: $['modifiers']
12:53:21.913 [main] DEBUG com.jayway.jsonpath.internal.path.CompiledPath -- Evaluating path: $
12:53:21.913 [main] DEBUG com.jayway.jsonpath.internal.path.CompiledPath -- Evaluating path: $
12:53:21.913 [main] DEBUG com.jayway.jsonpath.internal.JsonContext -- Put path $ key modifiers value {}
12:53:21.913 [main] DEBUG com.jayway.jsonpath.internal.path.CompiledPath -- Evaluating path: $
12:53:21.913 [main] DEBUG com.jayway.jsonpath.internal.JsonContext -- Put path $ key modifiers value 0
12:53:21.913 [main] DEBUG com.jayway.jsonpath.internal.path.CompiledPath -- Evaluating path: $['type']
12:53:21.913 [main] DEBUG com.jayway.jsonpath.internal.path.CompiledPath -- Evaluating path: $
12:53:21.913 [main] DEBUG com.jayway.jsonpath.internal.path.CompiledPath -- Evaluating path: $
12:53:21.913 [main] DEBUG com.jayway.jsonpath.internal.JsonContext -- Put path $ key type value {}
12:53:21.913 [main] DEBUG com.jayway.jsonpath.internal.path.CompiledPath -- Evaluating path: $
12:53:21.913 [main] DEBUG com.jayway.jsonpath.internal.JsonContext -- Put path $ key type value rawKeyDown
12:53:21.913 [main] DEBUG com.jayway.jsonpath.internal.path.CompiledPath -- Evaluating path: $['text']
12:53:21.913 [main] DEBUG com.jayway.jsonpath.internal.path.CompiledPath -- Evaluating path: $
12:53:21.913 [main] DEBUG com.jayway.jsonpath.internal.path.CompiledPath -- Evaluating path: $
12:53:21.913 [main] DEBUG com.jayway.jsonpath.internal.JsonContext -- Put path $ key text value {}
12:53:21.913 [main] DEBUG com.jayway.jsonpath.internal.path.CompiledPath -- Evaluating path: $
12:53:21.913 [main] DEBUG com.jayway.jsonpath.internal.JsonContext -- Put path $ key text value t
12:53:21.913 [main] DEBUG com.jayway.jsonpath.internal.path.CompiledPath -- Evaluating path: $['windowsVirtualKeyCode']
12:53:21.913 [main] DEBUG com.jayway.jsonpath.internal.path.CompiledPath -- Evaluating path: $
12:53:21.913 [main] DEBUG com.jayway.jsonpath.internal.path.CompiledPath -- Evaluating path: $
12:53:21.913 [main] DEBUG com.jayway.jsonpath.internal.JsonContext -- Put path $ key windowsVirtualKeyCode value {}
12:53:21.913 [main] DEBUG com.jayway.jsonpath.internal.path.CompiledPath -- Evaluating path: $
12:53:21.913 [main] DEBUG com.jayway.jsonpath.internal.JsonContext -- Put path $ key windowsVirtualKeyCode value 116
12:53:21.913 [main] DEBUG com.jayway.jsonpath.internal.path.CompiledPath -- Evaluating path: $
12:53:21.913 [main] DEBUG com.intuit.karate.driver.chrome_1718781787382 -- >> {"id":113,"sessionId":"C948EB84EF55B0DD980335EE566A6085","method":"Input.dispatchKeyEvent","params":{"modifiers":0,"type":"rawKeyDown","text":"t","windowsVirtualKeyCode":116}}
12:53:21.913 [nioEventLoopGroup-11-1] DEBUG com.intuit.karate.driver.chrome_1718781787382 -- << {"id":113,"result":{},"sessionId":"C948EB84EF55B0DD980335EE566A6085"}
12:53:21.913 [nioEventLoopGroup-11-1] DEBUG com.jayway.jsonpath.internal.path.CompiledPath -- Evaluating path: $
12:53:21.913 [main] DEBUG com.jayway.jsonpath.internal.path.CompiledPath -- Evaluating path: $['modifiers']
12:53:21.913 [main] DEBUG com.jayway.jsonpath.internal.path.CompiledPath -- Evaluating path: $
12:53:21.913 [main] DEBUG com.jayway.jsonpath.internal.path.CompiledPath -- Evaluating path: $
12:53:21.913 [main] DEBUG com.jayway.jsonpath.internal.JsonContext -- Put path $ key modifiers value {}
12:53:21.913 [main] DEBUG com.jayway.jsonpath.internal.path.CompiledPath -- Evaluating path: $
12:53:21.913 [main] DEBUG com.jayway.jsonpath.internal.JsonContext -- Put path $ key modifiers value 0
12:53:21.913 [main] DEBUG com.jayway.jsonpath.internal.path.CompiledPath -- Evaluating path: $['type']
12:53:21.913 [main] DEBUG com.jayway.jsonpath.internal.path.CompiledPath -- Evaluating path: $
12:53:21.913 [main] DEBUG com.jayway.jsonpath.internal.path.CompiledPath -- Evaluating path: $
12:53:21.913 [main] DEBUG com.jayway.jsonpath.internal.JsonContext -- Put path $ key type value {}
12:53:21.913 [main] DEBUG com.jayway.jsonpath.internal.path.CompiledPath -- Evaluating path: $
12:53:21.913 [main] DEBUG com.jayway.jsonpath.internal.JsonContext -- Put path $ key type value char
12:53:21.913 [main] DEBUG com.jayway.jsonpath.internal.path.CompiledPath -- Evaluating path: $['text']
12:53:21.913 [main] DEBUG com.jayway.jsonpath.internal.path.CompiledPath -- Evaluating path: $
12:53:21.913 [main] DEBUG com.jayway.jsonpath.internal.path.CompiledPath -- Evaluating path: $
12:53:21.913 [main] DEBUG com.jayway.jsonpath.internal.JsonContext -- Put path $ key text value {}
12:53:21.913 [main] DEBUG com.jayway.jsonpath.internal.path.CompiledPath -- Evaluating path: $
12:53:21.913 [main] DEBUG com.jayway.jsonpath.internal.JsonContext -- Put path $ key text value t
12:53:21.913 [main] DEBUG com.jayway.jsonpath.internal.path.CompiledPath -- Evaluating path: $['windowsVirtualKeyCode']
12:53:21.913 [main] DEBUG com.jayway.jsonpath.internal.path.CompiledPath -- Evaluating path: $
12:53:21.913 [main] DEBUG com.jayway.jsonpath.internal.path.CompiledPath -- Evaluating path: $
12:53:21.913 [main] DEBUG com.jayway.jsonpath.internal.JsonContext -- Put path $ key windowsVirtualKeyCode value {}
12:53:21.913 [main] DEBUG com.jayway.jsonpath.internal.path.CompiledPath -- Evaluating path: $
12:53:21.913 [main] DEBUG com.jayway.jsonpath.internal.JsonContext -- Put path $ key windowsVirtualKeyCode value 116
12:53:21.913 [main] DEBUG com.jayway.jsonpath.internal.path.CompiledPath -- Evaluating path: $
12:53:21.913 [main] DEBUG com.intuit.karate.driver.chrome_1718781787382 -- >> {"id":114,"sessionId":"C948EB84EF55B0DD980335EE566A6085","method":"Input.dispatchKeyEvent","params":{"modifiers":0,"type":"char","text":"t","windowsVirtualKeyCode":116}}
12:53:21.961 [nioEventLoopGroup-11-1] DEBUG com.intuit.karate.driver.chrome_1718781787382 -- << {"id":114,"result":{},"sessionId":"C948EB84EF55B0DD980335EE566A6085"}
12:53:21.961 [nioEventLoopGroup-11-1] DEBUG com.jayway.jsonpath.internal.path.CompiledPath -- Evaluating path: $
12:53:21.975 [main] DEBUG com.jayway.jsonpath.internal.path.CompiledPath -- Evaluating path: $['modifiers']
12:53:21.975 [main] DEBUG com.jayway.jsonpath.internal.path.CompiledPath -- Evaluating path: $
12:53:21.975 [main] DEBUG com.jayway.jsonpath.internal.path.CompiledPath -- Evaluating path: $
12:53:21.975 [main] DEBUG com.jayway.jsonpath.internal.JsonContext -- Put path $ key modifiers value {}
12:53:21.975 [main] DEBUG com.jayway.jsonpath.internal.path.CompiledPath -- Evaluating path: $
12:53:21.975 [main] DEBUG com.jayway.jsonpath.internal.JsonContext -- Put path $ key modifiers value 0
12:53:21.975 [main] DEBUG com.jayway.jsonpath.internal.path.CompiledPath -- Evaluating path: $['type']
12:53:21.975 [main] DEBUG com.jayway.jsonpath.internal.path.CompiledPath -- Evaluating path: $
12:53:21.975 [main] DEBUG com.jayway.jsonpath.internal.path.CompiledPath -- Evaluating path: $
12:53:21.975 [main] DEBUG com.jayway.jsonpath.internal.JsonContext -- Put path $ key type value {}
12:53:21.975 [main] DEBUG com.jayway.jsonpath.internal.path.CompiledPath -- Evaluating path: $
12:53:21.975 [main] DEBUG com.jayway.jsonpath.internal.JsonContext -- Put path $ key type value keyUp
12:53:21.975 [main] DEBUG com.jayway.jsonpath.internal.path.CompiledPath -- Evaluating path: $['text']
12:53:21.975 [main] DEBUG com.jayway.jsonpath.internal.path.CompiledPath -- Evaluating path: $
12:53:21.975 [main] DEBUG com.jayway.jsonpath.internal.path.CompiledPath -- Evaluating path: $
12:53:21.975 [main] DEBUG com.jayway.jsonpath.internal.JsonContext -- Put path $ key text value {}
12:53:21.975 [main] DEBUG com.jayway.jsonpath.internal.path.CompiledPath -- Evaluating path: $
12:53:21.975 [main] DEBUG com.jayway.jsonpath.internal.JsonContext -- Put path $ key text value t
12:53:21.975 [main] DEBUG com.jayway.jsonpath.internal.path.CompiledPath -- Evaluating path: $['windowsVirtualKeyCode']
12:53:21.975 [main] DEBUG com.jayway.jsonpath.internal.path.CompiledPath -- Evaluating path: $
12:53:21.975 [main] DEBUG com.jayway.jsonpath.internal.path.CompiledPath -- Evaluating path: $
12:53:21.975 [main] DEBUG com.jayway.jsonpath.internal.JsonContext -- Put path $ key windowsVirtualKeyCode value {}
12:53:21.975 [main] DEBUG com.jayway.jsonpath.internal.path.CompiledPath -- Evaluating path: $
12:53:21.975 [main] DEBUG com.jayway.jsonpath.internal.JsonContext -- Put path $ key windowsVirtualKeyCode value 116
12:53:21.975 [main] DEBUG com.jayway.jsonpath.internal.path.CompiledPath -- Evaluating path: $
12:53:21.975 [main] DEBUG com.intuit.karate.driver.chrome_1718781787382 -- >> {"id":115,"sessionId":"C948EB84EF55B0DD980335EE566A6085","method":"Input.dispatchKeyEvent","params":{"modifiers":0,"type":"keyUp","text":"t","windowsVirtualKeyCode":116}}
12:53:22.101 [nioEventLoopGroup-11-1] DEBUG com.intuit.karate.driver.chrome_1718781787382 -- << {"id":115,"result":{},"sessionId":"C948EB84EF55B0DD980335EE566A6085"}
12:53:22.101 [nioEventLoopGroup-11-1] DEBUG com.jayway.jsonpath.internal.path.CompiledPath -- Evaluating path: $
12:53:22.101 [main] DEBUG com.jayway.jsonpath.internal.path.CompiledPath -- Evaluating path: $['modifiers']
12:53:22.101 [main] DEBUG com.jayway.jsonpath.internal.path.CompiledPath -- Evaluating path: $
12:53:22.101 [main] DEBUG com.jayway.jsonpath.internal.path.CompiledPath -- Evaluating path: $
12:53:22.101 [main] DEBUG com.jayway.jsonpath.internal.JsonContext -- Put path $ key modifiers value {}
12:53:22.101 [main] DEBUG com.jayway.jsonpath.internal.path.CompiledPath -- Evaluating path: $
12:53:22.101 [main] DEBUG com.jayway.jsonpath.internal.JsonContext -- Put path $ key modifiers value 0
12:53:22.101 [main] DEBUG com.jayway.jsonpath.internal.path.CompiledPath -- Evaluating path: $['type']
12:53:22.101 [main] DEBUG com.jayway.jsonpath.internal.path.CompiledPath -- Evaluating path: $
12:53:22.101 [main] DEBUG com.jayway.jsonpath.internal.path.CompiledPath -- Evaluating path: $
12:53:22.101 [main] DEBUG com.jayway.jsonpath.internal.JsonContext -- Put path $ key type value {}
12:53:22.101 [main] DEBUG com.jayway.jsonpath.internal.path.CompiledPath -- Evaluating path: $
12:53:22.101 [main] DEBUG com.jayway.jsonpath.internal.JsonContext -- Put path $ key type value rawKeyDown
12:53:22.101 [main] DEBUG com.jayway.jsonpath.internal.path.CompiledPath -- Evaluating path: $['text']
12:53:22.101 [main] DEBUG com.jayway.jsonpath.internal.path.CompiledPath -- Evaluating path: $
12:53:22.101 [main] DEBUG com.jayway.jsonpath.internal.path.CompiledPath -- Evaluating path: $
12:53:22.101 [main] DEBUG com.jayway.jsonpath.internal.JsonContext -- Put path $ key text value {}
12:53:22.101 [main] DEBUG com.jayway.jsonpath.internal.path.CompiledPath -- Evaluating path: $
12:53:22.101 [main] DEBUG com.jayway.jsonpath.internal.JsonContext -- Put path $ key text value _
12:53:22.101 [main] DEBUG com.jayway.jsonpath.internal.path.CompiledPath -- Evaluating path: $['windowsVirtualKeyCode']
12:53:22.101 [main] DEBUG com.jayway.jsonpath.internal.path.CompiledPath -- Evaluating path: $
12:53:22.101 [main] DEBUG com.jayway.jsonpath.internal.path.CompiledPath -- Evaluating path: $
12:53:22.101 [main] DEBUG com.jayway.jsonpath.internal.JsonContext -- Put path $ key windowsVirtualKeyCode value {}
12:53:22.101 [main] DEBUG com.jayway.jsonpath.internal.path.CompiledPath -- Evaluating path: $
12:53:22.101 [main] DEBUG com.jayway.jsonpath.internal.JsonContext -- Put path $ key windowsVirtualKeyCode value 523
12:53:22.101 [main] DEBUG com.jayway.jsonpath.internal.path.CompiledPath -- Evaluating path: $
12:53:22.101 [main] DEBUG com.intuit.karate.driver.chrome_1718781787382 -- >> {"id":116,"sessionId":"C948EB84EF55B0DD980335EE566A6085","method":"Input.dispatchKeyEvent","params":{"modifiers":0,"type":"rawKeyDown","text":"_","windowsVirtualKeyCode":523}}
12:53:22.107 [nioEventLoopGroup-11-1] DEBUG com.intuit.karate.driver.chrome_1718781787382 -- << {"id":116,"result":{},"sessionId":"C948EB84EF55B0DD980335EE566A6085"}
12:53:22.107 [nioEventLoopGroup-11-1] DEBUG com.jayway.jsonpath.internal.path.CompiledPath -- Evaluating path: $
12:53:22.107 [main] DEBUG com.jayway.jsonpath.internal.path.CompiledPath -- Evaluating path: $['modifiers']
12:53:22.107 [main] DEBUG com.jayway.jsonpath.internal.path.CompiledPath -- Evaluating path: $
12:53:22.107 [main] DEBUG com.jayway.jsonpath.internal.path.CompiledPath -- Evaluating path: $
12:53:22.107 [main] DEBUG com.jayway.jsonpath.internal.JsonContext -- Put path $ key modifiers value {}
12:53:22.107 [main] DEBUG com.jayway.jsonpath.internal.path.CompiledPath -- Evaluating path: $
12:53:22.107 [main] DEBUG com.jayway.jsonpath.internal.JsonContext -- Put path $ key modifiers value 0
12:53:22.107 [main] DEBUG com.jayway.jsonpath.internal.path.CompiledPath -- Evaluating path: $['type']
12:53:22.107 [main] DEBUG com.jayway.jsonpath.internal.path.CompiledPath -- Evaluating path: $
12:53:22.107 [main] DEBUG com.jayway.jsonpath.internal.path.CompiledPath -- Evaluating path: $
12:53:22.107 [main] DEBUG com.jayway.jsonpath.internal.JsonContext -- Put path $ key type value {}
12:53:22.107 [main] DEBUG com.jayway.jsonpath.internal.path.CompiledPath -- Evaluating path: $
12:53:22.107 [main] DEBUG com.jayway.jsonpath.internal.JsonContext -- Put path $ key type value char
12:53:22.107 [main] DEBUG com.jayway.jsonpath.internal.path.CompiledPath -- Evaluating path: $['text']
12:53:22.107 [main] DEBUG com.jayway.jsonpath.internal.path.CompiledPath -- Evaluating path: $
12:53:22.107 [main] DEBUG com.jayway.jsonpath.internal.path.CompiledPath -- Evaluating path: $
12:53:22.107 [main] DEBUG com.jayway.jsonpath.internal.JsonContext -- Put path $ key text value {}
12:53:22.107 [main] DEBUG com.jayway.jsonpath.internal.path.CompiledPath -- Evaluating path: $
12:53:22.107 [main] DEBUG com.jayway.jsonpath.internal.JsonContext -- Put path $ key text value _
12:53:22.107 [main] DEBUG com.jayway.jsonpath.internal.path.CompiledPath -- Evaluating path: $['windowsVirtualKeyCode']
12:53:22.107 [main] DEBUG com.jayway.jsonpath.internal.path.CompiledPath -- Evaluating path: $
12:53:22.107 [main] DEBUG com.jayway.jsonpath.internal.path.CompiledPath -- Evaluating path: $
12:53:22.107 [main] DEBUG com.jayway.jsonpath.internal.JsonContext -- Put path $ key windowsVirtualKeyCode value {}
12:53:22.107 [main] DEBUG com.jayway.jsonpath.internal.path.CompiledPath -- Evaluating path: $
12:53:22.107 [main] DEBUG com.jayway.jsonpath.internal.JsonContext -- Put path $ key windowsVirtualKeyCode value 523
12:53:22.107 [main] DEBUG com.jayway.jsonpath.internal.path.CompiledPath -- Evaluating path: $
12:53:22.107 [main] DEBUG com.intuit.karate.driver.chrome_1718781787382 -- >> {"id":117,"sessionId":"C948EB84EF55B0DD980335EE566A6085","method":"Input.dispatchKeyEvent","params":{"modifiers":0,"type":"char","text":"_","windowsVirtualKeyCode":523}}
12:53:22.245 [nioEventLoopGroup-11-1] DEBUG com.intuit.karate.driver.chrome_1718781787382 -- << {"id":117,"result":{},"sessionId":"C948EB84EF55B0DD980335EE566A6085"}
12:53:22.245 [nioEventLoopGroup-11-1] DEBUG com.jayway.jsonpath.internal.path.CompiledPath -- Evaluating path: $
12:53:22.245 [main] DEBUG com.jayway.jsonpath.internal.path.CompiledPath -- Evaluating path: $['modifiers']
12:53:22.246 [main] DEBUG com.jayway.jsonpath.internal.path.CompiledPath -- Evaluating path: $
12:53:22.246 [main] DEBUG com.jayway.jsonpath.internal.path.CompiledPath -- Evaluating path: $
12:53:22.246 [main] DEBUG com.jayway.jsonpath.internal.JsonContext -- Put path $ key modifiers value {}
12:53:22.246 [main] DEBUG com.jayway.jsonpath.internal.path.CompiledPath -- Evaluating path: $
12:53:22.246 [main] DEBUG com.jayway.jsonpath.internal.JsonContext -- Put path $ key modifiers value 0
12:53:22.246 [main] DEBUG com.jayway.jsonpath.internal.path.CompiledPath -- Evaluating path: $['type']
12:53:22.246 [main] DEBUG com.jayway.jsonpath.internal.path.CompiledPath -- Evaluating path: $
12:53:22.246 [main] DEBUG com.jayway.jsonpath.internal.path.CompiledPath -- Evaluating path: $
12:53:22.246 [main] DEBUG com.jayway.jsonpath.internal.JsonContext -- Put path $ key type value {}
12:53:22.246 [main] DEBUG com.jayway.jsonpath.internal.path.CompiledPath -- Evaluating path: $
12:53:22.246 [main] DEBUG com.jayway.jsonpath.internal.JsonContext -- Put path $ key type value keyUp
12:53:22.246 [main] DEBUG com.jayway.jsonpath.internal.path.CompiledPath -- Evaluating path: $['text']
12:53:22.246 [main] DEBUG com.jayway.jsonpath.internal.path.CompiledPath -- Evaluating path: $
12:53:22.246 [main] DEBUG com.jayway.jsonpath.internal.path.CompiledPath -- Evaluating path: $
12:53:22.246 [main] DEBUG com.jayway.jsonpath.internal.JsonContext -- Put path $ key text value {}
12:53:22.246 [main] DEBUG com.jayway.jsonpath.internal.path.CompiledPath -- Evaluating path: $
12:53:22.246 [main] DEBUG com.jayway.jsonpath.internal.JsonContext -- Put path $ key text value _
12:53:22.246 [main] DEBUG com.jayway.jsonpath.internal.path.CompiledPath -- Evaluating path: $['windowsVirtualKeyCode']
12:53:22.246 [main] DEBUG com.jayway.jsonpath.internal.path.CompiledPath -- Evaluating path: $
12:53:22.246 [main] DEBUG com.jayway.jsonpath.internal.path.CompiledPath -- Evaluating path: $
12:53:22.246 [main] DEBUG com.jayway.jsonpath.internal.JsonContext -- Put path $ key windowsVirtualKeyCode value {}
12:53:22.246 [main] DEBUG com.jayway.jsonpath.internal.path.CompiledPath -- Evaluating path: $
12:53:22.246 [main] DEBUG com.jayway.jsonpath.internal.JsonContext -- Put path $ key windowsVirtualKeyCode value 523
12:53:22.246 [main] DEBUG com.jayway.jsonpath.internal.path.CompiledPath -- Evaluating path: $
12:53:22.246 [main] DEBUG com.intuit.karate.driver.chrome_1718781787382 -- >> {"id":118,"sessionId":"C948EB84EF55B0DD980335EE566A6085","method":"Input.dispatchKeyEvent","params":{"modifiers":0,"type":"keyUp","text":"_","windowsVirtualKeyCode":523}}
12:53:22.247 [nioEventLoopGroup-11-1] DEBUG com.intuit.karate.driver.chrome_1718781787382 -- << {"id":118,"result":{},"sessionId":"C948EB84EF55B0DD980335EE566A6085"}
12:53:22.247 [nioEventLoopGroup-11-1] DEBUG com.jayway.jsonpath.internal.path.CompiledPath -- Evaluating path: $
12:53:22.247 [main] DEBUG com.jayway.jsonpath.internal.path.CompiledPath -- Evaluating path: $['modifiers']
12:53:22.247 [main] DEBUG com.jayway.jsonpath.internal.path.CompiledPath -- Evaluating path: $
12:53:22.247 [main] DEBUG com.jayway.jsonpath.internal.path.CompiledPath -- Evaluating path: $
12:53:22.247 [main] DEBUG com.jayway.jsonpath.internal.JsonContext -- Put path $ key modifiers value {}
12:53:22.247 [main] DEBUG com.jayway.jsonpath.internal.path.CompiledPath -- Evaluating path: $
12:53:22.247 [main] DEBUG com.jayway.jsonpath.internal.JsonContext -- Put path $ key modifiers value 0
12:53:22.247 [main] DEBUG com.jayway.jsonpath.internal.path.CompiledPath -- Evaluating path: $['type']
12:53:22.247 [main] DEBUG com.jayway.jsonpath.internal.path.CompiledPath -- Evaluating path: $
12:53:22.247 [main] DEBUG com.jayway.jsonpath.internal.path.CompiledPath -- Evaluating path: $
12:53:22.247 [main] DEBUG com.jayway.jsonpath.internal.JsonContext -- Put path $ key type value {}
12:53:22.247 [main] DEBUG com.jayway.jsonpath.internal.path.CompiledPath -- Evaluating path: $
12:53:22.247 [main] DEBUG com.jayway.jsonpath.internal.JsonContext -- Put path $ key type value rawKeyDown
12:53:22.247 [main] DEBUG com.jayway.jsonpath.internal.path.CompiledPath -- Evaluating path: $['text']
12:53:22.247 [main] DEBUG com.jayway.jsonpath.internal.path.CompiledPath -- Evaluating path: $
12:53:22.247 [main] DEBUG com.jayway.jsonpath.internal.path.CompiledPath -- Evaluating path: $
12:53:22.247 [main] DEBUG com.jayway.jsonpath.internal.JsonContext -- Put path $ key text value {}
12:53:22.247 [main] DEBUG com.jayway.jsonpath.internal.path.CompiledPath -- Evaluating path: $
12:53:22.247 [main] DEBUG com.jayway.jsonpath.internal.JsonContext -- Put path $ key text value s
12:53:22.247 [main] DEBUG com.jayway.jsonpath.internal.path.CompiledPath -- Evaluating path: $['windowsVirtualKeyCode']
12:53:22.247 [main] DEBUG com.jayway.jsonpath.internal.path.CompiledPath -- Evaluating path: $
12:53:22.247 [main] DEBUG com.jayway.jsonpath.internal.path.CompiledPath -- Evaluating path: $
12:53:22.247 [main] DEBUG com.jayway.jsonpath.internal.JsonContext -- Put path $ key windowsVirtualKeyCode value {}
12:53:22.247 [main] DEBUG com.jayway.jsonpath.internal.path.CompiledPath -- Evaluating path: $
12:53:22.247 [main] DEBUG com.jayway.jsonpath.internal.JsonContext -- Put path $ key windowsVirtualKeyCode value 115
12:53:22.247 [main] DEBUG com.jayway.jsonpath.internal.path.CompiledPath -- Evaluating path: $
12:53:22.247 [main] DEBUG com.intuit.karate.driver.chrome_1718781787382 -- >> {"id":119,"sessionId":"C948EB84EF55B0DD980335EE566A6085","method":"Input.dispatchKeyEvent","params":{"modifiers":0,"type":"rawKeyDown","text":"s","windowsVirtualKeyCode":115}}
12:53:22.247 [nioEventLoopGroup-11-1] DEBUG com.intuit.karate.driver.chrome_1718781787382 -- << {"id":119,"result":{},"sessionId":"C948EB84EF55B0DD980335EE566A6085"}
12:53:22.247 [nioEventLoopGroup-11-1] DEBUG com.jayway.jsonpath.internal.path.CompiledPath -- Evaluating path: $
12:53:22.247 [main] DEBUG com.jayway.jsonpath.internal.path.CompiledPath -- Evaluating path: $['modifiers']
12:53:22.247 [main] DEBUG com.jayway.jsonpath.internal.path.CompiledPath -- Evaluating path: $
12:53:22.247 [main] DEBUG com.jayway.jsonpath.internal.path.CompiledPath -- Evaluating path: $
12:53:22.247 [main] DEBUG com.jayway.jsonpath.internal.JsonContext -- Put path $ key modifiers value {}
12:53:22.247 [main] DEBUG com.jayway.jsonpath.internal.path.CompiledPath -- Evaluating path: $
12:53:22.247 [main] DEBUG com.jayway.jsonpath.internal.JsonContext -- Put path $ key modifiers value 0
12:53:22.247 [main] DEBUG com.jayway.jsonpath.internal.path.CompiledPath -- Evaluating path: $['type']
12:53:22.247 [main] DEBUG com.jayway.jsonpath.internal.path.CompiledPath -- Evaluating path: $
12:53:22.247 [main] DEBUG com.jayway.jsonpath.internal.path.CompiledPath -- Evaluating path: $
12:53:22.247 [main] DEBUG com.jayway.jsonpath.internal.JsonContext -- Put path $ key type value {}
12:53:22.247 [main] DEBUG com.jayway.jsonpath.internal.path.CompiledPath -- Evaluating path: $
12:53:22.247 [main] DEBUG com.jayway.jsonpath.internal.JsonContext -- Put path $ key type value char
12:53:22.247 [main] DEBUG com.jayway.jsonpath.internal.path.CompiledPath -- Evaluating path: $['text']
12:53:22.247 [main] DEBUG com.jayway.jsonpath.internal.path.CompiledPath -- Evaluating path: $
12:53:22.247 [main] DEBUG com.jayway.jsonpath.internal.path.CompiledPath -- Evaluating path: $
12:53:22.247 [main] DEBUG com.jayway.jsonpath.internal.JsonContext -- Put path $ key text value {}
12:53:22.247 [main] DEBUG com.jayway.jsonpath.internal.path.CompiledPath -- Evaluating path: $
12:53:22.247 [main] DEBUG com.jayway.jsonpath.internal.JsonContext -- Put path $ key text value s
12:53:22.247 [main] DEBUG com.jayway.jsonpath.internal.path.CompiledPath -- Evaluating path: $['windowsVirtualKeyCode']
12:53:22.247 [main] DEBUG com.jayway.jsonpath.internal.path.CompiledPath -- Evaluating path: $
12:53:22.247 [main] DEBUG com.jayway.jsonpath.internal.path.CompiledPath -- Evaluating path: $
12:53:22.247 [main] DEBUG com.jayway.jsonpath.internal.JsonContext -- Put path $ key windowsVirtualKeyCode value {}
12:53:22.247 [main] DEBUG com.jayway.jsonpath.internal.path.CompiledPath -- Evaluating path: $
12:53:22.247 [main] DEBUG com.jayway.jsonpath.internal.JsonContext -- Put path $ key windowsVirtualKeyCode value 115
12:53:22.247 [main] DEBUG com.jayway.jsonpath.internal.path.CompiledPath -- Evaluating path: $
12:53:22.247 [main] DEBUG com.intuit.karate.driver.chrome_1718781787382 -- >> {"id":120,"sessionId":"C948EB84EF55B0DD980335EE566A6085","method":"Input.dispatchKeyEvent","params":{"modifiers":0,"type":"char","text":"s","windowsVirtualKeyCode":115}}
12:53:22.247 [nioEventLoopGroup-11-1] DEBUG com.intuit.karate.driver.chrome_1718781787382 -- << {"id":120,"result":{},"sessionId":"C948EB84EF55B0DD980335EE566A6085"}
12:53:22.247 [nioEventLoopGroup-11-1] DEBUG com.jayway.jsonpath.internal.path.CompiledPath -- Evaluating path: $
12:53:22.247 [main] DEBUG com.jayway.jsonpath.internal.path.CompiledPath -- Evaluating path: $['modifiers']
12:53:22.247 [main] DEBUG com.jayway.jsonpath.internal.path.CompiledPath -- Evaluating path: $
12:53:22.247 [main] DEBUG com.jayway.jsonpath.internal.path.CompiledPath -- Evaluating path: $
12:53:22.247 [main] DEBUG com.jayway.jsonpath.internal.JsonContext -- Put path $ key modifiers value {}
12:53:22.247 [main] DEBUG com.jayway.jsonpath.internal.path.CompiledPath -- Evaluating path: $
12:53:22.247 [main] DEBUG com.jayway.jsonpath.internal.JsonContext -- Put path $ key modifiers value 0
12:53:22.247 [main] DEBUG com.jayway.jsonpath.internal.path.CompiledPath -- Evaluating path: $['type']
12:53:22.247 [main] DEBUG com.jayway.jsonpath.internal.path.CompiledPath -- Evaluating path: $
12:53:22.247 [main] DEBUG com.jayway.jsonpath.internal.path.CompiledPath -- Evaluating path: $
12:53:22.247 [main] DEBUG com.jayway.jsonpath.internal.JsonContext -- Put path $ key type value {}
12:53:22.247 [main] DEBUG com.jayway.jsonpath.internal.path.CompiledPath -- Evaluating path: $
12:53:22.247 [main] DEBUG com.jayway.jsonpath.internal.JsonContext -- Put path $ key type value keyUp
12:53:22.247 [main] DEBUG com.jayway.jsonpath.internal.path.CompiledPath -- Evaluating path: $['text']
12:53:22.247 [main] DEBUG com.jayway.jsonpath.internal.path.CompiledPath -- Evaluating path: $
12:53:22.247 [main] DEBUG com.jayway.jsonpath.internal.path.CompiledPath -- Evaluating path: $
12:53:22.247 [main] DEBUG com.jayway.jsonpath.internal.JsonContext -- Put path $ key text value {}
12:53:22.247 [main] DEBUG com.jayway.jsonpath.internal.path.CompiledPath -- Evaluating path: $
12:53:22.247 [main] DEBUG com.jayway.jsonpath.internal.JsonContext -- Put path $ key text value s
12:53:22.247 [main] DEBUG com.jayway.jsonpath.internal.path.CompiledPath -- Evaluating path: $['windowsVirtualKeyCode']
12:53:22.247 [main] DEBUG com.jayway.jsonpath.internal.path.CompiledPath -- Evaluating path: $
12:53:22.247 [main] DEBUG com.jayway.jsonpath.internal.path.CompiledPath -- Evaluating path: $
12:53:22.247 [main] DEBUG com.jayway.jsonpath.internal.JsonContext -- Put path $ key windowsVirtualKeyCode value {}
12:53:22.247 [main] DEBUG com.jayway.jsonpath.internal.path.CompiledPath -- Evaluating path: $
12:53:22.247 [main] DEBUG com.jayway.jsonpath.internal.JsonContext -- Put path $ key windowsVirtualKeyCode value 115
12:53:22.247 [main] DEBUG com.jayway.jsonpath.internal.path.CompiledPath -- Evaluating path: $
12:53:22.247 [main] DEBUG com.intuit.karate.driver.chrome_1718781787382 -- >> {"id":121,"sessionId":"C948EB84EF55B0DD980335EE566A6085","method":"Input.dispatchKeyEvent","params":{"modifiers":0,"type":"keyUp","text":"s","windowsVirtualKeyCode":115}}
12:53:22.247 [nioEventLoopGroup-11-1] DEBUG com.intuit.karate.driver.chrome_1718781787382 -- << {"id":121,"result":{},"sessionId":"C948EB84EF55B0DD980335EE566A6085"}
12:53:22.247 [nioEventLoopGroup-11-1] DEBUG com.jayway.jsonpath.internal.path.CompiledPath -- Evaluating path: $
12:53:22.247 [main] DEBUG com.jayway.jsonpath.internal.path.CompiledPath -- Evaluating path: $['modifiers']
12:53:22.247 [main] DEBUG com.jayway.jsonpath.internal.path.CompiledPath -- Evaluating path: $
12:53:22.247 [main] DEBUG com.jayway.jsonpath.internal.path.CompiledPath -- Evaluating path: $
12:53:22.247 [main] DEBUG com.jayway.jsonpath.internal.JsonContext -- Put path $ key modifiers value {}
12:53:22.247 [main] DEBUG com.jayway.jsonpath.internal.path.CompiledPath -- Evaluating path: $
12:53:22.247 [main] DEBUG com.jayway.jsonpath.internal.JsonContext -- Put path $ key modifiers value 0
12:53:22.247 [main] DEBUG com.jayway.jsonpath.internal.path.CompiledPath -- Evaluating path: $['type']
12:53:22.247 [main] DEBUG com.jayway.jsonpath.internal.path.CompiledPath -- Evaluating path: $
12:53:22.247 [main] DEBUG com.jayway.jsonpath.internal.path.CompiledPath -- Evaluating path: $
12:53:22.247 [main] DEBUG com.jayway.jsonpath.internal.JsonContext -- Put path $ key type value {}
12:53:22.247 [main] DEBUG com.jayway.jsonpath.internal.path.CompiledPath -- Evaluating path: $
12:53:22.247 [main] DEBUG com.jayway.jsonpath.internal.JsonContext -- Put path $ key type value rawKeyDown
12:53:22.247 [main] DEBUG com.jayway.jsonpath.internal.path.CompiledPath -- Evaluating path: $['text']
12:53:22.247 [main] DEBUG com.jayway.jsonpath.internal.path.CompiledPath -- Evaluating path: $
12:53:22.247 [main] DEBUG com.jayway.jsonpath.internal.path.CompiledPath -- Evaluating path: $
12:53:22.247 [main] DEBUG com.jayway.jsonpath.internal.JsonContext -- Put path $ key text value {}
12:53:22.247 [main] DEBUG com.jayway.jsonpath.internal.path.CompiledPath -- Evaluating path: $
12:53:22.247 [main] DEBUG com.jayway.jsonpath.internal.JsonContext -- Put path $ key text value a
12:53:22.247 [main] DEBUG com.jayway.jsonpath.internal.path.CompiledPath -- Evaluating path: $['windowsVirtualKeyCode']
12:53:22.247 [main] DEBUG com.jayway.jsonpath.internal.path.CompiledPath -- Evaluating path: $
12:53:22.247 [main] DEBUG com.jayway.jsonpath.internal.path.CompiledPath -- Evaluating path: $
12:53:22.247 [main] DEBUG com.jayway.jsonpath.internal.JsonContext -- Put path $ key windowsVirtualKeyCode value {}
12:53:22.247 [main] DEBUG com.jayway.jsonpath.internal.path.CompiledPath -- Evaluating path: $
12:53:22.247 [main] DEBUG com.jayway.jsonpath.internal.JsonContext -- Put path $ key windowsVirtualKeyCode value 97
12:53:22.247 [main] DEBUG com.jayway.jsonpath.internal.path.CompiledPath -- Evaluating path: $
12:53:22.247 [main] DEBUG com.intuit.karate.driver.chrome_1718781787382 -- >> {"id":122,"sessionId":"C948EB84EF55B0DD980335EE566A6085","method":"Input.dispatchKeyEvent","params":{"modifiers":0,"type":"rawKeyDown","text":"a","windowsVirtualKeyCode":97}}
12:53:22.247 [nioEventLoopGroup-11-1] DEBUG com.intuit.karate.driver.chrome_1718781787382 -- << {"id":122,"result":{},"sessionId":"C948EB84EF55B0DD980335EE566A6085"}
12:53:22.247 [nioEventLoopGroup-11-1] DEBUG com.jayway.jsonpath.internal.path.CompiledPath -- Evaluating path: $
12:53:22.247 [main] DEBUG com.jayway.jsonpath.internal.path.CompiledPath -- Evaluating path: $['modifiers']
12:53:22.247 [main] DEBUG com.jayway.jsonpath.internal.path.CompiledPath -- Evaluating path: $
12:53:22.247 [main] DEBUG com.jayway.jsonpath.internal.path.CompiledPath -- Evaluating path: $
12:53:22.247 [main] DEBUG com.jayway.jsonpath.internal.JsonContext -- Put path $ key modifiers value {}
12:53:22.247 [main] DEBUG com.jayway.jsonpath.internal.path.CompiledPath -- Evaluating path: $
12:53:22.247 [main] DEBUG com.jayway.jsonpath.internal.JsonContext -- Put path $ key modifiers value 0
12:53:22.247 [main] DEBUG com.jayway.jsonpath.internal.path.CompiledPath -- Evaluating path: $['type']
12:53:22.247 [main] DEBUG com.jayway.jsonpath.internal.path.CompiledPath -- Evaluating path: $
12:53:22.247 [main] DEBUG com.jayway.jsonpath.internal.path.CompiledPath -- Evaluating path: $
12:53:22.247 [main] DEBUG com.jayway.jsonpath.internal.JsonContext -- Put path $ key type value {}
12:53:22.247 [main] DEBUG com.jayway.jsonpath.internal.path.CompiledPath -- Evaluating path: $
12:53:22.247 [main] DEBUG com.jayway.jsonpath.internal.JsonContext -- Put path $ key type value char
12:53:22.247 [main] DEBUG com.jayway.jsonpath.internal.path.CompiledPath -- Evaluating path: $['text']
12:53:22.247 [main] DEBUG com.jayway.jsonpath.internal.path.CompiledPath -- Evaluating path: $
12:53:22.247 [main] DEBUG com.jayway.jsonpath.internal.path.CompiledPath -- Evaluating path: $
12:53:22.247 [main] DEBUG com.jayway.jsonpath.internal.JsonContext -- Put path $ key text value {}
12:53:22.247 [main] DEBUG com.jayway.jsonpath.internal.path.CompiledPath -- Evaluating path: $
12:53:22.247 [main] DEBUG com.jayway.jsonpath.internal.JsonContext -- Put path $ key text value a
12:53:22.247 [main] DEBUG com.jayway.jsonpath.internal.path.CompiledPath -- Evaluating path: $['windowsVirtualKeyCode']
12:53:22.247 [main] DEBUG com.jayway.jsonpath.internal.path.CompiledPath -- Evaluating path: $
12:53:22.247 [main] DEBUG com.jayway.jsonpath.internal.path.CompiledPath -- Evaluating path: $
12:53:22.247 [main] DEBUG com.jayway.jsonpath.internal.JsonContext -- Put path $ key windowsVirtualKeyCode value {}
12:53:22.247 [main] DEBUG com.jayway.jsonpath.internal.path.CompiledPath -- Evaluating path: $
12:53:22.247 [main] DEBUG com.jayway.jsonpath.internal.JsonContext -- Put path $ key windowsVirtualKeyCode value 97
12:53:22.247 [main] DEBUG com.jayway.jsonpath.internal.path.CompiledPath -- Evaluating path: $
12:53:22.247 [main] DEBUG com.intuit.karate.driver.chrome_1718781787382 -- >> {"id":123,"sessionId":"C948EB84EF55B0DD980335EE566A6085","method":"Input.dispatchKeyEvent","params":{"modifiers":0,"type":"char","text":"a","windowsVirtualKeyCode":97}}
12:53:22.265 [nioEventLoopGroup-11-1] DEBUG com.intuit.karate.driver.chrome_1718781787382 -- << {"id":123,"result":{},"sessionId":"C948EB84EF55B0DD980335EE566A6085"}
12:53:22.265 [nioEventLoopGroup-11-1] DEBUG com.jayway.jsonpath.internal.path.CompiledPath -- Evaluating path: $
12:53:22.265 [main] DEBUG com.jayway.jsonpath.internal.path.CompiledPath -- Evaluating path: $['modifiers']
12:53:22.265 [main] DEBUG com.jayway.jsonpath.internal.path.CompiledPath -- Evaluating path: $
12:53:22.265 [main] DEBUG com.jayway.jsonpath.internal.path.CompiledPath -- Evaluating path: $
12:53:22.265 [main] DEBUG com.jayway.jsonpath.internal.JsonContext -- Put path $ key modifiers value {}
12:53:22.265 [main] DEBUG com.jayway.jsonpath.internal.path.CompiledPath -- Evaluating path: $
12:53:22.265 [main] DEBUG com.jayway.jsonpath.internal.JsonContext -- Put path $ key modifiers value 0
12:53:22.265 [main] DEBUG com.jayway.jsonpath.internal.path.CompiledPath -- Evaluating path: $['type']
12:53:22.265 [main] DEBUG com.jayway.jsonpath.internal.path.CompiledPath -- Evaluating path: $
12:53:22.265 [main] DEBUG com.jayway.jsonpath.internal.path.CompiledPath -- Evaluating path: $
12:53:22.265 [main] DEBUG com.jayway.jsonpath.internal.JsonContext -- Put path $ key type value {}
12:53:22.265 [main] DEBUG com.jayway.jsonpath.internal.path.CompiledPath -- Evaluating path: $
12:53:22.265 [main] DEBUG com.jayway.jsonpath.internal.JsonContext -- Put path $ key type value keyUp
12:53:22.265 [main] DEBUG com.jayway.jsonpath.internal.path.CompiledPath -- Evaluating path: $['text']
12:53:22.265 [main] DEBUG com.jayway.jsonpath.internal.path.CompiledPath -- Evaluating path: $
12:53:22.265 [main] DEBUG com.jayway.jsonpath.internal.path.CompiledPath -- Evaluating path: $
12:53:22.265 [main] DEBUG com.jayway.jsonpath.internal.JsonContext -- Put path $ key text value {}
12:53:22.265 [main] DEBUG com.jayway.jsonpath.internal.path.CompiledPath -- Evaluating path: $
12:53:22.265 [main] DEBUG com.jayway.jsonpath.internal.JsonContext -- Put path $ key text value a
12:53:22.265 [main] DEBUG com.jayway.jsonpath.internal.path.CompiledPath -- Evaluating path: $['windowsVirtualKeyCode']
12:53:22.265 [main] DEBUG com.jayway.jsonpath.internal.path.CompiledPath -- Evaluating path: $
12:53:22.265 [main] DEBUG com.jayway.jsonpath.internal.path.CompiledPath -- Evaluating path: $
12:53:22.265 [main] DEBUG com.jayway.jsonpath.internal.JsonContext -- Put path $ key windowsVirtualKeyCode value {}
12:53:22.265 [main] DEBUG com.jayway.jsonpath.internal.path.CompiledPath -- Evaluating path: $
12:53:22.265 [main] DEBUG com.jayway.jsonpath.internal.JsonContext -- Put path $ key windowsVirtualKeyCode value 97
12:53:22.265 [main] DEBUG com.jayway.jsonpath.internal.path.CompiledPath -- Evaluating path: $
12:53:22.265 [main] DEBUG com.intuit.karate.driver.chrome_1718781787382 -- >> {"id":124,"sessionId":"C948EB84EF55B0DD980335EE566A6085","method":"Input.dispatchKeyEvent","params":{"modifiers":0,"type":"keyUp","text":"a","windowsVirtualKeyCode":97}}
12:53:22.265 [nioEventLoopGroup-11-1] DEBUG com.intuit.karate.driver.chrome_1718781787382 -- << {"id":124,"result":{},"sessionId":"C948EB84EF55B0DD980335EE566A6085"}
12:53:22.265 [nioEventLoopGroup-11-1] DEBUG com.jayway.jsonpath.internal.path.CompiledPath -- Evaluating path: $
12:53:22.265 [main] DEBUG com.jayway.jsonpath.internal.path.CompiledPath -- Evaluating path: $['modifiers']
12:53:22.265 [main] DEBUG com.jayway.jsonpath.internal.path.CompiledPath -- Evaluating path: $
12:53:22.265 [main] DEBUG com.jayway.jsonpath.internal.path.CompiledPath -- Evaluating path: $
12:53:22.265 [main] DEBUG com.jayway.jsonpath.internal.JsonContext -- Put path $ key modifiers value {}
12:53:22.265 [main] DEBUG com.jayway.jsonpath.internal.path.CompiledPath -- Evaluating path: $
12:53:22.265 [main] DEBUG com.jayway.jsonpath.internal.JsonContext -- Put path $ key modifiers value 0
12:53:22.265 [main] DEBUG com.jayway.jsonpath.internal.path.CompiledPath -- Evaluating path: $['type']
12:53:22.265 [main] DEBUG com.jayway.jsonpath.internal.path.CompiledPath -- Evaluating path: $
12:53:22.265 [main] DEBUG com.jayway.jsonpath.internal.path.CompiledPath -- Evaluating path: $
12:53:22.265 [main] DEBUG com.jayway.jsonpath.internal.JsonContext -- Put path $ key type value {}
12:53:22.265 [main] DEBUG com.jayway.jsonpath.internal.path.CompiledPath -- Evaluating path: $
12:53:22.265 [main] DEBUG com.jayway.jsonpath.internal.JsonContext -- Put path $ key type value rawKeyDown
12:53:22.265 [main] DEBUG com.jayway.jsonpath.internal.path.CompiledPath -- Evaluating path: $['text']
12:53:22.265 [main] DEBUG com.jayway.jsonpath.internal.path.CompiledPath -- Evaluating path: $
12:53:22.265 [main] DEBUG com.jayway.jsonpath.internal.path.CompiledPath -- Evaluating path: $
12:53:22.265 [main] DEBUG com.jayway.jsonpath.internal.JsonContext -- Put path $ key text value {}
12:53:22.265 [main] DEBUG com.jayway.jsonpath.internal.path.CompiledPath -- Evaluating path: $
12:53:22.265 [main] DEBUG com.jayway.jsonpath.internal.JsonContext -- Put path $ key text value u
12:53:22.265 [main] DEBUG com.jayway.jsonpath.internal.path.CompiledPath -- Evaluating path: $['windowsVirtualKeyCode']
12:53:22.265 [main] DEBUG com.jayway.jsonpath.internal.path.CompiledPath -- Evaluating path: $
12:53:22.265 [main] DEBUG com.jayway.jsonpath.internal.path.CompiledPath -- Evaluating path: $
12:53:22.265 [main] DEBUG com.jayway.jsonpath.internal.JsonContext -- Put path $ key windowsVirtualKeyCode value {}
12:53:22.265 [main] DEBUG com.jayway.jsonpath.internal.path.CompiledPath -- Evaluating path: $
12:53:22.265 [main] DEBUG com.jayway.jsonpath.internal.JsonContext -- Put path $ key windowsVirtualKeyCode value 117
12:53:22.265 [main] DEBUG com.jayway.jsonpath.internal.path.CompiledPath -- Evaluating path: $
12:53:22.265 [main] DEBUG com.intuit.karate.driver.chrome_1718781787382 -- >> {"id":125,"sessionId":"C948EB84EF55B0DD980335EE566A6085","method":"Input.dispatchKeyEvent","params":{"modifiers":0,"type":"rawKeyDown","text":"u","windowsVirtualKeyCode":117}}
12:53:22.265 [nioEventLoopGroup-11-1] DEBUG com.intuit.karate.driver.chrome_1718781787382 -- << {"id":125,"result":{},"sessionId":"C948EB84EF55B0DD980335EE566A6085"}
12:53:22.265 [nioEventLoopGroup-11-1] DEBUG com.jayway.jsonpath.internal.path.CompiledPath -- Evaluating path: $
12:53:22.265 [main] DEBUG com.jayway.jsonpath.internal.path.CompiledPath -- Evaluating path: $['modifiers']
12:53:22.265 [main] DEBUG com.jayway.jsonpath.internal.path.CompiledPath -- Evaluating path: $
12:53:22.265 [main] DEBUG com.jayway.jsonpath.internal.path.CompiledPath -- Evaluating path: $
12:53:22.265 [main] DEBUG com.jayway.jsonpath.internal.JsonContext -- Put path $ key modifiers value {}
12:53:22.265 [main] DEBUG com.jayway.jsonpath.internal.path.CompiledPath -- Evaluating path: $
12:53:22.265 [main] DEBUG com.jayway.jsonpath.internal.JsonContext -- Put path $ key modifiers value 0
12:53:22.265 [main] DEBUG com.jayway.jsonpath.internal.path.CompiledPath -- Evaluating path: $['type']
12:53:22.265 [main] DEBUG com.jayway.jsonpath.internal.path.CompiledPath -- Evaluating path: $
12:53:22.265 [main] DEBUG com.jayway.jsonpath.internal.path.CompiledPath -- Evaluating path: $
12:53:22.265 [main] DEBUG com.jayway.jsonpath.internal.JsonContext -- Put path $ key type value {}
12:53:22.265 [main] DEBUG com.jayway.jsonpath.internal.path.CompiledPath -- Evaluating path: $
12:53:22.265 [main] DEBUG com.jayway.jsonpath.internal.JsonContext -- Put path $ key type value char
12:53:22.265 [main] DEBUG com.jayway.jsonpath.internal.path.CompiledPath -- Evaluating path: $['text']
12:53:22.265 [main] DEBUG com.jayway.jsonpath.internal.path.CompiledPath -- Evaluating path: $
12:53:22.265 [main] DEBUG com.jayway.jsonpath.internal.path.CompiledPath -- Evaluating path: $
12:53:22.265 [main] DEBUG com.jayway.jsonpath.internal.JsonContext -- Put path $ key text value {}
12:53:22.265 [main] DEBUG com.jayway.jsonpath.internal.path.CompiledPath -- Evaluating path: $
12:53:22.265 [main] DEBUG com.jayway.jsonpath.internal.JsonContext -- Put path $ key text value u
12:53:22.265 [main] DEBUG com.jayway.jsonpath.internal.path.CompiledPath -- Evaluating path: $['windowsVirtualKeyCode']
12:53:22.265 [main] DEBUG com.jayway.jsonpath.internal.path.CompiledPath -- Evaluating path: $
12:53:22.265 [main] DEBUG com.jayway.jsonpath.internal.path.CompiledPath -- Evaluating path: $
12:53:22.265 [main] DEBUG com.jayway.jsonpath.internal.JsonContext -- Put path $ key windowsVirtualKeyCode value {}
12:53:22.265 [main] DEBUG com.jayway.jsonpath.internal.path.CompiledPath -- Evaluating path: $
12:53:22.265 [main] DEBUG com.jayway.jsonpath.internal.JsonContext -- Put path $ key windowsVirtualKeyCode value 117
12:53:22.265 [main] DEBUG com.jayway.jsonpath.internal.path.CompiledPath -- Evaluating path: $
12:53:22.265 [main] DEBUG com.intuit.karate.driver.chrome_1718781787382 -- >> {"id":126,"sessionId":"C948EB84EF55B0DD980335EE566A6085","method":"Input.dispatchKeyEvent","params":{"modifiers":0,"type":"char","text":"u","windowsVirtualKeyCode":117}}
12:53:22.369 [nioEventLoopGroup-11-1] DEBUG com.intuit.karate.driver.chrome_1718781787382 -- << {"id":126,"result":{},"sessionId":"C948EB84EF55B0DD980335EE566A6085"}
12:53:22.369 [nioEventLoopGroup-11-1] DEBUG com.jayway.jsonpath.internal.path.CompiledPath -- Evaluating path: $
12:53:22.369 [main] DEBUG com.jayway.jsonpath.internal.path.CompiledPath -- Evaluating path: $['modifiers']
12:53:22.369 [main] DEBUG com.jayway.jsonpath.internal.path.CompiledPath -- Evaluating path: $
12:53:22.369 [main] DEBUG com.jayway.jsonpath.internal.path.CompiledPath -- Evaluating path: $
12:53:22.369 [main] DEBUG com.jayway.jsonpath.internal.JsonContext -- Put path $ key modifiers value {}
12:53:22.369 [main] DEBUG com.jayway.jsonpath.internal.path.CompiledPath -- Evaluating path: $
12:53:22.369 [main] DEBUG com.jayway.jsonpath.internal.JsonContext -- Put path $ key modifiers value 0
12:53:22.369 [main] DEBUG com.jayway.jsonpath.internal.path.CompiledPath -- Evaluating path: $['type']
12:53:22.369 [main] DEBUG com.jayway.jsonpath.internal.path.CompiledPath -- Evaluating path: $
12:53:22.369 [main] DEBUG com.jayway.jsonpath.internal.path.CompiledPath -- Evaluating path: $
12:53:22.369 [main] DEBUG com.jayway.jsonpath.internal.JsonContext -- Put path $ key type value {}
12:53:22.369 [main] DEBUG com.jayway.jsonpath.internal.path.CompiledPath -- Evaluating path: $
12:53:22.369 [main] DEBUG com.jayway.jsonpath.internal.JsonContext -- Put path $ key type value keyUp
12:53:22.369 [main] DEBUG com.jayway.jsonpath.internal.path.CompiledPath -- Evaluating path: $['text']
12:53:22.369 [main] DEBUG com.jayway.jsonpath.internal.path.CompiledPath -- Evaluating path: $
12:53:22.369 [main] DEBUG com.jayway.jsonpath.internal.path.CompiledPath -- Evaluating path: $
12:53:22.369 [main] DEBUG com.jayway.jsonpath.internal.JsonContext -- Put path $ key text value {}
12:53:22.369 [main] DEBUG com.jayway.jsonpath.internal.path.CompiledPath -- Evaluating path: $
12:53:22.369 [main] DEBUG com.jayway.jsonpath.internal.JsonContext -- Put path $ key text value u
12:53:22.369 [main] DEBUG com.jayway.jsonpath.internal.path.CompiledPath -- Evaluating path: $['windowsVirtualKeyCode']
12:53:22.369 [main] DEBUG com.jayway.jsonpath.internal.path.CompiledPath -- Evaluating path: $
12:53:22.369 [main] DEBUG com.jayway.jsonpath.internal.path.CompiledPath -- Evaluating path: $
12:53:22.369 [main] DEBUG com.jayway.jsonpath.internal.JsonContext -- Put path $ key windowsVirtualKeyCode value {}
12:53:22.369 [main] DEBUG com.jayway.jsonpath.internal.path.CompiledPath -- Evaluating path: $
12:53:22.369 [main] DEBUG com.jayway.jsonpath.internal.JsonContext -- Put path $ key windowsVirtualKeyCode value 117
12:53:22.369 [main] DEBUG com.jayway.jsonpath.internal.path.CompiledPath -- Evaluating path: $
12:53:22.369 [main] DEBUG com.intuit.karate.driver.chrome_1718781787382 -- >> {"id":127,"sessionId":"C948EB84EF55B0DD980335EE566A6085","method":"Input.dispatchKeyEvent","params":{"modifiers":0,"type":"keyUp","text":"u","windowsVirtualKeyCode":117}}
12:53:22.369 [nioEventLoopGroup-11-1] DEBUG com.intuit.karate.driver.chrome_1718781787382 -- << {"id":127,"result":{},"sessionId":"C948EB84EF55B0DD980335EE566A6085"}
12:53:22.369 [nioEventLoopGroup-11-1] DEBUG com.jayway.jsonpath.internal.path.CompiledPath -- Evaluating path: $
12:53:22.385 [main] DEBUG com.jayway.jsonpath.internal.path.CompiledPath -- Evaluating path: $['modifiers']
12:53:22.385 [main] DEBUG com.jayway.jsonpath.internal.path.CompiledPath -- Evaluating path: $
12:53:22.385 [main] DEBUG com.jayway.jsonpath.internal.path.CompiledPath -- Evaluating path: $
12:53:22.385 [main] DEBUG com.jayway.jsonpath.internal.JsonContext -- Put path $ key modifiers value {}
12:53:22.385 [main] DEBUG com.jayway.jsonpath.internal.path.CompiledPath -- Evaluating path: $
12:53:22.385 [main] DEBUG com.jayway.jsonpath.internal.JsonContext -- Put path $ key modifiers value 0
12:53:22.385 [main] DEBUG com.jayway.jsonpath.internal.path.CompiledPath -- Evaluating path: $['type']
12:53:22.385 [main] DEBUG com.jayway.jsonpath.internal.path.CompiledPath -- Evaluating path: $
12:53:22.385 [main] DEBUG com.jayway.jsonpath.internal.path.CompiledPath -- Evaluating path: $
12:53:22.385 [main] DEBUG com.jayway.jsonpath.internal.JsonContext -- Put path $ key type value {}
12:53:22.385 [main] DEBUG com.jayway.jsonpath.internal.path.CompiledPath -- Evaluating path: $
12:53:22.385 [main] DEBUG com.jayway.jsonpath.internal.JsonContext -- Put path $ key type value rawKeyDown
12:53:22.385 [main] DEBUG com.jayway.jsonpath.internal.path.CompiledPath -- Evaluating path: $['text']
12:53:22.385 [main] DEBUG com.jayway.jsonpath.internal.path.CompiledPath -- Evaluating path: $
12:53:22.385 [main] DEBUG com.jayway.jsonpath.internal.path.CompiledPath -- Evaluating path: $
12:53:22.385 [main] DEBUG com.jayway.jsonpath.internal.JsonContext -- Put path $ key text value {}
12:53:22.385 [main] DEBUG com.jayway.jsonpath.internal.path.CompiledPath -- Evaluating path: $
12:53:22.385 [main] DEBUG com.jayway.jsonpath.internal.JsonContext -- Put path $ key text value c
12:53:22.385 [main] DEBUG com.jayway.jsonpath.internal.path.CompiledPath -- Evaluating path: $['windowsVirtualKeyCode']
12:53:22.385 [main] DEBUG com.jayway.jsonpath.internal.path.CompiledPath -- Evaluating path: $
12:53:22.385 [main] DEBUG com.jayway.jsonpath.internal.path.CompiledPath -- Evaluating path: $
12:53:22.385 [main] DEBUG com.jayway.jsonpath.internal.JsonContext -- Put path $ key windowsVirtualKeyCode value {}
12:53:22.385 [main] DEBUG com.jayway.jsonpath.internal.path.CompiledPath -- Evaluating path: $
12:53:22.385 [main] DEBUG com.jayway.jsonpath.internal.JsonContext -- Put path $ key windowsVirtualKeyCode value 99
12:53:22.385 [main] DEBUG com.jayway.jsonpath.internal.path.CompiledPath -- Evaluating path: $
12:53:22.385 [main] DEBUG com.intuit.karate.driver.chrome_1718781787382 -- >> {"id":128,"sessionId":"C948EB84EF55B0DD980335EE566A6085","method":"Input.dispatchKeyEvent","params":{"modifiers":0,"type":"rawKeyDown","text":"c","windowsVirtualKeyCode":99}}
12:53:22.390 [nioEventLoopGroup-11-1] DEBUG com.intuit.karate.driver.chrome_1718781787382 -- << {"id":128,"result":{},"sessionId":"C948EB84EF55B0DD980335EE566A6085"}
12:53:22.390 [nioEventLoopGroup-11-1] DEBUG com.jayway.jsonpath.internal.path.CompiledPath -- Evaluating path: $
12:53:22.390 [main] DEBUG com.jayway.jsonpath.internal.path.CompiledPath -- Evaluating path: $['modifiers']
12:53:22.390 [main] DEBUG com.jayway.jsonpath.internal.path.CompiledPath -- Evaluating path: $
12:53:22.390 [main] DEBUG com.jayway.jsonpath.internal.path.CompiledPath -- Evaluating path: $
12:53:22.390 [main] DEBUG com.jayway.jsonpath.internal.JsonContext -- Put path $ key modifiers value {}
12:53:22.390 [main] DEBUG com.jayway.jsonpath.internal.path.CompiledPath -- Evaluating path: $
12:53:22.390 [main] DEBUG com.jayway.jsonpath.internal.JsonContext -- Put path $ key modifiers value 0
12:53:22.390 [main] DEBUG com.jayway.jsonpath.internal.path.CompiledPath -- Evaluating path: $['type']
12:53:22.390 [main] DEBUG com.jayway.jsonpath.internal.path.CompiledPath -- Evaluating path: $
12:53:22.390 [main] DEBUG com.jayway.jsonpath.internal.path.CompiledPath -- Evaluating path: $
12:53:22.390 [main] DEBUG com.jayway.jsonpath.internal.JsonContext -- Put path $ key type value {}
12:53:22.390 [main] DEBUG com.jayway.jsonpath.internal.path.CompiledPath -- Evaluating path: $
12:53:22.390 [main] DEBUG com.jayway.jsonpath.internal.JsonContext -- Put path $ key type value char
12:53:22.390 [main] DEBUG com.jayway.jsonpath.internal.path.CompiledPath -- Evaluating path: $['text']
12:53:22.390 [main] DEBUG com.jayway.jsonpath.internal.path.CompiledPath -- Evaluating path: $
12:53:22.390 [main] DEBUG com.jayway.jsonpath.internal.path.CompiledPath -- Evaluating path: $
12:53:22.390 [main] DEBUG com.jayway.jsonpath.internal.JsonContext -- Put path $ key text value {}
12:53:22.390 [main] DEBUG com.jayway.jsonpath.internal.path.CompiledPath -- Evaluating path: $
12:53:22.390 [main] DEBUG com.jayway.jsonpath.internal.JsonContext -- Put path $ key text value c
12:53:22.390 [main] DEBUG com.jayway.jsonpath.internal.path.CompiledPath -- Evaluating path: $['windowsVirtualKeyCode']
12:53:22.390 [main] DEBUG com.jayway.jsonpath.internal.path.CompiledPath -- Evaluating path: $
12:53:22.390 [main] DEBUG com.jayway.jsonpath.internal.path.CompiledPath -- Evaluating path: $
12:53:22.390 [main] DEBUG com.jayway.jsonpath.internal.JsonContext -- Put path $ key windowsVirtualKeyCode value {}
12:53:22.390 [main] DEBUG com.jayway.jsonpath.internal.path.CompiledPath -- Evaluating path: $
12:53:22.390 [main] DEBUG com.jayway.jsonpath.internal.JsonContext -- Put path $ key windowsVirtualKeyCode value 99
12:53:22.390 [main] DEBUG com.jayway.jsonpath.internal.path.CompiledPath -- Evaluating path: $
12:53:22.390 [main] DEBUG com.intuit.karate.driver.chrome_1718781787382 -- >> {"id":129,"sessionId":"C948EB84EF55B0DD980335EE566A6085","method":"Input.dispatchKeyEvent","params":{"modifiers":0,"type":"char","text":"c","windowsVirtualKeyCode":99}}
12:53:22.433 [nioEventLoopGroup-11-1] DEBUG com.intuit.karate.driver.chrome_1718781787382 -- << {"id":129,"result":{},"sessionId":"C948EB84EF55B0DD980335EE566A6085"}
12:53:22.434 [nioEventLoopGroup-11-1] DEBUG com.jayway.jsonpath.internal.path.CompiledPath -- Evaluating path: $
12:53:22.434 [main] DEBUG com.jayway.jsonpath.internal.path.CompiledPath -- Evaluating path: $['modifiers']
12:53:22.434 [main] DEBUG com.jayway.jsonpath.internal.path.CompiledPath -- Evaluating path: $
12:53:22.434 [main] DEBUG com.jayway.jsonpath.internal.path.CompiledPath -- Evaluating path: $
12:53:22.434 [main] DEBUG com.jayway.jsonpath.internal.JsonContext -- Put path $ key modifiers value {}
12:53:22.434 [main] DEBUG com.jayway.jsonpath.internal.path.CompiledPath -- Evaluating path: $
12:53:22.434 [main] DEBUG com.jayway.jsonpath.internal.JsonContext -- Put path $ key modifiers value 0
12:53:22.434 [main] DEBUG com.jayway.jsonpath.internal.path.CompiledPath -- Evaluating path: $['type']
12:53:22.434 [main] DEBUG com.jayway.jsonpath.internal.path.CompiledPath -- Evaluating path: $
12:53:22.434 [main] DEBUG com.jayway.jsonpath.internal.path.CompiledPath -- Evaluating path: $
12:53:22.434 [main] DEBUG com.jayway.jsonpath.internal.JsonContext -- Put path $ key type value {}
12:53:22.434 [main] DEBUG com.jayway.jsonpath.internal.path.CompiledPath -- Evaluating path: $
12:53:22.434 [main] DEBUG com.jayway.jsonpath.internal.JsonContext -- Put path $ key type value keyUp
12:53:22.434 [main] DEBUG com.jayway.jsonpath.internal.path.CompiledPath -- Evaluating path: $['text']
12:53:22.434 [main] DEBUG com.jayway.jsonpath.internal.path.CompiledPath -- Evaluating path: $
12:53:22.434 [main] DEBUG com.jayway.jsonpath.internal.path.CompiledPath -- Evaluating path: $
12:53:22.434 [main] DEBUG com.jayway.jsonpath.internal.JsonContext -- Put path $ key text value {}
12:53:22.434 [main] DEBUG com.jayway.jsonpath.internal.path.CompiledPath -- Evaluating path: $
12:53:22.434 [main] DEBUG com.jayway.jsonpath.internal.JsonContext -- Put path $ key text value c
12:53:22.434 [main] DEBUG com.jayway.jsonpath.internal.path.CompiledPath -- Evaluating path: $['windowsVirtualKeyCode']
12:53:22.434 [main] DEBUG com.jayway.jsonpath.internal.path.CompiledPath -- Evaluating path: $
12:53:22.434 [main] DEBUG com.jayway.jsonpath.internal.path.CompiledPath -- Evaluating path: $
12:53:22.434 [main] DEBUG com.jayway.jsonpath.internal.JsonContext -- Put path $ key windowsVirtualKeyCode value {}
12:53:22.434 [main] DEBUG com.jayway.jsonpath.internal.path.CompiledPath -- Evaluating path: $
12:53:22.434 [main] DEBUG com.jayway.jsonpath.internal.JsonContext -- Put path $ key windowsVirtualKeyCode value 99
12:53:22.434 [main] DEBUG com.jayway.jsonpath.internal.path.CompiledPath -- Evaluating path: $
12:53:22.434 [main] DEBUG com.intuit.karate.driver.chrome_1718781787382 -- >> {"id":130,"sessionId":"C948EB84EF55B0DD980335EE566A6085","method":"Input.dispatchKeyEvent","params":{"modifiers":0,"type":"keyUp","text":"c","windowsVirtualKeyCode":99}}
12:53:22.434 [nioEventLoopGroup-11-1] DEBUG com.intuit.karate.driver.chrome_1718781787382 -- << {"id":130,"result":{},"sessionId":"C948EB84EF55B0DD980335EE566A6085"}
12:53:22.434 [nioEventLoopGroup-11-1] DEBUG com.jayway.jsonpath.internal.path.CompiledPath -- Evaluating path: $
12:53:22.434 [main] DEBUG com.jayway.jsonpath.internal.path.CompiledPath -- Evaluating path: $['modifiers']
12:53:22.434 [main] DEBUG com.jayway.jsonpath.internal.path.CompiledPath -- Evaluating path: $
12:53:22.434 [main] DEBUG com.jayway.jsonpath.internal.path.CompiledPath -- Evaluating path: $
12:53:22.434 [main] DEBUG com.jayway.jsonpath.internal.JsonContext -- Put path $ key modifiers value {}
12:53:22.434 [main] DEBUG com.jayway.jsonpath.internal.path.CompiledPath -- Evaluating path: $
12:53:22.434 [main] DEBUG com.jayway.jsonpath.internal.JsonContext -- Put path $ key modifiers value 0
12:53:22.434 [main] DEBUG com.jayway.jsonpath.internal.path.CompiledPath -- Evaluating path: $['type']
12:53:22.434 [main] DEBUG com.jayway.jsonpath.internal.path.CompiledPath -- Evaluating path: $
12:53:22.434 [main] DEBUG com.jayway.jsonpath.internal.path.CompiledPath -- Evaluating path: $
12:53:22.434 [main] DEBUG com.jayway.jsonpath.internal.JsonContext -- Put path $ key type value {}
12:53:22.434 [main] DEBUG com.jayway.jsonpath.internal.path.CompiledPath -- Evaluating path: $
12:53:22.434 [main] DEBUG com.jayway.jsonpath.internal.JsonContext -- Put path $ key type value rawKeyDown
12:53:22.434 [main] DEBUG com.jayway.jsonpath.internal.path.CompiledPath -- Evaluating path: $['text']
12:53:22.434 [main] DEBUG com.jayway.jsonpath.internal.path.CompiledPath -- Evaluating path: $
12:53:22.434 [main] DEBUG com.jayway.jsonpath.internal.path.CompiledPath -- Evaluating path: $
12:53:22.434 [main] DEBUG com.jayway.jsonpath.internal.JsonContext -- Put path $ key text value {}
12:53:22.434 [main] DEBUG com.jayway.jsonpath.internal.path.CompiledPath -- Evaluating path: $
12:53:22.434 [main] DEBUG com.jayway.jsonpath.internal.JsonContext -- Put path $ key text value e
12:53:22.434 [main] DEBUG com.jayway.jsonpath.internal.path.CompiledPath -- Evaluating path: $['windowsVirtualKeyCode']
12:53:22.434 [main] DEBUG com.jayway.jsonpath.internal.path.CompiledPath -- Evaluating path: $
12:53:22.434 [main] DEBUG com.jayway.jsonpath.internal.path.CompiledPath -- Evaluating path: $
12:53:22.434 [main] DEBUG com.jayway.jsonpath.internal.JsonContext -- Put path $ key windowsVirtualKeyCode value {}
12:53:22.434 [main] DEBUG com.jayway.jsonpath.internal.path.CompiledPath -- Evaluating path: $
12:53:22.434 [main] DEBUG com.jayway.jsonpath.internal.JsonContext -- Put path $ key windowsVirtualKeyCode value 101
12:53:22.434 [main] DEBUG com.jayway.jsonpath.internal.path.CompiledPath -- Evaluating path: $
12:53:22.434 [main] DEBUG com.intuit.karate.driver.chrome_1718781787382 -- >> {"id":131,"sessionId":"C948EB84EF55B0DD980335EE566A6085","method":"Input.dispatchKeyEvent","params":{"modifiers":0,"type":"rawKeyDown","text":"e","windowsVirtualKeyCode":101}}
12:53:22.434 [nioEventLoopGroup-11-1] DEBUG com.intuit.karate.driver.chrome_1718781787382 -- << {"id":131,"result":{},"sessionId":"C948EB84EF55B0DD980335EE566A6085"}
12:53:22.434 [nioEventLoopGroup-11-1] DEBUG com.jayway.jsonpath.internal.path.CompiledPath -- Evaluating path: $
12:53:22.434 [main] DEBUG com.jayway.jsonpath.internal.path.CompiledPath -- Evaluating path: $['modifiers']
12:53:22.440 [main] DEBUG com.jayway.jsonpath.internal.path.CompiledPath -- Evaluating path: $
12:53:22.440 [main] DEBUG com.jayway.jsonpath.internal.path.CompiledPath -- Evaluating path: $
12:53:22.440 [main] DEBUG com.jayway.jsonpath.internal.JsonContext -- Put path $ key modifiers value {}
12:53:22.440 [main] DEBUG com.jayway.jsonpath.internal.path.CompiledPath -- Evaluating path: $
12:53:22.440 [main] DEBUG com.jayway.jsonpath.internal.JsonContext -- Put path $ key modifiers value 0
12:53:22.440 [main] DEBUG com.jayway.jsonpath.internal.path.CompiledPath -- Evaluating path: $['type']
12:53:22.440 [main] DEBUG com.jayway.jsonpath.internal.path.CompiledPath -- Evaluating path: $
12:53:22.440 [main] DEBUG com.jayway.jsonpath.internal.path.CompiledPath -- Evaluating path: $
12:53:22.440 [main] DEBUG com.jayway.jsonpath.internal.JsonContext -- Put path $ key type value {}
12:53:22.440 [main] DEBUG com.jayway.jsonpath.internal.path.CompiledPath -- Evaluating path: $
12:53:22.440 [main] DEBUG com.jayway.jsonpath.internal.JsonContext -- Put path $ key type value char
12:53:22.440 [main] DEBUG com.jayway.jsonpath.internal.path.CompiledPath -- Evaluating path: $['text']
12:53:22.440 [main] DEBUG com.jayway.jsonpath.internal.path.CompiledPath -- Evaluating path: $
12:53:22.440 [main] DEBUG com.jayway.jsonpath.internal.path.CompiledPath -- Evaluating path: $
12:53:22.440 [main] DEBUG com.jayway.jsonpath.internal.JsonContext -- Put path $ key text value {}
12:53:22.440 [main] DEBUG com.jayway.jsonpath.internal.path.CompiledPath -- Evaluating path: $
12:53:22.440 [main] DEBUG com.jayway.jsonpath.internal.JsonContext -- Put path $ key text value e
12:53:22.440 [main] DEBUG com.jayway.jsonpath.internal.path.CompiledPath -- Evaluating path: $['windowsVirtualKeyCode']
12:53:22.440 [main] DEBUG com.jayway.jsonpath.internal.path.CompiledPath -- Evaluating path: $
12:53:22.440 [main] DEBUG com.jayway.jsonpath.internal.path.CompiledPath -- Evaluating path: $
12:53:22.440 [main] DEBUG com.jayway.jsonpath.internal.JsonContext -- Put path $ key windowsVirtualKeyCode value {}
12:53:22.440 [main] DEBUG com.jayway.jsonpath.internal.path.CompiledPath -- Evaluating path: $
12:53:22.440 [main] DEBUG com.jayway.jsonpath.internal.JsonContext -- Put path $ key windowsVirtualKeyCode value 101
12:53:22.440 [main] DEBUG com.jayway.jsonpath.internal.path.CompiledPath -- Evaluating path: $
12:53:22.440 [main] DEBUG com.intuit.karate.driver.chrome_1718781787382 -- >> {"id":132,"sessionId":"C948EB84EF55B0DD980335EE566A6085","method":"Input.dispatchKeyEvent","params":{"modifiers":0,"type":"char","text":"e","windowsVirtualKeyCode":101}}
12:53:22.448 [nioEventLoopGroup-11-1] DEBUG com.intuit.karate.driver.chrome_1718781787382 -- << {"id":132,"result":{},"sessionId":"C948EB84EF55B0DD980335EE566A6085"}
12:53:22.448 [nioEventLoopGroup-11-1] DEBUG com.jayway.jsonpath.internal.path.CompiledPath -- Evaluating path: $
12:53:22.448 [main] DEBUG com.jayway.jsonpath.internal.path.CompiledPath -- Evaluating path: $['modifiers']
12:53:22.448 [main] DEBUG com.jayway.jsonpath.internal.path.CompiledPath -- Evaluating path: $
12:53:22.448 [main] DEBUG com.jayway.jsonpath.internal.path.CompiledPath -- Evaluating path: $
12:53:22.448 [main] DEBUG com.jayway.jsonpath.internal.JsonContext -- Put path $ key modifiers value {}
12:53:22.448 [main] DEBUG com.jayway.jsonpath.internal.path.CompiledPath -- Evaluating path: $
12:53:22.448 [main] DEBUG com.jayway.jsonpath.internal.JsonContext -- Put path $ key modifiers value 0
12:53:22.448 [main] DEBUG com.jayway.jsonpath.internal.path.CompiledPath -- Evaluating path: $['type']
12:53:22.448 [main] DEBUG com.jayway.jsonpath.internal.path.CompiledPath -- Evaluating path: $
12:53:22.448 [main] DEBUG com.jayway.jsonpath.internal.path.CompiledPath -- Evaluating path: $
12:53:22.448 [main] DEBUG com.jayway.jsonpath.internal.JsonContext -- Put path $ key type value {}
12:53:22.448 [main] DEBUG com.jayway.jsonpath.internal.path.CompiledPath -- Evaluating path: $
12:53:22.448 [main] DEBUG com.jayway.jsonpath.internal.JsonContext -- Put path $ key type value keyUp
12:53:22.448 [main] DEBUG com.jayway.jsonpath.internal.path.CompiledPath -- Evaluating path: $['text']
12:53:22.448 [main] DEBUG com.jayway.jsonpath.internal.path.CompiledPath -- Evaluating path: $
12:53:22.448 [main] DEBUG com.jayway.jsonpath.internal.path.CompiledPath -- Evaluating path: $
12:53:22.448 [main] DEBUG com.jayway.jsonpath.internal.JsonContext -- Put path $ key text value {}
12:53:22.448 [main] DEBUG com.jayway.jsonpath.internal.path.CompiledPath -- Evaluating path: $
12:53:22.448 [main] DEBUG com.jayway.jsonpath.internal.JsonContext -- Put path $ key text value e
12:53:22.448 [main] DEBUG com.jayway.jsonpath.internal.path.CompiledPath -- Evaluating path: $['windowsVirtualKeyCode']
12:53:22.448 [main] DEBUG com.jayway.jsonpath.internal.path.CompiledPath -- Evaluating path: $
12:53:22.448 [main] DEBUG com.jayway.jsonpath.internal.path.CompiledPath -- Evaluating path: $
12:53:22.448 [main] DEBUG com.jayway.jsonpath.internal.JsonContext -- Put path $ key windowsVirtualKeyCode value {}
12:53:22.448 [main] DEBUG com.jayway.jsonpath.internal.path.CompiledPath -- Evaluating path: $
12:53:22.448 [main] DEBUG com.jayway.jsonpath.internal.JsonContext -- Put path $ key windowsVirtualKeyCode value 101
12:53:22.448 [main] DEBUG com.jayway.jsonpath.internal.path.CompiledPath -- Evaluating path: $
12:53:22.448 [main] DEBUG com.intuit.karate.driver.chrome_1718781787382 -- >> {"id":133,"sessionId":"C948EB84EF55B0DD980335EE566A6085","method":"Input.dispatchKeyEvent","params":{"modifiers":0,"type":"keyUp","text":"e","windowsVirtualKeyCode":101}}
12:53:22.542 [nioEventLoopGroup-11-1] DEBUG com.intuit.karate.driver.chrome_1718781787382 -- << {"id":133,"result":{},"sessionId":"C948EB84EF55B0DD980335EE566A6085"}
12:53:22.542 [nioEventLoopGroup-11-1] DEBUG com.jayway.jsonpath.internal.path.CompiledPath -- Evaluating path: $
12:53:24.022 [nioEventLoopGroup-11-1] DEBUG com.intuit.karate.driver.chrome_1718781787382 -- << {"method":"Target.targetDestroyed","params":{"targetId":"DB76027B8DBC0D8219774DD71D45E0A4"},"sessionId":"C948EB84EF55B0DD980335EE566A6085"}
12:53:24.022 [nioEventLoopGroup-11-1] DEBUG com.jayway.jsonpath.internal.path.CompiledPath -- Evaluating path: $
12:53:24.179 [nioEventLoopGroup-11-1] DEBUG com.intuit.karate.driver.chrome_1718781787382 -- << {"method":"Target.targetDestroyed","params":{"targetId":"A3A3E03BE4D7814B0731DA99E8464E4E"},"sessionId":"C948EB84EF55B0DD980335EE566A6085"}
12:53:24.179 [nioEventLoopGroup-11-1] DEBUG com.jayway.jsonpath.internal.path.CompiledPath -- Evaluating path: $
12:53:25.563 [main] DEBUG com.jayway.jsonpath.internal.path.CompiledPath -- Evaluating path: $['expression']
12:53:25.563 [main] DEBUG com.jayway.jsonpath.internal.path.CompiledPath -- Evaluating path: $
12:53:25.563 [main] DEBUG com.jayway.jsonpath.internal.path.CompiledPath -- Evaluating path: $
12:53:25.563 [main] DEBUG com.jayway.jsonpath.internal.JsonContext -- Put path $ key expression value {}
12:53:25.563 [main] DEBUG com.jayway.jsonpath.internal.path.CompiledPath -- Evaluating path: $
12:53:25.563 [main] DEBUG com.jayway.jsonpath.internal.JsonContext -- Put path $ key expression value document.evaluate("//*[@id='login-button']", document, null, 9, null).singleNodeValue.click()
12:53:25.563 [main] DEBUG com.jayway.jsonpath.internal.path.CompiledPath -- Evaluating path: $['returnByValue']
12:53:25.563 [main] DEBUG com.jayway.jsonpath.internal.path.CompiledPath -- Evaluating path: $
12:53:25.563 [main] DEBUG com.jayway.jsonpath.internal.path.CompiledPath -- Evaluating path: $
12:53:25.563 [main] DEBUG com.jayway.jsonpath.internal.JsonContext -- Put path $ key returnByValue value {}
12:53:25.563 [main] DEBUG com.jayway.jsonpath.internal.path.CompiledPath -- Evaluating path: $
12:53:25.563 [main] DEBUG com.jayway.jsonpath.internal.JsonContext -- Put path $ key returnByValue value true
12:53:25.563 [main] DEBUG com.jayway.jsonpath.internal.path.CompiledPath -- Evaluating path: $
12:53:25.563 [main] DEBUG com.intuit.karate.driver.chrome_1718781787382 -- >> {"id":134,"sessionId":"C948EB84EF55B0DD980335EE566A6085","method":"Runtime.evaluate","params":{"expression":"document.evaluate(\"\/\/*[@id='login-button']\", document, null, 9, null).singleNodeValue.click()","returnByValue":true}}
12:53:25.705 [nioEventLoopGroup-11-1] DEBUG com.intuit.karate.driver.chrome_1718781787382 -- << {"id":134,"result":{"result":{"type":"undefined"}},"sessionId":"C948EB84EF55B0DD980335EE566A6085"}
12:53:25.705 [nioEventLoopGroup-11-1] DEBUG com.jayway.jsonpath.internal.path.CompiledPath -- Evaluating path: $
12:53:28.801 [main] DEBUG com.jayway.jsonpath.internal.path.CompiledPath -- Evaluating path: $['expression']
12:53:28.801 [main] DEBUG com.jayway.jsonpath.internal.path.CompiledPath -- Evaluating path: $
12:53:28.801 [main] DEBUG com.jayway.jsonpath.internal.path.CompiledPath -- Evaluating path: $
12:53:28.801 [main] DEBUG com.jayway.jsonpath.internal.JsonContext -- Put path $ key expression value {}
12:53:28.801 [main] DEBUG com.jayway.jsonpath.internal.path.CompiledPath -- Evaluating path: $
12:53:28.801 [main] DEBUG com.jayway.jsonpath.internal.JsonContext -- Put path $ key expression value document.evaluate("//*[@id='login_button_container']/div/form/div[3]", document, null, 9, null).singleNodeValue['textContent']
12:53:28.801 [main] DEBUG com.jayway.jsonpath.internal.path.CompiledPath -- Evaluating path: $['returnByValue']
12:53:28.801 [main] DEBUG com.jayway.jsonpath.internal.path.CompiledPath -- Evaluating path: $
12:53:28.801 [main] DEBUG com.jayway.jsonpath.internal.path.CompiledPath -- Evaluating path: $
12:53:28.801 [main] DEBUG com.jayway.jsonpath.internal.JsonContext -- Put path $ key returnByValue value {}
12:53:28.801 [main] DEBUG com.jayway.jsonpath.internal.path.CompiledPath -- Evaluating path: $
12:53:28.801 [main] DEBUG com.jayway.jsonpath.internal.JsonContext -- Put path $ key returnByValue value true
12:53:28.801 [main] DEBUG com.jayway.jsonpath.internal.path.CompiledPath -- Evaluating path: $
12:53:28.801 [main] DEBUG com.intuit.karate.driver.chrome_1718781787382 -- >> {"id":135,"sessionId":"C948EB84EF55B0DD980335EE566A6085","method":"Runtime.evaluate","params":{"expression":"document.evaluate(\"\/\/*[@id='login_button_container']\/div\/form\/div[3]\", document, null, 9, null).singleNodeValue['textContent']","returnByValue":true}}
12:53:29.221 [nioEventLoopGroup-11-1] DEBUG com.intuit.karate.driver.chrome_1718781787382 -- << {"id":135,"result":{"result":{"type":"string","value":"Epic sadface: Username and password do not match any user in this service"}},"sessionId":"C948EB84EF55B0DD980335EE566A6085"}
12:53:29.221 [nioEventLoopGroup-11-1] DEBUG com.jayway.jsonpath.internal.path.CompiledPath -- Evaluating path: $
12:53:32.308 [main] DEBUG com.jayway.jsonpath.internal.path.CompiledPath -- Evaluating path: $['targetId']
12:53:32.308 [main] DEBUG com.jayway.jsonpath.internal.path.CompiledPath -- Evaluating path: $
12:53:32.308 [main] DEBUG com.jayway.jsonpath.internal.path.CompiledPath -- Evaluating path: $
12:53:32.308 [main] DEBUG com.jayway.jsonpath.internal.JsonContext -- Put path $ key targetId value {}
12:53:32.318 [main] DEBUG com.jayway.jsonpath.internal.path.CompiledPath -- Evaluating path: $
12:53:32.318 [main] DEBUG com.jayway.jsonpath.internal.JsonContext -- Put path $ key targetId value 874FD38645C0C9B5769759B7880B1AF2
12:53:32.318 [main] DEBUG com.jayway.jsonpath.internal.path.CompiledPath -- Evaluating path: $
12:53:32.318 [main] DEBUG com.intuit.karate.driver.chrome_1718781787382 -- >> {"id":136,"sessionId":"C948EB84EF55B0DD980335EE566A6085","method":"Target.closeTarget","params":{"targetId":"874FD38645C0C9B5769759B7880B1AF2"}}
12:53:32.337 [nioEventLoopGroup-11-1] DEBUG com.intuit.karate.http.WebSocketClientHandler -- websocket closing
12:53:32.338 [nioEventLoopGroup-11-1] DEBUG com.intuit.karate.http.WebSocketClientHandler -- websocket client disconnected
12:53:32.338 [main] DEBUG com.intuit.karate.shell.Command -- closing command: chrome_1718781787382
]]></system-out>
  </testcase>
  <testcase name="[5.1:85] Login with empty login credentials" classname="UI_Automation_Project/login/login" time="17.743">
    <failure message="js failed:&#10;&gt;&gt;&gt;&gt;&#10;01: delay(3000)*&#10;&lt;&lt;&lt;&lt;&#10;org.graalvm.polyglot.PolyglotException: SyntaxError: Unnamed:1:12 Expected an operand but found eof&#10;delay(3000)*&#10;            ^&#10;&#10;- org.graalvm.polyglot.Context.eval(Context.java:425)&#10;- com.intuit.karate.graal.JsEngine.evalForValue(JsEngine.java:169)&#10;- com.intuit.karate.graal.JsEngine.eval(JsEngine.java:165)&#10;- com.intuit.karate.core.ScenarioEngine.evalJs(ScenarioEngine.java:1286)&#10;- com.intuit.karate.ScenarioActions.eval(ScenarioActions.java:372)&#10;- jdk.internal.reflect.GeneratedMethodAccessor14.invoke(Unknown Source)&#10;- java.base/jdk.internal.reflect.DelegatingMethodAccessorImpl.invoke(DelegatingMethodAccessorImpl.java:43)&#10;&#10;classpath:UI_Automation_Project/login/login.feature:81" type="org.opentest4j.AssertionFailedError"><![CDATA[org.opentest4j.AssertionFailedError: 
js failed:
>>>>
01: delay(3000)*
<<<<
org.graalvm.polyglot.PolyglotException: SyntaxError: Unnamed:1:12 Expected an operand but found eof
delay(3000)*
            ^

- org.graalvm.polyglot.Context.eval(Context.java:425)
- com.intuit.karate.graal.JsEngine.evalForValue(JsEngine.java:169)
- com.intuit.karate.graal.JsEngine.eval(JsEngine.java:165)
- com.intuit.karate.core.ScenarioEngine.evalJs(ScenarioEngine.java:1286)
- com.intuit.karate.ScenarioActions.eval(ScenarioActions.java:372)
- jdk.internal.reflect.GeneratedMethodAccessor14.invoke(Unknown Source)
- java.base/jdk.internal.reflect.DelegatingMethodAccessorImpl.invoke(DelegatingMethodAccessorImpl.java:43)

classpath:UI_Automation_Project/login/login.feature:81
	at org.junit.jupiter.api.AssertionUtils.fail(AssertionUtils.java:38)
	at org.junit.jupiter.api.Assertions.fail(Assertions.java:135)
	at com.intuit.karate.junit5.FeatureNode.lambda$next$1(FeatureNode.java:86)
	at org.junit.jupiter.engine.descriptor.DynamicTestTestDescriptor.lambda$execute$0(DynamicTestTestDescriptor.java:53)
	at org.junit.jupiter.engine.execution.InvocationInterceptorChain$ValidatingInvocation.proceed(InvocationInterceptorChain.java:131)
	at org.junit.jupiter.api.extension.InvocationInterceptor.interceptDynamicTest(InvocationInterceptor.java:167)
	at org.junit.jupiter.api.extension.InvocationInterceptor.interceptDynamicTest(InvocationInterceptor.java:184)
	at org.junit.jupiter.engine.descriptor.DynamicTestTestDescriptor.lambda$execute$1(DynamicTestTestDescriptor.java:61)
	at org.junit.jupiter.engine.execution.InvocationInterceptorChain$InterceptorCall.lambda$ofVoid$0(InvocationInterceptorChain.java:78)
	at org.junit.jupiter.engine.execution.InvocationInterceptorChain$InterceptedInvocation.proceed(InvocationInterceptorChain.java:106)
	at org.junit.jupiter.engine.execution.InvocationInterceptorChain.proceed(InvocationInterceptorChain.java:64)
	at org.junit.jupiter.engine.execution.InvocationInterceptorChain.chainAndInvoke(InvocationInterceptorChain.java:45)
	at org.junit.jupiter.engine.execution.InvocationInterceptorChain.invoke(InvocationInterceptorChain.java:37)
	at org.junit.jupiter.engine.descriptor.DynamicTestTestDescriptor.execute(DynamicTestTestDescriptor.java:60)
	at org.junit.jupiter.engine.descriptor.DynamicTestTestDescriptor.execute(DynamicTestTestDescriptor.java:32)
	at org.junit.platform.engine.support.hierarchical.NodeTestTask.lambda$executeRecursively$6(NodeTestTask.java:151)
	at org.junit.platform.engine.support.hierarchical.ThrowableCollector.execute(ThrowableCollector.java:73)
	at org.junit.platform.engine.support.hierarchical.NodeTestTask.lambda$executeRecursively$8(NodeTestTask.java:141)
	at org.junit.platform.engine.support.hierarchical.Node.around(Node.java:137)
	at org.junit.platform.engine.support.hierarchical.NodeTestTask.lambda$executeRecursively$9(NodeTestTask.java:139)
	at org.junit.platform.engine.support.hierarchical.ThrowableCollector.execute(ThrowableCollector.java:73)
	at org.junit.platform.engine.support.hierarchical.NodeTestTask.executeRecursively(NodeTestTask.java:138)
	at org.junit.platform.engine.support.hierarchical.NodeTestTask.execute(NodeTestTask.java:95)
	at org.junit.platform.engine.support.hierarchical.SameThreadHierarchicalTestExecutorService.submit(SameThreadHierarchicalTestExecutorService.java:35)
	at org.junit.platform.engine.support.hierarchical.NodeTestTask$DefaultDynamicTestExecutor.execute(NodeTestTask.java:226)
	at org.junit.platform.engine.support.hierarchical.NodeTestTask$DefaultDynamicTestExecutor.execute(NodeTestTask.java:204)
	at java.base/java.util.stream.ForEachOps$ForEachOp$OfRef.accept(ForEachOps.java:183)
	at java.base/java.util.stream.ReferencePipeline$3$1.accept(ReferencePipeline.java:197)
	at java.base/java.util.stream.ReferencePipeline$2$1.accept(ReferencePipeline.java:179)
	at java.base/java.util.stream.ReferencePipeline$3$1.accept(ReferencePipeline.java:197)
	at java.base/java.util.Iterator.forEachRemaining(Iterator.java:133)
	at java.base/java.util.Spliterators$IteratorSpliterator.forEachRemaining(Spliterators.java:1845)
	at java.base/java.util.stream.AbstractPipeline.copyInto(AbstractPipeline.java:509)
	at java.base/java.util.stream.AbstractPipeline.wrapAndCopyInto(AbstractPipeline.java:499)
	at java.base/java.util.stream.ForEachOps$ForEachOp.evaluateSequential(ForEachOps.java:150)
	at java.base/java.util.stream.ForEachOps$ForEachOp$OfRef.evaluateSequential(ForEachOps.java:173)
	at java.base/java.util.stream.AbstractPipeline.evaluate(AbstractPipeline.java:234)
	at java.base/java.util.stream.ReferencePipeline.forEachOrdered(ReferencePipeline.java:601)
	at org.junit.jupiter.engine.descriptor.DynamicContainerTestDescriptor.execute(DynamicContainerTestDescriptor.java:67)
	at org.junit.jupiter.engine.descriptor.DynamicContainerTestDescriptor.execute(DynamicContainerTestDescriptor.java:33)
	at org.junit.platform.engine.support.hierarchical.NodeTestTask.lambda$executeRecursively$6(NodeTestTask.java:151)
	at org.junit.platform.engine.support.hierarchical.ThrowableCollector.execute(ThrowableCollector.java:73)
	at org.junit.platform.engine.support.hierarchical.NodeTestTask.lambda$executeRecursively$8(NodeTestTask.java:141)
	at org.junit.platform.engine.support.hierarchical.Node.around(Node.java:137)
	at org.junit.platform.engine.support.hierarchical.NodeTestTask.lambda$executeRecursively$9(NodeTestTask.java:139)
	at org.junit.platform.engine.support.hierarchical.ThrowableCollector.execute(ThrowableCollector.java:73)
	at org.junit.platform.engine.support.hierarchical.NodeTestTask.executeRecursively(NodeTestTask.java:138)
	at org.junit.platform.engine.support.hierarchical.NodeTestTask.execute(NodeTestTask.java:95)
	at org.junit.platform.engine.support.hierarchical.SameThreadHierarchicalTestExecutorService.submit(SameThreadHierarchicalTestExecutorService.java:35)
	at org.junit.platform.engine.support.hierarchical.NodeTestTask$DefaultDynamicTestExecutor.execute(NodeTestTask.java:226)
	at org.junit.platform.engine.support.hierarchical.NodeTestTask$DefaultDynamicTestExecutor.execute(NodeTestTask.java:204)
	at java.base/java.util.Optional.ifPresent(Optional.java:178)
	at org.junit.jupiter.engine.descriptor.TestFactoryTestDescriptor.lambda$invokeTestMethod$1(TestFactoryTestDescriptor.java:108)
	at org.junit.platform.engine.support.hierarchical.ThrowableCollector.execute(ThrowableCollector.java:73)
	at org.junit.jupiter.engine.descriptor.TestFactoryTestDescriptor.invokeTestMethod(TestFactoryTestDescriptor.java:95)
	at org.junit.jupiter.engine.descriptor.TestMethodTestDescriptor.execute(TestMethodTestDescriptor.java:138)
	at org.junit.jupiter.engine.descriptor.TestMethodTestDescriptor.execute(TestMethodTestDescriptor.java:68)
	at org.junit.platform.engine.support.hierarchical.NodeTestTask.lambda$executeRecursively$6(NodeTestTask.java:151)
	at org.junit.platform.engine.support.hierarchical.ThrowableCollector.execute(ThrowableCollector.java:73)
	at org.junit.platform.engine.support.hierarchical.NodeTestTask.lambda$executeRecursively$8(NodeTestTask.java:141)
	at org.junit.platform.engine.support.hierarchical.Node.around(Node.java:137)
	at org.junit.platform.engine.support.hierarchical.NodeTestTask.lambda$executeRecursively$9(NodeTestTask.java:139)
	at org.junit.platform.engine.support.hierarchical.ThrowableCollector.execute(ThrowableCollector.java:73)
	at org.junit.platform.engine.support.hierarchical.NodeTestTask.executeRecursively(NodeTestTask.java:138)
	at org.junit.platform.engine.support.hierarchical.NodeTestTask.execute(NodeTestTask.java:95)
	at java.base/java.util.ArrayList.forEach(ArrayList.java:1511)
	at org.junit.platform.engine.support.hierarchical.SameThreadHierarchicalTestExecutorService.invokeAll(SameThreadHierarchicalTestExecutorService.java:41)
	at org.junit.platform.engine.support.hierarchical.NodeTestTask.lambda$executeRecursively$6(NodeTestTask.java:155)
	at org.junit.platform.engine.support.hierarchical.ThrowableCollector.execute(ThrowableCollector.java:73)
	at org.junit.platform.engine.support.hierarchical.NodeTestTask.lambda$executeRecursively$8(NodeTestTask.java:141)
	at org.junit.platform.engine.support.hierarchical.Node.around(Node.java:137)
	at org.junit.platform.engine.support.hierarchical.NodeTestTask.lambda$executeRecursively$9(NodeTestTask.java:139)
	at org.junit.platform.engine.support.hierarchical.ThrowableCollector.execute(ThrowableCollector.java:73)
	at org.junit.platform.engine.support.hierarchical.NodeTestTask.executeRecursively(NodeTestTask.java:138)
	at org.junit.platform.engine.support.hierarchical.NodeTestTask.execute(NodeTestTask.java:95)
	at java.base/java.util.ArrayList.forEach(ArrayList.java:1511)
	at org.junit.platform.engine.support.hierarchical.SameThreadHierarchicalTestExecutorService.invokeAll(SameThreadHierarchicalTestExecutorService.java:41)
	at org.junit.platform.engine.support.hierarchical.NodeTestTask.lambda$executeRecursively$6(NodeTestTask.java:155)
	at org.junit.platform.engine.support.hierarchical.ThrowableCollector.execute(ThrowableCollector.java:73)
	at org.junit.platform.engine.support.hierarchical.NodeTestTask.lambda$executeRecursively$8(NodeTestTask.java:141)
	at org.junit.platform.engine.support.hierarchical.Node.around(Node.java:137)
	at org.junit.platform.engine.support.hierarchical.NodeTestTask.lambda$executeRecursively$9(NodeTestTask.java:139)
	at org.junit.platform.engine.support.hierarchical.ThrowableCollector.execute(ThrowableCollector.java:73)
	at org.junit.platform.engine.support.hierarchical.NodeTestTask.executeRecursively(NodeTestTask.java:138)
	at org.junit.platform.engine.support.hierarchical.NodeTestTask.execute(NodeTestTask.java:95)
	at org.junit.platform.engine.support.hierarchical.SameThreadHierarchicalTestExecutorService.submit(SameThreadHierarchicalTestExecutorService.java:35)
	at org.junit.platform.engine.support.hierarchical.HierarchicalTestExecutor.execute(HierarchicalTestExecutor.java:57)
	at org.junit.platform.engine.support.hierarchical.HierarchicalTestEngine.execute(HierarchicalTestEngine.java:54)
	at org.junit.platform.launcher.core.EngineExecutionOrchestrator.execute(EngineExecutionOrchestrator.java:147)
	at org.junit.platform.launcher.core.EngineExecutionOrchestrator.execute(EngineExecutionOrchestrator.java:127)
	at org.junit.platform.launcher.core.EngineExecutionOrchestrator.execute(EngineExecutionOrchestrator.java:90)
	at org.junit.platform.launcher.core.EngineExecutionOrchestrator.lambda$execute$0(EngineExecutionOrchestrator.java:55)
	at org.junit.platform.launcher.core.EngineExecutionOrchestrator.withInterceptedStreams(EngineExecutionOrchestrator.java:102)
	at org.junit.platform.launcher.core.EngineExecutionOrchestrator.execute(EngineExecutionOrchestrator.java:54)
	at org.junit.platform.launcher.core.DefaultLauncher.execute(DefaultLauncher.java:114)
	at org.junit.platform.launcher.core.DefaultLauncher.execute(DefaultLauncher.java:86)
	at org.junit.platform.launcher.core.DefaultLauncherSession$DelegatingLauncher.execute(DefaultLauncherSession.java:86)
	at org.apache.maven.surefire.junitplatform.LazyLauncher.execute(LazyLauncher.java:56)
	at org.apache.maven.surefire.junitplatform.JUnitPlatformProvider.execute(JUnitPlatformProvider.java:184)
	at org.apache.maven.surefire.junitplatform.JUnitPlatformProvider.invokeAllTests(JUnitPlatformProvider.java:148)
	at org.apache.maven.surefire.junitplatform.JUnitPlatformProvider.invoke(JUnitPlatformProvider.java:122)
	at org.apache.maven.surefire.booter.ForkedBooter.runSuitesInProcess(ForkedBooter.java:385)
	at org.apache.maven.surefire.booter.ForkedBooter.execute(ForkedBooter.java:162)
	at org.apache.maven.surefire.booter.ForkedBooter.run(ForkedBooter.java:507)
	at org.apache.maven.surefire.booter.ForkedBooter.main(ForkedBooter.java:495)
]]></failure>
    <system-out><![CDATA[12:53:32.366 [main] INFO com.intuit.karate -- karate.env system property was: null 
12:53:32.366 [main] INFO com.intuit.karate -- the browser set is: chromedriver, default: "chrome" 
12:53:32.382 [main] DEBUG com.jayway.jsonpath.internal.path.CompiledPath -- Evaluating path: $
12:53:32.397 [main] DEBUG com.jayway.jsonpath.internal.path.CompiledPath -- Evaluating path: $
12:53:32.397 [main] DEBUG com.jayway.jsonpath.internal.path.CompiledPath -- Evaluating path: $
12:53:32.397 [main] DEBUG com.intuit.karate.shell.Command -- found / verified free local port: 54200
12:53:32.397 [main] WARN com.intuit.karate.driver.DriverOptions -- preferred port 9222 not available, will use: 54200
12:53:32.397 [main] DEBUG com.intuit.karate.driver.chrome_1718781812397 -- poll attempt #0 for port to be ready - localhost:54200
12:53:32.665 [main] DEBUG com.intuit.karate.driver.chrome_1718781812397 -- poll attempt #1 for port to be ready - localhost:54200
12:53:32.935 [main] DEBUG com.intuit.karate.driver.chrome_1718781812397 -- poll attempt #2 for port to be ready - localhost:54200
12:53:33.200 [chrome_1718781812397] DEBUG com.intuit.karate.driver.chrome_1718781812397 -- command: [C:\Program Files\Google\Chrome\Application\chrome.exe, --remote-debugging-port=54200, --remote-allow-origins=*, --no-first-run, --user-data-dir=C:\Users\HarshvardhanNigaveka\OneDrive - Academian India Private Limited\Desktop\GitHubActions\karateUI\UI_Automation_Project\target\chrome_1718781812397, --disable-popup-blocking], working dir: target\chrome_1718781812397
12:53:33.210 [main] DEBUG com.intuit.karate.driver.chrome_1718781812397 -- poll attempt #3 for port to be ready - localhost:54200
12:53:33.546 [main] DEBUG com.intuit.karate.driver.chrome_1718781812397 -- poll attempt #4 for port to be ready - localhost:54200
12:53:33.814 [chrome_1718781812397-out] DEBUG com.intuit.karate.driver.chrome_1718781812397 -- 
12:53:33.814 [chrome_1718781812397-out] DEBUG com.intuit.karate.driver.chrome_1718781812397 -- DevTools listening on ws://127.0.0.1:54200/devtools/browser/a85b9b40-c8f5-475e-9b5e-b108740c6e87
12:53:33.830 [main] DEBUG com.intuit.karate.driver.chrome_1718781812397 -- poll attempt #5 for port to be ready - localhost:54200
12:53:33.877 [main] DEBUG org.apache.http.client.protocol.RequestAddCookies -- CookieSpec selected: karate
12:53:33.877 [main] DEBUG org.apache.http.client.protocol.RequestAuthCache -- Auth cache not set in the context
12:53:33.877 [main] DEBUG com.intuit.karate -- request:
1 > GET http://localhost:54200/json
1 > Host: localhost:54200
1 > Connection: Keep-Alive
1 > User-Agent: Apache-HttpClient/4.5.14 (Java/17.0.11)
1 > Accept-Encoding: gzip,deflate


12:53:33.877 [main] DEBUG org.apache.http.impl.conn.PoolingHttpClientConnectionManager -- Connection request: [route: {}->http://localhost:54200][total available: 0; route allocated: 0 of 5; total allocated: 0 of 10]
12:53:33.877 [main] DEBUG org.apache.http.impl.conn.PoolingHttpClientConnectionManager -- Connection leased: [id: 20][route: {}->http://localhost:54200][total available: 0; route allocated: 1 of 5; total allocated: 1 of 10]
12:53:33.877 [main] DEBUG org.apache.http.impl.execchain.MainClientExec -- Opening connection {}->http://localhost:54200
12:53:33.877 [main] DEBUG org.apache.http.impl.conn.DefaultHttpClientConnectionOperator -- Connecting to localhost/127.0.0.1:54200
12:53:33.877 [main] DEBUG org.apache.http.impl.conn.DefaultHttpClientConnectionOperator -- Connection established 127.0.0.1:54208<->127.0.0.1:54200
12:53:33.877 [main] DEBUG org.apache.http.impl.conn.DefaultManagedHttpClientConnection -- http-outgoing-20: set socket timeout to 30000
12:53:33.877 [main] DEBUG org.apache.http.impl.execchain.MainClientExec -- Executing request GET /json HTTP/1.1
12:53:33.877 [main] DEBUG org.apache.http.impl.execchain.MainClientExec -- Target auth state: UNCHALLENGED
12:53:33.877 [main] DEBUG org.apache.http.impl.execchain.MainClientExec -- Proxy auth state: UNCHALLENGED
12:53:33.877 [main] DEBUG org.apache.http.headers -- http-outgoing-20 >> GET /json HTTP/1.1
12:53:33.877 [main] DEBUG org.apache.http.headers -- http-outgoing-20 >> Host: localhost:54200
12:53:33.877 [main] DEBUG org.apache.http.headers -- http-outgoing-20 >> Connection: Keep-Alive
12:53:33.877 [main] DEBUG org.apache.http.headers -- http-outgoing-20 >> User-Agent: Apache-HttpClient/4.5.14 (Java/17.0.11)
12:53:33.877 [main] DEBUG org.apache.http.headers -- http-outgoing-20 >> Accept-Encoding: gzip,deflate
12:53:33.877 [main] DEBUG org.apache.http.wire -- http-outgoing-20 >> "GET /json HTTP/1.1[\r][\n]"
12:53:33.877 [main] DEBUG org.apache.http.wire -- http-outgoing-20 >> "Host: localhost:54200[\r][\n]"
12:53:33.877 [main] DEBUG org.apache.http.wire -- http-outgoing-20 >> "Connection: Keep-Alive[\r][\n]"
12:53:33.877 [main] DEBUG org.apache.http.wire -- http-outgoing-20 >> "User-Agent: Apache-HttpClient/4.5.14 (Java/17.0.11)[\r][\n]"
12:53:33.877 [main] DEBUG org.apache.http.wire -- http-outgoing-20 >> "Accept-Encoding: gzip,deflate[\r][\n]"
12:53:33.877 [main] DEBUG org.apache.http.wire -- http-outgoing-20 >> "[\r][\n]"
12:53:34.018 [main] DEBUG org.apache.http.wire -- http-outgoing-20 << "HTTP/1.1 200 OK[\r][\n]"
12:53:34.018 [main] DEBUG org.apache.http.wire -- http-outgoing-20 << "Content-Security-Policy:frame-ancestors 'none'[\r][\n]"
12:53:34.018 [main] DEBUG org.apache.http.wire -- http-outgoing-20 << "Content-Length:1123[\r][\n]"
12:53:34.018 [main] DEBUG org.apache.http.wire -- http-outgoing-20 << "Content-Type:application/json; charset=UTF-8[\r][\n]"
12:53:34.018 [main] DEBUG org.apache.http.wire -- http-outgoing-20 << "[\r][\n]"
12:53:34.018 [main] DEBUG org.apache.http.wire -- http-outgoing-20 << "[ {[\r][\n]"
12:53:34.018 [main] DEBUG org.apache.http.wire -- http-outgoing-20 << "   "description": "",[\r][\n]"
12:53:34.018 [main] DEBUG org.apache.http.wire -- http-outgoing-20 << "   "devtoolsFrontendUrl": "/devtools/inspector.html?ws=localhost:54200/devtools/page/FB2D5D36B4B1798240F0066EF814CC17",[\r][\n]"
12:53:34.018 [main] DEBUG org.apache.http.wire -- http-outgoing-20 << "   "id": "FB2D5D36B4B1798240F0066EF814CC17",[\r][\n]"
12:53:34.018 [main] DEBUG org.apache.http.wire -- http-outgoing-20 << "   "title": "Google Network Speech",[\r][\n]"
12:53:34.018 [main] DEBUG org.apache.http.wire -- http-outgoing-20 << "   "type": "background_page",[\r][\n]"
12:53:34.018 [main] DEBUG org.apache.http.wire -- http-outgoing-20 << "   "url": "",[\r][\n]"
12:53:34.018 [main] DEBUG org.apache.http.wire -- http-outgoing-20 << "   "webSocketDebuggerUrl": "ws://localhost:54200/devtools/page/FB2D5D36B4B1798240F0066EF814CC17"[\r][\n]"
12:53:34.018 [main] DEBUG org.apache.http.wire -- http-outgoing-20 << "}, {[\r][\n]"
12:53:34.018 [main] DEBUG org.apache.http.wire -- http-outgoing-20 << "   "description": "",[\r][\n]"
12:53:34.018 [main] DEBUG org.apache.http.wire -- http-outgoing-20 << "   "devtoolsFrontendUrl": "/devtools/inspector.html?ws=localhost:54200/devtools/page/716E75656A88110F3F78C395DA7EA174",[\r][\n]"
12:53:34.018 [main] DEBUG org.apache.http.wire -- http-outgoing-20 << "   "id": "716E75656A88110F3F78C395DA7EA174",[\r][\n]"
12:53:34.018 [main] DEBUG org.apache.http.wire -- http-outgoing-20 << "   "title": "Google Hangouts",[\r][\n]"
12:53:34.018 [main] DEBUG org.apache.http.wire -- http-outgoing-20 << "   "type": "background_page",[\r][\n]"
12:53:34.018 [main] DEBUG org.apache.http.wire -- http-outgoing-20 << "   "url": "",[\r][\n]"
12:53:34.018 [main] DEBUG org.apache.http.wire -- http-outgoing-20 << "   "webSocketDebuggerUrl": "ws://localhost:54200/devtools/page/716E75656A88110F3F78C395DA7EA174"[\r][\n]"
12:53:34.018 [main] DEBUG org.apache.http.wire -- http-outgoing-20 << "}, {[\r][\n]"
12:53:34.018 [main] DEBUG org.apache.http.wire -- http-outgoing-20 << "   "description": "",[\r][\n]"
12:53:34.018 [main] DEBUG org.apache.http.wire -- http-outgoing-20 << "   "devtoolsFrontendUrl": "/devtools/inspector.html?ws=localhost:54200/devtools/page/D749C783CD914E4A193588CD61F15270",[\r][\n]"
12:53:34.018 [main] DEBUG org.apache.http.wire -- http-outgoing-20 << "   "id": "D749C783CD914E4A193588CD61F15270",[\r][\n]"
12:53:34.018 [main] DEBUG org.apache.http.wire -- http-outgoing-20 << "   "title": "New Tab",[\r][\n]"
12:53:34.018 [main] DEBUG org.apache.http.wire -- http-outgoing-20 << "   "type": "page",[\r][\n]"
12:53:34.018 [main] DEBUG org.apache.http.wire -- http-outgoing-20 << "   "url": "chrome://newtab/",[\r][\n]"
12:53:34.018 [main] DEBUG org.apache.http.wire -- http-outgoing-20 << "   "webSocketDebuggerUrl": "ws://localhost:54200/devtools/page/D749C783CD914E4A193588CD61F15270"[\r][\n]"
12:53:34.018 [main] DEBUG org.apache.http.wire -- http-outgoing-20 << "} ][\r][\n]"
12:53:34.018 [main] DEBUG org.apache.http.headers -- http-outgoing-20 << HTTP/1.1 200 OK
12:53:34.018 [main] DEBUG org.apache.http.headers -- http-outgoing-20 << Content-Security-Policy:frame-ancestors 'none'
12:53:34.018 [main] DEBUG org.apache.http.headers -- http-outgoing-20 << Content-Length:1123
12:53:34.018 [main] DEBUG org.apache.http.headers -- http-outgoing-20 << Content-Type:application/json; charset=UTF-8
12:53:34.018 [main] DEBUG org.apache.http.impl.execchain.MainClientExec -- Connection can be kept alive indefinitely
12:53:34.018 [main] DEBUG org.apache.http.impl.conn.PoolingHttpClientConnectionManager -- Connection [id: 20][route: {}->http://localhost:54200] can be kept alive indefinitely
12:53:34.018 [main] DEBUG org.apache.http.impl.conn.DefaultManagedHttpClientConnection -- http-outgoing-20: set socket timeout to 0
12:53:34.018 [main] DEBUG org.apache.http.impl.conn.PoolingHttpClientConnectionManager -- Connection released: [id: 20][route: {}->http://localhost:54200][total available: 1; route allocated: 1 of 5; total allocated: 1 of 10]
12:53:34.018 [main] DEBUG org.apache.http.impl.conn.PoolingHttpClientConnectionManager -- Connection manager is shutting down
12:53:34.018 [main] DEBUG org.apache.http.impl.conn.DefaultManagedHttpClientConnection -- http-outgoing-20: Close connection
12:53:34.018 [main] DEBUG org.apache.http.impl.conn.PoolingHttpClientConnectionManager -- Connection manager shut down
12:53:34.018 [main] DEBUG com.intuit.karate -- response time in milliseconds: 141
1 < 200
1 < Content-Security-Policy: frame-ancestors 'none'
1 < Content-Length: 1123
1 < Content-Type: application/json; charset=UTF-8
[ {
   "description": "",
   "devtoolsFrontendUrl": "/devtools/inspector.html?ws=localhost:54200/devtools/page/FB2D5D36B4B1798240F0066EF814CC17",
   "id": "FB2D5D36B4B1798240F0066EF814CC17",
   "title": "Google Network Speech",
   "type": "background_page",
   "url": "",
   "webSocketDebuggerUrl": "ws://localhost:54200/devtools/page/FB2D5D36B4B1798240F0066EF814CC17"
}, {
   "description": "",
   "devtoolsFrontendUrl": "/devtools/inspector.html?ws=localhost:54200/devtools/page/716E75656A88110F3F78C395DA7EA174",
   "id": "716E75656A88110F3F78C395DA7EA174",
   "title": "Google Hangouts",
   "type": "background_page",
   "url": "",
   "webSocketDebuggerUrl": "ws://localhost:54200/devtools/page/716E75656A88110F3F78C395DA7EA174"
}, {
   "description": "",
   "devtoolsFrontendUrl": "/devtools/inspector.html?ws=localhost:54200/devtools/page/D749C783CD914E4A193588CD61F15270",
   "id": "D749C783CD914E4A193588CD61F15270",
   "title": "New Tab",
   "type": "page",
   "url": "chrome://newtab/",
   "webSocketDebuggerUrl": "ws://localhost:54200/devtools/page/D749C783CD914E4A193588CD61F15270"
} ]


12:53:34.018 [main] DEBUG com.jayway.jsonpath.internal.path.CompiledPath -- Evaluating path: $
12:53:34.018 [main] DEBUG com.intuit.karate.shell.Command -- ready to accept http connections after 188 ms - http://localhost:54200/json
12:53:34.034 [main] DEBUG org.apache.http.client.protocol.RequestAddCookies -- CookieSpec selected: karate
12:53:34.034 [main] DEBUG org.apache.http.client.protocol.RequestAuthCache -- Auth cache not set in the context
12:53:34.034 [main] DEBUG com.intuit.karate -- request:
1 > GET http://localhost:54200/json
1 > Host: localhost:54200
1 > Connection: Keep-Alive
1 > User-Agent: Apache-HttpClient/4.5.14 (Java/17.0.11)
1 > Accept-Encoding: gzip,deflate


12:53:34.034 [main] DEBUG org.apache.http.impl.conn.PoolingHttpClientConnectionManager -- Connection request: [route: {}->http://localhost:54200][total available: 0; route allocated: 0 of 5; total allocated: 0 of 10]
12:53:34.034 [main] DEBUG org.apache.http.impl.conn.PoolingHttpClientConnectionManager -- Connection leased: [id: 21][route: {}->http://localhost:54200][total available: 0; route allocated: 1 of 5; total allocated: 1 of 10]
12:53:34.034 [main] DEBUG org.apache.http.impl.execchain.MainClientExec -- Opening connection {}->http://localhost:54200
12:53:34.034 [main] DEBUG org.apache.http.impl.conn.DefaultHttpClientConnectionOperator -- Connecting to localhost/127.0.0.1:54200
12:53:34.034 [main] DEBUG org.apache.http.impl.conn.DefaultHttpClientConnectionOperator -- Connection established 127.0.0.1:54209<->127.0.0.1:54200
12:53:34.034 [main] DEBUG org.apache.http.impl.conn.DefaultManagedHttpClientConnection -- http-outgoing-21: set socket timeout to 30000
12:53:34.034 [main] DEBUG org.apache.http.impl.execchain.MainClientExec -- Executing request GET /json HTTP/1.1
12:53:34.034 [main] DEBUG org.apache.http.impl.execchain.MainClientExec -- Target auth state: UNCHALLENGED
12:53:34.034 [main] DEBUG org.apache.http.impl.execchain.MainClientExec -- Proxy auth state: UNCHALLENGED
12:53:34.034 [main] DEBUG org.apache.http.headers -- http-outgoing-21 >> GET /json HTTP/1.1
12:53:34.034 [main] DEBUG org.apache.http.headers -- http-outgoing-21 >> Host: localhost:54200
12:53:34.034 [main] DEBUG org.apache.http.headers -- http-outgoing-21 >> Connection: Keep-Alive
12:53:34.034 [main] DEBUG org.apache.http.headers -- http-outgoing-21 >> User-Agent: Apache-HttpClient/4.5.14 (Java/17.0.11)
12:53:34.034 [main] DEBUG org.apache.http.headers -- http-outgoing-21 >> Accept-Encoding: gzip,deflate
12:53:34.034 [main] DEBUG org.apache.http.wire -- http-outgoing-21 >> "GET /json HTTP/1.1[\r][\n]"
12:53:34.034 [main] DEBUG org.apache.http.wire -- http-outgoing-21 >> "Host: localhost:54200[\r][\n]"
12:53:34.034 [main] DEBUG org.apache.http.wire -- http-outgoing-21 >> "Connection: Keep-Alive[\r][\n]"
12:53:34.034 [main] DEBUG org.apache.http.wire -- http-outgoing-21 >> "User-Agent: Apache-HttpClient/4.5.14 (Java/17.0.11)[\r][\n]"
12:53:34.034 [main] DEBUG org.apache.http.wire -- http-outgoing-21 >> "Accept-Encoding: gzip,deflate[\r][\n]"
12:53:34.034 [main] DEBUG org.apache.http.wire -- http-outgoing-21 >> "[\r][\n]"
12:53:34.034 [main] DEBUG org.apache.http.wire -- http-outgoing-21 << "HTTP/1.1 200 OK[\r][\n]"
12:53:34.034 [main] DEBUG org.apache.http.wire -- http-outgoing-21 << "Content-Security-Policy:frame-ancestors 'none'[\r][\n]"
12:53:34.034 [main] DEBUG org.apache.http.wire -- http-outgoing-21 << "Content-Length:1190[\r][\n]"
12:53:34.034 [main] DEBUG org.apache.http.wire -- http-outgoing-21 << "Content-Type:application/json; charset=UTF-8[\r][\n]"
12:53:34.034 [main] DEBUG org.apache.http.wire -- http-outgoing-21 << "[\r][\n]"
12:53:34.034 [main] DEBUG org.apache.http.wire -- http-outgoing-21 << "[ {[\r][\n]"
12:53:34.034 [main] DEBUG org.apache.http.wire -- http-outgoing-21 << "   "description": "",[\r][\n]"
12:53:34.034 [main] DEBUG org.apache.http.wire -- http-outgoing-21 << "   "devtoolsFrontendUrl": "/devtools/inspector.html?ws=localhost:54200/devtools/page/FB2D5D36B4B1798240F0066EF814CC17",[\r][\n]"
12:53:34.034 [main] DEBUG org.apache.http.wire -- http-outgoing-21 << "   "id": "FB2D5D36B4B1798240F0066EF814CC17",[\r][\n]"
12:53:34.034 [main] DEBUG org.apache.http.wire -- http-outgoing-21 << "   "title": "Google Network Speech",[\r][\n]"
12:53:34.034 [main] DEBUG org.apache.http.wire -- http-outgoing-21 << "   "type": "background_page",[\r][\n]"
12:53:34.034 [main] DEBUG org.apache.http.wire -- http-outgoing-21 << "   "url": "",[\r][\n]"
12:53:34.034 [main] DEBUG org.apache.http.wire -- http-outgoing-21 << "   "webSocketDebuggerUrl": "ws://localhost:54200/devtools/page/FB2D5D36B4B1798240F0066EF814CC17"[\r][\n]"
12:53:34.034 [main] DEBUG org.apache.http.wire -- http-outgoing-21 << "}, {[\r][\n]"
12:53:34.034 [main] DEBUG org.apache.http.wire -- http-outgoing-21 << "   "description": "",[\r][\n]"
12:53:34.034 [main] DEBUG org.apache.http.wire -- http-outgoing-21 << "   "devtoolsFrontendUrl": "/devtools/inspector.html?ws=localhost:54200/devtools/page/716E75656A88110F3F78C395DA7EA174",[\r][\n]"
12:53:34.034 [main] DEBUG org.apache.http.wire -- http-outgoing-21 << "   "id": "716E75656A88110F3F78C395DA7EA174",[\r][\n]"
12:53:34.034 [main] DEBUG org.apache.http.wire -- http-outgoing-21 << "   "title": "Google Hangouts",[\r][\n]"
12:53:34.034 [main] DEBUG org.apache.http.wire -- http-outgoing-21 << "   "type": "background_page",[\r][\n]"
12:53:34.034 [main] DEBUG org.apache.http.wire -- http-outgoing-21 << "   "url": "chrome-extension://nkeimhogjdpnpccoofpliimaahmaaome/background.html",[\r][\n]"
12:53:34.034 [main] DEBUG org.apache.http.wire -- http-outgoing-21 << "   "webSocketDebuggerUrl": "ws://localhost:54200/devtools/page/716E75656A88110F3F78C395DA7EA174"[\r][\n]"
12:53:34.034 [main] DEBUG org.apache.http.wire -- http-outgoing-21 << "}, {[\r][\n]"
12:53:34.034 [main] DEBUG org.apache.http.wire -- http-outgoing-21 << "   "description": "",[\r][\n]"
12:53:34.034 [main] DEBUG org.apache.http.wire -- http-outgoing-21 << "   "devtoolsFrontendUrl": "/devtools/inspector.html?ws=localhost:54200/devtools/page/D749C783CD914E4A193588CD61F15270",[\r][\n]"
12:53:34.034 [main] DEBUG org.apache.http.wire -- http-outgoing-21 << "   "id": "D749C783CD914E4A193588CD61F15270",[\r][\n]"
12:53:34.034 [main] DEBUG org.apache.http.wire -- http-outgoing-21 << "   "title": "New Tab",[\r][\n]"
12:53:34.034 [main] DEBUG org.apache.http.wire -- http-outgoing-21 << "   "type": "page",[\r][\n]"
12:53:34.034 [main] DEBUG org.apache.http.wire -- http-outgoing-21 << "   "url": "chrome://newtab/",[\r][\n]"
12:53:34.034 [main] DEBUG org.apache.http.wire -- http-outgoing-21 << "   "webSocketDebuggerUrl": "ws://localhost:54200/devtools/page/D749C783CD914E4A193588CD61F15270"[\r][\n]"
12:53:34.034 [main] DEBUG org.apache.http.wire -- http-outgoing-21 << "} ][\r][\n]"
12:53:34.049 [main] DEBUG org.apache.http.headers -- http-outgoing-21 << HTTP/1.1 200 OK
12:53:34.049 [main] DEBUG org.apache.http.headers -- http-outgoing-21 << Content-Security-Policy:frame-ancestors 'none'
12:53:34.049 [main] DEBUG org.apache.http.headers -- http-outgoing-21 << Content-Length:1190
12:53:34.049 [main] DEBUG org.apache.http.headers -- http-outgoing-21 << Content-Type:application/json; charset=UTF-8
12:53:34.049 [main] DEBUG org.apache.http.impl.execchain.MainClientExec -- Connection can be kept alive indefinitely
12:53:34.049 [main] DEBUG org.apache.http.impl.conn.PoolingHttpClientConnectionManager -- Connection [id: 21][route: {}->http://localhost:54200] can be kept alive indefinitely
12:53:34.049 [main] DEBUG org.apache.http.impl.conn.DefaultManagedHttpClientConnection -- http-outgoing-21: set socket timeout to 0
12:53:34.049 [main] DEBUG org.apache.http.impl.conn.PoolingHttpClientConnectionManager -- Connection released: [id: 21][route: {}->http://localhost:54200][total available: 1; route allocated: 1 of 5; total allocated: 1 of 10]
12:53:34.049 [main] DEBUG org.apache.http.impl.conn.PoolingHttpClientConnectionManager -- Connection manager is shutting down
12:53:34.049 [main] DEBUG org.apache.http.impl.conn.DefaultManagedHttpClientConnection -- http-outgoing-21: Close connection
12:53:34.049 [main] DEBUG org.apache.http.impl.conn.PoolingHttpClientConnectionManager -- Connection manager shut down
12:53:34.049 [main] DEBUG com.intuit.karate -- response time in milliseconds: 15
1 < 200
1 < Content-Security-Policy: frame-ancestors 'none'
1 < Content-Length: 1190
1 < Content-Type: application/json; charset=UTF-8
[ {
   "description": "",
   "devtoolsFrontendUrl": "/devtools/inspector.html?ws=localhost:54200/devtools/page/FB2D5D36B4B1798240F0066EF814CC17",
   "id": "FB2D5D36B4B1798240F0066EF814CC17",
   "title": "Google Network Speech",
   "type": "background_page",
   "url": "",
   "webSocketDebuggerUrl": "ws://localhost:54200/devtools/page/FB2D5D36B4B1798240F0066EF814CC17"
}, {
   "description": "",
   "devtoolsFrontendUrl": "/devtools/inspector.html?ws=localhost:54200/devtools/page/716E75656A88110F3F78C395DA7EA174",
   "id": "716E75656A88110F3F78C395DA7EA174",
   "title": "Google Hangouts",
   "type": "background_page",
   "url": "chrome-extension://nkeimhogjdpnpccoofpliimaahmaaome/background.html",
   "webSocketDebuggerUrl": "ws://localhost:54200/devtools/page/716E75656A88110F3F78C395DA7EA174"
}, {
   "description": "",
   "devtoolsFrontendUrl": "/devtools/inspector.html?ws=localhost:54200/devtools/page/D749C783CD914E4A193588CD61F15270",
   "id": "D749C783CD914E4A193588CD61F15270",
   "title": "New Tab",
   "type": "page",
   "url": "chrome://newtab/",
   "webSocketDebuggerUrl": "ws://localhost:54200/devtools/page/D749C783CD914E4A193588CD61F15270"
} ]


12:53:34.049 [main] DEBUG com.jayway.jsonpath.internal.path.CompiledPath -- Evaluating path: $
12:53:34.049 [main] DEBUG com.jayway.jsonpath.internal.path.CompiledPath -- Evaluating path: $
12:53:34.049 [main] DEBUG com.intuit.karate.driver.chrome_1718781812397 -- root frame id: D749C783CD914E4A193588CD61F15270
12:53:34.112 [nioEventLoopGroup-12-1] DEBUG io.netty.handler.codec.http.websocketx.WebSocketClientHandshaker13 -- WebSocket version 13 client handshake key: LIfUVBO2mde/Nb9OF4d22Q==, expected response: Sq6kJJjlmhlAciOrD04ux+rZFgQ=
12:53:34.112 [nioEventLoopGroup-12-1] DEBUG com.intuit.karate.http.WebSocketClientHandler -- websocket client connected
12:53:34.112 [main] DEBUG com.jayway.jsonpath.internal.path.CompiledPath -- Evaluating path: $['targetId']
12:53:34.112 [main] DEBUG com.jayway.jsonpath.internal.path.CompiledPath -- Evaluating path: $
12:53:34.112 [main] DEBUG com.jayway.jsonpath.internal.path.CompiledPath -- Evaluating path: $
12:53:34.112 [main] DEBUG com.jayway.jsonpath.internal.JsonContext -- Put path $ key targetId value {}
12:53:34.112 [main] DEBUG com.jayway.jsonpath.internal.path.CompiledPath -- Evaluating path: $
12:53:34.112 [main] DEBUG com.jayway.jsonpath.internal.JsonContext -- Put path $ key targetId value D749C783CD914E4A193588CD61F15270
12:53:34.112 [main] DEBUG com.jayway.jsonpath.internal.path.CompiledPath -- Evaluating path: $['flatten']
12:53:34.112 [main] DEBUG com.jayway.jsonpath.internal.path.CompiledPath -- Evaluating path: $
12:53:34.112 [main] DEBUG com.jayway.jsonpath.internal.path.CompiledPath -- Evaluating path: $
12:53:34.112 [main] DEBUG com.jayway.jsonpath.internal.JsonContext -- Put path $ key flatten value {}
12:53:34.112 [main] DEBUG com.jayway.jsonpath.internal.path.CompiledPath -- Evaluating path: $
12:53:34.112 [main] DEBUG com.jayway.jsonpath.internal.JsonContext -- Put path $ key flatten value true
12:53:34.112 [main] DEBUG com.jayway.jsonpath.internal.path.CompiledPath -- Evaluating path: $
12:53:34.112 [main] DEBUG com.intuit.karate.driver.chrome_1718781812397 -- >> {"id":1,"method":"Target.attachToTarget","params":{"targetId":"D749C783CD914E4A193588CD61F15270","flatten":true}}
12:53:34.132 [nioEventLoopGroup-12-1] DEBUG com.intuit.karate.driver.chrome_1718781812397 -- << {"method":"Target.attachedToTarget","params":{"sessionId":"704140606B946E7BA116F04C7EFCD2CA","targetInfo":{"targetId":"D749C783CD914E4A193588CD61F15270","type":"page","title":"New Tab","url":"chrome://newtab/","attached":true,"canAccessOpener":false,"browserContextId":"AC770F98B17A3CF3C942A446A8BD7DD3"},"waitingForDebugger":false}}
12:53:34.132 [nioEventLoopGroup-12-1] DEBUG com.jayway.jsonpath.internal.path.CompiledPath -- Evaluating path: $
12:53:34.132 [nioEventLoopGroup-12-1] DEBUG com.jayway.jsonpath.internal.path.CompiledPath -- Evaluating path: $['targetInfo']['type']
12:53:34.132 [nioEventLoopGroup-12-1] DEBUG com.intuit.karate.driver.chrome_1718781812397 -- << {"id":1,"result":{"sessionId":"704140606B946E7BA116F04C7EFCD2CA"}}
12:53:34.132 [nioEventLoopGroup-12-1] DEBUG com.jayway.jsonpath.internal.path.CompiledPath -- Evaluating path: $
12:53:34.132 [main] DEBUG com.jayway.jsonpath.internal.path.CompiledPath -- Evaluating path: $['sessionId']
12:53:34.132 [main] DEBUG com.jayway.jsonpath.internal.path.CompiledPath -- Evaluating path: $['targetId']
12:53:34.132 [main] DEBUG com.jayway.jsonpath.internal.path.CompiledPath -- Evaluating path: $
12:53:34.132 [main] DEBUG com.jayway.jsonpath.internal.path.CompiledPath -- Evaluating path: $
12:53:34.132 [main] DEBUG com.jayway.jsonpath.internal.JsonContext -- Put path $ key targetId value {}
12:53:34.132 [main] DEBUG com.jayway.jsonpath.internal.path.CompiledPath -- Evaluating path: $
12:53:34.132 [main] DEBUG com.jayway.jsonpath.internal.JsonContext -- Put path $ key targetId value D749C783CD914E4A193588CD61F15270
12:53:34.132 [main] DEBUG com.jayway.jsonpath.internal.path.CompiledPath -- Evaluating path: $
12:53:34.132 [main] DEBUG com.intuit.karate.driver.chrome_1718781812397 -- >> {"id":2,"sessionId":"704140606B946E7BA116F04C7EFCD2CA","method":"Target.activateTarget","params":{"targetId":"D749C783CD914E4A193588CD61F15270"}}
12:53:34.135 [nioEventLoopGroup-12-1] DEBUG com.intuit.karate.driver.chrome_1718781812397 -- << {"id":2,"result":{},"sessionId":"704140606B946E7BA116F04C7EFCD2CA"}
12:53:34.135 [nioEventLoopGroup-12-1] DEBUG com.jayway.jsonpath.internal.path.CompiledPath -- Evaluating path: $
12:53:34.135 [main] DEBUG com.jayway.jsonpath.internal.path.CompiledPath -- Evaluating path: $['discover']
12:53:34.135 [main] DEBUG com.jayway.jsonpath.internal.path.CompiledPath -- Evaluating path: $
12:53:34.135 [main] DEBUG com.jayway.jsonpath.internal.path.CompiledPath -- Evaluating path: $
12:53:34.135 [main] DEBUG com.jayway.jsonpath.internal.JsonContext -- Put path $ key discover value {}
12:53:34.135 [main] DEBUG com.jayway.jsonpath.internal.path.CompiledPath -- Evaluating path: $
12:53:34.135 [main] DEBUG com.jayway.jsonpath.internal.JsonContext -- Put path $ key discover value true
12:53:34.135 [main] DEBUG com.jayway.jsonpath.internal.path.CompiledPath -- Evaluating path: $
12:53:34.136 [main] DEBUG com.intuit.karate.driver.chrome_1718781812397 -- >> {"id":3,"sessionId":"704140606B946E7BA116F04C7EFCD2CA","method":"Target.setDiscoverTargets","params":{"discover":true}}
12:53:34.137 [nioEventLoopGroup-12-1] DEBUG com.intuit.karate.driver.chrome_1718781812397 -- << {"method":"Target.targetCreated","params":{"targetInfo":{"targetId":"716E75656A88110F3F78C395DA7EA174","type":"background_page","title":"Google Hangouts","url":"chrome-extension://nkeimhogjdpnpccoofpliimaahmaaome/background.html","attached":false,"canAccessOpener":false,"browserContextId":"AC770F98B17A3CF3C942A446A8BD7DD3"}},"sessionId":"704140606B946E7BA116F04C7EFCD2CA"}
12:53:34.137 [nioEventLoopGroup-12-1] DEBUG com.jayway.jsonpath.internal.path.CompiledPath -- Evaluating path: $
12:53:34.137 [nioEventLoopGroup-12-1] DEBUG com.intuit.karate.driver.chrome_1718781812397 -- << {"method":"Target.targetCreated","params":{"targetInfo":{"targetId":"D749C783CD914E4A193588CD61F15270","type":"page","title":"New Tab","url":"chrome://newtab/","attached":true,"canAccessOpener":false,"browserContextId":"AC770F98B17A3CF3C942A446A8BD7DD3"}},"sessionId":"704140606B946E7BA116F04C7EFCD2CA"}
12:53:34.137 [nioEventLoopGroup-12-1] DEBUG com.jayway.jsonpath.internal.path.CompiledPath -- Evaluating path: $
12:53:34.137 [nioEventLoopGroup-12-1] DEBUG com.intuit.karate.driver.chrome_1718781812397 -- << {"method":"Target.targetCreated","params":{"targetInfo":{"targetId":"FB2D5D36B4B1798240F0066EF814CC17","type":"background_page","title":"Google Network Speech","url":"chrome-extension://neajdppkdcdipfabeoofebfddakdcjhd/_generated_background_page.html","attached":false,"canAccessOpener":false,"browserContextId":"AC770F98B17A3CF3C942A446A8BD7DD3"}},"sessionId":"704140606B946E7BA116F04C7EFCD2CA"}
12:53:34.137 [nioEventLoopGroup-12-1] DEBUG com.jayway.jsonpath.internal.path.CompiledPath -- Evaluating path: $
12:53:34.137 [nioEventLoopGroup-12-1] DEBUG com.intuit.karate.driver.chrome_1718781812397 -- << {"id":3,"result":{},"sessionId":"704140606B946E7BA116F04C7EFCD2CA"}
12:53:34.137 [nioEventLoopGroup-12-1] DEBUG com.jayway.jsonpath.internal.path.CompiledPath -- Evaluating path: $
12:53:34.137 [main] DEBUG com.intuit.karate.driver.chrome_1718781812397 -- >> {"id":4,"sessionId":"704140606B946E7BA116F04C7EFCD2CA","method":"Page.enable"}
12:53:34.340 [nioEventLoopGroup-11-1] DEBUG io.netty.buffer.PoolThreadCache -- Freed 36 thread-local buffer(s) from thread: nioEventLoopGroup-11-1
12:53:34.365 [nioEventLoopGroup-12-1] DEBUG com.intuit.karate.driver.chrome_1718781812397 -- << {"method":"Target.targetInfoChanged","params":{"targetInfo":{"targetId":"716E75656A88110F3F78C395DA7EA174","type":"background_page","title":"Google Hangouts","url":"chrome-extension://nkeimhogjdpnpccoofpliimaahmaaome/background.html","attached":false,"canAccessOpener":false,"browserContextId":"AC770F98B17A3CF3C942A446A8BD7DD3"}},"sessionId":"704140606B946E7BA116F04C7EFCD2CA"}
12:53:34.365 [nioEventLoopGroup-12-1] DEBUG com.jayway.jsonpath.internal.path.CompiledPath -- Evaluating path: $
12:53:34.365 [nioEventLoopGroup-12-1] DEBUG com.jayway.jsonpath.internal.path.CompiledPath -- Evaluating path: $['targetInfo']['targetId']
12:53:34.373 [nioEventLoopGroup-12-1] DEBUG com.intuit.karate.driver.chrome_1718781812397 -- << {"method":"Target.targetInfoChanged","params":{"targetInfo":{"targetId":"FB2D5D36B4B1798240F0066EF814CC17","type":"background_page","title":"Google Network Speech","url":"chrome-extension://neajdppkdcdipfabeoofebfddakdcjhd/_generated_background_page.html","attached":false,"canAccessOpener":false,"browserContextId":"AC770F98B17A3CF3C942A446A8BD7DD3"}},"sessionId":"704140606B946E7BA116F04C7EFCD2CA"}
12:53:34.373 [nioEventLoopGroup-12-1] DEBUG com.jayway.jsonpath.internal.path.CompiledPath -- Evaluating path: $
12:53:34.373 [nioEventLoopGroup-12-1] DEBUG com.jayway.jsonpath.internal.path.CompiledPath -- Evaluating path: $['targetInfo']['targetId']
12:53:34.403 [nioEventLoopGroup-12-1] DEBUG com.intuit.karate.driver.chrome_1718781812397 -- << {"method":"Target.targetInfoChanged","params":{"targetInfo":{"targetId":"D749C783CD914E4A193588CD61F15270","type":"page","title":"New Tab","url":"chrome://newtab/","attached":true,"canAccessOpener":false,"browserContextId":"AC770F98B17A3CF3C942A446A8BD7DD3"}},"sessionId":"704140606B946E7BA116F04C7EFCD2CA"}
12:53:34.403 [nioEventLoopGroup-12-1] DEBUG com.jayway.jsonpath.internal.path.CompiledPath -- Evaluating path: $
12:53:34.403 [nioEventLoopGroup-12-1] DEBUG com.jayway.jsonpath.internal.path.CompiledPath -- Evaluating path: $['targetInfo']['targetId']
12:53:34.413 [nioEventLoopGroup-12-1] DEBUG com.intuit.karate.driver.chrome_1718781812397 -- << {"id":4,"result":{},"sessionId":"704140606B946E7BA116F04C7EFCD2CA"}
12:53:34.413 [nioEventLoopGroup-12-1] DEBUG com.jayway.jsonpath.internal.path.CompiledPath -- Evaluating path: $
12:53:34.413 [main] DEBUG com.intuit.karate.driver.chrome_1718781812397 -- >> {"id":5,"sessionId":"704140606B946E7BA116F04C7EFCD2CA","method":"Runtime.enable"}
12:53:34.413 [nioEventLoopGroup-12-1] DEBUG com.intuit.karate.driver.chrome_1718781812397 -- << {"method":"Page.frameAttached","params":{"frameId":"D644FD20586DFF8B83175F765149287F","parentFrameId":"D749C783CD914E4A193588CD61F15270"},"sessionId":"704140606B946E7BA116F04C7EFCD2CA"}
12:53:34.413 [nioEventLoopGroup-12-1] DEBUG com.jayway.jsonpath.internal.path.CompiledPath -- Evaluating path: $
12:53:34.413 [nioEventLoopGroup-12-1] DEBUG com.intuit.karate.driver.chrome_1718781812397 -- << {"method":"Page.frameStartedLoading","params":{"frameId":"D644FD20586DFF8B83175F765149287F"},"sessionId":"704140606B946E7BA116F04C7EFCD2CA"}
12:53:34.413 [nioEventLoopGroup-12-1] DEBUG com.jayway.jsonpath.internal.path.CompiledPath -- Evaluating path: $
12:53:34.413 [nioEventLoopGroup-12-1] DEBUG com.jayway.jsonpath.internal.path.CompiledPath -- Evaluating path: $['frameId']
12:53:34.418 [nioEventLoopGroup-12-1] DEBUG com.intuit.karate.driver.chrome_1718781812397 -- << {"method":"Page.frameNavigated","params":{"frame":{"id":"D644FD20586DFF8B83175F765149287F","parentId":"D749C783CD914E4A193588CD61F15270","loaderId":"90AE43B9CBEED8A7FD48F650EC5CD932","name":"backgroundImage","url":"about:blank","domainAndRegistry":"","securityOrigin":"://","mimeType":"text/html","adFrameStatus":{"adFrameType":"none","explanations":[]},"secureContextType":"Secure","crossOriginIsolatedContextType":"NotIsolated","gatedAPIFeatures":[]},"type":"Navigation"},"sessionId":"704140606B946E7BA116F04C7EFCD2CA"}
12:53:34.418 [nioEventLoopGroup-12-1] DEBUG com.jayway.jsonpath.internal.path.CompiledPath -- Evaluating path: $
12:53:34.418 [nioEventLoopGroup-12-1] DEBUG com.jayway.jsonpath.internal.path.CompiledPath -- Evaluating path: $['frame']['id']
12:53:34.418 [nioEventLoopGroup-12-1] DEBUG com.jayway.jsonpath.internal.path.CompiledPath -- Evaluating path: $['frame']['url']
12:53:34.418 [nioEventLoopGroup-12-1] DEBUG com.jayway.jsonpath.internal.path.CompiledPath -- Evaluating path: $['frame']['name']
12:53:34.418 [nioEventLoopGroup-12-1] DEBUG com.intuit.karate.driver.chrome_1718781812397 -- << {"method":"Page.frameStoppedLoading","params":{"frameId":"D644FD20586DFF8B83175F765149287F"},"sessionId":"704140606B946E7BA116F04C7EFCD2CA"}
12:53:34.418 [nioEventLoopGroup-12-1] DEBUG com.jayway.jsonpath.internal.path.CompiledPath -- Evaluating path: $
12:53:34.418 [nioEventLoopGroup-12-1] DEBUG com.jayway.jsonpath.internal.path.CompiledPath -- Evaluating path: $['frameId']
12:53:34.421 [nioEventLoopGroup-12-1] DEBUG com.intuit.karate.driver.chrome_1718781812397 -- << {"method":"Runtime.executionContextCreated","params":{"context":{"id":2,"origin":"chrome://new-tab-page","name":"","uniqueId":"-6309507499257865383.8987344256452885694","auxData":{"isDefault":true,"type":"default","frameId":"D644FD20586DFF8B83175F765149287F"}}},"sessionId":"704140606B946E7BA116F04C7EFCD2CA"}
12:53:34.421 [nioEventLoopGroup-12-1] DEBUG com.jayway.jsonpath.internal.path.CompiledPath -- Evaluating path: $
12:53:34.421 [nioEventLoopGroup-12-1] DEBUG com.jayway.jsonpath.internal.path.CompiledPath -- Evaluating path: $['context']['auxData']['frameId']
12:53:34.421 [nioEventLoopGroup-12-1] DEBUG com.jayway.jsonpath.internal.path.CompiledPath -- Evaluating path: $['context']['id']
12:53:34.421 [nioEventLoopGroup-12-1] DEBUG com.intuit.karate.driver.chrome_1718781812397 -- << {"method":"Runtime.executionContextCreated","params":{"context":{"id":1,"origin":"chrome://new-tab-page","name":"","uniqueId":"3556983533841092961.3325019713938417026","auxData":{"isDefault":true,"type":"default","frameId":"D749C783CD914E4A193588CD61F15270"}}},"sessionId":"704140606B946E7BA116F04C7EFCD2CA"}
12:53:34.421 [nioEventLoopGroup-12-1] DEBUG com.jayway.jsonpath.internal.path.CompiledPath -- Evaluating path: $
12:53:34.421 [nioEventLoopGroup-12-1] DEBUG com.jayway.jsonpath.internal.path.CompiledPath -- Evaluating path: $['context']['auxData']['frameId']
12:53:34.421 [nioEventLoopGroup-12-1] DEBUG com.jayway.jsonpath.internal.path.CompiledPath -- Evaluating path: $['context']['id']
12:53:34.421 [nioEventLoopGroup-12-1] DEBUG com.intuit.karate.driver.chrome_1718781812397 -- << {"id":5,"result":{},"sessionId":"704140606B946E7BA116F04C7EFCD2CA"}
12:53:34.421 [nioEventLoopGroup-12-1] DEBUG com.jayway.jsonpath.internal.path.CompiledPath -- Evaluating path: $
12:53:34.421 [main] DEBUG com.jayway.jsonpath.internal.path.CompiledPath -- Evaluating path: $['targetId']
12:53:34.421 [main] DEBUG com.jayway.jsonpath.internal.path.CompiledPath -- Evaluating path: $
12:53:34.421 [main] DEBUG com.jayway.jsonpath.internal.path.CompiledPath -- Evaluating path: $
12:53:34.421 [main] DEBUG com.jayway.jsonpath.internal.JsonContext -- Put path $ key targetId value {}
12:53:34.421 [main] DEBUG com.jayway.jsonpath.internal.path.CompiledPath -- Evaluating path: $
12:53:34.421 [main] DEBUG com.jayway.jsonpath.internal.JsonContext -- Put path $ key targetId value D749C783CD914E4A193588CD61F15270
12:53:34.421 [main] DEBUG com.jayway.jsonpath.internal.path.CompiledPath -- Evaluating path: $
12:53:34.421 [main] DEBUG com.intuit.karate.driver.chrome_1718781812397 -- >> {"id":6,"sessionId":"704140606B946E7BA116F04C7EFCD2CA","method":"Browser.getWindowForTarget","params":{"targetId":"D749C783CD914E4A193588CD61F15270"}}
12:53:34.421 [nioEventLoopGroup-12-1] DEBUG com.intuit.karate.driver.chrome_1718781812397 -- << {"id":6,"result":{"windowId":151911141,"bounds":{"left":10,"top":10,"width":1050,"height":652,"windowState":"normal"}},"sessionId":"704140606B946E7BA116F04C7EFCD2CA"}
12:53:34.421 [nioEventLoopGroup-12-1] DEBUG com.jayway.jsonpath.internal.path.CompiledPath -- Evaluating path: $
12:53:34.427 [main] DEBUG com.jayway.jsonpath.internal.path.CompiledPath -- Evaluating path: $['url']
12:53:34.427 [main] DEBUG com.jayway.jsonpath.internal.path.CompiledPath -- Evaluating path: $
12:53:34.427 [main] DEBUG com.jayway.jsonpath.internal.path.CompiledPath -- Evaluating path: $
12:53:34.427 [main] DEBUG com.jayway.jsonpath.internal.JsonContext -- Put path $ key url value {}
12:53:34.427 [main] DEBUG com.jayway.jsonpath.internal.path.CompiledPath -- Evaluating path: $
12:53:34.427 [main] DEBUG com.jayway.jsonpath.internal.JsonContext -- Put path $ key url value https://www.saucedemo.com/
12:53:34.427 [main] DEBUG com.jayway.jsonpath.internal.path.CompiledPath -- Evaluating path: $
12:53:34.434 [main] DEBUG com.intuit.karate.driver.chrome_1718781812397 -- >> {"id":7,"sessionId":"704140606B946E7BA116F04C7EFCD2CA","method":"Page.navigate","params":{"url":"https:\/\/www.saucedemo.com\/"}}
12:53:34.434 [nioEventLoopGroup-12-1] DEBUG com.intuit.karate.driver.chrome_1718781812397 -- << {"method":"Page.frameStartedLoading","params":{"frameId":"D749C783CD914E4A193588CD61F15270"},"sessionId":"704140606B946E7BA116F04C7EFCD2CA"}
12:53:34.434 [nioEventLoopGroup-12-1] DEBUG com.jayway.jsonpath.internal.path.CompiledPath -- Evaluating path: $
12:53:34.434 [nioEventLoopGroup-12-1] DEBUG com.jayway.jsonpath.internal.path.CompiledPath -- Evaluating path: $['frameId']
12:53:34.546 [nioEventLoopGroup-12-1] DEBUG com.intuit.karate.driver.chrome_1718781812397 -- << {"method":"Page.domContentEventFired","params":{"timestamp":52893.058296},"sessionId":"704140606B946E7BA116F04C7EFCD2CA"}
12:53:34.546 [nioEventLoopGroup-12-1] DEBUG com.jayway.jsonpath.internal.path.CompiledPath -- Evaluating path: $
12:53:34.554 [main] DEBUG com.jayway.jsonpath.internal.path.CompiledPath -- Evaluating path: $['expression']
12:53:34.554 [main] DEBUG com.jayway.jsonpath.internal.path.CompiledPath -- Evaluating path: $
12:53:34.554 [main] DEBUG com.jayway.jsonpath.internal.path.CompiledPath -- Evaluating path: $
12:53:34.554 [main] DEBUG com.jayway.jsonpath.internal.JsonContext -- Put path $ key expression value {}
12:53:34.554 [main] DEBUG com.jayway.jsonpath.internal.path.CompiledPath -- Evaluating path: $
12:53:34.554 [main] DEBUG com.jayway.jsonpath.internal.JsonContext -- Put path $ key expression value var e = document.evaluate("//*[@id='user-name']", document, null, 9, null).singleNodeValue; e.focus(); try { e.selectionStart = e.selectionEnd = e.value.length } catch(x) {}
12:53:34.554 [main] DEBUG com.jayway.jsonpath.internal.path.CompiledPath -- Evaluating path: $['returnByValue']
12:53:34.554 [main] DEBUG com.jayway.jsonpath.internal.path.CompiledPath -- Evaluating path: $
12:53:34.554 [main] DEBUG com.jayway.jsonpath.internal.path.CompiledPath -- Evaluating path: $
12:53:34.554 [main] DEBUG com.jayway.jsonpath.internal.JsonContext -- Put path $ key returnByValue value {}
12:53:34.554 [main] DEBUG com.jayway.jsonpath.internal.path.CompiledPath -- Evaluating path: $
12:53:34.554 [main] DEBUG com.jayway.jsonpath.internal.JsonContext -- Put path $ key returnByValue value true
12:53:34.554 [main] DEBUG com.jayway.jsonpath.internal.path.CompiledPath -- Evaluating path: $
12:53:34.554 [main] DEBUG com.intuit.karate.driver.chrome_1718781812397 -- >> {"id":8,"sessionId":"704140606B946E7BA116F04C7EFCD2CA","method":"Runtime.evaluate","params":{"expression":"var e = document.evaluate(\"\/\/*[@id='user-name']\", document, null, 9, null).singleNodeValue; e.focus(); try { e.selectionStart = e.selectionEnd = e.value.length } catch(x) {}","returnByValue":true}}
12:53:34.562 [nioEventLoopGroup-12-1] DEBUG com.intuit.karate.driver.chrome_1718781812397 -- << {"method":"Page.loadEventFired","params":{"timestamp":52893.078616},"sessionId":"704140606B946E7BA116F04C7EFCD2CA"}
12:53:34.562 [nioEventLoopGroup-12-1] DEBUG com.jayway.jsonpath.internal.path.CompiledPath -- Evaluating path: $
12:53:34.562 [nioEventLoopGroup-12-1] DEBUG com.intuit.karate.driver.chrome_1718781812397 -- << {"method":"Page.frameStartedLoading","params":{"frameId":"D749C783CD914E4A193588CD61F15270"},"sessionId":"704140606B946E7BA116F04C7EFCD2CA"}
12:53:34.562 [nioEventLoopGroup-12-1] DEBUG com.jayway.jsonpath.internal.path.CompiledPath -- Evaluating path: $
12:53:34.562 [nioEventLoopGroup-12-1] DEBUG com.jayway.jsonpath.internal.path.CompiledPath -- Evaluating path: $['frameId']
12:53:34.578 [nioEventLoopGroup-12-1] DEBUG com.intuit.karate.driver.chrome_1718781812397 -- << {"method":"Page.frameAttached","params":{"frameId":"B44BDF4BED685D07EF49088807B9A696","parentFrameId":"D749C783CD914E4A193588CD61F15270","stack":{"callFrames":[{"functionName":"__createAndInsertInstance","scriptId":"8","url":"chrome://resources/polymer/v3_0/polymer/polymer_bundled.min.js","lineNumber":0,"columnNumber":63594},{"functionName":"__ensureInstance","scriptId":"8","url":"chrome://resources/polymer/v3_0/polymer/polymer_bundled.min.js","lineNumber":0,"columnNumber":62645},{"functionName":"__render","scriptId":"8","url":"chrome://resources/polymer/v3_0/polymer/polymer_bundled.min.js","lineNumber":0,"columnNumber":62729},{"functionName":"","scriptId":"8","url":"chrome://resources/polymer/v3_0/polymer/polymer_bundled.min.js","lineNumber":0,"columnNumber":61709},{"functionName":"","scriptId":"8","url":"chrome://resources/polymer/v3_0/polymer/polymer_bundled.min.js","lineNumber":0,"columnNumber":1381},{"functionName":"","scriptId":"8","url":"chrome://resources/polymer/v3_0/polymer/polymer_bundled.min.js"," ...
12:53:34.578 [nioEventLoopGroup-12-1] DEBUG com.jayway.jsonpath.internal.path.CompiledPath -- Evaluating path: $
12:53:34.586 [nioEventLoopGroup-12-1] DEBUG com.intuit.karate.driver.chrome_1718781812397 -- << {"method":"Page.frameStartedLoading","params":{"frameId":"B44BDF4BED685D07EF49088807B9A696"},"sessionId":"704140606B946E7BA116F04C7EFCD2CA"}
12:53:34.586 [nioEventLoopGroup-12-1] DEBUG com.jayway.jsonpath.internal.path.CompiledPath -- Evaluating path: $
12:53:34.586 [nioEventLoopGroup-12-1] DEBUG com.jayway.jsonpath.internal.path.CompiledPath -- Evaluating path: $['frameId']
12:53:34.594 [nioEventLoopGroup-12-1] DEBUG com.intuit.karate.driver.chrome_1718781812397 -- << {"id":7,"result":{"frameId":"D749C783CD914E4A193588CD61F15270","loaderId":"6D02EDAE3E33108475016132413A0C80"},"sessionId":"704140606B946E7BA116F04C7EFCD2CA"}
12:53:34.594 [nioEventLoopGroup-12-1] DEBUG com.jayway.jsonpath.internal.path.CompiledPath -- Evaluating path: $
12:53:34.602 [nioEventLoopGroup-12-1] DEBUG com.intuit.karate.driver.chrome_1718781812397 -- << {"method":"Runtime.executionContextsCleared","params":{},"sessionId":"704140606B946E7BA116F04C7EFCD2CA"}
12:53:34.602 [nioEventLoopGroup-12-1] DEBUG com.jayway.jsonpath.internal.path.CompiledPath -- Evaluating path: $
12:53:34.602 [nioEventLoopGroup-12-1] DEBUG com.intuit.karate.driver.chrome_1718781812397 -- << {"method":"Page.frameStoppedLoading","params":{"frameId":"B44BDF4BED685D07EF49088807B9A696"},"sessionId":"704140606B946E7BA116F04C7EFCD2CA"}
12:53:34.602 [nioEventLoopGroup-12-1] DEBUG com.jayway.jsonpath.internal.path.CompiledPath -- Evaluating path: $
12:53:34.602 [nioEventLoopGroup-12-1] DEBUG com.jayway.jsonpath.internal.path.CompiledPath -- Evaluating path: $['frameId']
12:53:34.612 [nioEventLoopGroup-12-1] DEBUG com.intuit.karate.driver.chrome_1718781812397 -- << {"method":"Target.targetInfoChanged","params":{"targetInfo":{"targetId":"D749C783CD914E4A193588CD61F15270","type":"page","title":"saucedemo.com","url":"https://www.saucedemo.com/","attached":true,"canAccessOpener":false,"browserContextId":"AC770F98B17A3CF3C942A446A8BD7DD3"}},"sessionId":"704140606B946E7BA116F04C7EFCD2CA"}
12:53:34.612 [nioEventLoopGroup-12-1] DEBUG com.jayway.jsonpath.internal.path.CompiledPath -- Evaluating path: $
12:53:34.612 [nioEventLoopGroup-12-1] DEBUG com.jayway.jsonpath.internal.path.CompiledPath -- Evaluating path: $['targetInfo']['targetId']
12:53:34.618 [nioEventLoopGroup-12-1] DEBUG com.intuit.karate.driver.chrome_1718781812397 -- << {"method":"Runtime.executionContextsCleared","params":{},"sessionId":"704140606B946E7BA116F04C7EFCD2CA"}
12:53:34.618 [nioEventLoopGroup-12-1] DEBUG com.jayway.jsonpath.internal.path.CompiledPath -- Evaluating path: $
12:53:34.618 [nioEventLoopGroup-12-1] DEBUG com.intuit.karate.driver.chrome_1718781812397 -- << {"method":"Page.frameNavigated","params":{"frame":{"id":"D749C783CD914E4A193588CD61F15270","loaderId":"6D02EDAE3E33108475016132413A0C80","url":"https://www.saucedemo.com/","domainAndRegistry":"saucedemo.com","securityOrigin":"https://www.saucedemo.com","mimeType":"text/html","adFrameStatus":{"adFrameType":"none"},"secureContextType":"Secure","crossOriginIsolatedContextType":"NotIsolated","gatedAPIFeatures":[]},"type":"Navigation"},"sessionId":"704140606B946E7BA116F04C7EFCD2CA"}
12:53:34.618 [nioEventLoopGroup-12-1] DEBUG com.jayway.jsonpath.internal.path.CompiledPath -- Evaluating path: $
12:53:34.618 [nioEventLoopGroup-12-1] DEBUG com.jayway.jsonpath.internal.path.CompiledPath -- Evaluating path: $['frame']['id']
12:53:34.618 [nioEventLoopGroup-12-1] DEBUG com.jayway.jsonpath.internal.path.CompiledPath -- Evaluating path: $['frame']['url']
12:53:34.618 [nioEventLoopGroup-12-1] DEBUG com.jayway.jsonpath.internal.path.CompiledPath -- Evaluating path: $['frame']['name']
12:53:34.618 [nioEventLoopGroup-12-1] DEBUG com.intuit.karate.driver.chrome_1718781812397 -- << {"method":"Runtime.executionContextCreated","params":{"context":{"id":1,"origin":"https://www.saucedemo.com","name":"","uniqueId":"3747580111222755817.-2441163629488628786","auxData":{"isDefault":true,"type":"default","frameId":"D749C783CD914E4A193588CD61F15270"}}},"sessionId":"704140606B946E7BA116F04C7EFCD2CA"}
12:53:34.618 [nioEventLoopGroup-12-1] DEBUG com.jayway.jsonpath.internal.path.CompiledPath -- Evaluating path: $
12:53:34.618 [nioEventLoopGroup-12-1] DEBUG com.jayway.jsonpath.internal.path.CompiledPath -- Evaluating path: $['context']['auxData']['frameId']
12:53:34.618 [nioEventLoopGroup-12-1] DEBUG com.jayway.jsonpath.internal.path.CompiledPath -- Evaluating path: $['context']['id']
12:53:34.746 [nioEventLoopGroup-12-1] DEBUG com.intuit.karate.driver.chrome_1718781812397 -- << {"id":8,"result":{"result":{"type":"object","subtype":"error","className":"TypeError","description":"TypeError: Cannot read properties of null (reading 'focus')\n    at <anonymous>:1:95","objectId":"-1715452705486540738.1.1"},"exceptionDetails":{"exceptionId":1,"text":"Uncaught","lineNumber":0,"columnNumber":94,"scriptId":"6","stackTrace":{"callFrames":[{"functionName":"","scriptId":"6","url":"","lineNumber":0,"columnNumber":94}]},"exception":{"type":"object","subtype":"error","className":"TypeError","description":"TypeError: Cannot read properties of null (reading 'focus')\n    at <anonymous>:1:95","objectId":"-1715452705486540738.1.2"}}},"sessionId":"704140606B946E7BA116F04C7EFCD2CA"}
12:53:34.746 [nioEventLoopGroup-12-1] DEBUG com.jayway.jsonpath.internal.path.CompiledPath -- Evaluating path: $
12:53:34.746 [nioEventLoopGroup-12-1] WARN com.intuit.karate.driver.chrome_1718781812397 -- devtools error: [id: 8, sessionId: 704140606B946E7BA116F04C7EFCD2CA, result: [type: MAP, value: {type=object, subtype=error, className=TypeError, description=TypeError: Cannot read properties of null (reading 'focus')
    at <anonymous>:1:95, objectId=-1715452705486540738.1.1}]]
12:53:34.746 [main] WARN com.intuit.karate.driver.chrome_1718781812397 -- js eval failed once:var e = document.evaluate("//*[@id='user-name']", document, null, 9, null).singleNodeValue; e.focus(); try { e.selectionStart = e.selectionEnd = e.value.length } catch(x) {}, error: [type: MAP, value: {type=object, subtype=error, className=TypeError, description=TypeError: Cannot read properties of null (reading 'focus')
    at <anonymous>:1:95, objectId=-1715452705486540738.1.1}]
12:53:35.014 [nioEventLoopGroup-12-1] DEBUG com.intuit.karate.driver.chrome_1718781812397 -- << {"method":"Page.domContentEventFired","params":{"timestamp":52893.529641},"sessionId":"704140606B946E7BA116F04C7EFCD2CA"}
12:53:35.014 [nioEventLoopGroup-12-1] DEBUG com.jayway.jsonpath.internal.path.CompiledPath -- Evaluating path: $
12:53:35.078 [nioEventLoopGroup-12-1] DEBUG com.intuit.karate.driver.chrome_1718781812397 -- << {"method":"Target.targetCreated","params":{"targetInfo":{"targetId":"081435186A1B196C4B35D6E43D80724E","type":"service_worker","title":"Service Worker https://www.saucedemo.com/service-worker.js","url":"https://www.saucedemo.com/service-worker.js","attached":false,"canAccessOpener":false,"browserContextId":"AC770F98B17A3CF3C942A446A8BD7DD3"}},"sessionId":"704140606B946E7BA116F04C7EFCD2CA"}
12:53:35.078 [nioEventLoopGroup-12-1] DEBUG com.jayway.jsonpath.internal.path.CompiledPath -- Evaluating path: $
12:53:35.086 [nioEventLoopGroup-12-1] DEBUG com.intuit.karate.driver.chrome_1718781812397 -- << {"method":"Page.loadEventFired","params":{"timestamp":52893.584191},"sessionId":"704140606B946E7BA116F04C7EFCD2CA"}
12:53:35.086 [nioEventLoopGroup-12-1] DEBUG com.jayway.jsonpath.internal.path.CompiledPath -- Evaluating path: $
12:53:35.086 [nioEventLoopGroup-12-1] DEBUG com.intuit.karate.driver.chrome_1718781812397 -- << {"method":"Page.frameStoppedLoading","params":{"frameId":"D749C783CD914E4A193588CD61F15270"},"sessionId":"704140606B946E7BA116F04C7EFCD2CA"}
12:53:35.086 [nioEventLoopGroup-12-1] DEBUG com.jayway.jsonpath.internal.path.CompiledPath -- Evaluating path: $
12:53:35.086 [nioEventLoopGroup-12-1] DEBUG com.jayway.jsonpath.internal.path.CompiledPath -- Evaluating path: $['frameId']
12:53:35.150 [nioEventLoopGroup-12-1] DEBUG com.intuit.karate.driver.chrome_1718781812397 -- << {"method":"Target.targetDestroyed","params":{"targetId":"081435186A1B196C4B35D6E43D80724E"},"sessionId":"704140606B946E7BA116F04C7EFCD2CA"}
12:53:35.150 [nioEventLoopGroup-12-1] DEBUG com.jayway.jsonpath.internal.path.CompiledPath -- Evaluating path: $
12:53:35.399 [chrome_1718781787382] WARN com.intuit.karate.shell.Command -- exit code was non-zero: 1 - [C:\Program Files\Google\Chrome\Application\chrome.exe, --remote-debugging-port=54159, --remote-allow-origins=*, --no-first-run, --user-data-dir=C:\Users\HarshvardhanNigaveka\OneDrive - Academian India Private Limited\Desktop\GitHubActions\karateUI\UI_Automation_Project\target\chrome_1718781787382, --disable-popup-blocking] working dir: target\chrome_1718781787382
12:53:37.750 [main] DEBUG com.jayway.jsonpath.internal.path.CompiledPath -- Evaluating path: $['expression']
12:53:37.750 [main] DEBUG com.jayway.jsonpath.internal.path.CompiledPath -- Evaluating path: $
12:53:37.750 [main] DEBUG com.jayway.jsonpath.internal.path.CompiledPath -- Evaluating path: $
12:53:37.750 [main] DEBUG com.jayway.jsonpath.internal.JsonContext -- Put path $ key expression value {}
12:53:37.750 [main] DEBUG com.jayway.jsonpath.internal.path.CompiledPath -- Evaluating path: $
12:53:37.750 [main] DEBUG com.jayway.jsonpath.internal.JsonContext -- Put path $ key expression value var e = document.evaluate("//*[@id='user-name']", document, null, 9, null).singleNodeValue; e.focus(); try { e.selectionStart = e.selectionEnd = e.value.length } catch(x) {}
12:53:37.750 [main] DEBUG com.jayway.jsonpath.internal.path.CompiledPath -- Evaluating path: $['returnByValue']
12:53:37.750 [main] DEBUG com.jayway.jsonpath.internal.path.CompiledPath -- Evaluating path: $
12:53:37.750 [main] DEBUG com.jayway.jsonpath.internal.path.CompiledPath -- Evaluating path: $
12:53:37.750 [main] DEBUG com.jayway.jsonpath.internal.JsonContext -- Put path $ key returnByValue value {}
12:53:37.750 [main] DEBUG com.jayway.jsonpath.internal.path.CompiledPath -- Evaluating path: $
12:53:37.750 [main] DEBUG com.jayway.jsonpath.internal.JsonContext -- Put path $ key returnByValue value true
12:53:37.750 [main] DEBUG com.jayway.jsonpath.internal.path.CompiledPath -- Evaluating path: $
12:53:37.750 [main] DEBUG com.intuit.karate.driver.chrome_1718781812397 -- >> {"id":9,"sessionId":"704140606B946E7BA116F04C7EFCD2CA","method":"Runtime.evaluate","params":{"expression":"var e = document.evaluate(\"\/\/*[@id='user-name']\", document, null, 9, null).singleNodeValue; e.focus(); try { e.selectionStart = e.selectionEnd = e.value.length } catch(x) {}","returnByValue":true}}
12:53:37.753 [nioEventLoopGroup-12-1] DEBUG com.intuit.karate.driver.chrome_1718781812397 -- << {"id":9,"result":{"result":{"type":"number","value":0,"description":"0"}},"sessionId":"704140606B946E7BA116F04C7EFCD2CA"}
12:53:37.753 [nioEventLoopGroup-12-1] DEBUG com.jayway.jsonpath.internal.path.CompiledPath -- Evaluating path: $
12:53:40.761 [main] DEBUG com.jayway.jsonpath.internal.path.CompiledPath -- Evaluating path: $['expression']
12:53:40.761 [main] DEBUG com.jayway.jsonpath.internal.path.CompiledPath -- Evaluating path: $
12:53:40.761 [main] DEBUG com.jayway.jsonpath.internal.path.CompiledPath -- Evaluating path: $
12:53:40.761 [main] DEBUG com.jayway.jsonpath.internal.JsonContext -- Put path $ key expression value {}
12:53:40.761 [main] DEBUG com.jayway.jsonpath.internal.path.CompiledPath -- Evaluating path: $
12:53:40.761 [main] DEBUG com.jayway.jsonpath.internal.JsonContext -- Put path $ key expression value var e = document.evaluate("//*[@id='password']", document, null, 9, null).singleNodeValue; e.focus(); try { e.selectionStart = e.selectionEnd = e.value.length } catch(x) {}
12:53:40.761 [main] DEBUG com.jayway.jsonpath.internal.path.CompiledPath -- Evaluating path: $['returnByValue']
12:53:40.761 [main] DEBUG com.jayway.jsonpath.internal.path.CompiledPath -- Evaluating path: $
12:53:40.761 [main] DEBUG com.jayway.jsonpath.internal.path.CompiledPath -- Evaluating path: $
12:53:40.761 [main] DEBUG com.jayway.jsonpath.internal.JsonContext -- Put path $ key returnByValue value {}
12:53:40.761 [main] DEBUG com.jayway.jsonpath.internal.path.CompiledPath -- Evaluating path: $
12:53:40.761 [main] DEBUG com.jayway.jsonpath.internal.JsonContext -- Put path $ key returnByValue value true
12:53:40.761 [main] DEBUG com.jayway.jsonpath.internal.path.CompiledPath -- Evaluating path: $
12:53:40.761 [main] DEBUG com.intuit.karate.driver.chrome_1718781812397 -- >> {"id":10,"sessionId":"704140606B946E7BA116F04C7EFCD2CA","method":"Runtime.evaluate","params":{"expression":"var e = document.evaluate(\"\/\/*[@id='password']\", document, null, 9, null).singleNodeValue; e.focus(); try { e.selectionStart = e.selectionEnd = e.value.length } catch(x) {}","returnByValue":true}}
12:53:40.764 [nioEventLoopGroup-12-1] DEBUG com.intuit.karate.driver.chrome_1718781812397 -- << {"id":10,"result":{"result":{"type":"number","value":0,"description":"0"}},"sessionId":"704140606B946E7BA116F04C7EFCD2CA"}
12:53:40.764 [nioEventLoopGroup-12-1] DEBUG com.jayway.jsonpath.internal.path.CompiledPath -- Evaluating path: $
12:53:40.765 [main] DEBUG com.jayway.jsonpath.internal.path.CompiledPath -- Evaluating path: $['modifiers']
12:53:40.765 [main] DEBUG com.jayway.jsonpath.internal.path.CompiledPath -- Evaluating path: $
12:53:40.765 [main] DEBUG com.jayway.jsonpath.internal.path.CompiledPath -- Evaluating path: $
12:53:40.765 [main] DEBUG com.jayway.jsonpath.internal.JsonContext -- Put path $ key modifiers value {}
12:53:40.765 [main] DEBUG com.jayway.jsonpath.internal.path.CompiledPath -- Evaluating path: $
12:53:40.765 [main] DEBUG com.jayway.jsonpath.internal.JsonContext -- Put path $ key modifiers value 0
12:53:40.765 [main] DEBUG com.jayway.jsonpath.internal.path.CompiledPath -- Evaluating path: $['type']
12:53:40.765 [main] DEBUG com.jayway.jsonpath.internal.path.CompiledPath -- Evaluating path: $
12:53:40.765 [main] DEBUG com.jayway.jsonpath.internal.path.CompiledPath -- Evaluating path: $
12:53:40.765 [main] DEBUG com.jayway.jsonpath.internal.JsonContext -- Put path $ key type value {}
12:53:40.765 [main] DEBUG com.jayway.jsonpath.internal.path.CompiledPath -- Evaluating path: $
12:53:40.765 [main] DEBUG com.jayway.jsonpath.internal.JsonContext -- Put path $ key type value rawKeyDown
12:53:40.765 [main] DEBUG com.jayway.jsonpath.internal.path.CompiledPath -- Evaluating path: $['text']
12:53:40.765 [main] DEBUG com.jayway.jsonpath.internal.path.CompiledPath -- Evaluating path: $
12:53:40.765 [main] DEBUG com.jayway.jsonpath.internal.path.CompiledPath -- Evaluating path: $
12:53:40.765 [main] DEBUG com.jayway.jsonpath.internal.JsonContext -- Put path $ key text value {}
12:53:40.765 [main] DEBUG com.jayway.jsonpath.internal.path.CompiledPath -- Evaluating path: $
12:53:40.765 [main] DEBUG com.jayway.jsonpath.internal.JsonContext -- Put path $ key text value s
12:53:40.765 [main] DEBUG com.jayway.jsonpath.internal.path.CompiledPath -- Evaluating path: $['windowsVirtualKeyCode']
12:53:40.765 [main] DEBUG com.jayway.jsonpath.internal.path.CompiledPath -- Evaluating path: $
12:53:40.765 [main] DEBUG com.jayway.jsonpath.internal.path.CompiledPath -- Evaluating path: $
12:53:40.765 [main] DEBUG com.jayway.jsonpath.internal.JsonContext -- Put path $ key windowsVirtualKeyCode value {}
12:53:40.765 [main] DEBUG com.jayway.jsonpath.internal.path.CompiledPath -- Evaluating path: $
12:53:40.765 [main] DEBUG com.jayway.jsonpath.internal.JsonContext -- Put path $ key windowsVirtualKeyCode value 115
12:53:40.765 [main] DEBUG com.jayway.jsonpath.internal.path.CompiledPath -- Evaluating path: $
12:53:40.765 [main] DEBUG com.intuit.karate.driver.chrome_1718781812397 -- >> {"id":11,"sessionId":"704140606B946E7BA116F04C7EFCD2CA","method":"Input.dispatchKeyEvent","params":{"modifiers":0,"type":"rawKeyDown","text":"s","windowsVirtualKeyCode":115}}
12:53:40.767 [nioEventLoopGroup-12-1] DEBUG com.intuit.karate.driver.chrome_1718781812397 -- << {"id":11,"result":{},"sessionId":"704140606B946E7BA116F04C7EFCD2CA"}
12:53:40.767 [nioEventLoopGroup-12-1] DEBUG com.jayway.jsonpath.internal.path.CompiledPath -- Evaluating path: $
12:53:40.767 [main] DEBUG com.jayway.jsonpath.internal.path.CompiledPath -- Evaluating path: $['modifiers']
12:53:40.767 [main] DEBUG com.jayway.jsonpath.internal.path.CompiledPath -- Evaluating path: $
12:53:40.767 [main] DEBUG com.jayway.jsonpath.internal.path.CompiledPath -- Evaluating path: $
12:53:40.767 [main] DEBUG com.jayway.jsonpath.internal.JsonContext -- Put path $ key modifiers value {}
12:53:40.767 [main] DEBUG com.jayway.jsonpath.internal.path.CompiledPath -- Evaluating path: $
12:53:40.767 [main] DEBUG com.jayway.jsonpath.internal.JsonContext -- Put path $ key modifiers value 0
12:53:40.767 [main] DEBUG com.jayway.jsonpath.internal.path.CompiledPath -- Evaluating path: $['type']
12:53:40.767 [main] DEBUG com.jayway.jsonpath.internal.path.CompiledPath -- Evaluating path: $
12:53:40.767 [main] DEBUG com.jayway.jsonpath.internal.path.CompiledPath -- Evaluating path: $
12:53:40.767 [main] DEBUG com.jayway.jsonpath.internal.JsonContext -- Put path $ key type value {}
12:53:40.767 [main] DEBUG com.jayway.jsonpath.internal.path.CompiledPath -- Evaluating path: $
12:53:40.767 [main] DEBUG com.jayway.jsonpath.internal.JsonContext -- Put path $ key type value char
12:53:40.767 [main] DEBUG com.jayway.jsonpath.internal.path.CompiledPath -- Evaluating path: $['text']
12:53:40.767 [main] DEBUG com.jayway.jsonpath.internal.path.CompiledPath -- Evaluating path: $
12:53:40.767 [main] DEBUG com.jayway.jsonpath.internal.path.CompiledPath -- Evaluating path: $
12:53:40.767 [main] DEBUG com.jayway.jsonpath.internal.JsonContext -- Put path $ key text value {}
12:53:40.767 [main] DEBUG com.jayway.jsonpath.internal.path.CompiledPath -- Evaluating path: $
12:53:40.767 [main] DEBUG com.jayway.jsonpath.internal.JsonContext -- Put path $ key text value s
12:53:40.767 [main] DEBUG com.jayway.jsonpath.internal.path.CompiledPath -- Evaluating path: $['windowsVirtualKeyCode']
12:53:40.767 [main] DEBUG com.jayway.jsonpath.internal.path.CompiledPath -- Evaluating path: $
12:53:40.767 [main] DEBUG com.jayway.jsonpath.internal.path.CompiledPath -- Evaluating path: $
12:53:40.767 [main] DEBUG com.jayway.jsonpath.internal.JsonContext -- Put path $ key windowsVirtualKeyCode value {}
12:53:40.767 [main] DEBUG com.jayway.jsonpath.internal.path.CompiledPath -- Evaluating path: $
12:53:40.767 [main] DEBUG com.jayway.jsonpath.internal.JsonContext -- Put path $ key windowsVirtualKeyCode value 115
12:53:40.767 [main] DEBUG com.jayway.jsonpath.internal.path.CompiledPath -- Evaluating path: $
12:53:40.767 [main] DEBUG com.intuit.karate.driver.chrome_1718781812397 -- >> {"id":12,"sessionId":"704140606B946E7BA116F04C7EFCD2CA","method":"Input.dispatchKeyEvent","params":{"modifiers":0,"type":"char","text":"s","windowsVirtualKeyCode":115}}
12:53:40.770 [nioEventLoopGroup-12-1] DEBUG com.intuit.karate.driver.chrome_1718781812397 -- << {"id":12,"result":{},"sessionId":"704140606B946E7BA116F04C7EFCD2CA"}
12:53:40.770 [nioEventLoopGroup-12-1] DEBUG com.jayway.jsonpath.internal.path.CompiledPath -- Evaluating path: $
12:53:40.770 [main] DEBUG com.jayway.jsonpath.internal.path.CompiledPath -- Evaluating path: $['modifiers']
12:53:40.770 [main] DEBUG com.jayway.jsonpath.internal.path.CompiledPath -- Evaluating path: $
12:53:40.770 [main] DEBUG com.jayway.jsonpath.internal.path.CompiledPath -- Evaluating path: $
12:53:40.770 [main] DEBUG com.jayway.jsonpath.internal.JsonContext -- Put path $ key modifiers value {}
12:53:40.770 [main] DEBUG com.jayway.jsonpath.internal.path.CompiledPath -- Evaluating path: $
12:53:40.770 [main] DEBUG com.jayway.jsonpath.internal.JsonContext -- Put path $ key modifiers value 0
12:53:40.770 [main] DEBUG com.jayway.jsonpath.internal.path.CompiledPath -- Evaluating path: $['type']
12:53:40.770 [main] DEBUG com.jayway.jsonpath.internal.path.CompiledPath -- Evaluating path: $
12:53:40.770 [main] DEBUG com.jayway.jsonpath.internal.path.CompiledPath -- Evaluating path: $
12:53:40.770 [main] DEBUG com.jayway.jsonpath.internal.JsonContext -- Put path $ key type value {}
12:53:40.770 [main] DEBUG com.jayway.jsonpath.internal.path.CompiledPath -- Evaluating path: $
12:53:40.770 [main] DEBUG com.jayway.jsonpath.internal.JsonContext -- Put path $ key type value keyUp
12:53:40.770 [main] DEBUG com.jayway.jsonpath.internal.path.CompiledPath -- Evaluating path: $['text']
12:53:40.770 [main] DEBUG com.jayway.jsonpath.internal.path.CompiledPath -- Evaluating path: $
12:53:40.770 [main] DEBUG com.jayway.jsonpath.internal.path.CompiledPath -- Evaluating path: $
12:53:40.770 [main] DEBUG com.jayway.jsonpath.internal.JsonContext -- Put path $ key text value {}
12:53:40.770 [main] DEBUG com.jayway.jsonpath.internal.path.CompiledPath -- Evaluating path: $
12:53:40.770 [main] DEBUG com.jayway.jsonpath.internal.JsonContext -- Put path $ key text value s
12:53:40.770 [main] DEBUG com.jayway.jsonpath.internal.path.CompiledPath -- Evaluating path: $['windowsVirtualKeyCode']
12:53:40.770 [main] DEBUG com.jayway.jsonpath.internal.path.CompiledPath -- Evaluating path: $
12:53:40.770 [main] DEBUG com.jayway.jsonpath.internal.path.CompiledPath -- Evaluating path: $
12:53:40.770 [main] DEBUG com.jayway.jsonpath.internal.JsonContext -- Put path $ key windowsVirtualKeyCode value {}
12:53:40.770 [main] DEBUG com.jayway.jsonpath.internal.path.CompiledPath -- Evaluating path: $
12:53:40.770 [main] DEBUG com.jayway.jsonpath.internal.JsonContext -- Put path $ key windowsVirtualKeyCode value 115
12:53:40.770 [main] DEBUG com.jayway.jsonpath.internal.path.CompiledPath -- Evaluating path: $
12:53:40.770 [main] DEBUG com.intuit.karate.driver.chrome_1718781812397 -- >> {"id":13,"sessionId":"704140606B946E7BA116F04C7EFCD2CA","method":"Input.dispatchKeyEvent","params":{"modifiers":0,"type":"keyUp","text":"s","windowsVirtualKeyCode":115}}
12:53:40.774 [nioEventLoopGroup-12-1] DEBUG com.intuit.karate.driver.chrome_1718781812397 -- << {"id":13,"result":{},"sessionId":"704140606B946E7BA116F04C7EFCD2CA"}
12:53:40.774 [nioEventLoopGroup-12-1] DEBUG com.jayway.jsonpath.internal.path.CompiledPath -- Evaluating path: $
12:53:40.774 [main] DEBUG com.jayway.jsonpath.internal.path.CompiledPath -- Evaluating path: $['modifiers']
12:53:40.774 [main] DEBUG com.jayway.jsonpath.internal.path.CompiledPath -- Evaluating path: $
12:53:40.774 [main] DEBUG com.jayway.jsonpath.internal.path.CompiledPath -- Evaluating path: $
12:53:40.774 [main] DEBUG com.jayway.jsonpath.internal.JsonContext -- Put path $ key modifiers value {}
12:53:40.774 [main] DEBUG com.jayway.jsonpath.internal.path.CompiledPath -- Evaluating path: $
12:53:40.774 [main] DEBUG com.jayway.jsonpath.internal.JsonContext -- Put path $ key modifiers value 0
12:53:40.774 [main] DEBUG com.jayway.jsonpath.internal.path.CompiledPath -- Evaluating path: $['type']
12:53:40.774 [main] DEBUG com.jayway.jsonpath.internal.path.CompiledPath -- Evaluating path: $
12:53:40.774 [main] DEBUG com.jayway.jsonpath.internal.path.CompiledPath -- Evaluating path: $
12:53:40.774 [main] DEBUG com.jayway.jsonpath.internal.JsonContext -- Put path $ key type value {}
12:53:40.774 [main] DEBUG com.jayway.jsonpath.internal.path.CompiledPath -- Evaluating path: $
12:53:40.774 [main] DEBUG com.jayway.jsonpath.internal.JsonContext -- Put path $ key type value rawKeyDown
12:53:40.774 [main] DEBUG com.jayway.jsonpath.internal.path.CompiledPath -- Evaluating path: $['text']
12:53:40.774 [main] DEBUG com.jayway.jsonpath.internal.path.CompiledPath -- Evaluating path: $
12:53:40.774 [main] DEBUG com.jayway.jsonpath.internal.path.CompiledPath -- Evaluating path: $
12:53:40.774 [main] DEBUG com.jayway.jsonpath.internal.JsonContext -- Put path $ key text value {}
12:53:40.774 [main] DEBUG com.jayway.jsonpath.internal.path.CompiledPath -- Evaluating path: $
12:53:40.774 [main] DEBUG com.jayway.jsonpath.internal.JsonContext -- Put path $ key text value e
12:53:40.774 [main] DEBUG com.jayway.jsonpath.internal.path.CompiledPath -- Evaluating path: $['windowsVirtualKeyCode']
12:53:40.774 [main] DEBUG com.jayway.jsonpath.internal.path.CompiledPath -- Evaluating path: $
12:53:40.774 [main] DEBUG com.jayway.jsonpath.internal.path.CompiledPath -- Evaluating path: $
12:53:40.774 [main] DEBUG com.jayway.jsonpath.internal.JsonContext -- Put path $ key windowsVirtualKeyCode value {}
12:53:40.774 [main] DEBUG com.jayway.jsonpath.internal.path.CompiledPath -- Evaluating path: $
12:53:40.774 [main] DEBUG com.jayway.jsonpath.internal.JsonContext -- Put path $ key windowsVirtualKeyCode value 101
12:53:40.774 [main] DEBUG com.jayway.jsonpath.internal.path.CompiledPath -- Evaluating path: $
12:53:40.774 [main] DEBUG com.intuit.karate.driver.chrome_1718781812397 -- >> {"id":14,"sessionId":"704140606B946E7BA116F04C7EFCD2CA","method":"Input.dispatchKeyEvent","params":{"modifiers":0,"type":"rawKeyDown","text":"e","windowsVirtualKeyCode":101}}
12:53:40.777 [nioEventLoopGroup-12-1] DEBUG com.intuit.karate.driver.chrome_1718781812397 -- << {"id":14,"result":{},"sessionId":"704140606B946E7BA116F04C7EFCD2CA"}
12:53:40.777 [nioEventLoopGroup-12-1] DEBUG com.jayway.jsonpath.internal.path.CompiledPath -- Evaluating path: $
12:53:40.777 [main] DEBUG com.jayway.jsonpath.internal.path.CompiledPath -- Evaluating path: $['modifiers']
12:53:40.777 [main] DEBUG com.jayway.jsonpath.internal.path.CompiledPath -- Evaluating path: $
12:53:40.777 [main] DEBUG com.jayway.jsonpath.internal.path.CompiledPath -- Evaluating path: $
12:53:40.777 [main] DEBUG com.jayway.jsonpath.internal.JsonContext -- Put path $ key modifiers value {}
12:53:40.777 [main] DEBUG com.jayway.jsonpath.internal.path.CompiledPath -- Evaluating path: $
12:53:40.777 [main] DEBUG com.jayway.jsonpath.internal.JsonContext -- Put path $ key modifiers value 0
12:53:40.777 [main] DEBUG com.jayway.jsonpath.internal.path.CompiledPath -- Evaluating path: $['type']
12:53:40.777 [main] DEBUG com.jayway.jsonpath.internal.path.CompiledPath -- Evaluating path: $
12:53:40.777 [main] DEBUG com.jayway.jsonpath.internal.path.CompiledPath -- Evaluating path: $
12:53:40.777 [main] DEBUG com.jayway.jsonpath.internal.JsonContext -- Put path $ key type value {}
12:53:40.777 [main] DEBUG com.jayway.jsonpath.internal.path.CompiledPath -- Evaluating path: $
12:53:40.777 [main] DEBUG com.jayway.jsonpath.internal.JsonContext -- Put path $ key type value char
12:53:40.777 [main] DEBUG com.jayway.jsonpath.internal.path.CompiledPath -- Evaluating path: $['text']
12:53:40.777 [main] DEBUG com.jayway.jsonpath.internal.path.CompiledPath -- Evaluating path: $
12:53:40.777 [main] DEBUG com.jayway.jsonpath.internal.path.CompiledPath -- Evaluating path: $
12:53:40.777 [main] DEBUG com.jayway.jsonpath.internal.JsonContext -- Put path $ key text value {}
12:53:40.777 [main] DEBUG com.jayway.jsonpath.internal.path.CompiledPath -- Evaluating path: $
12:53:40.777 [main] DEBUG com.jayway.jsonpath.internal.JsonContext -- Put path $ key text value e
12:53:40.777 [main] DEBUG com.jayway.jsonpath.internal.path.CompiledPath -- Evaluating path: $['windowsVirtualKeyCode']
12:53:40.777 [main] DEBUG com.jayway.jsonpath.internal.path.CompiledPath -- Evaluating path: $
12:53:40.777 [main] DEBUG com.jayway.jsonpath.internal.path.CompiledPath -- Evaluating path: $
12:53:40.777 [main] DEBUG com.jayway.jsonpath.internal.JsonContext -- Put path $ key windowsVirtualKeyCode value {}
12:53:40.777 [main] DEBUG com.jayway.jsonpath.internal.path.CompiledPath -- Evaluating path: $
12:53:40.777 [main] DEBUG com.jayway.jsonpath.internal.JsonContext -- Put path $ key windowsVirtualKeyCode value 101
12:53:40.777 [main] DEBUG com.jayway.jsonpath.internal.path.CompiledPath -- Evaluating path: $
12:53:40.777 [main] DEBUG com.intuit.karate.driver.chrome_1718781812397 -- >> {"id":15,"sessionId":"704140606B946E7BA116F04C7EFCD2CA","method":"Input.dispatchKeyEvent","params":{"modifiers":0,"type":"char","text":"e","windowsVirtualKeyCode":101}}
12:53:40.786 [nioEventLoopGroup-12-1] DEBUG com.intuit.karate.driver.chrome_1718781812397 -- << {"id":15,"result":{},"sessionId":"704140606B946E7BA116F04C7EFCD2CA"}
12:53:40.787 [nioEventLoopGroup-12-1] DEBUG com.jayway.jsonpath.internal.path.CompiledPath -- Evaluating path: $
12:53:40.787 [main] DEBUG com.jayway.jsonpath.internal.path.CompiledPath -- Evaluating path: $['modifiers']
12:53:40.787 [main] DEBUG com.jayway.jsonpath.internal.path.CompiledPath -- Evaluating path: $
12:53:40.787 [main] DEBUG com.jayway.jsonpath.internal.path.CompiledPath -- Evaluating path: $
12:53:40.787 [main] DEBUG com.jayway.jsonpath.internal.JsonContext -- Put path $ key modifiers value {}
12:53:40.787 [main] DEBUG com.jayway.jsonpath.internal.path.CompiledPath -- Evaluating path: $
12:53:40.787 [main] DEBUG com.jayway.jsonpath.internal.JsonContext -- Put path $ key modifiers value 0
12:53:40.787 [main] DEBUG com.jayway.jsonpath.internal.path.CompiledPath -- Evaluating path: $['type']
12:53:40.787 [main] DEBUG com.jayway.jsonpath.internal.path.CompiledPath -- Evaluating path: $
12:53:40.787 [main] DEBUG com.jayway.jsonpath.internal.path.CompiledPath -- Evaluating path: $
12:53:40.787 [main] DEBUG com.jayway.jsonpath.internal.JsonContext -- Put path $ key type value {}
12:53:40.787 [main] DEBUG com.jayway.jsonpath.internal.path.CompiledPath -- Evaluating path: $
12:53:40.787 [main] DEBUG com.jayway.jsonpath.internal.JsonContext -- Put path $ key type value keyUp
12:53:40.787 [main] DEBUG com.jayway.jsonpath.internal.path.CompiledPath -- Evaluating path: $['text']
12:53:40.787 [main] DEBUG com.jayway.jsonpath.internal.path.CompiledPath -- Evaluating path: $
12:53:40.787 [main] DEBUG com.jayway.jsonpath.internal.path.CompiledPath -- Evaluating path: $
12:53:40.787 [main] DEBUG com.jayway.jsonpath.internal.JsonContext -- Put path $ key text value {}
12:53:40.787 [main] DEBUG com.jayway.jsonpath.internal.path.CompiledPath -- Evaluating path: $
12:53:40.787 [main] DEBUG com.jayway.jsonpath.internal.JsonContext -- Put path $ key text value e
12:53:40.787 [main] DEBUG com.jayway.jsonpath.internal.path.CompiledPath -- Evaluating path: $['windowsVirtualKeyCode']
12:53:40.787 [main] DEBUG com.jayway.jsonpath.internal.path.CompiledPath -- Evaluating path: $
12:53:40.787 [main] DEBUG com.jayway.jsonpath.internal.path.CompiledPath -- Evaluating path: $
12:53:40.787 [main] DEBUG com.jayway.jsonpath.internal.JsonContext -- Put path $ key windowsVirtualKeyCode value {}
12:53:40.787 [main] DEBUG com.jayway.jsonpath.internal.path.CompiledPath -- Evaluating path: $
12:53:40.787 [main] DEBUG com.jayway.jsonpath.internal.JsonContext -- Put path $ key windowsVirtualKeyCode value 101
12:53:40.787 [main] DEBUG com.jayway.jsonpath.internal.path.CompiledPath -- Evaluating path: $
12:53:40.787 [main] DEBUG com.intuit.karate.driver.chrome_1718781812397 -- >> {"id":16,"sessionId":"704140606B946E7BA116F04C7EFCD2CA","method":"Input.dispatchKeyEvent","params":{"modifiers":0,"type":"keyUp","text":"e","windowsVirtualKeyCode":101}}
12:53:40.790 [nioEventLoopGroup-12-1] DEBUG com.intuit.karate.driver.chrome_1718781812397 -- << {"id":16,"result":{},"sessionId":"704140606B946E7BA116F04C7EFCD2CA"}
12:53:40.790 [nioEventLoopGroup-12-1] DEBUG com.jayway.jsonpath.internal.path.CompiledPath -- Evaluating path: $
12:53:40.790 [main] DEBUG com.jayway.jsonpath.internal.path.CompiledPath -- Evaluating path: $['modifiers']
12:53:40.790 [main] DEBUG com.jayway.jsonpath.internal.path.CompiledPath -- Evaluating path: $
12:53:40.790 [main] DEBUG com.jayway.jsonpath.internal.path.CompiledPath -- Evaluating path: $
12:53:40.790 [main] DEBUG com.jayway.jsonpath.internal.JsonContext -- Put path $ key modifiers value {}
12:53:40.790 [main] DEBUG com.jayway.jsonpath.internal.path.CompiledPath -- Evaluating path: $
12:53:40.790 [main] DEBUG com.jayway.jsonpath.internal.JsonContext -- Put path $ key modifiers value 0
12:53:40.790 [main] DEBUG com.jayway.jsonpath.internal.path.CompiledPath -- Evaluating path: $['type']
12:53:40.790 [main] DEBUG com.jayway.jsonpath.internal.path.CompiledPath -- Evaluating path: $
12:53:40.790 [main] DEBUG com.jayway.jsonpath.internal.path.CompiledPath -- Evaluating path: $
12:53:40.790 [main] DEBUG com.jayway.jsonpath.internal.JsonContext -- Put path $ key type value {}
12:53:40.790 [main] DEBUG com.jayway.jsonpath.internal.path.CompiledPath -- Evaluating path: $
12:53:40.790 [main] DEBUG com.jayway.jsonpath.internal.JsonContext -- Put path $ key type value rawKeyDown
12:53:40.790 [main] DEBUG com.jayway.jsonpath.internal.path.CompiledPath -- Evaluating path: $['text']
12:53:40.790 [main] DEBUG com.jayway.jsonpath.internal.path.CompiledPath -- Evaluating path: $
12:53:40.790 [main] DEBUG com.jayway.jsonpath.internal.path.CompiledPath -- Evaluating path: $
12:53:40.790 [main] DEBUG com.jayway.jsonpath.internal.JsonContext -- Put path $ key text value {}
12:53:40.790 [main] DEBUG com.jayway.jsonpath.internal.path.CompiledPath -- Evaluating path: $
12:53:40.790 [main] DEBUG com.jayway.jsonpath.internal.JsonContext -- Put path $ key text value c
12:53:40.790 [main] DEBUG com.jayway.jsonpath.internal.path.CompiledPath -- Evaluating path: $['windowsVirtualKeyCode']
12:53:40.790 [main] DEBUG com.jayway.jsonpath.internal.path.CompiledPath -- Evaluating path: $
12:53:40.790 [main] DEBUG com.jayway.jsonpath.internal.path.CompiledPath -- Evaluating path: $
12:53:40.790 [main] DEBUG com.jayway.jsonpath.internal.JsonContext -- Put path $ key windowsVirtualKeyCode value {}
12:53:40.790 [main] DEBUG com.jayway.jsonpath.internal.path.CompiledPath -- Evaluating path: $
12:53:40.790 [main] DEBUG com.jayway.jsonpath.internal.JsonContext -- Put path $ key windowsVirtualKeyCode value 99
12:53:40.790 [main] DEBUG com.jayway.jsonpath.internal.path.CompiledPath -- Evaluating path: $
12:53:40.790 [main] DEBUG com.intuit.karate.driver.chrome_1718781812397 -- >> {"id":17,"sessionId":"704140606B946E7BA116F04C7EFCD2CA","method":"Input.dispatchKeyEvent","params":{"modifiers":0,"type":"rawKeyDown","text":"c","windowsVirtualKeyCode":99}}
12:53:40.791 [nioEventLoopGroup-12-1] DEBUG com.intuit.karate.driver.chrome_1718781812397 -- << {"id":17,"result":{},"sessionId":"704140606B946E7BA116F04C7EFCD2CA"}
12:53:40.791 [nioEventLoopGroup-12-1] DEBUG com.jayway.jsonpath.internal.path.CompiledPath -- Evaluating path: $
12:53:40.791 [main] DEBUG com.jayway.jsonpath.internal.path.CompiledPath -- Evaluating path: $['modifiers']
12:53:40.791 [main] DEBUG com.jayway.jsonpath.internal.path.CompiledPath -- Evaluating path: $
12:53:40.791 [main] DEBUG com.jayway.jsonpath.internal.path.CompiledPath -- Evaluating path: $
12:53:40.791 [main] DEBUG com.jayway.jsonpath.internal.JsonContext -- Put path $ key modifiers value {}
12:53:40.791 [main] DEBUG com.jayway.jsonpath.internal.path.CompiledPath -- Evaluating path: $
12:53:40.791 [main] DEBUG com.jayway.jsonpath.internal.JsonContext -- Put path $ key modifiers value 0
12:53:40.791 [main] DEBUG com.jayway.jsonpath.internal.path.CompiledPath -- Evaluating path: $['type']
12:53:40.791 [main] DEBUG com.jayway.jsonpath.internal.path.CompiledPath -- Evaluating path: $
12:53:40.791 [main] DEBUG com.jayway.jsonpath.internal.path.CompiledPath -- Evaluating path: $
12:53:40.791 [main] DEBUG com.jayway.jsonpath.internal.JsonContext -- Put path $ key type value {}
12:53:40.791 [main] DEBUG com.jayway.jsonpath.internal.path.CompiledPath -- Evaluating path: $
12:53:40.791 [main] DEBUG com.jayway.jsonpath.internal.JsonContext -- Put path $ key type value char
12:53:40.791 [main] DEBUG com.jayway.jsonpath.internal.path.CompiledPath -- Evaluating path: $['text']
12:53:40.791 [main] DEBUG com.jayway.jsonpath.internal.path.CompiledPath -- Evaluating path: $
12:53:40.791 [main] DEBUG com.jayway.jsonpath.internal.path.CompiledPath -- Evaluating path: $
12:53:40.791 [main] DEBUG com.jayway.jsonpath.internal.JsonContext -- Put path $ key text value {}
12:53:40.791 [main] DEBUG com.jayway.jsonpath.internal.path.CompiledPath -- Evaluating path: $
12:53:40.791 [main] DEBUG com.jayway.jsonpath.internal.JsonContext -- Put path $ key text value c
12:53:40.791 [main] DEBUG com.jayway.jsonpath.internal.path.CompiledPath -- Evaluating path: $['windowsVirtualKeyCode']
12:53:40.791 [main] DEBUG com.jayway.jsonpath.internal.path.CompiledPath -- Evaluating path: $
12:53:40.791 [main] DEBUG com.jayway.jsonpath.internal.path.CompiledPath -- Evaluating path: $
12:53:40.791 [main] DEBUG com.jayway.jsonpath.internal.JsonContext -- Put path $ key windowsVirtualKeyCode value {}
12:53:40.791 [main] DEBUG com.jayway.jsonpath.internal.path.CompiledPath -- Evaluating path: $
12:53:40.791 [main] DEBUG com.jayway.jsonpath.internal.JsonContext -- Put path $ key windowsVirtualKeyCode value 99
12:53:40.791 [main] DEBUG com.jayway.jsonpath.internal.path.CompiledPath -- Evaluating path: $
12:53:40.791 [main] DEBUG com.intuit.karate.driver.chrome_1718781812397 -- >> {"id":18,"sessionId":"704140606B946E7BA116F04C7EFCD2CA","method":"Input.dispatchKeyEvent","params":{"modifiers":0,"type":"char","text":"c","windowsVirtualKeyCode":99}}
12:53:40.794 [nioEventLoopGroup-12-1] DEBUG com.intuit.karate.driver.chrome_1718781812397 -- << {"id":18,"result":{},"sessionId":"704140606B946E7BA116F04C7EFCD2CA"}
12:53:40.794 [nioEventLoopGroup-12-1] DEBUG com.jayway.jsonpath.internal.path.CompiledPath -- Evaluating path: $
12:53:40.794 [main] DEBUG com.jayway.jsonpath.internal.path.CompiledPath -- Evaluating path: $['modifiers']
12:53:40.794 [main] DEBUG com.jayway.jsonpath.internal.path.CompiledPath -- Evaluating path: $
12:53:40.794 [main] DEBUG com.jayway.jsonpath.internal.path.CompiledPath -- Evaluating path: $
12:53:40.794 [main] DEBUG com.jayway.jsonpath.internal.JsonContext -- Put path $ key modifiers value {}
12:53:40.794 [main] DEBUG com.jayway.jsonpath.internal.path.CompiledPath -- Evaluating path: $
12:53:40.794 [main] DEBUG com.jayway.jsonpath.internal.JsonContext -- Put path $ key modifiers value 0
12:53:40.794 [main] DEBUG com.jayway.jsonpath.internal.path.CompiledPath -- Evaluating path: $['type']
12:53:40.794 [main] DEBUG com.jayway.jsonpath.internal.path.CompiledPath -- Evaluating path: $
12:53:40.794 [main] DEBUG com.jayway.jsonpath.internal.path.CompiledPath -- Evaluating path: $
12:53:40.794 [main] DEBUG com.jayway.jsonpath.internal.JsonContext -- Put path $ key type value {}
12:53:40.794 [main] DEBUG com.jayway.jsonpath.internal.path.CompiledPath -- Evaluating path: $
12:53:40.794 [main] DEBUG com.jayway.jsonpath.internal.JsonContext -- Put path $ key type value keyUp
12:53:40.794 [main] DEBUG com.jayway.jsonpath.internal.path.CompiledPath -- Evaluating path: $['text']
12:53:40.794 [main] DEBUG com.jayway.jsonpath.internal.path.CompiledPath -- Evaluating path: $
12:53:40.794 [main] DEBUG com.jayway.jsonpath.internal.path.CompiledPath -- Evaluating path: $
12:53:40.794 [main] DEBUG com.jayway.jsonpath.internal.JsonContext -- Put path $ key text value {}
12:53:40.794 [main] DEBUG com.jayway.jsonpath.internal.path.CompiledPath -- Evaluating path: $
12:53:40.794 [main] DEBUG com.jayway.jsonpath.internal.JsonContext -- Put path $ key text value c
12:53:40.794 [main] DEBUG com.jayway.jsonpath.internal.path.CompiledPath -- Evaluating path: $['windowsVirtualKeyCode']
12:53:40.794 [main] DEBUG com.jayway.jsonpath.internal.path.CompiledPath -- Evaluating path: $
12:53:40.794 [main] DEBUG com.jayway.jsonpath.internal.path.CompiledPath -- Evaluating path: $
12:53:40.794 [main] DEBUG com.jayway.jsonpath.internal.JsonContext -- Put path $ key windowsVirtualKeyCode value {}
12:53:40.794 [main] DEBUG com.jayway.jsonpath.internal.path.CompiledPath -- Evaluating path: $
12:53:40.794 [main] DEBUG com.jayway.jsonpath.internal.JsonContext -- Put path $ key windowsVirtualKeyCode value 99
12:53:40.794 [main] DEBUG com.jayway.jsonpath.internal.path.CompiledPath -- Evaluating path: $
12:53:40.794 [main] DEBUG com.intuit.karate.driver.chrome_1718781812397 -- >> {"id":19,"sessionId":"704140606B946E7BA116F04C7EFCD2CA","method":"Input.dispatchKeyEvent","params":{"modifiers":0,"type":"keyUp","text":"c","windowsVirtualKeyCode":99}}
12:53:40.794 [nioEventLoopGroup-12-1] DEBUG com.intuit.karate.driver.chrome_1718781812397 -- << {"id":19,"result":{},"sessionId":"704140606B946E7BA116F04C7EFCD2CA"}
12:53:40.794 [nioEventLoopGroup-12-1] DEBUG com.jayway.jsonpath.internal.path.CompiledPath -- Evaluating path: $
12:53:40.796 [main] DEBUG com.jayway.jsonpath.internal.path.CompiledPath -- Evaluating path: $['modifiers']
12:53:40.796 [main] DEBUG com.jayway.jsonpath.internal.path.CompiledPath -- Evaluating path: $
12:53:40.796 [main] DEBUG com.jayway.jsonpath.internal.path.CompiledPath -- Evaluating path: $
12:53:40.796 [main] DEBUG com.jayway.jsonpath.internal.JsonContext -- Put path $ key modifiers value {}
12:53:40.796 [main] DEBUG com.jayway.jsonpath.internal.path.CompiledPath -- Evaluating path: $
12:53:40.796 [main] DEBUG com.jayway.jsonpath.internal.JsonContext -- Put path $ key modifiers value 0
12:53:40.796 [main] DEBUG com.jayway.jsonpath.internal.path.CompiledPath -- Evaluating path: $['type']
12:53:40.796 [main] DEBUG com.jayway.jsonpath.internal.path.CompiledPath -- Evaluating path: $
12:53:40.796 [main] DEBUG com.jayway.jsonpath.internal.path.CompiledPath -- Evaluating path: $
12:53:40.796 [main] DEBUG com.jayway.jsonpath.internal.JsonContext -- Put path $ key type value {}
12:53:40.796 [main] DEBUG com.jayway.jsonpath.internal.path.CompiledPath -- Evaluating path: $
12:53:40.796 [main] DEBUG com.jayway.jsonpath.internal.JsonContext -- Put path $ key type value rawKeyDown
12:53:40.796 [main] DEBUG com.jayway.jsonpath.internal.path.CompiledPath -- Evaluating path: $['text']
12:53:40.796 [main] DEBUG com.jayway.jsonpath.internal.path.CompiledPath -- Evaluating path: $
12:53:40.796 [main] DEBUG com.jayway.jsonpath.internal.path.CompiledPath -- Evaluating path: $
12:53:40.796 [main] DEBUG com.jayway.jsonpath.internal.JsonContext -- Put path $ key text value {}
12:53:40.796 [main] DEBUG com.jayway.jsonpath.internal.path.CompiledPath -- Evaluating path: $
12:53:40.796 [main] DEBUG com.jayway.jsonpath.internal.JsonContext -- Put path $ key text value r
12:53:40.796 [main] DEBUG com.jayway.jsonpath.internal.path.CompiledPath -- Evaluating path: $['windowsVirtualKeyCode']
12:53:40.796 [main] DEBUG com.jayway.jsonpath.internal.path.CompiledPath -- Evaluating path: $
12:53:40.796 [main] DEBUG com.jayway.jsonpath.internal.path.CompiledPath -- Evaluating path: $
12:53:40.796 [main] DEBUG com.jayway.jsonpath.internal.JsonContext -- Put path $ key windowsVirtualKeyCode value {}
12:53:40.796 [main] DEBUG com.jayway.jsonpath.internal.path.CompiledPath -- Evaluating path: $
12:53:40.796 [main] DEBUG com.jayway.jsonpath.internal.JsonContext -- Put path $ key windowsVirtualKeyCode value 114
12:53:40.796 [main] DEBUG com.jayway.jsonpath.internal.path.CompiledPath -- Evaluating path: $
12:53:40.796 [main] DEBUG com.intuit.karate.driver.chrome_1718781812397 -- >> {"id":20,"sessionId":"704140606B946E7BA116F04C7EFCD2CA","method":"Input.dispatchKeyEvent","params":{"modifiers":0,"type":"rawKeyDown","text":"r","windowsVirtualKeyCode":114}}
12:53:40.796 [nioEventLoopGroup-12-1] DEBUG com.intuit.karate.driver.chrome_1718781812397 -- << {"id":20,"result":{},"sessionId":"704140606B946E7BA116F04C7EFCD2CA"}
12:53:40.796 [nioEventLoopGroup-12-1] DEBUG com.jayway.jsonpath.internal.path.CompiledPath -- Evaluating path: $
12:53:40.796 [main] DEBUG com.jayway.jsonpath.internal.path.CompiledPath -- Evaluating path: $['modifiers']
12:53:40.796 [main] DEBUG com.jayway.jsonpath.internal.path.CompiledPath -- Evaluating path: $
12:53:40.796 [main] DEBUG com.jayway.jsonpath.internal.path.CompiledPath -- Evaluating path: $
12:53:40.796 [main] DEBUG com.jayway.jsonpath.internal.JsonContext -- Put path $ key modifiers value {}
12:53:40.796 [main] DEBUG com.jayway.jsonpath.internal.path.CompiledPath -- Evaluating path: $
12:53:40.796 [main] DEBUG com.jayway.jsonpath.internal.JsonContext -- Put path $ key modifiers value 0
12:53:40.796 [main] DEBUG com.jayway.jsonpath.internal.path.CompiledPath -- Evaluating path: $['type']
12:53:40.796 [main] DEBUG com.jayway.jsonpath.internal.path.CompiledPath -- Evaluating path: $
12:53:40.796 [main] DEBUG com.jayway.jsonpath.internal.path.CompiledPath -- Evaluating path: $
12:53:40.796 [main] DEBUG com.jayway.jsonpath.internal.JsonContext -- Put path $ key type value {}
12:53:40.796 [main] DEBUG com.jayway.jsonpath.internal.path.CompiledPath -- Evaluating path: $
12:53:40.796 [main] DEBUG com.jayway.jsonpath.internal.JsonContext -- Put path $ key type value char
12:53:40.796 [main] DEBUG com.jayway.jsonpath.internal.path.CompiledPath -- Evaluating path: $['text']
12:53:40.796 [main] DEBUG com.jayway.jsonpath.internal.path.CompiledPath -- Evaluating path: $
12:53:40.796 [main] DEBUG com.jayway.jsonpath.internal.path.CompiledPath -- Evaluating path: $
12:53:40.796 [main] DEBUG com.jayway.jsonpath.internal.JsonContext -- Put path $ key text value {}
12:53:40.796 [main] DEBUG com.jayway.jsonpath.internal.path.CompiledPath -- Evaluating path: $
12:53:40.796 [main] DEBUG com.jayway.jsonpath.internal.JsonContext -- Put path $ key text value r
12:53:40.796 [main] DEBUG com.jayway.jsonpath.internal.path.CompiledPath -- Evaluating path: $['windowsVirtualKeyCode']
12:53:40.796 [main] DEBUG com.jayway.jsonpath.internal.path.CompiledPath -- Evaluating path: $
12:53:40.796 [main] DEBUG com.jayway.jsonpath.internal.path.CompiledPath -- Evaluating path: $
12:53:40.796 [main] DEBUG com.jayway.jsonpath.internal.JsonContext -- Put path $ key windowsVirtualKeyCode value {}
12:53:40.796 [main] DEBUG com.jayway.jsonpath.internal.path.CompiledPath -- Evaluating path: $
12:53:40.796 [main] DEBUG com.jayway.jsonpath.internal.JsonContext -- Put path $ key windowsVirtualKeyCode value 114
12:53:40.796 [main] DEBUG com.jayway.jsonpath.internal.path.CompiledPath -- Evaluating path: $
12:53:40.796 [main] DEBUG com.intuit.karate.driver.chrome_1718781812397 -- >> {"id":21,"sessionId":"704140606B946E7BA116F04C7EFCD2CA","method":"Input.dispatchKeyEvent","params":{"modifiers":0,"type":"char","text":"r","windowsVirtualKeyCode":114}}
12:53:40.796 [nioEventLoopGroup-12-1] DEBUG com.intuit.karate.driver.chrome_1718781812397 -- << {"id":21,"result":{},"sessionId":"704140606B946E7BA116F04C7EFCD2CA"}
12:53:40.796 [nioEventLoopGroup-12-1] DEBUG com.jayway.jsonpath.internal.path.CompiledPath -- Evaluating path: $
12:53:40.796 [main] DEBUG com.jayway.jsonpath.internal.path.CompiledPath -- Evaluating path: $['modifiers']
12:53:40.796 [main] DEBUG com.jayway.jsonpath.internal.path.CompiledPath -- Evaluating path: $
12:53:40.796 [main] DEBUG com.jayway.jsonpath.internal.path.CompiledPath -- Evaluating path: $
12:53:40.796 [main] DEBUG com.jayway.jsonpath.internal.JsonContext -- Put path $ key modifiers value {}
12:53:40.796 [main] DEBUG com.jayway.jsonpath.internal.path.CompiledPath -- Evaluating path: $
12:53:40.796 [main] DEBUG com.jayway.jsonpath.internal.JsonContext -- Put path $ key modifiers value 0
12:53:40.796 [main] DEBUG com.jayway.jsonpath.internal.path.CompiledPath -- Evaluating path: $['type']
12:53:40.796 [main] DEBUG com.jayway.jsonpath.internal.path.CompiledPath -- Evaluating path: $
12:53:40.796 [main] DEBUG com.jayway.jsonpath.internal.path.CompiledPath -- Evaluating path: $
12:53:40.796 [main] DEBUG com.jayway.jsonpath.internal.JsonContext -- Put path $ key type value {}
12:53:40.796 [main] DEBUG com.jayway.jsonpath.internal.path.CompiledPath -- Evaluating path: $
12:53:40.796 [main] DEBUG com.jayway.jsonpath.internal.JsonContext -- Put path $ key type value keyUp
12:53:40.796 [main] DEBUG com.jayway.jsonpath.internal.path.CompiledPath -- Evaluating path: $['text']
12:53:40.796 [main] DEBUG com.jayway.jsonpath.internal.path.CompiledPath -- Evaluating path: $
12:53:40.796 [main] DEBUG com.jayway.jsonpath.internal.path.CompiledPath -- Evaluating path: $
12:53:40.796 [main] DEBUG com.jayway.jsonpath.internal.JsonContext -- Put path $ key text value {}
12:53:40.796 [main] DEBUG com.jayway.jsonpath.internal.path.CompiledPath -- Evaluating path: $
12:53:40.796 [main] DEBUG com.jayway.jsonpath.internal.JsonContext -- Put path $ key text value r
12:53:40.796 [main] DEBUG com.jayway.jsonpath.internal.path.CompiledPath -- Evaluating path: $['windowsVirtualKeyCode']
12:53:40.796 [main] DEBUG com.jayway.jsonpath.internal.path.CompiledPath -- Evaluating path: $
12:53:40.796 [main] DEBUG com.jayway.jsonpath.internal.path.CompiledPath -- Evaluating path: $
12:53:40.796 [main] DEBUG com.jayway.jsonpath.internal.JsonContext -- Put path $ key windowsVirtualKeyCode value {}
12:53:40.796 [main] DEBUG com.jayway.jsonpath.internal.path.CompiledPath -- Evaluating path: $
12:53:40.796 [main] DEBUG com.jayway.jsonpath.internal.JsonContext -- Put path $ key windowsVirtualKeyCode value 114
12:53:40.796 [main] DEBUG com.jayway.jsonpath.internal.path.CompiledPath -- Evaluating path: $
12:53:40.796 [main] DEBUG com.intuit.karate.driver.chrome_1718781812397 -- >> {"id":22,"sessionId":"704140606B946E7BA116F04C7EFCD2CA","method":"Input.dispatchKeyEvent","params":{"modifiers":0,"type":"keyUp","text":"r","windowsVirtualKeyCode":114}}
12:53:40.796 [nioEventLoopGroup-12-1] DEBUG com.intuit.karate.driver.chrome_1718781812397 -- << {"id":22,"result":{},"sessionId":"704140606B946E7BA116F04C7EFCD2CA"}
12:53:40.796 [nioEventLoopGroup-12-1] DEBUG com.jayway.jsonpath.internal.path.CompiledPath -- Evaluating path: $
12:53:40.796 [main] DEBUG com.jayway.jsonpath.internal.path.CompiledPath -- Evaluating path: $['modifiers']
12:53:40.796 [main] DEBUG com.jayway.jsonpath.internal.path.CompiledPath -- Evaluating path: $
12:53:40.796 [main] DEBUG com.jayway.jsonpath.internal.path.CompiledPath -- Evaluating path: $
12:53:40.796 [main] DEBUG com.jayway.jsonpath.internal.JsonContext -- Put path $ key modifiers value {}
12:53:40.796 [main] DEBUG com.jayway.jsonpath.internal.path.CompiledPath -- Evaluating path: $
12:53:40.796 [main] DEBUG com.jayway.jsonpath.internal.JsonContext -- Put path $ key modifiers value 0
12:53:40.796 [main] DEBUG com.jayway.jsonpath.internal.path.CompiledPath -- Evaluating path: $['type']
12:53:40.796 [main] DEBUG com.jayway.jsonpath.internal.path.CompiledPath -- Evaluating path: $
12:53:40.796 [main] DEBUG com.jayway.jsonpath.internal.path.CompiledPath -- Evaluating path: $
12:53:40.796 [main] DEBUG com.jayway.jsonpath.internal.JsonContext -- Put path $ key type value {}
12:53:40.796 [main] DEBUG com.jayway.jsonpath.internal.path.CompiledPath -- Evaluating path: $
12:53:40.796 [main] DEBUG com.jayway.jsonpath.internal.JsonContext -- Put path $ key type value rawKeyDown
12:53:40.796 [main] DEBUG com.jayway.jsonpath.internal.path.CompiledPath -- Evaluating path: $['text']
12:53:40.796 [main] DEBUG com.jayway.jsonpath.internal.path.CompiledPath -- Evaluating path: $
12:53:40.796 [main] DEBUG com.jayway.jsonpath.internal.path.CompiledPath -- Evaluating path: $
12:53:40.796 [main] DEBUG com.jayway.jsonpath.internal.JsonContext -- Put path $ key text value {}
12:53:40.796 [main] DEBUG com.jayway.jsonpath.internal.path.CompiledPath -- Evaluating path: $
12:53:40.796 [main] DEBUG com.jayway.jsonpath.internal.JsonContext -- Put path $ key text value e
12:53:40.796 [main] DEBUG com.jayway.jsonpath.internal.path.CompiledPath -- Evaluating path: $['windowsVirtualKeyCode']
12:53:40.796 [main] DEBUG com.jayway.jsonpath.internal.path.CompiledPath -- Evaluating path: $
12:53:40.796 [main] DEBUG com.jayway.jsonpath.internal.path.CompiledPath -- Evaluating path: $
12:53:40.796 [main] DEBUG com.jayway.jsonpath.internal.JsonContext -- Put path $ key windowsVirtualKeyCode value {}
12:53:40.796 [main] DEBUG com.jayway.jsonpath.internal.path.CompiledPath -- Evaluating path: $
12:53:40.796 [main] DEBUG com.jayway.jsonpath.internal.JsonContext -- Put path $ key windowsVirtualKeyCode value 101
12:53:40.796 [main] DEBUG com.jayway.jsonpath.internal.path.CompiledPath -- Evaluating path: $
12:53:40.796 [main] DEBUG com.intuit.karate.driver.chrome_1718781812397 -- >> {"id":23,"sessionId":"704140606B946E7BA116F04C7EFCD2CA","method":"Input.dispatchKeyEvent","params":{"modifiers":0,"type":"rawKeyDown","text":"e","windowsVirtualKeyCode":101}}
12:53:40.796 [nioEventLoopGroup-12-1] DEBUG com.intuit.karate.driver.chrome_1718781812397 -- << {"id":23,"result":{},"sessionId":"704140606B946E7BA116F04C7EFCD2CA"}
12:53:40.796 [nioEventLoopGroup-12-1] DEBUG com.jayway.jsonpath.internal.path.CompiledPath -- Evaluating path: $
12:53:40.796 [main] DEBUG com.jayway.jsonpath.internal.path.CompiledPath -- Evaluating path: $['modifiers']
12:53:40.796 [main] DEBUG com.jayway.jsonpath.internal.path.CompiledPath -- Evaluating path: $
12:53:40.796 [main] DEBUG com.jayway.jsonpath.internal.path.CompiledPath -- Evaluating path: $
12:53:40.796 [main] DEBUG com.jayway.jsonpath.internal.JsonContext -- Put path $ key modifiers value {}
12:53:40.796 [main] DEBUG com.jayway.jsonpath.internal.path.CompiledPath -- Evaluating path: $
12:53:40.796 [main] DEBUG com.jayway.jsonpath.internal.JsonContext -- Put path $ key modifiers value 0
12:53:40.796 [main] DEBUG com.jayway.jsonpath.internal.path.CompiledPath -- Evaluating path: $['type']
12:53:40.796 [main] DEBUG com.jayway.jsonpath.internal.path.CompiledPath -- Evaluating path: $
12:53:40.796 [main] DEBUG com.jayway.jsonpath.internal.path.CompiledPath -- Evaluating path: $
12:53:40.796 [main] DEBUG com.jayway.jsonpath.internal.JsonContext -- Put path $ key type value {}
12:53:40.796 [main] DEBUG com.jayway.jsonpath.internal.path.CompiledPath -- Evaluating path: $
12:53:40.796 [main] DEBUG com.jayway.jsonpath.internal.JsonContext -- Put path $ key type value char
12:53:40.796 [main] DEBUG com.jayway.jsonpath.internal.path.CompiledPath -- Evaluating path: $['text']
12:53:40.796 [main] DEBUG com.jayway.jsonpath.internal.path.CompiledPath -- Evaluating path: $
12:53:40.796 [main] DEBUG com.jayway.jsonpath.internal.path.CompiledPath -- Evaluating path: $
12:53:40.796 [main] DEBUG com.jayway.jsonpath.internal.JsonContext -- Put path $ key text value {}
12:53:40.796 [main] DEBUG com.jayway.jsonpath.internal.path.CompiledPath -- Evaluating path: $
12:53:40.796 [main] DEBUG com.jayway.jsonpath.internal.JsonContext -- Put path $ key text value e
12:53:40.796 [main] DEBUG com.jayway.jsonpath.internal.path.CompiledPath -- Evaluating path: $['windowsVirtualKeyCode']
12:53:40.796 [main] DEBUG com.jayway.jsonpath.internal.path.CompiledPath -- Evaluating path: $
12:53:40.796 [main] DEBUG com.jayway.jsonpath.internal.path.CompiledPath -- Evaluating path: $
12:53:40.796 [main] DEBUG com.jayway.jsonpath.internal.JsonContext -- Put path $ key windowsVirtualKeyCode value {}
12:53:40.796 [main] DEBUG com.jayway.jsonpath.internal.path.CompiledPath -- Evaluating path: $
12:53:40.796 [main] DEBUG com.jayway.jsonpath.internal.JsonContext -- Put path $ key windowsVirtualKeyCode value 101
12:53:40.796 [main] DEBUG com.jayway.jsonpath.internal.path.CompiledPath -- Evaluating path: $
12:53:40.796 [main] DEBUG com.intuit.karate.driver.chrome_1718781812397 -- >> {"id":24,"sessionId":"704140606B946E7BA116F04C7EFCD2CA","method":"Input.dispatchKeyEvent","params":{"modifiers":0,"type":"char","text":"e","windowsVirtualKeyCode":101}}
12:53:40.796 [nioEventLoopGroup-12-1] DEBUG com.intuit.karate.driver.chrome_1718781812397 -- << {"id":24,"result":{},"sessionId":"704140606B946E7BA116F04C7EFCD2CA"}
12:53:40.796 [nioEventLoopGroup-12-1] DEBUG com.jayway.jsonpath.internal.path.CompiledPath -- Evaluating path: $
12:53:40.796 [main] DEBUG com.jayway.jsonpath.internal.path.CompiledPath -- Evaluating path: $['modifiers']
12:53:40.796 [main] DEBUG com.jayway.jsonpath.internal.path.CompiledPath -- Evaluating path: $
12:53:40.796 [main] DEBUG com.jayway.jsonpath.internal.path.CompiledPath -- Evaluating path: $
12:53:40.796 [main] DEBUG com.jayway.jsonpath.internal.JsonContext -- Put path $ key modifiers value {}
12:53:40.796 [main] DEBUG com.jayway.jsonpath.internal.path.CompiledPath -- Evaluating path: $
12:53:40.796 [main] DEBUG com.jayway.jsonpath.internal.JsonContext -- Put path $ key modifiers value 0
12:53:40.796 [main] DEBUG com.jayway.jsonpath.internal.path.CompiledPath -- Evaluating path: $['type']
12:53:40.796 [main] DEBUG com.jayway.jsonpath.internal.path.CompiledPath -- Evaluating path: $
12:53:40.796 [main] DEBUG com.jayway.jsonpath.internal.path.CompiledPath -- Evaluating path: $
12:53:40.796 [main] DEBUG com.jayway.jsonpath.internal.JsonContext -- Put path $ key type value {}
12:53:40.796 [main] DEBUG com.jayway.jsonpath.internal.path.CompiledPath -- Evaluating path: $
12:53:40.796 [main] DEBUG com.jayway.jsonpath.internal.JsonContext -- Put path $ key type value keyUp
12:53:40.796 [main] DEBUG com.jayway.jsonpath.internal.path.CompiledPath -- Evaluating path: $['text']
12:53:40.796 [main] DEBUG com.jayway.jsonpath.internal.path.CompiledPath -- Evaluating path: $
12:53:40.796 [main] DEBUG com.jayway.jsonpath.internal.path.CompiledPath -- Evaluating path: $
12:53:40.796 [main] DEBUG com.jayway.jsonpath.internal.JsonContext -- Put path $ key text value {}
12:53:40.796 [main] DEBUG com.jayway.jsonpath.internal.path.CompiledPath -- Evaluating path: $
12:53:40.796 [main] DEBUG com.jayway.jsonpath.internal.JsonContext -- Put path $ key text value e
12:53:40.796 [main] DEBUG com.jayway.jsonpath.internal.path.CompiledPath -- Evaluating path: $['windowsVirtualKeyCode']
12:53:40.796 [main] DEBUG com.jayway.jsonpath.internal.path.CompiledPath -- Evaluating path: $
12:53:40.796 [main] DEBUG com.jayway.jsonpath.internal.path.CompiledPath -- Evaluating path: $
12:53:40.796 [main] DEBUG com.jayway.jsonpath.internal.JsonContext -- Put path $ key windowsVirtualKeyCode value {}
12:53:40.796 [main] DEBUG com.jayway.jsonpath.internal.path.CompiledPath -- Evaluating path: $
12:53:40.796 [main] DEBUG com.jayway.jsonpath.internal.JsonContext -- Put path $ key windowsVirtualKeyCode value 101
12:53:40.796 [main] DEBUG com.jayway.jsonpath.internal.path.CompiledPath -- Evaluating path: $
12:53:40.796 [main] DEBUG com.intuit.karate.driver.chrome_1718781812397 -- >> {"id":25,"sessionId":"704140606B946E7BA116F04C7EFCD2CA","method":"Input.dispatchKeyEvent","params":{"modifiers":0,"type":"keyUp","text":"e","windowsVirtualKeyCode":101}}
12:53:40.796 [nioEventLoopGroup-12-1] DEBUG com.intuit.karate.driver.chrome_1718781812397 -- << {"id":25,"result":{},"sessionId":"704140606B946E7BA116F04C7EFCD2CA"}
12:53:40.796 [nioEventLoopGroup-12-1] DEBUG com.jayway.jsonpath.internal.path.CompiledPath -- Evaluating path: $
12:53:40.796 [main] DEBUG com.jayway.jsonpath.internal.path.CompiledPath -- Evaluating path: $['modifiers']
12:53:40.796 [main] DEBUG com.jayway.jsonpath.internal.path.CompiledPath -- Evaluating path: $
12:53:40.796 [main] DEBUG com.jayway.jsonpath.internal.path.CompiledPath -- Evaluating path: $
12:53:40.796 [main] DEBUG com.jayway.jsonpath.internal.JsonContext -- Put path $ key modifiers value {}
12:53:40.796 [main] DEBUG com.jayway.jsonpath.internal.path.CompiledPath -- Evaluating path: $
12:53:40.796 [main] DEBUG com.jayway.jsonpath.internal.JsonContext -- Put path $ key modifiers value 0
12:53:40.796 [main] DEBUG com.jayway.jsonpath.internal.path.CompiledPath -- Evaluating path: $['type']
12:53:40.796 [main] DEBUG com.jayway.jsonpath.internal.path.CompiledPath -- Evaluating path: $
12:53:40.796 [main] DEBUG com.jayway.jsonpath.internal.path.CompiledPath -- Evaluating path: $
12:53:40.796 [main] DEBUG com.jayway.jsonpath.internal.JsonContext -- Put path $ key type value {}
12:53:40.796 [main] DEBUG com.jayway.jsonpath.internal.path.CompiledPath -- Evaluating path: $
12:53:40.796 [main] DEBUG com.jayway.jsonpath.internal.JsonContext -- Put path $ key type value rawKeyDown
12:53:40.796 [main] DEBUG com.jayway.jsonpath.internal.path.CompiledPath -- Evaluating path: $['text']
12:53:40.796 [main] DEBUG com.jayway.jsonpath.internal.path.CompiledPath -- Evaluating path: $
12:53:40.796 [main] DEBUG com.jayway.jsonpath.internal.path.CompiledPath -- Evaluating path: $
12:53:40.796 [main] DEBUG com.jayway.jsonpath.internal.JsonContext -- Put path $ key text value {}
12:53:40.796 [main] DEBUG com.jayway.jsonpath.internal.path.CompiledPath -- Evaluating path: $
12:53:40.796 [main] DEBUG com.jayway.jsonpath.internal.JsonContext -- Put path $ key text value t
12:53:40.796 [main] DEBUG com.jayway.jsonpath.internal.path.CompiledPath -- Evaluating path: $['windowsVirtualKeyCode']
12:53:40.796 [main] DEBUG com.jayway.jsonpath.internal.path.CompiledPath -- Evaluating path: $
12:53:40.796 [main] DEBUG com.jayway.jsonpath.internal.path.CompiledPath -- Evaluating path: $
12:53:40.796 [main] DEBUG com.jayway.jsonpath.internal.JsonContext -- Put path $ key windowsVirtualKeyCode value {}
12:53:40.796 [main] DEBUG com.jayway.jsonpath.internal.path.CompiledPath -- Evaluating path: $
12:53:40.796 [main] DEBUG com.jayway.jsonpath.internal.JsonContext -- Put path $ key windowsVirtualKeyCode value 116
12:53:40.796 [main] DEBUG com.jayway.jsonpath.internal.path.CompiledPath -- Evaluating path: $
12:53:40.796 [main] DEBUG com.intuit.karate.driver.chrome_1718781812397 -- >> {"id":26,"sessionId":"704140606B946E7BA116F04C7EFCD2CA","method":"Input.dispatchKeyEvent","params":{"modifiers":0,"type":"rawKeyDown","text":"t","windowsVirtualKeyCode":116}}
12:53:40.806 [nioEventLoopGroup-12-1] DEBUG com.intuit.karate.driver.chrome_1718781812397 -- << {"id":26,"result":{},"sessionId":"704140606B946E7BA116F04C7EFCD2CA"}
12:53:40.806 [nioEventLoopGroup-12-1] DEBUG com.jayway.jsonpath.internal.path.CompiledPath -- Evaluating path: $
12:53:40.806 [main] DEBUG com.jayway.jsonpath.internal.path.CompiledPath -- Evaluating path: $['modifiers']
12:53:40.806 [main] DEBUG com.jayway.jsonpath.internal.path.CompiledPath -- Evaluating path: $
12:53:40.806 [main] DEBUG com.jayway.jsonpath.internal.path.CompiledPath -- Evaluating path: $
12:53:40.806 [main] DEBUG com.jayway.jsonpath.internal.JsonContext -- Put path $ key modifiers value {}
12:53:40.806 [main] DEBUG com.jayway.jsonpath.internal.path.CompiledPath -- Evaluating path: $
12:53:40.806 [main] DEBUG com.jayway.jsonpath.internal.JsonContext -- Put path $ key modifiers value 0
12:53:40.806 [main] DEBUG com.jayway.jsonpath.internal.path.CompiledPath -- Evaluating path: $['type']
12:53:40.806 [main] DEBUG com.jayway.jsonpath.internal.path.CompiledPath -- Evaluating path: $
12:53:40.806 [main] DEBUG com.jayway.jsonpath.internal.path.CompiledPath -- Evaluating path: $
12:53:40.806 [main] DEBUG com.jayway.jsonpath.internal.JsonContext -- Put path $ key type value {}
12:53:40.806 [main] DEBUG com.jayway.jsonpath.internal.path.CompiledPath -- Evaluating path: $
12:53:40.806 [main] DEBUG com.jayway.jsonpath.internal.JsonContext -- Put path $ key type value char
12:53:40.806 [main] DEBUG com.jayway.jsonpath.internal.path.CompiledPath -- Evaluating path: $['text']
12:53:40.806 [main] DEBUG com.jayway.jsonpath.internal.path.CompiledPath -- Evaluating path: $
12:53:40.806 [main] DEBUG com.jayway.jsonpath.internal.path.CompiledPath -- Evaluating path: $
12:53:40.806 [main] DEBUG com.jayway.jsonpath.internal.JsonContext -- Put path $ key text value {}
12:53:40.806 [main] DEBUG com.jayway.jsonpath.internal.path.CompiledPath -- Evaluating path: $
12:53:40.806 [main] DEBUG com.jayway.jsonpath.internal.JsonContext -- Put path $ key text value t
12:53:40.806 [main] DEBUG com.jayway.jsonpath.internal.path.CompiledPath -- Evaluating path: $['windowsVirtualKeyCode']
12:53:40.806 [main] DEBUG com.jayway.jsonpath.internal.path.CompiledPath -- Evaluating path: $
12:53:40.806 [main] DEBUG com.jayway.jsonpath.internal.path.CompiledPath -- Evaluating path: $
12:53:40.806 [main] DEBUG com.jayway.jsonpath.internal.JsonContext -- Put path $ key windowsVirtualKeyCode value {}
12:53:40.806 [main] DEBUG com.jayway.jsonpath.internal.path.CompiledPath -- Evaluating path: $
12:53:40.806 [main] DEBUG com.jayway.jsonpath.internal.JsonContext -- Put path $ key windowsVirtualKeyCode value 116
12:53:40.806 [main] DEBUG com.jayway.jsonpath.internal.path.CompiledPath -- Evaluating path: $
12:53:40.806 [main] DEBUG com.intuit.karate.driver.chrome_1718781812397 -- >> {"id":27,"sessionId":"704140606B946E7BA116F04C7EFCD2CA","method":"Input.dispatchKeyEvent","params":{"modifiers":0,"type":"char","text":"t","windowsVirtualKeyCode":116}}
12:53:40.808 [nioEventLoopGroup-12-1] DEBUG com.intuit.karate.driver.chrome_1718781812397 -- << {"id":27,"result":{},"sessionId":"704140606B946E7BA116F04C7EFCD2CA"}
12:53:40.808 [nioEventLoopGroup-12-1] DEBUG com.jayway.jsonpath.internal.path.CompiledPath -- Evaluating path: $
12:53:40.808 [main] DEBUG com.jayway.jsonpath.internal.path.CompiledPath -- Evaluating path: $['modifiers']
12:53:40.808 [main] DEBUG com.jayway.jsonpath.internal.path.CompiledPath -- Evaluating path: $
12:53:40.808 [main] DEBUG com.jayway.jsonpath.internal.path.CompiledPath -- Evaluating path: $
12:53:40.808 [main] DEBUG com.jayway.jsonpath.internal.JsonContext -- Put path $ key modifiers value {}
12:53:40.808 [main] DEBUG com.jayway.jsonpath.internal.path.CompiledPath -- Evaluating path: $
12:53:40.808 [main] DEBUG com.jayway.jsonpath.internal.JsonContext -- Put path $ key modifiers value 0
12:53:40.808 [main] DEBUG com.jayway.jsonpath.internal.path.CompiledPath -- Evaluating path: $['type']
12:53:40.808 [main] DEBUG com.jayway.jsonpath.internal.path.CompiledPath -- Evaluating path: $
12:53:40.808 [main] DEBUG com.jayway.jsonpath.internal.path.CompiledPath -- Evaluating path: $
12:53:40.808 [main] DEBUG com.jayway.jsonpath.internal.JsonContext -- Put path $ key type value {}
12:53:40.808 [main] DEBUG com.jayway.jsonpath.internal.path.CompiledPath -- Evaluating path: $
12:53:40.808 [main] DEBUG com.jayway.jsonpath.internal.JsonContext -- Put path $ key type value keyUp
12:53:40.808 [main] DEBUG com.jayway.jsonpath.internal.path.CompiledPath -- Evaluating path: $['text']
12:53:40.808 [main] DEBUG com.jayway.jsonpath.internal.path.CompiledPath -- Evaluating path: $
12:53:40.808 [main] DEBUG com.jayway.jsonpath.internal.path.CompiledPath -- Evaluating path: $
12:53:40.808 [main] DEBUG com.jayway.jsonpath.internal.JsonContext -- Put path $ key text value {}
12:53:40.808 [main] DEBUG com.jayway.jsonpath.internal.path.CompiledPath -- Evaluating path: $
12:53:40.808 [main] DEBUG com.jayway.jsonpath.internal.JsonContext -- Put path $ key text value t
12:53:40.808 [main] DEBUG com.jayway.jsonpath.internal.path.CompiledPath -- Evaluating path: $['windowsVirtualKeyCode']
12:53:40.808 [main] DEBUG com.jayway.jsonpath.internal.path.CompiledPath -- Evaluating path: $
12:53:40.808 [main] DEBUG com.jayway.jsonpath.internal.path.CompiledPath -- Evaluating path: $
12:53:40.808 [main] DEBUG com.jayway.jsonpath.internal.JsonContext -- Put path $ key windowsVirtualKeyCode value {}
12:53:40.808 [main] DEBUG com.jayway.jsonpath.internal.path.CompiledPath -- Evaluating path: $
12:53:40.808 [main] DEBUG com.jayway.jsonpath.internal.JsonContext -- Put path $ key windowsVirtualKeyCode value 116
12:53:40.808 [main] DEBUG com.jayway.jsonpath.internal.path.CompiledPath -- Evaluating path: $
12:53:40.808 [main] DEBUG com.intuit.karate.driver.chrome_1718781812397 -- >> {"id":28,"sessionId":"704140606B946E7BA116F04C7EFCD2CA","method":"Input.dispatchKeyEvent","params":{"modifiers":0,"type":"keyUp","text":"t","windowsVirtualKeyCode":116}}
12:53:40.810 [nioEventLoopGroup-12-1] DEBUG com.intuit.karate.driver.chrome_1718781812397 -- << {"id":28,"result":{},"sessionId":"704140606B946E7BA116F04C7EFCD2CA"}
12:53:40.810 [nioEventLoopGroup-12-1] DEBUG com.jayway.jsonpath.internal.path.CompiledPath -- Evaluating path: $
12:53:40.810 [main] DEBUG com.jayway.jsonpath.internal.path.CompiledPath -- Evaluating path: $['modifiers']
12:53:40.810 [main] DEBUG com.jayway.jsonpath.internal.path.CompiledPath -- Evaluating path: $
12:53:40.810 [main] DEBUG com.jayway.jsonpath.internal.path.CompiledPath -- Evaluating path: $
12:53:40.810 [main] DEBUG com.jayway.jsonpath.internal.JsonContext -- Put path $ key modifiers value {}
12:53:40.810 [main] DEBUG com.jayway.jsonpath.internal.path.CompiledPath -- Evaluating path: $
12:53:40.810 [main] DEBUG com.jayway.jsonpath.internal.JsonContext -- Put path $ key modifiers value 0
12:53:40.810 [main] DEBUG com.jayway.jsonpath.internal.path.CompiledPath -- Evaluating path: $['type']
12:53:40.810 [main] DEBUG com.jayway.jsonpath.internal.path.CompiledPath -- Evaluating path: $
12:53:40.810 [main] DEBUG com.jayway.jsonpath.internal.path.CompiledPath -- Evaluating path: $
12:53:40.810 [main] DEBUG com.jayway.jsonpath.internal.JsonContext -- Put path $ key type value {}
12:53:40.810 [main] DEBUG com.jayway.jsonpath.internal.path.CompiledPath -- Evaluating path: $
12:53:40.810 [main] DEBUG com.jayway.jsonpath.internal.JsonContext -- Put path $ key type value rawKeyDown
12:53:40.810 [main] DEBUG com.jayway.jsonpath.internal.path.CompiledPath -- Evaluating path: $['text']
12:53:40.810 [main] DEBUG com.jayway.jsonpath.internal.path.CompiledPath -- Evaluating path: $
12:53:40.810 [main] DEBUG com.jayway.jsonpath.internal.path.CompiledPath -- Evaluating path: $
12:53:40.810 [main] DEBUG com.jayway.jsonpath.internal.JsonContext -- Put path $ key text value {}
12:53:40.810 [main] DEBUG com.jayway.jsonpath.internal.path.CompiledPath -- Evaluating path: $
12:53:40.810 [main] DEBUG com.jayway.jsonpath.internal.JsonContext -- Put path $ key text value _
12:53:40.810 [main] DEBUG com.jayway.jsonpath.internal.path.CompiledPath -- Evaluating path: $['windowsVirtualKeyCode']
12:53:40.810 [main] DEBUG com.jayway.jsonpath.internal.path.CompiledPath -- Evaluating path: $
12:53:40.810 [main] DEBUG com.jayway.jsonpath.internal.path.CompiledPath -- Evaluating path: $
12:53:40.810 [main] DEBUG com.jayway.jsonpath.internal.JsonContext -- Put path $ key windowsVirtualKeyCode value {}
12:53:40.810 [main] DEBUG com.jayway.jsonpath.internal.path.CompiledPath -- Evaluating path: $
12:53:40.810 [main] DEBUG com.jayway.jsonpath.internal.JsonContext -- Put path $ key windowsVirtualKeyCode value 523
12:53:40.810 [main] DEBUG com.jayway.jsonpath.internal.path.CompiledPath -- Evaluating path: $
12:53:40.810 [main] DEBUG com.intuit.karate.driver.chrome_1718781812397 -- >> {"id":29,"sessionId":"704140606B946E7BA116F04C7EFCD2CA","method":"Input.dispatchKeyEvent","params":{"modifiers":0,"type":"rawKeyDown","text":"_","windowsVirtualKeyCode":523}}
12:53:40.812 [nioEventLoopGroup-12-1] DEBUG com.intuit.karate.driver.chrome_1718781812397 -- << {"id":29,"result":{},"sessionId":"704140606B946E7BA116F04C7EFCD2CA"}
12:53:40.812 [nioEventLoopGroup-12-1] DEBUG com.jayway.jsonpath.internal.path.CompiledPath -- Evaluating path: $
12:53:40.815 [main] DEBUG com.jayway.jsonpath.internal.path.CompiledPath -- Evaluating path: $['modifiers']
12:53:40.815 [main] DEBUG com.jayway.jsonpath.internal.path.CompiledPath -- Evaluating path: $
12:53:40.815 [main] DEBUG com.jayway.jsonpath.internal.path.CompiledPath -- Evaluating path: $
12:53:40.815 [main] DEBUG com.jayway.jsonpath.internal.JsonContext -- Put path $ key modifiers value {}
12:53:40.815 [main] DEBUG com.jayway.jsonpath.internal.path.CompiledPath -- Evaluating path: $
12:53:40.815 [main] DEBUG com.jayway.jsonpath.internal.JsonContext -- Put path $ key modifiers value 0
12:53:40.815 [main] DEBUG com.jayway.jsonpath.internal.path.CompiledPath -- Evaluating path: $['type']
12:53:40.815 [main] DEBUG com.jayway.jsonpath.internal.path.CompiledPath -- Evaluating path: $
12:53:40.815 [main] DEBUG com.jayway.jsonpath.internal.path.CompiledPath -- Evaluating path: $
12:53:40.815 [main] DEBUG com.jayway.jsonpath.internal.JsonContext -- Put path $ key type value {}
12:53:40.815 [main] DEBUG com.jayway.jsonpath.internal.path.CompiledPath -- Evaluating path: $
12:53:40.815 [main] DEBUG com.jayway.jsonpath.internal.JsonContext -- Put path $ key type value char
12:53:40.815 [main] DEBUG com.jayway.jsonpath.internal.path.CompiledPath -- Evaluating path: $['text']
12:53:40.815 [main] DEBUG com.jayway.jsonpath.internal.path.CompiledPath -- Evaluating path: $
12:53:40.815 [main] DEBUG com.jayway.jsonpath.internal.path.CompiledPath -- Evaluating path: $
12:53:40.815 [main] DEBUG com.jayway.jsonpath.internal.JsonContext -- Put path $ key text value {}
12:53:40.815 [main] DEBUG com.jayway.jsonpath.internal.path.CompiledPath -- Evaluating path: $
12:53:40.815 [main] DEBUG com.jayway.jsonpath.internal.JsonContext -- Put path $ key text value _
12:53:40.815 [main] DEBUG com.jayway.jsonpath.internal.path.CompiledPath -- Evaluating path: $['windowsVirtualKeyCode']
12:53:40.815 [main] DEBUG com.jayway.jsonpath.internal.path.CompiledPath -- Evaluating path: $
12:53:40.815 [main] DEBUG com.jayway.jsonpath.internal.path.CompiledPath -- Evaluating path: $
12:53:40.815 [main] DEBUG com.jayway.jsonpath.internal.JsonContext -- Put path $ key windowsVirtualKeyCode value {}
12:53:40.815 [main] DEBUG com.jayway.jsonpath.internal.path.CompiledPath -- Evaluating path: $
12:53:40.815 [main] DEBUG com.jayway.jsonpath.internal.JsonContext -- Put path $ key windowsVirtualKeyCode value 523
12:53:40.815 [main] DEBUG com.jayway.jsonpath.internal.path.CompiledPath -- Evaluating path: $
12:53:40.815 [main] DEBUG com.intuit.karate.driver.chrome_1718781812397 -- >> {"id":30,"sessionId":"704140606B946E7BA116F04C7EFCD2CA","method":"Input.dispatchKeyEvent","params":{"modifiers":0,"type":"char","text":"_","windowsVirtualKeyCode":523}}
12:53:40.815 [nioEventLoopGroup-12-1] DEBUG com.intuit.karate.driver.chrome_1718781812397 -- << {"id":30,"result":{},"sessionId":"704140606B946E7BA116F04C7EFCD2CA"}
12:53:40.815 [nioEventLoopGroup-12-1] DEBUG com.jayway.jsonpath.internal.path.CompiledPath -- Evaluating path: $
12:53:40.815 [main] DEBUG com.jayway.jsonpath.internal.path.CompiledPath -- Evaluating path: $['modifiers']
12:53:40.815 [main] DEBUG com.jayway.jsonpath.internal.path.CompiledPath -- Evaluating path: $
12:53:40.815 [main] DEBUG com.jayway.jsonpath.internal.path.CompiledPath -- Evaluating path: $
12:53:40.815 [main] DEBUG com.jayway.jsonpath.internal.JsonContext -- Put path $ key modifiers value {}
12:53:40.815 [main] DEBUG com.jayway.jsonpath.internal.path.CompiledPath -- Evaluating path: $
12:53:40.815 [main] DEBUG com.jayway.jsonpath.internal.JsonContext -- Put path $ key modifiers value 0
12:53:40.815 [main] DEBUG com.jayway.jsonpath.internal.path.CompiledPath -- Evaluating path: $['type']
12:53:40.815 [main] DEBUG com.jayway.jsonpath.internal.path.CompiledPath -- Evaluating path: $
12:53:40.815 [main] DEBUG com.jayway.jsonpath.internal.path.CompiledPath -- Evaluating path: $
12:53:40.815 [main] DEBUG com.jayway.jsonpath.internal.JsonContext -- Put path $ key type value {}
12:53:40.815 [main] DEBUG com.jayway.jsonpath.internal.path.CompiledPath -- Evaluating path: $
12:53:40.815 [main] DEBUG com.jayway.jsonpath.internal.JsonContext -- Put path $ key type value keyUp
12:53:40.815 [main] DEBUG com.jayway.jsonpath.internal.path.CompiledPath -- Evaluating path: $['text']
12:53:40.815 [main] DEBUG com.jayway.jsonpath.internal.path.CompiledPath -- Evaluating path: $
12:53:40.815 [main] DEBUG com.jayway.jsonpath.internal.path.CompiledPath -- Evaluating path: $
12:53:40.815 [main] DEBUG com.jayway.jsonpath.internal.JsonContext -- Put path $ key text value {}
12:53:40.815 [main] DEBUG com.jayway.jsonpath.internal.path.CompiledPath -- Evaluating path: $
12:53:40.815 [main] DEBUG com.jayway.jsonpath.internal.JsonContext -- Put path $ key text value _
12:53:40.815 [main] DEBUG com.jayway.jsonpath.internal.path.CompiledPath -- Evaluating path: $['windowsVirtualKeyCode']
12:53:40.815 [main] DEBUG com.jayway.jsonpath.internal.path.CompiledPath -- Evaluating path: $
12:53:40.815 [main] DEBUG com.jayway.jsonpath.internal.path.CompiledPath -- Evaluating path: $
12:53:40.815 [main] DEBUG com.jayway.jsonpath.internal.JsonContext -- Put path $ key windowsVirtualKeyCode value {}
12:53:40.815 [main] DEBUG com.jayway.jsonpath.internal.path.CompiledPath -- Evaluating path: $
12:53:40.815 [main] DEBUG com.jayway.jsonpath.internal.JsonContext -- Put path $ key windowsVirtualKeyCode value 523
12:53:40.815 [main] DEBUG com.jayway.jsonpath.internal.path.CompiledPath -- Evaluating path: $
12:53:40.815 [main] DEBUG com.intuit.karate.driver.chrome_1718781812397 -- >> {"id":31,"sessionId":"704140606B946E7BA116F04C7EFCD2CA","method":"Input.dispatchKeyEvent","params":{"modifiers":0,"type":"keyUp","text":"_","windowsVirtualKeyCode":523}}
12:53:40.821 [nioEventLoopGroup-12-1] DEBUG com.intuit.karate.driver.chrome_1718781812397 -- << {"id":31,"result":{},"sessionId":"704140606B946E7BA116F04C7EFCD2CA"}
12:53:40.821 [nioEventLoopGroup-12-1] DEBUG com.jayway.jsonpath.internal.path.CompiledPath -- Evaluating path: $
12:53:40.821 [main] DEBUG com.jayway.jsonpath.internal.path.CompiledPath -- Evaluating path: $['modifiers']
12:53:40.821 [main] DEBUG com.jayway.jsonpath.internal.path.CompiledPath -- Evaluating path: $
12:53:40.821 [main] DEBUG com.jayway.jsonpath.internal.path.CompiledPath -- Evaluating path: $
12:53:40.821 [main] DEBUG com.jayway.jsonpath.internal.JsonContext -- Put path $ key modifiers value {}
12:53:40.821 [main] DEBUG com.jayway.jsonpath.internal.path.CompiledPath -- Evaluating path: $
12:53:40.821 [main] DEBUG com.jayway.jsonpath.internal.JsonContext -- Put path $ key modifiers value 0
12:53:40.821 [main] DEBUG com.jayway.jsonpath.internal.path.CompiledPath -- Evaluating path: $['type']
12:53:40.821 [main] DEBUG com.jayway.jsonpath.internal.path.CompiledPath -- Evaluating path: $
12:53:40.821 [main] DEBUG com.jayway.jsonpath.internal.path.CompiledPath -- Evaluating path: $
12:53:40.821 [main] DEBUG com.jayway.jsonpath.internal.JsonContext -- Put path $ key type value {}
12:53:40.821 [main] DEBUG com.jayway.jsonpath.internal.path.CompiledPath -- Evaluating path: $
12:53:40.821 [main] DEBUG com.jayway.jsonpath.internal.JsonContext -- Put path $ key type value rawKeyDown
12:53:40.821 [main] DEBUG com.jayway.jsonpath.internal.path.CompiledPath -- Evaluating path: $['text']
12:53:40.821 [main] DEBUG com.jayway.jsonpath.internal.path.CompiledPath -- Evaluating path: $
12:53:40.821 [main] DEBUG com.jayway.jsonpath.internal.path.CompiledPath -- Evaluating path: $
12:53:40.821 [main] DEBUG com.jayway.jsonpath.internal.JsonContext -- Put path $ key text value {}
12:53:40.821 [main] DEBUG com.jayway.jsonpath.internal.path.CompiledPath -- Evaluating path: $
12:53:40.821 [main] DEBUG com.jayway.jsonpath.internal.JsonContext -- Put path $ key text value s
12:53:40.821 [main] DEBUG com.jayway.jsonpath.internal.path.CompiledPath -- Evaluating path: $['windowsVirtualKeyCode']
12:53:40.821 [main] DEBUG com.jayway.jsonpath.internal.path.CompiledPath -- Evaluating path: $
12:53:40.821 [main] DEBUG com.jayway.jsonpath.internal.path.CompiledPath -- Evaluating path: $
12:53:40.821 [main] DEBUG com.jayway.jsonpath.internal.JsonContext -- Put path $ key windowsVirtualKeyCode value {}
12:53:40.821 [main] DEBUG com.jayway.jsonpath.internal.path.CompiledPath -- Evaluating path: $
12:53:40.821 [main] DEBUG com.jayway.jsonpath.internal.JsonContext -- Put path $ key windowsVirtualKeyCode value 115
12:53:40.821 [main] DEBUG com.jayway.jsonpath.internal.path.CompiledPath -- Evaluating path: $
12:53:40.821 [main] DEBUG com.intuit.karate.driver.chrome_1718781812397 -- >> {"id":32,"sessionId":"704140606B946E7BA116F04C7EFCD2CA","method":"Input.dispatchKeyEvent","params":{"modifiers":0,"type":"rawKeyDown","text":"s","windowsVirtualKeyCode":115}}
12:53:40.821 [nioEventLoopGroup-12-1] DEBUG com.intuit.karate.driver.chrome_1718781812397 -- << {"id":32,"result":{},"sessionId":"704140606B946E7BA116F04C7EFCD2CA"}
12:53:40.821 [nioEventLoopGroup-12-1] DEBUG com.jayway.jsonpath.internal.path.CompiledPath -- Evaluating path: $
12:53:40.821 [main] DEBUG com.jayway.jsonpath.internal.path.CompiledPath -- Evaluating path: $['modifiers']
12:53:40.821 [main] DEBUG com.jayway.jsonpath.internal.path.CompiledPath -- Evaluating path: $
12:53:40.821 [main] DEBUG com.jayway.jsonpath.internal.path.CompiledPath -- Evaluating path: $
12:53:40.821 [main] DEBUG com.jayway.jsonpath.internal.JsonContext -- Put path $ key modifiers value {}
12:53:40.821 [main] DEBUG com.jayway.jsonpath.internal.path.CompiledPath -- Evaluating path: $
12:53:40.821 [main] DEBUG com.jayway.jsonpath.internal.JsonContext -- Put path $ key modifiers value 0
12:53:40.821 [main] DEBUG com.jayway.jsonpath.internal.path.CompiledPath -- Evaluating path: $['type']
12:53:40.821 [main] DEBUG com.jayway.jsonpath.internal.path.CompiledPath -- Evaluating path: $
12:53:40.821 [main] DEBUG com.jayway.jsonpath.internal.path.CompiledPath -- Evaluating path: $
12:53:40.821 [main] DEBUG com.jayway.jsonpath.internal.JsonContext -- Put path $ key type value {}
12:53:40.821 [main] DEBUG com.jayway.jsonpath.internal.path.CompiledPath -- Evaluating path: $
12:53:40.821 [main] DEBUG com.jayway.jsonpath.internal.JsonContext -- Put path $ key type value char
12:53:40.821 [main] DEBUG com.jayway.jsonpath.internal.path.CompiledPath -- Evaluating path: $['text']
12:53:40.821 [main] DEBUG com.jayway.jsonpath.internal.path.CompiledPath -- Evaluating path: $
12:53:40.821 [main] DEBUG com.jayway.jsonpath.internal.path.CompiledPath -- Evaluating path: $
12:53:40.821 [main] DEBUG com.jayway.jsonpath.internal.JsonContext -- Put path $ key text value {}
12:53:40.821 [main] DEBUG com.jayway.jsonpath.internal.path.CompiledPath -- Evaluating path: $
12:53:40.821 [main] DEBUG com.jayway.jsonpath.internal.JsonContext -- Put path $ key text value s
12:53:40.821 [main] DEBUG com.jayway.jsonpath.internal.path.CompiledPath -- Evaluating path: $['windowsVirtualKeyCode']
12:53:40.821 [main] DEBUG com.jayway.jsonpath.internal.path.CompiledPath -- Evaluating path: $
12:53:40.821 [main] DEBUG com.jayway.jsonpath.internal.path.CompiledPath -- Evaluating path: $
12:53:40.821 [main] DEBUG com.jayway.jsonpath.internal.JsonContext -- Put path $ key windowsVirtualKeyCode value {}
12:53:40.821 [main] DEBUG com.jayway.jsonpath.internal.path.CompiledPath -- Evaluating path: $
12:53:40.821 [main] DEBUG com.jayway.jsonpath.internal.JsonContext -- Put path $ key windowsVirtualKeyCode value 115
12:53:40.821 [main] DEBUG com.jayway.jsonpath.internal.path.CompiledPath -- Evaluating path: $
12:53:40.821 [main] DEBUG com.intuit.karate.driver.chrome_1718781812397 -- >> {"id":33,"sessionId":"704140606B946E7BA116F04C7EFCD2CA","method":"Input.dispatchKeyEvent","params":{"modifiers":0,"type":"char","text":"s","windowsVirtualKeyCode":115}}
12:53:40.821 [nioEventLoopGroup-12-1] DEBUG com.intuit.karate.driver.chrome_1718781812397 -- << {"id":33,"result":{},"sessionId":"704140606B946E7BA116F04C7EFCD2CA"}
12:53:40.821 [nioEventLoopGroup-12-1] DEBUG com.jayway.jsonpath.internal.path.CompiledPath -- Evaluating path: $
12:53:40.821 [main] DEBUG com.jayway.jsonpath.internal.path.CompiledPath -- Evaluating path: $['modifiers']
12:53:40.821 [main] DEBUG com.jayway.jsonpath.internal.path.CompiledPath -- Evaluating path: $
12:53:40.821 [main] DEBUG com.jayway.jsonpath.internal.path.CompiledPath -- Evaluating path: $
12:53:40.821 [main] DEBUG com.jayway.jsonpath.internal.JsonContext -- Put path $ key modifiers value {}
12:53:40.821 [main] DEBUG com.jayway.jsonpath.internal.path.CompiledPath -- Evaluating path: $
12:53:40.821 [main] DEBUG com.jayway.jsonpath.internal.JsonContext -- Put path $ key modifiers value 0
12:53:40.821 [main] DEBUG com.jayway.jsonpath.internal.path.CompiledPath -- Evaluating path: $['type']
12:53:40.821 [main] DEBUG com.jayway.jsonpath.internal.path.CompiledPath -- Evaluating path: $
12:53:40.821 [main] DEBUG com.jayway.jsonpath.internal.path.CompiledPath -- Evaluating path: $
12:53:40.821 [main] DEBUG com.jayway.jsonpath.internal.JsonContext -- Put path $ key type value {}
12:53:40.821 [main] DEBUG com.jayway.jsonpath.internal.path.CompiledPath -- Evaluating path: $
12:53:40.821 [main] DEBUG com.jayway.jsonpath.internal.JsonContext -- Put path $ key type value keyUp
12:53:40.821 [main] DEBUG com.jayway.jsonpath.internal.path.CompiledPath -- Evaluating path: $['text']
12:53:40.821 [main] DEBUG com.jayway.jsonpath.internal.path.CompiledPath -- Evaluating path: $
12:53:40.821 [main] DEBUG com.jayway.jsonpath.internal.path.CompiledPath -- Evaluating path: $
12:53:40.821 [main] DEBUG com.jayway.jsonpath.internal.JsonContext -- Put path $ key text value {}
12:53:40.821 [main] DEBUG com.jayway.jsonpath.internal.path.CompiledPath -- Evaluating path: $
12:53:40.821 [main] DEBUG com.jayway.jsonpath.internal.JsonContext -- Put path $ key text value s
12:53:40.821 [main] DEBUG com.jayway.jsonpath.internal.path.CompiledPath -- Evaluating path: $['windowsVirtualKeyCode']
12:53:40.821 [main] DEBUG com.jayway.jsonpath.internal.path.CompiledPath -- Evaluating path: $
12:53:40.821 [main] DEBUG com.jayway.jsonpath.internal.path.CompiledPath -- Evaluating path: $
12:53:40.821 [main] DEBUG com.jayway.jsonpath.internal.JsonContext -- Put path $ key windowsVirtualKeyCode value {}
12:53:40.821 [main] DEBUG com.jayway.jsonpath.internal.path.CompiledPath -- Evaluating path: $
12:53:40.821 [main] DEBUG com.jayway.jsonpath.internal.JsonContext -- Put path $ key windowsVirtualKeyCode value 115
12:53:40.821 [main] DEBUG com.jayway.jsonpath.internal.path.CompiledPath -- Evaluating path: $
12:53:40.821 [main] DEBUG com.intuit.karate.driver.chrome_1718781812397 -- >> {"id":34,"sessionId":"704140606B946E7BA116F04C7EFCD2CA","method":"Input.dispatchKeyEvent","params":{"modifiers":0,"type":"keyUp","text":"s","windowsVirtualKeyCode":115}}
12:53:40.821 [nioEventLoopGroup-12-1] DEBUG com.intuit.karate.driver.chrome_1718781812397 -- << {"id":34,"result":{},"sessionId":"704140606B946E7BA116F04C7EFCD2CA"}
12:53:40.821 [nioEventLoopGroup-12-1] DEBUG com.jayway.jsonpath.internal.path.CompiledPath -- Evaluating path: $
12:53:40.821 [main] DEBUG com.jayway.jsonpath.internal.path.CompiledPath -- Evaluating path: $['modifiers']
12:53:40.821 [main] DEBUG com.jayway.jsonpath.internal.path.CompiledPath -- Evaluating path: $
12:53:40.821 [main] DEBUG com.jayway.jsonpath.internal.path.CompiledPath -- Evaluating path: $
12:53:40.821 [main] DEBUG com.jayway.jsonpath.internal.JsonContext -- Put path $ key modifiers value {}
12:53:40.821 [main] DEBUG com.jayway.jsonpath.internal.path.CompiledPath -- Evaluating path: $
12:53:40.821 [main] DEBUG com.jayway.jsonpath.internal.JsonContext -- Put path $ key modifiers value 0
12:53:40.821 [main] DEBUG com.jayway.jsonpath.internal.path.CompiledPath -- Evaluating path: $['type']
12:53:40.821 [main] DEBUG com.jayway.jsonpath.internal.path.CompiledPath -- Evaluating path: $
12:53:40.821 [main] DEBUG com.jayway.jsonpath.internal.path.CompiledPath -- Evaluating path: $
12:53:40.821 [main] DEBUG com.jayway.jsonpath.internal.JsonContext -- Put path $ key type value {}
12:53:40.821 [main] DEBUG com.jayway.jsonpath.internal.path.CompiledPath -- Evaluating path: $
12:53:40.821 [main] DEBUG com.jayway.jsonpath.internal.JsonContext -- Put path $ key type value rawKeyDown
12:53:40.821 [main] DEBUG com.jayway.jsonpath.internal.path.CompiledPath -- Evaluating path: $['text']
12:53:40.821 [main] DEBUG com.jayway.jsonpath.internal.path.CompiledPath -- Evaluating path: $
12:53:40.821 [main] DEBUG com.jayway.jsonpath.internal.path.CompiledPath -- Evaluating path: $
12:53:40.821 [main] DEBUG com.jayway.jsonpath.internal.JsonContext -- Put path $ key text value {}
12:53:40.821 [main] DEBUG com.jayway.jsonpath.internal.path.CompiledPath -- Evaluating path: $
12:53:40.821 [main] DEBUG com.jayway.jsonpath.internal.JsonContext -- Put path $ key text value a
12:53:40.821 [main] DEBUG com.jayway.jsonpath.internal.path.CompiledPath -- Evaluating path: $['windowsVirtualKeyCode']
12:53:40.821 [main] DEBUG com.jayway.jsonpath.internal.path.CompiledPath -- Evaluating path: $
12:53:40.821 [main] DEBUG com.jayway.jsonpath.internal.path.CompiledPath -- Evaluating path: $
12:53:40.821 [main] DEBUG com.jayway.jsonpath.internal.JsonContext -- Put path $ key windowsVirtualKeyCode value {}
12:53:40.821 [main] DEBUG com.jayway.jsonpath.internal.path.CompiledPath -- Evaluating path: $
12:53:40.821 [main] DEBUG com.jayway.jsonpath.internal.JsonContext -- Put path $ key windowsVirtualKeyCode value 97
12:53:40.821 [main] DEBUG com.jayway.jsonpath.internal.path.CompiledPath -- Evaluating path: $
12:53:40.821 [main] DEBUG com.intuit.karate.driver.chrome_1718781812397 -- >> {"id":35,"sessionId":"704140606B946E7BA116F04C7EFCD2CA","method":"Input.dispatchKeyEvent","params":{"modifiers":0,"type":"rawKeyDown","text":"a","windowsVirtualKeyCode":97}}
12:53:40.827 [nioEventLoopGroup-12-1] DEBUG com.intuit.karate.driver.chrome_1718781812397 -- << {"id":35,"result":{},"sessionId":"704140606B946E7BA116F04C7EFCD2CA"}
12:53:40.827 [nioEventLoopGroup-12-1] DEBUG com.jayway.jsonpath.internal.path.CompiledPath -- Evaluating path: $
12:53:40.827 [main] DEBUG com.jayway.jsonpath.internal.path.CompiledPath -- Evaluating path: $['modifiers']
12:53:40.827 [main] DEBUG com.jayway.jsonpath.internal.path.CompiledPath -- Evaluating path: $
12:53:40.827 [main] DEBUG com.jayway.jsonpath.internal.path.CompiledPath -- Evaluating path: $
12:53:40.827 [main] DEBUG com.jayway.jsonpath.internal.JsonContext -- Put path $ key modifiers value {}
12:53:40.827 [main] DEBUG com.jayway.jsonpath.internal.path.CompiledPath -- Evaluating path: $
12:53:40.827 [main] DEBUG com.jayway.jsonpath.internal.JsonContext -- Put path $ key modifiers value 0
12:53:40.827 [main] DEBUG com.jayway.jsonpath.internal.path.CompiledPath -- Evaluating path: $['type']
12:53:40.827 [main] DEBUG com.jayway.jsonpath.internal.path.CompiledPath -- Evaluating path: $
12:53:40.827 [main] DEBUG com.jayway.jsonpath.internal.path.CompiledPath -- Evaluating path: $
12:53:40.827 [main] DEBUG com.jayway.jsonpath.internal.JsonContext -- Put path $ key type value {}
12:53:40.827 [main] DEBUG com.jayway.jsonpath.internal.path.CompiledPath -- Evaluating path: $
12:53:40.827 [main] DEBUG com.jayway.jsonpath.internal.JsonContext -- Put path $ key type value char
12:53:40.827 [main] DEBUG com.jayway.jsonpath.internal.path.CompiledPath -- Evaluating path: $['text']
12:53:40.827 [main] DEBUG com.jayway.jsonpath.internal.path.CompiledPath -- Evaluating path: $
12:53:40.827 [main] DEBUG com.jayway.jsonpath.internal.path.CompiledPath -- Evaluating path: $
12:53:40.827 [main] DEBUG com.jayway.jsonpath.internal.JsonContext -- Put path $ key text value {}
12:53:40.827 [main] DEBUG com.jayway.jsonpath.internal.path.CompiledPath -- Evaluating path: $
12:53:40.827 [main] DEBUG com.jayway.jsonpath.internal.JsonContext -- Put path $ key text value a
12:53:40.827 [main] DEBUG com.jayway.jsonpath.internal.path.CompiledPath -- Evaluating path: $['windowsVirtualKeyCode']
12:53:40.827 [main] DEBUG com.jayway.jsonpath.internal.path.CompiledPath -- Evaluating path: $
12:53:40.827 [main] DEBUG com.jayway.jsonpath.internal.path.CompiledPath -- Evaluating path: $
12:53:40.827 [main] DEBUG com.jayway.jsonpath.internal.JsonContext -- Put path $ key windowsVirtualKeyCode value {}
12:53:40.827 [main] DEBUG com.jayway.jsonpath.internal.path.CompiledPath -- Evaluating path: $
12:53:40.827 [main] DEBUG com.jayway.jsonpath.internal.JsonContext -- Put path $ key windowsVirtualKeyCode value 97
12:53:40.827 [main] DEBUG com.jayway.jsonpath.internal.path.CompiledPath -- Evaluating path: $
12:53:40.827 [main] DEBUG com.intuit.karate.driver.chrome_1718781812397 -- >> {"id":36,"sessionId":"704140606B946E7BA116F04C7EFCD2CA","method":"Input.dispatchKeyEvent","params":{"modifiers":0,"type":"char","text":"a","windowsVirtualKeyCode":97}}
12:53:40.829 [nioEventLoopGroup-12-1] DEBUG com.intuit.karate.driver.chrome_1718781812397 -- << {"id":36,"result":{},"sessionId":"704140606B946E7BA116F04C7EFCD2CA"}
12:53:40.829 [nioEventLoopGroup-12-1] DEBUG com.jayway.jsonpath.internal.path.CompiledPath -- Evaluating path: $
12:53:40.829 [main] DEBUG com.jayway.jsonpath.internal.path.CompiledPath -- Evaluating path: $['modifiers']
12:53:40.829 [main] DEBUG com.jayway.jsonpath.internal.path.CompiledPath -- Evaluating path: $
12:53:40.829 [main] DEBUG com.jayway.jsonpath.internal.path.CompiledPath -- Evaluating path: $
12:53:40.829 [main] DEBUG com.jayway.jsonpath.internal.JsonContext -- Put path $ key modifiers value {}
12:53:40.829 [main] DEBUG com.jayway.jsonpath.internal.path.CompiledPath -- Evaluating path: $
12:53:40.829 [main] DEBUG com.jayway.jsonpath.internal.JsonContext -- Put path $ key modifiers value 0
12:53:40.829 [main] DEBUG com.jayway.jsonpath.internal.path.CompiledPath -- Evaluating path: $['type']
12:53:40.829 [main] DEBUG com.jayway.jsonpath.internal.path.CompiledPath -- Evaluating path: $
12:53:40.829 [main] DEBUG com.jayway.jsonpath.internal.path.CompiledPath -- Evaluating path: $
12:53:40.829 [main] DEBUG com.jayway.jsonpath.internal.JsonContext -- Put path $ key type value {}
12:53:40.829 [main] DEBUG com.jayway.jsonpath.internal.path.CompiledPath -- Evaluating path: $
12:53:40.829 [main] DEBUG com.jayway.jsonpath.internal.JsonContext -- Put path $ key type value keyUp
12:53:40.829 [main] DEBUG com.jayway.jsonpath.internal.path.CompiledPath -- Evaluating path: $['text']
12:53:40.829 [main] DEBUG com.jayway.jsonpath.internal.path.CompiledPath -- Evaluating path: $
12:53:40.829 [main] DEBUG com.jayway.jsonpath.internal.path.CompiledPath -- Evaluating path: $
12:53:40.829 [main] DEBUG com.jayway.jsonpath.internal.JsonContext -- Put path $ key text value {}
12:53:40.829 [main] DEBUG com.jayway.jsonpath.internal.path.CompiledPath -- Evaluating path: $
12:53:40.829 [main] DEBUG com.jayway.jsonpath.internal.JsonContext -- Put path $ key text value a
12:53:40.829 [main] DEBUG com.jayway.jsonpath.internal.path.CompiledPath -- Evaluating path: $['windowsVirtualKeyCode']
12:53:40.829 [main] DEBUG com.jayway.jsonpath.internal.path.CompiledPath -- Evaluating path: $
12:53:40.829 [main] DEBUG com.jayway.jsonpath.internal.path.CompiledPath -- Evaluating path: $
12:53:40.829 [main] DEBUG com.jayway.jsonpath.internal.JsonContext -- Put path $ key windowsVirtualKeyCode value {}
12:53:40.829 [main] DEBUG com.jayway.jsonpath.internal.path.CompiledPath -- Evaluating path: $
12:53:40.829 [main] DEBUG com.jayway.jsonpath.internal.JsonContext -- Put path $ key windowsVirtualKeyCode value 97
12:53:40.829 [main] DEBUG com.jayway.jsonpath.internal.path.CompiledPath -- Evaluating path: $
12:53:40.829 [main] DEBUG com.intuit.karate.driver.chrome_1718781812397 -- >> {"id":37,"sessionId":"704140606B946E7BA116F04C7EFCD2CA","method":"Input.dispatchKeyEvent","params":{"modifiers":0,"type":"keyUp","text":"a","windowsVirtualKeyCode":97}}
12:53:40.829 [nioEventLoopGroup-12-1] DEBUG com.intuit.karate.driver.chrome_1718781812397 -- << {"id":37,"result":{},"sessionId":"704140606B946E7BA116F04C7EFCD2CA"}
12:53:40.829 [nioEventLoopGroup-12-1] DEBUG com.jayway.jsonpath.internal.path.CompiledPath -- Evaluating path: $
12:53:40.829 [main] DEBUG com.jayway.jsonpath.internal.path.CompiledPath -- Evaluating path: $['modifiers']
12:53:40.829 [main] DEBUG com.jayway.jsonpath.internal.path.CompiledPath -- Evaluating path: $
12:53:40.829 [main] DEBUG com.jayway.jsonpath.internal.path.CompiledPath -- Evaluating path: $
12:53:40.829 [main] DEBUG com.jayway.jsonpath.internal.JsonContext -- Put path $ key modifiers value {}
12:53:40.829 [main] DEBUG com.jayway.jsonpath.internal.path.CompiledPath -- Evaluating path: $
12:53:40.829 [main] DEBUG com.jayway.jsonpath.internal.JsonContext -- Put path $ key modifiers value 0
12:53:40.829 [main] DEBUG com.jayway.jsonpath.internal.path.CompiledPath -- Evaluating path: $['type']
12:53:40.829 [main] DEBUG com.jayway.jsonpath.internal.path.CompiledPath -- Evaluating path: $
12:53:40.829 [main] DEBUG com.jayway.jsonpath.internal.path.CompiledPath -- Evaluating path: $
12:53:40.829 [main] DEBUG com.jayway.jsonpath.internal.JsonContext -- Put path $ key type value {}
12:53:40.829 [main] DEBUG com.jayway.jsonpath.internal.path.CompiledPath -- Evaluating path: $
12:53:40.829 [main] DEBUG com.jayway.jsonpath.internal.JsonContext -- Put path $ key type value rawKeyDown
12:53:40.829 [main] DEBUG com.jayway.jsonpath.internal.path.CompiledPath -- Evaluating path: $['text']
12:53:40.829 [main] DEBUG com.jayway.jsonpath.internal.path.CompiledPath -- Evaluating path: $
12:53:40.829 [main] DEBUG com.jayway.jsonpath.internal.path.CompiledPath -- Evaluating path: $
12:53:40.829 [main] DEBUG com.jayway.jsonpath.internal.JsonContext -- Put path $ key text value {}
12:53:40.829 [main] DEBUG com.jayway.jsonpath.internal.path.CompiledPath -- Evaluating path: $
12:53:40.829 [main] DEBUG com.jayway.jsonpath.internal.JsonContext -- Put path $ key text value u
12:53:40.829 [main] DEBUG com.jayway.jsonpath.internal.path.CompiledPath -- Evaluating path: $['windowsVirtualKeyCode']
12:53:40.829 [main] DEBUG com.jayway.jsonpath.internal.path.CompiledPath -- Evaluating path: $
12:53:40.829 [main] DEBUG com.jayway.jsonpath.internal.path.CompiledPath -- Evaluating path: $
12:53:40.829 [main] DEBUG com.jayway.jsonpath.internal.JsonContext -- Put path $ key windowsVirtualKeyCode value {}
12:53:40.829 [main] DEBUG com.jayway.jsonpath.internal.path.CompiledPath -- Evaluating path: $
12:53:40.829 [main] DEBUG com.jayway.jsonpath.internal.JsonContext -- Put path $ key windowsVirtualKeyCode value 117
12:53:40.829 [main] DEBUG com.jayway.jsonpath.internal.path.CompiledPath -- Evaluating path: $
12:53:40.829 [main] DEBUG com.intuit.karate.driver.chrome_1718781812397 -- >> {"id":38,"sessionId":"704140606B946E7BA116F04C7EFCD2CA","method":"Input.dispatchKeyEvent","params":{"modifiers":0,"type":"rawKeyDown","text":"u","windowsVirtualKeyCode":117}}
12:53:40.829 [nioEventLoopGroup-12-1] DEBUG com.intuit.karate.driver.chrome_1718781812397 -- << {"id":38,"result":{},"sessionId":"704140606B946E7BA116F04C7EFCD2CA"}
12:53:40.829 [nioEventLoopGroup-12-1] DEBUG com.jayway.jsonpath.internal.path.CompiledPath -- Evaluating path: $
12:53:40.829 [main] DEBUG com.jayway.jsonpath.internal.path.CompiledPath -- Evaluating path: $['modifiers']
12:53:40.829 [main] DEBUG com.jayway.jsonpath.internal.path.CompiledPath -- Evaluating path: $
12:53:40.829 [main] DEBUG com.jayway.jsonpath.internal.path.CompiledPath -- Evaluating path: $
12:53:40.829 [main] DEBUG com.jayway.jsonpath.internal.JsonContext -- Put path $ key modifiers value {}
12:53:40.829 [main] DEBUG com.jayway.jsonpath.internal.path.CompiledPath -- Evaluating path: $
12:53:40.829 [main] DEBUG com.jayway.jsonpath.internal.JsonContext -- Put path $ key modifiers value 0
12:53:40.829 [main] DEBUG com.jayway.jsonpath.internal.path.CompiledPath -- Evaluating path: $['type']
12:53:40.829 [main] DEBUG com.jayway.jsonpath.internal.path.CompiledPath -- Evaluating path: $
12:53:40.829 [main] DEBUG com.jayway.jsonpath.internal.path.CompiledPath -- Evaluating path: $
12:53:40.829 [main] DEBUG com.jayway.jsonpath.internal.JsonContext -- Put path $ key type value {}
12:53:40.829 [main] DEBUG com.jayway.jsonpath.internal.path.CompiledPath -- Evaluating path: $
12:53:40.829 [main] DEBUG com.jayway.jsonpath.internal.JsonContext -- Put path $ key type value char
12:53:40.829 [main] DEBUG com.jayway.jsonpath.internal.path.CompiledPath -- Evaluating path: $['text']
12:53:40.829 [main] DEBUG com.jayway.jsonpath.internal.path.CompiledPath -- Evaluating path: $
12:53:40.829 [main] DEBUG com.jayway.jsonpath.internal.path.CompiledPath -- Evaluating path: $
12:53:40.829 [main] DEBUG com.jayway.jsonpath.internal.JsonContext -- Put path $ key text value {}
12:53:40.829 [main] DEBUG com.jayway.jsonpath.internal.path.CompiledPath -- Evaluating path: $
12:53:40.829 [main] DEBUG com.jayway.jsonpath.internal.JsonContext -- Put path $ key text value u
12:53:40.829 [main] DEBUG com.jayway.jsonpath.internal.path.CompiledPath -- Evaluating path: $['windowsVirtualKeyCode']
12:53:40.829 [main] DEBUG com.jayway.jsonpath.internal.path.CompiledPath -- Evaluating path: $
12:53:40.829 [main] DEBUG com.jayway.jsonpath.internal.path.CompiledPath -- Evaluating path: $
12:53:40.829 [main] DEBUG com.jayway.jsonpath.internal.JsonContext -- Put path $ key windowsVirtualKeyCode value {}
12:53:40.829 [main] DEBUG com.jayway.jsonpath.internal.path.CompiledPath -- Evaluating path: $
12:53:40.829 [main] DEBUG com.jayway.jsonpath.internal.JsonContext -- Put path $ key windowsVirtualKeyCode value 117
12:53:40.829 [main] DEBUG com.jayway.jsonpath.internal.path.CompiledPath -- Evaluating path: $
12:53:40.829 [main] DEBUG com.intuit.karate.driver.chrome_1718781812397 -- >> {"id":39,"sessionId":"704140606B946E7BA116F04C7EFCD2CA","method":"Input.dispatchKeyEvent","params":{"modifiers":0,"type":"char","text":"u","windowsVirtualKeyCode":117}}
12:53:40.829 [nioEventLoopGroup-12-1] DEBUG com.intuit.karate.driver.chrome_1718781812397 -- << {"id":39,"result":{},"sessionId":"704140606B946E7BA116F04C7EFCD2CA"}
12:53:40.829 [nioEventLoopGroup-12-1] DEBUG com.jayway.jsonpath.internal.path.CompiledPath -- Evaluating path: $
12:53:40.829 [main] DEBUG com.jayway.jsonpath.internal.path.CompiledPath -- Evaluating path: $['modifiers']
12:53:40.829 [main] DEBUG com.jayway.jsonpath.internal.path.CompiledPath -- Evaluating path: $
12:53:40.829 [main] DEBUG com.jayway.jsonpath.internal.path.CompiledPath -- Evaluating path: $
12:53:40.829 [main] DEBUG com.jayway.jsonpath.internal.JsonContext -- Put path $ key modifiers value {}
12:53:40.829 [main] DEBUG com.jayway.jsonpath.internal.path.CompiledPath -- Evaluating path: $
12:53:40.829 [main] DEBUG com.jayway.jsonpath.internal.JsonContext -- Put path $ key modifiers value 0
12:53:40.829 [main] DEBUG com.jayway.jsonpath.internal.path.CompiledPath -- Evaluating path: $['type']
12:53:40.829 [main] DEBUG com.jayway.jsonpath.internal.path.CompiledPath -- Evaluating path: $
12:53:40.829 [main] DEBUG com.jayway.jsonpath.internal.path.CompiledPath -- Evaluating path: $
12:53:40.829 [main] DEBUG com.jayway.jsonpath.internal.JsonContext -- Put path $ key type value {}
12:53:40.829 [main] DEBUG com.jayway.jsonpath.internal.path.CompiledPath -- Evaluating path: $
12:53:40.829 [main] DEBUG com.jayway.jsonpath.internal.JsonContext -- Put path $ key type value keyUp
12:53:40.829 [main] DEBUG com.jayway.jsonpath.internal.path.CompiledPath -- Evaluating path: $['text']
12:53:40.829 [main] DEBUG com.jayway.jsonpath.internal.path.CompiledPath -- Evaluating path: $
12:53:40.829 [main] DEBUG com.jayway.jsonpath.internal.path.CompiledPath -- Evaluating path: $
12:53:40.829 [main] DEBUG com.jayway.jsonpath.internal.JsonContext -- Put path $ key text value {}
12:53:40.829 [main] DEBUG com.jayway.jsonpath.internal.path.CompiledPath -- Evaluating path: $
12:53:40.829 [main] DEBUG com.jayway.jsonpath.internal.JsonContext -- Put path $ key text value u
12:53:40.829 [main] DEBUG com.jayway.jsonpath.internal.path.CompiledPath -- Evaluating path: $['windowsVirtualKeyCode']
12:53:40.829 [main] DEBUG com.jayway.jsonpath.internal.path.CompiledPath -- Evaluating path: $
12:53:40.829 [main] DEBUG com.jayway.jsonpath.internal.path.CompiledPath -- Evaluating path: $
12:53:40.829 [main] DEBUG com.jayway.jsonpath.internal.JsonContext -- Put path $ key windowsVirtualKeyCode value {}
12:53:40.829 [main] DEBUG com.jayway.jsonpath.internal.path.CompiledPath -- Evaluating path: $
12:53:40.829 [main] DEBUG com.jayway.jsonpath.internal.JsonContext -- Put path $ key windowsVirtualKeyCode value 117
12:53:40.829 [main] DEBUG com.jayway.jsonpath.internal.path.CompiledPath -- Evaluating path: $
12:53:40.829 [main] DEBUG com.intuit.karate.driver.chrome_1718781812397 -- >> {"id":40,"sessionId":"704140606B946E7BA116F04C7EFCD2CA","method":"Input.dispatchKeyEvent","params":{"modifiers":0,"type":"keyUp","text":"u","windowsVirtualKeyCode":117}}
12:53:40.829 [nioEventLoopGroup-12-1] DEBUG com.intuit.karate.driver.chrome_1718781812397 -- << {"id":40,"result":{},"sessionId":"704140606B946E7BA116F04C7EFCD2CA"}
12:53:40.829 [nioEventLoopGroup-12-1] DEBUG com.jayway.jsonpath.internal.path.CompiledPath -- Evaluating path: $
12:53:40.829 [main] DEBUG com.jayway.jsonpath.internal.path.CompiledPath -- Evaluating path: $['modifiers']
12:53:40.829 [main] DEBUG com.jayway.jsonpath.internal.path.CompiledPath -- Evaluating path: $
12:53:40.829 [main] DEBUG com.jayway.jsonpath.internal.path.CompiledPath -- Evaluating path: $
12:53:40.829 [main] DEBUG com.jayway.jsonpath.internal.JsonContext -- Put path $ key modifiers value {}
12:53:40.829 [main] DEBUG com.jayway.jsonpath.internal.path.CompiledPath -- Evaluating path: $
12:53:40.829 [main] DEBUG com.jayway.jsonpath.internal.JsonContext -- Put path $ key modifiers value 0
12:53:40.829 [main] DEBUG com.jayway.jsonpath.internal.path.CompiledPath -- Evaluating path: $['type']
12:53:40.829 [main] DEBUG com.jayway.jsonpath.internal.path.CompiledPath -- Evaluating path: $
12:53:40.829 [main] DEBUG com.jayway.jsonpath.internal.path.CompiledPath -- Evaluating path: $
12:53:40.829 [main] DEBUG com.jayway.jsonpath.internal.JsonContext -- Put path $ key type value {}
12:53:40.829 [main] DEBUG com.jayway.jsonpath.internal.path.CompiledPath -- Evaluating path: $
12:53:40.829 [main] DEBUG com.jayway.jsonpath.internal.JsonContext -- Put path $ key type value rawKeyDown
12:53:40.829 [main] DEBUG com.jayway.jsonpath.internal.path.CompiledPath -- Evaluating path: $['text']
12:53:40.829 [main] DEBUG com.jayway.jsonpath.internal.path.CompiledPath -- Evaluating path: $
12:53:40.829 [main] DEBUG com.jayway.jsonpath.internal.path.CompiledPath -- Evaluating path: $
12:53:40.829 [main] DEBUG com.jayway.jsonpath.internal.JsonContext -- Put path $ key text value {}
12:53:40.829 [main] DEBUG com.jayway.jsonpath.internal.path.CompiledPath -- Evaluating path: $
12:53:40.829 [main] DEBUG com.jayway.jsonpath.internal.JsonContext -- Put path $ key text value c
12:53:40.829 [main] DEBUG com.jayway.jsonpath.internal.path.CompiledPath -- Evaluating path: $['windowsVirtualKeyCode']
12:53:40.829 [main] DEBUG com.jayway.jsonpath.internal.path.CompiledPath -- Evaluating path: $
12:53:40.829 [main] DEBUG com.jayway.jsonpath.internal.path.CompiledPath -- Evaluating path: $
12:53:40.829 [main] DEBUG com.jayway.jsonpath.internal.JsonContext -- Put path $ key windowsVirtualKeyCode value {}
12:53:40.829 [main] DEBUG com.jayway.jsonpath.internal.path.CompiledPath -- Evaluating path: $
12:53:40.829 [main] DEBUG com.jayway.jsonpath.internal.JsonContext -- Put path $ key windowsVirtualKeyCode value 99
12:53:40.829 [main] DEBUG com.jayway.jsonpath.internal.path.CompiledPath -- Evaluating path: $
12:53:40.829 [main] DEBUG com.intuit.karate.driver.chrome_1718781812397 -- >> {"id":41,"sessionId":"704140606B946E7BA116F04C7EFCD2CA","method":"Input.dispatchKeyEvent","params":{"modifiers":0,"type":"rawKeyDown","text":"c","windowsVirtualKeyCode":99}}
12:53:40.829 [nioEventLoopGroup-12-1] DEBUG com.intuit.karate.driver.chrome_1718781812397 -- << {"id":41,"result":{},"sessionId":"704140606B946E7BA116F04C7EFCD2CA"}
12:53:40.829 [nioEventLoopGroup-12-1] DEBUG com.jayway.jsonpath.internal.path.CompiledPath -- Evaluating path: $
12:53:40.829 [main] DEBUG com.jayway.jsonpath.internal.path.CompiledPath -- Evaluating path: $['modifiers']
12:53:40.829 [main] DEBUG com.jayway.jsonpath.internal.path.CompiledPath -- Evaluating path: $
12:53:40.829 [main] DEBUG com.jayway.jsonpath.internal.path.CompiledPath -- Evaluating path: $
12:53:40.829 [main] DEBUG com.jayway.jsonpath.internal.JsonContext -- Put path $ key modifiers value {}
12:53:40.829 [main] DEBUG com.jayway.jsonpath.internal.path.CompiledPath -- Evaluating path: $
12:53:40.829 [main] DEBUG com.jayway.jsonpath.internal.JsonContext -- Put path $ key modifiers value 0
12:53:40.829 [main] DEBUG com.jayway.jsonpath.internal.path.CompiledPath -- Evaluating path: $['type']
12:53:40.829 [main] DEBUG com.jayway.jsonpath.internal.path.CompiledPath -- Evaluating path: $
12:53:40.829 [main] DEBUG com.jayway.jsonpath.internal.path.CompiledPath -- Evaluating path: $
12:53:40.829 [main] DEBUG com.jayway.jsonpath.internal.JsonContext -- Put path $ key type value {}
12:53:40.829 [main] DEBUG com.jayway.jsonpath.internal.path.CompiledPath -- Evaluating path: $
12:53:40.829 [main] DEBUG com.jayway.jsonpath.internal.JsonContext -- Put path $ key type value char
12:53:40.829 [main] DEBUG com.jayway.jsonpath.internal.path.CompiledPath -- Evaluating path: $['text']
12:53:40.829 [main] DEBUG com.jayway.jsonpath.internal.path.CompiledPath -- Evaluating path: $
12:53:40.829 [main] DEBUG com.jayway.jsonpath.internal.path.CompiledPath -- Evaluating path: $
12:53:40.829 [main] DEBUG com.jayway.jsonpath.internal.JsonContext -- Put path $ key text value {}
12:53:40.829 [main] DEBUG com.jayway.jsonpath.internal.path.CompiledPath -- Evaluating path: $
12:53:40.829 [main] DEBUG com.jayway.jsonpath.internal.JsonContext -- Put path $ key text value c
12:53:40.829 [main] DEBUG com.jayway.jsonpath.internal.path.CompiledPath -- Evaluating path: $['windowsVirtualKeyCode']
12:53:40.829 [main] DEBUG com.jayway.jsonpath.internal.path.CompiledPath -- Evaluating path: $
12:53:40.829 [main] DEBUG com.jayway.jsonpath.internal.path.CompiledPath -- Evaluating path: $
12:53:40.829 [main] DEBUG com.jayway.jsonpath.internal.JsonContext -- Put path $ key windowsVirtualKeyCode value {}
12:53:40.829 [main] DEBUG com.jayway.jsonpath.internal.path.CompiledPath -- Evaluating path: $
12:53:40.829 [main] DEBUG com.jayway.jsonpath.internal.JsonContext -- Put path $ key windowsVirtualKeyCode value 99
12:53:40.829 [main] DEBUG com.jayway.jsonpath.internal.path.CompiledPath -- Evaluating path: $
12:53:40.829 [main] DEBUG com.intuit.karate.driver.chrome_1718781812397 -- >> {"id":42,"sessionId":"704140606B946E7BA116F04C7EFCD2CA","method":"Input.dispatchKeyEvent","params":{"modifiers":0,"type":"char","text":"c","windowsVirtualKeyCode":99}}
12:53:40.844 [nioEventLoopGroup-12-1] DEBUG com.intuit.karate.driver.chrome_1718781812397 -- << {"id":42,"result":{},"sessionId":"704140606B946E7BA116F04C7EFCD2CA"}
12:53:40.844 [nioEventLoopGroup-12-1] DEBUG com.jayway.jsonpath.internal.path.CompiledPath -- Evaluating path: $
12:53:40.844 [main] DEBUG com.jayway.jsonpath.internal.path.CompiledPath -- Evaluating path: $['modifiers']
12:53:40.844 [main] DEBUG com.jayway.jsonpath.internal.path.CompiledPath -- Evaluating path: $
12:53:40.844 [main] DEBUG com.jayway.jsonpath.internal.path.CompiledPath -- Evaluating path: $
12:53:40.844 [main] DEBUG com.jayway.jsonpath.internal.JsonContext -- Put path $ key modifiers value {}
12:53:40.844 [main] DEBUG com.jayway.jsonpath.internal.path.CompiledPath -- Evaluating path: $
12:53:40.844 [main] DEBUG com.jayway.jsonpath.internal.JsonContext -- Put path $ key modifiers value 0
12:53:40.844 [main] DEBUG com.jayway.jsonpath.internal.path.CompiledPath -- Evaluating path: $['type']
12:53:40.844 [main] DEBUG com.jayway.jsonpath.internal.path.CompiledPath -- Evaluating path: $
12:53:40.844 [main] DEBUG com.jayway.jsonpath.internal.path.CompiledPath -- Evaluating path: $
12:53:40.844 [main] DEBUG com.jayway.jsonpath.internal.JsonContext -- Put path $ key type value {}
12:53:40.844 [main] DEBUG com.jayway.jsonpath.internal.path.CompiledPath -- Evaluating path: $
12:53:40.844 [main] DEBUG com.jayway.jsonpath.internal.JsonContext -- Put path $ key type value keyUp
12:53:40.844 [main] DEBUG com.jayway.jsonpath.internal.path.CompiledPath -- Evaluating path: $['text']
12:53:40.844 [main] DEBUG com.jayway.jsonpath.internal.path.CompiledPath -- Evaluating path: $
12:53:40.844 [main] DEBUG com.jayway.jsonpath.internal.path.CompiledPath -- Evaluating path: $
12:53:40.844 [main] DEBUG com.jayway.jsonpath.internal.JsonContext -- Put path $ key text value {}
12:53:40.844 [main] DEBUG com.jayway.jsonpath.internal.path.CompiledPath -- Evaluating path: $
12:53:40.844 [main] DEBUG com.jayway.jsonpath.internal.JsonContext -- Put path $ key text value c
12:53:40.844 [main] DEBUG com.jayway.jsonpath.internal.path.CompiledPath -- Evaluating path: $['windowsVirtualKeyCode']
12:53:40.844 [main] DEBUG com.jayway.jsonpath.internal.path.CompiledPath -- Evaluating path: $
12:53:40.844 [main] DEBUG com.jayway.jsonpath.internal.path.CompiledPath -- Evaluating path: $
12:53:40.844 [main] DEBUG com.jayway.jsonpath.internal.JsonContext -- Put path $ key windowsVirtualKeyCode value {}
12:53:40.844 [main] DEBUG com.jayway.jsonpath.internal.path.CompiledPath -- Evaluating path: $
12:53:40.844 [main] DEBUG com.jayway.jsonpath.internal.JsonContext -- Put path $ key windowsVirtualKeyCode value 99
12:53:40.844 [main] DEBUG com.jayway.jsonpath.internal.path.CompiledPath -- Evaluating path: $
12:53:40.844 [main] DEBUG com.intuit.karate.driver.chrome_1718781812397 -- >> {"id":43,"sessionId":"704140606B946E7BA116F04C7EFCD2CA","method":"Input.dispatchKeyEvent","params":{"modifiers":0,"type":"keyUp","text":"c","windowsVirtualKeyCode":99}}
12:53:40.847 [nioEventLoopGroup-12-1] DEBUG com.intuit.karate.driver.chrome_1718781812397 -- << {"id":43,"result":{},"sessionId":"704140606B946E7BA116F04C7EFCD2CA"}
12:53:40.847 [nioEventLoopGroup-12-1] DEBUG com.jayway.jsonpath.internal.path.CompiledPath -- Evaluating path: $
12:53:40.847 [main] DEBUG com.jayway.jsonpath.internal.path.CompiledPath -- Evaluating path: $['modifiers']
12:53:40.847 [main] DEBUG com.jayway.jsonpath.internal.path.CompiledPath -- Evaluating path: $
12:53:40.847 [main] DEBUG com.jayway.jsonpath.internal.path.CompiledPath -- Evaluating path: $
12:53:40.847 [main] DEBUG com.jayway.jsonpath.internal.JsonContext -- Put path $ key modifiers value {}
12:53:40.847 [main] DEBUG com.jayway.jsonpath.internal.path.CompiledPath -- Evaluating path: $
12:53:40.847 [main] DEBUG com.jayway.jsonpath.internal.JsonContext -- Put path $ key modifiers value 0
12:53:40.847 [main] DEBUG com.jayway.jsonpath.internal.path.CompiledPath -- Evaluating path: $['type']
12:53:40.847 [main] DEBUG com.jayway.jsonpath.internal.path.CompiledPath -- Evaluating path: $
12:53:40.847 [main] DEBUG com.jayway.jsonpath.internal.path.CompiledPath -- Evaluating path: $
12:53:40.847 [main] DEBUG com.jayway.jsonpath.internal.JsonContext -- Put path $ key type value {}
12:53:40.847 [main] DEBUG com.jayway.jsonpath.internal.path.CompiledPath -- Evaluating path: $
12:53:40.847 [main] DEBUG com.jayway.jsonpath.internal.JsonContext -- Put path $ key type value rawKeyDown
12:53:40.847 [main] DEBUG com.jayway.jsonpath.internal.path.CompiledPath -- Evaluating path: $['text']
12:53:40.847 [main] DEBUG com.jayway.jsonpath.internal.path.CompiledPath -- Evaluating path: $
12:53:40.847 [main] DEBUG com.jayway.jsonpath.internal.path.CompiledPath -- Evaluating path: $
12:53:40.847 [main] DEBUG com.jayway.jsonpath.internal.JsonContext -- Put path $ key text value {}
12:53:40.847 [main] DEBUG com.jayway.jsonpath.internal.path.CompiledPath -- Evaluating path: $
12:53:40.847 [main] DEBUG com.jayway.jsonpath.internal.JsonContext -- Put path $ key text value e
12:53:40.847 [main] DEBUG com.jayway.jsonpath.internal.path.CompiledPath -- Evaluating path: $['windowsVirtualKeyCode']
12:53:40.847 [main] DEBUG com.jayway.jsonpath.internal.path.CompiledPath -- Evaluating path: $
12:53:40.847 [main] DEBUG com.jayway.jsonpath.internal.path.CompiledPath -- Evaluating path: $
12:53:40.847 [main] DEBUG com.jayway.jsonpath.internal.JsonContext -- Put path $ key windowsVirtualKeyCode value {}
12:53:40.847 [main] DEBUG com.jayway.jsonpath.internal.path.CompiledPath -- Evaluating path: $
12:53:40.847 [main] DEBUG com.jayway.jsonpath.internal.JsonContext -- Put path $ key windowsVirtualKeyCode value 101
12:53:40.847 [main] DEBUG com.jayway.jsonpath.internal.path.CompiledPath -- Evaluating path: $
12:53:40.847 [main] DEBUG com.intuit.karate.driver.chrome_1718781812397 -- >> {"id":44,"sessionId":"704140606B946E7BA116F04C7EFCD2CA","method":"Input.dispatchKeyEvent","params":{"modifiers":0,"type":"rawKeyDown","text":"e","windowsVirtualKeyCode":101}}
12:53:40.847 [nioEventLoopGroup-12-1] DEBUG com.intuit.karate.driver.chrome_1718781812397 -- << {"id":44,"result":{},"sessionId":"704140606B946E7BA116F04C7EFCD2CA"}
12:53:40.847 [nioEventLoopGroup-12-1] DEBUG com.jayway.jsonpath.internal.path.CompiledPath -- Evaluating path: $
12:53:40.847 [main] DEBUG com.jayway.jsonpath.internal.path.CompiledPath -- Evaluating path: $['modifiers']
12:53:40.847 [main] DEBUG com.jayway.jsonpath.internal.path.CompiledPath -- Evaluating path: $
12:53:40.847 [main] DEBUG com.jayway.jsonpath.internal.path.CompiledPath -- Evaluating path: $
12:53:40.847 [main] DEBUG com.jayway.jsonpath.internal.JsonContext -- Put path $ key modifiers value {}
12:53:40.847 [main] DEBUG com.jayway.jsonpath.internal.path.CompiledPath -- Evaluating path: $
12:53:40.847 [main] DEBUG com.jayway.jsonpath.internal.JsonContext -- Put path $ key modifiers value 0
12:53:40.847 [main] DEBUG com.jayway.jsonpath.internal.path.CompiledPath -- Evaluating path: $['type']
12:53:40.847 [main] DEBUG com.jayway.jsonpath.internal.path.CompiledPath -- Evaluating path: $
12:53:40.847 [main] DEBUG com.jayway.jsonpath.internal.path.CompiledPath -- Evaluating path: $
12:53:40.847 [main] DEBUG com.jayway.jsonpath.internal.JsonContext -- Put path $ key type value {}
12:53:40.847 [main] DEBUG com.jayway.jsonpath.internal.path.CompiledPath -- Evaluating path: $
12:53:40.847 [main] DEBUG com.jayway.jsonpath.internal.JsonContext -- Put path $ key type value char
12:53:40.847 [main] DEBUG com.jayway.jsonpath.internal.path.CompiledPath -- Evaluating path: $['text']
12:53:40.847 [main] DEBUG com.jayway.jsonpath.internal.path.CompiledPath -- Evaluating path: $
12:53:40.847 [main] DEBUG com.jayway.jsonpath.internal.path.CompiledPath -- Evaluating path: $
12:53:40.847 [main] DEBUG com.jayway.jsonpath.internal.JsonContext -- Put path $ key text value {}
12:53:40.847 [main] DEBUG com.jayway.jsonpath.internal.path.CompiledPath -- Evaluating path: $
12:53:40.847 [main] DEBUG com.jayway.jsonpath.internal.JsonContext -- Put path $ key text value e
12:53:40.847 [main] DEBUG com.jayway.jsonpath.internal.path.CompiledPath -- Evaluating path: $['windowsVirtualKeyCode']
12:53:40.847 [main] DEBUG com.jayway.jsonpath.internal.path.CompiledPath -- Evaluating path: $
12:53:40.847 [main] DEBUG com.jayway.jsonpath.internal.path.CompiledPath -- Evaluating path: $
12:53:40.847 [main] DEBUG com.jayway.jsonpath.internal.JsonContext -- Put path $ key windowsVirtualKeyCode value {}
12:53:40.847 [main] DEBUG com.jayway.jsonpath.internal.path.CompiledPath -- Evaluating path: $
12:53:40.847 [main] DEBUG com.jayway.jsonpath.internal.JsonContext -- Put path $ key windowsVirtualKeyCode value 101
12:53:40.847 [main] DEBUG com.jayway.jsonpath.internal.path.CompiledPath -- Evaluating path: $
12:53:40.847 [main] DEBUG com.intuit.karate.driver.chrome_1718781812397 -- >> {"id":45,"sessionId":"704140606B946E7BA116F04C7EFCD2CA","method":"Input.dispatchKeyEvent","params":{"modifiers":0,"type":"char","text":"e","windowsVirtualKeyCode":101}}
12:53:40.847 [nioEventLoopGroup-12-1] DEBUG com.intuit.karate.driver.chrome_1718781812397 -- << {"id":45,"result":{},"sessionId":"704140606B946E7BA116F04C7EFCD2CA"}
12:53:40.847 [nioEventLoopGroup-12-1] DEBUG com.jayway.jsonpath.internal.path.CompiledPath -- Evaluating path: $
12:53:40.847 [main] DEBUG com.jayway.jsonpath.internal.path.CompiledPath -- Evaluating path: $['modifiers']
12:53:40.847 [main] DEBUG com.jayway.jsonpath.internal.path.CompiledPath -- Evaluating path: $
12:53:40.847 [main] DEBUG com.jayway.jsonpath.internal.path.CompiledPath -- Evaluating path: $
12:53:40.847 [main] DEBUG com.jayway.jsonpath.internal.JsonContext -- Put path $ key modifiers value {}
12:53:40.847 [main] DEBUG com.jayway.jsonpath.internal.path.CompiledPath -- Evaluating path: $
12:53:40.847 [main] DEBUG com.jayway.jsonpath.internal.JsonContext -- Put path $ key modifiers value 0
12:53:40.847 [main] DEBUG com.jayway.jsonpath.internal.path.CompiledPath -- Evaluating path: $['type']
12:53:40.847 [main] DEBUG com.jayway.jsonpath.internal.path.CompiledPath -- Evaluating path: $
12:53:40.847 [main] DEBUG com.jayway.jsonpath.internal.path.CompiledPath -- Evaluating path: $
12:53:40.847 [main] DEBUG com.jayway.jsonpath.internal.JsonContext -- Put path $ key type value {}
12:53:40.847 [main] DEBUG com.jayway.jsonpath.internal.path.CompiledPath -- Evaluating path: $
12:53:40.847 [main] DEBUG com.jayway.jsonpath.internal.JsonContext -- Put path $ key type value keyUp
12:53:40.847 [main] DEBUG com.jayway.jsonpath.internal.path.CompiledPath -- Evaluating path: $['text']
12:53:40.847 [main] DEBUG com.jayway.jsonpath.internal.path.CompiledPath -- Evaluating path: $
12:53:40.847 [main] DEBUG com.jayway.jsonpath.internal.path.CompiledPath -- Evaluating path: $
12:53:40.847 [main] DEBUG com.jayway.jsonpath.internal.JsonContext -- Put path $ key text value {}
12:53:40.847 [main] DEBUG com.jayway.jsonpath.internal.path.CompiledPath -- Evaluating path: $
12:53:40.847 [main] DEBUG com.jayway.jsonpath.internal.JsonContext -- Put path $ key text value e
12:53:40.847 [main] DEBUG com.jayway.jsonpath.internal.path.CompiledPath -- Evaluating path: $['windowsVirtualKeyCode']
12:53:40.847 [main] DEBUG com.jayway.jsonpath.internal.path.CompiledPath -- Evaluating path: $
12:53:40.847 [main] DEBUG com.jayway.jsonpath.internal.path.CompiledPath -- Evaluating path: $
12:53:40.847 [main] DEBUG com.jayway.jsonpath.internal.JsonContext -- Put path $ key windowsVirtualKeyCode value {}
12:53:40.847 [main] DEBUG com.jayway.jsonpath.internal.path.CompiledPath -- Evaluating path: $
12:53:40.847 [main] DEBUG com.jayway.jsonpath.internal.JsonContext -- Put path $ key windowsVirtualKeyCode value 101
12:53:40.847 [main] DEBUG com.jayway.jsonpath.internal.path.CompiledPath -- Evaluating path: $
12:53:40.847 [main] DEBUG com.intuit.karate.driver.chrome_1718781812397 -- >> {"id":46,"sessionId":"704140606B946E7BA116F04C7EFCD2CA","method":"Input.dispatchKeyEvent","params":{"modifiers":0,"type":"keyUp","text":"e","windowsVirtualKeyCode":101}}
12:53:40.847 [nioEventLoopGroup-12-1] DEBUG com.intuit.karate.driver.chrome_1718781812397 -- << {"id":46,"result":{},"sessionId":"704140606B946E7BA116F04C7EFCD2CA"}
12:53:40.847 [nioEventLoopGroup-12-1] DEBUG com.jayway.jsonpath.internal.path.CompiledPath -- Evaluating path: $
12:53:42.644 [nioEventLoopGroup-12-1] DEBUG com.intuit.karate.driver.chrome_1718781812397 -- << {"method":"Target.targetCreated","params":{"targetInfo":{"targetId":"114F7BB3BC10ECB8D6CBD2153E682BD2","type":"app","title":"Chrome Web Store Payments","url":"","attached":false,"canAccessOpener":false,"browserContextId":"AC770F98B17A3CF3C942A446A8BD7DD3"}},"sessionId":"704140606B946E7BA116F04C7EFCD2CA"}
12:53:42.644 [nioEventLoopGroup-12-1] DEBUG com.jayway.jsonpath.internal.path.CompiledPath -- Evaluating path: $
12:53:42.751 [nioEventLoopGroup-12-1] DEBUG com.intuit.karate.driver.chrome_1718781812397 -- << {"method":"Target.targetInfoChanged","params":{"targetInfo":{"targetId":"114F7BB3BC10ECB8D6CBD2153E682BD2","type":"background_page","title":"Chrome Web Store Payments","url":"chrome-extension://nmmhkkegccagdldgiimedpiccmgmieda/_generated_background_page.html","attached":false,"canAccessOpener":false,"browserContextId":"AC770F98B17A3CF3C942A446A8BD7DD3"}},"sessionId":"704140606B946E7BA116F04C7EFCD2CA"}
12:53:42.751 [nioEventLoopGroup-12-1] DEBUG com.jayway.jsonpath.internal.path.CompiledPath -- Evaluating path: $
12:53:42.751 [nioEventLoopGroup-12-1] DEBUG com.jayway.jsonpath.internal.path.CompiledPath -- Evaluating path: $['targetInfo']['targetId']
12:53:43.577 [nioEventLoopGroup-12-1] DEBUG com.intuit.karate.driver.chrome_1718781812397 -- << {"method":"Target.targetCreated","params":{"targetInfo":{"targetId":"A528A546C2DCBDB543F00A402C792FC2","type":"service_worker","title":"Service Worker chrome-extension://ghbmnnjooekpmoecnnnilnnbdlolhkhi/service_worker_bin_prod.js","url":"chrome-extension://ghbmnnjooekpmoecnnnilnnbdlolhkhi/service_worker_bin_prod.js","attached":false,"canAccessOpener":false,"browserContextId":"AC770F98B17A3CF3C942A446A8BD7DD3"}},"sessionId":"704140606B946E7BA116F04C7EFCD2CA"}
12:53:43.577 [nioEventLoopGroup-12-1] DEBUG com.jayway.jsonpath.internal.path.CompiledPath -- Evaluating path: $
12:53:43.863 [main] DEBUG com.jayway.jsonpath.internal.path.CompiledPath -- Evaluating path: $['expression']
12:53:43.863 [main] DEBUG com.jayway.jsonpath.internal.path.CompiledPath -- Evaluating path: $
12:53:43.863 [main] DEBUG com.jayway.jsonpath.internal.path.CompiledPath -- Evaluating path: $
12:53:43.863 [main] DEBUG com.jayway.jsonpath.internal.JsonContext -- Put path $ key expression value {}
12:53:43.863 [main] DEBUG com.jayway.jsonpath.internal.path.CompiledPath -- Evaluating path: $
12:53:43.863 [main] DEBUG com.jayway.jsonpath.internal.JsonContext -- Put path $ key expression value document.evaluate("//*[@id='login-button']", document, null, 9, null).singleNodeValue.click()
12:53:43.863 [main] DEBUG com.jayway.jsonpath.internal.path.CompiledPath -- Evaluating path: $['returnByValue']
12:53:43.863 [main] DEBUG com.jayway.jsonpath.internal.path.CompiledPath -- Evaluating path: $
12:53:43.863 [main] DEBUG com.jayway.jsonpath.internal.path.CompiledPath -- Evaluating path: $
12:53:43.863 [main] DEBUG com.jayway.jsonpath.internal.JsonContext -- Put path $ key returnByValue value {}
12:53:43.863 [main] DEBUG com.jayway.jsonpath.internal.path.CompiledPath -- Evaluating path: $
12:53:43.863 [main] DEBUG com.jayway.jsonpath.internal.JsonContext -- Put path $ key returnByValue value true
12:53:43.863 [main] DEBUG com.jayway.jsonpath.internal.path.CompiledPath -- Evaluating path: $
12:53:43.863 [main] DEBUG com.intuit.karate.driver.chrome_1718781812397 -- >> {"id":47,"sessionId":"704140606B946E7BA116F04C7EFCD2CA","method":"Runtime.evaluate","params":{"expression":"document.evaluate(\"\/\/*[@id='login-button']\", document, null, 9, null).singleNodeValue.click()","returnByValue":true}}
12:53:43.874 [nioEventLoopGroup-12-1] DEBUG com.intuit.karate.driver.chrome_1718781812397 -- << {"id":47,"result":{"result":{"type":"undefined"}},"sessionId":"704140606B946E7BA116F04C7EFCD2CA"}
12:53:43.874 [nioEventLoopGroup-12-1] DEBUG com.jayway.jsonpath.internal.path.CompiledPath -- Evaluating path: $
12:53:46.877 [main] DEBUG com.jayway.jsonpath.internal.path.CompiledPath -- Evaluating path: $['expression']
12:53:46.877 [main] DEBUG com.jayway.jsonpath.internal.path.CompiledPath -- Evaluating path: $
12:53:46.877 [main] DEBUG com.jayway.jsonpath.internal.path.CompiledPath -- Evaluating path: $
12:53:46.877 [main] DEBUG com.jayway.jsonpath.internal.JsonContext -- Put path $ key expression value {}
12:53:46.877 [main] DEBUG com.jayway.jsonpath.internal.path.CompiledPath -- Evaluating path: $
12:53:46.877 [main] DEBUG com.jayway.jsonpath.internal.JsonContext -- Put path $ key expression value document.evaluate("//*[@id='login_button_container']/div/form/div[3]", document, null, 9, null).singleNodeValue['textContent']
12:53:46.877 [main] DEBUG com.jayway.jsonpath.internal.path.CompiledPath -- Evaluating path: $['returnByValue']
12:53:46.877 [main] DEBUG com.jayway.jsonpath.internal.path.CompiledPath -- Evaluating path: $
12:53:46.877 [main] DEBUG com.jayway.jsonpath.internal.path.CompiledPath -- Evaluating path: $
12:53:46.877 [main] DEBUG com.jayway.jsonpath.internal.JsonContext -- Put path $ key returnByValue value {}
12:53:46.877 [main] DEBUG com.jayway.jsonpath.internal.path.CompiledPath -- Evaluating path: $
12:53:46.877 [main] DEBUG com.jayway.jsonpath.internal.JsonContext -- Put path $ key returnByValue value true
12:53:46.877 [main] DEBUG com.jayway.jsonpath.internal.path.CompiledPath -- Evaluating path: $
12:53:46.877 [main] DEBUG com.intuit.karate.driver.chrome_1718781812397 -- >> {"id":48,"sessionId":"704140606B946E7BA116F04C7EFCD2CA","method":"Runtime.evaluate","params":{"expression":"document.evaluate(\"\/\/*[@id='login_button_container']\/div\/form\/div[3]\", document, null, 9, null).singleNodeValue['textContent']","returnByValue":true}}
12:53:46.878 [nioEventLoopGroup-12-1] DEBUG com.intuit.karate.driver.chrome_1718781812397 -- << {"id":48,"result":{"result":{"type":"string","value":"Epic sadface: Username is required"}},"sessionId":"704140606B946E7BA116F04C7EFCD2CA"}
12:53:46.878 [nioEventLoopGroup-12-1] DEBUG com.jayway.jsonpath.internal.path.CompiledPath -- Evaluating path: $
12:53:49.183 [chrome_1718781812397-out] DEBUG com.intuit.karate.driver.chrome_1718781812397 -- Created TensorFlow Lite XNNPACK delegate for CPU.
12:53:49.393 [nioEventLoopGroup-12-1] DEBUG com.intuit.karate.driver.chrome_1718781812397 -- << {"method":"Target.targetDestroyed","params":{"targetId":"716E75656A88110F3F78C395DA7EA174"},"sessionId":"704140606B946E7BA116F04C7EFCD2CA"}
12:53:49.393 [nioEventLoopGroup-12-1] DEBUG com.jayway.jsonpath.internal.path.CompiledPath -- Evaluating path: $
12:53:49.915 [main] ERROR com.intuit.karate -- classpath:UI_Automation_Project/login/login.feature:81
* delay(3000)*
js failed:
>>>>
01: delay(3000)*
<<<<
org.graalvm.polyglot.PolyglotException: SyntaxError: Unnamed:1:12 Expected an operand but found eof
delay(3000)*
            ^

- org.graalvm.polyglot.Context.eval(Context.java:425)
- com.intuit.karate.graal.JsEngine.evalForValue(JsEngine.java:169)
- com.intuit.karate.graal.JsEngine.eval(JsEngine.java:165)
- com.intuit.karate.core.ScenarioEngine.evalJs(ScenarioEngine.java:1286)
- com.intuit.karate.ScenarioActions.eval(ScenarioActions.java:372)
- jdk.internal.reflect.GeneratedMethodAccessor14.invoke(Unknown Source)
- java.base/jdk.internal.reflect.DelegatingMethodAccessorImpl.invoke(DelegatingMethodAccessorImpl.java:43)

classpath:UI_Automation_Project/login/login.feature:81
12:53:49.915 [main] DEBUG com.intuit.karate.driver.chrome_1718781812397 -- >> {"id":49,"sessionId":"704140606B946E7BA116F04C7EFCD2CA","method":"Page.captureScreenshot"}
12:53:49.927 [nioEventLoopGroup-12-1] DEBUG com.intuit.karate.driver.chrome_1718781812397 -- << {"method":"Target.targetDestroyed","params":{"targetId":"FB2D5D36B4B1798240F0066EF814CC17"},"sessionId":"704140606B946E7BA116F04C7EFCD2CA"}
12:53:49.927 [nioEventLoopGroup-12-1] DEBUG com.jayway.jsonpath.internal.path.CompiledPath -- Evaluating path: $
12:53:50.000 [nioEventLoopGroup-12-1] DEBUG com.intuit.karate.driver.chrome_1718781812397 -- << {"id":49,"result":{"data":"iVBORw0KGgoAAAANSUhEUgAABhIAAANFCAIAAAARevGRAAAAAXNSR0IArs4c6QAAIABJREFUeJzs3X1812W9P/D3GOMLE4boIDqApoNEnAniObgfKoanUIPMUE7eRoVZKnkT5V1HkkKzlKN5F4mEqFEo3uEdZagZB+mo4JGA1OmRzUIYIgMH29j2++M7xhifwZCbDXg+H/7x/V6f63N93t/Pd7gHL67r+mR8uKEsAAAAANgrZH5cubOGarWzBgIAAABgbyI2AgAAACCB2AgAAACABGIjAAAAABKIjQAAAABIIDYCAAAAIIHYCAAAAIAEYiMAAAAAEoiNAAAAAEggNgIAAADYtzzxxBNN6SY2AgAAANiHpDOjpiRHYiMAAACAfUX9tGibyZHYCAAAAGCfsGVOtPXkSGwEAAAAsPdrLCHaSnIkNgIAAADYy219VlFjRzM+3FC2y0oCAAAAYLfK/LhyZw1lthEAAAAACcRGAAAAACQQGwEAAACQQGwEAAAAQAKxEQAAAAAJxEYAAAAAJBAbAQAAAJBAbAQAAABAgtbNXQAAAAAAO9mCBQt25PS+ffuabQQAAABAMrERAAAAAAnERgAAAAAkEBsBAAAAkEBsBAAAAEACsREAAAAACcRGAAAAACQQGwEAAACQQGwEAAAAQAKxEQAAAAAJxEYAAAAAJBAbAQAAAJBAbAQAAABAArERAAAAAAnERgAAAAAkEBsBAAAAkEBsBAAAAEACsREAAAAACcRGAAAAACQQGwEAAACQQGwEAAAAQAKxEQAAAAAJxEYAAAAAJBAbAQAAAJBAbAQAAABAArERAAAAAAnERgAAAAAkEBsBAAAAkEBsBAAAAEACsREAAAAACcRGAAAAACQQGwEAAACQQGwEAAAAQAKxEQAAAAAJxEYAAAAAJBAbAQAAAJBAbAQAAABAArERAAAAAAnERgAAAAAkEBsBAAAAkEBsBAAAAEACsREAQMsy/xf5vQ7L73VY/ ...
12:53:50.000 [nioEventLoopGroup-12-1] DEBUG com.jayway.jsonpath.internal.path.CompiledPath -- Evaluating path: $
12:53:50.015 [main] DEBUG com.jayway.jsonpath.internal.path.CompiledPath -- Evaluating path: $['targetId']
12:53:50.015 [main] DEBUG com.jayway.jsonpath.internal.path.CompiledPath -- Evaluating path: $
12:53:50.015 [main] DEBUG com.jayway.jsonpath.internal.path.CompiledPath -- Evaluating path: $
12:53:50.015 [main] DEBUG com.jayway.jsonpath.internal.JsonContext -- Put path $ key targetId value {}
12:53:50.015 [main] DEBUG com.jayway.jsonpath.internal.path.CompiledPath -- Evaluating path: $
12:53:50.015 [main] DEBUG com.jayway.jsonpath.internal.JsonContext -- Put path $ key targetId value D749C783CD914E4A193588CD61F15270
12:53:50.015 [main] DEBUG com.jayway.jsonpath.internal.path.CompiledPath -- Evaluating path: $
12:53:50.015 [main] DEBUG com.intuit.karate.driver.chrome_1718781812397 -- >> {"id":50,"sessionId":"704140606B946E7BA116F04C7EFCD2CA","method":"Target.closeTarget","params":{"targetId":"D749C783CD914E4A193588CD61F15270"}}
12:53:50.015 [nioEventLoopGroup-12-1] DEBUG com.intuit.karate.http.WebSocketClientHandler -- websocket closing
12:53:50.015 [nioEventLoopGroup-12-1] DEBUG com.intuit.karate.http.WebSocketClientHandler -- websocket client disconnected
12:53:50.086 [main] DEBUG com.intuit.karate.shell.Command -- closing command: chrome_1718781812397
]]></system-out>
  </testcase>
  <testcase name="[5.2:85] Login with empty login credentials" classname="UI_Automation_Project/login/login" time="16.316">
    <failure message="js failed:&#10;&gt;&gt;&gt;&gt;&#10;01: delay(3000)*&#10;&lt;&lt;&lt;&lt;&#10;org.graalvm.polyglot.PolyglotException: SyntaxError: Unnamed:1:12 Expected an operand but found eof&#10;delay(3000)*&#10;            ^&#10;&#10;- org.graalvm.polyglot.Context.eval(Context.java:425)&#10;- com.intuit.karate.graal.JsEngine.evalForValue(JsEngine.java:169)&#10;- com.intuit.karate.graal.JsEngine.eval(JsEngine.java:165)&#10;- com.intuit.karate.core.ScenarioEngine.evalJs(ScenarioEngine.java:1286)&#10;- com.intuit.karate.ScenarioActions.eval(ScenarioActions.java:372)&#10;- jdk.internal.reflect.GeneratedMethodAccessor14.invoke(Unknown Source)&#10;- java.base/jdk.internal.reflect.DelegatingMethodAccessorImpl.invoke(DelegatingMethodAccessorImpl.java:43)&#10;&#10;classpath:UI_Automation_Project/login/login.feature:81" type="org.opentest4j.AssertionFailedError"><![CDATA[org.opentest4j.AssertionFailedError: 
js failed:
>>>>
01: delay(3000)*
<<<<
org.graalvm.polyglot.PolyglotException: SyntaxError: Unnamed:1:12 Expected an operand but found eof
delay(3000)*
            ^

- org.graalvm.polyglot.Context.eval(Context.java:425)
- com.intuit.karate.graal.JsEngine.evalForValue(JsEngine.java:169)
- com.intuit.karate.graal.JsEngine.eval(JsEngine.java:165)
- com.intuit.karate.core.ScenarioEngine.evalJs(ScenarioEngine.java:1286)
- com.intuit.karate.ScenarioActions.eval(ScenarioActions.java:372)
- jdk.internal.reflect.GeneratedMethodAccessor14.invoke(Unknown Source)
- java.base/jdk.internal.reflect.DelegatingMethodAccessorImpl.invoke(DelegatingMethodAccessorImpl.java:43)

classpath:UI_Automation_Project/login/login.feature:81
	at org.junit.jupiter.api.AssertionUtils.fail(AssertionUtils.java:38)
	at org.junit.jupiter.api.Assertions.fail(Assertions.java:135)
	at com.intuit.karate.junit5.FeatureNode.lambda$next$1(FeatureNode.java:86)
	at org.junit.jupiter.engine.descriptor.DynamicTestTestDescriptor.lambda$execute$0(DynamicTestTestDescriptor.java:53)
	at org.junit.jupiter.engine.execution.InvocationInterceptorChain$ValidatingInvocation.proceed(InvocationInterceptorChain.java:131)
	at org.junit.jupiter.api.extension.InvocationInterceptor.interceptDynamicTest(InvocationInterceptor.java:167)
	at org.junit.jupiter.api.extension.InvocationInterceptor.interceptDynamicTest(InvocationInterceptor.java:184)
	at org.junit.jupiter.engine.descriptor.DynamicTestTestDescriptor.lambda$execute$1(DynamicTestTestDescriptor.java:61)
	at org.junit.jupiter.engine.execution.InvocationInterceptorChain$InterceptorCall.lambda$ofVoid$0(InvocationInterceptorChain.java:78)
	at org.junit.jupiter.engine.execution.InvocationInterceptorChain$InterceptedInvocation.proceed(InvocationInterceptorChain.java:106)
	at org.junit.jupiter.engine.execution.InvocationInterceptorChain.proceed(InvocationInterceptorChain.java:64)
	at org.junit.jupiter.engine.execution.InvocationInterceptorChain.chainAndInvoke(InvocationInterceptorChain.java:45)
	at org.junit.jupiter.engine.execution.InvocationInterceptorChain.invoke(InvocationInterceptorChain.java:37)
	at org.junit.jupiter.engine.descriptor.DynamicTestTestDescriptor.execute(DynamicTestTestDescriptor.java:60)
	at org.junit.jupiter.engine.descriptor.DynamicTestTestDescriptor.execute(DynamicTestTestDescriptor.java:32)
	at org.junit.platform.engine.support.hierarchical.NodeTestTask.lambda$executeRecursively$6(NodeTestTask.java:151)
	at org.junit.platform.engine.support.hierarchical.ThrowableCollector.execute(ThrowableCollector.java:73)
	at org.junit.platform.engine.support.hierarchical.NodeTestTask.lambda$executeRecursively$8(NodeTestTask.java:141)
	at org.junit.platform.engine.support.hierarchical.Node.around(Node.java:137)
	at org.junit.platform.engine.support.hierarchical.NodeTestTask.lambda$executeRecursively$9(NodeTestTask.java:139)
	at org.junit.platform.engine.support.hierarchical.ThrowableCollector.execute(ThrowableCollector.java:73)
	at org.junit.platform.engine.support.hierarchical.NodeTestTask.executeRecursively(NodeTestTask.java:138)
	at org.junit.platform.engine.support.hierarchical.NodeTestTask.execute(NodeTestTask.java:95)
	at org.junit.platform.engine.support.hierarchical.SameThreadHierarchicalTestExecutorService.submit(SameThreadHierarchicalTestExecutorService.java:35)
	at org.junit.platform.engine.support.hierarchical.NodeTestTask$DefaultDynamicTestExecutor.execute(NodeTestTask.java:226)
	at org.junit.platform.engine.support.hierarchical.NodeTestTask$DefaultDynamicTestExecutor.execute(NodeTestTask.java:204)
	at java.base/java.util.stream.ForEachOps$ForEachOp$OfRef.accept(ForEachOps.java:183)
	at java.base/java.util.stream.ReferencePipeline$3$1.accept(ReferencePipeline.java:197)
	at java.base/java.util.stream.ReferencePipeline$2$1.accept(ReferencePipeline.java:179)
	at java.base/java.util.stream.ReferencePipeline$3$1.accept(ReferencePipeline.java:197)
	at java.base/java.util.Iterator.forEachRemaining(Iterator.java:133)
	at java.base/java.util.Spliterators$IteratorSpliterator.forEachRemaining(Spliterators.java:1845)
	at java.base/java.util.stream.AbstractPipeline.copyInto(AbstractPipeline.java:509)
	at java.base/java.util.stream.AbstractPipeline.wrapAndCopyInto(AbstractPipeline.java:499)
	at java.base/java.util.stream.ForEachOps$ForEachOp.evaluateSequential(ForEachOps.java:150)
	at java.base/java.util.stream.ForEachOps$ForEachOp$OfRef.evaluateSequential(ForEachOps.java:173)
	at java.base/java.util.stream.AbstractPipeline.evaluate(AbstractPipeline.java:234)
	at java.base/java.util.stream.ReferencePipeline.forEachOrdered(ReferencePipeline.java:601)
	at org.junit.jupiter.engine.descriptor.DynamicContainerTestDescriptor.execute(DynamicContainerTestDescriptor.java:67)
	at org.junit.jupiter.engine.descriptor.DynamicContainerTestDescriptor.execute(DynamicContainerTestDescriptor.java:33)
	at org.junit.platform.engine.support.hierarchical.NodeTestTask.lambda$executeRecursively$6(NodeTestTask.java:151)
	at org.junit.platform.engine.support.hierarchical.ThrowableCollector.execute(ThrowableCollector.java:73)
	at org.junit.platform.engine.support.hierarchical.NodeTestTask.lambda$executeRecursively$8(NodeTestTask.java:141)
	at org.junit.platform.engine.support.hierarchical.Node.around(Node.java:137)
	at org.junit.platform.engine.support.hierarchical.NodeTestTask.lambda$executeRecursively$9(NodeTestTask.java:139)
	at org.junit.platform.engine.support.hierarchical.ThrowableCollector.execute(ThrowableCollector.java:73)
	at org.junit.platform.engine.support.hierarchical.NodeTestTask.executeRecursively(NodeTestTask.java:138)
	at org.junit.platform.engine.support.hierarchical.NodeTestTask.execute(NodeTestTask.java:95)
	at org.junit.platform.engine.support.hierarchical.SameThreadHierarchicalTestExecutorService.submit(SameThreadHierarchicalTestExecutorService.java:35)
	at org.junit.platform.engine.support.hierarchical.NodeTestTask$DefaultDynamicTestExecutor.execute(NodeTestTask.java:226)
	at org.junit.platform.engine.support.hierarchical.NodeTestTask$DefaultDynamicTestExecutor.execute(NodeTestTask.java:204)
	at java.base/java.util.Optional.ifPresent(Optional.java:178)
	at org.junit.jupiter.engine.descriptor.TestFactoryTestDescriptor.lambda$invokeTestMethod$1(TestFactoryTestDescriptor.java:108)
	at org.junit.platform.engine.support.hierarchical.ThrowableCollector.execute(ThrowableCollector.java:73)
	at org.junit.jupiter.engine.descriptor.TestFactoryTestDescriptor.invokeTestMethod(TestFactoryTestDescriptor.java:95)
	at org.junit.jupiter.engine.descriptor.TestMethodTestDescriptor.execute(TestMethodTestDescriptor.java:138)
	at org.junit.jupiter.engine.descriptor.TestMethodTestDescriptor.execute(TestMethodTestDescriptor.java:68)
	at org.junit.platform.engine.support.hierarchical.NodeTestTask.lambda$executeRecursively$6(NodeTestTask.java:151)
	at org.junit.platform.engine.support.hierarchical.ThrowableCollector.execute(ThrowableCollector.java:73)
	at org.junit.platform.engine.support.hierarchical.NodeTestTask.lambda$executeRecursively$8(NodeTestTask.java:141)
	at org.junit.platform.engine.support.hierarchical.Node.around(Node.java:137)
	at org.junit.platform.engine.support.hierarchical.NodeTestTask.lambda$executeRecursively$9(NodeTestTask.java:139)
	at org.junit.platform.engine.support.hierarchical.ThrowableCollector.execute(ThrowableCollector.java:73)
	at org.junit.platform.engine.support.hierarchical.NodeTestTask.executeRecursively(NodeTestTask.java:138)
	at org.junit.platform.engine.support.hierarchical.NodeTestTask.execute(NodeTestTask.java:95)
	at java.base/java.util.ArrayList.forEach(ArrayList.java:1511)
	at org.junit.platform.engine.support.hierarchical.SameThreadHierarchicalTestExecutorService.invokeAll(SameThreadHierarchicalTestExecutorService.java:41)
	at org.junit.platform.engine.support.hierarchical.NodeTestTask.lambda$executeRecursively$6(NodeTestTask.java:155)
	at org.junit.platform.engine.support.hierarchical.ThrowableCollector.execute(ThrowableCollector.java:73)
	at org.junit.platform.engine.support.hierarchical.NodeTestTask.lambda$executeRecursively$8(NodeTestTask.java:141)
	at org.junit.platform.engine.support.hierarchical.Node.around(Node.java:137)
	at org.junit.platform.engine.support.hierarchical.NodeTestTask.lambda$executeRecursively$9(NodeTestTask.java:139)
	at org.junit.platform.engine.support.hierarchical.ThrowableCollector.execute(ThrowableCollector.java:73)
	at org.junit.platform.engine.support.hierarchical.NodeTestTask.executeRecursively(NodeTestTask.java:138)
	at org.junit.platform.engine.support.hierarchical.NodeTestTask.execute(NodeTestTask.java:95)
	at java.base/java.util.ArrayList.forEach(ArrayList.java:1511)
	at org.junit.platform.engine.support.hierarchical.SameThreadHierarchicalTestExecutorService.invokeAll(SameThreadHierarchicalTestExecutorService.java:41)
	at org.junit.platform.engine.support.hierarchical.NodeTestTask.lambda$executeRecursively$6(NodeTestTask.java:155)
	at org.junit.platform.engine.support.hierarchical.ThrowableCollector.execute(ThrowableCollector.java:73)
	at org.junit.platform.engine.support.hierarchical.NodeTestTask.lambda$executeRecursively$8(NodeTestTask.java:141)
	at org.junit.platform.engine.support.hierarchical.Node.around(Node.java:137)
	at org.junit.platform.engine.support.hierarchical.NodeTestTask.lambda$executeRecursively$9(NodeTestTask.java:139)
	at org.junit.platform.engine.support.hierarchical.ThrowableCollector.execute(ThrowableCollector.java:73)
	at org.junit.platform.engine.support.hierarchical.NodeTestTask.executeRecursively(NodeTestTask.java:138)
	at org.junit.platform.engine.support.hierarchical.NodeTestTask.execute(NodeTestTask.java:95)
	at org.junit.platform.engine.support.hierarchical.SameThreadHierarchicalTestExecutorService.submit(SameThreadHierarchicalTestExecutorService.java:35)
	at org.junit.platform.engine.support.hierarchical.HierarchicalTestExecutor.execute(HierarchicalTestExecutor.java:57)
	at org.junit.platform.engine.support.hierarchical.HierarchicalTestEngine.execute(HierarchicalTestEngine.java:54)
	at org.junit.platform.launcher.core.EngineExecutionOrchestrator.execute(EngineExecutionOrchestrator.java:147)
	at org.junit.platform.launcher.core.EngineExecutionOrchestrator.execute(EngineExecutionOrchestrator.java:127)
	at org.junit.platform.launcher.core.EngineExecutionOrchestrator.execute(EngineExecutionOrchestrator.java:90)
	at org.junit.platform.launcher.core.EngineExecutionOrchestrator.lambda$execute$0(EngineExecutionOrchestrator.java:55)
	at org.junit.platform.launcher.core.EngineExecutionOrchestrator.withInterceptedStreams(EngineExecutionOrchestrator.java:102)
	at org.junit.platform.launcher.core.EngineExecutionOrchestrator.execute(EngineExecutionOrchestrator.java:54)
	at org.junit.platform.launcher.core.DefaultLauncher.execute(DefaultLauncher.java:114)
	at org.junit.platform.launcher.core.DefaultLauncher.execute(DefaultLauncher.java:86)
	at org.junit.platform.launcher.core.DefaultLauncherSession$DelegatingLauncher.execute(DefaultLauncherSession.java:86)
	at org.apache.maven.surefire.junitplatform.LazyLauncher.execute(LazyLauncher.java:56)
	at org.apache.maven.surefire.junitplatform.JUnitPlatformProvider.execute(JUnitPlatformProvider.java:184)
	at org.apache.maven.surefire.junitplatform.JUnitPlatformProvider.invokeAllTests(JUnitPlatformProvider.java:148)
	at org.apache.maven.surefire.junitplatform.JUnitPlatformProvider.invoke(JUnitPlatformProvider.java:122)
	at org.apache.maven.surefire.booter.ForkedBooter.runSuitesInProcess(ForkedBooter.java:385)
	at org.apache.maven.surefire.booter.ForkedBooter.execute(ForkedBooter.java:162)
	at org.apache.maven.surefire.booter.ForkedBooter.run(ForkedBooter.java:507)
	at org.apache.maven.surefire.booter.ForkedBooter.main(ForkedBooter.java:495)
]]></failure>
    <system-out><![CDATA[12:53:50.111 [main] INFO com.intuit.karate -- karate.env system property was: null 
12:53:50.126 [main] INFO com.intuit.karate -- the browser set is: chromedriver, default: "chrome" 
12:53:50.127 [main] DEBUG com.jayway.jsonpath.internal.path.CompiledPath -- Evaluating path: $
12:53:50.134 [main] DEBUG com.jayway.jsonpath.internal.path.CompiledPath -- Evaluating path: $
12:53:50.134 [main] DEBUG com.jayway.jsonpath.internal.path.CompiledPath -- Evaluating path: $
12:53:50.137 [main] DEBUG com.intuit.karate.shell.Command -- found / verified free local port: 54245
12:53:50.137 [main] WARN com.intuit.karate.driver.DriverOptions -- preferred port 9222 not available, will use: 54245
12:53:50.137 [chrome_1718781830137] DEBUG com.intuit.karate.driver.chrome_1718781830137 -- command: [C:\Program Files\Google\Chrome\Application\chrome.exe, --remote-debugging-port=54245, --remote-allow-origins=*, --no-first-run, --user-data-dir=C:\Users\HarshvardhanNigaveka\OneDrive - Academian India Private Limited\Desktop\GitHubActions\karateUI\UI_Automation_Project\target\chrome_1718781830137, --disable-popup-blocking], working dir: target\chrome_1718781830137
12:53:50.137 [main] DEBUG com.intuit.karate.driver.chrome_1718781830137 -- poll attempt #0 for port to be ready - localhost:54245
12:53:50.396 [main] DEBUG com.intuit.karate.driver.chrome_1718781830137 -- poll attempt #1 for port to be ready - localhost:54245
12:53:50.426 [chrome_1718781830137-out] DEBUG com.intuit.karate.driver.chrome_1718781830137 -- 
12:53:50.426 [chrome_1718781830137-out] DEBUG com.intuit.karate.driver.chrome_1718781830137 -- DevTools listening on ws://127.0.0.1:54245/devtools/browser/a55e2a5d-f023-4180-860e-4cf110537037
12:53:50.657 [main] DEBUG com.intuit.karate.driver.chrome_1718781830137 -- poll attempt #2 for port to be ready - localhost:54245
12:53:50.657 [main] DEBUG org.apache.http.client.protocol.RequestAddCookies -- CookieSpec selected: karate
12:53:50.657 [main] DEBUG org.apache.http.client.protocol.RequestAuthCache -- Auth cache not set in the context
12:53:50.657 [main] DEBUG com.intuit.karate -- request:
1 > GET http://localhost:54245/json
1 > Host: localhost:54245
1 > Connection: Keep-Alive
1 > User-Agent: Apache-HttpClient/4.5.14 (Java/17.0.11)
1 > Accept-Encoding: gzip,deflate


12:53:50.657 [main] DEBUG org.apache.http.impl.conn.PoolingHttpClientConnectionManager -- Connection request: [route: {}->http://localhost:54245][total available: 0; route allocated: 0 of 5; total allocated: 0 of 10]
12:53:50.657 [main] DEBUG org.apache.http.impl.conn.PoolingHttpClientConnectionManager -- Connection leased: [id: 22][route: {}->http://localhost:54245][total available: 0; route allocated: 1 of 5; total allocated: 1 of 10]
12:53:50.657 [main] DEBUG org.apache.http.impl.execchain.MainClientExec -- Opening connection {}->http://localhost:54245
12:53:50.657 [main] DEBUG org.apache.http.impl.conn.DefaultHttpClientConnectionOperator -- Connecting to localhost/127.0.0.1:54245
12:53:50.657 [main] DEBUG org.apache.http.impl.conn.DefaultHttpClientConnectionOperator -- Connection established 127.0.0.1:54249<->127.0.0.1:54245
12:53:50.657 [main] DEBUG org.apache.http.impl.conn.DefaultManagedHttpClientConnection -- http-outgoing-22: set socket timeout to 30000
12:53:50.657 [main] DEBUG org.apache.http.impl.execchain.MainClientExec -- Executing request GET /json HTTP/1.1
12:53:50.657 [main] DEBUG org.apache.http.impl.execchain.MainClientExec -- Target auth state: UNCHALLENGED
12:53:50.657 [main] DEBUG org.apache.http.impl.execchain.MainClientExec -- Proxy auth state: UNCHALLENGED
12:53:50.657 [main] DEBUG org.apache.http.headers -- http-outgoing-22 >> GET /json HTTP/1.1
12:53:50.657 [main] DEBUG org.apache.http.headers -- http-outgoing-22 >> Host: localhost:54245
12:53:50.657 [main] DEBUG org.apache.http.headers -- http-outgoing-22 >> Connection: Keep-Alive
12:53:50.657 [main] DEBUG org.apache.http.headers -- http-outgoing-22 >> User-Agent: Apache-HttpClient/4.5.14 (Java/17.0.11)
12:53:50.657 [main] DEBUG org.apache.http.headers -- http-outgoing-22 >> Accept-Encoding: gzip,deflate
12:53:50.657 [main] DEBUG org.apache.http.wire -- http-outgoing-22 >> "GET /json HTTP/1.1[\r][\n]"
12:53:50.657 [main] DEBUG org.apache.http.wire -- http-outgoing-22 >> "Host: localhost:54245[\r][\n]"
12:53:50.657 [main] DEBUG org.apache.http.wire -- http-outgoing-22 >> "Connection: Keep-Alive[\r][\n]"
12:53:50.657 [main] DEBUG org.apache.http.wire -- http-outgoing-22 >> "User-Agent: Apache-HttpClient/4.5.14 (Java/17.0.11)[\r][\n]"
12:53:50.657 [main] DEBUG org.apache.http.wire -- http-outgoing-22 >> "Accept-Encoding: gzip,deflate[\r][\n]"
12:53:50.657 [main] DEBUG org.apache.http.wire -- http-outgoing-22 >> "[\r][\n]"
12:53:50.657 [main] DEBUG org.apache.http.wire -- http-outgoing-22 << "HTTP/1.1 200 OK[\r][\n]"
12:53:50.657 [main] DEBUG org.apache.http.wire -- http-outgoing-22 << "Content-Security-Policy:frame-ancestors 'none'[\r][\n]"
12:53:50.657 [main] DEBUG org.apache.http.wire -- http-outgoing-22 << "Content-Length:1273[\r][\n]"
12:53:50.657 [main] DEBUG org.apache.http.wire -- http-outgoing-22 << "Content-Type:application/json; charset=UTF-8[\r][\n]"
12:53:50.657 [main] DEBUG org.apache.http.wire -- http-outgoing-22 << "[\r][\n]"
12:53:50.657 [main] DEBUG org.apache.http.wire -- http-outgoing-22 << "[ {[\r][\n]"
12:53:50.657 [main] DEBUG org.apache.http.wire -- http-outgoing-22 << "   "description": "",[\r][\n]"
12:53:50.657 [main] DEBUG org.apache.http.wire -- http-outgoing-22 << "   "devtoolsFrontendUrl": "/devtools/inspector.html?ws=localhost:54245/devtools/page/0938371623AD1D58B9788CFFB95D5750",[\r][\n]"
12:53:50.657 [main] DEBUG org.apache.http.wire -- http-outgoing-22 << "   "id": "0938371623AD1D58B9788CFFB95D5750",[\r][\n]"
12:53:50.657 [main] DEBUG org.apache.http.wire -- http-outgoing-22 << "   "title": "Google Network Speech",[\r][\n]"
12:53:50.657 [main] DEBUG org.apache.http.wire -- http-outgoing-22 << "   "type": "background_page",[\r][\n]"
12:53:50.657 [main] DEBUG org.apache.http.wire -- http-outgoing-22 << "   "url": "chrome-extension://neajdppkdcdipfabeoofebfddakdcjhd/_generated_background_page.html",[\r][\n]"
12:53:50.657 [main] DEBUG org.apache.http.wire -- http-outgoing-22 << "   "webSocketDebuggerUrl": "ws://localhost:54245/devtools/page/0938371623AD1D58B9788CFFB95D5750"[\r][\n]"
12:53:50.657 [main] DEBUG org.apache.http.wire -- http-outgoing-22 << "}, {[\r][\n]"
12:53:50.657 [main] DEBUG org.apache.http.wire -- http-outgoing-22 << "   "description": "",[\r][\n]"
12:53:50.657 [main] DEBUG org.apache.http.wire -- http-outgoing-22 << "   "devtoolsFrontendUrl": "/devtools/inspector.html?ws=localhost:54245/devtools/page/E8F5BF777186C0D425E8D361B997DBB7",[\r][\n]"
12:53:50.657 [main] DEBUG org.apache.http.wire -- http-outgoing-22 << "   "id": "E8F5BF777186C0D425E8D361B997DBB7",[\r][\n]"
12:53:50.657 [main] DEBUG org.apache.http.wire -- http-outgoing-22 << "   "title": "Google Hangouts",[\r][\n]"
12:53:50.657 [main] DEBUG org.apache.http.wire -- http-outgoing-22 << "   "type": "background_page",[\r][\n]"
12:53:50.657 [main] DEBUG org.apache.http.wire -- http-outgoing-22 << "   "url": "chrome-extension://nkeimhogjdpnpccoofpliimaahmaaome/background.html",[\r][\n]"
12:53:50.657 [main] DEBUG org.apache.http.wire -- http-outgoing-22 << "   "webSocketDebuggerUrl": "ws://localhost:54245/devtools/page/E8F5BF777186C0D425E8D361B997DBB7"[\r][\n]"
12:53:50.657 [main] DEBUG org.apache.http.wire -- http-outgoing-22 << "}, {[\r][\n]"
12:53:50.657 [main] DEBUG org.apache.http.wire -- http-outgoing-22 << "   "description": "",[\r][\n]"
12:53:50.657 [main] DEBUG org.apache.http.wire -- http-outgoing-22 << "   "devtoolsFrontendUrl": "/devtools/inspector.html?ws=localhost:54245/devtools/page/DE8AEE8B33F443516FB461645D0656DE",[\r][\n]"
12:53:50.657 [main] DEBUG org.apache.http.wire -- http-outgoing-22 << "   "id": "DE8AEE8B33F443516FB461645D0656DE",[\r][\n]"
12:53:50.657 [main] DEBUG org.apache.http.wire -- http-outgoing-22 << "   "title": "New Tab",[\r][\n]"
12:53:50.657 [main] DEBUG org.apache.http.wire -- http-outgoing-22 << "   "type": "page",[\r][\n]"
12:53:50.657 [main] DEBUG org.apache.http.wire -- http-outgoing-22 << "   "url": "chrome://newtab/",[\r][\n]"
12:53:50.657 [main] DEBUG org.apache.http.wire -- http-outgoing-22 << "   "webSocketDebuggerUrl": "ws://localhost:54245/devtools/page/DE8AEE8B33F443516FB461645D0656DE"[\r][\n]"
12:53:50.657 [main] DEBUG org.apache.http.wire -- http-outgoing-22 << "} ][\r][\n]"
12:53:50.657 [main] DEBUG org.apache.http.headers -- http-outgoing-22 << HTTP/1.1 200 OK
12:53:50.657 [main] DEBUG org.apache.http.headers -- http-outgoing-22 << Content-Security-Policy:frame-ancestors 'none'
12:53:50.657 [main] DEBUG org.apache.http.headers -- http-outgoing-22 << Content-Length:1273
12:53:50.657 [main] DEBUG org.apache.http.headers -- http-outgoing-22 << Content-Type:application/json; charset=UTF-8
12:53:50.657 [main] DEBUG org.apache.http.impl.execchain.MainClientExec -- Connection can be kept alive indefinitely
12:53:50.657 [main] DEBUG org.apache.http.impl.conn.PoolingHttpClientConnectionManager -- Connection [id: 22][route: {}->http://localhost:54245] can be kept alive indefinitely
12:53:50.657 [main] DEBUG org.apache.http.impl.conn.DefaultManagedHttpClientConnection -- http-outgoing-22: set socket timeout to 0
12:53:50.657 [main] DEBUG org.apache.http.impl.conn.PoolingHttpClientConnectionManager -- Connection released: [id: 22][route: {}->http://localhost:54245][total available: 1; route allocated: 1 of 5; total allocated: 1 of 10]
12:53:50.657 [main] DEBUG org.apache.http.impl.conn.PoolingHttpClientConnectionManager -- Connection manager is shutting down
12:53:50.657 [main] DEBUG org.apache.http.impl.conn.DefaultManagedHttpClientConnection -- http-outgoing-22: Close connection
12:53:50.657 [main] DEBUG org.apache.http.impl.conn.PoolingHttpClientConnectionManager -- Connection manager shut down
12:53:50.657 [main] DEBUG com.intuit.karate -- response time in milliseconds: 0
1 < 200
1 < Content-Security-Policy: frame-ancestors 'none'
1 < Content-Length: 1273
1 < Content-Type: application/json; charset=UTF-8
[ {
   "description": "",
   "devtoolsFrontendUrl": "/devtools/inspector.html?ws=localhost:54245/devtools/page/0938371623AD1D58B9788CFFB95D5750",
   "id": "0938371623AD1D58B9788CFFB95D5750",
   "title": "Google Network Speech",
   "type": "background_page",
   "url": "chrome-extension://neajdppkdcdipfabeoofebfddakdcjhd/_generated_background_page.html",
   "webSocketDebuggerUrl": "ws://localhost:54245/devtools/page/0938371623AD1D58B9788CFFB95D5750"
}, {
   "description": "",
   "devtoolsFrontendUrl": "/devtools/inspector.html?ws=localhost:54245/devtools/page/E8F5BF777186C0D425E8D361B997DBB7",
   "id": "E8F5BF777186C0D425E8D361B997DBB7",
   "title": "Google Hangouts",
   "type": "background_page",
   "url": "chrome-extension://nkeimhogjdpnpccoofpliimaahmaaome/background.html",
   "webSocketDebuggerUrl": "ws://localhost:54245/devtools/page/E8F5BF777186C0D425E8D361B997DBB7"
}, {
   "description": "",
   "devtoolsFrontendUrl": "/devtools/inspector.html?ws=localhost:54245/devtools/page/DE8AEE8B33F443516FB461645D0656DE",
   "id": "DE8AEE8B33F443516FB461645D0656DE",
   "title": "New Tab",
   "type": "page",
   "url": "chrome://newtab/",
   "webSocketDebuggerUrl": "ws://localhost:54245/devtools/page/DE8AEE8B33F443516FB461645D0656DE"
} ]


12:53:50.672 [main] DEBUG com.jayway.jsonpath.internal.path.CompiledPath -- Evaluating path: $
12:53:50.672 [main] DEBUG com.intuit.karate.shell.Command -- ready to accept http connections after 15 ms - http://localhost:54245/json
12:53:50.672 [main] DEBUG org.apache.http.client.protocol.RequestAddCookies -- CookieSpec selected: karate
12:53:50.672 [main] DEBUG org.apache.http.client.protocol.RequestAuthCache -- Auth cache not set in the context
12:53:50.672 [main] DEBUG com.intuit.karate -- request:
1 > GET http://localhost:54245/json
1 > Host: localhost:54245
1 > Connection: Keep-Alive
1 > User-Agent: Apache-HttpClient/4.5.14 (Java/17.0.11)
1 > Accept-Encoding: gzip,deflate


12:53:50.672 [main] DEBUG org.apache.http.impl.conn.PoolingHttpClientConnectionManager -- Connection request: [route: {}->http://localhost:54245][total available: 0; route allocated: 0 of 5; total allocated: 0 of 10]
12:53:50.672 [main] DEBUG org.apache.http.impl.conn.PoolingHttpClientConnectionManager -- Connection leased: [id: 23][route: {}->http://localhost:54245][total available: 0; route allocated: 1 of 5; total allocated: 1 of 10]
12:53:50.672 [main] DEBUG org.apache.http.impl.execchain.MainClientExec -- Opening connection {}->http://localhost:54245
12:53:50.672 [main] DEBUG org.apache.http.impl.conn.DefaultHttpClientConnectionOperator -- Connecting to localhost/127.0.0.1:54245
12:53:50.672 [main] DEBUG org.apache.http.impl.conn.DefaultHttpClientConnectionOperator -- Connection established 127.0.0.1:54250<->127.0.0.1:54245
12:53:50.672 [main] DEBUG org.apache.http.impl.conn.DefaultManagedHttpClientConnection -- http-outgoing-23: set socket timeout to 30000
12:53:50.672 [main] DEBUG org.apache.http.impl.execchain.MainClientExec -- Executing request GET /json HTTP/1.1
12:53:50.672 [main] DEBUG org.apache.http.impl.execchain.MainClientExec -- Target auth state: UNCHALLENGED
12:53:50.672 [main] DEBUG org.apache.http.impl.execchain.MainClientExec -- Proxy auth state: UNCHALLENGED
12:53:50.672 [main] DEBUG org.apache.http.headers -- http-outgoing-23 >> GET /json HTTP/1.1
12:53:50.672 [main] DEBUG org.apache.http.headers -- http-outgoing-23 >> Host: localhost:54245
12:53:50.672 [main] DEBUG org.apache.http.headers -- http-outgoing-23 >> Connection: Keep-Alive
12:53:50.672 [main] DEBUG org.apache.http.headers -- http-outgoing-23 >> User-Agent: Apache-HttpClient/4.5.14 (Java/17.0.11)
12:53:50.672 [main] DEBUG org.apache.http.headers -- http-outgoing-23 >> Accept-Encoding: gzip,deflate
12:53:50.672 [main] DEBUG org.apache.http.wire -- http-outgoing-23 >> "GET /json HTTP/1.1[\r][\n]"
12:53:50.672 [main] DEBUG org.apache.http.wire -- http-outgoing-23 >> "Host: localhost:54245[\r][\n]"
12:53:50.672 [main] DEBUG org.apache.http.wire -- http-outgoing-23 >> "Connection: Keep-Alive[\r][\n]"
12:53:50.672 [main] DEBUG org.apache.http.wire -- http-outgoing-23 >> "User-Agent: Apache-HttpClient/4.5.14 (Java/17.0.11)[\r][\n]"
12:53:50.672 [main] DEBUG org.apache.http.wire -- http-outgoing-23 >> "Accept-Encoding: gzip,deflate[\r][\n]"
12:53:50.672 [main] DEBUG org.apache.http.wire -- http-outgoing-23 >> "[\r][\n]"
12:53:50.672 [main] DEBUG org.apache.http.wire -- http-outgoing-23 << "HTTP/1.1 200 OK[\r][\n]"
12:53:50.672 [main] DEBUG org.apache.http.wire -- http-outgoing-23 << "Content-Security-Policy:frame-ancestors 'none'[\r][\n]"
12:53:50.672 [main] DEBUG org.apache.http.wire -- http-outgoing-23 << "Content-Length:1273[\r][\n]"
12:53:50.672 [main] DEBUG org.apache.http.wire -- http-outgoing-23 << "Content-Type:application/json; charset=UTF-8[\r][\n]"
12:53:50.672 [main] DEBUG org.apache.http.wire -- http-outgoing-23 << "[\r][\n]"
12:53:50.672 [main] DEBUG org.apache.http.wire -- http-outgoing-23 << "[ {[\r][\n]"
12:53:50.672 [main] DEBUG org.apache.http.wire -- http-outgoing-23 << "   "description": "",[\r][\n]"
12:53:50.672 [main] DEBUG org.apache.http.wire -- http-outgoing-23 << "   "devtoolsFrontendUrl": "/devtools/inspector.html?ws=localhost:54245/devtools/page/0938371623AD1D58B9788CFFB95D5750",[\r][\n]"
12:53:50.672 [main] DEBUG org.apache.http.wire -- http-outgoing-23 << "   "id": "0938371623AD1D58B9788CFFB95D5750",[\r][\n]"
12:53:50.672 [main] DEBUG org.apache.http.wire -- http-outgoing-23 << "   "title": "Google Network Speech",[\r][\n]"
12:53:50.672 [main] DEBUG org.apache.http.wire -- http-outgoing-23 << "   "type": "background_page",[\r][\n]"
12:53:50.672 [main] DEBUG org.apache.http.wire -- http-outgoing-23 << "   "url": "chrome-extension://neajdppkdcdipfabeoofebfddakdcjhd/_generated_background_page.html",[\r][\n]"
12:53:50.672 [main] DEBUG org.apache.http.wire -- http-outgoing-23 << "   "webSocketDebuggerUrl": "ws://localhost:54245/devtools/page/0938371623AD1D58B9788CFFB95D5750"[\r][\n]"
12:53:50.672 [main] DEBUG org.apache.http.wire -- http-outgoing-23 << "}, {[\r][\n]"
12:53:50.672 [main] DEBUG org.apache.http.wire -- http-outgoing-23 << "   "description": "",[\r][\n]"
12:53:50.672 [main] DEBUG org.apache.http.wire -- http-outgoing-23 << "   "devtoolsFrontendUrl": "/devtools/inspector.html?ws=localhost:54245/devtools/page/E8F5BF777186C0D425E8D361B997DBB7",[\r][\n]"
12:53:50.672 [main] DEBUG org.apache.http.wire -- http-outgoing-23 << "   "id": "E8F5BF777186C0D425E8D361B997DBB7",[\r][\n]"
12:53:50.672 [main] DEBUG org.apache.http.wire -- http-outgoing-23 << "   "title": "Google Hangouts",[\r][\n]"
12:53:50.672 [main] DEBUG org.apache.http.wire -- http-outgoing-23 << "   "type": "background_page",[\r][\n]"
12:53:50.672 [main] DEBUG org.apache.http.wire -- http-outgoing-23 << "   "url": "chrome-extension://nkeimhogjdpnpccoofpliimaahmaaome/background.html",[\r][\n]"
12:53:50.672 [main] DEBUG org.apache.http.wire -- http-outgoing-23 << "   "webSocketDebuggerUrl": "ws://localhost:54245/devtools/page/E8F5BF777186C0D425E8D361B997DBB7"[\r][\n]"
12:53:50.672 [main] DEBUG org.apache.http.wire -- http-outgoing-23 << "}, {[\r][\n]"
12:53:50.672 [main] DEBUG org.apache.http.wire -- http-outgoing-23 << "   "description": "",[\r][\n]"
12:53:50.672 [main] DEBUG org.apache.http.wire -- http-outgoing-23 << "   "devtoolsFrontendUrl": "/devtools/inspector.html?ws=localhost:54245/devtools/page/DE8AEE8B33F443516FB461645D0656DE",[\r][\n]"
12:53:50.672 [main] DEBUG org.apache.http.wire -- http-outgoing-23 << "   "id": "DE8AEE8B33F443516FB461645D0656DE",[\r][\n]"
12:53:50.672 [main] DEBUG org.apache.http.wire -- http-outgoing-23 << "   "title": "New Tab",[\r][\n]"
12:53:50.672 [main] DEBUG org.apache.http.wire -- http-outgoing-23 << "   "type": "page",[\r][\n]"
12:53:50.672 [main] DEBUG org.apache.http.wire -- http-outgoing-23 << "   "url": "chrome://newtab/",[\r][\n]"
12:53:50.672 [main] DEBUG org.apache.http.wire -- http-outgoing-23 << "   "webSocketDebuggerUrl": "ws://localhost:54245/devtools/page/DE8AEE8B33F443516FB461645D0656DE"[\r][\n]"
12:53:50.672 [main] DEBUG org.apache.http.wire -- http-outgoing-23 << "} ][\r][\n]"
12:53:50.672 [main] DEBUG org.apache.http.headers -- http-outgoing-23 << HTTP/1.1 200 OK
12:53:50.672 [main] DEBUG org.apache.http.headers -- http-outgoing-23 << Content-Security-Policy:frame-ancestors 'none'
12:53:50.672 [main] DEBUG org.apache.http.headers -- http-outgoing-23 << Content-Length:1273
12:53:50.672 [main] DEBUG org.apache.http.headers -- http-outgoing-23 << Content-Type:application/json; charset=UTF-8
12:53:50.672 [main] DEBUG org.apache.http.impl.execchain.MainClientExec -- Connection can be kept alive indefinitely
12:53:50.672 [main] DEBUG org.apache.http.impl.conn.PoolingHttpClientConnectionManager -- Connection [id: 23][route: {}->http://localhost:54245] can be kept alive indefinitely
12:53:50.672 [main] DEBUG org.apache.http.impl.conn.DefaultManagedHttpClientConnection -- http-outgoing-23: set socket timeout to 0
12:53:50.672 [main] DEBUG org.apache.http.impl.conn.PoolingHttpClientConnectionManager -- Connection released: [id: 23][route: {}->http://localhost:54245][total available: 1; route allocated: 1 of 5; total allocated: 1 of 10]
12:53:50.672 [main] DEBUG org.apache.http.impl.conn.PoolingHttpClientConnectionManager -- Connection manager is shutting down
12:53:50.672 [main] DEBUG org.apache.http.impl.conn.DefaultManagedHttpClientConnection -- http-outgoing-23: Close connection
12:53:50.672 [main] DEBUG org.apache.http.impl.conn.PoolingHttpClientConnectionManager -- Connection manager shut down
12:53:50.672 [main] DEBUG com.intuit.karate -- response time in milliseconds: 0
1 < 200
1 < Content-Security-Policy: frame-ancestors 'none'
1 < Content-Length: 1273
1 < Content-Type: application/json; charset=UTF-8
[ {
   "description": "",
   "devtoolsFrontendUrl": "/devtools/inspector.html?ws=localhost:54245/devtools/page/0938371623AD1D58B9788CFFB95D5750",
   "id": "0938371623AD1D58B9788CFFB95D5750",
   "title": "Google Network Speech",
   "type": "background_page",
   "url": "chrome-extension://neajdppkdcdipfabeoofebfddakdcjhd/_generated_background_page.html",
   "webSocketDebuggerUrl": "ws://localhost:54245/devtools/page/0938371623AD1D58B9788CFFB95D5750"
}, {
   "description": "",
   "devtoolsFrontendUrl": "/devtools/inspector.html?ws=localhost:54245/devtools/page/E8F5BF777186C0D425E8D361B997DBB7",
   "id": "E8F5BF777186C0D425E8D361B997DBB7",
   "title": "Google Hangouts",
   "type": "background_page",
   "url": "chrome-extension://nkeimhogjdpnpccoofpliimaahmaaome/background.html",
   "webSocketDebuggerUrl": "ws://localhost:54245/devtools/page/E8F5BF777186C0D425E8D361B997DBB7"
}, {
   "description": "",
   "devtoolsFrontendUrl": "/devtools/inspector.html?ws=localhost:54245/devtools/page/DE8AEE8B33F443516FB461645D0656DE",
   "id": "DE8AEE8B33F443516FB461645D0656DE",
   "title": "New Tab",
   "type": "page",
   "url": "chrome://newtab/",
   "webSocketDebuggerUrl": "ws://localhost:54245/devtools/page/DE8AEE8B33F443516FB461645D0656DE"
} ]


12:53:50.677 [main] DEBUG com.jayway.jsonpath.internal.path.CompiledPath -- Evaluating path: $
12:53:50.677 [main] DEBUG com.jayway.jsonpath.internal.path.CompiledPath -- Evaluating path: $
12:53:50.677 [main] DEBUG com.intuit.karate.driver.chrome_1718781830137 -- root frame id: DE8AEE8B33F443516FB461645D0656DE
12:53:50.730 [nioEventLoopGroup-13-1] DEBUG io.netty.handler.codec.http.websocketx.WebSocketClientHandshaker13 -- WebSocket version 13 client handshake key: DexSBSyoiG++HTAe/7zlYg==, expected response: TB+p9pfTxjb9YNHLXLFwHlcWwm4=
12:53:50.734 [nioEventLoopGroup-13-1] DEBUG com.intuit.karate.http.WebSocketClientHandler -- websocket client connected
12:53:50.734 [main] DEBUG com.jayway.jsonpath.internal.path.CompiledPath -- Evaluating path: $['targetId']
12:53:50.734 [main] DEBUG com.jayway.jsonpath.internal.path.CompiledPath -- Evaluating path: $
12:53:50.734 [main] DEBUG com.jayway.jsonpath.internal.path.CompiledPath -- Evaluating path: $
12:53:50.734 [main] DEBUG com.jayway.jsonpath.internal.JsonContext -- Put path $ key targetId value {}
12:53:50.734 [main] DEBUG com.jayway.jsonpath.internal.path.CompiledPath -- Evaluating path: $
12:53:50.734 [main] DEBUG com.jayway.jsonpath.internal.JsonContext -- Put path $ key targetId value DE8AEE8B33F443516FB461645D0656DE
12:53:50.734 [main] DEBUG com.jayway.jsonpath.internal.path.CompiledPath -- Evaluating path: $['flatten']
12:53:50.734 [main] DEBUG com.jayway.jsonpath.internal.path.CompiledPath -- Evaluating path: $
12:53:50.734 [main] DEBUG com.jayway.jsonpath.internal.path.CompiledPath -- Evaluating path: $
12:53:50.734 [main] DEBUG com.jayway.jsonpath.internal.JsonContext -- Put path $ key flatten value {}
12:53:50.734 [main] DEBUG com.jayway.jsonpath.internal.path.CompiledPath -- Evaluating path: $
12:53:50.734 [main] DEBUG com.jayway.jsonpath.internal.JsonContext -- Put path $ key flatten value true
12:53:50.734 [main] DEBUG com.jayway.jsonpath.internal.path.CompiledPath -- Evaluating path: $
12:53:50.734 [main] DEBUG com.intuit.karate.driver.chrome_1718781830137 -- >> {"id":1,"method":"Target.attachToTarget","params":{"targetId":"DE8AEE8B33F443516FB461645D0656DE","flatten":true}}
12:53:50.738 [nioEventLoopGroup-13-1] DEBUG com.intuit.karate.driver.chrome_1718781830137 -- << {"method":"Target.attachedToTarget","params":{"sessionId":"268FBF513D3CD933C424A3660C6DCCB3","targetInfo":{"targetId":"DE8AEE8B33F443516FB461645D0656DE","type":"page","title":"New Tab","url":"chrome://newtab/","attached":true,"canAccessOpener":false,"browserContextId":"6C5A20A2221BBEBF9687B59BCBD88272"},"waitingForDebugger":false}}
12:53:50.738 [nioEventLoopGroup-13-1] DEBUG com.jayway.jsonpath.internal.path.CompiledPath -- Evaluating path: $
12:53:50.738 [nioEventLoopGroup-13-1] DEBUG com.jayway.jsonpath.internal.path.CompiledPath -- Evaluating path: $['targetInfo']['type']
12:53:50.738 [nioEventLoopGroup-13-1] DEBUG com.intuit.karate.driver.chrome_1718781830137 -- << {"id":1,"result":{"sessionId":"268FBF513D3CD933C424A3660C6DCCB3"}}
12:53:50.738 [nioEventLoopGroup-13-1] DEBUG com.jayway.jsonpath.internal.path.CompiledPath -- Evaluating path: $
12:53:50.738 [main] DEBUG com.jayway.jsonpath.internal.path.CompiledPath -- Evaluating path: $['sessionId']
12:53:50.738 [main] DEBUG com.jayway.jsonpath.internal.path.CompiledPath -- Evaluating path: $['targetId']
12:53:50.738 [main] DEBUG com.jayway.jsonpath.internal.path.CompiledPath -- Evaluating path: $
12:53:50.738 [main] DEBUG com.jayway.jsonpath.internal.path.CompiledPath -- Evaluating path: $
12:53:50.738 [main] DEBUG com.jayway.jsonpath.internal.JsonContext -- Put path $ key targetId value {}
12:53:50.738 [main] DEBUG com.jayway.jsonpath.internal.path.CompiledPath -- Evaluating path: $
12:53:50.738 [main] DEBUG com.jayway.jsonpath.internal.JsonContext -- Put path $ key targetId value DE8AEE8B33F443516FB461645D0656DE
12:53:50.738 [main] DEBUG com.jayway.jsonpath.internal.path.CompiledPath -- Evaluating path: $
12:53:50.738 [main] DEBUG com.intuit.karate.driver.chrome_1718781830137 -- >> {"id":2,"sessionId":"268FBF513D3CD933C424A3660C6DCCB3","method":"Target.activateTarget","params":{"targetId":"DE8AEE8B33F443516FB461645D0656DE"}}
12:53:50.744 [nioEventLoopGroup-13-1] DEBUG com.intuit.karate.driver.chrome_1718781830137 -- << {"id":2,"result":{},"sessionId":"268FBF513D3CD933C424A3660C6DCCB3"}
12:53:50.744 [nioEventLoopGroup-13-1] DEBUG com.jayway.jsonpath.internal.path.CompiledPath -- Evaluating path: $
12:53:50.744 [main] DEBUG com.jayway.jsonpath.internal.path.CompiledPath -- Evaluating path: $['discover']
12:53:50.746 [main] DEBUG com.jayway.jsonpath.internal.path.CompiledPath -- Evaluating path: $
12:53:50.746 [main] DEBUG com.jayway.jsonpath.internal.path.CompiledPath -- Evaluating path: $
12:53:50.746 [main] DEBUG com.jayway.jsonpath.internal.JsonContext -- Put path $ key discover value {}
12:53:50.746 [main] DEBUG com.jayway.jsonpath.internal.path.CompiledPath -- Evaluating path: $
12:53:50.746 [main] DEBUG com.jayway.jsonpath.internal.JsonContext -- Put path $ key discover value true
12:53:50.746 [main] DEBUG com.jayway.jsonpath.internal.path.CompiledPath -- Evaluating path: $
12:53:50.746 [main] DEBUG com.intuit.karate.driver.chrome_1718781830137 -- >> {"id":3,"sessionId":"268FBF513D3CD933C424A3660C6DCCB3","method":"Target.setDiscoverTargets","params":{"discover":true}}
12:53:50.752 [nioEventLoopGroup-13-1] DEBUG com.intuit.karate.driver.chrome_1718781830137 -- << {"method":"Target.targetCreated","params":{"targetInfo":{"targetId":"0938371623AD1D58B9788CFFB95D5750","type":"background_page","title":"Google Network Speech","url":"chrome-extension://neajdppkdcdipfabeoofebfddakdcjhd/_generated_background_page.html","attached":false,"canAccessOpener":false,"browserContextId":"6C5A20A2221BBEBF9687B59BCBD88272"}},"sessionId":"268FBF513D3CD933C424A3660C6DCCB3"}
12:53:50.752 [nioEventLoopGroup-13-1] DEBUG com.jayway.jsonpath.internal.path.CompiledPath -- Evaluating path: $
12:53:50.752 [nioEventLoopGroup-13-1] DEBUG com.intuit.karate.driver.chrome_1718781830137 -- << {"method":"Target.targetCreated","params":{"targetInfo":{"targetId":"DE8AEE8B33F443516FB461645D0656DE","type":"page","title":"New Tab","url":"chrome://newtab/","attached":true,"canAccessOpener":false,"browserContextId":"6C5A20A2221BBEBF9687B59BCBD88272"}},"sessionId":"268FBF513D3CD933C424A3660C6DCCB3"}
12:53:50.752 [nioEventLoopGroup-13-1] DEBUG com.jayway.jsonpath.internal.path.CompiledPath -- Evaluating path: $
12:53:50.752 [nioEventLoopGroup-13-1] DEBUG com.intuit.karate.driver.chrome_1718781830137 -- << {"method":"Target.targetCreated","params":{"targetInfo":{"targetId":"E8F5BF777186C0D425E8D361B997DBB7","type":"background_page","title":"Google Hangouts","url":"chrome-extension://nkeimhogjdpnpccoofpliimaahmaaome/background.html","attached":false,"canAccessOpener":false,"browserContextId":"6C5A20A2221BBEBF9687B59BCBD88272"}},"sessionId":"268FBF513D3CD933C424A3660C6DCCB3"}
12:53:50.752 [nioEventLoopGroup-13-1] DEBUG com.jayway.jsonpath.internal.path.CompiledPath -- Evaluating path: $
12:53:50.752 [nioEventLoopGroup-13-1] DEBUG com.intuit.karate.driver.chrome_1718781830137 -- << {"id":3,"result":{},"sessionId":"268FBF513D3CD933C424A3660C6DCCB3"}
12:53:50.752 [nioEventLoopGroup-13-1] DEBUG com.jayway.jsonpath.internal.path.CompiledPath -- Evaluating path: $
12:53:50.752 [main] DEBUG com.intuit.karate.driver.chrome_1718781830137 -- >> {"id":4,"sessionId":"268FBF513D3CD933C424A3660C6DCCB3","method":"Page.enable"}
12:53:50.793 [nioEventLoopGroup-13-1] DEBUG com.intuit.karate.driver.chrome_1718781830137 -- << {"method":"Page.frameStartedLoading","params":{"frameId":"90BA2526E078B865823125683A3E083F"},"sessionId":"268FBF513D3CD933C424A3660C6DCCB3"}
12:53:50.793 [nioEventLoopGroup-13-1] DEBUG com.jayway.jsonpath.internal.path.CompiledPath -- Evaluating path: $
12:53:50.793 [nioEventLoopGroup-13-1] DEBUG com.jayway.jsonpath.internal.path.CompiledPath -- Evaluating path: $['frameId']
12:53:50.793 [nioEventLoopGroup-13-1] DEBUG com.intuit.karate.driver.chrome_1718781830137 -- << {"method":"Page.frameStoppedLoading","params":{"frameId":"90BA2526E078B865823125683A3E083F"},"sessionId":"268FBF513D3CD933C424A3660C6DCCB3"}
12:53:50.793 [nioEventLoopGroup-13-1] DEBUG com.jayway.jsonpath.internal.path.CompiledPath -- Evaluating path: $
12:53:50.793 [nioEventLoopGroup-13-1] DEBUG com.jayway.jsonpath.internal.path.CompiledPath -- Evaluating path: $['frameId']
12:53:50.806 [nioEventLoopGroup-13-1] DEBUG com.intuit.karate.driver.chrome_1718781830137 -- << {"id":4,"result":{},"sessionId":"268FBF513D3CD933C424A3660C6DCCB3"}
12:53:50.806 [nioEventLoopGroup-13-1] DEBUG com.jayway.jsonpath.internal.path.CompiledPath -- Evaluating path: $
12:53:50.806 [main] DEBUG com.intuit.karate.driver.chrome_1718781830137 -- >> {"id":5,"sessionId":"268FBF513D3CD933C424A3660C6DCCB3","method":"Runtime.enable"}
12:53:50.836 [nioEventLoopGroup-13-1] DEBUG com.intuit.karate.driver.chrome_1718781830137 -- << {"method":"Runtime.executionContextCreated","params":{"context":{"id":2,"origin":"chrome://new-tab-page","name":"","uniqueId":"5623939999085562486.4828904532484533579","auxData":{"isDefault":true,"type":"default","frameId":"90BA2526E078B865823125683A3E083F"}}},"sessionId":"268FBF513D3CD933C424A3660C6DCCB3"}
12:53:50.836 [nioEventLoopGroup-13-1] DEBUG com.jayway.jsonpath.internal.path.CompiledPath -- Evaluating path: $
12:53:50.836 [nioEventLoopGroup-13-1] DEBUG com.jayway.jsonpath.internal.path.CompiledPath -- Evaluating path: $['context']['auxData']['frameId']
12:53:50.836 [nioEventLoopGroup-13-1] DEBUG com.jayway.jsonpath.internal.path.CompiledPath -- Evaluating path: $['context']['id']
12:53:50.836 [nioEventLoopGroup-13-1] DEBUG com.intuit.karate.driver.chrome_1718781830137 -- << {"method":"Runtime.executionContextCreated","params":{"context":{"id":1,"origin":"chrome://new-tab-page","name":"","uniqueId":"-7297208162317566896.4843802451154592548","auxData":{"isDefault":true,"type":"default","frameId":"DE8AEE8B33F443516FB461645D0656DE"}}},"sessionId":"268FBF513D3CD933C424A3660C6DCCB3"}
12:53:50.836 [nioEventLoopGroup-13-1] DEBUG com.jayway.jsonpath.internal.path.CompiledPath -- Evaluating path: $
12:53:50.836 [nioEventLoopGroup-13-1] DEBUG com.jayway.jsonpath.internal.path.CompiledPath -- Evaluating path: $['context']['auxData']['frameId']
12:53:50.836 [nioEventLoopGroup-13-1] DEBUG com.jayway.jsonpath.internal.path.CompiledPath -- Evaluating path: $['context']['id']
12:53:50.836 [nioEventLoopGroup-13-1] DEBUG com.intuit.karate.driver.chrome_1718781830137 -- << {"id":5,"result":{},"sessionId":"268FBF513D3CD933C424A3660C6DCCB3"}
12:53:50.836 [nioEventLoopGroup-13-1] DEBUG com.jayway.jsonpath.internal.path.CompiledPath -- Evaluating path: $
12:53:50.836 [main] DEBUG com.jayway.jsonpath.internal.path.CompiledPath -- Evaluating path: $['targetId']
12:53:50.836 [main] DEBUG com.jayway.jsonpath.internal.path.CompiledPath -- Evaluating path: $
12:53:50.836 [main] DEBUG com.jayway.jsonpath.internal.path.CompiledPath -- Evaluating path: $
12:53:50.836 [main] DEBUG com.jayway.jsonpath.internal.JsonContext -- Put path $ key targetId value {}
12:53:50.836 [main] DEBUG com.jayway.jsonpath.internal.path.CompiledPath -- Evaluating path: $
12:53:50.836 [main] DEBUG com.jayway.jsonpath.internal.JsonContext -- Put path $ key targetId value DE8AEE8B33F443516FB461645D0656DE
12:53:50.836 [main] DEBUG com.jayway.jsonpath.internal.path.CompiledPath -- Evaluating path: $
12:53:50.836 [main] DEBUG com.intuit.karate.driver.chrome_1718781830137 -- >> {"id":6,"sessionId":"268FBF513D3CD933C424A3660C6DCCB3","method":"Browser.getWindowForTarget","params":{"targetId":"DE8AEE8B33F443516FB461645D0656DE"}}
12:53:50.836 [nioEventLoopGroup-13-1] DEBUG com.intuit.karate.driver.chrome_1718781830137 -- << {"id":6,"result":{"windowId":677781940,"bounds":{"left":10,"top":10,"width":1050,"height":652,"windowState":"normal"}},"sessionId":"268FBF513D3CD933C424A3660C6DCCB3"}
12:53:50.836 [nioEventLoopGroup-13-1] DEBUG com.jayway.jsonpath.internal.path.CompiledPath -- Evaluating path: $
12:53:50.868 [main] DEBUG com.jayway.jsonpath.internal.path.CompiledPath -- Evaluating path: $['url']
12:53:50.868 [main] DEBUG com.jayway.jsonpath.internal.path.CompiledPath -- Evaluating path: $
12:53:50.868 [main] DEBUG com.jayway.jsonpath.internal.path.CompiledPath -- Evaluating path: $
12:53:50.868 [main] DEBUG com.jayway.jsonpath.internal.JsonContext -- Put path $ key url value {}
12:53:50.868 [main] DEBUG com.jayway.jsonpath.internal.path.CompiledPath -- Evaluating path: $
12:53:50.868 [main] DEBUG com.jayway.jsonpath.internal.JsonContext -- Put path $ key url value https://www.saucedemo.com/
12:53:50.868 [main] DEBUG com.jayway.jsonpath.internal.path.CompiledPath -- Evaluating path: $
12:53:50.868 [main] DEBUG com.intuit.karate.driver.chrome_1718781830137 -- >> {"id":7,"sessionId":"268FBF513D3CD933C424A3660C6DCCB3","method":"Page.navigate","params":{"url":"https:\/\/www.saucedemo.com\/"}}
12:53:50.876 [nioEventLoopGroup-13-1] DEBUG com.intuit.karate.driver.chrome_1718781830137 -- << {"method":"Page.frameStartedLoading","params":{"frameId":"DE8AEE8B33F443516FB461645D0656DE"},"sessionId":"268FBF513D3CD933C424A3660C6DCCB3"}
12:53:50.876 [nioEventLoopGroup-13-1] DEBUG com.jayway.jsonpath.internal.path.CompiledPath -- Evaluating path: $
12:53:50.876 [nioEventLoopGroup-13-1] DEBUG com.jayway.jsonpath.internal.path.CompiledPath -- Evaluating path: $['frameId']
12:53:50.935 [nioEventLoopGroup-13-1] DEBUG com.intuit.karate.driver.chrome_1718781830137 -- << {"method":"Target.targetInfoChanged","params":{"targetInfo":{"targetId":"0938371623AD1D58B9788CFFB95D5750","type":"background_page","title":"Google Network Speech","url":"chrome-extension://neajdppkdcdipfabeoofebfddakdcjhd/_generated_background_page.html","attached":false,"canAccessOpener":false,"browserContextId":"6C5A20A2221BBEBF9687B59BCBD88272"}},"sessionId":"268FBF513D3CD933C424A3660C6DCCB3"}
12:53:50.935 [nioEventLoopGroup-13-1] DEBUG com.jayway.jsonpath.internal.path.CompiledPath -- Evaluating path: $
12:53:50.935 [nioEventLoopGroup-13-1] DEBUG com.jayway.jsonpath.internal.path.CompiledPath -- Evaluating path: $['targetInfo']['targetId']
12:53:50.948 [nioEventLoopGroup-13-1] DEBUG com.intuit.karate.driver.chrome_1718781830137 -- << {"method":"Page.domContentEventFired","params":{"timestamp":52909.455647},"sessionId":"268FBF513D3CD933C424A3660C6DCCB3"}
12:53:50.948 [nioEventLoopGroup-13-1] DEBUG com.jayway.jsonpath.internal.path.CompiledPath -- Evaluating path: $
12:53:50.948 [main] DEBUG com.jayway.jsonpath.internal.path.CompiledPath -- Evaluating path: $['expression']
12:53:50.948 [main] DEBUG com.jayway.jsonpath.internal.path.CompiledPath -- Evaluating path: $
12:53:50.948 [main] DEBUG com.jayway.jsonpath.internal.path.CompiledPath -- Evaluating path: $
12:53:50.948 [main] DEBUG com.jayway.jsonpath.internal.JsonContext -- Put path $ key expression value {}
12:53:50.948 [main] DEBUG com.jayway.jsonpath.internal.path.CompiledPath -- Evaluating path: $
12:53:50.948 [main] DEBUG com.jayway.jsonpath.internal.JsonContext -- Put path $ key expression value var e = document.evaluate("//*[@id='user-name']", document, null, 9, null).singleNodeValue; e.focus(); try { e.selectionStart = e.selectionEnd = e.value.length } catch(x) {}
12:53:50.948 [main] DEBUG com.jayway.jsonpath.internal.path.CompiledPath -- Evaluating path: $['returnByValue']
12:53:50.948 [main] DEBUG com.jayway.jsonpath.internal.path.CompiledPath -- Evaluating path: $
12:53:50.948 [main] DEBUG com.jayway.jsonpath.internal.path.CompiledPath -- Evaluating path: $
12:53:50.948 [main] DEBUG com.jayway.jsonpath.internal.JsonContext -- Put path $ key returnByValue value {}
12:53:50.948 [main] DEBUG com.jayway.jsonpath.internal.path.CompiledPath -- Evaluating path: $
12:53:50.948 [main] DEBUG com.jayway.jsonpath.internal.JsonContext -- Put path $ key returnByValue value true
12:53:50.948 [main] DEBUG com.jayway.jsonpath.internal.path.CompiledPath -- Evaluating path: $
12:53:50.948 [main] DEBUG com.intuit.karate.driver.chrome_1718781830137 -- >> {"id":8,"sessionId":"268FBF513D3CD933C424A3660C6DCCB3","method":"Runtime.evaluate","params":{"expression":"var e = document.evaluate(\"\/\/*[@id='user-name']\", document, null, 9, null).singleNodeValue; e.focus(); try { e.selectionStart = e.selectionEnd = e.value.length } catch(x) {}","returnByValue":true}}
12:53:50.964 [nioEventLoopGroup-13-1] DEBUG com.intuit.karate.driver.chrome_1718781830137 -- << {"method":"Target.targetInfoChanged","params":{"targetInfo":{"targetId":"E8F5BF777186C0D425E8D361B997DBB7","type":"background_page","title":"Google Hangouts","url":"chrome-extension://nkeimhogjdpnpccoofpliimaahmaaome/background.html","attached":false,"canAccessOpener":false,"browserContextId":"6C5A20A2221BBEBF9687B59BCBD88272"}},"sessionId":"268FBF513D3CD933C424A3660C6DCCB3"}
12:53:50.964 [nioEventLoopGroup-13-1] DEBUG com.jayway.jsonpath.internal.path.CompiledPath -- Evaluating path: $
12:53:50.964 [nioEventLoopGroup-13-1] DEBUG com.jayway.jsonpath.internal.path.CompiledPath -- Evaluating path: $['targetInfo']['targetId']
12:53:50.964 [nioEventLoopGroup-13-1] DEBUG com.intuit.karate.driver.chrome_1718781830137 -- << {"method":"Page.loadEventFired","params":{"timestamp":52909.478403},"sessionId":"268FBF513D3CD933C424A3660C6DCCB3"}
12:53:50.964 [nioEventLoopGroup-13-1] DEBUG com.jayway.jsonpath.internal.path.CompiledPath -- Evaluating path: $
12:53:50.964 [nioEventLoopGroup-13-1] DEBUG com.intuit.karate.driver.chrome_1718781830137 -- << {"method":"Page.frameStartedLoading","params":{"frameId":"DE8AEE8B33F443516FB461645D0656DE"},"sessionId":"268FBF513D3CD933C424A3660C6DCCB3"}
12:53:50.964 [nioEventLoopGroup-13-1] DEBUG com.jayway.jsonpath.internal.path.CompiledPath -- Evaluating path: $
12:53:50.964 [nioEventLoopGroup-13-1] DEBUG com.jayway.jsonpath.internal.path.CompiledPath -- Evaluating path: $['frameId']
12:53:50.980 [nioEventLoopGroup-13-1] DEBUG com.intuit.karate.driver.chrome_1718781830137 -- << {"method":"Page.frameAttached","params":{"frameId":"E189C9E05770BBF17A594FB642A8936C","parentFrameId":"DE8AEE8B33F443516FB461645D0656DE","stack":{"callFrames":[{"functionName":"__createAndInsertInstance","scriptId":"8","url":"chrome://resources/polymer/v3_0/polymer/polymer_bundled.min.js","lineNumber":0,"columnNumber":63594},{"functionName":"__ensureInstance","scriptId":"8","url":"chrome://resources/polymer/v3_0/polymer/polymer_bundled.min.js","lineNumber":0,"columnNumber":62645},{"functionName":"__render","scriptId":"8","url":"chrome://resources/polymer/v3_0/polymer/polymer_bundled.min.js","lineNumber":0,"columnNumber":62729},{"functionName":"","scriptId":"8","url":"chrome://resources/polymer/v3_0/polymer/polymer_bundled.min.js","lineNumber":0,"columnNumber":61709},{"functionName":"","scriptId":"8","url":"chrome://resources/polymer/v3_0/polymer/polymer_bundled.min.js","lineNumber":0,"columnNumber":1381},{"functionName":"","scriptId":"8","url":"chrome://resources/polymer/v3_0/polymer/polymer_bundled.min.js"," ...
12:53:50.980 [nioEventLoopGroup-13-1] DEBUG com.jayway.jsonpath.internal.path.CompiledPath -- Evaluating path: $
12:53:50.980 [nioEventLoopGroup-13-1] DEBUG com.intuit.karate.driver.chrome_1718781830137 -- << {"method":"Page.frameStartedLoading","params":{"frameId":"E189C9E05770BBF17A594FB642A8936C"},"sessionId":"268FBF513D3CD933C424A3660C6DCCB3"}
12:53:50.980 [nioEventLoopGroup-13-1] DEBUG com.jayway.jsonpath.internal.path.CompiledPath -- Evaluating path: $
12:53:50.980 [nioEventLoopGroup-13-1] DEBUG com.jayway.jsonpath.internal.path.CompiledPath -- Evaluating path: $['frameId']
12:53:50.988 [nioEventLoopGroup-13-1] DEBUG com.intuit.karate.driver.chrome_1718781830137 -- << {"id":7,"result":{"frameId":"DE8AEE8B33F443516FB461645D0656DE","loaderId":"3B2F6355ABFF5B687C48F5C5963619A0"},"sessionId":"268FBF513D3CD933C424A3660C6DCCB3"}
12:53:50.988 [nioEventLoopGroup-13-1] DEBUG com.jayway.jsonpath.internal.path.CompiledPath -- Evaluating path: $
12:53:50.994 [nioEventLoopGroup-13-1] DEBUG com.intuit.karate.driver.chrome_1718781830137 -- << {"method":"Runtime.executionContextsCleared","params":{},"sessionId":"268FBF513D3CD933C424A3660C6DCCB3"}
12:53:50.994 [nioEventLoopGroup-13-1] DEBUG com.jayway.jsonpath.internal.path.CompiledPath -- Evaluating path: $
12:53:50.997 [nioEventLoopGroup-13-1] DEBUG com.intuit.karate.driver.chrome_1718781830137 -- << {"method":"Page.frameStoppedLoading","params":{"frameId":"E189C9E05770BBF17A594FB642A8936C"},"sessionId":"268FBF513D3CD933C424A3660C6DCCB3"}
12:53:50.997 [nioEventLoopGroup-13-1] DEBUG com.jayway.jsonpath.internal.path.CompiledPath -- Evaluating path: $
12:53:50.997 [nioEventLoopGroup-13-1] DEBUG com.jayway.jsonpath.internal.path.CompiledPath -- Evaluating path: $['frameId']
12:53:51.005 [nioEventLoopGroup-13-1] DEBUG com.intuit.karate.driver.chrome_1718781830137 -- << {"method":"Target.targetInfoChanged","params":{"targetInfo":{"targetId":"DE8AEE8B33F443516FB461645D0656DE","type":"page","title":"saucedemo.com","url":"https://www.saucedemo.com/","attached":true,"canAccessOpener":false,"browserContextId":"6C5A20A2221BBEBF9687B59BCBD88272"}},"sessionId":"268FBF513D3CD933C424A3660C6DCCB3"}
12:53:51.005 [nioEventLoopGroup-13-1] DEBUG com.jayway.jsonpath.internal.path.CompiledPath -- Evaluating path: $
12:53:51.005 [nioEventLoopGroup-13-1] DEBUG com.jayway.jsonpath.internal.path.CompiledPath -- Evaluating path: $['targetInfo']['targetId']
12:53:51.005 [nioEventLoopGroup-13-1] DEBUG com.intuit.karate.driver.chrome_1718781830137 -- << {"method":"Runtime.executionContextsCleared","params":{},"sessionId":"268FBF513D3CD933C424A3660C6DCCB3"}
12:53:51.005 [nioEventLoopGroup-13-1] DEBUG com.jayway.jsonpath.internal.path.CompiledPath -- Evaluating path: $
12:53:51.005 [nioEventLoopGroup-13-1] DEBUG com.intuit.karate.driver.chrome_1718781830137 -- << {"method":"Page.frameNavigated","params":{"frame":{"id":"DE8AEE8B33F443516FB461645D0656DE","loaderId":"3B2F6355ABFF5B687C48F5C5963619A0","url":"https://www.saucedemo.com/","domainAndRegistry":"saucedemo.com","securityOrigin":"https://www.saucedemo.com","mimeType":"text/html","adFrameStatus":{"adFrameType":"none"},"secureContextType":"Secure","crossOriginIsolatedContextType":"NotIsolated","gatedAPIFeatures":[]},"type":"Navigation"},"sessionId":"268FBF513D3CD933C424A3660C6DCCB3"}
12:53:51.005 [nioEventLoopGroup-13-1] DEBUG com.jayway.jsonpath.internal.path.CompiledPath -- Evaluating path: $
12:53:51.005 [nioEventLoopGroup-13-1] DEBUG com.jayway.jsonpath.internal.path.CompiledPath -- Evaluating path: $['frame']['id']
12:53:51.005 [nioEventLoopGroup-13-1] DEBUG com.jayway.jsonpath.internal.path.CompiledPath -- Evaluating path: $['frame']['url']
12:53:51.005 [nioEventLoopGroup-13-1] DEBUG com.jayway.jsonpath.internal.path.CompiledPath -- Evaluating path: $['frame']['name']
12:53:51.005 [nioEventLoopGroup-13-1] DEBUG com.intuit.karate.driver.chrome_1718781830137 -- << {"method":"Runtime.executionContextCreated","params":{"context":{"id":1,"origin":"https://www.saucedemo.com","name":"","uniqueId":"2012013813437818678.6610397903148922018","auxData":{"isDefault":true,"type":"default","frameId":"DE8AEE8B33F443516FB461645D0656DE"}}},"sessionId":"268FBF513D3CD933C424A3660C6DCCB3"}
12:53:51.005 [nioEventLoopGroup-13-1] DEBUG com.jayway.jsonpath.internal.path.CompiledPath -- Evaluating path: $
12:53:51.005 [nioEventLoopGroup-13-1] DEBUG com.jayway.jsonpath.internal.path.CompiledPath -- Evaluating path: $['context']['auxData']['frameId']
12:53:51.005 [nioEventLoopGroup-13-1] DEBUG com.jayway.jsonpath.internal.path.CompiledPath -- Evaluating path: $['context']['id']
12:53:51.165 [nioEventLoopGroup-13-1] DEBUG com.intuit.karate.driver.chrome_1718781830137 -- << {"id":8,"result":{"result":{"type":"object","subtype":"error","className":"TypeError","description":"TypeError: Cannot read properties of null (reading 'focus')\n    at <anonymous>:1:95","objectId":"6334218420067918442.1.1"},"exceptionDetails":{"exceptionId":1,"text":"Uncaught","lineNumber":0,"columnNumber":94,"scriptId":"6","stackTrace":{"callFrames":[{"functionName":"","scriptId":"6","url":"","lineNumber":0,"columnNumber":94}]},"exception":{"type":"object","subtype":"error","className":"TypeError","description":"TypeError: Cannot read properties of null (reading 'focus')\n    at <anonymous>:1:95","objectId":"6334218420067918442.1.2"}}},"sessionId":"268FBF513D3CD933C424A3660C6DCCB3"}
12:53:51.165 [nioEventLoopGroup-13-1] DEBUG com.jayway.jsonpath.internal.path.CompiledPath -- Evaluating path: $
12:53:51.165 [nioEventLoopGroup-13-1] WARN com.intuit.karate.driver.chrome_1718781830137 -- devtools error: [id: 8, sessionId: 268FBF513D3CD933C424A3660C6DCCB3, result: [type: MAP, value: {type=object, subtype=error, className=TypeError, description=TypeError: Cannot read properties of null (reading 'focus')
    at <anonymous>:1:95, objectId=6334218420067918442.1.1}]]
12:53:51.165 [main] WARN com.intuit.karate.driver.chrome_1718781830137 -- js eval failed once:var e = document.evaluate("//*[@id='user-name']", document, null, 9, null).singleNodeValue; e.focus(); try { e.selectionStart = e.selectionEnd = e.value.length } catch(x) {}, error: [type: MAP, value: {type=object, subtype=error, className=TypeError, description=TypeError: Cannot read properties of null (reading 'focus')
    at <anonymous>:1:95, objectId=6334218420067918442.1.1}]
12:53:51.386 [nioEventLoopGroup-13-1] DEBUG com.intuit.karate.driver.chrome_1718781830137 -- << {"method":"Page.domContentEventFired","params":{"timestamp":52909.897136},"sessionId":"268FBF513D3CD933C424A3660C6DCCB3"}
12:53:51.387 [nioEventLoopGroup-13-1] DEBUG com.jayway.jsonpath.internal.path.CompiledPath -- Evaluating path: $
12:53:51.432 [nioEventLoopGroup-13-1] DEBUG com.intuit.karate.driver.chrome_1718781830137 -- << {"method":"Target.targetCreated","params":{"targetInfo":{"targetId":"5E9BE006777BD750738EE092FD8AE682","type":"service_worker","title":"Service Worker https://www.saucedemo.com/service-worker.js","url":"https://www.saucedemo.com/service-worker.js","attached":false,"canAccessOpener":false,"browserContextId":"6C5A20A2221BBEBF9687B59BCBD88272"}},"sessionId":"268FBF513D3CD933C424A3660C6DCCB3"}
12:53:51.432 [nioEventLoopGroup-13-1] DEBUG com.jayway.jsonpath.internal.path.CompiledPath -- Evaluating path: $
12:53:51.435 [nioEventLoopGroup-13-1] DEBUG com.intuit.karate.driver.chrome_1718781830137 -- << {"method":"Page.loadEventFired","params":{"timestamp":52909.940121},"sessionId":"268FBF513D3CD933C424A3660C6DCCB3"}
12:53:51.435 [nioEventLoopGroup-13-1] DEBUG com.jayway.jsonpath.internal.path.CompiledPath -- Evaluating path: $
12:53:51.435 [nioEventLoopGroup-13-1] DEBUG com.intuit.karate.driver.chrome_1718781830137 -- << {"method":"Page.frameStoppedLoading","params":{"frameId":"DE8AEE8B33F443516FB461645D0656DE"},"sessionId":"268FBF513D3CD933C424A3660C6DCCB3"}
12:53:51.435 [nioEventLoopGroup-13-1] DEBUG com.jayway.jsonpath.internal.path.CompiledPath -- Evaluating path: $
12:53:51.435 [nioEventLoopGroup-13-1] DEBUG com.jayway.jsonpath.internal.path.CompiledPath -- Evaluating path: $['frameId']
12:53:51.496 [nioEventLoopGroup-13-1] DEBUG com.intuit.karate.driver.chrome_1718781830137 -- << {"method":"Target.targetDestroyed","params":{"targetId":"5E9BE006777BD750738EE092FD8AE682"},"sessionId":"268FBF513D3CD933C424A3660C6DCCB3"}
12:53:51.496 [nioEventLoopGroup-13-1] DEBUG com.jayway.jsonpath.internal.path.CompiledPath -- Evaluating path: $
12:53:51.577 [chrome_1718781812397] WARN com.intuit.karate.shell.Command -- exit code was non-zero: 1 - [C:\Program Files\Google\Chrome\Application\chrome.exe, --remote-debugging-port=54200, --remote-allow-origins=*, --no-first-run, --user-data-dir=C:\Users\HarshvardhanNigaveka\OneDrive - Academian India Private Limited\Desktop\GitHubActions\karateUI\UI_Automation_Project\target\chrome_1718781812397, --disable-popup-blocking] working dir: target\chrome_1718781812397
12:53:52.070 [nioEventLoopGroup-12-1] DEBUG io.netty.buffer.PoolThreadCache -- Freed 40 thread-local buffer(s) from thread: nioEventLoopGroup-12-1
12:53:54.173 [main] DEBUG com.jayway.jsonpath.internal.path.CompiledPath -- Evaluating path: $['expression']
12:53:54.173 [main] DEBUG com.jayway.jsonpath.internal.path.CompiledPath -- Evaluating path: $
12:53:54.173 [main] DEBUG com.jayway.jsonpath.internal.path.CompiledPath -- Evaluating path: $
12:53:54.173 [main] DEBUG com.jayway.jsonpath.internal.JsonContext -- Put path $ key expression value {}
12:53:54.173 [main] DEBUG com.jayway.jsonpath.internal.path.CompiledPath -- Evaluating path: $
12:53:54.173 [main] DEBUG com.jayway.jsonpath.internal.JsonContext -- Put path $ key expression value var e = document.evaluate("//*[@id='user-name']", document, null, 9, null).singleNodeValue; e.focus(); try { e.selectionStart = e.selectionEnd = e.value.length } catch(x) {}
12:53:54.173 [main] DEBUG com.jayway.jsonpath.internal.path.CompiledPath -- Evaluating path: $['returnByValue']
12:53:54.173 [main] DEBUG com.jayway.jsonpath.internal.path.CompiledPath -- Evaluating path: $
12:53:54.173 [main] DEBUG com.jayway.jsonpath.internal.path.CompiledPath -- Evaluating path: $
12:53:54.173 [main] DEBUG com.jayway.jsonpath.internal.JsonContext -- Put path $ key returnByValue value {}
12:53:54.173 [main] DEBUG com.jayway.jsonpath.internal.path.CompiledPath -- Evaluating path: $
12:53:54.173 [main] DEBUG com.jayway.jsonpath.internal.JsonContext -- Put path $ key returnByValue value true
12:53:54.173 [main] DEBUG com.jayway.jsonpath.internal.path.CompiledPath -- Evaluating path: $
12:53:54.173 [main] DEBUG com.intuit.karate.driver.chrome_1718781830137 -- >> {"id":9,"sessionId":"268FBF513D3CD933C424A3660C6DCCB3","method":"Runtime.evaluate","params":{"expression":"var e = document.evaluate(\"\/\/*[@id='user-name']\", document, null, 9, null).singleNodeValue; e.focus(); try { e.selectionStart = e.selectionEnd = e.value.length } catch(x) {}","returnByValue":true}}
12:53:54.174 [nioEventLoopGroup-13-1] DEBUG com.intuit.karate.driver.chrome_1718781830137 -- << {"id":9,"result":{"result":{"type":"number","value":0,"description":"0"}},"sessionId":"268FBF513D3CD933C424A3660C6DCCB3"}
12:53:54.174 [nioEventLoopGroup-13-1] DEBUG com.jayway.jsonpath.internal.path.CompiledPath -- Evaluating path: $
12:53:54.174 [main] DEBUG com.jayway.jsonpath.internal.path.CompiledPath -- Evaluating path: $['modifiers']
12:53:54.174 [main] DEBUG com.jayway.jsonpath.internal.path.CompiledPath -- Evaluating path: $
12:53:54.174 [main] DEBUG com.jayway.jsonpath.internal.path.CompiledPath -- Evaluating path: $
12:53:54.174 [main] DEBUG com.jayway.jsonpath.internal.JsonContext -- Put path $ key modifiers value {}
12:53:54.174 [main] DEBUG com.jayway.jsonpath.internal.path.CompiledPath -- Evaluating path: $
12:53:54.174 [main] DEBUG com.jayway.jsonpath.internal.JsonContext -- Put path $ key modifiers value 0
12:53:54.174 [main] DEBUG com.jayway.jsonpath.internal.path.CompiledPath -- Evaluating path: $['type']
12:53:54.174 [main] DEBUG com.jayway.jsonpath.internal.path.CompiledPath -- Evaluating path: $
12:53:54.174 [main] DEBUG com.jayway.jsonpath.internal.path.CompiledPath -- Evaluating path: $
12:53:54.174 [main] DEBUG com.jayway.jsonpath.internal.JsonContext -- Put path $ key type value {}
12:53:54.174 [main] DEBUG com.jayway.jsonpath.internal.path.CompiledPath -- Evaluating path: $
12:53:54.174 [main] DEBUG com.jayway.jsonpath.internal.JsonContext -- Put path $ key type value rawKeyDown
12:53:54.174 [main] DEBUG com.jayway.jsonpath.internal.path.CompiledPath -- Evaluating path: $['text']
12:53:54.174 [main] DEBUG com.jayway.jsonpath.internal.path.CompiledPath -- Evaluating path: $
12:53:54.174 [main] DEBUG com.jayway.jsonpath.internal.path.CompiledPath -- Evaluating path: $
12:53:54.174 [main] DEBUG com.jayway.jsonpath.internal.JsonContext -- Put path $ key text value {}
12:53:54.174 [main] DEBUG com.jayway.jsonpath.internal.path.CompiledPath -- Evaluating path: $
12:53:54.174 [main] DEBUG com.jayway.jsonpath.internal.JsonContext -- Put path $ key text value s
12:53:54.174 [main] DEBUG com.jayway.jsonpath.internal.path.CompiledPath -- Evaluating path: $['windowsVirtualKeyCode']
12:53:54.174 [main] DEBUG com.jayway.jsonpath.internal.path.CompiledPath -- Evaluating path: $
12:53:54.174 [main] DEBUG com.jayway.jsonpath.internal.path.CompiledPath -- Evaluating path: $
12:53:54.174 [main] DEBUG com.jayway.jsonpath.internal.JsonContext -- Put path $ key windowsVirtualKeyCode value {}
12:53:54.174 [main] DEBUG com.jayway.jsonpath.internal.path.CompiledPath -- Evaluating path: $
12:53:54.174 [main] DEBUG com.jayway.jsonpath.internal.JsonContext -- Put path $ key windowsVirtualKeyCode value 115
12:53:54.174 [main] DEBUG com.jayway.jsonpath.internal.path.CompiledPath -- Evaluating path: $
12:53:54.174 [main] DEBUG com.intuit.karate.driver.chrome_1718781830137 -- >> {"id":10,"sessionId":"268FBF513D3CD933C424A3660C6DCCB3","method":"Input.dispatchKeyEvent","params":{"modifiers":0,"type":"rawKeyDown","text":"s","windowsVirtualKeyCode":115}}
12:53:54.177 [nioEventLoopGroup-13-1] DEBUG com.intuit.karate.driver.chrome_1718781830137 -- << {"id":10,"result":{},"sessionId":"268FBF513D3CD933C424A3660C6DCCB3"}
12:53:54.177 [nioEventLoopGroup-13-1] DEBUG com.jayway.jsonpath.internal.path.CompiledPath -- Evaluating path: $
12:53:54.177 [main] DEBUG com.jayway.jsonpath.internal.path.CompiledPath -- Evaluating path: $['modifiers']
12:53:54.177 [main] DEBUG com.jayway.jsonpath.internal.path.CompiledPath -- Evaluating path: $
12:53:54.177 [main] DEBUG com.jayway.jsonpath.internal.path.CompiledPath -- Evaluating path: $
12:53:54.177 [main] DEBUG com.jayway.jsonpath.internal.JsonContext -- Put path $ key modifiers value {}
12:53:54.177 [main] DEBUG com.jayway.jsonpath.internal.path.CompiledPath -- Evaluating path: $
12:53:54.177 [main] DEBUG com.jayway.jsonpath.internal.JsonContext -- Put path $ key modifiers value 0
12:53:54.177 [main] DEBUG com.jayway.jsonpath.internal.path.CompiledPath -- Evaluating path: $['type']
12:53:54.177 [main] DEBUG com.jayway.jsonpath.internal.path.CompiledPath -- Evaluating path: $
12:53:54.177 [main] DEBUG com.jayway.jsonpath.internal.path.CompiledPath -- Evaluating path: $
12:53:54.177 [main] DEBUG com.jayway.jsonpath.internal.JsonContext -- Put path $ key type value {}
12:53:54.177 [main] DEBUG com.jayway.jsonpath.internal.path.CompiledPath -- Evaluating path: $
12:53:54.177 [main] DEBUG com.jayway.jsonpath.internal.JsonContext -- Put path $ key type value char
12:53:54.177 [main] DEBUG com.jayway.jsonpath.internal.path.CompiledPath -- Evaluating path: $['text']
12:53:54.177 [main] DEBUG com.jayway.jsonpath.internal.path.CompiledPath -- Evaluating path: $
12:53:54.177 [main] DEBUG com.jayway.jsonpath.internal.path.CompiledPath -- Evaluating path: $
12:53:54.177 [main] DEBUG com.jayway.jsonpath.internal.JsonContext -- Put path $ key text value {}
12:53:54.177 [main] DEBUG com.jayway.jsonpath.internal.path.CompiledPath -- Evaluating path: $
12:53:54.177 [main] DEBUG com.jayway.jsonpath.internal.JsonContext -- Put path $ key text value s
12:53:54.177 [main] DEBUG com.jayway.jsonpath.internal.path.CompiledPath -- Evaluating path: $['windowsVirtualKeyCode']
12:53:54.177 [main] DEBUG com.jayway.jsonpath.internal.path.CompiledPath -- Evaluating path: $
12:53:54.177 [main] DEBUG com.jayway.jsonpath.internal.path.CompiledPath -- Evaluating path: $
12:53:54.177 [main] DEBUG com.jayway.jsonpath.internal.JsonContext -- Put path $ key windowsVirtualKeyCode value {}
12:53:54.177 [main] DEBUG com.jayway.jsonpath.internal.path.CompiledPath -- Evaluating path: $
12:53:54.177 [main] DEBUG com.jayway.jsonpath.internal.JsonContext -- Put path $ key windowsVirtualKeyCode value 115
12:53:54.177 [main] DEBUG com.jayway.jsonpath.internal.path.CompiledPath -- Evaluating path: $
12:53:54.177 [main] DEBUG com.intuit.karate.driver.chrome_1718781830137 -- >> {"id":11,"sessionId":"268FBF513D3CD933C424A3660C6DCCB3","method":"Input.dispatchKeyEvent","params":{"modifiers":0,"type":"char","text":"s","windowsVirtualKeyCode":115}}
12:53:54.181 [nioEventLoopGroup-13-1] DEBUG com.intuit.karate.driver.chrome_1718781830137 -- << {"id":11,"result":{},"sessionId":"268FBF513D3CD933C424A3660C6DCCB3"}
12:53:54.181 [nioEventLoopGroup-13-1] DEBUG com.jayway.jsonpath.internal.path.CompiledPath -- Evaluating path: $
12:53:54.181 [main] DEBUG com.jayway.jsonpath.internal.path.CompiledPath -- Evaluating path: $['modifiers']
12:53:54.181 [main] DEBUG com.jayway.jsonpath.internal.path.CompiledPath -- Evaluating path: $
12:53:54.181 [main] DEBUG com.jayway.jsonpath.internal.path.CompiledPath -- Evaluating path: $
12:53:54.181 [main] DEBUG com.jayway.jsonpath.internal.JsonContext -- Put path $ key modifiers value {}
12:53:54.181 [main] DEBUG com.jayway.jsonpath.internal.path.CompiledPath -- Evaluating path: $
12:53:54.181 [main] DEBUG com.jayway.jsonpath.internal.JsonContext -- Put path $ key modifiers value 0
12:53:54.181 [main] DEBUG com.jayway.jsonpath.internal.path.CompiledPath -- Evaluating path: $['type']
12:53:54.181 [main] DEBUG com.jayway.jsonpath.internal.path.CompiledPath -- Evaluating path: $
12:53:54.181 [main] DEBUG com.jayway.jsonpath.internal.path.CompiledPath -- Evaluating path: $
12:53:54.181 [main] DEBUG com.jayway.jsonpath.internal.JsonContext -- Put path $ key type value {}
12:53:54.181 [main] DEBUG com.jayway.jsonpath.internal.path.CompiledPath -- Evaluating path: $
12:53:54.181 [main] DEBUG com.jayway.jsonpath.internal.JsonContext -- Put path $ key type value keyUp
12:53:54.181 [main] DEBUG com.jayway.jsonpath.internal.path.CompiledPath -- Evaluating path: $['text']
12:53:54.181 [main] DEBUG com.jayway.jsonpath.internal.path.CompiledPath -- Evaluating path: $
12:53:54.181 [main] DEBUG com.jayway.jsonpath.internal.path.CompiledPath -- Evaluating path: $
12:53:54.181 [main] DEBUG com.jayway.jsonpath.internal.JsonContext -- Put path $ key text value {}
12:53:54.181 [main] DEBUG com.jayway.jsonpath.internal.path.CompiledPath -- Evaluating path: $
12:53:54.181 [main] DEBUG com.jayway.jsonpath.internal.JsonContext -- Put path $ key text value s
12:53:54.181 [main] DEBUG com.jayway.jsonpath.internal.path.CompiledPath -- Evaluating path: $['windowsVirtualKeyCode']
12:53:54.181 [main] DEBUG com.jayway.jsonpath.internal.path.CompiledPath -- Evaluating path: $
12:53:54.181 [main] DEBUG com.jayway.jsonpath.internal.path.CompiledPath -- Evaluating path: $
12:53:54.181 [main] DEBUG com.jayway.jsonpath.internal.JsonContext -- Put path $ key windowsVirtualKeyCode value {}
12:53:54.181 [main] DEBUG com.jayway.jsonpath.internal.path.CompiledPath -- Evaluating path: $
12:53:54.181 [main] DEBUG com.jayway.jsonpath.internal.JsonContext -- Put path $ key windowsVirtualKeyCode value 115
12:53:54.181 [main] DEBUG com.jayway.jsonpath.internal.path.CompiledPath -- Evaluating path: $
12:53:54.181 [main] DEBUG com.intuit.karate.driver.chrome_1718781830137 -- >> {"id":12,"sessionId":"268FBF513D3CD933C424A3660C6DCCB3","method":"Input.dispatchKeyEvent","params":{"modifiers":0,"type":"keyUp","text":"s","windowsVirtualKeyCode":115}}
12:53:54.182 [nioEventLoopGroup-13-1] DEBUG com.intuit.karate.driver.chrome_1718781830137 -- << {"id":12,"result":{},"sessionId":"268FBF513D3CD933C424A3660C6DCCB3"}
12:53:54.182 [nioEventLoopGroup-13-1] DEBUG com.jayway.jsonpath.internal.path.CompiledPath -- Evaluating path: $
12:53:54.182 [main] DEBUG com.jayway.jsonpath.internal.path.CompiledPath -- Evaluating path: $['modifiers']
12:53:54.182 [main] DEBUG com.jayway.jsonpath.internal.path.CompiledPath -- Evaluating path: $
12:53:54.182 [main] DEBUG com.jayway.jsonpath.internal.path.CompiledPath -- Evaluating path: $
12:53:54.182 [main] DEBUG com.jayway.jsonpath.internal.JsonContext -- Put path $ key modifiers value {}
12:53:54.182 [main] DEBUG com.jayway.jsonpath.internal.path.CompiledPath -- Evaluating path: $
12:53:54.182 [main] DEBUG com.jayway.jsonpath.internal.JsonContext -- Put path $ key modifiers value 0
12:53:54.182 [main] DEBUG com.jayway.jsonpath.internal.path.CompiledPath -- Evaluating path: $['type']
12:53:54.182 [main] DEBUG com.jayway.jsonpath.internal.path.CompiledPath -- Evaluating path: $
12:53:54.182 [main] DEBUG com.jayway.jsonpath.internal.path.CompiledPath -- Evaluating path: $
12:53:54.182 [main] DEBUG com.jayway.jsonpath.internal.JsonContext -- Put path $ key type value {}
12:53:54.182 [main] DEBUG com.jayway.jsonpath.internal.path.CompiledPath -- Evaluating path: $
12:53:54.182 [main] DEBUG com.jayway.jsonpath.internal.JsonContext -- Put path $ key type value rawKeyDown
12:53:54.182 [main] DEBUG com.jayway.jsonpath.internal.path.CompiledPath -- Evaluating path: $['text']
12:53:54.182 [main] DEBUG com.jayway.jsonpath.internal.path.CompiledPath -- Evaluating path: $
12:53:54.182 [main] DEBUG com.jayway.jsonpath.internal.path.CompiledPath -- Evaluating path: $
12:53:54.182 [main] DEBUG com.jayway.jsonpath.internal.JsonContext -- Put path $ key text value {}
12:53:54.182 [main] DEBUG com.jayway.jsonpath.internal.path.CompiledPath -- Evaluating path: $
12:53:54.182 [main] DEBUG com.jayway.jsonpath.internal.JsonContext -- Put path $ key text value t
12:53:54.182 [main] DEBUG com.jayway.jsonpath.internal.path.CompiledPath -- Evaluating path: $['windowsVirtualKeyCode']
12:53:54.182 [main] DEBUG com.jayway.jsonpath.internal.path.CompiledPath -- Evaluating path: $
12:53:54.182 [main] DEBUG com.jayway.jsonpath.internal.path.CompiledPath -- Evaluating path: $
12:53:54.182 [main] DEBUG com.jayway.jsonpath.internal.JsonContext -- Put path $ key windowsVirtualKeyCode value {}
12:53:54.182 [main] DEBUG com.jayway.jsonpath.internal.path.CompiledPath -- Evaluating path: $
12:53:54.182 [main] DEBUG com.jayway.jsonpath.internal.JsonContext -- Put path $ key windowsVirtualKeyCode value 116
12:53:54.182 [main] DEBUG com.jayway.jsonpath.internal.path.CompiledPath -- Evaluating path: $
12:53:54.182 [main] DEBUG com.intuit.karate.driver.chrome_1718781830137 -- >> {"id":13,"sessionId":"268FBF513D3CD933C424A3660C6DCCB3","method":"Input.dispatchKeyEvent","params":{"modifiers":0,"type":"rawKeyDown","text":"t","windowsVirtualKeyCode":116}}
12:53:54.183 [nioEventLoopGroup-13-1] DEBUG com.intuit.karate.driver.chrome_1718781830137 -- << {"id":13,"result":{},"sessionId":"268FBF513D3CD933C424A3660C6DCCB3"}
12:53:54.183 [nioEventLoopGroup-13-1] DEBUG com.jayway.jsonpath.internal.path.CompiledPath -- Evaluating path: $
12:53:54.183 [main] DEBUG com.jayway.jsonpath.internal.path.CompiledPath -- Evaluating path: $['modifiers']
12:53:54.183 [main] DEBUG com.jayway.jsonpath.internal.path.CompiledPath -- Evaluating path: $
12:53:54.183 [main] DEBUG com.jayway.jsonpath.internal.path.CompiledPath -- Evaluating path: $
12:53:54.183 [main] DEBUG com.jayway.jsonpath.internal.JsonContext -- Put path $ key modifiers value {}
12:53:54.183 [main] DEBUG com.jayway.jsonpath.internal.path.CompiledPath -- Evaluating path: $
12:53:54.183 [main] DEBUG com.jayway.jsonpath.internal.JsonContext -- Put path $ key modifiers value 0
12:53:54.183 [main] DEBUG com.jayway.jsonpath.internal.path.CompiledPath -- Evaluating path: $['type']
12:53:54.183 [main] DEBUG com.jayway.jsonpath.internal.path.CompiledPath -- Evaluating path: $
12:53:54.183 [main] DEBUG com.jayway.jsonpath.internal.path.CompiledPath -- Evaluating path: $
12:53:54.183 [main] DEBUG com.jayway.jsonpath.internal.JsonContext -- Put path $ key type value {}
12:53:54.183 [main] DEBUG com.jayway.jsonpath.internal.path.CompiledPath -- Evaluating path: $
12:53:54.183 [main] DEBUG com.jayway.jsonpath.internal.JsonContext -- Put path $ key type value char
12:53:54.183 [main] DEBUG com.jayway.jsonpath.internal.path.CompiledPath -- Evaluating path: $['text']
12:53:54.183 [main] DEBUG com.jayway.jsonpath.internal.path.CompiledPath -- Evaluating path: $
12:53:54.183 [main] DEBUG com.jayway.jsonpath.internal.path.CompiledPath -- Evaluating path: $
12:53:54.183 [main] DEBUG com.jayway.jsonpath.internal.JsonContext -- Put path $ key text value {}
12:53:54.183 [main] DEBUG com.jayway.jsonpath.internal.path.CompiledPath -- Evaluating path: $
12:53:54.183 [main] DEBUG com.jayway.jsonpath.internal.JsonContext -- Put path $ key text value t
12:53:54.183 [main] DEBUG com.jayway.jsonpath.internal.path.CompiledPath -- Evaluating path: $['windowsVirtualKeyCode']
12:53:54.183 [main] DEBUG com.jayway.jsonpath.internal.path.CompiledPath -- Evaluating path: $
12:53:54.183 [main] DEBUG com.jayway.jsonpath.internal.path.CompiledPath -- Evaluating path: $
12:53:54.183 [main] DEBUG com.jayway.jsonpath.internal.JsonContext -- Put path $ key windowsVirtualKeyCode value {}
12:53:54.183 [main] DEBUG com.jayway.jsonpath.internal.path.CompiledPath -- Evaluating path: $
12:53:54.183 [main] DEBUG com.jayway.jsonpath.internal.JsonContext -- Put path $ key windowsVirtualKeyCode value 116
12:53:54.183 [main] DEBUG com.jayway.jsonpath.internal.path.CompiledPath -- Evaluating path: $
12:53:54.183 [main] DEBUG com.intuit.karate.driver.chrome_1718781830137 -- >> {"id":14,"sessionId":"268FBF513D3CD933C424A3660C6DCCB3","method":"Input.dispatchKeyEvent","params":{"modifiers":0,"type":"char","text":"t","windowsVirtualKeyCode":116}}
12:53:54.183 [nioEventLoopGroup-13-1] DEBUG com.intuit.karate.driver.chrome_1718781830137 -- << {"id":14,"result":{},"sessionId":"268FBF513D3CD933C424A3660C6DCCB3"}
12:53:54.183 [nioEventLoopGroup-13-1] DEBUG com.jayway.jsonpath.internal.path.CompiledPath -- Evaluating path: $
12:53:54.183 [main] DEBUG com.jayway.jsonpath.internal.path.CompiledPath -- Evaluating path: $['modifiers']
12:53:54.183 [main] DEBUG com.jayway.jsonpath.internal.path.CompiledPath -- Evaluating path: $
12:53:54.183 [main] DEBUG com.jayway.jsonpath.internal.path.CompiledPath -- Evaluating path: $
12:53:54.183 [main] DEBUG com.jayway.jsonpath.internal.JsonContext -- Put path $ key modifiers value {}
12:53:54.183 [main] DEBUG com.jayway.jsonpath.internal.path.CompiledPath -- Evaluating path: $
12:53:54.183 [main] DEBUG com.jayway.jsonpath.internal.JsonContext -- Put path $ key modifiers value 0
12:53:54.183 [main] DEBUG com.jayway.jsonpath.internal.path.CompiledPath -- Evaluating path: $['type']
12:53:54.183 [main] DEBUG com.jayway.jsonpath.internal.path.CompiledPath -- Evaluating path: $
12:53:54.183 [main] DEBUG com.jayway.jsonpath.internal.path.CompiledPath -- Evaluating path: $
12:53:54.183 [main] DEBUG com.jayway.jsonpath.internal.JsonContext -- Put path $ key type value {}
12:53:54.183 [main] DEBUG com.jayway.jsonpath.internal.path.CompiledPath -- Evaluating path: $
12:53:54.183 [main] DEBUG com.jayway.jsonpath.internal.JsonContext -- Put path $ key type value keyUp
12:53:54.183 [main] DEBUG com.jayway.jsonpath.internal.path.CompiledPath -- Evaluating path: $['text']
12:53:54.183 [main] DEBUG com.jayway.jsonpath.internal.path.CompiledPath -- Evaluating path: $
12:53:54.183 [main] DEBUG com.jayway.jsonpath.internal.path.CompiledPath -- Evaluating path: $
12:53:54.183 [main] DEBUG com.jayway.jsonpath.internal.JsonContext -- Put path $ key text value {}
12:53:54.183 [main] DEBUG com.jayway.jsonpath.internal.path.CompiledPath -- Evaluating path: $
12:53:54.183 [main] DEBUG com.jayway.jsonpath.internal.JsonContext -- Put path $ key text value t
12:53:54.183 [main] DEBUG com.jayway.jsonpath.internal.path.CompiledPath -- Evaluating path: $['windowsVirtualKeyCode']
12:53:54.183 [main] DEBUG com.jayway.jsonpath.internal.path.CompiledPath -- Evaluating path: $
12:53:54.183 [main] DEBUG com.jayway.jsonpath.internal.path.CompiledPath -- Evaluating path: $
12:53:54.183 [main] DEBUG com.jayway.jsonpath.internal.JsonContext -- Put path $ key windowsVirtualKeyCode value {}
12:53:54.183 [main] DEBUG com.jayway.jsonpath.internal.path.CompiledPath -- Evaluating path: $
12:53:54.183 [main] DEBUG com.jayway.jsonpath.internal.JsonContext -- Put path $ key windowsVirtualKeyCode value 116
12:53:54.183 [main] DEBUG com.jayway.jsonpath.internal.path.CompiledPath -- Evaluating path: $
12:53:54.183 [main] DEBUG com.intuit.karate.driver.chrome_1718781830137 -- >> {"id":15,"sessionId":"268FBF513D3CD933C424A3660C6DCCB3","method":"Input.dispatchKeyEvent","params":{"modifiers":0,"type":"keyUp","text":"t","windowsVirtualKeyCode":116}}
12:53:54.183 [nioEventLoopGroup-13-1] DEBUG com.intuit.karate.driver.chrome_1718781830137 -- << {"id":15,"result":{},"sessionId":"268FBF513D3CD933C424A3660C6DCCB3"}
12:53:54.183 [nioEventLoopGroup-13-1] DEBUG com.jayway.jsonpath.internal.path.CompiledPath -- Evaluating path: $
12:53:54.183 [main] DEBUG com.jayway.jsonpath.internal.path.CompiledPath -- Evaluating path: $['modifiers']
12:53:54.183 [main] DEBUG com.jayway.jsonpath.internal.path.CompiledPath -- Evaluating path: $
12:53:54.183 [main] DEBUG com.jayway.jsonpath.internal.path.CompiledPath -- Evaluating path: $
12:53:54.183 [main] DEBUG com.jayway.jsonpath.internal.JsonContext -- Put path $ key modifiers value {}
12:53:54.183 [main] DEBUG com.jayway.jsonpath.internal.path.CompiledPath -- Evaluating path: $
12:53:54.183 [main] DEBUG com.jayway.jsonpath.internal.JsonContext -- Put path $ key modifiers value 0
12:53:54.183 [main] DEBUG com.jayway.jsonpath.internal.path.CompiledPath -- Evaluating path: $['type']
12:53:54.183 [main] DEBUG com.jayway.jsonpath.internal.path.CompiledPath -- Evaluating path: $
12:53:54.183 [main] DEBUG com.jayway.jsonpath.internal.path.CompiledPath -- Evaluating path: $
12:53:54.183 [main] DEBUG com.jayway.jsonpath.internal.JsonContext -- Put path $ key type value {}
12:53:54.183 [main] DEBUG com.jayway.jsonpath.internal.path.CompiledPath -- Evaluating path: $
12:53:54.183 [main] DEBUG com.jayway.jsonpath.internal.JsonContext -- Put path $ key type value rawKeyDown
12:53:54.183 [main] DEBUG com.jayway.jsonpath.internal.path.CompiledPath -- Evaluating path: $['text']
12:53:54.183 [main] DEBUG com.jayway.jsonpath.internal.path.CompiledPath -- Evaluating path: $
12:53:54.183 [main] DEBUG com.jayway.jsonpath.internal.path.CompiledPath -- Evaluating path: $
12:53:54.183 [main] DEBUG com.jayway.jsonpath.internal.JsonContext -- Put path $ key text value {}
12:53:54.183 [main] DEBUG com.jayway.jsonpath.internal.path.CompiledPath -- Evaluating path: $
12:53:54.183 [main] DEBUG com.jayway.jsonpath.internal.JsonContext -- Put path $ key text value a
12:53:54.183 [main] DEBUG com.jayway.jsonpath.internal.path.CompiledPath -- Evaluating path: $['windowsVirtualKeyCode']
12:53:54.183 [main] DEBUG com.jayway.jsonpath.internal.path.CompiledPath -- Evaluating path: $
12:53:54.183 [main] DEBUG com.jayway.jsonpath.internal.path.CompiledPath -- Evaluating path: $
12:53:54.183 [main] DEBUG com.jayway.jsonpath.internal.JsonContext -- Put path $ key windowsVirtualKeyCode value {}
12:53:54.183 [main] DEBUG com.jayway.jsonpath.internal.path.CompiledPath -- Evaluating path: $
12:53:54.183 [main] DEBUG com.jayway.jsonpath.internal.JsonContext -- Put path $ key windowsVirtualKeyCode value 97
12:53:54.183 [main] DEBUG com.jayway.jsonpath.internal.path.CompiledPath -- Evaluating path: $
12:53:54.183 [main] DEBUG com.intuit.karate.driver.chrome_1718781830137 -- >> {"id":16,"sessionId":"268FBF513D3CD933C424A3660C6DCCB3","method":"Input.dispatchKeyEvent","params":{"modifiers":0,"type":"rawKeyDown","text":"a","windowsVirtualKeyCode":97}}
12:53:54.183 [nioEventLoopGroup-13-1] DEBUG com.intuit.karate.driver.chrome_1718781830137 -- << {"id":16,"result":{},"sessionId":"268FBF513D3CD933C424A3660C6DCCB3"}
12:53:54.183 [nioEventLoopGroup-13-1] DEBUG com.jayway.jsonpath.internal.path.CompiledPath -- Evaluating path: $
12:53:54.183 [main] DEBUG com.jayway.jsonpath.internal.path.CompiledPath -- Evaluating path: $['modifiers']
12:53:54.183 [main] DEBUG com.jayway.jsonpath.internal.path.CompiledPath -- Evaluating path: $
12:53:54.183 [main] DEBUG com.jayway.jsonpath.internal.path.CompiledPath -- Evaluating path: $
12:53:54.183 [main] DEBUG com.jayway.jsonpath.internal.JsonContext -- Put path $ key modifiers value {}
12:53:54.183 [main] DEBUG com.jayway.jsonpath.internal.path.CompiledPath -- Evaluating path: $
12:53:54.183 [main] DEBUG com.jayway.jsonpath.internal.JsonContext -- Put path $ key modifiers value 0
12:53:54.183 [main] DEBUG com.jayway.jsonpath.internal.path.CompiledPath -- Evaluating path: $['type']
12:53:54.183 [main] DEBUG com.jayway.jsonpath.internal.path.CompiledPath -- Evaluating path: $
12:53:54.183 [main] DEBUG com.jayway.jsonpath.internal.path.CompiledPath -- Evaluating path: $
12:53:54.183 [main] DEBUG com.jayway.jsonpath.internal.JsonContext -- Put path $ key type value {}
12:53:54.183 [main] DEBUG com.jayway.jsonpath.internal.path.CompiledPath -- Evaluating path: $
12:53:54.183 [main] DEBUG com.jayway.jsonpath.internal.JsonContext -- Put path $ key type value char
12:53:54.183 [main] DEBUG com.jayway.jsonpath.internal.path.CompiledPath -- Evaluating path: $['text']
12:53:54.183 [main] DEBUG com.jayway.jsonpath.internal.path.CompiledPath -- Evaluating path: $
12:53:54.183 [main] DEBUG com.jayway.jsonpath.internal.path.CompiledPath -- Evaluating path: $
12:53:54.183 [main] DEBUG com.jayway.jsonpath.internal.JsonContext -- Put path $ key text value {}
12:53:54.183 [main] DEBUG com.jayway.jsonpath.internal.path.CompiledPath -- Evaluating path: $
12:53:54.183 [main] DEBUG com.jayway.jsonpath.internal.JsonContext -- Put path $ key text value a
12:53:54.183 [main] DEBUG com.jayway.jsonpath.internal.path.CompiledPath -- Evaluating path: $['windowsVirtualKeyCode']
12:53:54.183 [main] DEBUG com.jayway.jsonpath.internal.path.CompiledPath -- Evaluating path: $
12:53:54.183 [main] DEBUG com.jayway.jsonpath.internal.path.CompiledPath -- Evaluating path: $
12:53:54.183 [main] DEBUG com.jayway.jsonpath.internal.JsonContext -- Put path $ key windowsVirtualKeyCode value {}
12:53:54.183 [main] DEBUG com.jayway.jsonpath.internal.path.CompiledPath -- Evaluating path: $
12:53:54.183 [main] DEBUG com.jayway.jsonpath.internal.JsonContext -- Put path $ key windowsVirtualKeyCode value 97
12:53:54.183 [main] DEBUG com.jayway.jsonpath.internal.path.CompiledPath -- Evaluating path: $
12:53:54.183 [main] DEBUG com.intuit.karate.driver.chrome_1718781830137 -- >> {"id":17,"sessionId":"268FBF513D3CD933C424A3660C6DCCB3","method":"Input.dispatchKeyEvent","params":{"modifiers":0,"type":"char","text":"a","windowsVirtualKeyCode":97}}
12:53:54.193 [nioEventLoopGroup-13-1] DEBUG com.intuit.karate.driver.chrome_1718781830137 -- << {"id":17,"result":{},"sessionId":"268FBF513D3CD933C424A3660C6DCCB3"}
12:53:54.193 [nioEventLoopGroup-13-1] DEBUG com.jayway.jsonpath.internal.path.CompiledPath -- Evaluating path: $
12:53:54.193 [main] DEBUG com.jayway.jsonpath.internal.path.CompiledPath -- Evaluating path: $['modifiers']
12:53:54.193 [main] DEBUG com.jayway.jsonpath.internal.path.CompiledPath -- Evaluating path: $
12:53:54.193 [main] DEBUG com.jayway.jsonpath.internal.path.CompiledPath -- Evaluating path: $
12:53:54.193 [main] DEBUG com.jayway.jsonpath.internal.JsonContext -- Put path $ key modifiers value {}
12:53:54.193 [main] DEBUG com.jayway.jsonpath.internal.path.CompiledPath -- Evaluating path: $
12:53:54.193 [main] DEBUG com.jayway.jsonpath.internal.JsonContext -- Put path $ key modifiers value 0
12:53:54.193 [main] DEBUG com.jayway.jsonpath.internal.path.CompiledPath -- Evaluating path: $['type']
12:53:54.193 [main] DEBUG com.jayway.jsonpath.internal.path.CompiledPath -- Evaluating path: $
12:53:54.193 [main] DEBUG com.jayway.jsonpath.internal.path.CompiledPath -- Evaluating path: $
12:53:54.193 [main] DEBUG com.jayway.jsonpath.internal.JsonContext -- Put path $ key type value {}
12:53:54.193 [main] DEBUG com.jayway.jsonpath.internal.path.CompiledPath -- Evaluating path: $
12:53:54.193 [main] DEBUG com.jayway.jsonpath.internal.JsonContext -- Put path $ key type value keyUp
12:53:54.193 [main] DEBUG com.jayway.jsonpath.internal.path.CompiledPath -- Evaluating path: $['text']
12:53:54.193 [main] DEBUG com.jayway.jsonpath.internal.path.CompiledPath -- Evaluating path: $
12:53:54.193 [main] DEBUG com.jayway.jsonpath.internal.path.CompiledPath -- Evaluating path: $
12:53:54.193 [main] DEBUG com.jayway.jsonpath.internal.JsonContext -- Put path $ key text value {}
12:53:54.193 [main] DEBUG com.jayway.jsonpath.internal.path.CompiledPath -- Evaluating path: $
12:53:54.193 [main] DEBUG com.jayway.jsonpath.internal.JsonContext -- Put path $ key text value a
12:53:54.193 [main] DEBUG com.jayway.jsonpath.internal.path.CompiledPath -- Evaluating path: $['windowsVirtualKeyCode']
12:53:54.193 [main] DEBUG com.jayway.jsonpath.internal.path.CompiledPath -- Evaluating path: $
12:53:54.193 [main] DEBUG com.jayway.jsonpath.internal.path.CompiledPath -- Evaluating path: $
12:53:54.193 [main] DEBUG com.jayway.jsonpath.internal.JsonContext -- Put path $ key windowsVirtualKeyCode value {}
12:53:54.193 [main] DEBUG com.jayway.jsonpath.internal.path.CompiledPath -- Evaluating path: $
12:53:54.193 [main] DEBUG com.jayway.jsonpath.internal.JsonContext -- Put path $ key windowsVirtualKeyCode value 97
12:53:54.193 [main] DEBUG com.jayway.jsonpath.internal.path.CompiledPath -- Evaluating path: $
12:53:54.193 [main] DEBUG com.intuit.karate.driver.chrome_1718781830137 -- >> {"id":18,"sessionId":"268FBF513D3CD933C424A3660C6DCCB3","method":"Input.dispatchKeyEvent","params":{"modifiers":0,"type":"keyUp","text":"a","windowsVirtualKeyCode":97}}
12:53:54.198 [nioEventLoopGroup-13-1] DEBUG com.intuit.karate.driver.chrome_1718781830137 -- << {"id":18,"result":{},"sessionId":"268FBF513D3CD933C424A3660C6DCCB3"}
12:53:54.198 [nioEventLoopGroup-13-1] DEBUG com.jayway.jsonpath.internal.path.CompiledPath -- Evaluating path: $
12:53:54.198 [main] DEBUG com.jayway.jsonpath.internal.path.CompiledPath -- Evaluating path: $['modifiers']
12:53:54.198 [main] DEBUG com.jayway.jsonpath.internal.path.CompiledPath -- Evaluating path: $
12:53:54.198 [main] DEBUG com.jayway.jsonpath.internal.path.CompiledPath -- Evaluating path: $
12:53:54.198 [main] DEBUG com.jayway.jsonpath.internal.JsonContext -- Put path $ key modifiers value {}
12:53:54.198 [main] DEBUG com.jayway.jsonpath.internal.path.CompiledPath -- Evaluating path: $
12:53:54.198 [main] DEBUG com.jayway.jsonpath.internal.JsonContext -- Put path $ key modifiers value 0
12:53:54.198 [main] DEBUG com.jayway.jsonpath.internal.path.CompiledPath -- Evaluating path: $['type']
12:53:54.198 [main] DEBUG com.jayway.jsonpath.internal.path.CompiledPath -- Evaluating path: $
12:53:54.198 [main] DEBUG com.jayway.jsonpath.internal.path.CompiledPath -- Evaluating path: $
12:53:54.198 [main] DEBUG com.jayway.jsonpath.internal.JsonContext -- Put path $ key type value {}
12:53:54.198 [main] DEBUG com.jayway.jsonpath.internal.path.CompiledPath -- Evaluating path: $
12:53:54.198 [main] DEBUG com.jayway.jsonpath.internal.JsonContext -- Put path $ key type value rawKeyDown
12:53:54.198 [main] DEBUG com.jayway.jsonpath.internal.path.CompiledPath -- Evaluating path: $['text']
12:53:54.198 [main] DEBUG com.jayway.jsonpath.internal.path.CompiledPath -- Evaluating path: $
12:53:54.198 [main] DEBUG com.jayway.jsonpath.internal.path.CompiledPath -- Evaluating path: $
12:53:54.198 [main] DEBUG com.jayway.jsonpath.internal.JsonContext -- Put path $ key text value {}
12:53:54.198 [main] DEBUG com.jayway.jsonpath.internal.path.CompiledPath -- Evaluating path: $
12:53:54.198 [main] DEBUG com.jayway.jsonpath.internal.JsonContext -- Put path $ key text value n
12:53:54.198 [main] DEBUG com.jayway.jsonpath.internal.path.CompiledPath -- Evaluating path: $['windowsVirtualKeyCode']
12:53:54.198 [main] DEBUG com.jayway.jsonpath.internal.path.CompiledPath -- Evaluating path: $
12:53:54.198 [main] DEBUG com.jayway.jsonpath.internal.path.CompiledPath -- Evaluating path: $
12:53:54.198 [main] DEBUG com.jayway.jsonpath.internal.JsonContext -- Put path $ key windowsVirtualKeyCode value {}
12:53:54.198 [main] DEBUG com.jayway.jsonpath.internal.path.CompiledPath -- Evaluating path: $
12:53:54.198 [main] DEBUG com.jayway.jsonpath.internal.JsonContext -- Put path $ key windowsVirtualKeyCode value 110
12:53:54.198 [main] DEBUG com.jayway.jsonpath.internal.path.CompiledPath -- Evaluating path: $
12:53:54.198 [main] DEBUG com.intuit.karate.driver.chrome_1718781830137 -- >> {"id":19,"sessionId":"268FBF513D3CD933C424A3660C6DCCB3","method":"Input.dispatchKeyEvent","params":{"modifiers":0,"type":"rawKeyDown","text":"n","windowsVirtualKeyCode":110}}
12:53:54.198 [nioEventLoopGroup-13-1] DEBUG com.intuit.karate.driver.chrome_1718781830137 -- << {"id":19,"result":{},"sessionId":"268FBF513D3CD933C424A3660C6DCCB3"}
12:53:54.198 [nioEventLoopGroup-13-1] DEBUG com.jayway.jsonpath.internal.path.CompiledPath -- Evaluating path: $
12:53:54.198 [main] DEBUG com.jayway.jsonpath.internal.path.CompiledPath -- Evaluating path: $['modifiers']
12:53:54.198 [main] DEBUG com.jayway.jsonpath.internal.path.CompiledPath -- Evaluating path: $
12:53:54.198 [main] DEBUG com.jayway.jsonpath.internal.path.CompiledPath -- Evaluating path: $
12:53:54.198 [main] DEBUG com.jayway.jsonpath.internal.JsonContext -- Put path $ key modifiers value {}
12:53:54.198 [main] DEBUG com.jayway.jsonpath.internal.path.CompiledPath -- Evaluating path: $
12:53:54.198 [main] DEBUG com.jayway.jsonpath.internal.JsonContext -- Put path $ key modifiers value 0
12:53:54.198 [main] DEBUG com.jayway.jsonpath.internal.path.CompiledPath -- Evaluating path: $['type']
12:53:54.198 [main] DEBUG com.jayway.jsonpath.internal.path.CompiledPath -- Evaluating path: $
12:53:54.198 [main] DEBUG com.jayway.jsonpath.internal.path.CompiledPath -- Evaluating path: $
12:53:54.198 [main] DEBUG com.jayway.jsonpath.internal.JsonContext -- Put path $ key type value {}
12:53:54.198 [main] DEBUG com.jayway.jsonpath.internal.path.CompiledPath -- Evaluating path: $
12:53:54.198 [main] DEBUG com.jayway.jsonpath.internal.JsonContext -- Put path $ key type value char
12:53:54.198 [main] DEBUG com.jayway.jsonpath.internal.path.CompiledPath -- Evaluating path: $['text']
12:53:54.198 [main] DEBUG com.jayway.jsonpath.internal.path.CompiledPath -- Evaluating path: $
12:53:54.198 [main] DEBUG com.jayway.jsonpath.internal.path.CompiledPath -- Evaluating path: $
12:53:54.198 [main] DEBUG com.jayway.jsonpath.internal.JsonContext -- Put path $ key text value {}
12:53:54.198 [main] DEBUG com.jayway.jsonpath.internal.path.CompiledPath -- Evaluating path: $
12:53:54.198 [main] DEBUG com.jayway.jsonpath.internal.JsonContext -- Put path $ key text value n
12:53:54.198 [main] DEBUG com.jayway.jsonpath.internal.path.CompiledPath -- Evaluating path: $['windowsVirtualKeyCode']
12:53:54.198 [main] DEBUG com.jayway.jsonpath.internal.path.CompiledPath -- Evaluating path: $
12:53:54.198 [main] DEBUG com.jayway.jsonpath.internal.path.CompiledPath -- Evaluating path: $
12:53:54.198 [main] DEBUG com.jayway.jsonpath.internal.JsonContext -- Put path $ key windowsVirtualKeyCode value {}
12:53:54.198 [main] DEBUG com.jayway.jsonpath.internal.path.CompiledPath -- Evaluating path: $
12:53:54.198 [main] DEBUG com.jayway.jsonpath.internal.JsonContext -- Put path $ key windowsVirtualKeyCode value 110
12:53:54.198 [main] DEBUG com.jayway.jsonpath.internal.path.CompiledPath -- Evaluating path: $
12:53:54.198 [main] DEBUG com.intuit.karate.driver.chrome_1718781830137 -- >> {"id":20,"sessionId":"268FBF513D3CD933C424A3660C6DCCB3","method":"Input.dispatchKeyEvent","params":{"modifiers":0,"type":"char","text":"n","windowsVirtualKeyCode":110}}
12:53:54.198 [nioEventLoopGroup-13-1] DEBUG com.intuit.karate.driver.chrome_1718781830137 -- << {"id":20,"result":{},"sessionId":"268FBF513D3CD933C424A3660C6DCCB3"}
12:53:54.198 [nioEventLoopGroup-13-1] DEBUG com.jayway.jsonpath.internal.path.CompiledPath -- Evaluating path: $
12:53:54.198 [main] DEBUG com.jayway.jsonpath.internal.path.CompiledPath -- Evaluating path: $['modifiers']
12:53:54.198 [main] DEBUG com.jayway.jsonpath.internal.path.CompiledPath -- Evaluating path: $
12:53:54.198 [main] DEBUG com.jayway.jsonpath.internal.path.CompiledPath -- Evaluating path: $
12:53:54.198 [main] DEBUG com.jayway.jsonpath.internal.JsonContext -- Put path $ key modifiers value {}
12:53:54.198 [main] DEBUG com.jayway.jsonpath.internal.path.CompiledPath -- Evaluating path: $
12:53:54.198 [main] DEBUG com.jayway.jsonpath.internal.JsonContext -- Put path $ key modifiers value 0
12:53:54.198 [main] DEBUG com.jayway.jsonpath.internal.path.CompiledPath -- Evaluating path: $['type']
12:53:54.198 [main] DEBUG com.jayway.jsonpath.internal.path.CompiledPath -- Evaluating path: $
12:53:54.198 [main] DEBUG com.jayway.jsonpath.internal.path.CompiledPath -- Evaluating path: $
12:53:54.198 [main] DEBUG com.jayway.jsonpath.internal.JsonContext -- Put path $ key type value {}
12:53:54.198 [main] DEBUG com.jayway.jsonpath.internal.path.CompiledPath -- Evaluating path: $
12:53:54.198 [main] DEBUG com.jayway.jsonpath.internal.JsonContext -- Put path $ key type value keyUp
12:53:54.198 [main] DEBUG com.jayway.jsonpath.internal.path.CompiledPath -- Evaluating path: $['text']
12:53:54.198 [main] DEBUG com.jayway.jsonpath.internal.path.CompiledPath -- Evaluating path: $
12:53:54.198 [main] DEBUG com.jayway.jsonpath.internal.path.CompiledPath -- Evaluating path: $
12:53:54.198 [main] DEBUG com.jayway.jsonpath.internal.JsonContext -- Put path $ key text value {}
12:53:54.198 [main] DEBUG com.jayway.jsonpath.internal.path.CompiledPath -- Evaluating path: $
12:53:54.198 [main] DEBUG com.jayway.jsonpath.internal.JsonContext -- Put path $ key text value n
12:53:54.198 [main] DEBUG com.jayway.jsonpath.internal.path.CompiledPath -- Evaluating path: $['windowsVirtualKeyCode']
12:53:54.198 [main] DEBUG com.jayway.jsonpath.internal.path.CompiledPath -- Evaluating path: $
12:53:54.198 [main] DEBUG com.jayway.jsonpath.internal.path.CompiledPath -- Evaluating path: $
12:53:54.198 [main] DEBUG com.jayway.jsonpath.internal.JsonContext -- Put path $ key windowsVirtualKeyCode value {}
12:53:54.198 [main] DEBUG com.jayway.jsonpath.internal.path.CompiledPath -- Evaluating path: $
12:53:54.198 [main] DEBUG com.jayway.jsonpath.internal.JsonContext -- Put path $ key windowsVirtualKeyCode value 110
12:53:54.198 [main] DEBUG com.jayway.jsonpath.internal.path.CompiledPath -- Evaluating path: $
12:53:54.198 [main] DEBUG com.intuit.karate.driver.chrome_1718781830137 -- >> {"id":21,"sessionId":"268FBF513D3CD933C424A3660C6DCCB3","method":"Input.dispatchKeyEvent","params":{"modifiers":0,"type":"keyUp","text":"n","windowsVirtualKeyCode":110}}
12:53:54.198 [nioEventLoopGroup-13-1] DEBUG com.intuit.karate.driver.chrome_1718781830137 -- << {"id":21,"result":{},"sessionId":"268FBF513D3CD933C424A3660C6DCCB3"}
12:53:54.198 [nioEventLoopGroup-13-1] DEBUG com.jayway.jsonpath.internal.path.CompiledPath -- Evaluating path: $
12:53:54.198 [main] DEBUG com.jayway.jsonpath.internal.path.CompiledPath -- Evaluating path: $['modifiers']
12:53:54.198 [main] DEBUG com.jayway.jsonpath.internal.path.CompiledPath -- Evaluating path: $
12:53:54.198 [main] DEBUG com.jayway.jsonpath.internal.path.CompiledPath -- Evaluating path: $
12:53:54.198 [main] DEBUG com.jayway.jsonpath.internal.JsonContext -- Put path $ key modifiers value {}
12:53:54.198 [main] DEBUG com.jayway.jsonpath.internal.path.CompiledPath -- Evaluating path: $
12:53:54.198 [main] DEBUG com.jayway.jsonpath.internal.JsonContext -- Put path $ key modifiers value 0
12:53:54.198 [main] DEBUG com.jayway.jsonpath.internal.path.CompiledPath -- Evaluating path: $['type']
12:53:54.198 [main] DEBUG com.jayway.jsonpath.internal.path.CompiledPath -- Evaluating path: $
12:53:54.198 [main] DEBUG com.jayway.jsonpath.internal.path.CompiledPath -- Evaluating path: $
12:53:54.198 [main] DEBUG com.jayway.jsonpath.internal.JsonContext -- Put path $ key type value {}
12:53:54.198 [main] DEBUG com.jayway.jsonpath.internal.path.CompiledPath -- Evaluating path: $
12:53:54.198 [main] DEBUG com.jayway.jsonpath.internal.JsonContext -- Put path $ key type value rawKeyDown
12:53:54.198 [main] DEBUG com.jayway.jsonpath.internal.path.CompiledPath -- Evaluating path: $['text']
12:53:54.198 [main] DEBUG com.jayway.jsonpath.internal.path.CompiledPath -- Evaluating path: $
12:53:54.198 [main] DEBUG com.jayway.jsonpath.internal.path.CompiledPath -- Evaluating path: $
12:53:54.198 [main] DEBUG com.jayway.jsonpath.internal.JsonContext -- Put path $ key text value {}
12:53:54.198 [main] DEBUG com.jayway.jsonpath.internal.path.CompiledPath -- Evaluating path: $
12:53:54.198 [main] DEBUG com.jayway.jsonpath.internal.JsonContext -- Put path $ key text value d
12:53:54.198 [main] DEBUG com.jayway.jsonpath.internal.path.CompiledPath -- Evaluating path: $['windowsVirtualKeyCode']
12:53:54.198 [main] DEBUG com.jayway.jsonpath.internal.path.CompiledPath -- Evaluating path: $
12:53:54.198 [main] DEBUG com.jayway.jsonpath.internal.path.CompiledPath -- Evaluating path: $
12:53:54.198 [main] DEBUG com.jayway.jsonpath.internal.JsonContext -- Put path $ key windowsVirtualKeyCode value {}
12:53:54.198 [main] DEBUG com.jayway.jsonpath.internal.path.CompiledPath -- Evaluating path: $
12:53:54.198 [main] DEBUG com.jayway.jsonpath.internal.JsonContext -- Put path $ key windowsVirtualKeyCode value 100
12:53:54.198 [main] DEBUG com.jayway.jsonpath.internal.path.CompiledPath -- Evaluating path: $
12:53:54.198 [main] DEBUG com.intuit.karate.driver.chrome_1718781830137 -- >> {"id":22,"sessionId":"268FBF513D3CD933C424A3660C6DCCB3","method":"Input.dispatchKeyEvent","params":{"modifiers":0,"type":"rawKeyDown","text":"d","windowsVirtualKeyCode":100}}
12:53:54.198 [nioEventLoopGroup-13-1] DEBUG com.intuit.karate.driver.chrome_1718781830137 -- << {"id":22,"result":{},"sessionId":"268FBF513D3CD933C424A3660C6DCCB3"}
12:53:54.198 [nioEventLoopGroup-13-1] DEBUG com.jayway.jsonpath.internal.path.CompiledPath -- Evaluating path: $
12:53:54.198 [main] DEBUG com.jayway.jsonpath.internal.path.CompiledPath -- Evaluating path: $['modifiers']
12:53:54.198 [main] DEBUG com.jayway.jsonpath.internal.path.CompiledPath -- Evaluating path: $
12:53:54.198 [main] DEBUG com.jayway.jsonpath.internal.path.CompiledPath -- Evaluating path: $
12:53:54.198 [main] DEBUG com.jayway.jsonpath.internal.JsonContext -- Put path $ key modifiers value {}
12:53:54.198 [main] DEBUG com.jayway.jsonpath.internal.path.CompiledPath -- Evaluating path: $
12:53:54.198 [main] DEBUG com.jayway.jsonpath.internal.JsonContext -- Put path $ key modifiers value 0
12:53:54.198 [main] DEBUG com.jayway.jsonpath.internal.path.CompiledPath -- Evaluating path: $['type']
12:53:54.198 [main] DEBUG com.jayway.jsonpath.internal.path.CompiledPath -- Evaluating path: $
12:53:54.198 [main] DEBUG com.jayway.jsonpath.internal.path.CompiledPath -- Evaluating path: $
12:53:54.198 [main] DEBUG com.jayway.jsonpath.internal.JsonContext -- Put path $ key type value {}
12:53:54.198 [main] DEBUG com.jayway.jsonpath.internal.path.CompiledPath -- Evaluating path: $
12:53:54.198 [main] DEBUG com.jayway.jsonpath.internal.JsonContext -- Put path $ key type value char
12:53:54.198 [main] DEBUG com.jayway.jsonpath.internal.path.CompiledPath -- Evaluating path: $['text']
12:53:54.198 [main] DEBUG com.jayway.jsonpath.internal.path.CompiledPath -- Evaluating path: $
12:53:54.198 [main] DEBUG com.jayway.jsonpath.internal.path.CompiledPath -- Evaluating path: $
12:53:54.198 [main] DEBUG com.jayway.jsonpath.internal.JsonContext -- Put path $ key text value {}
12:53:54.198 [main] DEBUG com.jayway.jsonpath.internal.path.CompiledPath -- Evaluating path: $
12:53:54.198 [main] DEBUG com.jayway.jsonpath.internal.JsonContext -- Put path $ key text value d
12:53:54.198 [main] DEBUG com.jayway.jsonpath.internal.path.CompiledPath -- Evaluating path: $['windowsVirtualKeyCode']
12:53:54.198 [main] DEBUG com.jayway.jsonpath.internal.path.CompiledPath -- Evaluating path: $
12:53:54.198 [main] DEBUG com.jayway.jsonpath.internal.path.CompiledPath -- Evaluating path: $
12:53:54.198 [main] DEBUG com.jayway.jsonpath.internal.JsonContext -- Put path $ key windowsVirtualKeyCode value {}
12:53:54.198 [main] DEBUG com.jayway.jsonpath.internal.path.CompiledPath -- Evaluating path: $
12:53:54.198 [main] DEBUG com.jayway.jsonpath.internal.JsonContext -- Put path $ key windowsVirtualKeyCode value 100
12:53:54.198 [main] DEBUG com.jayway.jsonpath.internal.path.CompiledPath -- Evaluating path: $
12:53:54.198 [main] DEBUG com.intuit.karate.driver.chrome_1718781830137 -- >> {"id":23,"sessionId":"268FBF513D3CD933C424A3660C6DCCB3","method":"Input.dispatchKeyEvent","params":{"modifiers":0,"type":"char","text":"d","windowsVirtualKeyCode":100}}
12:53:54.210 [nioEventLoopGroup-13-1] DEBUG com.intuit.karate.driver.chrome_1718781830137 -- << {"id":23,"result":{},"sessionId":"268FBF513D3CD933C424A3660C6DCCB3"}
12:53:54.210 [nioEventLoopGroup-13-1] DEBUG com.jayway.jsonpath.internal.path.CompiledPath -- Evaluating path: $
12:53:54.210 [main] DEBUG com.jayway.jsonpath.internal.path.CompiledPath -- Evaluating path: $['modifiers']
12:53:54.210 [main] DEBUG com.jayway.jsonpath.internal.path.CompiledPath -- Evaluating path: $
12:53:54.210 [main] DEBUG com.jayway.jsonpath.internal.path.CompiledPath -- Evaluating path: $
12:53:54.210 [main] DEBUG com.jayway.jsonpath.internal.JsonContext -- Put path $ key modifiers value {}
12:53:54.210 [main] DEBUG com.jayway.jsonpath.internal.path.CompiledPath -- Evaluating path: $
12:53:54.210 [main] DEBUG com.jayway.jsonpath.internal.JsonContext -- Put path $ key modifiers value 0
12:53:54.210 [main] DEBUG com.jayway.jsonpath.internal.path.CompiledPath -- Evaluating path: $['type']
12:53:54.210 [main] DEBUG com.jayway.jsonpath.internal.path.CompiledPath -- Evaluating path: $
12:53:54.210 [main] DEBUG com.jayway.jsonpath.internal.path.CompiledPath -- Evaluating path: $
12:53:54.210 [main] DEBUG com.jayway.jsonpath.internal.JsonContext -- Put path $ key type value {}
12:53:54.210 [main] DEBUG com.jayway.jsonpath.internal.path.CompiledPath -- Evaluating path: $
12:53:54.210 [main] DEBUG com.jayway.jsonpath.internal.JsonContext -- Put path $ key type value keyUp
12:53:54.210 [main] DEBUG com.jayway.jsonpath.internal.path.CompiledPath -- Evaluating path: $['text']
12:53:54.210 [main] DEBUG com.jayway.jsonpath.internal.path.CompiledPath -- Evaluating path: $
12:53:54.210 [main] DEBUG com.jayway.jsonpath.internal.path.CompiledPath -- Evaluating path: $
12:53:54.214 [main] DEBUG com.jayway.jsonpath.internal.JsonContext -- Put path $ key text value {}
12:53:54.214 [main] DEBUG com.jayway.jsonpath.internal.path.CompiledPath -- Evaluating path: $
12:53:54.214 [main] DEBUG com.jayway.jsonpath.internal.JsonContext -- Put path $ key text value d
12:53:54.214 [main] DEBUG com.jayway.jsonpath.internal.path.CompiledPath -- Evaluating path: $['windowsVirtualKeyCode']
12:53:54.214 [main] DEBUG com.jayway.jsonpath.internal.path.CompiledPath -- Evaluating path: $
12:53:54.214 [main] DEBUG com.jayway.jsonpath.internal.path.CompiledPath -- Evaluating path: $
12:53:54.214 [main] DEBUG com.jayway.jsonpath.internal.JsonContext -- Put path $ key windowsVirtualKeyCode value {}
12:53:54.214 [main] DEBUG com.jayway.jsonpath.internal.path.CompiledPath -- Evaluating path: $
12:53:54.214 [main] DEBUG com.jayway.jsonpath.internal.JsonContext -- Put path $ key windowsVirtualKeyCode value 100
12:53:54.214 [main] DEBUG com.jayway.jsonpath.internal.path.CompiledPath -- Evaluating path: $
12:53:54.214 [main] DEBUG com.intuit.karate.driver.chrome_1718781830137 -- >> {"id":24,"sessionId":"268FBF513D3CD933C424A3660C6DCCB3","method":"Input.dispatchKeyEvent","params":{"modifiers":0,"type":"keyUp","text":"d","windowsVirtualKeyCode":100}}
12:53:54.217 [nioEventLoopGroup-13-1] DEBUG com.intuit.karate.driver.chrome_1718781830137 -- << {"id":24,"result":{},"sessionId":"268FBF513D3CD933C424A3660C6DCCB3"}
12:53:54.217 [nioEventLoopGroup-13-1] DEBUG com.jayway.jsonpath.internal.path.CompiledPath -- Evaluating path: $
12:53:54.217 [main] DEBUG com.jayway.jsonpath.internal.path.CompiledPath -- Evaluating path: $['modifiers']
12:53:54.217 [main] DEBUG com.jayway.jsonpath.internal.path.CompiledPath -- Evaluating path: $
12:53:54.217 [main] DEBUG com.jayway.jsonpath.internal.path.CompiledPath -- Evaluating path: $
12:53:54.217 [main] DEBUG com.jayway.jsonpath.internal.JsonContext -- Put path $ key modifiers value {}
12:53:54.217 [main] DEBUG com.jayway.jsonpath.internal.path.CompiledPath -- Evaluating path: $
12:53:54.217 [main] DEBUG com.jayway.jsonpath.internal.JsonContext -- Put path $ key modifiers value 0
12:53:54.217 [main] DEBUG com.jayway.jsonpath.internal.path.CompiledPath -- Evaluating path: $['type']
12:53:54.217 [main] DEBUG com.jayway.jsonpath.internal.path.CompiledPath -- Evaluating path: $
12:53:54.217 [main] DEBUG com.jayway.jsonpath.internal.path.CompiledPath -- Evaluating path: $
12:53:54.217 [main] DEBUG com.jayway.jsonpath.internal.JsonContext -- Put path $ key type value {}
12:53:54.217 [main] DEBUG com.jayway.jsonpath.internal.path.CompiledPath -- Evaluating path: $
12:53:54.217 [main] DEBUG com.jayway.jsonpath.internal.JsonContext -- Put path $ key type value rawKeyDown
12:53:54.217 [main] DEBUG com.jayway.jsonpath.internal.path.CompiledPath -- Evaluating path: $['text']
12:53:54.217 [main] DEBUG com.jayway.jsonpath.internal.path.CompiledPath -- Evaluating path: $
12:53:54.217 [main] DEBUG com.jayway.jsonpath.internal.path.CompiledPath -- Evaluating path: $
12:53:54.217 [main] DEBUG com.jayway.jsonpath.internal.JsonContext -- Put path $ key text value {}
12:53:54.217 [main] DEBUG com.jayway.jsonpath.internal.path.CompiledPath -- Evaluating path: $
12:53:54.217 [main] DEBUG com.jayway.jsonpath.internal.JsonContext -- Put path $ key text value a
12:53:54.217 [main] DEBUG com.jayway.jsonpath.internal.path.CompiledPath -- Evaluating path: $['windowsVirtualKeyCode']
12:53:54.217 [main] DEBUG com.jayway.jsonpath.internal.path.CompiledPath -- Evaluating path: $
12:53:54.217 [main] DEBUG com.jayway.jsonpath.internal.path.CompiledPath -- Evaluating path: $
12:53:54.217 [main] DEBUG com.jayway.jsonpath.internal.JsonContext -- Put path $ key windowsVirtualKeyCode value {}
12:53:54.217 [main] DEBUG com.jayway.jsonpath.internal.path.CompiledPath -- Evaluating path: $
12:53:54.217 [main] DEBUG com.jayway.jsonpath.internal.JsonContext -- Put path $ key windowsVirtualKeyCode value 97
12:53:54.217 [main] DEBUG com.jayway.jsonpath.internal.path.CompiledPath -- Evaluating path: $
12:53:54.217 [main] DEBUG com.intuit.karate.driver.chrome_1718781830137 -- >> {"id":25,"sessionId":"268FBF513D3CD933C424A3660C6DCCB3","method":"Input.dispatchKeyEvent","params":{"modifiers":0,"type":"rawKeyDown","text":"a","windowsVirtualKeyCode":97}}
12:53:54.219 [nioEventLoopGroup-13-1] DEBUG com.intuit.karate.driver.chrome_1718781830137 -- << {"id":25,"result":{},"sessionId":"268FBF513D3CD933C424A3660C6DCCB3"}
12:53:54.219 [nioEventLoopGroup-13-1] DEBUG com.jayway.jsonpath.internal.path.CompiledPath -- Evaluating path: $
12:53:54.220 [main] DEBUG com.jayway.jsonpath.internal.path.CompiledPath -- Evaluating path: $['modifiers']
12:53:54.220 [main] DEBUG com.jayway.jsonpath.internal.path.CompiledPath -- Evaluating path: $
12:53:54.220 [main] DEBUG com.jayway.jsonpath.internal.path.CompiledPath -- Evaluating path: $
12:53:54.220 [main] DEBUG com.jayway.jsonpath.internal.JsonContext -- Put path $ key modifiers value {}
12:53:54.220 [main] DEBUG com.jayway.jsonpath.internal.path.CompiledPath -- Evaluating path: $
12:53:54.220 [main] DEBUG com.jayway.jsonpath.internal.JsonContext -- Put path $ key modifiers value 0
12:53:54.220 [main] DEBUG com.jayway.jsonpath.internal.path.CompiledPath -- Evaluating path: $['type']
12:53:54.220 [main] DEBUG com.jayway.jsonpath.internal.path.CompiledPath -- Evaluating path: $
12:53:54.220 [main] DEBUG com.jayway.jsonpath.internal.path.CompiledPath -- Evaluating path: $
12:53:54.220 [main] DEBUG com.jayway.jsonpath.internal.JsonContext -- Put path $ key type value {}
12:53:54.220 [main] DEBUG com.jayway.jsonpath.internal.path.CompiledPath -- Evaluating path: $
12:53:54.220 [main] DEBUG com.jayway.jsonpath.internal.JsonContext -- Put path $ key type value char
12:53:54.220 [main] DEBUG com.jayway.jsonpath.internal.path.CompiledPath -- Evaluating path: $['text']
12:53:54.220 [main] DEBUG com.jayway.jsonpath.internal.path.CompiledPath -- Evaluating path: $
12:53:54.220 [main] DEBUG com.jayway.jsonpath.internal.path.CompiledPath -- Evaluating path: $
12:53:54.220 [main] DEBUG com.jayway.jsonpath.internal.JsonContext -- Put path $ key text value {}
12:53:54.220 [main] DEBUG com.jayway.jsonpath.internal.path.CompiledPath -- Evaluating path: $
12:53:54.220 [main] DEBUG com.jayway.jsonpath.internal.JsonContext -- Put path $ key text value a
12:53:54.220 [main] DEBUG com.jayway.jsonpath.internal.path.CompiledPath -- Evaluating path: $['windowsVirtualKeyCode']
12:53:54.220 [main] DEBUG com.jayway.jsonpath.internal.path.CompiledPath -- Evaluating path: $
12:53:54.220 [main] DEBUG com.jayway.jsonpath.internal.path.CompiledPath -- Evaluating path: $
12:53:54.220 [main] DEBUG com.jayway.jsonpath.internal.JsonContext -- Put path $ key windowsVirtualKeyCode value {}
12:53:54.220 [main] DEBUG com.jayway.jsonpath.internal.path.CompiledPath -- Evaluating path: $
12:53:54.220 [main] DEBUG com.jayway.jsonpath.internal.JsonContext -- Put path $ key windowsVirtualKeyCode value 97
12:53:54.220 [main] DEBUG com.jayway.jsonpath.internal.path.CompiledPath -- Evaluating path: $
12:53:54.220 [main] DEBUG com.intuit.karate.driver.chrome_1718781830137 -- >> {"id":26,"sessionId":"268FBF513D3CD933C424A3660C6DCCB3","method":"Input.dispatchKeyEvent","params":{"modifiers":0,"type":"char","text":"a","windowsVirtualKeyCode":97}}
12:53:54.227 [nioEventLoopGroup-13-1] DEBUG com.intuit.karate.driver.chrome_1718781830137 -- << {"id":26,"result":{},"sessionId":"268FBF513D3CD933C424A3660C6DCCB3"}
12:53:54.227 [nioEventLoopGroup-13-1] DEBUG com.jayway.jsonpath.internal.path.CompiledPath -- Evaluating path: $
12:53:54.227 [main] DEBUG com.jayway.jsonpath.internal.path.CompiledPath -- Evaluating path: $['modifiers']
12:53:54.227 [main] DEBUG com.jayway.jsonpath.internal.path.CompiledPath -- Evaluating path: $
12:53:54.227 [main] DEBUG com.jayway.jsonpath.internal.path.CompiledPath -- Evaluating path: $
12:53:54.227 [main] DEBUG com.jayway.jsonpath.internal.JsonContext -- Put path $ key modifiers value {}
12:53:54.227 [main] DEBUG com.jayway.jsonpath.internal.path.CompiledPath -- Evaluating path: $
12:53:54.227 [main] DEBUG com.jayway.jsonpath.internal.JsonContext -- Put path $ key modifiers value 0
12:53:54.227 [main] DEBUG com.jayway.jsonpath.internal.path.CompiledPath -- Evaluating path: $['type']
12:53:54.227 [main] DEBUG com.jayway.jsonpath.internal.path.CompiledPath -- Evaluating path: $
12:53:54.227 [main] DEBUG com.jayway.jsonpath.internal.path.CompiledPath -- Evaluating path: $
12:53:54.227 [main] DEBUG com.jayway.jsonpath.internal.JsonContext -- Put path $ key type value {}
12:53:54.227 [main] DEBUG com.jayway.jsonpath.internal.path.CompiledPath -- Evaluating path: $
12:53:54.227 [main] DEBUG com.jayway.jsonpath.internal.JsonContext -- Put path $ key type value keyUp
12:53:54.227 [main] DEBUG com.jayway.jsonpath.internal.path.CompiledPath -- Evaluating path: $['text']
12:53:54.227 [main] DEBUG com.jayway.jsonpath.internal.path.CompiledPath -- Evaluating path: $
12:53:54.227 [main] DEBUG com.jayway.jsonpath.internal.path.CompiledPath -- Evaluating path: $
12:53:54.227 [main] DEBUG com.jayway.jsonpath.internal.JsonContext -- Put path $ key text value {}
12:53:54.227 [main] DEBUG com.jayway.jsonpath.internal.path.CompiledPath -- Evaluating path: $
12:53:54.227 [main] DEBUG com.jayway.jsonpath.internal.JsonContext -- Put path $ key text value a
12:53:54.227 [main] DEBUG com.jayway.jsonpath.internal.path.CompiledPath -- Evaluating path: $['windowsVirtualKeyCode']
12:53:54.227 [main] DEBUG com.jayway.jsonpath.internal.path.CompiledPath -- Evaluating path: $
12:53:54.227 [main] DEBUG com.jayway.jsonpath.internal.path.CompiledPath -- Evaluating path: $
12:53:54.227 [main] DEBUG com.jayway.jsonpath.internal.JsonContext -- Put path $ key windowsVirtualKeyCode value {}
12:53:54.227 [main] DEBUG com.jayway.jsonpath.internal.path.CompiledPath -- Evaluating path: $
12:53:54.227 [main] DEBUG com.jayway.jsonpath.internal.JsonContext -- Put path $ key windowsVirtualKeyCode value 97
12:53:54.227 [main] DEBUG com.jayway.jsonpath.internal.path.CompiledPath -- Evaluating path: $
12:53:54.227 [main] DEBUG com.intuit.karate.driver.chrome_1718781830137 -- >> {"id":27,"sessionId":"268FBF513D3CD933C424A3660C6DCCB3","method":"Input.dispatchKeyEvent","params":{"modifiers":0,"type":"keyUp","text":"a","windowsVirtualKeyCode":97}}
12:53:54.227 [nioEventLoopGroup-13-1] DEBUG com.intuit.karate.driver.chrome_1718781830137 -- << {"id":27,"result":{},"sessionId":"268FBF513D3CD933C424A3660C6DCCB3"}
12:53:54.227 [nioEventLoopGroup-13-1] DEBUG com.jayway.jsonpath.internal.path.CompiledPath -- Evaluating path: $
12:53:54.232 [main] DEBUG com.jayway.jsonpath.internal.path.CompiledPath -- Evaluating path: $['modifiers']
12:53:54.232 [main] DEBUG com.jayway.jsonpath.internal.path.CompiledPath -- Evaluating path: $
12:53:54.232 [main] DEBUG com.jayway.jsonpath.internal.path.CompiledPath -- Evaluating path: $
12:53:54.232 [main] DEBUG com.jayway.jsonpath.internal.JsonContext -- Put path $ key modifiers value {}
12:53:54.232 [main] DEBUG com.jayway.jsonpath.internal.path.CompiledPath -- Evaluating path: $
12:53:54.232 [main] DEBUG com.jayway.jsonpath.internal.JsonContext -- Put path $ key modifiers value 0
12:53:54.232 [main] DEBUG com.jayway.jsonpath.internal.path.CompiledPath -- Evaluating path: $['type']
12:53:54.232 [main] DEBUG com.jayway.jsonpath.internal.path.CompiledPath -- Evaluating path: $
12:53:54.232 [main] DEBUG com.jayway.jsonpath.internal.path.CompiledPath -- Evaluating path: $
12:53:54.232 [main] DEBUG com.jayway.jsonpath.internal.JsonContext -- Put path $ key type value {}
12:53:54.232 [main] DEBUG com.jayway.jsonpath.internal.path.CompiledPath -- Evaluating path: $
12:53:54.232 [main] DEBUG com.jayway.jsonpath.internal.JsonContext -- Put path $ key type value rawKeyDown
12:53:54.232 [main] DEBUG com.jayway.jsonpath.internal.path.CompiledPath -- Evaluating path: $['text']
12:53:54.232 [main] DEBUG com.jayway.jsonpath.internal.path.CompiledPath -- Evaluating path: $
12:53:54.232 [main] DEBUG com.jayway.jsonpath.internal.path.CompiledPath -- Evaluating path: $
12:53:54.232 [main] DEBUG com.jayway.jsonpath.internal.JsonContext -- Put path $ key text value {}
12:53:54.232 [main] DEBUG com.jayway.jsonpath.internal.path.CompiledPath -- Evaluating path: $
12:53:54.232 [main] DEBUG com.jayway.jsonpath.internal.JsonContext -- Put path $ key text value r
12:53:54.232 [main] DEBUG com.jayway.jsonpath.internal.path.CompiledPath -- Evaluating path: $['windowsVirtualKeyCode']
12:53:54.232 [main] DEBUG com.jayway.jsonpath.internal.path.CompiledPath -- Evaluating path: $
12:53:54.232 [main] DEBUG com.jayway.jsonpath.internal.path.CompiledPath -- Evaluating path: $
12:53:54.232 [main] DEBUG com.jayway.jsonpath.internal.JsonContext -- Put path $ key windowsVirtualKeyCode value {}
12:53:54.232 [main] DEBUG com.jayway.jsonpath.internal.path.CompiledPath -- Evaluating path: $
12:53:54.232 [main] DEBUG com.jayway.jsonpath.internal.JsonContext -- Put path $ key windowsVirtualKeyCode value 114
12:53:54.232 [main] DEBUG com.jayway.jsonpath.internal.path.CompiledPath -- Evaluating path: $
12:53:54.232 [main] DEBUG com.intuit.karate.driver.chrome_1718781830137 -- >> {"id":28,"sessionId":"268FBF513D3CD933C424A3660C6DCCB3","method":"Input.dispatchKeyEvent","params":{"modifiers":0,"type":"rawKeyDown","text":"r","windowsVirtualKeyCode":114}}
12:53:54.232 [nioEventLoopGroup-13-1] DEBUG com.intuit.karate.driver.chrome_1718781830137 -- << {"id":28,"result":{},"sessionId":"268FBF513D3CD933C424A3660C6DCCB3"}
12:53:54.232 [nioEventLoopGroup-13-1] DEBUG com.jayway.jsonpath.internal.path.CompiledPath -- Evaluating path: $
12:53:54.232 [main] DEBUG com.jayway.jsonpath.internal.path.CompiledPath -- Evaluating path: $['modifiers']
12:53:54.232 [main] DEBUG com.jayway.jsonpath.internal.path.CompiledPath -- Evaluating path: $
12:53:54.232 [main] DEBUG com.jayway.jsonpath.internal.path.CompiledPath -- Evaluating path: $
12:53:54.232 [main] DEBUG com.jayway.jsonpath.internal.JsonContext -- Put path $ key modifiers value {}
12:53:54.232 [main] DEBUG com.jayway.jsonpath.internal.path.CompiledPath -- Evaluating path: $
12:53:54.232 [main] DEBUG com.jayway.jsonpath.internal.JsonContext -- Put path $ key modifiers value 0
12:53:54.232 [main] DEBUG com.jayway.jsonpath.internal.path.CompiledPath -- Evaluating path: $['type']
12:53:54.232 [main] DEBUG com.jayway.jsonpath.internal.path.CompiledPath -- Evaluating path: $
12:53:54.232 [main] DEBUG com.jayway.jsonpath.internal.path.CompiledPath -- Evaluating path: $
12:53:54.232 [main] DEBUG com.jayway.jsonpath.internal.JsonContext -- Put path $ key type value {}
12:53:54.232 [main] DEBUG com.jayway.jsonpath.internal.path.CompiledPath -- Evaluating path: $
12:53:54.232 [main] DEBUG com.jayway.jsonpath.internal.JsonContext -- Put path $ key type value char
12:53:54.232 [main] DEBUG com.jayway.jsonpath.internal.path.CompiledPath -- Evaluating path: $['text']
12:53:54.232 [main] DEBUG com.jayway.jsonpath.internal.path.CompiledPath -- Evaluating path: $
12:53:54.232 [main] DEBUG com.jayway.jsonpath.internal.path.CompiledPath -- Evaluating path: $
12:53:54.232 [main] DEBUG com.jayway.jsonpath.internal.JsonContext -- Put path $ key text value {}
12:53:54.232 [main] DEBUG com.jayway.jsonpath.internal.path.CompiledPath -- Evaluating path: $
12:53:54.232 [main] DEBUG com.jayway.jsonpath.internal.JsonContext -- Put path $ key text value r
12:53:54.232 [main] DEBUG com.jayway.jsonpath.internal.path.CompiledPath -- Evaluating path: $['windowsVirtualKeyCode']
12:53:54.232 [main] DEBUG com.jayway.jsonpath.internal.path.CompiledPath -- Evaluating path: $
12:53:54.232 [main] DEBUG com.jayway.jsonpath.internal.path.CompiledPath -- Evaluating path: $
12:53:54.232 [main] DEBUG com.jayway.jsonpath.internal.JsonContext -- Put path $ key windowsVirtualKeyCode value {}
12:53:54.232 [main] DEBUG com.jayway.jsonpath.internal.path.CompiledPath -- Evaluating path: $
12:53:54.232 [main] DEBUG com.jayway.jsonpath.internal.JsonContext -- Put path $ key windowsVirtualKeyCode value 114
12:53:54.232 [main] DEBUG com.jayway.jsonpath.internal.path.CompiledPath -- Evaluating path: $
12:53:54.232 [main] DEBUG com.intuit.karate.driver.chrome_1718781830137 -- >> {"id":29,"sessionId":"268FBF513D3CD933C424A3660C6DCCB3","method":"Input.dispatchKeyEvent","params":{"modifiers":0,"type":"char","text":"r","windowsVirtualKeyCode":114}}
12:53:54.238 [nioEventLoopGroup-13-1] DEBUG com.intuit.karate.driver.chrome_1718781830137 -- << {"id":29,"result":{},"sessionId":"268FBF513D3CD933C424A3660C6DCCB3"}
12:53:54.238 [nioEventLoopGroup-13-1] DEBUG com.jayway.jsonpath.internal.path.CompiledPath -- Evaluating path: $
12:53:54.238 [main] DEBUG com.jayway.jsonpath.internal.path.CompiledPath -- Evaluating path: $['modifiers']
12:53:54.238 [main] DEBUG com.jayway.jsonpath.internal.path.CompiledPath -- Evaluating path: $
12:53:54.238 [main] DEBUG com.jayway.jsonpath.internal.path.CompiledPath -- Evaluating path: $
12:53:54.238 [main] DEBUG com.jayway.jsonpath.internal.JsonContext -- Put path $ key modifiers value {}
12:53:54.238 [main] DEBUG com.jayway.jsonpath.internal.path.CompiledPath -- Evaluating path: $
12:53:54.238 [main] DEBUG com.jayway.jsonpath.internal.JsonContext -- Put path $ key modifiers value 0
12:53:54.238 [main] DEBUG com.jayway.jsonpath.internal.path.CompiledPath -- Evaluating path: $['type']
12:53:54.238 [main] DEBUG com.jayway.jsonpath.internal.path.CompiledPath -- Evaluating path: $
12:53:54.238 [main] DEBUG com.jayway.jsonpath.internal.path.CompiledPath -- Evaluating path: $
12:53:54.238 [main] DEBUG com.jayway.jsonpath.internal.JsonContext -- Put path $ key type value {}
12:53:54.238 [main] DEBUG com.jayway.jsonpath.internal.path.CompiledPath -- Evaluating path: $
12:53:54.238 [main] DEBUG com.jayway.jsonpath.internal.JsonContext -- Put path $ key type value keyUp
12:53:54.238 [main] DEBUG com.jayway.jsonpath.internal.path.CompiledPath -- Evaluating path: $['text']
12:53:54.238 [main] DEBUG com.jayway.jsonpath.internal.path.CompiledPath -- Evaluating path: $
12:53:54.238 [main] DEBUG com.jayway.jsonpath.internal.path.CompiledPath -- Evaluating path: $
12:53:54.238 [main] DEBUG com.jayway.jsonpath.internal.JsonContext -- Put path $ key text value {}
12:53:54.238 [main] DEBUG com.jayway.jsonpath.internal.path.CompiledPath -- Evaluating path: $
12:53:54.238 [main] DEBUG com.jayway.jsonpath.internal.JsonContext -- Put path $ key text value r
12:53:54.238 [main] DEBUG com.jayway.jsonpath.internal.path.CompiledPath -- Evaluating path: $['windowsVirtualKeyCode']
12:53:54.238 [main] DEBUG com.jayway.jsonpath.internal.path.CompiledPath -- Evaluating path: $
12:53:54.238 [main] DEBUG com.jayway.jsonpath.internal.path.CompiledPath -- Evaluating path: $
12:53:54.238 [main] DEBUG com.jayway.jsonpath.internal.JsonContext -- Put path $ key windowsVirtualKeyCode value {}
12:53:54.238 [main] DEBUG com.jayway.jsonpath.internal.path.CompiledPath -- Evaluating path: $
12:53:54.238 [main] DEBUG com.jayway.jsonpath.internal.JsonContext -- Put path $ key windowsVirtualKeyCode value 114
12:53:54.238 [main] DEBUG com.jayway.jsonpath.internal.path.CompiledPath -- Evaluating path: $
12:53:54.238 [main] DEBUG com.intuit.karate.driver.chrome_1718781830137 -- >> {"id":30,"sessionId":"268FBF513D3CD933C424A3660C6DCCB3","method":"Input.dispatchKeyEvent","params":{"modifiers":0,"type":"keyUp","text":"r","windowsVirtualKeyCode":114}}
12:53:54.238 [nioEventLoopGroup-13-1] DEBUG com.intuit.karate.driver.chrome_1718781830137 -- << {"id":30,"result":{},"sessionId":"268FBF513D3CD933C424A3660C6DCCB3"}
12:53:54.238 [nioEventLoopGroup-13-1] DEBUG com.jayway.jsonpath.internal.path.CompiledPath -- Evaluating path: $
12:53:54.238 [main] DEBUG com.jayway.jsonpath.internal.path.CompiledPath -- Evaluating path: $['modifiers']
12:53:54.238 [main] DEBUG com.jayway.jsonpath.internal.path.CompiledPath -- Evaluating path: $
12:53:54.238 [main] DEBUG com.jayway.jsonpath.internal.path.CompiledPath -- Evaluating path: $
12:53:54.238 [main] DEBUG com.jayway.jsonpath.internal.JsonContext -- Put path $ key modifiers value {}
12:53:54.238 [main] DEBUG com.jayway.jsonpath.internal.path.CompiledPath -- Evaluating path: $
12:53:54.238 [main] DEBUG com.jayway.jsonpath.internal.JsonContext -- Put path $ key modifiers value 0
12:53:54.238 [main] DEBUG com.jayway.jsonpath.internal.path.CompiledPath -- Evaluating path: $['type']
12:53:54.238 [main] DEBUG com.jayway.jsonpath.internal.path.CompiledPath -- Evaluating path: $
12:53:54.238 [main] DEBUG com.jayway.jsonpath.internal.path.CompiledPath -- Evaluating path: $
12:53:54.238 [main] DEBUG com.jayway.jsonpath.internal.JsonContext -- Put path $ key type value {}
12:53:54.238 [main] DEBUG com.jayway.jsonpath.internal.path.CompiledPath -- Evaluating path: $
12:53:54.238 [main] DEBUG com.jayway.jsonpath.internal.JsonContext -- Put path $ key type value rawKeyDown
12:53:54.238 [main] DEBUG com.jayway.jsonpath.internal.path.CompiledPath -- Evaluating path: $['text']
12:53:54.238 [main] DEBUG com.jayway.jsonpath.internal.path.CompiledPath -- Evaluating path: $
12:53:54.238 [main] DEBUG com.jayway.jsonpath.internal.path.CompiledPath -- Evaluating path: $
12:53:54.238 [main] DEBUG com.jayway.jsonpath.internal.JsonContext -- Put path $ key text value {}
12:53:54.238 [main] DEBUG com.jayway.jsonpath.internal.path.CompiledPath -- Evaluating path: $
12:53:54.238 [main] DEBUG com.jayway.jsonpath.internal.JsonContext -- Put path $ key text value d
12:53:54.238 [main] DEBUG com.jayway.jsonpath.internal.path.CompiledPath -- Evaluating path: $['windowsVirtualKeyCode']
12:53:54.238 [main] DEBUG com.jayway.jsonpath.internal.path.CompiledPath -- Evaluating path: $
12:53:54.238 [main] DEBUG com.jayway.jsonpath.internal.path.CompiledPath -- Evaluating path: $
12:53:54.238 [main] DEBUG com.jayway.jsonpath.internal.JsonContext -- Put path $ key windowsVirtualKeyCode value {}
12:53:54.238 [main] DEBUG com.jayway.jsonpath.internal.path.CompiledPath -- Evaluating path: $
12:53:54.238 [main] DEBUG com.jayway.jsonpath.internal.JsonContext -- Put path $ key windowsVirtualKeyCode value 100
12:53:54.238 [main] DEBUG com.jayway.jsonpath.internal.path.CompiledPath -- Evaluating path: $
12:53:54.238 [main] DEBUG com.intuit.karate.driver.chrome_1718781830137 -- >> {"id":31,"sessionId":"268FBF513D3CD933C424A3660C6DCCB3","method":"Input.dispatchKeyEvent","params":{"modifiers":0,"type":"rawKeyDown","text":"d","windowsVirtualKeyCode":100}}
12:53:54.238 [nioEventLoopGroup-13-1] DEBUG com.intuit.karate.driver.chrome_1718781830137 -- << {"id":31,"result":{},"sessionId":"268FBF513D3CD933C424A3660C6DCCB3"}
12:53:54.238 [nioEventLoopGroup-13-1] DEBUG com.jayway.jsonpath.internal.path.CompiledPath -- Evaluating path: $
12:53:54.238 [main] DEBUG com.jayway.jsonpath.internal.path.CompiledPath -- Evaluating path: $['modifiers']
12:53:54.238 [main] DEBUG com.jayway.jsonpath.internal.path.CompiledPath -- Evaluating path: $
12:53:54.238 [main] DEBUG com.jayway.jsonpath.internal.path.CompiledPath -- Evaluating path: $
12:53:54.238 [main] DEBUG com.jayway.jsonpath.internal.JsonContext -- Put path $ key modifiers value {}
12:53:54.238 [main] DEBUG com.jayway.jsonpath.internal.path.CompiledPath -- Evaluating path: $
12:53:54.238 [main] DEBUG com.jayway.jsonpath.internal.JsonContext -- Put path $ key modifiers value 0
12:53:54.238 [main] DEBUG com.jayway.jsonpath.internal.path.CompiledPath -- Evaluating path: $['type']
12:53:54.238 [main] DEBUG com.jayway.jsonpath.internal.path.CompiledPath -- Evaluating path: $
12:53:54.238 [main] DEBUG com.jayway.jsonpath.internal.path.CompiledPath -- Evaluating path: $
12:53:54.238 [main] DEBUG com.jayway.jsonpath.internal.JsonContext -- Put path $ key type value {}
12:53:54.238 [main] DEBUG com.jayway.jsonpath.internal.path.CompiledPath -- Evaluating path: $
12:53:54.238 [main] DEBUG com.jayway.jsonpath.internal.JsonContext -- Put path $ key type value char
12:53:54.238 [main] DEBUG com.jayway.jsonpath.internal.path.CompiledPath -- Evaluating path: $['text']
12:53:54.238 [main] DEBUG com.jayway.jsonpath.internal.path.CompiledPath -- Evaluating path: $
12:53:54.238 [main] DEBUG com.jayway.jsonpath.internal.path.CompiledPath -- Evaluating path: $
12:53:54.238 [main] DEBUG com.jayway.jsonpath.internal.JsonContext -- Put path $ key text value {}
12:53:54.238 [main] DEBUG com.jayway.jsonpath.internal.path.CompiledPath -- Evaluating path: $
12:53:54.238 [main] DEBUG com.jayway.jsonpath.internal.JsonContext -- Put path $ key text value d
12:53:54.238 [main] DEBUG com.jayway.jsonpath.internal.path.CompiledPath -- Evaluating path: $['windowsVirtualKeyCode']
12:53:54.238 [main] DEBUG com.jayway.jsonpath.internal.path.CompiledPath -- Evaluating path: $
12:53:54.238 [main] DEBUG com.jayway.jsonpath.internal.path.CompiledPath -- Evaluating path: $
12:53:54.238 [main] DEBUG com.jayway.jsonpath.internal.JsonContext -- Put path $ key windowsVirtualKeyCode value {}
12:53:54.238 [main] DEBUG com.jayway.jsonpath.internal.path.CompiledPath -- Evaluating path: $
12:53:54.238 [main] DEBUG com.jayway.jsonpath.internal.JsonContext -- Put path $ key windowsVirtualKeyCode value 100
12:53:54.238 [main] DEBUG com.jayway.jsonpath.internal.path.CompiledPath -- Evaluating path: $
12:53:54.238 [main] DEBUG com.intuit.karate.driver.chrome_1718781830137 -- >> {"id":32,"sessionId":"268FBF513D3CD933C424A3660C6DCCB3","method":"Input.dispatchKeyEvent","params":{"modifiers":0,"type":"char","text":"d","windowsVirtualKeyCode":100}}
12:53:54.238 [nioEventLoopGroup-13-1] DEBUG com.intuit.karate.driver.chrome_1718781830137 -- << {"id":32,"result":{},"sessionId":"268FBF513D3CD933C424A3660C6DCCB3"}
12:53:54.238 [nioEventLoopGroup-13-1] DEBUG com.jayway.jsonpath.internal.path.CompiledPath -- Evaluating path: $
12:53:54.238 [main] DEBUG com.jayway.jsonpath.internal.path.CompiledPath -- Evaluating path: $['modifiers']
12:53:54.243 [main] DEBUG com.jayway.jsonpath.internal.path.CompiledPath -- Evaluating path: $
12:53:54.243 [main] DEBUG com.jayway.jsonpath.internal.path.CompiledPath -- Evaluating path: $
12:53:54.243 [main] DEBUG com.jayway.jsonpath.internal.JsonContext -- Put path $ key modifiers value {}
12:53:54.243 [main] DEBUG com.jayway.jsonpath.internal.path.CompiledPath -- Evaluating path: $
12:53:54.243 [main] DEBUG com.jayway.jsonpath.internal.JsonContext -- Put path $ key modifiers value 0
12:53:54.243 [main] DEBUG com.jayway.jsonpath.internal.path.CompiledPath -- Evaluating path: $['type']
12:53:54.243 [main] DEBUG com.jayway.jsonpath.internal.path.CompiledPath -- Evaluating path: $
12:53:54.243 [main] DEBUG com.jayway.jsonpath.internal.path.CompiledPath -- Evaluating path: $
12:53:54.243 [main] DEBUG com.jayway.jsonpath.internal.JsonContext -- Put path $ key type value {}
12:53:54.243 [main] DEBUG com.jayway.jsonpath.internal.path.CompiledPath -- Evaluating path: $
12:53:54.243 [main] DEBUG com.jayway.jsonpath.internal.JsonContext -- Put path $ key type value keyUp
12:53:54.243 [main] DEBUG com.jayway.jsonpath.internal.path.CompiledPath -- Evaluating path: $['text']
12:53:54.243 [main] DEBUG com.jayway.jsonpath.internal.path.CompiledPath -- Evaluating path: $
12:53:54.243 [main] DEBUG com.jayway.jsonpath.internal.path.CompiledPath -- Evaluating path: $
12:53:54.243 [main] DEBUG com.jayway.jsonpath.internal.JsonContext -- Put path $ key text value {}
12:53:54.243 [main] DEBUG com.jayway.jsonpath.internal.path.CompiledPath -- Evaluating path: $
12:53:54.243 [main] DEBUG com.jayway.jsonpath.internal.JsonContext -- Put path $ key text value d
12:53:54.243 [main] DEBUG com.jayway.jsonpath.internal.path.CompiledPath -- Evaluating path: $['windowsVirtualKeyCode']
12:53:54.243 [main] DEBUG com.jayway.jsonpath.internal.path.CompiledPath -- Evaluating path: $
12:53:54.243 [main] DEBUG com.jayway.jsonpath.internal.path.CompiledPath -- Evaluating path: $
12:53:54.243 [main] DEBUG com.jayway.jsonpath.internal.JsonContext -- Put path $ key windowsVirtualKeyCode value {}
12:53:54.243 [main] DEBUG com.jayway.jsonpath.internal.path.CompiledPath -- Evaluating path: $
12:53:54.243 [main] DEBUG com.jayway.jsonpath.internal.JsonContext -- Put path $ key windowsVirtualKeyCode value 100
12:53:54.243 [main] DEBUG com.jayway.jsonpath.internal.path.CompiledPath -- Evaluating path: $
12:53:54.243 [main] DEBUG com.intuit.karate.driver.chrome_1718781830137 -- >> {"id":33,"sessionId":"268FBF513D3CD933C424A3660C6DCCB3","method":"Input.dispatchKeyEvent","params":{"modifiers":0,"type":"keyUp","text":"d","windowsVirtualKeyCode":100}}
12:53:54.243 [nioEventLoopGroup-13-1] DEBUG com.intuit.karate.driver.chrome_1718781830137 -- << {"id":33,"result":{},"sessionId":"268FBF513D3CD933C424A3660C6DCCB3"}
12:53:54.243 [nioEventLoopGroup-13-1] DEBUG com.jayway.jsonpath.internal.path.CompiledPath -- Evaluating path: $
12:53:54.243 [main] DEBUG com.jayway.jsonpath.internal.path.CompiledPath -- Evaluating path: $['modifiers']
12:53:54.243 [main] DEBUG com.jayway.jsonpath.internal.path.CompiledPath -- Evaluating path: $
12:53:54.243 [main] DEBUG com.jayway.jsonpath.internal.path.CompiledPath -- Evaluating path: $
12:53:54.243 [main] DEBUG com.jayway.jsonpath.internal.JsonContext -- Put path $ key modifiers value {}
12:53:54.243 [main] DEBUG com.jayway.jsonpath.internal.path.CompiledPath -- Evaluating path: $
12:53:54.243 [main] DEBUG com.jayway.jsonpath.internal.JsonContext -- Put path $ key modifiers value 0
12:53:54.243 [main] DEBUG com.jayway.jsonpath.internal.path.CompiledPath -- Evaluating path: $['type']
12:53:54.243 [main] DEBUG com.jayway.jsonpath.internal.path.CompiledPath -- Evaluating path: $
12:53:54.243 [main] DEBUG com.jayway.jsonpath.internal.path.CompiledPath -- Evaluating path: $
12:53:54.243 [main] DEBUG com.jayway.jsonpath.internal.JsonContext -- Put path $ key type value {}
12:53:54.243 [main] DEBUG com.jayway.jsonpath.internal.path.CompiledPath -- Evaluating path: $
12:53:54.243 [main] DEBUG com.jayway.jsonpath.internal.JsonContext -- Put path $ key type value rawKeyDown
12:53:54.243 [main] DEBUG com.jayway.jsonpath.internal.path.CompiledPath -- Evaluating path: $['text']
12:53:54.243 [main] DEBUG com.jayway.jsonpath.internal.path.CompiledPath -- Evaluating path: $
12:53:54.243 [main] DEBUG com.jayway.jsonpath.internal.path.CompiledPath -- Evaluating path: $
12:53:54.243 [main] DEBUG com.jayway.jsonpath.internal.JsonContext -- Put path $ key text value {}
12:53:54.243 [main] DEBUG com.jayway.jsonpath.internal.path.CompiledPath -- Evaluating path: $
12:53:54.243 [main] DEBUG com.jayway.jsonpath.internal.JsonContext -- Put path $ key text value _
12:53:54.243 [main] DEBUG com.jayway.jsonpath.internal.path.CompiledPath -- Evaluating path: $['windowsVirtualKeyCode']
12:53:54.243 [main] DEBUG com.jayway.jsonpath.internal.path.CompiledPath -- Evaluating path: $
12:53:54.243 [main] DEBUG com.jayway.jsonpath.internal.path.CompiledPath -- Evaluating path: $
12:53:54.243 [main] DEBUG com.jayway.jsonpath.internal.JsonContext -- Put path $ key windowsVirtualKeyCode value {}
12:53:54.243 [main] DEBUG com.jayway.jsonpath.internal.path.CompiledPath -- Evaluating path: $
12:53:54.243 [main] DEBUG com.jayway.jsonpath.internal.JsonContext -- Put path $ key windowsVirtualKeyCode value 523
12:53:54.243 [main] DEBUG com.jayway.jsonpath.internal.path.CompiledPath -- Evaluating path: $
12:53:54.243 [main] DEBUG com.intuit.karate.driver.chrome_1718781830137 -- >> {"id":34,"sessionId":"268FBF513D3CD933C424A3660C6DCCB3","method":"Input.dispatchKeyEvent","params":{"modifiers":0,"type":"rawKeyDown","text":"_","windowsVirtualKeyCode":523}}
12:53:54.247 [nioEventLoopGroup-13-1] DEBUG com.intuit.karate.driver.chrome_1718781830137 -- << {"id":34,"result":{},"sessionId":"268FBF513D3CD933C424A3660C6DCCB3"}
12:53:54.247 [nioEventLoopGroup-13-1] DEBUG com.jayway.jsonpath.internal.path.CompiledPath -- Evaluating path: $
12:53:54.247 [main] DEBUG com.jayway.jsonpath.internal.path.CompiledPath -- Evaluating path: $['modifiers']
12:53:54.247 [main] DEBUG com.jayway.jsonpath.internal.path.CompiledPath -- Evaluating path: $
12:53:54.247 [main] DEBUG com.jayway.jsonpath.internal.path.CompiledPath -- Evaluating path: $
12:53:54.247 [main] DEBUG com.jayway.jsonpath.internal.JsonContext -- Put path $ key modifiers value {}
12:53:54.247 [main] DEBUG com.jayway.jsonpath.internal.path.CompiledPath -- Evaluating path: $
12:53:54.247 [main] DEBUG com.jayway.jsonpath.internal.JsonContext -- Put path $ key modifiers value 0
12:53:54.247 [main] DEBUG com.jayway.jsonpath.internal.path.CompiledPath -- Evaluating path: $['type']
12:53:54.247 [main] DEBUG com.jayway.jsonpath.internal.path.CompiledPath -- Evaluating path: $
12:53:54.247 [main] DEBUG com.jayway.jsonpath.internal.path.CompiledPath -- Evaluating path: $
12:53:54.247 [main] DEBUG com.jayway.jsonpath.internal.JsonContext -- Put path $ key type value {}
12:53:54.247 [main] DEBUG com.jayway.jsonpath.internal.path.CompiledPath -- Evaluating path: $
12:53:54.247 [main] DEBUG com.jayway.jsonpath.internal.JsonContext -- Put path $ key type value char
12:53:54.247 [main] DEBUG com.jayway.jsonpath.internal.path.CompiledPath -- Evaluating path: $['text']
12:53:54.247 [main] DEBUG com.jayway.jsonpath.internal.path.CompiledPath -- Evaluating path: $
12:53:54.247 [main] DEBUG com.jayway.jsonpath.internal.path.CompiledPath -- Evaluating path: $
12:53:54.247 [main] DEBUG com.jayway.jsonpath.internal.JsonContext -- Put path $ key text value {}
12:53:54.247 [main] DEBUG com.jayway.jsonpath.internal.path.CompiledPath -- Evaluating path: $
12:53:54.247 [main] DEBUG com.jayway.jsonpath.internal.JsonContext -- Put path $ key text value _
12:53:54.247 [main] DEBUG com.jayway.jsonpath.internal.path.CompiledPath -- Evaluating path: $['windowsVirtualKeyCode']
12:53:54.247 [main] DEBUG com.jayway.jsonpath.internal.path.CompiledPath -- Evaluating path: $
12:53:54.247 [main] DEBUG com.jayway.jsonpath.internal.path.CompiledPath -- Evaluating path: $
12:53:54.247 [main] DEBUG com.jayway.jsonpath.internal.JsonContext -- Put path $ key windowsVirtualKeyCode value {}
12:53:54.247 [main] DEBUG com.jayway.jsonpath.internal.path.CompiledPath -- Evaluating path: $
12:53:54.247 [main] DEBUG com.jayway.jsonpath.internal.JsonContext -- Put path $ key windowsVirtualKeyCode value 523
12:53:54.247 [main] DEBUG com.jayway.jsonpath.internal.path.CompiledPath -- Evaluating path: $
12:53:54.247 [main] DEBUG com.intuit.karate.driver.chrome_1718781830137 -- >> {"id":35,"sessionId":"268FBF513D3CD933C424A3660C6DCCB3","method":"Input.dispatchKeyEvent","params":{"modifiers":0,"type":"char","text":"_","windowsVirtualKeyCode":523}}
12:53:54.247 [nioEventLoopGroup-13-1] DEBUG com.intuit.karate.driver.chrome_1718781830137 -- << {"id":35,"result":{},"sessionId":"268FBF513D3CD933C424A3660C6DCCB3"}
12:53:54.247 [nioEventLoopGroup-13-1] DEBUG com.jayway.jsonpath.internal.path.CompiledPath -- Evaluating path: $
12:53:54.247 [main] DEBUG com.jayway.jsonpath.internal.path.CompiledPath -- Evaluating path: $['modifiers']
12:53:54.247 [main] DEBUG com.jayway.jsonpath.internal.path.CompiledPath -- Evaluating path: $
12:53:54.247 [main] DEBUG com.jayway.jsonpath.internal.path.CompiledPath -- Evaluating path: $
12:53:54.247 [main] DEBUG com.jayway.jsonpath.internal.JsonContext -- Put path $ key modifiers value {}
12:53:54.247 [main] DEBUG com.jayway.jsonpath.internal.path.CompiledPath -- Evaluating path: $
12:53:54.247 [main] DEBUG com.jayway.jsonpath.internal.JsonContext -- Put path $ key modifiers value 0
12:53:54.247 [main] DEBUG com.jayway.jsonpath.internal.path.CompiledPath -- Evaluating path: $['type']
12:53:54.247 [main] DEBUG com.jayway.jsonpath.internal.path.CompiledPath -- Evaluating path: $
12:53:54.247 [main] DEBUG com.jayway.jsonpath.internal.path.CompiledPath -- Evaluating path: $
12:53:54.247 [main] DEBUG com.jayway.jsonpath.internal.JsonContext -- Put path $ key type value {}
12:53:54.247 [main] DEBUG com.jayway.jsonpath.internal.path.CompiledPath -- Evaluating path: $
12:53:54.247 [main] DEBUG com.jayway.jsonpath.internal.JsonContext -- Put path $ key type value keyUp
12:53:54.247 [main] DEBUG com.jayway.jsonpath.internal.path.CompiledPath -- Evaluating path: $['text']
12:53:54.247 [main] DEBUG com.jayway.jsonpath.internal.path.CompiledPath -- Evaluating path: $
12:53:54.247 [main] DEBUG com.jayway.jsonpath.internal.path.CompiledPath -- Evaluating path: $
12:53:54.247 [main] DEBUG com.jayway.jsonpath.internal.JsonContext -- Put path $ key text value {}
12:53:54.247 [main] DEBUG com.jayway.jsonpath.internal.path.CompiledPath -- Evaluating path: $
12:53:54.247 [main] DEBUG com.jayway.jsonpath.internal.JsonContext -- Put path $ key text value _
12:53:54.247 [main] DEBUG com.jayway.jsonpath.internal.path.CompiledPath -- Evaluating path: $['windowsVirtualKeyCode']
12:53:54.247 [main] DEBUG com.jayway.jsonpath.internal.path.CompiledPath -- Evaluating path: $
12:53:54.247 [main] DEBUG com.jayway.jsonpath.internal.path.CompiledPath -- Evaluating path: $
12:53:54.247 [main] DEBUG com.jayway.jsonpath.internal.JsonContext -- Put path $ key windowsVirtualKeyCode value {}
12:53:54.247 [main] DEBUG com.jayway.jsonpath.internal.path.CompiledPath -- Evaluating path: $
12:53:54.247 [main] DEBUG com.jayway.jsonpath.internal.JsonContext -- Put path $ key windowsVirtualKeyCode value 523
12:53:54.247 [main] DEBUG com.jayway.jsonpath.internal.path.CompiledPath -- Evaluating path: $
12:53:54.247 [main] DEBUG com.intuit.karate.driver.chrome_1718781830137 -- >> {"id":36,"sessionId":"268FBF513D3CD933C424A3660C6DCCB3","method":"Input.dispatchKeyEvent","params":{"modifiers":0,"type":"keyUp","text":"_","windowsVirtualKeyCode":523}}
12:53:54.247 [nioEventLoopGroup-13-1] DEBUG com.intuit.karate.driver.chrome_1718781830137 -- << {"id":36,"result":{},"sessionId":"268FBF513D3CD933C424A3660C6DCCB3"}
12:53:54.247 [nioEventLoopGroup-13-1] DEBUG com.jayway.jsonpath.internal.path.CompiledPath -- Evaluating path: $
12:53:54.247 [main] DEBUG com.jayway.jsonpath.internal.path.CompiledPath -- Evaluating path: $['modifiers']
12:53:54.247 [main] DEBUG com.jayway.jsonpath.internal.path.CompiledPath -- Evaluating path: $
12:53:54.247 [main] DEBUG com.jayway.jsonpath.internal.path.CompiledPath -- Evaluating path: $
12:53:54.247 [main] DEBUG com.jayway.jsonpath.internal.JsonContext -- Put path $ key modifiers value {}
12:53:54.247 [main] DEBUG com.jayway.jsonpath.internal.path.CompiledPath -- Evaluating path: $
12:53:54.247 [main] DEBUG com.jayway.jsonpath.internal.JsonContext -- Put path $ key modifiers value 0
12:53:54.247 [main] DEBUG com.jayway.jsonpath.internal.path.CompiledPath -- Evaluating path: $['type']
12:53:54.247 [main] DEBUG com.jayway.jsonpath.internal.path.CompiledPath -- Evaluating path: $
12:53:54.247 [main] DEBUG com.jayway.jsonpath.internal.path.CompiledPath -- Evaluating path: $
12:53:54.247 [main] DEBUG com.jayway.jsonpath.internal.JsonContext -- Put path $ key type value {}
12:53:54.247 [main] DEBUG com.jayway.jsonpath.internal.path.CompiledPath -- Evaluating path: $
12:53:54.247 [main] DEBUG com.jayway.jsonpath.internal.JsonContext -- Put path $ key type value rawKeyDown
12:53:54.247 [main] DEBUG com.jayway.jsonpath.internal.path.CompiledPath -- Evaluating path: $['text']
12:53:54.247 [main] DEBUG com.jayway.jsonpath.internal.path.CompiledPath -- Evaluating path: $
12:53:54.247 [main] DEBUG com.jayway.jsonpath.internal.path.CompiledPath -- Evaluating path: $
12:53:54.247 [main] DEBUG com.jayway.jsonpath.internal.JsonContext -- Put path $ key text value {}
12:53:54.247 [main] DEBUG com.jayway.jsonpath.internal.path.CompiledPath -- Evaluating path: $
12:53:54.247 [main] DEBUG com.jayway.jsonpath.internal.JsonContext -- Put path $ key text value u
12:53:54.247 [main] DEBUG com.jayway.jsonpath.internal.path.CompiledPath -- Evaluating path: $['windowsVirtualKeyCode']
12:53:54.247 [main] DEBUG com.jayway.jsonpath.internal.path.CompiledPath -- Evaluating path: $
12:53:54.247 [main] DEBUG com.jayway.jsonpath.internal.path.CompiledPath -- Evaluating path: $
12:53:54.247 [main] DEBUG com.jayway.jsonpath.internal.JsonContext -- Put path $ key windowsVirtualKeyCode value {}
12:53:54.247 [main] DEBUG com.jayway.jsonpath.internal.path.CompiledPath -- Evaluating path: $
12:53:54.247 [main] DEBUG com.jayway.jsonpath.internal.JsonContext -- Put path $ key windowsVirtualKeyCode value 117
12:53:54.247 [main] DEBUG com.jayway.jsonpath.internal.path.CompiledPath -- Evaluating path: $
12:53:54.247 [main] DEBUG com.intuit.karate.driver.chrome_1718781830137 -- >> {"id":37,"sessionId":"268FBF513D3CD933C424A3660C6DCCB3","method":"Input.dispatchKeyEvent","params":{"modifiers":0,"type":"rawKeyDown","text":"u","windowsVirtualKeyCode":117}}
12:53:54.247 [nioEventLoopGroup-13-1] DEBUG com.intuit.karate.driver.chrome_1718781830137 -- << {"id":37,"result":{},"sessionId":"268FBF513D3CD933C424A3660C6DCCB3"}
12:53:54.247 [nioEventLoopGroup-13-1] DEBUG com.jayway.jsonpath.internal.path.CompiledPath -- Evaluating path: $
12:53:54.247 [main] DEBUG com.jayway.jsonpath.internal.path.CompiledPath -- Evaluating path: $['modifiers']
12:53:54.247 [main] DEBUG com.jayway.jsonpath.internal.path.CompiledPath -- Evaluating path: $
12:53:54.247 [main] DEBUG com.jayway.jsonpath.internal.path.CompiledPath -- Evaluating path: $
12:53:54.247 [main] DEBUG com.jayway.jsonpath.internal.JsonContext -- Put path $ key modifiers value {}
12:53:54.247 [main] DEBUG com.jayway.jsonpath.internal.path.CompiledPath -- Evaluating path: $
12:53:54.247 [main] DEBUG com.jayway.jsonpath.internal.JsonContext -- Put path $ key modifiers value 0
12:53:54.247 [main] DEBUG com.jayway.jsonpath.internal.path.CompiledPath -- Evaluating path: $['type']
12:53:54.247 [main] DEBUG com.jayway.jsonpath.internal.path.CompiledPath -- Evaluating path: $
12:53:54.247 [main] DEBUG com.jayway.jsonpath.internal.path.CompiledPath -- Evaluating path: $
12:53:54.247 [main] DEBUG com.jayway.jsonpath.internal.JsonContext -- Put path $ key type value {}
12:53:54.247 [main] DEBUG com.jayway.jsonpath.internal.path.CompiledPath -- Evaluating path: $
12:53:54.247 [main] DEBUG com.jayway.jsonpath.internal.JsonContext -- Put path $ key type value char
12:53:54.247 [main] DEBUG com.jayway.jsonpath.internal.path.CompiledPath -- Evaluating path: $['text']
12:53:54.247 [main] DEBUG com.jayway.jsonpath.internal.path.CompiledPath -- Evaluating path: $
12:53:54.247 [main] DEBUG com.jayway.jsonpath.internal.path.CompiledPath -- Evaluating path: $
12:53:54.247 [main] DEBUG com.jayway.jsonpath.internal.JsonContext -- Put path $ key text value {}
12:53:54.247 [main] DEBUG com.jayway.jsonpath.internal.path.CompiledPath -- Evaluating path: $
12:53:54.247 [main] DEBUG com.jayway.jsonpath.internal.JsonContext -- Put path $ key text value u
12:53:54.247 [main] DEBUG com.jayway.jsonpath.internal.path.CompiledPath -- Evaluating path: $['windowsVirtualKeyCode']
12:53:54.247 [main] DEBUG com.jayway.jsonpath.internal.path.CompiledPath -- Evaluating path: $
12:53:54.247 [main] DEBUG com.jayway.jsonpath.internal.path.CompiledPath -- Evaluating path: $
12:53:54.247 [main] DEBUG com.jayway.jsonpath.internal.JsonContext -- Put path $ key windowsVirtualKeyCode value {}
12:53:54.247 [main] DEBUG com.jayway.jsonpath.internal.path.CompiledPath -- Evaluating path: $
12:53:54.247 [main] DEBUG com.jayway.jsonpath.internal.JsonContext -- Put path $ key windowsVirtualKeyCode value 117
12:53:54.247 [main] DEBUG com.jayway.jsonpath.internal.path.CompiledPath -- Evaluating path: $
12:53:54.247 [main] DEBUG com.intuit.karate.driver.chrome_1718781830137 -- >> {"id":38,"sessionId":"268FBF513D3CD933C424A3660C6DCCB3","method":"Input.dispatchKeyEvent","params":{"modifiers":0,"type":"char","text":"u","windowsVirtualKeyCode":117}}
12:53:54.259 [nioEventLoopGroup-13-1] DEBUG com.intuit.karate.driver.chrome_1718781830137 -- << {"id":38,"result":{},"sessionId":"268FBF513D3CD933C424A3660C6DCCB3"}
12:53:54.259 [nioEventLoopGroup-13-1] DEBUG com.jayway.jsonpath.internal.path.CompiledPath -- Evaluating path: $
12:53:54.259 [main] DEBUG com.jayway.jsonpath.internal.path.CompiledPath -- Evaluating path: $['modifiers']
12:53:54.259 [main] DEBUG com.jayway.jsonpath.internal.path.CompiledPath -- Evaluating path: $
12:53:54.259 [main] DEBUG com.jayway.jsonpath.internal.path.CompiledPath -- Evaluating path: $
12:53:54.259 [main] DEBUG com.jayway.jsonpath.internal.JsonContext -- Put path $ key modifiers value {}
12:53:54.259 [main] DEBUG com.jayway.jsonpath.internal.path.CompiledPath -- Evaluating path: $
12:53:54.259 [main] DEBUG com.jayway.jsonpath.internal.JsonContext -- Put path $ key modifiers value 0
12:53:54.259 [main] DEBUG com.jayway.jsonpath.internal.path.CompiledPath -- Evaluating path: $['type']
12:53:54.259 [main] DEBUG com.jayway.jsonpath.internal.path.CompiledPath -- Evaluating path: $
12:53:54.259 [main] DEBUG com.jayway.jsonpath.internal.path.CompiledPath -- Evaluating path: $
12:53:54.259 [main] DEBUG com.jayway.jsonpath.internal.JsonContext -- Put path $ key type value {}
12:53:54.259 [main] DEBUG com.jayway.jsonpath.internal.path.CompiledPath -- Evaluating path: $
12:53:54.259 [main] DEBUG com.jayway.jsonpath.internal.JsonContext -- Put path $ key type value keyUp
12:53:54.259 [main] DEBUG com.jayway.jsonpath.internal.path.CompiledPath -- Evaluating path: $['text']
12:53:54.259 [main] DEBUG com.jayway.jsonpath.internal.path.CompiledPath -- Evaluating path: $
12:53:54.259 [main] DEBUG com.jayway.jsonpath.internal.path.CompiledPath -- Evaluating path: $
12:53:54.259 [main] DEBUG com.jayway.jsonpath.internal.JsonContext -- Put path $ key text value {}
12:53:54.259 [main] DEBUG com.jayway.jsonpath.internal.path.CompiledPath -- Evaluating path: $
12:53:54.259 [main] DEBUG com.jayway.jsonpath.internal.JsonContext -- Put path $ key text value u
12:53:54.259 [main] DEBUG com.jayway.jsonpath.internal.path.CompiledPath -- Evaluating path: $['windowsVirtualKeyCode']
12:53:54.259 [main] DEBUG com.jayway.jsonpath.internal.path.CompiledPath -- Evaluating path: $
12:53:54.259 [main] DEBUG com.jayway.jsonpath.internal.path.CompiledPath -- Evaluating path: $
12:53:54.259 [main] DEBUG com.jayway.jsonpath.internal.JsonContext -- Put path $ key windowsVirtualKeyCode value {}
12:53:54.259 [main] DEBUG com.jayway.jsonpath.internal.path.CompiledPath -- Evaluating path: $
12:53:54.259 [main] DEBUG com.jayway.jsonpath.internal.JsonContext -- Put path $ key windowsVirtualKeyCode value 117
12:53:54.259 [main] DEBUG com.jayway.jsonpath.internal.path.CompiledPath -- Evaluating path: $
12:53:54.259 [main] DEBUG com.intuit.karate.driver.chrome_1718781830137 -- >> {"id":39,"sessionId":"268FBF513D3CD933C424A3660C6DCCB3","method":"Input.dispatchKeyEvent","params":{"modifiers":0,"type":"keyUp","text":"u","windowsVirtualKeyCode":117}}
12:53:54.260 [nioEventLoopGroup-13-1] DEBUG com.intuit.karate.driver.chrome_1718781830137 -- << {"id":39,"result":{},"sessionId":"268FBF513D3CD933C424A3660C6DCCB3"}
12:53:54.260 [nioEventLoopGroup-13-1] DEBUG com.jayway.jsonpath.internal.path.CompiledPath -- Evaluating path: $
12:53:54.260 [main] DEBUG com.jayway.jsonpath.internal.path.CompiledPath -- Evaluating path: $['modifiers']
12:53:54.260 [main] DEBUG com.jayway.jsonpath.internal.path.CompiledPath -- Evaluating path: $
12:53:54.260 [main] DEBUG com.jayway.jsonpath.internal.path.CompiledPath -- Evaluating path: $
12:53:54.260 [main] DEBUG com.jayway.jsonpath.internal.JsonContext -- Put path $ key modifiers value {}
12:53:54.260 [main] DEBUG com.jayway.jsonpath.internal.path.CompiledPath -- Evaluating path: $
12:53:54.260 [main] DEBUG com.jayway.jsonpath.internal.JsonContext -- Put path $ key modifiers value 0
12:53:54.260 [main] DEBUG com.jayway.jsonpath.internal.path.CompiledPath -- Evaluating path: $['type']
12:53:54.260 [main] DEBUG com.jayway.jsonpath.internal.path.CompiledPath -- Evaluating path: $
12:53:54.260 [main] DEBUG com.jayway.jsonpath.internal.path.CompiledPath -- Evaluating path: $
12:53:54.260 [main] DEBUG com.jayway.jsonpath.internal.JsonContext -- Put path $ key type value {}
12:53:54.260 [main] DEBUG com.jayway.jsonpath.internal.path.CompiledPath -- Evaluating path: $
12:53:54.260 [main] DEBUG com.jayway.jsonpath.internal.JsonContext -- Put path $ key type value rawKeyDown
12:53:54.260 [main] DEBUG com.jayway.jsonpath.internal.path.CompiledPath -- Evaluating path: $['text']
12:53:54.260 [main] DEBUG com.jayway.jsonpath.internal.path.CompiledPath -- Evaluating path: $
12:53:54.260 [main] DEBUG com.jayway.jsonpath.internal.path.CompiledPath -- Evaluating path: $
12:53:54.260 [main] DEBUG com.jayway.jsonpath.internal.JsonContext -- Put path $ key text value {}
12:53:54.260 [main] DEBUG com.jayway.jsonpath.internal.path.CompiledPath -- Evaluating path: $
12:53:54.260 [main] DEBUG com.jayway.jsonpath.internal.JsonContext -- Put path $ key text value s
12:53:54.260 [main] DEBUG com.jayway.jsonpath.internal.path.CompiledPath -- Evaluating path: $['windowsVirtualKeyCode']
12:53:54.260 [main] DEBUG com.jayway.jsonpath.internal.path.CompiledPath -- Evaluating path: $
12:53:54.260 [main] DEBUG com.jayway.jsonpath.internal.path.CompiledPath -- Evaluating path: $
12:53:54.260 [main] DEBUG com.jayway.jsonpath.internal.JsonContext -- Put path $ key windowsVirtualKeyCode value {}
12:53:54.260 [main] DEBUG com.jayway.jsonpath.internal.path.CompiledPath -- Evaluating path: $
12:53:54.260 [main] DEBUG com.jayway.jsonpath.internal.JsonContext -- Put path $ key windowsVirtualKeyCode value 115
12:53:54.260 [main] DEBUG com.jayway.jsonpath.internal.path.CompiledPath -- Evaluating path: $
12:53:54.260 [main] DEBUG com.intuit.karate.driver.chrome_1718781830137 -- >> {"id":40,"sessionId":"268FBF513D3CD933C424A3660C6DCCB3","method":"Input.dispatchKeyEvent","params":{"modifiers":0,"type":"rawKeyDown","text":"s","windowsVirtualKeyCode":115}}
12:53:54.264 [nioEventLoopGroup-13-1] DEBUG com.intuit.karate.driver.chrome_1718781830137 -- << {"id":40,"result":{},"sessionId":"268FBF513D3CD933C424A3660C6DCCB3"}
12:53:54.264 [nioEventLoopGroup-13-1] DEBUG com.jayway.jsonpath.internal.path.CompiledPath -- Evaluating path: $
12:53:54.264 [main] DEBUG com.jayway.jsonpath.internal.path.CompiledPath -- Evaluating path: $['modifiers']
12:53:54.264 [main] DEBUG com.jayway.jsonpath.internal.path.CompiledPath -- Evaluating path: $
12:53:54.264 [main] DEBUG com.jayway.jsonpath.internal.path.CompiledPath -- Evaluating path: $
12:53:54.264 [main] DEBUG com.jayway.jsonpath.internal.JsonContext -- Put path $ key modifiers value {}
12:53:54.264 [main] DEBUG com.jayway.jsonpath.internal.path.CompiledPath -- Evaluating path: $
12:53:54.264 [main] DEBUG com.jayway.jsonpath.internal.JsonContext -- Put path $ key modifiers value 0
12:53:54.264 [main] DEBUG com.jayway.jsonpath.internal.path.CompiledPath -- Evaluating path: $['type']
12:53:54.264 [main] DEBUG com.jayway.jsonpath.internal.path.CompiledPath -- Evaluating path: $
12:53:54.264 [main] DEBUG com.jayway.jsonpath.internal.path.CompiledPath -- Evaluating path: $
12:53:54.264 [main] DEBUG com.jayway.jsonpath.internal.JsonContext -- Put path $ key type value {}
12:53:54.264 [main] DEBUG com.jayway.jsonpath.internal.path.CompiledPath -- Evaluating path: $
12:53:54.264 [main] DEBUG com.jayway.jsonpath.internal.JsonContext -- Put path $ key type value char
12:53:54.264 [main] DEBUG com.jayway.jsonpath.internal.path.CompiledPath -- Evaluating path: $['text']
12:53:54.264 [main] DEBUG com.jayway.jsonpath.internal.path.CompiledPath -- Evaluating path: $
12:53:54.264 [main] DEBUG com.jayway.jsonpath.internal.path.CompiledPath -- Evaluating path: $
12:53:54.264 [main] DEBUG com.jayway.jsonpath.internal.JsonContext -- Put path $ key text value {}
12:53:54.264 [main] DEBUG com.jayway.jsonpath.internal.path.CompiledPath -- Evaluating path: $
12:53:54.264 [main] DEBUG com.jayway.jsonpath.internal.JsonContext -- Put path $ key text value s
12:53:54.264 [main] DEBUG com.jayway.jsonpath.internal.path.CompiledPath -- Evaluating path: $['windowsVirtualKeyCode']
12:53:54.264 [main] DEBUG com.jayway.jsonpath.internal.path.CompiledPath -- Evaluating path: $
12:53:54.264 [main] DEBUG com.jayway.jsonpath.internal.path.CompiledPath -- Evaluating path: $
12:53:54.264 [main] DEBUG com.jayway.jsonpath.internal.JsonContext -- Put path $ key windowsVirtualKeyCode value {}
12:53:54.264 [main] DEBUG com.jayway.jsonpath.internal.path.CompiledPath -- Evaluating path: $
12:53:54.264 [main] DEBUG com.jayway.jsonpath.internal.JsonContext -- Put path $ key windowsVirtualKeyCode value 115
12:53:54.264 [main] DEBUG com.jayway.jsonpath.internal.path.CompiledPath -- Evaluating path: $
12:53:54.264 [main] DEBUG com.intuit.karate.driver.chrome_1718781830137 -- >> {"id":41,"sessionId":"268FBF513D3CD933C424A3660C6DCCB3","method":"Input.dispatchKeyEvent","params":{"modifiers":0,"type":"char","text":"s","windowsVirtualKeyCode":115}}
12:53:54.264 [nioEventLoopGroup-13-1] DEBUG com.intuit.karate.driver.chrome_1718781830137 -- << {"id":41,"result":{},"sessionId":"268FBF513D3CD933C424A3660C6DCCB3"}
12:53:54.264 [nioEventLoopGroup-13-1] DEBUG com.jayway.jsonpath.internal.path.CompiledPath -- Evaluating path: $
12:53:54.264 [main] DEBUG com.jayway.jsonpath.internal.path.CompiledPath -- Evaluating path: $['modifiers']
12:53:54.264 [main] DEBUG com.jayway.jsonpath.internal.path.CompiledPath -- Evaluating path: $
12:53:54.264 [main] DEBUG com.jayway.jsonpath.internal.path.CompiledPath -- Evaluating path: $
12:53:54.264 [main] DEBUG com.jayway.jsonpath.internal.JsonContext -- Put path $ key modifiers value {}
12:53:54.264 [main] DEBUG com.jayway.jsonpath.internal.path.CompiledPath -- Evaluating path: $
12:53:54.264 [main] DEBUG com.jayway.jsonpath.internal.JsonContext -- Put path $ key modifiers value 0
12:53:54.264 [main] DEBUG com.jayway.jsonpath.internal.path.CompiledPath -- Evaluating path: $['type']
12:53:54.264 [main] DEBUG com.jayway.jsonpath.internal.path.CompiledPath -- Evaluating path: $
12:53:54.264 [main] DEBUG com.jayway.jsonpath.internal.path.CompiledPath -- Evaluating path: $
12:53:54.264 [main] DEBUG com.jayway.jsonpath.internal.JsonContext -- Put path $ key type value {}
12:53:54.264 [main] DEBUG com.jayway.jsonpath.internal.path.CompiledPath -- Evaluating path: $
12:53:54.264 [main] DEBUG com.jayway.jsonpath.internal.JsonContext -- Put path $ key type value keyUp
12:53:54.264 [main] DEBUG com.jayway.jsonpath.internal.path.CompiledPath -- Evaluating path: $['text']
12:53:54.264 [main] DEBUG com.jayway.jsonpath.internal.path.CompiledPath -- Evaluating path: $
12:53:54.264 [main] DEBUG com.jayway.jsonpath.internal.path.CompiledPath -- Evaluating path: $
12:53:54.264 [main] DEBUG com.jayway.jsonpath.internal.JsonContext -- Put path $ key text value {}
12:53:54.264 [main] DEBUG com.jayway.jsonpath.internal.path.CompiledPath -- Evaluating path: $
12:53:54.264 [main] DEBUG com.jayway.jsonpath.internal.JsonContext -- Put path $ key text value s
12:53:54.264 [main] DEBUG com.jayway.jsonpath.internal.path.CompiledPath -- Evaluating path: $['windowsVirtualKeyCode']
12:53:54.264 [main] DEBUG com.jayway.jsonpath.internal.path.CompiledPath -- Evaluating path: $
12:53:54.264 [main] DEBUG com.jayway.jsonpath.internal.path.CompiledPath -- Evaluating path: $
12:53:54.264 [main] DEBUG com.jayway.jsonpath.internal.JsonContext -- Put path $ key windowsVirtualKeyCode value {}
12:53:54.264 [main] DEBUG com.jayway.jsonpath.internal.path.CompiledPath -- Evaluating path: $
12:53:54.264 [main] DEBUG com.jayway.jsonpath.internal.JsonContext -- Put path $ key windowsVirtualKeyCode value 115
12:53:54.264 [main] DEBUG com.jayway.jsonpath.internal.path.CompiledPath -- Evaluating path: $
12:53:54.264 [main] DEBUG com.intuit.karate.driver.chrome_1718781830137 -- >> {"id":42,"sessionId":"268FBF513D3CD933C424A3660C6DCCB3","method":"Input.dispatchKeyEvent","params":{"modifiers":0,"type":"keyUp","text":"s","windowsVirtualKeyCode":115}}
12:53:54.264 [nioEventLoopGroup-13-1] DEBUG com.intuit.karate.driver.chrome_1718781830137 -- << {"id":42,"result":{},"sessionId":"268FBF513D3CD933C424A3660C6DCCB3"}
12:53:54.264 [nioEventLoopGroup-13-1] DEBUG com.jayway.jsonpath.internal.path.CompiledPath -- Evaluating path: $
12:53:54.264 [main] DEBUG com.jayway.jsonpath.internal.path.CompiledPath -- Evaluating path: $['modifiers']
12:53:54.264 [main] DEBUG com.jayway.jsonpath.internal.path.CompiledPath -- Evaluating path: $
12:53:54.264 [main] DEBUG com.jayway.jsonpath.internal.path.CompiledPath -- Evaluating path: $
12:53:54.264 [main] DEBUG com.jayway.jsonpath.internal.JsonContext -- Put path $ key modifiers value {}
12:53:54.264 [main] DEBUG com.jayway.jsonpath.internal.path.CompiledPath -- Evaluating path: $
12:53:54.264 [main] DEBUG com.jayway.jsonpath.internal.JsonContext -- Put path $ key modifiers value 0
12:53:54.264 [main] DEBUG com.jayway.jsonpath.internal.path.CompiledPath -- Evaluating path: $['type']
12:53:54.264 [main] DEBUG com.jayway.jsonpath.internal.path.CompiledPath -- Evaluating path: $
12:53:54.264 [main] DEBUG com.jayway.jsonpath.internal.path.CompiledPath -- Evaluating path: $
12:53:54.264 [main] DEBUG com.jayway.jsonpath.internal.JsonContext -- Put path $ key type value {}
12:53:54.264 [main] DEBUG com.jayway.jsonpath.internal.path.CompiledPath -- Evaluating path: $
12:53:54.264 [main] DEBUG com.jayway.jsonpath.internal.JsonContext -- Put path $ key type value rawKeyDown
12:53:54.264 [main] DEBUG com.jayway.jsonpath.internal.path.CompiledPath -- Evaluating path: $['text']
12:53:54.264 [main] DEBUG com.jayway.jsonpath.internal.path.CompiledPath -- Evaluating path: $
12:53:54.264 [main] DEBUG com.jayway.jsonpath.internal.path.CompiledPath -- Evaluating path: $
12:53:54.264 [main] DEBUG com.jayway.jsonpath.internal.JsonContext -- Put path $ key text value {}
12:53:54.264 [main] DEBUG com.jayway.jsonpath.internal.path.CompiledPath -- Evaluating path: $
12:53:54.264 [main] DEBUG com.jayway.jsonpath.internal.JsonContext -- Put path $ key text value e
12:53:54.264 [main] DEBUG com.jayway.jsonpath.internal.path.CompiledPath -- Evaluating path: $['windowsVirtualKeyCode']
12:53:54.264 [main] DEBUG com.jayway.jsonpath.internal.path.CompiledPath -- Evaluating path: $
12:53:54.264 [main] DEBUG com.jayway.jsonpath.internal.path.CompiledPath -- Evaluating path: $
12:53:54.264 [main] DEBUG com.jayway.jsonpath.internal.JsonContext -- Put path $ key windowsVirtualKeyCode value {}
12:53:54.264 [main] DEBUG com.jayway.jsonpath.internal.path.CompiledPath -- Evaluating path: $
12:53:54.264 [main] DEBUG com.jayway.jsonpath.internal.JsonContext -- Put path $ key windowsVirtualKeyCode value 101
12:53:54.264 [main] DEBUG com.jayway.jsonpath.internal.path.CompiledPath -- Evaluating path: $
12:53:54.264 [main] DEBUG com.intuit.karate.driver.chrome_1718781830137 -- >> {"id":43,"sessionId":"268FBF513D3CD933C424A3660C6DCCB3","method":"Input.dispatchKeyEvent","params":{"modifiers":0,"type":"rawKeyDown","text":"e","windowsVirtualKeyCode":101}}
12:53:54.264 [nioEventLoopGroup-13-1] DEBUG com.intuit.karate.driver.chrome_1718781830137 -- << {"id":43,"result":{},"sessionId":"268FBF513D3CD933C424A3660C6DCCB3"}
12:53:54.264 [nioEventLoopGroup-13-1] DEBUG com.jayway.jsonpath.internal.path.CompiledPath -- Evaluating path: $
12:53:54.264 [main] DEBUG com.jayway.jsonpath.internal.path.CompiledPath -- Evaluating path: $['modifiers']
12:53:54.264 [main] DEBUG com.jayway.jsonpath.internal.path.CompiledPath -- Evaluating path: $
12:53:54.264 [main] DEBUG com.jayway.jsonpath.internal.path.CompiledPath -- Evaluating path: $
12:53:54.264 [main] DEBUG com.jayway.jsonpath.internal.JsonContext -- Put path $ key modifiers value {}
12:53:54.264 [main] DEBUG com.jayway.jsonpath.internal.path.CompiledPath -- Evaluating path: $
12:53:54.264 [main] DEBUG com.jayway.jsonpath.internal.JsonContext -- Put path $ key modifiers value 0
12:53:54.264 [main] DEBUG com.jayway.jsonpath.internal.path.CompiledPath -- Evaluating path: $['type']
12:53:54.264 [main] DEBUG com.jayway.jsonpath.internal.path.CompiledPath -- Evaluating path: $
12:53:54.264 [main] DEBUG com.jayway.jsonpath.internal.path.CompiledPath -- Evaluating path: $
12:53:54.264 [main] DEBUG com.jayway.jsonpath.internal.JsonContext -- Put path $ key type value {}
12:53:54.264 [main] DEBUG com.jayway.jsonpath.internal.path.CompiledPath -- Evaluating path: $
12:53:54.264 [main] DEBUG com.jayway.jsonpath.internal.JsonContext -- Put path $ key type value char
12:53:54.264 [main] DEBUG com.jayway.jsonpath.internal.path.CompiledPath -- Evaluating path: $['text']
12:53:54.264 [main] DEBUG com.jayway.jsonpath.internal.path.CompiledPath -- Evaluating path: $
12:53:54.264 [main] DEBUG com.jayway.jsonpath.internal.path.CompiledPath -- Evaluating path: $
12:53:54.264 [main] DEBUG com.jayway.jsonpath.internal.JsonContext -- Put path $ key text value {}
12:53:54.264 [main] DEBUG com.jayway.jsonpath.internal.path.CompiledPath -- Evaluating path: $
12:53:54.264 [main] DEBUG com.jayway.jsonpath.internal.JsonContext -- Put path $ key text value e
12:53:54.264 [main] DEBUG com.jayway.jsonpath.internal.path.CompiledPath -- Evaluating path: $['windowsVirtualKeyCode']
12:53:54.264 [main] DEBUG com.jayway.jsonpath.internal.path.CompiledPath -- Evaluating path: $
12:53:54.264 [main] DEBUG com.jayway.jsonpath.internal.path.CompiledPath -- Evaluating path: $
12:53:54.264 [main] DEBUG com.jayway.jsonpath.internal.JsonContext -- Put path $ key windowsVirtualKeyCode value {}
12:53:54.264 [main] DEBUG com.jayway.jsonpath.internal.path.CompiledPath -- Evaluating path: $
12:53:54.264 [main] DEBUG com.jayway.jsonpath.internal.JsonContext -- Put path $ key windowsVirtualKeyCode value 101
12:53:54.264 [main] DEBUG com.jayway.jsonpath.internal.path.CompiledPath -- Evaluating path: $
12:53:54.264 [main] DEBUG com.intuit.karate.driver.chrome_1718781830137 -- >> {"id":44,"sessionId":"268FBF513D3CD933C424A3660C6DCCB3","method":"Input.dispatchKeyEvent","params":{"modifiers":0,"type":"char","text":"e","windowsVirtualKeyCode":101}}
12:53:54.264 [nioEventLoopGroup-13-1] DEBUG com.intuit.karate.driver.chrome_1718781830137 -- << {"id":44,"result":{},"sessionId":"268FBF513D3CD933C424A3660C6DCCB3"}
12:53:54.264 [nioEventLoopGroup-13-1] DEBUG com.jayway.jsonpath.internal.path.CompiledPath -- Evaluating path: $
12:53:54.264 [main] DEBUG com.jayway.jsonpath.internal.path.CompiledPath -- Evaluating path: $['modifiers']
12:53:54.264 [main] DEBUG com.jayway.jsonpath.internal.path.CompiledPath -- Evaluating path: $
12:53:54.264 [main] DEBUG com.jayway.jsonpath.internal.path.CompiledPath -- Evaluating path: $
12:53:54.264 [main] DEBUG com.jayway.jsonpath.internal.JsonContext -- Put path $ key modifiers value {}
12:53:54.264 [main] DEBUG com.jayway.jsonpath.internal.path.CompiledPath -- Evaluating path: $
12:53:54.264 [main] DEBUG com.jayway.jsonpath.internal.JsonContext -- Put path $ key modifiers value 0
12:53:54.264 [main] DEBUG com.jayway.jsonpath.internal.path.CompiledPath -- Evaluating path: $['type']
12:53:54.264 [main] DEBUG com.jayway.jsonpath.internal.path.CompiledPath -- Evaluating path: $
12:53:54.264 [main] DEBUG com.jayway.jsonpath.internal.path.CompiledPath -- Evaluating path: $
12:53:54.264 [main] DEBUG com.jayway.jsonpath.internal.JsonContext -- Put path $ key type value {}
12:53:54.264 [main] DEBUG com.jayway.jsonpath.internal.path.CompiledPath -- Evaluating path: $
12:53:54.264 [main] DEBUG com.jayway.jsonpath.internal.JsonContext -- Put path $ key type value keyUp
12:53:54.264 [main] DEBUG com.jayway.jsonpath.internal.path.CompiledPath -- Evaluating path: $['text']
12:53:54.264 [main] DEBUG com.jayway.jsonpath.internal.path.CompiledPath -- Evaluating path: $
12:53:54.264 [main] DEBUG com.jayway.jsonpath.internal.path.CompiledPath -- Evaluating path: $
12:53:54.264 [main] DEBUG com.jayway.jsonpath.internal.JsonContext -- Put path $ key text value {}
12:53:54.264 [main] DEBUG com.jayway.jsonpath.internal.path.CompiledPath -- Evaluating path: $
12:53:54.264 [main] DEBUG com.jayway.jsonpath.internal.JsonContext -- Put path $ key text value e
12:53:54.264 [main] DEBUG com.jayway.jsonpath.internal.path.CompiledPath -- Evaluating path: $['windowsVirtualKeyCode']
12:53:54.264 [main] DEBUG com.jayway.jsonpath.internal.path.CompiledPath -- Evaluating path: $
12:53:54.264 [main] DEBUG com.jayway.jsonpath.internal.path.CompiledPath -- Evaluating path: $
12:53:54.264 [main] DEBUG com.jayway.jsonpath.internal.JsonContext -- Put path $ key windowsVirtualKeyCode value {}
12:53:54.264 [main] DEBUG com.jayway.jsonpath.internal.path.CompiledPath -- Evaluating path: $
12:53:54.264 [main] DEBUG com.jayway.jsonpath.internal.JsonContext -- Put path $ key windowsVirtualKeyCode value 101
12:53:54.264 [main] DEBUG com.jayway.jsonpath.internal.path.CompiledPath -- Evaluating path: $
12:53:54.264 [main] DEBUG com.intuit.karate.driver.chrome_1718781830137 -- >> {"id":45,"sessionId":"268FBF513D3CD933C424A3660C6DCCB3","method":"Input.dispatchKeyEvent","params":{"modifiers":0,"type":"keyUp","text":"e","windowsVirtualKeyCode":101}}
12:53:54.264 [nioEventLoopGroup-13-1] DEBUG com.intuit.karate.driver.chrome_1718781830137 -- << {"id":45,"result":{},"sessionId":"268FBF513D3CD933C424A3660C6DCCB3"}
12:53:54.277 [nioEventLoopGroup-13-1] DEBUG com.jayway.jsonpath.internal.path.CompiledPath -- Evaluating path: $
12:53:54.277 [main] DEBUG com.jayway.jsonpath.internal.path.CompiledPath -- Evaluating path: $['modifiers']
12:53:54.277 [main] DEBUG com.jayway.jsonpath.internal.path.CompiledPath -- Evaluating path: $
12:53:54.277 [main] DEBUG com.jayway.jsonpath.internal.path.CompiledPath -- Evaluating path: $
12:53:54.277 [main] DEBUG com.jayway.jsonpath.internal.JsonContext -- Put path $ key modifiers value {}
12:53:54.277 [main] DEBUG com.jayway.jsonpath.internal.path.CompiledPath -- Evaluating path: $
12:53:54.277 [main] DEBUG com.jayway.jsonpath.internal.JsonContext -- Put path $ key modifiers value 0
12:53:54.277 [main] DEBUG com.jayway.jsonpath.internal.path.CompiledPath -- Evaluating path: $['type']
12:53:54.277 [main] DEBUG com.jayway.jsonpath.internal.path.CompiledPath -- Evaluating path: $
12:53:54.277 [main] DEBUG com.jayway.jsonpath.internal.path.CompiledPath -- Evaluating path: $
12:53:54.277 [main] DEBUG com.jayway.jsonpath.internal.JsonContext -- Put path $ key type value {}
12:53:54.277 [main] DEBUG com.jayway.jsonpath.internal.path.CompiledPath -- Evaluating path: $
12:53:54.277 [main] DEBUG com.jayway.jsonpath.internal.JsonContext -- Put path $ key type value rawKeyDown
12:53:54.277 [main] DEBUG com.jayway.jsonpath.internal.path.CompiledPath -- Evaluating path: $['text']
12:53:54.277 [main] DEBUG com.jayway.jsonpath.internal.path.CompiledPath -- Evaluating path: $
12:53:54.277 [main] DEBUG com.jayway.jsonpath.internal.path.CompiledPath -- Evaluating path: $
12:53:54.277 [main] DEBUG com.jayway.jsonpath.internal.JsonContext -- Put path $ key text value {}
12:53:54.277 [main] DEBUG com.jayway.jsonpath.internal.path.CompiledPath -- Evaluating path: $
12:53:54.277 [main] DEBUG com.jayway.jsonpath.internal.JsonContext -- Put path $ key text value r
12:53:54.277 [main] DEBUG com.jayway.jsonpath.internal.path.CompiledPath -- Evaluating path: $['windowsVirtualKeyCode']
12:53:54.277 [main] DEBUG com.jayway.jsonpath.internal.path.CompiledPath -- Evaluating path: $
12:53:54.277 [main] DEBUG com.jayway.jsonpath.internal.path.CompiledPath -- Evaluating path: $
12:53:54.277 [main] DEBUG com.jayway.jsonpath.internal.JsonContext -- Put path $ key windowsVirtualKeyCode value {}
12:53:54.277 [main] DEBUG com.jayway.jsonpath.internal.path.CompiledPath -- Evaluating path: $
12:53:54.277 [main] DEBUG com.jayway.jsonpath.internal.JsonContext -- Put path $ key windowsVirtualKeyCode value 114
12:53:54.277 [main] DEBUG com.jayway.jsonpath.internal.path.CompiledPath -- Evaluating path: $
12:53:54.277 [main] DEBUG com.intuit.karate.driver.chrome_1718781830137 -- >> {"id":46,"sessionId":"268FBF513D3CD933C424A3660C6DCCB3","method":"Input.dispatchKeyEvent","params":{"modifiers":0,"type":"rawKeyDown","text":"r","windowsVirtualKeyCode":114}}
12:53:54.277 [nioEventLoopGroup-13-1] DEBUG com.intuit.karate.driver.chrome_1718781830137 -- << {"id":46,"result":{},"sessionId":"268FBF513D3CD933C424A3660C6DCCB3"}
12:53:54.277 [nioEventLoopGroup-13-1] DEBUG com.jayway.jsonpath.internal.path.CompiledPath -- Evaluating path: $
12:53:54.279 [main] DEBUG com.jayway.jsonpath.internal.path.CompiledPath -- Evaluating path: $['modifiers']
12:53:54.279 [main] DEBUG com.jayway.jsonpath.internal.path.CompiledPath -- Evaluating path: $
12:53:54.279 [main] DEBUG com.jayway.jsonpath.internal.path.CompiledPath -- Evaluating path: $
12:53:54.279 [main] DEBUG com.jayway.jsonpath.internal.JsonContext -- Put path $ key modifiers value {}
12:53:54.279 [main] DEBUG com.jayway.jsonpath.internal.path.CompiledPath -- Evaluating path: $
12:53:54.279 [main] DEBUG com.jayway.jsonpath.internal.JsonContext -- Put path $ key modifiers value 0
12:53:54.279 [main] DEBUG com.jayway.jsonpath.internal.path.CompiledPath -- Evaluating path: $['type']
12:53:54.279 [main] DEBUG com.jayway.jsonpath.internal.path.CompiledPath -- Evaluating path: $
12:53:54.279 [main] DEBUG com.jayway.jsonpath.internal.path.CompiledPath -- Evaluating path: $
12:53:54.279 [main] DEBUG com.jayway.jsonpath.internal.JsonContext -- Put path $ key type value {}
12:53:54.279 [main] DEBUG com.jayway.jsonpath.internal.path.CompiledPath -- Evaluating path: $
12:53:54.279 [main] DEBUG com.jayway.jsonpath.internal.JsonContext -- Put path $ key type value char
12:53:54.279 [main] DEBUG com.jayway.jsonpath.internal.path.CompiledPath -- Evaluating path: $['text']
12:53:54.279 [main] DEBUG com.jayway.jsonpath.internal.path.CompiledPath -- Evaluating path: $
12:53:54.279 [main] DEBUG com.jayway.jsonpath.internal.path.CompiledPath -- Evaluating path: $
12:53:54.279 [main] DEBUG com.jayway.jsonpath.internal.JsonContext -- Put path $ key text value {}
12:53:54.279 [main] DEBUG com.jayway.jsonpath.internal.path.CompiledPath -- Evaluating path: $
12:53:54.279 [main] DEBUG com.jayway.jsonpath.internal.JsonContext -- Put path $ key text value r
12:53:54.279 [main] DEBUG com.jayway.jsonpath.internal.path.CompiledPath -- Evaluating path: $['windowsVirtualKeyCode']
12:53:54.279 [main] DEBUG com.jayway.jsonpath.internal.path.CompiledPath -- Evaluating path: $
12:53:54.279 [main] DEBUG com.jayway.jsonpath.internal.path.CompiledPath -- Evaluating path: $
12:53:54.279 [main] DEBUG com.jayway.jsonpath.internal.JsonContext -- Put path $ key windowsVirtualKeyCode value {}
12:53:54.279 [main] DEBUG com.jayway.jsonpath.internal.path.CompiledPath -- Evaluating path: $
12:53:54.279 [main] DEBUG com.jayway.jsonpath.internal.JsonContext -- Put path $ key windowsVirtualKeyCode value 114
12:53:54.279 [main] DEBUG com.jayway.jsonpath.internal.path.CompiledPath -- Evaluating path: $
12:53:54.279 [main] DEBUG com.intuit.karate.driver.chrome_1718781830137 -- >> {"id":47,"sessionId":"268FBF513D3CD933C424A3660C6DCCB3","method":"Input.dispatchKeyEvent","params":{"modifiers":0,"type":"char","text":"r","windowsVirtualKeyCode":114}}
12:53:54.279 [nioEventLoopGroup-13-1] DEBUG com.intuit.karate.driver.chrome_1718781830137 -- << {"id":47,"result":{},"sessionId":"268FBF513D3CD933C424A3660C6DCCB3"}
12:53:54.279 [nioEventLoopGroup-13-1] DEBUG com.jayway.jsonpath.internal.path.CompiledPath -- Evaluating path: $
12:53:54.279 [main] DEBUG com.jayway.jsonpath.internal.path.CompiledPath -- Evaluating path: $['modifiers']
12:53:54.279 [main] DEBUG com.jayway.jsonpath.internal.path.CompiledPath -- Evaluating path: $
12:53:54.279 [main] DEBUG com.jayway.jsonpath.internal.path.CompiledPath -- Evaluating path: $
12:53:54.279 [main] DEBUG com.jayway.jsonpath.internal.JsonContext -- Put path $ key modifiers value {}
12:53:54.279 [main] DEBUG com.jayway.jsonpath.internal.path.CompiledPath -- Evaluating path: $
12:53:54.279 [main] DEBUG com.jayway.jsonpath.internal.JsonContext -- Put path $ key modifiers value 0
12:53:54.279 [main] DEBUG com.jayway.jsonpath.internal.path.CompiledPath -- Evaluating path: $['type']
12:53:54.279 [main] DEBUG com.jayway.jsonpath.internal.path.CompiledPath -- Evaluating path: $
12:53:54.279 [main] DEBUG com.jayway.jsonpath.internal.path.CompiledPath -- Evaluating path: $
12:53:54.279 [main] DEBUG com.jayway.jsonpath.internal.JsonContext -- Put path $ key type value {}
12:53:54.279 [main] DEBUG com.jayway.jsonpath.internal.path.CompiledPath -- Evaluating path: $
12:53:54.279 [main] DEBUG com.jayway.jsonpath.internal.JsonContext -- Put path $ key type value keyUp
12:53:54.279 [main] DEBUG com.jayway.jsonpath.internal.path.CompiledPath -- Evaluating path: $['text']
12:53:54.279 [main] DEBUG com.jayway.jsonpath.internal.path.CompiledPath -- Evaluating path: $
12:53:54.279 [main] DEBUG com.jayway.jsonpath.internal.path.CompiledPath -- Evaluating path: $
12:53:54.279 [main] DEBUG com.jayway.jsonpath.internal.JsonContext -- Put path $ key text value {}
12:53:54.279 [main] DEBUG com.jayway.jsonpath.internal.path.CompiledPath -- Evaluating path: $
12:53:54.279 [main] DEBUG com.jayway.jsonpath.internal.JsonContext -- Put path $ key text value r
12:53:54.279 [main] DEBUG com.jayway.jsonpath.internal.path.CompiledPath -- Evaluating path: $['windowsVirtualKeyCode']
12:53:54.279 [main] DEBUG com.jayway.jsonpath.internal.path.CompiledPath -- Evaluating path: $
12:53:54.279 [main] DEBUG com.jayway.jsonpath.internal.path.CompiledPath -- Evaluating path: $
12:53:54.279 [main] DEBUG com.jayway.jsonpath.internal.JsonContext -- Put path $ key windowsVirtualKeyCode value {}
12:53:54.279 [main] DEBUG com.jayway.jsonpath.internal.path.CompiledPath -- Evaluating path: $
12:53:54.279 [main] DEBUG com.jayway.jsonpath.internal.JsonContext -- Put path $ key windowsVirtualKeyCode value 114
12:53:54.279 [main] DEBUG com.jayway.jsonpath.internal.path.CompiledPath -- Evaluating path: $
12:53:54.279 [main] DEBUG com.intuit.karate.driver.chrome_1718781830137 -- >> {"id":48,"sessionId":"268FBF513D3CD933C424A3660C6DCCB3","method":"Input.dispatchKeyEvent","params":{"modifiers":0,"type":"keyUp","text":"r","windowsVirtualKeyCode":114}}
12:53:54.279 [nioEventLoopGroup-13-1] DEBUG com.intuit.karate.driver.chrome_1718781830137 -- << {"id":48,"result":{},"sessionId":"268FBF513D3CD933C424A3660C6DCCB3"}
12:53:54.279 [nioEventLoopGroup-13-1] DEBUG com.jayway.jsonpath.internal.path.CompiledPath -- Evaluating path: $
12:53:57.157 [nioEventLoopGroup-13-1] DEBUG com.intuit.karate.driver.chrome_1718781830137 -- << {"method":"Target.targetCreated","params":{"targetInfo":{"targetId":"6D106B890608FFC4B0C3C3AFD7CEE6D3","type":"app","title":"Chrome Web Store Payments","url":"","attached":false,"canAccessOpener":false,"browserContextId":"6C5A20A2221BBEBF9687B59BCBD88272"}},"sessionId":"268FBF513D3CD933C424A3660C6DCCB3"}
12:53:57.157 [nioEventLoopGroup-13-1] DEBUG com.jayway.jsonpath.internal.path.CompiledPath -- Evaluating path: $
12:53:57.288 [main] DEBUG com.jayway.jsonpath.internal.path.CompiledPath -- Evaluating path: $['expression']
12:53:57.288 [main] DEBUG com.jayway.jsonpath.internal.path.CompiledPath -- Evaluating path: $
12:53:57.288 [main] DEBUG com.jayway.jsonpath.internal.path.CompiledPath -- Evaluating path: $
12:53:57.288 [main] DEBUG com.jayway.jsonpath.internal.JsonContext -- Put path $ key expression value {}
12:53:57.288 [main] DEBUG com.jayway.jsonpath.internal.path.CompiledPath -- Evaluating path: $
12:53:57.288 [main] DEBUG com.jayway.jsonpath.internal.JsonContext -- Put path $ key expression value var e = document.evaluate("//*[@id='password']", document, null, 9, null).singleNodeValue; e.focus(); try { e.selectionStart = e.selectionEnd = e.value.length } catch(x) {}
12:53:57.288 [main] DEBUG com.jayway.jsonpath.internal.path.CompiledPath -- Evaluating path: $['returnByValue']
12:53:57.288 [main] DEBUG com.jayway.jsonpath.internal.path.CompiledPath -- Evaluating path: $
12:53:57.288 [main] DEBUG com.jayway.jsonpath.internal.path.CompiledPath -- Evaluating path: $
12:53:57.288 [main] DEBUG com.jayway.jsonpath.internal.JsonContext -- Put path $ key returnByValue value {}
12:53:57.288 [main] DEBUG com.jayway.jsonpath.internal.path.CompiledPath -- Evaluating path: $
12:53:57.288 [main] DEBUG com.jayway.jsonpath.internal.JsonContext -- Put path $ key returnByValue value true
12:53:57.288 [main] DEBUG com.jayway.jsonpath.internal.path.CompiledPath -- Evaluating path: $
12:53:57.288 [main] DEBUG com.intuit.karate.driver.chrome_1718781830137 -- >> {"id":49,"sessionId":"268FBF513D3CD933C424A3660C6DCCB3","method":"Runtime.evaluate","params":{"expression":"var e = document.evaluate(\"\/\/*[@id='password']\", document, null, 9, null).singleNodeValue; e.focus(); try { e.selectionStart = e.selectionEnd = e.value.length } catch(x) {}","returnByValue":true}}
12:53:57.288 [nioEventLoopGroup-13-1] DEBUG com.intuit.karate.driver.chrome_1718781830137 -- << {"id":49,"result":{"result":{"type":"number","value":0,"description":"0"}},"sessionId":"268FBF513D3CD933C424A3660C6DCCB3"}
12:53:57.288 [nioEventLoopGroup-13-1] DEBUG com.jayway.jsonpath.internal.path.CompiledPath -- Evaluating path: $
12:53:57.345 [nioEventLoopGroup-13-1] DEBUG com.intuit.karate.driver.chrome_1718781830137 -- << {"method":"Target.targetInfoChanged","params":{"targetInfo":{"targetId":"6D106B890608FFC4B0C3C3AFD7CEE6D3","type":"background_page","title":"Chrome Web Store Payments","url":"chrome-extension://nmmhkkegccagdldgiimedpiccmgmieda/_generated_background_page.html","attached":false,"canAccessOpener":false,"browserContextId":"6C5A20A2221BBEBF9687B59BCBD88272"}},"sessionId":"268FBF513D3CD933C424A3660C6DCCB3"}
12:53:57.345 [nioEventLoopGroup-13-1] DEBUG com.jayway.jsonpath.internal.path.CompiledPath -- Evaluating path: $
12:53:57.345 [nioEventLoopGroup-13-1] DEBUG com.jayway.jsonpath.internal.path.CompiledPath -- Evaluating path: $['targetInfo']['targetId']
12:53:58.618 [nioEventLoopGroup-13-1] DEBUG com.intuit.karate.driver.chrome_1718781830137 -- << {"method":"Target.targetCreated","params":{"targetInfo":{"targetId":"23E4847514B11CF7E5E286CE6B85EEA8","type":"service_worker","title":"Service Worker chrome-extension://ghbmnnjooekpmoecnnnilnnbdlolhkhi/service_worker_bin_prod.js","url":"chrome-extension://ghbmnnjooekpmoecnnnilnnbdlolhkhi/service_worker_bin_prod.js","attached":false,"canAccessOpener":false,"browserContextId":"6C5A20A2221BBEBF9687B59BCBD88272"}},"sessionId":"268FBF513D3CD933C424A3660C6DCCB3"}
12:53:58.618 [nioEventLoopGroup-13-1] DEBUG com.jayway.jsonpath.internal.path.CompiledPath -- Evaluating path: $
12:54:00.294 [main] DEBUG com.jayway.jsonpath.internal.path.CompiledPath -- Evaluating path: $['expression']
12:54:00.294 [main] DEBUG com.jayway.jsonpath.internal.path.CompiledPath -- Evaluating path: $
12:54:00.294 [main] DEBUG com.jayway.jsonpath.internal.path.CompiledPath -- Evaluating path: $
12:54:00.294 [main] DEBUG com.jayway.jsonpath.internal.JsonContext -- Put path $ key expression value {}
12:54:00.294 [main] DEBUG com.jayway.jsonpath.internal.path.CompiledPath -- Evaluating path: $
12:54:00.294 [main] DEBUG com.jayway.jsonpath.internal.JsonContext -- Put path $ key expression value document.evaluate("//*[@id='login-button']", document, null, 9, null).singleNodeValue.click()
12:54:00.294 [main] DEBUG com.jayway.jsonpath.internal.path.CompiledPath -- Evaluating path: $['returnByValue']
12:54:00.294 [main] DEBUG com.jayway.jsonpath.internal.path.CompiledPath -- Evaluating path: $
12:54:00.294 [main] DEBUG com.jayway.jsonpath.internal.path.CompiledPath -- Evaluating path: $
12:54:00.294 [main] DEBUG com.jayway.jsonpath.internal.JsonContext -- Put path $ key returnByValue value {}
12:54:00.294 [main] DEBUG com.jayway.jsonpath.internal.path.CompiledPath -- Evaluating path: $
12:54:00.294 [main] DEBUG com.jayway.jsonpath.internal.JsonContext -- Put path $ key returnByValue value true
12:54:00.294 [main] DEBUG com.jayway.jsonpath.internal.path.CompiledPath -- Evaluating path: $
12:54:00.294 [main] DEBUG com.intuit.karate.driver.chrome_1718781830137 -- >> {"id":50,"sessionId":"268FBF513D3CD933C424A3660C6DCCB3","method":"Runtime.evaluate","params":{"expression":"document.evaluate(\"\/\/*[@id='login-button']\", document, null, 9, null).singleNodeValue.click()","returnByValue":true}}
12:54:00.302 [nioEventLoopGroup-13-1] DEBUG com.intuit.karate.driver.chrome_1718781830137 -- << {"id":50,"result":{"result":{"type":"undefined"}},"sessionId":"268FBF513D3CD933C424A3660C6DCCB3"}
12:54:00.302 [nioEventLoopGroup-13-1] DEBUG com.jayway.jsonpath.internal.path.CompiledPath -- Evaluating path: $
12:54:03.307 [main] DEBUG com.jayway.jsonpath.internal.path.CompiledPath -- Evaluating path: $['expression']
12:54:03.307 [main] DEBUG com.jayway.jsonpath.internal.path.CompiledPath -- Evaluating path: $
12:54:03.307 [main] DEBUG com.jayway.jsonpath.internal.path.CompiledPath -- Evaluating path: $
12:54:03.307 [main] DEBUG com.jayway.jsonpath.internal.JsonContext -- Put path $ key expression value {}
12:54:03.307 [main] DEBUG com.jayway.jsonpath.internal.path.CompiledPath -- Evaluating path: $
12:54:03.307 [main] DEBUG com.jayway.jsonpath.internal.JsonContext -- Put path $ key expression value document.evaluate("//*[@id='login_button_container']/div/form/div[3]", document, null, 9, null).singleNodeValue['textContent']
12:54:03.307 [main] DEBUG com.jayway.jsonpath.internal.path.CompiledPath -- Evaluating path: $['returnByValue']
12:54:03.307 [main] DEBUG com.jayway.jsonpath.internal.path.CompiledPath -- Evaluating path: $
12:54:03.307 [main] DEBUG com.jayway.jsonpath.internal.path.CompiledPath -- Evaluating path: $
12:54:03.307 [main] DEBUG com.jayway.jsonpath.internal.JsonContext -- Put path $ key returnByValue value {}
12:54:03.307 [main] DEBUG com.jayway.jsonpath.internal.path.CompiledPath -- Evaluating path: $
12:54:03.307 [main] DEBUG com.jayway.jsonpath.internal.JsonContext -- Put path $ key returnByValue value true
12:54:03.307 [main] DEBUG com.jayway.jsonpath.internal.path.CompiledPath -- Evaluating path: $
12:54:03.307 [main] DEBUG com.intuit.karate.driver.chrome_1718781830137 -- >> {"id":51,"sessionId":"268FBF513D3CD933C424A3660C6DCCB3","method":"Runtime.evaluate","params":{"expression":"document.evaluate(\"\/\/*[@id='login_button_container']\/div\/form\/div[3]\", document, null, 9, null).singleNodeValue['textContent']","returnByValue":true}}
12:54:03.307 [nioEventLoopGroup-13-1] DEBUG com.intuit.karate.driver.chrome_1718781830137 -- << {"id":51,"result":{"result":{"type":"string","value":"Epic sadface: Password is required"}},"sessionId":"268FBF513D3CD933C424A3660C6DCCB3"}
12:54:03.307 [nioEventLoopGroup-13-1] DEBUG com.jayway.jsonpath.internal.path.CompiledPath -- Evaluating path: $
12:54:05.973 [nioEventLoopGroup-13-1] DEBUG com.intuit.karate.driver.chrome_1718781830137 -- << {"method":"Target.targetDestroyed","params":{"targetId":"0938371623AD1D58B9788CFFB95D5750"},"sessionId":"268FBF513D3CD933C424A3660C6DCCB3"}
12:54:05.973 [nioEventLoopGroup-13-1] DEBUG com.jayway.jsonpath.internal.path.CompiledPath -- Evaluating path: $
12:54:06.004 [nioEventLoopGroup-13-1] DEBUG com.intuit.karate.driver.chrome_1718781830137 -- << {"method":"Target.targetDestroyed","params":{"targetId":"E8F5BF777186C0D425E8D361B997DBB7"},"sessionId":"268FBF513D3CD933C424A3660C6DCCB3"}
12:54:06.004 [nioEventLoopGroup-13-1] DEBUG com.jayway.jsonpath.internal.path.CompiledPath -- Evaluating path: $
12:54:06.321 [main] ERROR com.intuit.karate -- classpath:UI_Automation_Project/login/login.feature:81
* delay(3000)*
js failed:
>>>>
01: delay(3000)*
<<<<
org.graalvm.polyglot.PolyglotException: SyntaxError: Unnamed:1:12 Expected an operand but found eof
delay(3000)*
            ^

- org.graalvm.polyglot.Context.eval(Context.java:425)
- com.intuit.karate.graal.JsEngine.evalForValue(JsEngine.java:169)
- com.intuit.karate.graal.JsEngine.eval(JsEngine.java:165)
- com.intuit.karate.core.ScenarioEngine.evalJs(ScenarioEngine.java:1286)
- com.intuit.karate.ScenarioActions.eval(ScenarioActions.java:372)
- jdk.internal.reflect.GeneratedMethodAccessor14.invoke(Unknown Source)
- java.base/jdk.internal.reflect.DelegatingMethodAccessorImpl.invoke(DelegatingMethodAccessorImpl.java:43)

classpath:UI_Automation_Project/login/login.feature:81
12:54:06.321 [main] DEBUG com.intuit.karate.driver.chrome_1718781830137 -- >> {"id":52,"sessionId":"268FBF513D3CD933C424A3660C6DCCB3","method":"Page.captureScreenshot"}
12:54:06.413 [nioEventLoopGroup-13-1] DEBUG com.intuit.karate.driver.chrome_1718781830137 -- << {"id":52,"result":{"data":"iVBORw0KGgoAAAANSUhEUgAABhIAAANFCAIAAAARevGRAAAAAXNSR0IArs4c6QAAIABJREFUeJzs3Wl4VeW98OE/BBJIIIhGSo9BqxFFmlbiUORFRemAWlKrqMdZqlRbZ62tRa1UnGqr1FlRQMSxKLY2ThwtOHGQKgI1hTgEW8FThCgSSCAJgffDhhCSlYgKhuG+Lz5kr2k/e+MlFz+e9axWn6ysDAAAAAC2CmkVNRvrUq031oUAAAAA2JrIRgAAAAAkkI0AAAAASCAbAQAAAJBANgIAAAAggWwEAAAAQALZCAAAAIAEshEAAAAACWQjAAAAABLIRgAAAADblr/+9a8bcphsBAAAALANSTWjDSlHshEAAADAtqJ+LfrMciQbAQAAAGwTGnei5suRbAQAAACw9WuqEDVTjmQjAAAAgK1c87OKmtrb6pOVlZtsSAAAAAB8pdIqajbWpcw2AgAAACCBbAQAAABAAtkIAAAAgASyEQAAAAAJZCMAAAAAEshGAAAAACSQjQAAAABIIBsBAAAAkKBNSw8AAAAAgI1s5syZX+b0Xr16mW0EAAAAQDLZCAAAAIAEshEAAAAACWQjAAAAABLIRgAAAAAkkI0AAAAASCAbAQAAAJBANgIAAAAggWwEAAAAQALZCAAAAIAEshEAAAAACWQjAAAAABLIRgAAAAAkkI0AAAAASCAbAQAAAJBANgIAAAAggWwEAAAAQALZCAAAAIAEshEAAAAACWQjAAAAABLIRgAAAAAkkI0AAAAASCAbAQAAAJBANgIAAAAggWwEAAAAQALZCAAAAIAEshEAAAAACWQjAAAAABLIRgAAAAAkkI0AAAAASCAbAQAAAJBANgIAAAAggWwEAAAAQALZCAAAAIAEshEAAAAACWQjAAAAABLIRgAAAAAkkI0AAAAASCAbAQAAAJBANgIAAAAggWwEAAAAQALZCABg8zLjD/nd98zvvmf+ndNbeigAwLatTUsPAADYN ...
12:54:06.413 [nioEventLoopGroup-13-1] DEBUG com.jayway.jsonpath.internal.path.CompiledPath -- Evaluating path: $
12:54:06.426 [main] DEBUG com.jayway.jsonpath.internal.path.CompiledPath -- Evaluating path: $['targetId']
12:54:06.426 [main] DEBUG com.jayway.jsonpath.internal.path.CompiledPath -- Evaluating path: $
12:54:06.426 [main] DEBUG com.jayway.jsonpath.internal.path.CompiledPath -- Evaluating path: $
12:54:06.426 [main] DEBUG com.jayway.jsonpath.internal.JsonContext -- Put path $ key targetId value {}
12:54:06.426 [main] DEBUG com.jayway.jsonpath.internal.path.CompiledPath -- Evaluating path: $
12:54:06.426 [main] DEBUG com.jayway.jsonpath.internal.JsonContext -- Put path $ key targetId value DE8AEE8B33F443516FB461645D0656DE
12:54:06.426 [main] DEBUG com.jayway.jsonpath.internal.path.CompiledPath -- Evaluating path: $
12:54:06.426 [main] DEBUG com.intuit.karate.driver.chrome_1718781830137 -- >> {"id":53,"sessionId":"268FBF513D3CD933C424A3660C6DCCB3","method":"Target.closeTarget","params":{"targetId":"DE8AEE8B33F443516FB461645D0656DE"}}
12:54:06.427 [nioEventLoopGroup-13-1] DEBUG com.intuit.karate.http.WebSocketClientHandler -- websocket closing
12:54:06.427 [nioEventLoopGroup-13-1] DEBUG com.intuit.karate.http.WebSocketClientHandler -- websocket client disconnected
12:54:06.427 [main] DEBUG com.intuit.karate.shell.Command -- closing command: chrome_1718781830137
]]></system-out>
  </testcase>
  <testcase name="[5.3:85] Login with empty login credentials" classname="UI_Automation_Project/login/login" time="17.514">
    <failure message="js failed:&#10;&gt;&gt;&gt;&gt;&#10;01: delay(3000)*&#10;&lt;&lt;&lt;&lt;&#10;org.graalvm.polyglot.PolyglotException: SyntaxError: Unnamed:1:12 Expected an operand but found eof&#10;delay(3000)*&#10;            ^&#10;&#10;- org.graalvm.polyglot.Context.eval(Context.java:425)&#10;- com.intuit.karate.graal.JsEngine.evalForValue(JsEngine.java:169)&#10;- com.intuit.karate.graal.JsEngine.eval(JsEngine.java:165)&#10;- com.intuit.karate.core.ScenarioEngine.evalJs(ScenarioEngine.java:1286)&#10;- com.intuit.karate.ScenarioActions.eval(ScenarioActions.java:372)&#10;- jdk.internal.reflect.GeneratedMethodAccessor14.invoke(Unknown Source)&#10;- java.base/jdk.internal.reflect.DelegatingMethodAccessorImpl.invoke(DelegatingMethodAccessorImpl.java:43)&#10;&#10;classpath:UI_Automation_Project/login/login.feature:81" type="org.opentest4j.AssertionFailedError"><![CDATA[org.opentest4j.AssertionFailedError: 
js failed:
>>>>
01: delay(3000)*
<<<<
org.graalvm.polyglot.PolyglotException: SyntaxError: Unnamed:1:12 Expected an operand but found eof
delay(3000)*
            ^

- org.graalvm.polyglot.Context.eval(Context.java:425)
- com.intuit.karate.graal.JsEngine.evalForValue(JsEngine.java:169)
- com.intuit.karate.graal.JsEngine.eval(JsEngine.java:165)
- com.intuit.karate.core.ScenarioEngine.evalJs(ScenarioEngine.java:1286)
- com.intuit.karate.ScenarioActions.eval(ScenarioActions.java:372)
- jdk.internal.reflect.GeneratedMethodAccessor14.invoke(Unknown Source)
- java.base/jdk.internal.reflect.DelegatingMethodAccessorImpl.invoke(DelegatingMethodAccessorImpl.java:43)

classpath:UI_Automation_Project/login/login.feature:81
	at org.junit.jupiter.api.AssertionUtils.fail(AssertionUtils.java:38)
	at org.junit.jupiter.api.Assertions.fail(Assertions.java:135)
	at com.intuit.karate.junit5.FeatureNode.lambda$next$1(FeatureNode.java:86)
	at org.junit.jupiter.engine.descriptor.DynamicTestTestDescriptor.lambda$execute$0(DynamicTestTestDescriptor.java:53)
	at org.junit.jupiter.engine.execution.InvocationInterceptorChain$ValidatingInvocation.proceed(InvocationInterceptorChain.java:131)
	at org.junit.jupiter.api.extension.InvocationInterceptor.interceptDynamicTest(InvocationInterceptor.java:167)
	at org.junit.jupiter.api.extension.InvocationInterceptor.interceptDynamicTest(InvocationInterceptor.java:184)
	at org.junit.jupiter.engine.descriptor.DynamicTestTestDescriptor.lambda$execute$1(DynamicTestTestDescriptor.java:61)
	at org.junit.jupiter.engine.execution.InvocationInterceptorChain$InterceptorCall.lambda$ofVoid$0(InvocationInterceptorChain.java:78)
	at org.junit.jupiter.engine.execution.InvocationInterceptorChain$InterceptedInvocation.proceed(InvocationInterceptorChain.java:106)
	at org.junit.jupiter.engine.execution.InvocationInterceptorChain.proceed(InvocationInterceptorChain.java:64)
	at org.junit.jupiter.engine.execution.InvocationInterceptorChain.chainAndInvoke(InvocationInterceptorChain.java:45)
	at org.junit.jupiter.engine.execution.InvocationInterceptorChain.invoke(InvocationInterceptorChain.java:37)
	at org.junit.jupiter.engine.descriptor.DynamicTestTestDescriptor.execute(DynamicTestTestDescriptor.java:60)
	at org.junit.jupiter.engine.descriptor.DynamicTestTestDescriptor.execute(DynamicTestTestDescriptor.java:32)
	at org.junit.platform.engine.support.hierarchical.NodeTestTask.lambda$executeRecursively$6(NodeTestTask.java:151)
	at org.junit.platform.engine.support.hierarchical.ThrowableCollector.execute(ThrowableCollector.java:73)
	at org.junit.platform.engine.support.hierarchical.NodeTestTask.lambda$executeRecursively$8(NodeTestTask.java:141)
	at org.junit.platform.engine.support.hierarchical.Node.around(Node.java:137)
	at org.junit.platform.engine.support.hierarchical.NodeTestTask.lambda$executeRecursively$9(NodeTestTask.java:139)
	at org.junit.platform.engine.support.hierarchical.ThrowableCollector.execute(ThrowableCollector.java:73)
	at org.junit.platform.engine.support.hierarchical.NodeTestTask.executeRecursively(NodeTestTask.java:138)
	at org.junit.platform.engine.support.hierarchical.NodeTestTask.execute(NodeTestTask.java:95)
	at org.junit.platform.engine.support.hierarchical.SameThreadHierarchicalTestExecutorService.submit(SameThreadHierarchicalTestExecutorService.java:35)
	at org.junit.platform.engine.support.hierarchical.NodeTestTask$DefaultDynamicTestExecutor.execute(NodeTestTask.java:226)
	at org.junit.platform.engine.support.hierarchical.NodeTestTask$DefaultDynamicTestExecutor.execute(NodeTestTask.java:204)
	at java.base/java.util.stream.ForEachOps$ForEachOp$OfRef.accept(ForEachOps.java:183)
	at java.base/java.util.stream.ReferencePipeline$3$1.accept(ReferencePipeline.java:197)
	at java.base/java.util.stream.ReferencePipeline$2$1.accept(ReferencePipeline.java:179)
	at java.base/java.util.stream.ReferencePipeline$3$1.accept(ReferencePipeline.java:197)
	at java.base/java.util.Iterator.forEachRemaining(Iterator.java:133)
	at java.base/java.util.Spliterators$IteratorSpliterator.forEachRemaining(Spliterators.java:1845)
	at java.base/java.util.stream.AbstractPipeline.copyInto(AbstractPipeline.java:509)
	at java.base/java.util.stream.AbstractPipeline.wrapAndCopyInto(AbstractPipeline.java:499)
	at java.base/java.util.stream.ForEachOps$ForEachOp.evaluateSequential(ForEachOps.java:150)
	at java.base/java.util.stream.ForEachOps$ForEachOp$OfRef.evaluateSequential(ForEachOps.java:173)
	at java.base/java.util.stream.AbstractPipeline.evaluate(AbstractPipeline.java:234)
	at java.base/java.util.stream.ReferencePipeline.forEachOrdered(ReferencePipeline.java:601)
	at org.junit.jupiter.engine.descriptor.DynamicContainerTestDescriptor.execute(DynamicContainerTestDescriptor.java:67)
	at org.junit.jupiter.engine.descriptor.DynamicContainerTestDescriptor.execute(DynamicContainerTestDescriptor.java:33)
	at org.junit.platform.engine.support.hierarchical.NodeTestTask.lambda$executeRecursively$6(NodeTestTask.java:151)
	at org.junit.platform.engine.support.hierarchical.ThrowableCollector.execute(ThrowableCollector.java:73)
	at org.junit.platform.engine.support.hierarchical.NodeTestTask.lambda$executeRecursively$8(NodeTestTask.java:141)
	at org.junit.platform.engine.support.hierarchical.Node.around(Node.java:137)
	at org.junit.platform.engine.support.hierarchical.NodeTestTask.lambda$executeRecursively$9(NodeTestTask.java:139)
	at org.junit.platform.engine.support.hierarchical.ThrowableCollector.execute(ThrowableCollector.java:73)
	at org.junit.platform.engine.support.hierarchical.NodeTestTask.executeRecursively(NodeTestTask.java:138)
	at org.junit.platform.engine.support.hierarchical.NodeTestTask.execute(NodeTestTask.java:95)
	at org.junit.platform.engine.support.hierarchical.SameThreadHierarchicalTestExecutorService.submit(SameThreadHierarchicalTestExecutorService.java:35)
	at org.junit.platform.engine.support.hierarchical.NodeTestTask$DefaultDynamicTestExecutor.execute(NodeTestTask.java:226)
	at org.junit.platform.engine.support.hierarchical.NodeTestTask$DefaultDynamicTestExecutor.execute(NodeTestTask.java:204)
	at java.base/java.util.Optional.ifPresent(Optional.java:178)
	at org.junit.jupiter.engine.descriptor.TestFactoryTestDescriptor.lambda$invokeTestMethod$1(TestFactoryTestDescriptor.java:108)
	at org.junit.platform.engine.support.hierarchical.ThrowableCollector.execute(ThrowableCollector.java:73)
	at org.junit.jupiter.engine.descriptor.TestFactoryTestDescriptor.invokeTestMethod(TestFactoryTestDescriptor.java:95)
	at org.junit.jupiter.engine.descriptor.TestMethodTestDescriptor.execute(TestMethodTestDescriptor.java:138)
	at org.junit.jupiter.engine.descriptor.TestMethodTestDescriptor.execute(TestMethodTestDescriptor.java:68)
	at org.junit.platform.engine.support.hierarchical.NodeTestTask.lambda$executeRecursively$6(NodeTestTask.java:151)
	at org.junit.platform.engine.support.hierarchical.ThrowableCollector.execute(ThrowableCollector.java:73)
	at org.junit.platform.engine.support.hierarchical.NodeTestTask.lambda$executeRecursively$8(NodeTestTask.java:141)
	at org.junit.platform.engine.support.hierarchical.Node.around(Node.java:137)
	at org.junit.platform.engine.support.hierarchical.NodeTestTask.lambda$executeRecursively$9(NodeTestTask.java:139)
	at org.junit.platform.engine.support.hierarchical.ThrowableCollector.execute(ThrowableCollector.java:73)
	at org.junit.platform.engine.support.hierarchical.NodeTestTask.executeRecursively(NodeTestTask.java:138)
	at org.junit.platform.engine.support.hierarchical.NodeTestTask.execute(NodeTestTask.java:95)
	at java.base/java.util.ArrayList.forEach(ArrayList.java:1511)
	at org.junit.platform.engine.support.hierarchical.SameThreadHierarchicalTestExecutorService.invokeAll(SameThreadHierarchicalTestExecutorService.java:41)
	at org.junit.platform.engine.support.hierarchical.NodeTestTask.lambda$executeRecursively$6(NodeTestTask.java:155)
	at org.junit.platform.engine.support.hierarchical.ThrowableCollector.execute(ThrowableCollector.java:73)
	at org.junit.platform.engine.support.hierarchical.NodeTestTask.lambda$executeRecursively$8(NodeTestTask.java:141)
	at org.junit.platform.engine.support.hierarchical.Node.around(Node.java:137)
	at org.junit.platform.engine.support.hierarchical.NodeTestTask.lambda$executeRecursively$9(NodeTestTask.java:139)
	at org.junit.platform.engine.support.hierarchical.ThrowableCollector.execute(ThrowableCollector.java:73)
	at org.junit.platform.engine.support.hierarchical.NodeTestTask.executeRecursively(NodeTestTask.java:138)
	at org.junit.platform.engine.support.hierarchical.NodeTestTask.execute(NodeTestTask.java:95)
	at java.base/java.util.ArrayList.forEach(ArrayList.java:1511)
	at org.junit.platform.engine.support.hierarchical.SameThreadHierarchicalTestExecutorService.invokeAll(SameThreadHierarchicalTestExecutorService.java:41)
	at org.junit.platform.engine.support.hierarchical.NodeTestTask.lambda$executeRecursively$6(NodeTestTask.java:155)
	at org.junit.platform.engine.support.hierarchical.ThrowableCollector.execute(ThrowableCollector.java:73)
	at org.junit.platform.engine.support.hierarchical.NodeTestTask.lambda$executeRecursively$8(NodeTestTask.java:141)
	at org.junit.platform.engine.support.hierarchical.Node.around(Node.java:137)
	at org.junit.platform.engine.support.hierarchical.NodeTestTask.lambda$executeRecursively$9(NodeTestTask.java:139)
	at org.junit.platform.engine.support.hierarchical.ThrowableCollector.execute(ThrowableCollector.java:73)
	at org.junit.platform.engine.support.hierarchical.NodeTestTask.executeRecursively(NodeTestTask.java:138)
	at org.junit.platform.engine.support.hierarchical.NodeTestTask.execute(NodeTestTask.java:95)
	at org.junit.platform.engine.support.hierarchical.SameThreadHierarchicalTestExecutorService.submit(SameThreadHierarchicalTestExecutorService.java:35)
	at org.junit.platform.engine.support.hierarchical.HierarchicalTestExecutor.execute(HierarchicalTestExecutor.java:57)
	at org.junit.platform.engine.support.hierarchical.HierarchicalTestEngine.execute(HierarchicalTestEngine.java:54)
	at org.junit.platform.launcher.core.EngineExecutionOrchestrator.execute(EngineExecutionOrchestrator.java:147)
	at org.junit.platform.launcher.core.EngineExecutionOrchestrator.execute(EngineExecutionOrchestrator.java:127)
	at org.junit.platform.launcher.core.EngineExecutionOrchestrator.execute(EngineExecutionOrchestrator.java:90)
	at org.junit.platform.launcher.core.EngineExecutionOrchestrator.lambda$execute$0(EngineExecutionOrchestrator.java:55)
	at org.junit.platform.launcher.core.EngineExecutionOrchestrator.withInterceptedStreams(EngineExecutionOrchestrator.java:102)
	at org.junit.platform.launcher.core.EngineExecutionOrchestrator.execute(EngineExecutionOrchestrator.java:54)
	at org.junit.platform.launcher.core.DefaultLauncher.execute(DefaultLauncher.java:114)
	at org.junit.platform.launcher.core.DefaultLauncher.execute(DefaultLauncher.java:86)
	at org.junit.platform.launcher.core.DefaultLauncherSession$DelegatingLauncher.execute(DefaultLauncherSession.java:86)
	at org.apache.maven.surefire.junitplatform.LazyLauncher.execute(LazyLauncher.java:56)
	at org.apache.maven.surefire.junitplatform.JUnitPlatformProvider.execute(JUnitPlatformProvider.java:184)
	at org.apache.maven.surefire.junitplatform.JUnitPlatformProvider.invokeAllTests(JUnitPlatformProvider.java:148)
	at org.apache.maven.surefire.junitplatform.JUnitPlatformProvider.invoke(JUnitPlatformProvider.java:122)
	at org.apache.maven.surefire.booter.ForkedBooter.runSuitesInProcess(ForkedBooter.java:385)
	at org.apache.maven.surefire.booter.ForkedBooter.execute(ForkedBooter.java:162)
	at org.apache.maven.surefire.booter.ForkedBooter.run(ForkedBooter.java:507)
	at org.apache.maven.surefire.booter.ForkedBooter.main(ForkedBooter.java:495)
]]></failure>
    <system-out><![CDATA[12:54:06.443 [main] INFO com.intuit.karate -- karate.env system property was: null 
12:54:06.443 [main] INFO com.intuit.karate -- the browser set is: chromedriver, default: "chrome" 
12:54:06.451 [main] DEBUG com.jayway.jsonpath.internal.path.CompiledPath -- Evaluating path: $
12:54:06.451 [main] DEBUG com.jayway.jsonpath.internal.path.CompiledPath -- Evaluating path: $
12:54:06.451 [main] DEBUG com.jayway.jsonpath.internal.path.CompiledPath -- Evaluating path: $
12:54:06.456 [main] DEBUG com.intuit.karate.shell.Command -- found / verified free local port: 54282
12:54:06.456 [main] WARN com.intuit.karate.driver.DriverOptions -- preferred port 9222 not available, will use: 54282
12:54:06.456 [main] DEBUG com.intuit.karate.driver.chrome_1718781846451 -- poll attempt #0 for port to be ready - localhost:54282
12:54:06.459 [chrome_1718781846451] DEBUG com.intuit.karate.driver.chrome_1718781846451 -- command: [C:\Program Files\Google\Chrome\Application\chrome.exe, --remote-debugging-port=54282, --remote-allow-origins=*, --no-first-run, --user-data-dir=C:\Users\HarshvardhanNigaveka\OneDrive - Academian India Private Limited\Desktop\GitHubActions\karateUI\UI_Automation_Project\target\chrome_1718781846451, --disable-popup-blocking], working dir: target\chrome_1718781846451
12:54:06.718 [main] DEBUG com.intuit.karate.driver.chrome_1718781846451 -- poll attempt #1 for port to be ready - localhost:54282
12:54:06.812 [chrome_1718781846451-out] DEBUG com.intuit.karate.driver.chrome_1718781846451 -- 
12:54:06.812 [chrome_1718781846451-out] DEBUG com.intuit.karate.driver.chrome_1718781846451 -- DevTools listening on ws://127.0.0.1:54282/devtools/browser/4264dfbf-ff29-469d-acfa-266d9739e27b
12:54:06.978 [main] DEBUG com.intuit.karate.driver.chrome_1718781846451 -- poll attempt #2 for port to be ready - localhost:54282
12:54:07.002 [main] DEBUG org.apache.http.client.protocol.RequestAddCookies -- CookieSpec selected: karate
12:54:07.002 [main] DEBUG org.apache.http.client.protocol.RequestAuthCache -- Auth cache not set in the context
12:54:07.002 [main] DEBUG com.intuit.karate -- request:
1 > GET http://localhost:54282/json
1 > Host: localhost:54282
1 > Connection: Keep-Alive
1 > User-Agent: Apache-HttpClient/4.5.14 (Java/17.0.11)
1 > Accept-Encoding: gzip,deflate


12:54:07.002 [main] DEBUG org.apache.http.impl.conn.PoolingHttpClientConnectionManager -- Connection request: [route: {}->http://localhost:54282][total available: 0; route allocated: 0 of 5; total allocated: 0 of 10]
12:54:07.002 [main] DEBUG org.apache.http.impl.conn.PoolingHttpClientConnectionManager -- Connection leased: [id: 24][route: {}->http://localhost:54282][total available: 0; route allocated: 1 of 5; total allocated: 1 of 10]
12:54:07.002 [main] DEBUG org.apache.http.impl.execchain.MainClientExec -- Opening connection {}->http://localhost:54282
12:54:07.002 [main] DEBUG org.apache.http.impl.conn.DefaultHttpClientConnectionOperator -- Connecting to localhost/127.0.0.1:54282
12:54:07.002 [main] DEBUG org.apache.http.impl.conn.DefaultHttpClientConnectionOperator -- Connection established 127.0.0.1:54286<->127.0.0.1:54282
12:54:07.002 [main] DEBUG org.apache.http.impl.conn.DefaultManagedHttpClientConnection -- http-outgoing-24: set socket timeout to 30000
12:54:07.002 [main] DEBUG org.apache.http.impl.execchain.MainClientExec -- Executing request GET /json HTTP/1.1
12:54:07.002 [main] DEBUG org.apache.http.impl.execchain.MainClientExec -- Target auth state: UNCHALLENGED
12:54:07.002 [main] DEBUG org.apache.http.impl.execchain.MainClientExec -- Proxy auth state: UNCHALLENGED
12:54:07.002 [main] DEBUG org.apache.http.headers -- http-outgoing-24 >> GET /json HTTP/1.1
12:54:07.002 [main] DEBUG org.apache.http.headers -- http-outgoing-24 >> Host: localhost:54282
12:54:07.002 [main] DEBUG org.apache.http.headers -- http-outgoing-24 >> Connection: Keep-Alive
12:54:07.002 [main] DEBUG org.apache.http.headers -- http-outgoing-24 >> User-Agent: Apache-HttpClient/4.5.14 (Java/17.0.11)
12:54:07.002 [main] DEBUG org.apache.http.headers -- http-outgoing-24 >> Accept-Encoding: gzip,deflate
12:54:07.002 [main] DEBUG org.apache.http.wire -- http-outgoing-24 >> "GET /json HTTP/1.1[\r][\n]"
12:54:07.002 [main] DEBUG org.apache.http.wire -- http-outgoing-24 >> "Host: localhost:54282[\r][\n]"
12:54:07.002 [main] DEBUG org.apache.http.wire -- http-outgoing-24 >> "Connection: Keep-Alive[\r][\n]"
12:54:07.002 [main] DEBUG org.apache.http.wire -- http-outgoing-24 >> "User-Agent: Apache-HttpClient/4.5.14 (Java/17.0.11)[\r][\n]"
12:54:07.002 [main] DEBUG org.apache.http.wire -- http-outgoing-24 >> "Accept-Encoding: gzip,deflate[\r][\n]"
12:54:07.002 [main] DEBUG org.apache.http.wire -- http-outgoing-24 >> "[\r][\n]"
12:54:07.007 [main] DEBUG org.apache.http.wire -- http-outgoing-24 << "HTTP/1.1 200 OK[\r][\n]"
12:54:07.007 [main] DEBUG org.apache.http.wire -- http-outgoing-24 << "Content-Security-Policy:frame-ancestors 'none'[\r][\n]"
12:54:07.007 [main] DEBUG org.apache.http.wire -- http-outgoing-24 << "Content-Length:1273[\r][\n]"
12:54:07.007 [main] DEBUG org.apache.http.wire -- http-outgoing-24 << "Content-Type:application/json; charset=UTF-8[\r][\n]"
12:54:07.007 [main] DEBUG org.apache.http.wire -- http-outgoing-24 << "[\r][\n]"
12:54:07.007 [main] DEBUG org.apache.http.wire -- http-outgoing-24 << "[ {[\r][\n]"
12:54:07.007 [main] DEBUG org.apache.http.wire -- http-outgoing-24 << "   "description": "",[\r][\n]"
12:54:07.007 [main] DEBUG org.apache.http.wire -- http-outgoing-24 << "   "devtoolsFrontendUrl": "/devtools/inspector.html?ws=localhost:54282/devtools/page/8FE7CE3A1FAD82F904CDBD7D8B470DA0",[\r][\n]"
12:54:07.007 [main] DEBUG org.apache.http.wire -- http-outgoing-24 << "   "id": "8FE7CE3A1FAD82F904CDBD7D8B470DA0",[\r][\n]"
12:54:07.007 [main] DEBUG org.apache.http.wire -- http-outgoing-24 << "   "title": "Google Network Speech",[\r][\n]"
12:54:07.007 [main] DEBUG org.apache.http.wire -- http-outgoing-24 << "   "type": "background_page",[\r][\n]"
12:54:07.007 [main] DEBUG org.apache.http.wire -- http-outgoing-24 << "   "url": "chrome-extension://neajdppkdcdipfabeoofebfddakdcjhd/_generated_background_page.html",[\r][\n]"
12:54:07.007 [main] DEBUG org.apache.http.wire -- http-outgoing-24 << "   "webSocketDebuggerUrl": "ws://localhost:54282/devtools/page/8FE7CE3A1FAD82F904CDBD7D8B470DA0"[\r][\n]"
12:54:07.007 [main] DEBUG org.apache.http.wire -- http-outgoing-24 << "}, {[\r][\n]"
12:54:07.007 [main] DEBUG org.apache.http.wire -- http-outgoing-24 << "   "description": "",[\r][\n]"
12:54:07.007 [main] DEBUG org.apache.http.wire -- http-outgoing-24 << "   "devtoolsFrontendUrl": "/devtools/inspector.html?ws=localhost:54282/devtools/page/2BEE7A8301BFF5BDE6FFF956A968AF1E",[\r][\n]"
12:54:07.007 [main] DEBUG org.apache.http.wire -- http-outgoing-24 << "   "id": "2BEE7A8301BFF5BDE6FFF956A968AF1E",[\r][\n]"
12:54:07.007 [main] DEBUG org.apache.http.wire -- http-outgoing-24 << "   "title": "Google Hangouts",[\r][\n]"
12:54:07.007 [main] DEBUG org.apache.http.wire -- http-outgoing-24 << "   "type": "background_page",[\r][\n]"
12:54:07.007 [main] DEBUG org.apache.http.wire -- http-outgoing-24 << "   "url": "chrome-extension://nkeimhogjdpnpccoofpliimaahmaaome/background.html",[\r][\n]"
12:54:07.007 [main] DEBUG org.apache.http.wire -- http-outgoing-24 << "   "webSocketDebuggerUrl": "ws://localhost:54282/devtools/page/2BEE7A8301BFF5BDE6FFF956A968AF1E"[\r][\n]"
12:54:07.007 [main] DEBUG org.apache.http.wire -- http-outgoing-24 << "}, {[\r][\n]"
12:54:07.007 [main] DEBUG org.apache.http.wire -- http-outgoing-24 << "   "description": "",[\r][\n]"
12:54:07.007 [main] DEBUG org.apache.http.wire -- http-outgoing-24 << "   "devtoolsFrontendUrl": "/devtools/inspector.html?ws=localhost:54282/devtools/page/C8C699FD7FC31B3E33C3ADDFA780FBA4",[\r][\n]"
12:54:07.007 [main] DEBUG org.apache.http.wire -- http-outgoing-24 << "   "id": "C8C699FD7FC31B3E33C3ADDFA780FBA4",[\r][\n]"
12:54:07.007 [main] DEBUG org.apache.http.wire -- http-outgoing-24 << "   "title": "New Tab",[\r][\n]"
12:54:07.007 [main] DEBUG org.apache.http.wire -- http-outgoing-24 << "   "type": "page",[\r][\n]"
12:54:07.007 [main] DEBUG org.apache.http.wire -- http-outgoing-24 << "   "url": "chrome://newtab/",[\r][\n]"
12:54:07.007 [main] DEBUG org.apache.http.wire -- http-outgoing-24 << "   "webSocketDebuggerUrl": "ws://localhost:54282/devtools/page/C8C699FD7FC31B3E33C3ADDFA780FBA4"[\r][\n]"
12:54:07.007 [main] DEBUG org.apache.http.wire -- http-outgoing-24 << "} ][\r][\n]"
12:54:07.007 [main] DEBUG org.apache.http.headers -- http-outgoing-24 << HTTP/1.1 200 OK
12:54:07.007 [main] DEBUG org.apache.http.headers -- http-outgoing-24 << Content-Security-Policy:frame-ancestors 'none'
12:54:07.007 [main] DEBUG org.apache.http.headers -- http-outgoing-24 << Content-Length:1273
12:54:07.007 [main] DEBUG org.apache.http.headers -- http-outgoing-24 << Content-Type:application/json; charset=UTF-8
12:54:07.007 [main] DEBUG org.apache.http.impl.execchain.MainClientExec -- Connection can be kept alive indefinitely
12:54:07.007 [main] DEBUG org.apache.http.impl.conn.PoolingHttpClientConnectionManager -- Connection [id: 24][route: {}->http://localhost:54282] can be kept alive indefinitely
12:54:07.007 [main] DEBUG org.apache.http.impl.conn.DefaultManagedHttpClientConnection -- http-outgoing-24: set socket timeout to 0
12:54:07.007 [main] DEBUG org.apache.http.impl.conn.PoolingHttpClientConnectionManager -- Connection released: [id: 24][route: {}->http://localhost:54282][total available: 1; route allocated: 1 of 5; total allocated: 1 of 10]
12:54:07.007 [main] DEBUG org.apache.http.impl.conn.PoolingHttpClientConnectionManager -- Connection manager is shutting down
12:54:07.007 [main] DEBUG org.apache.http.impl.conn.DefaultManagedHttpClientConnection -- http-outgoing-24: Close connection
12:54:07.010 [main] DEBUG org.apache.http.impl.conn.PoolingHttpClientConnectionManager -- Connection manager shut down
12:54:07.010 [main] DEBUG com.intuit.karate -- response time in milliseconds: 5
1 < 200
1 < Content-Security-Policy: frame-ancestors 'none'
1 < Content-Length: 1273
1 < Content-Type: application/json; charset=UTF-8
[ {
   "description": "",
   "devtoolsFrontendUrl": "/devtools/inspector.html?ws=localhost:54282/devtools/page/8FE7CE3A1FAD82F904CDBD7D8B470DA0",
   "id": "8FE7CE3A1FAD82F904CDBD7D8B470DA0",
   "title": "Google Network Speech",
   "type": "background_page",
   "url": "chrome-extension://neajdppkdcdipfabeoofebfddakdcjhd/_generated_background_page.html",
   "webSocketDebuggerUrl": "ws://localhost:54282/devtools/page/8FE7CE3A1FAD82F904CDBD7D8B470DA0"
}, {
   "description": "",
   "devtoolsFrontendUrl": "/devtools/inspector.html?ws=localhost:54282/devtools/page/2BEE7A8301BFF5BDE6FFF956A968AF1E",
   "id": "2BEE7A8301BFF5BDE6FFF956A968AF1E",
   "title": "Google Hangouts",
   "type": "background_page",
   "url": "chrome-extension://nkeimhogjdpnpccoofpliimaahmaaome/background.html",
   "webSocketDebuggerUrl": "ws://localhost:54282/devtools/page/2BEE7A8301BFF5BDE6FFF956A968AF1E"
}, {
   "description": "",
   "devtoolsFrontendUrl": "/devtools/inspector.html?ws=localhost:54282/devtools/page/C8C699FD7FC31B3E33C3ADDFA780FBA4",
   "id": "C8C699FD7FC31B3E33C3ADDFA780FBA4",
   "title": "New Tab",
   "type": "page",
   "url": "chrome://newtab/",
   "webSocketDebuggerUrl": "ws://localhost:54282/devtools/page/C8C699FD7FC31B3E33C3ADDFA780FBA4"
} ]


12:54:07.010 [main] DEBUG com.jayway.jsonpath.internal.path.CompiledPath -- Evaluating path: $
12:54:07.010 [main] DEBUG com.intuit.karate.shell.Command -- ready to accept http connections after 20 ms - http://localhost:54282/json
12:54:07.010 [main] DEBUG org.apache.http.client.protocol.RequestAddCookies -- CookieSpec selected: karate
12:54:07.010 [main] DEBUG org.apache.http.client.protocol.RequestAuthCache -- Auth cache not set in the context
12:54:07.010 [main] DEBUG com.intuit.karate -- request:
1 > GET http://localhost:54282/json
1 > Host: localhost:54282
1 > Connection: Keep-Alive
1 > User-Agent: Apache-HttpClient/4.5.14 (Java/17.0.11)
1 > Accept-Encoding: gzip,deflate


12:54:07.010 [main] DEBUG org.apache.http.impl.conn.PoolingHttpClientConnectionManager -- Connection request: [route: {}->http://localhost:54282][total available: 0; route allocated: 0 of 5; total allocated: 0 of 10]
12:54:07.010 [main] DEBUG org.apache.http.impl.conn.PoolingHttpClientConnectionManager -- Connection leased: [id: 25][route: {}->http://localhost:54282][total available: 0; route allocated: 1 of 5; total allocated: 1 of 10]
12:54:07.010 [main] DEBUG org.apache.http.impl.execchain.MainClientExec -- Opening connection {}->http://localhost:54282
12:54:07.010 [main] DEBUG org.apache.http.impl.conn.DefaultHttpClientConnectionOperator -- Connecting to localhost/127.0.0.1:54282
12:54:07.010 [main] DEBUG org.apache.http.impl.conn.DefaultHttpClientConnectionOperator -- Connection established 127.0.0.1:54287<->127.0.0.1:54282
12:54:07.010 [main] DEBUG org.apache.http.impl.conn.DefaultManagedHttpClientConnection -- http-outgoing-25: set socket timeout to 30000
12:54:07.010 [main] DEBUG org.apache.http.impl.execchain.MainClientExec -- Executing request GET /json HTTP/1.1
12:54:07.010 [main] DEBUG org.apache.http.impl.execchain.MainClientExec -- Target auth state: UNCHALLENGED
12:54:07.010 [main] DEBUG org.apache.http.impl.execchain.MainClientExec -- Proxy auth state: UNCHALLENGED
12:54:07.010 [main] DEBUG org.apache.http.headers -- http-outgoing-25 >> GET /json HTTP/1.1
12:54:07.010 [main] DEBUG org.apache.http.headers -- http-outgoing-25 >> Host: localhost:54282
12:54:07.010 [main] DEBUG org.apache.http.headers -- http-outgoing-25 >> Connection: Keep-Alive
12:54:07.010 [main] DEBUG org.apache.http.headers -- http-outgoing-25 >> User-Agent: Apache-HttpClient/4.5.14 (Java/17.0.11)
12:54:07.010 [main] DEBUG org.apache.http.headers -- http-outgoing-25 >> Accept-Encoding: gzip,deflate
12:54:07.010 [main] DEBUG org.apache.http.wire -- http-outgoing-25 >> "GET /json HTTP/1.1[\r][\n]"
12:54:07.010 [main] DEBUG org.apache.http.wire -- http-outgoing-25 >> "Host: localhost:54282[\r][\n]"
12:54:07.010 [main] DEBUG org.apache.http.wire -- http-outgoing-25 >> "Connection: Keep-Alive[\r][\n]"
12:54:07.010 [main] DEBUG org.apache.http.wire -- http-outgoing-25 >> "User-Agent: Apache-HttpClient/4.5.14 (Java/17.0.11)[\r][\n]"
12:54:07.010 [main] DEBUG org.apache.http.wire -- http-outgoing-25 >> "Accept-Encoding: gzip,deflate[\r][\n]"
12:54:07.010 [main] DEBUG org.apache.http.wire -- http-outgoing-25 >> "[\r][\n]"
12:54:07.010 [main] DEBUG org.apache.http.wire -- http-outgoing-25 << "HTTP/1.1 200 OK[\r][\n]"
12:54:07.010 [main] DEBUG org.apache.http.wire -- http-outgoing-25 << "Content-Security-Policy:frame-ancestors 'none'[\r][\n]"
12:54:07.010 [main] DEBUG org.apache.http.wire -- http-outgoing-25 << "Content-Length:1273[\r][\n]"
12:54:07.010 [main] DEBUG org.apache.http.wire -- http-outgoing-25 << "Content-Type:application/json; charset=UTF-8[\r][\n]"
12:54:07.010 [main] DEBUG org.apache.http.wire -- http-outgoing-25 << "[\r][\n]"
12:54:07.010 [main] DEBUG org.apache.http.wire -- http-outgoing-25 << "[ {[\r][\n]"
12:54:07.010 [main] DEBUG org.apache.http.wire -- http-outgoing-25 << "   "description": "",[\r][\n]"
12:54:07.010 [main] DEBUG org.apache.http.wire -- http-outgoing-25 << "   "devtoolsFrontendUrl": "/devtools/inspector.html?ws=localhost:54282/devtools/page/8FE7CE3A1FAD82F904CDBD7D8B470DA0",[\r][\n]"
12:54:07.010 [main] DEBUG org.apache.http.wire -- http-outgoing-25 << "   "id": "8FE7CE3A1FAD82F904CDBD7D8B470DA0",[\r][\n]"
12:54:07.010 [main] DEBUG org.apache.http.wire -- http-outgoing-25 << "   "title": "Google Network Speech",[\r][\n]"
12:54:07.010 [main] DEBUG org.apache.http.wire -- http-outgoing-25 << "   "type": "background_page",[\r][\n]"
12:54:07.010 [main] DEBUG org.apache.http.wire -- http-outgoing-25 << "   "url": "chrome-extension://neajdppkdcdipfabeoofebfddakdcjhd/_generated_background_page.html",[\r][\n]"
12:54:07.010 [main] DEBUG org.apache.http.wire -- http-outgoing-25 << "   "webSocketDebuggerUrl": "ws://localhost:54282/devtools/page/8FE7CE3A1FAD82F904CDBD7D8B470DA0"[\r][\n]"
12:54:07.010 [main] DEBUG org.apache.http.wire -- http-outgoing-25 << "}, {[\r][\n]"
12:54:07.010 [main] DEBUG org.apache.http.wire -- http-outgoing-25 << "   "description": "",[\r][\n]"
12:54:07.010 [main] DEBUG org.apache.http.wire -- http-outgoing-25 << "   "devtoolsFrontendUrl": "/devtools/inspector.html?ws=localhost:54282/devtools/page/2BEE7A8301BFF5BDE6FFF956A968AF1E",[\r][\n]"
12:54:07.010 [main] DEBUG org.apache.http.wire -- http-outgoing-25 << "   "id": "2BEE7A8301BFF5BDE6FFF956A968AF1E",[\r][\n]"
12:54:07.010 [main] DEBUG org.apache.http.wire -- http-outgoing-25 << "   "title": "Google Hangouts",[\r][\n]"
12:54:07.010 [main] DEBUG org.apache.http.wire -- http-outgoing-25 << "   "type": "background_page",[\r][\n]"
12:54:07.010 [main] DEBUG org.apache.http.wire -- http-outgoing-25 << "   "url": "chrome-extension://nkeimhogjdpnpccoofpliimaahmaaome/background.html",[\r][\n]"
12:54:07.010 [main] DEBUG org.apache.http.wire -- http-outgoing-25 << "   "webSocketDebuggerUrl": "ws://localhost:54282/devtools/page/2BEE7A8301BFF5BDE6FFF956A968AF1E"[\r][\n]"
12:54:07.010 [main] DEBUG org.apache.http.wire -- http-outgoing-25 << "}, {[\r][\n]"
12:54:07.010 [main] DEBUG org.apache.http.wire -- http-outgoing-25 << "   "description": "",[\r][\n]"
12:54:07.015 [main] DEBUG org.apache.http.wire -- http-outgoing-25 << "   "devtoolsFrontendUrl": "/devtools/inspector.html?ws=localhost:54282/devtools/page/C8C699FD7FC31B3E33C3ADDFA780FBA4",[\r][\n]"
12:54:07.015 [main] DEBUG org.apache.http.wire -- http-outgoing-25 << "   "id": "C8C699FD7FC31B3E33C3ADDFA780FBA4",[\r][\n]"
12:54:07.015 [main] DEBUG org.apache.http.wire -- http-outgoing-25 << "   "title": "New Tab",[\r][\n]"
12:54:07.015 [main] DEBUG org.apache.http.wire -- http-outgoing-25 << "   "type": "page",[\r][\n]"
12:54:07.015 [main] DEBUG org.apache.http.wire -- http-outgoing-25 << "   "url": "chrome://newtab/",[\r][\n]"
12:54:07.015 [main] DEBUG org.apache.http.wire -- http-outgoing-25 << "   "webSocketDebuggerUrl": "ws://localhost:54282/devtools/page/C8C699FD7FC31B3E33C3ADDFA780FBA4"[\r][\n]"
12:54:07.015 [main] DEBUG org.apache.http.wire -- http-outgoing-25 << "} ][\r][\n]"
12:54:07.015 [main] DEBUG org.apache.http.headers -- http-outgoing-25 << HTTP/1.1 200 OK
12:54:07.015 [main] DEBUG org.apache.http.headers -- http-outgoing-25 << Content-Security-Policy:frame-ancestors 'none'
12:54:07.015 [main] DEBUG org.apache.http.headers -- http-outgoing-25 << Content-Length:1273
12:54:07.015 [main] DEBUG org.apache.http.headers -- http-outgoing-25 << Content-Type:application/json; charset=UTF-8
12:54:07.015 [main] DEBUG org.apache.http.impl.execchain.MainClientExec -- Connection can be kept alive indefinitely
12:54:07.015 [main] DEBUG org.apache.http.impl.conn.PoolingHttpClientConnectionManager -- Connection [id: 25][route: {}->http://localhost:54282] can be kept alive indefinitely
12:54:07.015 [main] DEBUG org.apache.http.impl.conn.DefaultManagedHttpClientConnection -- http-outgoing-25: set socket timeout to 0
12:54:07.015 [main] DEBUG org.apache.http.impl.conn.PoolingHttpClientConnectionManager -- Connection released: [id: 25][route: {}->http://localhost:54282][total available: 1; route allocated: 1 of 5; total allocated: 1 of 10]
12:54:07.015 [main] DEBUG org.apache.http.impl.conn.PoolingHttpClientConnectionManager -- Connection manager is shutting down
12:54:07.015 [main] DEBUG org.apache.http.impl.conn.DefaultManagedHttpClientConnection -- http-outgoing-25: Close connection
12:54:07.015 [main] DEBUG org.apache.http.impl.conn.PoolingHttpClientConnectionManager -- Connection manager shut down
12:54:07.015 [main] DEBUG com.intuit.karate -- response time in milliseconds: 5
1 < 200
1 < Content-Security-Policy: frame-ancestors 'none'
1 < Content-Length: 1273
1 < Content-Type: application/json; charset=UTF-8
[ {
   "description": "",
   "devtoolsFrontendUrl": "/devtools/inspector.html?ws=localhost:54282/devtools/page/8FE7CE3A1FAD82F904CDBD7D8B470DA0",
   "id": "8FE7CE3A1FAD82F904CDBD7D8B470DA0",
   "title": "Google Network Speech",
   "type": "background_page",
   "url": "chrome-extension://neajdppkdcdipfabeoofebfddakdcjhd/_generated_background_page.html",
   "webSocketDebuggerUrl": "ws://localhost:54282/devtools/page/8FE7CE3A1FAD82F904CDBD7D8B470DA0"
}, {
   "description": "",
   "devtoolsFrontendUrl": "/devtools/inspector.html?ws=localhost:54282/devtools/page/2BEE7A8301BFF5BDE6FFF956A968AF1E",
   "id": "2BEE7A8301BFF5BDE6FFF956A968AF1E",
   "title": "Google Hangouts",
   "type": "background_page",
   "url": "chrome-extension://nkeimhogjdpnpccoofpliimaahmaaome/background.html",
   "webSocketDebuggerUrl": "ws://localhost:54282/devtools/page/2BEE7A8301BFF5BDE6FFF956A968AF1E"
}, {
   "description": "",
   "devtoolsFrontendUrl": "/devtools/inspector.html?ws=localhost:54282/devtools/page/C8C699FD7FC31B3E33C3ADDFA780FBA4",
   "id": "C8C699FD7FC31B3E33C3ADDFA780FBA4",
   "title": "New Tab",
   "type": "page",
   "url": "chrome://newtab/",
   "webSocketDebuggerUrl": "ws://localhost:54282/devtools/page/C8C699FD7FC31B3E33C3ADDFA780FBA4"
} ]


12:54:07.015 [main] DEBUG com.jayway.jsonpath.internal.path.CompiledPath -- Evaluating path: $
12:54:07.015 [main] DEBUG com.jayway.jsonpath.internal.path.CompiledPath -- Evaluating path: $
12:54:07.015 [main] DEBUG com.intuit.karate.driver.chrome_1718781846451 -- root frame id: C8C699FD7FC31B3E33C3ADDFA780FBA4
12:54:07.084 [nioEventLoopGroup-14-1] DEBUG io.netty.handler.codec.http.websocketx.WebSocketClientHandshaker13 -- WebSocket version 13 client handshake key: rK+LFx/bssuhlLRfKdljRw==, expected response: a7Q+bqVcHTRCas2WDjx39amuK+E=
12:54:07.084 [nioEventLoopGroup-14-1] DEBUG com.intuit.karate.http.WebSocketClientHandler -- websocket client connected
12:54:07.084 [main] DEBUG com.jayway.jsonpath.internal.path.CompiledPath -- Evaluating path: $['targetId']
12:54:07.084 [main] DEBUG com.jayway.jsonpath.internal.path.CompiledPath -- Evaluating path: $
12:54:07.084 [main] DEBUG com.jayway.jsonpath.internal.path.CompiledPath -- Evaluating path: $
12:54:07.084 [main] DEBUG com.jayway.jsonpath.internal.JsonContext -- Put path $ key targetId value {}
12:54:07.084 [main] DEBUG com.jayway.jsonpath.internal.path.CompiledPath -- Evaluating path: $
12:54:07.084 [main] DEBUG com.jayway.jsonpath.internal.JsonContext -- Put path $ key targetId value C8C699FD7FC31B3E33C3ADDFA780FBA4
12:54:07.084 [main] DEBUG com.jayway.jsonpath.internal.path.CompiledPath -- Evaluating path: $['flatten']
12:54:07.084 [main] DEBUG com.jayway.jsonpath.internal.path.CompiledPath -- Evaluating path: $
12:54:07.084 [main] DEBUG com.jayway.jsonpath.internal.path.CompiledPath -- Evaluating path: $
12:54:07.084 [main] DEBUG com.jayway.jsonpath.internal.JsonContext -- Put path $ key flatten value {}
12:54:07.084 [main] DEBUG com.jayway.jsonpath.internal.path.CompiledPath -- Evaluating path: $
12:54:07.084 [main] DEBUG com.jayway.jsonpath.internal.JsonContext -- Put path $ key flatten value true
12:54:07.084 [main] DEBUG com.jayway.jsonpath.internal.path.CompiledPath -- Evaluating path: $
12:54:07.084 [main] DEBUG com.intuit.karate.driver.chrome_1718781846451 -- >> {"id":1,"method":"Target.attachToTarget","params":{"targetId":"C8C699FD7FC31B3E33C3ADDFA780FBA4","flatten":true}}
12:54:07.084 [nioEventLoopGroup-14-1] DEBUG com.intuit.karate.driver.chrome_1718781846451 -- << {"method":"Target.attachedToTarget","params":{"sessionId":"6456A6223CF6E2A595B6DAF0E9C978B7","targetInfo":{"targetId":"C8C699FD7FC31B3E33C3ADDFA780FBA4","type":"page","title":"New Tab","url":"chrome://newtab/","attached":true,"canAccessOpener":false,"browserContextId":"B4AE3E7E8DEFB527272AA1DB1B437F4C"},"waitingForDebugger":false}}
12:54:07.084 [nioEventLoopGroup-14-1] DEBUG com.jayway.jsonpath.internal.path.CompiledPath -- Evaluating path: $
12:54:07.084 [nioEventLoopGroup-14-1] DEBUG com.jayway.jsonpath.internal.path.CompiledPath -- Evaluating path: $['targetInfo']['type']
12:54:07.084 [nioEventLoopGroup-14-1] DEBUG com.intuit.karate.driver.chrome_1718781846451 -- << {"id":1,"result":{"sessionId":"6456A6223CF6E2A595B6DAF0E9C978B7"}}
12:54:07.084 [nioEventLoopGroup-14-1] DEBUG com.jayway.jsonpath.internal.path.CompiledPath -- Evaluating path: $
12:54:07.084 [main] DEBUG com.jayway.jsonpath.internal.path.CompiledPath -- Evaluating path: $['sessionId']
12:54:07.084 [main] DEBUG com.jayway.jsonpath.internal.path.CompiledPath -- Evaluating path: $['targetId']
12:54:07.084 [main] DEBUG com.jayway.jsonpath.internal.path.CompiledPath -- Evaluating path: $
12:54:07.084 [main] DEBUG com.jayway.jsonpath.internal.path.CompiledPath -- Evaluating path: $
12:54:07.084 [main] DEBUG com.jayway.jsonpath.internal.JsonContext -- Put path $ key targetId value {}
12:54:07.084 [main] DEBUG com.jayway.jsonpath.internal.path.CompiledPath -- Evaluating path: $
12:54:07.084 [main] DEBUG com.jayway.jsonpath.internal.JsonContext -- Put path $ key targetId value C8C699FD7FC31B3E33C3ADDFA780FBA4
12:54:07.084 [main] DEBUG com.jayway.jsonpath.internal.path.CompiledPath -- Evaluating path: $
12:54:07.084 [main] DEBUG com.intuit.karate.driver.chrome_1718781846451 -- >> {"id":2,"sessionId":"6456A6223CF6E2A595B6DAF0E9C978B7","method":"Target.activateTarget","params":{"targetId":"C8C699FD7FC31B3E33C3ADDFA780FBA4"}}
12:54:07.092 [nioEventLoopGroup-14-1] DEBUG com.intuit.karate.driver.chrome_1718781846451 -- << {"id":2,"result":{},"sessionId":"6456A6223CF6E2A595B6DAF0E9C978B7"}
12:54:07.092 [nioEventLoopGroup-14-1] DEBUG com.jayway.jsonpath.internal.path.CompiledPath -- Evaluating path: $
12:54:07.092 [main] DEBUG com.jayway.jsonpath.internal.path.CompiledPath -- Evaluating path: $['discover']
12:54:07.092 [main] DEBUG com.jayway.jsonpath.internal.path.CompiledPath -- Evaluating path: $
12:54:07.092 [main] DEBUG com.jayway.jsonpath.internal.path.CompiledPath -- Evaluating path: $
12:54:07.092 [main] DEBUG com.jayway.jsonpath.internal.JsonContext -- Put path $ key discover value {}
12:54:07.092 [main] DEBUG com.jayway.jsonpath.internal.path.CompiledPath -- Evaluating path: $
12:54:07.092 [main] DEBUG com.jayway.jsonpath.internal.JsonContext -- Put path $ key discover value true
12:54:07.092 [main] DEBUG com.jayway.jsonpath.internal.path.CompiledPath -- Evaluating path: $
12:54:07.092 [main] DEBUG com.intuit.karate.driver.chrome_1718781846451 -- >> {"id":3,"sessionId":"6456A6223CF6E2A595B6DAF0E9C978B7","method":"Target.setDiscoverTargets","params":{"discover":true}}
12:54:07.092 [nioEventLoopGroup-14-1] DEBUG com.intuit.karate.driver.chrome_1718781846451 -- << {"method":"Target.targetCreated","params":{"targetInfo":{"targetId":"2BEE7A8301BFF5BDE6FFF956A968AF1E","type":"background_page","title":"Google Hangouts","url":"chrome-extension://nkeimhogjdpnpccoofpliimaahmaaome/background.html","attached":false,"canAccessOpener":false,"browserContextId":"B4AE3E7E8DEFB527272AA1DB1B437F4C"}},"sessionId":"6456A6223CF6E2A595B6DAF0E9C978B7"}
12:54:07.092 [nioEventLoopGroup-14-1] DEBUG com.jayway.jsonpath.internal.path.CompiledPath -- Evaluating path: $
12:54:07.092 [nioEventLoopGroup-14-1] DEBUG com.intuit.karate.driver.chrome_1718781846451 -- << {"method":"Target.targetCreated","params":{"targetInfo":{"targetId":"8FE7CE3A1FAD82F904CDBD7D8B470DA0","type":"background_page","title":"Google Network Speech","url":"chrome-extension://neajdppkdcdipfabeoofebfddakdcjhd/_generated_background_page.html","attached":false,"canAccessOpener":false,"browserContextId":"B4AE3E7E8DEFB527272AA1DB1B437F4C"}},"sessionId":"6456A6223CF6E2A595B6DAF0E9C978B7"}
12:54:07.092 [nioEventLoopGroup-14-1] DEBUG com.jayway.jsonpath.internal.path.CompiledPath -- Evaluating path: $
12:54:07.092 [nioEventLoopGroup-14-1] DEBUG com.intuit.karate.driver.chrome_1718781846451 -- << {"method":"Target.targetCreated","params":{"targetInfo":{"targetId":"C8C699FD7FC31B3E33C3ADDFA780FBA4","type":"page","title":"New Tab","url":"chrome://newtab/","attached":true,"canAccessOpener":false,"browserContextId":"B4AE3E7E8DEFB527272AA1DB1B437F4C"}},"sessionId":"6456A6223CF6E2A595B6DAF0E9C978B7"}
12:54:07.092 [nioEventLoopGroup-14-1] DEBUG com.jayway.jsonpath.internal.path.CompiledPath -- Evaluating path: $
12:54:07.092 [nioEventLoopGroup-14-1] DEBUG com.intuit.karate.driver.chrome_1718781846451 -- << {"id":3,"result":{},"sessionId":"6456A6223CF6E2A595B6DAF0E9C978B7"}
12:54:07.092 [nioEventLoopGroup-14-1] DEBUG com.jayway.jsonpath.internal.path.CompiledPath -- Evaluating path: $
12:54:07.092 [main] DEBUG com.intuit.karate.driver.chrome_1718781846451 -- >> {"id":4,"sessionId":"6456A6223CF6E2A595B6DAF0E9C978B7","method":"Page.enable"}
12:54:07.102 [nioEventLoopGroup-14-1] DEBUG com.intuit.karate.driver.chrome_1718781846451 -- << {"id":4,"result":{},"sessionId":"6456A6223CF6E2A595B6DAF0E9C978B7"}
12:54:07.102 [nioEventLoopGroup-14-1] DEBUG com.jayway.jsonpath.internal.path.CompiledPath -- Evaluating path: $
12:54:07.102 [main] DEBUG com.intuit.karate.driver.chrome_1718781846451 -- >> {"id":5,"sessionId":"6456A6223CF6E2A595B6DAF0E9C978B7","method":"Runtime.enable"}
12:54:07.126 [nioEventLoopGroup-14-1] DEBUG com.intuit.karate.driver.chrome_1718781846451 -- << {"method":"Runtime.executionContextCreated","params":{"context":{"id":2,"origin":"chrome://new-tab-page","name":"","uniqueId":"7523941163280225522.7137951094057830083","auxData":{"isDefault":true,"type":"default","frameId":"DF856E6F548950607F491811BCE6715D"}}},"sessionId":"6456A6223CF6E2A595B6DAF0E9C978B7"}
12:54:07.126 [nioEventLoopGroup-14-1] DEBUG com.jayway.jsonpath.internal.path.CompiledPath -- Evaluating path: $
12:54:07.126 [nioEventLoopGroup-14-1] DEBUG com.jayway.jsonpath.internal.path.CompiledPath -- Evaluating path: $['context']['auxData']['frameId']
12:54:07.126 [nioEventLoopGroup-14-1] DEBUG com.jayway.jsonpath.internal.path.CompiledPath -- Evaluating path: $['context']['id']
12:54:07.132 [nioEventLoopGroup-14-1] DEBUG com.intuit.karate.driver.chrome_1718781846451 -- << {"method":"Runtime.executionContextCreated","params":{"context":{"id":1,"origin":"chrome://new-tab-page","name":"","uniqueId":"-5810988860431393138.3607282889411429683","auxData":{"isDefault":true,"type":"default","frameId":"C8C699FD7FC31B3E33C3ADDFA780FBA4"}}},"sessionId":"6456A6223CF6E2A595B6DAF0E9C978B7"}
12:54:07.132 [nioEventLoopGroup-14-1] DEBUG com.jayway.jsonpath.internal.path.CompiledPath -- Evaluating path: $
12:54:07.132 [nioEventLoopGroup-14-1] DEBUG com.jayway.jsonpath.internal.path.CompiledPath -- Evaluating path: $['context']['auxData']['frameId']
12:54:07.132 [nioEventLoopGroup-14-1] DEBUG com.jayway.jsonpath.internal.path.CompiledPath -- Evaluating path: $['context']['id']
12:54:07.132 [nioEventLoopGroup-14-1] DEBUG com.intuit.karate.driver.chrome_1718781846451 -- << {"id":5,"result":{},"sessionId":"6456A6223CF6E2A595B6DAF0E9C978B7"}
12:54:07.132 [nioEventLoopGroup-14-1] DEBUG com.jayway.jsonpath.internal.path.CompiledPath -- Evaluating path: $
12:54:07.133 [main] DEBUG com.jayway.jsonpath.internal.path.CompiledPath -- Evaluating path: $['targetId']
12:54:07.133 [main] DEBUG com.jayway.jsonpath.internal.path.CompiledPath -- Evaluating path: $
12:54:07.133 [main] DEBUG com.jayway.jsonpath.internal.path.CompiledPath -- Evaluating path: $
12:54:07.133 [main] DEBUG com.jayway.jsonpath.internal.JsonContext -- Put path $ key targetId value {}
12:54:07.133 [main] DEBUG com.jayway.jsonpath.internal.path.CompiledPath -- Evaluating path: $
12:54:07.133 [main] DEBUG com.jayway.jsonpath.internal.JsonContext -- Put path $ key targetId value C8C699FD7FC31B3E33C3ADDFA780FBA4
12:54:07.133 [main] DEBUG com.jayway.jsonpath.internal.path.CompiledPath -- Evaluating path: $
12:54:07.133 [main] DEBUG com.intuit.karate.driver.chrome_1718781846451 -- >> {"id":6,"sessionId":"6456A6223CF6E2A595B6DAF0E9C978B7","method":"Browser.getWindowForTarget","params":{"targetId":"C8C699FD7FC31B3E33C3ADDFA780FBA4"}}
12:54:07.133 [nioEventLoopGroup-14-1] DEBUG com.intuit.karate.driver.chrome_1718781846451 -- << {"id":6,"result":{"windowId":145479531,"bounds":{"left":10,"top":10,"width":1050,"height":652,"windowState":"normal"}},"sessionId":"6456A6223CF6E2A595B6DAF0E9C978B7"}
12:54:07.133 [nioEventLoopGroup-14-1] DEBUG com.jayway.jsonpath.internal.path.CompiledPath -- Evaluating path: $
12:54:07.133 [main] DEBUG com.jayway.jsonpath.internal.path.CompiledPath -- Evaluating path: $['url']
12:54:07.133 [main] DEBUG com.jayway.jsonpath.internal.path.CompiledPath -- Evaluating path: $
12:54:07.133 [main] DEBUG com.jayway.jsonpath.internal.path.CompiledPath -- Evaluating path: $
12:54:07.133 [main] DEBUG com.jayway.jsonpath.internal.JsonContext -- Put path $ key url value {}
12:54:07.133 [main] DEBUG com.jayway.jsonpath.internal.path.CompiledPath -- Evaluating path: $
12:54:07.133 [main] DEBUG com.jayway.jsonpath.internal.JsonContext -- Put path $ key url value https://www.saucedemo.com/
12:54:07.133 [main] DEBUG com.jayway.jsonpath.internal.path.CompiledPath -- Evaluating path: $
12:54:07.133 [main] DEBUG com.intuit.karate.driver.chrome_1718781846451 -- >> {"id":7,"sessionId":"6456A6223CF6E2A595B6DAF0E9C978B7","method":"Page.navigate","params":{"url":"https:\/\/www.saucedemo.com\/"}}
12:54:07.143 [nioEventLoopGroup-14-1] DEBUG com.intuit.karate.driver.chrome_1718781846451 -- << {"method":"Page.frameStartedLoading","params":{"frameId":"C8C699FD7FC31B3E33C3ADDFA780FBA4"},"sessionId":"6456A6223CF6E2A595B6DAF0E9C978B7"}
12:54:07.143 [nioEventLoopGroup-14-1] DEBUG com.jayway.jsonpath.internal.path.CompiledPath -- Evaluating path: $
12:54:07.143 [nioEventLoopGroup-14-1] DEBUG com.jayway.jsonpath.internal.path.CompiledPath -- Evaluating path: $['frameId']
12:54:07.175 [nioEventLoopGroup-14-1] DEBUG com.intuit.karate.driver.chrome_1718781846451 -- << {"method":"Target.targetInfoChanged","params":{"targetInfo":{"targetId":"2BEE7A8301BFF5BDE6FFF956A968AF1E","type":"background_page","title":"Google Hangouts","url":"chrome-extension://nkeimhogjdpnpccoofpliimaahmaaome/background.html","attached":false,"canAccessOpener":false,"browserContextId":"B4AE3E7E8DEFB527272AA1DB1B437F4C"}},"sessionId":"6456A6223CF6E2A595B6DAF0E9C978B7"}
12:54:07.175 [nioEventLoopGroup-14-1] DEBUG com.jayway.jsonpath.internal.path.CompiledPath -- Evaluating path: $
12:54:07.175 [nioEventLoopGroup-14-1] DEBUG com.jayway.jsonpath.internal.path.CompiledPath -- Evaluating path: $['targetInfo']['targetId']
12:54:07.191 [nioEventLoopGroup-14-1] DEBUG com.intuit.karate.driver.chrome_1718781846451 -- << {"method":"Target.targetInfoChanged","params":{"targetInfo":{"targetId":"8FE7CE3A1FAD82F904CDBD7D8B470DA0","type":"background_page","title":"Google Network Speech","url":"chrome-extension://neajdppkdcdipfabeoofebfddakdcjhd/_generated_background_page.html","attached":false,"canAccessOpener":false,"browserContextId":"B4AE3E7E8DEFB527272AA1DB1B437F4C"}},"sessionId":"6456A6223CF6E2A595B6DAF0E9C978B7"}
12:54:07.191 [nioEventLoopGroup-14-1] DEBUG com.jayway.jsonpath.internal.path.CompiledPath -- Evaluating path: $
12:54:07.191 [nioEventLoopGroup-14-1] DEBUG com.jayway.jsonpath.internal.path.CompiledPath -- Evaluating path: $['targetInfo']['targetId']
12:54:07.227 [nioEventLoopGroup-14-1] DEBUG com.intuit.karate.driver.chrome_1718781846451 -- << {"method":"Page.domContentEventFired","params":{"timestamp":52925.736075},"sessionId":"6456A6223CF6E2A595B6DAF0E9C978B7"}
12:54:07.227 [nioEventLoopGroup-14-1] DEBUG com.jayway.jsonpath.internal.path.CompiledPath -- Evaluating path: $
12:54:07.231 [main] DEBUG com.jayway.jsonpath.internal.path.CompiledPath -- Evaluating path: $['expression']
12:54:07.231 [main] DEBUG com.jayway.jsonpath.internal.path.CompiledPath -- Evaluating path: $
12:54:07.231 [main] DEBUG com.jayway.jsonpath.internal.path.CompiledPath -- Evaluating path: $
12:54:07.231 [main] DEBUG com.jayway.jsonpath.internal.JsonContext -- Put path $ key expression value {}
12:54:07.231 [main] DEBUG com.jayway.jsonpath.internal.path.CompiledPath -- Evaluating path: $
12:54:07.231 [main] DEBUG com.jayway.jsonpath.internal.JsonContext -- Put path $ key expression value var e = document.evaluate("//*[@id='user-name']", document, null, 9, null).singleNodeValue; e.focus(); try { e.selectionStart = e.selectionEnd = e.value.length } catch(x) {}
12:54:07.231 [main] DEBUG com.jayway.jsonpath.internal.path.CompiledPath -- Evaluating path: $['returnByValue']
12:54:07.231 [main] DEBUG com.jayway.jsonpath.internal.path.CompiledPath -- Evaluating path: $
12:54:07.231 [main] DEBUG com.jayway.jsonpath.internal.path.CompiledPath -- Evaluating path: $
12:54:07.231 [main] DEBUG com.jayway.jsonpath.internal.JsonContext -- Put path $ key returnByValue value {}
12:54:07.231 [main] DEBUG com.jayway.jsonpath.internal.path.CompiledPath -- Evaluating path: $
12:54:07.231 [main] DEBUG com.jayway.jsonpath.internal.JsonContext -- Put path $ key returnByValue value true
12:54:07.231 [main] DEBUG com.jayway.jsonpath.internal.path.CompiledPath -- Evaluating path: $
12:54:07.231 [main] DEBUG com.intuit.karate.driver.chrome_1718781846451 -- >> {"id":8,"sessionId":"6456A6223CF6E2A595B6DAF0E9C978B7","method":"Runtime.evaluate","params":{"expression":"var e = document.evaluate(\"\/\/*[@id='user-name']\", document, null, 9, null).singleNodeValue; e.focus(); try { e.selectionStart = e.selectionEnd = e.value.length } catch(x) {}","returnByValue":true}}
12:54:07.248 [nioEventLoopGroup-14-1] DEBUG com.intuit.karate.driver.chrome_1718781846451 -- << {"method":"Page.loadEventFired","params":{"timestamp":52925.763831},"sessionId":"6456A6223CF6E2A595B6DAF0E9C978B7"}
12:54:07.248 [nioEventLoopGroup-14-1] DEBUG com.jayway.jsonpath.internal.path.CompiledPath -- Evaluating path: $
12:54:07.248 [nioEventLoopGroup-14-1] DEBUG com.intuit.karate.driver.chrome_1718781846451 -- << {"method":"Page.frameStartedLoading","params":{"frameId":"C8C699FD7FC31B3E33C3ADDFA780FBA4"},"sessionId":"6456A6223CF6E2A595B6DAF0E9C978B7"}
12:54:07.248 [nioEventLoopGroup-14-1] DEBUG com.jayway.jsonpath.internal.path.CompiledPath -- Evaluating path: $
12:54:07.248 [nioEventLoopGroup-14-1] DEBUG com.jayway.jsonpath.internal.path.CompiledPath -- Evaluating path: $['frameId']
12:54:07.272 [nioEventLoopGroup-14-1] DEBUG com.intuit.karate.driver.chrome_1718781846451 -- << {"method":"Page.frameAttached","params":{"frameId":"4378525F595EF4B9DC3E339CAC1E6CF3","parentFrameId":"C8C699FD7FC31B3E33C3ADDFA780FBA4","stack":{"callFrames":[{"functionName":"__createAndInsertInstance","scriptId":"8","url":"chrome://resources/polymer/v3_0/polymer/polymer_bundled.min.js","lineNumber":0,"columnNumber":63594},{"functionName":"__ensureInstance","scriptId":"8","url":"chrome://resources/polymer/v3_0/polymer/polymer_bundled.min.js","lineNumber":0,"columnNumber":62645},{"functionName":"__render","scriptId":"8","url":"chrome://resources/polymer/v3_0/polymer/polymer_bundled.min.js","lineNumber":0,"columnNumber":62729},{"functionName":"","scriptId":"8","url":"chrome://resources/polymer/v3_0/polymer/polymer_bundled.min.js","lineNumber":0,"columnNumber":61709},{"functionName":"","scriptId":"8","url":"chrome://resources/polymer/v3_0/polymer/polymer_bundled.min.js","lineNumber":0,"columnNumber":1381},{"functionName":"","scriptId":"8","url":"chrome://resources/polymer/v3_0/polymer/polymer_bundled.min.js"," ...
12:54:07.272 [nioEventLoopGroup-14-1] DEBUG com.jayway.jsonpath.internal.path.CompiledPath -- Evaluating path: $
12:54:07.272 [nioEventLoopGroup-14-1] DEBUG com.intuit.karate.driver.chrome_1718781846451 -- << {"method":"Page.frameStartedLoading","params":{"frameId":"4378525F595EF4B9DC3E339CAC1E6CF3"},"sessionId":"6456A6223CF6E2A595B6DAF0E9C978B7"}
12:54:07.272 [nioEventLoopGroup-14-1] DEBUG com.jayway.jsonpath.internal.path.CompiledPath -- Evaluating path: $
12:54:07.272 [nioEventLoopGroup-14-1] DEBUG com.jayway.jsonpath.internal.path.CompiledPath -- Evaluating path: $['frameId']
12:54:07.295 [nioEventLoopGroup-14-1] DEBUG com.intuit.karate.driver.chrome_1718781846451 -- << {"id":7,"result":{"frameId":"C8C699FD7FC31B3E33C3ADDFA780FBA4","loaderId":"1ED8EF318F93D880A4817EB36B96AEB1"},"sessionId":"6456A6223CF6E2A595B6DAF0E9C978B7"}
12:54:07.295 [nioEventLoopGroup-14-1] DEBUG com.jayway.jsonpath.internal.path.CompiledPath -- Evaluating path: $
12:54:07.309 [nioEventLoopGroup-14-1] DEBUG com.intuit.karate.driver.chrome_1718781846451 -- << {"method":"Runtime.executionContextsCleared","params":{},"sessionId":"6456A6223CF6E2A595B6DAF0E9C978B7"}
12:54:07.309 [nioEventLoopGroup-14-1] DEBUG com.jayway.jsonpath.internal.path.CompiledPath -- Evaluating path: $
12:54:07.312 [nioEventLoopGroup-14-1] DEBUG com.intuit.karate.driver.chrome_1718781846451 -- << {"method":"Page.frameStoppedLoading","params":{"frameId":"4378525F595EF4B9DC3E339CAC1E6CF3"},"sessionId":"6456A6223CF6E2A595B6DAF0E9C978B7"}
12:54:07.312 [nioEventLoopGroup-14-1] DEBUG com.jayway.jsonpath.internal.path.CompiledPath -- Evaluating path: $
12:54:07.312 [nioEventLoopGroup-14-1] DEBUG com.jayway.jsonpath.internal.path.CompiledPath -- Evaluating path: $['frameId']
12:54:07.312 [nioEventLoopGroup-14-1] DEBUG com.intuit.karate.driver.chrome_1718781846451 -- << {"method":"Target.targetInfoChanged","params":{"targetInfo":{"targetId":"C8C699FD7FC31B3E33C3ADDFA780FBA4","type":"page","title":"saucedemo.com","url":"https://www.saucedemo.com/","attached":true,"canAccessOpener":false,"browserContextId":"B4AE3E7E8DEFB527272AA1DB1B437F4C"}},"sessionId":"6456A6223CF6E2A595B6DAF0E9C978B7"}
12:54:07.312 [nioEventLoopGroup-14-1] DEBUG com.jayway.jsonpath.internal.path.CompiledPath -- Evaluating path: $
12:54:07.312 [nioEventLoopGroup-14-1] DEBUG com.jayway.jsonpath.internal.path.CompiledPath -- Evaluating path: $['targetInfo']['targetId']
12:54:07.329 [nioEventLoopGroup-14-1] DEBUG com.intuit.karate.driver.chrome_1718781846451 -- << {"method":"Runtime.executionContextsCleared","params":{},"sessionId":"6456A6223CF6E2A595B6DAF0E9C978B7"}
12:54:07.329 [nioEventLoopGroup-14-1] DEBUG com.jayway.jsonpath.internal.path.CompiledPath -- Evaluating path: $
12:54:07.329 [nioEventLoopGroup-14-1] DEBUG com.intuit.karate.driver.chrome_1718781846451 -- << {"method":"Page.frameNavigated","params":{"frame":{"id":"C8C699FD7FC31B3E33C3ADDFA780FBA4","loaderId":"1ED8EF318F93D880A4817EB36B96AEB1","url":"https://www.saucedemo.com/","domainAndRegistry":"saucedemo.com","securityOrigin":"https://www.saucedemo.com","mimeType":"text/html","adFrameStatus":{"adFrameType":"none"},"secureContextType":"Secure","crossOriginIsolatedContextType":"NotIsolated","gatedAPIFeatures":[]},"type":"Navigation"},"sessionId":"6456A6223CF6E2A595B6DAF0E9C978B7"}
12:54:07.329 [nioEventLoopGroup-14-1] DEBUG com.jayway.jsonpath.internal.path.CompiledPath -- Evaluating path: $
12:54:07.329 [nioEventLoopGroup-14-1] DEBUG com.jayway.jsonpath.internal.path.CompiledPath -- Evaluating path: $['frame']['id']
12:54:07.329 [nioEventLoopGroup-14-1] DEBUG com.jayway.jsonpath.internal.path.CompiledPath -- Evaluating path: $['frame']['url']
12:54:07.329 [nioEventLoopGroup-14-1] DEBUG com.jayway.jsonpath.internal.path.CompiledPath -- Evaluating path: $['frame']['name']
12:54:07.329 [nioEventLoopGroup-14-1] DEBUG com.intuit.karate.driver.chrome_1718781846451 -- << {"method":"Runtime.executionContextCreated","params":{"context":{"id":1,"origin":"https://www.saucedemo.com","name":"","uniqueId":"-5518619716113744657.8335284066617016290","auxData":{"isDefault":true,"type":"default","frameId":"C8C699FD7FC31B3E33C3ADDFA780FBA4"}}},"sessionId":"6456A6223CF6E2A595B6DAF0E9C978B7"}
12:54:07.329 [nioEventLoopGroup-14-1] DEBUG com.jayway.jsonpath.internal.path.CompiledPath -- Evaluating path: $
12:54:07.329 [nioEventLoopGroup-14-1] DEBUG com.jayway.jsonpath.internal.path.CompiledPath -- Evaluating path: $['context']['auxData']['frameId']
12:54:07.329 [nioEventLoopGroup-14-1] DEBUG com.jayway.jsonpath.internal.path.CompiledPath -- Evaluating path: $['context']['id']
12:54:07.462 [nioEventLoopGroup-14-1] DEBUG com.intuit.karate.driver.chrome_1718781846451 -- << {"id":8,"result":{"result":{"type":"object","subtype":"error","className":"TypeError","description":"TypeError: Cannot read properties of null (reading 'focus')\n    at <anonymous>:1:95","objectId":"910787535364330953.1.1"},"exceptionDetails":{"exceptionId":1,"text":"Uncaught","lineNumber":0,"columnNumber":94,"scriptId":"6","stackTrace":{"callFrames":[{"functionName":"","scriptId":"6","url":"","lineNumber":0,"columnNumber":94}]},"exception":{"type":"object","subtype":"error","className":"TypeError","description":"TypeError: Cannot read properties of null (reading 'focus')\n    at <anonymous>:1:95","objectId":"910787535364330953.1.2"}}},"sessionId":"6456A6223CF6E2A595B6DAF0E9C978B7"}
12:54:07.462 [nioEventLoopGroup-14-1] DEBUG com.jayway.jsonpath.internal.path.CompiledPath -- Evaluating path: $
12:54:07.462 [nioEventLoopGroup-14-1] WARN com.intuit.karate.driver.chrome_1718781846451 -- devtools error: [id: 8, sessionId: 6456A6223CF6E2A595B6DAF0E9C978B7, result: [type: MAP, value: {type=object, subtype=error, className=TypeError, description=TypeError: Cannot read properties of null (reading 'focus')
    at <anonymous>:1:95, objectId=910787535364330953.1.1}]]
12:54:07.462 [main] WARN com.intuit.karate.driver.chrome_1718781846451 -- js eval failed once:var e = document.evaluate("//*[@id='user-name']", document, null, 9, null).singleNodeValue; e.focus(); try { e.selectionStart = e.selectionEnd = e.value.length } catch(x) {}, error: [type: MAP, value: {type=object, subtype=error, className=TypeError, description=TypeError: Cannot read properties of null (reading 'focus')
    at <anonymous>:1:95, objectId=910787535364330953.1.1}]
12:54:07.613 [chrome_1718781830137] WARN com.intuit.karate.shell.Command -- exit code was non-zero: 1 - [C:\Program Files\Google\Chrome\Application\chrome.exe, --remote-debugging-port=54245, --remote-allow-origins=*, --no-first-run, --user-data-dir=C:\Users\HarshvardhanNigaveka\OneDrive - Academian India Private Limited\Desktop\GitHubActions\karateUI\UI_Automation_Project\target\chrome_1718781830137, --disable-popup-blocking] working dir: target\chrome_1718781830137
12:54:07.657 [nioEventLoopGroup-14-1] DEBUG com.intuit.karate.driver.chrome_1718781846451 -- << {"method":"Page.domContentEventFired","params":{"timestamp":52926.168989},"sessionId":"6456A6223CF6E2A595B6DAF0E9C978B7"}
12:54:07.658 [nioEventLoopGroup-14-1] DEBUG com.jayway.jsonpath.internal.path.CompiledPath -- Evaluating path: $
12:54:07.718 [nioEventLoopGroup-14-1] DEBUG com.intuit.karate.driver.chrome_1718781846451 -- << {"method":"Target.targetCreated","params":{"targetInfo":{"targetId":"53478BD359CB0CD3DD16D2FE69FE7439","type":"service_worker","title":"Service Worker https://www.saucedemo.com/service-worker.js","url":"https://www.saucedemo.com/service-worker.js","attached":false,"canAccessOpener":false,"browserContextId":"B4AE3E7E8DEFB527272AA1DB1B437F4C"}},"sessionId":"6456A6223CF6E2A595B6DAF0E9C978B7"}
12:54:07.718 [nioEventLoopGroup-14-1] DEBUG com.jayway.jsonpath.internal.path.CompiledPath -- Evaluating path: $
12:54:07.726 [nioEventLoopGroup-14-1] DEBUG com.intuit.karate.driver.chrome_1718781846451 -- << {"method":"Page.loadEventFired","params":{"timestamp":52926.23209},"sessionId":"6456A6223CF6E2A595B6DAF0E9C978B7"}
12:54:07.726 [nioEventLoopGroup-14-1] DEBUG com.jayway.jsonpath.internal.path.CompiledPath -- Evaluating path: $
12:54:07.726 [nioEventLoopGroup-14-1] DEBUG com.intuit.karate.driver.chrome_1718781846451 -- << {"method":"Page.frameStoppedLoading","params":{"frameId":"C8C699FD7FC31B3E33C3ADDFA780FBA4"},"sessionId":"6456A6223CF6E2A595B6DAF0E9C978B7"}
12:54:07.726 [nioEventLoopGroup-14-1] DEBUG com.jayway.jsonpath.internal.path.CompiledPath -- Evaluating path: $
12:54:07.726 [nioEventLoopGroup-14-1] DEBUG com.jayway.jsonpath.internal.path.CompiledPath -- Evaluating path: $['frameId']
12:54:07.781 [nioEventLoopGroup-14-1] DEBUG com.intuit.karate.driver.chrome_1718781846451 -- << {"method":"Target.targetDestroyed","params":{"targetId":"53478BD359CB0CD3DD16D2FE69FE7439"},"sessionId":"6456A6223CF6E2A595B6DAF0E9C978B7"}
12:54:07.781 [nioEventLoopGroup-14-1] DEBUG com.jayway.jsonpath.internal.path.CompiledPath -- Evaluating path: $
12:54:08.455 [nioEventLoopGroup-13-1] DEBUG io.netty.buffer.PoolThreadCache -- Freed 38 thread-local buffer(s) from thread: nioEventLoopGroup-13-1
12:54:10.473 [main] DEBUG com.jayway.jsonpath.internal.path.CompiledPath -- Evaluating path: $['expression']
12:54:10.473 [main] DEBUG com.jayway.jsonpath.internal.path.CompiledPath -- Evaluating path: $
12:54:10.473 [main] DEBUG com.jayway.jsonpath.internal.path.CompiledPath -- Evaluating path: $
12:54:10.473 [main] DEBUG com.jayway.jsonpath.internal.JsonContext -- Put path $ key expression value {}
12:54:10.473 [main] DEBUG com.jayway.jsonpath.internal.path.CompiledPath -- Evaluating path: $
12:54:10.473 [main] DEBUG com.jayway.jsonpath.internal.JsonContext -- Put path $ key expression value var e = document.evaluate("//*[@id='user-name']", document, null, 9, null).singleNodeValue; e.focus(); try { e.selectionStart = e.selectionEnd = e.value.length } catch(x) {}
12:54:10.473 [main] DEBUG com.jayway.jsonpath.internal.path.CompiledPath -- Evaluating path: $['returnByValue']
12:54:10.473 [main] DEBUG com.jayway.jsonpath.internal.path.CompiledPath -- Evaluating path: $
12:54:10.473 [main] DEBUG com.jayway.jsonpath.internal.path.CompiledPath -- Evaluating path: $
12:54:10.473 [main] DEBUG com.jayway.jsonpath.internal.JsonContext -- Put path $ key returnByValue value {}
12:54:10.473 [main] DEBUG com.jayway.jsonpath.internal.path.CompiledPath -- Evaluating path: $
12:54:10.473 [main] DEBUG com.jayway.jsonpath.internal.JsonContext -- Put path $ key returnByValue value true
12:54:10.473 [main] DEBUG com.jayway.jsonpath.internal.path.CompiledPath -- Evaluating path: $
12:54:10.473 [main] DEBUG com.intuit.karate.driver.chrome_1718781846451 -- >> {"id":9,"sessionId":"6456A6223CF6E2A595B6DAF0E9C978B7","method":"Runtime.evaluate","params":{"expression":"var e = document.evaluate(\"\/\/*[@id='user-name']\", document, null, 9, null).singleNodeValue; e.focus(); try { e.selectionStart = e.selectionEnd = e.value.length } catch(x) {}","returnByValue":true}}
12:54:10.476 [nioEventLoopGroup-14-1] DEBUG com.intuit.karate.driver.chrome_1718781846451 -- << {"id":9,"result":{"result":{"type":"number","value":0,"description":"0"}},"sessionId":"6456A6223CF6E2A595B6DAF0E9C978B7"}
12:54:10.476 [nioEventLoopGroup-14-1] DEBUG com.jayway.jsonpath.internal.path.CompiledPath -- Evaluating path: $
12:54:13.495 [main] DEBUG com.jayway.jsonpath.internal.path.CompiledPath -- Evaluating path: $['expression']
12:54:13.495 [main] DEBUG com.jayway.jsonpath.internal.path.CompiledPath -- Evaluating path: $
12:54:13.495 [main] DEBUG com.jayway.jsonpath.internal.path.CompiledPath -- Evaluating path: $
12:54:13.495 [main] DEBUG com.jayway.jsonpath.internal.JsonContext -- Put path $ key expression value {}
12:54:13.495 [main] DEBUG com.jayway.jsonpath.internal.path.CompiledPath -- Evaluating path: $
12:54:13.495 [main] DEBUG com.jayway.jsonpath.internal.JsonContext -- Put path $ key expression value var e = document.evaluate("//*[@id='password']", document, null, 9, null).singleNodeValue; e.focus(); try { e.selectionStart = e.selectionEnd = e.value.length } catch(x) {}
12:54:13.495 [main] DEBUG com.jayway.jsonpath.internal.path.CompiledPath -- Evaluating path: $['returnByValue']
12:54:13.495 [main] DEBUG com.jayway.jsonpath.internal.path.CompiledPath -- Evaluating path: $
12:54:13.495 [main] DEBUG com.jayway.jsonpath.internal.path.CompiledPath -- Evaluating path: $
12:54:13.495 [main] DEBUG com.jayway.jsonpath.internal.JsonContext -- Put path $ key returnByValue value {}
12:54:13.495 [main] DEBUG com.jayway.jsonpath.internal.path.CompiledPath -- Evaluating path: $
12:54:13.495 [main] DEBUG com.jayway.jsonpath.internal.JsonContext -- Put path $ key returnByValue value true
12:54:13.495 [main] DEBUG com.jayway.jsonpath.internal.path.CompiledPath -- Evaluating path: $
12:54:13.495 [main] DEBUG com.intuit.karate.driver.chrome_1718781846451 -- >> {"id":10,"sessionId":"6456A6223CF6E2A595B6DAF0E9C978B7","method":"Runtime.evaluate","params":{"expression":"var e = document.evaluate(\"\/\/*[@id='password']\", document, null, 9, null).singleNodeValue; e.focus(); try { e.selectionStart = e.selectionEnd = e.value.length } catch(x) {}","returnByValue":true}}
12:54:13.498 [nioEventLoopGroup-14-1] DEBUG com.intuit.karate.driver.chrome_1718781846451 -- << {"id":10,"result":{"result":{"type":"number","value":0,"description":"0"}},"sessionId":"6456A6223CF6E2A595B6DAF0E9C978B7"}
12:54:13.498 [nioEventLoopGroup-14-1] DEBUG com.jayway.jsonpath.internal.path.CompiledPath -- Evaluating path: $
12:54:16.510 [main] DEBUG com.jayway.jsonpath.internal.path.CompiledPath -- Evaluating path: $['expression']
12:54:16.510 [main] DEBUG com.jayway.jsonpath.internal.path.CompiledPath -- Evaluating path: $
12:54:16.510 [main] DEBUG com.jayway.jsonpath.internal.path.CompiledPath -- Evaluating path: $
12:54:16.510 [main] DEBUG com.jayway.jsonpath.internal.JsonContext -- Put path $ key expression value {}
12:54:16.510 [main] DEBUG com.jayway.jsonpath.internal.path.CompiledPath -- Evaluating path: $
12:54:16.510 [main] DEBUG com.jayway.jsonpath.internal.JsonContext -- Put path $ key expression value document.evaluate("//*[@id='login-button']", document, null, 9, null).singleNodeValue.click()
12:54:16.510 [main] DEBUG com.jayway.jsonpath.internal.path.CompiledPath -- Evaluating path: $['returnByValue']
12:54:16.510 [main] DEBUG com.jayway.jsonpath.internal.path.CompiledPath -- Evaluating path: $
12:54:16.510 [main] DEBUG com.jayway.jsonpath.internal.path.CompiledPath -- Evaluating path: $
12:54:16.510 [main] DEBUG com.jayway.jsonpath.internal.JsonContext -- Put path $ key returnByValue value {}
12:54:16.510 [main] DEBUG com.jayway.jsonpath.internal.path.CompiledPath -- Evaluating path: $
12:54:16.510 [main] DEBUG com.jayway.jsonpath.internal.JsonContext -- Put path $ key returnByValue value true
12:54:16.510 [main] DEBUG com.jayway.jsonpath.internal.path.CompiledPath -- Evaluating path: $
12:54:16.510 [main] DEBUG com.intuit.karate.driver.chrome_1718781846451 -- >> {"id":11,"sessionId":"6456A6223CF6E2A595B6DAF0E9C978B7","method":"Runtime.evaluate","params":{"expression":"document.evaluate(\"\/\/*[@id='login-button']\", document, null, 9, null).singleNodeValue.click()","returnByValue":true}}
12:54:16.519 [nioEventLoopGroup-14-1] DEBUG com.intuit.karate.driver.chrome_1718781846451 -- << {"id":11,"result":{"result":{"type":"undefined"}},"sessionId":"6456A6223CF6E2A595B6DAF0E9C978B7"}
12:54:16.520 [nioEventLoopGroup-14-1] DEBUG com.jayway.jsonpath.internal.path.CompiledPath -- Evaluating path: $
12:54:19.529 [main] DEBUG com.jayway.jsonpath.internal.path.CompiledPath -- Evaluating path: $['expression']
12:54:19.529 [main] DEBUG com.jayway.jsonpath.internal.path.CompiledPath -- Evaluating path: $
12:54:19.529 [main] DEBUG com.jayway.jsonpath.internal.path.CompiledPath -- Evaluating path: $
12:54:19.529 [main] DEBUG com.jayway.jsonpath.internal.JsonContext -- Put path $ key expression value {}
12:54:19.529 [main] DEBUG com.jayway.jsonpath.internal.path.CompiledPath -- Evaluating path: $
12:54:19.529 [main] DEBUG com.jayway.jsonpath.internal.JsonContext -- Put path $ key expression value document.evaluate("//*[@id='login_button_container']/div/form/div[3]", document, null, 9, null).singleNodeValue['textContent']
12:54:19.529 [main] DEBUG com.jayway.jsonpath.internal.path.CompiledPath -- Evaluating path: $['returnByValue']
12:54:19.529 [main] DEBUG com.jayway.jsonpath.internal.path.CompiledPath -- Evaluating path: $
12:54:19.529 [main] DEBUG com.jayway.jsonpath.internal.path.CompiledPath -- Evaluating path: $
12:54:19.529 [main] DEBUG com.jayway.jsonpath.internal.JsonContext -- Put path $ key returnByValue value {}
12:54:19.529 [main] DEBUG com.jayway.jsonpath.internal.path.CompiledPath -- Evaluating path: $
12:54:19.529 [main] DEBUG com.jayway.jsonpath.internal.JsonContext -- Put path $ key returnByValue value true
12:54:19.529 [main] DEBUG com.jayway.jsonpath.internal.path.CompiledPath -- Evaluating path: $
12:54:19.529 [main] DEBUG com.intuit.karate.driver.chrome_1718781846451 -- >> {"id":12,"sessionId":"6456A6223CF6E2A595B6DAF0E9C978B7","method":"Runtime.evaluate","params":{"expression":"document.evaluate(\"\/\/*[@id='login_button_container']\/div\/form\/div[3]\", document, null, 9, null).singleNodeValue['textContent']","returnByValue":true}}
12:54:19.530 [nioEventLoopGroup-14-1] DEBUG com.intuit.karate.driver.chrome_1718781846451 -- << {"id":12,"result":{"result":{"type":"string","value":"Epic sadface: Username is required"}},"sessionId":"6456A6223CF6E2A595B6DAF0E9C978B7"}
12:54:19.531 [nioEventLoopGroup-14-1] DEBUG com.jayway.jsonpath.internal.path.CompiledPath -- Evaluating path: $
12:54:20.404 [nioEventLoopGroup-14-1] DEBUG com.intuit.karate.driver.chrome_1718781846451 -- << {"method":"Target.targetCreated","params":{"targetInfo":{"targetId":"BA3794050D4EC3410E9380712C08E7BA","type":"app","title":"Chrome Web Store Payments","url":"","attached":false,"canAccessOpener":false,"browserContextId":"B4AE3E7E8DEFB527272AA1DB1B437F4C"}},"sessionId":"6456A6223CF6E2A595B6DAF0E9C978B7"}
12:54:20.404 [nioEventLoopGroup-14-1] DEBUG com.jayway.jsonpath.internal.path.CompiledPath -- Evaluating path: $
12:54:22.163 [nioEventLoopGroup-14-1] DEBUG com.intuit.karate.driver.chrome_1718781846451 -- << {"method":"Target.targetCreated","params":{"targetInfo":{"targetId":"C105226E7D74BB0CB89595EF889EA609","type":"service_worker","title":"Service Worker chrome-extension://ghbmnnjooekpmoecnnnilnnbdlolhkhi/service_worker_bin_prod.js","url":"chrome-extension://ghbmnnjooekpmoecnnnilnnbdlolhkhi/service_worker_bin_prod.js","attached":false,"canAccessOpener":false,"browserContextId":"B4AE3E7E8DEFB527272AA1DB1B437F4C"}},"sessionId":"6456A6223CF6E2A595B6DAF0E9C978B7"}
12:54:22.163 [nioEventLoopGroup-14-1] DEBUG com.jayway.jsonpath.internal.path.CompiledPath -- Evaluating path: $
12:54:22.211 [nioEventLoopGroup-14-1] DEBUG com.intuit.karate.driver.chrome_1718781846451 -- << {"method":"Target.targetDestroyed","params":{"targetId":"2BEE7A8301BFF5BDE6FFF956A968AF1E"},"sessionId":"6456A6223CF6E2A595B6DAF0E9C978B7"}
12:54:22.211 [nioEventLoopGroup-14-1] DEBUG com.jayway.jsonpath.internal.path.CompiledPath -- Evaluating path: $
12:54:22.226 [nioEventLoopGroup-14-1] DEBUG com.intuit.karate.driver.chrome_1718781846451 -- << {"method":"Target.targetDestroyed","params":{"targetId":"8FE7CE3A1FAD82F904CDBD7D8B470DA0"},"sessionId":"6456A6223CF6E2A595B6DAF0E9C978B7"}
12:54:22.227 [nioEventLoopGroup-14-1] DEBUG com.jayway.jsonpath.internal.path.CompiledPath -- Evaluating path: $
12:54:22.542 [main] ERROR com.intuit.karate -- classpath:UI_Automation_Project/login/login.feature:81
* delay(3000)*
js failed:
>>>>
01: delay(3000)*
<<<<
org.graalvm.polyglot.PolyglotException: SyntaxError: Unnamed:1:12 Expected an operand but found eof
delay(3000)*
            ^

- org.graalvm.polyglot.Context.eval(Context.java:425)
- com.intuit.karate.graal.JsEngine.evalForValue(JsEngine.java:169)
- com.intuit.karate.graal.JsEngine.eval(JsEngine.java:165)
- com.intuit.karate.core.ScenarioEngine.evalJs(ScenarioEngine.java:1286)
- com.intuit.karate.ScenarioActions.eval(ScenarioActions.java:372)
- jdk.internal.reflect.GeneratedMethodAccessor14.invoke(Unknown Source)
- java.base/jdk.internal.reflect.DelegatingMethodAccessorImpl.invoke(DelegatingMethodAccessorImpl.java:43)

classpath:UI_Automation_Project/login/login.feature:81
12:54:22.543 [main] DEBUG com.intuit.karate.driver.chrome_1718781846451 -- >> {"id":13,"sessionId":"6456A6223CF6E2A595B6DAF0E9C978B7","method":"Page.captureScreenshot"}
12:54:22.640 [nioEventLoopGroup-14-1] DEBUG com.intuit.karate.driver.chrome_1718781846451 -- << {"id":13,"result":{"data":"iVBORw0KGgoAAAANSUhEUgAABhIAAANFCAIAAAARevGRAAAAAXNSR0IArs4c6QAAIABJREFUeJzs3XuYlWW9+P/PMAMLRhhEBqItaDqSSGOC2EZ+qBjuQg00QknzENswO4iSWaa2JSk1S9kqHiKR8EAUSmZ4ogwl44vuQHA7IaajOxgLYQAZcJg1x98fC4Zh5hnEBGaA1+vqj7We07pn4dVcvLmf+8laV10eAAAAAOwTst+r2lWXarOrLgQAAADAvkQ2AgAAACCBbAQAAABAAtkIAAAAgASyEQAAAAAJZCMAAAAAEshGAAAAACSQjQAAAABIIBsBAAAAkEA2AgAAANi//O53v9uZw2QjAAAAgP1IphntTDmSjQAAAAD2Fw1r0fuWI9kIAAAAYL/QtBPtuBzJRgAAAAD7vuYK0Q7KkWwEAAAAsI/b8ayi5vZmrasu321DAgAAAGCPyn6valddymwjAAAAABLIRgAAAAAkkI0AAAAASCAbAQAAAJBANgIAAAAggWwEAAAAQALZCAAAAIAEshEAAAAACXJaegAAAAAA7GJLly79MKf369fPbCMAAAAAkslGAAAAACSQjQAAAABIIBsBAAAAkEA2AgAAACCBbAQAAABAAtkIAAAAgASyEQAAAAAJZCMAAAAAEshGAAAAACSQjQAAAABIIBsBAAAAkEA2AgAAACCBbAQAAABAAtkIAAAAgASyEQAAAAAJZCMAAAAAEshGAAAAACSQjQAAAABIIBsBAAAAkEA2AgAAACCBbAQAAABAAtkIAAAAgASyEQAAAAAJZCMAAAAAEshGAAAAACSQjQAAAABIIBsBAAAAkEA2AgAAACCBbAQAAABAAtkIAAAAgASyEQAAAAAJZCMAAAAAEshGAAAAACSQjQAAAABIIBsBAAAAkEA2AgAAACCBbAQAAABAAtkIAAAAgASyEQAAAAAJZCMAAAAAEshGAACty5KfFvY+srD3kYV3L27poQAA+7ecl ...
12:54:22.640 [nioEventLoopGroup-14-1] DEBUG com.jayway.jsonpath.internal.path.CompiledPath -- Evaluating path: $
12:54:22.642 [main] DEBUG com.jayway.jsonpath.internal.path.CompiledPath -- Evaluating path: $['targetId']
12:54:22.642 [main] DEBUG com.jayway.jsonpath.internal.path.CompiledPath -- Evaluating path: $
12:54:22.642 [main] DEBUG com.jayway.jsonpath.internal.path.CompiledPath -- Evaluating path: $
12:54:22.642 [main] DEBUG com.jayway.jsonpath.internal.JsonContext -- Put path $ key targetId value {}
12:54:22.642 [main] DEBUG com.jayway.jsonpath.internal.path.CompiledPath -- Evaluating path: $
12:54:22.642 [main] DEBUG com.jayway.jsonpath.internal.JsonContext -- Put path $ key targetId value C8C699FD7FC31B3E33C3ADDFA780FBA4
12:54:22.642 [main] DEBUG com.jayway.jsonpath.internal.path.CompiledPath -- Evaluating path: $
12:54:22.642 [main] DEBUG com.intuit.karate.driver.chrome_1718781846451 -- >> {"id":14,"sessionId":"6456A6223CF6E2A595B6DAF0E9C978B7","method":"Target.closeTarget","params":{"targetId":"C8C699FD7FC31B3E33C3ADDFA780FBA4"}}
12:54:22.643 [nioEventLoopGroup-14-1] DEBUG com.intuit.karate.http.WebSocketClientHandler -- websocket closing
12:54:22.643 [nioEventLoopGroup-14-1] DEBUG com.intuit.karate.http.WebSocketClientHandler -- websocket client disconnected
12:54:22.646 [main] DEBUG com.intuit.karate.shell.Command -- closing command: chrome_1718781846451
12:54:22.768 [main] DEBUG org.thymeleaf.TemplateEngine -- [THYMELEAF] INITIALIZING TEMPLATE ENGINE
12:54:22.966 [main] DEBUG org.thymeleaf.TemplateEngine.CONFIG -- Initializing Thymeleaf Template engine configuration...
[THYMELEAF] TEMPLATE ENGINE CONFIGURATION:
[THYMELEAF] * Thymeleaf version: 3.1.2.RELEASE (built 2023-07-30T19:25:50+0000)
[THYMELEAF] * Cache Manager implementation: org.thymeleaf.cache.StandardCacheManager
[THYMELEAF] * Template resolvers:
[THYMELEAF]     * [1] com.intuit.karate.template.ResourceHtmlTemplateResolver
[THYMELEAF] * Message resolvers:
[THYMELEAF]     * org.thymeleaf.messageresolver.StandardMessageResolver
[THYMELEAF] * Link builders:
[THYMELEAF]     * org.thymeleaf.linkbuilder.StandardLinkBuilder
[THYMELEAF] * Dialect [1 of 2]: Standard (com.intuit.karate.template.KarateStandardDialect)
[THYMELEAF]     * Prefix: "th"
[THYMELEAF]     * Processors for Template Mode: HTML
[THYMELEAF]         * Element Tag Processors by [matching element and attribute name] [precedence]:
[THYMELEAF]             * [* {th:include,data-th-include}] [100]: org.thymeleaf.standard.processor.StandardIncludeTagProcessor
[THYMELEAF]             * [* {th:insert,data-th-insert}] [100]: org.thymeleaf.standard.processor.StandardInsertTagProcessor
[THYMELEAF]             * [* {th:replace,data-th-replace}] [100]: org.thymeleaf.standard.processor.StandardReplaceTagProcessor
[THYMELEAF]             * [* {th:each,data-th-each}] [200]: com.intuit.karate.template.KarateEachTagProcessor
[THYMELEAF]             * [* {th:switch,data-th-switch}] [250]: org.thymeleaf.standard.processor.StandardSwitchTagProcessor
[THYMELEAF]             * [* {th:case,data-th-case}] [275]: org.thymeleaf.standard.processor.StandardCaseTagProcessor
[THYMELEAF]             * [* {th:if,data-th-if}] [300]: org.thymeleaf.standard.processor.StandardIfTagProcessor
[THYMELEAF]             * [* {th:unless,data-th-unless}] [400]: org.thymeleaf.standard.processor.StandardUnlessTagProcessor
[THYMELEAF]             * [* {th:object,data-th-object}] [500]: org.thymeleaf.standard.processor.StandardObjectTagProcessor
[THYMELEAF]             * [* {th:with,data-th-with}] [600]: com.intuit.karate.template.KarateWithTagProcessor
[THYMELEAF]             * [* {th:attr,data-th-attr}] [700]: com.intuit.karate.template.KarateAttributeTagProcessor.KarateAttrTagProcessor
[THYMELEAF]             * [* {th:attrappend,data-th-attrappend}] [900]: com.intuit.karate.template.KarateAttributeTagProcessor.KarateAttrappendTagProcessor
[THYMELEAF]             * [* {th:attrprepend,data-th-attrprepend}] [900]: com.intuit.karate.template.KarateAttributeTagProcessor.KarateAttrprependTagProcessor
[THYMELEAF]             * [* {th:alt-title,data-th-alt-title}] [990]: org.thymeleaf.standard.processor.StandardAltTitleTagProcessor
[THYMELEAF]             * [* {th:lang-xmllang,data-th-lang-xmllang}] [990]: org.thymeleaf.standard.processor.StandardLangXmlLangTagProcessor
[THYMELEAF]             * [* {th:action,data-th-action}] [1000]: org.thymeleaf.standard.processor.StandardActionTagProcessor
[THYMELEAF]             * [* {th:formnovalidate,data-th-formnovalidate}] [1000]: org.thymeleaf.standard.processor.StandardConditionalFixedValueTagProcessor
[THYMELEAF]             * [* {th:reversed,data-th-reversed}] [1000]: org.thymeleaf.standard.processor.StandardConditionalFixedValueTagProcessor
[THYMELEAF]             * [* {th:readonly,data-th-readonly}] [1000]: org.thymeleaf.standard.processor.StandardConditionalFixedValueTagProcessor
[THYMELEAF]             * [* {th:novalidate,data-th-novalidate}] [1000]: org.thymeleaf.standard.processor.StandardConditionalFixedValueTagProcessor
[THYMELEAF]             * [* {th:nowrap,data-th-nowrap}] [1000]: org.thymeleaf.standard.processor.StandardConditionalFixedValueTagProcessor
[THYMELEAF]             * [* {th:scoped,data-th-scoped}] [1000]: org.thymeleaf.standard.processor.StandardConditionalFixedValueTagProcessor
[THYMELEAF]             * [* {th:autoplay,data-th-autoplay}] [1000]: org.thymeleaf.standard.processor.StandardConditionalFixedValueTagProcessor
[THYMELEAF]             * [* {th:selected,data-th-selected}] [1000]: org.thymeleaf.standard.processor.StandardConditionalFixedValueTagProcessor
[THYMELEAF]             * [* {th:autofocus,data-th-autofocus}] [1000]: org.thymeleaf.standard.processor.StandardConditionalFixedValueTagProcessor
[THYMELEAF]             * [* {th:multiple,data-th-multiple}] [1000]: org.thymeleaf.standard.processor.StandardConditionalFixedValueTagProcessor
[THYMELEAF]             * [* {th:defer,data-th-defer}] [1000]: org.thymeleaf.standard.processor.StandardConditionalFixedValueTagProcessor
[THYMELEAF]             * [* {th:required,data-th-required}] [1000]: org.thymeleaf.standard.processor.StandardConditionalFixedValueTagProcessor
[THYMELEAF]             * [* {th:controls,data-th-controls}] [1000]: org.thymeleaf.standard.processor.StandardConditionalFixedValueTagProcessor
[THYMELEAF]             * [* {th:disabled,data-th-disabled}] [1000]: org.thymeleaf.standard.processor.StandardConditionalFixedValueTagProcessor
[THYMELEAF]             * [* {th:loop,data-th-loop}] [1000]: org.thymeleaf.standard.processor.StandardConditionalFixedValueTagProcessor
[THYMELEAF]             * [* {th:default,data-th-default}] [1000]: org.thymeleaf.standard.processor.StandardConditionalFixedValueTagProcessor
[THYMELEAF]             * [* {th:declare,data-th-declare}] [1000]: org.thymeleaf.standard.processor.StandardConditionalFixedValueTagProcessor
[THYMELEAF]             * [* {th:open,data-th-open}] [1000]: org.thymeleaf.standard.processor.StandardConditionalFixedValueTagProcessor
[THYMELEAF]             * [* {th:seamless,data-th-seamless}] [1000]: org.thymeleaf.standard.processor.StandardConditionalFixedValueTagProcessor
[THYMELEAF]             * [* {th:pubdate,data-th-pubdate}] [1000]: org.thymeleaf.standard.processor.StandardConditionalFixedValueTagProcessor
[THYMELEAF]             * [* {th:async,data-th-async}] [1000]: org.thymeleaf.standard.processor.StandardConditionalFixedValueTagProcessor
[THYMELEAF]             * [* {th:checked,data-th-checked}] [1000]: org.thymeleaf.standard.processor.StandardConditionalFixedValueTagProcessor
[THYMELEAF]             * [* {th:ismap,data-th-ismap}] [1000]: org.thymeleaf.standard.processor.StandardConditionalFixedValueTagProcessor
[THYMELEAF]             * [* {th:hidden,data-th-hidden}] [1000]: org.thymeleaf.standard.processor.StandardConditionalFixedValueTagProcessor
[THYMELEAF]             * [* {th:onclick,data-th-onclick}] [1000]: org.thymeleaf.standard.processor.StandardDOMEventAttributeTagProcessor
[THYMELEAF]             * [* {th:onmousemove,data-th-onmousemove}] [1000]: org.thymeleaf.standard.processor.StandardDOMEventAttributeTagProcessor
[THYMELEAF]             * [* {th:onratechange,data-th-onratechange}] [1000]: org.thymeleaf.standard.processor.StandardDOMEventAttributeTagProcessor
[THYMELEAF]             * [* {th:ondragend,data-th-ondragend}] [1000]: org.thymeleaf.standard.processor.StandardDOMEventAttributeTagProcessor
[THYMELEAF]             * [* {th:onloadedmetadata,data-th-onloadedmetadata}] [1000]: org.thymeleaf.standard.processor.StandardDOMEventAttributeTagProcessor
[THYMELEAF]             * [* {th:onforminput,data-th-onforminput}] [1000]: org.thymeleaf.standard.processor.StandardDOMEventAttributeTagProcessor
[THYMELEAF]             * [* {th:ondragleave,data-th-ondragleave}] [1000]: org.thymeleaf.standard.processor.StandardDOMEventAttributeTagProcessor
[THYMELEAF]             * [* {th:onmouseover,data-th-onmouseover}] [1000]: org.thymeleaf.standard.processor.StandardDOMEventAttributeTagProcessor
[THYMELEAF]             * [* {th:onafterprint,data-th-onafterprint}] [1000]: org.thymeleaf.standard.processor.StandardDOMEventAttributeTagProcessor
[THYMELEAF]             * [* {th:oncanplay,data-th-oncanplay}] [1000]: org.thymeleaf.standard.processor.StandardDOMEventAttributeTagProcessor
[THYMELEAF]             * [* {th:onshow,data-th-onshow}] [1000]: org.thymeleaf.standard.processor.StandardDOMEventAttributeTagProcessor
[THYMELEAF]             * [* {th:onkeypress,data-th-onkeypress}] [1000]: org.thymeleaf.standard.processor.StandardDOMEventAttributeTagProcessor
[THYMELEAF]             * [* {th:onwaiting,data-th-onwaiting}] [1000]: org.thymeleaf.standard.processor.StandardDOMEventAttributeTagProcessor
[THYMELEAF]             * [* {th:onsuspend,data-th-onsuspend}] [1000]: org.thymeleaf.standard.processor.StandardDOMEventAttributeTagProcessor
[THYMELEAF]             * [* {th:onmousedown,data-th-onmousedown}] [1000]: org.thymeleaf.standard.processor.StandardDOMEventAttributeTagProcessor
[THYMELEAF]             * [* {th:onreadystatechange,data-th-onreadystatechange}] [1000]: org.thymeleaf.standard.processor.StandardDOMEventAttributeTagProcessor
[THYMELEAF]             * [* {th:onselect,data-th-onselect}] [1000]: org.thymeleaf.standard.processor.StandardDOMEventAttributeTagProcessor
[THYMELEAF]             * [* {th:ondragenter,data-th-ondragenter}] [1000]: org.thymeleaf.standard.processor.StandardDOMEventAttributeTagProcessor
[THYMELEAF]             * [* {th:onvolumechange,data-th-onvolumechange}] [1000]: org.thymeleaf.standard.processor.StandardDOMEventAttributeTagProcessor
[THYMELEAF]             * [* {th:onkeyup,data-th-onkeyup}] [1000]: org.thymeleaf.standard.processor.StandardDOMEventAttributeTagProcessor
[THYMELEAF]             * [* {th:onunload,data-th-onunload}] [1000]: org.thymeleaf.standard.processor.StandardDOMEventAttributeTagProcessor
[THYMELEAF]             * [* {th:oncanplaythrough,data-th-oncanplaythrough}] [1000]: org.thymeleaf.standard.processor.StandardDOMEventAttributeTagProcessor
[THYMELEAF]             * [* {th:onhashchange,data-th-onhashchange}] [1000]: org.thymeleaf.standard.processor.StandardDOMEventAttributeTagProcessor
[THYMELEAF]             * [* {th:onpopstate,data-th-onpopstate}] [1000]: org.thymeleaf.standard.processor.StandardDOMEventAttributeTagProcessor
[THYMELEAF]             * [* {th:ondrop,data-th-ondrop}] [1000]: org.thymeleaf.standard.processor.StandardDOMEventAttributeTagProcessor
[THYMELEAF]             * [* {th:onloadstart,data-th-onloadstart}] [1000]: org.thymeleaf.standard.processor.StandardDOMEventAttributeTagProcessor
[THYMELEAF]             * [* {th:oninvalid,data-th-oninvalid}] [1000]: org.thymeleaf.standard.processor.StandardDOMEventAttributeTagProcessor
[THYMELEAF]             * [* {th:onresize,data-th-onresize}] [1000]: org.thymeleaf.standard.processor.StandardDOMEventAttributeTagProcessor
[THYMELEAF]             * [* {th:onmouseup,data-th-onmouseup}] [1000]: org.thymeleaf.standard.processor.StandardDOMEventAttributeTagProcessor
[THYMELEAF]             * [* {th:oninput,data-th-oninput}] [1000]: org.thymeleaf.standard.processor.StandardDOMEventAttributeTagProcessor
[THYMELEAF]             * [* {th:ondblclick,data-th-ondblclick}] [1000]: org.thymeleaf.standard.processor.StandardDOMEventAttributeTagProcessor
[THYMELEAF]             * [* {th:onpause,data-th-onpause}] [1000]: org.thymeleaf.standard.processor.StandardDOMEventAttributeTagProcessor
[THYMELEAF]             * [* {th:onundo,data-th-onundo}] [1000]: org.thymeleaf.standard.processor.StandardDOMEventAttributeTagProcessor
[THYMELEAF]             * [* {th:ondrag,data-th-ondrag}] [1000]: org.thymeleaf.standard.processor.StandardDOMEventAttributeTagProcessor
[THYMELEAF]             * [* {th:onchange,data-th-onchange}] [1000]: org.thymeleaf.standard.processor.StandardDOMEventAttributeTagProcessor
[THYMELEAF]             * [* {th:onkeydown,data-th-onkeydown}] [1000]: org.thymeleaf.standard.processor.StandardDOMEventAttributeTagProcessor
[THYMELEAF]             * [* {th:onseeked,data-th-onseeked}] [1000]: org.thymeleaf.standard.processor.StandardDOMEventAttributeTagProcessor
[THYMELEAF]             * [* {th:ondurationchange,data-th-ondurationchange}] [1000]: org.thymeleaf.standard.processor.StandardDOMEventAttributeTagProcessor
[THYMELEAF]             * [* {th:onabort,data-th-onabort}] [1000]: org.thymeleaf.standard.processor.StandardDOMEventAttributeTagProcessor
[THYMELEAF]             * [* {th:onended,data-th-onended}] [1000]: org.thymeleaf.standard.processor.StandardDOMEventAttributeTagProcessor
[THYMELEAF]             * [* {th:onloadeddata,data-th-onloadeddata}] [1000]: org.thymeleaf.standard.processor.StandardDOMEventAttributeTagProcessor
[THYMELEAF]             * [* {th:onmousewheel,data-th-onmousewheel}] [1000]: org.thymeleaf.standard.processor.StandardDOMEventAttributeTagProcessor
[THYMELEAF]             * [* {th:onerror,data-th-onerror}] [1000]: org.thymeleaf.standard.processor.StandardDOMEventAttributeTagProcessor
[THYMELEAF]             * [* {th:onsubmit,data-th-onsubmit}] [1000]: org.thymeleaf.standard.processor.StandardDOMEventAttributeTagProcessor
[THYMELEAF]             * [* {th:onformchange,data-th-onformchange}] [1000]: org.thymeleaf.standard.processor.StandardDOMEventAttributeTagProcessor
[THYMELEAF]             * [* {th:onfocus,data-th-onfocus}] [1000]: org.thymeleaf.standard.processor.StandardDOMEventAttributeTagProcessor
[THYMELEAF]             * [* {th:onseeking,data-th-onseeking}] [1000]: org.thymeleaf.standard.processor.StandardDOMEventAttributeTagProcessor
[THYMELEAF]             * [* {th:ononline,data-th-ononline}] [1000]: org.thymeleaf.standard.processor.StandardDOMEventAttributeTagProcessor
[THYMELEAF]             * [* {th:onbeforeunload,data-th-onbeforeunload}] [1000]: org.thymeleaf.standard.processor.StandardDOMEventAttributeTagProcessor
[THYMELEAF]             * [* {th:onstorage,data-th-onstorage}] [1000]: org.thymeleaf.standard.processor.StandardDOMEventAttributeTagProcessor
[THYMELEAF]             * [* {th:onstalled,data-th-onstalled}] [1000]: org.thymeleaf.standard.processor.StandardDOMEventAttributeTagProcessor
[THYMELEAF]             * [* {th:onmessage,data-th-onmessage}] [1000]: org.thymeleaf.standard.processor.StandardDOMEventAttributeTagProcessor
[THYMELEAF]             * [* {th:onemptied,data-th-onemptied}] [1000]: org.thymeleaf.standard.processor.StandardDOMEventAttributeTagProcessor
[THYMELEAF]             * [* {th:onscroll,data-th-onscroll}] [1000]: org.thymeleaf.standard.processor.StandardDOMEventAttributeTagProcessor
[THYMELEAF]             * [* {th:onmouseout,data-th-onmouseout}] [1000]: org.thymeleaf.standard.processor.StandardDOMEventAttributeTagProcessor
[THYMELEAF]             * [* {th:onoffline,data-th-onoffline}] [1000]: org.thymeleaf.standard.processor.StandardDOMEventAttributeTagProcessor
[THYMELEAF]             * [* {th:onplaying,data-th-onplaying}] [1000]: org.thymeleaf.standard.processor.StandardDOMEventAttributeTagProcessor
[THYMELEAF]             * [* {th:ontimeupdate,data-th-ontimeupdate}] [1000]: org.thymeleaf.standard.processor.StandardDOMEventAttributeTagProcessor
[THYMELEAF]             * [* {th:ondragstart,data-th-ondragstart}] [1000]: org.thymeleaf.standard.processor.StandardDOMEventAttributeTagProcessor
[THYMELEAF]             * [* {th:ondragover,data-th-ondragover}] [1000]: org.thymeleaf.standard.processor.StandardDOMEventAttributeTagProcessor
[THYMELEAF]             * [* {th:onblur,data-th-onblur}] [1000]: org.thymeleaf.standard.processor.StandardDOMEventAttributeTagProcessor
[THYMELEAF]             * [* {th:onbeforeprint,data-th-onbeforeprint}] [1000]: org.thymeleaf.standard.processor.StandardDOMEventAttributeTagProcessor
[THYMELEAF]             * [* {th:onload,data-th-onload}] [1000]: org.thymeleaf.standard.processor.StandardDOMEventAttributeTagProcessor
[THYMELEAF]             * [* {th:onprogress,data-th-onprogress}] [1000]: org.thymeleaf.standard.processor.StandardDOMEventAttributeTagProcessor
[THYMELEAF]             * [* {th:onredo,data-th-onredo}] [1000]: org.thymeleaf.standard.processor.StandardDOMEventAttributeTagProcessor
[THYMELEAF]             * [* {th:onreset,data-th-onreset}] [1000]: org.thymeleaf.standard.processor.StandardDOMEventAttributeTagProcessor
[THYMELEAF]             * [* {th:onplay,data-th-onplay}] [1000]: org.thymeleaf.standard.processor.StandardDOMEventAttributeTagProcessor
[THYMELEAF]             * [* {th:oncontextmenu,data-th-oncontextmenu}] [1000]: org.thymeleaf.standard.processor.StandardDOMEventAttributeTagProcessor
[THYMELEAF]             * [* {th:href,data-th-href}] [1000]: org.thymeleaf.standard.processor.StandardHrefTagProcessor
[THYMELEAF]             * [* {th:inline,data-th-inline}] [1000]: org.thymeleaf.standard.processor.StandardInlineHTMLTagProcessor
[THYMELEAF]             * [* {th:method,data-th-method}] [1000]: org.thymeleaf.standard.processor.StandardMethodTagProcessor
[THYMELEAF]             * [* {th:name,data-th-name}] [1000]: org.thymeleaf.standard.processor.StandardNonRemovableAttributeTagProcessor
[THYMELEAF]             * [* {th:type,data-th-type}] [1000]: org.thymeleaf.standard.processor.StandardNonRemovableAttributeTagProcessor
[THYMELEAF]             * [* {th:rows,data-th-rows}] [1000]: org.thymeleaf.standard.processor.StandardRemovableAttributeTagProcessor
[THYMELEAF]             * [* {th:http-equiv,data-th-http-equiv}] [1000]: org.thymeleaf.standard.processor.StandardRemovableAttributeTagProcessor
[THYMELEAF]             * [* {th:colspan,data-th-colspan}] [1000]: org.thymeleaf.standard.processor.StandardRemovableAttributeTagProcessor
[THYMELEAF]             * [* {th:longdesc,data-th-longdesc}] [1000]: org.thymeleaf.standard.processor.StandardRemovableAttributeTagProcessor
[THYMELEAF]             * [* {th:accesskey,data-th-accesskey}] [1000]: org.thymeleaf.standard.processor.StandardRemovableAttributeTagProcessor
[THYMELEAF]             * [* {th:poster,data-th-poster}] [1000]: org.thymeleaf.standard.processor.StandardRemovableAttributeTagProcessor
[THYMELEAF]             * [* {th:manifest,data-th-manifest}] [1000]: org.thymeleaf.standard.processor.StandardRemovableAttributeTagProcessor
[THYMELEAF]             * [* {th:classid,data-th-classid}] [1000]: org.thymeleaf.standard.processor.StandardRemovableAttributeTagProcessor
[THYMELEAF]             * [* {th:scrolling,data-th-scrolling}] [1000]: org.thymeleaf.standard.processor.StandardRemovableAttributeTagProcessor
[THYMELEAF]             * [* {th:valuetype,data-th-valuetype}] [1000]: org.thymeleaf.standard.processor.StandardRemovableAttributeTagProcessor
[THYMELEAF]             * [* {th:frame,data-th-frame}] [1000]: org.thymeleaf.standard.processor.StandardRemovableAttributeTagProcessor
[THYMELEAF]             * [* {th:optimum,data-th-optimum}] [1000]: org.thymeleaf.standard.processor.StandardRemovableAttributeTagProcessor
[THYMELEAF]             * [* {th:rev,data-th-rev}] [1000]: org.thymeleaf.standard.processor.StandardRemovableAttributeTagProcessor
[THYMELEAF]             * [* {th:icon,data-th-icon}] [1000]: org.thymeleaf.standard.processor.StandardRemovableAttributeTagProcessor
[THYMELEAF]             * [* {th:high,data-th-high}] [1000]: org.thymeleaf.standard.processor.StandardRemovableAttributeTagProcessor
[THYMELEAF]             * [* {th:content,data-th-content}] [1000]: org.thymeleaf.standard.processor.StandardRemovableAttributeTagProcessor
[THYMELEAF]             * [* {th:low,data-th-low}] [1000]: org.thymeleaf.standard.processor.StandardRemovableAttributeTagProcessor
[THYMELEAF]             * [* {th:spellcheck,data-th-spellcheck}] [1000]: org.thymeleaf.standard.processor.StandardRemovableAttributeTagProcessor
[THYMELEAF]             * [* {th:media,data-th-media}] [1000]: org.thymeleaf.standard.processor.StandardRemovableAttributeTagProcessor
[THYMELEAF]             * [* {th:span,data-th-span}] [1000]: org.thymeleaf.standard.processor.StandardRemovableAttributeTagProcessor
[THYMELEAF]             * [* {th:marginheight,data-th-marginheight}] [1000]: org.thymeleaf.standard.processor.StandardRemovableAttributeTagProcessor
[THYMELEAF]             * [* {th:label,data-th-label}] [1000]: org.thymeleaf.standard.processor.StandardRemovableAttributeTagProcessor
[THYMELEAF]             * [* {th:codetype,data-th-codetype}] [1000]: org.thymeleaf.standard.processor.StandardRemovableAttributeTagProcessor
[THYMELEAF]             * [* {th:cols,data-th-cols}] [1000]: org.thymeleaf.standard.processor.StandardRemovableAttributeTagProcessor
[THYMELEAF]             * [* {th:axis,data-th-axis}] [1000]: org.thymeleaf.standard.processor.StandardRemovableAttributeTagProcessor
[THYMELEAF]             * [* {th:sandbox,data-th-sandbox}] [1000]: org.thymeleaf.standard.processor.StandardRemovableAttributeTagProcessor
[THYMELEAF]             * [* {th:data,data-th-data}] [1000]: org.thymeleaf.standard.processor.StandardRemovableAttributeTagProcessor
[THYMELEAF]             * [* {th:tabindex,data-th-tabindex}] [1000]: org.thymeleaf.standard.processor.StandardRemovableAttributeTagProcessor
[THYMELEAF]             * [* {th:preload,data-th-preload}] [1000]: org.thymeleaf.standard.processor.StandardRemovableAttributeTagProcessor
[THYMELEAF]             * [* {th:accept-charset,data-th-accept-charset}] [1000]: org.thymeleaf.standard.processor.StandardRemovableAttributeTagProcessor
[THYMELEAF]             * [* {th:cite,data-th-cite}] [1000]: org.thymeleaf.standard.processor.StandardRemovableAttributeTagProcessor
[THYMELEAF]             * [* {th:dir,data-th-dir}] [1000]: org.thymeleaf.standard.processor.StandardRemovableAttributeTagProcessor
[THYMELEAF]             * [* {th:codebase,data-th-codebase}] [1000]: org.thymeleaf.standard.processor.StandardRemovableAttributeTagProcessor
[THYMELEAF]             * [* {th:radiogroup,data-th-radiogroup}] [1000]: org.thymeleaf.standard.processor.StandardRemovableAttributeTagProcessor
[THYMELEAF]             * [* {th:for,data-th-for}] [1000]: org.thymeleaf.standard.processor.StandardRemovableAttributeTagProcessor
[THYMELEAF]             * [* {th:list,data-th-list}] [1000]: org.thymeleaf.standard.processor.StandardRemovableAttributeTagProcessor
[THYMELEAF]             * [* {th:autocomplete,data-th-autocomplete}] [1000]: org.thymeleaf.standard.processor.StandardRemovableAttributeTagProcessor
[THYMELEAF]             * [* {th:vspace,data-th-vspace}] [1000]: org.thymeleaf.standard.processor.StandardRemovableAttributeTagProcessor
[THYMELEAF]             * [* {th:height,data-th-height}] [1000]: org.thymeleaf.standard.processor.StandardRemovableAttributeTagProcessor
[THYMELEAF]             * [* {th:challenge,data-th-challenge}] [1000]: org.thymeleaf.standard.processor.StandardRemovableAttributeTagProcessor
[THYMELEAF]             * [* {th:pattern,data-th-pattern}] [1000]: org.thymeleaf.standard.processor.StandardRemovableAttributeTagProcessor
[THYMELEAF]             * [* {th:archive,data-th-archive}] [1000]: org.thymeleaf.standard.processor.StandardRemovableAttributeTagProcessor
[THYMELEAF]             * [* {th:width,data-th-width}] [1000]: org.thymeleaf.standard.processor.StandardRemovableAttributeTagProcessor
[THYMELEAF]             * [* {th:kind,data-th-kind}] [1000]: org.thymeleaf.standard.processor.StandardRemovableAttributeTagProcessor
[THYMELEAF]             * [* {th:form,data-th-form}] [1000]: org.thymeleaf.standard.processor.StandardRemovableAttributeTagProcessor
[THYMELEAF]             * [* {th:contenteditable,data-th-contenteditable}] [1000]: org.thymeleaf.standard.processor.StandardRemovableAttributeTagProcessor
[THYMELEAF]             * [* {th:dropzone,data-th-dropzone}] [1000]: org.thymeleaf.standard.processor.StandardRemovableAttributeTagProcessor
[THYMELEAF]             * [* {th:rel,data-th-rel}] [1000]: org.thymeleaf.standard.processor.StandardRemovableAttributeTagProcessor
[THYMELEAF]             * [* {th:enctype,data-th-enctype}] [1000]: org.thymeleaf.standard.processor.StandardRemovableAttributeTagProcessor
[THYMELEAF]             * [* {th:formmethod,data-th-formmethod}] [1000]: org.thymeleaf.standard.processor.StandardRemovableAttributeTagProcessor
[THYMELEAF]             * [* {th:headers,data-th-headers}] [1000]: org.thymeleaf.standard.processor.StandardRemovableAttributeTagProcessor
[THYMELEAF]             * [* {th:start,data-th-start}] [1000]: org.thymeleaf.standard.processor.StandardRemovableAttributeTagProcessor
[THYMELEAF]             * [* {th:rules,data-th-rules}] [1000]: org.thymeleaf.standard.processor.StandardRemovableAttributeTagProcessor
[THYMELEAF]             * [* {th:cellspacing,data-th-cellspacing}] [1000]: org.thymeleaf.standard.processor.StandardRemovableAttributeTagProcessor
[THYMELEAF]             * [* {th:formenctype,data-th-formenctype}] [1000]: org.thymeleaf.standard.processor.StandardRemovableAttributeTagProcessor
[THYMELEAF]             * [* {th:rowspan,data-th-rowspan}] [1000]: org.thymeleaf.standard.processor.StandardRemovableAttributeTagProcessor
[THYMELEAF]             * [* {th:lang,data-th-lang}] [1000]: org.thymeleaf.standard.processor.StandardRemovableAttributeTagProcessor
[THYMELEAF]             * [* {th:id,data-th-id}] [1000]: org.thymeleaf.standard.processor.StandardRemovableAttributeTagProcessor
[THYMELEAF]             * [* {th:size,data-th-size}] [1000]: org.thymeleaf.standard.processor.StandardRemovableAttributeTagProcessor
[THYMELEAF]             * [* {th:maxlength,data-th-maxlength}] [1000]: org.thymeleaf.standard.processor.StandardRemovableAttributeTagProcessor
[THYMELEAF]             * [* {th:keytype,data-th-keytype}] [1000]: org.thymeleaf.standard.processor.StandardRemovableAttributeTagProcessor
[THYMELEAF]             * [* {th:frameborder,data-th-frameborder}] [1000]: org.thymeleaf.standard.processor.StandardRemovableAttributeTagProcessor
[THYMELEAF]             * [* {th:bgcolor,data-th-bgcolor}] [1000]: org.thymeleaf.standard.processor.StandardRemovableAttributeTagProcessor
[THYMELEAF]             * [* {th:align,data-th-align}] [1000]: org.thymeleaf.standard.processor.StandardRemovableAttributeTagProcessor
[THYMELEAF]             * [* {th:contextmenu,data-th-contextmenu}] [1000]: org.thymeleaf.standard.processor.StandardRemovableAttributeTagProcessor
[THYMELEAF]             * [* {th:accept,data-th-accept}] [1000]: org.thymeleaf.standard.processor.StandardRemovableAttributeTagProcessor
[THYMELEAF]             * [* {th:background,data-th-background}] [1000]: org.thymeleaf.standard.processor.StandardRemovableAttributeTagProcessor
[THYMELEAF]             * [* {th:marginwidth,data-th-marginwidth}] [1000]: org.thymeleaf.standard.processor.StandardRemovableAttributeTagProcessor
[THYMELEAF]             * [* {th:class,data-th-class}] [1000]: org.thymeleaf.standard.processor.StandardRemovableAttributeTagProcessor
[THYMELEAF]             * [* {th:charset,data-th-charset}] [1000]: org.thymeleaf.standard.processor.StandardRemovableAttributeTagProcessor
[THYMELEAF]             * [* {th:abbr,data-th-abbr}] [1000]: org.thymeleaf.standard.processor.StandardRemovableAttributeTagProcessor
[THYMELEAF]             * [* {th:hspace,data-th-hspace}] [1000]: org.thymeleaf.standard.processor.StandardRemovableAttributeTagProcessor
[THYMELEAF]             * [* {th:draggable,data-th-draggable}] [1000]: org.thymeleaf.standard.processor.StandardRemovableAttributeTagProcessor
[THYMELEAF]             * [* {th:formtarget,data-th-formtarget}] [1000]: org.thymeleaf.standard.processor.StandardRemovableAttributeTagProcessor
[THYMELEAF]             * [* {th:audio,data-th-audio}] [1000]: org.thymeleaf.standard.processor.StandardRemovableAttributeTagProcessor
[THYMELEAF]             * [* {th:style,data-th-style}] [1000]: org.thymeleaf.standard.processor.StandardRemovableAttributeTagProcessor
[THYMELEAF]             * [* {th:formaction,data-th-formaction}] [1000]: org.thymeleaf.standard.processor.StandardRemovableAttributeTagProcessor
[THYMELEAF]             * [* {th:scope,data-th-scope}] [1000]: org.thymeleaf.standard.processor.StandardRemovableAttributeTagProcessor
[THYMELEAF]             * [* {th:step,data-th-step}] [1000]: org.thymeleaf.standard.processor.StandardRemovableAttributeTagProcessor
[THYMELEAF]             * [* {th:srclang,data-th-srclang}] [1000]: org.thymeleaf.standard.processor.StandardRemovableAttributeTagProcessor
[THYMELEAF]             * [* {th:target,data-th-target}] [1000]: org.thymeleaf.standard.processor.StandardRemovableAttributeTagProcessor
[THYMELEAF]             * [* {th:sizes,data-th-sizes}] [1000]: org.thymeleaf.standard.processor.StandardRemovableAttributeTagProcessor
[THYMELEAF]             * [* {th:summary,data-th-summary}] [1000]: org.thymeleaf.standard.processor.StandardRemovableAttributeTagProcessor
[THYMELEAF]             * [* {th:wrap,data-th-wrap}] [1000]: org.thymeleaf.standard.processor.StandardRemovableAttributeTagProcessor
[THYMELEAF]             * [* {th:datetime,data-th-datetime}] [1000]: org.thymeleaf.standard.processor.StandardRemovableAttributeTagProcessor
[THYMELEAF]             * [* {th:hreflang,data-th-hreflang}] [1000]: org.thymeleaf.standard.processor.StandardRemovableAttributeTagProcessor
[THYMELEAF]             * [* {th:title,data-th-title}] [1000]: org.thymeleaf.standard.processor.StandardRemovableAttributeTagProcessor
[THYMELEAF]             * [* {th:cellpadding,data-th-cellpadding}] [1000]: org.thymeleaf.standard.processor.StandardRemovableAttributeTagProcessor
[THYMELEAF]             * [* {th:border,data-th-border}] [1000]: org.thymeleaf.standard.processor.StandardRemovableAttributeTagProcessor
[THYMELEAF]             * [* {th:compact,data-th-compact}] [1000]: org.thymeleaf.standard.processor.StandardRemovableAttributeTagProcessor
[THYMELEAF]             * [* {th:scheme,data-th-scheme}] [1000]: org.thymeleaf.standard.processor.StandardRemovableAttributeTagProcessor
[THYMELEAF]             * [* {th:usemap,data-th-usemap}] [1000]: org.thymeleaf.standard.processor.StandardRemovableAttributeTagProcessor
[THYMELEAF]             * [* {th:alt,data-th-alt}] [1000]: org.thymeleaf.standard.processor.StandardRemovableAttributeTagProcessor
[THYMELEAF]             * [* {th:min,data-th-min}] [1000]: org.thymeleaf.standard.processor.StandardRemovableAttributeTagProcessor
[THYMELEAF]             * [* {th:max,data-th-max}] [1000]: org.thymeleaf.standard.processor.StandardRemovableAttributeTagProcessor
[THYMELEAF]             * [* {th:placeholder,data-th-placeholder}] [1000]: org.thymeleaf.standard.processor.StandardRemovableAttributeTagProcessor
[THYMELEAF]             * [* {th:standby,data-th-standby}] [1000]: org.thymeleaf.standard.processor.StandardRemovableAttributeTagProcessor
[THYMELEAF]             * [* {th:src,data-th-src}] [1000]: org.thymeleaf.standard.processor.StandardSrcTagProcessor
[THYMELEAF]             * [* {th:value,data-th-value}] [1000]: org.thymeleaf.standard.processor.StandardValueTagProcessor
[THYMELEAF]             * [* {th:xmlbase,data-th-xmlbase}] [1000]: org.thymeleaf.standard.processor.StandardXmlBaseTagProcessor
[THYMELEAF]             * [* {th:xmllang,data-th-xmllang}] [1000]: org.thymeleaf.standard.processor.StandardXmlLangTagProcessor
[THYMELEAF]             * [* {xmlns:th}] [1000]: org.thymeleaf.standard.processor.StandardXmlNsTagProcessor
[THYMELEAF]             * [* {th:xmlspace,data-th-xmlspace}] [1000]: org.thymeleaf.standard.processor.StandardXmlSpaceTagProcessor
[THYMELEAF]             * [* {th:classappend,data-th-classappend}] [1100]: org.thymeleaf.standard.processor.StandardClassappendTagProcessor
[THYMELEAF]             * [* {th:styleappend,data-th-styleappend}] [1100]: org.thymeleaf.standard.processor.StandardStyleappendTagProcessor
[THYMELEAF]             * [* {th:text,data-th-text}] [1300]: org.thymeleaf.standard.processor.StandardTextTagProcessor
[THYMELEAF]             * [* {th:utext,data-th-utext}] [1400]: org.thymeleaf.standard.processor.StandardUtextTagProcessor
[THYMELEAF]             * [* {th:fragment,data-th-fragment}] [1500]: org.thymeleaf.standard.processor.StandardFragmentTagProcessor
[THYMELEAF]             * [* {th:assert,data-th-assert}] [1550]: org.thymeleaf.standard.processor.StandardAssertTagProcessor
[THYMELEAF]             * [* {th:remove,data-th-remove}] [1600]: org.thymeleaf.standard.processor.StandardRemoveTagProcessor
[THYMELEAF]             * [* {th:ref,data-th-ref}] [10000]: org.thymeleaf.standard.processor.StandardRefAttributeTagProcessor
[THYMELEAF]             * [{th:block,th-block} *] [100000]: org.thymeleaf.standard.processor.StandardBlockTagProcessor
[THYMELEAF]             * [* th:*] [2147483647]: org.thymeleaf.standard.processor.StandardDefaultAttributesTagProcessor
[THYMELEAF]         * Text Processors by [precedence]:
[THYMELEAF]             * [1000]: org.thymeleaf.standard.processor.StandardInliningTextProcessor
[THYMELEAF]         * DOCTYPE Processors by [precedence]:
[THYMELEAF]             * [1000]: org.thymeleaf.standard.processor.StandardTranslationDocTypeProcessor
[THYMELEAF]         * CDATA Section Processors by [precedence]:
[THYMELEAF]             * [1000]: org.thymeleaf.standard.processor.StandardInliningCDATASectionProcessor
[THYMELEAF]         * Comment Processors by [precedence]:
[THYMELEAF]             * [1000]: org.thymeleaf.standard.processor.StandardInliningCommentProcessor
[THYMELEAF]             * [1100]: org.thymeleaf.standard.processor.StandardConditionalCommentProcessor
[THYMELEAF]     * Processors for Template Mode: XML
[THYMELEAF]         * Element Tag Processors by [matching element and attribute name] [precedence]:
[THYMELEAF]             * [* {th:include}] [100]: org.thymeleaf.standard.processor.StandardIncludeTagProcessor
[THYMELEAF]             * [* {th:insert}] [100]: org.thymeleaf.standard.processor.StandardInsertTagProcessor
[THYMELEAF]             * [* {th:replace}] [100]: org.thymeleaf.standard.processor.StandardReplaceTagProcessor
[THYMELEAF]             * [* {th:each}] [200]: com.intuit.karate.template.KarateEachTagProcessor
[THYMELEAF]             * [* {th:switch}] [250]: org.thymeleaf.standard.processor.StandardSwitchTagProcessor
[THYMELEAF]             * [* {th:case}] [275]: org.thymeleaf.standard.processor.StandardCaseTagProcessor
[THYMELEAF]             * [* {th:if}] [300]: org.thymeleaf.standard.processor.StandardIfTagProcessor
[THYMELEAF]             * [* {th:unless}] [400]: org.thymeleaf.standard.processor.StandardUnlessTagProcessor
[THYMELEAF]             * [* {th:object}] [500]: org.thymeleaf.standard.processor.StandardObjectTagProcessor
[THYMELEAF]             * [* {th:with}] [600]: com.intuit.karate.template.KarateWithTagProcessor
[THYMELEAF]             * [* {th:attr}] [700]: com.intuit.karate.template.KarateAttributeTagProcessor.KarateAttrTagProcessor
[THYMELEAF]             * [* {th:attrappend}] [900]: com.intuit.karate.template.KarateAttributeTagProcessor.KarateAttrappendTagProcessor
[THYMELEAF]             * [* {th:attrprepend}] [900]: com.intuit.karate.template.KarateAttributeTagProcessor.KarateAttrprependTagProcessor
[THYMELEAF]             * [* {th:inline}] [1000]: org.thymeleaf.standard.processor.StandardInlineXMLTagProcessor
[THYMELEAF]             * [* {xmlns:th}] [1000]: org.thymeleaf.standard.processor.StandardXmlNsTagProcessor
[THYMELEAF]             * [* {th:text}] [1300]: org.thymeleaf.standard.processor.StandardTextTagProcessor
[THYMELEAF]             * [* {th:utext}] [1400]: org.thymeleaf.standard.processor.StandardUtextTagProcessor
[THYMELEAF]             * [* {th:fragment}] [1500]: org.thymeleaf.standard.processor.StandardFragmentTagProcessor
[THYMELEAF]             * [* {th:assert}] [1550]: org.thymeleaf.standard.processor.StandardAssertTagProcessor
[THYMELEAF]             * [* {th:remove}] [1600]: org.thymeleaf.standard.processor.StandardRemoveTagProcessor
[THYMELEAF]             * [* {th:ref}] [10000]: org.thymeleaf.standard.processor.StandardRefAttributeTagProcessor
[THYMELEAF]             * [{th:block} *] [100000]: org.thymeleaf.standard.processor.StandardBlockTagProcessor
[THYMELEAF]             * [* th:*] [2147483647]: org.thymeleaf.standard.processor.StandardDefaultAttributesTagProcessor
[THYMELEAF]         * Text Processors by [precedence]:
[THYMELEAF]             * [1000]: org.thymeleaf.standard.processor.StandardInliningTextProcessor
[THYMELEAF]         * CDATA Section Processors by [precedence]:
[THYMELEAF]             * [1000]: org.thymeleaf.standard.processor.StandardInliningCDATASectionProcessor
[THYMELEAF]         * Comment Processors by [precedence]:
[THYMELEAF]             * [1000]: org.thymeleaf.standard.processor.StandardInliningCommentProcessor
[THYMELEAF]     * Processors for Template Mode: TEXT
[THYMELEAF]         * Element Tag Processors by [matching element and attribute name] [precedence]:
[THYMELEAF]             * [* {th:insert}] [100]: org.thymeleaf.standard.processor.StandardInsertTagProcessor
[THYMELEAF]             * [* {th:replace}] [100]: org.thymeleaf.standard.processor.StandardReplaceTagProcessor
[THYMELEAF]             * [* {th:each}] [200]: com.intuit.karate.template.KarateEachTagProcessor
[THYMELEAF]             * [* {th:switch}] [250]: org.thymeleaf.standard.processor.StandardSwitchTagProcessor
[THYMELEAF]             * [* {th:case}] [275]: org.thymeleaf.standard.processor.StandardCaseTagProcessor
[THYMELEAF]             * [* {th:if}] [300]: org.thymeleaf.standard.processor.StandardIfTagProcessor
[THYMELEAF]             * [* {th:unless}] [400]: org.thymeleaf.standard.processor.StandardUnlessTagProcessor
[THYMELEAF]             * [* {th:object}] [500]: org.thymeleaf.standard.processor.StandardObjectTagProcessor
[THYMELEAF]             * [* {th:with}] [600]: com.intuit.karate.template.KarateWithTagProcessor
[THYMELEAF]             * [* {th:inline}] [1000]: org.thymeleaf.standard.processor.StandardInlineTextualTagProcessor
[THYMELEAF]             * [* {th:text}] [1300]: org.thymeleaf.standard.processor.StandardTextTagProcessor
[THYMELEAF]             * [* {th:utext}] [1400]: org.thymeleaf.standard.processor.StandardUtextTagProcessor
[THYMELEAF]             * [* {th:assert}] [1550]: org.thymeleaf.standard.processor.StandardAssertTagProcessor
[THYMELEAF]             * [* {th:remove}] [1600]: org.thymeleaf.standard.processor.StandardRemoveTagProcessor
[THYMELEAF]             * [{th:block} *] [100000]: org.thymeleaf.standard.processor.StandardBlockTagProcessor
[THYMELEAF]             * [* 100000] [org.thymeleaf.standard.processor.StandardBlockTagProcessor]: {}
[THYMELEAF]         * Text Processors by [precedence]:
[THYMELEAF]             * [1000]: org.thymeleaf.standard.processor.StandardInliningTextProcessor
[THYMELEAF]     * Processors for Template Mode: JAVASCRIPT
[THYMELEAF]         * Element Tag Processors by [matching element and attribute name] [precedence]:
[THYMELEAF]             * [* {th:insert}] [100]: org.thymeleaf.standard.processor.StandardInsertTagProcessor
[THYMELEAF]             * [* {th:replace}] [100]: org.thymeleaf.standard.processor.StandardReplaceTagProcessor
[THYMELEAF]             * [* {th:each}] [200]: com.intuit.karate.template.KarateEachTagProcessor
[THYMELEAF]             * [* {th:switch}] [250]: org.thymeleaf.standard.processor.StandardSwitchTagProcessor
[THYMELEAF]             * [* {th:case}] [275]: org.thymeleaf.standard.processor.StandardCaseTagProcessor
[THYMELEAF]             * [* {th:if}] [300]: org.thymeleaf.standard.processor.StandardIfTagProcessor
[THYMELEAF]             * [* {th:unless}] [400]: org.thymeleaf.standard.processor.StandardUnlessTagProcessor
[THYMELEAF]             * [* {th:object}] [500]: org.thymeleaf.standard.processor.StandardObjectTagProcessor
[THYMELEAF]             * [* {th:with}] [600]: com.intuit.karate.template.KarateWithTagProcessor
[THYMELEAF]             * [* {th:inline}] [1000]: org.thymeleaf.standard.processor.StandardInlineTextualTagProcessor
[THYMELEAF]             * [* {th:text}] [1300]: org.thymeleaf.standard.processor.StandardTextTagProcessor
[THYMELEAF]             * [* {th:utext}] [1400]: org.thymeleaf.standard.processor.StandardUtextTagProcessor
[THYMELEAF]             * [* {th:assert}] [1550]: org.thymeleaf.standard.processor.StandardAssertTagProcessor
[THYMELEAF]             * [* {th:remove}] [1600]: org.thymeleaf.standard.processor.StandardRemoveTagProcessor
[THYMELEAF]             * [* 100000] [org.thymeleaf.standard.processor.StandardBlockTagProcessor]: {}
[THYMELEAF]             * [{th:block} *] [100000]: org.thymeleaf.standard.processor.StandardBlockTagProcessor
[THYMELEAF]         * Text Processors by [precedence]:
[THYMELEAF]             * [1000]: org.thymeleaf.standard.processor.StandardInliningTextProcessor
[THYMELEAF]     * Processors for Template Mode: CSS
[THYMELEAF]         * Element Tag Processors by [matching element and attribute name] [precedence]:
[THYMELEAF]             * [* {th:insert}] [100]: org.thymeleaf.standard.processor.StandardInsertTagProcessor
[THYMELEAF]             * [* {th:replace}] [100]: org.thymeleaf.standard.processor.StandardReplaceTagProcessor
[THYMELEAF]             * [* {th:each}] [200]: com.intuit.karate.template.KarateEachTagProcessor
[THYMELEAF]             * [* {th:switch}] [250]: org.thymeleaf.standard.processor.StandardSwitchTagProcessor
[THYMELEAF]             * [* {th:case}] [275]: org.thymeleaf.standard.processor.StandardCaseTagProcessor
[THYMELEAF]             * [* {th:if}] [300]: org.thymeleaf.standard.processor.StandardIfTagProcessor
[THYMELEAF]             * [* {th:unless}] [400]: org.thymeleaf.standard.processor.StandardUnlessTagProcessor
[THYMELEAF]             * [* {th:object}] [500]: org.thymeleaf.standard.processor.StandardObjectTagProcessor
[THYMELEAF]             * [* {th:with}] [600]: com.intuit.karate.template.KarateWithTagProcessor
[THYMELEAF]             * [* {th:inline}] [1000]: org.thymeleaf.standard.processor.StandardInlineTextualTagProcessor
[THYMELEAF]             * [* {th:text}] [1300]: org.thymeleaf.standard.processor.StandardTextTagProcessor
[THYMELEAF]             * [* {th:utext}] [1400]: org.thymeleaf.standard.processor.StandardUtextTagProcessor
[THYMELEAF]             * [* {th:assert}] [1550]: org.thymeleaf.standard.processor.StandardAssertTagProcessor
[THYMELEAF]             * [* {th:remove}] [1600]: org.thymeleaf.standard.processor.StandardRemoveTagProcessor
[THYMELEAF]             * [{th:block} *] [100000]: org.thymeleaf.standard.processor.StandardBlockTagProcessor
[THYMELEAF]             * [* 100000] [org.thymeleaf.standard.processor.StandardBlockTagProcessor]: {}
[THYMELEAF]         * Text Processors by [precedence]:
[THYMELEAF]             * [1000]: org.thymeleaf.standard.processor.StandardInliningTextProcessor
[THYMELEAF]     * Expression Objects:
[THYMELEAF]         * #ctx
[THYMELEAF]         * #root
[THYMELEAF]         * #vars
[THYMELEAF]         * #object
[THYMELEAF]         * #locale
[THYMELEAF]         * #conversions
[THYMELEAF]         * #uris
[THYMELEAF]         * #temporals
[THYMELEAF]         * #calendars
[THYMELEAF]         * #dates
[THYMELEAF]         * #bools
[THYMELEAF]         * #numbers
[THYMELEAF]         * #objects
[THYMELEAF]         * #strings
[THYMELEAF]         * #arrays
[THYMELEAF]         * #lists
[THYMELEAF]         * #sets
[THYMELEAF]         * #maps
[THYMELEAF]         * #aggregates
[THYMELEAF]         * #messages
[THYMELEAF]         * #ids
[THYMELEAF]         * #execInfo
[THYMELEAF]         * #request
[THYMELEAF]         * #response
[THYMELEAF]         * #session
[THYMELEAF]         * #servletContext
[THYMELEAF]     * Execution Attributes:
[THYMELEAF]         * "StandardExpressionParser": com.intuit.karate.template.KarateStandardDialect@10817f46
[THYMELEAF]         * "StandardJavaScriptSerializer": org.thymeleaf.standard.serializer.StandardJavaScriptSerializer@26d0ece6
[THYMELEAF]         * "StandardCSSSerializer": org.thymeleaf.standard.serializer.StandardCSSSerializer@100bba26
[THYMELEAF]         * "StandardVariableExpressionEvaluator": com.intuit.karate.template.KarateStandardDialect@10817f46
[THYMELEAF]         * "StandardConversionService": org.thymeleaf.standard.expression.StandardConversionService@4ae280da
[THYMELEAF] * Dialect [2 of 2]: karate (com.intuit.karate.template.KarateScriptDialect)
[THYMELEAF]     * Prefix: "ka"
[THYMELEAF]     * Processors for Template Mode: HTML
[THYMELEAF]         * Element Tag Processors by [matching element and attribute name] [precedence]:
[THYMELEAF]             * [* {src}] [1000]: com.intuit.karate.template.KaScriptAttrProcessor
[THYMELEAF]         * Element Model Processors by [matching element and attribute name] [precedence]:
[THYMELEAF]             * [{script} {ka:scope,data-ka-scope}] [1000]: com.intuit.karate.template.KaScriptElemProcessor
[THYMELEAF]             * [* {ka:set,data-ka-set}] [1000]: com.intuit.karate.template.KaSetElemProcessor
[THYMELEAF] TEMPLATE ENGINE CONFIGURED OK
12:54:22.967 [main] DEBUG org.thymeleaf.TemplateEngine -- [THYMELEAF] TEMPLATE ENGINE INITIALIZED
12:54:23.084 [chrome_1718781846451] WARN com.intuit.karate.shell.Command -- exit code was non-zero: 1 - [C:\Program Files\Google\Chrome\Application\chrome.exe, --remote-debugging-port=54282, --remote-allow-origins=*, --no-first-run, --user-data-dir=C:\Users\HarshvardhanNigaveka\OneDrive - Academian India Private Limited\Desktop\GitHubActions\karateUI\UI_Automation_Project\target\chrome_1718781846451, --disable-popup-blocking] working dir: target\chrome_1718781846451
---------------------------------------------------------
feature: classpath:UI_Automation_Project/login/login.feature
scenarios: 13 | passed: 10 | failed:  3 | time: 226.8354
---------------------------------------------------------

Karate version: 1.4.1
======================================================
elapsed: 230.18 | threads:    1 | thread time: 226.84 
features:     1 | skipped:    0 | efficiency: 0.99
scenarios:   13 | passed:    10 | failed: 3
======================================================
>>> failed features:
js failed:
>>>>
01: delay(3000)*
<<<<
org.graalvm.polyglot.PolyglotException: SyntaxError: Unnamed:1:12 Expected an operand but found eof
delay(3000)*
            ^

- org.graalvm.polyglot.Context.eval(Context.java:425)
- com.intuit.karate.graal.JsEngine.evalForValue(JsEngine.java:169)
- com.intuit.karate.graal.JsEngine.eval(JsEngine.java:165)
- com.intuit.karate.core.ScenarioEngine.evalJs(ScenarioEngine.java:1286)
- com.intuit.karate.ScenarioActions.eval(ScenarioActions.java:372)
- jdk.internal.reflect.GeneratedMethodAccessor14.invoke(Unknown Source)
- java.base/jdk.internal.reflect.DelegatingMethodAccessorImpl.invoke(DelegatingMethodAccessorImpl.java:43)

classpath:UI_Automation_Project/login/login.feature:81
js failed:
>>>>
01: delay(3000)*
<<<<
org.graalvm.polyglot.PolyglotException: SyntaxError: Unnamed:1:12 Expected an operand but found eof
delay(3000)*
            ^

- org.graalvm.polyglot.Context.eval(Context.java:425)
- com.intuit.karate.graal.JsEngine.evalForValue(JsEngine.java:169)
- com.intuit.karate.graal.JsEngine.eval(JsEngine.java:165)
- com.intuit.karate.core.ScenarioEngine.evalJs(ScenarioEngine.java:1286)
- com.intuit.karate.ScenarioActions.eval(ScenarioActions.java:372)
- jdk.internal.reflect.GeneratedMethodAccessor14.invoke(Unknown Source)
- java.base/jdk.internal.reflect.DelegatingMethodAccessorImpl.invoke(DelegatingMethodAccessorImpl.java:43)

classpath:UI_Automation_Project/login/login.feature:81
js failed:
>>>>
01: delay(3000)*
<<<<
org.graalvm.polyglot.PolyglotException: SyntaxError: Unnamed:1:12 Expected an operand but found eof
delay(3000)*
            ^

- org.graalvm.polyglot.Context.eval(Context.java:425)
- com.intuit.karate.graal.JsEngine.evalForValue(JsEngine.java:169)
- com.intuit.karate.graal.JsEngine.eval(JsEngine.java:165)
- com.intuit.karate.core.ScenarioEngine.evalJs(ScenarioEngine.java:1286)
- com.intuit.karate.ScenarioActions.eval(ScenarioActions.java:372)
- jdk.internal.reflect.GeneratedMethodAccessor14.invoke(Unknown Source)
- java.base/jdk.internal.reflect.DelegatingMethodAccessorImpl.invoke(DelegatingMethodAccessorImpl.java:43)

classpath:UI_Automation_Project/login/login.feature:81
<<<
12:54:23.795 [main] DEBUG org.thymeleaf.TemplateEngine -- [THYMELEAF] INITIALIZING TEMPLATE ENGINE
12:54:23.817 [main] DEBUG org.thymeleaf.TemplateEngine.CONFIG -- Initializing Thymeleaf Template engine configuration...
[THYMELEAF] TEMPLATE ENGINE CONFIGURATION:
[THYMELEAF] * Thymeleaf version: 3.1.2.RELEASE (built 2023-07-30T19:25:50+0000)
[THYMELEAF] * Cache Manager implementation: org.thymeleaf.cache.StandardCacheManager
[THYMELEAF] * Template resolvers:
[THYMELEAF]     * [1] com.intuit.karate.template.ResourceHtmlTemplateResolver
[THYMELEAF] * Message resolvers:
[THYMELEAF]     * org.thymeleaf.messageresolver.StandardMessageResolver
[THYMELEAF] * Link builders:
[THYMELEAF]     * org.thymeleaf.linkbuilder.StandardLinkBuilder
[THYMELEAF] * Dialect [1 of 2]: Standard (com.intuit.karate.template.KarateStandardDialect)
[THYMELEAF]     * Prefix: "th"
[THYMELEAF]     * Processors for Template Mode: HTML
[THYMELEAF]         * Element Tag Processors by [matching element and attribute name] [precedence]:
[THYMELEAF]             * [* {th:include,data-th-include}] [100]: org.thymeleaf.standard.processor.StandardIncludeTagProcessor
[THYMELEAF]             * [* {th:insert,data-th-insert}] [100]: org.thymeleaf.standard.processor.StandardInsertTagProcessor
[THYMELEAF]             * [* {th:replace,data-th-replace}] [100]: org.thymeleaf.standard.processor.StandardReplaceTagProcessor
[THYMELEAF]             * [* {th:each,data-th-each}] [200]: com.intuit.karate.template.KarateEachTagProcessor
[THYMELEAF]             * [* {th:switch,data-th-switch}] [250]: org.thymeleaf.standard.processor.StandardSwitchTagProcessor
[THYMELEAF]             * [* {th:case,data-th-case}] [275]: org.thymeleaf.standard.processor.StandardCaseTagProcessor
[THYMELEAF]             * [* {th:if,data-th-if}] [300]: org.thymeleaf.standard.processor.StandardIfTagProcessor
[THYMELEAF]             * [* {th:unless,data-th-unless}] [400]: org.thymeleaf.standard.processor.StandardUnlessTagProcessor
[THYMELEAF]             * [* {th:object,data-th-object}] [500]: org.thymeleaf.standard.processor.StandardObjectTagProcessor
[THYMELEAF]             * [* {th:with,data-th-with}] [600]: com.intuit.karate.template.KarateWithTagProcessor
[THYMELEAF]             * [* {th:attr,data-th-attr}] [700]: com.intuit.karate.template.KarateAttributeTagProcessor.KarateAttrTagProcessor
[THYMELEAF]             * [* {th:attrappend,data-th-attrappend}] [900]: com.intuit.karate.template.KarateAttributeTagProcessor.KarateAttrappendTagProcessor
[THYMELEAF]             * [* {th:attrprepend,data-th-attrprepend}] [900]: com.intuit.karate.template.KarateAttributeTagProcessor.KarateAttrprependTagProcessor
[THYMELEAF]             * [* {th:alt-title,data-th-alt-title}] [990]: org.thymeleaf.standard.processor.StandardAltTitleTagProcessor
[THYMELEAF]             * [* {th:lang-xmllang,data-th-lang-xmllang}] [990]: org.thymeleaf.standard.processor.StandardLangXmlLangTagProcessor
[THYMELEAF]             * [* {th:action,data-th-action}] [1000]: org.thymeleaf.standard.processor.StandardActionTagProcessor
[THYMELEAF]             * [* {th:open,data-th-open}] [1000]: org.thymeleaf.standard.processor.StandardConditionalFixedValueTagProcessor
[THYMELEAF]             * [* {th:pubdate,data-th-pubdate}] [1000]: org.thymeleaf.standard.processor.StandardConditionalFixedValueTagProcessor
[THYMELEAF]             * [* {th:required,data-th-required}] [1000]: org.thymeleaf.standard.processor.StandardConditionalFixedValueTagProcessor
[THYMELEAF]             * [* {th:hidden,data-th-hidden}] [1000]: org.thymeleaf.standard.processor.StandardConditionalFixedValueTagProcessor
[THYMELEAF]             * [* {th:selected,data-th-selected}] [1000]: org.thymeleaf.standard.processor.StandardConditionalFixedValueTagProcessor
[THYMELEAF]             * [* {th:autofocus,data-th-autofocus}] [1000]: org.thymeleaf.standard.processor.StandardConditionalFixedValueTagProcessor
[THYMELEAF]             * [* {th:multiple,data-th-multiple}] [1000]: org.thymeleaf.standard.processor.StandardConditionalFixedValueTagProcessor
[THYMELEAF]             * [* {th:async,data-th-async}] [1000]: org.thymeleaf.standard.processor.StandardConditionalFixedValueTagProcessor
[THYMELEAF]             * [* {th:ismap,data-th-ismap}] [1000]: org.thymeleaf.standard.processor.StandardConditionalFixedValueTagProcessor
[THYMELEAF]             * [* {th:default,data-th-default}] [1000]: org.thymeleaf.standard.processor.StandardConditionalFixedValueTagProcessor
[THYMELEAF]             * [* {th:formnovalidate,data-th-formnovalidate}] [1000]: org.thymeleaf.standard.processor.StandardConditionalFixedValueTagProcessor
[THYMELEAF]             * [* {th:readonly,data-th-readonly}] [1000]: org.thymeleaf.standard.processor.StandardConditionalFixedValueTagProcessor
[THYMELEAF]             * [* {th:checked,data-th-checked}] [1000]: org.thymeleaf.standard.processor.StandardConditionalFixedValueTagProcessor
[THYMELEAF]             * [* {th:controls,data-th-controls}] [1000]: org.thymeleaf.standard.processor.StandardConditionalFixedValueTagProcessor
[THYMELEAF]             * [* {th:novalidate,data-th-novalidate}] [1000]: org.thymeleaf.standard.processor.StandardConditionalFixedValueTagProcessor
[THYMELEAF]             * [* {th:loop,data-th-loop}] [1000]: org.thymeleaf.standard.processor.StandardConditionalFixedValueTagProcessor
[THYMELEAF]             * [* {th:seamless,data-th-seamless}] [1000]: org.thymeleaf.standard.processor.StandardConditionalFixedValueTagProcessor
[THYMELEAF]             * [* {th:nowrap,data-th-nowrap}] [1000]: org.thymeleaf.standard.processor.StandardConditionalFixedValueTagProcessor
[THYMELEAF]             * [* {th:defer,data-th-defer}] [1000]: org.thymeleaf.standard.processor.StandardConditionalFixedValueTagProcessor
[THYMELEAF]             * [* {th:scoped,data-th-scoped}] [1000]: org.thymeleaf.standard.processor.StandardConditionalFixedValueTagProcessor
[THYMELEAF]             * [* {th:autoplay,data-th-autoplay}] [1000]: org.thymeleaf.standard.processor.StandardConditionalFixedValueTagProcessor
[THYMELEAF]             * [* {th:declare,data-th-declare}] [1000]: org.thymeleaf.standard.processor.StandardConditionalFixedValueTagProcessor
[THYMELEAF]             * [* {th:disabled,data-th-disabled}] [1000]: org.thymeleaf.standard.processor.StandardConditionalFixedValueTagProcessor
[THYMELEAF]             * [* {th:reversed,data-th-reversed}] [1000]: org.thymeleaf.standard.processor.StandardConditionalFixedValueTagProcessor
[THYMELEAF]             * [* {th:onloadedmetadata,data-th-onloadedmetadata}] [1000]: org.thymeleaf.standard.processor.StandardDOMEventAttributeTagProcessor
[THYMELEAF]             * [* {th:onseeking,data-th-onseeking}] [1000]: org.thymeleaf.standard.processor.StandardDOMEventAttributeTagProcessor
[THYMELEAF]             * [* {th:oncanplaythrough,data-th-oncanplaythrough}] [1000]: org.thymeleaf.standard.processor.StandardDOMEventAttributeTagProcessor
[THYMELEAF]             * [* {th:ondblclick,data-th-ondblclick}] [1000]: org.thymeleaf.standard.processor.StandardDOMEventAttributeTagProcessor
[THYMELEAF]             * [* {th:onunload,data-th-onunload}] [1000]: org.thymeleaf.standard.processor.StandardDOMEventAttributeTagProcessor
[THYMELEAF]             * [* {th:onafterprint,data-th-onafterprint}] [1000]: org.thymeleaf.standard.processor.StandardDOMEventAttributeTagProcessor
[THYMELEAF]             * [* {th:ondragover,data-th-ondragover}] [1000]: org.thymeleaf.standard.processor.StandardDOMEventAttributeTagProcessor
[THYMELEAF]             * [* {th:onmouseup,data-th-onmouseup}] [1000]: org.thymeleaf.standard.processor.StandardDOMEventAttributeTagProcessor
[THYMELEAF]             * [* {th:ondragleave,data-th-ondragleave}] [1000]: org.thymeleaf.standard.processor.StandardDOMEventAttributeTagProcessor
[THYMELEAF]             * [* {th:onscroll,data-th-onscroll}] [1000]: org.thymeleaf.standard.processor.StandardDOMEventAttributeTagProcessor
[THYMELEAF]             * [* {th:onbeforeprint,data-th-onbeforeprint}] [1000]: org.thymeleaf.standard.processor.StandardDOMEventAttributeTagProcessor
[THYMELEAF]             * [* {th:onselect,data-th-onselect}] [1000]: org.thymeleaf.standard.processor.StandardDOMEventAttributeTagProcessor
[THYMELEAF]             * [* {th:oncontextmenu,data-th-oncontextmenu}] [1000]: org.thymeleaf.standard.processor.StandardDOMEventAttributeTagProcessor
[THYMELEAF]             * [* {th:onreset,data-th-onreset}] [1000]: org.thymeleaf.standard.processor.StandardDOMEventAttributeTagProcessor
[THYMELEAF]             * [* {th:onstalled,data-th-onstalled}] [1000]: org.thymeleaf.standard.processor.StandardDOMEventAttributeTagProcessor
[THYMELEAF]             * [* {th:onprogress,data-th-onprogress}] [1000]: org.thymeleaf.standard.processor.StandardDOMEventAttributeTagProcessor
[THYMELEAF]             * [* {th:onplaying,data-th-onplaying}] [1000]: org.thymeleaf.standard.processor.StandardDOMEventAttributeTagProcessor
[THYMELEAF]             * [* {th:onpause,data-th-onpause}] [1000]: org.thymeleaf.standard.processor.StandardDOMEventAttributeTagProcessor
[THYMELEAF]             * [* {th:onabort,data-th-onabort}] [1000]: org.thymeleaf.standard.processor.StandardDOMEventAttributeTagProcessor
[THYMELEAF]             * [* {th:onmessage,data-th-onmessage}] [1000]: org.thymeleaf.standard.processor.StandardDOMEventAttributeTagProcessor
[THYMELEAF]             * [* {th:onerror,data-th-onerror}] [1000]: org.thymeleaf.standard.processor.StandardDOMEventAttributeTagProcessor
[THYMELEAF]             * [* {th:ondragstart,data-th-ondragstart}] [1000]: org.thymeleaf.standard.processor.StandardDOMEventAttributeTagProcessor
[THYMELEAF]             * [* {th:ondragenter,data-th-ondragenter}] [1000]: org.thymeleaf.standard.processor.StandardDOMEventAttributeTagProcessor
[THYMELEAF]             * [* {th:onclick,data-th-onclick}] [1000]: org.thymeleaf.standard.processor.StandardDOMEventAttributeTagProcessor
[THYMELEAF]             * [* {th:onkeyup,data-th-onkeyup}] [1000]: org.thymeleaf.standard.processor.StandardDOMEventAttributeTagProcessor
[THYMELEAF]             * [* {th:onloadeddata,data-th-onloadeddata}] [1000]: org.thymeleaf.standard.processor.StandardDOMEventAttributeTagProcessor
[THYMELEAF]             * [* {th:onforminput,data-th-onforminput}] [1000]: org.thymeleaf.standard.processor.StandardDOMEventAttributeTagProcessor
[THYMELEAF]             * [* {th:ondragend,data-th-ondragend}] [1000]: org.thymeleaf.standard.processor.StandardDOMEventAttributeTagProcessor
[THYMELEAF]             * [* {th:oncanplay,data-th-oncanplay}] [1000]: org.thymeleaf.standard.processor.StandardDOMEventAttributeTagProcessor
[THYMELEAF]             * [* {th:oninvalid,data-th-oninvalid}] [1000]: org.thymeleaf.standard.processor.StandardDOMEventAttributeTagProcessor
[THYMELEAF]             * [* {th:onmouseout,data-th-onmouseout}] [1000]: org.thymeleaf.standard.processor.StandardDOMEventAttributeTagProcessor
[THYMELEAF]             * [* {th:onblur,data-th-onblur}] [1000]: org.thymeleaf.standard.processor.StandardDOMEventAttributeTagProcessor
[THYMELEAF]             * [* {th:onpopstate,data-th-onpopstate}] [1000]: org.thymeleaf.standard.processor.StandardDOMEventAttributeTagProcessor
[THYMELEAF]             * [* {th:onredo,data-th-onredo}] [1000]: org.thymeleaf.standard.processor.StandardDOMEventAttributeTagProcessor
[THYMELEAF]             * [* {th:onsubmit,data-th-onsubmit}] [1000]: org.thymeleaf.standard.processor.StandardDOMEventAttributeTagProcessor
[THYMELEAF]             * [* {th:onbeforeunload,data-th-onbeforeunload}] [1000]: org.thymeleaf.standard.processor.StandardDOMEventAttributeTagProcessor
[THYMELEAF]             * [* {th:onload,data-th-onload}] [1000]: org.thymeleaf.standard.processor.StandardDOMEventAttributeTagProcessor
[THYMELEAF]             * [* {th:onfocus,data-th-onfocus}] [1000]: org.thymeleaf.standard.processor.StandardDOMEventAttributeTagProcessor
[THYMELEAF]             * [* {th:onstorage,data-th-onstorage}] [1000]: org.thymeleaf.standard.processor.StandardDOMEventAttributeTagProcessor
[THYMELEAF]             * [* {th:ondrag,data-th-ondrag}] [1000]: org.thymeleaf.standard.processor.StandardDOMEventAttributeTagProcessor
[THYMELEAF]             * [* {th:onoffline,data-th-onoffline}] [1000]: org.thymeleaf.standard.processor.StandardDOMEventAttributeTagProcessor
[THYMELEAF]             * [* {th:ononline,data-th-ononline}] [1000]: org.thymeleaf.standard.processor.StandardDOMEventAttributeTagProcessor
[THYMELEAF]             * [* {th:onshow,data-th-onshow}] [1000]: org.thymeleaf.standard.processor.StandardDOMEventAttributeTagProcessor
[THYMELEAF]             * [* {th:onsuspend,data-th-onsuspend}] [1000]: org.thymeleaf.standard.processor.StandardDOMEventAttributeTagProcessor
[THYMELEAF]             * [* {th:oninput,data-th-oninput}] [1000]: org.thymeleaf.standard.processor.StandardDOMEventAttributeTagProcessor
[THYMELEAF]             * [* {th:onchange,data-th-onchange}] [1000]: org.thymeleaf.standard.processor.StandardDOMEventAttributeTagProcessor
[THYMELEAF]             * [* {th:ondurationchange,data-th-ondurationchange}] [1000]: org.thymeleaf.standard.processor.StandardDOMEventAttributeTagProcessor
[THYMELEAF]             * [* {th:onloadstart,data-th-onloadstart}] [1000]: org.thymeleaf.standard.processor.StandardDOMEventAttributeTagProcessor
[THYMELEAF]             * [* {th:onkeypress,data-th-onkeypress}] [1000]: org.thymeleaf.standard.processor.StandardDOMEventAttributeTagProcessor
[THYMELEAF]             * [* {th:onvolumechange,data-th-onvolumechange}] [1000]: org.thymeleaf.standard.processor.StandardDOMEventAttributeTagProcessor
[THYMELEAF]             * [* {th:onresize,data-th-onresize}] [1000]: org.thymeleaf.standard.processor.StandardDOMEventAttributeTagProcessor
[THYMELEAF]             * [* {th:ontimeupdate,data-th-ontimeupdate}] [1000]: org.thymeleaf.standard.processor.StandardDOMEventAttributeTagProcessor
[THYMELEAF]             * [* {th:onended,data-th-onended}] [1000]: org.thymeleaf.standard.processor.StandardDOMEventAttributeTagProcessor
[THYMELEAF]             * [* {th:onhashchange,data-th-onhashchange}] [1000]: org.thymeleaf.standard.processor.StandardDOMEventAttributeTagProcessor
[THYMELEAF]             * [* {th:onemptied,data-th-onemptied}] [1000]: org.thymeleaf.standard.processor.StandardDOMEventAttributeTagProcessor
[THYMELEAF]             * [* {th:ondrop,data-th-ondrop}] [1000]: org.thymeleaf.standard.processor.StandardDOMEventAttributeTagProcessor
[THYMELEAF]             * [* {th:onseeked,data-th-onseeked}] [1000]: org.thymeleaf.standard.processor.StandardDOMEventAttributeTagProcessor
[THYMELEAF]             * [* {th:onmouseover,data-th-onmouseover}] [1000]: org.thymeleaf.standard.processor.StandardDOMEventAttributeTagProcessor
[THYMELEAF]             * [* {th:onformchange,data-th-onformchange}] [1000]: org.thymeleaf.standard.processor.StandardDOMEventAttributeTagProcessor
[THYMELEAF]             * [* {th:onplay,data-th-onplay}] [1000]: org.thymeleaf.standard.processor.StandardDOMEventAttributeTagProcessor
[THYMELEAF]             * [* {th:onreadystatechange,data-th-onreadystatechange}] [1000]: org.thymeleaf.standard.processor.StandardDOMEventAttributeTagProcessor
[THYMELEAF]             * [* {th:onwaiting,data-th-onwaiting}] [1000]: org.thymeleaf.standard.processor.StandardDOMEventAttributeTagProcessor
[THYMELEAF]             * [* {th:onmousewheel,data-th-onmousewheel}] [1000]: org.thymeleaf.standard.processor.StandardDOMEventAttributeTagProcessor
[THYMELEAF]             * [* {th:onundo,data-th-onundo}] [1000]: org.thymeleaf.standard.processor.StandardDOMEventAttributeTagProcessor
[THYMELEAF]             * [* {th:onratechange,data-th-onratechange}] [1000]: org.thymeleaf.standard.processor.StandardDOMEventAttributeTagProcessor
[THYMELEAF]             * [* {th:onmousedown,data-th-onmousedown}] [1000]: org.thymeleaf.standard.processor.StandardDOMEventAttributeTagProcessor
[THYMELEAF]             * [* {th:onmousemove,data-th-onmousemove}] [1000]: org.thymeleaf.standard.processor.StandardDOMEventAttributeTagProcessor
[THYMELEAF]             * [* {th:onkeydown,data-th-onkeydown}] [1000]: org.thymeleaf.standard.processor.StandardDOMEventAttributeTagProcessor
[THYMELEAF]             * [* {th:href,data-th-href}] [1000]: org.thymeleaf.standard.processor.StandardHrefTagProcessor
[THYMELEAF]             * [* {th:inline,data-th-inline}] [1000]: org.thymeleaf.standard.processor.StandardInlineHTMLTagProcessor
[THYMELEAF]             * [* {th:method,data-th-method}] [1000]: org.thymeleaf.standard.processor.StandardMethodTagProcessor
[THYMELEAF]             * [* {th:name,data-th-name}] [1000]: org.thymeleaf.standard.processor.StandardNonRemovableAttributeTagProcessor
[THYMELEAF]             * [* {th:type,data-th-type}] [1000]: org.thymeleaf.standard.processor.StandardNonRemovableAttributeTagProcessor
[THYMELEAF]             * [* {th:cellpadding,data-th-cellpadding}] [1000]: org.thymeleaf.standard.processor.StandardRemovableAttributeTagProcessor
[THYMELEAF]             * [* {th:height,data-th-height}] [1000]: org.thymeleaf.standard.processor.StandardRemovableAttributeTagProcessor
[THYMELEAF]             * [* {th:rules,data-th-rules}] [1000]: org.thymeleaf.standard.processor.StandardRemovableAttributeTagProcessor
[THYMELEAF]             * [* {th:autocomplete,data-th-autocomplete}] [1000]: org.thymeleaf.standard.processor.StandardRemovableAttributeTagProcessor
[THYMELEAF]             * [* {th:standby,data-th-standby}] [1000]: org.thymeleaf.standard.processor.StandardRemovableAttributeTagProcessor
[THYMELEAF]             * [* {th:formtarget,data-th-formtarget}] [1000]: org.thymeleaf.standard.processor.StandardRemovableAttributeTagProcessor
[THYMELEAF]             * [* {th:hspace,data-th-hspace}] [1000]: org.thymeleaf.standard.processor.StandardRemovableAttributeTagProcessor
[THYMELEAF]             * [* {th:icon,data-th-icon}] [1000]: org.thymeleaf.standard.processor.StandardRemovableAttributeTagProcessor
[THYMELEAF]             * [* {th:contenteditable,data-th-contenteditable}] [1000]: org.thymeleaf.standard.processor.StandardRemovableAttributeTagProcessor
[THYMELEAF]             * [* {th:placeholder,data-th-placeholder}] [1000]: org.thymeleaf.standard.processor.StandardRemovableAttributeTagProcessor
[THYMELEAF]             * [* {th:datetime,data-th-datetime}] [1000]: org.thymeleaf.standard.processor.StandardRemovableAttributeTagProcessor
[THYMELEAF]             * [* {th:summary,data-th-summary}] [1000]: org.thymeleaf.standard.processor.StandardRemovableAttributeTagProcessor
[THYMELEAF]             * [* {th:headers,data-th-headers}] [1000]: org.thymeleaf.standard.processor.StandardRemovableAttributeTagProcessor
[THYMELEAF]             * [* {th:classid,data-th-classid}] [1000]: org.thymeleaf.standard.processor.StandardRemovableAttributeTagProcessor
[THYMELEAF]             * [* {th:data,data-th-data}] [1000]: org.thymeleaf.standard.processor.StandardRemovableAttributeTagProcessor
[THYMELEAF]             * [* {th:form,data-th-form}] [1000]: org.thymeleaf.standard.processor.StandardRemovableAttributeTagProcessor
[THYMELEAF]             * [* {th:background,data-th-background}] [1000]: org.thymeleaf.standard.processor.StandardRemovableAttributeTagProcessor
[THYMELEAF]             * [* {th:hreflang,data-th-hreflang}] [1000]: org.thymeleaf.standard.processor.StandardRemovableAttributeTagProcessor
[THYMELEAF]             * [* {th:rev,data-th-rev}] [1000]: org.thymeleaf.standard.processor.StandardRemovableAttributeTagProcessor
[THYMELEAF]             * [* {th:bgcolor,data-th-bgcolor}] [1000]: org.thymeleaf.standard.processor.StandardRemovableAttributeTagProcessor
[THYMELEAF]             * [* {th:min,data-th-min}] [1000]: org.thymeleaf.standard.processor.StandardRemovableAttributeTagProcessor
[THYMELEAF]             * [* {th:formaction,data-th-formaction}] [1000]: org.thymeleaf.standard.processor.StandardRemovableAttributeTagProcessor
[THYMELEAF]             * [* {th:valuetype,data-th-valuetype}] [1000]: org.thymeleaf.standard.processor.StandardRemovableAttributeTagProcessor
[THYMELEAF]             * [* {th:alt,data-th-alt}] [1000]: org.thymeleaf.standard.processor.StandardRemovableAttributeTagProcessor
[THYMELEAF]             * [* {th:abbr,data-th-abbr}] [1000]: org.thymeleaf.standard.processor.StandardRemovableAttributeTagProcessor
[THYMELEAF]             * [* {th:sizes,data-th-sizes}] [1000]: org.thymeleaf.standard.processor.StandardRemovableAttributeTagProcessor
[THYMELEAF]             * [* {th:span,data-th-span}] [1000]: org.thymeleaf.standard.processor.StandardRemovableAttributeTagProcessor
[THYMELEAF]             * [* {th:rowspan,data-th-rowspan}] [1000]: org.thymeleaf.standard.processor.StandardRemovableAttributeTagProcessor
[THYMELEAF]             * [* {th:frameborder,data-th-frameborder}] [1000]: org.thymeleaf.standard.processor.StandardRemovableAttributeTagProcessor
[THYMELEAF]             * [* {th:id,data-th-id}] [1000]: org.thymeleaf.standard.processor.StandardRemovableAttributeTagProcessor
[THYMELEAF]             * [* {th:step,data-th-step}] [1000]: org.thymeleaf.standard.processor.StandardRemovableAttributeTagProcessor
[THYMELEAF]             * [* {th:scope,data-th-scope}] [1000]: org.thymeleaf.standard.processor.StandardRemovableAttributeTagProcessor
[THYMELEAF]             * [* {th:media,data-th-media}] [1000]: org.thymeleaf.standard.processor.StandardRemovableAttributeTagProcessor
[THYMELEAF]             * [* {th:list,data-th-list}] [1000]: org.thymeleaf.standard.processor.StandardRemovableAttributeTagProcessor
[THYMELEAF]             * [* {th:max,data-th-max}] [1000]: org.thymeleaf.standard.processor.StandardRemovableAttributeTagProcessor
[THYMELEAF]             * [* {th:http-equiv,data-th-http-equiv}] [1000]: org.thymeleaf.standard.processor.StandardRemovableAttributeTagProcessor
[THYMELEAF]             * [* {th:rows,data-th-rows}] [1000]: org.thymeleaf.standard.processor.StandardRemovableAttributeTagProcessor
[THYMELEAF]             * [* {th:marginheight,data-th-marginheight}] [1000]: org.thymeleaf.standard.processor.StandardRemovableAttributeTagProcessor
[THYMELEAF]             * [* {th:wrap,data-th-wrap}] [1000]: org.thymeleaf.standard.processor.StandardRemovableAttributeTagProcessor
[THYMELEAF]             * [* {th:frame,data-th-frame}] [1000]: org.thymeleaf.standard.processor.StandardRemovableAttributeTagProcessor
[THYMELEAF]             * [* {th:spellcheck,data-th-spellcheck}] [1000]: org.thymeleaf.standard.processor.StandardRemovableAttributeTagProcessor
[THYMELEAF]             * [* {th:border,data-th-border}] [1000]: org.thymeleaf.standard.processor.StandardRemovableAttributeTagProcessor
[THYMELEAF]             * [* {th:cellspacing,data-th-cellspacing}] [1000]: org.thymeleaf.standard.processor.StandardRemovableAttributeTagProcessor
[THYMELEAF]             * [* {th:pattern,data-th-pattern}] [1000]: org.thymeleaf.standard.processor.StandardRemovableAttributeTagProcessor
[THYMELEAF]             * [* {th:poster,data-th-poster}] [1000]: org.thymeleaf.standard.processor.StandardRemovableAttributeTagProcessor
[THYMELEAF]             * [* {th:audio,data-th-audio}] [1000]: org.thymeleaf.standard.processor.StandardRemovableAttributeTagProcessor
[THYMELEAF]             * [* {th:marginwidth,data-th-marginwidth}] [1000]: org.thymeleaf.standard.processor.StandardRemovableAttributeTagProcessor
[THYMELEAF]             * [* {th:align,data-th-align}] [1000]: org.thymeleaf.standard.processor.StandardRemovableAttributeTagProcessor
[THYMELEAF]             * [* {th:start,data-th-start}] [1000]: org.thymeleaf.standard.processor.StandardRemovableAttributeTagProcessor
[THYMELEAF]             * [* {th:accept,data-th-accept}] [1000]: org.thymeleaf.standard.processor.StandardRemovableAttributeTagProcessor
[THYMELEAF]             * [* {th:dropzone,data-th-dropzone}] [1000]: org.thymeleaf.standard.processor.StandardRemovableAttributeTagProcessor
[THYMELEAF]             * [* {th:cite,data-th-cite}] [1000]: org.thymeleaf.standard.processor.StandardRemovableAttributeTagProcessor
[THYMELEAF]             * [* {th:scrolling,data-th-scrolling}] [1000]: org.thymeleaf.standard.processor.StandardRemovableAttributeTagProcessor
[THYMELEAF]             * [* {th:longdesc,data-th-longdesc}] [1000]: org.thymeleaf.standard.processor.StandardRemovableAttributeTagProcessor
[THYMELEAF]             * [* {th:contextmenu,data-th-contextmenu}] [1000]: org.thymeleaf.standard.processor.StandardRemovableAttributeTagProcessor
[THYMELEAF]             * [* {th:challenge,data-th-challenge}] [1000]: org.thymeleaf.standard.processor.StandardRemovableAttributeTagProcessor
[THYMELEAF]             * [* {th:draggable,data-th-draggable}] [1000]: org.thymeleaf.standard.processor.StandardRemovableAttributeTagProcessor
[THYMELEAF]             * [* {th:codetype,data-th-codetype}] [1000]: org.thymeleaf.standard.processor.StandardRemovableAttributeTagProcessor
[THYMELEAF]             * [* {th:title,data-th-title}] [1000]: org.thymeleaf.standard.processor.StandardRemovableAttributeTagProcessor
[THYMELEAF]             * [* {th:width,data-th-width}] [1000]: org.thymeleaf.standard.processor.StandardRemovableAttributeTagProcessor
[THYMELEAF]             * [* {th:accept-charset,data-th-accept-charset}] [1000]: org.thymeleaf.standard.processor.StandardRemovableAttributeTagProcessor
[THYMELEAF]             * [* {th:vspace,data-th-vspace}] [1000]: org.thymeleaf.standard.processor.StandardRemovableAttributeTagProcessor
[THYMELEAF]             * [* {th:target,data-th-target}] [1000]: org.thymeleaf.standard.processor.StandardRemovableAttributeTagProcessor
[THYMELEAF]             * [* {th:for,data-th-for}] [1000]: org.thymeleaf.standard.processor.StandardRemovableAttributeTagProcessor
[THYMELEAF]             * [* {th:srclang,data-th-srclang}] [1000]: org.thymeleaf.standard.processor.StandardRemovableAttributeTagProcessor
[THYMELEAF]             * [* {th:tabindex,data-th-tabindex}] [1000]: org.thymeleaf.standard.processor.StandardRemovableAttributeTagProcessor
[THYMELEAF]             * [* {th:high,data-th-high}] [1000]: org.thymeleaf.standard.processor.StandardRemovableAttributeTagProcessor
[THYMELEAF]             * [* {th:maxlength,data-th-maxlength}] [1000]: org.thymeleaf.standard.processor.StandardRemovableAttributeTagProcessor
[THYMELEAF]             * [* {th:charset,data-th-charset}] [1000]: org.thymeleaf.standard.processor.StandardRemovableAttributeTagProcessor
[THYMELEAF]             * [* {th:accesskey,data-th-accesskey}] [1000]: org.thymeleaf.standard.processor.StandardRemovableAttributeTagProcessor
[THYMELEAF]             * [* {th:rel,data-th-rel}] [1000]: org.thymeleaf.standard.processor.StandardRemovableAttributeTagProcessor
[THYMELEAF]             * [* {th:compact,data-th-compact}] [1000]: org.thymeleaf.standard.processor.StandardRemovableAttributeTagProcessor
[THYMELEAF]             * [* {th:lang,data-th-lang}] [1000]: org.thymeleaf.standard.processor.StandardRemovableAttributeTagProcessor
[THYMELEAF]             * [* {th:formmethod,data-th-formmethod}] [1000]: org.thymeleaf.standard.processor.StandardRemovableAttributeTagProcessor
[THYMELEAF]             * [* {th:class,data-th-class}] [1000]: org.thymeleaf.standard.processor.StandardRemovableAttributeTagProcessor
[THYMELEAF]             * [* {th:scheme,data-th-scheme}] [1000]: org.thymeleaf.standard.processor.StandardRemovableAttributeTagProcessor
[THYMELEAF]             * [* {th:style,data-th-style}] [1000]: org.thymeleaf.standard.processor.StandardRemovableAttributeTagProcessor
[THYMELEAF]             * [* {th:keytype,data-th-keytype}] [1000]: org.thymeleaf.standard.processor.StandardRemovableAttributeTagProcessor
[THYMELEAF]             * [* {th:dir,data-th-dir}] [1000]: org.thymeleaf.standard.processor.StandardRemovableAttributeTagProcessor
[THYMELEAF]             * [* {th:enctype,data-th-enctype}] [1000]: org.thymeleaf.standard.processor.StandardRemovableAttributeTagProcessor
[THYMELEAF]             * [* {th:archive,data-th-archive}] [1000]: org.thymeleaf.standard.processor.StandardRemovableAttributeTagProcessor
[THYMELEAF]             * [* {th:size,data-th-size}] [1000]: org.thymeleaf.standard.processor.StandardRemovableAttributeTagProcessor
[THYMELEAF]             * [* {th:axis,data-th-axis}] [1000]: org.thymeleaf.standard.processor.StandardRemovableAttributeTagProcessor
[THYMELEAF]             * [* {th:content,data-th-content}] [1000]: org.thymeleaf.standard.processor.StandardRemovableAttributeTagProcessor
[THYMELEAF]             * [* {th:kind,data-th-kind}] [1000]: org.thymeleaf.standard.processor.StandardRemovableAttributeTagProcessor
[THYMELEAF]             * [* {th:optimum,data-th-optimum}] [1000]: org.thymeleaf.standard.processor.StandardRemovableAttributeTagProcessor
[THYMELEAF]             * [* {th:manifest,data-th-manifest}] [1000]: org.thymeleaf.standard.processor.StandardRemovableAttributeTagProcessor
[THYMELEAF]             * [* {th:preload,data-th-preload}] [1000]: org.thymeleaf.standard.processor.StandardRemovableAttributeTagProcessor
[THYMELEAF]             * [* {th:radiogroup,data-th-radiogroup}] [1000]: org.thymeleaf.standard.processor.StandardRemovableAttributeTagProcessor
[THYMELEAF]             * [* {th:low,data-th-low}] [1000]: org.thymeleaf.standard.processor.StandardRemovableAttributeTagProcessor
[THYMELEAF]             * [* {th:sandbox,data-th-sandbox}] [1000]: org.thymeleaf.standard.processor.StandardRemovableAttributeTagProcessor
[THYMELEAF]             * [* {th:label,data-th-label}] [1000]: org.thymeleaf.standard.processor.StandardRemovableAttributeTagProcessor
[THYMELEAF]             * [* {th:cols,data-th-cols}] [1000]: org.thymeleaf.standard.processor.StandardRemovableAttributeTagProcessor
[THYMELEAF]             * [* {th:colspan,data-th-colspan}] [1000]: org.thymeleaf.standard.processor.StandardRemovableAttributeTagProcessor
[THYMELEAF]             * [* {th:codebase,data-th-codebase}] [1000]: org.thymeleaf.standard.processor.StandardRemovableAttributeTagProcessor
[THYMELEAF]             * [* {th:usemap,data-th-usemap}] [1000]: org.thymeleaf.standard.processor.StandardRemovableAttributeTagProcessor
[THYMELEAF]             * [* {th:formenctype,data-th-formenctype}] [1000]: org.thymeleaf.standard.processor.StandardRemovableAttributeTagProcessor
[THYMELEAF]             * [* {th:src,data-th-src}] [1000]: org.thymeleaf.standard.processor.StandardSrcTagProcessor
[THYMELEAF]             * [* {th:value,data-th-value}] [1000]: org.thymeleaf.standard.processor.StandardValueTagProcessor
[THYMELEAF]             * [* {th:xmlbase,data-th-xmlbase}] [1000]: org.thymeleaf.standard.processor.StandardXmlBaseTagProcessor
[THYMELEAF]             * [* {th:xmllang,data-th-xmllang}] [1000]: org.thymeleaf.standard.processor.StandardXmlLangTagProcessor
[THYMELEAF]             * [* {xmlns:th}] [1000]: org.thymeleaf.standard.processor.StandardXmlNsTagProcessor
[THYMELEAF]             * [* {th:xmlspace,data-th-xmlspace}] [1000]: org.thymeleaf.standard.processor.StandardXmlSpaceTagProcessor
[THYMELEAF]             * [* {th:classappend,data-th-classappend}] [1100]: org.thymeleaf.standard.processor.StandardClassappendTagProcessor
[THYMELEAF]             * [* {th:styleappend,data-th-styleappend}] [1100]: org.thymeleaf.standard.processor.StandardStyleappendTagProcessor
[THYMELEAF]             * [* {th:text,data-th-text}] [1300]: org.thymeleaf.standard.processor.StandardTextTagProcessor
[THYMELEAF]             * [* {th:utext,data-th-utext}] [1400]: org.thymeleaf.standard.processor.StandardUtextTagProcessor
[THYMELEAF]             * [* {th:fragment,data-th-fragment}] [1500]: org.thymeleaf.standard.processor.StandardFragmentTagProcessor
[THYMELEAF]             * [* {th:assert,data-th-assert}] [1550]: org.thymeleaf.standard.processor.StandardAssertTagProcessor
[THYMELEAF]             * [* {th:remove,data-th-remove}] [1600]: org.thymeleaf.standard.processor.StandardRemoveTagProcessor
[THYMELEAF]             * [* {th:ref,data-th-ref}] [10000]: org.thymeleaf.standard.processor.StandardRefAttributeTagProcessor
[THYMELEAF]             * [{th:block,th-block} *] [100000]: org.thymeleaf.standard.processor.StandardBlockTagProcessor
[THYMELEAF]             * [* th:*] [2147483647]: org.thymeleaf.standard.processor.StandardDefaultAttributesTagProcessor
[THYMELEAF]         * Text Processors by [precedence]:
[THYMELEAF]             * [1000]: org.thymeleaf.standard.processor.StandardInliningTextProcessor
[THYMELEAF]         * DOCTYPE Processors by [precedence]:
[THYMELEAF]             * [1000]: org.thymeleaf.standard.processor.StandardTranslationDocTypeProcessor
[THYMELEAF]         * CDATA Section Processors by [precedence]:
[THYMELEAF]             * [1000]: org.thymeleaf.standard.processor.StandardInliningCDATASectionProcessor
[THYMELEAF]         * Comment Processors by [precedence]:
[THYMELEAF]             * [1000]: org.thymeleaf.standard.processor.StandardInliningCommentProcessor
[THYMELEAF]             * [1100]: org.thymeleaf.standard.processor.StandardConditionalCommentProcessor
[THYMELEAF]     * Processors for Template Mode: XML
[THYMELEAF]         * Element Tag Processors by [matching element and attribute name] [precedence]:
[THYMELEAF]             * [* {th:include}] [100]: org.thymeleaf.standard.processor.StandardIncludeTagProcessor
[THYMELEAF]             * [* {th:insert}] [100]: org.thymeleaf.standard.processor.StandardInsertTagProcessor
[THYMELEAF]             * [* {th:replace}] [100]: org.thymeleaf.standard.processor.StandardReplaceTagProcessor
[THYMELEAF]             * [* {th:each}] [200]: com.intuit.karate.template.KarateEachTagProcessor
[THYMELEAF]             * [* {th:switch}] [250]: org.thymeleaf.standard.processor.StandardSwitchTagProcessor
[THYMELEAF]             * [* {th:case}] [275]: org.thymeleaf.standard.processor.StandardCaseTagProcessor
[THYMELEAF]             * [* {th:if}] [300]: org.thymeleaf.standard.processor.StandardIfTagProcessor
[THYMELEAF]             * [* {th:unless}] [400]: org.thymeleaf.standard.processor.StandardUnlessTagProcessor
[THYMELEAF]             * [* {th:object}] [500]: org.thymeleaf.standard.processor.StandardObjectTagProcessor
[THYMELEAF]             * [* {th:with}] [600]: com.intuit.karate.template.KarateWithTagProcessor
[THYMELEAF]             * [* {th:attr}] [700]: com.intuit.karate.template.KarateAttributeTagProcessor.KarateAttrTagProcessor
[THYMELEAF]             * [* {th:attrappend}] [900]: com.intuit.karate.template.KarateAttributeTagProcessor.KarateAttrappendTagProcessor
[THYMELEAF]             * [* {th:attrprepend}] [900]: com.intuit.karate.template.KarateAttributeTagProcessor.KarateAttrprependTagProcessor
[THYMELEAF]             * [* {th:inline}] [1000]: org.thymeleaf.standard.processor.StandardInlineXMLTagProcessor
[THYMELEAF]             * [* {xmlns:th}] [1000]: org.thymeleaf.standard.processor.StandardXmlNsTagProcessor
[THYMELEAF]             * [* {th:text}] [1300]: org.thymeleaf.standard.processor.StandardTextTagProcessor
[THYMELEAF]             * [* {th:utext}] [1400]: org.thymeleaf.standard.processor.StandardUtextTagProcessor
[THYMELEAF]             * [* {th:fragment}] [1500]: org.thymeleaf.standard.processor.StandardFragmentTagProcessor
[THYMELEAF]             * [* {th:assert}] [1550]: org.thymeleaf.standard.processor.StandardAssertTagProcessor
[THYMELEAF]             * [* {th:remove}] [1600]: org.thymeleaf.standard.processor.StandardRemoveTagProcessor
[THYMELEAF]             * [* {th:ref}] [10000]: org.thymeleaf.standard.processor.StandardRefAttributeTagProcessor
[THYMELEAF]             * [{th:block} *] [100000]: org.thymeleaf.standard.processor.StandardBlockTagProcessor
[THYMELEAF]             * [* th:*] [2147483647]: org.thymeleaf.standard.processor.StandardDefaultAttributesTagProcessor
[THYMELEAF]         * Text Processors by [precedence]:
[THYMELEAF]             * [1000]: org.thymeleaf.standard.processor.StandardInliningTextProcessor
[THYMELEAF]         * CDATA Section Processors by [precedence]:
[THYMELEAF]             * [1000]: org.thymeleaf.standard.processor.StandardInliningCDATASectionProcessor
[THYMELEAF]         * Comment Processors by [precedence]:
[THYMELEAF]             * [1000]: org.thymeleaf.standard.processor.StandardInliningCommentProcessor
[THYMELEAF]     * Processors for Template Mode: TEXT
[THYMELEAF]         * Element Tag Processors by [matching element and attribute name] [precedence]:
[THYMELEAF]             * [* {th:insert}] [100]: org.thymeleaf.standard.processor.StandardInsertTagProcessor
[THYMELEAF]             * [* {th:replace}] [100]: org.thymeleaf.standard.processor.StandardReplaceTagProcessor
[THYMELEAF]             * [* {th:each}] [200]: com.intuit.karate.template.KarateEachTagProcessor
[THYMELEAF]             * [* {th:switch}] [250]: org.thymeleaf.standard.processor.StandardSwitchTagProcessor
[THYMELEAF]             * [* {th:case}] [275]: org.thymeleaf.standard.processor.StandardCaseTagProcessor
[THYMELEAF]             * [* {th:if}] [300]: org.thymeleaf.standard.processor.StandardIfTagProcessor
[THYMELEAF]             * [* {th:unless}] [400]: org.thymeleaf.standard.processor.StandardUnlessTagProcessor
[THYMELEAF]             * [* {th:object}] [500]: org.thymeleaf.standard.processor.StandardObjectTagProcessor
[THYMELEAF]             * [* {th:with}] [600]: com.intuit.karate.template.KarateWithTagProcessor
[THYMELEAF]             * [* {th:inline}] [1000]: org.thymeleaf.standard.processor.StandardInlineTextualTagProcessor
[THYMELEAF]             * [* {th:text}] [1300]: org.thymeleaf.standard.processor.StandardTextTagProcessor
[THYMELEAF]             * [* {th:utext}] [1400]: org.thymeleaf.standard.processor.StandardUtextTagProcessor
[THYMELEAF]             * [* {th:assert}] [1550]: org.thymeleaf.standard.processor.StandardAssertTagProcessor
[THYMELEAF]             * [* {th:remove}] [1600]: org.thymeleaf.standard.processor.StandardRemoveTagProcessor
[THYMELEAF]             * [{th:block} *] [100000]: org.thymeleaf.standard.processor.StandardBlockTagProcessor
[THYMELEAF]             * [* 100000] [org.thymeleaf.standard.processor.StandardBlockTagProcessor]: {}
[THYMELEAF]         * Text Processors by [precedence]:
[THYMELEAF]             * [1000]: org.thymeleaf.standard.processor.StandardInliningTextProcessor
[THYMELEAF]     * Processors for Template Mode: JAVASCRIPT
[THYMELEAF]         * Element Tag Processors by [matching element and attribute name] [precedence]:
[THYMELEAF]             * [* {th:insert}] [100]: org.thymeleaf.standard.processor.StandardInsertTagProcessor
[THYMELEAF]             * [* {th:replace}] [100]: org.thymeleaf.standard.processor.StandardReplaceTagProcessor
[THYMELEAF]             * [* {th:each}] [200]: com.intuit.karate.template.KarateEachTagProcessor
[THYMELEAF]             * [* {th:switch}] [250]: org.thymeleaf.standard.processor.StandardSwitchTagProcessor
[THYMELEAF]             * [* {th:case}] [275]: org.thymeleaf.standard.processor.StandardCaseTagProcessor
[THYMELEAF]             * [* {th:if}] [300]: org.thymeleaf.standard.processor.StandardIfTagProcessor
[THYMELEAF]             * [* {th:unless}] [400]: org.thymeleaf.standard.processor.StandardUnlessTagProcessor
[THYMELEAF]             * [* {th:object}] [500]: org.thymeleaf.standard.processor.StandardObjectTagProcessor
[THYMELEAF]             * [* {th:with}] [600]: com.intuit.karate.template.KarateWithTagProcessor
[THYMELEAF]             * [* {th:inline}] [1000]: org.thymeleaf.standard.processor.StandardInlineTextualTagProcessor
[THYMELEAF]             * [* {th:text}] [1300]: org.thymeleaf.standard.processor.StandardTextTagProcessor
[THYMELEAF]             * [* {th:utext}] [1400]: org.thymeleaf.standard.processor.StandardUtextTagProcessor
[THYMELEAF]             * [* {th:assert}] [1550]: org.thymeleaf.standard.processor.StandardAssertTagProcessor
[THYMELEAF]             * [* {th:remove}] [1600]: org.thymeleaf.standard.processor.StandardRemoveTagProcessor
[THYMELEAF]             * [{th:block} *] [100000]: org.thymeleaf.standard.processor.StandardBlockTagProcessor
[THYMELEAF]             * [* 100000] [org.thymeleaf.standard.processor.StandardBlockTagProcessor]: {}
[THYMELEAF]         * Text Processors by [precedence]:
[THYMELEAF]             * [1000]: org.thymeleaf.standard.processor.StandardInliningTextProcessor
[THYMELEAF]     * Processors for Template Mode: CSS
[THYMELEAF]         * Element Tag Processors by [matching element and attribute name] [precedence]:
[THYMELEAF]             * [* {th:insert}] [100]: org.thymeleaf.standard.processor.StandardInsertTagProcessor
[THYMELEAF]             * [* {th:replace}] [100]: org.thymeleaf.standard.processor.StandardReplaceTagProcessor
[THYMELEAF]             * [* {th:each}] [200]: com.intuit.karate.template.KarateEachTagProcessor
[THYMELEAF]             * [* {th:switch}] [250]: org.thymeleaf.standard.processor.StandardSwitchTagProcessor
[THYMELEAF]             * [* {th:case}] [275]: org.thymeleaf.standard.processor.StandardCaseTagProcessor
[THYMELEAF]             * [* {th:if}] [300]: org.thymeleaf.standard.processor.StandardIfTagProcessor
[THYMELEAF]             * [* {th:unless}] [400]: org.thymeleaf.standard.processor.StandardUnlessTagProcessor
[THYMELEAF]             * [* {th:object}] [500]: org.thymeleaf.standard.processor.StandardObjectTagProcessor
[THYMELEAF]             * [* {th:with}] [600]: com.intuit.karate.template.KarateWithTagProcessor
[THYMELEAF]             * [* {th:inline}] [1000]: org.thymeleaf.standard.processor.StandardInlineTextualTagProcessor
[THYMELEAF]             * [* {th:text}] [1300]: org.thymeleaf.standard.processor.StandardTextTagProcessor
[THYMELEAF]             * [* {th:utext}] [1400]: org.thymeleaf.standard.processor.StandardUtextTagProcessor
[THYMELEAF]             * [* {th:assert}] [1550]: org.thymeleaf.standard.processor.StandardAssertTagProcessor
[THYMELEAF]             * [* {th:remove}] [1600]: org.thymeleaf.standard.processor.StandardRemoveTagProcessor
[THYMELEAF]             * [* 100000] [org.thymeleaf.standard.processor.StandardBlockTagProcessor]: {}
[THYMELEAF]             * [{th:block} *] [100000]: org.thymeleaf.standard.processor.StandardBlockTagProcessor
[THYMELEAF]         * Text Processors by [precedence]:
[THYMELEAF]             * [1000]: org.thymeleaf.standard.processor.StandardInliningTextProcessor
[THYMELEAF]     * Expression Objects:
[THYMELEAF]         * #ctx
[THYMELEAF]         * #root
[THYMELEAF]         * #vars
[THYMELEAF]         * #object
[THYMELEAF]         * #locale
[THYMELEAF]         * #conversions
[THYMELEAF]         * #uris
[THYMELEAF]         * #temporals
[THYMELEAF]         * #calendars
[THYMELEAF]         * #dates
[THYMELEAF]         * #bools
[THYMELEAF]         * #numbers
[THYMELEAF]         * #objects
[THYMELEAF]         * #strings
[THYMELEAF]         * #arrays
[THYMELEAF]         * #lists
[THYMELEAF]         * #sets
[THYMELEAF]         * #maps
[THYMELEAF]         * #aggregates
[THYMELEAF]         * #messages
[THYMELEAF]         * #ids
[THYMELEAF]         * #execInfo
[THYMELEAF]         * #request
[THYMELEAF]         * #response
[THYMELEAF]         * #session
[THYMELEAF]         * #servletContext
[THYMELEAF]     * Execution Attributes:
[THYMELEAF]         * "StandardExpressionParser": com.intuit.karate.template.KarateStandardDialect@7ea3839e
[THYMELEAF]         * "StandardJavaScriptSerializer": org.thymeleaf.standard.serializer.StandardJavaScriptSerializer@338d47b
[THYMELEAF]         * "StandardCSSSerializer": org.thymeleaf.standard.serializer.StandardCSSSerializer@7a3643e3
[THYMELEAF]         * "StandardVariableExpressionEvaluator": com.intuit.karate.template.KarateStandardDialect@7ea3839e
[THYMELEAF]         * "StandardConversionService": org.thymeleaf.standard.expression.StandardConversionService@2729bb71
[THYMELEAF] * Dialect [2 of 2]: karate (com.intuit.karate.template.KarateScriptDialect)
[THYMELEAF]     * Prefix: "ka"
[THYMELEAF]     * Processors for Template Mode: HTML
[THYMELEAF]         * Element Tag Processors by [matching element and attribute name] [precedence]:
[THYMELEAF]             * [* {src}] [1000]: com.intuit.karate.template.KaScriptAttrProcessor
[THYMELEAF]         * Element Model Processors by [matching element and attribute name] [precedence]:
[THYMELEAF]             * [{script} {ka:scope,data-ka-scope}] [1000]: com.intuit.karate.template.KaScriptElemProcessor
[THYMELEAF]             * [* {ka:set,data-ka-set}] [1000]: com.intuit.karate.template.KaSetElemProcessor
[THYMELEAF] TEMPLATE ENGINE CONFIGURED OK
12:54:23.818 [main] DEBUG org.thymeleaf.TemplateEngine -- [THYMELEAF] TEMPLATE ENGINE INITIALIZED
12:54:23.825 [main] DEBUG org.thymeleaf.TemplateEngine -- [THYMELEAF] INITIALIZING TEMPLATE ENGINE
12:54:23.841 [main] DEBUG org.thymeleaf.TemplateEngine.CONFIG -- Initializing Thymeleaf Template engine configuration...
[THYMELEAF] TEMPLATE ENGINE CONFIGURATION:
[THYMELEAF] * Thymeleaf version: 3.1.2.RELEASE (built 2023-07-30T19:25:50+0000)
[THYMELEAF] * Cache Manager implementation: org.thymeleaf.cache.StandardCacheManager
[THYMELEAF] * Template resolvers:
[THYMELEAF]     * [1] com.intuit.karate.template.ResourceHtmlTemplateResolver
[THYMELEAF] * Message resolvers:
[THYMELEAF]     * org.thymeleaf.messageresolver.StandardMessageResolver
[THYMELEAF] * Link builders:
[THYMELEAF]     * org.thymeleaf.linkbuilder.StandardLinkBuilder
[THYMELEAF] * Dialect [1 of 2]: Standard (com.intuit.karate.template.KarateStandardDialect)
[THYMELEAF]     * Prefix: "th"
[THYMELEAF]     * Processors for Template Mode: HTML
[THYMELEAF]         * Element Tag Processors by [matching element and attribute name] [precedence]:
[THYMELEAF]             * [* {th:include,data-th-include}] [100]: org.thymeleaf.standard.processor.StandardIncludeTagProcessor
[THYMELEAF]             * [* {th:insert,data-th-insert}] [100]: org.thymeleaf.standard.processor.StandardInsertTagProcessor
[THYMELEAF]             * [* {th:replace,data-th-replace}] [100]: org.thymeleaf.standard.processor.StandardReplaceTagProcessor
[THYMELEAF]             * [* {th:each,data-th-each}] [200]: com.intuit.karate.template.KarateEachTagProcessor
[THYMELEAF]             * [* {th:switch,data-th-switch}] [250]: org.thymeleaf.standard.processor.StandardSwitchTagProcessor
[THYMELEAF]             * [* {th:case,data-th-case}] [275]: org.thymeleaf.standard.processor.StandardCaseTagProcessor
[THYMELEAF]             * [* {th:if,data-th-if}] [300]: org.thymeleaf.standard.processor.StandardIfTagProcessor
[THYMELEAF]             * [* {th:unless,data-th-unless}] [400]: org.thymeleaf.standard.processor.StandardUnlessTagProcessor
[THYMELEAF]             * [* {th:object,data-th-object}] [500]: org.thymeleaf.standard.processor.StandardObjectTagProcessor
[THYMELEAF]             * [* {th:with,data-th-with}] [600]: com.intuit.karate.template.KarateWithTagProcessor
[THYMELEAF]             * [* {th:attr,data-th-attr}] [700]: com.intuit.karate.template.KarateAttributeTagProcessor.KarateAttrTagProcessor
[THYMELEAF]             * [* {th:attrappend,data-th-attrappend}] [900]: com.intuit.karate.template.KarateAttributeTagProcessor.KarateAttrappendTagProcessor
[THYMELEAF]             * [* {th:attrprepend,data-th-attrprepend}] [900]: com.intuit.karate.template.KarateAttributeTagProcessor.KarateAttrprependTagProcessor
[THYMELEAF]             * [* {th:alt-title,data-th-alt-title}] [990]: org.thymeleaf.standard.processor.StandardAltTitleTagProcessor
[THYMELEAF]             * [* {th:lang-xmllang,data-th-lang-xmllang}] [990]: org.thymeleaf.standard.processor.StandardLangXmlLangTagProcessor
[THYMELEAF]             * [* {th:action,data-th-action}] [1000]: org.thymeleaf.standard.processor.StandardActionTagProcessor
[THYMELEAF]             * [* {th:readonly,data-th-readonly}] [1000]: org.thymeleaf.standard.processor.StandardConditionalFixedValueTagProcessor
[THYMELEAF]             * [* {th:novalidate,data-th-novalidate}] [1000]: org.thymeleaf.standard.processor.StandardConditionalFixedValueTagProcessor
[THYMELEAF]             * [* {th:multiple,data-th-multiple}] [1000]: org.thymeleaf.standard.processor.StandardConditionalFixedValueTagProcessor
[THYMELEAF]             * [* {th:async,data-th-async}] [1000]: org.thymeleaf.standard.processor.StandardConditionalFixedValueTagProcessor
[THYMELEAF]             * [* {th:default,data-th-default}] [1000]: org.thymeleaf.standard.processor.StandardConditionalFixedValueTagProcessor
[THYMELEAF]             * [* {th:ismap,data-th-ismap}] [1000]: org.thymeleaf.standard.processor.StandardConditionalFixedValueTagProcessor
[THYMELEAF]             * [* {th:nowrap,data-th-nowrap}] [1000]: org.thymeleaf.standard.processor.StandardConditionalFixedValueTagProcessor
[THYMELEAF]             * [* {th:formnovalidate,data-th-formnovalidate}] [1000]: org.thymeleaf.standard.processor.StandardConditionalFixedValueTagProcessor
[THYMELEAF]             * [* {th:controls,data-th-controls}] [1000]: org.thymeleaf.standard.processor.StandardConditionalFixedValueTagProcessor
[THYMELEAF]             * [* {th:loop,data-th-loop}] [1000]: org.thymeleaf.standard.processor.StandardConditionalFixedValueTagProcessor
[THYMELEAF]             * [* {th:open,data-th-open}] [1000]: org.thymeleaf.standard.processor.StandardConditionalFixedValueTagProcessor
[THYMELEAF]             * [* {th:required,data-th-required}] [1000]: org.thymeleaf.standard.processor.StandardConditionalFixedValueTagProcessor
[THYMELEAF]             * [* {th:autoplay,data-th-autoplay}] [1000]: org.thymeleaf.standard.processor.StandardConditionalFixedValueTagProcessor
[THYMELEAF]             * [* {th:seamless,data-th-seamless}] [1000]: org.thymeleaf.standard.processor.StandardConditionalFixedValueTagProcessor
[THYMELEAF]             * [* {th:disabled,data-th-disabled}] [1000]: org.thymeleaf.standard.processor.StandardConditionalFixedValueTagProcessor
[THYMELEAF]             * [* {th:autofocus,data-th-autofocus}] [1000]: org.thymeleaf.standard.processor.StandardConditionalFixedValueTagProcessor
[THYMELEAF]             * [* {th:selected,data-th-selected}] [1000]: org.thymeleaf.standard.processor.StandardConditionalFixedValueTagProcessor
[THYMELEAF]             * [* {th:checked,data-th-checked}] [1000]: org.thymeleaf.standard.processor.StandardConditionalFixedValueTagProcessor
[THYMELEAF]             * [* {th:declare,data-th-declare}] [1000]: org.thymeleaf.standard.processor.StandardConditionalFixedValueTagProcessor
[THYMELEAF]             * [* {th:reversed,data-th-reversed}] [1000]: org.thymeleaf.standard.processor.StandardConditionalFixedValueTagProcessor
[THYMELEAF]             * [* {th:pubdate,data-th-pubdate}] [1000]: org.thymeleaf.standard.processor.StandardConditionalFixedValueTagProcessor
[THYMELEAF]             * [* {th:defer,data-th-defer}] [1000]: org.thymeleaf.standard.processor.StandardConditionalFixedValueTagProcessor
[THYMELEAF]             * [* {th:hidden,data-th-hidden}] [1000]: org.thymeleaf.standard.processor.StandardConditionalFixedValueTagProcessor
[THYMELEAF]             * [* {th:scoped,data-th-scoped}] [1000]: org.thymeleaf.standard.processor.StandardConditionalFixedValueTagProcessor
[THYMELEAF]             * [* {th:onoffline,data-th-onoffline}] [1000]: org.thymeleaf.standard.processor.StandardDOMEventAttributeTagProcessor
[THYMELEAF]             * [* {th:oncanplay,data-th-oncanplay}] [1000]: org.thymeleaf.standard.processor.StandardDOMEventAttributeTagProcessor
[THYMELEAF]             * [* {th:ononline,data-th-ononline}] [1000]: org.thymeleaf.standard.processor.StandardDOMEventAttributeTagProcessor
[THYMELEAF]             * [* {th:onshow,data-th-onshow}] [1000]: org.thymeleaf.standard.processor.StandardDOMEventAttributeTagProcessor
[THYMELEAF]             * [* {th:onkeypress,data-th-onkeypress}] [1000]: org.thymeleaf.standard.processor.StandardDOMEventAttributeTagProcessor
[THYMELEAF]             * [* {th:onended,data-th-onended}] [1000]: org.thymeleaf.standard.processor.StandardDOMEventAttributeTagProcessor
[THYMELEAF]             * [* {th:ondrag,data-th-ondrag}] [1000]: org.thymeleaf.standard.processor.StandardDOMEventAttributeTagProcessor
[THYMELEAF]             * [* {th:ondragleave,data-th-ondragleave}] [1000]: org.thymeleaf.standard.processor.StandardDOMEventAttributeTagProcessor
[THYMELEAF]             * [* {th:onredo,data-th-onredo}] [1000]: org.thymeleaf.standard.processor.StandardDOMEventAttributeTagProcessor
[THYMELEAF]             * [* {th:onunload,data-th-onunload}] [1000]: org.thymeleaf.standard.processor.StandardDOMEventAttributeTagProcessor
[THYMELEAF]             * [* {th:onpause,data-th-onpause}] [1000]: org.thymeleaf.standard.processor.StandardDOMEventAttributeTagProcessor
[THYMELEAF]             * [* {th:onerror,data-th-onerror}] [1000]: org.thymeleaf.standard.processor.StandardDOMEventAttributeTagProcessor
[THYMELEAF]             * [* {th:onmouseup,data-th-onmouseup}] [1000]: org.thymeleaf.standard.processor.StandardDOMEventAttributeTagProcessor
[THYMELEAF]             * [* {th:onstalled,data-th-onstalled}] [1000]: org.thymeleaf.standard.processor.StandardDOMEventAttributeTagProcessor
[THYMELEAF]             * [* {th:onwaiting,data-th-onwaiting}] [1000]: org.thymeleaf.standard.processor.StandardDOMEventAttributeTagProcessor
[THYMELEAF]             * [* {th:onafterprint,data-th-onafterprint}] [1000]: org.thymeleaf.standard.processor.StandardDOMEventAttributeTagProcessor
[THYMELEAF]             * [* {th:onforminput,data-th-onforminput}] [1000]: org.thymeleaf.standard.processor.StandardDOMEventAttributeTagProcessor
[THYMELEAF]             * [* {th:onsuspend,data-th-onsuspend}] [1000]: org.thymeleaf.standard.processor.StandardDOMEventAttributeTagProcessor
[THYMELEAF]             * [* {th:onplay,data-th-onplay}] [1000]: org.thymeleaf.standard.processor.StandardDOMEventAttributeTagProcessor
[THYMELEAF]             * [* {th:onkeydown,data-th-onkeydown}] [1000]: org.thymeleaf.standard.processor.StandardDOMEventAttributeTagProcessor
[THYMELEAF]             * [* {th:onblur,data-th-onblur}] [1000]: org.thymeleaf.standard.processor.StandardDOMEventAttributeTagProcessor
[THYMELEAF]             * [* {th:onseeked,data-th-onseeked}] [1000]: org.thymeleaf.standard.processor.StandardDOMEventAttributeTagProcessor
[THYMELEAF]             * [* {th:onstorage,data-th-onstorage}] [1000]: org.thymeleaf.standard.processor.StandardDOMEventAttributeTagProcessor
[THYMELEAF]             * [* {th:onloadedmetadata,data-th-onloadedmetadata}] [1000]: org.thymeleaf.standard.processor.StandardDOMEventAttributeTagProcessor
[THYMELEAF]             * [* {th:ondblclick,data-th-ondblclick}] [1000]: org.thymeleaf.standard.processor.StandardDOMEventAttributeTagProcessor
[THYMELEAF]             * [* {th:ondurationchange,data-th-ondurationchange}] [1000]: org.thymeleaf.standard.processor.StandardDOMEventAttributeTagProcessor
[THYMELEAF]             * [* {th:onbeforeprint,data-th-onbeforeprint}] [1000]: org.thymeleaf.standard.processor.StandardDOMEventAttributeTagProcessor
[THYMELEAF]             * [* {th:onundo,data-th-onundo}] [1000]: org.thymeleaf.standard.processor.StandardDOMEventAttributeTagProcessor
[THYMELEAF]             * [* {th:onemptied,data-th-onemptied}] [1000]: org.thymeleaf.standard.processor.StandardDOMEventAttributeTagProcessor
[THYMELEAF]             * [* {th:oninput,data-th-oninput}] [1000]: org.thymeleaf.standard.processor.StandardDOMEventAttributeTagProcessor
[THYMELEAF]             * [* {th:onpopstate,data-th-onpopstate}] [1000]: org.thymeleaf.standard.processor.StandardDOMEventAttributeTagProcessor
[THYMELEAF]             * [* {th:onloadstart,data-th-onloadstart}] [1000]: org.thymeleaf.standard.processor.StandardDOMEventAttributeTagProcessor
[THYMELEAF]             * [* {th:onratechange,data-th-onratechange}] [1000]: org.thymeleaf.standard.processor.StandardDOMEventAttributeTagProcessor
[THYMELEAF]             * [* {th:onformchange,data-th-onformchange}] [1000]: org.thymeleaf.standard.processor.StandardDOMEventAttributeTagProcessor
[THYMELEAF]             * [* {th:onscroll,data-th-onscroll}] [1000]: org.thymeleaf.standard.processor.StandardDOMEventAttributeTagProcessor
[THYMELEAF]             * [* {th:onmousemove,data-th-onmousemove}] [1000]: org.thymeleaf.standard.processor.StandardDOMEventAttributeTagProcessor
[THYMELEAF]             * [* {th:onselect,data-th-onselect}] [1000]: org.thymeleaf.standard.processor.StandardDOMEventAttributeTagProcessor
[THYMELEAF]             * [* {th:onseeking,data-th-onseeking}] [1000]: org.thymeleaf.standard.processor.StandardDOMEventAttributeTagProcessor
[THYMELEAF]             * [* {th:onfocus,data-th-onfocus}] [1000]: org.thymeleaf.standard.processor.StandardDOMEventAttributeTagProcessor
[THYMELEAF]             * [* {th:onmouseover,data-th-onmouseover}] [1000]: org.thymeleaf.standard.processor.StandardDOMEventAttributeTagProcessor
[THYMELEAF]             * [* {th:oncanplaythrough,data-th-oncanplaythrough}] [1000]: org.thymeleaf.standard.processor.StandardDOMEventAttributeTagProcessor
[THYMELEAF]             * [* {th:onmousedown,data-th-onmousedown}] [1000]: org.thymeleaf.standard.processor.StandardDOMEventAttributeTagProcessor
[THYMELEAF]             * [* {th:ondragstart,data-th-ondragstart}] [1000]: org.thymeleaf.standard.processor.StandardDOMEventAttributeTagProcessor
[THYMELEAF]             * [* {th:onmessage,data-th-onmessage}] [1000]: org.thymeleaf.standard.processor.StandardDOMEventAttributeTagProcessor
[THYMELEAF]             * [* {th:ondragend,data-th-ondragend}] [1000]: org.thymeleaf.standard.processor.StandardDOMEventAttributeTagProcessor
[THYMELEAF]             * [* {th:onabort,data-th-onabort}] [1000]: org.thymeleaf.standard.processor.StandardDOMEventAttributeTagProcessor
[THYMELEAF]             * [* {th:oninvalid,data-th-oninvalid}] [1000]: org.thymeleaf.standard.processor.StandardDOMEventAttributeTagProcessor
[THYMELEAF]             * [* {th:onloadeddata,data-th-onloadeddata}] [1000]: org.thymeleaf.standard.processor.StandardDOMEventAttributeTagProcessor
[THYMELEAF]             * [* {th:onmousewheel,data-th-onmousewheel}] [1000]: org.thymeleaf.standard.processor.StandardDOMEventAttributeTagProcessor
[THYMELEAF]             * [* {th:ondragenter,data-th-ondragenter}] [1000]: org.thymeleaf.standard.processor.StandardDOMEventAttributeTagProcessor
[THYMELEAF]             * [* {th:oncontextmenu,data-th-oncontextmenu}] [1000]: org.thymeleaf.standard.processor.StandardDOMEventAttributeTagProcessor
[THYMELEAF]             * [* {th:ontimeupdate,data-th-ontimeupdate}] [1000]: org.thymeleaf.standard.processor.StandardDOMEventAttributeTagProcessor
[THYMELEAF]             * [* {th:onchange,data-th-onchange}] [1000]: org.thymeleaf.standard.processor.StandardDOMEventAttributeTagProcessor
[THYMELEAF]             * [* {th:onhashchange,data-th-onhashchange}] [1000]: org.thymeleaf.standard.processor.StandardDOMEventAttributeTagProcessor
[THYMELEAF]             * [* {th:onmouseout,data-th-onmouseout}] [1000]: org.thymeleaf.standard.processor.StandardDOMEventAttributeTagProcessor
[THYMELEAF]             * [* {th:onclick,data-th-onclick}] [1000]: org.thymeleaf.standard.processor.StandardDOMEventAttributeTagProcessor
[THYMELEAF]             * [* {th:onsubmit,data-th-onsubmit}] [1000]: org.thymeleaf.standard.processor.StandardDOMEventAttributeTagProcessor
[THYMELEAF]             * [* {th:onprogress,data-th-onprogress}] [1000]: org.thymeleaf.standard.processor.StandardDOMEventAttributeTagProcessor
[THYMELEAF]             * [* {th:onresize,data-th-onresize}] [1000]: org.thymeleaf.standard.processor.StandardDOMEventAttributeTagProcessor
[THYMELEAF]             * [* {th:ondrop,data-th-ondrop}] [1000]: org.thymeleaf.standard.processor.StandardDOMEventAttributeTagProcessor
[THYMELEAF]             * [* {th:onbeforeunload,data-th-onbeforeunload}] [1000]: org.thymeleaf.standard.processor.StandardDOMEventAttributeTagProcessor
[THYMELEAF]             * [* {th:ondragover,data-th-ondragover}] [1000]: org.thymeleaf.standard.processor.StandardDOMEventAttributeTagProcessor
[THYMELEAF]             * [* {th:onvolumechange,data-th-onvolumechange}] [1000]: org.thymeleaf.standard.processor.StandardDOMEventAttributeTagProcessor
[THYMELEAF]             * [* {th:onreset,data-th-onreset}] [1000]: org.thymeleaf.standard.processor.StandardDOMEventAttributeTagProcessor
[THYMELEAF]             * [* {th:onplaying,data-th-onplaying}] [1000]: org.thymeleaf.standard.processor.StandardDOMEventAttributeTagProcessor
[THYMELEAF]             * [* {th:onreadystatechange,data-th-onreadystatechange}] [1000]: org.thymeleaf.standard.processor.StandardDOMEventAttributeTagProcessor
[THYMELEAF]             * [* {th:onload,data-th-onload}] [1000]: org.thymeleaf.standard.processor.StandardDOMEventAttributeTagProcessor
[THYMELEAF]             * [* {th:onkeyup,data-th-onkeyup}] [1000]: org.thymeleaf.standard.processor.StandardDOMEventAttributeTagProcessor
[THYMELEAF]             * [* {th:href,data-th-href}] [1000]: org.thymeleaf.standard.processor.StandardHrefTagProcessor
[THYMELEAF]             * [* {th:inline,data-th-inline}] [1000]: org.thymeleaf.standard.processor.StandardInlineHTMLTagProcessor
[THYMELEAF]             * [* {th:method,data-th-method}] [1000]: org.thymeleaf.standard.processor.StandardMethodTagProcessor
[THYMELEAF]             * [* {th:name,data-th-name}] [1000]: org.thymeleaf.standard.processor.StandardNonRemovableAttributeTagProcessor
[THYMELEAF]             * [* {th:type,data-th-type}] [1000]: org.thymeleaf.standard.processor.StandardNonRemovableAttributeTagProcessor
[THYMELEAF]             * [* {th:list,data-th-list}] [1000]: org.thymeleaf.standard.processor.StandardRemovableAttributeTagProcessor
[THYMELEAF]             * [* {th:high,data-th-high}] [1000]: org.thymeleaf.standard.processor.StandardRemovableAttributeTagProcessor
[THYMELEAF]             * [* {th:usemap,data-th-usemap}] [1000]: org.thymeleaf.standard.processor.StandardRemovableAttributeTagProcessor
[THYMELEAF]             * [* {th:datetime,data-th-datetime}] [1000]: org.thymeleaf.standard.processor.StandardRemovableAttributeTagProcessor
[THYMELEAF]             * [* {th:compact,data-th-compact}] [1000]: org.thymeleaf.standard.processor.StandardRemovableAttributeTagProcessor
[THYMELEAF]             * [* {th:target,data-th-target}] [1000]: org.thymeleaf.standard.processor.StandardRemovableAttributeTagProcessor
[THYMELEAF]             * [* {th:formaction,data-th-formaction}] [1000]: org.thymeleaf.standard.processor.StandardRemovableAttributeTagProcessor
[THYMELEAF]             * [* {th:charset,data-th-charset}] [1000]: org.thymeleaf.standard.processor.StandardRemovableAttributeTagProcessor
[THYMELEAF]             * [* {th:cols,data-th-cols}] [1000]: org.thymeleaf.standard.processor.StandardRemovableAttributeTagProcessor
[THYMELEAF]             * [* {th:class,data-th-class}] [1000]: org.thymeleaf.standard.processor.StandardRemovableAttributeTagProcessor
[THYMELEAF]             * [* {th:formenctype,data-th-formenctype}] [1000]: org.thymeleaf.standard.processor.StandardRemovableAttributeTagProcessor
[THYMELEAF]             * [* {th:data,data-th-data}] [1000]: org.thymeleaf.standard.processor.StandardRemovableAttributeTagProcessor
[THYMELEAF]             * [* {th:title,data-th-title}] [1000]: org.thymeleaf.standard.processor.StandardRemovableAttributeTagProcessor
[THYMELEAF]             * [* {th:scrolling,data-th-scrolling}] [1000]: org.thymeleaf.standard.processor.StandardRemovableAttributeTagProcessor
[THYMELEAF]             * [* {th:min,data-th-min}] [1000]: org.thymeleaf.standard.processor.StandardRemovableAttributeTagProcessor
[THYMELEAF]             * [* {th:content,data-th-content}] [1000]: org.thymeleaf.standard.processor.StandardRemovableAttributeTagProcessor
[THYMELEAF]             * [* {th:formtarget,data-th-formtarget}] [1000]: org.thymeleaf.standard.processor.StandardRemovableAttributeTagProcessor
[THYMELEAF]             * [* {th:bgcolor,data-th-bgcolor}] [1000]: org.thymeleaf.standard.processor.StandardRemovableAttributeTagProcessor
[THYMELEAF]             * [* {th:dir,data-th-dir}] [1000]: org.thymeleaf.standard.processor.StandardRemovableAttributeTagProcessor
[THYMELEAF]             * [* {th:width,data-th-width}] [1000]: org.thymeleaf.standard.processor.StandardRemovableAttributeTagProcessor
[THYMELEAF]             * [* {th:longdesc,data-th-longdesc}] [1000]: org.thymeleaf.standard.processor.StandardRemovableAttributeTagProcessor
[THYMELEAF]             * [* {th:draggable,data-th-draggable}] [1000]: org.thymeleaf.standard.processor.StandardRemovableAttributeTagProcessor
[THYMELEAF]             * [* {th:classid,data-th-classid}] [1000]: org.thymeleaf.standard.processor.StandardRemovableAttributeTagProcessor
[THYMELEAF]             * [* {th:form,data-th-form}] [1000]: org.thymeleaf.standard.processor.StandardRemovableAttributeTagProcessor
[THYMELEAF]             * [* {th:id,data-th-id}] [1000]: org.thymeleaf.standard.processor.StandardRemovableAttributeTagProcessor
[THYMELEAF]             * [* {th:height,data-th-height}] [1000]: org.thymeleaf.standard.processor.StandardRemovableAttributeTagProcessor
[THYMELEAF]             * [* {th:style,data-th-style}] [1000]: org.thymeleaf.standard.processor.StandardRemovableAttributeTagProcessor
[THYMELEAF]             * [* {th:icon,data-th-icon}] [1000]: org.thymeleaf.standard.processor.StandardRemovableAttributeTagProcessor
[THYMELEAF]             * [* {th:low,data-th-low}] [1000]: org.thymeleaf.standard.processor.StandardRemovableAttributeTagProcessor
[THYMELEAF]             * [* {th:archive,data-th-archive}] [1000]: org.thymeleaf.standard.processor.StandardRemovableAttributeTagProcessor
[THYMELEAF]             * [* {th:hreflang,data-th-hreflang}] [1000]: org.thymeleaf.standard.processor.StandardRemovableAttributeTagProcessor
[THYMELEAF]             * [* {th:cite,data-th-cite}] [1000]: org.thymeleaf.standard.processor.StandardRemovableAttributeTagProcessor
[THYMELEAF]             * [* {th:http-equiv,data-th-http-equiv}] [1000]: org.thymeleaf.standard.processor.StandardRemovableAttributeTagProcessor
[THYMELEAF]             * [* {th:codetype,data-th-codetype}] [1000]: org.thymeleaf.standard.processor.StandardRemovableAttributeTagProcessor
[THYMELEAF]             * [* {th:preload,data-th-preload}] [1000]: org.thymeleaf.standard.processor.StandardRemovableAttributeTagProcessor
[THYMELEAF]             * [* {th:keytype,data-th-keytype}] [1000]: org.thymeleaf.standard.processor.StandardRemovableAttributeTagProcessor
[THYMELEAF]             * [* {th:hspace,data-th-hspace}] [1000]: org.thymeleaf.standard.processor.StandardRemovableAttributeTagProcessor
[THYMELEAF]             * [* {th:rel,data-th-rel}] [1000]: org.thymeleaf.standard.processor.StandardRemovableAttributeTagProcessor
[THYMELEAF]             * [* {th:radiogroup,data-th-radiogroup}] [1000]: org.thymeleaf.standard.processor.StandardRemovableAttributeTagProcessor
[THYMELEAF]             * [* {th:summary,data-th-summary}] [1000]: org.thymeleaf.standard.processor.StandardRemovableAttributeTagProcessor
[THYMELEAF]             * [* {th:marginwidth,data-th-marginwidth}] [1000]: org.thymeleaf.standard.processor.StandardRemovableAttributeTagProcessor
[THYMELEAF]             * [* {th:wrap,data-th-wrap}] [1000]: org.thymeleaf.standard.processor.StandardRemovableAttributeTagProcessor
[THYMELEAF]             * [* {th:accesskey,data-th-accesskey}] [1000]: org.thymeleaf.standard.processor.StandardRemovableAttributeTagProcessor
[THYMELEAF]             * [* {th:contenteditable,data-th-contenteditable}] [1000]: org.thymeleaf.standard.processor.StandardRemovableAttributeTagProcessor
[THYMELEAF]             * [* {th:axis,data-th-axis}] [1000]: org.thymeleaf.standard.processor.StandardRemovableAttributeTagProcessor
[THYMELEAF]             * [* {th:colspan,data-th-colspan}] [1000]: org.thymeleaf.standard.processor.StandardRemovableAttributeTagProcessor
[THYMELEAF]             * [* {th:label,data-th-label}] [1000]: org.thymeleaf.standard.processor.StandardRemovableAttributeTagProcessor
[THYMELEAF]             * [* {th:poster,data-th-poster}] [1000]: org.thymeleaf.standard.processor.StandardRemovableAttributeTagProcessor
[THYMELEAF]             * [* {th:manifest,data-th-manifest}] [1000]: org.thymeleaf.standard.processor.StandardRemovableAttributeTagProcessor
[THYMELEAF]             * [* {th:for,data-th-for}] [1000]: org.thymeleaf.standard.processor.StandardRemovableAttributeTagProcessor
[THYMELEAF]             * [* {th:srclang,data-th-srclang}] [1000]: org.thymeleaf.standard.processor.StandardRemovableAttributeTagProcessor
[THYMELEAF]             * [* {th:align,data-th-align}] [1000]: org.thymeleaf.standard.processor.StandardRemovableAttributeTagProcessor
[THYMELEAF]             * [* {th:scope,data-th-scope}] [1000]: org.thymeleaf.standard.processor.StandardRemovableAttributeTagProcessor
[THYMELEAF]             * [* {th:valuetype,data-th-valuetype}] [1000]: org.thymeleaf.standard.processor.StandardRemovableAttributeTagProcessor
[THYMELEAF]             * [* {th:accept-charset,data-th-accept-charset}] [1000]: org.thymeleaf.standard.processor.StandardRemovableAttributeTagProcessor
[THYMELEAF]             * [* {th:background,data-th-background}] [1000]: org.thymeleaf.standard.processor.StandardRemovableAttributeTagProcessor
[THYMELEAF]             * [* {th:kind,data-th-kind}] [1000]: org.thymeleaf.standard.processor.StandardRemovableAttributeTagProcessor
[THYMELEAF]             * [* {th:codebase,data-th-codebase}] [1000]: org.thymeleaf.standard.processor.StandardRemovableAttributeTagProcessor
[THYMELEAF]             * [* {th:rowspan,data-th-rowspan}] [1000]: org.thymeleaf.standard.processor.StandardRemovableAttributeTagProcessor
[THYMELEAF]             * [* {th:dropzone,data-th-dropzone}] [1000]: org.thymeleaf.standard.processor.StandardRemovableAttributeTagProcessor
[THYMELEAF]             * [* {th:accept,data-th-accept}] [1000]: org.thymeleaf.standard.processor.StandardRemovableAttributeTagProcessor
[THYMELEAF]             * [* {th:lang,data-th-lang}] [1000]: org.thymeleaf.standard.processor.StandardRemovableAttributeTagProcessor
[THYMELEAF]             * [* {th:frameborder,data-th-frameborder}] [1000]: org.thymeleaf.standard.processor.StandardRemovableAttributeTagProcessor
[THYMELEAF]             * [* {th:marginheight,data-th-marginheight}] [1000]: org.thymeleaf.standard.processor.StandardRemovableAttributeTagProcessor
[THYMELEAF]             * [* {th:optimum,data-th-optimum}] [1000]: org.thymeleaf.standard.processor.StandardRemovableAttributeTagProcessor
[THYMELEAF]             * [* {th:scheme,data-th-scheme}] [1000]: org.thymeleaf.standard.processor.StandardRemovableAttributeTagProcessor
[THYMELEAF]             * [* {th:step,data-th-step}] [1000]: org.thymeleaf.standard.processor.StandardRemovableAttributeTagProcessor
[THYMELEAF]             * [* {th:standby,data-th-standby}] [1000]: org.thymeleaf.standard.processor.StandardRemovableAttributeTagProcessor
[THYMELEAF]             * [* {th:vspace,data-th-vspace}] [1000]: org.thymeleaf.standard.processor.StandardRemovableAttributeTagProcessor
[THYMELEAF]             * [* {th:placeholder,data-th-placeholder}] [1000]: org.thymeleaf.standard.processor.StandardRemovableAttributeTagProcessor
[THYMELEAF]             * [* {th:start,data-th-start}] [1000]: org.thymeleaf.standard.processor.StandardRemovableAttributeTagProcessor
[THYMELEAF]             * [* {th:rev,data-th-rev}] [1000]: org.thymeleaf.standard.processor.StandardRemovableAttributeTagProcessor
[THYMELEAF]             * [* {th:alt,data-th-alt}] [1000]: org.thymeleaf.standard.processor.StandardRemovableAttributeTagProcessor
[THYMELEAF]             * [* {th:max,data-th-max}] [1000]: org.thymeleaf.standard.processor.StandardRemovableAttributeTagProcessor
[THYMELEAF]             * [* {th:challenge,data-th-challenge}] [1000]: org.thymeleaf.standard.processor.StandardRemovableAttributeTagProcessor
[THYMELEAF]             * [* {th:maxlength,data-th-maxlength}] [1000]: org.thymeleaf.standard.processor.StandardRemovableAttributeTagProcessor
[THYMELEAF]             * [* {th:rules,data-th-rules}] [1000]: org.thymeleaf.standard.processor.StandardRemovableAttributeTagProcessor
[THYMELEAF]             * [* {th:sandbox,data-th-sandbox}] [1000]: org.thymeleaf.standard.processor.StandardRemovableAttributeTagProcessor
[THYMELEAF]             * [* {th:abbr,data-th-abbr}] [1000]: org.thymeleaf.standard.processor.StandardRemovableAttributeTagProcessor
[THYMELEAF]             * [* {th:rows,data-th-rows}] [1000]: org.thymeleaf.standard.processor.StandardRemovableAttributeTagProcessor
[THYMELEAF]             * [* {th:headers,data-th-headers}] [1000]: org.thymeleaf.standard.processor.StandardRemovableAttributeTagProcessor
[THYMELEAF]             * [* {th:autocomplete,data-th-autocomplete}] [1000]: org.thymeleaf.standard.processor.StandardRemovableAttributeTagProcessor
[THYMELEAF]             * [* {th:audio,data-th-audio}] [1000]: org.thymeleaf.standard.processor.StandardRemovableAttributeTagProcessor
[THYMELEAF]             * [* {th:size,data-th-size}] [1000]: org.thymeleaf.standard.processor.StandardRemovableAttributeTagProcessor
[THYMELEAF]             * [* {th:span,data-th-span}] [1000]: org.thymeleaf.standard.processor.StandardRemovableAttributeTagProcessor
[THYMELEAF]             * [* {th:formmethod,data-th-formmethod}] [1000]: org.thymeleaf.standard.processor.StandardRemovableAttributeTagProcessor
[THYMELEAF]             * [* {th:tabindex,data-th-tabindex}] [1000]: org.thymeleaf.standard.processor.StandardRemovableAttributeTagProcessor
[THYMELEAF]             * [* {th:media,data-th-media}] [1000]: org.thymeleaf.standard.processor.StandardRemovableAttributeTagProcessor
[THYMELEAF]             * [* {th:cellspacing,data-th-cellspacing}] [1000]: org.thymeleaf.standard.processor.StandardRemovableAttributeTagProcessor
[THYMELEAF]             * [* {th:cellpadding,data-th-cellpadding}] [1000]: org.thymeleaf.standard.processor.StandardRemovableAttributeTagProcessor
[THYMELEAF]             * [* {th:border,data-th-border}] [1000]: org.thymeleaf.standard.processor.StandardRemovableAttributeTagProcessor
[THYMELEAF]             * [* {th:spellcheck,data-th-spellcheck}] [1000]: org.thymeleaf.standard.processor.StandardRemovableAttributeTagProcessor
[THYMELEAF]             * [* {th:sizes,data-th-sizes}] [1000]: org.thymeleaf.standard.processor.StandardRemovableAttributeTagProcessor
[THYMELEAF]             * [* {th:pattern,data-th-pattern}] [1000]: org.thymeleaf.standard.processor.StandardRemovableAttributeTagProcessor
[THYMELEAF]             * [* {th:enctype,data-th-enctype}] [1000]: org.thymeleaf.standard.processor.StandardRemovableAttributeTagProcessor
[THYMELEAF]             * [* {th:frame,data-th-frame}] [1000]: org.thymeleaf.standard.processor.StandardRemovableAttributeTagProcessor
[THYMELEAF]             * [* {th:contextmenu,data-th-contextmenu}] [1000]: org.thymeleaf.standard.processor.StandardRemovableAttributeTagProcessor
[THYMELEAF]             * [* {th:src,data-th-src}] [1000]: org.thymeleaf.standard.processor.StandardSrcTagProcessor
[THYMELEAF]             * [* {th:value,data-th-value}] [1000]: org.thymeleaf.standard.processor.StandardValueTagProcessor
[THYMELEAF]             * [* {th:xmlbase,data-th-xmlbase}] [1000]: org.thymeleaf.standard.processor.StandardXmlBaseTagProcessor
[THYMELEAF]             * [* {th:xmllang,data-th-xmllang}] [1000]: org.thymeleaf.standard.processor.StandardXmlLangTagProcessor
[THYMELEAF]             * [* {xmlns:th}] [1000]: org.thymeleaf.standard.processor.StandardXmlNsTagProcessor
[THYMELEAF]             * [* {th:xmlspace,data-th-xmlspace}] [1000]: org.thymeleaf.standard.processor.StandardXmlSpaceTagProcessor
[THYMELEAF]             * [* {th:classappend,data-th-classappend}] [1100]: org.thymeleaf.standard.processor.StandardClassappendTagProcessor
[THYMELEAF]             * [* {th:styleappend,data-th-styleappend}] [1100]: org.thymeleaf.standard.processor.StandardStyleappendTagProcessor
[THYMELEAF]             * [* {th:text,data-th-text}] [1300]: org.thymeleaf.standard.processor.StandardTextTagProcessor
[THYMELEAF]             * [* {th:utext,data-th-utext}] [1400]: org.thymeleaf.standard.processor.StandardUtextTagProcessor
[THYMELEAF]             * [* {th:fragment,data-th-fragment}] [1500]: org.thymeleaf.standard.processor.StandardFragmentTagProcessor
[THYMELEAF]             * [* {th:assert,data-th-assert}] [1550]: org.thymeleaf.standard.processor.StandardAssertTagProcessor
[THYMELEAF]             * [* {th:remove,data-th-remove}] [1600]: org.thymeleaf.standard.processor.StandardRemoveTagProcessor
[THYMELEAF]             * [* {th:ref,data-th-ref}] [10000]: org.thymeleaf.standard.processor.StandardRefAttributeTagProcessor
[THYMELEAF]             * [{th:block,th-block} *] [100000]: org.thymeleaf.standard.processor.StandardBlockTagProcessor
[THYMELEAF]             * [* th:*] [2147483647]: org.thymeleaf.standard.processor.StandardDefaultAttributesTagProcessor
[THYMELEAF]         * Text Processors by [precedence]:
[THYMELEAF]             * [1000]: org.thymeleaf.standard.processor.StandardInliningTextProcessor
[THYMELEAF]         * DOCTYPE Processors by [precedence]:
[THYMELEAF]             * [1000]: org.thymeleaf.standard.processor.StandardTranslationDocTypeProcessor
[THYMELEAF]         * CDATA Section Processors by [precedence]:
[THYMELEAF]             * [1000]: org.thymeleaf.standard.processor.StandardInliningCDATASectionProcessor
[THYMELEAF]         * Comment Processors by [precedence]:
[THYMELEAF]             * [1000]: org.thymeleaf.standard.processor.StandardInliningCommentProcessor
[THYMELEAF]             * [1100]: org.thymeleaf.standard.processor.StandardConditionalCommentProcessor
[THYMELEAF]     * Processors for Template Mode: XML
[THYMELEAF]         * Element Tag Processors by [matching element and attribute name] [precedence]:
[THYMELEAF]             * [* {th:include}] [100]: org.thymeleaf.standard.processor.StandardIncludeTagProcessor
[THYMELEAF]             * [* {th:insert}] [100]: org.thymeleaf.standard.processor.StandardInsertTagProcessor
[THYMELEAF]             * [* {th:replace}] [100]: org.thymeleaf.standard.processor.StandardReplaceTagProcessor
[THYMELEAF]             * [* {th:each}] [200]: com.intuit.karate.template.KarateEachTagProcessor
[THYMELEAF]             * [* {th:switch}] [250]: org.thymeleaf.standard.processor.StandardSwitchTagProcessor
[THYMELEAF]             * [* {th:case}] [275]: org.thymeleaf.standard.processor.StandardCaseTagProcessor
[THYMELEAF]             * [* {th:if}] [300]: org.thymeleaf.standard.processor.StandardIfTagProcessor
[THYMELEAF]             * [* {th:unless}] [400]: org.thymeleaf.standard.processor.StandardUnlessTagProcessor
[THYMELEAF]             * [* {th:object}] [500]: org.thymeleaf.standard.processor.StandardObjectTagProcessor
[THYMELEAF]             * [* {th:with}] [600]: com.intuit.karate.template.KarateWithTagProcessor
[THYMELEAF]             * [* {th:attr}] [700]: com.intuit.karate.template.KarateAttributeTagProcessor.KarateAttrTagProcessor
[THYMELEAF]             * [* {th:attrappend}] [900]: com.intuit.karate.template.KarateAttributeTagProcessor.KarateAttrappendTagProcessor
[THYMELEAF]             * [* {th:attrprepend}] [900]: com.intuit.karate.template.KarateAttributeTagProcessor.KarateAttrprependTagProcessor
[THYMELEAF]             * [* {th:inline}] [1000]: org.thymeleaf.standard.processor.StandardInlineXMLTagProcessor
[THYMELEAF]             * [* {xmlns:th}] [1000]: org.thymeleaf.standard.processor.StandardXmlNsTagProcessor
[THYMELEAF]             * [* {th:text}] [1300]: org.thymeleaf.standard.processor.StandardTextTagProcessor
[THYMELEAF]             * [* {th:utext}] [1400]: org.thymeleaf.standard.processor.StandardUtextTagProcessor
[THYMELEAF]             * [* {th:fragment}] [1500]: org.thymeleaf.standard.processor.StandardFragmentTagProcessor
[THYMELEAF]             * [* {th:assert}] [1550]: org.thymeleaf.standard.processor.StandardAssertTagProcessor
[THYMELEAF]             * [* {th:remove}] [1600]: org.thymeleaf.standard.processor.StandardRemoveTagProcessor
[THYMELEAF]             * [* {th:ref}] [10000]: org.thymeleaf.standard.processor.StandardRefAttributeTagProcessor
[THYMELEAF]             * [{th:block} *] [100000]: org.thymeleaf.standard.processor.StandardBlockTagProcessor
[THYMELEAF]             * [* th:*] [2147483647]: org.thymeleaf.standard.processor.StandardDefaultAttributesTagProcessor
[THYMELEAF]         * Text Processors by [precedence]:
[THYMELEAF]             * [1000]: org.thymeleaf.standard.processor.StandardInliningTextProcessor
[THYMELEAF]         * CDATA Section Processors by [precedence]:
[THYMELEAF]             * [1000]: org.thymeleaf.standard.processor.StandardInliningCDATASectionProcessor
[THYMELEAF]         * Comment Processors by [precedence]:
[THYMELEAF]             * [1000]: org.thymeleaf.standard.processor.StandardInliningCommentProcessor
[THYMELEAF]     * Processors for Template Mode: TEXT
[THYMELEAF]         * Element Tag Processors by [matching element and attribute name] [precedence]:
[THYMELEAF]             * [* {th:insert}] [100]: org.thymeleaf.standard.processor.StandardInsertTagProcessor
[THYMELEAF]             * [* {th:replace}] [100]: org.thymeleaf.standard.processor.StandardReplaceTagProcessor
[THYMELEAF]             * [* {th:each}] [200]: com.intuit.karate.template.KarateEachTagProcessor
[THYMELEAF]             * [* {th:switch}] [250]: org.thymeleaf.standard.processor.StandardSwitchTagProcessor
[THYMELEAF]             * [* {th:case}] [275]: org.thymeleaf.standard.processor.StandardCaseTagProcessor
[THYMELEAF]             * [* {th:if}] [300]: org.thymeleaf.standard.processor.StandardIfTagProcessor
[THYMELEAF]             * [* {th:unless}] [400]: org.thymeleaf.standard.processor.StandardUnlessTagProcessor
[THYMELEAF]             * [* {th:object}] [500]: org.thymeleaf.standard.processor.StandardObjectTagProcessor
[THYMELEAF]             * [* {th:with}] [600]: com.intuit.karate.template.KarateWithTagProcessor
[THYMELEAF]             * [* {th:inline}] [1000]: org.thymeleaf.standard.processor.StandardInlineTextualTagProcessor
[THYMELEAF]             * [* {th:text}] [1300]: org.thymeleaf.standard.processor.StandardTextTagProcessor
[THYMELEAF]             * [* {th:utext}] [1400]: org.thymeleaf.standard.processor.StandardUtextTagProcessor
[THYMELEAF]             * [* {th:assert}] [1550]: org.thymeleaf.standard.processor.StandardAssertTagProcessor
[THYMELEAF]             * [* {th:remove}] [1600]: org.thymeleaf.standard.processor.StandardRemoveTagProcessor
[THYMELEAF]             * [{th:block} *] [100000]: org.thymeleaf.standard.processor.StandardBlockTagProcessor
[THYMELEAF]             * [* 100000] [org.thymeleaf.standard.processor.StandardBlockTagProcessor]: {}
[THYMELEAF]         * Text Processors by [precedence]:
[THYMELEAF]             * [1000]: org.thymeleaf.standard.processor.StandardInliningTextProcessor
[THYMELEAF]     * Processors for Template Mode: JAVASCRIPT
[THYMELEAF]         * Element Tag Processors by [matching element and attribute name] [precedence]:
[THYMELEAF]             * [* {th:insert}] [100]: org.thymeleaf.standard.processor.StandardInsertTagProcessor
[THYMELEAF]             * [* {th:replace}] [100]: org.thymeleaf.standard.processor.StandardReplaceTagProcessor
[THYMELEAF]             * [* {th:each}] [200]: com.intuit.karate.template.KarateEachTagProcessor
[THYMELEAF]             * [* {th:switch}] [250]: org.thymeleaf.standard.processor.StandardSwitchTagProcessor
[THYMELEAF]             * [* {th:case}] [275]: org.thymeleaf.standard.processor.StandardCaseTagProcessor
[THYMELEAF]             * [* {th:if}] [300]: org.thymeleaf.standard.processor.StandardIfTagProcessor
[THYMELEAF]             * [* {th:unless}] [400]: org.thymeleaf.standard.processor.StandardUnlessTagProcessor
[THYMELEAF]             * [* {th:object}] [500]: org.thymeleaf.standard.processor.StandardObjectTagProcessor
[THYMELEAF]             * [* {th:with}] [600]: com.intuit.karate.template.KarateWithTagProcessor
[THYMELEAF]             * [* {th:inline}] [1000]: org.thymeleaf.standard.processor.StandardInlineTextualTagProcessor
[THYMELEAF]             * [* {th:text}] [1300]: org.thymeleaf.standard.processor.StandardTextTagProcessor
[THYMELEAF]             * [* {th:utext}] [1400]: org.thymeleaf.standard.processor.StandardUtextTagProcessor
[THYMELEAF]             * [* {th:assert}] [1550]: org.thymeleaf.standard.processor.StandardAssertTagProcessor
[THYMELEAF]             * [* {th:remove}] [1600]: org.thymeleaf.standard.processor.StandardRemoveTagProcessor
[THYMELEAF]             * [* 100000] [org.thymeleaf.standard.processor.StandardBlockTagProcessor]: {}
[THYMELEAF]             * [{th:block} *] [100000]: org.thymeleaf.standard.processor.StandardBlockTagProcessor
[THYMELEAF]         * Text Processors by [precedence]:
[THYMELEAF]             * [1000]: org.thymeleaf.standard.processor.StandardInliningTextProcessor
[THYMELEAF]     * Processors for Template Mode: CSS
[THYMELEAF]         * Element Tag Processors by [matching element and attribute name] [precedence]:
[THYMELEAF]             * [* {th:insert}] [100]: org.thymeleaf.standard.processor.StandardInsertTagProcessor
[THYMELEAF]             * [* {th:replace}] [100]: org.thymeleaf.standard.processor.StandardReplaceTagProcessor
[THYMELEAF]             * [* {th:each}] [200]: com.intuit.karate.template.KarateEachTagProcessor
[THYMELEAF]             * [* {th:switch}] [250]: org.thymeleaf.standard.processor.StandardSwitchTagProcessor
[THYMELEAF]             * [* {th:case}] [275]: org.thymeleaf.standard.processor.StandardCaseTagProcessor
[THYMELEAF]             * [* {th:if}] [300]: org.thymeleaf.standard.processor.StandardIfTagProcessor
[THYMELEAF]             * [* {th:unless}] [400]: org.thymeleaf.standard.processor.StandardUnlessTagProcessor
[THYMELEAF]             * [* {th:object}] [500]: org.thymeleaf.standard.processor.StandardObjectTagProcessor
[THYMELEAF]             * [* {th:with}] [600]: com.intuit.karate.template.KarateWithTagProcessor
[THYMELEAF]             * [* {th:inline}] [1000]: org.thymeleaf.standard.processor.StandardInlineTextualTagProcessor
[THYMELEAF]             * [* {th:text}] [1300]: org.thymeleaf.standard.processor.StandardTextTagProcessor
[THYMELEAF]             * [* {th:utext}] [1400]: org.thymeleaf.standard.processor.StandardUtextTagProcessor
[THYMELEAF]             * [* {th:assert}] [1550]: org.thymeleaf.standard.processor.StandardAssertTagProcessor
[THYMELEAF]             * [* {th:remove}] [1600]: org.thymeleaf.standard.processor.StandardRemoveTagProcessor
[THYMELEAF]             * [* 100000] [org.thymeleaf.standard.processor.StandardBlockTagProcessor]: {}
[THYMELEAF]             * [{th:block} *] [100000]: org.thymeleaf.standard.processor.StandardBlockTagProcessor
[THYMELEAF]         * Text Processors by [precedence]:
[THYMELEAF]             * [1000]: org.thymeleaf.standard.processor.StandardInliningTextProcessor
[THYMELEAF]     * Expression Objects:
[THYMELEAF]         * #ctx
[THYMELEAF]         * #root
[THYMELEAF]         * #vars
[THYMELEAF]         * #object
[THYMELEAF]         * #locale
[THYMELEAF]         * #conversions
[THYMELEAF]         * #uris
[THYMELEAF]         * #temporals
[THYMELEAF]         * #calendars
[THYMELEAF]         * #dates
[THYMELEAF]         * #bools
[THYMELEAF]         * #numbers
[THYMELEAF]         * #objects
[THYMELEAF]         * #strings
[THYMELEAF]         * #arrays
[THYMELEAF]         * #lists
[THYMELEAF]         * #sets
[THYMELEAF]         * #maps
[THYMELEAF]         * #aggregates
[THYMELEAF]         * #messages
[THYMELEAF]         * #ids
[THYMELEAF]         * #execInfo
[THYMELEAF]         * #request
[THYMELEAF]         * #response
[THYMELEAF]         * #session
[THYMELEAF]         * #servletContext
[THYMELEAF]     * Execution Attributes:
[THYMELEAF]         * "StandardExpressionParser": com.intuit.karate.template.KarateStandardDialect@34b2d51a
[THYMELEAF]         * "StandardJavaScriptSerializer": org.thymeleaf.standard.serializer.StandardJavaScriptSerializer@2b2b7e3c
[THYMELEAF]         * "StandardCSSSerializer": org.thymeleaf.standard.serializer.StandardCSSSerializer@3ec082a1
[THYMELEAF]         * "StandardVariableExpressionEvaluator": com.intuit.karate.template.KarateStandardDialect@34b2d51a
[THYMELEAF]         * "StandardConversionService": org.thymeleaf.standard.expression.StandardConversionService@7a3c99f1
[THYMELEAF] * Dialect [2 of 2]: karate (com.intuit.karate.template.KarateScriptDialect)
[THYMELEAF]     * Prefix: "ka"
[THYMELEAF]     * Processors for Template Mode: HTML
[THYMELEAF]         * Element Tag Processors by [matching element and attribute name] [precedence]:
[THYMELEAF]             * [* {src}] [1000]: com.intuit.karate.template.KaScriptAttrProcessor
[THYMELEAF]         * Element Model Processors by [matching element and attribute name] [precedence]:
[THYMELEAF]             * [{script} {ka:scope,data-ka-scope}] [1000]: com.intuit.karate.template.KaScriptElemProcessor
[THYMELEAF]             * [* {ka:set,data-ka-set}] [1000]: com.intuit.karate.template.KaSetElemProcessor
[THYMELEAF] TEMPLATE ENGINE CONFIGURED OK
12:54:23.842 [main] DEBUG org.thymeleaf.TemplateEngine -- [THYMELEAF] TEMPLATE ENGINE INITIALIZED
12:54:23.873 [main] DEBUG org.thymeleaf.TemplateEngine -- [THYMELEAF] INITIALIZING TEMPLATE ENGINE
12:54:23.906 [main] DEBUG org.thymeleaf.TemplateEngine.CONFIG -- Initializing Thymeleaf Template engine configuration...
[THYMELEAF] TEMPLATE ENGINE CONFIGURATION:
[THYMELEAF] * Thymeleaf version: 3.1.2.RELEASE (built 2023-07-30T19:25:50+0000)
[THYMELEAF] * Cache Manager implementation: org.thymeleaf.cache.StandardCacheManager
[THYMELEAF] * Template resolvers:
[THYMELEAF]     * [1] com.intuit.karate.template.ResourceHtmlTemplateResolver
[THYMELEAF] * Message resolvers:
[THYMELEAF]     * org.thymeleaf.messageresolver.StandardMessageResolver
[THYMELEAF] * Link builders:
[THYMELEAF]     * org.thymeleaf.linkbuilder.StandardLinkBuilder
[THYMELEAF] * Dialect [1 of 2]: Standard (com.intuit.karate.template.KarateStandardDialect)
[THYMELEAF]     * Prefix: "th"
[THYMELEAF]     * Processors for Template Mode: HTML
[THYMELEAF]         * Element Tag Processors by [matching element and attribute name] [precedence]:
[THYMELEAF]             * [* {th:include,data-th-include}] [100]: org.thymeleaf.standard.processor.StandardIncludeTagProcessor
[THYMELEAF]             * [* {th:insert,data-th-insert}] [100]: org.thymeleaf.standard.processor.StandardInsertTagProcessor
[THYMELEAF]             * [* {th:replace,data-th-replace}] [100]: org.thymeleaf.standard.processor.StandardReplaceTagProcessor
[THYMELEAF]             * [* {th:each,data-th-each}] [200]: com.intuit.karate.template.KarateEachTagProcessor
[THYMELEAF]             * [* {th:switch,data-th-switch}] [250]: org.thymeleaf.standard.processor.StandardSwitchTagProcessor
[THYMELEAF]             * [* {th:case,data-th-case}] [275]: org.thymeleaf.standard.processor.StandardCaseTagProcessor
[THYMELEAF]             * [* {th:if,data-th-if}] [300]: org.thymeleaf.standard.processor.StandardIfTagProcessor
[THYMELEAF]             * [* {th:unless,data-th-unless}] [400]: org.thymeleaf.standard.processor.StandardUnlessTagProcessor
[THYMELEAF]             * [* {th:object,data-th-object}] [500]: org.thymeleaf.standard.processor.StandardObjectTagProcessor
[THYMELEAF]             * [* {th:with,data-th-with}] [600]: com.intuit.karate.template.KarateWithTagProcessor
[THYMELEAF]             * [* {th:attr,data-th-attr}] [700]: com.intuit.karate.template.KarateAttributeTagProcessor.KarateAttrTagProcessor
[THYMELEAF]             * [* {th:attrappend,data-th-attrappend}] [900]: com.intuit.karate.template.KarateAttributeTagProcessor.KarateAttrappendTagProcessor
[THYMELEAF]             * [* {th:attrprepend,data-th-attrprepend}] [900]: com.intuit.karate.template.KarateAttributeTagProcessor.KarateAttrprependTagProcessor
[THYMELEAF]             * [* {th:alt-title,data-th-alt-title}] [990]: org.thymeleaf.standard.processor.StandardAltTitleTagProcessor
[THYMELEAF]             * [* {th:lang-xmllang,data-th-lang-xmllang}] [990]: org.thymeleaf.standard.processor.StandardLangXmlLangTagProcessor
[THYMELEAF]             * [* {th:action,data-th-action}] [1000]: org.thymeleaf.standard.processor.StandardActionTagProcessor
[THYMELEAF]             * [* {th:readonly,data-th-readonly}] [1000]: org.thymeleaf.standard.processor.StandardConditionalFixedValueTagProcessor
[THYMELEAF]             * [* {th:novalidate,data-th-novalidate}] [1000]: org.thymeleaf.standard.processor.StandardConditionalFixedValueTagProcessor
[THYMELEAF]             * [* {th:autofocus,data-th-autofocus}] [1000]: org.thymeleaf.standard.processor.StandardConditionalFixedValueTagProcessor
[THYMELEAF]             * [* {th:open,data-th-open}] [1000]: org.thymeleaf.standard.processor.StandardConditionalFixedValueTagProcessor
[THYMELEAF]             * [* {th:required,data-th-required}] [1000]: org.thymeleaf.standard.processor.StandardConditionalFixedValueTagProcessor
[THYMELEAF]             * [* {th:multiple,data-th-multiple}] [1000]: org.thymeleaf.standard.processor.StandardConditionalFixedValueTagProcessor
[THYMELEAF]             * [* {th:defer,data-th-defer}] [1000]: org.thymeleaf.standard.processor.StandardConditionalFixedValueTagProcessor
[THYMELEAF]             * [* {th:declare,data-th-declare}] [1000]: org.thymeleaf.standard.processor.StandardConditionalFixedValueTagProcessor
[THYMELEAF]             * [* {th:autoplay,data-th-autoplay}] [1000]: org.thymeleaf.standard.processor.StandardConditionalFixedValueTagProcessor
[THYMELEAF]             * [* {th:disabled,data-th-disabled}] [1000]: org.thymeleaf.standard.processor.StandardConditionalFixedValueTagProcessor
[THYMELEAF]             * [* {th:ismap,data-th-ismap}] [1000]: org.thymeleaf.standard.processor.StandardConditionalFixedValueTagProcessor
[THYMELEAF]             * [* {th:hidden,data-th-hidden}] [1000]: org.thymeleaf.standard.processor.StandardConditionalFixedValueTagProcessor
[THYMELEAF]             * [* {th:checked,data-th-checked}] [1000]: org.thymeleaf.standard.processor.StandardConditionalFixedValueTagProcessor
[THYMELEAF]             * [* {th:selected,data-th-selected}] [1000]: org.thymeleaf.standard.processor.StandardConditionalFixedValueTagProcessor
[THYMELEAF]             * [* {th:scoped,data-th-scoped}] [1000]: org.thymeleaf.standard.processor.StandardConditionalFixedValueTagProcessor
[THYMELEAF]             * [* {th:reversed,data-th-reversed}] [1000]: org.thymeleaf.standard.processor.StandardConditionalFixedValueTagProcessor
[THYMELEAF]             * [* {th:default,data-th-default}] [1000]: org.thymeleaf.standard.processor.StandardConditionalFixedValueTagProcessor
[THYMELEAF]             * [* {th:seamless,data-th-seamless}] [1000]: org.thymeleaf.standard.processor.StandardConditionalFixedValueTagProcessor
[THYMELEAF]             * [* {th:nowrap,data-th-nowrap}] [1000]: org.thymeleaf.standard.processor.StandardConditionalFixedValueTagProcessor
[THYMELEAF]             * [* {th:controls,data-th-controls}] [1000]: org.thymeleaf.standard.processor.StandardConditionalFixedValueTagProcessor
[THYMELEAF]             * [* {th:formnovalidate,data-th-formnovalidate}] [1000]: org.thymeleaf.standard.processor.StandardConditionalFixedValueTagProcessor
[THYMELEAF]             * [* {th:pubdate,data-th-pubdate}] [1000]: org.thymeleaf.standard.processor.StandardConditionalFixedValueTagProcessor
[THYMELEAF]             * [* {th:loop,data-th-loop}] [1000]: org.thymeleaf.standard.processor.StandardConditionalFixedValueTagProcessor
[THYMELEAF]             * [* {th:async,data-th-async}] [1000]: org.thymeleaf.standard.processor.StandardConditionalFixedValueTagProcessor
[THYMELEAF]             * [* {th:onbeforeunload,data-th-onbeforeunload}] [1000]: org.thymeleaf.standard.processor.StandardDOMEventAttributeTagProcessor
[THYMELEAF]             * [* {th:onprogress,data-th-onprogress}] [1000]: org.thymeleaf.standard.processor.StandardDOMEventAttributeTagProcessor
[THYMELEAF]             * [* {th:onended,data-th-onended}] [1000]: org.thymeleaf.standard.processor.StandardDOMEventAttributeTagProcessor
[THYMELEAF]             * [* {th:onstalled,data-th-onstalled}] [1000]: org.thymeleaf.standard.processor.StandardDOMEventAttributeTagProcessor
[THYMELEAF]             * [* {th:oninput,data-th-oninput}] [1000]: org.thymeleaf.standard.processor.StandardDOMEventAttributeTagProcessor
[THYMELEAF]             * [* {th:oncanplay,data-th-oncanplay}] [1000]: org.thymeleaf.standard.processor.StandardDOMEventAttributeTagProcessor
[THYMELEAF]             * [* {th:onpause,data-th-onpause}] [1000]: org.thymeleaf.standard.processor.StandardDOMEventAttributeTagProcessor
[THYMELEAF]             * [* {th:onmousewheel,data-th-onmousewheel}] [1000]: org.thymeleaf.standard.processor.StandardDOMEventAttributeTagProcessor
[THYMELEAF]             * [* {th:onvolumechange,data-th-onvolumechange}] [1000]: org.thymeleaf.standard.processor.StandardDOMEventAttributeTagProcessor
[THYMELEAF]             * [* {th:onblur,data-th-onblur}] [1000]: org.thymeleaf.standard.processor.StandardDOMEventAttributeTagProcessor
[THYMELEAF]             * [* {th:ondrag,data-th-ondrag}] [1000]: org.thymeleaf.standard.processor.StandardDOMEventAttributeTagProcessor
[THYMELEAF]             * [* {th:onratechange,data-th-onratechange}] [1000]: org.thymeleaf.standard.processor.StandardDOMEventAttributeTagProcessor
[THYMELEAF]             * [* {th:onkeypress,data-th-onkeypress}] [1000]: org.thymeleaf.standard.processor.StandardDOMEventAttributeTagProcessor
[THYMELEAF]             * [* {th:ononline,data-th-ononline}] [1000]: org.thymeleaf.standard.processor.StandardDOMEventAttributeTagProcessor
[THYMELEAF]             * [* {th:onmousemove,data-th-onmousemove}] [1000]: org.thymeleaf.standard.processor.StandardDOMEventAttributeTagProcessor
[THYMELEAF]             * [* {th:onselect,data-th-onselect}] [1000]: org.thymeleaf.standard.processor.StandardDOMEventAttributeTagProcessor
[THYMELEAF]             * [* {th:ondragover,data-th-ondragover}] [1000]: org.thymeleaf.standard.processor.StandardDOMEventAttributeTagProcessor
[THYMELEAF]             * [* {th:onmouseover,data-th-onmouseover}] [1000]: org.thymeleaf.standard.processor.StandardDOMEventAttributeTagProcessor
[THYMELEAF]             * [* {th:onhashchange,data-th-onhashchange}] [1000]: org.thymeleaf.standard.processor.StandardDOMEventAttributeTagProcessor
[THYMELEAF]             * [* {th:onmousedown,data-th-onmousedown}] [1000]: org.thymeleaf.standard.processor.StandardDOMEventAttributeTagProcessor
[THYMELEAF]             * [* {th:onmouseout,data-th-onmouseout}] [1000]: org.thymeleaf.standard.processor.StandardDOMEventAttributeTagProcessor
[THYMELEAF]             * [* {th:onforminput,data-th-onforminput}] [1000]: org.thymeleaf.standard.processor.StandardDOMEventAttributeTagProcessor
[THYMELEAF]             * [* {th:ondblclick,data-th-ondblclick}] [1000]: org.thymeleaf.standard.processor.StandardDOMEventAttributeTagProcessor
[THYMELEAF]             * [* {th:oncontextmenu,data-th-oncontextmenu}] [1000]: org.thymeleaf.standard.processor.StandardDOMEventAttributeTagProcessor
[THYMELEAF]             * [* {th:onoffline,data-th-onoffline}] [1000]: org.thymeleaf.standard.processor.StandardDOMEventAttributeTagProcessor
[THYMELEAF]             * [* {th:ondragenter,data-th-ondragenter}] [1000]: org.thymeleaf.standard.processor.StandardDOMEventAttributeTagProcessor
[THYMELEAF]             * [* {th:onplay,data-th-onplay}] [1000]: org.thymeleaf.standard.processor.StandardDOMEventAttributeTagProcessor
[THYMELEAF]             * [* {th:oncanplaythrough,data-th-oncanplaythrough}] [1000]: org.thymeleaf.standard.processor.StandardDOMEventAttributeTagProcessor
[THYMELEAF]             * [* {th:onmessage,data-th-onmessage}] [1000]: org.thymeleaf.standard.processor.StandardDOMEventAttributeTagProcessor
[THYMELEAF]             * [* {th:onafterprint,data-th-onafterprint}] [1000]: org.thymeleaf.standard.processor.StandardDOMEventAttributeTagProcessor
[THYMELEAF]             * [* {th:onkeyup,data-th-onkeyup}] [1000]: org.thymeleaf.standard.processor.StandardDOMEventAttributeTagProcessor
[THYMELEAF]             * [* {th:onkeydown,data-th-onkeydown}] [1000]: org.thymeleaf.standard.processor.StandardDOMEventAttributeTagProcessor
[THYMELEAF]             * [* {th:ondragleave,data-th-ondragleave}] [1000]: org.thymeleaf.standard.processor.StandardDOMEventAttributeTagProcessor
[THYMELEAF]             * [* {th:oninvalid,data-th-oninvalid}] [1000]: org.thymeleaf.standard.processor.StandardDOMEventAttributeTagProcessor
[THYMELEAF]             * [* {th:onfocus,data-th-onfocus}] [1000]: org.thymeleaf.standard.processor.StandardDOMEventAttributeTagProcessor
[THYMELEAF]             * [* {th:ondurationchange,data-th-ondurationchange}] [1000]: org.thymeleaf.standard.processor.StandardDOMEventAttributeTagProcessor
[THYMELEAF]             * [* {th:onscroll,data-th-onscroll}] [1000]: org.thymeleaf.standard.processor.StandardDOMEventAttributeTagProcessor
[THYMELEAF]             * [* {th:onredo,data-th-onredo}] [1000]: org.thymeleaf.standard.processor.StandardDOMEventAttributeTagProcessor
[THYMELEAF]             * [* {th:ondrop,data-th-ondrop}] [1000]: org.thymeleaf.standard.processor.StandardDOMEventAttributeTagProcessor
[THYMELEAF]             * [* {th:onbeforeprint,data-th-onbeforeprint}] [1000]: org.thymeleaf.standard.processor.StandardDOMEventAttributeTagProcessor
[THYMELEAF]             * [* {th:onwaiting,data-th-onwaiting}] [1000]: org.thymeleaf.standard.processor.StandardDOMEventAttributeTagProcessor
[THYMELEAF]             * [* {th:ondragstart,data-th-ondragstart}] [1000]: org.thymeleaf.standard.processor.StandardDOMEventAttributeTagProcessor
[THYMELEAF]             * [* {th:ontimeupdate,data-th-ontimeupdate}] [1000]: org.thymeleaf.standard.processor.StandardDOMEventAttributeTagProcessor
[THYMELEAF]             * [* {th:onclick,data-th-onclick}] [1000]: org.thymeleaf.standard.processor.StandardDOMEventAttributeTagProcessor
[THYMELEAF]             * [* {th:onundo,data-th-onundo}] [1000]: org.thymeleaf.standard.processor.StandardDOMEventAttributeTagProcessor
[THYMELEAF]             * [* {th:onloadedmetadata,data-th-onloadedmetadata}] [1000]: org.thymeleaf.standard.processor.StandardDOMEventAttributeTagProcessor
[THYMELEAF]             * [* {th:onsubmit,data-th-onsubmit}] [1000]: org.thymeleaf.standard.processor.StandardDOMEventAttributeTagProcessor
[THYMELEAF]             * [* {th:onmouseup,data-th-onmouseup}] [1000]: org.thymeleaf.standard.processor.StandardDOMEventAttributeTagProcessor
[THYMELEAF]             * [* {th:onresize,data-th-onresize}] [1000]: org.thymeleaf.standard.processor.StandardDOMEventAttributeTagProcessor
[THYMELEAF]             * [* {th:onformchange,data-th-onformchange}] [1000]: org.thymeleaf.standard.processor.StandardDOMEventAttributeTagProcessor
[THYMELEAF]             * [* {th:onpopstate,data-th-onpopstate}] [1000]: org.thymeleaf.standard.processor.StandardDOMEventAttributeTagProcessor
[THYMELEAF]             * [* {th:onunload,data-th-onunload}] [1000]: org.thymeleaf.standard.processor.StandardDOMEventAttributeTagProcessor
[THYMELEAF]             * [* {th:onshow,data-th-onshow}] [1000]: org.thymeleaf.standard.processor.StandardDOMEventAttributeTagProcessor
[THYMELEAF]             * [* {th:onload,data-th-onload}] [1000]: org.thymeleaf.standard.processor.StandardDOMEventAttributeTagProcessor
[THYMELEAF]             * [* {th:onseeked,data-th-onseeked}] [1000]: org.thymeleaf.standard.processor.StandardDOMEventAttributeTagProcessor
[THYMELEAF]             * [* {th:onseeking,data-th-onseeking}] [1000]: org.thymeleaf.standard.processor.StandardDOMEventAttributeTagProcessor
[THYMELEAF]             * [* {th:onchange,data-th-onchange}] [1000]: org.thymeleaf.standard.processor.StandardDOMEventAttributeTagProcessor
[THYMELEAF]             * [* {th:ondragend,data-th-ondragend}] [1000]: org.thymeleaf.standard.processor.StandardDOMEventAttributeTagProcessor
[THYMELEAF]             * [* {th:onreadystatechange,data-th-onreadystatechange}] [1000]: org.thymeleaf.standard.processor.StandardDOMEventAttributeTagProcessor
[THYMELEAF]             * [* {th:onplaying,data-th-onplaying}] [1000]: org.thymeleaf.standard.processor.StandardDOMEventAttributeTagProcessor
[THYMELEAF]             * [* {th:onsuspend,data-th-onsuspend}] [1000]: org.thymeleaf.standard.processor.StandardDOMEventAttributeTagProcessor
[THYMELEAF]             * [* {th:onabort,data-th-onabort}] [1000]: org.thymeleaf.standard.processor.StandardDOMEventAttributeTagProcessor
[THYMELEAF]             * [* {th:onstorage,data-th-onstorage}] [1000]: org.thymeleaf.standard.processor.StandardDOMEventAttributeTagProcessor
[THYMELEAF]             * [* {th:onerror,data-th-onerror}] [1000]: org.thymeleaf.standard.processor.StandardDOMEventAttributeTagProcessor
[THYMELEAF]             * [* {th:onloadeddata,data-th-onloadeddata}] [1000]: org.thymeleaf.standard.processor.StandardDOMEventAttributeTagProcessor
[THYMELEAF]             * [* {th:onloadstart,data-th-onloadstart}] [1000]: org.thymeleaf.standard.processor.StandardDOMEventAttributeTagProcessor
[THYMELEAF]             * [* {th:onemptied,data-th-onemptied}] [1000]: org.thymeleaf.standard.processor.StandardDOMEventAttributeTagProcessor
[THYMELEAF]             * [* {th:onreset,data-th-onreset}] [1000]: org.thymeleaf.standard.processor.StandardDOMEventAttributeTagProcessor
[THYMELEAF]             * [* {th:href,data-th-href}] [1000]: org.thymeleaf.standard.processor.StandardHrefTagProcessor
[THYMELEAF]             * [* {th:inline,data-th-inline}] [1000]: org.thymeleaf.standard.processor.StandardInlineHTMLTagProcessor
[THYMELEAF]             * [* {th:method,data-th-method}] [1000]: org.thymeleaf.standard.processor.StandardMethodTagProcessor
[THYMELEAF]             * [* {th:name,data-th-name}] [1000]: org.thymeleaf.standard.processor.StandardNonRemovableAttributeTagProcessor
[THYMELEAF]             * [* {th:type,data-th-type}] [1000]: org.thymeleaf.standard.processor.StandardNonRemovableAttributeTagProcessor
[THYMELEAF]             * [* {th:title,data-th-title}] [1000]: org.thymeleaf.standard.processor.StandardRemovableAttributeTagProcessor
[THYMELEAF]             * [* {th:radiogroup,data-th-radiogroup}] [1000]: org.thymeleaf.standard.processor.StandardRemovableAttributeTagProcessor
[THYMELEAF]             * [* {th:scope,data-th-scope}] [1000]: org.thymeleaf.standard.processor.StandardRemovableAttributeTagProcessor
[THYMELEAF]             * [* {th:compact,data-th-compact}] [1000]: org.thymeleaf.standard.processor.StandardRemovableAttributeTagProcessor
[THYMELEAF]             * [* {th:formtarget,data-th-formtarget}] [1000]: org.thymeleaf.standard.processor.StandardRemovableAttributeTagProcessor
[THYMELEAF]             * [* {th:pattern,data-th-pattern}] [1000]: org.thymeleaf.standard.processor.StandardRemovableAttributeTagProcessor
[THYMELEAF]             * [* {th:vspace,data-th-vspace}] [1000]: org.thymeleaf.standard.processor.StandardRemovableAttributeTagProcessor
[THYMELEAF]             * [* {th:placeholder,data-th-placeholder}] [1000]: org.thymeleaf.standard.processor.StandardRemovableAttributeTagProcessor
[THYMELEAF]             * [* {th:rows,data-th-rows}] [1000]: org.thymeleaf.standard.processor.StandardRemovableAttributeTagProcessor
[THYMELEAF]             * [* {th:spellcheck,data-th-spellcheck}] [1000]: org.thymeleaf.standard.processor.StandardRemovableAttributeTagProcessor
[THYMELEAF]             * [* {th:enctype,data-th-enctype}] [1000]: org.thymeleaf.standard.processor.StandardRemovableAttributeTagProcessor
[THYMELEAF]             * [* {th:datetime,data-th-datetime}] [1000]: org.thymeleaf.standard.processor.StandardRemovableAttributeTagProcessor
[THYMELEAF]             * [* {th:frameborder,data-th-frameborder}] [1000]: org.thymeleaf.standard.processor.StandardRemovableAttributeTagProcessor
[THYMELEAF]             * [* {th:charset,data-th-charset}] [1000]: org.thymeleaf.standard.processor.StandardRemovableAttributeTagProcessor
[THYMELEAF]             * [* {th:preload,data-th-preload}] [1000]: org.thymeleaf.standard.processor.StandardRemovableAttributeTagProcessor
[THYMELEAF]             * [* {th:accesskey,data-th-accesskey}] [1000]: org.thymeleaf.standard.processor.StandardRemovableAttributeTagProcessor
[THYMELEAF]             * [* {th:alt,data-th-alt}] [1000]: org.thymeleaf.standard.processor.StandardRemovableAttributeTagProcessor
[THYMELEAF]             * [* {th:max,data-th-max}] [1000]: org.thymeleaf.standard.processor.StandardRemovableAttributeTagProcessor
[THYMELEAF]             * [* {th:abbr,data-th-abbr}] [1000]: org.thymeleaf.standard.processor.StandardRemovableAttributeTagProcessor
[THYMELEAF]             * [* {th:tabindex,data-th-tabindex}] [1000]: org.thymeleaf.standard.processor.StandardRemovableAttributeTagProcessor
[THYMELEAF]             * [* {th:summary,data-th-summary}] [1000]: org.thymeleaf.standard.processor.StandardRemovableAttributeTagProcessor
[THYMELEAF]             * [* {th:contenteditable,data-th-contenteditable}] [1000]: org.thymeleaf.standard.processor.StandardRemovableAttributeTagProcessor
[THYMELEAF]             * [* {th:form,data-th-form}] [1000]: org.thymeleaf.standard.processor.StandardRemovableAttributeTagProcessor
[THYMELEAF]             * [* {th:rules,data-th-rules}] [1000]: org.thymeleaf.standard.processor.StandardRemovableAttributeTagProcessor
[THYMELEAF]             * [* {th:accept,data-th-accept}] [1000]: org.thymeleaf.standard.processor.StandardRemovableAttributeTagProcessor
[THYMELEAF]             * [* {th:classid,data-th-classid}] [1000]: org.thymeleaf.standard.processor.StandardRemovableAttributeTagProcessor
[THYMELEAF]             * [* {th:axis,data-th-axis}] [1000]: org.thymeleaf.standard.processor.StandardRemovableAttributeTagProcessor
[THYMELEAF]             * [* {th:codebase,data-th-codebase}] [1000]: org.thymeleaf.standard.processor.StandardRemovableAttributeTagProcessor
[THYMELEAF]             * [* {th:challenge,data-th-challenge}] [1000]: org.thymeleaf.standard.processor.StandardRemovableAttributeTagProcessor
[THYMELEAF]             * [* {th:style,data-th-style}] [1000]: org.thymeleaf.standard.processor.StandardRemovableAttributeTagProcessor
[THYMELEAF]             * [* {th:scrolling,data-th-scrolling}] [1000]: org.thymeleaf.standard.processor.StandardRemovableAttributeTagProcessor
[THYMELEAF]             * [* {th:high,data-th-high}] [1000]: org.thymeleaf.standard.processor.StandardRemovableAttributeTagProcessor
[THYMELEAF]             * [* {th:icon,data-th-icon}] [1000]: org.thymeleaf.standard.processor.StandardRemovableAttributeTagProcessor
[THYMELEAF]             * [* {th:cellpadding,data-th-cellpadding}] [1000]: org.thymeleaf.standard.processor.StandardRemovableAttributeTagProcessor
[THYMELEAF]             * [* {th:size,data-th-size}] [1000]: org.thymeleaf.standard.processor.StandardRemovableAttributeTagProcessor
[THYMELEAF]             * [* {th:label,data-th-label}] [1000]: org.thymeleaf.standard.processor.StandardRemovableAttributeTagProcessor
[THYMELEAF]             * [* {th:marginwidth,data-th-marginwidth}] [1000]: org.thymeleaf.standard.processor.StandardRemovableAttributeTagProcessor
[THYMELEAF]             * [* {th:formaction,data-th-formaction}] [1000]: org.thymeleaf.standard.processor.StandardRemovableAttributeTagProcessor
[THYMELEAF]             * [* {th:cols,data-th-cols}] [1000]: org.thymeleaf.standard.processor.StandardRemovableAttributeTagProcessor
[THYMELEAF]             * [* {th:standby,data-th-standby}] [1000]: org.thymeleaf.standard.processor.StandardRemovableAttributeTagProcessor
[THYMELEAF]             * [* {th:list,data-th-list}] [1000]: org.thymeleaf.standard.processor.StandardRemovableAttributeTagProcessor
[THYMELEAF]             * [* {th:sandbox,data-th-sandbox}] [1000]: org.thymeleaf.standard.processor.StandardRemovableAttributeTagProcessor
[THYMELEAF]             * [* {th:valuetype,data-th-valuetype}] [1000]: org.thymeleaf.standard.processor.StandardRemovableAttributeTagProcessor
[THYMELEAF]             * [* {th:min,data-th-min}] [1000]: org.thymeleaf.standard.processor.StandardRemovableAttributeTagProcessor
[THYMELEAF]             * [* {th:hreflang,data-th-hreflang}] [1000]: org.thymeleaf.standard.processor.StandardRemovableAttributeTagProcessor
[THYMELEAF]             * [* {th:longdesc,data-th-longdesc}] [1000]: org.thymeleaf.standard.processor.StandardRemovableAttributeTagProcessor
[THYMELEAF]             * [* {th:lang,data-th-lang}] [1000]: org.thymeleaf.standard.processor.StandardRemovableAttributeTagProcessor
[THYMELEAF]             * [* {th:formmethod,data-th-formmethod}] [1000]: org.thymeleaf.standard.processor.StandardRemovableAttributeTagProcessor
[THYMELEAF]             * [* {th:cellspacing,data-th-cellspacing}] [1000]: org.thymeleaf.standard.processor.StandardRemovableAttributeTagProcessor
[THYMELEAF]             * [* {th:colspan,data-th-colspan}] [1000]: org.thymeleaf.standard.processor.StandardRemovableAttributeTagProcessor
[THYMELEAF]             * [* {th:usemap,data-th-usemap}] [1000]: org.thymeleaf.standard.processor.StandardRemovableAttributeTagProcessor
[THYMELEAF]             * [* {th:for,data-th-for}] [1000]: org.thymeleaf.standard.processor.StandardRemovableAttributeTagProcessor
[THYMELEAF]             * [* {th:align,data-th-align}] [1000]: org.thymeleaf.standard.processor.StandardRemovableAttributeTagProcessor
[THYMELEAF]             * [* {th:start,data-th-start}] [1000]: org.thymeleaf.standard.processor.StandardRemovableAttributeTagProcessor
[THYMELEAF]             * [* {th:manifest,data-th-manifest}] [1000]: org.thymeleaf.standard.processor.StandardRemovableAttributeTagProcessor
[THYMELEAF]             * [* {th:formenctype,data-th-formenctype}] [1000]: org.thymeleaf.standard.processor.StandardRemovableAttributeTagProcessor
[THYMELEAF]             * [* {th:optimum,data-th-optimum}] [1000]: org.thymeleaf.standard.processor.StandardRemovableAttributeTagProcessor
[THYMELEAF]             * [* {th:rev,data-th-rev}] [1000]: org.thymeleaf.standard.processor.StandardRemovableAttributeTagProcessor
[THYMELEAF]             * [* {th:low,data-th-low}] [1000]: org.thymeleaf.standard.processor.StandardRemovableAttributeTagProcessor
[THYMELEAF]             * [* {th:sizes,data-th-sizes}] [1000]: org.thymeleaf.standard.processor.StandardRemovableAttributeTagProcessor
[THYMELEAF]             * [* {th:maxlength,data-th-maxlength}] [1000]: org.thymeleaf.standard.processor.StandardRemovableAttributeTagProcessor
[THYMELEAF]             * [* {th:kind,data-th-kind}] [1000]: org.thymeleaf.standard.processor.StandardRemovableAttributeTagProcessor
[THYMELEAF]             * [* {th:class,data-th-class}] [1000]: org.thymeleaf.standard.processor.StandardRemovableAttributeTagProcessor
[THYMELEAF]             * [* {th:codetype,data-th-codetype}] [1000]: org.thymeleaf.standard.processor.StandardRemovableAttributeTagProcessor
[THYMELEAF]             * [* {th:width,data-th-width}] [1000]: org.thymeleaf.standard.processor.StandardRemovableAttributeTagProcessor
[THYMELEAF]             * [* {th:keytype,data-th-keytype}] [1000]: org.thymeleaf.standard.processor.StandardRemovableAttributeTagProcessor
[THYMELEAF]             * [* {th:contextmenu,data-th-contextmenu}] [1000]: org.thymeleaf.standard.processor.StandardRemovableAttributeTagProcessor
[THYMELEAF]             * [* {th:rel,data-th-rel}] [1000]: org.thymeleaf.standard.processor.StandardRemovableAttributeTagProcessor
[THYMELEAF]             * [* {th:content,data-th-content}] [1000]: org.thymeleaf.standard.processor.StandardRemovableAttributeTagProcessor
[THYMELEAF]             * [* {th:bgcolor,data-th-bgcolor}] [1000]: org.thymeleaf.standard.processor.StandardRemovableAttributeTagProcessor
[THYMELEAF]             * [* {th:background,data-th-background}] [1000]: org.thymeleaf.standard.processor.StandardRemovableAttributeTagProcessor
[THYMELEAF]             * [* {th:srclang,data-th-srclang}] [1000]: org.thymeleaf.standard.processor.StandardRemovableAttributeTagProcessor
[THYMELEAF]             * [* {th:poster,data-th-poster}] [1000]: org.thymeleaf.standard.processor.StandardRemovableAttributeTagProcessor
[THYMELEAF]             * [* {th:wrap,data-th-wrap}] [1000]: org.thymeleaf.standard.processor.StandardRemovableAttributeTagProcessor
[THYMELEAF]             * [* {th:step,data-th-step}] [1000]: org.thymeleaf.standard.processor.StandardRemovableAttributeTagProcessor
[THYMELEAF]             * [* {th:scheme,data-th-scheme}] [1000]: org.thymeleaf.standard.processor.StandardRemovableAttributeTagProcessor
[THYMELEAF]             * [* {th:archive,data-th-archive}] [1000]: org.thymeleaf.standard.processor.StandardRemovableAttributeTagProcessor
[THYMELEAF]             * [* {th:cite,data-th-cite}] [1000]: org.thymeleaf.standard.processor.StandardRemovableAttributeTagProcessor
[THYMELEAF]             * [* {th:frame,data-th-frame}] [1000]: org.thymeleaf.standard.processor.StandardRemovableAttributeTagProcessor
[THYMELEAF]             * [* {th:http-equiv,data-th-http-equiv}] [1000]: org.thymeleaf.standard.processor.StandardRemovableAttributeTagProcessor
[THYMELEAF]             * [* {th:marginheight,data-th-marginheight}] [1000]: org.thymeleaf.standard.processor.StandardRemovableAttributeTagProcessor
[THYMELEAF]             * [* {th:rowspan,data-th-rowspan}] [1000]: org.thymeleaf.standard.processor.StandardRemovableAttributeTagProcessor
[THYMELEAF]             * [* {th:dropzone,data-th-dropzone}] [1000]: org.thymeleaf.standard.processor.StandardRemovableAttributeTagProcessor
[THYMELEAF]             * [* {th:target,data-th-target}] [1000]: org.thymeleaf.standard.processor.StandardRemovableAttributeTagProcessor
[THYMELEAF]             * [* {th:audio,data-th-audio}] [1000]: org.thymeleaf.standard.processor.StandardRemovableAttributeTagProcessor
[THYMELEAF]             * [* {th:span,data-th-span}] [1000]: org.thymeleaf.standard.processor.StandardRemovableAttributeTagProcessor
[THYMELEAF]             * [* {th:id,data-th-id}] [1000]: org.thymeleaf.standard.processor.StandardRemovableAttributeTagProcessor
[THYMELEAF]             * [* {th:dir,data-th-dir}] [1000]: org.thymeleaf.standard.processor.StandardRemovableAttributeTagProcessor
[THYMELEAF]             * [* {th:headers,data-th-headers}] [1000]: org.thymeleaf.standard.processor.StandardRemovableAttributeTagProcessor
[THYMELEAF]             * [* {th:data,data-th-data}] [1000]: org.thymeleaf.standard.processor.StandardRemovableAttributeTagProcessor
[THYMELEAF]             * [* {th:hspace,data-th-hspace}] [1000]: org.thymeleaf.standard.processor.StandardRemovableAttributeTagProcessor
[THYMELEAF]             * [* {th:autocomplete,data-th-autocomplete}] [1000]: org.thymeleaf.standard.processor.StandardRemovableAttributeTagProcessor
[THYMELEAF]             * [* {th:height,data-th-height}] [1000]: org.thymeleaf.standard.processor.StandardRemovableAttributeTagProcessor
[THYMELEAF]             * [* {th:media,data-th-media}] [1000]: org.thymeleaf.standard.processor.StandardRemovableAttributeTagProcessor
[THYMELEAF]             * [* {th:draggable,data-th-draggable}] [1000]: org.thymeleaf.standard.processor.StandardRemovableAttributeTagProcessor
[THYMELEAF]             * [* {th:border,data-th-border}] [1000]: org.thymeleaf.standard.processor.StandardRemovableAttributeTagProcessor
[THYMELEAF]             * [* {th:accept-charset,data-th-accept-charset}] [1000]: org.thymeleaf.standard.processor.StandardRemovableAttributeTagProcessor
[THYMELEAF]             * [* {th:src,data-th-src}] [1000]: org.thymeleaf.standard.processor.StandardSrcTagProcessor
[THYMELEAF]             * [* {th:value,data-th-value}] [1000]: org.thymeleaf.standard.processor.StandardValueTagProcessor
[THYMELEAF]             * [* {th:xmlbase,data-th-xmlbase}] [1000]: org.thymeleaf.standard.processor.StandardXmlBaseTagProcessor
[THYMELEAF]             * [* {th:xmllang,data-th-xmllang}] [1000]: org.thymeleaf.standard.processor.StandardXmlLangTagProcessor
[THYMELEAF]             * [* {xmlns:th}] [1000]: org.thymeleaf.standard.processor.StandardXmlNsTagProcessor
[THYMELEAF]             * [* {th:xmlspace,data-th-xmlspace}] [1000]: org.thymeleaf.standard.processor.StandardXmlSpaceTagProcessor
[THYMELEAF]             * [* {th:classappend,data-th-classappend}] [1100]: org.thymeleaf.standard.processor.StandardClassappendTagProcessor
[THYMELEAF]             * [* {th:styleappend,data-th-styleappend}] [1100]: org.thymeleaf.standard.processor.StandardStyleappendTagProcessor
[THYMELEAF]             * [* {th:text,data-th-text}] [1300]: org.thymeleaf.standard.processor.StandardTextTagProcessor
[THYMELEAF]             * [* {th:utext,data-th-utext}] [1400]: org.thymeleaf.standard.processor.StandardUtextTagProcessor
[THYMELEAF]             * [* {th:fragment,data-th-fragment}] [1500]: org.thymeleaf.standard.processor.StandardFragmentTagProcessor
[THYMELEAF]             * [* {th:assert,data-th-assert}] [1550]: org.thymeleaf.standard.processor.StandardAssertTagProcessor
[THYMELEAF]             * [* {th:remove,data-th-remove}] [1600]: org.thymeleaf.standard.processor.StandardRemoveTagProcessor
[THYMELEAF]             * [* {th:ref,data-th-ref}] [10000]: org.thymeleaf.standard.processor.StandardRefAttributeTagProcessor
[THYMELEAF]             * [{th:block,th-block} *] [100000]: org.thymeleaf.standard.processor.StandardBlockTagProcessor
[THYMELEAF]             * [* th:*] [2147483647]: org.thymeleaf.standard.processor.StandardDefaultAttributesTagProcessor
[THYMELEAF]         * Text Processors by [precedence]:
[THYMELEAF]             * [1000]: org.thymeleaf.standard.processor.StandardInliningTextProcessor
[THYMELEAF]         * DOCTYPE Processors by [precedence]:
[THYMELEAF]             * [1000]: org.thymeleaf.standard.processor.StandardTranslationDocTypeProcessor
[THYMELEAF]         * CDATA Section Processors by [precedence]:
[THYMELEAF]             * [1000]: org.thymeleaf.standard.processor.StandardInliningCDATASectionProcessor
[THYMELEAF]         * Comment Processors by [precedence]:
[THYMELEAF]             * [1000]: org.thymeleaf.standard.processor.StandardInliningCommentProcessor
[THYMELEAF]             * [1100]: org.thymeleaf.standard.processor.StandardConditionalCommentProcessor
[THYMELEAF]     * Processors for Template Mode: XML
[THYMELEAF]         * Element Tag Processors by [matching element and attribute name] [precedence]:
[THYMELEAF]             * [* {th:include}] [100]: org.thymeleaf.standard.processor.StandardIncludeTagProcessor
[THYMELEAF]             * [* {th:insert}] [100]: org.thymeleaf.standard.processor.StandardInsertTagProcessor
[THYMELEAF]             * [* {th:replace}] [100]: org.thymeleaf.standard.processor.StandardReplaceTagProcessor
[THYMELEAF]             * [* {th:each}] [200]: com.intuit.karate.template.KarateEachTagProcessor
[THYMELEAF]             * [* {th:switch}] [250]: org.thymeleaf.standard.processor.StandardSwitchTagProcessor
[THYMELEAF]             * [* {th:case}] [275]: org.thymeleaf.standard.processor.StandardCaseTagProcessor
[THYMELEAF]             * [* {th:if}] [300]: org.thymeleaf.standard.processor.StandardIfTagProcessor
[THYMELEAF]             * [* {th:unless}] [400]: org.thymeleaf.standard.processor.StandardUnlessTagProcessor
[THYMELEAF]             * [* {th:object}] [500]: org.thymeleaf.standard.processor.StandardObjectTagProcessor
[THYMELEAF]             * [* {th:with}] [600]: com.intuit.karate.template.KarateWithTagProcessor
[THYMELEAF]             * [* {th:attr}] [700]: com.intuit.karate.template.KarateAttributeTagProcessor.KarateAttrTagProcessor
[THYMELEAF]             * [* {th:attrappend}] [900]: com.intuit.karate.template.KarateAttributeTagProcessor.KarateAttrappendTagProcessor
[THYMELEAF]             * [* {th:attrprepend}] [900]: com.intuit.karate.template.KarateAttributeTagProcessor.KarateAttrprependTagProcessor
[THYMELEAF]             * [* {th:inline}] [1000]: org.thymeleaf.standard.processor.StandardInlineXMLTagProcessor
[THYMELEAF]             * [* {xmlns:th}] [1000]: org.thymeleaf.standard.processor.StandardXmlNsTagProcessor
[THYMELEAF]             * [* {th:text}] [1300]: org.thymeleaf.standard.processor.StandardTextTagProcessor
[THYMELEAF]             * [* {th:utext}] [1400]: org.thymeleaf.standard.processor.StandardUtextTagProcessor
[THYMELEAF]             * [* {th:fragment}] [1500]: org.thymeleaf.standard.processor.StandardFragmentTagProcessor
[THYMELEAF]             * [* {th:assert}] [1550]: org.thymeleaf.standard.processor.StandardAssertTagProcessor
[THYMELEAF]             * [* {th:remove}] [1600]: org.thymeleaf.standard.processor.StandardRemoveTagProcessor
[THYMELEAF]             * [* {th:ref}] [10000]: org.thymeleaf.standard.processor.StandardRefAttributeTagProcessor
[THYMELEAF]             * [{th:block} *] [100000]: org.thymeleaf.standard.processor.StandardBlockTagProcessor
[THYMELEAF]             * [* th:*] [2147483647]: org.thymeleaf.standard.processor.StandardDefaultAttributesTagProcessor
[THYMELEAF]         * Text Processors by [precedence]:
[THYMELEAF]             * [1000]: org.thymeleaf.standard.processor.StandardInliningTextProcessor
[THYMELEAF]         * CDATA Section Processors by [precedence]:
[THYMELEAF]             * [1000]: org.thymeleaf.standard.processor.StandardInliningCDATASectionProcessor
[THYMELEAF]         * Comment Processors by [precedence]:
[THYMELEAF]             * [1000]: org.thymeleaf.standard.processor.StandardInliningCommentProcessor
[THYMELEAF]     * Processors for Template Mode: TEXT
[THYMELEAF]         * Element Tag Processors by [matching element and attribute name] [precedence]:
[THYMELEAF]             * [* {th:insert}] [100]: org.thymeleaf.standard.processor.StandardInsertTagProcessor
[THYMELEAF]             * [* {th:replace}] [100]: org.thymeleaf.standard.processor.StandardReplaceTagProcessor
[THYMELEAF]             * [* {th:each}] [200]: com.intuit.karate.template.KarateEachTagProcessor
[THYMELEAF]             * [* {th:switch}] [250]: org.thymeleaf.standard.processor.StandardSwitchTagProcessor
[THYMELEAF]             * [* {th:case}] [275]: org.thymeleaf.standard.processor.StandardCaseTagProcessor
[THYMELEAF]             * [* {th:if}] [300]: org.thymeleaf.standard.processor.StandardIfTagProcessor
[THYMELEAF]             * [* {th:unless}] [400]: org.thymeleaf.standard.processor.StandardUnlessTagProcessor
[THYMELEAF]             * [* {th:object}] [500]: org.thymeleaf.standard.processor.StandardObjectTagProcessor
[THYMELEAF]             * [* {th:with}] [600]: com.intuit.karate.template.KarateWithTagProcessor
[THYMELEAF]             * [* {th:inline}] [1000]: org.thymeleaf.standard.processor.StandardInlineTextualTagProcessor
[THYMELEAF]             * [* {th:text}] [1300]: org.thymeleaf.standard.processor.StandardTextTagProcessor
[THYMELEAF]             * [* {th:utext}] [1400]: org.thymeleaf.standard.processor.StandardUtextTagProcessor
[THYMELEAF]             * [* {th:assert}] [1550]: org.thymeleaf.standard.processor.StandardAssertTagProcessor
[THYMELEAF]             * [* {th:remove}] [1600]: org.thymeleaf.standard.processor.StandardRemoveTagProcessor
[THYMELEAF]             * [{th:block} *] [100000]: org.thymeleaf.standard.processor.StandardBlockTagProcessor
[THYMELEAF]             * [* 100000] [org.thymeleaf.standard.processor.StandardBlockTagProcessor]: {}
[THYMELEAF]         * Text Processors by [precedence]:
[THYMELEAF]             * [1000]: org.thymeleaf.standard.processor.StandardInliningTextProcessor
[THYMELEAF]     * Processors for Template Mode: JAVASCRIPT
[THYMELEAF]         * Element Tag Processors by [matching element and attribute name] [precedence]:
[THYMELEAF]             * [* {th:insert}] [100]: org.thymeleaf.standard.processor.StandardInsertTagProcessor
[THYMELEAF]             * [* {th:replace}] [100]: org.thymeleaf.standard.processor.StandardReplaceTagProcessor
[THYMELEAF]             * [* {th:each}] [200]: com.intuit.karate.template.KarateEachTagProcessor
[THYMELEAF]             * [* {th:switch}] [250]: org.thymeleaf.standard.processor.StandardSwitchTagProcessor
[THYMELEAF]             * [* {th:case}] [275]: org.thymeleaf.standard.processor.StandardCaseTagProcessor
[THYMELEAF]             * [* {th:if}] [300]: org.thymeleaf.standard.processor.StandardIfTagProcessor
[THYMELEAF]             * [* {th:unless}] [400]: org.thymeleaf.standard.processor.StandardUnlessTagProcessor
[THYMELEAF]             * [* {th:object}] [500]: org.thymeleaf.standard.processor.StandardObjectTagProcessor
[THYMELEAF]             * [* {th:with}] [600]: com.intuit.karate.template.KarateWithTagProcessor
[THYMELEAF]             * [* {th:inline}] [1000]: org.thymeleaf.standard.processor.StandardInlineTextualTagProcessor
[THYMELEAF]             * [* {th:text}] [1300]: org.thymeleaf.standard.processor.StandardTextTagProcessor
[THYMELEAF]             * [* {th:utext}] [1400]: org.thymeleaf.standard.processor.StandardUtextTagProcessor
[THYMELEAF]             * [* {th:assert}] [1550]: org.thymeleaf.standard.processor.StandardAssertTagProcessor
[THYMELEAF]             * [* {th:remove}] [1600]: org.thymeleaf.standard.processor.StandardRemoveTagProcessor
[THYMELEAF]             * [* 100000] [org.thymeleaf.standard.processor.StandardBlockTagProcessor]: {}
[THYMELEAF]             * [{th:block} *] [100000]: org.thymeleaf.standard.processor.StandardBlockTagProcessor
[THYMELEAF]         * Text Processors by [precedence]:
[THYMELEAF]             * [1000]: org.thymeleaf.standard.processor.StandardInliningTextProcessor
[THYMELEAF]     * Processors for Template Mode: CSS
[THYMELEAF]         * Element Tag Processors by [matching element and attribute name] [precedence]:
[THYMELEAF]             * [* {th:insert}] [100]: org.thymeleaf.standard.processor.StandardInsertTagProcessor
[THYMELEAF]             * [* {th:replace}] [100]: org.thymeleaf.standard.processor.StandardReplaceTagProcessor
[THYMELEAF]             * [* {th:each}] [200]: com.intuit.karate.template.KarateEachTagProcessor
[THYMELEAF]             * [* {th:switch}] [250]: org.thymeleaf.standard.processor.StandardSwitchTagProcessor
[THYMELEAF]             * [* {th:case}] [275]: org.thymeleaf.standard.processor.StandardCaseTagProcessor
[THYMELEAF]             * [* {th:if}] [300]: org.thymeleaf.standard.processor.StandardIfTagProcessor
[THYMELEAF]             * [* {th:unless}] [400]: org.thymeleaf.standard.processor.StandardUnlessTagProcessor
[THYMELEAF]             * [* {th:object}] [500]: org.thymeleaf.standard.processor.StandardObjectTagProcessor
[THYMELEAF]             * [* {th:with}] [600]: com.intuit.karate.template.KarateWithTagProcessor
[THYMELEAF]             * [* {th:inline}] [1000]: org.thymeleaf.standard.processor.StandardInlineTextualTagProcessor
[THYMELEAF]             * [* {th:text}] [1300]: org.thymeleaf.standard.processor.StandardTextTagProcessor
[THYMELEAF]             * [* {th:utext}] [1400]: org.thymeleaf.standard.processor.StandardUtextTagProcessor
[THYMELEAF]             * [* {th:assert}] [1550]: org.thymeleaf.standard.processor.StandardAssertTagProcessor
[THYMELEAF]             * [* {th:remove}] [1600]: org.thymeleaf.standard.processor.StandardRemoveTagProcessor
[THYMELEAF]             * [{th:block} *] [100000]: org.thymeleaf.standard.processor.StandardBlockTagProcessor
[THYMELEAF]             * [* 100000] [org.thymeleaf.standard.processor.StandardBlockTagProcessor]: {}
[THYMELEAF]         * Text Processors by [precedence]:
[THYMELEAF]             * [1000]: org.thymeleaf.standard.processor.StandardInliningTextProcessor
[THYMELEAF]     * Expression Objects:
[THYMELEAF]         * #ctx
[THYMELEAF]         * #root
[THYMELEAF]         * #vars
[THYMELEAF]         * #object
[THYMELEAF]         * #locale
[THYMELEAF]         * #conversions
[THYMELEAF]         * #uris
[THYMELEAF]         * #temporals
[THYMELEAF]         * #calendars
[THYMELEAF]         * #dates
[THYMELEAF]         * #bools
[THYMELEAF]         * #numbers
[THYMELEAF]         * #objects
[THYMELEAF]         * #strings
[THYMELEAF]         * #arrays
[THYMELEAF]         * #lists
[THYMELEAF]         * #sets
[THYMELEAF]         * #maps
[THYMELEAF]         * #aggregates
[THYMELEAF]         * #messages
[THYMELEAF]         * #ids
[THYMELEAF]         * #execInfo
[THYMELEAF]         * #request
[THYMELEAF]         * #response
[THYMELEAF]         * #session
[THYMELEAF]         * #servletContext
[THYMELEAF]     * Execution Attributes:
[THYMELEAF]         * "StandardExpressionParser": com.intuit.karate.template.KarateStandardDialect@58021c3c
[THYMELEAF]         * "StandardJavaScriptSerializer": org.thymeleaf.standard.serializer.StandardJavaScriptSerializer@1a06602f
[THYMELEAF]         * "StandardCSSSerializer": org.thymeleaf.standard.serializer.StandardCSSSerializer@46591e98
[THYMELEAF]         * "StandardVariableExpressionEvaluator": com.intuit.karate.template.KarateStandardDialect@58021c3c
[THYMELEAF]         * "StandardConversionService": org.thymeleaf.standard.expression.StandardConversionService@5b6cc344
[THYMELEAF] * Dialect [2 of 2]: karate (com.intuit.karate.template.KarateScriptDialect)
[THYMELEAF]     * Prefix: "ka"
[THYMELEAF]     * Processors for Template Mode: HTML
[THYMELEAF]         * Element Tag Processors by [matching element and attribute name] [precedence]:
[THYMELEAF]             * [* {src}] [1000]: com.intuit.karate.template.KaScriptAttrProcessor
[THYMELEAF]         * Element Model Processors by [matching element and attribute name] [precedence]:
[THYMELEAF]             * [{script} {ka:scope,data-ka-scope}] [1000]: com.intuit.karate.template.KaScriptElemProcessor
[THYMELEAF]             * [* {ka:set,data-ka-set}] [1000]: com.intuit.karate.template.KaSetElemProcessor
[THYMELEAF] TEMPLATE ENGINE CONFIGURED OK
12:54:23.906 [main] DEBUG org.thymeleaf.TemplateEngine -- [THYMELEAF] TEMPLATE ENGINE INITIALIZED

HTML report: (paste into browser to view) | Karate version: 1.4.1
file:///C:/Users/HarshvardhanNigaveka/OneDrive%20-%20Academian%20India%20Private%20Limited/Desktop/GitHubActions/karateUI/UI_Automation_Project/target/karate-reports/karate-summary.html
===================================================================

]]></system-out>
  </testcase>
</testsuite>